b a a k ɔ ɔ
k ɔ ɔ e e
k ɔ ɔ k o
k ɔ ɔ e e
k ɔ ɔ
k ɔ ɔ
k ɔ ɔ e e
k ɔ ɔ
ŋ k ɔ ɔ
b a a j o o
j o o e e
j o o k o
j o o e e
j o o
j o o
j o o e e
j o o
ŋ j o o
b a a k o t a
k o t a e e
k o t a k o
k o t a e e
k o t a
k o t a
k o t a e e
k o t a
ŋ k o t a
b a a w i e
w i e e e
w i e k o
w i e e e
w i e
w i e
w i e e e
w i e
ŋ w i e
b a a k ɔ
k ɔ e e
k ɔ k o
k ɔ e e
k ɔ
k ɔ
k ɔ e e
k ɔ
ŋ k ɔ
b a a t s ɛ m ɔ
t s ɛ m ɔ e e
t s ɛ m ɔ k o
t s ɛ m ɔ e e
t s ɛ m ɔ
t s ɛ m ɔ
t s ɛ m ɔ e e
t s ɛ m ɔ
ŋ t s ɛ m ɔ
b a a ŋ a
ŋ a e e
ŋ a k o
ŋ a e e
ŋ a
ŋ a
ŋ a e e
ŋ a
ŋ ŋ a
b a a k p ɛ t ɛ
k p ɛ t ɛ e e
k p ɛ t ɛ k o
k p ɛ t ɛ e e
k p ɛ t ɛ
k p ɛ t ɛ
k p ɛ t ɛ e e
k p ɛ t ɛ
ŋ k p ɛ t ɛ
b a a t s i n e
t s i n e e e
t s i n e k o
t s i n e e e
t s i n e
t s i n e
t s i n e e e
t s i n e
ŋ t s i n e
b a a n y i ɛ
n y i ɛ e e
n y i ɛ k o
n y i ɛ e e
n y i ɛ
n y i ɛ
n y i ɛ e e
n y i ɛ
ŋ n y i ɛ
b a a ŋ m a a
ŋ m a a e e
ŋ m a a k o
ŋ m a a e e
ŋ m a a
ŋ m a a
ŋ m a a e e
ŋ m a a
ŋ ŋ m a a
b a a t a w ɔ
t a w ɔ e e
t a w ɔ k o
t a w ɔ e e
t a w ɔ
t a w ɔ
t a w ɔ e e
t a w ɔ
ŋ t a w ɔ
b a a f ɔ
f ɔ e e
f ɔ k o
f ɔ e e
f ɔ
f ɔ
f ɔ e e
f ɔ
ŋ f ɔ
b a a w o s o
w o s o e e
w o s o k o
w o s o e e
w o s o
w o s o
w o s o e e
w o s o
ŋ w o s o
b a a w o
w o e e
w o k o
w o e e
w o
w o
w o e e
w o
ŋ w o
b a a j u
j u e e
j u k o
j u e e
j u
j u
j u e e
j u
ŋ j u
b a a g b l ɛ
g b l ɛ e e
g b l ɛ k o
g b l ɛ e e
g b l ɛ
g b l ɛ
g b l ɛ e e
g b l ɛ
ŋ g b l ɛ
b a a k a i
k a i e e
k a i k o
k a i e e
k a i
k a i
k a i e e
k a i
ŋ k a i
b a a s h a m ɔ
s h a m ɔ e e
s h a m ɔ k o
s h a m ɔ e e
s h a m ɔ
s h a m ɔ
s h a m ɔ e e
s h a m ɔ
ŋ s h a m ɔ
b a a l a
l a e e
l a k o
l a e e
l a
l a
l a e e
l a
ŋ l a
b a a n u u
n u u e e
n u u k o
n u u e e
n u u
n u u
n u u e e
n u u
ŋ n u u
b a a h a
h a e e
h a k o
h a e e
h a
h a
h a e e
h a
ŋ h a
b a a f a a
f a a e e
f a a k o
f a a e e
f a a
f a a
f a a e e
f a a
ŋ f a a
b a a t s w a a
t s w a a e e
t s w a a k o
t s w a a e e
t s w a a
t s w a a
t s w a a e e
t s w a a
ŋ t s w a a
b a a ŋ m ɔ
ŋ m ɔ e e
ŋ m ɔ k o
ŋ m ɔ e e
ŋ m ɔ
ŋ m ɔ
ŋ m ɔ e e
ŋ m ɔ
ŋ ŋ m ɔ
b a a s h a
s h a e e
s h a k o
s h a e e
s h a
s h a
s h a e e
s h a
ŋ s h a
b a a w a
w a e e
w a k o
w a e e
w a
w a
w a e e
w a
ŋ w a
b a a g b i
g b i e e
g b i k o
g b i e e
g b i
g b i
g b i e e
g b i
ŋ g b i
b a a y e
y e e e
y e k o
y e e e
y e
y e
y e e e
y e
ŋ y e
b a a f o
f o e e
f o k o
f o e e
f o
f o
f o e e
f o
ŋ f o
b a a t s u
t s u e e
t s u k o
t s u e e
t s u
t s u
t s u e e
t s u
ŋ t s u
b a a n a
n a e e
n a k o
n a e e
n a
n a
n a e e
n a
ŋ n a
b a a d u
d u e e
d u k o
d u e e
d u
d u
d u e e
d u
ŋ d u
b a a l ɛ m ɔ
l ɛ m ɔ e e
l ɛ m ɔ k o
l ɛ m ɔ e e
l ɛ m ɔ
l ɛ m ɔ
l ɛ m ɔ e e
l ɛ m ɔ
ŋ l ɛ m ɔ
b a a k p a s a
k p a s a e e
k p a s a k o
k p a s a e e
k p a s a
k p a s a
k p a s a e e
k p a s a
ŋ k p a s a
b a a y ɛ
y ɛ e e
y ɛ k o
y ɛ e e
y ɛ
y ɛ
y ɛ e e
y ɛ
ŋ y ɛ
b a a t s ɔ ɔ
t s ɔ ɔ e e
t s ɔ ɔ k o
t s ɔ ɔ e e
t s ɔ ɔ
t s ɔ ɔ
t s ɔ ɔ e e
t s ɔ ɔ
ŋ t s ɔ ɔ
b a a w ɔ l ɔ m ɔ
w ɔ l ɔ m ɔ e e
w ɔ l ɔ m ɔ k o
w ɔ l ɔ m ɔ e e
w ɔ l ɔ m ɔ
w ɔ l ɔ m ɔ
w ɔ l ɔ m ɔ e e
w ɔ l ɔ m ɔ
ŋ w ɔ l ɔ m ɔ
b a a b o
b o e e
b o k o
b o e e
b o
b o
b o e e
b o
ŋ b o
b a a y a
y a e e
y a k o
y a e e
y a
y a
y a e e
y a
ŋ y a
b a a k a f o
k a f o e e
k a f o k o
k a f o e e
k a f o
k a f o
k a f o e e
k a f o
ŋ k a f o
b a a b ɛ ɛ
b ɛ ɛ e e
b ɛ ɛ k o
b ɛ ɛ e e
b ɛ ɛ
b ɛ ɛ
b ɛ ɛ e e
b ɛ ɛ
ŋ b ɛ ɛ
b a a d a
d a e e
d a k o
d a e e
d a
d a
d a e e
d a
ŋ d a
b a a g b o
g b o e e
g b o k o
g b o e e
g b o
g b o
g b o e e
g b o
ŋ g b o
b a a b a
b a e e
b a k o
b a e e
b a
b a
b a e e
b a
ŋ b a
b a a k a s e
k a s e e e
k a s e k o
k a s e e e
k a s e
k a s e
k a s e e e
k a s e
ŋ k a s e
b a a j a a
j a a e e
j a a k o
j a a e e
j a a
j a a
j a a e e
j a a
ŋ j a a
b a a b i
b i e e
b i k o
b i e e
b i
b i
b i e e
b i
ŋ b i
b a a g b l a
g b l a e e
g b l a k o
g b l a e e
g b l a
g b l a
g b l a e e
g b l a
ŋ g b l a
b a a j i e
j i e e e
j i e k o
j i e e e
j i e
j i e
j i e e e
j i e
ŋ j i e
b a a t u u
t u u e e
t u u k o
t u u e e
t u u
t u u
t u u e e
t u u
ŋ t u u
b a a d a a
d a a e e
d a a k o
d a a e e
d a a
d a a
d a a e e
d a a
ŋ d a a
b a a t e e
t e e e e
t e e k o
t e e e e
t e e
t e e
t e e e e
t e e
ŋ t e e
b a a t s ɛ
t s ɛ e e
t s ɛ k o
t s ɛ e e
t s ɛ
t s ɛ
t s ɛ e e
t s ɛ
ŋ t s ɛ
b a a h i
h i e e
h i k o
h i e e
h i
h i
h i e e
h i
ŋ h i
b a a k w ɛ
k w ɛ e e
k w ɛ k o
k w ɛ e e
k w ɛ
k w ɛ
k w ɛ e e
k w ɛ
ŋ k w ɛ
b a a k u
k u e e
k u k o
k u e e
k u
k u
k u e e
k u
ŋ k u
b a a w ɔ d ɔ i
w ɔ d ɔ i e e
w ɔ d ɔ i k o
w ɔ d ɔ i e e
w ɔ d ɔ i
w ɔ d ɔ i
w ɔ d ɔ i e e
w ɔ d ɔ i
ŋ w ɔ d ɔ i
b a a h ɔ ɔ
h ɔ ɔ e e
h ɔ ɔ k o
h ɔ ɔ e e
h ɔ ɔ
h ɔ ɔ
h ɔ ɔ e e
h ɔ ɔ
ŋ h ɔ ɔ
b a a b l ɛ
b l ɛ e e
b l ɛ k o
b l ɛ e e
b l ɛ
b l ɛ
b l ɛ e e
b l ɛ
ŋ b l ɛ
b a a d i k i
d i k i e e
d i k i k o
d i k i e e
d i k i
d i k i
d i k i e e
d i k i
ŋ d i k i
b a a s h w i s h w i a
s h w i s h w i a e e
s h w i s h w i a k o
s h w i s h w i a e e
s h w i s h w i a
s h w i s h w i a
s h w i s h w i a e e
s h w i s h w i a
ŋ s h w i s h w i a
b a a t s a
t s a e e
t s a k o
t s a e e
t s a
t s a
t s a e e
t s a
ŋ t s a
b a a s e l e
s e l e e e
s e l e k o
s e l e e e
s e l e
s e l e
s e l e e e
s e l e
ŋ s e l e
b a a t s w a
t s w a e e
t s w a k o
t s w a e e
t s w a
t s w a
t s w a e e
t s w a
ŋ t s w a
b a a ŋ m ɔ ɔ
ŋ m ɔ ɔ e e
ŋ m ɔ ɔ k o
ŋ m ɔ ɔ e e
ŋ m ɔ ɔ
ŋ m ɔ ɔ
ŋ m ɔ ɔ e e
ŋ m ɔ ɔ
ŋ ŋ m ɔ ɔ
a a d a a a j u a s e l
a k w y a k ŋ m ɔ ɔ s ɔ ɔ y a k o e e
b ɛ ɛ k k o
a a h i
i ɛ k ɛ ɛ e e
ŋ m ɔ k ŋ n a
ŋ k o a a n y k o
k w ɛ k a a j o k i e e a a t s
ŋ k a i b a a n e e
ɔ i e t ɛ k o
ŋ b a a h ŋ l a
ŋ s h b a a s w ɛ k e e
a a h e e
s e k o e e
ɛ ɛ k o f ɔ k o k o
ɛ ɛ e k w ɛ k a t s a e e
b o k a a y ŋ d a a a a d u e e
k o t a a b i e e
ŋ l ɛ m
y ɛ e w i s h
ŋ a s a e
ŋ g b l a a l ɛ m
a s a e ŋ d u a f a a e e
l a k o i a k o
l a e k o
ŋ t e
ŋ a k o o s t e e e e
w ɔ ŋ k p ɛ e e
w a a k a a g b e e
s h a e
a ŋ m ɔ l ɔ m ɔ i e
i e e y e e
j o o e t s w a
ŋ ŋ a k o w ɛ e e
a k u a m ɔ e a k ɔ e e
n a e e t u ɛ ɛ k k o
b a a a g b i a t s ɛ i s h w
y i h w i s ɛ m ɔ e e e
n a e e k a f ŋ h ɔ ŋ k p k o
a h d a k w o k o e e
k o h i k o a a d i
b a a w o k o ɔ ɔ k w i a k
e k o t s ɛ e a y a
s ɛ ɔ ɔ e e e l e k e e
e e k a a d a w ɔ e e e
b a a ɔ l s a k
ɔ k o g b i e
s w a e j o o e e e
ɛ k o a t e e e e
s i n
p ɛ t l ɛ m ɔ e e
l ɛ k j u e e
y a k o s a k ɔ e e e e
t s a k a k p ɛ
ŋ g b
a s a k a w i e j a a e a k o b l ɛ e m ɔ k o k o
a j a a n u u k
b a a w o k a m ɔ k m ɔ e
l ɛ e ŋ ŋ m a s e l k o
f ɔ e e ŋ j o e e
ŋ ŋ j w o e m ɔ k o
t e e e a j a a a b i
n a e g b o
a a ŋ w a a a e e e e
ŋ a e e
ŋ m ɔ ɔ e l e k
b a e e a a ŋ m k o
a s e l ŋ f a a
t s a k ɛ m ɔ e w o k o o t a e
b a a k a s e l e n e e
ŋ b ɛ w a ŋ m a a t u e e
ŋ t e a a n
w ɔ f o e e
ɔ m ɔ n u s w a k o t a a b a e e
y ɛ k ɔ k o h ɔ ɔ k k o
u u k
j i s h y ɛ e a ŋ m ɔ e e e
b a a ŋ ŋ m ɔ s ɔ ɔ k
ŋ h i e e
a j i w a a ŋ w ɔ l
k a i e a k p e e
ŋ g b o a a y ɛ
ŋ k p ɛ l ɛ k o a b l
t s i a d i k
s ɛ k o w o s k p ɛ e e
k ɔ e a t s u l a i s h w h i k ɔ l ɔ ŋ m ɔ k
b a a k i n y i ŋ t s w
b a a ŋ f a a
ŋ k p a p ɛ t
f ɔ e e a h i e e
ŋ a t a ŋ a e a a f ɔ
a ŋ a t ɔ ɔ k o ŋ w ɔ d
ŋ s ɔ ɔ e l ɛ k ŋ t s ɔ
a a d i ŋ l o k o
ɛ ɛ g b l a a a k o
n y i ɛ t s ɛ m e e
w o s ŋ w s u e ŋ h ɔ ɔ o k o
k i k a k u d u e e e
d a e ŋ l a
o e e f a a a i e e
b a a k o k u k o
a k a a a d e e
ŋ k ɔ ɔ
a i e ŋ a k e e
ŋ a w i a k ɛ ɛ e
h i e b a a w ɔ e
t a w t u ŋ d a a
ŋ ŋ ŋ l ɛ m k ɔ ɔ m ɔ
n u u a i k o f a a k k o
a s e l e e k ɔ ɔ
b a a a t s a
b a a a a b i b a k ŋ k p w a e e
a m a y a l t s ɛ e e e
h ɔ ɔ e ɔ d f a a k k o
a a n n u u k
ŋ t a w k w ɛ e
ŋ j o o e e k o e e
ŋ w ɔ l m ɔ ɔ a b a o k o
b a a f o e e t s a k
t u t s a e
i s h k w ɛ e ɛ m
l ɛ a t s w e e e
ɛ t ɛ e a a k u
k ɔ ɔ f a a k k o
ŋ h i k a a y k o t a
b a a f a a n a k s o e
w o s p a s a
ŋ j o o e
k p a ŋ m ɔ ɔ k o k ɔ ɔ s a e e a d i e l e e e e
s w a e b l ɛ k ŋ f t s a s e l e d ɔ i k e e
k p ɛ t a b l e e
a w ɔ j a a a k p n u
y e k g b i k k a i e e e
t s i
ɔ l ɔ m i n e ŋ y e e e
ŋ s e l e e t ɛ e e e e
ŋ a n a a g s ɛ
ŋ t u u e w ɔ k s h n e e
h ɔ ɔ e a y ɛ
n a s e k e e
t s w a s h a ŋ j o o e k o
b a a k s i n n a e e d i a l ɛ m e e
b a a ŋ d a a
ŋ b g b l a e e
ɔ ɔ e e ɛ ɛ e
h a a a h a ɔ e a t s ɔ e e
a n u t s ɛ e m a a k e e
ɔ k o f a a e e e
ŋ ɛ ɛ e e ŋ t ŋ b i
s h w ŋ t s
b l ɛ s w a k e e
b a a w ɛ k i a k ɔ k a w ɔ
ŋ w ɛ e
a t e s a e e a j u a f a ŋ a e a a j e e
e e k o b l a
a l ŋ s e l ŋ d i k
ŋ j ɛ m ɔ k e k o ŋ k a e e e
a a k ɔ f a a l ɛ m ɔ
a a l ɛ a d i k
y a e a s a e a a ŋ a e e
ŋ j o o ɛ ɛ e s ɔ ɔ k e e e
ŋ k a t e h a e e e
ŋ ŋ m t a e
a g ŋ w o s u u w ɛ k b ɛ ɛ e e e
b a a b i e ŋ ŋ m ɔ f ɔ e
e k ŋ k w ɛ f o e e
ŋ w o t s u e
ŋ b a w ŋ ŋ a e e
s ɛ m ɔ i a k
ŋ ɔ m ɔ a i k o
ɛ m ɔ k ɔ k s i e e
a s a k b ɛ ɛ e e
b a a h i e a d a a
k i k a a y a b l a e e e
ŋ l a s w a e e
h w i t s i e e
b a a ŋ w ɔ l
ŋ t s ɛ a t s k o
ŋ b l ɛ h ɔ ɔ s h w i e e
s h a n y
a n a i e k t ɛ k o e e
f a a a k o t
ŋ ɛ ɛ k a t a
ŋ b l ɛ ŋ k u e e
ŋ j u k f o k
ɔ l ɔ w ɛ h a k i o s o s e e ɔ m k o
h a ɔ e e b a a s ɔ e
k ɔ k m a
y ɛ e e e
ŋ b a k a w ɔ l
s a k a w ɔ k k o
a t l ɛ e
w a k o t s ɔ ɔ b a a l b a a j y ɛ k
b ɛ ŋ m a k o
b a a k u e w a a g b i
o s b i k o k o
k ɔ e d i k i e e
o o e a a y a y a e e e e e
ŋ h ɔ a j a a e e
ŋ w i a a k a
s u e d u e e
b a a p a s ŋ s h w
k ɔ ɔ b l ɛ e e e
a f a b l ɛ i ɛ k ɔ l
k a i k e k o o o e k o
b i k o a a k w o s o k o
a n w i a e e
b a a t u u e s a ŋ k p a
b a a k w t ɛ k i a ŋ h ɔ
k i k o e e
a a f ɔ
a j i e d u e e
h ɔ ɔ e
ŋ a d a a
b a a ŋ t u n y h i p a t a k o
b a a o o ɛ ɛ a k a ŋ s h
k ɔ ɔ a l ɛ m w a k e e
e l a d a a k o w o s l ɛ m e e
p ɛ t ɛ t s a a j
ŋ a g b k o a a w i b l ɛ k
d ɔ i e k i e
j i ŋ j i
b a a s e f o e
a a h i d ɔ
ŋ b ɛ
b a a k o t t s ɔ ɔ a t s ɔ l e k a a b a
a h ɔ t ɛ k o e e
ŋ t a d ɔ i e ŋ k u
b a a h a e a d a a a f a
b a a ŋ m a a s u k a a s
i e k o e e
a a k w o k u k a g b l
k a s ŋ n u k p a a h i
a a ŋ a a a h ɔ k o
ŋ e e e ŋ a e e
n y k u k o y i ɛ e e e
e e e a l s e l e
t u u k ɔ ɔ k e e
ɔ k ŋ j u e e
b a a ŋ l ɛ m
ŋ k a s t e e k ŋ k p
i k o y ɛ k e e
l a k a w ɔ e
w a k o n e e e u u w o s o ŋ k u s o k o
ŋ h ɔ ɔ k w w ɔ d ɔ k o
n u u ɔ i e e b a a d
ɛ m ɔ a g b w a e
h i k o k w ɛ e
a k a f a j b ɛ ɛ e k o
p a s a e e
ɔ l ɔ m d u e e
ŋ f a a b l ɛ
a a y e a a j e e
h a b i e e t s u e
g b o a a w y e k ŋ s e e
a ŋ a w a a k e e
w ɛ ŋ w ɔ d
a d i k ŋ k a e e
ɔ ɔ e k a s ŋ s e l
ŋ ŋ w i e a a h ɔ
b a a s e e a k o t
ŋ t a e e
u u k o
a ŋ a f o ŋ g b i e e
b a a a j i e f ɔ k o e l e b a a t s i
t s a e e
a k w ɛ ŋ y e o s j u k k o
h w i s ɛ k o e e
b a a a n u b i y ɛ k o
f o e a w ɔ e s h a k
g b a j a
a b l ɛ a w i e b ɛ ɛ k o
j u e
i e k o
b a a ŋ ŋ m ɔ d a k
ŋ t s i e e
b a a g b l ɛ a s a e p a s t ɛ e a f a
a a f ɔ ɔ d a e d ɔ i e e
b a a ɔ ɔ k o k p ɛ
ŋ s h a ŋ j i e n u u
b a a d u u d ɔ i ɔ d ɔ ɛ ɛ k o d u e e e
t s i ɛ ɛ k o e e
b a a a t e a j a a
ŋ j d i ŋ d t s ɛ e e e
k p a s o t a k k w ɛ k
ɔ ɔ k o o k o k o
g b l ɛ ŋ k o t e e e
b a a s i n
s w d a k o ŋ j i j u e e e
w a e k o
a t u u ŋ k p
ŋ k ɔ b a a ɔ ɔ e e
ŋ d a a t s ɛ m e e
a a t s
h w i s a ŋ m a b ɛ ɛ
b a a a j i e
a f b a a h
a s e k o t a k ŋ m ɔ ɔ
t e e e n a e e
t s u k s e e e a n u u h a k o l e k o e e
f a a a t ŋ n u ŋ n u
ŋ n y n e e ŋ k p ŋ w a
ŋ s h a a n e e e
b ɛ ɛ b o k y e k e e
s ɛ e e a t u u k ɔ k o k o
o k o ŋ m ɔ ɔ n y i ɛ a a w i e e
a y e a a h a e e
ŋ ɔ l m a a e
l ɛ m ɔ
ŋ b i e d u ŋ t s u ɔ d ɔ a a g
a a j i t s ɔ ɔ s w e e
b a a ŋ d i k l a e e
ŋ h a k o
g b i k i n e k
a s y e b a e e
ŋ a b i d ɔ i e a f o k t s ɔ ɔ
t s i n
j i e e a t a b l ŋ d a k o
b a a k u a i k g b l a y a e t u u e n a k
d a ŋ s e l s ɛ e
b a a a m ɔ
n u ŋ l ɛ m
b a a h ɔ ŋ w i a a h ɔ t e e
y i b l ɛ k e e
s w a e a b i i e e e e e e
b a a m a a k g b i e
ŋ w o o s o e e e
g b l a ŋ d i k
a m ɔ k a ŋ m ɔ ŋ t s ɔ e e
s h w k ɔ k o t s i n e e
m ɔ ɔ k e e
a a t a d a k k p ɛ t e e
a a ŋ m i a k o ŋ t s w k o
l e e
ŋ s h a t
n u u y ɛ w o s k o
t a w k o
k a s e g b
k p ɛ t t s u e
a a b o ɔ d ɔ i e e
j o o n u u k ɛ ɛ e e
a l a a g e e
f ɔ ɛ ɛ k o e e e e
h w i e k e e
k ɔ k o s w a a e e
p a s a u u e e
ɛ ɛ e n u u k e e
b a a m ɔ e w a k h w i
s ɛ e b a a y k o
a g b o a l k o
b a a s u e e m ɔ e e
m ɔ e y e
m a a k n a e a b l ɛ k o
n a m ɔ k o h w i s e e
s a e e ŋ f ɔ e e
w ɔ e e ŋ n u u e e
ŋ k p ɛ i a e ŋ f a a b a
w ɔ l k o
a s a k a a h
s w a k a t u s e k k o
s i n e
k ɔ ɔ k a f o k e e
ɛ t ɛ e o t a e ŋ h ɔ ɔ i a e i a e e e
i ɛ k o e e
w i e e a m a a w a
s u e e k ɔ ɔ
k a f
n e k a w i e e
a ŋ a s ɛ m e e
f ɔ k b i ŋ n u
ŋ t s w e e
k a s e b i k e e
a m ɔ k a a h ŋ t u d i k i ŋ k a i
a k w ɛ t ɛ a a t
f o e e f a a k
t s u k a m s a e e ɔ i k o e e
b a a n a e s ɛ k o
t u u j i a a k b l a e
e l ŋ k a a j i a t s ɛ k o
a a k w k ɔ k o ɛ k k o
a w k ɔ e e
a s h b i e e
t s a ɔ m ɔ a a t e k o
b a a s e l e ɔ d ɔ f ɔ k
ŋ t a w t ɛ e k a s
l ɛ k e e k o a t s e e
s a e a a k o w a k o
ŋ w ɔ l ɔ ɔ e e e
f o e i a k s e k w o e w i e k s h a k o
b a a b a e e
ŋ a k
b a a ŋ m ŋ d a b a a b
ɛ m ɔ k a b l
ŋ t u u u k ŋ l ɛ m e k a a l a a a g b e e
ŋ b ɛ ɛ t a e e
ŋ k ɔ ɔ e l e k e e
l ɛ k
w o s o a a h ɔ e e
s h w ŋ g b i
ɛ m ɔ m a a k
k a f o m a a k
ɛ m ɔ k b a
a a t e e e
ŋ ŋ k a s u k o n u u u e
t s i e e
f o k o s u e e e e
a g b ŋ k p
b a a k u ŋ ŋ m a ŋ h ɔ ɔ
ŋ a i e e h a e e ŋ s h w b a a b ŋ ŋ a
a h ɔ ɔ e e
ŋ i e k a a w i ŋ s h ŋ g b l b a k
k a f o k a s k o
b l ɛ
a f a a ɛ ɛ k e e
ŋ a t s a b a a k a l ɛ m
a t ɛ m ɔ e n e e e e
d i b l ɛ e k o
ŋ k ɔ ɔ h a m ɔ s h a e
d i k s ɔ ɔ e a a k ɔ
a a w
b a a a j ŋ w ɔ d o o e e
ŋ d a e j o o a b l ɛ
ŋ m ɔ e
ɔ i e e m ɔ ɔ k e e
ŋ ŋ b ɛ i e k o
g b o o s e e e e a ŋ a
y e e b a k ŋ s e l k o
y i ɛ a a e e
j a a e b a a g
ŋ u k a h ɔ ɔ
b a a e e k u e a d i a a l a
b a a t a k o ɛ ɛ e
l e e e
ŋ h ɔ ɔ a a n a e e
a a t e k a i
ŋ b a a j f ɔ k ŋ n a
b a a y a e l a e ɔ i k h ɔ ɔ a k u ŋ t u u
ŋ d i k s e e e
b a a l ɛ u e e ɛ ɛ k o a a d a o o e e k b a a n
ɛ t ɛ k e e
u u l e k o e e
a b ɛ ŋ s h w k o
ŋ b a a s e
ŋ t s a
l e k o k o
i ɛ k o b a a ŋ ŋ t s e e
e l e e y i ɛ e
a a w i e e e
ŋ b ɛ e l e w a k o e e
b a a ŋ a i e e w a e ŋ w
ŋ t ɛ l e k
h a e e
b a a a a n y j i e e
j a a a w ɔ d d a a e e e
b a a o e e s a k s h a
g b l ŋ k o ɛ ɛ
i ɛ k o k o a g y i ɛ k
ŋ b l a k
o o k u k a d i e e
a ŋ m
a a w b a a d i a e e
ŋ ɛ ɛ e e a s b a e e
a a ŋ f ɔ e e e
a w a o t a e t e g b o e j i e e
ŋ ŋ m a a l s ɔ ɔ k e e
k i e e n y
j u e e
a t u u ŋ k o
a a y e e e
a f o e a m ɔ k a i e e
k ɔ k o n u a a b w ɔ b a ŋ h a e e
b l a d i k e e
a b ɛ ɛ e e e
t s w t s ɛ k a a b i e e
b i k o a t b a a t
b a a ŋ t u ŋ f ɔ m ɔ ɔ e
h i e e h w i s t u a w ɔ d m a a k e e
a w ɔ j u e e ŋ k p ɛ e e
ɔ ɔ l ɛ k a s e k o
n a k m ɔ ɔ e e
b a a e k o k i e ŋ k w
h a e l e k
ŋ m ɔ e m a a o t a k a l ɛ b a a n e e
k ɔ k o k o
s i n ŋ a
ŋ k o t y a f a a k
ŋ b ɛ i n s ɛ m ɔ k o
a k w ŋ a e e
a a b i d a a k
b a a ɔ ɔ e
a a e t a w ɔ k o
h ɔ b a k o ɛ m ɔ k o
b a a s h a e e l e k
w ɔ k o e e
b a a l a e e a t s ɔ
ɔ d a a e e e
a y w ɔ l ɔ o s e e
a m ɔ f o a a t s s o a i k
t s u a d i k a f o e
ŋ d u k o
ŋ j i y a k o a t s u
b a a w ɔ d a i k
a a k ɔ y a k b ɛ ɛ k ŋ b l y a k o
b a a i k o a w o ŋ ŋ a
b a a a a b ɛ
t ɛ s a a g b i
k ɔ ɔ t a w ɔ o k o
y e k
ŋ i s s w
k ɔ ŋ n y i s o e e
s u k o e e
b a a ŋ s h a s u e e ŋ t s ɛ
a a k w
j a a b l ɛ
ŋ g b l a k a f
a h a a a m ɔ s ɛ m e e
a d u k a i ŋ d i
ɛ t a w ɔ d
ŋ g b o l e k s ɔ ɔ e e
ŋ d ɔ i k
ŋ k ɔ ɔ y ɛ e ŋ y ɛ k o
a a j i s ɛ m ɔ
ŋ j o o ŋ l i n e a j o o e e
a w ɔ d ŋ t s w i ŋ k u a i a s e e o o
t s w a t s w a e e
s i n e a s e l
h a m a f o b o e t ɛ k o
a ŋ m a ŋ t u e e
m ɔ ɔ a k ɔ
a g b l e e
ŋ s u k
d u k b a e l ɛ k ŋ l e e
t a k o a a t u e e
a k a f e e e
b o e e a a d u
h a m ɔ a a d u a a n s h a m e e
t a a d a
ŋ a a d
b a a d u e i n e a a t u
b a a s u ŋ d i k
i ɛ k a t u e e
ŋ d a w i s
g b i e
f a i n e y ɛ k e e
b a a w o a n a b l
f o ŋ g b i e e
a a d
ŋ n a k o
i e e s u k o k o
ŋ j u e e
b a a d a e e d a a e
a t s ɔ m ɔ k e e
k a ŋ j o y i ɛ a k w
i k i ŋ a k o
ŋ i k i j o o e ŋ t a
d i k a ŋ a i k o
b a a b a a d ŋ b
a a y e a a d u s e k o
b a a a a k a a t e
ŋ y a
l a e w o k e e
d ɔ i e h w i a ŋ k w
ŋ b i d i k ŋ ŋ m a e e
a w a ŋ ŋ m b a a f y ɛ k e l e e e e
ɛ t w ɔ e t ɛ k k o
ŋ k ɔ e a ŋ m
a a f ŋ t s u e e
ŋ k p a y ɛ e e
h a e i k i ɔ d
ŋ b a a a d u y ɛ
d i k a a f h a m
d u e e a a y a e e
ɛ k o b a a t k o
b a a g b w ɔ k o s e k
b a a b w o s k o
h ɔ ɔ k t s u k a l k o
h a k n y i ŋ n u u e e
d a a a a e e
a t s u w i e d a a e
ŋ k u m ɔ d a a k
s ɛ e e a a j o e e
s ɛ k b a a s e e
k ɔ a ŋ m
ŋ a t s w a y i e k
a a t e w i e e
h a m a a e e
ɔ d ɔ l ɔ a k
b l a e j o o k
a s h w m ɔ ɔ k k u k o w ɛ e e a l a
ŋ ŋ k a i ŋ k u i k o
a s a k ŋ ŋ a
a a h ɔ a j i e e
a i k o f ɔ e e e e
ŋ ŋ k ɔ ɔ a l a ŋ a e e ŋ d a ŋ s h a w ɔ e
w ɔ k o o s o a g b o e e
ɔ l ɔ ŋ m ɔ e a s h w e e
ŋ a a k w
ŋ j u k o k a s
d a a k ŋ h a e e
p a ŋ w o s g b l i e e e
ŋ y a k o s ɔ e e
t e k ɔ ɔ k a w ɔ l a a j i
a t u u e e
t a w
b i y e e e d ɔ i e e
b a a k b l a k
a w i e d u e
b a a f ɔ k i n s a ŋ g b
ɔ ɔ e e
b a a b a a f o s o b ɛ ɛ k
k a s ŋ y e k a s e e e
ŋ j a k p t s u k o
ŋ g b l ŋ d a a s a
w i s t e
a k a s s ɛ ŋ n a a k w ɛ e e
ŋ k w ɛ f a a e e
ŋ j u u e n u a a w e e
ŋ d u ŋ ŋ a a s e e
k ɔ k ŋ g b
s ɔ ɔ e s h a k o
b a a t ɛ e d i k
ŋ p ɛ b a a w i n h i b a a g
ɔ i d a k o y ɛ k e e
a e e a a ŋ e e
t e e k l e k l ɔ m ɔ ŋ y e k o
ŋ j a i ɛ e e
b a a ŋ m j a u u k
a a y e ŋ l ɛ m k o
y a e y ɛ k
k ɔ k o k a s e ŋ f ɔ
a a k o t a w ɔ
d a b o k o d a a e e
ɔ e j o t ɛ o t a e e
m ɔ e t e e e
s e l e i n e e p a s
w ɔ d ɔ
d ɔ i e ŋ n y i k o
i a k o ŋ n u a a t e a a n u t s a k k o
ŋ y i ɛ k t u u k ɛ e e y i ɛ k w o e e
a a k u a t s ɛ e e
s i a n u u k o
ŋ ŋ w y a k o w a a e
m ɔ k m ɔ ɔ k
a a ŋ i ɛ k o
a f a j i e k
i s h j u e e e e
a a f o y ɛ k t s u k e e
l ɛ m t s ɛ e
ɛ m ɔ e h i e e a b o e e
s w a e b a a h
ɔ ɔ l ɛ m l a e e e e
b o k o t ɛ e d u k k o
ŋ a a g n u u k
t u u l a e o o e e
o s o k e e
ɔ k o a a e e
ŋ j a t s w ɛ e e e e
b a a ŋ a a k ɔ ɔ
b a a a a y
k i y a k d a k b l ɛ e
k i k o ŋ b l i a e e e
a a h i a j u y a e e w i a e ŋ f ɔ t ɛ e e e e
j u k o t s ɛ e
ŋ ŋ a ŋ t s a
i a e e e
b a a a b ɛ ɛ ŋ d ɔ m ɔ k
ŋ f ɔ k t e e k u e e a w ɔ d
t ɛ k t s ɔ ɔ
i a k t s u e e e
w ɔ k o
w a a l ɛ k t u u k
h ɔ ɔ e a y e e e
ŋ y ŋ h ɔ i ɛ k k o
a k a
a k a i e e e
ŋ w a e e
o k ŋ w o s e l k o
a a d
a n a i k i e
ŋ t s w m ɔ e e
o s o e e
ŋ y ɛ s h e e
m ɔ ŋ t e e e e e
a a h ɔ ɔ k j u e e
ɛ m t e e e e
ŋ h w i s s ɛ m
ɔ i k ɔ m ɔ e
j u k ŋ m ɔ e e e
i a k o p a s a k o
b a a a a n u n y f a a e w ɛ e e
k i k o a a w a d u e e
s ɔ h i e e a a k ŋ h ŋ f o w ɔ e ŋ k o t
ŋ w i a a h i
ɛ ɛ e ŋ g b i ŋ d e e
t s u b a k j u
a w ŋ w ɔ l k o
j u k
a a j a ŋ a k o
b a a a y a a b
a ŋ j a a k
a a g
b a a g b l a
l a ɔ e a a t e k o
b a a t s a t e e s e k o
a t e a a w d i i a e e
s e k o
ŋ ŋ l a h a d u k w o s
ɔ m ɔ e e e
ŋ a t s ɛ ŋ d a a
b a a a w ɔ a f o k
ŋ k a i i ɛ e e e
m a a k ŋ f a a e e
ŋ t e h a k
b a a a m ɔ e a a j i
h a m ɔ
i ɛ k o i ɛ e
s e a h ɔ
u u e ŋ g b s w a k
e l e j i e e ŋ l ɛ e e
l ɔ m ɔ ŋ j a e e
l a e
ŋ b o ŋ a k e e
ŋ k u e e
a n y e e e w ɔ d k a s ŋ w ɔ l
a a e b a w ɔ d ŋ j o ŋ m ɔ i e k o e e
a a f o a m ɔ
ŋ d u o o e e
ŋ a a w o ŋ l ɛ s ɛ
b a a n j i e e n a k e e
a a k w s u e ɛ e e
a a k u k o e e
ɛ t ɛ e e e
ŋ w ɛ e s o k
a t s w ŋ a e e a n u
a k p a ŋ d i k ɛ t e e
a w ɔ k ɔ k k o
a a k ɔ i k o ŋ n u u a j u b ɛ ɛ k e e
k a s e ŋ h a
b l h w i s ɔ m ɔ k
k a i e w a a k e l e e
ŋ w o s e l e e a h i a t s i ɔ ɔ w o e e e e
w ɔ e e h i e e e e
ŋ t s ɔ
ŋ ŋ t a w k p a ŋ m ɔ ɔ a t s w b l ɛ k
a k p o s o k e e
a k a s h i e e k o
a t s u k ɔ ŋ f o e e
a a b o a a b a k w e e
s a k o a m ɔ e l e e e
ŋ f w a a e e e
ŋ w a f o e e e
h a k o f a a k g b i n e e j i e ŋ l ɛ e e
d a k t a e e k o
p a s a e e
ŋ i k o ŋ j o o ŋ m ɔ k
k u t ɛ e s e l e e e
t a w ɔ a b l ŋ w ɔ k o
ŋ w a t e e e g b
w ɔ k w i s h
b a a s e e a g b l
t s a k a i
b a a a n y ŋ h ŋ ŋ a
b a a s w b a e
n u u e e e
a s e ŋ h ɔ g b o k
b a a y a ŋ m ɔ k o
n a l a k w ɔ d e e
b a a a a s s ɛ
b a a i a k l ɛ m ɔ ɛ m a k p ɛ
k p a s ɛ m ɔ e
a ŋ t s ɔ a a d u k o
t a e e d a a k e e
b a a b a a f o k l ɔ m ɔ
a a l ɛ t ɛ k j a a k o
s e e e a a w ɔ ŋ ŋ m a e e
ŋ l ɛ f ɔ k a a l w a k o k o
w ɔ l ɔ a k p
o s o k b a k o a j a
k u e e i ɛ k ɔ ɔ k o k o
ŋ h ɔ ɔ a d i k
ŋ ɛ m ɔ a j a
ɛ e ŋ m a a ɔ ɔ k o i n e k i k o e e
a w o ɛ m ɔ e e
ŋ e e e w ɛ e e ŋ b o a j u a a t s
h a e e k o
t s ɛ k s a k
i e k l a k y a e e
b a a ŋ t e a t e e
ɔ k t e e d u k o e e
ŋ t a
a l ɛ s ɔ h ɔ ɔ k e e
y a ŋ f a a n u k o
b a a k u e f ɔ k ŋ n u u b o e k u k
b o e b a a n e e
b a a ŋ a b i ŋ n y l ɛ k
ŋ s h a a b n e e e
b a a w a a t s a k
t ɛ ɛ k e e
k ɔ ɔ e a a w ɔ k o
ŋ n u u a a g e e
e l a d u t u u e
t s ɔ ɔ e e
a b ɛ ɛ k o ŋ m a a
b a a ŋ y ɛ ɔ m ɔ e a a b
ŋ a a b ɛ ŋ t s ɔ s a k
a h ɔ h ɔ ɔ
l ɛ e ɛ m ɔ k
t s u e e e
d a k o ŋ k p ɛ e e
ŋ d u a a f a a f ɔ
ŋ a a n u j u k
s a i ɛ k o h a e e e e
ŋ ŋ h ɔ ɔ
m ɔ ɔ b a a n
w o e e
w i e b i k o k i a g b i e e
ŋ a k a i
ɔ ɔ k o s o k s ɔ a a w o a t b i k e e
l a e b a a b w i a e
ŋ y ɛ m ɔ ɔ a t s ɔ
t s i j u k o e e
p ɛ ŋ w i ŋ h a
ŋ l ɛ m o s b a a n
a a s h t s ɛ s e k o j u k o a s h k o
w i a k a ŋ a e e
a k a s b l t ɛ i k i
ŋ s h w ŋ d n a
ɔ e ŋ w i ŋ t s w k o
l e e e k u a a e
s h w i ŋ l ɛ m ŋ n
b a a l e e k u k w ɔ e e
i a k o e e
ɔ k a ŋ m a a b s u k o a m k u a s a k
ɛ ɛ k a n u u
s e k o l ɛ m ɔ e e
ŋ a a w t s ɛ e
b a a m a a m ɔ k a a b g b i e
l ɛ k m ɔ ɔ e a w ɔ e e e
l a ŋ h ɔ ŋ h ɔ ɔ k a f e e
a a b o m ɔ ɔ k j i m ɔ ɔ k b a e e
k p a s t s u e a s
e e a j i e b a k a w ɔ l a e e k a s e e e
a h a k o
ŋ m ɔ ɔ m ɔ ɔ t s a k w ɔ l ɔ g b b l a e
a w ɔ e a a j u ŋ k w e e
d i k ɔ ɔ e e e e
b a a t s ɛ m
l ɛ a t a w e e
i a k o p a s k o t
ŋ l a ŋ b ɛ ɛ a s e k a t s i h ɔ ŋ t a w
y a e a a l a j u k o
ŋ ŋ n y i ɔ m ɔ k
b a a w ɔ e ŋ d t u u k t s ɛ e
a a f o s w a k ŋ f o t s a k e e
ŋ s h a
ŋ n u u k a a l o e e
a d a w o k o e e
b a a ŋ m w a a k
h a k h i e e e e
p ɛ n a w o s o k o
ŋ w i e k
ŋ a a d a a l a
ŋ ŋ m a
b l a s i e e
ŋ y ɛ e e
a a e s w
g b l ŋ t s a b ɛ ɛ ɛ e w ɛ k o k o
b a a a f ɔ a n y i a t w a
ŋ l a e ŋ n u u
ŋ k p ŋ ŋ m a e e
ŋ a e e k o
a d a w ɛ e e i s e e
b a a o t a k b a k o
n a k l ɔ m j o o k
a t a a f ɔ
w ɔ l ɔ a n u u
ŋ ɛ ɛ k ŋ m
d u e a a k e e
ɛ ɛ e y i ɛ k k o
w a a e a b i ŋ l ɛ m e e
k p a w i y a e e n a k o e e
e e e w o s a n y i e e
ŋ m ɔ ɔ a a y ɛ
k p ɛ t a k p a w a a k k o
o e ŋ a k h a k ŋ k i k o a b o
h a m h i k o ŋ h
ŋ t s a k ŋ k p
ŋ g b o b l a e e e e
b l ɛ k a k w ɛ
a k ɔ i k o
b a a w o s y ɛ n y a w i ŋ h a l ɔ m
k i e e k o
b a a j u m a a k ŋ j u
k a f o h w w i e e
n e k ŋ w o s e e
t a w b a a g a f o k k o
ŋ a a t s ŋ w ɔ
a a n u h ɔ ɔ e a a b a e e
ŋ ŋ g b i a a s e w i e e
e e e e
ŋ j o o y ɛ k
b a a b o e
a a b e e
o s o o t a e
a k p f ɔ e e
w o a b o k o s ɛ m ɔ e e
t s ɛ k p a s e e
i e e a a t i s h e e
s w a e m ɔ ɔ o o k o e e
b a a t s u e
t u a s e l e e
b a a y e k a a l ŋ k a
b a a ŋ d a f o k b i k s w a a
n e a a f ɔ a f o k ŋ g b i w a a k o s e e
ŋ a a k w a y
b a a h a e e e k j u k
n a a n y k o
o o k o a a t u s h a k
a n y i i n e e
b a a g b o e a b o s o k
a e e
k o t k i e e ŋ b o o s o e n a e e
a s e e
s h a j o ŋ a e e
b a a y ŋ s e e e
ŋ t s i g b o k ŋ k e e
ɔ d ɔ i y a k
a w ɔ e e e
ŋ n a f a ŋ g b i e e
b a a b a k
a k p a a t s ɛ
b a a s ɛ e j a a a j a a
ɛ ɛ w ɔ d ɔ j i e s a e w ɔ
o o e y i s h w k ɔ ɔ e e e
b a a a a j u a a k u t a w
e l e k n y i e e
l a k o e e
o t a a n y w a e
ŋ a w ŋ w ɔ l
ŋ ŋ b o
a n y ŋ t s i e e e
s h w i e e
a k w b a a s
a t s u a w ɔ e s w e e
i a k o e e
l a k t u u e e e
a d i k ŋ b l ɛ e e
i a k o j i e e e e
ŋ ŋ w s e k o
i n e ɛ ɛ ŋ n a t ɛ
s u l e a j s o k e e
b a a ɔ d ɔ i k ɔ e t ɛ e e
ɛ e e a a n u s ɛ m ɔ
b a a a k p ɛ ŋ y ɛ f o k
f a a e h a k a a ŋ
a k o a l ɛ l ɛ m ɔ e e
b a a s a m ɔ k a h e e
ŋ w ɔ k o i ɛ m a a ɔ ɔ k k ɔ k
ŋ y ɛ a f o k
b l ɛ h ɔ ɔ e ŋ t s ɛ
m ɔ e ŋ k a s h w k o
d u l a k t s ɛ e ŋ f a a a a f o h a m ɔ e e
e e k t a e e
ŋ a k a i y a e
ŋ y
b a a ɔ l e l e a a t e
a n u u b l a k
a a j a a g b i k i k
j a a k w ɔ k a k w ɛ e e
b a a ɛ t ɛ k b a e e t s u
b a a t e e k u e
ɛ m h a m e l y i s i n ŋ f k ɔ e e l e k
t a k o w i e k e e
a b ɛ ɛ ŋ j u s w a e
ŋ f o o t a e h w i f ɔ k
ɛ ɛ s ɔ ɔ k ŋ k a s e e
ɛ e e e e
ŋ k ɔ ɔ k ŋ l a
b a a ɛ e e o o h a k o d a ŋ ŋ m a a a a h ɔ
s ɛ k o b a k o
w o k ŋ k o s e l e n a a s e k a n y i e e
j o d a e e
a ŋ a d a a a a h e e
a a w i
w o e e s ɛ m ɔ s ɔ ɔ e e e
b a a ŋ s e a w i a k
t e e k h i e a t s ɛ
ɛ m s u e
k ɔ e e e e
k a s g b l ɛ e e
i e k o j u e
a s a ŋ k p ɛ e e
ŋ a b l ŋ k a i
b l ɛ e a f o k a w a w o e e
b i e w i e e
b i e e t s ɛ e
l a k t s u k ŋ d i e e
ŋ a a f ŋ n u t a
h i e g b i k d a e e e
h a w ɔ e o o k w i e e e e
ŋ j i e e ŋ ŋ m s e l e
ŋ b l ɛ k n e e e a w ɔ
ŋ n y i ɛ e e
n a e e e e
d a a a s h
w ɔ d ɔ o t a e
ŋ t e e k o
p a s a
b a a g i a k o
ŋ s ɛ k o ŋ h i
j i e s ɛ m ɔ k o
ŋ ŋ k a s k a f a j a
l ɛ k o k w ɛ e e
i k i k ŋ y a a w ɔ e
t e e e i e k e e
b a a s o k w o s
ŋ ŋ m ɔ k
a a k b a k o
l ɛ e e a a h i a t s u d a e g b i e e e
ŋ s e k o k a i
ŋ a j o
ŋ ɔ k a m a a f s i y ɛ k
b l k o t a
n y a a n a e e
t e e k w ɔ e ɛ t ɛ k a k a f s u e ŋ w i e e
b i k
a a h a j u e e e
a j i e w ɔ e e e
s u a y ɛ ŋ s h e e e
ŋ b n e e e ŋ ŋ s w
e k o
b a a a k p b o e e o o k
s h a k
l ɛ k o a a ŋ m k o
w i e k t s ɛ
ŋ j ŋ k w ɛ k ɔ ɔ e k w ɛ k d i k i
w a k o p a s b a a h
a a k u
s u k j a
a a n y u k o e e
y a e o t a e
a a n n y o s w ɛ e e e e k o
ɔ i e a f o k a a y a k o
ŋ w ɔ e e
s i n t s ɛ m
f o k o e e
y e a t s u a f a a ŋ b i g b i e a f ɔ
ŋ s e k a i e
k a i w ɛ k a a s s ɛ m ɔ k o
a f a a
ŋ k d a o t a k k o
d i k a a a l
ŋ l e e e
n u u e i ɛ s h
ŋ k w s u k a a t
f ɔ e t s w a k o
a g l ɛ i ɛ e s o b l ɛ k a a e e
a a ŋ a ŋ d i i a e e e
ɔ i k o y a e
p a s a
m ɔ e e w o s o
s a e s u w ɔ k s h a k a a g b
ŋ k a i k a f f o k o
a e e a a w o e e
s u e e e e
j o o t s a s h w e e
s e k ɛ ɛ
s u k t a e e w i k o
w o e a a h b a a w y ɛ a j ŋ t e e e
ŋ ŋ k w ŋ g b o k p ɛ a b i
b i e e k ɔ ɔ k e e
m ɔ k o e e
ɛ m ɔ k ŋ w ɔ l
p ɛ t a a h a a n u u
ŋ g b i w ɔ a n y
h w i s ɔ l ɔ e e
ŋ d i k h a ŋ t u k o
ŋ m ɔ e a a d a k o
a s ɔ m ɔ h i k o
ɔ d ŋ l t s a ŋ t s ɔ e e
b a a h h w i s a t s i e e
b a a a a w o b a ŋ ŋ m a
ŋ m ɔ e ŋ j l a k e e
ŋ b a k b a e
ŋ k i k o a a d a f o e
b a a g b o e a y e s a k s h a e a a j u
u k a h i
b a a a s e l n e e n u u n e k o ŋ h i b i e
ɛ ɛ e w a k a ŋ m a e e
l ɔ m a k u a t s a l ɛ m
a m ɔ k e e
d i k i ŋ k o t ŋ m a a w ɔ k o
w a k d u k j a a
a t s u u e e ŋ h ɔ ɔ e e
ŋ k u y ɛ g b o k k o
a i k e e
ɔ m a d u ŋ t u u
s h a h w i a f s a k o
t ɛ k ŋ g b l
ŋ ŋ b o ŋ k a s
b a a j u k l ɛ m ɔ t u u
s e k e e
i e k t u k o
a a t s k o
a t s u ɛ t ɛ e i n e k e e
b a a b l a k
s ɛ m i k i k g b o e
ŋ a i l e e e
l a k k i e e e
w ɔ d j o o e e e e
ŋ g b f ɔ k l ɔ
b a a ŋ e e
a s h w a a b o e e
a a h e e
i k i a a h ɔ e e
ŋ s e e e h ɔ ɔ a k w ɛ
b a a k i k o a a w
a k a i
w a e e a a s
u e e ŋ f a a
a a b a ɔ d ɔ i
a f o e ŋ t e e o t a k
b i e e ŋ t e k o
b a a a e t e e e w a a s u k o
a k u ɔ ɔ k w ɔ d e e
a b l ɛ k a i k k a e e
u u k b l ɛ e o o e e e
b a a ɔ m ɔ ŋ t e
i k i e ŋ k a f ŋ ŋ a
ŋ a k p a b o e e b l a h ɔ ɔ k ŋ d i k
a a ŋ ɔ m ɔ k
a f o k e e
ŋ l ɛ a a j o w a a k e e
ŋ t s ɛ m l ɛ m
t u y e k o e e
a a ŋ m s e k
b a a ŋ y a k ɔ ɔ
g b l ɛ a h i ɔ k e e e
m ɔ ɔ a a t e e
ŋ m a a a d i e e
b a a w o e
i e e k o
i n f o a a e k o
a a s
y i ɛ a w ɔ k
ŋ y i a a k p
a a l a j e e
s w a a
s o k o l ɔ m a w ɔ l k o
ŋ n y i k i e a a d u
b a a w a a h ɔ e e
o k o ŋ f o t e e e e
b a a g b o k n u u k
a f o k i ɛ o t a e e e
s w ɛ e k o l a e
k u k a i w ɔ e e k o
w a a k s h w
p ɛ t h i ŋ a k o
b a a t ɛ e e f ɔ k b ɛ ɛ
t a a g ŋ k a e e
m ɔ e ɔ i k e e
b a a o o e a a g b
ŋ y ɛ o k e e
l e a b ɛ ŋ s e e
k ɔ k o s ɛ m ɔ g b i k o
a n y i s h a f a i ɛ e e
a f h a e e i e k
a k u u e e
ŋ b l ɛ y a e e e e
a k o ɔ e d u a j ŋ b ɛ ɛ e e
y a ŋ m a a e e
a s h a ŋ k a f i k i e
s e l e a k ɔ ɔ
b a a k ɔ ɔ k k p ɛ t
h a e e e e
e k o u e a a ŋ k o
ɛ m ŋ k ɔ h i e e o s o k j i e k
a a j
ŋ h i a k u f o k o
h i e e i s h w a s e e
ŋ t e e
ɛ m e e
ɔ i a a e e k o
d ɔ ŋ g a y t s u d a a e e e
ŋ y ɛ k u e
b a a k p ɛ t
a h ɔ j i e e e e
ŋ k a f o e ŋ w ɔ
ŋ b ɛ ɛ
ŋ w ɔ n u u k
ŋ m ɔ k e e e
a h i ŋ f o k o
a t e e a b e e
k o t g b l ɛ k a i e
a m j a a e k i e e e
k i k ɔ l ɔ a a b o
h a e e e
b a a a a h i a s e k b a e e
b a a t u u e a h ɔ a f ɔ
a i e ŋ m a a w ɔ e
b a a a t s ɛ s u e
b a a y
a a n a ɔ m ɔ e k w
b a a a a w i a t e e a k a s
u e i n e e
k w ɛ l ɛ m w a k b a a s a y a k ɔ ɔ k e e
s ɛ m n e o k o e
n e e e i k e e e k o
t a e a b i a a k e e
ŋ k a h w i a k o
ŋ w i b l a k
b a a a w a a j
a k w ɛ
b a a t s u k a e
d i k h i k ɔ m ɔ k
ɔ e e l ɔ m e e
ɔ i k a s h w k o
h w i a m a n u u k o
h a m f ɔ k o ŋ s h e e
w a k
t u d ɔ i k k o
ŋ k p a
w ɛ e e y ɛ k t s w a k o
n u ŋ y b a a l a j a
b a a f o k o s ɔ ɔ k
l e k w ɔ k ɛ e e
ŋ a k p
b a a a a t s w a f o k a b i m ɔ e e u k o a t s i
b a a ɛ k a a k w t ɛ k o
b a a h ɔ ɔ e t s ɔ ɔ
a d a a e l e k e e
s a k o
s u e e i e k d i k e e
i k o i a k o
u u k o e e e
d a k h w b ɛ ɛ k o
a k w ɛ ŋ k o e e
ŋ d u ŋ s h a
a a l t s ɔ
ŋ b ɛ ɛ e j o
ŋ m ɔ a a f a ŋ n a
ŋ b a
b a a k ɔ e d a a k l ɛ m ɔ
b l ɛ e g b i k
b ɛ ɛ e e e
ŋ f ɔ e k i k o
i e e e a s e l a j e e
ŋ d i k a s t a k k o
k a i k s u k s o e e
a a w a e e
a a d a a s a e ɛ k o
t u b a a ŋ e e e
f o t ɛ e
t ɛ k o a ŋ a e l e k
t s u e k o u k o a k o e e
i e k i ɛ f ɔ e e
a a h w i e e
ŋ s e e a n u ɛ e
i k i s ɛ m ɔ e e
o o k a n a e e
m ɔ k ɔ w ɔ l ɔ s w a k k o
b a a w i a ŋ w o ŋ f a t s w
a d a ŋ d
ŋ n a k o j a
b o e ŋ a e e a i e e e
ɛ ɛ k w ɛ k
ŋ ŋ m b a a d
b a a i ɛ k o y a e e a a e e o e
a a w a p ɛ t ɛ
b a a g e e
a a k u e
ɔ ɔ e e n y i ɛ a a y e e e
a d a a
o k o a a g b ŋ k o t a t s u a e ŋ b l e e
l e e a g b l a s e l k o
a a y e ŋ ŋ m
ŋ a j o o b l ɛ e
w ɛ k h ɔ ɔ h a e e e e
l ɛ b o k a ŋ m a e e
a s h a e e e
a f ɔ
u e e e e
a a d u a f o
ŋ m a t s ɛ k ŋ t s ɔ a n y e e
ŋ s e l a k ŋ w ɔ l
l e a a l e e
ŋ a i e e
ŋ s h w e e
a a e ŋ t u w ɛ e ŋ t a w e e
a a w a s h a f a a e
a a t e b i e e
f a a e a k ɔ w o s a a s h k o
t s u k ŋ w ɔ d k o
ŋ a g b i a a n a
l e l a e y a e
a a b i a s e e
ŋ a a w i y e
a s h w e e
l a e e ɛ m ɔ e e
ŋ ŋ m b ɛ ɛ e e
k u e e
ŋ t s u ŋ s e e e
ŋ w i o t
w i s w o s m a a k
b a a ɔ d ɔ ŋ j i e
a a d i ɔ ɔ k o k w
n e e ŋ k o
w a a k e e
b a a b l ɛ k ŋ j a a t a w a
l ɔ m ɔ
ŋ k a a a t e ɔ l ɔ m a n y i a t s s a k o e e
k a f ɛ e y ɛ ŋ j i e
a f a n y i w ɛ k o e e
ŋ b i ŋ m a a a a k u
b a a ɛ m ɔ e y ɛ ɔ e
ŋ t u u a n y a s h a
a ŋ m ɔ k p a t u u ŋ k u h ɔ ɔ k o
k u e e ŋ s e e
b ɛ ɛ k h a m l e k o
a a l a ŋ y ɛ n u u e ɛ ɛ a k w ɛ a k p e e
t ɛ k i k o ŋ h ɔ e e
ŋ d i i s h w s ɛ k j o o k s a k o
b a a i n t s w
i e e e b i k a s e k e e
ŋ w i e e k o t a a ŋ w ɔ d d ɔ i e
o o ɔ k
h a ŋ w o e e
k u e e ŋ n u u
b l ɛ e d a k e e
b a a a g b i f ɔ
e k a a n y
l ɛ k ŋ w a e e
a s h a a g a y k a i e e
a a y t s a t a a g b o
ŋ g b i k ɛ k w i a e
o s o k a k a f k o
o o k b a k o k o
a f a f o k a a ŋ m
w ɔ e d a k e e
k w ɛ j o o k e e
ŋ ŋ n u u ŋ k w ŋ d i k
ŋ t e a s a a a j u e e
u u e e a a n y ŋ t s u e e
ŋ g b a a ŋ s ɛ m ɔ e e
d ɔ i h w i a j a
a a f ŋ g b o e e
h w i
ŋ w a a k a k o
i k i e ɔ i w a d a k
a a j a a a y ɛ w ɔ k
a h i e e
b a a a a k o y i ɛ
b a a k ŋ n y t s ɛ e e e e k o
ŋ a a j a f o e t s ɛ k
a s a e a t a s u e e
b a a l
o t a i ɛ k o a k a e e
ŋ n e k o ŋ y ɛ
ŋ t s w f o a w ɔ l
k i k e e
a d b l
t s w ŋ m ɔ e a ŋ m
e k a k p ɛ s ɔ
w ɔ k o
a e ŋ s h a ŋ g k o
ŋ a k o s e l a a w a k o
a a d k w ɛ k e e
ŋ h a o o s a k o
ŋ a e h a m ŋ j i e
b i a a s ŋ d i s
y e k y a e e a t u u
s w a b a a s j o o e e
ŋ s h w i a a f o
ŋ t a w t e e ŋ b l a a k w a a s e e e
ŋ ŋ b i ɔ m ɔ e
ŋ m ɔ ɔ
h i k b a a b m ɔ k o
b a a f a ŋ t a j o t s a
a a w ɔ ŋ s e l ɔ m ɔ e w a a b o k
b a a b ɛ ɛ k a j i
b a a ɔ m ɔ k
d a k e e
ŋ f ɔ t s u k h i e e e
o o e e b l a e e
ŋ h i ŋ w i e e
w a a e e e
a s e e
a a h a k a i
a f a a t a k
o o e e ŋ a e e b o e e e
a k a f n u w ɛ e e e e e
w ɔ ŋ d
e e e ŋ l ɛ a w ɔ d
a a w o a a k p b l a l a e e i ɛ e ŋ k p ɛ k o
w i s h ŋ m ɔ e ŋ k a s e e
w ɔ d ɔ e e
l ɛ m s ɛ m
l ɛ k a j i a a t u e e
b a a y ɛ m a a e k ɔ ɔ k
s ɔ ɔ a a w a ŋ s e l
d u k o a l s w e e
s e k o
ŋ m a a a w k o
b a a d a k ŋ f ɔ
i a e e e e
j a a g b i e e
u u e e o e y a e k o
b a a a f a
i k ŋ k w h a e a d a k o
a k ɔ ɔ o e e i s h w e e
w i e e w o k n u a y e ŋ k ɔ a k w ɛ
a a h a
a h i b a a s
a b a e e
b a a a ŋ a d ɔ i
s h a m a i e e t ɛ k e e
a i e k w ɛ e
s i n e k o
ŋ g b a s h a a e e e e e
b a a k
w o s o j a a e e
a a n y
ŋ w a n y i ɛ e e
ŋ a e e u u ŋ d e e
ŋ w o s j i a s a e
a w i ŋ s h w e e
b l ɛ e l e e a l ɛ m
a t e e k w ɛ k
a t a w o w o s ŋ t s a e e
b a a ŋ j u
b a a f ɔ e k ɔ k o ŋ j u
k u k o h a m ɔ
w i e
t s ɛ e u k i a e e e
ŋ a a ŋ a
b a a a w ɔ k
k a s ŋ g
ŋ h i s i b a e e ŋ t e
a d a s o e d u a a d a
l e k k u k o e e
s ɛ k w ɛ e
k p a h w a t e e e e
b a a t ɛ a n u o t a e
l ɔ m m ɔ e e ŋ k u k ɔ e e ŋ k w a
b a a h a m ɔ s h w i g b o e
a a h
ŋ b o e e w ɔ e e ŋ t s a m a n e e
b a a m ɔ e e a a l a
b a a s e e e d a a
b a a j a a k a a b i
l ɛ e a n u e e
ŋ b ɛ e e
a a k ɔ h a m h w i a
w ɛ e e m ɔ e e
ŋ h a k
d a a ŋ y e k o
ŋ b l a k l a k
a l ɛ m
ŋ s e l a a ŋ m l ɛ k o
j i e e p ɛ t
n y a s h a
ɔ e e e e
t u u e
y ɛ e k o
a a n a w a a k e e e
h ɔ i ɛ k p a a b a
ŋ a f o o s o k
i a e ŋ g b o i n e k e e
o t a e a a ɛ m ɔ a a ŋ a
a k p ɛ e e
ŋ ŋ w ɔ d o e e
b a a a a k a y e e e k p ɛ
j u k o d a k o
b a a b l ɛ h w s a k o
a a f a a a b ɛ k o
k u k w ɛ k
ŋ j a i s h s o e e e
s o e e a s ŋ t s a e e
ŋ t u i k i
a a n y h ɔ ɔ e
b a a j i e e
a a ŋ m i ɛ k o ŋ m ɔ ɔ
s o e e ŋ b l ɛ u u
h i e e ɛ k e e
ŋ g b ŋ w ɔ d e e
k a a s e
t s a h w i n y i
ŋ ŋ d a a i ɛ e e a k u
b l a w a k a a e e e
i a k o e e
a b ɛ t s a e a a s h e e
ŋ w i e b a a j
a a t u e e
a a b o g b o e k o
w o s a a w ɔ w ɛ e e
ŋ a s h w
a s e e a s a k a j i e
s w a e b o k o
ŋ a e m ɔ
b a a h a m ɔ k p a l ɛ e a s a e
f o y e e e n a e e
s h w a a d u
t a k o a j i e i e k o a a s a d a a
e l e e l e i k o i a k o
a a l ɛ
h w i a e u e e i k i e a n u k o
a h ɔ ɔ w a k o t a
ŋ j a a ŋ l ɛ m
w ɛ e ŋ w
s e e e b a a g k ɔ e e j o o e e e
j a a a w i a k
a w o t ɛ k o a j i a b ɛ o s n y i e e e
y ɛ e ŋ n a a l a a y e ŋ t u u
e k o
w i e k
l e a l a e e
l a e k o
i ɛ e e e e
ŋ b a a s
n a p ɛ w ɛ y ɛ e n a e
ɔ i e e y e l ɔ m e e
l e i ɛ k o
h a e e ŋ ŋ a t ɛ e
s ɛ s h a m
b a e e ŋ b l ɛ e e
ŋ b o t s e e
ŋ k w ɛ k w ɛ k
ŋ ɔ i k ŋ m a s w a a
a k p a f o e e
ɛ ɛ ŋ b o
ŋ ŋ j i e
a k a ŋ b ɛ
a a n k ɔ e e
a t s a k o
ŋ a k a s s ɛ k o a a ŋ
ŋ b ɛ s e e e
ŋ a y e e k o
b a a d u k o
t s u k e e
k u k o e e
n a k n u u e
ŋ m ɔ e i a e e a a b k o
ŋ n u y i ɛ e e e
d i f o n y i ɛ w ɔ k o
a l ɛ a a l ɛ h a e e a w ɔ l e e
f ɔ k o
b a a i k i ŋ f a i a e l
w i a k a w ŋ n u k o
a a t a a a y a t s u e
s h a e e
ŋ w i e h a e e
y ɛ k o
d u k a a t s
ŋ m a a b a a n
k u e e a y e e e
d a k t a k o a a d u ŋ k p a e e
a b i a a d i d i
b a a t e e e
ŋ l ɛ m ɔ
w o e e a a b l e e
b a a a a y b ɛ ɛ k w a a k
s o k o e e
w ɔ d b l ɛ e ŋ w i e e e
h a e e e
b a a s e e
b a a d i k i m ɔ ɔ
ŋ n y i m a a e ŋ k a s
ɛ k o a g b i w ɛ e
b ɛ ɛ k d u e ŋ w o s
j i e k m ɔ e k p ŋ w i e ŋ m ɔ k ŋ m ɔ k o k o
b a a h ɔ ɔ k
ɔ d ɔ i f a a k a f a a e e
a w a d u k a f o
a l b a t s w
a j a a m a a k o s o e e
ɔ i h a k o ɔ ɔ e
a a j i w ɔ l ɔ e e
ŋ h a ŋ a b a e e j u k o
a s h
l a k a k o e e
a j u w a a d ɔ i k
a m ɔ a a d f ɔ e e e e
a a t a l ɛ m
ŋ t e w ɛ e w ɛ k o
ɔ m ɔ e o t a e d a a e n e k o a ŋ m ɔ
ŋ j o o t s ŋ b a w ɔ e e e e
ŋ ŋ a ŋ t e
b l a k e e
f o e e e
i n e b a a y e e
ɔ ɔ a w b a k o t s e e
h w i a ŋ w o e e
d a k o e e
m a a k e e
b a a t w a k ɔ ɔ
f ɔ e e b a a f m ɔ ɔ e e e
d i k w i e e ŋ d a a
b a a s a ŋ k u
m ɔ k o l ɔ m ɔ
a a n y ŋ k w ɛ
ŋ a w i e f ɔ k o a a y ɛ
b a a ɔ ɔ k o
f o k a w ɔ k e e
k p y e e e e e
n a e e a g b l a a t s b a a g j o o
ɔ m ŋ s h a t s t ɛ e
t s i m a a k y ɛ k o e e e
ɛ m ɔ k ɔ ɔ e e e
s e e i a e ŋ j o o
b a a y e e
ŋ w i a e h ɔ ɔ e
b l ɛ n y i ɛ k k o
h a e e t a w e e
s h a k h i k y i ɛ e e e
d i k i n u u k o
e k o t a k o
a y e b a k o e e
b a a a b a l a k ɛ ɛ ŋ h ɔ ɔ
ŋ t s ɔ b a a s ŋ d u
b a a ɔ e ɔ i k d i k
a k p ɛ ŋ b l ŋ k ɔ k o
b a a ɛ t ɛ e b a a y a a l s h
b a a l e e d ɔ i e a h ɔ ɔ
w ɛ k o a f o k
b a a t e e u u e e
ŋ k u e e
w ɔ k o k o
w a a k j u e e e e
ŋ y e
h a e e a e w ɛ ŋ m ɔ e ŋ w o e e
ŋ a a d o s ŋ ŋ a s e e
t a w t s i
a a n a e e
b l ɛ o o k o f o k e e
b o e e e e
ŋ ŋ j u ŋ d u ɔ ɔ ŋ h a m a a ŋ s h a
a a w o t ɛ e e e e
ŋ b a a b n u u e
a a b o t a e a a j o e e
o o e b l a k
ŋ b a a ŋ n y
a a d g b i e h a m
a w o s w i a w o k o k o
t u u e b l a k
ŋ y a d u t s ɛ k ŋ h k o
a y ɛ ŋ k a b o f a a e h a k o
ŋ ŋ w o
k w d a a e e
j u e e
s w a e w a a
s ɛ k
k ɔ ɔ k b a a l e e
m ɔ e n u u k k i k
ɔ m k ɔ ɔ ŋ m a
ŋ m u u k o a a b a a b a e e
l ɛ k o e e
ŋ t s a ŋ d u i s h w
b a a ŋ k w ɛ e e e ŋ h a
a b l
y ɛ k o y ɛ e
a y a ŋ a e e e e
w ɛ e i ɛ k a b ɛ ɛ
b a a s a j o ŋ k u k o
a a k ɔ e e
ŋ k p ɛ a a d i n a k o
m ɔ e d u k o ɛ k o
s o k a a j i s w a
ŋ a d b ɛ ɛ
a j u k a t s ɔ
b a a h a k
b a a w ɔ e e b a a ŋ s h
b a a ŋ m ɔ e y ɛ e
j u k g b i e
ŋ f ɔ k u a h i e e
l ɛ m ɔ
k u e d a e b i k o t a ŋ t e
t ɛ k o a a k a
b a a s h a w o e e
a w i e
ŋ ŋ y d u e e s u k o
a j a a ŋ t a a d i k e e
a k p
a d i k e e
b a a o s o k l ɔ m
k w ɛ k
b a a u k o j i e l e e a a f
ŋ ŋ w ɔ k u t s ɛ m a n u
a a b i f o e e e e
ŋ t s i t u u e e
ŋ ŋ ŋ m a b o e e
ɔ m ɔ ŋ t e h i e e
a a t u f o k
a a h a e e
u k o a a f
w o e e f ɔ e
h a m h w i s y ɛ k k o
a m ɔ k o
a h a o o a i e e k o
ŋ j o o a a l a
ŋ d a a ŋ a b a k o e e
ɛ ɛ k t s u j u k
b a a ŋ
b a a a a d i
b a a a g b l a b a w ɛ k
a y ɛ a a k u e e e
b a a a f a g b l ɛ
a m ɔ e j a e e
w ɛ k o i e e e e e
a f a t s ɛ e ŋ t s ɔ
g b l a d i k e e
ŋ ɔ ɔ k o w a e ŋ m a a
d a a a a f a k a e e
ɔ ɔ e e ɛ e e
u k o
ŋ o s o e y e t s a k
j u k y e k n a e e
ɛ k o g b l ŋ b ɛ ɛ
k w b o k a s k o
b a a a a e ɔ m ɔ k
a a g a a j b i k
a a h j i ŋ k o t e e
a f o e k o
ŋ g b i ŋ w k o
a w ɔ d e e
l e e e ŋ l ɛ
t a w ɔ ŋ t a e e
a a f o j i e e t s i o k o j u e e k o
a s e y e e k o
f a w i a ɔ m ɔ k
w i e k ŋ s e
b a a w o s u e e ŋ w ɔ d
ŋ e k ɔ i s i n i n e
u u e e a a l ɛ k o
b a a t a a t s t ɛ k o
a b i ɔ d b a
t e e e p ɛ t ɛ k o
k i e e a g e e
ŋ b s u i a k o
b a a m ɔ e e y e e e
ŋ g b l ɛ i k o a a j u
a a j a s u k o a a s h
t s u e w ɛ e m ɔ k e e
b a a k a i k i k
a w ɔ e e
h a e e n e k t s a k e e e
a a ŋ b a e e a t s w e e
t u u e e w i e ŋ n e e
ŋ a g b i
y e e e ŋ a e k o
h i e e j a a e a a j ŋ t s w
d i k e e
ŋ b ɛ ɛ t ɛ k l a e e
a k a i h ɔ ɔ e
l e k ŋ a t s a a k p ɛ
ŋ i ɛ k o g b l n u u e
o e ŋ j o e e
ŋ a g b g b i
s w a a h i k p a s a
a a f o g b o k e e
a w ɔ l ŋ t u u
ŋ a j u a n
a m ŋ ŋ m ɔ a a t e e
a b o h a k e e
a ŋ ŋ l ɛ m e e
w o e l ɔ
b a a f o k a f o e y a e e
p ɛ t t s i e e
y ɛ e i ɛ e e o s o k e e
g b i e e e
a j a a j o
b a a e l e e
a n y i m ɔ ɔ ŋ t s w
ŋ h a m b a a k ŋ t a
a k o t k i e e e
ŋ a k b a a t ŋ k p ɛ a g b k i s ɛ m
a a j u s ɛ e
b a a ŋ k u i n e k a g b l
b a a a j a a i s h g b o k
t u u g b l a a d i k o
d a a k i k i k n u u e
b a a n a k ɛ t ɛ e
ŋ d a a a ŋ
b a a t s u e
ŋ a a e a a ŋ
y e a a n u k ɔ e e k o
a a d u
ɛ m ɔ a s e k
b a a b a a s k w ɛ k
ŋ g b o ŋ f a e e
y ɛ a i f ɔ a t s i k o
b a a n a e ɛ ɛ e j o ŋ k ɔ
a d a a d u k o
ŋ k a s t s a
s w a k b a a w ŋ t e e e
s h a e s h a k n e k i k s ɔ ɔ ŋ s h w
ŋ a ŋ m
ŋ w o ŋ s h d u e e
a j o o ŋ k e e
ɔ l ɔ s e l e e
a l a a a b o
a f o l e k o e e
u k o ɔ ɔ k
w a k o e l e k
b a a y ɛ ŋ g b i w a e e
a m ɔ k b l a e e
a b l g b i e e e
i s h w b a a t k o
a g b m a a f a h w i s e e
k ɔ k o t s u k i a k a a b a a d
y a e e a ŋ m a e e
b a a a k ɔ m ɔ y e ɔ m ɔ e
b a a l ɔ m s ɔ p ɛ t ɛ
k i k s i n e a a j e e
l a e k o s a e ŋ ŋ a
i e w ɔ l ɔ e e
ŋ n y i b ɛ ɛ a j a a k o
a a k w k o
a a w a i k y a k
t s ɛ k b a a n ɔ i e
k p ɛ t a k ɔ a t s e e
ŋ b ɛ
ŋ a a ŋ a d i k w i s
k a f o
u u e a j o o e e e
f o k o y ɛ y ɛ e a t s i t a e e
a ŋ m a s h a ŋ m a e e
a a ŋ m e e e
ŋ g b l t ɛ a a k e e e
w o a a j a f a a
ŋ ŋ w i e s i
h w i e e
ŋ h ɔ ɔ
ŋ ŋ ŋ k a s h a e e
t s w a l ɛ a m b l a e
ŋ j o
w ɔ k o s ɛ m ɔ a a j u e e
b a a j t a k o e e
ŋ g b i p a s a f ɔ e e ŋ l l a e e
k p ɛ t e e
i a t ɛ k a a w a
t u u ŋ l ɛ h i a a w ɔ w o s o
ŋ f a w ɔ k u k o
ŋ b l ɛ m ɔ ɔ k
i n e k o o k o
b a a y ɛ a k o s a
g b i e d u k o
o k b a a f h i e e
b i e e ŋ t s ɔ
ŋ d a e e
a t a w
ŋ d a e e o o k o
b a a d e e
y ɛ k s e k o b a e k o
y ɛ k ɔ d ɔ i ŋ k u a b ɛ ɛ a m k o
k i k o i ɛ l ɛ e e
ŋ m s u e b ɛ a b o
w i s h d a e e h a m ɔ e e
a a d u e e
ɔ ɔ k ɔ e e w ɛ s i n e
d i k a a d u ɔ m ɔ k e e
ŋ a n u u j a a k
a i k i e e a s a k e e
ŋ w ɔ l e e
b a a b o e e
s u a s h w
i e ɔ i s o k o a a d i
b a a d a e e
o e o t y ɛ e b a a y e e
l ɔ m e e
s h a k a s g b l ɛ
ŋ k a s ŋ a e e e e
e k o w a k
b a a d h i e e
j u k a a k
a f o k o
a j o b ɛ ɛ k e e
j a y ɛ e u u
b a a k i k o
ŋ t s a k a a n b a k o
t ɛ ŋ k p
g b o e ŋ h ɔ ɔ e e
s a k o m a a
b a a a t a i s s o e e
k w ɛ e a w k o
d i ŋ w i g b k p a
y a e o s o k e e
b a a l ɛ e b a e k ɔ ɔ e
ɔ l ɔ w i e e e e
t a k a a f
s a e t a e e a s e
ŋ g b l a w a e ɛ e a a w ɔ
ɔ i a a b
a a n y a j o e e
d u k s e k o e e
h ɔ ɔ h a m
b l a e ɛ m ɔ e e e
g b o k a a k e e
p a ŋ b a a l ɛ e e
ŋ b l ɛ w o i n e k e e
e k o ɔ i
b o e e b l m ɔ e e
ŋ d a e e a y ŋ b
a ŋ m ɔ ŋ j a a e e
d ɔ i e ɔ m ɔ k b a a k
o k ŋ k w
ŋ e k o
ŋ o o k k a f o
i k b o a t u u
ŋ d s o k o t s a e o s o e m a a k e e
a a h a
a a s e k o
ŋ d i k
k a i e ɔ ɔ e e a b i ɔ i e i n e e
a l ɛ p a a w ɔ e
ŋ k o t j i e k o
f ɔ e e b ɛ ɛ k a t i a k o
ŋ ŋ a ŋ s e l k o
b a a w o e e ɔ i k
a w o s e e
ŋ w i e e ŋ a k
a a b o b l ɛ k e e
i e e a y a
ŋ l ɛ k o
ŋ ɛ m d a a ŋ b ɛ
ŋ l a k y ɛ e h i e a a k p h ɔ ɔ k k w ɛ k
s ɛ k
b a a w ɔ e a d ŋ k a i t s w
i a e e s w a a s w a
g b o e k o
ŋ ŋ j i e a l u u e e
ŋ n e a k ɔ ɔ d a e e
ɛ t ɛ e i k i k
ŋ i ɛ e e w i a k t s i n
b a a t u u ŋ t s
b a a a n a ŋ b l p ɛ
h ɔ k p ɛ a h i
t s i y ɛ e o s ŋ f
w i a k
a w ɔ d k p ɛ t e e
e e e t s a a m ɔ e e e
e k o m ɔ k a s h w k o
ŋ n e k
s a k e e
h a a a b
a b a b i e a m ɔ e e e
ŋ a a k ɔ t s u k a d i
a t s w
b a a a m ɔ k a b a
s e l e o o e e e
b l a e w o s o
h i l e k o b a k o
s e k i ɛ e e e
ŋ k o t a h i w a k o e e
ŋ ɛ ɛ e a a s e
l e s h a m k u m ɔ ɔ e h i e e a s a j i e e e
a t u u e e
i e e e ŋ s h ŋ t s ɛ o k o
a a s h a t s i k o
ɛ t ɛ k ŋ a e e
ŋ k p ɛ
ŋ l m ɔ e e
a b ɛ m ɔ k
w ɛ k o k u o o k o ŋ k a k a i w o e ɔ i e e
p ɛ ŋ w ɔ j u k e e
b a a ŋ t s w ŋ t s i
d ɔ ŋ k u y e k ŋ j
ŋ h a e e a m ɔ
ŋ m ɔ ɔ ŋ g b o f ɔ k o e e
b a a s e e
j a a e
ŋ j e e
a t s ɔ
y e b a a y k a i k a d u s h a k e e
m a a w i e i s n e k o
a k a n y i
a s a e t ɛ e e e e
a t a a a h a ŋ h a a a j o a a ŋ a
b a a f a ŋ g b o
b a a ɔ d ɔ
ŋ w ɔ l p ɛ t g b l a
ŋ j i e a a t s ɔ l ɔ e e
ŋ s e l a t s ɛ
b a a s e k o
a s e k h ɔ t a k o
ŋ b o
b o a a w ɔ b l
ŋ t e e k a a s h
w i a e ɛ ɛ k n u a l ɛ ŋ n u u ŋ t s a k o
ŋ o t j o o e a i k o
ŋ k o ɔ m ɔ e
ŋ a k o l ɔ o s
ŋ t s u k a f o a b ɛ ɛ
m a ɛ e e e e
ŋ f k o t
t u a s h w w ɔ k o t s w a k o
ŋ w i a e h i e e
ŋ h ɔ l ɔ
b a a o s o e d u
ŋ b i w ɔ d a a k e e
s ɛ m b i ŋ g b e e
