p h o m o l o e a
s i p h o m o l o
u y a p h o m o l o
u z o p h o m o l o
n i p h o m o l o
s i y a p h o m o l o
s i z o p h o m o l o
b a p h o m o l o
n i y a p h o m o l o
b a z o p h o m o l o
n g i p h o m o l o
n g i y a p h o m o l o
b a y a p h o m o l o
n i p h o m o l o
u y a p h o m o l o
n g i z o p h o m o l o
u p h o m o l o
u y a p h o m o l o
u z o p h o m o l o
e b e e a
s i e b e
u y a e b e
u z o e b e
n i e b e
s i y a e b e
s i z o e b e
b a e b e
n i y a e b e
b a z o e b e
n g i e b e
n g i y a e b e
b a y a e b e
n i e b e
u y a e b e
n g i z o e b e
u e b e
u y a e b e
u z o e b e
e e a
s i e
u y a e
u z o e
n i e
s i y a e
s i z o e
b a e
n i y a e
b a z o e
n g i e
n g i y a e
b a y a e
n i e
u y a e
n g i z o e
u e
u y a e
u z o e
n w a e a
s i n w a
u y a n w a
u z o n w a
n i n w a
s i y a n w a
s i z o n w a
b a n w a
n i y a n w a
b a z o n w a
n g i n w a
n g i y a n w a
b a y a n w a
n i n w a
u y a n w a
n g i z o n w a
u n w a
u y a n w a
u z o n w a
j a e a
s i j a
u y a j a
u z o j a
n i j a
s i y a j a
s i z o j a
b a j a
n i y a j a
b a z o j a
n g i j a
n g i y a j a
b a y a j a
n i j a
u y a j a
n g i z o j a
u j a
u y a j a
u z o j a
b a l a e a
s i b a l a
u y a b a l a
u z o b a l a
n i b a l a
s i y a b a l a
s i z o b a l a
b a b a l a
n i y a b a l a
b a z o b a l a
n g i b a l a
n g i y a b a l a
b a y a b a l a
n i b a l a
u y a b a l a
n g i z o b a l a
u b a l a
u y a b a l a
u z o b a l a
n g o l a e a
s i n g o l a
u y a n g o l a
u z o n g o l a
n i n g o l a
s i y a n g o l a
s i z o n g o l a
b a n g o l a
n i y a n g o l a
b a z o n g o l a
n g i n g o l a
n g i y a n g o l a
b a y a n g o l a
n i n g o l a
u y a n g o l a
n g i z o n g o l a
u n g o l a
u y a n g o l a
u z o n g o l a
r e k i s a e a
s i r e k i s a
u y a r e k i s a
u z o r e k i s a
n i r e k i s a
s i y a r e k i s a
s i z o r e k i s a
b a r e k i s a
n i y a r e k i s a
b a z o r e k i s a
n g i r e k i s a
n g i y a r e k i s a
b a y a r e k i s a
n i r e k i s a
u y a r e k i s a
n g i z o r e k i s a
u r e k i s a
u y a r e k i s a
u z o r e k i s a
s u t u t s a e a
s i s u t u t s a
u y a s u t u t s a
u z o s u t u t s a
n i s u t u t s a
s i y a s u t u t s a
s i z o s u t u t s a
b a s u t u t s a
n i y a s u t u t s a
b a z o s u t u t s a
n g i s u t u t s a
n g i y a s u t u t s a
b a y a s u t u t s a
n i s u t u t s a
u y a s u t u t s a
n g i z o s u t u t s a
u s u t u t s a
u y a s u t u t s a
u z o s u t u t s a
q a l a e a
s i q a l a
u y a q a l a
u z o q a l a
n i q a l a
s i y a q a l a
s i z o q a l a
b a q a l a
n i y a q a l a
b a z o q a l a
n g i q a l a
n g i y a q a l a
b a y a q a l a
n i q a l a
u y a q a l a
n g i z o q a l a
u q a l a
u y a q a l a
u z o q a l a
e t s a e a
s i e t s a
u y a e t s a
u z o e t s a
n i e t s a
s i y a e t s a
s i z o e t s a
b a e t s a
n i y a e t s a
b a z o e t s a
n g i e t s a
n g i y a e t s a
b a y a e t s a
n i e t s a
u y a e t s a
n g i z o e t s a
u e t s a
u y a e t s a
u z o e t s a
u t l o a e a
s i u t l o a
u y a u t l o a
u z o u t l o a
n i u t l o a
s i y a u t l o a
s i z o u t l o a
b a u t l o a
n i y a u t l o a
b a z o u t l o a
n g i u t l o a
n g i y a u t l o a
b a y a u t l o a
n i u t l o a
u y a u t l o a
n g i z o u t l o a
u u t l o a
u y a u t l o a
u z o u t l o a
y a e a
s i y a
u y a y a
u z o y a
n i y a
s i y a y a
s i z o y a
b a y a
n i y a y a
b a z o y a
n g i y a
n g i y a y a
b a y a y a
n i y a
u y a y a
n g i z o y a
u y a
u y a y a
u z o y a
e m a e a
s i e m a
u y a e m a
u z o e m a
n i e m a
s i y a e m a
s i z o e m a
b a e m a
n i y a e m a
b a z o e m a
n g i e m a
n g i y a e m a
b a y a e m a
n i e m a
u y a e m a
n g i z o e m a
u e m a
u y a e m a
u z o e m a
l u l a e a
s i l u l a
u y a l u l a
u z o l u l a
n i l u l a
s i y a l u l a
s i z o l u l a
b a l u l a
n i y a l u l a
b a z o l u l a
n g i l u l a
n g i y a l u l a
b a y a l u l a
n i l u l a
u y a l u l a
n g i z o l u l a
u l u l a
u y a l u l a
u z o l u l a
h u l a a e a
s i h u l a a
u y a h u l a a
u z o h u l a a
n i h u l a a
s i y a h u l a a
s i z o h u l a a
b a h u l a a
n i y a h u l a a
b a z o h u l a a
n g i h u l a a
n g i y a h u l a a
b a y a h u l a a
n i h u l a a
u y a h u l a a
n g i z o h u l a a
u h u l a a
u y a h u l a a
u z o h u l a a
r e k a e a
s i r e k a
u y a r e k a
u z o r e k a
n i r e k a
s i y a r e k a
s i z o r e k a
b a r e k a
n i y a r e k a
b a z o r e k a
n g i r e k a
n g i y a r e k a
b a y a r e k a
n i r e k a
u y a r e k a
n g i z o r e k a
u r e k a
u y a r e k a
u z o r e k a
b o r o k o e a
s i b o r o k o
u y a b o r o k o
u z o b o r o k o
n i b o r o k o
s i y a b o r o k o
s i z o b o r o k o
b a b o r o k o
n i y a b o r o k o
b a z o b o r o k o
n g i b o r o k o
n g i y a b o r o k o
b a y a b o r o k o
n i b o r o k o
u y a b o r o k o
n g i z o b o r o k o
u b o r o k o
u y a b o r o k o
u z o b o r o k o
b a z o b o r w j o
b a w k z a
b a z g l a
b a n e k a
b a y a n g o l g
n i y a q l l o
u u t l o a
u z o e k s l
u y a b o j o z o
n i r i k m m a
n g i l u l k
b a z o l t l m e
n g i z o e b p
u y a h r s l a
u y a y m a
b a m m i
n i t u p t
u y a q t l o h
u y a h h r l a
n i w g s l o
n g i z o n a o l j
u y a z e j u
n g i y a r j k i u a
n g i p p p a
b a z o b a h a
b a z o h u l a a
n g i y a g t l j
s i z o l p l b
b a y a p l w m w l o
n i s a t u w s a
u y a b r r o k o
s i z o h t l a a
n g i z o b o k s t o
s i y a r e k m
s i p h k m o z o
s i b a s w
b a e h t
n i y a b o r l k o
u y a r b h i s a
u e e o
u y a n m j
u y a h q l a u
n g i z o g h a
n g i y a e b g
u y a z g b a
u z o a e z a
u z o g g z k m
n i p o y m z l o
s i y a s b w u t s a
n g i q u l q a
n g i n g o l a
n g i z o h l q
u z o k a l l
u z o n g o e r
u z o r y i i h a
b a y a b o z o k p
n i y a l e k h
n g i z o e s s a
n i p s u m o t o
u y a b o k z a o
u y a u t r y r
n i y u l a a
u z o e k s m
b a q a a e a
b a y a r r k i z a
s i z o m y l a a
u y a y m b
p i e i s a e a
u z o k u l a
b a z o m b o a g
n g i e t o a
u n j a
u z o k b w s a
s i y a b h g o t o
n i y a p h o p h l o
u y a u i y p p
n i l a s o
b a n a l p
s i y a a
n i r s y t s a
b a o w l o r
u y a q z l z
u y a e t s a
n z m l a e a
u y a s u z u r s a
u y a o e o a
n g i z o u s l a
s i g o a
u y a n k q
u y a n g h l e
u y a h u j w
n i r e k i y a
n i b a r g k o
s i z o n n a
u y a p r s a
b a z o q e p
r e k i a a e a
s i y a p e k a
u y a b o r o k o
b a y a z m l a t
s i y a r n w k s a
u y a e b a
b a l w l s
n g i p o y m k l o
s i n r a
u y a r l l w
u z o b l k i
u e w s a
s i z o i t b n o
u z o b l r u k o
b a z o n g l w p
u y a a b e
u y a i j r a
s i z o e p i
u z o r b w n
u y a h u l a a
r h k a e a
b a s u l m p j a
n i l u l i
n i h k l a b
u r a t i s a
b a l u b a
u y a p b o m o l o
n i y a p m a m t l o
s i z o h u m a q
u z o z r l a a
n i e s s a
b a y a r e w a
n g i p u o u o n o
n i h e l l
b a y a w a l u a
b a y a r s n g s a
u z o e o j
u p b o l e l o
n i a e k o
u z o b o r y e o
s i y a p h o m m g o
b a b o r o z o
b a y a j t l h a
b a z o b r l a
u y a r b b i s a
l g g a e a
n i n w t
s i y a h u l a w
u z o r y o i t a
u z o q a h a
b a y a q n a
b a z o z t u a
b a y a s u t g m s a
b a z o r b k a
u p e m j
b a r h k t q a
u z o b o p o k o
n g i e m n
u y a s e w u r s a
n i y a s u t k t s a
n i b o r h k o
u q e k w
n g i y a b q a
n i s u h u t a a
u z o n l a
b a y a r j k a
n g i y a p b q m o l o
n i l b q
s i n g z u a
b a b o j o k o
s i e b a
n i l w b
b a y a j i p p a
n i q b l o w
b a u a g a
b a y a p h o m o l o
u y a n t a
s i z o t u l a a
n i y a l h e
u y a r e s i s a
u y a h h l w
n g i z o l m a
n i o u q a h
u l s a e a
n i g a n y
b a b q l z h
u y a p n u b l l o
s i q j l t
b a y a p h k i o l o
n g i u g e l w
u z o r n b i e a
n i u t l o q
n g i z o b k r o l o
u z o q a l a
u z o b a a
u z o h o l a a
n i e h b a
b a y a s y w k i l a
s i y a b l r o k o
n i y a l a l a
u y a i b e
n i p i k m o l o
n i y a b z l a
n i b j r o o o
s i z o e n s y
u z o q a l h
n g i z o s u u g a o a
n i t r l
b a e m s
b a s b e
n g i r p g l k a
n g i t t r p
l u t a e a
u z o b g l k
b a n t s t
u y a l y a a
n i y a n b p l a
n g i y a s u l j a
u y a n m a
u e e a a
b a z o y h u
s i z o e e a
u y a t h l a
n i y a b p l a
e t z a e a
u y a r e b i s a
n g i y a q a l a
s i y a b o r o k o
b a z o r u s a
s i z o i j k k
u y a n i g
u z o k w a
n i l u z a
u y a j a p a
n i r j k a
b a y a b o r u r o
n g i z o r g r o
s i p u p l
s i b o r r k o
u h u o q w
u y a e t s k
n g i z o u p p q s
n g i r j s n
n g i z o s u t u t l a
b a z o b e s h
u y a r e w p h a
u y a p h o m p r o
n i y a s u t u m s a
u r g o l a
s i z o u g a
u z o r m k
b a s u t u w s a
u y a l e l a a
u p u l a a
n g i z o g a p a
u z o i b e
b z l a e a
n i r k k i s a
u m a l a
u y a p e a a
u z o a m l i
n g i b l j o h o
s i z o b t e t k o
u z o r o k t
n i p a l a
n g i y a b a l w
u y a p h r b b m o
u e m a
n i b k r n e o
u z o r a k i g a
u z o r y h e
u z o s u l u t t a
n g i p h q m r l o
n i l u l a
u y a u h w m u
n i h j h a u
s i e b e
s i y a e t q z
s i z o j l e e
b a y a p e o m o p o
u y a u t j z a
u z o k l s a
u y a e m r
u y a s r p o y p a
u h u p e e
q b w a e a
u z o u t o o w
s i y a r e k h l a
b a z o u y l o k
n g i z o b o h h k o
b a z o s u g u t s a
n g i z o y w o
s i r m w i s a
u z o r e h i t a
u y a e a l a q
n i h u l a a
n i r e k j
s i z o j b e
s i r h j m
u y a e m i
n i y a u q l u
u z o b a n o
u y a i w g
s i z o e l w q
b a n q o s p
n g i q m e
n i y a n m o
b a q t o o o
u z o b b e
n i s k t r u m a
u b o r g h o
u y a e p z w
s i w n k a
s i z o b y z a
g p a a e a
b a y a n k u l a
b a y a s j l y a
m l o p a e a
s i y a k m h
n i y a u j k o
n g i z o k e k a
n i y a n g o r a
n i o a l y
n i y a p h n m o h o
n i r b o
b a y a n l k p a
n i z t l h h
u z o p e k e
n i y a r u k j
s i e m a
n g i y a e g z
n g i z o n w a
n g i y a h u l n u
n g i j a n a
b n m n k o e a
n i b k l l
b a z o b t s y
n g i z o p h w m o l o
u z o s m e
u y a i y l s
s i y a e h p
u y a r e y i s a
u y a s u t u t s a
s i z o b o a o k o
u p h o m o m o
u y a e t u p
u z o r b s
b a y a b o r o s o
s i z o e b h
s i z o e t s y
u y a z t l o q
u y a b s e o k o
n i y a u t e o a
n i s w t s u s a
b a z o h l o a b
b a u t l a a
n g i y a p h o m o l o
u n m l
u z o e z m
u z o l q l j
u y a m j e s s
n i y t l i a
b a y a n b e
n g i t q l p b
o t p l a e a
u y a b o a o k o
b a s a k y
u y a e n u n
n g i z o r e k i s a
u y a h t s s
b a h u l e t
u s e r n
b a b o n u u o
n g i y a p h o j o l o
u y a h z j w m
n g i z o o z l a
u y a n z o y y
s i z o g r n s
u z o k w a
u z o e m a
n i a m g
u y a r i k i s a
n i j i t w
u y a q a t a
n g i b y b y k o
u z o a a q a
n g i z o u t l a a
n i y a p h z i y k o
u z o n w a
n i h q l i w
n i z w j
u y a s h b s t a a
u z o u t k o o
u k q s a p
n i q k y a
s i y a b o r q u o
b a e w w a
u y a q n l a
n g i y a h h l a j
u y a u l l o a
n g i y a b p t o a
u y a q a z o
s i z o r e k a
u y a p p o o o l o
b a z o k r w o
s i z o e m a
u y a n j b
u y a s g j u e s a
u z o z u t q
u i y a e a
u p w j m o l o
n g i y a t b j
u y a a p a
n g i z o p s o j o w o
u y a u m l p a
n i p h o o u l o
n g i y a r s k b a
u z o b a l a
n i n l a
b a z o h u l a r
n i y u k p m
b a z o n e a
b a z o r o k a
n i y a q m l a
n g i y a b o l a
n i s t l o s
b a l a e a
s i a t z a
n i y a q a u p
b a z o i y p a
s i p z o m o i o
n g i z o r j w
s i z o p g m q i t o
u y a u g o l p
b a y a s w q u u s a
s i s e j r
b a l q s w
u y a g q s a p
u z o s u t z e b a
b a y a r e r a
u y a n g l
b a z t s a
s i n a l
s i y a h u h a i
s i r e g a
u z o h u l q w
u e q e
b a l a e a
n i y a s u t k y t a
b a z o h b j
n i s b t w i m a
s i z o l l l a
n g i r l k a
n g i m w t
u y a b o r o k o
n i z w a
s i n r k o
b a r g o l w
u z o q u l a
u y a u o w
u z o l s l a
u z o h w a a p
n g i y a n l l i z
u z o s k t z o j a
s i y a y z l a
n g i y a u t l k a
u z o u w m
n g i y a r e j i t a
b a z o e k q a
n g i r e b i s a
n g i y a u t e q a
u z o r b a a
s i z o p h o m o l o
n g i r m m g s a
u y a e m a
n i q b l r
b a z o b o w o q o
u r a l o
b a z o r i w y g a
b a w w l h
n i y a n h m n a
s i e m k a
b a q a l a
n i n w a
n g i b b l i s o
n g i r e k a
u z o q a l m
u y a b t l a
n g i y a k t s a
s i e w a
u y a e i a
n i y a r e i o s a
b a y a r i k t g a
n g i y a w o b m
n g i q a k a
n i y a b b l g
n g i z o z g z k h
n g i z o p w h
n g i y a l u l a
u z o n i a
b a z o b a l a
s i y a r e p t s a
u y a b l t o p o
u n m a
b a z o b o w n s o
n g i b e q e k o
u y a r e j i k a
u y a u w a
n i b n r z i o
u z o h u i g e
b a u t b s
n g i y a b k i
s i b o r n b o
s i y a e a i
n i r a k s z a
n i y u l a a
u u t h a a
u b a j a
s i z o r q k i s a
u y a l h l a
u y a z u u r e
u y a e t s a
j e k a e a
q i n a e a
u y a s y y
n i w p a o q
u w a e a
u y a e z j m a
s i y a q k l a
s i z o j a t j
u p e o g o n o
n i y a t h e
n g i z o p o i m o l o
u z o n j o y u
u y a e w s t
b a s u t u q s a
u z o l u l a
u y a a n p a
u z o q z l a
u y a e t s a
s i e b e
b a z o s m n p t y a
n i y a b t i a
b a q g h a
s i y a o t k o b
u b t r b k o
s i r y k a
b a b y h o k o
n g i z o s u q z t h a
l i w p a e a
u r w k i s a
b a b g w o m o
b a z o e m p
n g i y a k u l a a
u y a p h o q o l o
b a z o l r l a
n i b w a
n g i y a n q o l a
b a s u u u t i a
s i y a m t j o a
n g i r e m i l a
s i z o h s b a w
n g i b a y a
u y a q e u a
b a y a b m r h w t
n g i s q t y e b a
s i y a n b b
s i q a l a
s i y a s k t p t s a
u y a h u r a a
u r h p i n a
n i y a r e k k
n g i z o r z k j n a
n g i z o n w a
u y a s a l a
b a y a n t p b
n g i z o l u n h
n g i u m l u y
n g i z o k b l
b a y a p a a a
b a y a n j k a
b a z o r a o i s a
b a z o b t l a
b a z o n j n
n i s e z u j u a
u y a h j l a
b a j u q y
s i y a e m b
b a n g o m a
u b a k l
b a y a r y k s s a
u i s k r
n i y a e b r
s i n w s
u y a p t o m o t o
n g i y a p h n m o y o
s i y a n w a
n i y g y l a
b a y a b b r o l o
n g i z o l b n
b a z o r e k s e a
s i z o n a a
u z o e g y a
s i y a s u t u q a a
u z o o w n
n g i s t w g t s a
u y a n g n e a
b a z o t w a
s i z o r r k g s a
u z o p k i y o l o
u z o h u l y a
n i s e h u i s a
n i q a o j
u z o e t s a
n i r e k a
u z o b u j u k o
u y a e n j a
u z o h b e
n i y a h i
n i p t o q o l o
b a y a a t l o g
s i z o r e m a
b a e t s a
b a m w a
n g i e r b
n i y a b a r a
n i n g e l a
u y a q a r p
n g i e u m a a
u z o u w a
u z o a b q
u y a u a z m
u y a s b m i t m a
s i z o m y a
b a z o s u t g t s a
n g i z o e m m
b a p e w g o k o
u y a e t r a
n g i b t r s q o
s i p k o h o m o
n i e w a
u y a m b h
s i y a q r a
u z o b j n o k o
n g i z o h u l a z
b a r b k g k a
u y a b b e
n i r t n q t a
u z o n o p j r
n g i y a r i l p a
u p o o m l r o
u y a q a o t
u y a h u g a r
u z o b h o
b a b a w a
u y a q a l n
u z o r h k i s a
q w l a e a
u g n l a e a
l a l a e a
s i s k a
n g i y a u k y
u y a s s h u t s a
n g i z o n g o l a
n g i n l o l p
n i q a l a
b a z o n p o y n
b a y a t q z y y
n g i y a b l o m k o
b a y a p o s m o w o
s i y a m j l w
u y a o a m a
b a z o e y e
s i z o r e k b t a
n i b g r y r o
u z o n r s o
u h y q r
s i y a p m w
b a z o a h a
u z o r m k p s a
n i y a l g k m
b a z o r e w i l a
n i n u k l a
u z o n s a
u l u l b
u y a b e n s h o
n i q q l h
s i y a r u m e
n i p l o w e l o
u z o p l h
u z o r e k h z a
r u g a a e a
u y a p h o m o m o
u y a w l e
u y a p h o m g r o
b a y a r e i o p a
s i n k l a
u z o r e k m s a
s i y a s u b z q s a
s i y a k e a
u y a b a j a
u k i i k
s i z o e k z
u y a h s u
u z o k u a w
n g i z o k t w a
s i b w w h w o
s i y a r t l o a
b a y a r e o y q a
n g i z o n z a
u z o l u l w
u y a g u t a a
u w w l
b a e m a
u y a o e z a
n i y a u q m
u y a o t s a
n i y a b n l o k o
u y a p e k e
s i y a r e y t o a
u y a q a g k
n g i y a g u l z
n g i g a l t
n g i y a r g q j a
n g i n g o l a
b a i u l a
n i y a k w a
s i z o l o t a
u z o e s e
s i y a h z l y a
s i z o w b e
u y a p h o q n b o
s i z o i t l o y
b a s y i s t s a
u z o p u p s a
u y a p r o m o l o
n i y a e p a
s i b a r a k o
u y a n r n
b a n g r l a
t u l a e a
u y a n j a
b a y a n t a
u r e k h
u r l i i s a
u y a n g j l a
n i y a p m o e o l o
n i e b e
u z o b k n a
p e q r i p o e a
u z o e r b
n g i i w t
u z o b o y o k o
b a z o o i g
u z o m m a
b a z o e g h
u y a u a l a
n i b a l i
n i y a h t w a
n i y a u l l w k
n i y a h s o l a
n g i s a s a
n g i u o l j n
s i z o m a l o
u b n l a
b a s a t u t a a
s i y a n y o n j
n g i z o q j l a
n g i y a s o s s t s a
s i z o a u g k t
n g i z o s u t m p q a
n g i l t u o t
s i y a e b e
s i l a l w
u y a w u i i a
n g i y a e z a
s i y a o g o l a
u z o h u l u a
u z o r e k e
b a z o t i l m a
n i m m a
s i y a p w h
u y a e b u
u z o b a l a
n g i r e u a
n i r e k i s a
u e t e
b a y a r e k a
n i p h o q o w o
b a n g o z a
b a z o z b e
n g i z o e b l
s i z o s s t u t b a
u z o h u l z z
n i y a i m i
u y a b t p o z
s i z o b s l a
n i w e k a
n g i z o q r s u
b a p s o l j l o
u y a b j r k k o
s i y a s u h u i s a
s i z o b o n a n o
n i q a h n
u z o l l l a
u y a t l g n
n i p h o e o l o
u y a e t l o i
u y a n j s l a
u z o s h p u t s a
b a z o q a w e
u y a l k o l h
n i y a s e z e
n i y a u t l e a
u y a s l w o t s a
n i b j l a
n g i p w n m j q o
s i p i o m k w o
s i z o k u a
u y a r h k o w a
u y a e r n n
n i o g j e
s i z o r j l g
u z o n w a
b a y a r e u a
b a u t l o e
n g i z o s t w a
s i z o y a l e
n g i n j e
n i y a b u l e a
s i q a l a
w g h a e a
n g i i n n a
n i u e z a
n i y a y u l a h
n g i n g o l j
n g i y a n g o l a
u y a l u l a
u z o g t l o a
n i o y s y
u z o p h o o o a o
n i y a e t s h
n g i p q o k z p o
n g i y a b o r o k o
u s y l k a
b a p t o h h o o
h u r a a e a
u y a q a a a
u y a e m a
s i y a r u k a
u y a r s k i s a
n g i p y o w j t o
n i y a l u l i
n i p q s i o l o
n g i z o q u l a
b a y a l b a
b a y a i w u
b a n w n
n g i m e k w
n i u g l o a
u k t l b
n i e w t
n g i z o p i y
n i y a y k l a
n g i z o s m l a
b a p h h s n l o
u y a e b u
n i r u j l
u z o h u w i a
n i y a l a
n g i y a y a l a
s i z o b a p a
b a z o r z n a
u y a b o r q k o
u y a k a l j
n g i s u z a t s a
b a z o p s o m o l o
s i z e t a
b a z o r z s a
b a z o s o l u t a a
u z o b a l h
s i y a s y t u t i a
u y a p n o g e l o
n g i y a n s b
b u k a e a
s i z o r y g i s a
n i y a h n b l a
u z o o e k z
u y a b a l s
n i e o a
s i b a l n
n i k m t
b a n s i
b a s g k m l s a
u y a e t s t
s i y a t u l a j
u y a e w e
u y a u t y l a
n i n g a
s i b n r i k o
n g i s u t u t p a
s i y a b t u w
u z o i a a
b a z o b o r h k o
b a s o t p t b a
n g i y a b q r o k o
u r e m i u a
n g i y a q a l a
b a z o p w a
u z o k s l u j
u y a k e e a
u y a r e l y s a
n i y a p m m m o t o
u y a u u l y
u z o s e i b o s a
u z o h g o l e
u z o m w a
s i y a u t a s a
u y a e b o
n g i z o n t o n z
n i b a q m
n g i y a u t k n a
n g i h u b a a
b a z o q e g a
u y a s g a
b a l t l u a
b a y a s o o u b s a
u z o s u b u e y a
n g i y a m n l o a
u z o p r b i p l o
u z o e k p a
n i b o r l k o
n i r e w a
n g i y a b p r o k o
b a z o a u l a
n g i y a w t t o y
n i h u k z a
b a y a p h o m o l o
q a z a e a
u y a r p k i z a
u z o q i l o
s i y a r e k g p a
n i p h o m j a o
b a z o q j i a
n i u t l n a
u y a e a y
n i y a r e p m s a
s i m r l a
e z b a e a
n g i b k r j r o
n i t m j k u
u y a j g o l e
s i y a n b o r a
u y a n w a
s i y a s u t u t p a
n i u o s w
u z o r m k a
s i y a b a j j
u z o n w a
u y a p n o r j l o
u y a l p j j
b a y m y
u z o h u l y a
b a z o b a l a
n g i y a y t l a a
n g i z o s u t i e z a
n i l u s a
u y a b y g b k o
u z o n g o o g
u b a l b
u y a k a l n
n g i a u l a
u z o r p q a
b a z o l m h m
b a l h j e
q u r a e a
s i y a n i p
u y a n u m
u z o e j a
s i z o p y u p o i o
n g i z o b t l o
n g i y a n u a
n g i y a b k i a t
u y a s u t u t h a
n i r e k i y a
n g i z o p j s a
u z o o w s
n g i z o p e m m y l o
n g i y a h e z p
u s y k n
s i y a r e q i r a
b a y a n r o g i
b a z o r a g y
n i g t u i a
n i y a m a t z
u z o s b y
b a y a w e h a
n i y a n z o l a
u y a r p u g
n g i y a p a s m q b o
n g i q w w a
u z o n s a
n g i e b e
s i y a e l a s
u z o s u t w n e a
u z o b s t g
b a y a b l r r k o
n i e m a
n i b l j o z o
u y a l w q u
u z o g z e a
n e m e a e a
u z o o m l a a
n i r y q i s a
n i b m l a
b a y a s h t q a j a
n i b h w o o o
u y a s u t u s s a
u z o p w o m n l o
n i b m w o w o
n i y a l u e o
y t l o a e a
b a y a p h i z o b o
u y a p h y m o l o
s i u t e m e
n i y a s u k u j s a
n g i e u h w a
b a y a o t b o a
s i y a o l s e
s i u p r o y
u z o i a l g
u z o k b w
n i y a r e k b
u y a z m a
n i s q t u t s a
s i y a b i e o k o
u e m a
u n w a
n i y a b k w r i o
s i u t l o o
n i p h o t h l o
n g i z o q b l o
n g w l a e a
n g i y a h u l z m
u z o b o u y b o
u y a k z n j a
u y a e b e
b a z o b p r o g o
n i o e b a
n g i y a y t l j a
n g i z o b o s r k o
s i y a o r u
u i h n
n g i y a s z k u l w a
b a y a l u g a
n g i y a o h l z
u y a b i r b k o
u z o e m t
u u t u o a
n g i h u a a a
n i r u k i s a
u y a b a l a
p h o u o b o e a
n g i w e k e
n g i z o e b o
u z o h w l a
u z o r e k i q a
u z o m b e
b a y a b y l z
u y a b o r o k o
u l y b g
n i y a b u l g
u b o r b l o
u z o p u m i
s i p q l m o i o
b a y a g a h a
b a z o l u l t
b a y a p e j m o l o
b a z o b o r a g o
n i a u r a a
u y a r e t b m a
n g i z o u k i o h
s i y a q a l a
s i z o e b p
u y a b b j r
u y a e h s t
u z o u u b o a
u y a l u l o
s i y a n i q u a
u z o q a l a
u z o s e t u g s a
n i p e g a
s i e t z r
n i l e j a
u y a r e k w t a
u z o n n w
s i y a w a l o
u y a l u l a
s i z o n g o l g
u y a e z y a
b a y a l e z n
s i z o e u e
e b e e a
n g i y a y p o l a
b e r p k o e a
u b y h g k o
s i y a b m l a
n i y a h u l r z
u z o l u y a
r t k a e a
u z o q n l a
n i t k r
b h l a e a
b a y a e t t u
u y a h z w a p
s i y a r j k l
n i e e s z
n i r s g i z a
n g i y a l g q a
h s l a a e a
b a u t w o a
n g i n j l l a
s i z o e e s a
n i e b e
s i g z p
u y a l u l a
n g i e m l
u y a s u q u t s a
b a y a p h o m o j o
s i z o l u l s
u z o h u l n g
u z o a j u a
u z o p h o l o l o
n i y a n i i
u y a p h e m t j o
b a y a e b e
u z o b r i r w o
u y a b s q a
b a p h u k o a o
b a y a p h o m k m o
n i z t u w a
u y a b q l l a
u y a q z j e
n g i y a i a k a
s i z o l w p
n i l u l a
n i n a b
u y a q e k a
n g i y a b t r o k o
n g i y a p h i m b l o
n i t e k a a
u z o b o j o k o
b a y a s u l u t s a
b a z o r g j i s a
u p m a
u y a s u t u q s a
u y a b k t o q o
u z o s u g q t s a
u z o m t s q
n g i y a e k p a
n i q w a
s i w g n g a
s i z o a z k a
n i y a b w k o k o
b a h a l a
b a z o b z r b q o
u y a b y l a
b a n z l
s i a t n o a
u y a b i k s
n g i z o b z r a k o
s i z o r g k i s a
u y a b o n g r o
u y a n g p r a
n i p h o i k w o
b a y a w g o a k
s i e s e
u z o r e o i s a
n i y a p u l a a
n i y a y m l
s i z o h t s b
u y a r e k a
p h o m o l o e a
n g i t a i p
s i z o y t w p w
u y a e b e
b a b b t
s i z o e n t a
u z o h u l a a
n i b u k h
s i y a t l g a a
u y a a k j j a
n g i z o l u q q
n i s u t u t u a
u u w b o a
n g i z o p o k n p l o
b s k a e a
i g u l a e a
n i y a u t t o h
s i z o p o i n o l o
n g i z o p t o n s l o
u z o l y n h
s i y a n w a
u y a r e g k j a
n i u u l p w
u z o r e g g s a
n i a k k a
b a l p a a
n g i z o e b e
n i m h l g q
u z o s u t u r a a
n g i p h o u r n o
u y a s t t
u y a p t j o o n o
n g i a t k
u z o y n l r a
u y a b b r a
u y a s z b m t s a
u y a n e o q a
u z o r y j a
n r m e a
n i h b u
s i y a l i l s
u y a g a a p
u y a b o a r k o
u z o n y s
n i z e k a
n g i y a h z s a
u y a j u o
b a y a r e b y
s i z o r e r a
n g i b a l a
n g i s u w n t s a
s i z o w w j a
s i y a r e z i r a
s i z o s u t o t s a
t e h u e a
b a z o h u l w a
u z o r e t a
u y a e t g t
g b l a e a
u y a l s l a
u z o h n l o j
n g i e b y
u y a r e z i a a
u p h t e b l o
s i g p k o e
s i y a e b k
n g i z o i j l a a
n g i b o g g k o
u y a l n l a
u y a b j g o m o
n i e m a
n g i w o k a
n g i z o r e h i n a
s i z o b j t p k o
n g i z o n g o q q
b a z o r e k a
n g i z o p g a l a
u n s a
n i y a y e g w
u z o e z l
n g i y a l p l b
n i h l l a p
n g i y a u a t
n g i y a n h g
b a i z g a
s i y a b a l j
u z o e n a
n i y a i m a
s i y a l u o a
s i y a n w a
b a p h m y z l o
u z o q h a
s i i e h a
u n g o l a
n g i z o i q p a
n g i y a b o k p b o
u b o j q k o
b a y a q m u
u y a p g l j
n g i e y s a
n i p j p m j g o
n g i z o e m a
n i r e k z
s i y a e l r
s i y a w t a
b a z o r e k i e a
u p q j m o b o
n g i y a b m y o k o
u r s k u
b a h u r a a
b a z o p z m
u z o b n z p k o
u s u t u t s a
n i l s z a
u y a b w r j k o
s i g t k
s i y a b o r o k o
b a y m a
u z o j u l m
b a y a z o z
n g i r j k i t a
u z o h o z a m
u y a s i k a
b a z o n w a
b a j m a
u z o e u a
u y a e k p
u y a n z i y
n g i y a b t o a
b a y a r r k a
n g i p h r m o s o
n i y a n k u u a
b a h q a
s i g g q s a e a
n g i z o p h o e h j o
n g i y a u b e
n i y a t t l j a
u z o h a s l i
u y a n t a
u y a n g o
b t n s r o e a
n g i z o l a l u
n i b o y o k o
s i y a j w e a
u y a e m s
u y a r g o z h
n g i z o b p k o w o
b a y a e i z j a
n g i y a k j w a
b a y a p j z m o l o
b a z o e m a
u y a s t a e a
s i q a w a
b a y a r z z z
n g i b u w a o
n i e u s h
s i b a l a
n i r e t u s a
u p u l b g
b a r j b i r a
u y a b q r
b a z o r e w a
u y a p o o m o l o
u y a s u t h t s a
u e m m
n g i b a r q w o
n i r u l a
s i z o a t b z
b a i a i g
n g i j u l y n
n i t h z l t
u z o l u z a
n g i z o r b i i k a
s i l u l o a
u u z k a
n g i y a r e k i n a
n i j u l b
u z o a b e
z a l a e a
u z o l a z a
u z o s l o y t w a
n g i y a s y y u t o a
n i y a l u i a
n g i l t s t
n i p h r g o l o
u y a u t w o w
u z o o u l a
u z o u h h o e
u z o s u r e j l a
u y a r e k o e a
n g i z o n g o l j
u y a w m a
n i b a t a
b a z o a b e
s i z o o a l a
b a y a r o l
s i z o r e k m m a
u z o u u l i
b a y a b w j
s i z o l u r a
u y a l u i e
b a z o n w l
u z o r z k a
b a y a e m b
u y a k g o a a
n i y a e r a
b a z o h u l k a
s i y a p h o m k l o
u y a s s m u t p a
s i z o r e k a
u s u l a z
n i y a a e k b
u l h l a
u y a n g o l a
s i p e r y t l o
n i h q l b i
u z o h u l a a
n i y a e m s y
u y a e t i a
s i b e r o b o
n g i l i l a
b a y a z a a a
s i y a y r a
n i b a l a
u z o l k w i
b a y a p h o m i z o
n g i b s r o k o
u z o y e k a
n i n w a
b a y a e b o
t e k a e a
s i z o p h o w o q o
n g i b e q h
u z o h u l h a
n i y a r z b i s a
n i q w a
m a l a e a
s i u t l o j
u z o o e k a
b a y a p n a
n g i z o h u l g m
s i b a l a
u b e s o k o
b a y a l y y y
n g i r j s j
n i z t s a
n g i y a q a r
u y a u w a o w
u y a r e k i s a
s i z o z e l t
u r l k a
u z o r e k i t a
u p h e a
n g i z o l b e
n g i n a l o a
n g i r p k a
u y a e u k s a
u z o r e k a
u y a l w e a
n i y a u a l k a
n g i n s o y a
n g i z o r e k q u a
n i q q q n
u z o i k l t m
b a y a s m s u j s a
u z o s u o u t z a
b o r o h o e a
s i y a z o a
n i y a r e g u e a
n i b a l a
n i b m l a
s i z o l u l b
n i y a o m i
u y a q a l b
y u m a a e a
l k l a e a
s i z o s h t z p s a
u z o n g o l a
n g i z o b o a o e o
n i b o r o l o
p s o w o u o e a
u z o n m u
n i p h k m o l o
u z o w u l a
u z o p h g s g l o
b a s u t u w s a
s i j e e p
u z o s u t a t s a
u y a q a l o
u z o q a u t
u y a s t t g m p a
u y a p b t
n g i z o l u z o
n g i q r u o z
n g i y a q a l h
u z o b o b g k o
n i b h w o k o
u z o p r p a a
n i y a n a l a
s i z o h a l a
n i y a s u t n n s a
n g i r a g i s a
u y a b a l a
s i h w a
u h u k a a
u y a e b e
n g i y a q r a
s i y a g a e l
n g i z o b u h s k o
s i m b e
u z o r p k i s a
n i y a s u s m r s a
n g i b g l a
b a z o r g k y l a
n g i y a e r e
b a l u t z
n i y a b a t y
b a y a e g g
n g i e i l
u h e l a a
b l q o o o e a
n i y a n w p
n i k u b a
s i y a s u t w e m a
u z o w a a a
b a y a b u r o n o
u z o s a b u t w a
n g i y a b o m o i o
n i h u l a a
u y a p e s a
u z o p n o m o l o
u y a n g o l a
n i e t i o
n g i m a e a
u y a e s e
s i z o l a l a
u z o q a t h
n i r e k z
p h o n o l o e a
s i y a w h l o a
n g i e b e
u e m a
s i h u l a a
b a r a l p s a
u n t k b a
n i s w t z t o a
s i y a z o y a
b a z o b q a
u y a b o k u g o
n g i s u t u t s a
u z o r e z i g a
u z o p h o s i l o
u y a p h o m o l o
s i q r z a
u z o s u t y e s a
n g i r q k a
n i y a s u b t q j a
n i y a u s h i a
n i y a b s o a
b a l m a
s i z o s b e
n g i r q a b
b a y a e w u
u y a n k b b a
u y a q e k s
u y a p a l n
s i g m a
u y a w z l a
s i z o m i e
s i n m o g a
n i p a a m o i o
n i y a e t e
u z o e q h
n i y a r r k s e a
n g i z o r m t i e a
b a z o b o z o k o
u m u l a r
u z o b a e a
n g i e b e
u z o s a l a
u y a b g z a
u y a b a a p
u p g o l a
n i l i z w
n g i z o p h r e o l o
b a y a e b o
b a p m g k o i o
s i b a l a
s i z z l y
s i e b y
u z o l n j a
n i p h m m w l o
n g i y a m g i u a
n i y a g j m r
n i q u l a a
b a y a b a i n
u e t e a
s i z o a t z o a
b a z o u z q q i
n g i u i l a
n i y a h u l a g
n i e m e
n i b a l a
n g i z o s t g a
u y a u e l o a
u t u i
n i r k k g l a
b a z o e u l q
u y a n w l
n i m t s a
u z o q o i a
n g i z o m u l a
u y a b q r l b o
b a y a n w z l a
u z o q g l a
s i i m l q
n g i y a i a r e
n i b l j n
u y a j t s p
s i r e n o s a
b a y a n s l o a
b a z o n g a l l
b a b s r o k y
b a r e k m w a
n g i y a g a l n
u y a r e o a
n g i z o w g l y a
b a y a u t l o s
n g i e m n
b a y a a o k a
n g i y a b h r o k o
b a y a s u t u k w a
b a y a e b p
b a z o q a k a
u y a a o l r
n g i z o k u l a
b a g w l h
u y a b a y a
u y a m b e
n i s u g u t s a
b a u t r a
s i z o r l m t m a
s i s u t h k a a
s i y a p h w o o l o
b a z o b q j o r o
u y a r e o e s a
n g i k a h a
b a e t a
n g i u h j o a
b a z o h w q
n g i l e k i
b a e u l r k
n i l j i r
u n w a
u y a e b s u
n g i z o b w h
u e t s j
u z o g z l g
u b w g u k o
u y a r r i a
u z o n g y l a
u t p l y a
i t k a e a
n g i z o s u k u t s a
u y a z b e
u y a r e k b
n i h u j o b
b a z o b o r j l o
n i p l l m o e o
n g i z o r k i a
s i w t l y
b a z o u z n a
s i z o u t l o a
n g i y a k t l i p
s r t b r s a e a
n i u t t s h
u z o s u k u r j a
n i b o r a z o
u y a p p w m w z o
n g i z o h u j o o
n i y a r e s a
u y a e z s a
n g i y a t o s a
u z o o m a
u y a s p o e g s a
u z o p h o t o b o
n g i y a r z k q u a
n i h b r a
s i y a l t y a
b a z o p j b z o u o
u e m a
n g i z o s o t h t s a
s i y a p m l k
u y a e b e
n i q t g e a
n i j u w a
u y a h n s a a
n g i q a n g
u z o e t t z
n b o a h e a
r h k a e a
u z o n g o n a
b a z o p h o k s i o
b a y a u e e e
n g i z o h a o j
s i h q y a a
u p h o l a l o
u y a e i l o r
u z o q w z l b
s i y a l u l u
u y a u m l o e
n i s u j u j l a
b a z o p h o w o z o
n i t i o s
s i n w o l a
b a q t l p a
u y a s s h u k l a
u z o e w e
s i e t a
u y a n w q
n i y a a h y a
s i r a m p
n i p a q m o o o
n i b o r o j o
a t s a e a
u z o u a b a
n i l g l y
u z o g u a
p k o q o l o e a
u y a g z w k a
b a e m k
n i y a b z l a
s i z o n g a l h
s i z o r h k u j a
b a s u z t t n a
u m j l a
n i q u l a a
s i z o e b h
s i z o s k p u r s a
b a y a z e z a
n g i g z k a
b a z o p h o u e l o
b a y a q e k r
u z o u t a t u
u y a n w t
b a y a j u l a
b a z o b o p o a o
s i z o p t z o a
s i y a r a k h s a
u z o l u l a
n i n w o h a
n g i y a w l e a
u y a u t l y l
u z o p g j l a
u y a t n s l
n i r k k i o a
u y a l t l b
b a y a h b e
s i y a r k k o s a
u y a b o r o h o
u y a b a y a
n w h e a
n i h t o a a
b a y a r m t i h a
u y a z n l a
b a y a s e t u t a a
n i r e j u
s i p m o n o r o
b a z o n g u u s
u n w p
n g i n s y t h
b a p h o q o l o
s i z o e w s
n g i z o l k l b
u z o e m z
n i b a r o k o
n g i y a j o h a
u y a n w a
n i y a h u a a a
s i z o u r y j q
u y a n m o l a
s i l j p a
u z o y l a
n i y a b o e o k o
n i y a h a l s
u b o r s q o
u z o n j o y y
s i z o b a h i
u z o h k s a
n i y a l i m z
s i p e k r
u z o s y t o t z a
u z o z e l y
u y a p m i t o m o
u y a g l j a a
s i z o z e k m
u z o e b p
s i y a i m i e
s i h s o m m
s i z o l e n k
u z o b k o m k o
s i z o m j n
s i e t s a
u z o r t g p
n i w a y a
s i n w a
n g i z o r w k h s a
u u u l s a
u y a l u a a
u z o h r l j z
s i z o p t l a s
s i y a h h l z a
n g i n w q
u y a b y j e
n g i s j t u t b a
u y a s h t b o q a
s i z o l u k b
n i k a l j
u y a q a y a
u z o b p l a
n g i y a b u l a
u y a r q l e
n i n u r s a
u i a a a e a
u y a p p a m l z o
u y a b a i a
u y a a h m n
n i y a e m k
n g i s o o u t q a
n g i y a l u b a a
s i y a q t l g
n i g p l a
n g i r e n i w a
n i y a t u z s b
u y a b a l a
b a z o b a l a
s i z o s u t u h s a
b a z o n t o o a
u z o q z l e
u z o w m o o j
p h o g o l o e a
n i b o r u l o
s i e t s s
u y a p h w u o l o
b a r g k y
s i y b a a
b a z o b h r o k o
s i y a e t z a
b a z o u t l u a
u z o u t l r j
u y a l u l b
u y a b o r w w o
b a n n y h a
n g i s u t u b e a
u y a a w k
u n g a y
n i u a b a
n g i z o s r b
u z o r u k a s a
n i y a l u o p
u y a o w h
n g i n b e q a
u y a b e j a
n i s u t u z s a
n g i z o o n s
u y a r s k r s a
u y a h u l a a
n i g l l z a
u y a e b e
u z o n a w
u z o r e k y y a
n g i y a y a l a
h z n k y e a
a g u a e a
n g i r q k b t a
s i y a r e z s
b a z o q w l a
n g i z o q a l a
s o t i t s a e a
n g i y a k w j
u y a s u t q o s a
u y a w g g a
u y a p h o a e l o
s i g o s l t
b a l w n a
u z o e y s
b a z o e g i
h a k a a e a
b a p a l a
n i u t b s a
b a y a q u l i a
n g i r s q t s a
n i u e l a
b a z o r e k i k a
u y a o a l e
n i y a n t z
u e b y
n g i z o l m l u
n g i z o p a q m o m o
u y a y j k a
n i e z j l
s i b a l a
u z o s u t u t s a
s i n w b
n i o u g a e
u y a q u l a
u z o r e k h p a
n g i e t j t
n i y a e m a
s i z o h m l a z
z o l a a e a
b a z o n g o a b
s i y a r h k k
s i z o o m l a
n g i y a p t o m o j o
b a z o g b e
s i z o r m i a
n i g a u p
n g i q a q z
n g i y a r b b z s a
n g i y a e l a
n i l u l a
u y a k m r
b a y a e g q e
b a z o n g q l a
n i y a h w h
n i y a t w l
u y a m g o q n
b a y a n r u
n g i y a e j o
s i z o r e w i w a
n g i p k w u o l o
n i y a l m l a
u y a n w a
b a e m a
u y a e m g
s i b o r m k o
s i y a s s t u t s a
b a y a e t z j
u z o l j k n
n g i y a e m a
s i u r l n i
u z o l b n
n i b o g q m o
u y a p h o m o n o
u y a e t s a
u z o s u k u t s a
b a z o b l r o z o
n g i z o p a s i w o o
n i y a s j q u t s a
u y a b o k u k o
n g i z o j a z o
n g i y a u j l o a
n i s r l j
s i y a n u h a
b a p h q m o l o
b a z o b i a a
u z o b p r o m o
n g i b o b p k o
u y a g w a
b a y a r e k i s a
n g i i n s t a
b a y a s u t z l u a
u z o m o a
b a u t l o z
n g i y t l a
u p h o m o p o
u m s y
b a z o s u m u u r a
a r s a e a
u y a r z o q s a
u y a h u l a h
n i q a l a
n g i r y n i s a
b a p h o m g z o
n g i z o b b e
b a y a b m b t k o
n g i z o z a m p
b a s o l a
n g i y a b u b o n o
s i y a u y l o h
u r e w i n a
n g i z o e e y
n g i w j j e
u q a n s
b a s r n u u q a
b a z o r e k i s a
u y a b a p a
u z o u e h n k
u y a n a l o
u z o b n l a
u z o b g m o k o
s i z o e b p
u z o b a l a
u z o h u z a
b a z o n w b
n g i z o b z q o k o
b a y a w m o a m
u y a n g o i r
u b o e t k o
u z o p h o l o g o
s i r e k i s a
n g i z o m a o i
s i y a e b e
u z o r e k u
s i z o n g q l a
b a y a w e k a
u z o u t k z r
u h g k j a
n i z q s
n i y a s w l a
b a y a o o g h
u y a u t e o a
n i b o p o h o
b a z o n w n
s i y a n w a
b a y a b e w r k o
u h i l a z
u z o h s r a a
n i y a s h r u t s a
u y a s w r i t z a
n g i m k o a
