k u s a k a n i z a
t i d z a s a k a n i z a
t i m a s a k a n i z a
t i n a s a k a n i z a
m u d z a s a k a n i z a
m u m a s a k a n i z a
m u n a s a k a n i z a
a d z a s a k a n i z a
a m a s a k a n i z a
a n a s a k a n i z a
n d i d z a s a k a n i z a
n d i m a s a k a n i z a
n d i n a s a k a n i z a
m u d z a s a k a n i z a
m u m a s a k a n i z a
m u n a s a k a n i z a
a d z a s a k a n i z a
a m a s a k a n i z a
a n a s a k a n i z a
k u s i r i r a
t i d z a s i r i r a
t i m a s i r i r a
t i n a s i r i r a
m u d z a s i r i r a
m u m a s i r i r a
m u n a s i r i r a
a d z a s i r i r a
a m a s i r i r a
a n a s i r i r a
n d i d z a s i r i r a
n d i m a s i r i r a
n d i n a s i r i r a
m u d z a s i r i r a
m u m a s i r i r a
m u n a s i r i r a
a d z a s i r i r a
a m a s i r i r a
a n a s i r i r a
k u p i t a n i
t i d z a p i t a n i
t i m a p i t a n i
t i n a p i t a n i
m u d z a p i t a n i
m u m a p i t a n i
m u n a p i t a n i
a d z a p i t a n i
a m a p i t a n i
a n a p i t a n i
n d i d z a p i t a n i
n d i m a p i t a n i
n d i n a p i t a n i
m u d z a p i t a n i
m u m a p i t a n i
m u n a p i t a n i
a d z a p i t a n i
a m a p i t a n i
a n a p i t a n i
k u k h a z i k a
t i d z a k h a z i k a
t i m a k h a z i k a
t i n a k h a z i k a
m u d z a k h a z i k a
m u m a k h a z i k a
m u n a k h a z i k a
a d z a k h a z i k a
a m a k h a z i k a
a n a k h a z i k a
n d i d z a k h a z i k a
n d i m a k h a z i k a
n d i n a k h a z i k a
m u d z a k h a z i k a
m u m a k h a z i k a
m u n a k h a z i k a
a d z a k h a z i k a
a m a k h a z i k a
a n a k h a z i k a
k u s o c h e r a
t i d z a s o c h e r a
t i m a s o c h e r a
t i n a s o c h e r a
m u d z a s o c h e r a
m u m a s o c h e r a
m u n a s o c h e r a
a d z a s o c h e r a
a m a s o c h e r a
a n a s o c h e r a
n d i d z a s o c h e r a
n d i m a s o c h e r a
n d i n a s o c h e r a
m u d z a s o c h e r a
m u m a s o c h e r a
m u n a s o c h e r a
a d z a s o c h e r a
a m a s o c h e r a
a n a s o c h e r a
k u t h i r a
t i d z a t h i r a
t i m a t h i r a
t i n a t h i r a
m u d z a t h i r a
m u m a t h i r a
m u n a t h i r a
a d z a t h i r a
a m a t h i r a
a n a t h i r a
n d i d z a t h i r a
n d i m a t h i r a
n d i n a t h i r a
m u d z a t h i r a
m u m a t h i r a
m u n a t h i r a
a d z a t h i r a
a m a t h i r a
a n a t h i r a
k u y a l a
t i d z a y a l a
t i m a y a l a
t i n a y a l a
m u d z a y a l a
m u m a y a l a
m u n a y a l a
a d z a y a l a
a m a y a l a
a n a y a l a
n d i d z a y a l a
n d i m a y a l a
n d i n a y a l a
m u d z a y a l a
m u m a y a l a
m u n a y a l a
a d z a y a l a
a m a y a l a
a n a y a l a
k u y e r e k e z a
t i d z a y e r e k e z a
t i m a y e r e k e z a
t i n a y e r e k e z a
m u d z a y e r e k e z a
m u m a y e r e k e z a
m u n a y e r e k e z a
a d z a y e r e k e z a
a m a y e r e k e z a
a n a y e r e k e z a
n d i d z a y e r e k e z a
n d i m a y e r e k e z a
n d i n a y e r e k e z a
m u d z a y e r e k e z a
m u m a y e r e k e z a
m u n a y e r e k e z a
a d z a y e r e k e z a
a m a y e r e k e z a
a n a y e r e k e z a
k u l e m b a
t i d z a l e m b a
t i m a l e m b a
t i n a l e m b a
m u d z a l e m b a
m u m a l e m b a
m u n a l e m b a
a d z a l e m b a
a m a l e m b a
a n a l e m b a
n d i d z a l e m b a
n d i m a l e m b a
n d i n a l e m b a
m u d z a l e m b a
m u m a l e m b a
m u n a l e m b a
a d z a l e m b a
a m a l e m b a
a n a l e m b a
k u k h a l a
t i d z a k h a l a
t i m a k h a l a
t i n a k h a l a
m u d z a k h a l a
m u m a k h a l a
m u n a k h a l a
a d z a k h a l a
a m a k h a l a
a n a k h a l a
n d i d z a k h a l a
n d i m a k h a l a
n d i n a k h a l a
m u d z a k h a l a
m u m a k h a l a
m u n a k h a l a
a d z a k h a l a
a m a k h a l a
a n a k h a l a
k u p a m b a n a
t i d z a p a m b a n a
t i m a p a m b a n a
t i n a p a m b a n a
m u d z a p a m b a n a
m u m a p a m b a n a
m u n a p a m b a n a
a d z a p a m b a n a
a m a p a m b a n a
a n a p a m b a n a
n d i d z a p a m b a n a
n d i m a p a m b a n a
n d i n a p a m b a n a
m u d z a p a m b a n a
m u m a p a m b a n a
m u n a p a m b a n a
a d z a p a m b a n a
a m a p a m b a n a
a n a p a m b a n a
k u n a m a
t i d z a n a m a
t i m a n a m a
t i n a n a m a
m u d z a n a m a
m u m a n a m a
m u n a n a m a
a d z a n a m a
a m a n a m a
a n a n a m a
n d i d z a n a m a
n d i m a n a m a
n d i n a n a m a
m u d z a n a m a
m u m a n a m a
m u n a n a m a
a d z a n a m a
a m a n a m a
a n a n a m a
k u l a i k a
t i d z a l a i k a
t i m a l a i k a
t i n a l a i k a
m u d z a l a i k a
m u m a l a i k a
m u n a l a i k a
a d z a l a i k a
a m a l a i k a
a n a l a i k a
n d i d z a l a i k a
n d i m a l a i k a
n d i n a l a i k a
m u d z a l a i k a
m u m a l a i k a
m u n a l a i k a
a d z a l a i k a
a m a l a i k a
a n a l a i k a
k u p a n a
t i d z a p a n a
t i m a p a n a
t i n a p a n a
m u d z a p a n a
m u m a p a n a
m u n a p a n a
a d z a p a n a
a m a p a n a
a n a p a n a
n d i d z a p a n a
n d i m a p a n a
n d i n a p a n a
m u d z a p a n a
m u m a p a n a
m u n a p a n a
a d z a p a n a
a m a p a n a
a n a p a n a
k u l u m a
t i d z a l u m a
t i m a l u m a
t i n a l u m a
m u d z a l u m a
m u m a l u m a
m u n a l u m a
a d z a l u m a
a m a l u m a
a n a l u m a
n d i d z a l u m a
n d i m a l u m a
n d i n a l u m a
m u d z a l u m a
m u m a l u m a
m u n a l u m a
a d z a l u m a
a m a l u m a
a n a l u m a
k u i m w a
t i d z a i m w a
t i m a i m w a
t i n a i m w a
m u d z a i m w a
m u m a i m w a
m u n a i m w a
a d z a i m w a
a m a i m w a
a n a i m w a
n d i d z a i m w a
n d i m a i m w a
n d i n a i m w a
m u d z a i m w a
m u m a i m w a
m u n a i m w a
a d z a i m w a
a m a i m w a
a n a i m w a
k u c h u l u k a
t i d z a c h u l u k a
t i m a c h u l u k a
t i n a c h u l u k a
m u d z a c h u l u k a
m u m a c h u l u k a
m u n a c h u l u k a
a d z a c h u l u k a
a m a c h u l u k a
a n a c h u l u k a
n d i d z a c h u l u k a
n d i m a c h u l u k a
n d i n a c h u l u k a
m u d z a c h u l u k a
m u m a c h u l u k a
m u n a c h u l u k a
a d z a c h u l u k a
a m a c h u l u k a
a n a c h u l u k a
k u s e k a
t i d z a s e k a
t i m a s e k a
t i n a s e k a
m u d z a s e k a
m u m a s e k a
m u n a s e k a
a d z a s e k a
a m a s e k a
a n a s e k a
n d i d z a s e k a
n d i m a s e k a
n d i n a s e k a
m u d z a s e k a
m u m a s e k a
m u n a s e k a
a d z a s e k a
a m a s e k a
a n a s e k a
k u b w e r a
t i d z a b w e r a
t i m a b w e r a
t i n a b w e r a
m u d z a b w e r a
m u m a b w e r a
m u n a b w e r a
a d z a b w e r a
a m a b w e r a
a n a b w e r a
n d i d z a b w e r a
n d i m a b w e r a
n d i n a b w e r a
m u d z a b w e r a
m u m a b w e r a
m u n a b w e r a
a d z a b w e r a
a m a b w e r a
a n a b w e r a
k u k h u d z a
t i d z a k h u d z a
t i m a k h u d z a
t i n a k h u d z a
m u d z a k h u d z a
m u m a k h u d z a
m u n a k h u d z a
a d z a k h u d z a
a m a k h u d z a
a n a k h u d z a
n d i d z a k h u d z a
n d i m a k h u d z a
n d i n a k h u d z a
m u d z a k h u d z a
m u m a k h u d z a
m u n a k h u d z a
a d z a k h u d z a
a m a k h u d z a
a n a k h u d z a
k u s i y a
t i d z a s i y a
t i m a s i y a
t i n a s i y a
m u d z a s i y a
m u m a s i y a
m u n a s i y a
a d z a s i y a
a m a s i y a
a n a s i y a
n d i d z a s i y a
n d i m a s i y a
n d i n a s i y a
m u d z a s i y a
m u m a s i y a
m u n a s i y a
a d z a s i y a
a m a s i y a
a n a s i y a
k u t s i r i z a
t i d z a t s i r i z a
t i m a t s i r i z a
t i n a t s i r i z a
m u d z a t s i r i z a
m u m a t s i r i z a
m u n a t s i r i z a
a d z a t s i r i z a
a m a t s i r i z a
a n a t s i r i z a
n d i d z a t s i r i z a
n d i m a t s i r i z a
n d i n a t s i r i z a
m u d z a t s i r i z a
m u m a t s i r i z a
m u n a t s i r i z a
a d z a t s i r i z a
a m a t s i r i z a
a n a t s i r i z a
k u s w a
t i d z a s w a
t i m a s w a
t i n a s w a
m u d z a s w a
m u m a s w a
m u n a s w a
a d z a s w a
a m a s w a
a n a s w a
n d i d z a s w a
n d i m a s w a
n d i n a s w a
m u d z a s w a
m u m a s w a
m u n a s w a
a d z a s w a
a m a s w a
a n a s w a
k u o l o k a
t i d z a o l o k a
t i m a o l o k a
t i n a o l o k a
m u d z a o l o k a
m u m a o l o k a
m u n a o l o k a
a d z a o l o k a
a m a o l o k a
a n a o l o k a
n d i d z a o l o k a
n d i m a o l o k a
n d i n a o l o k a
m u d z a o l o k a
m u m a o l o k a
m u n a o l o k a
a d z a o l o k a
a m a o l o k a
a n a o l o k a
k u y a n g ' a n a
t i d z a y a n g ' a n a
t i m a y a n g ' a n a
t i n a y a n g ' a n a
m u d z a y a n g ' a n a
m u m a y a n g ' a n a
m u n a y a n g ' a n a
a d z a y a n g ' a n a
a m a y a n g ' a n a
a n a y a n g ' a n a
n d i d z a y a n g ' a n a
n d i m a y a n g ' a n a
n d i n a y a n g ' a n a
m u d z a y a n g ' a n a
m u m a y a n g ' a n a
m u n a y a n g ' a n a
a d z a y a n g ' a n a
a m a y a n g ' a n a
a n a y a n g ' a n a
k u d z a
t i d z a d z a
t i m a d z a
t i n a d z a
m u d z a d z a
m u m a d z a
m u n a d z a
a d z a d z a
a m a d z a
a n a d z a
n d i d z a d z a
n d i m a d z a
n d i n a d z a
m u d z a d z a
m u m a d z a
m u n a d z a
a d z a d z a
a m a d z a
a n a d z a
k u t s e k a
t i d z a t s e k a
t i m a t s e k a
t i n a t s e k a
m u d z a t s e k a
m u m a t s e k a
m u n a t s e k a
a d z a t s e k a
a m a t s e k a
a n a t s e k a
n d i d z a t s e k a
n d i m a t s e k a
n d i n a t s e k a
m u d z a t s e k a
m u m a t s e k a
m u n a t s e k a
a d z a t s e k a
a m a t s e k a
a n a t s e k a
k u n g ' a m b a
t i d z a n g ' a m b a
t i m a n g ' a m b a
t i n a n g ' a m b a
m u d z a n g ' a m b a
m u m a n g ' a m b a
m u n a n g ' a m b a
a d z a n g ' a m b a
a m a n g ' a m b a
a n a n g ' a m b a
n d i d z a n g ' a m b a
n d i m a n g ' a m b a
n d i n a n g ' a m b a
m u d z a n g ' a m b a
m u m a n g ' a m b a
m u n a n g ' a m b a
a d z a n g ' a m b a
a m a n g ' a m b a
a n a n g ' a m b a
k u g o n a
t i d z a g o n a
t i m a g o n a
t i n a g o n a
m u d z a g o n a
m u m a g o n a
m u n a g o n a
a d z a g o n a
a m a g o n a
a n a g o n a
n d i d z a g o n a
n d i m a g o n a
n d i n a g o n a
m u d z a g o n a
m u m a g o n a
m u n a g o n a
a d z a g o n a
a m a g o n a
a n a g o n a
k u c h i r a
t i d z a c h i r a
t i m a c h i r a
t i n a c h i r a
m u d z a c h i r a
m u m a c h i r a
m u n a c h i r a
a d z a c h i r a
a m a c h i r a
a n a c h i r a
n d i d z a c h i r a
n d i m a c h i r a
n d i n a c h i r a
m u d z a c h i r a
m u m a c h i r a
m u n a c h i r a
a d z a c h i r a
a m a c h i r a
a n a c h i r a
k u p e m p h a
t i d z a p e m p h a
t i m a p e m p h a
t i n a p e m p h a
m u d z a p e m p h a
m u m a p e m p h a
m u n a p e m p h a
a d z a p e m p h a
a m a p e m p h a
a n a p e m p h a
n d i d z a p e m p h a
n d i m a p e m p h a
n d i n a p e m p h a
m u d z a p e m p h a
m u m a p e m p h a
m u n a p e m p h a
a d z a p e m p h a
a m a p e m p h a
a n a p e m p h a
k u r e r u k a
t i d z a r e r u k a
t i m a r e r u k a
t i n a r e r u k a
m u d z a r e r u k a
m u m a r e r u k a
m u n a r e r u k a
a d z a r e r u k a
a m a r e r u k a
a n a r e r u k a
n d i d z a r e r u k a
n d i m a r e r u k a
n d i n a r e r u k a
m u d z a r e r u k a
m u m a r e r u k a
m u n a r e r u k a
a d z a r e r u k a
a m a r e r u k a
a n a r e r u k a
k u i w a l a
t i d z a i w a l a
t i m a i w a l a
t i n a i w a l a
m u d z a i w a l a
m u m a i w a l a
m u n a i w a l a
a d z a i w a l a
a m a i w a l a
a n a i w a l a
n d i d z a i w a l a
n d i m a i w a l a
n d i n a i w a l a
m u d z a i w a l a
m u m a i w a l a
m u n a i w a l a
a d z a i w a l a
a m a i w a l a
a n a i w a l a
k u k a l a m b a
t i d z a k a l a m b a
t i m a k a l a m b a
t i n a k a l a m b a
m u d z a k a l a m b a
m u m a k a l a m b a
m u n a k a l a m b a
a d z a k a l a m b a
a m a k a l a m b a
a n a k a l a m b a
n d i d z a k a l a m b a
n d i m a k a l a m b a
n d i n a k a l a m b a
m u d z a k a l a m b a
m u m a k a l a m b a
m u n a k a l a m b a
a d z a k a l a m b a
a m a k a l a m b a
a n a k a l a m b a
k u i t a n a
t i d z a i t a n a
t i m a i t a n a
t i n a i t a n a
m u d z a i t a n a
m u m a i t a n a
m u n a i t a n a
a d z a i t a n a
a m a i t a n a
a n a i t a n a
n d i d z a i t a n a
n d i m a i t a n a
n d i n a i t a n a
m u d z a i t a n a
m u m a i t a n a
m u n a i t a n a
a d z a i t a n a
a m a i t a n a
a n a i t a n a
k u z i n d i k i r a
t i d z a z i n d i k i r a
t i m a z i n d i k i r a
t i n a z i n d i k i r a
m u d z a z i n d i k i r a
m u m a z i n d i k i r a
m u n a z i n d i k i r a
a d z a z i n d i k i r a
a m a z i n d i k i r a
a n a z i n d i k i r a
n d i d z a z i n d i k i r a
n d i m a z i n d i k i r a
n d i n a z i n d i k i r a
m u d z a z i n d i k i r a
m u m a z i n d i k i r a
m u n a z i n d i k i r a
a d z a z i n d i k i r a
a m a z i n d i k i r a
a n a z i n d i k i r a
k u m a l i z a
t i d z a m a l i z a
t i m a m a l i z a
t i n a m a l i z a
m u d z a m a l i z a
m u m a m a l i z a
m u n a m a l i z a
a d z a m a l i z a
a m a m a l i z a
a n a m a l i z a
n d i d z a m a l i z a
n d i m a m a l i z a
n d i n a m a l i z a
m u d z a m a l i z a
m u m a m a l i z a
m u n a m a l i z a
a d z a m a l i z a
a m a m a l i z a
a n a m a l i z a
k u k h u l u p i r a
t i d z a k h u l u p i r a
t i m a k h u l u p i r a
t i n a k h u l u p i r a
m u d z a k h u l u p i r a
m u m a k h u l u p i r a
m u n a k h u l u p i r a
a d z a k h u l u p i r a
a m a k h u l u p i r a
a n a k h u l u p i r a
n d i d z a k h u l u p i r a
n d i m a k h u l u p i r a
n d i n a k h u l u p i r a
m u d z a k h u l u p i r a
m u m a k h u l u p i r a
m u n a k h u l u p i r a
a d z a k h u l u p i r a
a m a k h u l u p i r a
a n a k h u l u p i r a
k u f i k a
t i d z a f i k a
t i m a f i k a
t i n a f i k a
m u d z a f i k a
m u m a f i k a
m u n a f i k a
a d z a f i k a
a m a f i k a
a n a f i k a
n d i d z a f i k a
n d i m a f i k a
n d i n a f i k a
m u d z a f i k a
m u m a f i k a
m u n a f i k a
a d z a f i k a
a m a f i k a
a n a f i k a
k u t e n g a
t i d z a t e n g a
t i m a t e n g a
t i n a t e n g a
m u d z a t e n g a
m u m a t e n g a
m u n a t e n g a
a d z a t e n g a
a m a t e n g a
a n a t e n g a
n d i d z a t e n g a
n d i m a t e n g a
n d i n a t e n g a
m u d z a t e n g a
m u m a t e n g a
m u n a t e n g a
a d z a t e n g a
a m a t e n g a
a n a t e n g a
k u y e n e r a
t i d z a y e n e r a
t i m a y e n e r a
t i n a y e n e r a
m u d z a y e n e r a
m u m a y e n e r a
m u n a y e n e r a
a d z a y e n e r a
a m a y e n e r a
a n a y e n e r a
n d i d z a y e n e r a
n d i m a y e n e r a
n d i n a y e n e r a
m u d z a y e n e r a
m u m a y e n e r a
m u n a y e n e r a
a d z a y e n e r a
a m a y e n e r a
a n a y e n e r a
k u y a n j a
t i d z a y a n j a
t i m a y a n j a
t i n a y a n j a
m u d z a y a n j a
m u m a y a n j a
m u n a y a n j a
a d z a y a n j a
a m a y a n j a
a n a y a n j a
n d i d z a y a n j a
n d i m a y a n j a
n d i n a y a n j a
m u d z a y a n j a
m u m a y a n j a
m u n a y a n j a
a d z a y a n j a
a m a y a n j a
a n a y a n j a
k u t h a n d i z a
t i d z a t h a n d i z a
t i m a t h a n d i z a
t i n a t h a n d i z a
m u d z a t h a n d i z a
m u m a t h a n d i z a
m u n a t h a n d i z a
a d z a t h a n d i z a
a m a t h a n d i z a
a n a t h a n d i z a
n d i d z a t h a n d i z a
n d i m a t h a n d i z a
n d i n a t h a n d i z a
m u d z a t h a n d i z a
m u m a t h a n d i z a
m u n a t h a n d i z a
a d z a t h a n d i z a
a m a t h a n d i z a
a n a t h a n d i z a
k u f a
t i d z a f a
t i m a f a
t i n a f a
m u d z a f a
m u m a f a
m u n a f a
a d z a f a
a m a f a
a n a f a
n d i d z a f a
n d i m a f a
n d i n a f a
m u d z a f a
m u m a f a
m u n a f a
a d z a f a
a m a f a
a n a f a
k u o m b a
t i d z a o m b a
t i m a o m b a
t i n a o m b a
m u d z a o m b a
m u m a o m b a
m u n a o m b a
a d z a o m b a
a m a o m b a
a n a o m b a
n d i d z a o m b a
n d i m a o m b a
n d i n a o m b a
m u d z a o m b a
m u m a o m b a
m u n a o m b a
a d z a o m b a
a m a o m b a
a n a o m b a
k u m w a
t i d z a m w a
t i m a m w a
t i n a m w a
m u d z a m w a
m u m a m w a
m u n a m w a
a d z a m w a
a m a m w a
a n a m w a
n d i d z a m w a
n d i m a m w a
n d i n a m w a
m u d z a m w a
m u m a m w a
m u n a m w a
a d z a m w a
a m a m w a
a n a m w a
k u y e n d a
t i d z a y e n d a
t i m a y e n d a
t i n a y e n d a
m u d z a y e n d a
m u m a y e n d a
m u n a y e n d a
a d z a y e n d a
a m a y e n d a
a n a y e n d a
n d i d z a y e n d a
n d i m a y e n d a
n d i n a y e n d a
m u d z a y e n d a
m u m a y e n d a
m u n a y e n d a
a d z a y e n d a
a m a y e n d a
a n a y e n d a
k u b a t i z a
t i d z a b a t i z a
t i m a b a t i z a
t i n a b a t i z a
m u d z a b a t i z a
m u m a b a t i z a
m u n a b a t i z a
a d z a b a t i z a
a m a b a t i z a
a n a b a t i z a
n d i d z a b a t i z a
n d i m a b a t i z a
n d i n a b a t i z a
m u d z a b a t i z a
m u m a b a t i z a
m u n a b a t i z a
a d z a b a t i z a
a m a b a t i z a
a n a b a t i z a
k u y a n k h u l a
t i d z a y a n k h u l a
t i m a y a n k h u l a
t i n a y a n k h u l a
m u d z a y a n k h u l a
m u m a y a n k h u l a
m u n a y a n k h u l a
a d z a y a n k h u l a
a m a y a n k h u l a
a n a y a n k h u l a
n d i d z a y a n k h u l a
n d i m a y a n k h u l a
n d i n a y a n k h u l a
m u d z a y a n k h u l a
m u m a y a n k h u l a
m u n a y a n k h u l a
a d z a y a n k h u l a
a m a y a n k h u l a
a n a y a n k h u l a
k u m a s u l a
t i d z a m a s u l a
t i m a m a s u l a
t i n a m a s u l a
m u d z a m a s u l a
m u m a m a s u l a
m u n a m a s u l a
a d z a m a s u l a
a m a m a s u l a
a n a m a s u l a
n d i d z a m a s u l a
n d i m a m a s u l a
n d i n a m a s u l a
m u d z a m a s u l a
m u m a m a s u l a
m u n a m a s u l a
a d z a m a s u l a
a m a m a s u l a
a n a m a s u l a
k u t c h a
t i d z a t c h a
t i m a t c h a
t i n a t c h a
m u d z a t c h a
m u m a t c h a
m u n a t c h a
a d z a t c h a
a m a t c h a
a n a t c h a
n d i d z a t c h a
n d i m a t c h a
n d i n a t c h a
m u d z a t c h a
m u m a t c h a
m u n a t c h a
a d z a t c h a
a m a t c h a
a n a t c h a
k u b v u t a
t i d z a b v u t a
t i m a b v u t a
t i n a b v u t a
m u d z a b v u t a
m u m a b v u t a
m u n a b v u t a
a d z a b v u t a
a m a b v u t a
a n a b v u t a
n d i d z a b v u t a
n d i m a b v u t a
n d i n a b v u t a
m u d z a b v u t a
m u m a b v u t a
m u n a b v u t a
a d z a b v u t a
a m a b v u t a
a n a b v u t a
k u d a l a
t i d z a d a l a
t i m a d a l a
t i n a d a l a
m u d z a d a l a
m u m a d a l a
m u n a d a l a
a d z a d a l a
a m a d a l a
a n a d a l a
n d i d z a d a l a
n d i m a d a l a
n d i n a d a l a
m u d z a d a l a
m u m a d a l a
m u n a d a l a
a d z a d a l a
a m a d a l a
a n a d a l a
k u i k a
t i d z a i k a
t i m a i k a
t i n a i k a
m u d z a i k a
m u m a i k a
m u n a i k a
a d z a i k a
a m a i k a
a n a i k a
n d i d z a i k a
n d i m a i k a
n d i n a i k a
m u d z a i k a
m u m a i k a
m u n a i k a
a d z a i k a
a m a i k a
a n a i k a
k u w e r u z a
t i d z a w e r u z a
t i m a w e r u z a
t i n a w e r u z a
m u d z a w e r u z a
m u m a w e r u z a
m u n a w e r u z a
a d z a w e r u z a
a m a w e r u z a
a n a w e r u z a
n d i d z a w e r u z a
n d i m a w e r u z a
n d i n a w e r u z a
m u d z a w e r u z a
m u m a w e r u z a
m u n a w e r u z a
a d z a w e r u z a
a m a w e r u z a
a n a w e r u z a
k u f e w a
t i d z a f e w a
t i m a f e w a
t i n a f e w a
m u d z a f e w a
m u m a f e w a
m u n a f e w a
a d z a f e w a
a m a f e w a
a n a f e w a
n d i d z a f e w a
n d i m a f e w a
n d i n a f e w a
m u d z a f e w a
m u m a f e w a
m u n a f e w a
a d z a f e w a
a m a f e w a
a n a f e w a
k u n t c h i t o
t i d z a n t c h i t o
t i m a n t c h i t o
t i n a n t c h i t o
m u d z a n t c h i t o
m u m a n t c h i t o
m u n a n t c h i t o
a d z a n t c h i t o
a m a n t c h i t o
a n a n t c h i t o
n d i d z a n t c h i t o
n d i m a n t c h i t o
n d i n a n t c h i t o
m u d z a n t c h i t o
m u m a n t c h i t o
m u n a n t c h i t o
a d z a n t c h i t o
a m a n t c h i t o
a n a n t c h i t o
k u s a n k h a
t i d z a s a n k h a
t i m a s a n k h a
t i n a s a n k h a
m u d z a s a n k h a
m u m a s a n k h a
m u n a s a n k h a
a d z a s a n k h a
a m a s a n k h a
a n a s a n k h a
n d i d z a s a n k h a
n d i m a s a n k h a
n d i n a s a n k h a
m u d z a s a n k h a
m u m a s a n k h a
m u n a s a n k h a
a d z a s a n k h a
a m a s a n k h a
a n a s a n k h a
k u z u n z a
t i d z a z u n z a
t i m a z u n z a
t i n a z u n z a
m u d z a z u n z a
m u m a z u n z a
m u n a z u n z a
a d z a z u n z a
a m a z u n z a
a n a z u n z a
n d i d z a z u n z a
n d i m a z u n z a
n d i n a z u n z a
m u d z a z u n z a
m u m a z u n z a
m u n a z u n z a
a d z a z u n z a
a m a z u n z a
a n a z u n z a
k u l e m a
t i d z a l e m a
t i m a l e m a
t i n a l e m a
m u d z a l e m a
m u m a l e m a
m u n a l e m a
a d z a l e m a
a m a l e m a
a n a l e m a
n d i d z a l e m a
n d i m a l e m a
n d i n a l e m a
m u d z a l e m a
m u m a l e m a
m u n a l e m a
a d z a l e m a
a m a l e m a
a n a l e m a
k u m a n g a
t i d z a m a n g a
t i m a m a n g a
t i n a m a n g a
m u d z a m a n g a
m u m a m a n g a
m u n a m a n g a
a d z a m a n g a
a m a m a n g a
a n a m a n g a
n d i d z a m a n g a
n d i m a m a n g a
n d i n a m a n g a
m u d z a m a n g a
m u m a m a n g a
m u n a m a n g a
a d z a m a n g a
a m a m a n g a
a n a m a n g a
k u d a l i r a
t i d z a d a l i r a
t i m a d a l i r a
t i n a d a l i r a
m u d z a d a l i r a
m u m a d a l i r a
m u n a d a l i r a
a d z a d a l i r a
a m a d a l i r a
a n a d a l i r a
n d i d z a d a l i r a
n d i m a d a l i r a
n d i n a d a l i r a
m u d z a d a l i r a
m u m a d a l i r a
m u n a d a l i r a
a d z a d a l i r a
a m a d a l i r a
a n a d a l i r a
k u p o n d a
t i d z a p o n d a
t i m a p o n d a
t i n a p o n d a
m u d z a p o n d a
m u m a p o n d a
m u n a p o n d a
a d z a p o n d a
a m a p o n d a
a n a p o n d a
n d i d z a p o n d a
n d i m a p o n d a
n d i n a p o n d a
m u d z a p o n d a
m u m a p o n d a
m u n a p o n d a
a d z a p o n d a
a m a p o n d a
a n a p o n d a
k u d u l a
t i d z a d u l a
t i m a d u l a
t i n a d u l a
m u d z a d u l a
m u m a d u l a
m u n a d u l a
a d z a d u l a
a m a d u l a
a n a d u l a
n d i d z a d u l a
n d i m a d u l a
n d i n a d u l a
m u d z a d u l a
m u m a d u l a
m u n a d u l a
a d z a d u l a
a m a d u l a
a n a d u l a
k u p a l a
t i d z a p a l a
t i m a p a l a
t i n a p a l a
m u d z a p a l a
m u m a p a l a
m u n a p a l a
a d z a p a l a
a m a p a l a
a n a p a l a
n d i d z a p a l a
n d i m a p a l a
n d i n a p a l a
m u d z a p a l a
m u m a p a l a
m u n a p a l a
a d z a p a l a
a m a p a l a
a n a p a l a
k u c h a
t i d z a c h a
t i m a c h a
t i n a c h a
m u d z a c h a
m u m a c h a
m u n a c h a
a d z a c h a
a m a c h a
a n a c h a
n d i d z a c h a
n d i m a c h a
n d i n a c h a
m u d z a c h a
m u m a c h a
m u n a c h a
a d z a c h a
a m a c h a
a n a c h a
k u f u l u m i r a
t i d z a f u l u m i r a
t i m a f u l u m i r a
t i n a f u l u m i r a
m u d z a f u l u m i r a
m u m a f u l u m i r a
m u n a f u l u m i r a
a d z a f u l u m i r a
a m a f u l u m i r a
a n a f u l u m i r a
n d i d z a f u l u m i r a
n d i m a f u l u m i r a
n d i n a f u l u m i r a
m u d z a f u l u m i r a
m u m a f u l u m i r a
m u n a f u l u m i r a
a d z a f u l u m i r a
a m a f u l u m i r a
a n a f u l u m i r a
k u s a u k a
t i d z a s a u k a
t i m a s a u k a
t i n a s a u k a
m u d z a s a u k a
m u m a s a u k a
m u n a s a u k a
a d z a s a u k a
a m a s a u k a
a n a s a u k a
n d i d z a s a u k a
n d i m a s a u k a
n d i n a s a u k a
m u d z a s a u k a
m u m a s a u k a
m u n a s a u k a
a d z a s a u k a
a m a s a u k a
a n a s a u k a
k u k h u t a
t i d z a k h u t a
t i m a k h u t a
t i n a k h u t a
m u d z a k h u t a
m u m a k h u t a
m u n a k h u t a
a d z a k h u t a
a m a k h u t a
a n a k h u t a
n d i d z a k h u t a
n d i m a k h u t a
n d i n a k h u t a
m u d z a k h u t a
m u m a k h u t a
m u n a k h u t a
a d z a k h u t a
a m a k h u t a
a n a k h u t a
k u t s a t a
t i d z a t s a t a
t i m a t s a t a
t i n a t s a t a
m u d z a t s a t a
m u m a t s a t a
m u n a t s a t a
a d z a t s a t a
a m a t s a t a
a n a t s a t a
n d i d z a t s a t a
n d i m a t s a t a
n d i n a t s a t a
m u d z a t s a t a
m u m a t s a t a
m u n a t s a t a
a d z a t s a t a
a m a t s a t a
a n a t s a t a
k u t h a m a n g a
t i d z a t h a m a n g a
t i m a t h a m a n g a
t i n a t h a m a n g a
m u d z a t h a m a n g a
m u m a t h a m a n g a
m u n a t h a m a n g a
a d z a t h a m a n g a
a m a t h a m a n g a
a n a t h a m a n g a
n d i d z a t h a m a n g a
n d i m a t h a m a n g a
n d i n a t h a m a n g a
m u d z a t h a m a n g a
m u m a t h a m a n g a
m u n a t h a m a n g a
a d z a t h a m a n g a
a m a t h a m a n g a
a n a t h a m a n g a
k u p i n d a
t i d z a p i n d a
t i m a p i n d a
t i n a p i n d a
m u d z a p i n d a
m u m a p i n d a
m u n a p i n d a
a d z a p i n d a
a m a p i n d a
a n a p i n d a
n d i d z a p i n d a
n d i m a p i n d a
n d i n a p i n d a
m u d z a p i n d a
m u m a p i n d a
m u n a p i n d a
a d z a p i n d a
a m a p i n d a
a n a p i n d a
k u c h i n y a
t i d z a c h i n y a
t i m a c h i n y a
t i n a c h i n y a
m u d z a c h i n y a
m u m a c h i n y a
m u n a c h i n y a
a d z a c h i n y a
a m a c h i n y a
a n a c h i n y a
n d i d z a c h i n y a
n d i m a c h i n y a
n d i n a c h i n y a
m u d z a c h i n y a
m u m a c h i n y a
m u n a c h i n y a
a d z a c h i n y a
a m a c h i n y a
a n a c h i n y a
k u k w i y a
t i d z a k w i y a
t i m a k w i y a
t i n a k w i y a
m u d z a k w i y a
m u m a k w i y a
m u n a k w i y a
a d z a k w i y a
a m a k w i y a
a n a k w i y a
n d i d z a k w i y a
n d i m a k w i y a
n d i n a k w i y a
m u d z a k w i y a
m u m a k w i y a
m u n a k w i y a
a d z a k w i y a
a m a k w i y a
a n a k w i y a
k u d z a l a
t i d z a d z a l a
t i m a d z a l a
t i n a d z a l a
m u d z a d z a l a
m u m a d z a l a
m u n a d z a l a
a d z a d z a l a
a m a d z a l a
a n a d z a l a
n d i d z a d z a l a
n d i m a d z a l a
n d i n a d z a l a
m u d z a d z a l a
m u m a d z a l a
m u n a d z a l a
a d z a d z a l a
a m a d z a l a
a n a d z a l a
k u l u n g a m a
t i d z a l u n g a m a
t i m a l u n g a m a
t i n a l u n g a m a
m u d z a l u n g a m a
m u m a l u n g a m a
m u n a l u n g a m a
a d z a l u n g a m a
a m a l u n g a m a
a n a l u n g a m a
n d i d z a l u n g a m a
n d i m a l u n g a m a
n d i n a l u n g a m a
m u d z a l u n g a m a
m u m a l u n g a m a
m u n a l u n g a m a
a d z a l u n g a m a
a m a l u n g a m a
a n a l u n g a m a
k u d w a l a
t i d z a d w a l a
t i m a d w a l a
t i n a d w a l a
m u d z a d w a l a
m u m a d w a l a
m u n a d w a l a
a d z a d w a l a
a m a d w a l a
a n a d w a l a
n d i d z a d w a l a
n d i m a d w a l a
n d i n a d w a l a
m u d z a d w a l a
m u m a d w a l a
m u n a d w a l a
a d z a d w a l a
a m a d w a l a
a n a d w a l a
k u k u m b u k a
t i d z a k u m b u k a
t i m a k u m b u k a
t i n a k u m b u k a
m u d z a k u m b u k a
m u m a k u m b u k a
m u n a k u m b u k a
a d z a k u m b u k a
a m a k u m b u k a
a n a k u m b u k a
n d i d z a k u m b u k a
n d i m a k u m b u k a
n d i n a k u m b u k a
m u d z a k u m b u k a
m u m a k u m b u k a
m u n a k u m b u k a
a d z a k u m b u k a
a m a k u m b u k a
a n a k u m b u k a
k u p i n d u l a
t i d z a p i n d u l a
t i m a p i n d u l a
t i n a p i n d u l a
m u d z a p i n d u l a
m u m a p i n d u l a
m u n a p i n d u l a
a d z a p i n d u l a
a m a p i n d u l a
a n a p i n d u l a
n d i d z a p i n d u l a
n d i m a p i n d u l a
n d i n a p i n d u l a
m u d z a p i n d u l a
m u m a p i n d u l a
m u n a p i n d u l a
a d z a p i n d u l a
a m a p i n d u l a
a n a p i n d u l a
k u k u l a
t i d z a k u l a
t i m a k u l a
t i n a k u l a
m u d z a k u l a
m u m a k u l a
m u n a k u l a
a d z a k u l a
a m a k u l a
a n a k u l a
n d i d z a k u l a
n d i m a k u l a
n d i n a k u l a
m u d z a k u l a
m u m a k u l a
m u n a k u l a
a d z a k u l a
a m a k u l a
a n a k u l a
k u w e r e n g a
t i d z a w e r e n g a
t i m a w e r e n g a
t i n a w e r e n g a
m u d z a w e r e n g a
m u m a w e r e n g a
m u n a w e r e n g a
a d z a w e r e n g a
a m a w e r e n g a
a n a w e r e n g a
n d i d z a w e r e n g a
n d i m a w e r e n g a
n d i n a w e r e n g a
m u d z a w e r e n g a
m u m a w e r e n g a
m u n a w e r e n g a
a d z a w e r e n g a
a m a w e r e n g a
a n a w e r e n g a
k u p e z a
t i d z a p e z a
t i m a p e z a
t i n a p e z a
m u d z a p e z a
m u m a p e z a
m u n a p e z a
a d z a p e z a
a m a p e z a
a n a p e z a
n d i d z a p e z a
n d i m a p e z a
n d i n a p e z a
m u d z a p e z a
m u m a p e z a
m u n a p e z a
a d z a p e z a
a m a p e z a
a n a p e z a
k u i m a
t i d z a i m a
t i m a i m a
t i n a i m a
m u d z a i m a
m u m a i m a
m u n a i m a
a d z a i m a
a m a i m a
a n a i m a
n d i d z a i m a
n d i m a i m a
n d i n a i m a
m u d z a i m a
m u m a i m a
m u n a i m a
a d z a i m a
a m a i m a
a n a i m a
k u c h i t a
t i d z a c h i t a
t i m a c h i t a
t i n a c h i t a
m u d z a c h i t a
m u m a c h i t a
m u n a c h i t a
a d z a c h i t a
a m a c h i t a
a n a c h i t a
n d i d z a c h i t a
n d i m a c h i t a
n d i n a c h i t a
m u d z a c h i t a
m u m a c h i t a
m u n a c h i t a
a d z a c h i t a
a m a c h i t a
a n a c h i t a
k u p s y a
t i d z a p s y a
t i m a p s y a
t i n a p s y a
m u d z a p s y a
m u m a p s y a
m u n a p s y a
a d z a p s y a
a m a p s y a
a n a p s y a
n d i d z a p s y a
n d i m a p s y a
n d i n a p s y a
m u d z a p s y a
m u m a p s y a
m u n a p s y a
a d z a p s y a
a m a p s y a
a n a p s y a
k u t h a w a
t i d z a t h a w a
t i m a t h a w a
t i n a t h a w a
m u d z a t h a w a
m u m a t h a w a
m u n a t h a w a
a d z a t h a w a
a m a t h a w a
a n a t h a w a
n d i d z a t h a w a
n d i m a t h a w a
n d i n a t h a w a
m u d z a t h a w a
m u m a t h a w a
m u n a t h a w a
a d z a t h a w a
a m a t h a w a
a n a t h a w a
k u p e r e k a
t i d z a p e r e k a
t i m a p e r e k a
t i n a p e r e k a
m u d z a p e r e k a
m u m a p e r e k a
m u n a p e r e k a
a d z a p e r e k a
a m a p e r e k a
a n a p e r e k a
n d i d z a p e r e k a
n d i m a p e r e k a
n d i n a p e r e k a
m u d z a p e r e k a
m u m a p e r e k a
m u n a p e r e k a
a d z a p e r e k a
a m a p e r e k a
a n a p e r e k a
k u k o n d a
t i d z a k o n d a
t i m a k o n d a
t i n a k o n d a
m u d z a k o n d a
m u m a k o n d a
m u n a k o n d a
a d z a k o n d a
a m a k o n d a
a n a k o n d a
n d i d z a k o n d a
n d i m a k o n d a
n d i n a k o n d a
m u d z a k o n d a
m u m a k o n d a
m u n a k o n d a
a d z a k o n d a
a m a k o n d a
a n a k o n d a
k u n y a m u l a
t i d z a n y a m u l a
t i m a n y a m u l a
t i n a n y a m u l a
m u d z a n y a m u l a
m u m a n y a m u l a
m u n a n y a m u l a
a d z a n y a m u l a
a m a n y a m u l a
a n a n y a m u l a
n d i d z a n y a m u l a
n d i m a n y a m u l a
n d i n a n y a m u l a
m u d z a n y a m u l a
m u m a n y a m u l a
m u n a n y a m u l a
a d z a n y a m u l a
a m a n y a m u l a
a n a n y a m u l a
k u k a m b a
t i d z a k a m b a
t i m a k a m b a
t i n a k a m b a
m u d z a k a m b a
m u m a k a m b a
m u n a k a m b a
a d z a k a m b a
a m a k a m b a
a n a k a m b a
n d i d z a k a m b a
n d i m a k a m b a
n d i n a k a m b a
m u d z a k a m b a
m u m a k a m b a
m u n a k a m b a
a d z a k a m b a
a m a k a m b a
a n a k a m b a
k u c h e k a
t i d z a c h e k a
t i m a c h e k a
t i n a c h e k a
m u d z a c h e k a
m u m a c h e k a
m u n a c h e k a
a d z a c h e k a
a m a c h e k a
a n a c h e k a
n d i d z a c h e k a
n d i m a c h e k a
n d i n a c h e k a
m u d z a c h e k a
m u m a c h e k a
m u n a c h e k a
a d z a c h e k a
a m a c h e k a
a n a c h e k a
k u y a m b a
t i d z a y a m b a
t i m a y a m b a
t i n a y a m b a
m u d z a y a m b a
m u m a y a m b a
m u n a y a m b a
a d z a y a m b a
a m a y a m b a
a n a y a m b a
n d i d z a y a m b a
n d i m a y a m b a
n d i n a y a m b a
m u d z a y a m b a
m u m a y a m b a
m u n a y a m b a
a d z a y a m b a
a m a y a m b a
a n a y a m b a
k u p o s a
t i d z a p o s a
t i m a p o s a
t i n a p o s a
m u d z a p o s a
m u m a p o s a
m u n a p o s a
a d z a p o s a
a m a p o s a
a n a p o s a
n d i d z a p o s a
n d i m a p o s a
n d i n a p o s a
m u d z a p o s a
m u m a p o s a
m u n a p o s a
a d z a p o s a
a m a p o s a
a n a p o s a
k u o p s y a
t i d z a o p s y a
t i m a o p s y a
t i n a o p s y a
m u d z a o p s y a
m u m a o p s y a
m u n a o p s y a
a d z a o p s y a
a m a o p s y a
a n a o p s y a
n d i d z a o p s y a
n d i m a o p s y a
n d i n a o p s y a
m u d z a o p s y a
m u m a o p s y a
m u n a o p s y a
a d z a o p s y a
a m a o p s y a
a n a o p s y a
k u b v o m a
t i d z a b v o m a
t i m a b v o m a
t i n a b v o m a
m u d z a b v o m a
m u m a b v o m a
m u n a b v o m a
a d z a b v o m a
a m a b v o m a
a n a b v o m a
n d i d z a b v o m a
n d i m a b v o m a
n d i n a b v o m a
m u d z a b v o m a
m u m a b v o m a
m u n a b v o m a
a d z a b v o m a
a m a b v o m a
a n a b v o m a
k u d a
t i d z a d a
t i m a d a
t i n a d a
m u d z a d a
m u m a d a
m u n a d a
a d z a d a
a m a d a
a n a d a
n d i d z a d a
n d i m a d a
n d i n a d a
m u d z a d a
m u m a d a
m u n a d a
a d z a d a
a m a d a
a n a d a
k u t s o g o l a
t i d z a t s o g o l a
t i m a t s o g o l a
t i n a t s o g o l a
m u d z a t s o g o l a
m u m a t s o g o l a
m u n a t s o g o l a
a d z a t s o g o l a
a m a t s o g o l a
a n a t s o g o l a
n d i d z a t s o g o l a
n d i m a t s o g o l a
n d i n a t s o g o l a
m u d z a t s o g o l a
m u m a t s o g o l a
m u n a t s o g o l a
a d z a t s o g o l a
a m a t s o g o l a
a n a t s o g o l a
k u c h e d w a
t i d z a c h e d w a
t i m a c h e d w a
t i n a c h e d w a
m u d z a c h e d w a
m u m a c h e d w a
m u n a c h e d w a
a d z a c h e d w a
a m a c h e d w a
a n a c h e d w a
n d i d z a c h e d w a
n d i m a c h e d w a
n d i n a c h e d w a
m u d z a c h e d w a
m u m a c h e d w a
m u n a c h e d w a
a d z a c h e d w a
a m a c h e d w a
a n a c h e d w a
k u p w e t e k a
t i d z a p w e t e k a
t i m a p w e t e k a
t i n a p w e t e k a
m u d z a p w e t e k a
m u m a p w e t e k a
m u n a p w e t e k a
a d z a p w e t e k a
a m a p w e t e k a
a n a p w e t e k a
n d i d z a p w e t e k a
n d i m a p w e t e k a
n d i n a p w e t e k a
m u d z a p w e t e k a
m u m a p w e t e k a
m u n a p w e t e k a
a d z a p w e t e k a
a m a p w e t e k a
a n a p w e t e k a
k u p h i k a
t i d z a p h i k a
t i m a p h i k a
t i n a p h i k a
m u d z a p h i k a
m u m a p h i k a
m u n a p h i k a
a d z a p h i k a
a m a p h i k a
a n a p h i k a
n d i d z a p h i k a
n d i m a p h i k a
n d i n a p h i k a
m u d z a p h i k a
m u m a p h i k a
m u n a p h i k a
a d z a p h i k a
a m a p h i k a
a n a p h i k a
k u f u u l a
t i d z a f u u l a
t i m a f u u l a
t i n a f u u l a
m u d z a f u u l a
m u m a f u u l a
m u n a f u u l a
a d z a f u u l a
a m a f u u l a
a n a f u u l a
n d i d z a f u u l a
n d i m a f u u l a
n d i n a f u u l a
m u d z a f u u l a
m u m a f u u l a
m u n a f u u l a
a d z a f u u l a
a m a f u u l a
a n a f u u l a
k u t h a
t i d z a t h a
t i m a t h a
t i n a t h a
m u d z a t h a
m u m a t h a
m u n a t h a
a d z a t h a
a m a t h a
a n a t h a
n d i d z a t h a
n d i m a t h a
n d i n a t h a
m u d z a t h a
m u m a t h a
m u n a t h a
a d z a t h a
a m a t h a
a n a t h a
k u b a
t i d z a b a
t i m a b a
t i n a b a
m u d z a b a
m u m a b a
m u n a b a
a d z a b a
a m a b a
a n a b a
n d i d z a b a
n d i m a b a
n d i n a b a
m u d z a b a
m u m a b a
m u n a b a
a d z a b a
a m a b a
a n a b a
k u b e r e k a
t i d z a b e r e k a
t i m a b e r e k a
t i n a b e r e k a
m u d z a b e r e k a
m u m a b e r e k a
m u n a b e r e k a
a d z a b e r e k a
a m a b e r e k a
a n a b e r e k a
n d i d z a b e r e k a
n d i m a b e r e k a
n d i n a b e r e k a
m u d z a b e r e k a
m u m a b e r e k a
m u n a b e r e k a
a d z a b e r e k a
a m a b e r e k a
a n a b e r e k a
k u s e f u k a
t i d z a s e f u k a
t i m a s e f u k a
t i n a s e f u k a
m u d z a s e f u k a
m u m a s e f u k a
m u n a s e f u k a
a d z a s e f u k a
a m a s e f u k a
a n a s e f u k a
n d i d z a s e f u k a
n d i m a s e f u k a
n d i n a s e f u k a
m u d z a s e f u k a
m u m a s e f u k a
m u n a s e f u k a
a d z a s e f u k a
a m a s e f u k a
a n a s e f u k a
k u y a m i k a
t i d z a y a m i k a
t i m a y a m i k a
t i n a y a m i k a
m u d z a y a m i k a
m u m a y a m i k a
m u n a y a m i k a
a d z a y a m i k a
a m a y a m i k a
a n a y a m i k a
n d i d z a y a m i k a
n d i m a y a m i k a
n d i n a y a m i k a
m u d z a y a m i k a
m u m a y a m i k a
m u n a y a m i k a
a d z a y a m i k a
a m a y a m i k a
a n a y a m i k a
k u y a n d k i r a
t i d z a y a n d k i r a
t i m a y a n d k i r a
t i n a y a n d k i r a
m u d z a y a n d k i r a
m u m a y a n d k i r a
m u n a y a n d k i r a
a d z a y a n d k i r a
a m a y a n d k i r a
a n a y a n d k i r a
n d i d z a y a n d k i r a
n d i m a y a n d k i r a
n d i n a y a n d k i r a
m u d z a y a n d k i r a
m u m a y a n d k i r a
m u n a y a n d k i r a
a d z a y a n d k i r a
a m a y a n d k i r a
a n a y a n d k i r a
k u t e m b e n u k a
t i d z a t e m b e n u k a
t i m a t e m b e n u k a
t i n a t e m b e n u k a
m u d z a t e m b e n u k a
m u m a t e m b e n u k a
m u n a t e m b e n u k a
a d z a t e m b e n u k a
a m a t e m b e n u k a
a n a t e m b e n u k a
n d i d z a t e m b e n u k a
n d i m a t e m b e n u k a
n d i n a t e m b e n u k a
m u d z a t e m b e n u k a
m u m a t e m b e n u k a
m u n a t e m b e n u k a
a d z a t e m b e n u k a
a m a t e m b e n u k a
a n a t e m b e n u k a
k u t h y o l a
t i d z a t h y o l a
t i m a t h y o l a
t i n a t h y o l a
m u d z a t h y o l a
m u m a t h y o l a
m u n a t h y o l a
a d z a t h y o l a
a m a t h y o l a
a n a t h y o l a
n d i d z a t h y o l a
n d i m a t h y o l a
n d i n a t h y o l a
m u d z a t h y o l a
m u m a t h y o l a
m u n a t h y o l a
a d z a t h y o l a
a m a t h y o l a
a n a t h y o l a
k u t s a l a
t i d z a t s a l a
t i m a t s a l a
t i n a t s a l a
m u d z a t s a l a
m u m a t s a l a
m u n a t s a l a
a d z a t s a l a
a m a t s a l a
a n a t s a l a
n d i d z a t s a l a
n d i m a t s a l a
n d i n a t s a l a
m u d z a t s a l a
m u m a t s a l a
m u n a t s a l a
a d z a t s a l a
a m a t s a l a
a n a t s a l a
k u b a y a
t i d z a b a y a
t i m a b a y a
t i n a b a y a
m u d z a b a y a
m u m a b a y a
m u n a b a y a
a d z a b a y a
a m a b a y a
a n a b a y a
n d i d z a b a y a
n d i m a b a y a
n d i n a b a y a
m u d z a b a y a
m u m a b a y a
m u n a b a y a
a d z a b a y a
a m a b a y a
a n a b a y a
k u m e n y a
t i d z a m e n y a
t i m a m e n y a
t i n a m e n y a
m u d z a m e n y a
m u m a m e n y a
m u n a m e n y a
a d z a m e n y a
a m a m e n y a
a n a m e n y a
n d i d z a m e n y a
n d i m a m e n y a
n d i n a m e n y a
m u d z a m e n y a
m u m a m e n y a
m u n a m e n y a
a d z a m e n y a
a m a m e n y a
a n a m e n y a
k u l o n j e z a
t i d z a l o n j e z a
t i m a l o n j e z a
t i n a l o n j e z a
m u d z a l o n j e z a
m u m a l o n j e z a
m u n a l o n j e z a
a d z a l o n j e z a
a m a l o n j e z a
a n a l o n j e z a
n d i d z a l o n j e z a
n d i m a l o n j e z a
n d i n a l o n j e z a
m u d z a l o n j e z a
m u m a l o n j e z a
m u n a l o n j e z a
a d z a l o n j e z a
a m a l o n j e z a
a n a l o n j e z a
k u s a z i k a
t i d z a s a z i k a
t i m a s a z i k a
t i n a s a z i k a
m u d z a s a z i k a
m u m a s a z i k a
m u n a s a z i k a
a d z a s a z i k a
a m a s a z i k a
a n a s a z i k a
n d i d z a s a z i k a
n d i m a s a z i k a
n d i n a s a z i k a
m u d z a s a z i k a
m u m a s a z i k a
m u n a s a z i k a
a d z a s a z i k a
a m a s a z i k a
a n a s a z i k a
k u g w i r a
t i d z a g w i r a
t i m a g w i r a
t i n a g w i r a
m u d z a g w i r a
m u m a g w i r a
m u n a g w i r a
a d z a g w i r a
a m a g w i r a
a n a g w i r a
n d i d z a g w i r a
n d i m a g w i r a
n d i n a g w i r a
m u d z a g w i r a
m u m a g w i r a
m u n a g w i r a
a d z a g w i r a
a m a g w i r a
a n a g w i r a
k u k w a n a
t i d z a k w a n a
t i m a k w a n a
t i n a k w a n a
m u d z a k w a n a
m u m a k w a n a
m u n a k w a n a
a d z a k w a n a
a m a k w a n a
a n a k w a n a
n d i d z a k w a n a
n d i m a k w a n a
n d i n a k w a n a
m u d z a k w a n a
m u m a k w a n a
m u n a k w a n a
a d z a k w a n a
a m a k w a n a
a n a k w a n a
k u p h u n z i r a
t i d z a p h u n z i r a
t i m a p h u n z i r a
t i n a p h u n z i r a
m u d z a p h u n z i r a
m u m a p h u n z i r a
m u n a p h u n z i r a
a d z a p h u n z i r a
a m a p h u n z i r a
a n a p h u n z i r a
n d i d z a p h u n z i r a
n d i m a p h u n z i r a
n d i n a p h u n z i r a
m u d z a p h u n z i r a
m u m a p h u n z i r a
m u n a p h u n z i r a
a d z a p h u n z i r a
a m a p h u n z i r a
a n a p h u n z i r a
k u b v i n a
t i d z a b v i n a
t i m a b v i n a
t i n a b v i n a
m u d z a b v i n a
m u m a b v i n a
m u n a b v i n a
a d z a b v i n a
a m a b v i n a
a n a b v i n a
n d i d z a b v i n a
n d i m a b v i n a
n d i n a b v i n a
m u d z a b v i n a
m u m a b v i n a
m u n a b v i n a
a d z a b v i n a
a m a b v i n a
a n a b v i n a
k u t u l u k a
t i d z a t u l u k a
t i m a t u l u k a
t i n a t u l u k a
m u d z a t u l u k a
m u m a t u l u k a
m u n a t u l u k a
a d z a t u l u k a
a m a t u l u k a
a n a t u l u k a
n d i d z a t u l u k a
n d i m a t u l u k a
n d i n a t u l u k a
m u d z a t u l u k a
m u m a t u l u k a
m u n a t u l u k a
a d z a t u l u k a
a m a t u l u k a
a n a t u l u k a
k u l a n k h u l a
t i d z a l a n k h u l a
t i m a l a n k h u l a
t i n a l a n k h u l a
m u d z a l a n k h u l a
m u m a l a n k h u l a
m u n a l a n k h u l a
a d z a l a n k h u l a
a m a l a n k h u l a
a n a l a n k h u l a
n d i d z a l a n k h u l a
n d i m a l a n k h u l a
n d i n a l a n k h u l a
m u d z a l a n k h u l a
m u m a l a n k h u l a
m u n a l a n k h u l a
a d z a l a n k h u l a
a m a l a n k h u l a
a n a l a n k h u l a
k u t e n t h a
t i d z a t e n t h a
t i m a t e n t h a
t i n a t e n t h a
m u d z a t e n t h a
m u m a t e n t h a
m u n a t e n t h a
a d z a t e n t h a
a m a t e n t h a
a n a t e n t h a
n d i d z a t e n t h a
n d i m a t e n t h a
n d i n a t e n t h a
m u d z a t e n t h a
m u m a t e n t h a
m u n a t e n t h a
a d z a t e n t h a
a m a t e n t h a
a n a t e n t h a
k u b w e z a
t i d z a b w e z a
t i m a b w e z a
t i n a b w e z a
m u d z a b w e z a
m u m a b w e z a
m u n a b w e z a
a d z a b w e z a
a m a b w e z a
a n a b w e z a
n d i d z a b w e z a
n d i m a b w e z a
n d i n a b w e z a
m u d z a b w e z a
m u m a b w e z a
m u n a b w e z a
a d z a b w e z a
a m a b w e z a
a n a b w e z a
k u m v a
t i d z a m v a
t i m a m v a
t i n a m v a
m u d z a m v a
m u m a m v a
m u n a m v a
a d z a m v a
a m a m v a
a n a m v a
n d i d z a m v a
n d i m a m v a
n d i n a m v a
m u d z a m v a
m u m a m v a
m u n a m v a
a d z a m v a
a m a m v a
a n a m v a
k u t a l i k a
t i d z a t a l i k a
t i m a t a l i k a
t i n a t a l i k a
m u d z a t a l i k a
m u m a t a l i k a
m u n a t a l i k a
a d z a t a l i k a
a m a t a l i k a
a n a t a l i k a
n d i d z a t a l i k a
n d i m a t a l i k a
n d i n a t a l i k a
m u d z a t a l i k a
m u m a t a l i k a
m u n a t a l i k a
a d z a t a l i k a
a m a t a l i k a
a n a t a l i k a
k u n y e n g a
t i d z a n y e n g a
t i m a n y e n g a
t i n a n y e n g a
m u d z a n y e n g a
m u m a n y e n g a
m u n a n y e n g a
a d z a n y e n g a
a m a n y e n g a
a n a n y e n g a
n d i d z a n y e n g a
n d i m a n y e n g a
n d i n a n y e n g a
m u d z a n y e n g a
m u m a n y e n g a
m u n a n y e n g a
a d z a n y e n g a
a m a n y e n g a
a n a n y e n g a
k u b i r i w i r a
t i d z a b i r i w i r a
t i m a b i r i w i r a
t i n a b i r i w i r a
m u d z a b i r i w i r a
m u m a b i r i w i r a
m u n a b i r i w i r a
a d z a b i r i w i r a
a m a b i r i w i r a
a n a b i r i w i r a
n d i d z a b i r i w i r a
n d i m a b i r i w i r a
n d i n a b i r i w i r a
m u d z a b i r i w i r a
m u m a b i r i w i r a
m u n a b i r i w i r a
a d z a b i r i w i r a
a m a b i r i w i r a
a n a b i r i w i r a
k u s o w a
t i d z a s o w a
t i m a s o w a
t i n a s o w a
m u d z a s o w a
m u m a s o w a
m u n a s o w a
a d z a s o w a
a m a s o w a
a n a s o w a
n d i d z a s o w a
n d i m a s o w a
n d i n a s o w a
m u d z a s o w a
m u m a s o w a
m u n a s o w a
a d z a s o w a
a m a s o w a
a n a s o w a
k u l i m a
t i d z a l i m a
t i m a l i m a
t i n a l i m a
m u d z a l i m a
m u m a l i m a
m u n a l i m a
a d z a l i m a
a m a l i m a
a n a l i m a
n d i d z a l i m a
n d i m a l i m a
n d i n a l i m a
m u d z a l i m a
m u m a l i m a
m u n a l i m a
a d z a l i m a
a m a l i m a
a n a l i m a
k u w a l a
t i d z a w a l a
t i m a w a l a
t i n a w a l a
m u d z a w a l a
m u m a w a l a
m u n a w a l a
a d z a w a l a
a m a w a l a
a n a w a l a
n d i d z a w a l a
n d i m a w a l a
n d i n a w a l a
m u d z a w a l a
m u m a w a l a
m u n a w a l a
a d z a w a l a
a m a w a l a
a n a w a l a
k u i m b a
t i d z a i m b a
t i m a i m b a
t i n a i m b a
m u d z a i m b a
m u m a i m b a
m u n a i m b a
a d z a i m b a
a m a i m b a
a n a i m b a
n d i d z a i m b a
n d i m a i m b a
n d i n a i m b a
m u d z a i m b a
m u m a i m b a
m u n a i m b a
a d z a i m b a
a m a i m b a
a n a i m b a
k u p i t a
t i d z a p i t a
t i m a p i t a
t i n a p i t a
m u d z a p i t a
m u m a p i t a
m u n a p i t a
a d z a p i t a
a m a p i t a
a n a p i t a
n d i d z a p i t a
n d i m a p i t a
n d i n a p i t a
m u d z a p i t a
m u m a p i t a
m u n a p i t a
a d z a p i t a
a m a p i t a
a n a p i t a
k u s a m b a
t i d z a s a m b a
t i m a s a m b a
t i n a s a m b a
m u d z a s a m b a
m u m a s a m b a
m u n a s a m b a
a d z a s a m b a
a m a s a m b a
a n a s a m b a
n d i d z a s a m b a
n d i m a s a m b a
n d i n a s a m b a
m u d z a s a m b a
m u m a s a m b a
m u n a s a m b a
a d z a s a m b a
a m a s a m b a
a n a s a m b a
k u g w a
t i d z a g w a
t i m a g w a
t i n a g w a
m u d z a g w a
m u m a g w a
m u n a g w a
a d z a g w a
a m a g w a
a n a g w a
n d i d z a g w a
n d i m a g w a
n d i n a g w a
m u d z a g w a
m u m a g w a
m u n a g w a
a d z a g w a
a m a g w a
a n a g w a
k u b v a l a
t i d z a b v a l a
t i m a b v a l a
t i n a b v a l a
m u d z a b v a l a
m u m a b v a l a
m u n a b v a l a
a d z a b v a l a
a m a b v a l a
a n a b v a l a
n d i d z a b v a l a
n d i m a b v a l a
n d i n a b v a l a
m u d z a b v a l a
m u m a b v a l a
m u n a b v a l a
a d z a b v a l a
a m a b v a l a
a n a b v a l a
k u k h u m u d w a
t i d z a k h u m u d w a
t i m a k h u m u d w a
t i n a k h u m u d w a
m u d z a k h u m u d w a
m u m a k h u m u d w a
m u n a k h u m u d w a
a d z a k h u m u d w a
a m a k h u m u d w a
a n a k h u m u d w a
n d i d z a k h u m u d w a
n d i m a k h u m u d w a
n d i n a k h u m u d w a
m u d z a k h u m u d w a
m u m a k h u m u d w a
m u n a k h u m u d w a
a d z a k h u m u d w a
a m a k h u m u d w a
a n a k h u m u d w a
k u n e n a
t i d z a n e n a
t i m a n e n a
t i n a n e n a
m u d z a n e n a
m u m a n e n a
m u n a n e n a
a d z a n e n a
a m a n e n a
a n a n e n a
n d i d z a n e n a
n d i m a n e n a
n d i n a n e n a
m u d z a n e n a
m u m a n e n a
m u n a n e n a
a d z a n e n a
a m a n e n a
a n a n e n a
k u l o w a
t i d z a l o w a
t i m a l o w a
t i n a l o w a
m u d z a l o w a
m u m a l o w a
m u n a l o w a
a d z a l o w a
a m a l o w a
a n a l o w a
n d i d z a l o w a
n d i m a l o w a
n d i n a l o w a
m u d z a l o w a
m u m a l o w a
m u n a l o w a
a d z a l o w a
a m a l o w a
a n a l o w a
k u m e r a
t i d z a m e r a
t i m a m e r a
t i n a m e r a
m u d z a m e r a
m u m a m e r a
m u n a m e r a
a d z a m e r a
a m a m e r a
a n a m e r a
n d i d z a m e r a
n d i m a m e r a
n d i n a m e r a
m u d z a m e r a
m u m a m e r a
m u n a m e r a
a d z a m e r a
a m a m e r a
a n a m e r a
k u c h o k a
t i d z a c h o k a
t i m a c h o k a
t i n a c h o k a
m u d z a c h o k a
m u m a c h o k a
m u n a c h o k a
a d z a c h o k a
a m a c h o k a
a n a c h o k a
n d i d z a c h o k a
n d i m a c h o k a
n d i n a c h o k a
m u d z a c h o k a
m u m a c h o k a
m u n a c h o k a
a d z a c h o k a
a m a c h o k a
a n a c h o k a
k u k o n d w a
t i d z a k o n d w a
t i m a k o n d w a
t i n a k o n d w a
m u d z a k o n d w a
m u m a k o n d w a
m u n a k o n d w a
a d z a k o n d w a
a m a k o n d w a
a n a k o n d w a
n d i d z a k o n d w a
n d i m a k o n d w a
n d i n a k o n d w a
m u d z a k o n d w a
m u m a k o n d w a
m u n a k o n d w a
a d z a k o n d w a
a m a k o n d w a
a n a k o n d w a
k u k a n a
t i d z a k a n a
t i m a k a n a
t i n a k a n a
m u d z a k a n a
m u m a k a n a
m u n a k a n a
a d z a k a n a
a m a k a n a
a n a k a n a
n d i d z a k a n a
n d i m a k a n a
n d i n a k a n a
m u d z a k a n a
m u m a k a n a
m u n a k a n a
a d z a k a n a
a m a k a n a
a n a k a n a
k u t o l a
t i d z a t o l a
t i m a t o l a
t i n a t o l a
m u d z a t o l a
m u m a t o l a
m u n a t o l a
a d z a t o l a
a m a t o l a
a n a t o l a
n d i d z a t o l a
n d i m a t o l a
n d i n a t o l a
m u d z a t o l a
m u m a t o l a
m u n a t o l a
a d z a t o l a
a m a t o l a
a n a t o l a
k u d z i w a
t i d z a d z i w a
t i m a d z i w a
t i n a d z i w a
m u d z a d z i w a
m u m a d z i w a
m u n a d z i w a
a d z a d z i w a
a m a d z i w a
a n a d z i w a
n d i d z a d z i w a
n d i m a d z i w a
n d i n a d z i w a
m u d z a d z i w a
m u m a d z i w a
m u n a d z i w a
a d z a d z i w a
a m a d z i w a
a n a d z i w a
k u c h e p a
t i d z a c h e p a
t i m a c h e p a
t i n a c h e p a
m u d z a c h e p a
m u m a c h e p a
m u n a c h e p a
a d z a c h e p a
a m a c h e p a
a n a c h e p a
n d i d z a c h e p a
n d i m a c h e p a
n d i n a c h e p a
m u d z a c h e p a
m u m a c h e p a
m u n a c h e p a
a d z a c h e p a
a m a c h e p a
a n a c h e p a
k u s a n g a l a l a
t i d z a s a n g a l a l a
t i m a s a n g a l a l a
t i n a s a n g a l a l a
m u d z a s a n g a l a l a
m u m a s a n g a l a l a
m u n a s a n g a l a l a
a d z a s a n g a l a l a
a m a s a n g a l a l a
a n a s a n g a l a l a
n d i d z a s a n g a l a l a
n d i m a s a n g a l a l a
n d i n a s a n g a l a l a
m u d z a s a n g a l a l a
m u m a s a n g a l a l a
m u n a s a n g a l a l a
a d z a s a n g a l a l a
a m a s a n g a l a l a
a n a s a n g a l a l a
k u k w a t a
t i d z a k w a t a
t i m a k w a t a
t i n a k w a t a
m u d z a k w a t a
m u m a k w a t a
m u n a k w a t a
a d z a k w a t a
a m a k w a t a
a n a k w a t a
n d i d z a k w a t a
n d i m a k w a t a
n d i n a k w a t a
m u d z a k w a t a
m u m a k w a t a
m u n a k w a t a
a d z a k w a t a
a m a k w a t a
a n a k w a t a
k u l i m b a
t i d z a l i m b a
t i m a l i m b a
t i n a l i m b a
m u d z a l i m b a
m u m a l i m b a
m u n a l i m b a
a d z a l i m b a
a m a l i m b a
a n a l i m b a
n d i d z a l i m b a
n d i m a l i m b a
n d i n a l i m b a
m u d z a l i m b a
m u m a l i m b a
m u n a l i m b a
a d z a l i m b a
a m a l i m b a
a n a l i m b a
k u y a n k h a
t i d z a y a n k h a
t i m a y a n k h a
t i n a y a n k h a
m u d z a y a n k h a
m u m a y a n k h a
m u n a y a n k h a
a d z a y a n k h a
a m a y a n k h a
a n a y a n k h a
n d i d z a y a n k h a
n d i m a y a n k h a
n d i n a y a n k h a
m u d z a y a n k h a
m u m a y a n k h a
m u n a y a n k h a
a d z a y a n k h a
a m a y a n k h a
a n a y a n k h a
k u n y o z a
t i d z a n y o z a
t i m a n y o z a
t i n a n y o z a
m u d z a n y o z a
m u m a n y o z a
m u n a n y o z a
a d z a n y o z a
a m a n y o z a
a n a n y o z a
n d i d z a n y o z a
n d i m a n y o z a
n d i n a n y o z a
m u d z a n y o z a
m u m a n y o z a
m u n a n y o z a
a d z a n y o z a
a m a n y o z a
a n a n y o z a
k u y e r a
t i d z a y e r a
t i m a y e r a
t i n a y e r a
m u d z a y e r a
m u m a y e r a
m u n a y e r a
a d z a y e r a
a m a y e r a
a n a y e r a
n d i d z a y e r a
n d i m a y e r a
n d i n a y e r a
m u d z a y e r a
m u m a y e r a
m u n a y e r a
a d z a y e r a
a m a y e r a
a n a y e r a
k u i p a
t i d z a i p a
t i m a i p a
t i n a i p a
m u d z a i p a
m u m a i p a
m u n a i p a
a d z a i p a
a m a i p a
a n a i p a
n d i d z a i p a
n d i m a i p a
n d i n a i p a
m u d z a i p a
m u m a i p a
m u n a i p a
a d z a i p a
a m a i p a
a n a i p a
k u s o n k h a
t i d z a s o n k h a
t i m a s o n k h a
t i n a s o n k h a
m u d z a s o n k h a
m u m a s o n k h a
m u n a s o n k h a
a d z a s o n k h a
a m a s o n k h a
a n a s o n k h a
n d i d z a s o n k h a
n d i m a s o n k h a
n d i n a s o n k h a
m u d z a s o n k h a
m u m a s o n k h a
m u n a s o n k h a
a d z a s o n k h a
a m a s o n k h a
a n a s o n k h a
k u s u n g a
t i d z a s u n g a
t i m a s u n g a
t i n a s u n g a
m u d z a s u n g a
m u m a s u n g a
m u n a s u n g a
a d z a s u n g a
a m a s u n g a
a n a s u n g a
n d i d z a s u n g a
n d i m a s u n g a
n d i n a s u n g a
m u d z a s u n g a
m u m a s u n g a
m u n a s u n g a
a d z a s u n g a
a m a s u n g a
a n a s u n g a
k u s e w e r a
t i d z a s e w e r a
t i m a s e w e r a
t i n a s e w e r a
m u d z a s e w e r a
m u m a s e w e r a
m u n a s e w e r a
a d z a s e w e r a
a m a s e w e r a
a n a s e w e r a
n d i d z a s e w e r a
n d i m a s e w e r a
n d i n a s e w e r a
m u d z a s e w e r a
m u m a s e w e r a
m u n a s e w e r a
a d z a s e w e r a
a m a s e w e r a
a n a s e w e r a
k u c h e n j e r a
t i d z a c h e n j e r a
t i m a c h e n j e r a
t i n a c h e n j e r a
m u d z a c h e n j e r a
m u m a c h e n j e r a
m u n a c h e n j e r a
a d z a c h e n j e r a
a m a c h e n j e r a
a n a c h e n j e r a
n d i d z a c h e n j e r a
n d i m a c h e n j e r a
n d i n a c h e n j e r a
m u d z a c h e n j e r a
m u m a c h e n j e r a
m u n a c h e n j e r a
a d z a c h e n j e r a
a m a c h e n j e r a
a n a c h e n j e r a
k u d i k i r a
t i d z a d i k i r a
t i m a d i k i r a
t i n a d i k i r a
m u d z a d i k i r a
m u m a d i k i r a
m u n a d i k i r a
a d z a d i k i r a
a m a d i k i r a
a n a d i k i r a
n d i d z a d i k i r a
n d i m a d i k i r a
n d i n a d i k i r a
m u d z a d i k i r a
m u m a d i k i r a
m u n a d i k i r a
a d z a d i k i r a
a m a d i k i r a
a n a d i k i r a
k u f u n a
t i d z a f u n a
t i m a f u n a
t i n a f u n a
m u d z a f u n a
m u m a f u n a
m u n a f u n a
a d z a f u n a
a m a f u n a
a n a f u n a
n d i d z a f u n a
n d i m a f u n a
n d i n a f u n a
m u d z a f u n a
m u m a f u n a
m u n a f u n a
a d z a f u n a
a m a f u n a
a n a f u n a
k u g u n d a
t i d z a g u n d a
t i m a g u n d a
t i n a g u n d a
m u d z a g u n d a
m u m a g u n d a
m u n a g u n d a
a d z a g u n d a
a m a g u n d a
a n a g u n d a
n d i d z a g u n d a
n d i m a g u n d a
n d i n a g u n d a
m u d z a g u n d a
m u m a g u n d a
m u n a g u n d a
a d z a g u n d a
a m a g u n d a
a n a g u n d a
t i m a t s i r m a r e d i z u d a l
a d z a o z z a n a
a n a m a b g ' a n
m u m a i m a g r e k a
m u m a u z a n a n i m a n
m u m a l a u p i n a m a c n k h u a f u u
m u m a y o z l u k
n d i m a a y a n c h a a m v
m u d z a a y a m m a t o k a n a
a m a i n a u s i y
m u d z a z a k u
m u d z a u i a n k h i m a s
t i d z a z a b v a n j s i
a n a k u t a l u p i
a n a a l i z n a t s k u t c
m u m a k u s i a t h i
t i n a h i k a
m u n a a m a f
a d z a h e d a c p e r e
a n a d z a l
m u d z a t i m
m u n a a m e e d w
m u m a z a g c h e d
t i d z a u t u a l i m
a d z a h o o l o
t i n a i m a i c h o k
t i d z a s y k o m a o a t s o
a m a n a y a e z
m u d z a h a l z a p h a l a
n d i d z a u m a n a y e n
a d z a h a m a d a l
a m a u g u n a c a m a o
n d i d z a a k a l
a n a a t i z e r u k i r
t i n a i m a i u p a l a n y o n a d w
n d i d z a a n j e w a k o m u
m u m a k u m k u s i s a z
a m a u k a n
m u n a m a d u d i d k u f e
a n a a t h d z a c
a d z a a k w u i w e r r i w
a n a u p e r k u p i
t i n a k u n e n a y e
a n a p w s a n k
m u d z a k u p w s u n g
t i m a i n a b w i r a o k a
m u n a h y o l
a n a e n g a a g w a u t c
a d z a d u l i m d z a i
a n a f e a t s a a s u l
n d i d z a a t h y e d w k u c h
t i m a r u a s o w
a n a u o m b
t i d z a z a d d z a r h y o l
n d i n a a s o c a s o u s e f e r e n a y e n
n d i n a u m a c a k a n
k u u k o n u s o w
a d z a o m b k o
k u b a t i u n a c w a l
a n a m a s a u d w a
t i n a v o l i d z a n
a n a n a n a k u g o m a f e
m u m a g ' a n k u w a
m u d z a y a m a m a i a t a l
n d i n a a s e w i t a z a z i a l o n u p i t
t i m a s i y a
m u d z a d z a r
t i n a i y a z a p s
m u n a b e n u b i r i
n d i m a g a l a d z a f u n a m
t i n a z a i p
n d i m a u l i e r e n
m u m a m b u u k h u h e r a
m u n a m a t c n a n a
t i m a m e a f u l z a t u
a n a a s w a n a i m
k u a t a z a n e h a m a
a n a d a l a d i d u n z i
t i d z a u p a m
a d z a u s e w s o c d a f u u z a s w
m u n a a r m a f a h u t t h i r
a n a t s a l z a n y n k h u
a d z a u g w t i n w i r
a n a m a k a y a l
n d i d z a k a n a u z i n
t i m a t u l m a z u m a m e
a n a n g ' a d a l a m i k
t i d z a y o l a b a n u l u n m a d z a k a n
a m a e n e a c h a
a m a u m a m n j e r z a z
a n a d w a l i n y e r u
m u d z a d i n a
k u y a z a d u
n d i n a k u t h a p a k h u
t i n a r i w i
a d z a w a n a m a m n z a
a n a u n a f i r i z
n d i n a m b u a m a n k h u t
k u a c h u a i m b
m u d z a u s a n u o l
t i d z a i k h a i m a o
n d i d z a u n z i d z a l
m u d z a i n a i u n a r
m u m a u p a o g
a d z a l o n j e f n a w a n
m u d z a m a p s a k u u o m b a p i t z a n t
m u m a a n a z a g w
m u d z a m m a n a
a n a n y a m k u s e e n t
n d i n a k u i s i y
a d z a k u n y n a l i n a t h w e z
m u m a a z u u k a u m a k
t i d z a s a l u l o n a i k a u y a l
t i n a u l e m
a n a y e r e n d i m
m u d z a r e k a
a m a n a l e n a w a
m u d z a a p e m z a b
k u a m e n a s o
m u d z a o g u z a w a t
a m a u p i r k u p i m a k
a n a n l o n
a d z a u b i r l a i m a l i
a n a a l e u t s a f u l
m u m a m u l a ' a
n d i d z a k u b
n d i m a o c l a i a b w e n j a w a n a
a n a a l u m
t i n a u y a m h u m u
t i d z a z i n d p e r e
m u n a u i m a t i z
a d z a a l a i m a y a
m u d z a b v u
n d i d z a h a n s a
m u d z a z a k h k u d i n a k
t i d z a u c h o
m u d z a m a i m d i m k u n t n u p h a
a m a z u n s a n g u o m b
m u d z a u g o a t h p h u
a d z a u t l i m a i t o
m u n a u y e u m a z k u y
n d i d z a a n y m a c
n d i m a b w e r l o w a
a n a m a m a o l t h y o
m u n a e n z a k h z a n a
m u m a e n z a l u d u l
t i m a t c h a a p u w e
m u n a a k u m
a m a t a n a k u n b w e z
a m a s u n g p h a u o l o
m u n a k u z i u l e m t i m a
a d z a a m u
a d z a g u n d z a t o u d a l s a
m u n a m a d i u f e u t h u b a m a g u n a f
a m a a d i k e f n a b
a n a i m a f z a l u k a n
a d z a b v u n a k n k h u
t i d z a n g a l
m u m a i n y a u n z a
m u d z a a t h i o z a a p e m
a n a r i z t i m u s a k
t i n a c h u z a l a u f u l a n a t
n d i d z a a m i g w i
k u h y o l n d i z u m a r
a m a m v a t e u m a z z a m w
m u n a d u g ' a m c h u l
n d i d z a z a p n d i z
a n a k u d u l o w m a g
k u b e r
a d z a n a w a i w i a m a s
a d z a k w e r u z
n d i m a a m a w u n t
a d z a i d a b i r s e f u
a n a l i m a t i e m b a
t i m a n a w a
a n a c h i r m a b e e n d a n a n t
a n a c h a z a z u k u s a
t i n a u b w e u m b u
n d i d z a n a o p k u s u
m u n a u m a o e n j
m u d z a u k h a a m a p
m u d z a a m a n n d i n a n a b t s e n a d
a n a k u t e s a n k
t i m a h u l p s y a d a l a
a n a e p a u s a m
t i m a j e z
m u m a l u k a w a m a t a
a n a a b w e k u k h e k e
m u n a k i w e r m a f u
n d i m a n u b v d z a p y a n d k u p i u p e
a n a a s a n
m u d z a k u p a p e
m u d z a n d a k u l a
m u d z a b a y k u t s t h a a o p i z h u t
m u n a h y o l m a s r i
m u n a g o l a
n d i m a a o u m a m u b a y
m u n a s a k a
t i d z a a p e r m a t m e n y
n d i n a t h o c
t i d z a l u n b a t u o p
m u n a v i n a u p h
n d i d z a n i z a u k a
m u d z a l a m b
a m a g o n a w a m e n y
m u n a z a p i a t o l j a
a m a u r e
n d i m a o n j
k u n a i p a l a m
m u n a a m a o u f i n z i r u k w a
n d i m a p i r w e t e k u o l t e n k h k u s i
m u d z a e m p h a n a n
n d i m a l u m i
a n a t a n i
a n a u l a n a z i
m u d z a i d z b w e z u s a n
n d i m a a o l o s u n g p o
a d z a i z d k
n d i d z a a d a b e
a d z a k u z n d a m a p e
m u n a z a w a n a i t
t i d z a t i m a l u d z i z a n y
a d z a a g w i a p a n t i d z m u l a
a n a a w a u g w i p e m k u l a m i k a
a n a c h i t f e t c h a
m u n a z a k w h e r a m n k
t i n a m u m u t s e r e r u
m u n a a n k n a l u a n y e
m u m a k u w e a p o s f i
a n a u n a m a s u n
t i d z a e n y a k e z k a m
m u n a a c h o d a z a d
t i d z a a p d z a n
a m a u p z a b a d i k
n d i m a n a y z a p o
a m a k u p w d w a
t i d z a f e g u n u o p m b a u n a g
n d i n a n a d t h y o
m u n a i m a b n a i p
m u n a k u r e t h y u n g a
m u d z a o m m u n n a l
n d i m a g a m a s a u
m u n a i k i r s a z u f m a l u
m u d z a u c h
a d z a u p i r
t i m a u i p a b a y a m u m a
a n a n a b m a b w
k u w a z a s i y a n k l a l a
t i n a y e r e t c h
t i n a a n a f r e n
a m a n a m v n e r a
t i m a p a l u t i n d a
m u d z a m w k u p h a p i u t h a
a n a d z a w
m u n a w i r a n a n t u l a n
n d i n a a o p s
m u m a y e n g k u l o
a n a m a n a
m u n a h a u p s
m u n a d a l d i k
m u m a k u t c n j e z
t i m a t h i n y n d i n n a m a h a w a n a p a
t i m a n t h a a p w e a p h a p e z
m u d z a d y a m b p w e t
a d z a u t s e
a d z a r e z a l o
k u w i a b a t u f i a k w u l u n
n d i m a u s a n u m a n
t i n a i m a l
m u m a z u s a t a m b a n
t i m a n g a m
m u m a t o l a
m u n a r u z a m b ' a n
n d i n a k w a n u s a n h e k a n a n
a n a i n a g c h e v i n a
n d i n a i n d u
t i d z a m a t u
k u z a b w n u k a
a d z a t c h i n a s a l o
t i m a a t c h h a z
a m a k a l g o n a p i n
m u d z a n e n a k u i m
a d z a u m a f
a m a c h o k a k a n b a y a
a n a u m a o i t a n
n d i m a j a a l a i a n a p
a d z a m u n a r i r a n a t
m u d z a d w a u m a g a s o c
m u n a s a a i t u n a d t a l
n d i n a e r u k k w a j e z a h a l z a d a u n a y
m u m a e n d a h o k
m u n a s a z
m u d z a u m e e r e p i u m a c
a d z a u p s h a l a
m u n a t i u n y o
a m a m a y e
n d i m a k u b e n t c h
m u d z a u s u h e r i z
a n a e m b n u k h u t a
a n a i n a s
k u i n a d
a m a a b v i
m u m a a p h u
t i m a u i m b c h e k
a n a z a p w k u r t e m
a m a m a f e a n a y n a
a m a t e k a y e r u b v
m u n a z a g w e t n z
n d i d z a n k u b h y o l i n a c b w e
a d z a c h i t g o l a
m u m a m a g w e m a
n d i n a o n d w u t h y
t i m a u p i r
m u n a a y a n k u p s u s a m
m u m a u t o u s a u a g o n
k u ' a n a h a n
m u d z a u n a b
n d i m a h e d w
m u n a u w a l a m e n m a p i a n d k
a n a v u t n d i d u t o k u d z
m u n a m a l o y a n g
m u n a p a m k u b
a d z a a z i z a n a f a a k o n
a m a z a s e t s a
m u n a k u z u t i
m u m a z a k w w a t a
a n a d z s o w y a l
m u d z a a s i s e
n d i n a a y e r f u
a d z a a w a l
m u n a y a n i n a p
n d i n a a m b
m u d z a z a s e g a l a n a t
a n a a p a l t a
t i n a b v o p h u n
a n a z a o k e z
a n a u l i m n a i h e p
m u m a n a l a t h y u d a l
n d i m a m a l u u l o w
n d i n a a m a u m a z
t i n a i t o u f u n p s
m u d z a v u t w a t a n a o p
m u d z a m a c h z a g w
t i m a r i r k u k a b v
a d z a n a p i
t i n a n a n y a d z a
n d i d z a e n u y e m a f i
m u n a a d a l s a k o n u m v
t i n a o c h e
n d i d z a u n a
t i n a a b i r e z a
n d i d z a k w a n u p i n m a o m
t i d z a e r u k z i w
m u m a u r e z a r a m w a
m u d z a u n a s m u d z
m u n a u t u c h e r
m u m a u m u d h u d z
n d i d z a o n j e u t o l
t i n a a g w e n a s e k a
a m a a f e z a o m w e n d
a m a b e ' a z a l e p w e t a m b
a n a u l i n a i m s a m
m u d z a d z a k z a p a i k p s y a l u k
t i m a m i m a t
t i m a n a y a e f
m u d z a k u s z a n t
m u n a u z d w
t i n a m b e
n d i m a z a d w
a n a u l u a z i k p i t a
k u n a y a b v s e w e
t i n a z a i w r e i d z a
t i d z a n g h e r d z a c
a m a n y a a t o p e r
m u m a i p a u w a t h i
m u n a s i r a n a g
a d z a t u l m i r a
t i d z a u m v n a f a o a l i
a d z a a t s
m u d z a l i r a
n d i n a a n k h t c h a n g '
a n a k u d a a y e r
a n a w a t z a z
m u d z a k h a r a u b v u
n d i d z a t c h a z a k u p a n a
m u d z a z a t a a m a p
t i d z a d z a i u c h w a l a
n d i d z a g ' a k u l a a l a l
a m a p s y n j
t i n a s a n k n a b a a p w
m u d z a l e m b a t u l
t i d z a z a b w u i k
m u n a i k a p i n
t i n a i r a z i r a o p s
m u m a u m a b k u p w g w
a m a u o m b
m u d z a m a y e m a w
n d i m a u n a o s a l a
m u n a t s i e w e
a d z a k h u t
m u n a e t e k a m v u m i r
a m a e r e s a n g k u m v
m u n a u m u s a n k m a r e
m u n a u s o w e w e r
m u m a g u n d n a t u z a l
m u n a z i k a
m u m a z u m p a p a m
m u m a u p h i o n d a
m u n a u p w o k k u p w
n d i n a u w t s e
m u d z a b v o e p a i m
n d i m a m a w a s a z m a s i
n d i d z a z a d a u w e r
m u n a k u m v p e m p s w a a k h u
a n a u n n a p e
t i m a k u i w z a
a d z a a p s d a l u g d i z
t i m a y o z u n a m
n d i d z a i k u m a s
m u d z a n g a h o k
m u d z a a g w
m u n a u p w e
m u m a h u n v o i m a d
t i n a z a o m t s e
t i n a z a b a u b v a
n d i n a e n j e i n y a a k
a d z a m a l p e r u k a n h o k a l i
t i d z a u m b u k u i u g o
a m a e f u u y a n a w b a t
a n a k u i w n j e r i d z
m u m a d z a c u l m p h
a d z a p i t a z a d
a n a z a g d z a t a b e j e m a d s u n
m u d z a e m a ' a m
m u n a n a p v o d z a k
a d z a e n g
a d z a b u m u m a
t i d z a b v o n a n a l u n
m u d z a p i t a
t i n a n a s w h i k a
a n a k w i t m a f c h i w a n
a d z a w a l a k u o m t s e k n a w a b v u t
k u s i y h a z h o k
m u n a u s e u m i
m u n a m a t s k u d
k u t o l t s e k m a m
n d i n a s i y a k o a k a l
n d i m a a n i z t i n a k u z
a m a u g u k u g o u l e m e r u z b a y a
t i d z a h o k a i n a m z a o m
t i n a s o w t s u i m w
m u n a n k h a
a m a p a l a u p i t k u t u
m u n a u t h b v o m
t i m a a n a s
a n a a k w i
m u d z a h i n u m a t
n d i d z a g w u u v o m
n d i n a c h o k m w i n y a
m u n a f e w a b e r
a d z a n a y a m e r
k u i n a p o n a
a d z a l a i k a n a g
a n a l o w a l i m b
t i n a a p a l u f e w a o
a d z a u n a z z a k k u y e
t i n a z a b e
a m a m a p n a d u k u k u
m u n a o n j k u p h
m u m a u n t c o z a a s u n
n d i d z a u d a i m w m a o m
m u d z a i n a y t e
a m a n j e z i n a g u k a l u y n a d i n d k i
k u e n u k t e m b
t i m a t c h i u c h a
n d i d z a s y a y e r a
a m a n k h n a o p
a n a c h u n a g u p o n h a l a a t h y u u l a
t i d z a m e i r i r
t i d z a g u n z a k w m a k
a d z a n y o z
t i m a a m a d m a l e
t i n a n a c m a f z a b
n d i m a u s o w n a f i m u l
a n a a t i z n i z a u f u n
m u d z a u n a n e e f u k
m u n a a n a s s e f u
t i m a a t i z u f i s u l a
a n a z a z u m a f u p o n d
k u u o l o i r a
m u n a a b v a
a m a b v o m z a f u
m u n a k u f u a n g '
a n a i k a f u
a d z a i r i w
n d i d z a g a m
a m b a z a t c d z a l a
m u n a u w a m a s
a n a m a l k w a z a t s
t i n a k e z h e k s u n g
n d i n a u c h
a d z a y e n t a n i m a t c
m u n a i m a d z a c
m u n a u n y a a d i
a n a a l u w a n a k u y
a n a s a k u l e
n d i d z a a f u n a m a o
m u m a b w e r u p h i u d a l
n d i n a u b i z i w a b v o m
t i m a t s o k a n a
a n a a t u l
a n a u g u u g u n
a m a s e k a
m u d z a y e
a d z a n a z u n a y a
m u n a a m i k h a
a d z a m b e n z a d
a d z a u s u z a i m
t i d z a n a z u
a n a d z a f l o n u l n k h a t e k a a p o
m u m a a n a a t s a
m u m a a m a m k w i y
a d z a z a k u a p o
a n a m a n y h u d z
t i n a h u m n a y a
t i d z a t i z a o m b
m u n a u k a k i r a
m u m a a u h i t z a n g d z a m
k u t u l p i n d n d a
m u d z a k u i m u d w a u d w a
m u m a k u d z a s o n m a y
k u h u n a m u l z a b a u n a m h o k
a m a a t o a s i r
m u n a e d w a u l i m a k o n
a n a h i k a a b i r k h a
m u n a m a f l i r a
a d z a n a z u m a f e
a n a m a b v i k u y
m u n a m i r a m a p h
m u n a u g w h a l u f u n j e
m u n a i n a b a m w a
t i m a u p s u n d a u n e w e r e
n d i d z a u p o n b e n n a z i u n a o
a d z a s o n u r e
a d z a m a w e
m u d z a a m a c n u
t i m a u n y r e k t e k a k u m a s u
a n a g a m a
a m a u t c a b
m u n a u d i w i r a m a p i
a d z a g a l a m u n a
a d z a a z i z i w a
m u d z a a w a u o
m u n a a k a l u w e a t h i
m u n a p h u n o z a y a l a
a m a n z a a d a l u l e
n d i d z a u n z a u n a y n a b v
a d z a u s e k t s a l u j e z z a s w
n d i m a z a i a p e r
a d z a h a l u l u m u t e
a n a p i r h u d z
m u n a a n a c e w a o n d
n d i m a a p o s m b u
a n a k u w e s i y m u d k u f a z a f k e z a
a n a v o m a n a r
m u m a c h u l
m u n a o c h u k a l m a p h m a b w
m u m a u o z a k w u t s e n d w a a o m n g a
m u n a e n e
m u m a h y o l k u b w
a d z a v i a l a m u k o
a n a i k a u s o w
n d i m a u b w e k u s o
a d z a z i w n g ' a
t i n a u p i
m u n a m v a z a d i
m u m a u i p b v u a m w a
m u m a a d a l e m a
n d i n a d z a z e k e z
a m a u l o a k
t i m a a n a f
m u m a c h u l b e r
t i d z a a b a y z a f u a u e t e k
a n a n y o u o m b
t i n a a t a m a m k u t s
m u d z a s a n m a w a m a m
a m a n d u l l a l a
m u n a u z i n h i r
t i m a a n a n m v
n d i n a z a m u s e w
a m a h y o l n y a u n h o k a
m u n a m k u z i a t s a
a n a m a t u a n e n a n i n a c u k a m
t i d z a k u o l j e
m u m a k u n a d z a p u k o n a s i o n j e i m a z
m u m a g o l e n j e m a n a n a w u s i r
m u m a ' a z a d w e r e
m u n a a s o
n d i m a a f a m u d z
t i m a i n a t
t i d z a u p i r
m u n a p a n k a m b m w a
a n a p i r z a n g z a n y
k u a m a b u g o
a d z a r i r h e r a t e k a a y a m
m u d z a u c h e a t h y
k u m a i t
n d i m a a m a y s a z
n d i d z a m a p i
a d z a p w e t
m u d z a u g o n m i k m u
m u m a i n a l u t h e r a
m u m a u c h e k u f c h o
a m a m a t c a n a l
a n a m a k h t a n
t i d z a a m a c m a l o m i
a m a m u m z u d z a o z a
t i n a t c h u l m a d u
a n a u c h a n d a n a i
m u d z a m a p s a n g a
m u n a c h e k a n j a
m u m a n d i a k h u
a n a a k o n
a m a k u o p u m a g
a d z a u t h
m u n a u i t a
m u d z a a g w i i m a m
t i d z a o m a i m a s l u m i
t i d z a p o s z a k h
n d i d z a a f a i d z a a m u
a m a g o t i n a
a d z a v o m n d w a k u l o
a d z a s a k a t u
a d z a r a k u m w i n a n t i d
m u m a n e n y a n k p e z ' a n a
a d z a b a n
a m a u l a
m u m a a p o s u t a
t i n a a m a k l e d a p a m b
a m a m i k a m a d a
a m a l u n v a
m u m a e p d z a y n e
a n a a d u l d k u n d a
m u n a m e r a m v a b u k
n d i m a t e m u s u n
a m a u n a b a t e k a l a
n d i n a m a o a w a l
a m a u s a u n g a m
m u m a v a l u l u p s y
t i d z a a s i y t e k a
a n a a o p s k u m a t e k
a m a u n y a a s w d z a d
a n a a m u l
n d i n a u k u n d i n
m u n a t e k n a s u
k u r u s o n
m u d z a z a s o
m u n a u m e n l a n k
t i n a i m a c k o n d
m u m a l o n i n a l u f i k
m u d z a z a o l e d w a
m u d z a n a z a c h i u m b u n a k h t i n a
t i m a u c h e
a n a u w e r u n a w
k u n a p h
a m a u z i r u u c h u
m u n a m a s a
a d z a a m e n i r i w p s y a z a p o
m u d z a a f u k u p e
m u n a y e r m a i m
n d i m a d a y e w i y u l e m
m u n a h u
m u m a z a l i u m a g n a i z a s i o c i z
m u d z a m a k z a t e i r i r i r i r z a o
m u d z a n g a a k w a
t i n a u n
a m a k e z a u i m
m u d z a n a w y a l a h u m
n d i m a t e m a g u k w
m u d z a r u d i d a n a y
m u m a a s o w z a p a
n d i m a m a n a w e u s o
a n a o l o k u o p a c h a
m u n a o z m v n a g u l a n k
m u d z a a o v i n t i z
k u a g o k u s u
t i m a z a s u l o n j
a m a i n d c h e k
t i n a e m p h n u
n d i m a k o u c h i v i n a
a m a u p h u a m u
m u n a v a a f a
n d i m a z a n a p o
m u m a n a s i n a f
m u d z a h y l i z a a b a
t i d z a z a i t a b e k u k u
n d i n a e m b z a f u
n d i d z a l o n u g i z h e p u k h
m u m a d u s a z i
a n a m a l e
a n a i m a a r e k
n d i m a n t c h m a p h
m u d z a z a f a i m
m u d z a m a p s
m u m a k u t h s a n g
a d z a u k w y o z a u t h
a n a k u t o
m u n a n a f u e r e n a g o
m u d z a m a b w s u n a f e
a m a u n g a z a g u n a w
m u d z a a t u a d u l k u m b
t i n a a t o l z a i a l o n
m u d z a z a o l n g ' a
a d z a h a w k u t
m u d z a n a k o n d u l m a d z s i a m b a
a m a a g o n
n d i n a h o m b a n
m u n a i t f u n a m e
m u m a u s i y y a m b
m u m a a s a
a d z a u p o n
a n a h u d z
t i n a h i u t a
m u m a z a l u s i y
m u d z a k u m e y a m
a m a m a l u d w a n a y
k u k u l u m a f a y a
k u y o l m a m e
a d z a h u d k h u u o m b
m u m a a n a n a t
a m a e r u z a s u n
m u n a u m a f u o p
a n a y o l a a t h y u c h i
t i d z a a f e u g o
t i m a t u n a g
n d i m a k u z n a p e
m u n a v a k u b e
m u d z a k u m a y a n j m a i w
k u y o l a k u p o
a m a a y a
a m a a t u l n a b i
n d i m a m a l a t s o
a m a d z a g u c h u
a d z a m a p s h a l a
m u n a d z a m m a z
k u m b a n a m b u y a n
m u m a w e r z a p w g u n d
n d i m a a r e m a n e
n d i m a e p a m b e d w u s e k
n d i m a n e n z a f i
n d i d z a u l z a s u
m u n a s u l h y o w e r e
n d i n a m e r a
n d i d z a b e n u
m u m a u l a n
a m a n a n e
a n a a m a c n a k o
m u m a u s a k l a i k
k u u t h y
m u d z a n a g a t h i k u b v
t i d z a a p h u z i r
a d z a s y a m a k o u s o n
a d z a b v o k e z d z a d u n a t m a m a
a n a l u m a k a h u d z k u f i
a n a u n a b a t p i n
t i m a b a t i
k u k u p w c h e d
m u m a p s y a u p o n
m u d z a k u g o f u k a k u k k u r e u i m w
a n a i d a d u l n a o a k a o l h a z u c h o
m u d z a u k w i i n d z p a l
t i n a u w a a n a i m u n a k w i s y a
a n a w i r a
a m a c h i n
m u n a l u m i
n d i n a n d a z a g o m p h
a d z a i m w u m a m a c h
n d i d z a m b a d u a u u m a n
a m a u d w a z u s a l m a n
n d i d z a l e w e r
m u m a w e r e
m u d z a n a k h j e r z a m a
a m a w e t l o n j e n e
t i n a t h a r i z z a d i
a n a n e a b v a
m u n a a m a n m a d w n a p h
m u n a m z a d i p i n i n a c
t i n a o c h e
a n a i k a t u l u z i n d
t i d z a z a u r n a k h d i k i
t i n a z a p a b u k v i n a d z a y g ' a m a p i t
a d z a a l u m v i p a
m u d z a u i m w g w a
t i n a m i r a k o m a i t
m u d z a u o m s e k
n d i m a t h a w t h a m z a k w e w a b i n a f e
m u m a y a n g a p e m
t i m a b v a m e r
t i n a m a l o k u o p
a m a u k w a
m u n a k u n g n a s i p a
t i m a l a n k
a m a n a b
k u k d z i j e r a
m u n a h u m
m u m a l e m b t h i
n d i d z a u m a b
n d i d z a i m a b t e k a
a d z a u t h i u n a k
t i d z a h o k a a c
m u d z a n a t s s o c e m b
a d z a n d i d u m a l u m a w
m u n a u l o w s a u a b w e k u o p
t i d z a k u n g
n d i m a m a o m n a g u a u k
t i d z a k a l a t s i
a d z a a s a n
m u m a k u y a m a n a k u
m u m a n a s a k u p l u m
n d i d z a n b e n u m w a o c u b e r z a t a
m u n a a i k a
m u n a u b v i k u r
m u d z a p w e t a i m m b u m a f f u n a
m u d z a a n t
m u n a m a n g n a t h k u s
a d z a f a n u k i t a
t i m a e r e a f a a t s e
m u d z a a n a p a t s e
m u n a u l j e r a
m u n a z a g w ' a i n y a
a d z a o n o g o u d i k s a n
n d i m a z a m e z a c h
n d i n a u n a t k u y e k u f e
k u v i n a z a m e
m u n a e r e n a b v o
m u n a m u d w i n a m
m u m a r e k a
m u n a a p h i
m u d z a m a w e k u s i e n k u t s
m u n a l u k a s e f u n a s
m u n a u g u a n e ' a m n d w a
n d i m a z a i m l o k
m u m a s o c k u k
n d i m a a m w a
a d z a d a k u y l i k u d w a
a d z a r e c h e k l o w a
k u e p a
k u p e z a z a y
t i n a k u i p u t s e u t s a
m u d z a m a k u n a g u t s
t i n a u o p s n a t c n a b
k u m u d w u t s o z a k h
t i d z a k u n a
t i m a a i k u c h
n d i d z a s o c h u i k u p i r
m u d z a u l a a k u e m p a n k
t i n a i m b k a n n e r a
m u d z a u m e n
t i d z a k u o m d z a d z i n
t i m a n a i t a s o
a n a p o n m a f u
m u d z a n y o u l a n a g o
t i d z a u s e k v u t n a k o
n d i n a e n t i n y m a i k
m u n a u s e w a b e
k u u k h t s o
n d i m a u o p s k u s w
a d z a u n e a m a o
a n a i m b a y o z
a d z a i m a c
n d i d z a z a n e
t i d z a n d u l h i n y a m w a
m u n a b a v a l
m u n a k u i k d i n a
m u m a s a l t h y o
m u m a b v a l i r m a p h
n d i m a k u b e
k u u n g '
m u n a a s e w t i m z a s u
m u d z a z i k a y a m
m u d z a a s i y
m u m a n a b v
a m a k w i f u l
a d z a a p o s u s a u k a l a
a m a u n a c a m v a
m u n a a s e w k i r a a k u m a f u l m e r
m u m a h u t f a u b e
m u m a m u d w d i m a b v i
t i m a n a w t i m a r a d u h e d a n g '
t i m a d z a z a m b
a d z a o z k u y a s a n
m u m a e n u c h e k d z a t
a n a u y a g o z a g m u d
m u m a c h e p a i w b a y
n d i m a p o s o w a f u k a
a m a i p z a i t
m u n a f u k i m w a
n d i n a m a p a u i t a k u r e
m u m a m a s a d i d
k u a c l e m b a y a h o k
a n a j e z a s a t a
m u d z a o k a i k a
m u m a o s a b v o m j a
t i d z a i n a f e n y a
t i m a i m a y
m u m a a k o n a n d k
m u d z a k u s o t e n t a b e y a a o p s
n d i m a z a l i u g w i h i r a
a m a m u d w n a s w
m u d z a m b e n d a i k a
a n a a i w p h a
k u m a z u a l o w
a n a i n a k
m u d z a u p o s a s e f m a m e
m u d z a l i r a k o n
a m a o k a
n d i d z a n d i k n a n g
t i n a u u a f e u m a z
k u u d w a u b a
a n a a y e r n y o y a m a t s u n a i
n d i d z a u s a n u s u
a d z a n a z i i n a b
a n a w a a o l v o m a
a m a a c h o a t c h
t i n a u n d u y e n w e r e
n d i m a e n d a h u n
m u m a z a p w
m u d z a a w a m a p a s a m
a d z a h i n a n e k u o
m u m a h y o l l a m b t e m b
m u n a z a b y a m i n a w
a m a h u n z v u t a i r i w
m u n a a p i n z a i p u l i z a g o
n d i n a v u a y a
m u d z a i m z a b z a b w
m u d z a u d m e n y m b a n
m u m a u r e r z a t a
m u n a k w a
k u m a i t m a g w
a m a n a k a m a t e
a d z a u d u
m u m a u m a z z i n
m u n a s o g m a p o w e r a m a p e
n d i m a u f u l z a o m n a m v e r e n
m u m a t i n a u n y
a d z a c h i t e n g a
k u e r u z h u t a d w a
t i m a t z a n e
t i m a z a m a a c h i
m u n a u r z a k u f u n a
m u m a u y a l k u r
a d z a a l u s i r
k u b v o t u l b a t i
n d i m a u y a u f l i k
k u a t e y e n e
t i d z a z a t h m a i
k u t u p h u
t i m a a n t e r a n e n
n d i d z a k u t h z i n v a
m u n a n a l o k u b i a k h
n d i d z a n a z
m u d z a k u k w m a i h a m a
m u m a m u n z a d z z a i t u d i k n a n g
t i n a u o p a b v a u m a z
m u n a u m a t e m b e
t i d z a k u o m
t i n a k u b w
a m a u i m b t h s a l a
a m a i n d i u m a l
t i m a a o l
m u d z a ' a n a t c c h i n
t i m a i m a l b a y e n d b v i z a m f i k a
m u m a p h i a n y o
a d z a m a p o u f u u
n d i n a m a t o i k w i y a a f z a i t w e r
a d z a h a l k u m a
m u m a f u a f u u
t i m a g a s o w a
k u s a m b n u k a n a y
a d z a a f e w u b v
a d z a k u z i z a w e
m u n a s o w a a z u n
n d i n a k u s w m a m e
a n a k u l o s i y a n
a m a k o n u d w a
m u m a a g o n t s i d i z a
a m a u m a i u t m a p a
m u d z a p e a m o n d a p s y
n d i d z a k u i w u s a u
k u k u t a n a n
n d i m a s a u u g
a m a l i m u t s o z a b
m u d z a m u l a
m u d z a a t a l a c h a
a m a h u l a
a d z a s e w u n a g
a n a n a t u y o z a p h u n
t i n a r u z
m u n a u n h a
t i n a u s i y m a s w s a t
