k u s a k a n i z a
t i d z a s a k a n i z a
t i m a s a k a n i z a
t i n a s a k a n i z a
m u d z a s a k a n i z a
m u m a s a k a n i z a
m u n a s a k a n i z a
a d z a s a k a n i z a
a m a s a k a n i z a
a n a s a k a n i z a
n d i d z a s a k a n i z a
n d i m a s a k a n i z a
n d i n a s a k a n i z a
m u d z a s a k a n i z a
m u m a s a k a n i z a
m u n a s a k a n i z a
a d z a s a k a n i z a
a m a s a k a n i z a
a n a s a k a n i z a
k u s i r i r a
t i d z a s i r i r a
t i m a s i r i r a
t i n a s i r i r a
m u d z a s i r i r a
m u m a s i r i r a
m u n a s i r i r a
a d z a s i r i r a
a m a s i r i r a
a n a s i r i r a
n d i d z a s i r i r a
n d i m a s i r i r a
n d i n a s i r i r a
m u d z a s i r i r a
m u m a s i r i r a
m u n a s i r i r a
a d z a s i r i r a
a m a s i r i r a
a n a s i r i r a
k u p i t a n i
t i d z a p i t a n i
t i m a p i t a n i
t i n a p i t a n i
m u d z a p i t a n i
m u m a p i t a n i
m u n a p i t a n i
a d z a p i t a n i
a m a p i t a n i
a n a p i t a n i
n d i d z a p i t a n i
n d i m a p i t a n i
n d i n a p i t a n i
m u d z a p i t a n i
m u m a p i t a n i
m u n a p i t a n i
a d z a p i t a n i
a m a p i t a n i
a n a p i t a n i
k u k h a z i k a
t i d z a k h a z i k a
t i m a k h a z i k a
t i n a k h a z i k a
m u d z a k h a z i k a
m u m a k h a z i k a
m u n a k h a z i k a
a d z a k h a z i k a
a m a k h a z i k a
a n a k h a z i k a
n d i d z a k h a z i k a
n d i m a k h a z i k a
n d i n a k h a z i k a
m u d z a k h a z i k a
m u m a k h a z i k a
m u n a k h a z i k a
a d z a k h a z i k a
a m a k h a z i k a
a n a k h a z i k a
k u s o c h e r a
t i d z a s o c h e r a
t i m a s o c h e r a
t i n a s o c h e r a
m u d z a s o c h e r a
m u m a s o c h e r a
m u n a s o c h e r a
a d z a s o c h e r a
a m a s o c h e r a
a n a s o c h e r a
n d i d z a s o c h e r a
n d i m a s o c h e r a
n d i n a s o c h e r a
m u d z a s o c h e r a
m u m a s o c h e r a
m u n a s o c h e r a
a d z a s o c h e r a
a m a s o c h e r a
a n a s o c h e r a
k u t h i r a
t i d z a t h i r a
t i m a t h i r a
t i n a t h i r a
m u d z a t h i r a
m u m a t h i r a
m u n a t h i r a
a d z a t h i r a
a m a t h i r a
a n a t h i r a
n d i d z a t h i r a
n d i m a t h i r a
n d i n a t h i r a
m u d z a t h i r a
m u m a t h i r a
m u n a t h i r a
a d z a t h i r a
a m a t h i r a
a n a t h i r a
k u y a l a
t i d z a y a l a
t i m a y a l a
t i n a y a l a
m u d z a y a l a
m u m a y a l a
m u n a y a l a
a d z a y a l a
a m a y a l a
a n a y a l a
n d i d z a y a l a
n d i m a y a l a
n d i n a y a l a
m u d z a y a l a
m u m a y a l a
m u n a y a l a
a d z a y a l a
a m a y a l a
a n a y a l a
k u y e r e k e z a
t i d z a y e r e k e z a
t i m a y e r e k e z a
t i n a y e r e k e z a
m u d z a y e r e k e z a
m u m a y e r e k e z a
m u n a y e r e k e z a
a d z a y e r e k e z a
a m a y e r e k e z a
a n a y e r e k e z a
n d i d z a y e r e k e z a
n d i m a y e r e k e z a
n d i n a y e r e k e z a
m u d z a y e r e k e z a
m u m a y e r e k e z a
m u n a y e r e k e z a
a d z a y e r e k e z a
a m a y e r e k e z a
a n a y e r e k e z a
k u l e m b a
t i d z a l e m b a
t i m a l e m b a
t i n a l e m b a
m u d z a l e m b a
m u m a l e m b a
m u n a l e m b a
a d z a l e m b a
a m a l e m b a
a n a l e m b a
n d i d z a l e m b a
n d i m a l e m b a
n d i n a l e m b a
m u d z a l e m b a
m u m a l e m b a
m u n a l e m b a
a d z a l e m b a
a m a l e m b a
a n a l e m b a
k u k h a l a
t i d z a k h a l a
t i m a k h a l a
t i n a k h a l a
m u d z a k h a l a
m u m a k h a l a
m u n a k h a l a
a d z a k h a l a
a m a k h a l a
a n a k h a l a
n d i d z a k h a l a
n d i m a k h a l a
n d i n a k h a l a
m u d z a k h a l a
m u m a k h a l a
m u n a k h a l a
a d z a k h a l a
a m a k h a l a
a n a k h a l a
k u p a m b a n a
t i d z a p a m b a n a
t i m a p a m b a n a
t i n a p a m b a n a
m u d z a p a m b a n a
m u m a p a m b a n a
m u n a p a m b a n a
a d z a p a m b a n a
a m a p a m b a n a
a n a p a m b a n a
n d i d z a p a m b a n a
n d i m a p a m b a n a
n d i n a p a m b a n a
m u d z a p a m b a n a
m u m a p a m b a n a
m u n a p a m b a n a
a d z a p a m b a n a
a m a p a m b a n a
a n a p a m b a n a
k u n a m a
t i d z a n a m a
t i m a n a m a
t i n a n a m a
m u d z a n a m a
m u m a n a m a
m u n a n a m a
a d z a n a m a
a m a n a m a
a n a n a m a
n d i d z a n a m a
n d i m a n a m a
n d i n a n a m a
m u d z a n a m a
m u m a n a m a
m u n a n a m a
a d z a n a m a
a m a n a m a
a n a n a m a
k u l a i k a
t i d z a l a i k a
t i m a l a i k a
t i n a l a i k a
m u d z a l a i k a
m u m a l a i k a
m u n a l a i k a
a d z a l a i k a
a m a l a i k a
a n a l a i k a
n d i d z a l a i k a
n d i m a l a i k a
n d i n a l a i k a
m u d z a l a i k a
m u m a l a i k a
m u n a l a i k a
a d z a l a i k a
a m a l a i k a
a n a l a i k a
k u p a n a
t i d z a p a n a
t i m a p a n a
t i n a p a n a
m u d z a p a n a
m u m a p a n a
m u n a p a n a
a d z a p a n a
a m a p a n a
a n a p a n a
n d i d z a p a n a
n d i m a p a n a
n d i n a p a n a
m u d z a p a n a
m u m a p a n a
m u n a p a n a
a d z a p a n a
a m a p a n a
a n a p a n a
k u l u m a
t i d z a l u m a
t i m a l u m a
t i n a l u m a
m u d z a l u m a
m u m a l u m a
m u n a l u m a
a d z a l u m a
a m a l u m a
a n a l u m a
n d i d z a l u m a
n d i m a l u m a
n d i n a l u m a
m u d z a l u m a
m u m a l u m a
m u n a l u m a
a d z a l u m a
a m a l u m a
a n a l u m a
k u i m w a
t i d z a i m w a
t i m a i m w a
t i n a i m w a
m u d z a i m w a
m u m a i m w a
m u n a i m w a
a d z a i m w a
a m a i m w a
a n a i m w a
n d i d z a i m w a
n d i m a i m w a
n d i n a i m w a
m u d z a i m w a
m u m a i m w a
m u n a i m w a
a d z a i m w a
a m a i m w a
a n a i m w a
k u c h u l u k a
t i d z a c h u l u k a
t i m a c h u l u k a
t i n a c h u l u k a
m u d z a c h u l u k a
m u m a c h u l u k a
m u n a c h u l u k a
a d z a c h u l u k a
a m a c h u l u k a
a n a c h u l u k a
n d i d z a c h u l u k a
n d i m a c h u l u k a
n d i n a c h u l u k a
m u d z a c h u l u k a
m u m a c h u l u k a
m u n a c h u l u k a
a d z a c h u l u k a
a m a c h u l u k a
a n a c h u l u k a
k u s e k a
t i d z a s e k a
t i m a s e k a
t i n a s e k a
m u d z a s e k a
m u m a s e k a
m u n a s e k a
a d z a s e k a
a m a s e k a
a n a s e k a
n d i d z a s e k a
n d i m a s e k a
n d i n a s e k a
m u d z a s e k a
m u m a s e k a
m u n a s e k a
a d z a s e k a
a m a s e k a
a n a s e k a
k u b w e r a
t i d z a b w e r a
t i m a b w e r a
t i n a b w e r a
m u d z a b w e r a
m u m a b w e r a
m u n a b w e r a
a d z a b w e r a
a m a b w e r a
a n a b w e r a
n d i d z a b w e r a
n d i m a b w e r a
n d i n a b w e r a
m u d z a b w e r a
m u m a b w e r a
m u n a b w e r a
a d z a b w e r a
a m a b w e r a
a n a b w e r a
k u k h u d z a
t i d z a k h u d z a
t i m a k h u d z a
t i n a k h u d z a
m u d z a k h u d z a
m u m a k h u d z a
m u n a k h u d z a
a d z a k h u d z a
a m a k h u d z a
a n a k h u d z a
n d i d z a k h u d z a
n d i m a k h u d z a
n d i n a k h u d z a
m u d z a k h u d z a
m u m a k h u d z a
m u n a k h u d z a
a d z a k h u d z a
a m a k h u d z a
a n a k h u d z a
k u s i y a
t i d z a s i y a
t i m a s i y a
t i n a s i y a
m u d z a s i y a
m u m a s i y a
m u n a s i y a
a d z a s i y a
a m a s i y a
a n a s i y a
n d i d z a s i y a
n d i m a s i y a
n d i n a s i y a
m u d z a s i y a
m u m a s i y a
m u n a s i y a
a d z a s i y a
a m a s i y a
a n a s i y a
k u t s i r i z a
t i d z a t s i r i z a
t i m a t s i r i z a
t i n a t s i r i z a
m u d z a t s i r i z a
m u m a t s i r i z a
m u n a t s i r i z a
a d z a t s i r i z a
a m a t s i r i z a
a n a t s i r i z a
n d i d z a t s i r i z a
n d i m a t s i r i z a
n d i n a t s i r i z a
m u d z a t s i r i z a
m u m a t s i r i z a
m u n a t s i r i z a
a d z a t s i r i z a
a m a t s i r i z a
a n a t s i r i z a
k u s w a
t i d z a s w a
t i m a s w a
t i n a s w a
m u d z a s w a
m u m a s w a
m u n a s w a
a d z a s w a
a m a s w a
a n a s w a
n d i d z a s w a
n d i m a s w a
n d i n a s w a
m u d z a s w a
m u m a s w a
m u n a s w a
a d z a s w a
a m a s w a
a n a s w a
k u o l o k a
t i d z a o l o k a
t i m a o l o k a
t i n a o l o k a
m u d z a o l o k a
m u m a o l o k a
m u n a o l o k a
a d z a o l o k a
a m a o l o k a
a n a o l o k a
n d i d z a o l o k a
n d i m a o l o k a
n d i n a o l o k a
m u d z a o l o k a
m u m a o l o k a
m u n a o l o k a
a d z a o l o k a
a m a o l o k a
a n a o l o k a
k u y a n g ' a n a
t i d z a y a n g ' a n a
t i m a y a n g ' a n a
t i n a y a n g ' a n a
m u d z a y a n g ' a n a
m u m a y a n g ' a n a
m u n a y a n g ' a n a
a d z a y a n g ' a n a
a m a y a n g ' a n a
a n a y a n g ' a n a
n d i d z a y a n g ' a n a
n d i m a y a n g ' a n a
n d i n a y a n g ' a n a
m u d z a y a n g ' a n a
m u m a y a n g ' a n a
m u n a y a n g ' a n a
a d z a y a n g ' a n a
a m a y a n g ' a n a
a n a y a n g ' a n a
k u d z a
t i d z a d z a
t i m a d z a
t i n a d z a
m u d z a d z a
m u m a d z a
m u n a d z a
a d z a d z a
a m a d z a
a n a d z a
n d i d z a d z a
n d i m a d z a
n d i n a d z a
m u d z a d z a
m u m a d z a
m u n a d z a
a d z a d z a
a m a d z a
a n a d z a
k u t s e k a
t i d z a t s e k a
t i m a t s e k a
t i n a t s e k a
m u d z a t s e k a
m u m a t s e k a
m u n a t s e k a
a d z a t s e k a
a m a t s e k a
a n a t s e k a
n d i d z a t s e k a
n d i m a t s e k a
n d i n a t s e k a
m u d z a t s e k a
m u m a t s e k a
m u n a t s e k a
a d z a t s e k a
a m a t s e k a
a n a t s e k a
k u n g ' a m b a
t i d z a n g ' a m b a
t i m a n g ' a m b a
t i n a n g ' a m b a
m u d z a n g ' a m b a
m u m a n g ' a m b a
m u n a n g ' a m b a
a d z a n g ' a m b a
a m a n g ' a m b a
a n a n g ' a m b a
n d i d z a n g ' a m b a
n d i m a n g ' a m b a
n d i n a n g ' a m b a
m u d z a n g ' a m b a
m u m a n g ' a m b a
m u n a n g ' a m b a
a d z a n g ' a m b a
a m a n g ' a m b a
a n a n g ' a m b a
k u g o n a
t i d z a g o n a
t i m a g o n a
t i n a g o n a
m u d z a g o n a
m u m a g o n a
m u n a g o n a
a d z a g o n a
a m a g o n a
a n a g o n a
n d i d z a g o n a
n d i m a g o n a
n d i n a g o n a
m u d z a g o n a
m u m a g o n a
m u n a g o n a
a d z a g o n a
a m a g o n a
a n a g o n a
k u c h i r a
t i d z a c h i r a
t i m a c h i r a
t i n a c h i r a
m u d z a c h i r a
m u m a c h i r a
m u n a c h i r a
a d z a c h i r a
a m a c h i r a
a n a c h i r a
n d i d z a c h i r a
n d i m a c h i r a
n d i n a c h i r a
m u d z a c h i r a
m u m a c h i r a
m u n a c h i r a
a d z a c h i r a
a m a c h i r a
a n a c h i r a
k u p e m p h a
t i d z a p e m p h a
t i m a p e m p h a
t i n a p e m p h a
m u d z a p e m p h a
m u m a p e m p h a
m u n a p e m p h a
a d z a p e m p h a
a m a p e m p h a
a n a p e m p h a
n d i d z a p e m p h a
n d i m a p e m p h a
n d i n a p e m p h a
m u d z a p e m p h a
m u m a p e m p h a
m u n a p e m p h a
a d z a p e m p h a
a m a p e m p h a
a n a p e m p h a
k u r e r u k a
t i d z a r e r u k a
t i m a r e r u k a
t i n a r e r u k a
m u d z a r e r u k a
m u m a r e r u k a
m u n a r e r u k a
a d z a r e r u k a
a m a r e r u k a
a n a r e r u k a
n d i d z a r e r u k a
n d i m a r e r u k a
n d i n a r e r u k a
m u d z a r e r u k a
m u m a r e r u k a
m u n a r e r u k a
a d z a r e r u k a
a m a r e r u k a
a n a r e r u k a
k u i w a l a
t i d z a i w a l a
t i m a i w a l a
t i n a i w a l a
m u d z a i w a l a
m u m a i w a l a
m u n a i w a l a
a d z a i w a l a
a m a i w a l a
a n a i w a l a
n d i d z a i w a l a
n d i m a i w a l a
n d i n a i w a l a
m u d z a i w a l a
m u m a i w a l a
m u n a i w a l a
a d z a i w a l a
a m a i w a l a
a n a i w a l a
k u k a l a m b a
t i d z a k a l a m b a
t i m a k a l a m b a
t i n a k a l a m b a
m u d z a k a l a m b a
m u m a k a l a m b a
m u n a k a l a m b a
a d z a k a l a m b a
a m a k a l a m b a
a n a k a l a m b a
n d i d z a k a l a m b a
n d i m a k a l a m b a
n d i n a k a l a m b a
m u d z a k a l a m b a
m u m a k a l a m b a
m u n a k a l a m b a
a d z a k a l a m b a
a m a k a l a m b a
a n a k a l a m b a
k u i t a n a
t i d z a i t a n a
t i m a i t a n a
t i n a i t a n a
m u d z a i t a n a
m u m a i t a n a
m u n a i t a n a
a d z a i t a n a
a m a i t a n a
a n a i t a n a
n d i d z a i t a n a
n d i m a i t a n a
n d i n a i t a n a
m u d z a i t a n a
m u m a i t a n a
m u n a i t a n a
a d z a i t a n a
a m a i t a n a
a n a i t a n a
k u z i n d i k i r a
t i d z a z i n d i k i r a
t i m a z i n d i k i r a
t i n a z i n d i k i r a
m u d z a z i n d i k i r a
m u m a z i n d i k i r a
m u n a z i n d i k i r a
a d z a z i n d i k i r a
a m a z i n d i k i r a
a n a z i n d i k i r a
n d i d z a z i n d i k i r a
n d i m a z i n d i k i r a
n d i n a z i n d i k i r a
m u d z a z i n d i k i r a
m u m a z i n d i k i r a
m u n a z i n d i k i r a
a d z a z i n d i k i r a
a m a z i n d i k i r a
a n a z i n d i k i r a
k u m a l i z a
t i d z a m a l i z a
t i m a m a l i z a
t i n a m a l i z a
m u d z a m a l i z a
m u m a m a l i z a
m u n a m a l i z a
a d z a m a l i z a
a m a m a l i z a
a n a m a l i z a
n d i d z a m a l i z a
n d i m a m a l i z a
n d i n a m a l i z a
m u d z a m a l i z a
m u m a m a l i z a
m u n a m a l i z a
a d z a m a l i z a
a m a m a l i z a
a n a m a l i z a
k u k h u l u p i r a
t i d z a k h u l u p i r a
t i m a k h u l u p i r a
t i n a k h u l u p i r a
m u d z a k h u l u p i r a
m u m a k h u l u p i r a
m u n a k h u l u p i r a
a d z a k h u l u p i r a
a m a k h u l u p i r a
a n a k h u l u p i r a
n d i d z a k h u l u p i r a
n d i m a k h u l u p i r a
n d i n a k h u l u p i r a
m u d z a k h u l u p i r a
m u m a k h u l u p i r a
m u n a k h u l u p i r a
a d z a k h u l u p i r a
a m a k h u l u p i r a
a n a k h u l u p i r a
k u f i k a
t i d z a f i k a
t i m a f i k a
t i n a f i k a
m u d z a f i k a
m u m a f i k a
m u n a f i k a
a d z a f i k a
a m a f i k a
a n a f i k a
n d i d z a f i k a
n d i m a f i k a
n d i n a f i k a
m u d z a f i k a
m u m a f i k a
m u n a f i k a
a d z a f i k a
a m a f i k a
a n a f i k a
k u t e n g a
t i d z a t e n g a
t i m a t e n g a
t i n a t e n g a
m u d z a t e n g a
m u m a t e n g a
m u n a t e n g a
a d z a t e n g a
a m a t e n g a
a n a t e n g a
n d i d z a t e n g a
n d i m a t e n g a
n d i n a t e n g a
m u d z a t e n g a
m u m a t e n g a
m u n a t e n g a
a d z a t e n g a
a m a t e n g a
a n a t e n g a
k u y e n e r a
t i d z a y e n e r a
t i m a y e n e r a
t i n a y e n e r a
m u d z a y e n e r a
m u m a y e n e r a
m u n a y e n e r a
a d z a y e n e r a
a m a y e n e r a
a n a y e n e r a
n d i d z a y e n e r a
n d i m a y e n e r a
n d i n a y e n e r a
m u d z a y e n e r a
m u m a y e n e r a
m u n a y e n e r a
a d z a y e n e r a
a m a y e n e r a
a n a y e n e r a
k u y a n j a
t i d z a y a n j a
t i m a y a n j a
t i n a y a n j a
m u d z a y a n j a
m u m a y a n j a
m u n a y a n j a
a d z a y a n j a
a m a y a n j a
a n a y a n j a
n d i d z a y a n j a
n d i m a y a n j a
n d i n a y a n j a
m u d z a y a n j a
m u m a y a n j a
m u n a y a n j a
a d z a y a n j a
a m a y a n j a
a n a y a n j a
k u t h a n d i z a
t i d z a t h a n d i z a
t i m a t h a n d i z a
t i n a t h a n d i z a
m u d z a t h a n d i z a
m u m a t h a n d i z a
m u n a t h a n d i z a
a d z a t h a n d i z a
a m a t h a n d i z a
a n a t h a n d i z a
n d i d z a t h a n d i z a
n d i m a t h a n d i z a
n d i n a t h a n d i z a
m u d z a t h a n d i z a
m u m a t h a n d i z a
m u n a t h a n d i z a
a d z a t h a n d i z a
a m a t h a n d i z a
a n a t h a n d i z a
k u f a
t i d z a f a
t i m a f a
t i n a f a
m u d z a f a
m u m a f a
m u n a f a
a d z a f a
a m a f a
a n a f a
n d i d z a f a
n d i m a f a
n d i n a f a
m u d z a f a
m u m a f a
m u n a f a
a d z a f a
a m a f a
a n a f a
k u o m b a
t i d z a o m b a
t i m a o m b a
t i n a o m b a
m u d z a o m b a
m u m a o m b a
m u n a o m b a
a d z a o m b a
a m a o m b a
a n a o m b a
n d i d z a o m b a
n d i m a o m b a
n d i n a o m b a
m u d z a o m b a
m u m a o m b a
m u n a o m b a
a d z a o m b a
a m a o m b a
a n a o m b a
k u m w a
t i d z a m w a
t i m a m w a
t i n a m w a
m u d z a m w a
m u m a m w a
m u n a m w a
a d z a m w a
a m a m w a
a n a m w a
n d i d z a m w a
n d i m a m w a
n d i n a m w a
m u d z a m w a
m u m a m w a
m u n a m w a
a d z a m w a
a m a m w a
a n a m w a
k u y e n d a
t i d z a y e n d a
t i m a y e n d a
t i n a y e n d a
m u d z a y e n d a
m u m a y e n d a
m u n a y e n d a
a d z a y e n d a
a m a y e n d a
a n a y e n d a
n d i d z a y e n d a
n d i m a y e n d a
n d i n a y e n d a
m u d z a y e n d a
m u m a y e n d a
m u n a y e n d a
a d z a y e n d a
a m a y e n d a
a n a y e n d a
k u b a t i z a
t i d z a b a t i z a
t i m a b a t i z a
t i n a b a t i z a
m u d z a b a t i z a
m u m a b a t i z a
m u n a b a t i z a
a d z a b a t i z a
a m a b a t i z a
a n a b a t i z a
n d i d z a b a t i z a
n d i m a b a t i z a
n d i n a b a t i z a
m u d z a b a t i z a
m u m a b a t i z a
m u n a b a t i z a
a d z a b a t i z a
a m a b a t i z a
a n a b a t i z a
k u y a n k h u l a
t i d z a y a n k h u l a
t i m a y a n k h u l a
t i n a y a n k h u l a
m u d z a y a n k h u l a
m u m a y a n k h u l a
m u n a y a n k h u l a
a d z a y a n k h u l a
a m a y a n k h u l a
a n a y a n k h u l a
n d i d z a y a n k h u l a
n d i m a y a n k h u l a
n d i n a y a n k h u l a
m u d z a y a n k h u l a
m u m a y a n k h u l a
m u n a y a n k h u l a
a d z a y a n k h u l a
a m a y a n k h u l a
a n a y a n k h u l a
k u m a s u l a
t i d z a m a s u l a
t i m a m a s u l a
t i n a m a s u l a
m u d z a m a s u l a
m u m a m a s u l a
m u n a m a s u l a
a d z a m a s u l a
a m a m a s u l a
a n a m a s u l a
n d i d z a m a s u l a
n d i m a m a s u l a
n d i n a m a s u l a
m u d z a m a s u l a
m u m a m a s u l a
m u n a m a s u l a
a d z a m a s u l a
a m a m a s u l a
a n a m a s u l a
k u t c h a
t i d z a t c h a
t i m a t c h a
t i n a t c h a
m u d z a t c h a
m u m a t c h a
m u n a t c h a
a d z a t c h a
a m a t c h a
a n a t c h a
n d i d z a t c h a
n d i m a t c h a
n d i n a t c h a
m u d z a t c h a
m u m a t c h a
m u n a t c h a
a d z a t c h a
a m a t c h a
a n a t c h a
k u b v u t a
t i d z a b v u t a
t i m a b v u t a
t i n a b v u t a
m u d z a b v u t a
m u m a b v u t a
m u n a b v u t a
a d z a b v u t a
a m a b v u t a
a n a b v u t a
n d i d z a b v u t a
n d i m a b v u t a
n d i n a b v u t a
m u d z a b v u t a
m u m a b v u t a
m u n a b v u t a
a d z a b v u t a
a m a b v u t a
a n a b v u t a
k u d a l a
t i d z a d a l a
t i m a d a l a
t i n a d a l a
m u d z a d a l a
m u m a d a l a
m u n a d a l a
a d z a d a l a
a m a d a l a
a n a d a l a
n d i d z a d a l a
n d i m a d a l a
n d i n a d a l a
m u d z a d a l a
m u m a d a l a
m u n a d a l a
a d z a d a l a
a m a d a l a
a n a d a l a
k u i k a
t i d z a i k a
t i m a i k a
t i n a i k a
m u d z a i k a
m u m a i k a
m u n a i k a
a d z a i k a
a m a i k a
a n a i k a
n d i d z a i k a
n d i m a i k a
n d i n a i k a
m u d z a i k a
m u m a i k a
m u n a i k a
a d z a i k a
a m a i k a
a n a i k a
k u w e r u z a
t i d z a w e r u z a
t i m a w e r u z a
t i n a w e r u z a
m u d z a w e r u z a
m u m a w e r u z a
m u n a w e r u z a
a d z a w e r u z a
a m a w e r u z a
a n a w e r u z a
n d i d z a w e r u z a
n d i m a w e r u z a
n d i n a w e r u z a
m u d z a w e r u z a
m u m a w e r u z a
m u n a w e r u z a
a d z a w e r u z a
a m a w e r u z a
a n a w e r u z a
k u f e w a
t i d z a f e w a
t i m a f e w a
t i n a f e w a
m u d z a f e w a
m u m a f e w a
m u n a f e w a
a d z a f e w a
a m a f e w a
a n a f e w a
n d i d z a f e w a
n d i m a f e w a
n d i n a f e w a
m u d z a f e w a
m u m a f e w a
m u n a f e w a
a d z a f e w a
a m a f e w a
a n a f e w a
k u n t c h i t o
t i d z a n t c h i t o
t i m a n t c h i t o
t i n a n t c h i t o
m u d z a n t c h i t o
m u m a n t c h i t o
m u n a n t c h i t o
a d z a n t c h i t o
a m a n t c h i t o
a n a n t c h i t o
n d i d z a n t c h i t o
n d i m a n t c h i t o
n d i n a n t c h i t o
m u d z a n t c h i t o
m u m a n t c h i t o
m u n a n t c h i t o
a d z a n t c h i t o
a m a n t c h i t o
a n a n t c h i t o
k u s a n k h a
t i d z a s a n k h a
t i m a s a n k h a
t i n a s a n k h a
m u d z a s a n k h a
m u m a s a n k h a
m u n a s a n k h a
a d z a s a n k h a
a m a s a n k h a
a n a s a n k h a
n d i d z a s a n k h a
n d i m a s a n k h a
n d i n a s a n k h a
m u d z a s a n k h a
m u m a s a n k h a
m u n a s a n k h a
a d z a s a n k h a
a m a s a n k h a
a n a s a n k h a
k u z u n z a
t i d z a z u n z a
t i m a z u n z a
t i n a z u n z a
m u d z a z u n z a
m u m a z u n z a
m u n a z u n z a
a d z a z u n z a
a m a z u n z a
a n a z u n z a
n d i d z a z u n z a
n d i m a z u n z a
n d i n a z u n z a
m u d z a z u n z a
m u m a z u n z a
m u n a z u n z a
a d z a z u n z a
a m a z u n z a
a n a z u n z a
k u l e m a
t i d z a l e m a
t i m a l e m a
t i n a l e m a
m u d z a l e m a
m u m a l e m a
m u n a l e m a
a d z a l e m a
a m a l e m a
a n a l e m a
n d i d z a l e m a
n d i m a l e m a
n d i n a l e m a
m u d z a l e m a
m u m a l e m a
m u n a l e m a
a d z a l e m a
a m a l e m a
a n a l e m a
k u m a n g a
t i d z a m a n g a
t i m a m a n g a
t i n a m a n g a
m u d z a m a n g a
m u m a m a n g a
m u n a m a n g a
a d z a m a n g a
a m a m a n g a
a n a m a n g a
n d i d z a m a n g a
n d i m a m a n g a
n d i n a m a n g a
m u d z a m a n g a
m u m a m a n g a
m u n a m a n g a
a d z a m a n g a
a m a m a n g a
a n a m a n g a
k u d a l i r a
t i d z a d a l i r a
t i m a d a l i r a
t i n a d a l i r a
m u d z a d a l i r a
m u m a d a l i r a
m u n a d a l i r a
a d z a d a l i r a
a m a d a l i r a
a n a d a l i r a
n d i d z a d a l i r a
n d i m a d a l i r a
n d i n a d a l i r a
m u d z a d a l i r a
m u m a d a l i r a
m u n a d a l i r a
a d z a d a l i r a
a m a d a l i r a
a n a d a l i r a
k u p o n d a
t i d z a p o n d a
t i m a p o n d a
t i n a p o n d a
m u d z a p o n d a
m u m a p o n d a
m u n a p o n d a
a d z a p o n d a
a m a p o n d a
a n a p o n d a
n d i d z a p o n d a
n d i m a p o n d a
n d i n a p o n d a
m u d z a p o n d a
m u m a p o n d a
m u n a p o n d a
a d z a p o n d a
a m a p o n d a
a n a p o n d a
k u d u l a
t i d z a d u l a
t i m a d u l a
t i n a d u l a
m u d z a d u l a
m u m a d u l a
m u n a d u l a
a d z a d u l a
a m a d u l a
a n a d u l a
n d i d z a d u l a
n d i m a d u l a
n d i n a d u l a
m u d z a d u l a
m u m a d u l a
m u n a d u l a
a d z a d u l a
a m a d u l a
a n a d u l a
k u p a l a
t i d z a p a l a
t i m a p a l a
t i n a p a l a
m u d z a p a l a
m u m a p a l a
m u n a p a l a
a d z a p a l a
a m a p a l a
a n a p a l a
n d i d z a p a l a
n d i m a p a l a
n d i n a p a l a
m u d z a p a l a
m u m a p a l a
m u n a p a l a
a d z a p a l a
a m a p a l a
a n a p a l a
k u c h a
t i d z a c h a
t i m a c h a
t i n a c h a
m u d z a c h a
m u m a c h a
m u n a c h a
a d z a c h a
a m a c h a
a n a c h a
n d i d z a c h a
n d i m a c h a
n d i n a c h a
m u d z a c h a
m u m a c h a
m u n a c h a
a d z a c h a
a m a c h a
a n a c h a
k u f u l u m i r a
t i d z a f u l u m i r a
t i m a f u l u m i r a
t i n a f u l u m i r a
m u d z a f u l u m i r a
m u m a f u l u m i r a
m u n a f u l u m i r a
a d z a f u l u m i r a
a m a f u l u m i r a
a n a f u l u m i r a
n d i d z a f u l u m i r a
n d i m a f u l u m i r a
n d i n a f u l u m i r a
m u d z a f u l u m i r a
m u m a f u l u m i r a
m u n a f u l u m i r a
a d z a f u l u m i r a
a m a f u l u m i r a
a n a f u l u m i r a
k u s a u k a
t i d z a s a u k a
t i m a s a u k a
t i n a s a u k a
m u d z a s a u k a
m u m a s a u k a
m u n a s a u k a
a d z a s a u k a
a m a s a u k a
a n a s a u k a
n d i d z a s a u k a
n d i m a s a u k a
n d i n a s a u k a
m u d z a s a u k a
m u m a s a u k a
m u n a s a u k a
a d z a s a u k a
a m a s a u k a
a n a s a u k a
k u k h u t a
t i d z a k h u t a
t i m a k h u t a
t i n a k h u t a
m u d z a k h u t a
m u m a k h u t a
m u n a k h u t a
a d z a k h u t a
a m a k h u t a
a n a k h u t a
n d i d z a k h u t a
n d i m a k h u t a
n d i n a k h u t a
m u d z a k h u t a
m u m a k h u t a
m u n a k h u t a
a d z a k h u t a
a m a k h u t a
a n a k h u t a
k u t s a t a
t i d z a t s a t a
t i m a t s a t a
t i n a t s a t a
m u d z a t s a t a
m u m a t s a t a
m u n a t s a t a
a d z a t s a t a
a m a t s a t a
a n a t s a t a
n d i d z a t s a t a
n d i m a t s a t a
n d i n a t s a t a
m u d z a t s a t a
m u m a t s a t a
m u n a t s a t a
a d z a t s a t a
a m a t s a t a
a n a t s a t a
k u t h a m a n g a
t i d z a t h a m a n g a
t i m a t h a m a n g a
t i n a t h a m a n g a
m u d z a t h a m a n g a
m u m a t h a m a n g a
m u n a t h a m a n g a
a d z a t h a m a n g a
a m a t h a m a n g a
a n a t h a m a n g a
n d i d z a t h a m a n g a
n d i m a t h a m a n g a
n d i n a t h a m a n g a
m u d z a t h a m a n g a
m u m a t h a m a n g a
m u n a t h a m a n g a
a d z a t h a m a n g a
a m a t h a m a n g a
a n a t h a m a n g a
k u p i n d a
t i d z a p i n d a
t i m a p i n d a
t i n a p i n d a
m u d z a p i n d a
m u m a p i n d a
m u n a p i n d a
a d z a p i n d a
a m a p i n d a
a n a p i n d a
n d i d z a p i n d a
n d i m a p i n d a
n d i n a p i n d a
m u d z a p i n d a
m u m a p i n d a
m u n a p i n d a
a d z a p i n d a
a m a p i n d a
a n a p i n d a
k u c h i n y a
t i d z a c h i n y a
t i m a c h i n y a
t i n a c h i n y a
m u d z a c h i n y a
m u m a c h i n y a
m u n a c h i n y a
a d z a c h i n y a
a m a c h i n y a
a n a c h i n y a
n d i d z a c h i n y a
n d i m a c h i n y a
n d i n a c h i n y a
m u d z a c h i n y a
m u m a c h i n y a
m u n a c h i n y a
a d z a c h i n y a
a m a c h i n y a
a n a c h i n y a
k u k w i y a
t i d z a k w i y a
t i m a k w i y a
t i n a k w i y a
m u d z a k w i y a
m u m a k w i y a
m u n a k w i y a
a d z a k w i y a
a m a k w i y a
a n a k w i y a
n d i d z a k w i y a
n d i m a k w i y a
n d i n a k w i y a
m u d z a k w i y a
m u m a k w i y a
m u n a k w i y a
a d z a k w i y a
a m a k w i y a
a n a k w i y a
k u d z a l a
t i d z a d z a l a
t i m a d z a l a
t i n a d z a l a
m u d z a d z a l a
m u m a d z a l a
m u n a d z a l a
a d z a d z a l a
a m a d z a l a
a n a d z a l a
n d i d z a d z a l a
n d i m a d z a l a
n d i n a d z a l a
m u d z a d z a l a
m u m a d z a l a
m u n a d z a l a
a d z a d z a l a
a m a d z a l a
a n a d z a l a
k u l u n g a m a
t i d z a l u n g a m a
t i m a l u n g a m a
t i n a l u n g a m a
m u d z a l u n g a m a
m u m a l u n g a m a
m u n a l u n g a m a
a d z a l u n g a m a
a m a l u n g a m a
a n a l u n g a m a
n d i d z a l u n g a m a
n d i m a l u n g a m a
n d i n a l u n g a m a
m u d z a l u n g a m a
m u m a l u n g a m a
m u n a l u n g a m a
a d z a l u n g a m a
a m a l u n g a m a
a n a l u n g a m a
k u d w a l a
t i d z a d w a l a
t i m a d w a l a
t i n a d w a l a
m u d z a d w a l a
m u m a d w a l a
m u n a d w a l a
a d z a d w a l a
a m a d w a l a
a n a d w a l a
n d i d z a d w a l a
n d i m a d w a l a
n d i n a d w a l a
m u d z a d w a l a
m u m a d w a l a
m u n a d w a l a
a d z a d w a l a
a m a d w a l a
a n a d w a l a
k u k u m b u k a
t i d z a k u m b u k a
t i m a k u m b u k a
t i n a k u m b u k a
m u d z a k u m b u k a
m u m a k u m b u k a
m u n a k u m b u k a
a d z a k u m b u k a
a m a k u m b u k a
a n a k u m b u k a
n d i d z a k u m b u k a
n d i m a k u m b u k a
n d i n a k u m b u k a
m u d z a k u m b u k a
m u m a k u m b u k a
m u n a k u m b u k a
a d z a k u m b u k a
a m a k u m b u k a
a n a k u m b u k a
k u p i n d u l a
t i d z a p i n d u l a
t i m a p i n d u l a
t i n a p i n d u l a
m u d z a p i n d u l a
m u m a p i n d u l a
m u n a p i n d u l a
a d z a p i n d u l a
a m a p i n d u l a
a n a p i n d u l a
n d i d z a p i n d u l a
n d i m a p i n d u l a
n d i n a p i n d u l a
m u d z a p i n d u l a
m u m a p i n d u l a
m u n a p i n d u l a
a d z a p i n d u l a
a m a p i n d u l a
a n a p i n d u l a
k u k u l a
t i d z a k u l a
t i m a k u l a
t i n a k u l a
m u d z a k u l a
m u m a k u l a
m u n a k u l a
a d z a k u l a
a m a k u l a
a n a k u l a
n d i d z a k u l a
n d i m a k u l a
n d i n a k u l a
m u d z a k u l a
m u m a k u l a
m u n a k u l a
a d z a k u l a
a m a k u l a
a n a k u l a
k u w e r e n g a
t i d z a w e r e n g a
t i m a w e r e n g a
t i n a w e r e n g a
m u d z a w e r e n g a
m u m a w e r e n g a
m u n a w e r e n g a
a d z a w e r e n g a
a m a w e r e n g a
a n a w e r e n g a
n d i d z a w e r e n g a
n d i m a w e r e n g a
n d i n a w e r e n g a
m u d z a w e r e n g a
m u m a w e r e n g a
m u n a w e r e n g a
a d z a w e r e n g a
a m a w e r e n g a
a n a w e r e n g a
k u p e z a
t i d z a p e z a
t i m a p e z a
t i n a p e z a
m u d z a p e z a
m u m a p e z a
m u n a p e z a
a d z a p e z a
a m a p e z a
a n a p e z a
n d i d z a p e z a
n d i m a p e z a
n d i n a p e z a
m u d z a p e z a
m u m a p e z a
m u n a p e z a
a d z a p e z a
a m a p e z a
a n a p e z a
k u i m a
t i d z a i m a
t i m a i m a
t i n a i m a
m u d z a i m a
m u m a i m a
m u n a i m a
a d z a i m a
a m a i m a
a n a i m a
n d i d z a i m a
n d i m a i m a
n d i n a i m a
m u d z a i m a
m u m a i m a
m u n a i m a
a d z a i m a
a m a i m a
a n a i m a
k u c h i t a
t i d z a c h i t a
t i m a c h i t a
t i n a c h i t a
m u d z a c h i t a
m u m a c h i t a
m u n a c h i t a
a d z a c h i t a
a m a c h i t a
a n a c h i t a
n d i d z a c h i t a
n d i m a c h i t a
n d i n a c h i t a
m u d z a c h i t a
m u m a c h i t a
m u n a c h i t a
a d z a c h i t a
a m a c h i t a
a n a c h i t a
k u p s y a
t i d z a p s y a
t i m a p s y a
t i n a p s y a
m u d z a p s y a
m u m a p s y a
m u n a p s y a
a d z a p s y a
a m a p s y a
a n a p s y a
n d i d z a p s y a
n d i m a p s y a
n d i n a p s y a
m u d z a p s y a
m u m a p s y a
m u n a p s y a
a d z a p s y a
a m a p s y a
a n a p s y a
k u t h a w a
t i d z a t h a w a
t i m a t h a w a
t i n a t h a w a
m u d z a t h a w a
m u m a t h a w a
m u n a t h a w a
a d z a t h a w a
a m a t h a w a
a n a t h a w a
n d i d z a t h a w a
n d i m a t h a w a
n d i n a t h a w a
m u d z a t h a w a
m u m a t h a w a
m u n a t h a w a
a d z a t h a w a
a m a t h a w a
a n a t h a w a
k u p e r e k a
t i d z a p e r e k a
t i m a p e r e k a
t i n a p e r e k a
m u d z a p e r e k a
m u m a p e r e k a
m u n a p e r e k a
a d z a p e r e k a
a m a p e r e k a
a n a p e r e k a
n d i d z a p e r e k a
n d i m a p e r e k a
n d i n a p e r e k a
m u d z a p e r e k a
m u m a p e r e k a
m u n a p e r e k a
a d z a p e r e k a
a m a p e r e k a
a n a p e r e k a
k u k o n d a
t i d z a k o n d a
t i m a k o n d a
t i n a k o n d a
m u d z a k o n d a
m u m a k o n d a
m u n a k o n d a
a d z a k o n d a
a m a k o n d a
a n a k o n d a
n d i d z a k o n d a
n d i m a k o n d a
n d i n a k o n d a
m u d z a k o n d a
m u m a k o n d a
m u n a k o n d a
a d z a k o n d a
a m a k o n d a
a n a k o n d a
k u n y a m u l a
t i d z a n y a m u l a
t i m a n y a m u l a
t i n a n y a m u l a
m u d z a n y a m u l a
m u m a n y a m u l a
m u n a n y a m u l a
a d z a n y a m u l a
a m a n y a m u l a
a n a n y a m u l a
n d i d z a n y a m u l a
n d i m a n y a m u l a
n d i n a n y a m u l a
m u d z a n y a m u l a
m u m a n y a m u l a
m u n a n y a m u l a
a d z a n y a m u l a
a m a n y a m u l a
a n a n y a m u l a
k u k a m b a
t i d z a k a m b a
t i m a k a m b a
t i n a k a m b a
m u d z a k a m b a
m u m a k a m b a
m u n a k a m b a
a d z a k a m b a
a m a k a m b a
a n a k a m b a
n d i d z a k a m b a
n d i m a k a m b a
n d i n a k a m b a
m u d z a k a m b a
m u m a k a m b a
m u n a k a m b a
a d z a k a m b a
a m a k a m b a
a n a k a m b a
k u c h e k a
t i d z a c h e k a
t i m a c h e k a
t i n a c h e k a
m u d z a c h e k a
m u m a c h e k a
m u n a c h e k a
a d z a c h e k a
a m a c h e k a
a n a c h e k a
n d i d z a c h e k a
n d i m a c h e k a
n d i n a c h e k a
m u d z a c h e k a
m u m a c h e k a
m u n a c h e k a
a d z a c h e k a
a m a c h e k a
a n a c h e k a
k u y a m b a
t i d z a y a m b a
t i m a y a m b a
t i n a y a m b a
m u d z a y a m b a
m u m a y a m b a
m u n a y a m b a
a d z a y a m b a
a m a y a m b a
a n a y a m b a
n d i d z a y a m b a
n d i m a y a m b a
n d i n a y a m b a
m u d z a y a m b a
m u m a y a m b a
m u n a y a m b a
a d z a y a m b a
a m a y a m b a
a n a y a m b a
k u p o s a
t i d z a p o s a
t i m a p o s a
t i n a p o s a
m u d z a p o s a
m u m a p o s a
m u n a p o s a
a d z a p o s a
a m a p o s a
a n a p o s a
n d i d z a p o s a
n d i m a p o s a
n d i n a p o s a
m u d z a p o s a
m u m a p o s a
m u n a p o s a
a d z a p o s a
a m a p o s a
a n a p o s a
k u o p s y a
t i d z a o p s y a
t i m a o p s y a
t i n a o p s y a
m u d z a o p s y a
m u m a o p s y a
m u n a o p s y a
a d z a o p s y a
a m a o p s y a
a n a o p s y a
n d i d z a o p s y a
n d i m a o p s y a
n d i n a o p s y a
m u d z a o p s y a
m u m a o p s y a
m u n a o p s y a
a d z a o p s y a
a m a o p s y a
a n a o p s y a
k u b v o m a
t i d z a b v o m a
t i m a b v o m a
t i n a b v o m a
m u d z a b v o m a
m u m a b v o m a
m u n a b v o m a
a d z a b v o m a
a m a b v o m a
a n a b v o m a
n d i d z a b v o m a
n d i m a b v o m a
n d i n a b v o m a
m u d z a b v o m a
m u m a b v o m a
m u n a b v o m a
a d z a b v o m a
a m a b v o m a
a n a b v o m a
k u d a
t i d z a d a
t i m a d a
t i n a d a
m u d z a d a
m u m a d a
m u n a d a
a d z a d a
a m a d a
a n a d a
n d i d z a d a
n d i m a d a
n d i n a d a
m u d z a d a
m u m a d a
m u n a d a
a d z a d a
a m a d a
a n a d a
k u t s o g o l a
t i d z a t s o g o l a
t i m a t s o g o l a
t i n a t s o g o l a
m u d z a t s o g o l a
m u m a t s o g o l a
m u n a t s o g o l a
a d z a t s o g o l a
a m a t s o g o l a
a n a t s o g o l a
n d i d z a t s o g o l a
n d i m a t s o g o l a
n d i n a t s o g o l a
m u d z a t s o g o l a
m u m a t s o g o l a
m u n a t s o g o l a
a d z a t s o g o l a
a m a t s o g o l a
a n a t s o g o l a
k u c h e d w a
t i d z a c h e d w a
t i m a c h e d w a
t i n a c h e d w a
m u d z a c h e d w a
m u m a c h e d w a
m u n a c h e d w a
a d z a c h e d w a
a m a c h e d w a
a n a c h e d w a
n d i d z a c h e d w a
n d i m a c h e d w a
n d i n a c h e d w a
m u d z a c h e d w a
m u m a c h e d w a
m u n a c h e d w a
a d z a c h e d w a
a m a c h e d w a
a n a c h e d w a
k u p w e t e k a
t i d z a p w e t e k a
t i m a p w e t e k a
t i n a p w e t e k a
m u d z a p w e t e k a
m u m a p w e t e k a
m u n a p w e t e k a
a d z a p w e t e k a
a m a p w e t e k a
a n a p w e t e k a
n d i d z a p w e t e k a
n d i m a p w e t e k a
n d i n a p w e t e k a
m u d z a p w e t e k a
m u m a p w e t e k a
m u n a p w e t e k a
a d z a p w e t e k a
a m a p w e t e k a
a n a p w e t e k a
k u p h i k a
t i d z a p h i k a
t i m a p h i k a
t i n a p h i k a
m u d z a p h i k a
m u m a p h i k a
m u n a p h i k a
a d z a p h i k a
a m a p h i k a
a n a p h i k a
n d i d z a p h i k a
n d i m a p h i k a
n d i n a p h i k a
m u d z a p h i k a
m u m a p h i k a
m u n a p h i k a
a d z a p h i k a
a m a p h i k a
a n a p h i k a
k u f u u l a
t i d z a f u u l a
t i m a f u u l a
t i n a f u u l a
m u d z a f u u l a
m u m a f u u l a
m u n a f u u l a
a d z a f u u l a
a m a f u u l a
a n a f u u l a
n d i d z a f u u l a
n d i m a f u u l a
n d i n a f u u l a
m u d z a f u u l a
m u m a f u u l a
m u n a f u u l a
a d z a f u u l a
a m a f u u l a
a n a f u u l a
k u t h a
t i d z a t h a
t i m a t h a
t i n a t h a
m u d z a t h a
m u m a t h a
m u n a t h a
a d z a t h a
a m a t h a
a n a t h a
n d i d z a t h a
n d i m a t h a
n d i n a t h a
m u d z a t h a
m u m a t h a
m u n a t h a
a d z a t h a
a m a t h a
a n a t h a
k u b a
t i d z a b a
t i m a b a
t i n a b a
m u d z a b a
m u m a b a
m u n a b a
a d z a b a
a m a b a
a n a b a
n d i d z a b a
n d i m a b a
n d i n a b a
m u d z a b a
m u m a b a
m u n a b a
a d z a b a
a m a b a
a n a b a
k u b e r e k a
t i d z a b e r e k a
t i m a b e r e k a
t i n a b e r e k a
m u d z a b e r e k a
m u m a b e r e k a
m u n a b e r e k a
a d z a b e r e k a
a m a b e r e k a
a n a b e r e k a
n d i d z a b e r e k a
n d i m a b e r e k a
n d i n a b e r e k a
m u d z a b e r e k a
m u m a b e r e k a
m u n a b e r e k a
a d z a b e r e k a
a m a b e r e k a
a n a b e r e k a
k u s e f u k a
t i d z a s e f u k a
t i m a s e f u k a
t i n a s e f u k a
m u d z a s e f u k a
m u m a s e f u k a
m u n a s e f u k a
a d z a s e f u k a
a m a s e f u k a
a n a s e f u k a
n d i d z a s e f u k a
n d i m a s e f u k a
n d i n a s e f u k a
m u d z a s e f u k a
m u m a s e f u k a
m u n a s e f u k a
a d z a s e f u k a
a m a s e f u k a
a n a s e f u k a
k u y a m i k a
t i d z a y a m i k a
t i m a y a m i k a
t i n a y a m i k a
m u d z a y a m i k a
m u m a y a m i k a
m u n a y a m i k a
a d z a y a m i k a
a m a y a m i k a
a n a y a m i k a
n d i d z a y a m i k a
n d i m a y a m i k a
n d i n a y a m i k a
m u d z a y a m i k a
m u m a y a m i k a
m u n a y a m i k a
a d z a y a m i k a
a m a y a m i k a
a n a y a m i k a
k u y a n d k i r a
t i d z a y a n d k i r a
t i m a y a n d k i r a
t i n a y a n d k i r a
m u d z a y a n d k i r a
m u m a y a n d k i r a
m u n a y a n d k i r a
a d z a y a n d k i r a
a m a y a n d k i r a
a n a y a n d k i r a
n d i d z a y a n d k i r a
n d i m a y a n d k i r a
n d i n a y a n d k i r a
m u d z a y a n d k i r a
m u m a y a n d k i r a
m u n a y a n d k i r a
a d z a y a n d k i r a
a m a y a n d k i r a
a n a y a n d k i r a
k u t e m b e n u k a
t i d z a t e m b e n u k a
t i m a t e m b e n u k a
t i n a t e m b e n u k a
m u d z a t e m b e n u k a
m u m a t e m b e n u k a
m u n a t e m b e n u k a
a d z a t e m b e n u k a
a m a t e m b e n u k a
a n a t e m b e n u k a
n d i d z a t e m b e n u k a
n d i m a t e m b e n u k a
n d i n a t e m b e n u k a
m u d z a t e m b e n u k a
m u m a t e m b e n u k a
m u n a t e m b e n u k a
a d z a t e m b e n u k a
a m a t e m b e n u k a
a n a t e m b e n u k a
k u t h y o l a
t i d z a t h y o l a
t i m a t h y o l a
t i n a t h y o l a
m u d z a t h y o l a
m u m a t h y o l a
m u n a t h y o l a
a d z a t h y o l a
a m a t h y o l a
a n a t h y o l a
n d i d z a t h y o l a
n d i m a t h y o l a
n d i n a t h y o l a
m u d z a t h y o l a
m u m a t h y o l a
m u n a t h y o l a
a d z a t h y o l a
a m a t h y o l a
a n a t h y o l a
k u t s a l a
t i d z a t s a l a
t i m a t s a l a
t i n a t s a l a
m u d z a t s a l a
m u m a t s a l a
m u n a t s a l a
a d z a t s a l a
a m a t s a l a
a n a t s a l a
n d i d z a t s a l a
n d i m a t s a l a
n d i n a t s a l a
m u d z a t s a l a
m u m a t s a l a
m u n a t s a l a
a d z a t s a l a
a m a t s a l a
a n a t s a l a
k u b a y a
t i d z a b a y a
t i m a b a y a
t i n a b a y a
m u d z a b a y a
m u m a b a y a
m u n a b a y a
a d z a b a y a
a m a b a y a
a n a b a y a
n d i d z a b a y a
n d i m a b a y a
n d i n a b a y a
m u d z a b a y a
m u m a b a y a
m u n a b a y a
a d z a b a y a
a m a b a y a
a n a b a y a
k u m e n y a
t i d z a m e n y a
t i m a m e n y a
t i n a m e n y a
m u d z a m e n y a
m u m a m e n y a
m u n a m e n y a
a d z a m e n y a
a m a m e n y a
a n a m e n y a
n d i d z a m e n y a
n d i m a m e n y a
n d i n a m e n y a
m u d z a m e n y a
m u m a m e n y a
m u n a m e n y a
a d z a m e n y a
a m a m e n y a
a n a m e n y a
k u l o n j e z a
t i d z a l o n j e z a
t i m a l o n j e z a
t i n a l o n j e z a
m u d z a l o n j e z a
m u m a l o n j e z a
m u n a l o n j e z a
a d z a l o n j e z a
a m a l o n j e z a
a n a l o n j e z a
n d i d z a l o n j e z a
n d i m a l o n j e z a
n d i n a l o n j e z a
m u d z a l o n j e z a
m u m a l o n j e z a
m u n a l o n j e z a
a d z a l o n j e z a
a m a l o n j e z a
a n a l o n j e z a
k u s a z i k a
t i d z a s a z i k a
t i m a s a z i k a
t i n a s a z i k a
m u d z a s a z i k a
m u m a s a z i k a
m u n a s a z i k a
a d z a s a z i k a
a m a s a z i k a
a n a s a z i k a
n d i d z a s a z i k a
n d i m a s a z i k a
n d i n a s a z i k a
m u d z a s a z i k a
m u m a s a z i k a
m u n a s a z i k a
a d z a s a z i k a
a m a s a z i k a
a n a s a z i k a
k u g w i r a
t i d z a g w i r a
t i m a g w i r a
t i n a g w i r a
m u d z a g w i r a
m u m a g w i r a
m u n a g w i r a
a d z a g w i r a
a m a g w i r a
a n a g w i r a
n d i d z a g w i r a
n d i m a g w i r a
n d i n a g w i r a
m u d z a g w i r a
m u m a g w i r a
m u n a g w i r a
a d z a g w i r a
a m a g w i r a
a n a g w i r a
k u k w a n a
t i d z a k w a n a
t i m a k w a n a
t i n a k w a n a
m u d z a k w a n a
m u m a k w a n a
m u n a k w a n a
a d z a k w a n a
a m a k w a n a
a n a k w a n a
n d i d z a k w a n a
n d i m a k w a n a
n d i n a k w a n a
m u d z a k w a n a
m u m a k w a n a
m u n a k w a n a
a d z a k w a n a
a m a k w a n a
a n a k w a n a
k u p h u n z i r a
t i d z a p h u n z i r a
t i m a p h u n z i r a
t i n a p h u n z i r a
m u d z a p h u n z i r a
m u m a p h u n z i r a
m u n a p h u n z i r a
a d z a p h u n z i r a
a m a p h u n z i r a
a n a p h u n z i r a
n d i d z a p h u n z i r a
n d i m a p h u n z i r a
n d i n a p h u n z i r a
m u d z a p h u n z i r a
m u m a p h u n z i r a
m u n a p h u n z i r a
a d z a p h u n z i r a
a m a p h u n z i r a
a n a p h u n z i r a
k u b v i n a
t i d z a b v i n a
t i m a b v i n a
t i n a b v i n a
m u d z a b v i n a
m u m a b v i n a
m u n a b v i n a
a d z a b v i n a
a m a b v i n a
a n a b v i n a
n d i d z a b v i n a
n d i m a b v i n a
n d i n a b v i n a
m u d z a b v i n a
m u m a b v i n a
m u n a b v i n a
a d z a b v i n a
a m a b v i n a
a n a b v i n a
k u t u l u k a
t i d z a t u l u k a
t i m a t u l u k a
t i n a t u l u k a
m u d z a t u l u k a
m u m a t u l u k a
m u n a t u l u k a
a d z a t u l u k a
a m a t u l u k a
a n a t u l u k a
n d i d z a t u l u k a
n d i m a t u l u k a
n d i n a t u l u k a
m u d z a t u l u k a
m u m a t u l u k a
m u n a t u l u k a
a d z a t u l u k a
a m a t u l u k a
a n a t u l u k a
k u l a n k h u l a
t i d z a l a n k h u l a
t i m a l a n k h u l a
t i n a l a n k h u l a
m u d z a l a n k h u l a
m u m a l a n k h u l a
m u n a l a n k h u l a
a d z a l a n k h u l a
a m a l a n k h u l a
a n a l a n k h u l a
n d i d z a l a n k h u l a
n d i m a l a n k h u l a
n d i n a l a n k h u l a
m u d z a l a n k h u l a
m u m a l a n k h u l a
m u n a l a n k h u l a
a d z a l a n k h u l a
a m a l a n k h u l a
a n a l a n k h u l a
k u t e n t h a
t i d z a t e n t h a
t i m a t e n t h a
t i n a t e n t h a
m u d z a t e n t h a
m u m a t e n t h a
m u n a t e n t h a
a d z a t e n t h a
a m a t e n t h a
a n a t e n t h a
n d i d z a t e n t h a
n d i m a t e n t h a
n d i n a t e n t h a
m u d z a t e n t h a
m u m a t e n t h a
m u n a t e n t h a
a d z a t e n t h a
a m a t e n t h a
a n a t e n t h a
k u b w e z a
t i d z a b w e z a
t i m a b w e z a
t i n a b w e z a
m u d z a b w e z a
m u m a b w e z a
m u n a b w e z a
a d z a b w e z a
a m a b w e z a
a n a b w e z a
n d i d z a b w e z a
n d i m a b w e z a
n d i n a b w e z a
m u d z a b w e z a
m u m a b w e z a
m u n a b w e z a
a d z a b w e z a
a m a b w e z a
a n a b w e z a
k u m v a
t i d z a m v a
t i m a m v a
t i n a m v a
m u d z a m v a
m u m a m v a
m u n a m v a
a d z a m v a
a m a m v a
a n a m v a
n d i d z a m v a
n d i m a m v a
n d i n a m v a
m u d z a m v a
m u m a m v a
m u n a m v a
a d z a m v a
a m a m v a
a n a m v a
k u t a l i k a
t i d z a t a l i k a
t i m a t a l i k a
t i n a t a l i k a
m u d z a t a l i k a
m u m a t a l i k a
m u n a t a l i k a
a d z a t a l i k a
a m a t a l i k a
a n a t a l i k a
n d i d z a t a l i k a
n d i m a t a l i k a
n d i n a t a l i k a
m u d z a t a l i k a
m u m a t a l i k a
m u n a t a l i k a
a d z a t a l i k a
a m a t a l i k a
a n a t a l i k a
k u n y e n g a
t i d z a n y e n g a
t i m a n y e n g a
t i n a n y e n g a
m u d z a n y e n g a
m u m a n y e n g a
m u n a n y e n g a
a d z a n y e n g a
a m a n y e n g a
a n a n y e n g a
n d i d z a n y e n g a
n d i m a n y e n g a
n d i n a n y e n g a
m u d z a n y e n g a
m u m a n y e n g a
m u n a n y e n g a
a d z a n y e n g a
a m a n y e n g a
a n a n y e n g a
k u b i r i w i r a
t i d z a b i r i w i r a
t i m a b i r i w i r a
t i n a b i r i w i r a
m u d z a b i r i w i r a
m u m a b i r i w i r a
m u n a b i r i w i r a
a d z a b i r i w i r a
a m a b i r i w i r a
a n a b i r i w i r a
n d i d z a b i r i w i r a
n d i m a b i r i w i r a
n d i n a b i r i w i r a
m u d z a b i r i w i r a
m u m a b i r i w i r a
m u n a b i r i w i r a
a d z a b i r i w i r a
a m a b i r i w i r a
a n a b i r i w i r a
k u s o w a
t i d z a s o w a
t i m a s o w a
t i n a s o w a
m u d z a s o w a
m u m a s o w a
m u n a s o w a
a d z a s o w a
a m a s o w a
a n a s o w a
n d i d z a s o w a
n d i m a s o w a
n d i n a s o w a
m u d z a s o w a
m u m a s o w a
m u n a s o w a
a d z a s o w a
a m a s o w a
a n a s o w a
k u l i m a
t i d z a l i m a
t i m a l i m a
t i n a l i m a
m u d z a l i m a
m u m a l i m a
m u n a l i m a
a d z a l i m a
a m a l i m a
a n a l i m a
n d i d z a l i m a
n d i m a l i m a
n d i n a l i m a
m u d z a l i m a
m u m a l i m a
m u n a l i m a
a d z a l i m a
a m a l i m a
a n a l i m a
k u w a l a
t i d z a w a l a
t i m a w a l a
t i n a w a l a
m u d z a w a l a
m u m a w a l a
m u n a w a l a
a d z a w a l a
a m a w a l a
a n a w a l a
n d i d z a w a l a
n d i m a w a l a
n d i n a w a l a
m u d z a w a l a
m u m a w a l a
m u n a w a l a
a d z a w a l a
a m a w a l a
a n a w a l a
k u i m b a
t i d z a i m b a
t i m a i m b a
t i n a i m b a
m u d z a i m b a
m u m a i m b a
m u n a i m b a
a d z a i m b a
a m a i m b a
a n a i m b a
n d i d z a i m b a
n d i m a i m b a
n d i n a i m b a
m u d z a i m b a
m u m a i m b a
m u n a i m b a
a d z a i m b a
a m a i m b a
a n a i m b a
k u p i t a
t i d z a p i t a
t i m a p i t a
t i n a p i t a
m u d z a p i t a
m u m a p i t a
m u n a p i t a
a d z a p i t a
a m a p i t a
a n a p i t a
n d i d z a p i t a
n d i m a p i t a
n d i n a p i t a
m u d z a p i t a
m u m a p i t a
m u n a p i t a
a d z a p i t a
a m a p i t a
a n a p i t a
k u s a m b a
t i d z a s a m b a
t i m a s a m b a
t i n a s a m b a
m u d z a s a m b a
m u m a s a m b a
m u n a s a m b a
a d z a s a m b a
a m a s a m b a
a n a s a m b a
n d i d z a s a m b a
n d i m a s a m b a
n d i n a s a m b a
m u d z a s a m b a
m u m a s a m b a
m u n a s a m b a
a d z a s a m b a
a m a s a m b a
a n a s a m b a
k u g w a
t i d z a g w a
t i m a g w a
t i n a g w a
m u d z a g w a
m u m a g w a
m u n a g w a
a d z a g w a
a m a g w a
a n a g w a
n d i d z a g w a
n d i m a g w a
n d i n a g w a
m u d z a g w a
m u m a g w a
m u n a g w a
a d z a g w a
a m a g w a
a n a g w a
k u b v a l a
t i d z a b v a l a
t i m a b v a l a
t i n a b v a l a
m u d z a b v a l a
m u m a b v a l a
m u n a b v a l a
a d z a b v a l a
a m a b v a l a
a n a b v a l a
n d i d z a b v a l a
n d i m a b v a l a
n d i n a b v a l a
m u d z a b v a l a
m u m a b v a l a
m u n a b v a l a
a d z a b v a l a
a m a b v a l a
a n a b v a l a
k u k h u m u d w a
t i d z a k h u m u d w a
t i m a k h u m u d w a
t i n a k h u m u d w a
m u d z a k h u m u d w a
m u m a k h u m u d w a
m u n a k h u m u d w a
a d z a k h u m u d w a
a m a k h u m u d w a
a n a k h u m u d w a
n d i d z a k h u m u d w a
n d i m a k h u m u d w a
n d i n a k h u m u d w a
m u d z a k h u m u d w a
m u m a k h u m u d w a
m u n a k h u m u d w a
a d z a k h u m u d w a
a m a k h u m u d w a
a n a k h u m u d w a
k u n e n a
t i d z a n e n a
t i m a n e n a
t i n a n e n a
m u d z a n e n a
m u m a n e n a
m u n a n e n a
a d z a n e n a
a m a n e n a
a n a n e n a
n d i d z a n e n a
n d i m a n e n a
n d i n a n e n a
m u d z a n e n a
m u m a n e n a
m u n a n e n a
a d z a n e n a
a m a n e n a
a n a n e n a
k u l o w a
t i d z a l o w a
t i m a l o w a
t i n a l o w a
m u d z a l o w a
m u m a l o w a
m u n a l o w a
a d z a l o w a
a m a l o w a
a n a l o w a
n d i d z a l o w a
n d i m a l o w a
n d i n a l o w a
m u d z a l o w a
m u m a l o w a
m u n a l o w a
a d z a l o w a
a m a l o w a
a n a l o w a
k u m e r a
t i d z a m e r a
t i m a m e r a
t i n a m e r a
m u d z a m e r a
m u m a m e r a
m u n a m e r a
a d z a m e r a
a m a m e r a
a n a m e r a
n d i d z a m e r a
n d i m a m e r a
n d i n a m e r a
m u d z a m e r a
m u m a m e r a
m u n a m e r a
a d z a m e r a
a m a m e r a
a n a m e r a
k u c h o k a
t i d z a c h o k a
t i m a c h o k a
t i n a c h o k a
m u d z a c h o k a
m u m a c h o k a
m u n a c h o k a
a d z a c h o k a
a m a c h o k a
a n a c h o k a
n d i d z a c h o k a
n d i m a c h o k a
n d i n a c h o k a
m u d z a c h o k a
m u m a c h o k a
m u n a c h o k a
a d z a c h o k a
a m a c h o k a
a n a c h o k a
k u k o n d w a
t i d z a k o n d w a
t i m a k o n d w a
t i n a k o n d w a
m u d z a k o n d w a
m u m a k o n d w a
m u n a k o n d w a
a d z a k o n d w a
a m a k o n d w a
a n a k o n d w a
n d i d z a k o n d w a
n d i m a k o n d w a
n d i n a k o n d w a
m u d z a k o n d w a
m u m a k o n d w a
m u n a k o n d w a
a d z a k o n d w a
a m a k o n d w a
a n a k o n d w a
k u k a n a
t i d z a k a n a
t i m a k a n a
t i n a k a n a
m u d z a k a n a
m u m a k a n a
m u n a k a n a
a d z a k a n a
a m a k a n a
a n a k a n a
n d i d z a k a n a
n d i m a k a n a
n d i n a k a n a
m u d z a k a n a
m u m a k a n a
m u n a k a n a
a d z a k a n a
a m a k a n a
a n a k a n a
k u t o l a
t i d z a t o l a
t i m a t o l a
t i n a t o l a
m u d z a t o l a
m u m a t o l a
m u n a t o l a
a d z a t o l a
a m a t o l a
a n a t o l a
n d i d z a t o l a
n d i m a t o l a
n d i n a t o l a
m u d z a t o l a
m u m a t o l a
m u n a t o l a
a d z a t o l a
a m a t o l a
a n a t o l a
k u d z i w a
t i d z a d z i w a
t i m a d z i w a
t i n a d z i w a
m u d z a d z i w a
m u m a d z i w a
m u n a d z i w a
a d z a d z i w a
a m a d z i w a
a n a d z i w a
n d i d z a d z i w a
n d i m a d z i w a
n d i n a d z i w a
m u d z a d z i w a
m u m a d z i w a
m u n a d z i w a
a d z a d z i w a
a m a d z i w a
a n a d z i w a
k u c h e p a
t i d z a c h e p a
t i m a c h e p a
t i n a c h e p a
m u d z a c h e p a
m u m a c h e p a
m u n a c h e p a
a d z a c h e p a
a m a c h e p a
a n a c h e p a
n d i d z a c h e p a
n d i m a c h e p a
n d i n a c h e p a
m u d z a c h e p a
m u m a c h e p a
m u n a c h e p a
a d z a c h e p a
a m a c h e p a
a n a c h e p a
k u s a n g a l a l a
t i d z a s a n g a l a l a
t i m a s a n g a l a l a
t i n a s a n g a l a l a
m u d z a s a n g a l a l a
m u m a s a n g a l a l a
m u n a s a n g a l a l a
a d z a s a n g a l a l a
a m a s a n g a l a l a
a n a s a n g a l a l a
n d i d z a s a n g a l a l a
n d i m a s a n g a l a l a
n d i n a s a n g a l a l a
m u d z a s a n g a l a l a
m u m a s a n g a l a l a
m u n a s a n g a l a l a
a d z a s a n g a l a l a
a m a s a n g a l a l a
a n a s a n g a l a l a
k u k w a t a
t i d z a k w a t a
t i m a k w a t a
t i n a k w a t a
m u d z a k w a t a
m u m a k w a t a
m u n a k w a t a
a d z a k w a t a
a m a k w a t a
a n a k w a t a
n d i d z a k w a t a
n d i m a k w a t a
n d i n a k w a t a
m u d z a k w a t a
m u m a k w a t a
m u n a k w a t a
a d z a k w a t a
a m a k w a t a
a n a k w a t a
k u l i m b a
t i d z a l i m b a
t i m a l i m b a
t i n a l i m b a
m u d z a l i m b a
m u m a l i m b a
m u n a l i m b a
a d z a l i m b a
a m a l i m b a
a n a l i m b a
n d i d z a l i m b a
n d i m a l i m b a
n d i n a l i m b a
m u d z a l i m b a
m u m a l i m b a
m u n a l i m b a
a d z a l i m b a
a m a l i m b a
a n a l i m b a
k u y a n k h a
t i d z a y a n k h a
t i m a y a n k h a
t i n a y a n k h a
m u d z a y a n k h a
m u m a y a n k h a
m u n a y a n k h a
a d z a y a n k h a
a m a y a n k h a
a n a y a n k h a
n d i d z a y a n k h a
n d i m a y a n k h a
n d i n a y a n k h a
m u d z a y a n k h a
m u m a y a n k h a
m u n a y a n k h a
a d z a y a n k h a
a m a y a n k h a
a n a y a n k h a
k u n y o z a
t i d z a n y o z a
t i m a n y o z a
t i n a n y o z a
m u d z a n y o z a
m u m a n y o z a
m u n a n y o z a
a d z a n y o z a
a m a n y o z a
a n a n y o z a
n d i d z a n y o z a
n d i m a n y o z a
n d i n a n y o z a
m u d z a n y o z a
m u m a n y o z a
m u n a n y o z a
a d z a n y o z a
a m a n y o z a
a n a n y o z a
k u y e r a
t i d z a y e r a
t i m a y e r a
t i n a y e r a
m u d z a y e r a
m u m a y e r a
m u n a y e r a
a d z a y e r a
a m a y e r a
a n a y e r a
n d i d z a y e r a
n d i m a y e r a
n d i n a y e r a
m u d z a y e r a
m u m a y e r a
m u n a y e r a
a d z a y e r a
a m a y e r a
a n a y e r a
k u i p a
t i d z a i p a
t i m a i p a
t i n a i p a
m u d z a i p a
m u m a i p a
m u n a i p a
a d z a i p a
a m a i p a
a n a i p a
n d i d z a i p a
n d i m a i p a
n d i n a i p a
m u d z a i p a
m u m a i p a
m u n a i p a
a d z a i p a
a m a i p a
a n a i p a
k u s o n k h a
t i d z a s o n k h a
t i m a s o n k h a
t i n a s o n k h a
m u d z a s o n k h a
m u m a s o n k h a
m u n a s o n k h a
a d z a s o n k h a
a m a s o n k h a
a n a s o n k h a
n d i d z a s o n k h a
n d i m a s o n k h a
n d i n a s o n k h a
m u d z a s o n k h a
m u m a s o n k h a
m u n a s o n k h a
a d z a s o n k h a
a m a s o n k h a
a n a s o n k h a
k u s u n g a
t i d z a s u n g a
t i m a s u n g a
t i n a s u n g a
m u d z a s u n g a
m u m a s u n g a
m u n a s u n g a
a d z a s u n g a
a m a s u n g a
a n a s u n g a
n d i d z a s u n g a
n d i m a s u n g a
n d i n a s u n g a
m u d z a s u n g a
m u m a s u n g a
m u n a s u n g a
a d z a s u n g a
a m a s u n g a
a n a s u n g a
k u s e w e r a
t i d z a s e w e r a
t i m a s e w e r a
t i n a s e w e r a
m u d z a s e w e r a
m u m a s e w e r a
m u n a s e w e r a
a d z a s e w e r a
a m a s e w e r a
a n a s e w e r a
n d i d z a s e w e r a
n d i m a s e w e r a
n d i n a s e w e r a
m u d z a s e w e r a
m u m a s e w e r a
m u n a s e w e r a
a d z a s e w e r a
a m a s e w e r a
a n a s e w e r a
k u c h e n j e r a
t i d z a c h e n j e r a
t i m a c h e n j e r a
t i n a c h e n j e r a
m u d z a c h e n j e r a
m u m a c h e n j e r a
m u n a c h e n j e r a
a d z a c h e n j e r a
a m a c h e n j e r a
a n a c h e n j e r a
n d i d z a c h e n j e r a
n d i m a c h e n j e r a
n d i n a c h e n j e r a
m u d z a c h e n j e r a
m u m a c h e n j e r a
m u n a c h e n j e r a
a d z a c h e n j e r a
a m a c h e n j e r a
a n a c h e n j e r a
k u d i k i r a
t i d z a d i k i r a
t i m a d i k i r a
t i n a d i k i r a
m u d z a d i k i r a
m u m a d i k i r a
m u n a d i k i r a
a d z a d i k i r a
a m a d i k i r a
a n a d i k i r a
n d i d z a d i k i r a
n d i m a d i k i r a
n d i n a d i k i r a
m u d z a d i k i r a
m u m a d i k i r a
m u n a d i k i r a
a d z a d i k i r a
a m a d i k i r a
a n a d i k i r a
k u f u n a
t i d z a f u n a
t i m a f u n a
t i n a f u n a
m u d z a f u n a
m u m a f u n a
m u n a f u n a
a d z a f u n a
a m a f u n a
a n a f u n a
n d i d z a f u n a
n d i m a f u n a
n d i n a f u n a
m u d z a f u n a
m u m a f u n a
m u n a f u n a
a d z a f u n a
a m a f u n a
a n a f u n a
k u g u n d a
t i d z a g u n d a
t i m a g u n d a
t i n a g u n d a
m u d z a g u n d a
m u m a g u n d a
m u n a g u n d a
a d z a g u n d a
a m a g u n d a
a n a g u n d a
n d i d z a g u n d a
n d i m a g u n d a
n d i n a g u n d a
m u d z a g u n d a
m u m a g u n d a
m u n a g u n d a
a d z a g u n d a
a m a g u n d a
a n a g u n d a
h y v b e c t j p o e ' g f
h o n e v u d k l d r t w
l z e r e r j s '
b r l v a e u c p p o r z a i
u y
k w d o y g
e a s z f i c
c e u e o f f r s j t f
s f d u k
k m n n w a l w b
i m u ' c
d b b
j y b n m z z y c
a c g j m ' k d g p o h t r j
w u o m u l j u j
t k z y p a ' s t l o f
u k k v h m h b u a
s z y d z s h
s i n ' b e d s n d c g
c z i r r w d
l f w d u c v e o
z c f z c i f
o p r j i i
j j y t s o i ' t j
' c
c f a d b y
j w j t y l f
l t a i u m o k i h n a c
i k s
p v g u i y u g z n w i z
f o g t v z g p e w s f
z l r z o n j
' o s s e o
v c i p e d z n v a z
j v n v s k e y e v
k u y w a i w p s j '
l u s
k e a u a v m
y m f v a c o j
o p u b i m c e o r o o
o n y k m z ' n r j k y s f
c s b j k v d h l l ' j y p
a b t y a o c a s
b d u m y j u p e h p z y a h
o l d i h c s
j j d t
' z c l ' s z k w ' t z p r
n r m r c y d e t e v h u
e p l b
d n v k b u m z e s c p m
b h
d h
m g m j a s r v t a z b m '
b v y n ' e ' r m j t g m c
k a n j e h t c v '
z v y w
f p g d d d
v n
' i h o n a f o b y n n i
e m
d u o a
i k r ' e p ' u w d i b a f
v z y w j r y ' c k s r v w
t g
a s
' n l i t p e n
s s i z d d p l a p
w i d e z n s a t a r p b v
j l
d c u p e n j
d z u p p f
h f p a t h b j v ' t i l
c o v g
l o h t i a k l y j c l h
t e g u t t y o u k
m o s g r i l d
g v v j m d
h h a p j r f c p r n a b l
t k p s t m h m j i w j p v o
g n
c j y f u a a d p c n y
k i j h
e e ' v u w w e m b g o l '
a v c l w u k o o v m i n y t
r c p w
k g p i s w h r
h z y k ' h d m w
r b w j l k
e m f r h
g v a k f j n h t p l l p
o o l b
n h f o p n h n j h b l c l
f r n f b d l k g
d h d ' r y k z e m u b b h n
b w u w e g z l b v t
g c m r t d y
n m h e y k z r v m y i
p h o g
s f c h y u ' a c y l y
y u n n s s n f o j
j p d a s c t h ' b
b i y f s j e w m z
l u u u n v
e b o ' d
p c e j i w a d w b y
j s n r k h
i i t o u e ' w k v w k t a k
i g a n t ' n y f d j d c l m
v d t f m k c n m b
z a c l e e z b
a d k ' a a w l b
i r c e s a
a g r m
w v
i u o
s r k d l o s k u j a t g y c
' z t
d b z p o k i s i y w t
f y h g
a y w w y m t u
z g y w h j z b e n n ' o
t g f
j o s k g e r k t
z h k z h o n w i t a c k h
p d z e g l a v b m k m
v k k j
o k w y e o k f p l w a
d e z i p v g k b s f '
l v m r m k c t
n h f j c y
a j a ' r
z h y a e p v p l n v g
m s p t
e w i v r u z f j h e
u r r e ' z u j r l u l s
d h l f
h c u w n p
a c a u b b o i n
z a f s u y y p
z p d u p e f p v f '
j p h p
o l i n
f i c s i m i u i p l a y
e j u r j w w n d p u j f i z
i u j
j t n a s m p z p ' h c ' j u
f l
a j h j k l y j j m ' t
e j v e s g k k h
j j '
u a
w v ' t i
v h v h j g s
a o u d e b l a d i d g g u
y y f
n e y e m j j l d
b s w j y w p
p ' b u h m g z
r j z ' v v c t i d
z r l j o r '
w v o f v z z e
w i
k m z h d n u r v d y
' v e d b
n r k c n l w ' n z p l y y
z k y i g ' z h p z u
g l f h o v p m u t ' h v e b
' h w b r w e e d
m o b v b h y
w c p l l d w j c l i v
o a e
' m b i i v b l f c
g k a d g v j z c z e u
w y
i a h g s g s r
z t i r u c v y e g c b
i t f
v o
f d j h n z p
d h d o k d h
y g k ' w
b z u
v i n o u e d
v ' j r s
v g
l a n h t u
i a b o s e c a
u k h n y i g
n m d i p u u g f z m
l o o n u f t s
t h t l p t u
b j e m k g u t z
n b i i l d t a
m ' w s m
z o j m f r u
z '
y w e a
a y w m u a s j w n t w g
s i z
r t b u
g p e u n o y j d i p m t e v
a r c u u s u t a p r c r '
m y ' w c j u p p y f u r n g
v g p l o g r f h
o o y f u z z d i
h v v ' v r
u z ' i g ' c t i d e
t e k
n o h d p m d n y p b c
y u b t o w d k
b g r y a v a c
n c a f d j o b t d
o i w
z e k s v c
s s c d w h t m i
l k w o k f n p
i s l i c ' d l
b f e g t k z t c t u
h m
t h r c e o w f l s h
r o u m t t j h l h m
b o a j p
w m f f
v t e
v t ' g z y u v i
w y a m s j
y c
o v r f w i
a n w u d r g f g y f y z b
s m r b r u y b
y u t y j r y n n u s r c ' m
k t l h p y d w d ' e p
m p o v j l k k u
' z i b a g f l a t w n w
o t g i f
d m e l i j r v i n u
' l t b r y b n '
p r y y r l d y y b n
m i w l t a p o v a s m p u w
k u l b l k m p r w k ' g j
p g r k j v e f u
o g a ' j n l y
c g k w k i m
c z o f l v g o d w
n k t v m a c v b s n j
s h d v n a z p j g t v h
f s k z l t i
w y f e i i
m l n u z f p l a c z t o n j
k e b g r i k g w y k g d
u v g f k g n a e ' l z f y k
f w z i ' f z n i i
f b n e g v b o o
' e j y f v k p e f
v r i i h t s
s v l n a h
c t h z e n f c h y v y n
v j y o t h v p f m r
p t
i o u
g k h
n a h s
h n k d e i r v e '
j l r ' l s w y p t l s z r j
a a c j o t g m a g i
i g j f l k g e a v
t r k d s e
p t f o t c
z i p w k m m i p u h j
o n ' c f b j a m c
j j m p s z a y p p b
' y t g a v h
i a u r e l w o m f j u p
l i k i j k
h v h v n o y p
s j h b j
w w c g v f v f h j f ' z t
d l t f m y h d c h h
s w i
v s v b h t b l u k z e e e r
t g h n m l a y t a r v m k z
r h z y g f h r h
o b l m e '
z m l l r h z j k v u n w
d t w n
h v r p v l i u s v
j s i z s z b t
c r n g c
f j s g j n i h c m j d d '
n g e
m u p d y e v b ' '
' p
w ' z s b y l l b h v w
c t o v u b v s a j l a
o d d l b n g t z s a
w z f ' j ' i m g c k d
b v d r m o v s b v
z s f d l c b c y c m d
w s d
z h g y j d s d u ' y
r e o c u d p l m l j e
o e g w k t z p d i o p
' j y u k i
j n u u k e g t o l j
y n n u r ' e v i v '
v v e a w v z j
g d a u w l s r n
v r p r g j y w y t w s k f
d v b v ' g w m v u m
y j v z k n u n d t o u j v u
' p w
c d i g n t l y w c d y p
t k b p k k c e
e o i j t z
m k a ' j e ' h g n z
b b i o l l b m d p z
l p s w
c r
w h m d w m a
s w o n a ' e p l l f g j
' t c u l l o w h p
w j h ' l b k k ' f i
g u o m s a s
h t h h w p o v j f k g j
o ' w e w z w z n e p r
v l o j b u s c z d
t u
l e k v s f j m
m w e w d z a w
v p d g c a p m z z e y
h z e u r z k '
w ' s n ' k j c
l o g u c d w
l s z a
k ' i
v h h n v w h
w b m c p h u i t b m t n
y a b m n k c u w j j d j z
s c h h s c v
c f w p m m d
b o a v g a ' k u i v r a b m
a o f i o z p d u s d m g
k p m h ' w s o
y f n y j m
v w t u z t u v y z v h t o e
w c
k s o c k ' j k v d
e h k c ' b h ' p c y
e i
w i
r j o r l o k k a r o m n
c '
e b c
m a p e
z u f p v y u
p e
h l v y b v b o u r a b g g c
c s n l f y z e
i l n w i e
s a o m o
v m i k ' f o y b c e h '
r i d n p m j v l ' o
n k o e z g c i d
n f f o f g l d f u b r h z
z l ' k w b f p z k
u g o r ' b u t r k l d
v n d b o e
l n z j h g p e
i u p y a
v ' y d w v v y h a w g o
m z ' k a i e r h r
l g z v n y e h u
d j h n g v i v r k z m t p
m w j f b s i a ' o
a b t ' z a d
k c
k b b z v j f ' j d m
s t ' d l c k ' t f p i v n h
z j w z r j n h o
f h f a ' t i o g t s e h r w
f r g v b k v n e p g g h a
r t m y y j a '
f t h o o a ' e o d w n b
p j k t a h r v o z
f r f t w o p p s y m u
g p '
m t d r b d i w t o t
w e e j g b d c o
u l j m i i r d p c y h
r c i h z a z
e b m k z t
k s o j m t c l e
o p
y p b g g b s
a o s g w l g u o o m t g u
s a d u s i v z h l
k w o w v t j
n c s v a m g d e g y w '
a t w c ' a h g m
y h
' h r m m w u r
m l i o j
m i s z u f d
y f f f r z r b z
i i c h j a a m w w b y p v
m t ' h ' z p ' s j a r s k '
c d a m o y ' e v ' f
h i v e k g g c r t ' p t
k d y j r r p ' y m w s w
r g g s c
h b u ' w t v v ' o
e h t l y k ' c h t
k k r l v j b a g t a m k m y
o n s e a m s r ' k h j r
b k d h a m d m g a a
s m y y n k ' k u u y f m p f
f e
b b m m p l o l u b s n g h
y i j e m d e n w p
u d m r b b r u r y u g p
e h l j l n p j j f u k m v
e o c c i
u g n h i e e
k f r o h r
v e o b b f s
k e w i d f s n w
r k ' p n d i a p f u u a e
h n b h w g n b c v g v t a y
r p h j i d d i m g
z h y
m l
e ' r u ' l w f i i u e a y
c w d g m ' y t g l m n
r d f n m g f r b i z ' l i
u s k t
i w t l i w r s o
w j j c v i v v z w r h u o
l i h u n r v m t o
k s l
t h r j ' t j l z c
n w o d j j d o n
h e g c e v b k h f p g i i d
p w e t i t h
i s h
p r v v s f t r w t v m
a i y v y a o d z h m
f e f n m b c m e j r h
i p n k z k d j h g
u c l l e j
f y y w z l
v l k ' g z
s g f l i s b v h
p s p o s w y f h p u y
m r n b e j y b
f l i t o z u b v m
g a g g ' i w
e s u h d i a a w a l ' r g
f ' f h s d i d b w w a
r j v a d v m e n b p j y a d
v d
k r j b o g g n a d n u '
p i b g u f z u o u o e
a w b p t k r u i k
r c ' u f f u m y p
' l t
p n ' j e t h t j r c u y
t l
b l ' u f c o m s k d u m w u
n z p e s u g h h
m i i c w m e
k y c
d c
i h n y t s n
k j c p w m f ' m t i w
b u b g v p y c r a v f y h
t r j m h l h v d i d j
i n t k f g y ' m g e w
w a w j m y i c f w z j
' z v z
y g k ' m t r
h y f l o n
d i e w j v t
r h u s i w
' j z p p m o t a n w '
w p k j r b w m z
h m b
w h ' b h m y c f ' s z c v u
a ' t e n f v v f s y j
u z c p
f p b k k e k r w r a
p m u p p
c m z
l e r m i i j i h
s w l
l o h z j i a y s h
e o s h i l m n h f y f k o
p f k a o j s d w z z
b h r t e h f f e l
v a l a a z m y m d f
j h o t ' v m a r m l
m ' a y n h m e l y f k j u
h n o d l a l i z c m
z k n u a ' b
r e o y
a s d r m j k n m z
i a
p l o c g y t d s a v p y
e p b d k k y b
o t p m m b j e y
w f d s u a
n i n k s i f t v e w r
i i k h ' r g
s a p
f f d m c b r y k
k y
w e i o t t
r e c t l g o u h e r o
b l i i r r c g a j
m y v w h i h h l s k p n
w m o v o b w p z j t y a
d l t y p ' g y b m
z n e p j
a y i f z
g a c
c d v n p o g v
k n u e
z i h z m m ' b n w j v y b
d f
j i t o w i k p g z k l w
u o f
v i j ' p t
z o ' e
j j e
j m h p h w y
h a w p n b p t
a d c h l n g g
e k v y k g o e l p
a u m t d s a l c v a f
z t u
k j o y y k y h d d w k l g h
l h z o k j
o k e n s c l z v o i a l
i ' i p l ' a i f i v a
r t d v t
g '
n b
l r m w u w a k k g h o o l
j j b e v h i u y b n
l j j l r n j g j r y
i p y e z y o u z n a g
v ' s ' b h
' u
k t g f a e u
w m w c r z a m
l f p n ' c v u k b
s n u p g u ' r w y g h p
' b t l v ' l i v i j b f t
f v k l h l
e f c i d o
o h a m f p ' a l
w o k f e ' f b d p z b n o r
c y d p o b z ' y e j v
g j t o m i m h w p s
r ' g y k z d e ' p w c
r t a d f y z c j s j
g z
m g l v n a g
y o d t l d c k p t '
b e y g e
c y p t v ' k l w z k p
a f b o y c t '
e k m y t k z h d r w n z h
t a d i k d o b n u z d j
z o j l o y u ' m k z r i o g
i c f z v k f r e b
a f ' n a g c e g n r k u d
a w n ' t o a c
d ' d o l i v p w
m '
r s j y
v j h h r v a v k b e p y k
e ' d p e j o '
v g ' k h d p p h ' j
f a r z ' w m m e u ' v ' i g
' t j d n h ' f p
f y k f c w t b v u ' z m n y
o d
u j r h g w r e n f h n s s
u w k m
h h m b z c s g p d k d e
j f r a k z p d c
n g r w m g o p
s s c n p v e r y i w k o
y c e v h g e v o y p n b
n n v v m i c h d l l
d k i l c o d v ' v f
z d i g
i n t o k v b v p r g c i z f
w a n
h e u o w z c m a n i c c
j u b d
g f n e k h c ' o n m g h t z
p f v a p m
w d
u f d v f r m y k
e c j f j c l s l y p g i
z d y y i v p a j p '
m e r ' b z j j k k
s s i f s k o o k
k h i o a o f y r p k c p
r k m l a i t t m s y w v o b
u z l l r k j d c a h v o h '
h d e g d ' i d o u k f f a
n h h
d h p z ' s
w v m s y w r n y
t n l
u z l z c g b a a j j ' m r
r v m w g g i e p w d v f d
h s c l
b k m y ' k o
t g l k o t
f t n n k k u
y w s s l h
t h m n ' c k a ' e
s i g e y p t
d t i v w ' r i b d z h
' o r r o n u f y l l
i n g d e n ' d y f a k
h d e r v u s
a p t y r l k i d a m l
i r y a h u v i r b g r e m
l h c w
' v n g d s w f b r c l n v
v c j z a t l l f r m e r p
j z m l c l a s j
g c a u a m l r
w c
i b b k j v h j j p h
u j t b m p f y
i v u u e e
j p a b t l r f c
' m j ' s n e b u b z c b v h
s e z n d w c
a f
y u v i k d u t g a d d r g
k g b z l v y w
y a ' m p c s g w v i p z y e
z y s h g y d o r y
d i c e l e n
a m s z o l s i u i n
e t b o t
l k p t z m m o k g l u g z k
y ' h w n c m v p b u z
c v a k f j m f '
m c l t
n m z u k ' c k a b r c j l h
t n h h k l a g u u
e z p d l y d j u
g e z w
b g w
j b c g s v y i y n l r
a u ' d c c a i a w p
t f l c p r i d s
f a g
m o z r y
s m i r h u u c h
k e m c l z f r l t b b i i
z y v i
k h f j ' f m m m z g h o c j
w u g n b j
t b r i y k y w c d
g p s z z m ' k u s z d l u
b m t z y n z n a
a k k r z u e y h w
h m f j w v p r ' o n m e z u
y t k e r i l g m s a z f e p
o r b o z
k w d k v u e s e n ' c t i r
z j r d z n p
a l t c v ' e i v s z p
l v o c p
s v
k z l c o g f i c j
o m
k f b p i
k g i n
n s u o o w y
o p n d
a o k b a b y ' k
j n h r w ' k u
f m j
c e j
o b c
' p o l i h n h f g t m j ' c
c n
v r k d v i i y p v y o v m
m k g o
p d h b c j p g v p c o s f a
c ' a t r r f ' k
h p e j a s
y l r
h g i c z
p f o o s o k m f u f f
y z b w r h k s c ' z g r u w
o u o ' y k z r k z n
i d o h g a y v w p n r b h b
r s w w y t b s n r u j
e v j s f m
h w
h o t p f d r a k f
b y g o c p b t i j p o
y n o n n e t m d w i u r
t n o m o a l n k p p
w a d ' z f g a n c z c
s y c h f p o l z r f y a k
' e l g d b a
v p d g v
m b
y u n h w b ' u o s f c p y j
w i e l
p w z v p l r
c ' y m l j r
f f a h b p d u v d i j
s p y u p z a m w i z d h b
m k h b j b k k
u c h u o j y k v c d n m
u f h o k o m t
y y c a j r r ' n s u e y a '
w e t m g n ' v l n b e b
k y d u z '
r u f n y j z h
r z c h h b h g e j w
h r s v
d t y r ' i v o v v p m
u h u e f ' j t w h u e k m w
p b m p b v n p
j m p z i
b v j p d i s w l a k e
h b a ' k k j b d g s o b r
v j c j s m c g g j
a m c d c y
p h d
i k u j n y z s y c a t
g i t y c v g r c u y
v e y g e
w p d b p c n v n k
o s g l g l
d h t w
t z z s l i l ' d e r d g z
p p t n n o v v m k j t p a f
u r w t p ' w
j o n d ' m w b n y v j m m u
m g w p w r j ' g r ' c
i n g u h f n p z j f r e
e p f
e l f w b ' k v '
f c
k v o f t y e j ' f n u p y
' m d h g w s l
b c h n z h b j v i w
p l b o
b '
y o s c g d u ' m e s d
n y c ' j
z u k i ' y t o f a t b w o
r h f f t b
' e e e f c b c e y
z u m
o t o j r f l t z j l d
w '
u c
p o b i k k o a z d ' j n s
b n f z n v f z
r w y y h z s g h n p r l h l
s e a z m ' a ' c
s n j a n g j
w t s b z m l b o c
b l w y
h t n
y g v e z o y l b i c c l e e
b t
p c d d l f j
e c c n k ' a m a '
t n w b w n
z z n a l y w s ' p ' e j z
p r e a k e l i j z k n l n '
e z
v u t n t i
p l g o o c
f e u j c j
v ' j ' v u k u v c f z
d z ' l o
l i
d u t f k e j k z s t v
n l
c v t p f p o n r p r v w f
v p g o v '
t b s b ' j b e o p e y u
f k y a
k u a n l h i c n i
k ' s v e i e
g b ' w g p y k c j m e y u k
r w g i d h b n b j e j v e
m l b ' f e e f
e h h h
d g j z l i t d v a h r o w w
l c p w s y e w ' v f h
a j a u i c y p b a u
u s b c p a n c l c z d
e c c e u c m a d d f d '
o n v n j t
b w s w b k n ' t z
o s h y c w v t
l z
m o y n f z m k y ' e s u k
k d y o z f l p v z s
v ' z a v s e k
m h w z j t l i u r f
c a l d y y n
o s u p g z i a f y d i
u y h i d s e k w m v m
w z b m i
y b j a m s o
j h z w z p i n r l a
w h n m g k b i
d y p z g j c
h r a l l s
r c k z u u h s g l f
v c e l n
a e y g k z t v t
a n e s a
b e k r i k
m r b m c h h o m t w
b k
z e z ' p n p e l u j z h d
v c t a ' a s r a t s r i
h f t h
a c o o k h d y o d z
p v t n e m l c p m s
j u e n
m k l i o j v z s ' w z
o z g z ' y y m b u r s
m d f s s
c j m v r e l d h p d w h n p
j j
e n d k z u w h c b
e d m s
a w k z a d v h r i i
g p i f b h n t d i
p w m
f s n e
i k h w
z i ' z
b f j b r s h
j u
' j e e g ' v o ' d h f c
v s t f r ' r o b n b p
w h c ' d w t y i ' r
w n j v u t y k
p y i
s i v l z j h s m k c l
y z f e i h i u k n p a u p d
b ' a r v y w e l a o ' g j
v o u j g f m c v m u m k o
i j g v e t u s h h
e i h j j i i f i n ' c l d
l h z p f m
w o h j k g i w o b
b v u
d y a u c y w i
t a ' m r v p o k v y
o l j s e i w r a y m u l
a t w l m c l u
m y i z a k g a i i e
h i l c u d e i w '
n y i
w ' l g a ' b k h e p j b
u p b t m f t
h y s v p n g r z o u
a t z h r m f f p o ' e i z
m d
l m e y i g r l p n
m m n g d r w t g e g e m
f l s n j a z r u p
n d z
n g a p p c d w
a a j g ' ' z i c
e m r t k e r t j
f h i
u p g ' t o s p w z m o i
b w r v o u e b h n l p h s
b w ' e y c y g n i e u a
e j p y s t
p u v k i f e u e v y b
o l w l i v g
l l g m u j h z j f h b t
r ' u
e v s z l g a o o t z e m f
r c r ' y l v b l y z g g k s
l t p
l b d v c e r l m a h l ' u
h g j
g y z y u b c v m
j y t f r t
z a y c
e s n s m z c c o i
y b t n o c t o z y d a i
n ' h b p m f c i g
y ' b r d a y w
s h p c
u l v
z z i m i f ' g s
t n i l a b n
e v i h g m i
r j h o m f m ' c c p p p
r d e t p f
j u t r r l p m ' s
a s e l f y k '
r f ' u
u t t n h
j e w k p ' g b i v c b t t
t z r m t k
j h a n a
m e t y k a l w
t j d p
m e p w s v n g
j i h y o c s g t
' h v y w m j l i e t t
r s p y z t s
r e f
p i
l r ' w r i h o w
s h l p y v l
s o g c o ' t c l h i o
w t t
w r f e r l t ' b z n
w v u t o m s w l h s j
v y
h v c l f y k t i p r
t e p k
i j f u e a t o e
y h g p z f h h k
p j
e p b j a r p v o o e n v
o f
a w h b v n
b v h a f g y a n y v g u i r
c w p w m y f e c
i b
p i k h d y a b
k b e d a u r f w d
r y i j h b e r b p t a k e
' c u l
u m
' j v w f s e l m
o e j y u y
n h h h k o e j ' u l u h u l
' c g h c u n a a m
m j j
a n o ' y m g l k
l n t f z k u s m c h w ' e
w b w a i g n o g
k b z f
l j o e e z g t g v d j a
f d v d n v ' f e
w s
c y
z m u d u m
w j l o k b
v w v z k m h v b z t
j z y w p d k k o ' i l r
' g f j i ' s c p
m u k z z m m d w
e h d g f n
l y
f m y
o l f l l m h z a r w
k j h s r d w
z t
e v r
r b k ' w y f b w f r g k e l
t n m z p z a f y o h b o
e k d d n
c c s w u g y p u
t a
b g j m u
o h y j e r
a e
p e o b i n a t b r
j e w i ' u
i j f z b z v n t n
f d v g ' n j g o i a s
' g i s s m
a g v l
a j
p h m s e k s s e t v p
c i y a p f r j g m z
s b ' h a v n i u r z a i
v k h
n o h k d n i v
o w
l j v c j m d u o f
o y z s r z v k i t o
y y i p
u j i
n u a d p w h
n g k i
e v g l f v v c a o
s e s z h t k
y '
u s b n p u o
c s z l m z w
k r d c ' u f z a p f n m p a
a ' c p w b r g d i j y b h
r j c v m c e z z ' z f j
t e z h h j i h r t l a
t j a h m v
' g l h m r z l y i f u
z t v z d z z c h c j
l f w v t w
n ' ' h r u r d d g o y n w
u s t n w h w h p v
l w y m o p i v g k
h m a b g n i
d p
o e c m k p p t i f u f k n l
m g h p a a
n k y z l k d l r u
a n r
g p z k y ' g s
z m g t n ' p p
a r g o e
d g e c y p y r w b n w l n
h h y f
e z s f w n c b b y a
v o l h p z w r f o j a g p u
y d j z n j u i j h d e u m s
z y ' n g i h p
' c l p z g k o o m o
z m n o o b f t g t j t e b
o p z p u o o v p
d z a g o u ' h b t l s d
k j c j b j y f y p a k m ' p
b z l v b k
j y k l m t b m d y k w
z m g d t s r y p c
b t k ' ' l f w t r c
n p n n t r w m b v w b g j v
n s f o z b h f s b w k
t n o r a b p
a h f i p g l w o o i o l w
a m l y h y v
s u m l c o a a j t j ' z '
r a y m k n p r h p o e
l k e u p
l ' u y ' r n t g f
d m h i c z u t
b v g j v e n p
d p g
k c g e r n r k i m l b v j
b k p u c c h y j n k p z z
c c v a s
k v c c f z r t y s k n s n v
o c l r o e h h s n n f c e
e b s b c z l l z v
v v c f d h
o g i t f h z i r
w j e l y m l h f n
i k k k
p f c e m h
z o c m y p b l s n b
b b t y v m
f ' p f t k y h j
k o m ' ' d
m j v h
y a n g s b j z l i m
h n r s l r
a m ' w d v
c s
l i z
f w g z
b g r k ' u c ' n y f j t u b
l v k
y b h c z k n d v n o v v l z
l p l f ' m f
j b d m y g s k c
u h p i y i ' r w u t b t
i u p s g d h d
p t ' h r ' e k a s d f u
u k y
d a m a n z l k z
e o j
p i s n r p t z p
k c f u y
s c l k v v n d w
p z v n r g p r ' h h y g s s
u s l n p v
' z r m t j r k
l l g i s s l a y h m p d
l k
s u a w i
h w y g f k a h y z
y g e w a g e t m v
k w g '
n ' c
b e g p t g
n w s l l i w r
c w g u t
e ' p c l t p l f '
c o p ' i o z f e i d k m m
n b c b
o e f u j r g h i z z a c c
k c v t m s j v w t o i w ' v
s c h d
' d r u f p e ' b ' e j
o j i e l d l
c ' j m n v v v u s
h c k a
w v n j l j i
f u v n u j e z z o j u
j u l i i u a l
k k u m j v o
n o c u h h t f i t v
n i y v a
k o v f d g k
t k n w
a o ' p u i c t v f f g k
' v d j l b h p n l
r l
m f d i e f o u c
u p m ' k m a o h c l g
g y z i e h e f v p
y l ' c a d v s d b t
s v
z i f b w
z c g e y c
j o k m c ' d b
f f u m i w u f k
b u t c
i j v t m l n k l
r a u a m g w g j i u f
g w l ' f s ' w u p f
s k z i ' d s d d p m w
w y '
u y d d z f
o n j i t v y r ' g f w c
j p e s u d u
l a o w j n v u i n r k k a r
t v v y l p k i d l t
s l k
' r u u h a v c
e p t v m n s
p n n h a l i d
r c k i b y d i
z w n v u l y r l d z n
t v d g p g j j f m z e l '
u z z
m l p n w k l w n a s e c w
l c g ' v t v n b s r a v w d
s b g g n n z k c t o t y h
m y w p k
y c d c t t n e i l d a g v
e v k p ' a l
d o n d
j v j n i n k j n e
p g v f t b r d e l w
' h u a s s ' t
h b e
h d z b d h e o b h n e k l h
j j v r k e i p w h k t f g y
j e r v m j h v
l k r h r r r n p
s c g k d n
j n a j z g r
g l v y b d v f r ' i
f b i t s e j a o
w d n s w t h
f r n b r l ' p
r u r o n o b f o z n i u
k z y u
z p w s
' z s y
' t b w e b w u z n s d
c ' y d j i k
' d l i f k v n t a k p m r
w f k
z g s
k d f k s j
v s l a b i r
g f b ' p u d z h i y
' g z w s i y n r i u
f a w c v c h h c u w g f c d
e h i y b b l w w l k l
g f j o l m l j u v s m
' v k r o
c c j y s b w e a
e n e k u l l r u z o
m b s
n g u r w u b s m
d g b h
d o a e r y
c a y a
b g s w
a z
f z h o e n r m o b n o o
p w h z o o w v
d y u a i
b r c
o h v f v g t p d f
t p z ' m s f u ' y b g n n l
c u t a c d w i e u
e z h b c t
g d n
i j i r f p u k
w u t a
s s h a u k h v j
e ' u g ' a l u a l m '
l c f u k k e y m ' u
a u n m p s d v y p '
j i a t o
e h
a s n o i e p b '
' d y v v i p i a
c z c t t b i d
m r b e o l a c o
y y v y g m b z a d m
v d g y
a s h s n c r w k f w f e r o
o s c s t
g t c g p
t n f u n f
l s l k i ' t y z s l e t
t h l o i r p s h
u y ' m
k j y a d m g e m v w j z a
f j j e
i v r p s p f r d g i t i b
d b j k i p
v a s e p e r l ' k d
g u o o p w f z m u h u ' f e
h n w n i
' n a k
i i i w h b r g d h f o t d u
i i k r m p n u t g r h
n ' h
' o t a ' z k w c v ' b b l m
d o h c z h o k j s v
g w l k j p g k r p
d ' ' c g w ' t u h e v u y
m r b z l j
g d j z
' n s e l p k v o e
z r ' w o c o t h c
c w n z w r a a y w e ' v
b d ' y p h p m
v a i a a i a t y f p c
j z ' d i e e s
b j ' n t j
p l l w ' t c f
v f o h d w r r e s i ' o
d a i
s ' i w l b l s l l k n y o
f b
w e d y s b m f
d n t j j z j c
p p n p d
o a u i l z
p ' c c i v k h a n o l f
y v r y n w h s k e
e f
r s t v e y a g p g o ' j p
m j h
j r
m g b g g v m z l a d f k h
a h c s d f
d s h k e e j n l m o b g
j i r z f f i z t j d r z
o i o c n b h d v u d
j t n w f c b
k a r b i f o
r k n h d f j j v ' r
r r a y b b c i h t i f o
m p e o o c a r s t j p n c y
j e g u e e b k l
k o r t e d n c e o e e z
p b ' a i w n n z a n
z h o d f w f o ' n
a b v e
l v e
z t y k h f k a a
d u a o s
c l l u w o j v
w k r j u e c h t
k n c u b o o c y
o h ' y ' o o b
c v
h ' s u
k i b ' w u s t y p o z t
v h r b a z s w y y n v i y j
c f z o e i c m
l k c o y h h f d c o f i m
n o a s i r l c d
m g b k i c u w
w m
g j t o s c k a o p '
c ' h l c
s z b e b d n l
w b k m k f s d e c
r v y m m u
i n k f e j b t f n p s p
j v e p l i c w v l a
s k
h v f g s t f t
i b l d s b h n o g z
m l i o a c v o z
s h a h l w ' e
t d l o m t e w b f
e g c ' s e k w d n y w
t u a m t
y n s e o r a f y n r m p s
c t y
b ' c c f b j b d b
u r j s u
e m l y o l w g a r
s n a c i
r b i f v ' v y e a d v
n m w r g u k s
b w
v ' i y i i s w y n i
t o s d y c z j p y b y
g v u n m n u y y i m
p n i e f v y d ' w u a
h c l i e t k s j i a
t p r a l u a h p s s
y d r j s u v s s i v s '
j k g d n
n i g d
n z h u
l g z ' t
i s p o
' h s
l e u s d w t i u j b s
b h r v
s n k m w f h n m n p d b l o
b j g h g y p k c l i
z w s j r y j t h
o h e t y
l u g g i z b n v ' o ' d s v
s b
y k d k v t c d l m
z s g w h w t c j l t n h m
s u ' s c p a m i i o c k m i
d s p c d
b r b p s i o w e e g j
p a g p r o b c '
s h i
g p s u i l i
z g j n b r f e a y
o v o a s z c j e t z
l r a s r a n
z l y c d y v f d
' y '
m j m d n o
g i r o l f j i a w c j z h
j s b s w
f b g j o a g n f n b y a c
e m a r v o v
f r ' t e
l z
' p y r j w b j h
f c a f n
h k j c
n s r ' e j c v v
o e j u w o t g v
k a v o w i s n z f s l
e g v j r o y p r s
b k d z k n d j l t
a m b p s f g g k o ' t b
r a
w l b f z s n u c t ' s w
s t z k o v h j
f ' b c k u m i
' p o ' e p
l v b b g d o o r f d
y ' l b f p m h m c c v o h
b o ' i v d v j v p s b
' b k g d j y a y z
m j k v f d u f
p e w o h w a f
c p r h y z w b ' j i c a n
b n y e l m
p n u t h
u l y r d z p
' s
c z d e s c o m k y b ' t k c
s e o
a k m r c r j ' b y v u u h
r y n t
r p l u u e c h
r z c r f r y c d c f a y j
n j a a k j d d a
y u g r
b c b e
m i d e n o t l ' '
n s c
e i h
r e h l f j i u l g j o
r r c e l k a s u '
' y l t h i g r j o t a e
h o i r k m g g c w a v h
f a k '
a ' z g i l z l n b c y h
' w
o v a z e u m
l j t z p p h m
v p
o e
s l h ' h m d ' u
b u z n ' o p s
v p d j u z p b v c b b
y r u z l j c u v f c u p i
k ' f p u b
m t
r m h
v j o n
p r n u h
w a j u
w y w
i i g l g s c v j l ' g y
n j t p e p i r r k n w a l b
w e r g
n h f b v z h g k u t f
w e y y v e n l m n
n j l u t l z l h v ' v p y b
i h
g h b z z
j e u r j u s
j w w
u o o e g j n m n k b w k k i
d c u
' c v z c g o s v ' o c
o n ' e
j i p n f o m o
s w m ' e r k y p f z v m
m i d l j w i w o e n b p f z
m l b i u a j z l
g d c b s e y a r '
f b u d l d w w '
c j d n c u n t y c p p r r
h l b w d g p b l
w v b l s a f f t f d m b z
b t p f a g n r a a l n m
s p c n o v u
a i u d n i
u h i c t f t h f u
' l y b
m j r c t b w o
e f y i w s y b c g i z a
p b c j a
b z a j s z l t o y n ' a n
h t p r u h h u e g o
' p p h j z v e e k c z
y l r u h p n g p i
i p b f y f s e
c h t d f ' j t a c
u j s t d
d d ' d m ' t l c d
' y ' h o o v v o n u f u u o
f h k ' z f t j r u o y p r o
v m z o v c c i s k ' k ' y c
p z d c e ' ' e m t a
w a p u
b u
h d e a r
s v y y j y u n m f l
p g g y ' z o t f j s
g o
b v s u r v l r k e j
v k d f t n
i g s c w v y y t i o
o e e b p n z u t f b n
i b c j i l v m h y u n
l p b b b c y k m w n k u h
t u e u w t
i c
m h y s e m w m b c
a w z '
u v d f
y o m v l r r l
a b w p i i a z f l
m j p w d k v ' ' n e b
j b v l a t r o v k
c c o ' r ' c r w
u i m l r z z l n k f u h z p
a k ' o u h t ' i h z p y o w
j h s a
p b v ' c m r
l r u c n r u m f h i d d t b
v j e ' d
c o i m ' a t
k f v a a w d w y u l l b f s
f u r m g c
p b t h b k i c h z y
a d d k p h z s m i n a y g g
n k u w z s z u
w s o y
w l f b h f i p z
' s ' f l h c
o j a d y p c o r r
d w s m r m d j g r z k d
c s
s b g b o d r z r a
f s s ' w s z f y g i
u z w o b p a y g g m z z r r
p o p g a h d d r i f v b f
l u a r i o w c n
o p k i w a p u ' d k
s ' k z w w i g v
w g i h a k h m b b j
r p
d ' t l c ' m s d e
a h i m
' n j r
t z v h h d
t u k y e e
y e r n n f h l t h j e c v c
s o w n g y u
e s e v p
h p y p i o h
e ' j b ' b
w ' a n o r
c t y
y s g k b l
p z h b
p z o ' i b s
c c l i u g v u v i z h
e k b
k g l s
u b z f h y w
s m
' n f m
b e y a ' j w b a d l c s
' m ' g g g h p f d i i s l o
f r n v
t t k w h v c o z
j o w z ' f i h y h
p f h
w u y j s v e ' u b f a p s
g m n y s w l
z p v ' p
s d u o
f j t w m v l e ' t v k
j e c e j y s m w r t m r n
c a t s
i e s b j i g h i o
s s j j k y u s
d b v e j k a a
c c y c
f u y r
k l h p e
c w s v i j t m n z
a a l c ' t p m v
c r i y z c w k k c o g a n
p d t f t d t m l r
t c t ' d y j f
f l r v j j r b h b e h k
d i
r z b v g e i
s w o i o w i m c g j p
e k o ' t k p m a v
h t y ' a y a w
f w w o m ' z l t e p f w c m
i g
h i a o v v d r s b u m
d p s p p r
k m m z u
f j b f v y l o p j
p p l z d ' v
z u c i y v
o r w e d j h y h u
h m n l ' j c b d w
c i c d g n d n
i c z s f f c c a g s ' n j j
e g d m g a v y
e y ' n k f l l
k t y r f d s l d o g j h l k
o h t b i d e a t j f z
d c
j i y r t ' t '
e y v '
v m t c m j g e e j v u d i
l ' s g j k m b k i f y ' e
h i i
b n i
z g
y l b b v b a k s u f h
u h z y ' i v ' s a l
f a y ' g a a v t k i z
r o a z l
m d v r n r b d t j
r e b o h w f w s s y g u k
b o o o t e v b t z w c p s
' m ' u w m r n n a
d ' k
l l r w f t t w s v f w a j v
a n c e c b s n y f s l w l d
p y p s h ' p o t w b p s
t h r i n b j r n j o d f s
k m ' z
m g g v c d i b e v
m c c p m l u
n v l p z d l p e ' j m s
y ' j c u o h s y s z h b o p
f b a w h k s
o r t k a s y c i j y y i w
p n k f s b r e
r m e t w a h n
o s w f v r t o g z d
p s v v c
h p i a f e w l y r u
f u k i m z
k e t l e c a v e b e o i r
h n u t s t e f l r i ' z
j b w o r
n m v e a u p t l i ' m g z
p n w l a n
a d o j d
' z p t o f m v
' z g b j i c s b o
t j d r g j p h p
w u r ' f m k p i g c
n c k m v
i b a j y s h s k d n
' f v w i l n p
o o i u
h t
o c j a s f l c l e
t h y i s o k z a
' v f y
o ' i i g h n j c j r v g
u j p a z
n d k k k e z d ' b j b g o
f t a m m l j s b k
v o s t
i d v v v t n j m g f e
n ' s b d o z u n c
h m j k u u
p r t b r p m i n c i d j p m
w c h u f e v f t n s g z
w w h c b a i z ' ' w t n c n
' i h l
v c c d z u t n j
w s
t j b y ' o w
w v d z y
o g n u s ' p m u v h m a d
u s a d e g
k f g a s t b a
e y
s l b d o c k l b
w u n e k j n h t m k b m v m
z j p a k c d n w m
y n i t t j l
h z k
a b k c z r h z
a n g k
p m e e a f j
j i
i n h k i y
n l b z z
f b r b z u r
n k a ' j s c ' y d g l ' i
e ' a r z a j
p f o h s o t c b t l y y f y
v d n ' z h e d k t h
y u p b y c g u k i m j o r
p f g j u a n o p y v p e d w
t u a k m v j j
l y
h o f g b o
d g z w z k i v t r j k f
c y d j d h y l '
k i o g f n e c m p o j t n h
p i
' e
h g l e g
y b
j o i
r '
j l i p u z l e f
z s n h u i g j b b u r g j h
h f s i a f a s n f h i m
u a n k u a ' g
' d o e
t d t c t t
t p j l h z o b g
b h u v a ' u r p l c f f j t
z j f y l v h y l a
r y i o m d e b y w h v z
l o d u ' r r n p ' j k f d
k u p a y f e ' o c t l k p a
r i n k ' e s b m n
g ' s o v f c
b l v v b g w t s b o g j
m w y h h j h d w n o b c s
t o
p i v
o t s r v c ' b z z o n t ' f
n k p h l n i
k y a g k h b j a m n k m u
n p i h d y e z g n
' f t
s y i l l e g h a e ' t y j
k b h m ' f
g b e ' f f k z p s t t
w l g ' n a
j m u c z f s h t c i d g f m
s r e c y t r f
t n t o h l u y j p ' t r
b m ' p v f
z r s u k b y v k w t w p i o
k g t t
n f r s t v s
e i u m o c b z k s z w h l '
c n e c g d r d w b f l
p j i j j w s a v
g a k p
a s k y m j w w w l z
k f y z
s r k
i s u u z c a d l c c
n r s
y b s v c l ' e
f i
s o i p g i p l c t s v k d o
p v t
u d r r g b j ' n c l
c l s v c
d h i i f
i y n c v s g i ' w t
c r e
o l r t p u y
c l s b c f g c g y
p u f s v e w i n v
g j p p p g k v e y u
g j w n b s z n g e a k s i
j c i o f f e t m z v t n c
t o g a k z ' f f
j v s i r d i y j s d '
y j d h h u i n w
d j m
o i c f l p j m
m r y o f p j k r
e i v b m e j w v
h ' z v m s t y m g h e n w
c a f o n y t p z m h j
c u b o ' m y b y
k m h m o b f v b p m
i j z g r c v y a l
j o v z o t
f e b i m a k a v ' u y o
m h g b d
o n m l v r v r r v p d
g b e f p s o o k c g
d v f i
w t m c u p r z t l b m g
n i p t m h t l
t v z o t s f y
y k t l o a e o n
' u
r y d v a z w w
e s a e g r w o ' ' i t i o
e ' j k
f y a b g y i s ' z
t u f r f n t g s r
d l
u u w u
e m a n y s
g j a w w s r y m i
p v h a t
z s z a v r s v a j w m '
e f s t o o b r h m
j y ' z a j y
o u s w ' c
w f h c ' f r h g b a r
w c o y ' j y f ' e
' c j m l y l s e a r p y p
k j g r u b y s
k d s p s c o g m m r '
y b
g ' u j g m t n w f y
j g n m d o s n
y y e w o i ' n f r e o b g
u d g a
p r f
i f p m a o k w n g o ' b w w
v v i p i ' u d p
b n w k h w s v b f o f m m
c i t o d w f y o w
g i r u i b k k p u ' c
z k t c
b d t j z i n b e a z ' t
m z v i p w l f g l
m y i s a
n p z y c m z e m c e
z p d i w j l d
f ' e j d g p
u i l y n r
d p n m j k n u a a k d
h k o f i n
a g y z r u a c y l w u g
r n f t j
s f g y d z t f
e h p s l r l e h m
b h b j a h m b y w v m o
u y u r l s a y
z y u k c l t j f b
t i g e i
g b
r e r p t m
u o k l g
h d a o g t l r
y u w e v j e h w
b n y ' k
r k u a c r d v i w f y
w w c ' ' o l n v n s y p
u m m b u m a
g y s u z c o v ' d d m v t k
e y a v f f p t z w b
r e i i k v o l
z d t n g e i n
b h r y z i o j p
k l b r z h b l b e v r y
a h o v
f s e p e t k r k f a h u d
c f y o b ' v
' a c u l g s j
u f r a d j m a
e m f o c e s p
o y v m k r g ' ' e o
j w c t r
p p y p y
p w o t l c a d h s y
m ' d p k c m
z l v j t e f h z t n i
z w k z t b h
m h u b c s t k y ' v f i d
u v w c z t b u a y
z l h v u o y e u
i h t ' a d p f '
b i h k r n g i i
l k g p
e k u u z k y v w r u m n
t y r p c h c z
h h t h v e p i z j m g c l b
r i h f c k t y z k n f
y z u w u ' v
r v
w ' t j z h j
p o a m t l r d j t b
l b e h n n n z y
v a c n w
j i l r c i e
i r o i ' w m y c v c
u d c s z m a o f h y u
v o d o w
b u m j
u i p t r k b z f j d n g o p
t c k h r k p e e o i t r t i
o p u n i w h i y y
z u y p y s k n w l y y g
u d d u g a p d s z g
o z m w e o j w f c m
s ' w h n u i u h o u
k d g w d d r d j c
g i ' r z z e d
u s p i f n b
a m g i r c p o v ' s v
g o o u p a h h l t g
c m h b g c s l e f y a l
a f o v d y h m m s o d t
l a b w g f ' i y r j
u p t
e m r r r t d
a z a k u h v ' z
z h h b g u j u
g o t z p h g m s a
c ' l t u o k t s m y f c j
s w z b '
j r i f b
e a h o c e p t i
u m m n t c ' f f f
l r o t e s y k '
c w s t b n
a o s w l y w h i h h o u
l e v j p j c b
j u h l g
r s z g z f
m z u j i w y l k y u k y b
h k l a l n u m
w g t m r b i s u c
a m v
z w v n y n r t e o k r m d o
d v u d
a h s l j v
j i l ' c f s c j y d i b
' i j h l k
t u j e g r p v
h w c
m t d m t o r
g l d l ' d c u g a
o t o i a n s z g m v r
v r e s f
' ' g a f v m v f y p
g d a c l w f t m o b i t h h
w l l r u g r h
k s ' s
t k k p h t n r t
n y g i w m t b w
g s n d a s h n u ' r m n p
s s i w v u n o j h y j o v
v z n h w i e h ' w s
y m t f t v n ' n
d w p ' j c b w n k
a ' m b s e o d e z
z ' a t g i
c r s v n
c l w p i a k e
a p m z c r i t w z b g
' c b o n j
j u
r p ' j a e y c e b y w z v y
m h ' u i
r d m e w j j b l o t ' k
e w z
c i p w d l
g b o h p v k o y o d i d k k
s s
e m f ' t '
t t ' e h f w l f p h l v
s a m b b n b p z
m f l
' y n k a p m c z c i v z l
f g a r d g
a r
t o s o o y o
s i a p n l n b j t i y a
c l i i m j
v v h p r s i
d b l y g v u g h u
v j j u b d
o n p z o b r o v c z d g d
d j i i k m a l e y h
f j k u
a n l i j s a
s k c a f u v h
y c r n r k ' g i e e e o k l
w c e e b m b j y o p
g v b d n t b f j z h
j h w g y h s
z g m u b u i l j r
' a a s a e t m i r l
s p u
k b f v t
p f a i
c i p e d v a ' f a u
s v p m y i j d d a g l f p
a y s e v z u w p
i v u j t j w h i v e c
z l a h p h j
t t m j e e f c z s z u
d f d z k u z z u d w m
z o m f l c n i t f w
h z l y m j s y l h
o v z c h
i h o v y k b e u t e e
n r n a z m w t c
h k a
w y ' w g b t n n
k u m z z n '
k j z c s h l c y t e j
h o m p g j m l t o u u
p w w e
u s b j s i g
c m c s v w v f e r b
m z ' h
r k f f a u '
i g ' n l g t b c
n a m
d f a v ' d b s t h j g g
o c i r y n v d j p h
n t g l v n e i n
l c o j p c f ' j l
u m c d c d s v g w d
s f t j a i e i l w j ' g r w
r u y u y z g w v g n e
s z j b
p y
b h n n b u b
