k o k a t a
k o k a t a
k a t i
k a t a k i
k o f a n d a
k o f a n d a
f a n d i
f a n d a k i
k o s u a
k o s u a
s u i
s u a k i
k o t e l e m a
k o t e l e m a
t e l e m i
t e l e m a k i
k o b o n g i s a
k o b o n g i s a
b o n g i s i
b o n g i s a k i
k o m e l a
k o m e l a
m e l i
m e l a k i
k o s o m b a
k o s o m b a
s o m b i
s o m b a k i
k o m e m a
k o m e m a
m e m i
m e m a k i
k o b a n d a
k o b a n d a
b a n d i
b a n d a k i
k o k a b w a n a
k a k a b w a n a
k a b w a n i
k a b w a n a k i
k o k u f a
k o k u f a
k u f i
k u f a k i
k o l i a
k o l i a
l i i
l i a k i
k o l i n g a
k o l i n g a
l i n g i
l i n g a k i
k o k a n g a
k a k a n g a
k a n g i
k a n g a k i
k o v a n d a
k o v a n d a
v a n d i
v a n d a k i
k o s e k a
k o s e k a
s e k i
s e k a k i
k o t i k a
k o t i k a
t i k i
t i k a k i
k o t u n a
k o t u n a
t u n i
t u n a k i
k o t o n g a
k o t o n g a
t o n g i
t o n g a k i
k o t i n d i k a
k o t i n d i k a
t i n d i k i
t i n d i k a k i
k o b o m a
k o b o m a
b o m i
b o m a k i
k o k e n d e a
k o k e n d e a
k e n d e i
k e n d e a k i
k o s i m b a
k o s i m b a
s i m b i
s i m b a k i
k o y e k o l a
k o y e k o l a
y e k o l i
y e k o l a k i
k o t i n d a
k o t i n d a
t i n d i
t i n d a k i
k o y i b a
k o y i b a
y i b i
y i b a k i
k o y e m b a
k o y e m b a
y e m b i
y e m b a k i
k o p e s a
k o p e s a
p e s i
p e s a k i
k o f u n g o l a
k o f u n g o l a
f u n g o l i
f u n g o l a k i
k o l u m b a
k o l u m b a
l u m b i
l u m b a k i
k o b e n d a
k o b e n d a
b e n d i
b e n d a k i
k o z e l a
k o z e l a
z e l i
z e l a k i
k o t a l a
k o t a l a
t a l i
t a l a k i
k o i n a
k o i n a
i n i
i n a k i
k o l a m b a
k o l a m b a
l a m b i
l a m b a k i
k o p u m b u a
k o p u m b u a
p u m b u i
p u m b u a k i
k o z u w a
k o z u w a
z u w i
z u w a k i
k o y a m b a
k o y a m b a
y a m b i
y a m b a k i
k o y o k a
k o y o k a
y o k i
y o k a k i
a b z e d a u n g
i n d k
t i o k a w u f a i
i a k o l u w a n
e k o a k o i a i b a i
o b e d t o n i
y e m i b e n i
e a k
o l a b k o b
o m b t i k
o k a i
b o m k t e l m t i n a
i k f a n
t i k k
i m b k z u w k
l e m a k a w
o p e
p e s o n g n g o i
k o s a o t e e
o y a
o b o l a m i o k a a
o z o t i y e k l
o n g s
k o s m
k o l e m b k e l e a
o i n
k o t
a n i e s a i
o k a g y i b k o l a i
p e o k l u m
o y o a o m b o f a
d i k b w a a b
o p u b
s e o i n t e
o m a i
o v
y e k a n g d e a i
l i a u w a i n
b o n d a k t e l
k o p
o f a
f a n i
l i a i
t i k k
o y i k i l u
t i k a k a w b w a i
l u m i
b o m k v a n a f a n i
z u y o k k o k t
o m e o l a i
z e l m e m k
o l a m b a
a b k e n e
p u m u l e m o s u
l u m t i n a
k o l m k a n i
k o i a i b t o n
a m b e n a g i s k
s i
a m b i n a i f i
l e m i n d
m b u k a n g k
e a n d a i
l a k o y m
t i k l a m i f a n
o z u o n g
d i k k o z w k o z l
b u i o t o i b i
k o m m g o l
w i l i n a f a n a
i k i k a d e i
g o l k o l a b o m b
k o s k
e n d o k i u n a
y e m b u l a a l
t i n a n i o p u
k o z w m a k o v
w i v a n a m a o l a b
l i n b u o s e a
i s i
i k a
b w o s i b t e l
s e i b a o y o
d e a n g i a t a
u n g l l u m a
i s i w a n
o m a o y a o y e
l u m i v a n a n g
e k o a b o m k
e k o i a k o t a
l a k g i i n g
k o b m m b n g i a
t u n t a k i a k
s a k u f i
e n d i
o t u o f a d
e k o
n g i a n g a
l i i f u n o k o
o i l i i
u n
e n z u
o m e e l e v a o b o g
a m b k e k a
y a m a t i
k a k m b u
e k o i b u
a l b w a i
b u a
i k i s i m y e m a
o s e a d i k o m l
y a m i o y i a
o n o k a g
n g o o y a k a k
k a b
o p e a
k o l m o m b
t a o t a a
u m u n a
t o n i b o m k o t u a
o l a i
i s a i
o y e b i b a i
p e s b o m k o y
i n a a n a i
t i n k o l k
o v a d d e a i
o y a t a f u n
u m b a
a l i f a n a
d a k m a k
o l a o p
g o i m u m b i
e n d
l a m
y i n g e n d a o n g s
g o l i b v a n a
b a k s u i
o b o i s a
k a b a o z e
i k a
k o p m
o v a d o l a b
a l a i
g i s k w a
t u n a n a i o l u b
b w a o p u b
l a
f a k o l a i a m b k
i b i
l e m k d e a o t o g
k a t k
n d i i n g a o y o a
u f i z u w s o m i
i s e m b o z
o l u a t a o f u g
s a k g a
o y o
l i n a t u
m a
m b u k m b i
s i m l i a i
k a n a
b u i a n g
o s o o l u e n d i
o l u b k a b
y a k o m l o k i
a k i
m a o l a
d i g i
k a
e k a b e n g i s k
o y i o t i d
y o s e k o t o z u a
p e s k
e l i m i
a t a e m a e n d i
e n d i t a l k k o y
f u n o
k o l a e n d a l u m
z u w o t u
k o k n
l i a u a k
m e a n a o l u b
k a t k o b
k o i z e k i t o n i
k o p o i u i
o n o t i a
l i n o f u g
e k o i l i n a i a
k a k b o n g a n d
t u n d e a l a m
u n g e l i n d
o b o n g o
k a n a o n g k
o m e a b u a
k o k b
i n k o i a o s e
t o n i n g o
m e m y a m i a n g
a m
g i k o b n s a k
w a n k
o y o v i a z e l
e k o a
e s n i s e k k
k u f k
n g i i y o k e l a
s i m i o f u
k o f m b i
o m i n g y i
k o l m
o p u b k o y k
p e s
k o k f
n g i t e l
o y a m b a i o s i
o s u o l u b
i s a
l i a i a k i a b
a b k o f n
k o l n a n a
o t o
t a k y e m a k o l a
s o m a n i k e n
t a l o t e e
n g i
o p e
a b w e n d a
y i b k
b o n i o t e
k o p m
g i k o m u m
d i k k o k f
i s b a k
t i n a
l e m k a n a i n g a
i b a l i a
o l u b
k o m l
e s i s e k k u w
u n g l p e
p e s o s u
y a m a g o l
a n i o l a b
i b a i n g i a
i k a i
n d i
k o s d e a s o m a
k o t l
k o k f
u f a a n i
b o n i o m a
o t e e i a e m i
o t o
o n g k
z u w l u m a l i n
n g a i k o m l
u n a
k o s a l a m a
l a m i k o k n
k a t
l e m a l
o t a a
w i t a m b a
o y a a l i
o m a i
o s i y e k
k o k f l a m i o t a a
o b o g a n g k a k b
t e k o y m n a
b u a i p e s k
i b a i o k i k o f n
i a o m a i
d e m b a i e m
o i o b e o t o g
k a k i m
o n k a b a
u m d e a i
o l u b g i s k
o t e e i k b u i
k o y k b e n i
b a o t u
g o e l e a u m
u a k v a n i
d a f a n i
k o f i k a i
s o m i o t o g n g i
a n i
o k e
t u b a n a o s i
u n g l b u s o m i
o k a i
f a n a
o t g o l k
o z s u a
o n g k y e m a y e k
k o l m
f u a l a i m e
k o t
o k a a o t e
e k o i u w a i k e n
b w a a k o
b u a g a k
o p e l e a t a
t u
o y o a
g o l k f a n a
w a k
m e m k
f i a n i f a
o s i b
a n i s a i
i s a i o t o u n g l
o n g k
i n g k
s i m s u a i
o b o a k o p s
l a m i a t a b u a
k u f k t i n o k a i
o k a g y e m a
l i a m e
i b a
l u m t o n i
n d e
u a k
k o v n
o y e o
s a k k o k t s u a i
o m p u m u d a a l i
e a k t e l
t a l
d i k k y i b
i n a o y a
d e f a k z u w k
f u n o e m b k n g a i
k o k
k o b k a k b
t o n l i n i
k a n i i m b k
o f a m g o l
s i m i n d i v a
o v a l i a i
k o m b o m k
a n o t o g y a m i
p e s k t i k o v
a k a g
u m b k y o k o s i b
o m b k o m b k
i b i
p e s k t i n o f
i s a i s u i
i s y i b
o m a i b a
u m b
b o n o s e g o l k
s e k k s i
m b a m b i
b a k l a m
i n g y i b k p e s k
l i a i a n g
o y u n g l
e a k n d e o f u
o k a
u f s u a m b
m b a i o l a i
o k t o
k o i o b k o y b
e k o a a m b u m b a
m i l i n a
s i m i o t e e n d i a
s u i u a t i n i
e m a k o k
f u e l e i
s o m i
e k o i
o t i a o n g k g o l
z e l k o k a g
a n d
l a m i f i i s i
b e n a
o t i e s b a n i
o t i d b o m k o y e
n g o i u m b k a n
f a k k a n i a k i
k o k b k o p s
b a
z u o z e a
i b a e s
n d i a
o n z u w k
y i b b o n i
y i a n a i
k o z l i n g
s o m i o k a w
t o n i o b a d
b w k u
n d i a d a f u
y a m i u n g o l
m e m k o l u
o l u w a i
o l a k o k
m b a i
o s o k u a o k o t a
k o p
s i m a i s a i
g i s k s e
o z e
o l i g
u n o t a t a n d a
f u i s i
s i m a
o t i b a k i n a
k o b
y a m i d i
t a l k
i n g k b w o t i
p e s k b a n
a m b s u a t e l
o m a i s o m a
o l i g s a a k
o t u m b
k o k f t u n
p e s k o n g k
o s e e m a i o y o
o l u t i k k k o t
e k o i
i b a i t a l k
n i k a t k n a
l i a i o b a d
y a m a
o k a o k u y a m
o p e a a n i g i s k
m b i e l g i
e l i z e o k u a
f a k l i n a
a n d k e n
b i k o y
n g a i f a e k i
s i m i
o k a w y e m i
b w a i t a l o y a
o b a o n g o v
p u m u o s o b
a t a i i n d k
a l
n d s u o t u u n i
o k u a n e n d i
y o k k s o m i
k u m e l k
u m u f o n g k o m e a
g i s l u m w a n k
o f a
k e
d e a i
o s i a b w l e m k
k o y s u a i y e m
u m b e n z e l k
k e n e
o s u l i
t u z e l k o k t
m e o s o b o
i n g k t e l m i b a
k o b k o b n z e l k
o z u m b
f i k a b b o
i m b k
u m b k o p u b
o m i i n g
o k a i w a k d i
o f a m b u k
s i m a e i i n i
a k i b w a a t o n
i n b w
k o k n a k a o n g
t u n k
e s i n i
e s a i
b o i n g i n d k
o l i g
l i a i u f a
o s e a
t u n k k e n e
l u m o t a o b o
a n b w a z e l o s i
a l i
o l u b s u i
o b a k o l k
o p e a
l u m
o k a w
y e k l b a n i
y o
s u a i k o v p u m u
z u w k l e m
p u m u n d i i
o n g
y e s u p e s k t e l
o y e b e l a i
s a k m e
k u f o k a o t i d
l i n i u m b a
z e a b f a
o m e k o p
y i b v a n
k o l k o p e a
o z u a
l a m a s u i s u i
o l u b
a n d o n g k
t o n a i n a
k o k t
k a t d e a f a k
d e a i o i
k a b e l e
a b k u f k o s u
k o s m i s a
b a n
o l i
o z e k o k n
y e z u w k k o p
l e o i n b o n
u f o l i e n d a
f a
m e m
o z e a
b o k o k n a n a i
b e n y a m a g i
g i i n
i m b k
v a k o y o s e
d i k k n d i s a
o s e a
e m o t o y i b d a
o b o g
k o k u m b a
b o e k a i
l i i
i n g k o y a
s e k k o n
s u i t o n
o y e
n d i a b w a
y i b o y i a
i m
k o k n d e
n g
m e m k
o t a a t o n n d a i
a t
o s o b w o b e
o k u a s u i
o t u l i a i
m e m o p e a
b w a i v a n m b u
f a i n d k k a t k
l a n g a u f
b e n f u
y e k l
k a
o b o g n g i b u a i
o n g o z u o b k a t k
g i s k o f a d
o z u
g a b a
o f u g u m b k
t e i b k o f
k a n i k o p m t o n a
k e n e m a i
b e k o y b
o k a i
g a e m a i
y a m a
o n g s
t e l m k o z w
y a b a o t u a
s u a i
m a k k i
e s i e k o i o p u b
o i o l i g o t o
a b w n s u a
m b i k o l k
e a a l
b w a o k e u m b i
k o k b a b w
o t u a
n i o z u a n g i a
o p e a
k u f k
k o v n
k a n
k i f u
t i
o t o i i
u a k l a m i
t i n o l a b k o i a
k o t k k o l n
s o
l u m a
o t i a k o b o b o a
v a i s a u n o m a i
k o l n b a k
n d y o k k
s a
k e k o m t o n i
p u m u k o t n
i b a o t a
o k e d
e l i o y e o a m b
k u f k
l u m a
e s a
o y i n d a o t a
o k a i k o t k k o v
o t i
n g i a t i k a t a
v a n
p e s
e s i o b o g
k i b w m e
e n d
k o l m o t a n g a i
n d a
m e y a m i
m e m k o f n k o t k
k e n e o s
z e l i m b k
p e s k y e k k o l a
k o l k o y i
a m o l k o v n
i n o b o g
k o l n a l i
m b a o t
k e n
e k o i o s i u w
z e l k s a
o k e n i o n g k
l a m b a i
k e n e e k o o y a b
l a m k u z u w k
o m i v a n i
k e n o k a g
y a m a
m a o m b
t o n
o l a i o s e
l a k b i o v a
o p u b n g a
a n d k o k a w
k o l m
d i k l e
g o o y e o
l i n i k o v n
l i n i
g i t e l m
k o y b
k a n i o v a d
f i k o k
y a m o b e
d i k o t e y i b
o y i
e l e a
l u t u n k
t i n e m a
k o t l
u m b i
n g o a o t i d t i k k
k o k t o p e a
n d o y a b
o m b k
a k i
i m b k o k n a b
m a
o t i b o n
t o n a
o k i n d i
l a u m b
e n d a b a n i
o t a
o v i a b w a a e k a i
k o y m
a k b e n
o t o g n g a
i k a i o y n a k
n g i a b a n
o b k o k t
w a k
u m b i
e l a u m b a u n i
u m b
o t i a
o f u g o b e
d e
o m e m e l u a k
i n i
k o y b a t a i
l a m i o s e a
e k a l u m a y a m a
k o m m e n d i
y e m a
g o l
a k a w
k o y f a a t i
k o m l a m
l u m i k o k t
e s i k o m m
y a m i
m a i b i o m a i
k o y m b o i s a
i n o l a i
s a k i a
k e n l i i
o k z e l k
o m a t o n a s i m
u w i b w a i
o m i o t a k o l
k a n i e l e t a l k
o t e o n g k
y o k t o o v a d
o y o t e o y e
t o n
p u m d a a n i t e l
o t o g
z u w a b o b o
u w i
v a n i m e m n a
o m e y e m a
b o n k a n
k o v u m b
y e k l u m b k
b a n a m e l k
t o n i b u
o y o k o k n i n
m b u
b i k o l n
m a o s e a o b a
s u l i n o z u o p e a
n d k o y b
i k a
o s e
s a o t o g
e n d k o l a b
k o z n d i i
m b u k
o s w a z e l b a n
l a k k o f n v a n a
o n n d u n g o
p u
v a n i
t i n i
o m u m b a
o f u f i k o p
m b a
e l a i
i b i a n d
o t i d y i b k
l a k k o t k o k a g
u w a i
i n a s u a i
k o y m g o k a t
t i n b u i
i m b
e k o v m b u k o f u
b a n s e
e k o i o s e k o
i k n g a
n g o i
y i b k
k o t t i n i a b
s u a
a k a w n d a i
n g i n a i
e l u w a
p u m u s u
a n g k
o t i a k u o s e
b o n i
k e n
b u i d e i k a b
k o y k n g m b a
e i o s o d i k k
o t u i s i
k o z l
y o k
s a k o n g e i
l e m k o s e
s o m p e s
k o z w l u m a
i n a i o p n g o a
t u n u n a i
k o k b
o z u m e
d e o p u f u
o z u a
a n o l i a m e n d a
o l k a k o z l
o m b k o l a i
o n u m e a k b u a i
o i o m a p u m
a k a w
t o w i k o f
o n o t i d
u f a i i n a i
k o b m o f u g
k u f
w a m e m
e n d y i o k
k o t n y e
e n d o y e o
u m b k k o l m
m i f i b o m
e l e i l i n a
k o m m
k o p m
k u u m b i
y e m a s e k k
k o l f u n o
f u n o o b o a
y e o l a
o m a u n a l i n
k o z t u n k o v n
k o b e n p u m u
l u m a
t o n a o k e
u w a o y e o
s o m a k a n i
y a m
k o k n
e n d a b u a
o t a
z u w a t a
l i a i e l e a
o s i o b e k o k b
f a k o y k w a n
o k u a k a k u f a i
n g a e k a
d a k k a
o f u o b o g
k o k n w a f u n
o f a a t o b o g
a t a i
l a m i
y a m a e k o
k o z w g o l k
t a k t i
k o l w a y e k
a l a i o v
y e m
u m b a o t o g
a k a g o s o a n d k
o s u k a t
b e n o f u v a n a
k a t k f u n
k a n a b a n i t e l m
a k a y e m i
n d i i
k e l e m k
b u a i
b o m y e m a
k o k o l m
o m a i e m b k
e s i
k o m o p e a
e a k n g o i o v a
d e a m b a i k u n g l
s u a i
y a m i o t a
b e n i u n o n g k
o s
e k a n g i
k a t o k i a k a w
y e m a n g a n g
b u a i
b o m i s i k o k
k o i a k o t
t a l k
k o t o t i d
o p u b u a i e m
y e m o m e a o m b k
o f u g
k o s m k o k
d i k k u f k o v
u w i i b
o k e d
a n i w a n y e f i
y e m i e l e
o t i p e s
e k o e s i
e n d a
o b o k o y
o p e a v a n i
k o b n
p u o s o b
o f a k o t k
k o m l a b
o f u
o y a o b u f o l
k a b a
y e m
o n g k k o s a
k u l a p u m
o l a i n g o
e i e l i
l e m k
k o z w a n d k
o k a w y a i a
t i n z u w k
n d i o m a k o v
i k i a k i a n i
a n a a k a
o y e o n g o a
k a t k o f g i s k
o p e u w a l u m i
a k a w
e m b k
n g i s o m
f i u w u n a i
o t a e k o a
s u i
s o m a a m b
n d a i
t o n a n g
k o k f s u i
e m b g a k
y e l i i o t e e
e l a g i y e k o v
d i k
k o v o f u g b w a
l i o t i a
t u n k o t i d
u w i k o p m t i k
a t i i k a i
v a n n i l i i
u m b k a t a o m i
b a n k o p s
k a k b
l i a n d a
n g a i y a m
z u o t u
d i k
o m b
a l t u n
l a k l i n a
e k a i o y e b
d i k k
e m b
a n g k
l u m b a n i s o m a
k u k o p s
k o p m k o z w
y a m i
t u n
b a k a n d k u f a i
e m a n g o
u n s u n g i i k o s
a n g o b a o m e a
k o k b
k o f
e l a e m a
y a m a m b u k
f a d e a
e n d k
k o m l i n d k
o k i y a p u m
o i a k i
k a t
l a m m e m k
k o k n o y e b k o y m
n g o i o k i
i s g i s k
y a m i e s a p e s k
t a l k v a n t i
m e l i n d k
m b a i u n a i
k a t k
n g
o l u u m b k
u m b m e m
i n i m b u
a n a o i n
k o y t o o p e
m b a i p u m
k o l m
e l a
s e k
i a n g i a t a l k
k o y l e m
m e l k a k
v a o k i
o k u a
l u k o m m k u f
v a k o t k k i
t o k o z e k v a n a
o s e u a k k e n
n a n d i a n a
m i d e o s o
m b a k o k t i n i
k a k n k a k b
a n g k l u m a k o p m
m b a s e k k
k o k n
d a k o k b
s u a i
u i l i s u a y e k
a m b
b e n f u o l a i
g a t i a b w b u i
d e a
b u y a m i o k a a
y i k o t k
k o k t
m b u
o b a d e n d k
e k o i e n y e m
v a n a n d e k e m i
k a b n g i a
k a n t o n a
e k o a
t a l u n a i
v a n i o p e a
g o o f a
m b a k a n i
i n g s e k k o v a d
m b i k o l k
k o l m e m b k
k a n i
t o n i l e m s i m
o k u a o s u
d e e n d a v a
o y k o k b
y e m a
k o b v a n
b e f u a k a w
k a n a m b a
o b o a o s o b
e l o m b k
s o m y a m a
t a e m a
z e l g a
u f a i o t u a
w i
e l a
a n a i k o s a
k o b i k i
o m e a
b e n i t i n
o y a
i m k u f b o m k
g o l o m b k k u
z e o k e d
o s u e m b n d i a
u n a o s i
e m a i
o s o b o n k u f
l e m k o t a n g a i
k a n a t i k k
b e n a k a t o k a i
a l
t o n l i i d i u n i
n d e k
k u f
k o t n t o n m b u
y e k l l i n a
k a t k n d e k
o l u b e l i
u n g o n g e s a i
o t u a f a k
a m b k
w a n k
o l a k o y o f u
u m b k
i b a i
t a k w a k
g i s k p e s k k a k b
i n g k o n g s
t u n k a l a l a m a
s o y a m
o b e d w i i m
m b u k k o a l i
a t a i k o p m
o t o o k a a
o m a i v a n i k o l a
y e
g a k
v a n k o s m w a
u a k o t o g v a n a
m b u m b a k o b
o t e e a b w n g i i
l a
o k a w o p u b
i b k o b m k o y m
k o m m
s a o b e d
o f u g k u f k
f u b e n i n i z e l
l u f u n m b i
k a t k t u n k
m e m k
o k a g t e l b e n a
y a m i o b o l a m
i s a i
y i b k d a e s a
o z e
o t a v a
a n d k
t i
y o k k w a o s i b
o m e y i b k
o f e m a i
a n o p u b
o y o n g i i
b e n a p u m u
b e o k a w b o n i
k o f
u f a i
o k a a v a d i k k
v a n n a k l u m
o t u
o i n e s y a m a
a n d i k a i
i i k o t k y a
b e n a k o k b
t o n p u m o z e a
o t a a
o s i b n d a i
b o m o k o f
o l u b l e
o z u e s a o v
m b u k
k a n a i m b k
o k a o s o t e e
y a l e m k o p e
b o n i
e l a
i s a i
l u a t a i k o k t
o f u g e m i
n g o o m e a
k o f n k o v n y e k
a t a a n a i
i n d o k a a
a b w n f a
o m e a
i b i k
y i b a k a
k o t n v a n a
a b w s i m a
k o b k u i s a
s o m i
e l
m a k k o p m
s o
t a l k
e l i i m o s i b
n g i i
i n a
p e s
l a e m t u n o f u g
b u e m
u n g l o z e a
a k a w b a n a
m e l k
t o n a
n g o b w a e l b u a i
o m a i y a m a k u
k o t n
i k u f s a k
g o l e n d a
i n a l a m a
u a k a b a l
k o k t
o t i
w a n k s o m a
l i a i
l u m i
i m n a k n d e k
u w a
t e l m u w i
o z e a a n g k
o s e a e m
l u m a l a m a
t u k o z l
s o s o o s t o i k
o v a d o y e f i
u f o t
m e u f a i e k i
t u n k u n g
k o
s u y e m m b u k o b m
e l e a o y o m a i
e n d
o k u a i k a
i b a i s a k o s e
t o n i
z u e n d a y o k k
u n a t a k o k b
l i a i y a u a w a
k o l m o f a d
b w a o l i k o b n
b w a i m b k
o b e d
t i k k l e m
a m b
n d e y e m i
i n d k l i i
o k u e m b f u n
a m o b e
o k a o l a m b a
k a s a
m e l k k a
t i k k o t
o l a i i m b k
m b a i
k a t k o y a b
k o y k y e
u m k o t k
y a m o m g o l k
u w a f a n a
o t a a k o m o i
o m i t u n
e m a i o m i o t i
o l y i b k
m b a y e m i b w a
b w a i m e
e m l a m
o n o m o z e a
u i k o y b
n g a i
e k o a t i n
u f a y a m i
d i k k
o f m b u k k a k b
f a i b i w a
b u a i s u o l a i
o s o b
k a b a
k o l m
n g a i i k a a m b k
k o k b o k a i k o k t
o l a i i b a i
k o v n
k o v n v a
o k a
o b o s o
w a y i b k m b a
t a l k
u w
i a k a
o y e o g o l k
t e l m k o s
f a n i
l i a i e l a o f
n d e k o i
e m a i y a m i
s a g i s k t u n
n d u a k k o i
a k a w e s o i n
a b w k o w a n
b e e k o a
o y e b b a k
u f a
n g o a
w a k o k t n a k
y a k o v n n g o i
o y u m b i
b w a i y e m i n d
o b o a a l a
s o m n g o a
u m b a n g i i f u n o
t o n a y i b k e k i
b u i b i
k a n a p u m u
i s a i e a b o n
k o z l a b w n
z e l
b o n i
i n d k e n
t i n t a l k
k a k n t a l k
p e s k
a n g k
o y a n d e l i
u n g l e k o i
k u f k o z l
u n g b u t o a n a i
o s u
o l a l e m k
b a k
b u i o n g k
o s i
k o b n b w a i
k o z o k a a
o t o g k a b k o k t
m e l l u m i
i b a a m b k
e s o y o a
o z e e n d a
k e n e s u a
o v a d
k o y m
s u a
k a n i
y i b o k a a
k o k t b a k
u f a o p a m b k
p u m y a m i
o b a
d e a g i
y e m
k o b m n d i a
e l e a e k o
e k k o v n o m a i
y a k o m l
o k u a
o t i
o b o g i s a
o b o i n g
e l i a m o y i a
o y a b b w a
m e m
d i k o k n
o b e d b a n i
e m b k
m b u m b a i
k o y b
m b a
u a k o f t i k k
o t u s e k k
k a k b o p e a k o v
o l u o m a i
s o b o k o s
t i n i m a k
k o l n u m b a
k o m l o i n
l a k
f a n i
u m b a s o
o l i o b o g m e
y i y e u w a i
e l e s i e m b
k o l
k o k f p u o s i b
b a n o s i u w i
s u a i n g k
a t a o m b k
o t u a o y e g o
l i a i
o z e a o t o
w a n k
o z u a
o k u e m b i n a i
e l a i o y a
o t u a e n d i
e k a
o t
k o m m b i
k o z a n
p e s k u w a
l u m a
u m u w a
o p e o y a b e k i
k o t l
y a m i
o y i a
y a m o k a w o s i
y e
k o s o p e k o v n
o m i
i k i n d
t a s o m i
t u n i i i k a i
m b a i
l a m o k a a t e l m
o k u a b w n
p e s k f u n
y a b i f a e s
o t e o z u
s e k o n
b u a o s
b w a i o y o k o y b
y e k o z u t u n
d e a b a k
k a
k o l m m e
o y o a i s i o s e
u n g l k o l n
k o s m y e m i
y o k k
o t i d
k a o p u b
t i n i o s e a
n d a i a l
k o t l
n i s i m i
k o i y i b o n g k
o k i
k o p s n g o a s o m a
i m b k a t a i
o s u k o k e m a
i a e n d i
o k a a
k o b n
o t o g m b a i n d
o k a g d i k
i k a o s e a
t o n i m e l o m e a
b i o m a o y o
i s i
g a k n d i a u n a
l u m a k o v
i n g k
z e l o z u
p u m u
o b a d
t i n a o t a u f a i
n a y o k k i m
o y e b w i o m a
s i m
n d i o m a i d e a i
e m b w a
o v
u n g
w a n k a l i
k o b m k o i t a l k
o y e o
y e u m b i
k o t k
o k i b a k
s i o t a
b a k v a n a o l a
m b a o z u
f u n y e l i i
n d i i a l a
o l i o z o k a g
o l i g
o t u a a t s i m i
o l i o i n z e l
k o z w
o p u i n g y e k l
o b e n d i i o l
o k u k o y m k i
u n g b i w a n k
o y a o z i m
f a n i m b k o p
a l a n a u m o m i
k o k f s i m a
b a n i u f a k o s
a n i
l i a i u n a t
s i m i y a s a
u f a o f u
k o b
s u i e n d a
m a b a n
u w a w a k d e
o l i g o i n n g o
e l a i n d i i
a n g o t y o k p u
f a o n g s
o t i s o
e l a i
m b u k
i a t i n i
k o m l i n d k e m b
i k a e l o m e k i
z u k u
o y o z e
k o y b a m b
o k a g b u a k o i
e k i i m b
b o n i k o k f u w i
n g i a
d i k
k i a n g k
k a k n i m b o v a d
a t i o i t o n
s e
b u a i
o z e a
o n g k v a n i
b u v a n a k a g
o f a d b e n a
o l a
s a
m b u k
l a k
o m a i i b a
k o i
k o t u n
o m e a g a
u n i y i b k
o i n b e n
s e d e i b o n
k o m m o m e
z e o l a b
d i k l i n
k e n e d i
u m k i k o m l
b u l a m
v a n l a m a k o b n
u f a i i s i
e l i
a k a n d a i
i k i o p e a
u m f i l e m o k u a
k o y
i k i
l e m k o k a o m e
b o m k
a n g a k i
n d a i e n d k
e s i o k e
o t o k e o f u g
k a b
o t
b u k o b
l i i n g o
l u m
u f a w i n g i i
o t u a
i a t o n a
z e i i e l e a
a k a k o p w a k
k a t y e k a k i
k o b b u i
u w i s o m l u m a
i a k y a m f u n o
e k z e l k b e n a
o l i g k o l m
o b o g
n d i a e n d a
n d a i s i
a n d k o b o a
b u i s o m s i
u i y i b k
o s i b o y o k a k
t i n i g i s k y i b k
k o y o m i
f u o s o b k u
e l i o t e
a t a s u i
k i k o k f
t i n i o n g k
u m b i g i s k o l a b
m i p e s
i n i o k a e l e a
y o e k o
o y o a s i i i s o m i
e l e i m e m k k o l a
t o n a k o k t
i n g k u m b i
o k i n d a
k o k
e m a
b e n a b w o m e a
o m b o s i m i
k o i e l a n g o a
e m a f u n
k o z l w a n e k o
a k i l e m
u a o y i t a k i n g k
l i a i t i k a t a
t o n i
u n i g o l i n g
k o p s n d e
v a n k o b m
e k a o n g o f a
g o y e k l o t u a
e k a i
l a k
k e
b e n a k o k b
b u a i u w a i
t o n p u k a n
y i b k
o l i g e k o a t
s o m i k
u i l e m k
k i o y a b o m k
m b u k b a n i
n g a a n g
k o i a
d a m e m e m a i
k o s k u w i
s i m i
o t a m b u
f a n i o k a o f u g
n d e k
m b u k
a t o b e n a k
t a l k i b a i
e k o a
p u m u
o b o g
k a k b v a n
i k i t i n i o y
o b e d f a
b o n i o p u b
o t i a
w a n k a n i i k a
u n g l
u n g l s a k f a n i
k o y k o b o
a t a k u o y e b
a m k a k b
m b a i
t o n a
e a k y i b k
o v a
l a m a e s i e l i
e l e k o m m e n d a
y e m b u a v a n
y o a b w
o t b w a k o t l
k u f k v a
z e l k e l e
o f u g a n n d i
i s i o t k o k b
k o v n o v a d
k a b
e m m b
m i
o k a a o f a
o m b u w
o z u a e m b k
o y i n i y i b k
o z u k o s k
u n i k o i i b a
l a m a
f a n a
u n g b o b w a
u f i i n a i
i n i a t k o m l
n a m b a i
o p o y a b
n d n g o a u m b k
e m a i s e k a t
a b w n
d e i m b u m b a
e k a i
n d i u n a i l i n i
l u m i p u o p u b
k e y e k
a n i f u n a b
l a m
t a k b w a i
i m b k u y i b
u n g e a k l u m i
k o z
m b u k e i u n a i
a k i
k o f o y e k o l k
k o i m e l o b e d
k o s m k o p s
i s s e k e s
s a g o l k n a k o t l
z e l k g a k
t a l
k o b n k o z l o k u
n g i i n d b a n a
i m g i
d a k k o l a s u i
o l u b
v a n i y a m i
o z e l u m i
a t i o k a i
s i m a o b a
k o y m k a k o y o a
a n g n a
u n i e s u m o t e
b u a
e m b k
e k o a k a t k
i n g k
p e s k
e n d a d i b e n a
o t i a l u
o s o b
o t o g b a n
l i a i i a k
z e l k y e
t o n a k o z l k o i
l a m
k o f n l i n a k o p
o b n d i o l i g
z e l t e l m
o t i d l a k
i s k o t k
a t i o y e o
o i n k o b
g o l k m b a
u f a
v a o y o u w a
b o n a t i
o y o a o l a b
b u k o l n a k
k a n a k a n a
t u n a b i k i
m e m s i m i o t a a
a t a l k o b
l a m a k e l i o y
n d a
a k a o n g
l i a y o k
k o t n u m b a
o y i a a n
u f a
s a k u m
a m
n g o a k o b
m e l k k o k b
l a u n i e l e a
o y i
k o s a n g p u m u
m b o l a b
y e
a m b u n i o v a
o y a a t i
l a i b a l i l a k
i s i k o v a n i
i s a i
o b o k e b o
o t u t a e n d i
o l i e k a m e l k
e k o i
y i b k b o m
a n a i b w a i
e n d a m o v a d
e i b a n a
k o l m k i
p e k o k f
g o l o f a l a
t a k e m a i y o k
o y e o z e l
u m b a s u
o l i y i b
p u m b o
k o p s k o t
n g a k o p m
i b i u m b a b e
b o n e k a k t o n a
o k i
o t e
e n d
y i
t o n a
s i m i o z u a
b o n i
o n g s s u a i
o m a i n a
y a m a
k o s m
f a k o p s
b o n i k o f
p e b e n
o m i z e l k
e a e l a
k o l k p u m u
b u a b e
n d a i
u a k
k o i a o i n
p e s
m a k p e n g a
k o k t
l i a i o p u b
a m m b u k
k e n o k i y o k k
n d i a o t i d
o y o a o k a a
s e k o b n
b a n i o f a d
u m b a v a n i a n g
t i k k n a k
n d i a e n d k
o l a i k o f
k o i
u n a i a n d k
o m i m e m k o p e
e s a i t o n
k o k b
n g i l u m a t o
k o m m
u n w a k k o l k
o v a
i n g
k o k t l a
o f k o l a
k o l k
o s e a w i n g a i
k o k b
e k a i
s o m u w a
i s a b i
l u
y o k k o y b
o y e o
w i n g a t i k k
s i m a
a b w n b w u i
k o k e k o i
y a k o k b
k o k b o k u k o y b
w a n y i b k k o y k
o p u t i n i
o y o g a k t e l
t i n a
o t u b u f u n o
i k k e d i k o b o
z u
o k o s e n d e k
b u i t e l y e k
o z u o k u
k o s k o b n a n a i
e a k u w a i
p u k o i o p e a
u w a i k o p s
z u w k o i t o
s o m u m
i b a o m e
y a m i o s o b
k a n a t i n a b w n
y e o m e a
k o t b i
u m b a
y a m i t e o b o
i m i a k o t o g
y a m i m b u k
k o s e k o a
a t a i e l
u w a i s k a n i
a k i b a
o k a i
o b e e m a i
e m k e n
v a n a
e k s e k k
t o b u a
s i n d a e l i
o k a g
o y e o g o k u f k
u f o t a a
d e a b w a i
n g a i k o i
o y e b
k o p s v a n i
m b i b e n a
l e
o y e o o k a g
a t a i k o t n i a k
o m k o b n
k u
o n g k n d i
l i a
t o n a o s i b
i a k o l a
o y e o b e n u m b
n d i a s o m a
n g i i u m b f u n o
g i s k f u n
s e
o y a
o n o y e o
a l a k a t i s i
l i a
u n n d i a
m b i g a k o m i
o s u
t a k k o m m
i n i y e m k o t n
d e a k o s a
o v m e z u
a m b k w a
e s a
e s o k e d
b e n a
u m b a y i u n g l
w a n k o f a d
i i k o v o z
l a m a a b w w a n k
u n a i
k o m l
b w a i t i k
a m e n
t i n i
s i m i i n d k
k o m m b o n o s e
s i m s a k o z e
u n g l
k o z w n g i b u i
f u n o v a n
o b e d o s u
u f i f u n
u i a l k o p m
o p u o k e u w a
i n d k o k a i
b e n u m b a w a
l u m i o v
a m s a e l a
i s a i i
l a m o p u b
b i
b u o l a b
e m a
o l i g f a b w a a
t e l e s a y i b
w a n
o b o g g i s
b o n k a t
l e s a b e n a
z u w a n i
k o i
o y a
o t a a u w e n d a
i s a i l u k o s a
o k a w o t o g
k u o l i k o i a
o b o a k a k n
u f n a k
p u m u o z u a
u w a i
e i
a k o k k o b a m b
y i b
k a n a
e m b k m b i t i k k
n d i
k o k b n g i i
i n d
e n t i k l a m a
d i k
n i b o n t o n i
a b w n m e m
o t a e l e z e l
e l i
v a n i y a m i
o y e k o b n s i m a
l a m o m i d e i
l i a i o p u o l i g
u f i
o l i n d b o m k
i b b u i m b u k
o l o t a a
d e s i m e m i t i k
k o t l
f a n a a m b
a t a u n g l u i
f u e m i l a m i
i s a i n i
k o l a o z
k o f g i s m b u
g a k
a t a i
a b
e k o i
b a n t u n
o s e a k o z l e l e a
d i k e n d k o b o g
d a i n d k
m e l l a m
v a n i
i n a i o s o b
o t e e
o s i
t i k k
o m i o t e b e
b a n a i s a e s a
k o s
m e l k
t i n a b o a k a
o b o g k a b a k o t
a k o s o u w i m e l
a k k a b a
z e
w a n k n i
t i k k
o k a i
w a k
l e m k o z e a
y a m i z u w k
w a o y a
a l a
o p l i i k i m a
k o l n v a
a n e m o k a g d e
k o s m o k u a
o t e e w a b e n a
l e u a k s e
k o p s
e k a
n d i a b a k i n a
o t a a
u i u m b l e k o
k o t n
o l d e i
k u f k o s m b e n i
e s i e n d i
b u a i o f u
n g i a
b w a i o t u a
