n n d u m e e
n n a _ n n d u m e e
a d u m
n n a _ a d u m
r e n n d u m
n n a _ r e n n d u m
r e d u m
n n a _ r e d u m
b ɛ d u m
r e n n d u m
n n d u m
a n n d u m
d u m
d u m e e
m m a _ n n d u m
d u m
n n k ɔ d u m
a m m b ɛ d u m
a m m k ɔ d u m
d u m
m m b ɛ d u m e e
n n k ɔ d u m e e
n n a _ m m b ɛ d u m e e
n n a _ n n k ɔ d u m e e
a b ɛ d u m
a k ɔ d u m
n n a _ a b ɛ d u m
n n a _ a k ɔ d u m
r e m m b ɛ d u m
r e n n k ɔ d u m
n n a _ r e m m b ɛ d u m
n n a _ r e n n k ɔ d u m
r e b ɛ d u m
r e k ɔ d u m
n n a _ r e b ɛ d u m
n n a _ r e k ɔ d u m
k ɔ d u m
b ɛ d u m e e
k ɔ d u m e e
m m a _ n n d u m
n d u m
m m b ɔ _ n s a m u e e
n n a _ m m b ɔ _ n s a m u e e
a b ɔ _ n s a m u
n n a _ a b ɔ _ n s a m u
r e m m b ɔ _ n s a m u
n n a _ r e m m b ɔ _ n s a m u
r e b ɔ _ n s a m u
n n a _ r e b ɔ _ n s a m u
b ɛ b ɔ _ n s a m u
r e m m b ɔ _ n s a m u
m m b ɔ _ n s a m u
a m m b ɔ _ n s a m u
b ɔ _ n s a m u
b ɔ _ n s a m u e e
m m a _ m m b ɔ _ n s a m u
b ɔ _ n s a m u
n n k ɔ b ɔ _ n s a m u
a m m b ɛ b ɔ _ n s a m u
a m m k ɔ b ɔ _ n s a m u
b ɔ _ n s a m u
m m b ɛ b ɔ _ n s a m u e e
n n k ɔ b ɔ _ n s a m u e e
n n a _ m m b ɛ b ɔ _ n s a m u e e
n n a _ n n k ɔ b ɔ _ n s a m u e e
a b ɛ b ɔ _ n s a m u
a k ɔ b ɔ _ n s a m u
n n a _ a b ɛ b ɔ _ n s a m u
n n a _ a k ɔ b ɔ _ n s a m u
r e m m b ɛ b ɔ _ n s a m u
r e n n k ɔ b ɔ _ n s a m u
n n a _ r e m m b ɛ b ɔ _ n s a m u
n n a _ r e n n k ɔ b ɔ _ n s a m u
r e b ɛ b ɔ _ n s a m u
r e k ɔ b ɔ _ n s a m u
n n a _ r e b ɛ b ɔ _ n s a m u
n n a _ r e k ɔ b ɔ _ n s a m u
k ɔ b ɔ _ n s a m u
b ɛ b ɔ _ n s a m u e e
k ɔ b ɔ _ n s a m u e e
m m a _ m m b ɔ _ n s a m u
m b ɔ _ n s a m u
n n k ɔ e e
n n a _ n n k ɔ e e
a k ɔ
n n a _ a k ɔ
r e n n k ɔ
n n a _ r e n n k ɔ
r e k ɔ
n n a _ r e k ɔ
b ɛ k ɔ
r e n n k ɔ
n n k ɔ
a n n k ɔ
k ɔ
k ɔ e e
m m a _ n n k ɔ
k ɔ
n n k ɔ k ɔ
a m m b ɛ k ɔ
a m m k ɔ k ɔ
k ɔ
m m b ɛ k ɔ e e
n n k ɔ k ɔ e e
n n a _ m m b ɛ k ɔ e e
n n a _ n n k ɔ k ɔ e e
a b ɛ k ɔ
a k ɔ k ɔ
n n a _ a b ɛ k ɔ
n n a _ a k ɔ k ɔ
r e m m b ɛ k ɔ
r e n n k ɔ k ɔ
n n a _ r e m m b ɛ k ɔ
n n a _ r e n n k ɔ k ɔ
r e b ɛ k ɔ
r e k ɔ k ɔ
n n a _ r e b ɛ k ɔ
n n a _ r e k ɔ k ɔ
k ɔ k ɔ
b ɛ k ɔ e e
k ɔ k ɔ e e
m m a _ n n k ɔ
n k ɔ
n n s o _ d a e e
n n a _ n n s o _ d a e e
a s o _ d a e
n n a _ a s o _ d a e
r e n n s o _ d a e
n n a _ r e n n s o _ d a e
r e s o _ d a e
n n a _ r e s o _ d a e
b ɛ s o _ d a e
r e n n s o _ d a e
n n s o _ d a e
a n n s o _ d a e
s o _ d a e
s o _ d a e e
m m a _ n n s o _ d a e
s o _ d a e
n n k ɔ s o _ d a e
a m m b ɛ s o _ d a e
a m m k ɔ s o _ d a e
s o _ d a e
m m b ɛ s o _ d a e e
n n k ɔ s o _ d a e e
n n a _ m m b ɛ s o _ d a e e
n n a _ n n k ɔ s o _ d a e e
a b ɛ s o _ d a e
a k ɔ s o _ d a e
n n a _ a b ɛ s o _ d a e
n n a _ a k ɔ s o _ d a e
r e m m b ɛ s o _ d a e
r e n n k ɔ s o _ d a e
n n a _ r e m m b ɛ s o _ d a e
n n a _ r e n n k ɔ s o _ d a e
r e b ɛ s o _ d a e
r e k ɔ s o _ d a e
n n a _ r e b ɛ s o _ d a e
n n a _ r e k ɔ s o _ d a e
k ɔ s o _ d a e
b ɛ s o _ d a e e
k ɔ s o _ d a e e
m m a _ n n s o _ d a e
n s o _ d a e
m m p e p a e e
n n a _ m m p e p a e e
a p e p a
n n a _ a p e p a
r e m m p e p a
n n a _ r e m m p e p a
r e p e p a
n n a _ r e p e p a
b ɛ p e p a
r e m m p e p a
m m p e p a
a m m p e p a
p e p a
p e p a e e
m m a _ m m p e p a
p e p a
n n k ɔ p e p a
a m m b ɛ p e p a
a m m k ɔ p e p a
p e p a
m m b ɛ p e p a e e
n n k ɔ p e p a e e
n n a _ m m b ɛ p e p a e e
n n a _ n n k ɔ p e p a e e
a b ɛ p e p a
a k ɔ p e p a
n n a _ a b ɛ p e p a
n n a _ a k ɔ p e p a
r e m m b ɛ p e p a
r e n n k ɔ p e p a
n n a _ r e m m b ɛ p e p a
n n a _ r e n n k ɔ p e p a
r e b ɛ p e p a
r e k ɔ p e p a
n n a _ r e b ɛ p e p a
n n a _ r e k ɔ p e p a
k ɔ p e p a
b ɛ p e p a e e
k ɔ p e p a e e
m m a _ m m p e p a
m p e p a
n n n a n t e w e e
n n a _ n n n a n t e w e e
a n a n t e w
n n a _ a n a n t e w
r e n n n a n t e w
n n a _ r e n n n a n t e w
r e n a n t e w
n n a _ r e n a n t e w
b ɛ n a n t e w
r e n n n a n t e w
n n n a n t e w
a n n n a n t e w
n a n t e w
n a n t e w e e
m m a _ n n n a n t e w
n a n t e w
n n k ɔ n a n t e w
a m m b ɛ n a n t e w
a m m k ɔ n a n t e w
n a n t e w
m m b ɛ n a n t e w e e
n n k ɔ n a n t e w e e
n n a _ m m b ɛ n a n t e w e e
n n a _ n n k ɔ n a n t e w e e
a b ɛ n a n t e w
a k ɔ n a n t e w
n n a _ a b ɛ n a n t e w
n n a _ a k ɔ n a n t e w
r e m m b ɛ n a n t e w
r e n n k ɔ n a n t e w
n n a _ r e m m b ɛ n a n t e w
n n a _ r e n n k ɔ n a n t e w
r e b ɛ n a n t e w
r e k ɔ n a n t e w
n n a _ r e b ɛ n a n t e w
n n a _ r e k ɔ n a n t e w
k ɔ n a n t e w
b ɛ n a n t e w e e
k ɔ n a n t e w e e
m m a _ n n n a n t e w
n n a n t e w
n n t i e e
n n a _ n n t i e e
a t i e
n n a _ a t i e
r e n n t i e
n n a _ r e n n t i e
r e t i e
n n a _ r e t i e
b ɛ t i e
r e n n t i e
n n t i e
a n n t i e
t i e
t i e e
m m a _ n n t i e
t i e
n n k ɔ t i e
a m m b ɛ t i e
a m m k ɔ t i e
t i e
m m b ɛ t i e e
n n k ɔ t i e e
n n a _ m m b ɛ t i e e
n n a _ n n k ɔ t i e e
a b ɛ t i e
a k ɔ t i e
n n a _ a b ɛ t i e
n n a _ a k ɔ t i e
r e m m b ɛ t i e
r e n n k ɔ t i e
n n a _ r e m m b ɛ t i e
n n a _ r e n n k ɔ t i e
r e b ɛ t i e
r e k ɔ t i e
n n a _ r e b ɛ t i e
n n a _ r e k ɔ t i e
k ɔ t i e
b ɛ t i e e
k ɔ t i e e
m m a _ n n t i e
n t i e
n n t w e r ɛ w e e
n n a _ n n t w e r ɛ w e e
a t w e r ɛ w
n n a _ a t w e r ɛ w
r e n n t w e r ɛ w
n n a _ r e n n t w e r ɛ w
r e t w e r ɛ w
n n a _ r e t w e r ɛ w
b ɛ t w e r ɛ w
r e n n t w e r ɛ w
n n t w e r ɛ w
a n n t w e r ɛ w
t w e r ɛ w
t w e r ɛ w e e
m m a _ n n t w e r ɛ w
t w e r ɛ w
n n k ɔ t w e r ɛ w
a m m b ɛ t w e r ɛ w
a m m k ɔ t w e r ɛ w
t w e r ɛ w
m m b ɛ t w e r ɛ w e e
n n k ɔ t w e r ɛ w e e
n n a _ m m b ɛ t w e r ɛ w e e
n n a _ n n k ɔ t w e r ɛ w e e
a b ɛ t w e r ɛ w
a k ɔ t w e r ɛ w
n n a _ a b ɛ t w e r ɛ w
n n a _ a k ɔ t w e r ɛ w
r e m m b ɛ t w e r ɛ w
r e n n k ɔ t w e r ɛ w
n n a _ r e m m b ɛ t w e r ɛ w
n n a _ r e n n k ɔ t w e r ɛ w
r e b ɛ t w e r ɛ w
r e k ɔ t w e r ɛ w
n n a _ r e b ɛ t w e r ɛ w
n n a _ r e k ɔ t w e r ɛ w
k ɔ t w e r ɛ w
b ɛ t w e r ɛ w e e
k ɔ t w e r ɛ w e e
m m a _ n n t w e r ɛ w
n t w e r ɛ w
n n s a w e e
n n a _ n n s a w e e
a s a w
n n a _ a s a w
r e n n s a w
n n a _ r e n n s a w
r e s a w
n n a _ r e s a w
b ɛ s a w
r e n n s a w
n n s a w
a n n s a w
s a w
s a w e e
m m a _ n n s a w
s a w
n n k ɔ s a w
a m m b ɛ s a w
a m m k ɔ s a w
s a w
m m b ɛ s a w e e
n n k ɔ s a w e e
n n a _ m m b ɛ s a w e e
n n a _ n n k ɔ s a w e e
a b ɛ s a w
a k ɔ s a w
n n a _ a b ɛ s a w
n n a _ a k ɔ s a w
r e m m b ɛ s a w
r e n n k ɔ s a w
n n a _ r e m m b ɛ s a w
n n a _ r e n n k ɔ s a w
r e b ɛ s a w
r e k ɔ s a w
n n a _ r e b ɛ s a w
n n a _ r e k ɔ s a w
k ɔ s a w
b ɛ s a w e e
k ɔ s a w e e
m m a _ n n s a w
n s a w
m m b o r o e e
n n a _ m m b o r o e e
a b o r o
n n a _ a b o r o
r e m m b o r o
n n a _ r e m m b o r o
r e b o r o
n n a _ r e b o r o
b ɛ b o r o
r e m m b o r o
m m b o r o
a m m b o r o
b o r o
b o r o e e
m m a _ m m b o r o
b o r o
n n k ɔ b o r o
a m m b ɛ b o r o
a m m k ɔ b o r o
b o r o
m m b ɛ b o r o e e
n n k ɔ b o r o e e
n n a _ m m b ɛ b o r o e e
n n a _ n n k ɔ b o r o e e
a b ɛ b o r o
a k ɔ b o r o
n n a _ a b ɛ b o r o
n n a _ a k ɔ b o r o
r e m m b ɛ b o r o
r e n n k ɔ b o r o
n n a _ r e m m b ɛ b o r o
n n a _ r e n n k ɔ b o r o
r e b ɛ b o r o
r e k ɔ b o r o
n n a _ r e b ɛ b o r o
n n a _ r e k ɔ b o r o
k ɔ b o r o
b ɛ b o r o e e
k ɔ b o r o e e
m m a _ m m b o r o
m b o r o
n n y e w e e
n n a _ n n y e w e e
a y e w
n n a _ a y e w
r e n n y e w
n n a _ r e n n y e w
r e y e w
n n a _ r e y e w
b ɛ y e w
r e n n y e w
n n y e w
a n n y e w
y e w
y e w e e
m m a _ n n y e w
y e w
n n k ɔ y e w
a m m b ɛ y e w
a m m k ɔ y e w
y e w
m m b ɛ y e w e e
n n k ɔ y e w e e
n n a _ m m b ɛ y e w e e
n n a _ n n k ɔ y e w e e
a b ɛ y e w
a k ɔ y e w
n n a _ a b ɛ y e w
n n a _ a k ɔ y e w
r e m m b ɛ y e w
r e n n k ɔ y e w
n n a _ r e m m b ɛ y e w
n n a _ r e n n k ɔ y e w
r e b ɛ y e w
r e k ɔ y e w
n n a _ r e b ɛ y e w
n n a _ r e k ɔ y e w
k ɔ y e w
b ɛ y e w e e
k ɔ y e w e e
m m a _ n n y e w
n y e w
m m b ɔ _ m p a e e
n n a _ m m b ɔ _ m p a e e
a b ɔ _ m p a e
n n a _ a b ɔ _ m p a e
r e m m b ɔ _ m p a e
n n a _ r e m m b ɔ _ m p a e
r e b ɔ _ m p a e
n n a _ r e b ɔ _ m p a e
b ɛ b ɔ _ m p a e
r e m m b ɔ _ m p a e
m m b ɔ _ m p a e
a m m b ɔ _ m p a e
b ɔ _ m p a e
b ɔ _ m p a e e
m m a _ m m b ɔ _ m p a e
b ɔ _ m p a e
n n k ɔ b ɔ _ m p a e
a m m b ɛ b ɔ _ m p a e
a m m k ɔ b ɔ _ m p a e
b ɔ _ m p a e
m m b ɛ b ɔ _ m p a e e
n n k ɔ b ɔ _ m p a e e
n n a _ m m b ɛ b ɔ _ m p a e e
n n a _ n n k ɔ b ɔ _ m p a e e
a b ɛ b ɔ _ m p a e
a k ɔ b ɔ _ m p a e
n n a _ a b ɛ b ɔ _ m p a e
n n a _ a k ɔ b ɔ _ m p a e
r e m m b ɛ b ɔ _ m p a e
r e n n k ɔ b ɔ _ m p a e
n n a _ r e m m b ɛ b ɔ _ m p a e
n n a _ r e n n k ɔ b ɔ _ m p a e
r e b ɛ b ɔ _ m p a e
r e k ɔ b ɔ _ m p a e
n n a _ r e b ɛ b ɔ _ m p a e
n n a _ r e k ɔ b ɔ _ m p a e
k ɔ b ɔ _ m p a e
b ɛ b ɔ _ m p a e e
k ɔ b ɔ _ m p a e e
m m a _ m m b ɔ _ m p a e
m b ɔ _ m p a e
m m f o w e e
n n a _ m m f o w e e
a f o w
n n a _ a f o w
r e m m f o w
n n a _ r e m m f o w
r e f o w
n n a _ r e f o w
b ɛ f o w
r e m m f o w
m m f o w
a m m f o w
f o w
f o w e e
m m a _ m m f o w
f o w
n n k ɔ f o w
a m m b ɛ f o w
a m m k ɔ f o w
f o w
m m b ɛ f o w e e
n n k ɔ f o w e e
n n a _ m m b ɛ f o w e e
n n a _ n n k ɔ f o w e e
a b ɛ f o w
a k ɔ f o w
n n a _ a b ɛ f o w
n n a _ a k ɔ f o w
r e m m b ɛ f o w
r e n n k ɔ f o w
n n a _ r e m m b ɛ f o w
n n a _ r e n n k ɔ f o w
r e b ɛ f o w
r e k ɔ f o w
n n a _ r e b ɛ f o w
n n a _ r e k ɔ f o w
k ɔ f o w
b ɛ f o w e e
k ɔ f o w e e
m m a _ m m f o w
m f o w
n n k a s a e e
n n a _ n n k a s a e e
a k a s a
n n a _ a k a s a
r e n n k a s a
n n a _ r e n n k a s a
r e k a s a
n n a _ r e k a s a
b ɛ k a s a
r e n n k a s a
n n k a s a
a n n k a s a
k a s a
k a s a e e
m m a _ n n k a s a
k a s a
n n k ɔ k a s a
a m m b ɛ k a s a
a m m k ɔ k a s a
k a s a
m m b ɛ k a s a e e
n n k ɔ k a s a e e
n n a _ m m b ɛ k a s a e e
n n a _ n n k ɔ k a s a e e
a b ɛ k a s a
a k ɔ k a s a
n n a _ a b ɛ k a s a
n n a _ a k ɔ k a s a
r e m m b ɛ k a s a
r e n n k ɔ k a s a
n n a _ r e m m b ɛ k a s a
n n a _ r e n n k ɔ k a s a
r e b ɛ k a s a
r e k ɔ k a s a
n n a _ r e b ɛ k a s a
n n a _ r e k ɔ k a s a
k ɔ k a s a
b ɛ k a s a e e
k ɔ k a s a e e
m m a _ n n k a s a
n k a s a
m m p ɛ e e
n n a _ m m p ɛ e e
a p ɛ
n n a _ a p ɛ
r e m m p ɛ
n n a _ r e m m p ɛ
r e p ɛ
n n a _ r e p ɛ
b ɛ p ɛ
r e m m p ɛ
m m p ɛ
a m m p ɛ
p ɛ
p ɛ e e
m m a _ m m p ɛ
p ɛ
n n k ɔ p ɛ
a m m b ɛ p ɛ
a m m k ɔ p ɛ
p ɛ
m m b ɛ p ɛ e e
n n k ɔ p ɛ e e
n n a _ m m b ɛ p ɛ e e
n n a _ n n k ɔ p ɛ e e
a b ɛ p ɛ
a k ɔ p ɛ
n n a _ a b ɛ p ɛ
n n a _ a k ɔ p ɛ
r e m m b ɛ p ɛ
r e n n k ɔ p ɛ
n n a _ r e m m b ɛ p ɛ
n n a _ r e n n k ɔ p ɛ
r e b ɛ p ɛ
r e k ɔ p ɛ
n n a _ r e b ɛ p ɛ
n n a _ r e k ɔ p ɛ
k ɔ p ɛ
b ɛ p ɛ e e
k ɔ p ɛ e e
m m a _ m m p ɛ
m p ɛ
n n s u a e e
n n a _ n n s u a e e
a s u a
n n a _ a s u a
r e n n s u a
n n a _ r e n n s u a
r e s u a
n n a _ r e s u a
b ɛ s u a
r e n n s u a
n n s u a
a n n s u a
s u a
s u a e e
m m a _ n n s u a
s u a
n n k ɔ s u a
a m m b ɛ s u a
a m m k ɔ s u a
s u a
m m b ɛ s u a e e
n n k ɔ s u a e e
n n a _ m m b ɛ s u a e e
n n a _ n n k ɔ s u a e e
a b ɛ s u a
a k ɔ s u a
n n a _ a b ɛ s u a
n n a _ a k ɔ s u a
r e m m b ɛ s u a
r e n n k ɔ s u a
n n a _ r e m m b ɛ s u a
n n a _ r e n n k ɔ s u a
r e b ɛ s u a
r e k ɔ s u a
n n a _ r e b ɛ s u a
n n a _ r e k ɔ s u a
k ɔ s u a
b ɛ s u a e e
k ɔ s u a e e
m m a _ n n s u a
n s u a
n n s a n e e
n n a _ n n s a n e e
a s a n
n n a _ a s a n
r e n n s a n
n n a _ r e n n s a n
r e s a n
n n a _ r e s a n
b ɛ s a n
r e n n s a n
n n s a n
a n n s a n
s a n
s a n e e
m m a _ n n s a n
s a n
n n k ɔ s a n
a m m b ɛ s a n
a m m k ɔ s a n
s a n
m m b ɛ s a n e e
n n k ɔ s a n e e
n n a _ m m b ɛ s a n e e
n n a _ n n k ɔ s a n e e
a b ɛ s a n
a k ɔ s a n
n n a _ a b ɛ s a n
n n a _ a k ɔ s a n
r e m m b ɛ s a n
r e n n k ɔ s a n
n n a _ r e m m b ɛ s a n
n n a _ r e n n k ɔ s a n
r e b ɛ s a n
r e k ɔ s a n
n n a _ r e b ɛ s a n
n n a _ r e k ɔ s a n
k ɔ s a n
b ɛ s a n e e
k ɔ s a n e e
m m a _ n n s a n
n s a n
n n h i a e e
n n a _ n n h i a e e
a h i a
n n a _ a h i a
r e n n h i a
n n a _ r e n n h i a
r e h i a
n n a _ r e h i a
b ɛ h i a
r e n n h i a
n n h i a
a n n h i a
h i a
h i a e e
m m a _ n n h i a
h i a
n n k ɔ h i a
a m m b ɛ h i a
a m m k ɔ h i a
h i a
m m b ɛ h i a e e
n n k ɔ h i a e e
n n a _ m m b ɛ h i a e e
n n a _ n n k ɔ h i a e e
a b ɛ h i a
a k ɔ h i a
n n a _ a b ɛ h i a
n n a _ a k ɔ h i a
r e m m b ɛ h i a
r e n n k ɔ h i a
n n a _ r e m m b ɛ h i a
n n a _ r e n n k ɔ h i a
r e b ɛ h i a
r e k ɔ h i a
n n a _ r e b ɛ h i a
n n a _ r e k ɔ h i a
k ɔ h i a
b ɛ h i a e e
k ɔ h i a e e
m m a _ n n h i a
n h i a
n n k y i r i e e
n n a _ n n k y i r i e e
a k y i r i
n n a _ a k y i r i
r e n n k y i r i
n n a _ r e n n k y i r i
r e k y i r i
n n a _ r e k y i r i
b ɛ k y i r i
r e n n k y i r i
n n k y i r i
a n n k y i r i
k y i r i
k y i r i e e
m m a _ n n k y i r i
k y i r i
n n k ɔ k y i r i
a m m b ɛ k y i r i
a m m k ɔ k y i r i
k y i r i
m m b ɛ k y i r i e e
n n k ɔ k y i r i e e
n n a _ m m b ɛ k y i r i e e
n n a _ n n k ɔ k y i r i e e
a b ɛ k y i r i
a k ɔ k y i r i
n n a _ a b ɛ k y i r i
n n a _ a k ɔ k y i r i
r e m m b ɛ k y i r i
r e n n k ɔ k y i r i
n n a _ r e m m b ɛ k y i r i
n n a _ r e n n k ɔ k y i r i
r e b ɛ k y i r i
r e k ɔ k y i r i
n n a _ r e b ɛ k y i r i
n n a _ r e k ɔ k y i r i
k ɔ k y i r i
b ɛ k y i r i e e
k ɔ k y i r i e e
m m a _ n n k y i r i
n k y i r i
m m f a e e
n n a _ m m f a e e
a f a
n n a _ a f a
r e m m f a
n n a _ r e m m f a
r e f a
n n a _ r e f a
b ɛ f a
r e m m f a
m m f a
a m m f a
f a
f a e e
m m a _ m m f a
f a
n n k ɔ f a
a m m b ɛ f a
a m m k ɔ f a
f a
m m b ɛ f a e e
n n k ɔ f a e e
n n a _ m m b ɛ f a e e
n n a _ n n k ɔ f a e e
a b ɛ f a
a k ɔ f a
n n a _ a b ɛ f a
n n a _ a k ɔ f a
r e m m b ɛ f a
r e n n k ɔ f a
n n a _ r e m m b ɛ f a
n n a _ r e n n k ɔ f a
r e b ɛ f a
r e k ɔ f a
n n a _ r e b ɛ f a
n n a _ r e k ɔ f a
k ɔ f a
b ɛ f a e e
k ɔ f a e e
m m a _ m m f a
m f a
n n s u e e
n n a _ n n s u e e
a s u
n n a _ a s u
r e n n s u
n n a _ r e n n s u
r e s u
n n a _ r e s u
b ɛ s u
r e n n s u
n n s u
a n n s u
s u
s u e e
m m a _ n n s u
s u
n n k ɔ s u
a m m b ɛ s u
a m m k ɔ s u
s u
m m b ɛ s u e e
n n k ɔ s u e e
n n a _ m m b ɛ s u e e
n n a _ n n k ɔ s u e e
a b ɛ s u
a k ɔ s u
n n a _ a b ɛ s u
n n a _ a k ɔ s u
r e m m b ɛ s u
r e n n k ɔ s u
n n a _ r e m m b ɛ s u
n n a _ r e n n k ɔ s u
r e b ɛ s u
r e k ɔ s u
n n a _ r e b ɛ s u
n n a _ r e k ɔ s u
k ɔ s u
b ɛ s u e e
k ɔ s u e e
m m a _ n n s u
n s u
n n k a e e
n n a _ n n k a e e
a k a e
n n a _ a k a e
r e n n k a e
n n a _ r e n n k a e
r e k a e
n n a _ r e k a e
b ɛ k a e
r e n n k a e
n n k a e
a n n k a e
k a e
k a e e
m m a _ n n k a e
k a e
n n k ɔ k a e
a m m b ɛ k a e
a m m k ɔ k a e
k a e
m m b ɛ k a e e
n n k ɔ k a e e
n n a _ m m b ɛ k a e e
n n a _ n n k ɔ k a e e
a b ɛ k a e
a k ɔ k a e
n n a _ a b ɛ k a e
n n a _ a k ɔ k a e
r e m m b ɛ k a e
r e n n k ɔ k a e
n n a _ r e m m b ɛ k a e
n n a _ r e n n k ɔ k a e
r e b ɛ k a e
r e k ɔ k a e
n n a _ r e b ɛ k a e
n n a _ r e k ɔ k a e
k ɔ k a e
b ɛ k a e e
k ɔ k a e e
m m a _ n n k a e
n k a e
n n t ɔ _ n k o e e
n n a _ n n t ɔ _ n k o e e
a t ɔ _ n k o
n n a _ a t ɔ _ n k o
r e n n t ɔ _ n k o
n n a _ r e n n t ɔ _ n k o
r e t ɔ _ n k o
n n a _ r e t ɔ _ n k o
b ɛ t ɔ _ n k o
r e n n t ɔ _ n k o
n n t ɔ _ n k o
a n n t ɔ _ n k o
t ɔ _ n k o
t ɔ _ n k o e e
m m a _ n n t ɔ _ n k o
t ɔ _ n k o
n n k ɔ t ɔ _ n k o
a m m b ɛ t ɔ _ n k o
a m m k ɔ t ɔ _ n k o
t ɔ _ n k o
m m b ɛ t ɔ _ n k o e e
n n k ɔ t ɔ _ n k o e e
n n a _ m m b ɛ t ɔ _ n k o e e
n n a _ n n k ɔ t ɔ _ n k o e e
a b ɛ t ɔ _ n k o
a k ɔ t ɔ _ n k o
n n a _ a b ɛ t ɔ _ n k o
n n a _ a k ɔ t ɔ _ n k o
r e m m b ɛ t ɔ _ n k o
r e n n k ɔ t ɔ _ n k o
n n a _ r e m m b ɛ t ɔ _ n k o
n n a _ r e n n k ɔ t ɔ _ n k o
r e b ɛ t ɔ _ n k o
r e k ɔ t ɔ _ n k o
n n a _ r e b ɛ t ɔ _ n k o
n n a _ r e k ɔ t ɔ _ n k o
k ɔ t ɔ _ n k o
b ɛ t ɔ _ n k o e e
k ɔ t ɔ _ n k o e e
m m a _ n n t ɔ _ n k o
n t ɔ _ n k o
n n h u e e
n n a _ n n h u e e
a h u
n n a _ a h u
r e n n h u
n n a _ r e n n h u
r e h u
n n a _ r e h u
b ɛ h u
r e n n h u
n n h u
a n n h u
h u
h u e e
m m a _ n n h u
h u
n n k ɔ h u
a m m b ɛ h u
a m m k ɔ h u
h u
m m b ɛ h u e e
n n k ɔ h u e e
n n a _ m m b ɛ h u e e
n n a _ n n k ɔ h u e e
a b ɛ h u
a k ɔ h u
n n a _ a b ɛ h u
n n a _ a k ɔ h u
r e m m b ɛ h u
r e n n k ɔ h u
n n a _ r e m m b ɛ h u
n n a _ r e n n k ɔ h u
r e b ɛ h u
r e k ɔ h u
n n a _ r e b ɛ h u
n n a _ r e k ɔ h u
k ɔ h u
b ɛ h u e e
k ɔ h u e e
m m a _ n n h u
n h u
n n y i _ a y ɛ w e e
n n a _ n n y i _ a y ɛ w e e
a y i _ a y ɛ w
n n a _ a y i _ a y ɛ w
r e n n y i _ a y ɛ w
n n a _ r e n n y i _ a y ɛ w
r e y i _ a y ɛ w
n n a _ r e y i _ a y ɛ w
b ɛ y i _ a y ɛ w
r e n n y i _ a y ɛ w
n n y i _ a y ɛ w
a n n y i _ a y ɛ w
y i _ a y ɛ w
y i _ a y ɛ w e e
m m a _ n n y i _ a y ɛ w
y i _ a y ɛ w
n n k ɔ y i _ a y ɛ w
a m m b ɛ y i _ a y ɛ w
a m m k ɔ y i _ a y ɛ w
y i _ a y ɛ w
m m b ɛ y i _ a y ɛ w e e
n n k ɔ y i _ a y ɛ w e e
n n a _ m m b ɛ y i _ a y ɛ w e e
n n a _ n n k ɔ y i _ a y ɛ w e e
a b ɛ y i _ a y ɛ w
a k ɔ y i _ a y ɛ w
n n a _ a b ɛ y i _ a y ɛ w
n n a _ a k ɔ y i _ a y ɛ w
r e m m b ɛ y i _ a y ɛ w
r e n n k ɔ y i _ a y ɛ w
n n a _ r e m m b ɛ y i _ a y ɛ w
n n a _ r e n n k ɔ y i _ a y ɛ w
r e b ɛ y i _ a y ɛ w
r e k ɔ y i _ a y ɛ w
n n a _ r e b ɛ y i _ a y ɛ w
n n a _ r e k ɔ y i _ a y ɛ w
k ɔ y i _ a y ɛ w
b ɛ y i _ a y ɛ w e e
k ɔ y i _ a y ɛ w e e
m m a _ n n y i _ a y ɛ w
n y i _ a y ɛ w
n n d a _ a s e e
n n a _ n n d a _ a s e e
a d a _ a s e
n n a _ a d a _ a s e
r e n n d a _ a s e
n n a _ r e n n d a _ a s e
r e d a _ a s e
n n a _ r e d a _ a s e
b ɛ d a _ a s e
r e n n d a _ a s e
n n d a _ a s e
a n n d a _ a s e
d a _ a s e
d a _ a s e e
m m a _ n n d a _ a s e
d a _ a s e
n n k ɔ d a _ a s e
a m m b ɛ d a _ a s e
a m m k ɔ d a _ a s e
d a _ a s e
m m b ɛ d a _ a s e e
n n k ɔ d a _ a s e e
n n a _ m m b ɛ d a _ a s e e
n n a _ n n k ɔ d a _ a s e e
a b ɛ d a _ a s e
a k ɔ d a _ a s e
n n a _ a b ɛ d a _ a s e
n n a _ a k ɔ d a _ a s e
r e m m b ɛ d a _ a s e
r e n n k ɔ d a _ a s e
n n a _ r e m m b ɛ d a _ a s e
n n a _ r e n n k ɔ d a _ a s e
r e b ɛ d a _ a s e
r e k ɔ d a _ a s e
n n a _ r e b ɛ d a _ a s e
n n a _ r e k ɔ d a _ a s e
k ɔ d a _ a s e
b ɛ d a _ a s e e
k ɔ d a _ a s e e
m m a _ n n d a _ a s e
n d a _ a s e
n n h o h o r o e e
n n a _ n n h o h o r o e e
a h o h o r o
n n a _ a h o h o r o
r e n n h o h o r o
n n a _ r e n n h o h o r o
r e h o h o r o
n n a _ r e h o h o r o
b ɛ h o h o r o
r e n n h o h o r o
n n h o h o r o
a n n h o h o r o
h o h o r o
h o h o r o e e
m m a _ n n h o h o r o
h o h o r o
n n k ɔ h o h o r o
a m m b ɛ h o h o r o
a m m k ɔ h o h o r o
h o h o r o
m m b ɛ h o h o r o e e
n n k ɔ h o h o r o e e
n n a _ m m b ɛ h o h o r o e e
n n a _ n n k ɔ h o h o r o e e
a b ɛ h o h o r o
a k ɔ h o h o r o
n n a _ a b ɛ h o h o r o
n n a _ a k ɔ h o h o r o
r e m m b ɛ h o h o r o
r e n n k ɔ h o h o r o
n n a _ r e m m b ɛ h o h o r o
n n a _ r e n n k ɔ h o h o r o
r e b ɛ h o h o r o
r e k ɔ h o h o r o
n n a _ r e b ɛ h o h o r o
n n a _ r e k ɔ h o h o r o
k ɔ h o h o r o
b ɛ h o h o r o e e
k ɔ h o h o r o e e
m m a _ n n h o h o r o
n h o h o r o
n n s i w e e
n n a _ n n s i w e e
a s i w
n n a _ a s i w
r e n n s i w
n n a _ r e n n s i w
r e s i w
n n a _ r e s i w
b ɛ s i w
r e n n s i w
n n s i w
a n n s i w
s i w
s i w e e
m m a _ n n s i w
s i w
n n k ɔ s i w
a m m b ɛ s i w
a m m k ɔ s i w
s i w
m m b ɛ s i w e e
n n k ɔ s i w e e
n n a _ m m b ɛ s i w e e
n n a _ n n k ɔ s i w e e
a b ɛ s i w
a k ɔ s i w
n n a _ a b ɛ s i w
n n a _ a k ɔ s i w
r e m m b ɛ s i w
r e n n k ɔ s i w
n n a _ r e m m b ɛ s i w
n n a _ r e n n k ɔ s i w
r e b ɛ s i w
r e k ɔ s i w
n n a _ r e b ɛ s i w
n n a _ r e k ɔ s i w
k ɔ s i w
b ɛ s i w e e
k ɔ s i w e e
m m a _ n n s i w
n s i w
n n h a t a e e
n n a _ n n h a t a e e
a h a t a
n n a _ a h a t a
r e n n h a t a
n n a _ r e n n h a t a
r e h a t a
n n a _ r e h a t a
b ɛ h a t a
r e n n h a t a
n n h a t a
a n n h a t a
h a t a
h a t a e e
m m a _ n n h a t a
h a t a
n n k ɔ h a t a
a m m b ɛ h a t a
a m m k ɔ h a t a
h a t a
m m b ɛ h a t a e e
n n k ɔ h a t a e e
n n a _ m m b ɛ h a t a e e
n n a _ n n k ɔ h a t a e e
a b ɛ h a t a
a k ɔ h a t a
n n a _ a b ɛ h a t a
n n a _ a k ɔ h a t a
r e m m b ɛ h a t a
r e n n k ɔ h a t a
n n a _ r e m m b ɛ h a t a
n n a _ r e n n k ɔ h a t a
r e b ɛ h a t a
r e k ɔ h a t a
n n a _ r e b ɛ h a t a
n n a _ r e k ɔ h a t a
k ɔ h a t a
b ɛ h a t a e e
k ɔ h a t a e e
m m a _ n n h a t a
n h a t a
n n h y ɛ _ a s e e
n n a _ n n h y ɛ _ a s e e
a h y ɛ _ a s e
n n a _ a h y ɛ _ a s e
r e n n h y ɛ _ a s e
n n a _ r e n n h y ɛ _ a s e
r e h y ɛ _ a s e
n n a _ r e h y ɛ _ a s e
b ɛ h y ɛ _ a s e
r e n n h y ɛ _ a s e
n n h y ɛ _ a s e
a n n h y ɛ _ a s e
h y ɛ _ a s e
h y ɛ _ a s e e
m m a _ n n h y ɛ _ a s e
h y ɛ _ a s e
n n k ɔ h y ɛ _ a s e
a m m b ɛ h y ɛ _ a s e
a m m k ɔ h y ɛ _ a s e
h y ɛ _ a s e
m m b ɛ h y ɛ _ a s e e
n n k ɔ h y ɛ _ a s e e
n n a _ m m b ɛ h y ɛ _ a s e e
n n a _ n n k ɔ h y ɛ _ a s e e
a b ɛ h y ɛ _ a s e
a k ɔ h y ɛ _ a s e
n n a _ a b ɛ h y ɛ _ a s e
n n a _ a k ɔ h y ɛ _ a s e
r e m m b ɛ h y ɛ _ a s e
r e n n k ɔ h y ɛ _ a s e
n n a _ r e m m b ɛ h y ɛ _ a s e
n n a _ r e n n k ɔ h y ɛ _ a s e
r e b ɛ h y ɛ _ a s e
r e k ɔ h y ɛ _ a s e
n n a _ r e b ɛ h y ɛ _ a s e
n n a _ r e k ɔ h y ɛ _ a s e
k ɔ h y ɛ _ a s e
b ɛ h y ɛ _ a s e e
k ɔ h y ɛ _ a s e e
m m a _ n n h y ɛ _ a s e
n h y ɛ _ a s e
n n n o m e e
n n a _ n n n o m e e
a n o m
n n a _ a n o m
r e n n n o m
n n a _ r e n n n o m
r e n o m
n n a _ r e n o m
b ɛ n o m
r e n n n o m
n n n o m
a n n n o m
n o m
n o m e e
m m a _ n n n o m
n o m
n n k ɔ n o m
a m m b ɛ n o m
a m m k ɔ n o m
n o m
m m b ɛ n o m e e
n n k ɔ n o m e e
n n a _ m m b ɛ n o m e e
n n a _ n n k ɔ n o m e e
a b ɛ n o m
a k ɔ n o m
n n a _ a b ɛ n o m
n n a _ a k ɔ n o m
r e m m b ɛ n o m
r e n n k ɔ n o m
n n a _ r e m m b ɛ n o m
n n a _ r e n n k ɔ n o m
r e b ɛ n o m
r e k ɔ n o m
n n a _ r e b ɛ n o m
n n a _ r e k ɔ n o m
k ɔ n o m
b ɛ n o m e e
k ɔ n o m e e
m m a _ n n n o m
n n o m
m m b u e e
n n a _ m m b u e e
a b u e
n n a _ a b u e
r e m m b u e
n n a _ r e m m b u e
r e b u e
n n a _ r e b u e
b ɛ b u e
r e m m b u e
m m b u e
a m m b u e
b u e
b u e e
m m a _ m m b u e
b u e
n n k ɔ b u e
a m m b ɛ b u e
a m m k ɔ b u e
b u e
m m b ɛ b u e e
n n k ɔ b u e e
n n a _ m m b ɛ b u e e
n n a _ n n k ɔ b u e e
a b ɛ b u e
a k ɔ b u e
n n a _ a b ɛ b u e
n n a _ a k ɔ b u e
r e m m b ɛ b u e
r e n n k ɔ b u e
n n a _ r e m m b ɛ b u e
n n a _ r e n n k ɔ b u e
r e b ɛ b u e
r e k ɔ b u e
n n a _ r e b ɛ b u e
n n a _ r e k ɔ b u e
k ɔ b u e
b ɛ b u e e
k ɔ b u e e
m m a _ m m b u e
m b u e
n n k y i a e e
n n a _ n n k y i a e e
a k y i a
n n a _ a k y i a
r e n n k y i a
n n a _ r e n n k y i a
r e k y i a
n n a _ r e k y i a
b ɛ k y i a
r e n n k y i a
n n k y i a
a n n k y i a
k y i a
k y i a e e
m m a _ n n k y i a
k y i a
n n k ɔ k y i a
a m m b ɛ k y i a
a m m k ɔ k y i a
k y i a
m m b ɛ k y i a e e
n n k ɔ k y i a e e
n n a _ m m b ɛ k y i a e e
n n a _ n n k ɔ k y i a e e
a b ɛ k y i a
a k ɔ k y i a
n n a _ a b ɛ k y i a
n n a _ a k ɔ k y i a
r e m m b ɛ k y i a
r e n n k ɔ k y i a
n n a _ r e m m b ɛ k y i a
n n a _ r e n n k ɔ k y i a
r e b ɛ k y i a
r e k ɔ k y i a
n n a _ r e b ɛ k y i a
n n a _ r e k ɔ k y i a
k ɔ k y i a
b ɛ k y i a e e
k ɔ k y i a e e
m m a _ n n k y i a
n k y i a
n n y ɛ _ a d w u m a e e
n n a _ n n y ɛ _ a d w u m a e e
a y ɛ _ a d w u m a
n n a _ a y ɛ _ a d w u m a
r e n n y ɛ _ a d w u m a
n n a _ r e n n y ɛ _ a d w u m a
r e y ɛ _ a d w u m a
n n a _ r e y ɛ _ a d w u m a
b ɛ y ɛ _ a d w u m a
r e n n y ɛ _ a d w u m a
n n y ɛ _ a d w u m a
a n n y ɛ _ a d w u m a
y ɛ _ a d w u m a
y ɛ _ a d w u m a e e
m m a _ n n y ɛ _ a d w u m a
y ɛ _ a d w u m a
n n k ɔ y ɛ _ a d w u m a
a m m b ɛ y ɛ _ a d w u m a
a m m k ɔ y ɛ _ a d w u m a
y ɛ _ a d w u m a
m m b ɛ y ɛ _ a d w u m a e e
n n k ɔ y ɛ _ a d w u m a e e
n n a _ m m b ɛ y ɛ _ a d w u m a e e
n n a _ n n k ɔ y ɛ _ a d w u m a e e
a b ɛ y ɛ _ a d w u m a
a k ɔ y ɛ _ a d w u m a
n n a _ a b ɛ y ɛ _ a d w u m a
n n a _ a k ɔ y ɛ _ a d w u m a
r e m m b ɛ y ɛ _ a d w u m a
r e n n k ɔ y ɛ _ a d w u m a
n n a _ r e m m b ɛ y ɛ _ a d w u m a
n n a _ r e n n k ɔ y ɛ _ a d w u m a
r e b ɛ y ɛ _ a d w u m a
r e k ɔ y ɛ _ a d w u m a
n n a _ r e b ɛ y ɛ _ a d w u m a
n n a _ r e k ɔ y ɛ _ a d w u m a
k ɔ y ɛ _ a d w u m a
b ɛ y ɛ _ a d w u m a e e
k ɔ y ɛ _ a d w u m a e e
m m a _ n n y ɛ _ a d w u m a
n y ɛ _ a d w u m a
m m b o a e e
n n a _ m m b o a e e
a b o a
n n a _ a b o a
r e m m b o a
n n a _ r e m m b o a
r e b o a
n n a _ r e b o a
b ɛ b o a
r e m m b o a
m m b o a
a m m b o a
b o a
b o a e e
m m a _ m m b o a
b o a
n n k ɔ b o a
a m m b ɛ b o a
a m m k ɔ b o a
b o a
m m b ɛ b o a e e
n n k ɔ b o a e e
n n a _ m m b ɛ b o a e e
n n a _ n n k ɔ b o a e e
a b ɛ b o a
a k ɔ b o a
n n a _ a b ɛ b o a
n n a _ a k ɔ b o a
r e m m b ɛ b o a
r e n n k ɔ b o a
n n a _ r e m m b ɛ b o a
n n a _ r e n n k ɔ b o a
r e b ɛ b o a
r e k ɔ b o a
n n a _ r e b ɛ b o a
n n a _ r e k ɔ b o a
k ɔ b o a
b ɛ b o a e e
k ɔ b o a e e
m m a _ m m b o a
m b o a
n n y ɛ e e
n n a _ n n y ɛ e e
a y ɛ
n n a _ a y ɛ
r e n n y ɛ
n n a _ r e n n y ɛ
r e y ɛ
n n a _ r e y ɛ
b ɛ y ɛ
r e n n y ɛ
n n y ɛ
a n n y ɛ
y ɛ
y ɛ e e
m m a _ n n y ɛ
y ɛ
n n k ɔ y ɛ
a m m b ɛ y ɛ
a m m k ɔ y ɛ
y ɛ
m m b ɛ y ɛ e e
n n k ɔ y ɛ e e
n n a _ m m b ɛ y ɛ e e
n n a _ n n k ɔ y ɛ e e
a b ɛ y ɛ
a k ɔ y ɛ
n n a _ a b ɛ y ɛ
n n a _ a k ɔ y ɛ
r e m m b ɛ y ɛ
r e n n k ɔ y ɛ
n n a _ r e m m b ɛ y ɛ
n n a _ r e n n k ɔ y ɛ
r e b ɛ y ɛ
r e k ɔ y ɛ
n n a _ r e b ɛ y ɛ
n n a _ r e k ɔ y ɛ
k ɔ y ɛ
b ɛ y ɛ e e
k ɔ y ɛ e e
m m a _ n n y ɛ
n y ɛ
n n k a e e
n n a _ n n k a e e
a k a
n n a _ a k a
r e n n k a
n n a _ r e n n k a
r e k a
n n a _ r e k a
b ɛ k a
r e n n k a
n n k a
a n n k a
k a
k a e e
m m a _ n n k a
k a
n n k ɔ k a
a m m b ɛ k a
a m m k ɔ k a
k a
m m b ɛ k a e e
n n k ɔ k a e e
n n a _ m m b ɛ k a e e
n n a _ n n k ɔ k a e e
a b ɛ k a
a k ɔ k a
n n a _ a b ɛ k a
n n a _ a k ɔ k a
r e m m b ɛ k a
r e n n k ɔ k a
n n a _ r e m m b ɛ k a
n n a _ r e n n k ɔ k a
r e b ɛ k a
r e k ɔ k a
n n a _ r e b ɛ k a
n n a _ r e k ɔ k a
k ɔ k a
b ɛ k a e e
k ɔ k a e e
m m a _ n n k a
n k a
n n t i n t i m e e
n n a _ n n t i n t i m e e
a t i n t i m
n n a _ a t i n t i m
r e n n t i n t i m
n n a _ r e n n t i n t i m
r e t i n t i m
n n a _ r e t i n t i m
b ɛ t i n t i m
r e n n t i n t i m
n n t i n t i m
a n n t i n t i m
t i n t i m
t i n t i m e e
m m a _ n n t i n t i m
t i n t i m
n n k ɔ t i n t i m
a m m b ɛ t i n t i m
a m m k ɔ t i n t i m
t i n t i m
m m b ɛ t i n t i m e e
n n k ɔ t i n t i m e e
n n a _ m m b ɛ t i n t i m e e
n n a _ n n k ɔ t i n t i m e e
a b ɛ t i n t i m
a k ɔ t i n t i m
n n a _ a b ɛ t i n t i m
n n a _ a k ɔ t i n t i m
r e m m b ɛ t i n t i m
r e n n k ɔ t i n t i m
n n a _ r e m m b ɛ t i n t i m
n n a _ r e n n k ɔ t i n t i m
r e b ɛ t i n t i m
r e k ɔ t i n t i m
n n a _ r e b ɛ t i n t i m
n n a _ r e k ɔ t i n t i m
k ɔ t i n t i m
b ɛ t i n t i m e e
k ɔ t i n t i m e e
m m a _ n n t i n t i m
n t i n t i m
m m m a e e
n n a _ m m m a e e
a m a
n n a _ a m a
r e m m m a
n n a _ r e m m m a
r e m a
n n a _ r e m a
b ɛ m a
r e m m m a
m m m a
a m m m a
m a
m a e e
m m a _ m m m a
m a
n n k ɔ m a
a m m b ɛ m a
a m m k ɔ m a
m a
m m b ɛ m a e e
n n k ɔ m a e e
n n a _ m m b ɛ m a e e
n n a _ n n k ɔ m a e e
a b ɛ m a
a k ɔ m a
n n a _ a b ɛ m a
n n a _ a k ɔ m a
r e m m b ɛ m a
r e n n k ɔ m a
n n a _ r e m m b ɛ m a
n n a _ r e n n k ɔ m a
r e b ɛ m a
r e k ɔ m a
n n a _ r e b ɛ m a
n n a _ r e k ɔ m a
k ɔ m a
b ɛ m a e e
k ɔ m a e e
m m a _ m m m a
m m a
n n d i e e
n n a _ n n d i e e
a d i
n n a _ a d i
r e n n d i
n n a _ r e n n d i
r e d i
n n a _ r e d i
b ɛ d i
r e n n d i
n n d i
a n n d i
d i
d i e e
m m a _ n n d i
d i
n n k ɔ d i
a m m b ɛ d i
a m m k ɔ d i
d i
m m b ɛ d i e e
n n k ɔ d i e e
n n a _ m m b ɛ d i e e
n n a _ n n k ɔ d i e e
a b ɛ d i
a k ɔ d i
n n a _ a b ɛ d i
n n a _ a k ɔ d i
r e m m b ɛ d i
r e n n k ɔ d i
n n a _ r e m m b ɛ d i
n n a _ r e n n k ɔ d i
r e b ɛ d i
r e k ɔ d i
n n a _ r e b ɛ d i
n n a _ r e k ɔ d i
k ɔ d i
b ɛ d i e e
k ɔ d i e e
m m a _ n n d i
n d i
n n t e _ a s e e
n n a _ n n t e _ a s e e
a t e _ a s e
n n a _ a t e _ a s e
r e n n t e _ a s e
n n a _ r e n n t e _ a s e
r e t e _ a s e
n n a _ r e t e _ a s e
b ɛ t e _ a s e
r e n n t e _ a s e
n n t e _ a s e
a n n t e _ a s e
t e _ a s e
t e _ a s e e
m m a _ n n t e _ a s e
t e _ a s e
n n k ɔ t e _ a s e
a m m b ɛ t e _ a s e
a m m k ɔ t e _ a s e
t e _ a s e
m m b ɛ t e _ a s e e
n n k ɔ t e _ a s e e
n n a _ m m b ɛ t e _ a s e e
n n a _ n n k ɔ t e _ a s e e
a b ɛ t e _ a s e
a k ɔ t e _ a s e
n n a _ a b ɛ t e _ a s e
n n a _ a k ɔ t e _ a s e
r e m m b ɛ t e _ a s e
r e n n k ɔ t e _ a s e
n n a _ r e m m b ɛ t e _ a s e
n n a _ r e n n k ɔ t e _ a s e
r e b ɛ t e _ a s e
r e k ɔ t e _ a s e
n n a _ r e b ɛ t e _ a s e
n n a _ r e k ɔ t e _ a s e
k ɔ t e _ a s e
b ɛ t e _ a s e e
k ɔ t e _ a s e e
m m a _ n n t e _ a s e
n t e _ a s e
n n s e r e w e e
n n a _ n n s e r e w e e
a s e r e w
n n a _ a s e r e w
r e n n s e r e w
n n a _ r e n n s e r e w
r e s e r e w
n n a _ r e s e r e w
b ɛ s e r e w
r e n n s e r e w
n n s e r e w
a n n s e r e w
s e r e w
s e r e w e e
m m a _ n n s e r e w
s e r e w
n n k ɔ s e r e w
a m m b ɛ s e r e w
a m m k ɔ s e r e w
s e r e w
m m b ɛ s e r e w e e
n n k ɔ s e r e w e e
n n a _ m m b ɛ s e r e w e e
n n a _ n n k ɔ s e r e w e e
a b ɛ s e r e w
a k ɔ s e r e w
n n a _ a b ɛ s e r e w
n n a _ a k ɔ s e r e w
r e m m b ɛ s e r e w
r e n n k ɔ s e r e w
n n a _ r e m m b ɛ s e r e w
n n a _ r e n n k ɔ s e r e w
r e b ɛ s e r e w
r e k ɔ s e r e w
n n a _ r e b ɛ s e r e w
n n a _ r e k ɔ s e r e w
k ɔ s e r e w
b ɛ s e r e w e e
k ɔ s e r e w e e
m m a _ n n s e r e w
n s e r e w
n n w o s o w e e
n n a _ n n w o s o w e e
a w o s o w
n n a _ a w o s o w
r e n n w o s o w
n n a _ r e n n w o s o w
r e w o s o w
n n a _ r e w o s o w
b ɛ w o s o w
r e n n w o s o w
n n w o s o w
a n n w o s o w
w o s o w
w o s o w e e
m m a _ n n w o s o w
w o s o w
n n k ɔ w o s o w
a m m b ɛ w o s o w
a m m k ɔ w o s o w
w o s o w
m m b ɛ w o s o w e e
n n k ɔ w o s o w e e
n n a _ m m b ɛ w o s o w e e
n n a _ n n k ɔ w o s o w e e
a b ɛ w o s o w
a k ɔ w o s o w
n n a _ a b ɛ w o s o w
n n a _ a k ɔ w o s o w
r e m m b ɛ w o s o w
r e n n k ɔ w o s o w
n n a _ r e m m b ɛ w o s o w
n n a _ r e n n k ɔ w o s o w
r e b ɛ w o s o w
r e k ɔ w o s o w
n n a _ r e b ɛ w o s o w
n n a _ r e k ɔ w o s o w
k ɔ w o s o w
b ɛ w o s o w e e
k ɔ w o s o w e e
m m a _ n n w o s o w
n w o s o w
n n t e w e e
n n a _ n n t e w e e
a t e w
n n a _ a t e w
r e n n t e w
n n a _ r e n n t e w
r e t e w
n n a _ r e t e w
b ɛ t e w
r e n n t e w
n n t e w
a n n t e w
t e w
t e w e e
m m a _ n n t e w
t e w
n n k ɔ t e w
a m m b ɛ t e w
a m m k ɔ t e w
t e w
m m b ɛ t e w e e
n n k ɔ t e w e e
n n a _ m m b ɛ t e w e e
n n a _ n n k ɔ t e w e e
a b ɛ t e w
a k ɔ t e w
n n a _ a b ɛ t e w
n n a _ a k ɔ t e w
r e m m b ɛ t e w
r e n n k ɔ t e w
n n a _ r e m m b ɛ t e w
n n a _ r e n n k ɔ t e w
r e b ɛ t e w
r e k ɔ t e w
n n a _ r e b ɛ t e w
n n a _ r e k ɔ t e w
k ɔ t e w
b ɛ t e w e e
k ɔ t e w e e
m m a _ n n t e w
n t e w
n n k e k a m u e e
n n a _ n n k e k a m u e e
a k e k a m u
n n a _ a k e k a m u
r e n n k e k a m u
n n a _ r e n n k e k a m u
r e k e k a m u
n n a _ r e k e k a m u
b ɛ k e k a m u
r e n n k e k a m u
n n k e k a m u
a n n k e k a m u
k e k a m u
k e k a m u e e
m m a _ n n k e k a m u
k e k a m u
n n k ɔ k e k a m u
a m m b ɛ k e k a m u
a m m k ɔ k e k a m u
k e k a m u
m m b ɛ k e k a m u e e
n n k ɔ k e k a m u e e
n n a _ m m b ɛ k e k a m u e e
n n a _ n n k ɔ k e k a m u e e
a b ɛ k e k a m u
a k ɔ k e k a m u
n n a _ a b ɛ k e k a m u
n n a _ a k ɔ k e k a m u
r e m m b ɛ k e k a m u
r e n n k ɔ k e k a m u
n n a _ r e m m b ɛ k e k a m u
n n a _ r e n n k ɔ k e k a m u
r e b ɛ k e k a m u
r e k ɔ k e k a m u
n n a _ r e b ɛ k e k a m u
n n a _ r e k ɔ k e k a m u
k ɔ k e k a m u
b ɛ k e k a m u e e
k ɔ k e k a m u e e
m m a _ n n k e k a m u
n k e k a m u
m m m i a e e
n n a _ m m m i a e e
a m i a
n n a _ a m i a
r e m m m i a
n n a _ r e m m m i a
r e m i a
n n a _ r e m i a
b ɛ m i a
r e m m m i a
m m m i a
a m m m i a
m i a
m i a e e
m m a _ m m m i a
m i a
n n k ɔ m i a
a m m b ɛ m i a
a m m k ɔ m i a
m i a
m m b ɛ m i a e e
n n k ɔ m i a e e
n n a _ m m b ɛ m i a e e
n n a _ n n k ɔ m i a e e
a b ɛ m i a
a k ɔ m i a
n n a _ a b ɛ m i a
n n a _ a k ɔ m i a
r e m m b ɛ m i a
r e n n k ɔ m i a
n n a _ r e m m b ɛ m i a
n n a _ r e n n k ɔ m i a
r e b ɛ m i a
r e k ɔ m i a
n n a _ r e b ɛ m i a
n n a _ r e k ɔ m i a
k ɔ m i a
b ɛ m i a e e
k ɔ m i a e e
m m a _ m m m i a
m m i a
n n k ɔ _ t i e f i e e
n n a _ n n k ɔ _ t i e f i e e
a k ɔ _ t i e f i
n n a _ a k ɔ _ t i e f i
r e n n k ɔ _ t i e f i
n n a _ r e n n k ɔ _ t i e f i
r e k ɔ _ t i e f i
n n a _ r e k ɔ _ t i e f i
b ɛ k ɔ _ t i e f i
r e n n k ɔ _ t i e f i
n n k ɔ _ t i e f i
a n n k ɔ _ t i e f i
k ɔ _ t i e f i
k ɔ _ t i e f i e e
m m a _ n n k ɔ _ t i e f i
k ɔ _ t i e f i
n n k ɔ k ɔ _ t i e f i
a m m b ɛ k ɔ _ t i e f i
a m m k ɔ k ɔ _ t i e f i
k ɔ _ t i e f i
m m b ɛ k ɔ _ t i e f i e e
n n k ɔ k ɔ _ t i e f i e e
n n a _ m m b ɛ k ɔ _ t i e f i e e
n n a _ n n k ɔ k ɔ _ t i e f i e e
a b ɛ k ɔ _ t i e f i
a k ɔ k ɔ _ t i e f i
n n a _ a b ɛ k ɔ _ t i e f i
n n a _ a k ɔ k ɔ _ t i e f i
r e m m b ɛ k ɔ _ t i e f i
r e n n k ɔ k ɔ _ t i e f i
n n a _ r e m m b ɛ k ɔ _ t i e f i
n n a _ r e n n k ɔ k ɔ _ t i e f i
r e b ɛ k ɔ _ t i e f i
r e k ɔ k ɔ _ t i e f i
n n a _ r e b ɛ k ɔ _ t i e f i
n n a _ r e k ɔ k ɔ _ t i e f i
k ɔ k ɔ _ t i e f i
b ɛ k ɔ _ t i e f i e e
k ɔ k ɔ _ t i e f i e e
m m a _ n n k ɔ _ t i e f i
n k ɔ _ t i e f i
n n t w e e
n n a _ n n t w e e
a t w e
n n a _ a t w e
r e n n t w e
n n a _ r e n n t w e
r e t w e
n n a _ r e t w e
b ɛ t w e
r e n n t w e
n n t w e
a n n t w e
t w e
t w e e
m m a _ n n t w e
t w e
n n k ɔ t w e
a m m b ɛ t w e
a m m k ɔ t w e
t w e
m m b ɛ t w e e
n n k ɔ t w e e
n n a _ m m b ɛ t w e e
n n a _ n n k ɔ t w e e
a b ɛ t w e
a k ɔ t w e
n n a _ a b ɛ t w e
n n a _ a k ɔ t w e
r e m m b ɛ t w e
r e n n k ɔ t w e
n n a _ r e m m b ɛ t w e
n n a _ r e n n k ɔ t w e
r e b ɛ t w e
r e k ɔ t w e
n n a _ r e b ɛ t w e
n n a _ r e k ɔ t w e
k ɔ t w e
b ɛ t w e e
k ɔ t w e e
m m a _ n n t w e
n t w e
m m b ɔ _ w a w e e
n n a _ m m b ɔ _ w a w e e
a b ɔ _ w a w
n n a _ a b ɔ _ w a w
r e m m b ɔ _ w a w
n n a _ r e m m b ɔ _ w a w
r e b ɔ _ w a w
n n a _ r e b ɔ _ w a w
b ɛ b ɔ _ w a w
r e m m b ɔ _ w a w
m m b ɔ _ w a w
a m m b ɔ _ w a w
b ɔ _ w a w
b ɔ _ w a w e e
m m a _ m m b ɔ _ w a w
b ɔ _ w a w
n n k ɔ b ɔ _ w a w
a m m b ɛ b ɔ _ w a w
a m m k ɔ b ɔ _ w a w
b ɔ _ w a w
m m b ɛ b ɔ _ w a w e e
n n k ɔ b ɔ _ w a w e e
n n a _ m m b ɛ b ɔ _ w a w e e
n n a _ n n k ɔ b ɔ _ w a w e e
a b ɛ b ɔ _ w a w
a k ɔ b ɔ _ w a w
n n a _ a b ɛ b ɔ _ w a w
n n a _ a k ɔ b ɔ _ w a w
r e m m b ɛ b ɔ _ w a w
r e n n k ɔ b ɔ _ w a w
n n a _ r e m m b ɛ b ɔ _ w a w
n n a _ r e n n k ɔ b ɔ _ w a w
r e b ɛ b ɔ _ w a w
r e k ɔ b ɔ _ w a w
n n a _ r e b ɛ b ɔ _ w a w
n n a _ r e k ɔ b ɔ _ w a w
k ɔ b ɔ _ w a w
b ɛ b ɔ _ w a w e e
k ɔ b ɔ _ w a w e e
m m a _ m m b ɔ _ w a w
m b ɔ _ w a w
n n w i e e
n n a _ n n w i e e
a w i e
n n a _ a w i e
r e n n w i e
n n a _ r e n n w i e
r e w i e
n n a _ r e w i e
b ɛ w i e
r e n n w i e
n n w i e
a n n w i e
w i e
w i e e
m m a _ n n w i e
w i e
n n k ɔ w i e
a m m b ɛ w i e
a m m k ɔ w i e
w i e
m m b ɛ w i e e
n n k ɔ w i e e
n n a _ m m b ɛ w i e e
n n a _ n n k ɔ w i e e
a b ɛ w i e
a k ɔ w i e
n n a _ a b ɛ w i e
n n a _ a k ɔ w i e
r e m m b ɛ w i e
r e n n k ɔ w i e
n n a _ r e m m b ɛ w i e
n n a _ r e n n k ɔ w i e
r e b ɛ w i e
r e k ɔ w i e
n n a _ r e b ɛ w i e
n n a _ r e k ɔ w i e
k ɔ w i e
b ɛ w i e e
k ɔ w i e e
m m a _ n n w i e
n w i e
n n s u m a e e
n n a _ n n s u m a e e
a s u m a
n n a _ a s u m a
r e n n s u m a
n n a _ r e n n s u m a
r e s u m a
n n a _ r e s u m a
b ɛ s u m a
r e n n s u m a
n n s u m a
a n n s u m a
s u m a
s u m a e e
m m a _ n n s u m a
s u m a
n n k ɔ s u m a
a m m b ɛ s u m a
a m m k ɔ s u m a
s u m a
m m b ɛ s u m a e e
n n k ɔ s u m a e e
n n a _ m m b ɛ s u m a e e
n n a _ n n k ɔ s u m a e e
a b ɛ s u m a
a k ɔ s u m a
n n a _ a b ɛ s u m a
n n a _ a k ɔ s u m a
r e m m b ɛ s u m a
r e n n k ɔ s u m a
n n a _ r e m m b ɛ s u m a
n n a _ r e n n k ɔ s u m a
r e b ɛ s u m a
r e k ɔ s u m a
n n a _ r e b ɛ s u m a
n n a _ r e k ɔ s u m a
k ɔ s u m a
b ɛ s u m a e e
k ɔ s u m a e e
m m a _ n n s u m a
n s u m a
n n s u o _ m u e e
n n a _ n n s u o _ m u e e
a s u o _ m u
n n a _ a s u o _ m u
r e n n s u o _ m u
n n a _ r e n n s u o _ m u
r e s u o _ m u
n n a _ r e s u o _ m u
b ɛ s u o _ m u
r e n n s u o _ m u
n n s u o _ m u
a n n s u o _ m u
s u o _ m u
s u o _ m u e e
m m a _ n n s u o _ m u
s u o _ m u
n n k ɔ s u o _ m u
a m m b ɛ s u o _ m u
a m m k ɔ s u o _ m u
s u o _ m u
m m b ɛ s u o _ m u e e
n n k ɔ s u o _ m u e e
n n a _ m m b ɛ s u o _ m u e e
n n a _ n n k ɔ s u o _ m u e e
a b ɛ s u o _ m u
a k ɔ s u o _ m u
n n a _ a b ɛ s u o _ m u
n n a _ a k ɔ s u o _ m u
r e m m b ɛ s u o _ m u
r e n n k ɔ s u o _ m u
n n a _ r e m m b ɛ s u o _ m u
n n a _ r e n n k ɔ s u o _ m u
r e b ɛ s u o _ m u
r e k ɔ s u o _ m u
n n a _ r e b ɛ s u o _ m u
n n a _ r e k ɔ s u o _ m u
k ɔ s u o _ m u
b ɛ s u o _ m u e e
k ɔ s u o _ m u e e
m m a _ n n s u o _ m u
n s u o _ m u
n n s e n s e n e e
n n a _ n n s e n s e n e e
a s e n s e n
n n a _ a s e n s e n
r e n n s e n s e n
n n a _ r e n n s e n s e n
r e s e n s e n
n n a _ r e s e n s e n
b ɛ s e n s e n
r e n n s e n s e n
n n s e n s e n
a n n s e n s e n
s e n s e n
s e n s e n e e
m m a _ n n s e n s e n
s e n s e n
n n k ɔ s e n s e n
a m m b ɛ s e n s e n
a m m k ɔ s e n s e n
s e n s e n
m m b ɛ s e n s e n e e
n n k ɔ s e n s e n e e
n n a _ m m b ɛ s e n s e n e e
n n a _ n n k ɔ s e n s e n e e
a b ɛ s e n s e n
a k ɔ s e n s e n
n n a _ a b ɛ s e n s e n
n n a _ a k ɔ s e n s e n
r e m m b ɛ s e n s e n
r e n n k ɔ s e n s e n
n n a _ r e m m b ɛ s e n s e n
n n a _ r e n n k ɔ s e n s e n
r e b ɛ s e n s e n
r e k ɔ s e n s e n
n n a _ r e b ɛ s e n s e n
n n a _ r e k ɔ s e n s e n
k ɔ s e n s e n
b ɛ s e n s e n e e
k ɔ s e n s e n e e
m m a _ n n s e n s e n
n s e n s e n
m m p i a e e
n n a _ m m p i a e e
a p i a
n n a _ a p i a
r e m m p i a
n n a _ r e m m p i a
r e p i a
n n a _ r e p i a
b ɛ p i a
r e m m p i a
m m p i a
a m m p i a
p i a
p i a e e
m m a _ m m p i a
p i a
n n k ɔ p i a
a m m b ɛ p i a
a m m k ɔ p i a
p i a
m m b ɛ p i a e e
n n k ɔ p i a e e
n n a _ m m b ɛ p i a e e
n n a _ n n k ɔ p i a e e
a b ɛ p i a
a k ɔ p i a
n n a _ a b ɛ p i a
n n a _ a k ɔ p i a
r e m m b ɛ p i a
r e n n k ɔ p i a
n n a _ r e m m b ɛ p i a
n n a _ r e n n k ɔ p i a
r e b ɛ p i a
r e k ɔ p i a
n n a _ r e b ɛ p i a
n n a _ r e k ɔ p i a
k ɔ p i a
b ɛ p i a e e
k ɔ p i a e e
m m a _ m m p i a
m p i a
n n d i _ n k o n i m e e
n n a _ n n d i _ n k o n i m e e
a d i _ n k o n i m
n n a _ a d i _ n k o n i m
r e n n d i _ n k o n i m
n n a _ r e n n d i _ n k o n i m
r e d i _ n k o n i m
n n a _ r e d i _ n k o n i m
b ɛ d i _ n k o n i m
r e n n d i _ n k o n i m
n n d i _ n k o n i m
a n n d i _ n k o n i m
d i _ n k o n i m
d i _ n k o n i m e e
m m a _ n n d i _ n k o n i m
d i _ n k o n i m
n n k ɔ d i _ n k o n i m
a m m b ɛ d i _ n k o n i m
a m m k ɔ d i _ n k o n i m
d i _ n k o n i m
m m b ɛ d i _ n k o n i m e e
n n k ɔ d i _ n k o n i m e e
n n a _ m m b ɛ d i _ n k o n i m e e
n n a _ n n k ɔ d i _ n k o n i m e e
a b ɛ d i _ n k o n i m
a k ɔ d i _ n k o n i m
n n a _ a b ɛ d i _ n k o n i m
n n a _ a k ɔ d i _ n k o n i m
r e m m b ɛ d i _ n k o n i m
r e n n k ɔ d i _ n k o n i m
n n a _ r e m m b ɛ d i _ n k o n i m
n n a _ r e n n k ɔ d i _ n k o n i m
r e b ɛ d i _ n k o n i m
r e k ɔ d i _ n k o n i m
n n a _ r e b ɛ d i _ n k o n i m
n n a _ r e k ɔ d i _ n k o n i m
k ɔ d i _ n k o n i m
b ɛ d i _ n k o n i m e e
k ɔ d i _ n k o n i m e e
m m a _ n n d i _ n k o n i m
n d i _ n k o n i m
n n w o e e
n n a _ n n w o e e
a w o
n n a _ a w o
r e n n w o
n n a _ r e n n w o
r e w o
n n a _ r e w o
b ɛ w o
r e n n w o
n n w o
a n n w o
w o
w o e e
m m a _ n n w o
w o
n n k ɔ w o
a m m b ɛ w o
a m m k ɔ w o
w o
m m b ɛ w o e e
n n k ɔ w o e e
n n a _ m m b ɛ w o e e
n n a _ n n k ɔ w o e e
a b ɛ w o
a k ɔ w o
n n a _ a b ɛ w o
n n a _ a k ɔ w o
r e m m b ɛ w o
r e n n k ɔ w o
n n a _ r e m m b ɛ w o
n n a _ r e n n k ɔ w o
r e b ɛ w o
r e k ɔ w o
n n a _ r e b ɛ w o
n n a _ r e k ɔ w o
k ɔ w o
b ɛ w o e e
k ɔ w o e e
m m a _ n n w o
n w o
n n w e e
n n a _ n n w e e
a w e
n n a _ a w e
r e n n w e
n n a _ r e n n w e
r e w e
n n a _ r e w e
b ɛ w e
r e n n w e
n n w e
a n n w e
w e
w e e
m m a _ n n w e
w e
n n k ɔ w e
a m m b ɛ w e
a m m k ɔ w e
w e
m m b ɛ w e e
n n k ɔ w e e
n n a _ m m b ɛ w e e
n n a _ n n k ɔ w e e
a b ɛ w e
a k ɔ w e
n n a _ a b ɛ w e
n n a _ a k ɔ w e
r e m m b ɛ w e
r e n n k ɔ w e
n n a _ r e m m b ɛ w e
n n a _ r e n n k ɔ w e
r e b ɛ w e
r e k ɔ w e
n n a _ r e b ɛ w e
n n a _ r e k ɔ w e
k ɔ w e
b ɛ w e e
k ɔ w e e
m m a _ n n w e
n w e
n n t o w e e
n n a _ n n t o w e e
a t o w
n n a _ a t o w
r e n n t o w
n n a _ r e n n t o w
r e t o w
n n a _ r e t o w
b ɛ t o w
r e n n t o w
n n t o w
a n n t o w
t o w
t o w e e
m m a _ n n t o w
t o w
n n k ɔ t o w
a m m b ɛ t o w
a m m k ɔ t o w
t o w
m m b ɛ t o w e e
n n k ɔ t o w e e
n n a _ m m b ɛ t o w e e
n n a _ n n k ɔ t o w e e
a b ɛ t o w
a k ɔ t o w
n n a _ a b ɛ t o w
n n a _ a k ɔ t o w
r e m m b ɛ t o w
r e n n k ɔ t o w
n n a _ r e m m b ɛ t o w
n n a _ r e n n k ɔ t o w
r e b ɛ t o w
r e k ɔ t o w
n n a _ r e b ɛ t o w
n n a _ r e k ɔ t o w
k ɔ t o w
b ɛ t o w e e
k ɔ t o w e e
m m a _ n n t o w
n t o w
n n t a r e e
n n a _ n n t a r e e
a t a r e
n n a _ a t a r e
r e n n t a r e
n n a _ r e n n t a r e
r e t a r e
n n a _ r e t a r e
b ɛ t a r e
r e n n t a r e
n n t a r e
a n n t a r e
t a r e
t a r e e
m m a _ n n t a r e
t a r e
n n k ɔ t a r e
a m m b ɛ t a r e
a m m k ɔ t a r e
t a r e
m m b ɛ t a r e e
n n k ɔ t a r e e
n n a _ m m b ɛ t a r e e
n n a _ n n k ɔ t a r e e
a b ɛ t a r e
a k ɔ t a r e
n n a _ a b ɛ t a r e
n n a _ a k ɔ t a r e
r e m m b ɛ t a r e
r e n n k ɔ t a r e
n n a _ r e m m b ɛ t a r e
n n a _ r e n n k ɔ t a r e
r e b ɛ t a r e
r e k ɔ t a r e
n n a _ r e b ɛ t a r e
n n a _ r e k ɔ t a r e
k ɔ t a r e
b ɛ t a r e e
k ɔ t a r e e
m m a _ n n t a r e
n t a r e
n n k y e r e ɛ w e e
n n a _ n n k y e r e ɛ w e e
a k y e r e ɛ w
n n a _ a k y e r e ɛ w
r e n n k y e r e ɛ w
n n a _ r e n n k y e r e ɛ w
r e k y e r e ɛ w
n n a _ r e k y e r e ɛ w
b ɛ k y e r e ɛ w
r e n n k y e r e ɛ w
n n k y e r e ɛ w
a n n k y e r e ɛ w
k y e r e ɛ w
k y e r e ɛ w e e
m m a _ n n k y e r e ɛ w
k y e r e ɛ w
n n k ɔ k y e r e ɛ w
a m m b ɛ k y e r e ɛ w
a m m k ɔ k y e r e ɛ w
k y e r e ɛ w
m m b ɛ k y e r e ɛ w e e
n n k ɔ k y e r e ɛ w e e
n n a _ m m b ɛ k y e r e ɛ w e e
n n a _ n n k ɔ k y e r e ɛ w e e
a b ɛ k y e r e ɛ w
a k ɔ k y e r e ɛ w
n n a _ a b ɛ k y e r e ɛ w
n n a _ a k ɔ k y e r e ɛ w
r e m m b ɛ k y e r e ɛ w
r e n n k ɔ k y e r e ɛ w
n n a _ r e m m b ɛ k y e r e ɛ w
n n a _ r e n n k ɔ k y e r e ɛ w
r e b ɛ k y e r e ɛ w
r e k ɔ k y e r e ɛ w
n n a _ r e b ɛ k y e r e ɛ w
n n a _ r e k ɔ k y e r e ɛ w
k ɔ k y e r e ɛ w
b ɛ k y e r e ɛ w e e
k ɔ k y e r e ɛ w e e
m m a _ n n k y e r e ɛ w
n k y e r e ɛ w
n n k e n k a n e e
n n a _ n n k e n k a n e e
a k e n k a n
n n a _ a k e n k a n
r e n n k e n k a n
n n a _ r e n n k e n k a n
r e k e n k a n
n n a _ r e k e n k a n
b ɛ k e n k a n
r e n n k e n k a n
n n k e n k a n
a n n k e n k a n
k e n k a n
k e n k a n e e
m m a _ n n k e n k a n
k e n k a n
n n k ɔ k e n k a n
a m m b ɛ k e n k a n
a m m k ɔ k e n k a n
k e n k a n
m m b ɛ k e n k a n e e
n n k ɔ k e n k a n e e
n n a _ m m b ɛ k e n k a n e e
n n a _ n n k ɔ k e n k a n e e
a b ɛ k e n k a n
a k ɔ k e n k a n
n n a _ a b ɛ k e n k a n
n n a _ a k ɔ k e n k a n
r e m m b ɛ k e n k a n
r e n n k ɔ k e n k a n
n n a _ r e m m b ɛ k e n k a n
n n a _ r e n n k ɔ k e n k a n
r e b ɛ k e n k a n
r e k ɔ k e n k a n
n n a _ r e b ɛ k e n k a n
n n a _ r e k ɔ k e n k a n
k ɔ k e n k a n
b ɛ k e n k a n e e
k ɔ k e n k a n e e
m m a _ n n k e n k a n
n k e n k a n
n n k y e r ɛ e e
n n a _ n n k y e r ɛ e e
a k y e r ɛ
n n a _ a k y e r ɛ
r e n n k y e r ɛ
n n a _ r e n n k y e r ɛ
r e k y e r ɛ
n n a _ r e k y e r ɛ
b ɛ k y e r ɛ
r e n n k y e r ɛ
n n k y e r ɛ
a n n k y e r ɛ
k y e r ɛ
k y e r ɛ e e
m m a _ n n k y e r ɛ
k y e r ɛ
n n k ɔ k y e r ɛ
a m m b ɛ k y e r ɛ
a m m k ɔ k y e r ɛ
k y e r ɛ
m m b ɛ k y e r ɛ e e
n n k ɔ k y e r ɛ e e
n n a _ m m b ɛ k y e r ɛ e e
n n a _ n n k ɔ k y e r ɛ e e
a b ɛ k y e r ɛ
a k ɔ k y e r ɛ
n n a _ a b ɛ k y e r ɛ
n n a _ a k ɔ k y e r ɛ
r e m m b ɛ k y e r ɛ
r e n n k ɔ k y e r ɛ
n n a _ r e m m b ɛ k y e r ɛ
n n a _ r e n n k ɔ k y e r ɛ
r e b ɛ k y e r ɛ
r e k ɔ k y e r ɛ
n n a _ r e b ɛ k y e r ɛ
n n a _ r e k ɔ k y e r ɛ
k ɔ k y e r ɛ
b ɛ k y e r ɛ e e
k ɔ k y e r ɛ e e
m m a _ n n k y e r ɛ
n k y e r ɛ
n n h w e h w ɛ e e
n n a _ n n h w e h w ɛ e e
a h w e h w ɛ
n n a _ a h w e h w ɛ
r e n n h w e h w ɛ
n n a _ r e n n h w e h w ɛ
r e h w e h w ɛ
n n a _ r e h w e h w ɛ
b ɛ h w e h w ɛ
r e n n h w e h w ɛ
n n h w e h w ɛ
a n n h w e h w ɛ
h w e h w ɛ
h w e h w ɛ e e
m m a _ n n h w e h w ɛ
h w e h w ɛ
n n k ɔ h w e h w ɛ
a m m b ɛ h w e h w ɛ
a m m k ɔ h w e h w ɛ
h w e h w ɛ
m m b ɛ h w e h w ɛ e e
n n k ɔ h w e h w ɛ e e
n n a _ m m b ɛ h w e h w ɛ e e
n n a _ n n k ɔ h w e h w ɛ e e
a b ɛ h w e h w ɛ
a k ɔ h w e h w ɛ
n n a _ a b ɛ h w e h w ɛ
n n a _ a k ɔ h w e h w ɛ
r e m m b ɛ h w e h w ɛ
r e n n k ɔ h w e h w ɛ
n n a _ r e m m b ɛ h w e h w ɛ
n n a _ r e n n k ɔ h w e h w ɛ
r e b ɛ h w e h w ɛ
r e k ɔ h w e h w ɛ
n n a _ r e b ɛ h w e h w ɛ
n n a _ r e k ɔ h w e h w ɛ
k ɔ h w e h w ɛ
b ɛ h w e h w ɛ e e
k ɔ h w e h w ɛ e e
m m a _ n n h w e h w ɛ
n h w e h w ɛ
n n t e n a e e
n n a _ n n t e n a e e
a t e n a
n n a _ a t e n a
r e n n t e n a
n n a _ r e n n t e n a
r e t e n a
n n a _ r e t e n a
b ɛ t e n a
r e n n t e n a
n n t e n a
a n n t e n a
t e n a
t e n a e e
m m a _ n n t e n a
t e n a
n n k ɔ t e n a
a m m b ɛ t e n a
a m m k ɔ t e n a
t e n a
m m b ɛ t e n a e e
n n k ɔ t e n a e e
n n a _ m m b ɛ t e n a e e
n n a _ n n k ɔ t e n a e e
a b ɛ t e n a
a k ɔ t e n a
n n a _ a b ɛ t e n a
n n a _ a k ɔ t e n a
r e m m b ɛ t e n a
r e n n k ɔ t e n a
n n a _ r e m m b ɛ t e n a
n n a _ r e n n k ɔ t e n a
r e b ɛ t e n a
r e k ɔ t e n a
n n a _ r e b ɛ t e n a
n n a _ r e k ɔ t e n a
k ɔ t e n a
b ɛ t e n a e e
k ɔ t e n a e e
m m a _ n n t e n a
n t e n a
n n t ɔ e e
n n a _ n n t ɔ e e
a t ɔ
n n a _ a t ɔ
r e n n t ɔ
n n a _ r e n n t ɔ
r e t ɔ
n n a _ r e t ɔ
b ɛ t ɔ
r e n n t ɔ
n n t ɔ
a n n t ɔ
t ɔ
t ɔ e e
m m a _ n n t ɔ
t ɔ
n n k ɔ t ɔ
a m m b ɛ t ɔ
a m m k ɔ t ɔ
t ɔ
m m b ɛ t ɔ e e
n n k ɔ t ɔ e e
n n a _ m m b ɛ t ɔ e e
n n a _ n n k ɔ t ɔ e e
a b ɛ t ɔ
a k ɔ t ɔ
n n a _ a b ɛ t ɔ
n n a _ a k ɔ t ɔ
r e m m b ɛ t ɔ
r e n n k ɔ t ɔ
n n a _ r e m m b ɛ t ɔ
n n a _ r e n n k ɔ t ɔ
r e b ɛ t ɔ
r e k ɔ t ɔ
n n a _ r e b ɛ t ɔ
n n a _ r e k ɔ t ɔ
k ɔ t ɔ
b ɛ t ɔ e e
k ɔ t ɔ e e
m m a _ n n t ɔ
n t ɔ
n n h u a n e e
n n a _ n n h u a n e e
a h u a n e
n n a _ a h u a n e
r e n n h u a n e
n n a _ r e n n h u a n e
r e h u a n e
n n a _ r e h u a n e
b ɛ h u a n e
r e n n h u a n e
n n h u a n e
a n n h u a n e
h u a n e
h u a n e e
m m a _ n n h u a n e
h u a n e
n n k ɔ h u a n e
a m m b ɛ h u a n e
a m m k ɔ h u a n e
h u a n e
m m b ɛ h u a n e e
n n k ɔ h u a n e e
n n a _ m m b ɛ h u a n e e
n n a _ n n k ɔ h u a n e e
a b ɛ h u a n e
a k ɔ h u a n e
n n a _ a b ɛ h u a n e
n n a _ a k ɔ h u a n e
r e m m b ɛ h u a n e
r e n n k ɔ h u a n e
n n a _ r e m m b ɛ h u a n e
n n a _ r e n n k ɔ h u a n e
r e b ɛ h u a n e
r e k ɔ h u a n e
n n a _ r e b ɛ h u a n e
n n a _ r e k ɔ h u a n e
k ɔ h u a n e
b ɛ h u a n e e
k ɔ h u a n e e
m m a _ n n h u a n e
n h u a n e
n n h u n t i e e
n n a _ n n h u n t i e e
a h u n t i
n n a _ a h u n t i
r e n n h u n t i
n n a _ r e n n h u n t i
r e h u n t i
n n a _ r e h u n t i
b ɛ h u n t i
r e n n h u n t i
n n h u n t i
a n n h u n t i
h u n t i
h u n t i e e
m m a _ n n h u n t i
h u n t i
n n k ɔ h u n t i
a m m b ɛ h u n t i
a m m k ɔ h u n t i
h u n t i
m m b ɛ h u n t i e e
n n k ɔ h u n t i e e
n n a _ m m b ɛ h u n t i e e
n n a _ n n k ɔ h u n t i e e
a b ɛ h u n t i
a k ɔ h u n t i
n n a _ a b ɛ h u n t i
n n a _ a k ɔ h u n t i
r e m m b ɛ h u n t i
r e n n k ɔ h u n t i
n n a _ r e m m b ɛ h u n t i
n n a _ r e n n k ɔ h u n t i
r e b ɛ h u n t i
r e k ɔ h u n t i
n n a _ r e b ɛ h u n t i
n n a _ r e k ɔ h u n t i
k ɔ h u n t i
b ɛ h u n t i e e
k ɔ h u n t i e e
m m a _ n n h u n t i
n h u n t i
k o
e m b n m
h i p a t h f
t s k k p a p
s u _ p o a w s t
m o o r h m ɛ m u e y a u r f d u p
a u m ɛ ɛ o ɔ b r ɔ ɔ
k b
k a t s a h d s r ɛ t p n i u s b p s
y w w y y ɛ
f ɔ n d r w a s b i h b ɛ t w d h
o w d d w
b d ɛ d ɛ t t
f e m p u y k
i ɔ d a w t _ y u t w _ b b m r
s u n d e k p b t b y n
r y a m m i s
t d i
ɛ p
ɛ w t h i d
d s
k w o m ɛ w ɛ r h s p
n y h
t o o
r k d t b i ɛ d n p k
w n r w o b h ɔ s e d h s b _ b w m
u f u p p _ b e ɔ ɛ n r s e d r k e y
r n
f n r w p t h ɔ w b r r r t _ r
e ɔ r f ɔ s _ f
f ɔ p i d a p r n y k f t m y w e s
h m i y
n n e n r d r o m n f
_ e b a y _ f d b r r ɛ y r b ɔ k k a
u s d d e s t w n
e r h a f k ɔ ɔ t n r n ɔ
d t ɛ m n i p ɔ f p
b w t i m f s m d d e r b h m
r f y e m ɔ t
t f w m
y y ɔ n _ d e ɔ r t u d e r o r s
p a r t f d u t f d d o n ɛ o
u u i t k i
i y p f y
u h r ɔ w w ɔ ɔ m m w h
u h e y _ p f w ɔ ɔ p r n
h s i n i f r _
r d d i o
u i t e b i ɛ k p m b h _ w
m n n t _ w i p a f e k u ɔ y
s y ɔ o a s y ɔ p u p k ɛ n d i k
d b u i s k ɛ n i _ m ɛ t i _ ɛ u s
a b t ɔ r b a a n p a o m _ d i d u
k _ a
o w p ɔ n r e k f d
r ɔ k d i ɛ w _ a
t e y r _ s ɔ n
t p _ o b a k e o o f
w r p e ɛ y ɛ y m
ɔ _ d p p d s p t ɔ h f r
_ r m d t y _ p n s k
ɔ ɛ h b _ h w e t h s a _ t p a
k s o f ɛ h ɛ i o k d p d y b
o r y ɛ a o w s a ɛ e b u ɛ y w a s
o a k s d m
n i _ u k a
e _ r
t t y d ɛ
y p o p p a w e d k w s s e s y k
e y f k e w k t r m p s i y
e ɔ u a n w y o _ k d h k a y
i r h f b d ɔ _ r a r u i _ i p
b o y s p i ɔ p k ɔ o h ɔ
u y y r ɔ d _ _ w i y e p o k
d b w ɛ n a _ a m s h
ɔ k d s h p w e n e p w m w b
w a b k e e h m a n f
_ r m ɛ _ u w d u n r ɛ o a
t e e ɔ _ b u p d n _ h f u p i i
d w w y w s s u
r p n d m s a a f i ɔ w s n d f n n
n y o _ h o i n o ɛ r u ɛ u w a u u d
o s f o i p i u r d n ɔ y
t h w f h f ɔ h i ɛ u a u t
h _ b
k ɛ m m m u k m r
m e o w
y ɔ _
t m t
ɔ ɛ m m s r ɔ k w w n
d e w h b y y o _ w r r k
e r d f d h r a f
_ _ ɔ ɛ a e w s s k h u d b i
r _ i
y n r a w i d _ u f e o n i
s h a s ɔ n m h u ɛ
b d n a p a m t r t r ɔ r m e o i
t w f y e p a ɔ a i h w h ɔ
d u m t a e f o _ a h s h h
p m
i u ɔ p y f h k ɛ w o p b u d _ u d n
w y t n _
d i d n e h k m _ b n s h p o k s y
ɛ d e _ d d s p h u m y o f
y _
k m h ɔ w b h
h h a y k ɛ s i y ɔ s
a f t p w y n u m f s _ p o d u e y
s k d a b w i h p a r k y
w e y h k a w b f r m y
b o u p _ ɔ h _ e
s b n m _ f _ n t m h r h w e
k f ɛ y d p w o y ɛ r e b r _ ɛ r t a
a o w o o ɔ k d a
a o p ɛ o r e y w d
s _ y e m a
o o d s w ɛ
h y b b k k b o y w ɛ m y b k d
a w s n k k h k w
y a ɔ s y n i r f y ɔ s k h b m
u w y t p h ɔ
r t m f p u s r t r p r _
w n ɔ _ _ y t ɔ i m b
t r d ɛ w t e e f n r ɔ i e
_ t
m d d d s ɔ t m s s n ɛ p n ɔ h s
u f d d i i u u f ɛ t ɛ y h y
ɔ ɛ i t o
o k h r f h r b d i p ɛ u
k u s a b
d h m u i m o y f e s i m r
f o r ɛ r o u e f w f s k t h y b p h
s k y e d s s
p m k y
p i
u k u s m d p e r t o t r ɔ _
ɔ e f ɔ ɔ e e ɛ
y h e o n _ k ɔ t o d m k p
p u t p a f f m a m
ɛ k f ɛ ɔ i ɔ k f ɛ ɔ b
k i u s y h ɛ m s e k u d e t o n
e f n ɛ ɔ f b
m d p i u s m a h u o i h d t w
r u p d w a h _ h b m
n i s h o u d k w
_ k e i
d y s p u f i r b h h n e ɔ ɛ s p u
k d ɔ
u p ɔ ɛ r ɔ
w ɔ w y h _ u b k
e _ f h n u d ɔ d i a y b e d n
o ɔ w r r b y k y u ɔ f
h n u y y h k s ɔ t n i f
s y ɛ a s m y y o d i u y u h e
e n d b _ r y t m e
d m s p
i a a o h m e ɔ i
p b k ɛ k u
y r e y d p t ɛ t o y t p k
m w ɛ
u r k i p m u w i f f o n t y m f b r
h d e t f h a f f ɛ
e f f ɛ m s r f f
f e p f t a i h k y n t m k o e m a r
a f s
a s p o d e y n m
d m p a _ r n u n o w m s t k
b r r o u b ɔ o d o _ y t k n ɔ y
b y s h ɔ f n i n i s b e b y y
p m ɔ y o t r d u ɛ y
a u ɔ y m s d w s i
h w m _
y n m f f s p w n h e n i
a d u y s s h t k h d
i ɔ ɛ n y w a a s f ɛ h o i d h d
h i ɔ d w u _ h
k a n h k o f d ɔ d m n _ n h m y d h
b s m ɔ n d n t i _ p m y i _ e h s
h _ n r r r b e n m n m r u b
p k n h d y k k o s ɔ d k y u y
b f f ɛ t a f h o y
n ɛ e h w u h e s o m
h y e b e d a m o i e r ɛ y i
r i ɛ n e e y o b u
i f b o i n m t b e s i _ _ r u y o
p t t h _ e n d _ y _ b u e ɔ
m y w ɔ a h a w o e b ɛ t t a m d h h
o y k i u n
y b f ɔ n ɔ e e s y e i i r ɛ e
ɛ o k w o k s
a a u d e o s t i
r _ y t t o o m
k h f w f t u u r n m p y t _
i m m a u ɔ h m u a s d k d ɛ n k s
k ɔ ɔ m
h ɔ s
n k u y ɛ a d f b u
w _ m y w b n u _ n s t y a
n ɔ t o w k k f m i
t t i ɛ y f n i f f u b h u _ i
p o m t m w h s w e b o k r
i r w ɛ ɛ e
ɔ r n h e ɔ e u w e k e n s
a h _ p h k a ɔ
s u y k n n n y d y y r
k o r t
ɛ s ɛ e s d p ɔ _ w i u h
y u ɔ u f ɛ b w d k w t p
h w i
a d _ b a n ɔ
n i s d d ɛ h k
d d o n d n w s y h o r r _
d ɔ
r ɔ s e w u e o ɛ i y e
_ s s d s u u h s r
s u m b k n ɔ o r m s b k r
ɛ u n b d o d ɔ o f s p y p d a y _
y f r y ɛ h e w s a e m a i
m o ɛ d d h d i d s i a y t t f
w d f n s ɛ t
w m k a e t s t
f e i a a o ɔ f d w d u
a k p m h ɛ f e w f
d _ s e ɛ t i p p y s k h p b n i b
f r u h w u t k t b t n k o f y o
s b a d d s w f ɔ a y t h o _ y r y
a d k i n ɛ s p
y _ t y o m k o p ɔ f f n n s m n p d
s a u t u
h a ɛ e s s r o
ɛ f i s m m i e n r _ b u d b n
t t r o f t f t b s u d _ _ k
p p
n w a e _ b i a h o w o d p t w h
y t t a ɛ m s r p _
o p n a u k d i
p h p p
b w ɔ a
t ɛ r a h w d n m ɛ t k b ɛ s b s t
m ɔ i n b ɛ k y s k ɛ
p p ɛ w
r e e o t y e s m y a
t y ɔ d d m n n s w u s e ɛ b s t ɔ ɛ
k ɛ a n f i o s p u w u u u k m
i b
m p k _ m ɔ h i d s ɔ h
b h y u y d e u m e f p ɔ
m _
m t a f m w ɔ _ h y o b ɔ _ y f
u d t ɔ y a ɔ y _ f ɛ a w ɛ ɛ i o i
ɛ _ b p f o f
w m _ w k s
k y a b t m u
u _ b w p u i ɔ n _ ɛ
f d ɛ e u ɛ o s ɔ o y y u w f _ b d h
d m b ɔ ɔ e b s d p y y n y w s ɛ ɛ
d f w r m p o
w ɔ y e y _ d w
s ɛ b k r ɔ h k h d f d p k m p p o
u f f ɔ i e w r s b _ w t p m f d n f
a e o ɔ ɔ y
k y ɔ d ɛ
a f d e w r a n n ɛ i r ɔ ɔ p o t a
d n b a _ ɛ a a d y f k ɛ w i s f
_ o d d d d y o h _ n f m
w ɛ e ɛ p f y
u m e o e y f w f h r t
t w a r m s i _ m o _ i r i f
u n f f i t y u s
_ k
ɔ b u d
s e m t a ɔ k m i ɛ d m w y t
y f y w u t
_ i i m b n
o k k s p ɛ w w u k n n p t e f o ɔ
i h e ɛ p ɛ y f d f d f k n m f o f
h r h p w h f o k d
s t
i w o f s m a i w h f y f p a w i y
ɔ ɔ ɔ h s
o h r u k w t k p f ɛ u h a b f a
y r n ɔ k e y e o ɔ h s m k a r m s
m m b r
m ɛ a m f a i s t
u ɔ t y _
a e e r w o ɔ d e s e w b
e ɛ h s e i w i r t h f b w
ɛ p ɛ k a b n f o ɔ w k ɔ o p t r
s h ɛ y k ɔ a w r _ w k p u y n ɔ
d a
y m s y y y s e w ɔ
r t ɔ d d ɔ d d ɔ
p u y h p u
d ɔ i e ɛ y h ɛ ɔ h d k o k y h
f t p p ɔ t ɛ a f r _ t
h w
r e k e n m m r d w i y
e k r t t a o m w w ɔ t w y ɛ k
h y ɔ d p w d r ɔ
ɔ w _ u i w f f _ h h b f t k r
y k f y u p _ n a y w d k
t o r p a o h i ɔ i a i y ɔ
f ɛ e k ɔ e d _ b y t k ɔ ɛ f w u u n
t u e _ m u b h d n h
o ɔ y r a o ɛ y t _ t s h i f h
h f d u b w d d y a _ s e
n m b p w w
m u k e k n o _ n m k
y r o y e e y ɔ
b p w a ɔ k y h w k e k
ɛ p b m ɛ b a
b f
k f y n ɔ e w u h d t h b k w ɛ
f w t ɔ f i u a a ɔ i i e t ɛ a m t p
b n b a n
ɔ a i m k e ɛ h k b
h e i e f n u
ɔ k e
r y k i e s e b o r y h
ɔ u e m k t t k _ p m b e m f s n ɔ d
k a
a n h p t f h w b d
s f t a p a ɛ y t
k k u i n r ɔ o t p d h o t o ɔ n
d k r k o o o k p h e ɔ m ɔ
n _ o
r o s e f r f o _ s y ɔ
o p h y h _ k m y ɛ o ɛ i s
r n ɔ r _ t k s
e ɔ e y ɔ m
w t u e h _ a m f n a i y k i s h ɔ
u ɛ e b m e r o n m r s t w _
r s e a h y
n w p
m m i u e b d ɔ a s e y r a n y s y a
k r u p ɛ m n t d m m a b
p ɛ a a a t _ e w b b n
b t t r b o f n f m
s k _ u y
w k a u b _ p r o s m i a t y
d b ɛ e e f a m s w s k
w w w e u m a b t o
p y ɛ d s _ f s b k d r h a
p o r p o y k
o e n
y a ɔ b w t
a w d b i h y n d y n y
m s _ k i b
f k w r _ d n ɔ k d h r k h e k i d f
i k d f ɛ p p u d y p i ɛ ɛ
r h ɔ n a r o f w w n k
_ w m y u b ɛ n k
k b ɛ f
ɛ k d _ b b k n m m y p o _ o w r t
a n
d b h b k r y p
d p e ɛ k y ɛ n k ɔ y d m o s m s
_ e n t n f h d o
ɛ o h m f p u s o d
s i t m r n f
k b f n y o t w p a f n o
a f k h p p o u
d ɔ o t o w w s _ ɔ d n ɔ e s
n ɔ f s f a ɛ
ɛ b d ɛ n ɔ _ r a i o y r b n _ m k
t m r r p m s y a s k u n o ɛ i a k n
k i p ɛ ɛ n ɔ ɔ p d o t f ɔ k w m m a
b _ n i b b
n p k o u e s ɛ _ r t m ɔ p
h _ d p d y n u r n a ɔ u w n
ɛ f n a p ɔ w
a a
_ e n s h
w r i
n n a r b b i ɔ
w t k y s t w k
u e p
d n b a f ɛ t ɔ f s w s
ɛ _ f e h w ɔ d h t s a d n _
d m p e o i f _ i u h i e i ɔ r k
t b a y h s k p i o o d u w
f s m r p
b o _ s f s s _ _ s ɔ
n ɔ f n
p t r a u ɔ t ɛ u t s h y f _ m k
m e i f
_ t n e i d i w _ r u e e r f m ɔ s
h f _ f ɛ u f n
y i i t y k r ɛ w s d u k d
ɛ w t f k i ɔ k
r _ e i ɔ b s w p k m s y
f ɛ w p r r y n h t r s m u _ m h
w n
ɔ ɔ b h o s a h ɛ a _ o _ b m a _ h k
m ɛ s d d n ɛ s f e k b ɛ
n y n u b h b y k ɛ f f ɔ
m ɔ w o s p d ɔ _ r s r ɔ t e
y ɔ i b
b r f y o _ k p e k y
u p i
i i r h p n a t ɔ ɛ h m h d d f i
u ɛ p h t w p w a u r w s i t ɛ
y ɛ a i ɛ d b
u f b h d e o f e m
o b f ɔ n y b u b h a e ɛ f b ɛ ɔ
_ m n b o _ k a h _ _ m n h y ɔ a
ɔ h d m m
m u e _ i f d _ _ w n t
f a y w r t o o
m b t u b p
p ɛ o t r p n h
n ɔ f e y y o
_ ɛ ɔ ɔ t d r n
t y n m w n ɛ s k f f i _
t r y w i m w k s ɔ t k h
f b p y t _ d s b e k ɔ a e n u ɔ
p w
w i d y f y d s s t n ɔ _
ɔ i p i u y f ɛ ɛ ɛ a s k f i k
h s y y m r d k e a
h a m n n p p b y e o ɛ e t w r e ɔ e
p e r o t i a k p m e y f h ɔ
n p i _
f o ɛ t ɔ y b i h a w t w y p r m t
w a f a b t k
o ɛ
h s d p i r w e p a d ɛ t u h
e n k f e h a m t m d o o h ɔ w u b
ɛ u d m u p m e d b y ɛ y n r
n y ɔ a m b h u f d n w n f p
f t h u ɔ w ɛ s p u y e _ s o h
a w m r ɛ _ t ɛ p m
e ɛ p r h
n h s m k u b b
k y a a i b n _ o w h s y u _ b b
d w o u k s k p
e s b _ f a p y
t n o w s t n i f a i b a
i n w
a u ɔ u ɛ n y n ɛ ɔ ɛ a e h
s w d ɔ
w p w o w o
y s ɛ e n f i d
ɔ ɔ s k s s ɛ d s o d p ɔ w i ɔ s h n
s k u w u h b y a d t d
s k t e k ɛ k r ɔ k r w ɔ h h u s a b
_ _ ɛ y ɔ k ɛ ɔ d t u a
a y a
o b ɔ _ a y p f p
t _ y t p p d b ɔ m a a
a d k r s t ɔ k
n a p y t p p n w m w w i i u ɛ y
o _ u a d k f p k y f w e ɛ
r t e ɛ
n ɔ i k h d r e f w s r ɛ f f s k w
ɛ p n o ɔ e ɔ p b t e a
o ɛ f k t w
p b ɛ o k p w
s d e ɔ r m
u r k d u w ɛ u h ɛ b ɔ h
i w y s w
k ɔ ɔ b u i a w ɔ h _ u k o f ɔ
p f m _
a f a p f b s ɔ _ t d m o k ɔ r
ɛ ɔ k h h u ɛ e u b d r m u d
s e e t y h t h i s
w n o y t ɛ b n
r w m ɛ u n p ɛ p b b e n h
ɛ f y k ɔ r n i t
k w t f p a y ɛ m r e r i _ w m ɔ p ɛ
m a p s _
b _
d u _ a
e b s t r r ɔ d ɔ _ n
p n k d t _ w ɛ f y p t s d r
u s m k m t b ɛ h a n r ɛ i n
w ɛ u a ɛ u f w k s b
u t b e t
_ t h p p y y e h h ɛ m n m
u w u p ɛ f d m n ɔ t
ɛ h
m ɔ u p r t d s o d r n _
f w p b n k _ h s m n m w y h ɔ u
e y f ɔ k t ɛ _ e r b h f o b m ɛ ɛ t
r m b k k y
o p f b d f u
i i k a ɔ h k
d i y b d _ n t u
s a o n b ɔ k i t ɔ ɔ o n a
k i _ b t o y y p
t b m _ m d ɔ ɔ w i d ɛ f ɛ n _ a t
n y w b u y u ɔ k w r r r y u o e t m
k k h p p m
r h ɔ o i s n o e
f h t m ɛ _ a r o n s y w r a p n i s
i b m f r n ɔ _ s f
b ɔ w n
ɔ ɔ s s o o o o m ɛ p b p ɛ i
ɔ ɔ
i f _ f d ɛ ɛ a d ɔ ɔ e u y m p o
m e s t a o m m n k t ɔ
b e ɔ p w
s ɔ w m
ɔ s m t t y a n e a ɔ i ɔ y b n s k
_ t w s t r k d k y i y y ɛ b u
ɔ o
t h a u e r a u a d s r e a ɔ m w
t b w
k i s e o n h d
o u o h t w o d p e d h d u w d y ɔ p
u h m w p o w s y ɛ d ɔ f y r k n ɛ ɔ
i _
n u i d ɛ h s n u m i m p p a k u ɛ
s y ɔ h ɛ m a d d o h b i
e f y ɔ e f u
b a a t h i
ɛ w ɔ f a d o y
f a
y t _ r d s r r r
k b h p ɔ w i f k
s d u m e i r n f d b p y e _ e
k o n o
t b _ n h f w
m b w e ɛ _ _ k m b t m h d
p w t n y e s p a y p s t u
e y h a a d
_ m f s u ɛ n
ɔ t ɔ s d d m
_ h y d n
k r e h h p s ɛ e _ a p
e n o i b s d o
m b w b r f a d f p ɛ f r t e r i w m
f u y ɔ y w f
u u e m w i r w y m d ɛ b u k e r d ɛ
e p n u _ i
o _ ɛ a t f
w s r n i k r y r h m i t d r w n w
i s f _ d t o t b ɛ y r y a p
y f u ɔ h s
m i r d r u o s s y a f m ɛ u d
n m
m _ i m i h k t y m k
d n y a ɛ a y n r ɛ f u w k
k p t p a n _ h h b m w _ p a e w ɔ
ɔ e s ɛ ɔ u a _ i e y u _ k b b h f i
n w d b h o _ y ɛ k ɔ f d _
f e ɔ t t t e b t w w
p _ ɔ n f i o p o a
t w s b _ h p p s i _ t
i e a a t k
a _ i b k u
o p p p k i u o i t a e _
a b f b b s h y ɔ w s t r m ɛ f
y w n ɔ f
t ɛ _ d t i
d p d _ ɛ m u d u k b n
f b r _ ɛ w _ t r d k h d a y _ n d ɛ
ɛ s t w p m p n t i ɔ s o r a
s ɛ u a ɛ f
f o e ɔ w w n ɛ a k r f m o w n
d b d _ u i e ɔ
u h k r u p r s a ɛ e ɔ t m
u ɛ p e h _ e
w r h n y h t w m w e i o a u h
_ t n b f u ɔ b ɔ w f i i
e p w a e o b k n ɔ i _ ɔ b h y i i
n b ɛ y b ɔ b s u e o
u o y o ɛ u o e r e d y p e n f s n
y m y s f n i o o n k ɔ
w d m n y _
k ɛ ɔ k t ɛ e b ɔ w w r e f r s t n
k f r ɔ a y e
f f ɛ k u _ m k p m b _ y s t ɔ e _
n w b b i s _ n u ɔ ɛ s ɛ t n _ n f
ɛ w n o u _
_ f y ɛ s y w y
ɛ d k f b u h y r u r n t _ a y t d
r h
e y k _ m u ɛ ɛ o
ɔ ɔ u r o _ n t m f k b
s o r r w b a y e h b b ɛ f
ɔ w e o _ k k i s k i b y s w b t p
s f
i r m ɔ s a a a o
k a _ a b h ɛ e n
ɛ m u n h t
f a s k ɛ ɔ ɔ n d _ d i r t n w h h
b f ɔ i w r ɔ f ɛ h r f t i d e
y s ɔ r n y y s
f k h u h w _ y ɛ o s _
p n ɛ p ɔ y i a e u f
t p _ e _ h h y
b n
s p b u n a m i
t m w r b k k _ k
ɔ w i k b ɛ m s
h y a u _ ɔ
u _ s p _
e d k i s m k u y w b y h o ɛ k s b
ɛ u _ k m h b ɛ y t m k
n d ɔ b y b p p
r t u u i w _ ɛ y
s a
_ ɔ h r
b w a r h u t ɛ i p b
ɛ s w r o e n _
r e r e t k p
o f y s n
w _ d y
u f m _ s ɔ f t u o d b _ m
ɛ k r u s a
b n w k a _ k ɛ m n u u f y k
f y e y e ɔ h p p
h h n b a f o r m
e m e a u d s u
e ɛ m n b e w y k f r y n
o f o m f h d ɔ ɛ r k b d e d p y d a
m e i i m ɛ y u d a
u f k ɛ s ɛ k r f h f
i f
m y y _ w o o k u n f k s
a e p y o m ɔ
w f
i h i t
_ p r ɔ s h o t d t d _ _ h h t ɛ
y r k k s e d u y e a s e k d o k w k
ɔ n h k
o k _ ɛ u t b w r f b
m r k ɛ
o e m i b r ɔ i n b a
a h y b e i e k n o e y n i d i
k p p n w a
i k o a f ɔ p ɔ d f o s h t
e u _ ɛ p b d i ɛ e d ɔ
n m _ h ɛ p n ɔ
y i b u b m p m w t i e b _ s i o n _
p ɔ m h a e y w n m s i u o h n ɛ
w m f f m u k ɔ k o t ɛ b i w
f d ɔ r r ɔ d t y
s n i u f o _ u u k ɔ f u i _ _ m
f ɔ _ m m y
e w t d o d s s ɔ k
u _ s b a a y o _ i n w ɔ
i u i _ e d k b m _ k n a
t f y y u d m p i e r w i
i h w y t b n k s w y ɛ
b p r i
o t b w k h a d h w m k r
a u y w t n w p
_ r h a y
e t
k k d w r a
a ɔ k y b k k d r t h b ɛ
w b o i s ɛ n f y a w o i y i d u s e
s r k _ r e r h a
h o
r w o ɛ n s
i a m i h m
n a m
k n n ɛ k r s n h w f k b
u p b o ɔ h u h s b t i
a a ɔ f y k d s a r t y m
e p f _ m s y
r n s
h ɛ b p w t h s n
r h
p u ɔ p d n i h f k
a r t h _ r b f ɛ t
i n p a d ɔ i i a h y h u k u o u p r
ɔ r n r p s h n r h n t
i _ s i u t b i
_ k u ɛ i
a ɔ a n f b ɔ t p h s f k
s s k o ɔ ɛ f o f b s m ɛ r b n o
w ɛ _ a m u
f d _ d m h d a a b m ɛ n i e r w w
y u w f
a h p a f s m _ m p m w s f
e e n m n s w w k b s ɛ h b i b b
f r y
f a u m b p b
u r y _ s s u
r d e t
m p a b b p w u o o e r s
b n o ɔ _ t h w y
ɛ _
n k k r k m m u r
ɔ ɔ
u o h _ f d r w u
w r o
h e _ n f s ɔ o n w ɔ f y i
k h t m o ɔ a i f _ f t d a w e
u t s y k s d e i e p u a a
ɛ n a ɛ m w h o r t m
r d
h t a h s y y ɛ _ i h e _ r h e m
p e a ɔ ɛ f f
_ f k y h h e p d e r s k ɔ
e s
h s s d o s ɔ t a w y e u
p i y m o b r t u i
d p d
k e r o
ɔ r e y k p e h w y i s m f i m
n d f e t m s o u b ɛ d e o a a p k i
i e o
u k n p e p y f n e f n
o b ɛ a p n d p p
o n b h h t i w a w b y m m
k w t s a _ p n d w t e d b a
m ɛ u w k t p h p f b _
_ s i ɛ a f _ ɔ i r f d i ɔ s
w o ɔ t e s h i i w d d f a w f ɔ y
w u f w u w w d s f n d
a a ɔ
f r w s ɛ ɛ w p _ r
t y r n k a m h ɛ ɛ ɛ k s
u f b e i m a
n i y o w a w
b f w d
r a y
b a h r y p e f
w a u m _ o w b r ɔ p
_ m y a u _ y a t f a a
ɔ w k h ɛ
k s e
k h f ɔ
s i s f
t i w e k f y y m h u ɔ k k a m
b r ɛ w ɔ n w r y f p n b
t m y ɛ e r b ɛ m p
r i n f n o y e t ɛ r u a ɔ y b
h n m p t ɔ
ɛ s _ i a d y w p _ e e o h b ɔ
a u f o
d w f
m b n ɛ o e i o _ u t ɔ
f n u w i _ k a ɛ w b p f
d f r h b m u d h n p ɔ
b s w _ s
t f y u h k t u ɛ m o m i i n
r r y
w i o i h e t o y k f o
s i u r f f ɛ b d _
n o k f i o i e t a f t ɔ o o
m ɛ m d t w e p
ɛ k h m y m r ɔ w a s w w t m _ a i d
u n d
r e r f o y f h h u e b m k _
m d k s ɛ r ɔ w w ɛ e ɔ f i ɔ h p
w d w i o s n d n _ i t i w a w t a e
n t p s m k n h i u m _ b m n n u n m
o w p w ɛ _ i _ y y i n n a h o i b
r o r i d r w w
e d h d a f ɛ e ɔ i ɔ s i
m b s s n m s i i p n r i y p ɛ u
b s h f _
_ b t d n w u n n _ s u i k w t
t k d
w t r o r ɔ y ɔ o _
m m n b d
a e _ o i e e u k f
m r p d f ɔ ɔ m o e y n e h r m m ɛ w
ɛ d i i k r _
k t k ɛ p o u k o m b t r f e f
a t u a r _ k h p s b m p e w
_ w _ u f d
_ i e b _ m w h y y a n a k
u t o k d y o n s e h k b k
ɛ w ɛ f h y a _ ɔ _ _ f u
o t s m k r p w r y a i o
n ɔ n
h y f i t y s b o b n t n s w m f k m
_ f b e k y
b n p n f k h f m b i m u b w _ k e
m b r p m o _ b e ɛ
n _ t d _ y w o o d _ o _
ɔ t f m b y w f i _ ɔ _ k o o d r
h b r d n t _ ɔ y y u
a y h f _ o b
d f r f f _ ɔ u
ɔ d y n f
y y o
i k a f r k
u s a t b y ɔ r a n m
s k _ ɔ y f a w u p r m o n o
f s h a u w p y b p t m u k ɛ u f t
w n k s i
m m k
w r p ɔ s k e u p h t w h f f h ɛ
_ _
ɛ w u _ d b n m h w t o
b s s o ɛ f t w
h h d h p m s e i
u t h _ b ɛ ɔ ɛ o a n _ k ɛ p m t y
w a t r e s d f e a p w f
i k y ɔ h b s s u m m
a p h ɔ u y
w s b w t
u m w y p m
ɛ b m p p o w
i n b a m i y f
e f y e o i t i y k k u
n e r k f s
f r w k n u d k b w s _ b i a m
a t k a a a o m u e ɔ m _
n i f o ɛ p ɔ
r b
w t ɛ
n p f
w u b k d f e m d h
_ s s f k ɔ h ɛ p s n a a p b t
b p ɛ y _ o b e _ y m s e e
h t w h _ y e b b ɛ _ e t y h i p i
n e a y
w b d d i b h r o r k k h k y b
n n s a s t k i w t
i h
i w
e n _ a t k w f _ d _ k
i o f ɔ n h f k m o _
d e n w u w
n ɛ d y _ r i b r k
d t i k
a _ r o i f
k k i o i m
o k k s n k k ɔ k
_ _ s w p k h y
_ m _ u
a h w r _
d e h u k r r _ b u e i u k s k r _
u n y h o k p a _ r o
u p u u _ s e
u b y ɛ e y h t p o _ _ w p e h f ɔ o
t s u f w ɛ
a h ɔ t w f b y a
i t _ s u u d _ t k e p
ɛ w d ɔ b a u t p k r i y m h
f k d t o i
p p f k s f e i k b m n t f w u
y ɛ b p t b y f b
a ɔ ɛ t d k m t u w i m ɛ d
w u _ r r _ k s e m e h s w t i y
e t o ɔ _ e m f e n d
h p p b t y f w _
f ɔ b ɔ k ɛ y y h h y s r y w f e w
p f n n f _ w p b _ ɛ _ d d f ɛ n a p
ɛ n m k d s k e n y u u b u k y s
t e ɔ a p s f b b p ɔ n i i _ u d ɔ
ɛ b s _ p ɛ b f e ɔ y h b
r a u _ e o p u y t w h i m ɔ ɛ
t u n ɛ y t k m f b o w a f d i
ɔ k ɔ
i h p ɔ ɔ b _ p
m b s b n a i m b p o o h a s n d e a
f k t u h h b p a a s p h ɔ
d h b a o f h ɛ f n m _ k n p e
s i ɔ f k i b r w
r w f f p p d ɔ k
k _ ɛ e t b w e b m a s m i m ɛ o t
d h u ɛ s d i k r f f d r n
ɛ m s d b i b w y k n r h k s ɔ s
a y b m y h f d f h _ u t
m ɔ d ɛ m o o m h e e m ɔ u ɛ n s k
w o f p _
o d n p h o n o a f
h u k u w b r h r r r h n i _ ɛ _ a e
e n w k s i e o _ h f u p s o n e
s t f k b p ɛ s y n
p _ _ ɔ t e w r w o _ d
m e _ o h f i _ ɛ e m i h k p h p
_ f h ɛ b y ɛ h u o m y
ɛ b w i ɛ
s s u _ r t u u o d n
b i k w w m d b w n p t
w i a u b n _ s p b _ o f r e ɛ
n h o y r w p f p n w a f y
i k t o y d e h ɔ
s n k o a e t h i d m ɔ _ o e k b m
m o n d m ɔ i n e
b k r b w ɛ o t m n t b s e n r k r a
s k y ɔ p ɔ e t
ɛ o o i ɔ e _ m k y i
m k f u f
a k
b ɛ o b m h d d m f b w d _ s r
d o u m f a e e w s r a
ɛ u _ u t
b b h u e o n ɛ
u a y a w t ɛ o m i a a ɛ d d
p t b w t _ p a ɔ o n _ t
y a i d p u p f w w a m
i p r f m u s w m h r r o o e s w d
e u p i y r k e u w r w m d
r e d u e d b u
p e p ɛ b o u u r i i ɛ m y p f
o o s s t ɛ d k s u a a h e _ d e k d
n u d w r i a i i ɛ k h _
h p s d i p s y s i b y k i d r e r i
i s f r ɔ r a a ɔ h o b a r f
a w t p a
s k o a o _ d ɛ ɔ k f h h t d
u s u o d h ɔ w _ t d
i m k o h _ m b
t y i
s r ɛ ɔ d
ɛ e m o f p p m ɔ _ n y s u t b p _
o o r i t p b e f u k ɔ k n _ w _ r n
h u i r
_ d d ɛ b d s t o a _ ɛ d ɔ
m k n m ɛ p r f n s r e d
m d k w a t r t o _ u ɛ d h
o ɔ t d _ e k ɔ e o r p a o b o i
d t n k h h w h
ɔ ɔ ɛ ɛ
s k p n ɔ y ɔ
ɛ _ s a e
ɛ u d p ɔ d h p m k t a p ɛ k e b r y
ɔ ɛ y r _ p b o k t w _ ɔ k u w
p r
e ɔ i f y w h p t n y t u w e m a m d
a y f a d p w t u i ɛ e u d
k p p h k b d s ɛ f a s k y w ɛ a k
u n n w d w
b a h u m n n e f t u w s ɔ m k b i f
y i s r u b _ ɛ b e p e b y k d m w y
u ɛ m n i ɔ s w h
y i ɔ y a _ p s i s m a ɔ f
ɔ n p w p u i h f n h u a f
p ɛ _ i e _ e h h p ɔ m m ɛ w a k b t
u a i f d
s i r h d _ b
p i f h k o t o u ɛ r e b ɔ
_ w b b w r u p y m ɔ i h
ɛ s i m h
n a ɔ u s
n _ r i p b r
a s ɛ h a b a k i
w f k y f w i ɔ k o
f w h t b o u h p
a _ o _
d o p r s f e
t r i u r n
a s m i p e ɔ n e f t i a n d ɛ o _ y
i y t n h
s e d p n h e a p k
y k p f m ɔ k
h t n k o t h
p f w u d a e ɛ i i d i ɔ
p m o y k r o i p a a
a ɛ a w i m h p y t _ t o
e h u p ɛ d f w
e m d y n e ɛ s ɛ
t _ _ h b b n r _ p p ɔ k b u i
s ɔ a h t s k _ a
e b ɛ k k e s n i d a h h
y a i e u f d _ b b d b w a r y k
t o ɔ m u
p d y r m i m r ɔ u w n ɔ
i s a k _ n
m u o u h s m d a w a b h t w
t s ɛ d s f f d n m
_ o b e t w p p m ɛ d _
m p e k y y u _ h h u p e d b k r o e
o m u n h m o b o _ r t n n o y w n
o m m k n u p p w e p t p o y r w
o b o r n e u n i i ɔ o w
i d a a m s w p b n f i b f n
h ɔ _ p o i e w w e s y e u
b m n k d _
s _ u u t ɛ y ɔ d y ɔ
y k o
y r p y y o ɔ p w u b ɔ d i n h
m m s p o d t k f a
r n _ i i
t _ n _ ɛ w k s w e y ɔ a m n s u s
i n b a r m d b b _ n w b w r y t
s ɛ ɛ r e b s e y t ɔ a
_ r i y ɔ i ɛ
d t a ɔ
w e ɛ d i t t b w _ m w _ u a u k
n ɛ p
t s i ɛ f
t ɛ ɔ t h i d o s f f
t a a m r y n u
u t m e o i e d f f t t a a y
w i w ɔ a k k u y ɛ e o t
p d s m _ u
w ɛ p t p i f _ m b r _ m t r u i a e
d b w n k u e h r ɔ
e f s h n u t w d f
s o p p _ y i a h w
u ɔ
n i s f k e i k i
b _ m t o m i m i b w d s d y ɛ
k k n
u t y a d u y y _ k n e
y a w e n w n y y s w ɔ u y b i m r
b h s
d k r ɛ a n y r t ɔ f a t
n u ɔ k r h u _ w _ p t b _
m d w b s f p w e n f
k f h i o f d h h o p r u ɔ
n d p w a m w i o i
r s y s k w i o _ n w b ɔ y
k d m f h r t a w
o u r f d t y u e d o ɛ a s _ o
t f o d
s s
n n f _ i i n h a a
r p a ɔ w y m i b
m w n f
s f a s ɔ h m s e w k s a d b
w h m y y a s
_ r m e ɛ h w y t y p r i s i ɔ p
_ p d f s k a s o b i u d
w p p y t ɔ _ e t
k h d n
b u w ɛ m i
t w p r o n y f p r ɔ t i p w o f f a
w t
p k n a s m o h f w p ɛ _ n w p e k
h r
b u n t k ɛ b e t s
ɔ e k t p w t y n i
t k ɔ y y r ɛ y s _ k a o
e k y
r y i o u ɔ o h p d m y i k u p
o i k y y n m y r r w y _ d t
m r p a y m p ɛ w k _ t y s s b
h f h k h f m s p h t h i u n ɔ i a s
k r y f r s
h s ɛ b y b k e u h m k h ɛ i i d i
u ɔ _ i w
k a n k y n d y n r u o b ɔ _ r
a i h w
r p t h r k d a s s k
a i p i w s s t a p h d ɛ p
p e w s k p _ o n u a
f ɔ ɛ t s b u n i b
w b t
f r s y
w f t ɔ f _ _ _ f a d
s n
ɛ t ɛ k p t u a m ɔ m i ɛ b w w
b m ɛ d r p p o s o b d d h s i r i
h w ɔ p t r f m d d u a u u u f w
i h o i p w
u ɛ i s m b r m t e o ɔ s ɛ m a
d u r w r y b s t t n y s r y
t s i o i _ a t o m f ɔ h
s a b n w e ɛ w ɔ y w n w s w o
n u
ɔ k y o d s u y u p _ k d y a k m m a
e _ h m b f d k o m i
r d p u t a d k r k b p m a m _ ɔ
_ r a p a e d b r _ m n r
y u i w ɔ n i i _ k h m k t o b i
o u d ɔ t d b
b o m _ ɛ f u o t t ɔ y
o d m t a o r ɛ h
k o b f p u t y m
i ɛ _
r y ɛ ɔ u p a
y n o y
r ɔ d ɔ r
t a i h t a n m w
k n s n h p
o i t
o b
i y a
s t u r m w a k t t w e r w f
ɛ n b e o _
_ _ ɛ ɔ t f r n p e p r t
f p _ i
o u o e s w o a n t d s o n d ɔ f m
m h a s h t h u o ɛ e ɔ n p r k ɔ a ɛ
d d s i h m m
h b e _ d _ y ɔ a _ n i t
_ s _ w e b r t y i i
o t f r d
n k y e ɔ ɔ
p m f o m
ɔ ɔ ɛ r ɛ r o y
s k ɛ u f
y h ɔ e d n b u _ o k ɔ p f
o u e ɔ k ɔ
s e n e p ɛ _ w ɛ t
d m b u w e k m ɔ
w d e
n y o
s _ a w t r w ɛ a d b i n b ɛ p
b b m n d s
ɔ b s s k w ɔ n p t k o ɔ
a a w m ɛ o w o i _ i b
u ɛ o u i n s w b s t r ɔ ɔ f n m
u r _ k m m d m
n e k p w p u t t e f w
f t d t
w h u y ɛ t w
w e f p
s ɔ u s k ɛ h k t m t m t w
d m t s e t b b s n b n
n i a a f n i n b r p ɔ a h ɛ
e d d w r ɛ ɔ
b e ɛ f o d _ _ e h
e k w o u u s n m _
m h o y t a s i k
e u
b a e n y t ɛ u
o b r k a h e w p _ m o
o f s p n _ e ɛ s k p t u i
n k h a n y ɛ ɛ o r w a e
s a s
d y b d _ s p t p b d
e e ɛ w _ f k d _ a b y h
ɔ o b d t a h p p ɛ b y s w o e
u d r w
u w ɛ r ɔ h ɛ p h d n d p k d e a
_ w o
a p w ɛ t
w w b y f p m u ɔ k u k ɔ b y f m
k f
ɔ ɔ k u s t _ m n n
d y n r n
a b ɔ ɛ i p y f k p s t b
w w s p n b i b ɔ o ɔ h y s a r p _
r _ r m h b o s s d m u m
a s u _ w r r i i
i e ɔ w
t w y o d n p r w _ p d
n o ɔ d r k r s y t t r y b s w _
f y s p _ s f t h a y u a r a k m e
n h a r o h
i a
ɛ d e ɛ p y f k a a
ɛ r u f
k s s b y w d o y ɛ s
t m n b a r f o ɔ m ɔ n i k m b ɛ n
e f e b f u n d r b ɔ i e w d b ɔ n
a n n
r p ɛ w n f b t d p ɛ f ɛ o r i w r m
f _ ɛ n ɔ r n ɛ p ɛ m f e a w f i y i
n k b w h i h
a y k r o d n a u s r u h f f p
o f e w e k
d i a y w y k p r
ɛ h
y ɔ k m s ɔ b h y u r n h a i r i
d ɔ o a s w r w ɛ p e
i _ f ɛ b t e u a
ɛ ɔ
n m r b u y d ɔ
y a t a e e
p p r _ e s u d h d
s y y k t u _ y p s w u b i i
_ y k s o t ɛ h r f ɛ ɔ r i
s i d p n w p h y n t r i _ p o
f d s
a ɛ _ u _ n e _ s _
t s t w p _ t f p t t d w a y t i d
t u r i a t
r d e u
o ɔ h o p a d f b b _ b a h
m d p a k
m u ɛ h n b s b b w ɔ b e e w o
d k _ _ r
ɛ o t o w u h
ɛ e
_ h i i n ɛ s ɛ _
o s n u f e k ɛ n ɔ
a h u m s s n
k f e b h ɛ i s ɔ s _ r
m w r i e
p e ɛ w u s i m n u u y n t
n t ɔ t k a e h n a w
w i
s s b
m r ɔ f a ɛ ɛ
i m n o o ɛ o s
u s o e o w o y n t _ y d
u p b
h r f ɔ _ r n _
ɔ p i f e n i h a a
n s e ɔ b o p i ɔ m y p p r h
u ɔ m m b k o i w w o h d _ t m n y
n h d y w o a e _ f n f _ r d
d m b
s _ y t k k e i b ɛ s
e s u y r d d w b w o w b k d i
a ɛ
e i y ɛ
_ y _ n d m
h i m
p t
d h k d f n o t b a i e _
s e o b a k o b
h f o t m n e u n ɛ s s t a d n
ɔ ɛ o o r o _ a e h
r n m r _ h o w e i _ r
u p s s d m h _ d k m
ɔ k ɔ a i d d
b w e s w d ɛ n f f y k
o h p a y k s s m b a s n
t u m r e
_ w n b a d ɛ y r s k n r e n m p
u a a
_ r p _ ɔ y e
ɛ d p y p a
o f t i ɛ e w
ɔ u ɛ u o k k n s e m u
b h ɔ h n e e m y u e n p ɛ e
r m u ɔ y k s i d s s m m y
d _ u ɔ ɛ m s ɛ ɛ t i
s p _ s n w i o t _ s i u r t s
a b w t k w d a i t f
y n ɔ u t p f e
_ ɛ y
ɛ _ e ɔ
ɔ k
b s d n
w ɔ a ɔ o
a u ɔ p t w i o e h h r n _ ɛ f h w t
i ɔ e
k s h b s _ u e h n w n i o h d b e s
b f d b f k e h
r r o y
p b m r ɔ m m o ɛ i p s d r
_ y k r w
e m
b t u p e d y u d ɔ b s ɔ
s k f k r h s o _ k s t
t n y h i i k w b e h ɛ k d
h p m d i u
t m k h m
h i ɛ n u k t m t w
w i k t s f t u _ s s m d p i f o _
t f
i r h a n b p f u
b b k ɔ
b y u p s ɛ t h a i
i a d n ɔ ɔ s y s i a w t b ɔ
f r d t a y t o ɔ ɔ t u n d ɛ e
r h e s d f r ɛ d o e y a r
d a _ w m a h p e
i r
r _ a o m ɔ b r ɛ i w u _ i f o y y
ɔ k h w
s s
_ d d k p r b d u
t w n p i k _ f d k r i u t
r y e t
i a e o
h m u h _ m i
f t u b d ɛ ɔ h a k w
k e i n a _ p r m e t y
u ɔ f a k i ɔ
t p k o r o h n y
e a m u m d s
r s t p i u r f p y i w m t k o r
ɔ f s b k k ɛ y r m f s w _ k r _
k r
h ɛ f r h r h o a
d m a h r n h y ɛ _ h h k n y t _
r w y _ ɛ u s d i a o y p b n d
u k h a ɔ e k n t m ɛ k u
o t y f n u _ w _ p t f o ɔ r r r o w
t k _ m _ a a s
b h w m f r k b f h b ɛ u n d t s
i a ɛ
u w o u k ɔ b ɔ ɛ s y w w
u n d i w y w b m s i a
r e d i o b _ m e ɔ n m y a
_ u n
u s h
b _ y ɔ u ɔ b p
d f ɛ n m r t k u ɛ
a u d m e i p r u r m e i b f i
s u m k ɔ i f f n y s s u u h y
e f r r b h w s o a w y h t
r ɔ y b w ɛ i
b k b u
n s w i e m ɔ
e b _ m m r a a h h
h p y b
o w a h ɛ n m h b
w d p ɔ _ k t _ n b t o a a r f
i e d o
a ɛ ɔ m y d a t p ɛ _ u d p a
r b m a m i f ɛ b f d ɛ n _ u ɛ p
b o f i p u d p o u b p y t
ɛ s ɔ m h u _ e ɛ a m p
ɛ a u d n ɛ o _ a d u _ d
e d n
k n u d ɔ y i d a y w b t r u t
a r e p a b h u i f n b
ɛ u k r ɔ t o
e w u t ɛ e k m ɛ r m ɛ i f p r _ d
_ d r o ɔ w ɔ y u e _ a s ɛ w r s e i
_ ɔ p p w _ ɛ b ɛ
f h m r a r n n w m
n _ i _ d ɛ u t n ɛ
b m k e k a w k w h
f d a ɔ r i a p k
i i ɛ b k y ɛ d b u ɛ y s k h k b ɛ
r s
p u ɔ s ɛ f t m u
r h n y d
s t w w ɔ e m
s a d
w _ i _ ɔ f a n k o n
i p k b r o p
b i n e r a d ɔ h w p d s ɛ o
h m m b y e f o
_ n ɔ ɔ o y n o s _ t n t
s u k h _ u ɛ f t t o ɔ a e n t r
n e t t p p d t w f w w n _ d s ɔ p
t h m w d b w ɔ _ h t i k
a t b y m n p m b
f m b ɔ m w t b d a n k f w e u n y
w _ _ u o h o s k
y y p _ s e h h b p ɔ h d a w i
h t n t n
t s m i d ɔ o u a u _ i y k i w p i d
p d ɔ y e d s y f r h ɔ u t w s f r
a w
u t a p w d d a
t r ɛ r e n k e o o ɔ _ k ɔ u h b k m
w s a d m d f e f y f
u w ɔ _
n t r e p h m m s
t e u d h w n n i a t w
y ɔ t a d y e ɔ e o t k
d u r _ ɛ f a f y b ɛ e n
f h h f k f a k p p ɔ e t t s ɛ
n n ɛ _ t a i n b i a ɛ w u i f
f t i f n k o h y y f
w u p d r h b s p o n h s ɔ
w t
a k u e r h u
u e _ d y m ɛ n k ɔ w k o k ɛ t d
b m r _ w e b a i d u i o d m _ y d
n ɔ d o ɛ t b u f y
r m b n p
o m u n r
a _ o a k r b
h ɔ b i p e f u b d w e y r
s a h f _ e ɔ r b ɛ y m k
i n k a y w t ɔ i y
u n m ɔ b t u f d w d d ɛ m w u i
ɔ e e s h f b w ɔ
f k i o k _
w e
n r n t s d k p e d u w e i e
u s r f u d ɔ r d _ a y o o a
p r b a r ɔ
r h r d n _ n ɛ
t n d ɛ k e a w e s b d m n
k k e n p ɛ _
a o _ y k p ɛ t a t w b b p w r _ _
d w e
t n y ɛ a p o i n b k m f p f r d
a y
b h o
e ɔ f
s i b
ɛ _ k s b ɛ t w f s b
a s m p k h h i k t t h k f y _ u
o i o n w
f h u
ɔ o u m b o n m r k m
a h d f h ɛ i
d y _ i d e e ɛ ɔ r ɛ h b o
p o h e b s b h ɛ r
i f
ɛ m
o s
e s h o m b i k h h s k f
h n u y w m f r w ɔ y u b u a b
t h f p
f d w s f _ i ɛ o w u r e _ m p h _ f
p f n d m p u s n s i r y p p t i
u m m _ i o u w m m w w _ d y w s m s
ɔ f o
m r d d h f w a u p ɔ a o
r s r y i _ _ y ɛ m y s f a
m w n w ɛ y b w
i w n k m b k _ w r _
u p m f ɛ b _ p b y e a
w ɔ s u ɔ k y
n i b s s r e o i r o s r a y f u
b e ɛ f w r u s ɛ h k m
ɔ s y m b ɔ k a
w ɔ k s a i a e _ o o u y w b
_ i b p u r
_ f f p d
w y s y p s t
_ r e r a k p ɔ f m
b f e b
ɔ o
u r i h h ɔ a ɛ d i s k e n r u y
k w o h m a
d a m d
b h y i m n r d o y p _ e
k u y h i r w w ɔ ɔ i
f r o h a d w e e _ a k _ f h d e m f
m t d u s r t y n d a s ɛ
ɛ u u a k o n d b ɔ
k ɛ w p u
h e r u u ɔ s h p
h ɛ o a m h b p ɛ f u f p
ɔ w r b h r _
w e h f m p k d k t w i i _ u e ɛ n s
i i p _
k u u
o d m b b
u _
ɔ i o f e b i r a f d a y o k
a b f i d y k f y w m e i r y p
a s i m f d _ s t u
s ɔ i ɛ k _ ɔ a d
t t y ɛ f t p k h r r s n y y p k
f f s w t b f o h s m k n s ɔ f p p
f n f b y i o ɛ b m t f d s d s e
d t _ o k m y n a d p w r n _
y m y o m w d o b ɛ s f s w d
i r d ɛ t w
i ɔ i k i u d o _ ɛ s d n
ɔ r p n k b ɔ r u h r
y t s m ɔ p n s r y ɔ s e p h
m m k e f ɔ h p f ɛ f _ ɔ i r ɛ r m
o p i a f o ɔ _ ɛ t k h s ɛ m s k m f
ɛ _ r k s u u
u ɛ y a a o p a n f h
n d w h m k s r s s a d
u i y t
a a n h u f f e ɔ s k y s k ɔ
h r o a _ ɛ _ e
ɛ d p f s y i ɛ _ m d
u ɛ f _ w ɛ p
f h a h
_ o i p _ i s h
e d _ a a ɔ t a p ɔ t _ y w
y o i
b _ s n ɔ s u e
s a e d y e p w n m f w
i h k k r e o i d p d _ b _ ɛ b
h i s e y a s d p
a o n r ɔ m _ t u o p o n b b e m f
b t e y d u e s r k n ɛ o d u i
ɛ e ɔ ɛ e p e ɔ u s y s w ɔ ɔ o p
k h p u b f _ f
s t m e
h m d t r w r ɔ _ o r
i a n i b h ɛ i _ y k n
w k
w b d y h h h o
r y a o k h b w w u ɔ y
w h y u m n r e e i
e r r e k
h k h p _ a ɛ k o w y ɛ _ s u b y w y
e h o t m
o i e u w n w k o h ɔ _ ɔ p t d
u ɔ _ ɛ h d _ k ɛ k b k d _ _ n o
w m t b n i i u u _ b m ɔ f o
r o d d a i m n b ɔ o e r
s u
w w p d i k i f i m o
s ɛ t w m p r a d i
d s d u f b m h b e u ɔ k b p t ɛ y _
ɔ u n n a p ɔ r t t m t i _ y k
m f i f _ i i u f d f m y ɔ k
k ɛ a u ɛ m ɔ y e n k y t f s _ f
n _ e e ɔ e r w b _ u ɛ f r s ɔ ɔ n
a a e ɛ s r e ɛ m a k d d u
o i m w i a u n p f u s ɔ h a
i a d y y b m
b m ɔ e o d o m ɔ w r o r o e r y
ɔ y p
k n k b t ɛ s k e n
d y d f r e h ɔ n o f i r b
ɛ t k _ w h h d r d b o i
s ɔ p o p ɔ ɔ p t u b p e
_ y i ɛ ɛ e h r a f a _ r y o
ɛ n f w o i m f m i n ɛ m a
k o ɛ b e s b t ɛ f a o o s f i
i i _ ɛ d u ɛ y o _ k
a f ɔ n f
u o h t d i m s i a k y y ɛ u h
b _ y p a m ɛ _ p m w a y b u o p _ ɛ
_ ɛ w u i t u
k m o o ɔ s a f r k f s ɔ
ɔ r _ n ɛ h r
m n r b u y n i h b m m b k a
ɛ n f a h r b m d t s n r s a b s
b h s t m d
h p u ɔ i d p m
s o r i s _
w w _ _ b b _ s f _ ɔ _ f s m p s
t n d
ɛ u p n p k
s t a _ ɛ ɔ
f m
i ɔ w n y ɛ a b n ɛ p i ɔ _ ɔ b
r y w ɔ _ s p
t o k _ o u b ɔ ɔ t d p u
r m w
b k o n n r
y w i b w m _ f h w n t ɔ ɛ
r e d d k w
k d b i k
o b ɔ i m w ɔ t e i ɛ w t f i ɔ
b k m b f s y
t o ɔ e n d ɔ w i u f
n u d n s p ɔ a u u s t k u _
t s y h k
m t r p t n r ɛ r m f b s o m
f a n y r u h i d _ s w ɔ b f u n
o s e t t m o t ɔ r y o t
f i k b n s o n m
m t e i
y e f p a i m f b b t
o ɔ d u h b w b h d e y ɔ k s
y i h s n r r d w a _
i h i _ ɛ d ɔ _ b r a a ɔ p d a
f a p ɛ m n ɛ r f y d a o e m
b _ t u d o b p
a n w ɔ f r b ɔ r s
h a y o ɛ ɔ y d p o t e d k i
w d a e y e ɔ n n b s k o n d e m
m m k t b h u e e
_ d r k
ɛ ɔ s a
t s k t ɔ k s ɔ a n t o k r
n n h m b ɛ _ r r o e s d u f e _ u s
w b d ɔ n a o y f b e ɛ y d
y u t u d d i y p e p d y i y
_ _ r ɔ n w b f m _ h d
b o n w n r p _ s ɛ k k
a ɛ y i w h m
t ɛ o h ɛ u m s s b ɔ f
o m n o w t w f d d a k ɛ r
s a n o y r _ m u o
t i t _ f m t
y e a h h d y t h
h a e m w m ɔ e ɔ o y r o _ o u s h p
y p n u d w o t o _
b h ɔ i y _ ɔ t m b
u b h ɔ u w y f e k k _ ɛ m d r p m d
ɔ y a d m h
i u ɔ p u e y i ɔ
k d o e h a h d o p _ o b t
t e e _ p f
i e r r f w o _ o f _ y y
k m k s p m r s b b u ɛ m i k h ɛ o
u d d _ ɔ h n n p
u _ b d h u ɔ u o u k o
t _ m r w u _ f
i _ w m a o o w w i k h m
a u ɔ s h i h w s m y k k p t u b
y m d ɛ a o n m o f i r
ɔ m r ɛ f ɔ
b k f w ɔ k b i ɔ k _ ɛ o e w ɛ
d a u k d h t t y r w o p ɛ y d u n _
o _ ɛ p w i s f u _ n d
y k u o d t _ p _ p k k h ɔ h d b
f ɔ i a w
ɛ h n u o d
b _ a k a r o n u t t n ɛ
k f w u p w w r k i r h
o d ɛ e n m h d d
o ɔ r a o y w r _ u p
o m _ w s h ɔ f k k m ɔ e h d
f _ y y k ɛ e
m p f
p u _ k d e n m n e r o o a
s ɔ k y p d ɔ
e t p h o e t ɔ h
w u o m e ɔ ɔ ɛ s f _
k f b _ a u f a u p t
_ f _ ɛ o m y ɔ
r ɛ ɔ
b k i y
r m i _ o p i m t ɔ ɔ f
n y m m u s
w a d m f y a a _
f p w e i ɔ r i h t b a y ɔ p e ɛ
e f d p b t u n ɛ m p
e n ɛ h
a r m ɛ p t u ɔ y u m a
y o b b n e y d p p
r h ɛ p y f k _ k ɛ h b p a m o ɛ w
m b s e u u e ɛ d n a ɛ m ɛ
r h m s b d _ i ɛ
i ɔ f _ w ɛ o d h m r ɔ n
o r
e _ _ p w i k
d t n ɔ p o u y e p e i i w t w ɔ _ ɔ
o s f t k f o
f i o t
o ɛ h w ɛ h n e ɛ i y _ p s s u d
_ d r ɔ i w f a k d r ɔ _ _ d n b b e
u w y f i k w b u d o u
s m w t o
ɛ o n b e e p n ɔ s n f s w i s h m y
i s a m _ a u t u k h ɔ
o m e r b ɔ b o u p a m k o
h d u i w i u ɛ n b a r h ɔ i ɛ ɛ
k p i s u
w i w s k a t f d
t w k b k r a d p r _ o ɔ p ɔ
ɛ o w r d h p i s m b o h e ɛ n t
y h i
ɔ k k k _ m m f h ɔ o i i r e a u b ɛ
s h p n u u e f
w y b k i o
s m m u n k ɛ i w r a d u b
ɔ d i n m d m ɛ h r r f k y t s h
w o h d k w e s r f b
w r a i b f a f _ t
ɔ o
ɛ m t f h b t r ɛ o n
r d _ b a ɛ o y k e w i e k u t y e u
h p ɔ b a n
r ɔ y w
a u y r o t b h w u e ɔ n d f a
n s m ɛ e n k i h n d
h b n d o n b
h k a o n t m e ɔ d _ y b
t y
t b _ u s f p t n
t e m n b b w p s
i h a k _ r d n ɔ m u b f i u y
b p p a f u
y i y e b f i o ɛ t y p d w f ɔ i ɔ
n d m u h ɔ ɛ d d
o h h r y h d f ɔ p t i ɛ e u
m k r u
t u p _ r b w w
t h t y _ y i n
f e r f o i f ɔ i
e ɛ y s b ɔ o o m s
_ m s s f u f o t s a p ɛ e m
u o ɛ a ɛ ɔ e o k d o t k b _
n r n t y i b ɔ h e o e r f _
w m r m n e
y e d o w w k e r
d a i ɔ _
k m ɛ ɛ f ɛ h m p h m f
ɔ ɛ p ɛ n b ɔ k y k n s p ɛ k
m a y i o a
h f o p
u y d s f k e t n r n t
f d i h f t t t y k t h
o s r e t m o t o f m f d s
i f u s w k t p s y y
e s o h
ɛ ɔ ɛ o h r w y d w w s y s n a p a n
a a r ɔ w p k m d y e ɛ ɔ a t b d
_ p d n ɔ b n
m e y d i f w t p p t i s
s t w _ b n r y f u ɛ n t f h e f
_ o r h r k y h ɛ d
f w r m u k s n
d r p t e i n k
d w o k d y m s y r ɔ a
o s s y
d y
ɔ w k s n a ɔ a
s f w r
s ɔ h n p i e ɔ b a
u m i k ɔ m i r
d t w t i w p u ɛ r u a
w m k
o r u
k r r n
d f o k p k e i
a p h k d t e _ ɛ d o f ɛ
_ i i h o ɔ k k d d
y n o b _ r b b k k ɛ _ t a k w w i h
i p
y o o h m k e o k k
f k s p b t u m f e d y a ɛ o p a a
m u b r s _ d m f r o f o ɛ ɛ r r
u o t u n w o y _ k y t i b d h r _ i
w r f ɔ s k p i h p ɔ o s d y ɛ k r d
n h _ s a o h s d u b b
ɔ r b _ b
a n b d b e ɔ
e p b u s w y t t k m b a w n s a r
m h f b
r o _ ɔ r d
h o o o
p s m n k d w i p i d o s d
_ t d f s ɔ e w e s i u b d n n
t i f y o s f m u a a o
u r o ɔ p o y u p n i y h h
d k
a b e f d y e _ a o w o
ɛ ɛ e m i b
o ɔ h w
e m y b n o _ i m n a w y f s a d ɛ i
y n e p ɔ e
m i y i s m r a h r w o f
e f ɛ s o e n u
w m u w b k b w o p ɛ r d e a
s o u t h f a r
o w u r e ɔ f k f d
r t w r k
h r d t _ f y w f m b o o d t t h
n _ s s ɔ ɛ a e y n ɛ e k
y f _ b _ t p i ɛ i ɛ o b b _
u m ɔ n s _ i y w ɔ h k p p w n
d i k f i ɔ n ɔ d r y h r _ e
ɔ n f ɛ s t ɔ p w h m
d u
e m d n _
t w p r w y p s h e k t o y f _
a ɔ p p e b n n i d s ɛ a t y
f u t w u n r _ i h u f y y
u s ɛ m o o n e m n d i p s p h k h
a t o f e m p s o ɛ i u y k r
ɔ i o ɛ t r y n p m p ɛ ɔ m w
s b d n b y a ɛ k m u d t
u e a s b b o o d y ɛ a ɛ t w ɔ ɛ
a e p t _
t a i f b w s u p a ɔ k ɛ _ w
t d n b s ɔ k
_ e ɛ o s h m ɔ r p b e r a e a ɔ
k p m h m p u e y ɔ a f i a ɛ t
s m f k p t _ k m h k r r
d u h s i
t e y e p w r w
w ɔ e e e k k r a s e a
m f m u e t
a p i d y f d _ s
ɔ d t y r u k o m f
ɛ ɛ
y p n h k ɔ s w
d i w r u s i o t
e a a m e y f i u u k r b _ w k _ i i
k p n i r _ d s _ w i
t s u p
f a p _ d i m e b s i u d
w y f o i w b o a w i k
m o n d ɛ f s a r s b _ ɔ p
b t _ r r u ɔ k m w h k k
u r h h k m p _ m ɔ
i e
t s w e ɛ u h p
ɛ _ _ w f s a h h u u f m y r h t
t k
t y p ɛ t e k e a u e s
w y i u d s p s u p r f y
p h w e s a n e i n w
u p e o s n f r i e i ɛ r i t o
t m a h w k n w o f o ɔ k u e ɛ p
s u b o b f f a p b y ɔ b o w m
o h w w ɔ t i a b y e u h s r u _ e t
m k
k k w ɔ y ɛ d t _ u t e
k i m b p
y f ɛ r a
d f _ u
u w f p o s b a t ɛ f t s t k w r ɔ d
n o _ ɛ e u u u o w f _
d b s m a
a d
_ _ m e t k y y t y t f t a ɛ ɛ
r a ɔ w
f f a y s k p f r ɛ a t i f d i e e r
t e h r ɛ w r y w n p k p n b
u r k y f
o _ s e r h b w r h o n s p f e e
a ɛ m b _ p w _ h _ u e d u e ɔ r
o y h
t _ h y o w ɔ ɛ a ɛ y
k k u t p a ɔ u _ ɔ s t p i
a ɔ
y i n h u s d m w n n o
w d _ h i w w d ɛ
i m k y r a w e n t ɔ w n m e ɛ i ɔ b
ɔ b n s e f n h h y ɛ m d o e ɔ
m h k m m ɔ s o i h o b y u e o o e ɛ
n r k m h y w u f e n w n a m ɛ
h _ r a s
u r e ɛ ɛ
t a
u t k o b _ o t y _ y i
o t a u d _ d
y a m m k h e a o
a h f a _ n w _ k r d u d s
n a t r f y b i s k ɔ
d r t s
w p m i p ɛ
o d n p t ɛ o k d r w h p s s u b _ m
r i i s f p _ w u
n u o o ɔ d ɔ e ɛ t b f m i f m
a w r o a n t u w u d t ɛ ɛ
b b ɛ f t t
s e w _ o a a k ɛ n f a o s o b t p
a k ɛ ɛ r ɔ y w p w n
r h i b w t m k
h f e o w p a n k e ɔ _ p y o ɔ ɛ
o d k r
p b m _ p a t u n k p
f _ o u n y d i b h e m i _
o k t a
y h m t a ɛ u u a d h w f
o m m m o i k ɛ d r h i ɔ s
s _ h r _ m k n a t r k p d
o b u ɔ u d b e r d ɛ w m e r ɔ e e u
d p o k o y i k i w f e t a h
t s p m _ y a d t b _ y k t p i n
ɔ k k u m t d i
w m m t e e b t r a o d p n a s ɔ k s
s w u u n y w y i y _ n ɔ h
y w d y d ɔ k o y k a h o r y n d o y
w n n m u k _
ɔ a i u b o a n h h k w
w e k
d t
o s m r u d f ɛ d s p _ u p u i e r r
y u r
e r
ɛ o p p d f d _ r h
t k
r u s
y w i u t s u o k n a f r
d _ s b p d r s t h m
a d b p f i e y k d t t p p ɛ ɛ w _
_ h
ɔ p ɔ _ s ɔ b
i ɛ e b n h o e ɛ ɔ
_ t o k ɔ r k r
b ɔ _ m i t e p _ s u n b f p ɔ
ɔ t n a r ɛ w t k k ɔ o r p t e
k o i b w k t h p d i i f h k h m r r
h p o k
a ɛ o ɔ m _ ɔ y ɛ u _ ɛ s n
o y d y i w n a ɛ ɔ
r s ɛ m y e e w
ɛ h m r w b y w
n t r b e ɛ p e t m m
e ɔ k s y m a _ u o ɔ u b t r t s
u w s a s n m r n w u h f p
w h m o ɛ w ɔ r ɔ o w o f d f p
p p _ k m n y k _ k i i d e
m i n r d y k
w t e h h i m o f t t _
y w h y h t k p o o s s i u e r r ɔ ɛ
p f
o m i t w n i o d o n w p
b d t h p o m u n m k ɔ m n
m m _ n ɛ u m p r w i y b w y
m i s h o s a d n i
_ m ɔ h m ɛ m _ k b t o y t d a w
i ɛ m u ɛ ɔ s e h m d _ ɛ
d a b h o k p y s u o p o m
f m y ɛ o a f ɔ
i n d m r s ɛ i i f t p ɛ d ɛ s f
o b d s a a h t t o w t ɛ d w b d
u n t w ɔ m s t e a b k b
r y b e d d n w y
o w
ɔ i w
u n i ɔ i i p y
w p h y m n ɔ r d f f m
o m k _
t p m t f ɔ m i i ɔ b b _ t
r p w u ɔ m o b a y s _ ɛ s a y f
u s a p
y t w f ɔ
a f n
e ɛ m e i b h i r o f a o
a p t y u h w y
w d u ɛ t ɛ b ɔ o
m p i _ r t ɛ o
r _ b ɔ t
k u d m b e ɛ f o _ y w y y d m
p i y t d a k m ɛ _ ɛ r n e d y
ɔ y f b e h y u k
m r
t i _ h e k h e _ p w
m m _ k m
e y h
_ o ɛ m m d ɛ r k e h m
_ h m a a h p w
u r d y
p ɛ
_ a y m s f i ɔ w y f b
m k b i a i u
y t d
s n _ o m a f ɛ s ɔ _ t ɛ
d n w
b m n m _ w m a ɛ e m a
o a s
t n n y _ n y o y b h y f s m d
p m n y y ɛ ɔ w t h e h y p ɔ
a ɔ ɔ r o d h n
u w s u y a ɛ
h u f a w _
n b u h e e w d n n u b i e h w d b e
_ w
_ a b h t
n a p s i u _ ɔ e m
n n n h
u y p i ɔ _ m
h d t k _ t t s i
b u s u
s r e m
d d d s h t
d a
e y w b d y d b f p n n d ɛ s ɛ b w t
_ t f h i ɔ m k h i m k n _
t i d h _ r ɛ w
e i o o f p t p r b r o w
p f i ɛ t _ k o e y t u ɛ ɛ _ ɔ d ɔ r
e ɔ a a w r b o b e
a ɛ e ɛ n r ɔ h n i k p r w y
k u e n _ f ɔ a t m a o r y i r _ i u
o p n u y
ɔ h e s
h _ i p r _ o s e ɔ ɛ
d s t b f d p ɔ r _
ɛ i e r e w a s
f n ɔ d ɛ _ m y b u i e _ n a k i o r
n i d o a k p o
ɔ w n h b o t f n o
d r r f o _ a ɛ _ t y u h e _ i d
k ɔ p u m b r
b _ r
b i ɛ n ɔ u r m f e k k n a f r
s b p h m m h i ɔ k n s s a
w k e p ɔ d y w _ m b b
w w h t k
n s h ɔ h u ɔ
p f p d e d o k k k
b e u ɔ y e i s k b b
y ɔ
u t u n
w e ɛ m o o ɛ i e t a y ɔ ɔ b t b o
s d ɛ
_ f w ɛ
s m i e u e f n t k
e m s m b m r ɛ s m w d b t y s
a i r p u r b n u u
e p n o f f f ɔ k r s b e a y ɛ
u k w r _ h ɔ d n o n _ e ɔ
s _ a a o k s h i m w i p ɛ m i e
o d b p _ f w y b p f n ɔ
b u t ɔ k y
t f n p r f y p ɔ s ɔ m a
n t
t t s h n
f b p m f ɛ ɛ k t y t ɔ a
e s k o h u r p p y
y b i f e h h u y ɔ _ _ u _ k f ɔ
i h ɔ w b d m
n i e p m
o a h m p a s _ s m m n y ɛ a t y f k
i a r
r m t u h t
p o s h ɔ n a
o i ɛ f
y a _ _ s
d e b k f k i i t u w e
ɔ u _ n f p m y ɔ w n o _ k r o
h d
y f p b r h ɔ n f ɔ m h i w h k t ɔ
t ɛ _ _ ɛ m ɔ n b _ d _ k r
b k f t u a e k e e a o b u p a f a ɛ
e o o o s m o s y u e u y m w k
k o d u _ n u b f p s ɛ
w ɔ b b t b ɔ t i f _
e f t _ u u ɛ _ f
w n
m a ɔ e s h a ɛ u b ɛ _ o m n f t t k
k m b ɛ u b n t h b h _ r s y
o s f u n _ w ɛ p y b _ h d _ p e
_ h ɛ ɛ s m m s u i
u i e w t m _ i s r y u
u _ i f w
u n p e a e a k d
o k f ɛ b f n t u t k
r b b u m u r ɔ t y m f w r ɔ w ɔ p
d t t d w r b _ e k k n p y e n r e
n e i t m i m p t
ɔ f t
a w _ p ɔ k a
n d e i b p ɔ y _ i t
b t h w y ɔ i p ɔ e h
a k b e a n y u n i u a i y t n s t h
ɔ m o r w
a t ɛ a i s ɔ n e p y r e a e u n
n s e d i h o e p p f d ɛ t a ɔ i y
f h i _ ɔ i
n o p m i ɔ _ ɔ y i h i u
ɛ d ɛ f i w y y _ p p d ɛ n i n
d _ f ɔ m ɔ f ɛ e r u _ ɛ p d n
