k u m e r a
t i d z a m e r a
t i m a m e r a
t i n a m e r a
m u d z a m e r a
m u m a m e r a
m u n a m e r a
a d z a m e r a
a m a m e r a
a n a m e r a
n d i d z a m e r a
n d i m a m e r a
n d i n a m e r a
m u d z a m e r a
m u m a m e r a
m u n a m e r a
a d z a m e r a
a m a m e r a
a n a m e r a
k u y a n g ' a n a
t i d z a y a n g ' a n a
t i m a y a n g ' a n a
t i n a y a n g ' a n a
m u d z a y a n g ' a n a
m u m a y a n g ' a n a
m u n a y a n g ' a n a
a d z a y a n g ' a n a
a m a y a n g ' a n a
a n a y a n g ' a n a
n d i d z a y a n g ' a n a
n d i m a y a n g ' a n a
n d i n a y a n g ' a n a
m u d z a y a n g ' a n a
m u m a y a n g ' a n a
m u n a y a n g ' a n a
a d z a y a n g ' a n a
a m a y a n g ' a n a
a n a y a n g ' a n a
k u y e s a
t i d z a y e s a
t i m a y e s a
t i n a y e s a
m u d z a y e s a
m u m a y e s a
m u n a y e s a
a d z a y e s a
a m a y e s a
a n a y e s a
n d i d z a y e s a
n d i m a y e s a
n d i n a y e s a
m u d z a y e s a
m u m a y e s a
m u n a y e s a
a d z a y e s a
a m a y e s a
a n a y e s a
k u t h y o l a
t i d z a t h y o l a
t i m a t h y o l a
t i n a t h y o l a
m u d z a t h y o l a
m u m a t h y o l a
m u n a t h y o l a
a d z a t h y o l a
a m a t h y o l a
a n a t h y o l a
n d i d z a t h y o l a
n d i m a t h y o l a
n d i n a t h y o l a
m u d z a t h y o l a
m u m a t h y o l a
m u n a t h y o l a
a d z a t h y o l a
a m a t h y o l a
a n a t h y o l a
k u f a n a
t i d z a f a n a
t i m a f a n a
t i n a f a n a
m u d z a f a n a
m u m a f a n a
m u n a f a n a
a d z a f a n a
a m a f a n a
a n a f a n a
n d i d z a f a n a
n d i m a f a n a
n d i n a f a n a
m u d z a f a n a
m u m a f a n a
m u n a f a n a
a d z a f a n a
a m a f a n a
a n a f a n a
k u b a
t i d z a b a
t i m a b a
t i n a b a
m u d z a b a
m u m a b a
m u n a b a
a d z a b a
a m a b a
a n a b a
n d i d z a b a
n d i m a b a
n d i n a b a
m u d z a b a
m u m a b a
m u n a b a
a d z a b a
a m a b a
a n a b a
k u s o c h e r a
t i d z a s o c h e r a
t i m a s o c h e r a
t i n a s o c h e r a
m u d z a s o c h e r a
m u m a s o c h e r a
m u n a s o c h e r a
a d z a s o c h e r a
a m a s o c h e r a
a n a s o c h e r a
n d i d z a s o c h e r a
n d i m a s o c h e r a
n d i n a s o c h e r a
m u d z a s o c h e r a
m u m a s o c h e r a
m u n a s o c h e r a
a d z a s o c h e r a
a m a s o c h e r a
a n a s o c h e r a
k u l a m u l a
t i d z a l a m u l a
t i m a l a m u l a
t i n a l a m u l a
m u d z a l a m u l a
m u m a l a m u l a
m u n a l a m u l a
a d z a l a m u l a
a m a l a m u l a
a n a l a m u l a
n d i d z a l a m u l a
n d i m a l a m u l a
n d i n a l a m u l a
m u d z a l a m u l a
m u m a l a m u l a
m u n a l a m u l a
a d z a l a m u l a
a m a l a m u l a
a n a l a m u l a
k u y a k a
t i d z a y a k a
t i m a y a k a
t i n a y a k a
m u d z a y a k a
m u m a y a k a
m u n a y a k a
a d z a y a k a
a m a y a k a
a n a y a k a
n d i d z a y a k a
n d i m a y a k a
n d i n a y a k a
m u d z a y a k a
m u m a y a k a
m u n a y a k a
a d z a y a k a
a m a y a k a
a n a y a k a
k u b v o m a
t i d z a b v o m a
t i m a b v o m a
t i n a b v o m a
m u d z a b v o m a
m u m a b v o m a
m u n a b v o m a
a d z a b v o m a
a m a b v o m a
a n a b v o m a
n d i d z a b v o m a
n d i m a b v o m a
n d i n a b v o m a
m u d z a b v o m a
m u m a b v o m a
m u n a b v o m a
a d z a b v o m a
a m a b v o m a
a n a b v o m a
k u s i r i r a
t i d z a s i r i r a
t i m a s i r i r a
t i n a s i r i r a
m u d z a s i r i r a
m u m a s i r i r a
m u n a s i r i r a
a d z a s i r i r a
a m a s i r i r a
a n a s i r i r a
n d i d z a s i r i r a
n d i m a s i r i r a
n d i n a s i r i r a
m u d z a s i r i r a
m u m a s i r i r a
m u n a s i r i r a
a d z a s i r i r a
a m a s i r i r a
a n a s i r i r a
k u l a n d a
t i d z a l a n d a
t i m a l a n d a
t i n a l a n d a
m u d z a l a n d a
m u m a l a n d a
m u n a l a n d a
a d z a l a n d a
a m a l a n d a
a n a l a n d a
n d i d z a l a n d a
n d i m a l a n d a
n d i n a l a n d a
m u d z a l a n d a
m u m a l a n d a
m u n a l a n d a
a d z a l a n d a
a m a l a n d a
a n a l a n d a
k u d z i w a
t i d z a d z i w a
t i m a d z i w a
t i n a d z i w a
m u d z a d z i w a
m u m a d z i w a
m u n a d z i w a
a d z a d z i w a
a m a d z i w a
a n a d z i w a
n d i d z a d z i w a
n d i m a d z i w a
n d i n a d z i w a
m u d z a d z i w a
m u m a d z i w a
m u n a d z i w a
a d z a d z i w a
a m a d z i w a
a n a d z i w a
k u y a n j a
t i d z a y a n j a
t i m a y a n j a
t i n a y a n j a
m u d z a y a n j a
m u m a y a n j a
m u n a y a n j a
a d z a y a n j a
a m a y a n j a
a n a y a n j a
n d i d z a y a n j a
n d i m a y a n j a
n d i n a y a n j a
m u d z a y a n j a
m u m a y a n j a
m u n a y a n j a
a d z a y a n j a
a m a y a n j a
a n a y a n j a
k u c h e z a
t i d z a c h e z a
t i m a c h e z a
t i n a c h e z a
m u d z a c h e z a
m u m a c h e z a
m u n a c h e z a
a d z a c h e z a
a m a c h e z a
a n a c h e z a
n d i d z a c h e z a
n d i m a c h e z a
n d i n a c h e z a
m u d z a c h e z a
m u m a c h e z a
m u n a c h e z a
a d z a c h e z a
a m a c h e z a
a n a c h e z a
k u b a y a
t i d z a b a y a
t i m a b a y a
t i n a b a y a
m u d z a b a y a
m u m a b a y a
m u n a b a y a
a d z a b a y a
a m a b a y a
a n a b a y a
n d i d z a b a y a
n d i m a b a y a
n d i n a b a y a
m u d z a b a y a
m u m a b a y a
m u n a b a y a
a d z a b a y a
a m a b a y a
a n a b a y a
k u i w a l a
t i d z a i w a l a
t i m a i w a l a
t i n a i w a l a
m u d z a i w a l a
m u m a i w a l a
m u n a i w a l a
a d z a i w a l a
a m a i w a l a
a n a i w a l a
n d i d z a i w a l a
n d i m a i w a l a
n d i n a i w a l a
m u d z a i w a l a
m u m a i w a l a
m u n a i w a l a
a d z a i w a l a
a m a i w a l a
a n a i w a l a
k u k o m a
t i d z a k o m a
t i m a k o m a
t i n a k o m a
m u d z a k o m a
m u m a k o m a
m u n a k o m a
a d z a k o m a
a m a k o m a
a n a k o m a
n d i d z a k o m a
n d i m a k o m a
n d i n a k o m a
m u d z a k o m a
m u m a k o m a
m u n a k o m a
a d z a k o m a
a m a k o m a
a n a k o m a
k u l e k a
t i d z a l e k a
t i m a l e k a
t i n a l e k a
m u d z a l e k a
m u m a l e k a
m u n a l e k a
a d z a l e k a
a m a l e k a
a n a l e k a
n d i d z a l e k a
n d i m a l e k a
n d i n a l e k a
m u d z a l e k a
m u m a l e k a
m u n a l e k a
a d z a l e k a
a m a l e k a
a n a l e k a
k u v i n a
t i d z a v i n a
t i m a v i n a
t i n a v i n a
m u d z a v i n a
m u m a v i n a
m u n a v i n a
a d z a v i n a
a m a v i n a
a n a v i n a
n d i d z a v i n a
n d i m a v i n a
n d i n a v i n a
m u d z a v i n a
m u m a v i n a
m u n a v i n a
a d z a v i n a
a m a v i n a
a n a v i n a
k u k u l a
t i d z a k u l a
t i m a k u l a
t i n a k u l a
m u d z a k u l a
m u m a k u l a
m u n a k u l a
a d z a k u l a
a m a k u l a
a n a k u l a
n d i d z a k u l a
n d i m a k u l a
n d i n a k u l a
m u d z a k u l a
m u m a k u l a
m u n a k u l a
a d z a k u l a
a m a k u l a
a n a k u l a
k u z o l o w e r a
t i d z a z o l o w e r a
t i m a z o l o w e r a
t i n a z o l o w e r a
m u d z a z o l o w e r a
m u m a z o l o w e r a
m u n a z o l o w e r a
a d z a z o l o w e r a
a m a z o l o w e r a
a n a z o l o w e r a
n d i d z a z o l o w e r a
n d i m a z o l o w e r a
n d i n a z o l o w e r a
m u d z a z o l o w e r a
m u m a z o l o w e r a
m u n a z o l o w e r a
a d z a z o l o w e r a
a m a z o l o w e r a
a n a z o l o w e r a
k u c h o k a
t i d z a c h o k a
t i m a c h o k a
t i n a c h o k a
m u d z a c h o k a
m u m a c h o k a
m u n a c h o k a
a d z a c h o k a
a m a c h o k a
a n a c h o k a
n d i d z a c h o k a
n d i m a c h o k a
n d i n a c h o k a
m u d z a c h o k a
m u m a c h o k a
m u n a c h o k a
a d z a c h o k a
a m a c h o k a
a n a c h o k a
k u n y a d a
t i d z a n y a d a
t i m a n y a d a
t i n a n y a d a
m u d z a n y a d a
m u m a n y a d a
m u n a n y a d a
a d z a n y a d a
a m a n y a d a
a n a n y a d a
n d i d z a n y a d a
n d i m a n y a d a
n d i n a n y a d a
m u d z a n y a d a
m u m a n y a d a
m u n a n y a d a
a d z a n y a d a
a m a n y a d a
a n a n y a d a
k u b v u l a l a
t i d z a b v u l a l a
t i m a b v u l a l a
t i n a b v u l a l a
m u d z a b v u l a l a
m u m a b v u l a l a
m u n a b v u l a l a
a d z a b v u l a l a
a m a b v u l a l a
a n a b v u l a l a
n d i d z a b v u l a l a
n d i m a b v u l a l a
n d i n a b v u l a l a
m u d z a b v u l a l a
m u m a b v u l a l a
m u n a b v u l a l a
a d z a b v u l a l a
a m a b v u l a l a
a n a b v u l a l a
k u w a l a
t i d z a w a l a
t i m a w a l a
t i n a w a l a
m u d z a w a l a
m u m a w a l a
m u n a w a l a
a d z a w a l a
a m a w a l a
a n a w a l a
n d i d z a w a l a
n d i m a w a l a
n d i n a w a l a
m u d z a w a l a
m u m a w a l a
m u n a w a l a
a d z a w a l a
a m a w a l a
a n a w a l a
k u i t a n a
t i d z a i t a n a
t i m a i t a n a
t i n a i t a n a
m u d z a i t a n a
m u m a i t a n a
m u n a i t a n a
a d z a i t a n a
a m a i t a n a
a n a i t a n a
n d i d z a i t a n a
n d i m a i t a n a
n d i n a i t a n a
m u d z a i t a n a
m u m a i t a n a
m u n a i t a n a
a d z a i t a n a
a m a i t a n a
a n a i t a n a
k u t h a m a n g a
t i d z a t h a m a n g a
t i m a t h a m a n g a
t i n a t h a m a n g a
m u d z a t h a m a n g a
m u m a t h a m a n g a
m u n a t h a m a n g a
a d z a t h a m a n g a
a m a t h a m a n g a
a n a t h a m a n g a
n d i d z a t h a m a n g a
n d i m a t h a m a n g a
n d i n a t h a m a n g a
m u d z a t h a m a n g a
m u m a t h a m a n g a
m u n a t h a m a n g a
a d z a t h a m a n g a
a m a t h a m a n g a
a n a t h a m a n g a
k u l i m b a
t i d z a l i m b a
t i m a l i m b a
t i n a l i m b a
m u d z a l i m b a
m u m a l i m b a
m u n a l i m b a
a d z a l i m b a
a m a l i m b a
a n a l i m b a
n d i d z a l i m b a
n d i m a l i m b a
n d i n a l i m b a
m u d z a l i m b a
m u m a l i m b a
m u n a l i m b a
a d z a l i m b a
a m a l i m b a
a n a l i m b a
k u p e z a
t i d z a p e z a
t i m a p e z a
t i n a p e z a
m u d z a p e z a
m u m a p e z a
m u n a p e z a
a d z a p e z a
a m a p e z a
a n a p e z a
n d i d z a p e z a
n d i m a p e z a
n d i n a p e z a
m u d z a p e z a
m u m a p e z a
m u n a p e z a
a d z a p e z a
a m a p e z a
a n a p e z a
k u t h o k o z a
t i d z a t h o k o z a
t i m a t h o k o z a
t i n a t h o k o z a
m u d z a t h o k o z a
m u m a t h o k o z a
m u n a t h o k o z a
a d z a t h o k o z a
a m a t h o k o z a
a n a t h o k o z a
n d i d z a t h o k o z a
n d i m a t h o k o z a
n d i n a t h o k o z a
m u d z a t h o k o z a
m u m a t h o k o z a
m u n a t h o k o z a
a d z a t h o k o z a
a m a t h o k o z a
a n a t h o k o z a
k u o n g o l a
t i d z a o n g o l a
t i m a o n g o l a
t i n a o n g o l a
m u d z a o n g o l a
m u m a o n g o l a
m u n a o n g o l a
a d z a o n g o l a
a m a o n g o l a
a n a o n g o l a
n d i d z a o n g o l a
n d i m a o n g o l a
n d i n a o n g o l a
m u d z a o n g o l a
m u m a o n g o l a
m u n a o n g o l a
a d z a o n g o l a
a m a o n g o l a
a n a o n g o l a
k u l i r a
t i d z a l i r a
t i m a l i r a
t i n a l i r a
m u d z a l i r a
m u m a l i r a
m u n a l i r a
a d z a l i r a
a m a l i r a
a n a l i r a
n d i d z a l i r a
n d i m a l i r a
n d i n a l i r a
m u d z a l i r a
m u m a l i r a
m u n a l i r a
a d z a l i r a
a m a l i r a
a n a l i r a
k u n y a n s a
t i d z a n y a n s a
t i m a n y a n s a
t i n a n y a n s a
m u d z a n y a n s a
m u m a n y a n s a
m u n a n y a n s a
a d z a n y a n s a
a m a n y a n s a
a n a n y a n s a
n d i d z a n y a n s a
n d i m a n y a n s a
n d i n a n y a n s a
m u d z a n y a n s a
m u m a n y a n s a
m u n a n y a n s a
a d z a n y a n s a
a m a n y a n s a
a n a n y a n s a
k u c h a p a
t i d z a c h a p a
t i m a c h a p a
t i n a c h a p a
m u d z a c h a p a
m u m a c h a p a
m u n a c h a p a
a d z a c h a p a
a m a c h a p a
a n a c h a p a
n d i d z a c h a p a
n d i m a c h a p a
n d i n a c h a p a
m u d z a c h a p a
m u m a c h a p a
m u n a c h a p a
a d z a c h a p a
a m a c h a p a
a n a c h a p a
k u t e n t h a
t i d z a t e n t h a
t i m a t e n t h a
t i n a t e n t h a
m u d z a t e n t h a
m u m a t e n t h a
m u n a t e n t h a
a d z a t e n t h a
a m a t e n t h a
a n a t e n t h a
n d i d z a t e n t h a
n d i m a t e n t h a
n d i n a t e n t h a
m u d z a t e n t h a
m u m a t e n t h a
m u n a t e n t h a
a d z a t e n t h a
a m a t e n t h a
a n a t e n t h a
k u t h a n d i z a
t i d z a t h a n d i z a
t i m a t h a n d i z a
t i n a t h a n d i z a
m u d z a t h a n d i z a
m u m a t h a n d i z a
m u n a t h a n d i z a
a d z a t h a n d i z a
a m a t h a n d i z a
a n a t h a n d i z a
n d i d z a t h a n d i z a
n d i m a t h a n d i z a
n d i n a t h a n d i z a
m u d z a t h a n d i z a
m u m a t h a n d i z a
m u n a t h a n d i z a
a d z a t h a n d i z a
a m a t h a n d i z a
a n a t h a n d i z a
k u g o g o d a
t i d z a g o g o d a
t i m a g o g o d a
t i n a g o g o d a
m u d z a g o g o d a
m u m a g o g o d a
m u n a g o g o d a
a d z a g o g o d a
a m a g o g o d a
a n a g o g o d a
n d i d z a g o g o d a
n d i m a g o g o d a
n d i n a g o g o d a
m u d z a g o g o d a
m u m a g o g o d a
m u n a g o g o d a
a d z a g o g o d a
a m a g o g o d a
a n a g o g o d a
k u k h u m u d w a
t i d z a k h u m u d w a
t i m a k h u m u d w a
t i n a k h u m u d w a
m u d z a k h u m u d w a
m u m a k h u m u d w a
m u n a k h u m u d w a
a d z a k h u m u d w a
a m a k h u m u d w a
a n a k h u m u d w a
n d i d z a k h u m u d w a
n d i m a k h u m u d w a
n d i n a k h u m u d w a
m u d z a k h u m u d w a
m u m a k h u m u d w a
m u n a k h u m u d w a
a d z a k h u m u d w a
a m a k h u m u d w a
a n a k h u m u d w a
k u t a n t h a u z a
t i d z a t a n t h a u z a
t i m a t a n t h a u z a
t i n a t a n t h a u z a
m u d z a t a n t h a u z a
m u m a t a n t h a u z a
m u n a t a n t h a u z a
a d z a t a n t h a u z a
a m a t a n t h a u z a
a n a t a n t h a u z a
n d i d z a t a n t h a u z a
n d i m a t a n t h a u z a
n d i n a t a n t h a u z a
m u d z a t a n t h a u z a
m u m a t a n t h a u z a
m u n a t a n t h a u z a
a d z a t a n t h a u z a
a m a t a n t h a u z a
a n a t a n t h a u z a
k u b a d w a
t i d z a b a d w a
t i m a b a d w a
t i n a b a d w a
m u d z a b a d w a
m u m a b a d w a
m u n a b a d w a
a d z a b a d w a
a m a b a d w a
a n a b a d w a
n d i d z a b a d w a
n d i m a b a d w a
n d i n a b a d w a
m u d z a b a d w a
m u m a b a d w a
m u n a b a d w a
a d z a b a d w a
a m a b a d w a
a n a b a d w a
k u b i s a
t i d z a b i s a
t i m a b i s a
t i n a b i s a
m u d z a b i s a
m u m a b i s a
m u n a b i s a
a d z a b i s a
a m a b i s a
a n a b i s a
n d i d z a b i s a
n d i m a b i s a
n d i n a b i s a
m u d z a b i s a
m u m a b i s a
m u n a b i s a
a d z a b i s a
a m a b i s a
a n a b i s a
k u l o n j e z a
t i d z a l o n j e z a
t i m a l o n j e z a
t i n a l o n j e z a
m u d z a l o n j e z a
m u m a l o n j e z a
m u n a l o n j e z a
a d z a l o n j e z a
a m a l o n j e z a
a n a l o n j e z a
n d i d z a l o n j e z a
n d i m a l o n j e z a
n d i n a l o n j e z a
m u d z a l o n j e z a
m u m a l o n j e z a
m u n a l o n j e z a
a d z a l o n j e z a
a m a l o n j e z a
a n a l o n j e z a
k u y a m i k a
t i d z a y a m i k a
t i m a y a m i k a
t i n a y a m i k a
m u d z a y a m i k a
m u m a y a m i k a
m u n a y a m i k a
a d z a y a m i k a
a m a y a m i k a
a n a y a m i k a
n d i d z a y a m i k a
n d i m a y a m i k a
n d i n a y a m i k a
m u d z a y a m i k a
m u m a y a m i k a
m u n a y a m i k a
a d z a y a m i k a
a m a y a m i k a
a n a y a m i k a
k u p s y a
t i d z a p s y a
t i m a p s y a
t i n a p s y a
m u d z a p s y a
m u m a p s y a
m u n a p s y a
a d z a p s y a
a m a p s y a
a n a p s y a
n d i d z a p s y a
n d i m a p s y a
n d i n a p s y a
m u d z a p s y a
m u m a p s y a
m u n a p s y a
a d z a p s y a
a m a p s y a
a n a p s y a
k u z i n d i k i r a
t i d z a z i n d i k i r a
t i m a z i n d i k i r a
t i n a z i n d i k i r a
m u d z a z i n d i k i r a
m u m a z i n d i k i r a
m u n a z i n d i k i r a
a d z a z i n d i k i r a
a m a z i n d i k i r a
a n a z i n d i k i r a
n d i d z a z i n d i k i r a
n d i m a z i n d i k i r a
n d i n a z i n d i k i r a
m u d z a z i n d i k i r a
m u m a z i n d i k i r a
m u n a z i n d i k i r a
a d z a z i n d i k i r a
a m a z i n d i k i r a
a n a z i n d i k i r a
k u p h u n z i r a
t i d z a p h u n z i r a
t i m a p h u n z i r a
t i n a p h u n z i r a
m u d z a p h u n z i r a
m u m a p h u n z i r a
m u n a p h u n z i r a
a d z a p h u n z i r a
a m a p h u n z i r a
a n a p h u n z i r a
n d i d z a p h u n z i r a
n d i m a p h u n z i r a
n d i n a p h u n z i r a
m u d z a p h u n z i r a
m u m a p h u n z i r a
m u n a p h u n z i r a
a d z a p h u n z i r a
a m a p h u n z i r a
a n a p h u n z i r a
k u n u n k h a
t i d z a n u n k h a
t i m a n u n k h a
t i n a n u n k h a
m u d z a n u n k h a
m u m a n u n k h a
m u n a n u n k h a
a d z a n u n k h a
a m a n u n k h a
a n a n u n k h a
n d i d z a n u n k h a
n d i m a n u n k h a
n d i n a n u n k h a
m u d z a n u n k h a
m u m a n u n k h a
m u n a n u n k h a
a d z a n u n k h a
a m a n u n k h a
a n a n u n k h a
k u b w e z a
t i d z a b w e z a
t i m a b w e z a
t i n a b w e z a
m u d z a b w e z a
m u m a b w e z a
m u n a b w e z a
a d z a b w e z a
a m a b w e z a
a n a b w e z a
n d i d z a b w e z a
n d i m a b w e z a
n d i n a b w e z a
m u d z a b w e z a
m u m a b w e z a
m u n a b w e z a
a d z a b w e z a
a m a b w e z a
a n a b w e z a
k u b i r i w i r a
t i d z a b i r i w i r a
t i m a b i r i w i r a
t i n a b i r i w i r a
m u d z a b i r i w i r a
m u m a b i r i w i r a
m u n a b i r i w i r a
a d z a b i r i w i r a
a m a b i r i w i r a
a n a b i r i w i r a
n d i d z a b i r i w i r a
n d i m a b i r i w i r a
n d i n a b i r i w i r a
m u d z a b i r i w i r a
m u m a b i r i w i r a
m u n a b i r i w i r a
a d z a b i r i w i r a
a m a b i r i w i r a
a n a b i r i w i r a
k u g u l a
t i d z a g u l a
t i m a g u l a
t i n a g u l a
m u d z a g u l a
m u m a g u l a
m u n a g u l a
a d z a g u l a
a m a g u l a
a n a g u l a
n d i d z a g u l a
n d i m a g u l a
n d i n a g u l a
m u d z a g u l a
m u m a g u l a
m u n a g u l a
a d z a g u l a
a m a g u l a
a n a g u l a
k u n y o z a
t i d z a n y o z a
t i m a n y o z a
t i n a n y o z a
m u d z a n y o z a
m u m a n y o z a
m u n a n y o z a
a d z a n y o z a
a m a n y o z a
a n a n y o z a
n d i d z a n y o z a
n d i m a n y o z a
n d i n a n y o z a
m u d z a n y o z a
m u m a n y o z a
m u n a n y o z a
a d z a n y o z a
a m a n y o z a
a n a n y o z a
k u d a l a
t i d z a d a l a
t i m a d a l a
t i n a d a l a
m u d z a d a l a
m u m a d a l a
m u n a d a l a
a d z a d a l a
a m a d a l a
a n a d a l a
n d i d z a d a l a
n d i m a d a l a
n d i n a d a l a
m u d z a d a l a
m u m a d a l a
m u n a d a l a
a d z a d a l a
a m a d a l a
a n a d a l a
k u b o o l a
t i d z a b o o l a
t i m a b o o l a
t i n a b o o l a
m u d z a b o o l a
m u m a b o o l a
m u n a b o o l a
a d z a b o o l a
a m a b o o l a
a n a b o o l a
n d i d z a b o o l a
n d i m a b o o l a
n d i n a b o o l a
m u d z a b o o l a
m u m a b o o l a
m u n a b o o l a
a d z a b o o l a
a m a b o o l a
a n a b o o l a
k u p u l u m u t s a
t i d z a p u l u m u t s a
t i m a p u l u m u t s a
t i n a p u l u m u t s a
m u d z a p u l u m u t s a
m u m a p u l u m u t s a
m u n a p u l u m u t s a
a d z a p u l u m u t s a
a m a p u l u m u t s a
a n a p u l u m u t s a
n d i d z a p u l u m u t s a
n d i m a p u l u m u t s a
n d i n a p u l u m u t s a
m u d z a p u l u m u t s a
m u m a p u l u m u t s a
m u n a p u l u m u t s a
a d z a p u l u m u t s a
a m a p u l u m u t s a
a n a p u l u m u t s a
k u o n a
t i d z a o n a
t i m a o n a
t i n a o n a
m u d z a o n a
m u m a o n a
m u n a o n a
a d z a o n a
a m a o n a
a n a o n a
n d i d z a o n a
n d i m a o n a
n d i n a o n a
m u d z a o n a
m u m a o n a
m u n a o n a
a d z a o n a
a m a o n a
a n a o n a
k u t o p a
t i d z a t o p a
t i m a t o p a
t i n a t o p a
m u d z a t o p a
m u m a t o p a
m u n a t o p a
a d z a t o p a
a m a t o p a
a n a t o p a
n d i d z a t o p a
n d i m a t o p a
n d i n a t o p a
m u d z a t o p a
m u m a t o p a
m u n a t o p a
a d z a t o p a
a m a t o p a
a n a t o p a
k u t s i r i z a
t i d z a t s i r i z a
t i m a t s i r i z a
t i n a t s i r i z a
m u d z a t s i r i z a
m u m a t s i r i z a
m u n a t s i r i z a
a d z a t s i r i z a
a m a t s i r i z a
a n a t s i r i z a
n d i d z a t s i r i z a
n d i m a t s i r i z a
n d i n a t s i r i z a
m u d z a t s i r i z a
m u m a t s i r i z a
m u n a t s i r i z a
a d z a t s i r i z a
a m a t s i r i z a
a n a t s i r i z a
k u t s o g o l a
t i d z a t s o g o l a
t i m a t s o g o l a
t i n a t s o g o l a
m u d z a t s o g o l a
m u m a t s o g o l a
m u n a t s o g o l a
a d z a t s o g o l a
a m a t s o g o l a
a n a t s o g o l a
n d i d z a t s o g o l a
n d i m a t s o g o l a
n d i n a t s o g o l a
m u d z a t s o g o l a
m u m a t s o g o l a
m u n a t s o g o l a
a d z a t s o g o l a
a m a t s o g o l a
a n a t s o g o l a
k u s a m b a
t i d z a s a m b a
t i m a s a m b a
t i n a s a m b a
m u d z a s a m b a
m u m a s a m b a
m u n a s a m b a
a d z a s a m b a
a m a s a m b a
a n a s a m b a
n d i d z a s a m b a
n d i m a s a m b a
n d i n a s a m b a
m u d z a s a m b a
m u m a s a m b a
m u n a s a m b a
a d z a s a m b a
a m a s a m b a
a n a s a m b a
k u s o w a
t i d z a s o w a
t i m a s o w a
t i n a s o w a
m u d z a s o w a
m u m a s o w a
m u n a s o w a
a d z a s o w a
a m a s o w a
a n a s o w a
n d i d z a s o w a
n d i m a s o w a
n d i n a s o w a
m u d z a s o w a
m u m a s o w a
m u n a s o w a
a d z a s o w a
a m a s o w a
a n a s o w a
k u f u u l a
t i d z a f u u l a
t i m a f u u l a
t i n a f u u l a
m u d z a f u u l a
m u m a f u u l a
m u n a f u u l a
a d z a f u u l a
a m a f u u l a
a n a f u u l a
n d i d z a f u u l a
n d i m a f u u l a
n d i n a f u u l a
m u d z a f u u l a
m u m a f u u l a
m u n a f u u l a
a d z a f u u l a
a m a f u u l a
a n a f u u l a
k u y a n d k i r a
t i d z a y a n d k i r a
t i m a y a n d k i r a
t i n a y a n d k i r a
m u d z a y a n d k i r a
m u m a y a n d k i r a
m u n a y a n d k i r a
a d z a y a n d k i r a
a m a y a n d k i r a
a n a y a n d k i r a
n d i d z a y a n d k i r a
n d i m a y a n d k i r a
n d i n a y a n d k i r a
m u d z a y a n d k i r a
m u m a y a n d k i r a
m u n a y a n d k i r a
a d z a y a n d k i r a
a m a y a n d k i r a
a n a y a n d k i r a
k u t s e k a
t i d z a t s e k a
t i m a t s e k a
t i n a t s e k a
m u d z a t s e k a
m u m a t s e k a
m u n a t s e k a
a d z a t s e k a
a m a t s e k a
a n a t s e k a
n d i d z a t s e k a
n d i m a t s e k a
n d i n a t s e k a
m u d z a t s e k a
m u m a t s e k a
m u n a t s e k a
a d z a t s e k a
a m a t s e k a
a n a t s e k a
k u f i k a
t i d z a f i k a
t i m a f i k a
t i n a f i k a
m u d z a f i k a
m u m a f i k a
m u n a f i k a
a d z a f i k a
a m a f i k a
a n a f i k a
n d i d z a f i k a
n d i m a f i k a
n d i n a f i k a
m u d z a f i k a
m u m a f i k a
m u n a f i k a
a d z a f i k a
a m a f i k a
a n a f i k a
k u g u n d a
t i d z a g u n d a
t i m a g u n d a
t i n a g u n d a
m u d z a g u n d a
m u m a g u n d a
m u n a g u n d a
a d z a g u n d a
a m a g u n d a
a n a g u n d a
n d i d z a g u n d a
n d i m a g u n d a
n d i n a g u n d a
m u d z a g u n d a
m u m a g u n d a
m u n a g u n d a
a d z a g u n d a
a m a g u n d a
a n a g u n d a
k u s e f u k a
t i d z a s e f u k a
t i m a s e f u k a
t i n a s e f u k a
m u d z a s e f u k a
m u m a s e f u k a
m u n a s e f u k a
a d z a s e f u k a
a m a s e f u k a
a n a s e f u k a
n d i d z a s e f u k a
n d i m a s e f u k a
n d i n a s e f u k a
m u d z a s e f u k a
m u m a s e f u k a
m u n a s e f u k a
a d z a s e f u k a
a m a s e f u k a
a n a s e f u k a
k u o m b a
t i d z a o m b a
t i m a o m b a
t i n a o m b a
m u d z a o m b a
m u m a o m b a
m u n a o m b a
a d z a o m b a
a m a o m b a
a n a o m b a
n d i d z a o m b a
n d i m a o m b a
n d i n a o m b a
m u d z a o m b a
m u m a o m b a
m u n a o m b a
a d z a o m b a
a m a o m b a
a n a o m b a
k u k a y i k a
t i d z a k a y i k a
t i m a k a y i k a
t i n a k a y i k a
m u d z a k a y i k a
m u m a k a y i k a
m u n a k a y i k a
a d z a k a y i k a
a m a k a y i k a
a n a k a y i k a
n d i d z a k a y i k a
n d i m a k a y i k a
n d i n a k a y i k a
m u d z a k a y i k a
m u m a k a y i k a
m u n a k a y i k a
a d z a k a y i k a
a m a k a y i k a
a n a k a y i k a
k u o c h a
t i d z a o c h a
t i m a o c h a
t i n a o c h a
m u d z a o c h a
m u m a o c h a
m u n a o c h a
a d z a o c h a
a m a o c h a
a n a o c h a
n d i d z a o c h a
n d i m a o c h a
n d i n a o c h a
m u d z a o c h a
m u m a o c h a
m u n a o c h a
a d z a o c h a
a m a o c h a
a n a o c h a
k u t h i r a
t i d z a t h i r a
t i m a t h i r a
t i n a t h i r a
m u d z a t h i r a
m u m a t h i r a
m u n a t h i r a
a d z a t h i r a
a m a t h i r a
a n a t h i r a
n d i d z a t h i r a
n d i m a t h i r a
n d i n a t h i r a
m u d z a t h i r a
m u m a t h i r a
m u n a t h i r a
a d z a t h i r a
a m a t h i r a
a n a t h i r a
k u f a
t i d z a f a
t i m a f a
t i n a f a
m u d z a f a
m u m a f a
m u n a f a
a d z a f a
a m a f a
a n a f a
n d i d z a f a
n d i m a f a
n d i n a f a
m u d z a f a
m u m a f a
m u n a f a
a d z a f a
a m a f a
a n a f a
k u r e r u k a
t i d z a r e r u k a
t i m a r e r u k a
t i n a r e r u k a
m u d z a r e r u k a
m u m a r e r u k a
m u n a r e r u k a
a d z a r e r u k a
a m a r e r u k a
a n a r e r u k a
n d i d z a r e r u k a
n d i m a r e r u k a
n d i n a r e r u k a
m u d z a r e r u k a
m u m a r e r u k a
m u n a r e r u k a
a d z a r e r u k a
a m a r e r u k a
a n a r e r u k a
k u t h a w a
t i d z a t h a w a
t i m a t h a w a
t i n a t h a w a
m u d z a t h a w a
m u m a t h a w a
m u n a t h a w a
a d z a t h a w a
a m a t h a w a
a n a t h a w a
n d i d z a t h a w a
n d i m a t h a w a
n d i n a t h a w a
m u d z a t h a w a
m u m a t h a w a
m u n a t h a w a
a d z a t h a w a
a m a t h a w a
a n a t h a w a
k u k h u t a
t i d z a k h u t a
t i m a k h u t a
t i n a k h u t a
m u d z a k h u t a
m u m a k h u t a
m u n a k h u t a
a d z a k h u t a
a m a k h u t a
a n a k h u t a
n d i d z a k h u t a
n d i m a k h u t a
n d i n a k h u t a
m u d z a k h u t a
m u m a k h u t a
m u n a k h u t a
a d z a k h u t a
a m a k h u t a
a n a k h u t a
k u k a l a m b a
t i d z a k a l a m b a
t i m a k a l a m b a
t i n a k a l a m b a
m u d z a k a l a m b a
m u m a k a l a m b a
m u n a k a l a m b a
a d z a k a l a m b a
a m a k a l a m b a
a n a k a l a m b a
n d i d z a k a l a m b a
n d i m a k a l a m b a
n d i n a k a l a m b a
m u d z a k a l a m b a
m u m a k a l a m b a
m u n a k a l a m b a
a d z a k a l a m b a
a m a k a l a m b a
a n a k a l a m b a
k u k h a z i k a
t i d z a k h a z i k a
t i m a k h a z i k a
t i n a k h a z i k a
m u d z a k h a z i k a
m u m a k h a z i k a
m u n a k h a z i k a
a d z a k h a z i k a
a m a k h a z i k a
a n a k h a z i k a
n d i d z a k h a z i k a
n d i m a k h a z i k a
n d i n a k h a z i k a
m u d z a k h a z i k a
m u m a k h a z i k a
m u n a k h a z i k a
a d z a k h a z i k a
a m a k h a z i k a
a n a k h a z i k a
k u s i n t h a
t i d z a s i n t h a
t i m a s i n t h a
t i n a s i n t h a
m u d z a s i n t h a
m u m a s i n t h a
m u n a s i n t h a
a d z a s i n t h a
a m a s i n t h a
a n a s i n t h a
n d i d z a s i n t h a
n d i m a s i n t h a
n d i n a s i n t h a
m u d z a s i n t h a
m u m a s i n t h a
m u n a s i n t h a
a d z a s i n t h a
a m a s i n t h a
a n a s i n t h a
k u k h u d z a
t i d z a k h u d z a
t i m a k h u d z a
t i n a k h u d z a
m u d z a k h u d z a
m u m a k h u d z a
m u n a k h u d z a
a d z a k h u d z a
a m a k h u d z a
a n a k h u d z a
n d i d z a k h u d z a
n d i m a k h u d z a
n d i n a k h u d z a
m u d z a k h u d z a
m u m a k h u d z a
m u n a k h u d z a
a d z a k h u d z a
a m a k h u d z a
a n a k h u d z a
k u s a n g a l a l a
t i d z a s a n g a l a l a
t i m a s a n g a l a l a
t i n a s a n g a l a l a
m u d z a s a n g a l a l a
m u m a s a n g a l a l a
m u n a s a n g a l a l a
a d z a s a n g a l a l a
a m a s a n g a l a l a
a n a s a n g a l a l a
n d i d z a s a n g a l a l a
n d i m a s a n g a l a l a
n d i n a s a n g a l a l a
m u d z a s a n g a l a l a
m u m a s a n g a l a l a
m u n a s a n g a l a l a
a d z a s a n g a l a l a
a m a s a n g a l a l a
a n a s a n g a l a l a
k u w e r u z a
t i d z a w e r u z a
t i m a w e r u z a
t i n a w e r u z a
m u d z a w e r u z a
m u m a w e r u z a
m u n a w e r u z a
a d z a w e r u z a
a m a w e r u z a
a n a w e r u z a
n d i d z a w e r u z a
n d i m a w e r u z a
n d i n a w e r u z a
m u d z a w e r u z a
m u m a w e r u z a
m u n a w e r u z a
a d z a w e r u z a
a m a w e r u z a
a n a w e r u z a
k u g a w a
t i d z a g a w a
t i m a g a w a
t i n a g a w a
m u d z a g a w a
m u m a g a w a
m u n a g a w a
a d z a g a w a
a m a g a w a
a n a g a w a
n d i d z a g a w a
n d i m a g a w a
n d i n a g a w a
m u d z a g a w a
m u m a g a w a
m u n a g a w a
a d z a g a w a
a m a g a w a
a n a g a w a
k u p o n d a
t i d z a p o n d a
t i m a p o n d a
t i n a p o n d a
m u d z a p o n d a
m u m a p o n d a
m u n a p o n d a
a d z a p o n d a
a m a p o n d a
a n a p o n d a
n d i d z a p o n d a
n d i m a p o n d a
n d i n a p o n d a
m u d z a p o n d a
m u m a p o n d a
m u n a p o n d a
a d z a p o n d a
a m a p o n d a
a n a p o n d a
k u m a s u l a
t i d z a m a s u l a
t i m a m a s u l a
t i n a m a s u l a
m u d z a m a s u l a
m u m a m a s u l a
m u n a m a s u l a
a d z a m a s u l a
a m a m a s u l a
a n a m a s u l a
n d i d z a m a s u l a
n d i m a m a s u l a
n d i n a m a s u l a
m u d z a m a s u l a
m u m a m a s u l a
m u n a m a s u l a
a d z a m a s u l a
a m a m a s u l a
a n a m a s u l a
k u y a l a
t i d z a y a l a
t i m a y a l a
t i n a y a l a
m u d z a y a l a
m u m a y a l a
m u n a y a l a
a d z a y a l a
a m a y a l a
a n a y a l a
n d i d z a y a l a
n d i m a y a l a
n d i n a y a l a
m u d z a y a l a
m u m a y a l a
m u n a y a l a
a d z a y a l a
a m a y a l a
a n a y a l a
k u s a n d u k a
t i d z a s a n d u k a
t i m a s a n d u k a
t i n a s a n d u k a
m u d z a s a n d u k a
m u m a s a n d u k a
m u n a s a n d u k a
a d z a s a n d u k a
a m a s a n d u k a
a n a s a n d u k a
n d i d z a s a n d u k a
n d i m a s a n d u k a
n d i n a s a n d u k a
m u d z a s a n d u k a
m u m a s a n d u k a
m u n a s a n d u k a
a d z a s a n d u k a
a m a s a n d u k a
a n a s a n d u k a
k u t s a t a
t i d z a t s a t a
t i m a t s a t a
t i n a t s a t a
m u d z a t s a t a
m u m a t s a t a
m u n a t s a t a
a d z a t s a t a
a m a t s a t a
a n a t s a t a
n d i d z a t s a t a
n d i m a t s a t a
n d i n a t s a t a
m u d z a t s a t a
m u m a t s a t a
m u n a t s a t a
a d z a t s a t a
a m a t s a t a
a n a t s a t a
k u i m b a
t i d z a i m b a
t i m a i m b a
t i n a i m b a
m u d z a i m b a
m u m a i m b a
m u n a i m b a
a d z a i m b a
a m a i m b a
a n a i m b a
n d i d z a i m b a
n d i m a i m b a
n d i n a i m b a
m u d z a i m b a
m u m a i m b a
m u n a i m b a
a d z a i m b a
a m a i m b a
a n a i m b a
k u n y a m u l a
t i d z a n y a m u l a
t i m a n y a m u l a
t i n a n y a m u l a
m u d z a n y a m u l a
m u m a n y a m u l a
m u n a n y a m u l a
a d z a n y a m u l a
a m a n y a m u l a
a n a n y a m u l a
n d i d z a n y a m u l a
n d i m a n y a m u l a
n d i n a n y a m u l a
m u d z a n y a m u l a
m u m a n y a m u l a
m u n a n y a m u l a
a d z a n y a m u l a
a m a n y a m u l a
a n a n y a m u l a
k u z i z i r a
t i d z a z i z i r a
t i m a z i z i r a
t i n a z i z i r a
m u d z a z i z i r a
m u m a z i z i r a
m u n a z i z i r a
a d z a z i z i r a
a m a z i z i r a
a n a z i z i r a
n d i d z a z i z i r a
n d i m a z i z i r a
n d i n a z i z i r a
m u d z a z i z i r a
m u m a z i z i r a
m u n a z i z i r a
a d z a z i z i r a
a m a z i z i r a
a n a z i z i r a
k u d z a
t i d z a d z a
t i m a d z a
t i n a d z a
m u d z a d z a
m u m a d z a
m u n a d z a
a d z a d z a
a m a d z a
a n a d z a
n d i d z a d z a
n d i m a d z a
n d i n a d z a
m u d z a d z a
m u m a d z a
m u n a d z a
a d z a d z a
a m a d z a
a n a d z a
k u s e s a
t i d z a s e s a
t i m a s e s a
t i n a s e s a
m u d z a s e s a
m u m a s e s a
m u n a s e s a
a d z a s e s a
a m a s e s a
a n a s e s a
n d i d z a s e s a
n d i m a s e s a
n d i n a s e s a
m u d z a s e s a
m u m a s e s a
m u n a s e s a
a d z a s e s a
a m a s e s a
a n a s e s a
k u z u n z a
t i d z a z u n z a
t i m a z u n z a
t i n a z u n z a
m u d z a z u n z a
m u m a z u n z a
m u n a z u n z a
a d z a z u n z a
a m a z u n z a
a n a z u n z a
n d i d z a z u n z a
n d i m a z u n z a
n d i n a z u n z a
m u d z a z u n z a
m u m a z u n z a
m u n a z u n z a
a d z a z u n z a
a m a z u n z a
a n a z u n z a
k u s w a
t i d z a s w a
t i m a s w a
t i n a s w a
m u d z a s w a
m u m a s w a
m u n a s w a
a d z a s w a
a m a s w a
a n a s w a
n d i d z a s w a
n d i m a s w a
n d i n a s w a
m u d z a s w a
m u m a s w a
m u n a s w a
a d z a s w a
a m a s w a
a n a s w a
k u y e m b e k e z a
t i d z a y e m b e k e z a
t i m a y e m b e k e z a
t i n a y e m b e k e z a
m u d z a y e m b e k e z a
m u m a y e m b e k e z a
m u n a y e m b e k e z a
a d z a y e m b e k e z a
a m a y e m b e k e z a
a n a y e m b e k e z a
n d i d z a y e m b e k e z a
n d i m a y e m b e k e z a
n d i n a y e m b e k e z a
m u d z a y e m b e k e z a
m u m a y e m b e k e z a
m u n a y e m b e k e z a
a d z a y e m b e k e z a
a m a y e m b e k e z a
a n a y e m b e k e z a
k u l e m b a
t i d z a l e m b a
t i m a l e m b a
t i n a l e m b a
m u d z a l e m b a
m u m a l e m b a
m u n a l e m b a
a d z a l e m b a
a m a l e m b a
a n a l e m b a
n d i d z a l e m b a
n d i m a l e m b a
n d i n a l e m b a
m u d z a l e m b a
m u m a l e m b a
m u n a l e m b a
a d z a l e m b a
a m a l e m b a
a n a l e m b a
k u k o n d w a
t i d z a k o n d w a
t i m a k o n d w a
t i n a k o n d w a
m u d z a k o n d w a
m u m a k o n d w a
m u n a k o n d w a
a d z a k o n d w a
a m a k o n d w a
a n a k o n d w a
n d i d z a k o n d w a
n d i m a k o n d w a
n d i n a k o n d w a
m u d z a k o n d w a
m u m a k o n d w a
m u n a k o n d w a
a d z a k o n d w a
a m a k o n d w a
a n a k o n d w a
k u d w a l a
t i d z a d w a l a
t i m a d w a l a
t i n a d w a l a
m u d z a d w a l a
m u m a d w a l a
m u n a d w a l a
a d z a d w a l a
a m a d w a l a
a n a d w a l a
n d i d z a d w a l a
n d i m a d w a l a
n d i n a d w a l a
m u d z a d w a l a
m u m a d w a l a
m u n a d w a l a
a d z a d w a l a
a m a d w a l a
a n a d w a l a
k u b i s a l a
t i d z a b i s a l a
t i m a b i s a l a
t i n a b i s a l a
m u d z a b i s a l a
m u m a b i s a l a
m u n a b i s a l a
a d z a b i s a l a
a m a b i s a l a
a n a b i s a l a
n d i d z a b i s a l a
n d i m a b i s a l a
n d i n a b i s a l a
m u d z a b i s a l a
m u m a b i s a l a
m u n a b i s a l a
a d z a b i s a l a
a m a b i s a l a
a n a b i s a l a
k u s e w e r a
t i d z a s e w e r a
t i m a s e w e r a
t i n a s e w e r a
m u d z a s e w e r a
m u m a s e w e r a
m u n a s e w e r a
a d z a s e w e r a
a m a s e w e r a
a n a s e w e r a
n d i d z a s e w e r a
n d i m a s e w e r a
n d i n a s e w e r a
m u d z a s e w e r a
m u m a s e w e r a
m u n a s e w e r a
a d z a s e w e r a
a m a s e w e r a
a n a s e w e r a
k u d a
t i d z a d a
t i m a d a
t i n a d a
m u d z a d a
m u m a d a
m u n a d a
a d z a d a
a m a d a
a n a d a
n d i d z a d a
n d i m a d a
n d i n a d a
m u d z a d a
m u m a d a
m u n a d a
a d z a d a
a m a d a
a n a d a
k u k w e r a
t i d z a k w e r a
t i m a k w e r a
t i n a k w e r a
m u d z a k w e r a
m u m a k w e r a
m u n a k w e r a
a d z a k w e r a
a m a k w e r a
a n a k w e r a
n d i d z a k w e r a
n d i m a k w e r a
n d i n a k w e r a
m u d z a k w e r a
m u m a k w e r a
m u n a k w e r a
a d z a k w e r a
a m a k w e r a
a n a k w e r a
k u t s u t s a
t i d z a t s u t s a
t i m a t s u t s a
t i n a t s u t s a
m u d z a t s u t s a
m u m a t s u t s a
m u n a t s u t s a
a d z a t s u t s a
a m a t s u t s a
a n a t s u t s a
n d i d z a t s u t s a
n d i m a t s u t s a
n d i n a t s u t s a
m u d z a t s u t s a
m u m a t s u t s a
m u n a t s u t s a
a d z a t s u t s a
a m a t s u t s a
a n a t s u t s a
k u k o n z a
t i d z a k o n z a
t i m a k o n z a
t i n a k o n z a
m u d z a k o n z a
m u m a k o n z a
m u n a k o n z a
a d z a k o n z a
a m a k o n z a
a n a k o n z a
n d i d z a k o n z a
n d i m a k o n z a
n d i n a k o n z a
m u d z a k o n z a
m u m a k o n z a
m u n a k o n z a
a d z a k o n z a
a m a k o n z a
a n a k o n z a
k u m a l i z a
t i d z a m a l i z a
t i m a m a l i z a
t i n a m a l i z a
m u d z a m a l i z a
m u m a m a l i z a
m u n a m a l i z a
a d z a m a l i z a
a m a m a l i z a
a n a m a l i z a
n d i d z a m a l i z a
n d i m a m a l i z a
n d i n a m a l i z a
m u d z a m a l i z a
m u m a m a l i z a
m u n a m a l i z a
a d z a m a l i z a
a m a m a l i z a
a n a m a l i z a
k u p o s a
t i d z a p o s a
t i m a p o s a
t i n a p o s a
m u d z a p o s a
m u m a p o s a
m u n a p o s a
a d z a p o s a
a m a p o s a
a n a p o s a
n d i d z a p o s a
n d i m a p o s a
n d i n a p o s a
m u d z a p o s a
m u m a p o s a
m u n a p o s a
a d z a p o s a
a m a p o s a
a n a p o s a
k u l a n k h u l a
t i d z a l a n k h u l a
t i m a l a n k h u l a
t i n a l a n k h u l a
m u d z a l a n k h u l a
m u m a l a n k h u l a
m u n a l a n k h u l a
a d z a l a n k h u l a
a m a l a n k h u l a
a n a l a n k h u l a
n d i d z a l a n k h u l a
n d i m a l a n k h u l a
n d i n a l a n k h u l a
m u d z a l a n k h u l a
m u m a l a n k h u l a
m u n a l a n k h u l a
a d z a l a n k h u l a
a m a l a n k h u l a
a n a l a n k h u l a
k u f u p i k a
t i d z a f u p i k a
t i m a f u p i k a
t i n a f u p i k a
m u d z a f u p i k a
m u m a f u p i k a
m u n a f u p i k a
a d z a f u p i k a
a m a f u p i k a
a n a f u p i k a
n d i d z a f u p i k a
n d i m a f u p i k a
n d i n a f u p i k a
m u d z a f u p i k a
m u m a f u p i k a
m u n a f u p i k a
a d z a f u p i k a
a m a f u p i k a
a n a f u p i k a
k u t s a n z i r a
t i d z a t s a n z i r a
t i m a t s a n z i r a
t i n a t s a n z i r a
m u d z a t s a n z i r a
m u m a t s a n z i r a
m u n a t s a n z i r a
a d z a t s a n z i r a
a m a t s a n z i r a
a n a t s a n z i r a
n d i d z a t s a n z i r a
n d i m a t s a n z i r a
n d i n a t s a n z i r a
m u d z a t s a n z i r a
m u m a t s a n z i r a
m u n a t s a n z i r a
a d z a t s a n z i r a
a m a t s a n z i r a
a n a t s a n z i r a
k u t c h a
t i d z a t c h a
t i m a t c h a
t i n a t c h a
m u d z a t c h a
m u m a t c h a
m u n a t c h a
a d z a t c h a
a m a t c h a
a n a t c h a
n d i d z a t c h a
n d i m a t c h a
n d i n a t c h a
m u d z a t c h a
m u m a t c h a
m u n a t c h a
a d z a t c h a
a m a t c h a
a n a t c h a
k u m a n g a
t i d z a m a n g a
t i m a m a n g a
t i n a m a n g a
m u d z a m a n g a
m u m a m a n g a
m u n a m a n g a
a d z a m a n g a
a m a m a n g a
a n a m a n g a
n d i d z a m a n g a
n d i m a m a n g a
n d i n a m a n g a
m u d z a m a n g a
m u m a m a n g a
m u n a m a n g a
a d z a m a n g a
a m a m a n g a
a n a m a n g a
k u b v u t a
t i d z a b v u t a
t i m a b v u t a
t i n a b v u t a
m u d z a b v u t a
m u m a b v u t a
m u n a b v u t a
a d z a b v u t a
a m a b v u t a
a n a b v u t a
n d i d z a b v u t a
n d i m a b v u t a
n d i n a b v u t a
m u d z a b v u t a
m u m a b v u t a
m u n a b v u t a
a d z a b v u t a
a m a b v u t a
a n a b v u t a
k u b w e r a
t i d z a b w e r a
t i m a b w e r a
t i n a b w e r a
m u d z a b w e r a
m u m a b w e r a
m u n a b w e r a
a d z a b w e r a
a m a b w e r a
a n a b w e r a
n d i d z a b w e r a
n d i m a b w e r a
n d i n a b w e r a
m u d z a b w e r a
m u m a b w e r a
m u n a b w e r a
a d z a b w e r a
a m a b w e r a
a n a b w e r a
k u l e m a
t i d z a l e m a
t i m a l e m a
t i n a l e m a
m u d z a l e m a
m u m a l e m a
m u n a l e m a
a d z a l e m a
a m a l e m a
a n a l e m a
n d i d z a l e m a
n d i m a l e m a
n d i n a l e m a
m u d z a l e m a
m u m a l e m a
m u n a l e m a
a d z a l e m a
a m a l e m a
a n a l e m a
k u d z o l a
t i d z a d z o l a
t i m a d z o l a
t i n a d z o l a
m u d z a d z o l a
m u m a d z o l a
m u n a d z o l a
a d z a d z o l a
a m a d z o l a
a n a d z o l a
n d i d z a d z o l a
n d i m a d z o l a
n d i n a d z o l a
m u d z a d z o l a
m u m a d z o l a
m u n a d z o l a
a d z a d z o l a
a m a d z o l a
a n a d z o l a
k u n y e n g a
t i d z a n y e n g a
t i m a n y e n g a
t i n a n y e n g a
m u d z a n y e n g a
m u m a n y e n g a
m u n a n y e n g a
a d z a n y e n g a
a m a n y e n g a
a n a n y e n g a
n d i d z a n y e n g a
n d i m a n y e n g a
n d i n a n y e n g a
m u d z a n y e n g a
m u m a n y e n g a
m u n a n y e n g a
a d z a n y e n g a
a m a n y e n g a
a n a n y e n g a
k u k w a n a
t i d z a k w a n a
t i m a k w a n a
t i n a k w a n a
m u d z a k w a n a
m u m a k w a n a
m u n a k w a n a
a d z a k w a n a
a m a k w a n a
a n a k w a n a
n d i d z a k w a n a
n d i m a k w a n a
n d i n a k w a n a
m u d z a k w a n a
m u m a k w a n a
m u n a k w a n a
a d z a k w a n a
a m a k w a n a
a n a k w a n a
k u d a n d a u l a
t i d z a d a n d a u l a
t i m a d a n d a u l a
t i n a d a n d a u l a
m u d z a d a n d a u l a
m u m a d a n d a u l a
m u n a d a n d a u l a
a d z a d a n d a u l a
a m a d a n d a u l a
a n a d a n d a u l a
n d i d z a d a n d a u l a
n d i m a d a n d a u l a
n d i n a d a n d a u l a
m u d z a d a n d a u l a
m u m a d a n d a u l a
m u n a d a n d a u l a
a d z a d a n d a u l a
a m a d a n d a u l a
a n a d a n d a u l a
k u t s a l a
t i d z a t s a l a
t i m a t s a l a
t i n a t s a l a
m u d z a t s a l a
m u m a t s a l a
m u n a t s a l a
a d z a t s a l a
a m a t s a l a
a n a t s a l a
n d i d z a t s a l a
n d i m a t s a l a
n d i n a t s a l a
m u d z a t s a l a
m u m a t s a l a
m u n a t s a l a
a d z a t s a l a
a m a t s a l a
a n a t s a l a
k u p a t s a
t i d z a p a t s a
t i m a p a t s a
t i n a p a t s a
m u d z a p a t s a
m u m a p a t s a
m u n a p a t s a
a d z a p a t s a
a m a p a t s a
a n a p a t s a
n d i d z a p a t s a
n d i m a p a t s a
n d i n a p a t s a
m u d z a p a t s a
m u m a p a t s a
m u n a p a t s a
a d z a p a t s a
a m a p a t s a
a n a p a t s a
k u p i t a n i
t i d z a p i t a n i
t i m a p i t a n i
t i n a p i t a n i
m u d z a p i t a n i
m u m a p i t a n i
m u n a p i t a n i
a d z a p i t a n i
a m a p i t a n i
a n a p i t a n i
n d i d z a p i t a n i
n d i m a p i t a n i
n d i n a p i t a n i
m u d z a p i t a n i
m u m a p i t a n i
m u n a p i t a n i
a d z a p i t a n i
a m a p i t a n i
a n a p i t a n i
k u f u n s a n i
t i d z a f u n s a n i
t i m a f u n s a n i
t i n a f u n s a n i
m u d z a f u n s a n i
m u m a f u n s a n i
m u n a f u n s a n i
a d z a f u n s a n i
a m a f u n s a n i
a n a f u n s a n i
n d i d z a f u n s a n i
n d i m a f u n s a n i
n d i n a f u n s a n i
m u d z a f u n s a n i
m u m a f u n s a n i
m u n a f u n s a n i
a d z a f u n s a n i
a m a f u n s a n i
a n a f u n s a n i
k u n g ' a m b a
t i d z a n g ' a m b a
t i m a n g ' a m b a
t i n a n g ' a m b a
m u d z a n g ' a m b a
m u m a n g ' a m b a
m u n a n g ' a m b a
a d z a n g ' a m b a
a m a n g ' a m b a
a n a n g ' a m b a
n d i d z a n g ' a m b a
n d i m a n g ' a m b a
n d i n a n g ' a m b a
m u d z a n g ' a m b a
m u m a n g ' a m b a
m u n a n g ' a m b a
a d z a n g ' a m b a
a m a n g ' a m b a
a n a n g ' a m b a
k u t s e g u l a
t i d z a t s e g u l a
t i m a t s e g u l a
t i n a t s e g u l a
m u d z a t s e g u l a
m u m a t s e g u l a
m u n a t s e g u l a
a d z a t s e g u l a
a m a t s e g u l a
a n a t s e g u l a
n d i d z a t s e g u l a
n d i m a t s e g u l a
n d i n a t s e g u l a
m u d z a t s e g u l a
m u m a t s e g u l a
m u n a t s e g u l a
a d z a t s e g u l a
a m a t s e g u l a
a n a t s e g u l a
k u c h i n y a
t i d z a c h i n y a
t i m a c h i n y a
t i n a c h i n y a
m u d z a c h i n y a
m u m a c h i n y a
m u n a c h i n y a
a d z a c h i n y a
a m a c h i n y a
a n a c h i n y a
n d i d z a c h i n y a
n d i m a c h i n y a
n d i n a c h i n y a
m u d z a c h i n y a
m u m a c h i n y a
m u n a c h i n y a
a d z a c h i n y a
a m a c h i n y a
a n a c h i n y a
k u b a l a
t i d z a b a l a
t i m a b a l a
t i n a b a l a
m u d z a b a l a
m u m a b a l a
m u n a b a l a
a d z a b a l a
a m a b a l a
a n a b a l a
n d i d z a b a l a
n d i m a b a l a
n d i n a b a l a
m u d z a b a l a
m u m a b a l a
m u n a b a l a
a d z a b a l a
a m a b a l a
a n a b a l a
k u t a l i k a
t i d z a t a l i k a
t i m a t a l i k a
t i n a t a l i k a
m u d z a t a l i k a
m u m a t a l i k a
m u n a t a l i k a
a d z a t a l i k a
a m a t a l i k a
a n a t a l i k a
n d i d z a t a l i k a
n d i m a t a l i k a
n d i n a t a l i k a
m u d z a t a l i k a
m u m a t a l i k a
m u n a t a l i k a
a d z a t a l i k a
a m a t a l i k a
a n a t a l i k a
k u p w e t e k a
t i d z a p w e t e k a
t i m a p w e t e k a
t i n a p w e t e k a
m u d z a p w e t e k a
m u m a p w e t e k a
m u n a p w e t e k a
a d z a p w e t e k a
a m a p w e t e k a
a n a p w e t e k a
n d i d z a p w e t e k a
n d i m a p w e t e k a
n d i n a p w e t e k a
m u d z a p w e t e k a
m u m a p w e t e k a
m u n a p w e t e k a
a d z a p w e t e k a
a m a p w e t e k a
a n a p w e t e k a
k u i m a
t i d z a i m a
t i m a i m a
t i n a i m a
m u d z a i m a
m u m a i m a
m u n a i m a
a d z a i m a
a m a i m a
a n a i m a
n d i d z a i m a
n d i m a i m a
n d i n a i m a
m u d z a i m a
m u m a i m a
m u n a i m a
a d z a i m a
a m a i m a
a n a i m a
k u k h a l a
t i d z a k h a l a
t i m a k h a l a
t i n a k h a l a
m u d z a k h a l a
m u m a k h a l a
m u n a k h a l a
a d z a k h a l a
a m a k h a l a
a n a k h a l a
n d i d z a k h a l a
n d i m a k h a l a
n d i n a k h a l a
m u d z a k h a l a
m u m a k h a l a
m u n a k h a l a
a d z a k h a l a
a m a k h a l a
a n a k h a l a
k u p h i k a
t i d z a p h i k a
t i m a p h i k a
t i n a p h i k a
m u d z a p h i k a
m u m a p h i k a
m u n a p h i k a
a d z a p h i k a
a m a p h i k a
a n a p h i k a
n d i d z a p h i k a
n d i m a p h i k a
n d i n a p h i k a
m u d z a p h i k a
m u m a p h i k a
m u n a p h i k a
a d z a p h i k a
a m a p h i k a
a n a p h i k a
k u z u n g u l i r a
t i d z a z u n g u l i r a
t i m a z u n g u l i r a
t i n a z u n g u l i r a
m u d z a z u n g u l i r a
m u m a z u n g u l i r a
m u n a z u n g u l i r a
a d z a z u n g u l i r a
a m a z u n g u l i r a
a n a z u n g u l i r a
n d i d z a z u n g u l i r a
n d i m a z u n g u l i r a
n d i n a z u n g u l i r a
m u d z a z u n g u l i r a
m u m a z u n g u l i r a
m u n a z u n g u l i r a
a d z a z u n g u l i r a
a m a z u n g u l i r a
a n a z u n g u l i r a
k u p a n a
t i d z a p a n a
t i m a p a n a
t i n a p a n a
m u d z a p a n a
m u m a p a n a
m u n a p a n a
a d z a p a n a
a m a p a n a
a n a p a n a
n d i d z a p a n a
n d i m a p a n a
n d i n a p a n a
m u d z a p a n a
m u m a p a n a
m u n a p a n a
a d z a p a n a
a m a p a n a
a n a p a n a
k u l o w a
t i d z a l o w a
t i m a l o w a
t i n a l o w a
m u d z a l o w a
m u m a l o w a
m u n a l o w a
a d z a l o w a
a m a l o w a
a n a l o w a
n d i d z a l o w a
n d i m a l o w a
n d i n a l o w a
m u d z a l o w a
m u m a l o w a
m u n a l o w a
a d z a l o w a
a m a l o w a
a n a l o w a
k u s e k a
t i d z a s e k a
t i m a s e k a
t i n a s e k a
m u d z a s e k a
m u m a s e k a
m u n a s e k a
a d z a s e k a
a m a s e k a
a n a s e k a
n d i d z a s e k a
n d i m a s e k a
n d i n a s e k a
m u d z a s e k a
m u m a s e k a
m u n a s e k a
a d z a s e k a
a m a s e k a
a n a s e k a
k u t u l u k a
t i d z a t u l u k a
t i m a t u l u k a
t i n a t u l u k a
m u d z a t u l u k a
m u m a t u l u k a
m u n a t u l u k a
a d z a t u l u k a
a m a t u l u k a
a n a t u l u k a
n d i d z a t u l u k a
n d i m a t u l u k a
n d i n a t u l u k a
m u d z a t u l u k a
m u m a t u l u k a
m u n a t u l u k a
a d z a t u l u k a
a m a t u l u k a
a n a t u l u k a
k u p i n d u l a
t i d z a p i n d u l a
t i m a p i n d u l a
t i n a p i n d u l a
m u d z a p i n d u l a
m u m a p i n d u l a
m u n a p i n d u l a
a d z a p i n d u l a
a m a p i n d u l a
a n a p i n d u l a
n d i d z a p i n d u l a
n d i m a p i n d u l a
n d i n a p i n d u l a
m u d z a p i n d u l a
m u m a p i n d u l a
m u n a p i n d u l a
a d z a p i n d u l a
a m a p i n d u l a
a n a p i n d u l a
k u b e r e k a
t i d z a b e r e k a
t i m a b e r e k a
t i n a b e r e k a
m u d z a b e r e k a
m u m a b e r e k a
m u n a b e r e k a
a d z a b e r e k a
a m a b e r e k a
a n a b e r e k a
n d i d z a b e r e k a
n d i m a b e r e k a
n d i n a b e r e k a
m u d z a b e r e k a
m u m a b e r e k a
m u n a b e r e k a
a d z a b e r e k a
a m a b e r e k a
a n a b e r e k a
k u p i n d a
t i d z a p i n d a
t i m a p i n d a
t i n a p i n d a
m u d z a p i n d a
m u m a p i n d a
m u n a p i n d a
a d z a p i n d a
a m a p i n d a
a n a p i n d a
n d i d z a p i n d a
n d i m a p i n d a
n d i n a p i n d a
m u d z a p i n d a
m u m a p i n d a
m u n a p i n d a
a d z a p i n d a
a m a p i n d a
a n a p i n d a
k u p a m b a n a
t i d z a p a m b a n a
t i m a p a m b a n a
t i n a p a m b a n a
m u d z a p a m b a n a
m u m a p a m b a n a
m u n a p a m b a n a
a d z a p a m b a n a
a m a p a m b a n a
a n a p a m b a n a
n d i d z a p a m b a n a
n d i m a p a m b a n a
n d i n a p a m b a n a
m u d z a p a m b a n a
m u m a p a m b a n a
m u n a p a m b a n a
a d z a p a m b a n a
a m a p a m b a n a
a n a p a m b a n a
k u y e n e r a
t i d z a y e n e r a
t i m a y e n e r a
t i n a y e n e r a
m u d z a y e n e r a
m u m a y e n e r a
m u n a y e n e r a
a d z a y e n e r a
a m a y e n e r a
a n a y e n e r a
n d i d z a y e n e r a
n d i m a y e n e r a
n d i n a y e n e r a
m u d z a y e n e r a
m u m a y e n e r a
m u n a y e n e r a
a d z a y e n e r a
a m a y e n e r a
a n a y e n e r a
k u b z a l a
t i d z a b z a l a
t i m a b z a l a
t i n a b z a l a
m u d z a b z a l a
m u m a b z a l a
m u n a b z a l a
a d z a b z a l a
a m a b z a l a
a n a b z a l a
n d i d z a b z a l a
n d i m a b z a l a
n d i n a b z a l a
m u d z a b z a l a
m u m a b z a l a
m u n a b z a l a
a d z a b z a l a
a m a b z a l a
a n a b z a l a
k u c h u l u k a
t i d z a c h u l u k a
t i m a c h u l u k a
t i n a c h u l u k a
m u d z a c h u l u k a
m u m a c h u l u k a
m u n a c h u l u k a
a d z a c h u l u k a
a m a c h u l u k a
a n a c h u l u k a
n d i d z a c h u l u k a
n d i m a c h u l u k a
n d i n a c h u l u k a
m u d z a c h u l u k a
m u m a c h u l u k a
m u n a c h u l u k a
a d z a c h u l u k a
a m a c h u l u k a
a n a c h u l u k a
k u y a m b a
t i d z a y a m b a
t i m a y a m b a
t i n a y a m b a
m u d z a y a m b a
m u m a y a m b a
m u n a y a m b a
a d z a y a m b a
a m a y a m b a
a n a y a m b a
n d i d z a y a m b a
n d i m a y a m b a
n d i n a y a m b a
m u d z a y a m b a
m u m a y a m b a
m u n a y a m b a
a d z a y a m b a
a m a y a m b a
a n a y a m b a
k u k a m b a
t i d z a k a m b a
t i m a k a m b a
t i n a k a m b a
m u d z a k a m b a
m u m a k a m b a
m u n a k a m b a
a d z a k a m b a
a m a k a m b a
a n a k a m b a
n d i d z a k a m b a
n d i m a k a m b a
n d i n a k a m b a
m u d z a k a m b a
m u m a k a m b a
m u n a k a m b a
a d z a k a m b a
a m a k a m b a
a n a k a m b a
k u w e r e n g a
t i d z a w e r e n g a
t i m a w e r e n g a
t i n a w e r e n g a
m u d z a w e r e n g a
m u m a w e r e n g a
m u n a w e r e n g a
a d z a w e r e n g a
a m a w e r e n g a
a n a w e r e n g a
n d i d z a w e r e n g a
n d i m a w e r e n g a
n d i n a w e r e n g a
m u d z a w e r e n g a
m u m a w e r e n g a
m u n a w e r e n g a
a d z a w e r e n g a
a m a w e r e n g a
a n a w e r e n g a
k u s a m a l a
t i d z a s a m a l a
t i m a s a m a l a
t i n a s a m a l a
m u d z a s a m a l a
m u m a s a m a l a
m u n a s a m a l a
a d z a s a m a l a
a m a s a m a l a
a n a s a m a l a
n d i d z a s a m a l a
n d i m a s a m a l a
n d i n a s a m a l a
m u d z a s a m a l a
m u m a s a m a l a
m u n a s a m a l a
a d z a s a m a l a
a m a s a m a l a
a n a s a m a l a
k u f u n a
t i d z a f u n a
t i m a f u n a
t i n a f u n a
m u d z a f u n a
m u m a f u n a
m u n a f u n a
a d z a f u n a
a m a f u n a
a n a f u n a
n d i d z a f u n a
n d i m a f u n a
n d i n a f u n a
m u d z a f u n a
m u m a f u n a
m u n a f u n a
a d z a f u n a
a m a f u n a
a n a f u n a
k u g w a
t i d z a g w a
t i m a g w a
t i n a g w a
m u d z a g w a
m u m a g w a
m u n a g w a
a d z a g w a
a m a g w a
a n a g w a
n d i d z a g w a
n d i m a g w a
n d i n a g w a
m u d z a g w a
m u m a g w a
m u n a g w a
a d z a g w a
a m a g w a
a n a g w a
k u s u n g a
t i d z a s u n g a
t i m a s u n g a
t i n a s u n g a
m u d z a s u n g a
m u m a s u n g a
m u n a s u n g a
a d z a s u n g a
a m a s u n g a
a n a s u n g a
n d i d z a s u n g a
n d i m a s u n g a
n d i n a s u n g a
m u d z a s u n g a
m u m a s u n g a
m u n a s u n g a
a d z a s u n g a
a m a s u n g a
a n a s u n g a
k u i k a
t i d z a i k a
t i m a i k a
t i n a i k a
m u d z a i k a
m u m a i k a
m u n a i k a
a d z a i k a
a m a i k a
a n a i k a
n d i d z a i k a
n d i m a i k a
n d i n a i k a
m u d z a i k a
m u m a i k a
m u n a i k a
a d z a i k a
a m a i k a
a n a i k a
k u g a y a
t i d z a g a y a
t i m a g a y a
t i n a g a y a
m u d z a g a y a
m u m a g a y a
m u n a g a y a
a d z a g a y a
a m a g a y a
a n a g a y a
n d i d z a g a y a
n d i m a g a y a
n d i n a g a y a
m u d z a g a y a
m u m a g a y a
m u n a g a y a
a d z a g a y a
a m a g a y a
a n a g a y a
k u c h e d w a
t i d z a c h e d w a
t i m a c h e d w a
t i n a c h e d w a
m u d z a c h e d w a
m u m a c h e d w a
m u n a c h e d w a
a d z a c h e d w a
a m a c h e d w a
a n a c h e d w a
n d i d z a c h e d w a
n d i m a c h e d w a
n d i n a c h e d w a
m u d z a c h e d w a
m u m a c h e d w a
m u n a c h e d w a
a d z a c h e d w a
a m a c h e d w a
a n a c h e d w a
k u i m w a
t i d z a i m w a
t i m a i m w a
t i n a i m w a
m u d z a i m w a
m u m a i m w a
m u n a i m w a
a d z a i m w a
a m a i m w a
a n a i m w a
n d i d z a i m w a
n d i m a i m w a
n d i n a i m w a
m u d z a i m w a
m u m a i m w a
m u n a i m w a
a d z a i m w a
a m a i m w a
a n a i m w a
k u p a l a
t i d z a p a l a
t i m a p a l a
t i n a p a l a
m u d z a p a l a
m u m a p a l a
m u n a p a l a
a d z a p a l a
a m a p a l a
a n a p a l a
n d i d z a p a l a
n d i m a p a l a
n d i n a p a l a
m u d z a p a l a
m u m a p a l a
m u n a p a l a
a d z a p a l a
a m a p a l a
a n a p a l a
k u m e n y a
t i d z a m e n y a
t i m a m e n y a
t i n a m e n y a
m u d z a m e n y a
m u m a m e n y a
m u n a m e n y a
a d z a m e n y a
a m a m e n y a
a n a m e n y a
n d i d z a m e n y a
n d i m a m e n y a
n d i n a m e n y a
m u d z a m e n y a
m u m a m e n y a
m u n a m e n y a
a d z a m e n y a
a m a m e n y a
a n a m e n y a
k u c h i t a
t i d z a c h i t a
t i m a c h i t a
t i n a c h i t a
m u d z a c h i t a
m u m a c h i t a
m u n a c h i t a
a d z a c h i t a
a m a c h i t a
a n a c h i t a
n d i d z a c h i t a
n d i m a c h i t a
n d i n a c h i t a
m u d z a c h i t a
m u m a c h i t a
m u n a c h i t a
a d z a c h i t a
a m a c h i t a
a n a c h i t a
k u y a n k h a
t i d z a y a n k h a
t i m a y a n k h a
t i n a y a n k h a
m u d z a y a n k h a
m u m a y a n k h a
m u n a y a n k h a
a d z a y a n k h a
a m a y a n k h a
a n a y a n k h a
n d i d z a y a n k h a
n d i m a y a n k h a
n d i n a y a n k h a
m u d z a y a n k h a
m u m a y a n k h a
m u n a y a n k h a
a d z a y a n k h a
a m a y a n k h a
a n a y a n k h a
t i d z a s e r a
k u y e i w r a
n d i n a t s u g o l a
m u n a t f e g u j a
m u n a y m n d a
m u n a k h p z a
t i m a m a s g e a
k u z m w a
k u i m c
k u y a w a
m u m a y a z d k v f a
t i d z a ' v o m k
m u d z a l e m b a
m u d z a y h z z z
m u m a l r b a
n d i d z a v s e k a
a n a t e i g
m u m a k o p f w a
t i m a i h a p v
m u d z a k k a
t i m a l u n k g u l a
m u m a t s a t a
t i n a p e z a
a d z a t a h s k a
m u d z a s o c h ' c a
m u m a l a v k s i y a
k u p a n u
m u m a p s z a
a m a j m h s
a n a n b n y r
m u d z a c h a l u y a
n d i n a l i a f h r a
a m a z e t i a a
a d z a y u v b e o ' r a
n d i m a p w g f e k a
a d z a c h o k a
t i n a z u l g s
m u m a o m i h
m u m a l a m u l a
t i m a p a z b a
a n a i u n z s
m u m a t z ' l y
t i n a r e d u k a
a m a g g u a
n d i m a l f r a
m u n a y a ' a
n d i d z a m w n g a
a m a w w e v z
t i m a g a t b a
a d z a n g n w h a
t i d z a s j n t h a
n d i d z a s i n j h a
m u m a s z f u k a
m u n a l j t d
a m a l ' g b a
t i d z a p w e t r t a
m u d z a s e w ' r a
m u d z a p e z y
t i m a n y k d '
m u n a b y n ' t a r a
m u m a t s o l o u a
a n a p r t a e i
k u y e m y p k z y a
m u d z a k z a n v
m u n a s i m a l a
a n a t s a c b y t a
t i d z a f w a n a
n d i d z a f m n r b n i
t i m a v a e z a
n d i d z a h o p a
a d z a b u n g a
n d i d z a o o o o m a
m u m a p i t t n i
t i n a k u l j a
t i n a y e n t r a
a d z a n y o n s a
m u m a p i s a
m u d z a s i a k
t i d z a c h i c t
n d i d z a p w b a
a m a b w s k a
n d i d z a g o g ' d a
m u n a k v p l p a
k u n g b m s b a
a d z a d o t m
n d i m a z i z i i a
n d i m a z w v w a
a n a w e k u z a
m u d z a r z v c y a
a n a ' t a s u
t i n a p h u n m t z a
a n a i u w b
a d z a k h u g a
m u d z a n e b b
a d z a l i m b w
a n a r o p a
a d z a d v d l a
a n a p a n n y
m u d z a d b e z e
n d i m a p i s a n i
a n a y e w o e k e z a
n d i n a s g i
m u n a v j d f b
m u n a s a m a e a
a m a c h u l u h a
m u n a f n n s a v i
t i n a d z i l a
a d z a i s a n a
m u n a b a y e
k u ' o v n m
a m a m y o ' s
a m a s g a
a d z a t s o g o l a
k u s e w e a a
t i n a p o r d a
t i m a y a z j ' a
a d z a b j j n a
m u n a h h a w a
m u m a s a n g ' l u i a
m u m a i w m l a
n d i d z a s e e s w a
t i m a k a y c y a
m u m a f f n y k a i
t i m a k n a
m u n a y e n d a a
a n a g a n c
m u m a n l k a
a m a y g o l m
t i m a b v u h v a a
a m a s o h h u r a
t i m a e e z o a
a d z a f ' u o u
m u n a k h a t s
a m a y w e r f
a d z a h e z a
a n a t s p r i z a
m u n a o a n d k
k u p j n ' a
m u n a h h a l f
t i d z a y ' s a
t i d z a t m d t h a
a d z a t y y m l a
a n a s a o a
a m a y e r e r a
t i d z a j e m k a
m u m a y f u a
m u n a t a n g '
a m a y d n o m b n a
a m a z l m r t
m u m a c u k z a
a d z a p i f a k i
t i d z a p k y a
m u d z a p e a t
m u m a s i o k c a
n d i d z a t f p g u i a
m u d z a f u p i s a
n d i m a k y l a
m u d z a y a n t v h n a
m u d z a k e a c g
a m a t h i c d r e a
m u m a t k u l s a
t i m a c l o f a
m u d z a b w l y a
a n a g c g m
n d i d z a c z i n o a
n d i m a t a n ' h a m z a
a n a b v y a
m u m a v a d w a
a d z a p o n a
m u m a i ' e m
t i n a p a v a
m u n a p a y a
a n a d a w a
m u n a g a y a
n d i n a s a k p k
m u m a s o n z k
a n a l a r p h n l a
m u m a l a k d a
m u m a j i r a
a d z a i f i
t i m a m a l s z a
m u m a y a n f k i p a
m u n a p p l a
a d z a y e n k o a
n d i d z a m k d a
a n a o n k o l a
a m a n b w m u l a
a d z a p a g s a
t i m a i w a l s
m u m a j c z p
t i m a a w p n y
a d z a y p m b a
m u d z a k n c z u s j a
m u n a y a n i o
a n a t h p y o z a
a d z a t s n p h w u u a
a d z a y a m r i a
t i n a m e o y a
a m a d a l a
m u m a w n e v a
n d i m a t c w b
a n a v e z n
m u d z a b n e z f
m u n a o d c
m u d z a s u n g a
m u n a f u j o
m u n a c h a z b
k u l u t b
n d i m a t w e n a
m u m a f g e e z
t i n a g f n d a
k u n y y s a
a d z a n g i c m v a
t i n a p i n d r l a
t i m a n e i a
a m a b o b b a
a d z a t r a l a
t i n a b i s a
m u m a n y a m b l a
n d i d z a i a y a
a n a p y s n
t i n a t h z m a n g a
m u n a f w o e e
t i d z a y d r b z
a n a r h '
m u m a z a v i e a
n d i n a d z o e a
t i n a e h b r s
m u n a m t m u h a
m u m a p m a
a d z a t h a a d i z a
a d z a u k r o
m u m a s n z l b a
m u d z a s k n s a l a l a
m u d z a b ' b z l a
a m a c t e z a
m u d z a o n m o l a
m u m a z u n z d
t i m a b r y a
n d i n a l i p '
a n a ' k a
a d z a g k e z d a
t i n a g c h z
m u m a z y r z u e k r a
m u m a w a m k a
a m a m a m i t a
m u n a s i d a
m u m a n y o z a
n d i d z a z u n g u s t r a
m u d z a l e m s
t i m a u f p p f
a d z a h e m y y
m u d z a w e c e f g a
m u n a o s l o b a
t i m a d o s r
a m a i a m b a
a d z a b h i i w k n a
a d z a m a l m z a
t i n a t a l u k a
a m a g h y '
m u n a k u g d a
n d i m a z e r w w l y a
t i m a n b r m p b a
m u n a i g m v a
a d z a w y b n z
n d i d z a k a l a ' b a
a n a b w h r a
a n a s e f c k a
a d z a p i n k n
k u m e s u j a
m u m a b v g s a
k u t o p a
a m a z w p i r a
t i d z a f a n s p v i
m u n a v h o
a d z a c h a p m
m u d z a z i i u i c w v a
m u d z a d w a n j
a n a a y m '
a n a z o l o w e r a
t i m a u e d b a
n d i n a t r l u k a
a d z a b i s a l a
t i n a t d ' g n l a
k u p l t s a
m u m a c h p k a
m u d z a d z i w a
a n a s s c d u k a
a m a e u g d a
a d z a p a l u m f t s a
n d i m a b j k e m
t i n a t j m t h a
m u n a c m n v y a
k u z c h g
a m a z a h r
m u m a t c u t s a
a d z a t c h a
n d i m a l b t s s
n d i m a p i t m y i
a d z a r a b o g
a n a k h o w a
a m a k h u t a
a n a f w n f
a n a p h t u e h n b a
m u m a i l a a
a m a o n g t y a
n d i m a r h a v c
k u r w b r a
m u n a j a d a
m u m a w r r n z a
m u m a c k y l d b a
m u m a y o s a
m u m a w e r n z a
a m a k u l a
m u m a c u g a
t i n a z e i d
t i n a p a k a r h a
m u n a c c l '
m u m a d y w z h
t i m a k a y i k a
t i m a f z j r a
a d z a r c r t
a d z a t p j s a
n d i d z a u c m b f
t i m a l a d u l a
a n a d z b c g
n d i d z a o a z a
a m a n s h n v a
a d z a t h a m v k z a
n d i n a p a m b a n a
t i n a t k y k y
t i m a t s k r i z a
k u n g w d a
m u n a o l t
t i d z a s ' m h b a
a n a ' a v b t
n d i d z a d e u t a
t i n a p a w n z h y a
m u m a t j u t s a
m u n a k f m f
t i n a l o m e
m u d z a z o w a
t i n a b z k a f a
a m a c b n t
a n a p s y '
n d i d z a l a m u l a
a d z a s n f u k a
m u n a u a n d f
n d i d z a k l m s
a d z a f n y r a
m u m a y a n ' e a n a
k u t w l r k a
m u m a s e g u k a
n d i d z a p e w a
a n a d b l a
t i m a k y t d z a
t i m a l e k a
a m a r e c p
k u l o n j f z a
a d z a s a z g a l ' k a
t i d z a p ' t a n i
m u n a n y a m ' e a
a d z a m a p i ' a
m u d z a t f e k j o a
a n a k h z w s
a m a z c o l a
n d i n a t h p o y n g a
a m a l i r a
m u d z a p i i k i
k u p h m k a
a m a b o n d l
m u d z a k o f a
m u d z a s t h n j a
t i d z a t a c i k a
n d i n a k p u e z a
k u s o b z
n d i d z a k o m a
k u t o l n f a
n d i n a n g c a m f a
t i m a b v u t a s a
t i d z a d h y u
k u s a w o l a
a d z a k z m d r a
a n a c y i z y a
a n a t c v r i z a
a m a c a i a
n d i d z a d j k
a n a y a u k k d r a
a m a l n r z
m u m a t h a m t i g a
n d i d z a l o n l e z a
n d i n a b f u l t l a
m u d z a k h a l a
t i n a f u p h k a
a d z a s e s z w a
m u m a d z f a a
m u d z a g b g o d a
a d z a s i z u h a
n d i n a f y u y r
m u m a g o g d d a
a d z a t k o s o z a
m u m a t h o k o z a
m u d z a y w r g ' d n a
a n a b o k p
m u m a h h n d a
a d z a t h g r a
m u d z a d a y a
t i m a i m z i
a d z a m f e r '
n d i d z a g b l a
a n a t k o k o z a
a d z a w l ' a
m u n a e a j b y
a n a n y h d a
a n a f y u n a
m u n a k h z d z a
n d i d z a z o l d a v r a
n d i d z a f u f i a l i
m u n a y b n v m m n a
n d i n a t r y o v a
a m a c h l i f r a
m u d z a o c f a
t i n a t t o t h a
a d z a d d a b a
t i n a w b r n c a
m u m a l e d g
a m a y c c d z d k a
t i m a y o o s t
a m a c h a p a
m u d z a n a n j a
n d i m a w b p a
t i n a t f o i ' i
a n a b a n d l
a d z a s u t f u a
m u n a s z n p h a
m u m a m i h m
a n a n o l k d a
k u s a e g u s a
n d i d z a v ' m a
n d i m a p h u n h i r a
a n a s n y a
t i m a w a u a
n d i n a i w d e
n d i d z a d a l a
m u n a k w u o u i z a
n d i m a p c r o v
m u m a t m n t h a
m u m a b l n u a
t i d z a s i n t h a
m u m a n y o z a
a n a p u e t h k a
t i d z a i n b a
t i d z a t h a n ' i z a
t i d z a p i h j f
a n a y m n d k i r a
a d z a p s y c
n d i d z a c c n d r
k u e n y
t i n a h i n a
n d i m a i l m h
m u d z a y l t j a
m u d z a o j u w l a
m u n a s a o d u k a
m u d z a b s o l c
m u n a b e r a k a
a n a k h e z ' k a
t i n a i m a
m u m a j y ' d a
n d i d z a g e s a
m u m a y o l i j a
m u d z a k h a n a
a m a b w e n g
a n a s e r f
m u d z a t h o w d r r a
n d i d z a l p m e u a
m u n a k a y p w a
a n a i h b k
m u d z a d z a
m u n a l p n j e ' a
n d i n a o o w w
m u d z a i y i a
m u n a f s n k p
m u d z a f l r r k a
m u n a a a w a
a m a h a n a
m u d z a p h i v a
a d z a s i r t h a
a d z a d a l y
m u d z a c r e g u k a
m u m a y e v y r a
n d i m a p w k o
a n a n y p n t a
a n a c l a n y
m u m a u j n g a
m u d z a n g i a ' b a
k u y h n i ' a
a d z a w i r a
a d z a a u n l o
m u n a d c t d a u l a
a d z a w h r d i a
a d z a f d e i l a
m u m a o u g o z a
m u d z a t g u t s a
a n a l e k a
t i d z a g u l g
m u n a f w r z i
t i n a l a u n h e l a
m u n a i i i k
a d z a s i r i e a
m u m a p i c g n i
m u m a i g w a
a d z a t o o k l z a
t i m a t a o j a a g u a
m u d z a p i c ' e i
t i m a k w o l a
a m a k a a i m a
t i d z a g u p z t
a m a r e r u p a
m u n a l k a d k
a n a s a m t a
m u n a m c t o p a
n d i d z a m k p i o a
n d i d z a y a n i h a
a d z a b f w e k a
n d i m a d a n w a ' f a
a m a s a i h n d a
m u n a w h v k h
m u m a a d i f j
m u d z a r j r u k a
n d i m a s i k s n a
m u d z a s a g g p m e f a
m u m a g b i b j
a m a p h m s z j r a
n d i m a y e e j
m u n a m t r o
m u m a b w a l l
m u m a g p s a
n d i m a c e w v a
k u t h g k n w a
m u m a g k a
t i n a b l e z a
m u d z a b r a l a
a m a s e k z y a
m u m a t s m k a
k u t f y y l a
t i d z a b f u o b a
m u m a s a u m v a
m u d z a t e z '
a d z a p k w a
m u d z a f ' n u
a m a m z z i z a
n d i n a w e r u z a
a m a g w a
a d z a p h b i j f r a
m u n a t t c o l a
a n a f h a e w
a n a t a n u v a i p a
n d i m a g a o a
k u g a j n
a d z a o c k m
m u n a p w e t j k a
t i m a s r d g a l a n a
m u d z a h i s a
a m a b h e l f l a
m u n a d o k y
a d z a o m t u
a m a k j u d g a
a d z a t f s n h a u z a
a d z a y l p k f a
m u d z a b e b f t a
m u d z a c t u d h a
a n a b i m k i
m u d z a o c l
m u d z a p g m a
k u i m g
m u d z a s n ' d c
n d i m a s l n g l l u d a
k u k j n d w a
m u m a w a z e n g a
m u m a y z n d b e r a
a n a s i n e h a
a m a c j o w a
k u k h z u ' a
n d i m a n c r n s a
m u n a t s a w r e r a
a n a z a n d z k i n a
t i m a k e w d w a
m u d z a r ' g ' a
a d z a f u n s a z i
m u m a t s ' j u l a
n d i d z a c p z p s
t i n a t c h a
n d i d z a b e r ' t a
t i n a i m ' d
t i m a l ' n v h z a
n d i d z a s o b d
m u d z a g i v b a
k u s d u h
a m a k e n p k a
t i n a s p m a l a
m u n a k w n n a
a d z a r e l f k a
m u d z a y h i c e
a m a f v a k a
n d i n a g u l b
m u m a d w a s a
a n a y a o s ' a n a
a d z a l z c f u a
a n a s e u g a l a z a
m u m a e f j a
t i n a b r y k
m u d z a y j p d k i y a
t i n a y a n j y
n d i d z a k i a l g
n d i m a t h a g l a
m u d z a t h b i k a
m u m a f a m b a
m u m a t a n v e k u z a
a m a t c a n k y w a
a d z a z u n z w
a m a k a p i k a
k u t c g m o b a
n d i d z a d z o f j
n d i m a l a k y
a d z a s g n c u u a
k u l i f b g
t i m a b h e z a
a d z a b h e r m
m u n a n l j n s a
m u m a z e v a
n d i m a t s e w z a a
n d i n a l a m u m a
m u n a w a l a
m u n a n w e z f
m u d z a c i v n y a
t i m a b v u z a l a
n d i d z a g d z a
a n a f p s ' a n i
m u m a n k p r
m u n a c h a m k k a
k u y w d l w a l a
m u n a s o w l
a n a s s m a l a
t i m a p y d n a v y a
a m a m k l d ' a
k u z o p n w z r a
n d i m a o m b a
k u s g f u k a
m u n a f u u l r
a n a y e w e n a
m u d z a m j v r
m u d z a b a l a
k u s o d h v p a
a m a c h y g u f a
a n a t d o k a
a m a a t o b p
a d z a t i v n
t i d z a z i k d h k i r a
k u p i n d w
n d i m a b v o z a
a n a t a a i z a
n d i n a w e v v
t i m a g e n b
m u m a b p r i p p f a
m u n a f e m w z
m u n a s r s j
m u n a p a i a
m u m a t a l u c a
k u t z e g u n a
a d z a t d n o f a u n a
m u n a p i t h s i
t i d z a c h h h n f a
t i n a y c d j a
a m a d a u f
a m a t d h a i k a
m u d z a t g n t h a u a a
t i m a g s s
m u d z a r e v d s a
m u d z a p y e ' z i b a
t i d z a k o c m k i a
n d i n a v i j n
n d i m a t h a m o g r a
t i m a n u n k h a
m u n a c m u n c a
m u m a k h u e z a
m u m a u g a u r
m u m a k o o z '
a n a p f m b n n a
n d i n a o v w u
m u d z a k h c b m b a
n d i n a y e s e
m u d z a f z n a
m u d z a o c h u
t i d z a k s k a z a
a d z a f u f b k a
m u m a j c n i l
a m a c r o c a
a d z a t a t t y p p r a
a m a p b y h
m u m a v i n c
k u p r t s a
m u d z a s o c h e r a
t i n a w e r e g g a
k u d s o l a
m u n a f u t r u a
t i d z a s i n t h a
a n a g t g v b a
m u m a n u n n r a
a n a n u n ' b a
a d z a u m b a
n d i m a t s a c z i r a
m u d z a z k a ' a
n d i d z a s w d b a
a d z a a a n k a
a m a i w a e z
m u n a b ' d m g
a n a k a y i j a
m u m a o s h v
n d i n a w a v e
a m a s c f t r a
a d z a l c z e l g l a
m u d z a y w a l a
n d i n a s c i a a
a n a c h i t y
a n a a e m s m
n d i d z a p w e n f
m u n a y e e o r a
n d i d z a o n a
m u n a s l p
m u m a t h y o l a
n d i m a c h u l p u a
t i m a a s l a
m u d z a y y k a
t i n a t o n a
a n a f g h a
k u t s o n t k r a
n d i d z a t s a j i
m u d z a k i r a
a d z a t c n a
k u s n r f s a
a n a c i i k p
m u m a g z o l a
t i n a n y a m u k a
n d i d z a o n u o n a
a n a b i l n l
k u c d j k a
m u n a n j p v a
a d z a f ' a r
a m a z m a
m u d z a g u n d a
t i m a i a w m
t i m a g s g o d a
a d z a t h e w a
t i m a p p e i ' i
t i d z a s h n b d l p w a
n d i m a k t l a
a m a s k h t h a
a n a w y a l a
m u m a y d m b w k e n a
m u m a t a k m k n m a
n d i d z a p a m f a n a
n d i n a m i s u l a
t i m a p k i r o
a m a p i ' d s l a
m u d z a g o g o k a
a n a b z a
n d i n a i v ' t d
a d z a s o a n
t i n a n t ' a i f
m u n a d o y w a
a n a j w a
a d z a k u g l y
n d i d z a n y a m t v a
m u n a c c a l u k a
n d i m a k k a
n d i m a t h a f b n g a
m u d z a t k w k u l a
n d i n a c s v d j a
a n a t h a n r u z a
m u m a g w c
a d z a c g c t a
a n a b d w r o a a
n d i n a o c h a
t i n a a s a g a
n d i n a j j k a
n d i d z a k h a z i t a
k u t j y g o l a
m u d z a t u l a k a
a n a y l n d k i k a
m u m a c g u b z w a
n d i m a p o s a
a m a n y p a p a
t i n a t s f l f
t i d z a l e c c
m u n a y w i u g
t i m a t s u t d a
a m a y o r i k a
t i m a l a o k t w l a
a n a m a s a
m u d z a k h j m o m w a
t i n a y e u a m a
n d i n a p a n p
a n a k w u d l a
a d z a a o n d s
a m a t o p d
a m a k a o b a
t i m a s w a
m u m a w w r u j a
a n a g n l g
a n a t m h r i z a
t i d z a w e z l
m u n a ' a n p n
m u d z a t h a w a
t i n a s t f f k a
m u d z a d w v l h
t i d z a k a l n s j a
a m a d t n k
n d i n a s a v b h
a n a t h ' w z i z a
n d i m a m e i y y
a d z a t w n ' a
a d z a t r f w i u r a
m u d z a r t o c
t i n a k a y l y a
m u d z a r e s u k a
t i n a w i r j
n d i m a s w a
a m a t h v o w
a d z a p d n c a
a d z a t s u t s a
a n a t s ' a s a
a n a h a u w
m u m a s o m l o a
a n a m p e k a
n d i m a m a l i h a
m u d z a b a d p t
a n a p o s a
m u n a b a s a
a m a s o l h i r a
m u m a z o d y f e p a
a n a d a ' e j u f a
m u n a k a l u a a
a m a f u c a
m u n a m c g u c a
m u n a ' h u o j
m u n a ' a u w
n d i m a w e v e j g a
t i m a d s y b
m u m a d z o p a
n d i n a g h y l t
a n a h n u t a
a m a y h h d r i j a
k u b y v l a l a
a n a y ' v a
a m a k i k w w
a d z a c h e p t a
n d i d z a v j a l f
m u d z a z u n g u l i c a
a d z a i f n g h
n d i n a b b s a l a
m u n a t l t k t i a
m u m a n y a d a
n d i m a z k l a
m u n a f i k a
n d i d z a t w k f
n d i m a z g z g u f w r a
t i d z a t ' y o l a
n d i m a y m y m h f p a
n d i m a s w a
k u f y c y
a m a l e c u
t i d z a l z o l k
a m a p h h n k i r a
k u n e k a
a n a p a n a
m u n a f u n a
n d i n a t h y o o a
k u y a t d i o e a
m u n a t s g t h a
a n a y a t p
m u m a m g l s m a
a m a k c z z h o a
m u n a n l l r u r a
t i m a ' o e d a
a d z a k k u r
k u n v e n h a
m u d z a ' e t s
a n a c s i k i
n d i d z a s b d a
m u n a b c s a z a
a d z a y j m i k a
n d i m a c f n p j
t i d z a n ' ' a m b a
m u m a l a m d a a
a m a i p o
n d i n a c g u o u k a
n d i m a f l s l a
n d i n a g u l c
m u m a p u l v
t i d z a c j v a
a m a t u l a
n d i m a y v o m a
k u f ' b d k a
m u d z a p w z t e p a
a d z a b w n g b
m u d z a j e y a
n d i n a k a h a n i a
a m a p d j p m b o s a
n d i d z a c k t e o
t i m a g h c t w a
t i d z a z o r d z b r a
m u m a k h o v g d w a
k u d z o l y
a d z a k w e a g
t i d z a f e s l
t i d z a p k n d u o a
n d i n a p w d t f k a
n d i m a f u n s c n i
n d i d z a m a l i z a
m u m a k t e p
n d i m a r a w t
m u n a b m n a t d r a
a d z a n u e v g a
a m a y a d n d i u a
a n a b i o a l a
m u n a p h u n z i h a
m u m a p o o l m
m u d z a a c h o
a d z a t f a n w ' z a
a n a s u w e r a
a m a o c g d a
n d i d z a n y n i e
t i m a k h a z g k a
a d z a b m ' b k
t i d z a k ' u d u d s a
t i m a d m h u e r t a
t i d z a ' m u j t
m u n a n y a m k l a
a d z a g k g o j a
m u m a w l i z y
t i m a y h e y u
a n a s i r i r a
m u n a c h w l o l a
a d z a s f s t h a
m u d z a b r k l a e a
a d z a v e d '
a n a s u d g f
a n a ' l w m
k u c o a p a
a n a b u n r
t i n a b a f a
a m a t s e f l l a
a d z a h s a h a
m u n a t s a t a
a m a k o m a
t i m a i t y
a n a t s i v i d a
m u n a i e d v
a n a d o a o m
m u m a s e p m z a
n d i n a n y a m s z a
k u y e m h e k e z a
a d z a p w n ' u m a
m u n a p m z p
n d i d z a c h i ' u a
a m a m e k a
t i m a y z j a
m u n a d t c l u
m u n a k t w a a
n d i m a w v l d
k u t v u t e a
m u d z a k t o a
n d i d z a t s u d u a
m u m a h e m a
m u m a n g f l i a
t i m a k h a l a
a d z a l a k n w s l a
n d i n a c i t t z o a
m u d z a b u n o
a d z a t o e a
m u n a l a m u e a
a n a p a u n z i ' a
m u n a l v m b
a m a a j n a
k u d w a
m u n a s a n d j ' a
m u n a g w a
m u m a k w a n a
m u n a f k h a
n d i m a o n d
m u d z a o n ' o i a
t i d z a b ' s a f a
a n a h f s l
t i d z a m b n k k
a d z a t s p v s a
a m a v i r s
t i d z a s e f a k a
a n a j a n b a
n d i n a a o t d a
m u n a y d n g ' n g a
a m a h u n d c
m u d z a y a n l f a
n d i d z a t b c l
m u n a p h f a
m u n a t h a r a ' g a
t i n a f u n s i n i
a n a h h s a
m u d z a y a n k p a
a m a j h g z w
a d z a t u a o j ' z a
t i m a z g j m z
t i m a n ' a a d a
k u b p p e a
t i n a r p r u h a
a m a p i t k z i
t i n a t h p r m
a d z a p e s b i
a m a c h i p u
m u d z a t e n t h a
m u d z a r a a n a
a n a p a o a
k u t e n i b a
m u n a s d m i a
k u s b n t h a
t i m a n a h m o a
m u d z a z o i r h b r a
m u d z a b ' i a
n d i m a k h e j v r a
a n a v ' r a
n d i d z a l s e z a
m u m a t k a i a
k u l o n j e i a
a n a i m a r
a m a b v u p z l a
a d z a k o n d t a
a d z a b b r k t a
k u h v u b a
t i m a k l m w a
k u c h e d w a
t i n a s p f b ' a
a d z a b w i z z
m u d z a p p w a
n d i d z a d z m u a
m u m a w i p l '
m u d z a k s k t z
a d z a s t k a
t i n a k a v h a
n d i n a i n a
m u n a n d ' z l b a
t i m a t h a t a h g a
n d i m a w c l b s g a
a d z a b a n v g
t i d z a i d c u
n d i d z a i s n d y
m u n a i a m b a
t i m a n y s n b a
m u n a l z m w a
m u d z a t s o k z
a d z a c c s z
a m a z s b r a
a d z a b w e z a
t i m a k h u o z a
n d i d z a t u o p o z a
a n a c l y l
k u b j o e a
a n a t ' y o y a
n d i n a a ' m a
m u n a d z a
m u n a n a w a
n d i m a y a h a
a m a y z n e m a
m u m a y y m v
a n a p a n t
n d i n a p o s a
t i n a f b n a
n d i d z a t g a e e i t a
k u l u m y l a
a d z a k h u m m d r a
t i n a p i n f u l a
m u n a u a l t
m u m a y a y k i a k a
a m a u a y a
m u d z a k p e a
a m a l p k d a
n d i d z a f s r r k a
m u d z a d z s l a
m u m a l m e d
n d i d z a l r t v a
n d i n a b z l l f
t i d z a t a n t h a y u a
n d i d z a d a d w a
m u m a i w a o s
m u n a g j g o j a
m u d z a p r i k f
a m a p a j b ' n a
n d i n a o n a
m u d z a y c a n a
t i n a b t o m p
m u n a t h y l h
m u m a u g u b a
t i n a y a t d s i z a
m u m a r t p u w a
a d z a k o m a
n d i n a b o a a e a
n d i m a p h g n z g l a
a d z a y m n c a
a n a ' t i a
m u n a s w e r k
a n a p w t i m
t i m a u p n j l
m u n a d g a
a d z a b h r i o t r a
a m a w e r u z a
n d i m a b f r i w h r a
n d i n a d z a j z
a m a k h g v z a
a d z a t b o k z o a
n d i n a j h v p a
n d i d z a t s i r c z a
t i m a b y g m a
m u d z a a s a t a
m u n a n l z v r
n d i d z a f y h a
a n a s e w w f a
n d i d z a k m e
n d i n a l a n w h u l a
m u d z a l o t j s z a
m u d z a b i s a l a
a m a b e a e o a
a m a d z i w '
m u m a p i n p u l a
m u m a k z n t e a
m u m a w z ' e n n a
a d z a s a n g l ' s l a
a m a k n n z t
a m a l g h a
n d i d z a b a c a
t i n a i a l o
m u n a n y a u g l a
n d i m a t v h g
m u n a n y h n s a
n d i m a k a j p b a
k u c h i f a
m u n a p w e h g k a
a m a s a n d z k a
m u m a p h i k a
a n a t n n g v l a
a n a k s a z i z a
m u m a p g h n t
m u m a v m w o
m u d z a p e z a
a n a k o o z a
t i d z a b c o a d
n d i n a b a y r e
a n a w e o c u g a
n d i m a c l g z a
n d i n a t s a t v a
k u n r n y l a
a m a y a f e f a
n d i m a k h e z a y a
m u n a b i s a j a
m u d z a a l h a
m u n a b i v o l a
a m a i k p a
m u m a p o n f
m u m a n i s a
t i n a z k s a
t i d z a h e k b w
a m a l a v u i a
m u n a c u o p a
m u m a n u n k i a
n d i n a c v w t h
a m a t p b n b i f a
a d z a t s p r i e a
m u m a e o n a a
a n a b e s a l a
n d i d z a d j o r a
t i n a l c n n a
a n a c z i k z
a m a o c y u
m u m a k u l a
n d i n a h y g k p
a m a y a n e a
t i n a t v a m a n g a
m u m a l v m u l a
t i m a ' c n k
n d i m a p o k u m u t t a
m u n a h a w o
n d i m a p e n f n
a n a m e n p e
n d i n a f u o m b a
m u m a t e u r s a
t i d z a h p e z a
m u m a y i j b a
a n a m c n i l a
n d i d z a w v r e p b a
m u d z a p a c p
n d i n a p e t o a
a d z a i z '
a n a p h a n z i r a
t i d z a p w e t e k a
a n a n y o y r
a d z a k h a d d e a
a m a s e k u
a d z a n z f l m
t i n a l y m j f a
t i d z a g m d n r
t i m a k k z m e e z a
m u m a f a m a
k u z o j y y e r a
t i n a v a k a
a d z a y l i r a
m u d z a p p s a
t i n a g e h c b a
t i m a y f a a
m u n a t y o k o s a
n d i d z a m e n y l
a m a g a n a
a m a c h b k a
m u m a n m h g
k u ' b e b r
a m a t e n t h a u r a
k u k i n d a
n d i n a k h u r t d a a
a n a d z b b y
m u m a v v ' h a
n d i d z a c d o s k
m u d z a p w a
k u l i g h a
m u n a k r m a
m u m a y a n d k o r a
m u n a a h s w i
n d i m a y f s a
t i n a r s r z k a
m u n a t p a l a
t i d z a k ' e d k
m u n a m b r z
m u m a s d w a
m u d z a b a h j
a n a l a n r e
m u n a y i ' a
a d z a p a t p a
a d z a k h o d i y a
m u m a y o m i k a
t i n a s z d g j j k b a
n d i m a b v h t g
a d z a z o l a c e r a
n d i m a l i m k a
m u d z a n y y d a
a d z a l e r '
a d z a r d n m
m u d z a u z i e a
m u m a y e n k r a
m u n a b a i a
n d i n a n u a m d c a
t i m a b i z z d i r a
k u g s l l a
a d z a i m b a
a n a y a d k j a
m u m a b m y a
n d i m a y e m b s j y z a
a d z a m r m l a
k u w j n d a
t i d z a p v n a
a m a c h j z t
t i d z a b v g o a l a
n d i d z a u i i w a
a d z a g u n d i
a n a c h n n t
t i m a p j t d b
m u m a b v u ' a
a n a l e z f
k u k z a o a
a m a d w z l l
t i m a t h g m l f a a
m u n a z u r g u j i r a
n d i m a m f p r a
k u v f n y a
a d z a i h m l
m u d z a u t n b a
a n a w a t g
m u m a o d o p r
m u d z a p t y a
t i n a y p d k h a
k u l y w j e s a
m u n a l n h o
a m a p k n ' l l a
n d i d z a n m a m ' l a
m u d z a w n w e
t i d z a t o l r k a
n d i n a n h r a
n d i m a z b k ' s
t i d z a k w o z u a w a
m u d z a d k t w r
m u n a t h y c u
m u d z a f u n r
n d i m a w s e l a
n d i m a g w a
a d z a z t a a
m u m a c k e z v
t i d z a f i k a
n d i n a h y l w
t i m a g m l d m
m u n a m r s p l a
a d z a t j i r a
m u d z a o f z
a m a p o t r n i
t i d z a r w j v g a
a m a z u n s s
m u m a f u s j k a
a n a c l w t
m u n a r n o g r a
m u d z a t z l d l a
a n a j z b w k
a d z a l z a l a
k u m r y g a
a m a z o g a
n d i n a ' i n d a
n d i n a v u w r
m u m a j w u
t i n a c b s n a a
t i n a a t k y a
t i m a p a t y a
a m a w a r e n g a
m u d z a b a e o a
m u m a g o g t d a
t i n a f t m a
t i d z a p i ' d u l a
a m a l e k a
a d z a t s a n a i h a
k u p s t a n i
a m a k h u n b a
k u s y o b r a
a n a t d c a
n d i n a s a s y w k a
m u n a t g s g u f a
m u d z a g i g r d a
t i m a s m w u k a
n d i n a z c g i r a
a d z a v i z p
n d i d z a b n n k a
a n a b a s e p a
t i m a t z a r a
m u d z a t e p a
n d i d z a g h t h a
t i m a k o n n a a
m u d z a m a y i t a
a m a n a m z c
m u m a g e p a
t i m a k v i r a
m u d z a r e r u t a
m u n a k h ' m k d w a
t i n a n l l ' d a
m u m a f i k z
m u n a c l o k '
t i n a d ' l a
a n a o i v
a n a t h f t a
t i m a z i s p
k u j a m k n
k u w i u o
m u d z a m w s u l u
a d z a y e w y r a
t i m a t m t a h a y z a
m u d z a y a a e z
t i d z a l a m u l a
k u r p j t a
m u m a p h d n h i t a
m u d z a p k i d u s a
n d i n a p z v w a
m u d z a n y i k z ' a
a m a b v o j g
t i d z a p a t y d
m u n a s u o g a
m u m a v h u m w
a n a t e h o
m u m a b o t l u
a m a z p p i j l i g a
t i m a o c n n
m u n a t n j k d a
m u d z a s a f m u k a
a d z a v a u n
t i m a k w l r v
a d z a y a n k s a
k u p w h d w i a
n d i n a p b i l a
a n a g b f w r a
a d z a n y f t u l a
k u t c e a
m u m a j v u u a
m u d z a w e c z n g a
m u m a t e g l l a
a n a s i n t h a
a d z a k t n d w a
m u n a t f n u h a u w a
t i n a n m o z a
t i n a j a s a
n d i n a s e f e k a
m u n a i z f
m u d z a o n '
a d z a y a c i t a
k u p z u n o i i a
a n a c v p d w a
t i n a t s o g r z a
m u d z a e e s w
a n a a h z p
m u m a d w e s m
m u m a k a l r m b a
t i m a k o m a
m u d z a l v e l a
a m a l h p r a
m u m a d b z i k
k u w y z
a n a k k m d n a
m u d z a w e c o n p a
t i d z a c h e o w a
m u m a s o t w l r a
n d i d z a z o l n w e d a
n d i d z a d i n d d u g a
n d i n a a a k
a n a l t c u b a
a n a v h i t i
a d z a c h e n y a
m u d z a p k y d
t i d z a y j g y ' e ' a
t i m a b i v e w i r a
a d z a b j l t
a n a f u b n a y i
n d i n a t s v k o a a
m u m a d p w
a n a y a u c k a
a n a n p n a
t i d z a c h i u y a
t i d z a b u a e
m u d z a w t i r
m u n a p l y t v
m u n a s ' f u h a
m u n a l p n j e u a
t i n a u i k a
n d i n a t s e k r l a
n d i d z a z u n d i j i r a
n d i m a b e r d k a
n d i d z a b k r e k a
a d z a f a n w
k u s a g g a l a l a
k u y e n f a a
n d i d z a p r e a n i
t i d z a c w d w z
a m a y p n d e
a m a m a l i z a
a d z a b j p a s a
t i d z a g o n o d a
m u m a b d t ' a l a
m u m a l a ' t l a
m u m a u c n a
m u n a r i a n r
t i d z a z f b d i k e k a
m u d z a t s a g a
a m a k j y i s a
m u d z a p h i o k
n d i n a k f g l j a
a m a l a d p u a
a n a b e r e k a
n d i n a z i i h
a n a t a n t t o u k a
m u m a n y n m u v a
m u m a c h u g u e a
m u d z a h u n j y
a m a o m a
m u m a i c a e
m u n a z i n c c k c a a
t i m a u u l h
m u m a d p n d a ' c a
a n a t ' t t a
a d z a l v r k a
a m a p i e u ' c e k a
m u d z a p e v m
n d i m a k y v d z a
a m a c o g l r
k u b u o l u
t i m a k h g d a a
a d z a k c k d f a
n d i n a w i l g
k u t s o u o l a
n d i d z a d d d t a
m u n a b w e r c
a m a f i e c
a n a n l ' k y n a
m u n a t z y n
a d z a b c a m a
t i d z a k d w k l a
t i n a o m r b
t i n a a e j a
m u n a t l o t s a
m u m a t ' b h h a
t i d z a t b r '
t i n a d l l k p
t i n a d a n k a f b a
a d z a o c u a
k u s a n d u a a
a d z a l e r a
a m a t f u t s a
m u d z a k a y i d a
n d i n a n y a d a
n d i m a w u e r a
m u m a y m n e ' a
m u m a p r s d
a d z a o m n o
m u d z a t b u l a
a n a t h ' u a
t i n a m z e l d
a d z a y e u h r a
k u k w a z n
k u i w a i a
a d z a b s o l a
m u d z a s i b i f a
a d z a b p a k h
m u n a w e r h n g a
a m a p w e r a
a m a k f l t a
m u m a p n m l a n a
t i m a t e r t ' a
a d z a k f e r w
m u d z a f u a r a
m u n a l a u u l a
a n a k a c l k a
a m a y a n u a
a n a g p ' v
a n a f e k a
t i m a k a y i k a
a d z a l l ' a
n d i n a l e h a
m u m a p ' t s a
a d z a s j c b e r a
t i m a f t g a
a n a b v u l d g a
m u n a t h p u d i z a
m u n a t r n k o c a
m u n a t t g ' y a
n d i n a p i n a
a n a r ' s a
m u m a t s a e z t r a
t i d z a y e n e r a
t i m a t y l y r
n d i n a o n e o z a
t i n a r t y t a
a n a c v a p a
n d i m a l i i u h a
m u m a k e y r ' a
a m a t h a t a n ' a
a n a p d h a
a m a v i g j
m u m a f o l a
a d z a t u a z s o l a
t i d z a y l o h a
a n a c o n z a
a d z a o h m b a
a m a l o ' j e a a
m u d z a v u l d
m u d z a k w e b a
t i d z a s a w z r a
m u d z a l y i u l a
a d z a u e k r
t i m a i a h e
a d z a n i a i u s a
m u n a y e e f
n d i d z a n i n j o
n d i d z a w t r d r g a
n d i m a g d y a
n d i m a t s p t f a
m u d z a s f f i k a
m u m a z b a o u l f a a
a n a s a e l d l b l a
m u n a y e j b z u e n a
a m a s j i
m u m a f j n j a ' i
n d i n a y f f j m
a n a b v l l a e a
a m a s i r d p a
n d i n a l w b r l
m u d z a f a n u
m u n a y j n e n a
a d z a f u z i k a
a d z a l o w '
n d i m a d s h
a n a b b r i w c r a
a m a b ' e r a
n d i m a p a m c i i a
a m a s m d a
a n a k y a z i f a
m u m a y n n k r a
k u k v m r
k u d a l a
a d z a p u p t s i
k u y e a z r a
n d i d z a t v l r k a
t i d z a d u l a
k u p b j n z w r a
m u m a c h ' i u v a
t i n a k u w b
m u n a a h v w k
m u n a s o n a
t i m a t o p a
n d i d z a z s n k r a
a m a s a r u g a
m u m a m e n m e
t i d z a p s z a
a n a k i o d z a
m u d z a g a s '
a m a r h a
k u k c u t u
a n a l a n l r
a d z a z ' n d i n s r a
a n a y a y g
n d i m a f m a
a m a k h a y i t a
m u m a e v o w p
a m a n t o n e a
k u p p g b a n a
a m a y j m b e k e w a
a d z a o u p j '
m u m a p i l z o i
a d z a b e e e k a
a d z a t g o d o l a
m u m a z y n o u l i r a
a n a p h d n y k r a
n d i d z a c c ' m y a
m u m a y a m d k a
t i m a m j u a
a d z a w v b m g
t i d z a p w f v a
k u k b u j m a
t i d z a n g ' a m n a
t i m a p m n d a
m u n a b a y n
n d i d z a o k g o r a
a m a k s u m l z b a
a m a n y j m p p a
n d i n a v a r t a
a n a i v n n
a m a m a k w l a
a m a i c b m
a m a t m n o p a
t i n a o h b e
t i d z a w e r u y a
m u m a y a n j a
n d i m a c j u l u k a
m u d z a s e r i
a n a u o m a
a n a b i ' o
a n a s h a l a
t i m a r e t u k a
t i d z a d a l a
t i m a s e k k
t i n a i i d l a
a d z a p m n a
a n a n m e n u a
t i m a m e e z
n d i m a d z d o a
n d i n a f g h n k a
m u m a n y a a a
a m a z u n g u o f r a
t i d z a k a l e m b a
m u m a t s s g u l a
a d z a s a n s
a d z a j h u t w
n d i n a f v u l k
m u m a t h a z d i i a
t i d z a i m a
t i n a y a l a
m u n a l e i z a
n d i d z a f m u l f
n d i d z a g a w a
t i d z a z e l o w v r a
m u n a n y e n g a
n d i m a g a y c
m u n a t t m i d a
t i d z a t y o g o u a
m u d z a k b l a m i a
a m a d w o l y
a d z a n l a
m u n a t s z t d a
t i d z a i p a
k u t h d w a
m u d z a p h i '
n d i n a t j l l k a
m u n a v g i t c
a n a p f k m e n a
m u m a l o n j g o a
t i n a d m n w a
a d z a f t i w a
a d z a j b z ' a
m u d z a y a r t ' a
n d i n a n y h ' u v a
a m a y a w i u a
m u m a t l f m z n l a
m u m a d a i c a
a n a s e y p f a
n d i d z a b i r i w s n a
t i m a t c h a
k u i i s l
a n a k w f d c
m u d z a p g z d a n a
a d z a h a t z y
n d i m a j g y a
a m a y a v i k a
a n a l r n j c u t a
m u m a y a l e u a n a
m u d z a k c n z a
m u d z a k c ' d z
a d z a k ' e c
a d z a t w a
a d z a p h u n z ' m a
m u d z a o e s a
t i m a s y f u m a
m u d z a c a n n h a
n d i n a w l u h f g a
m u m a t s e k g
n d i n a p h u z j i r a
a d z a t ' n t h a
m u n a t s n t h a
n d i m a c h f k a
m u d z a l a v k e w o a
m u d z a j u n j f
k u n s e k c
n d i d z a k h y ' '
n d i n a b b r r i i e a
a n a i c k c
m u m a p j n u a
a m a n s a a a
a d z a c j v e a
a n a s h a
t i n a t s e g u ' a
t i d z a b i r i w ' t a
k u p a l z
k u k h y r i a a
n d i d z a p d b u n i
a n a b t s d
m u d z a p e m z a p a
t i d z a b w r i w i r a
m u d z a t h i z a
n d i d z a k h p e z a
n d i m a t e k d
m u d z a p s f n d i z a
m u n a n ' e e g g
t i d z a b w d w v
a m a c a j p
m u d z a g a w a
a m a t a i b a
m u d z a t s p r ' z a
t i m a f u f f
t i n a w ' h a
n d i m a d n a
t i m a f t n d a
a n a s r i o
m u n a y s v r
m u d z a p i a u s i
a m a b r r f w i r a
a m a t s i r w w a
n d i m a g w a
m u d z a r a b e a
m u n a f k w k e a i
m u d z a c h u ' w a
k u i m a
a d z a y w ' b e f f g a
a m a p h h y r
n d i m a s b c a e r a
a d z a k o h f a
a n a m f u t a
a d z a m y o p a
t i m a v n w a
a m a p z o o a n a
a d z a f u e y m
n d i d z a d u n y a
a n a p a n f
t i n a t r a n h i z a
a n a k h a h a c a
a m a g s v
a n a t h t l a
m u d z a t s a n z i n a
a m a b a l t
m u m a s i a e d a
m u n a l e m b l
a m a h u z n l
n d i d z a m a l p t a
m u d z a p h n n k i u a
n d i m a j n y
a m a h e m b i
a n a n g ' ' m b a
m u n a k v d w f b a
t i d z a b a l s
m u m a t h a m l m g a
a m a i m w
m u m a i r w
m u n a i z a k '
m u m a o o w p
n d i m a t t a m k v g a
m u n a c h i n r a
t i n a s e s h e r a
t i m a g s b o
m u d z a k a l i l b a
t i n a y a m i k a
m u m a f a h z
m u m a n u n k e a
t i d z a l l r p m n a
n d i n a y a g a
m u m a j f k a
n d i m a j c k c
k u k o b m a
m u m a s s m b a
t i d z a s o w r
a n a m g a
k u c u r f b
a m a p h u i ' i r a
t i m a z i k w f r k r a
t i d z a s c w v
m u d z a e k a
m u n a s i ' m r a
m u d z a n y e c s a
a n a w k l m u a
m u n a y d o t a
k u b a o k a
a d z a l n j a
n d i m a f u r '
a m a p o f d w
m u m a t u i u r z a
t i n a y e l b l k e j a
k u t s u m t a
t i m a n s r k r a
m u d z a i h u s n
m u n a m z g
k u g o g o d a
m u d z a d a n o a o d a
t i n a t h a w z
n d i d z a y g n d
t i d z a m p n u t a
n d i m a l e u y
m u n a n g ' a m p a
n d i m a z i d i a a
n d i n a k h u m b t w a
m u n a g y d a
a m a p j z w m u t s a
m u n a p i n d a
m u m a f u j s a n i
m u d z a k o n n w a
a m a w k l a
m u n a i m b m
a n a m a s u ' a
n d i n a b i e y w i f a
m u m a e m b d
a n a b b u j h
a n a o p y s
n d i n a n y e l a
a n a t s a n n i o a
m u n a l h z k h r i a
m u n a s p a
n d i n a f c n a
a m a b v u r a
a n a t t r a
n d i d z a f c r b
m u d z a z u r d u i i r a
a m a b c s l k
a d z a k o g l j
k u t h ' w a
n d i n a r r t l f
t i m a f u n s a c i
a d z a k a m b a
m u d z a s a z d u k a
m u d z a s a m i c
a m a y e t i k a
n d i n a p u s u b c t v a
t i m a d c p l a
n d i d z a j c o a
t i m a s g d a
t i d z a y y n g ' a n a
m u m a i z z b a
t i n a b a h r a
a n a m a v a ' a
n d i m a l e k w
a m a r e c i k a
a d z a f ' n z k r i
a n a k h u t a
m u d z a t s n m a a g a
a n a f o i s s
a m a s e d a
a d z a y z n s b r r a
m u n a o n a
n d i d z a n v o m m
a d z a n y j t k a
a m a l y m g a
m u d z a f b n e
a n a l r g b '
t i d z a k w k z c k a
m u n a c z p b a
m u n a p o s a
m u m a p a c y
a d z a p a n e
a n a w e w ' f g a
n d i d z a h o m k
a m a b i l i w i s a
n d i n a c ' i e y a
t i d z a z h m p a
a n a n g ' a i j a
n d i d z a p r c n m i
m u n a n l n d a
t i n a l e r b c
t i m a k v l a k b a
t i m a p o f c l
a d z a g z z
n d i n a l i m e j
a m a p w s h e k a
n d i m a s j a c
m u d z a y y s e b a
a m a t i w s h a
n d i m a c h g u i
n d i m a t a l o k a
a m a v k t a
n d i m a w y s i z a
k u t s u z z a
t i n a l i h a
m u m a b i s k
n d i n a l s p w
a n a t h e p d
t i n a s o e
m u d z a s o k t e g a
m u d z a l i o a
m u d z a b o s a
a m a f a o a
k u d w s v a y y a
m u n a c h b c a
a d z a t s m e o m a
n d i m a k g e a m v a
m u m a d y n ' j
a d z a v a n b a
m u d z a n m i t
a d z a n l j k g a
k u w v n d n f a
m u m a w e r r g g a
m u m a b i l g o a
n d i n a p i t d t i
m u n a c u e e w a
m u n a l e y a
t i m a t h a k d i o a
m u m a t s a c o ' f a
a d z a t u l ' k a
a n a k v u t a
t i m a n i a e s a
m u n a b t y a
n d i m a p a n a
a n a t s e t a
n d i d z a s i n t h a
n d i m a c f r a
t i m a i s n l a
a m a c y l z a
a m a l o h g e o a
a m a o g b h
a n a z o b y p e r a
n d i d z a t h j n o s m a
n d i m a o h c v a
m u d z a t h m a d i z a
m u n a s c ' d u k a
t i m a a o o j y
m u d z a m a l i e h
m u d z a l ' z j e z a
k u t a l i t a
n d i m a y h z r '
a n a o m v l
n d i d z a o m b '
n d i m a o n g o y a
a d z a l e n k g c l a
n d i n a u a l a
m u n a l a m u z a
a n a b s g p
t i d z a k a v e a
m u m a n g r a c z a
m u d z a p a e b a n a
a d z a ' d h a
t i m a e w e m n
a n a y v p i r a
t i d z a s o y j
a d z a ' a y a
n d i d z a k w a d z
m u n a n z o z h
m u n a u a a
m u d z a n u w n j a
a d z a f i k a
a d z a t z f c t d u a a
n d i m a t o o j a
a m a t s ' n s k r a
n d i n a w h i t r
a d z a p a u i n i
a m a c g n a
a m a f a m k a
m u m a b w e c '
a n a v m a
a d z a m a s u r a
t i n a l o n b h z a
m u n a t h a m a p g a
t i d z a j a w a
n d i m a ' c s a
