o k r e s e c h
o k r e s e m
o k r e s e
o k r e s e
o k r e s
o k r e s
o k r e s ů m
o k r e s u
o k r e s ů
o k r e s u
o k r e s y
o k r e s y
o k r e s y
o k r e s y
l i s t o p a d e c h
l i s t o p a d e m
l i s t o p a d e
l i s t o p a d
l i s t o p a d
l i s t o p a d ů m
l i s t o p a d u
l i s t o p a d u
l i s t o p a d ů
l i s t o p a d u
l i s t o p a d y
l i s t o p a d y
l i s t o p a d y
l i s t o p a d y
b ř e z e n
b ř e z e n
b ř e z n a
b ř e z n e c h
b ř e z n e m
b ř e z n e
b ř e z n ů m
b ř e z n u
b ř e z n u
b ř e z n ů
b ř e z n y
b ř e z n y
b ř e z n y
b ř e z n y
k v ě t e n
k v ě t e n
k v ě t n a
k v ě t n e c h
k v ě t n e m
k v ě t n e
k v ě t n ů m
k v ě t n u
k v ě t n u
k v ě t n ů
k v ě t n y
k v ě t n y
k v ě t n y
k v ě t n y
p r o s i n c e m
p r o s i n c e
p r o s i n c e
p r o s i n c e
p r o s i n c e
p r o s i n c í c h
p r o s i n c i
p r o s i n c i
p r o s i n c i
p r o s i n c i
p r o s i n c ů m
p r o s i n c ů
p r o s i n e c
p r o s i n e c
o b y v a t e l e m
o b y v a t e l e
o b y v a t e l e
o b y v a t e l é
o b y v a t e l é
o b y v a t e l í c h
o b y v a t e l i
o b y v a t e l i
o b y v a t e l i
o b y v a t e l i
o b y v a t e l i
o b y v a t e l
o b y v a t e l ů m
o b y v a t e l ů
č e r v e n
č e r v e n
č e r v n a
č e r v n e c h
č e r v n e m
č e r v n e
č e r v n ů m
č e r v n u
č e r v n u
č e r v n ů
č e r v n y
č e r v n y
č e r v n y
č e r v n y
o b d o b í c h
o b d o b í m i
o b d o b í m
o b d o b í m
o b d o b í
o b d o b í
o b d o b í
o b d o b í
o b d o b í
o b d o b í
o b d o b í
o b d o b í
o b d o b í
o b d o b í
o b l a s t e c h
o b l a s t e m
o b l a s t i
o b l a s t i
o b l a s t i
o b l a s t í
o b l a s t i
o b l a s t í
o b l a s t i
o b l a s t i
o b l a s t i
o b l a s t m i
o b l a s t
o b l a s t
h l a v e ň
h l a v e ň
h l a v n ě m i
h l a v n ě
h l a v n ě
h l a v n ě
h l a v n ě
h l a v n í c h
h l a v n í m
h l a v n i
h l a v n i
h l a v n í
h l a v n í
h l a v n i
r e p u b l i c e
r e p u b l i c e
r e p u b l i k á c h
r e p u b l i k a m i
r e p u b l i k á m
r e p u b l i k a
r e p u b l i k
r e p u b l i k o
r e p u b l i k o u
r e p u b l i k u
r e p u b l i k y
r e p u b l i k y
r e p u b l i k y
r e p u b l i k y
s t r a n á c h
s t r a n a m i
s t r a n á m
s t r a n a
s t r a n ě
s t r a n ě
s t r a n
s t r a n o
s t r a n o u
s t r a n u
s t r a n y
s t r a n y
s t r a n y
s t r a n y
h u d e b n í
h u d e b n í
h u d e b n í
h u d e b n í
h u d e b n í
h u d e b n í
h u d e b n í
h u d e b n í
h u d e b n í
h u d e b n í
h u d e b n í
h u d e b n í
h u d e b n í c h
h u d e b n í c h
h u d e b n í h o
h u d e b n í h o
h u d e b n í h o
h u d e b n í m
h u d e b n í m
h u d e b n í m
h u d e b n í m
h u d e b n í m
h u d e b n í m i
h u d e b n í m u
h u d e b n í m u
k o s t e l a
k o s t e l e c h
k o s t e l e m
k o s t e l e
k o s t e l e
k o s t e l
k o s t e l
k o s t e l ů m
k o s t e l u
k o s t e l ů
k o s t e l y
k o s t e l y
k o s t e l y
k o s t e l y
v o l b á c h
v o l b a m i
v o l b á m
v o l b a
v o l b ě
v o l b ě
v o l b o
v o l b o u
v o l b u
v o l b y
v o l b y
v o l b y
v o l b y
v o l e b
p o l i t i c e
p o l i t i c e
p o l i t i k á c h
p o l i t i k a m i
p o l i t i k á m
p o l i t i k a
p o l i t i k
p o l i t i k o
p o l i t i k o u
p o l i t i k u
p o l i t i k y
p o l i t i k y
p o l i t i k y
p o l i t i k y
č l e n a
č l e n a
č l e n e c h
č l e n e m
č l e n e
č l e n
č l e n o v é
č l e n o v é
č l e n ů m
č l e n u
č l e n u
č l e n ů
č l e n y
č l e n y
s t a n i c e m i
s t a n i c e
s t a n i c e
s t a n i c e
s t a n i c e
s t a n i c e
s t a n i c e
s t a n i c í c h
s t a n i c í m
s t a n i c i
s t a n i c i
s t a n i c i
s t a n i c í
s t a n i c
s t r á n c e
s t r á n c e
s t r á n e k
s t r á n k á c h
s t r á n k a m i
s t r á n k á m
s t r á n k a
s t r á n k o
s t r á n k o u
s t r á n k u
s t r á n k y
s t r á n k y
s t r á n k y
s t r á n k y
n á z e v
n á z e v
n á z v e c h
n á z v e m
n á z v e
n á z v ů m
n á z v u
n á z v u
n á z v ů
n á z v u
n á z v y
n á z v y
n á z v y
n á z v y
v e s n i c e m i
v e s n i c e
v e s n i c e
v e s n i c e
v e s n i c e
v e s n i c e
v e s n i c e
v e s n i c í c h
v e s n i c í m
v e s n i c i
v e s n i c i
v e s n i c i
v e s n i c í
v e s n i c
ž i v o t a
ž i v o t e c h
ž i v o t e m
ž i v o t ě
ž i v o t e
ž i v o t
ž i v o t
ž i v o t ů m
ž i v o t u
ž i v o t ů
ž i v o t y
ž i v o t y
ž i v o t y
ž i v o t y
p o m o c e m i
p o m o c í c h
p o m o c í m
p o m o c i
p o m o c i
p o m o c i
p o m o c í
p o m o c i
p o m o c í
p o m o c i
p o m o c i
p o m o c i
p o m o c
p o m o c
k r á l o v s t v í c h
k r á l o v s t v í m i
k r á l o v s t v í m
k r á l o v s t v í m
k r á l o v s t v í
k r á l o v s t v í
k r á l o v s t v í
k r á l o v s t v í
k r á l o v s t v í
k r á l o v s t v í
k r á l o v s t v í
k r á l o v s t v í
k r á l o v s t v í
k r á l o v s t v í
s y s t é m e c h
s y s t é m e m
s y s t é m e
s y s t é m
s y s t é m
s y s t é m ů m
s y s t é m u
s y s t é m u
s y s t é m ů
s y s t é m u
s y s t é m y
s y s t é m y
s y s t é m y
s y s t é m y
s o u t ě ž e m i
s o u t ě ž e
s o u t ě ž e
s o u t ě ž e
s o u t ě ž e
s o u t ě ž í c h
s o u t ě ž í m
s o u t ě ž i
s o u t ě ž i
s o u t ě ž í
s o u t ě ž í
s o u t ě ž i
s o u t ě ž
s o u t ě ž
c e l c í c h
c e l e k
c e l e k
c e l k e m
c e l k ů m
c e l k u
c e l k u
c e l k ů
c e l k u
c e l k u
c e l k y
c e l k y
c e l k y
c e l k y
m i s t r o v s t v í c h
m i s t r o v s t v í m i
m i s t r o v s t v í m
m i s t r o v s t v í m
m i s t r o v s t v í
m i s t r o v s t v í
m i s t r o v s t v í
m i s t r o v s t v í
m i s t r o v s t v í
m i s t r o v s t v í
m i s t r o v s t v í
m i s t r o v s t v í
m i s t r o v s t v í
m i s t r o v s t v í
p r o s t ř e d í c h
p r o s t ř e d í m i
p r o s t ř e d í m
p r o s t ř e d í m
p r o s t ř e d í
p r o s t ř e d í
p r o s t ř e d í
p r o s t ř e d í
p r o s t ř e d í
p r o s t ř e d í
p r o s t ř e d í
p r o s t ř e d í
p r o s t ř e d í
p r o s t ř e d í
n á m ě s t í c h
n á m ě s t í m i
n á m ě s t í m
n á m ě s t í m
n á m ě s t í
n á m ě s t í
n á m ě s t í
n á m ě s t í
n á m ě s t í
n á m ě s t í
n á m ě s t í
n á m ě s t í
n á m ě s t í
n á m ě s t í
s h r o m á ž d ě n í c h
s h r o m á ž d ě n í m i
s h r o m á ž d ě n í m
s h r o m á ž d ě n í m
s h r o m á ž d ě n í
s h r o m á ž d ě n í
s h r o m á ž d ě n í
s h r o m á ž d ě n í
s h r o m á ž d ě n í
s h r o m á ž d ě n í
s h r o m á ž d ě n í
s h r o m á ž d ě n í
s h r o m á ž d ě n í
s h r o m á ž d ě n í
o r g a n i z a c e m i
o r g a n i z a c e
o r g a n i z a c e
o r g a n i z a c e
o r g a n i z a c e
o r g a n i z a c e
o r g a n i z a c e
o r g a n i z a c í c h
o r g a n i z a c í m
o r g a n i z a c i
o r g a n i z a c i
o r g a n i z a c i
o r g a n i z a c í
o r g a n i z a c í
r o d i n á c h
r o d i n a m i
r o d i n á m
r o d i n a
r o d i n ě
r o d i n ě
r o d i n
r o d i n o
r o d i n o u
r o d i n u
r o d i n y
r o d i n y
r o d i n y
r o d i n y
z a ř í z e n í c h
z a ř í z e n í m i
z a ř í z e n í m
z a ř í z e n í m
z a ř í z e n í
z a ř í z e n í
z a ř í z e n í
z a ř í z e n í
z a ř í z e n í
z a ř í z e n í
z a ř í z e n í
z a ř í z e n í
z a ř í z e n í
z a ř í z e n í
m n o ž s t v í c h
m n o ž s t v í m i
m n o ž s t v í m
m n o ž s t v í m
m n o ž s t v í
m n o ž s t v í
m n o ž s t v í
m n o ž s t v í
m n o ž s t v í
m n o ž s t v í
m n o ž s t v í
m n o ž s t v í
m n o ž s t v í
m n o ž s t v í
s l u ž b á c h
s l u ž b a m i
s l u ž b á m
s l u ž b a
s l u ž b ě
s l u ž b ě
s l u ž b o
s l u ž b o u
s l u ž b u
s l u ž b y
s l u ž b y
s l u ž b y
s l u ž b y
s l u ž e b
n ě m e c k á
n ě m e c k á
n ě m e c k á
n ě m e c k á
n ě m e c k á
n ě m e c k é
n ě m e c k é
n ě m e c k é
n ě m e c k é
n ě m e c k é
n ě m e c k é
n ě m e c k é
n ě m e c k é
n ě m e c k é
n ě m e c k é
n ě m e c k é
n ě m e c k é
n ě m e c k é h o
n ě m e c k é h o
n ě m e c k é h o
n ě m e c k é m
n ě m e c k é m u
n ě m e c k é m u
n ě m e c k o u
n ě m e c k ý
n ě m e c k ý
n ě m e c k ý
n ě m e c k ý c h
n ě m e c k ý c h
n ě m e c k ý m
n ě m e c k ý m
n ě m e c k ý m
n ě m e c k ý m i
n ě m e č t í
n ě m e č t í
u n i v e r z i t á c h
u n i v e r z i t á c h
u n i v e r z i t a m i
u n i v e r z i t a
u n i v e r z i t ě
u n i v e r z i t ě
u n i v e r z i t
u n i v e r z i t o
u n i v e r z i t o u
u n i v e r z i t u
u n i v e r z i t y
u n i v e r z i t y
u n i v e r z i t y
u n i v e r z i t y
v ě t š i n á c h
v ě t š i n a m i
v ě t š i n á m
v ě t š i n a
v ě t š i n ě
v ě t š i n ě
v ě t š i n
v ě t š i n o
v ě t š i n o u
v ě t š i n u
v ě t š i n y
v ě t š i n y
v ě t š i n y
v ě t š i n y
d o s t a l i
d o s t a l i
d o s t a l i
d o s t a l i
d o s t a l i
d o s t a l i
d o s t a l
d o s t a l
d o s t a l
d o s t a l
d o s t a l
d o s t a l
d o s t a n e m e
d o s t a n e š
d o s t a n e t e
d o s t a n u
s m ě r e c h
s m ě r e m
s m ě r e
s m ě r
s m ě r
s m ě r ů m
s m ě r u
s m ě r u
s m ě r ů
s m ě r u
s m ě r y
s m ě r y
s m ě r y
s m ě r y
a r m á d á c h
a r m á d a m i
a r m á d á m
a r m á d a
a r m á d ě
a r m á d ě
a r m á d
a r m á d o
a r m á d o u
a r m á d u
a r m á d y
a r m á d y
a r m á d y
a r m á d y
r o z d í l e c h
r o z d í l e m
r o z d í l e
r o z d í l
r o z d í l
r o z d í l ů m
r o z d í l u
r o z d í l u
r o z d í l ů
r o z d í l u
r o z d í l y
r o z d í l y
r o z d í l y
r o z d í l y
s k l a d a t e l e m
s k l a d a t e l e
s k l a d a t e l e
s k l a d a t e l e
s k l a d a t e l é
s k l a d a t e l é
s k l a d a t e l í c h
s k l a d a t e l i
s k l a d a t e l i
s k l a d a t e l i
s k l a d a t e l i
s k l a d a t e l
s k l a d a t e l ů m
s k l a d a t e l ů
p a r l a m e n t e c h
p a r l a m e n t e m
p a r l a m e n t e
p a r l a m e n t
p a r l a m e n t
p a r l a m e n t ů m
p a r l a m e n t u
p a r l a m e n t u
p a r l a m e n t ů
p a r l a m e n t u
p a r l a m e n t y
p a r l a m e n t y
p a r l a m e n t y
p a r l a m e n t y
s o u č a s n á
s o u č a s n á
s o u č a s n á
s o u č a s n á
s o u č a s n á
s o u č a s n é
s o u č a s n é
s o u č a s n é
s o u č a s n é
s o u č a s n é
s o u č a s n é
s o u č a s n é
s o u č a s n é
s o u č a s n é
s o u č a s n é
s o u č a s n é
s o u č a s n é
s o u č a s n é h o
s o u č a s n é h o
s o u č a s n é h o
s o u č a s n é m
s o u č a s n é m u
s o u č a s n é m u
s o u č a s n í
s o u č a s n í
s o u č a s n o u
s o u č a s n ý
s o u č a s n ý
s o u č a s n ý
s o u č a s n ý c h
s o u č a s n ý c h
s o u č a s n ý m
s o u č a s n ý m
s o u č a s n ý m
s o u č a s n ý m i
j e d n o t c e
j e d n o t c e
j e d n o t e k
j e d n o t k á c h
j e d n o t k a m i
j e d n o t k á m
j e d n o t k a
j e d n o t k o
j e d n o t k o u
j e d n o t k u
j e d n o t k y
j e d n o t k y
j e d n o t k y
j e d n o t k y
p a m á t c e
p a m á t c e
p a m á t e k
p a m á t k á c h
p a m á t k a m i
p a m á t k á m
p a m á t k a
p a m á t k o
p a m á t k o u
p a m á t k u
p a m á t k y
p a m á t k y
p a m á t k y
p a m á t k y
k y t a r á c h
k y t a r a m i
k y t a r á m
k y t a r a
k y t a ř e
k y t a ř e
k y t a r
k y t a r o
k y t a r o u
k y t a r u
k y t a r y
k y t a r y
k y t a r y
k y t a r y
m u z e a
m u z e a
m u z e a
m u z e a
m u z e e m
m u z e í c h
m u z e í m
m u z e í
m u z e i
m u z e u m
m u z e u m
m u z e u m
m u z e u
m u z e u
s t a v b á c h
s t a v b a m i
s t a v b á m
s t a v b a
s t a v b ě
s t a v b ě
s t a v b o
s t a v b o u
s t a v b u
s t a v b y
s t a v b y
s t a v b y
s t a v b y
s t a v e b
k i l o m e t r e c h
k i l o m e t r e m
k i l o m e t r e
k i l o m e t r
k i l o m e t r
k i l o m e t r ů m
k i l o m e t r u
k i l o m e t r u
k i l o m e t r ů
k i l o m e t r u
k i l o m e t r y
k i l o m e t r y
k i l o m e t r y
k i l o m e t r y
b u d o v á c h
b u d o v a m i
b u d o v á m
b u d o v a
b u d o v ě
b u d o v ě
b u d o v
b u d o v o
b u d o v o u
b u d o v u
b u d o v y
b u d o v y
b u d o v y
b u d o v y
s e v e r e c h
s e v e r e m
s e v e r e
s e v e r
s e v e r
s e v e r ů m
s e v e r u
s e v e r u
s e v e r ů
s e v e r u
s e v e r y
s e v e r y
s e v e r y
s e v e r y
z á p a s e c h
z á p a s e m
z á p a s e
z á p a s
z á p a s
z á p a s ů m
z á p a s u
z á p a s u
z á p a s ů
z á p a s u
z á p a s y
z á p a s y
z á p a s y
z á p a s y
i n f o r m a c e m i
i n f o r m a c e
i n f o r m a c e
i n f o r m a c e
i n f o r m a c e
i n f o r m a c e
i n f o r m a c e
i n f o r m a c í c h
i n f o r m a c í m
i n f o r m a c i
i n f o r m a c i
i n f o r m a c i
i n f o r m a c í
i n f o r m a c í
p r o v o z e c h
p r o v o z e m
p r o v o z e
p r o v o z e
p r o v o z
p r o v o z
p r o v o z ů m
p r o v o z u
p r o v o z ů
p r o v o z u
p r o v o z y
p r o v o z y
p r o v o z y
p r o v o z y
p r o s t o r e c h
p r o s t o r e m
p r o s t o r e
p r o s t o r
p r o s t o r
p r o s t o r ů m
p r o s t o r u
p r o s t o r u
p r o s t o r ů
p r o s t o r u
p r o s t o r y
p r o s t o r y
p r o s t o r y
p r o s t o r y
h i s t o r i e m i
h i s t o r i e
h i s t o r i e
h i s t o r i e
h i s t o r i e
h i s t o r i e
h i s t o r i e
h i s t o r i í c h
h i s t o r i í m
h i s t o r i i
h i s t o r i i
h i s t o r i i
h i s t o r i í
h i s t o r i í
p r o j e k t e c h
p r o j e k t e m
p r o j e k t e
p r o j e k t
p r o j e k t
p r o j e k t ů m
p r o j e k t u
p r o j e k t u
p r o j e k t ů
p r o j e k t u
p r o j e k t y
p r o j e k t y
p r o j e k t y
p r o j e k t y
c í s a ř e m
c í s a ř e
c í s a ř e
c í s a ř e
c í s a ř í c h
c í s a ř i
c í s a ř i
c í s a ř i
c í s a ř i
c í s a ř i
c í s a ř i
c í s a ř
c í s a ř ů m
c í s a ř ů
n á r o d n o s t e c h
n á r o d n o s t e m
n á r o d n o s t i
n á r o d n o s t i
n á r o d n o s t i
n á r o d n o s t í
n á r o d n o s t i
n á r o d n o s t í
n á r o d n o s t i
n á r o d n o s t i
n á r o d n o s t i
n á r o d n o s t m i
n á r o d n o s t
n á r o d n o s t
d i v a d e l
d i v a d l a
d i v a d l a
d i v a d l a
d i v a d l a
d i v a d l e c h
d i v a d l e m
d i v a d l o
d i v a d l o
d i v a d l o
d i v a d l ů m
d i v a d l u
d i v a d l u
d i v a d l y
d o p r a v á c h
d o p r a v a m i
d o p r a v á m
d o p r a v a
d o p r a v ě
d o p r a v ě
d o p r a v
d o p r a v o
d o p r a v o u
d o p r a v u
d o p r a v y
d o p r a v y
d o p r a v y
d o p r a v y
m ě s t a
m ě s t a
m ě s t a
m ě s t a
m ě s t e c h
m ě s t e m
m ě s t ě
m ě s t
m ě s t o
m ě s t o
m ě s t o
m ě s t ů m
m ě s t u
m ě s t y
p o b ř e ž í c h
p o b ř e ž í m i
p o b ř e ž í m
p o b ř e ž í m
p o b ř e ž í
p o b ř e ž í
p o b ř e ž í
p o b ř e ž í
p o b ř e ž í
p o b ř e ž í
p o b ř e ž í
p o b ř e ž í
p o b ř e ž í
p o b ř e ž í
v ě d e c k á
v ě d e c k á
v ě d e c k á
v ě d e c k á
v ě d e c k á
v ě d e c k é
v ě d e c k é
v ě d e c k é
v ě d e c k é
v ě d e c k é
v ě d e c k é
v ě d e c k é
v ě d e c k é
v ě d e c k é
v ě d e c k é
v ě d e c k é
v ě d e c k é
v ě d e c k é h o
v ě d e c k é h o
v ě d e c k é h o
v ě d e c k é m
v ě d e c k é m
v ě d e c k é m u
v ě d e c k é m u
v ě d e c k o u
v ě d e c k ý
v ě d e c k ý
v ě d e c k ý
v ě d e c k ý c h
v ě d e c k ý c h
v ě d e c k ý m
v ě d e c k ý m
v ě d e c k ý m i
v ě d e č t í
v ě d e č t í
s p o j e n í c h
s p o j e n í m i
s p o j e n í m
s p o j e n í m
s p o j e n í
s p o j e n í
s p o j e n í
s p o j e n í
s p o j e n í
s p o j e n í
s p o j e n í
s p o j e n í
s p o j e n í
s p o j e n í
z e m ě m i
z e m ě
z e m ě
z e m ě
z e m ě
z e m ě
z e m ě
z e m í c h
z e m í m
z e m i
z e m i
z e m i
z e m í
z e m í
p ř í j m e n í c h
p ř í j m e n í m i
p ř í j m e n í m
p ř í j m e n í m
p ř í j m e n í
p ř í j m e n í
p ř í j m e n í
p ř í j m e n í
p ř í j m e n í
p ř í j m e n í
p ř í j m e n í
p ř í j m e n í
p ř í j m e n í
p ř í j m e n í
a k t i v n í
a k t i v n í
a k t i v n í
a k t i v n í
a k t i v n í
a k t i v n í
a k t i v n í
a k t i v n í
a k t i v n í
a k t i v n í
a k t i v n í
a k t i v n í
a k t i v n í c h
a k t i v n í c h
a k t i v n í h o
a k t i v n í h o
a k t i v n í h o
a k t i v n í m
a k t i v n í m
a k t i v n í m
a k t i v n í m
a k t i v n í m
a k t i v n í m i
a k t i v n í m u
a k t i v n í m u
p r e z i d e n t a
p r e z i d e n t a
p r e z i d e n t e c h
p r e z i d e n t e m
p r e z i d e n t e
p r e z i d e n t i
p r e z i d e n t i
p r e z i d e n t
p r e z i d e n t ů m
p r e z i d e n t u
p r e z i d e n t u
p r e z i d e n t ů
p r e z i d e n t y
p r e z i d e n t y
h r a n i c e m i
h r a n i c e
h r a n i c e
h r a n i c e
h r a n i c e
h r a n i c e
h r a n i c e
h r a n i c í c h
h r a n i c í m
h r a n i c i
h r a n i c i
h r a n i c i
h r a n i c í
h r a n i c
č e s k o s l o v e n s k á
č e s k o s l o v e n s k á
č e s k o s l o v e n s k á
č e s k o s l o v e n s k á
č e s k o s l o v e n s k á
č e s k o s l o v e n s k é
č e s k o s l o v e n s k é
č e s k o s l o v e n s k é
č e s k o s l o v e n s k é
č e s k o s l o v e n s k é
č e s k o s l o v e n s k é
č e s k o s l o v e n s k é
č e s k o s l o v e n s k é
č e s k o s l o v e n s k é
č e s k o s l o v e n s k é
č e s k o s l o v e n s k é
č e s k o s l o v e n s k é
č e s k o s l o v e n s k é h o
č e s k o s l o v e n s k é h o
č e s k o s l o v e n s k é h o
č e s k o s l o v e n s k é m
č e s k o s l o v e n s k é m
č e s k o s l o v e n s k é m u
č e s k o s l o v e n s k é m u
č e s k o s l o v e n s k o u
č e s k o s l o v e n s k ý
č e s k o s l o v e n s k ý
č e s k o s l o v e n s k ý
č e s k o s l o v e n s k ý c h
č e s k o s l o v e n s k ý c h
č e s k o s l o v e n s k ý m
č e s k o s l o v e n s k ý m
č e s k o s l o v e n s k ý m i
č e s k o s l o v e n š t í
č e s k o s l o v e n š t í
p o l i t i c í c h
p o l i t i c i
p o l i t i c i
p o l i t i k a
p o l i t i k a
p o l i t i k e m
p o l i t i k
p o l i t i k ů m
p o l i t i k u
p o l i t i k u
p o l i t i k ů
p o l i t i k u
p o l i t i k y
p o l i t i k y
p r o g r a m e c h
p r o g r a m e m
p r o g r a m e
p r o g r a m
p r o g r a m
p r o g r a m ů m
p r o g r a m u
p r o g r a m u
p r o g r a m ů
p r o g r a m u
p r o g r a m y
p r o g r a m y
p r o g r a m y
p r o g r a m y
v e d o u c í c h
v e d o u c í c h
v e d o u c í h o
v e d o u c í h o
v e d o u c í m i
v e d o u c í m
v e d o u c í m
v e d o u c í m
v e d o u c í m u
v e d o u c í
v e d o u c í
v e d o u c í
v e d o u c í
v e d o u c í
s l o v e n s k á
s l o v e n s k á
s l o v e n s k á
s l o v e n s k á
s l o v e n s k á
s l o v e n s k é
s l o v e n s k é
s l o v e n s k é
s l o v e n s k é
s l o v e n s k é
s l o v e n s k é
s l o v e n s k é
s l o v e n s k é
s l o v e n s k é
s l o v e n s k é
s l o v e n s k é
s l o v e n s k é
s l o v e n s k é h o
s l o v e n s k é h o
s l o v e n s k é h o
s l o v e n s k é m
s l o v e n s k é m
s l o v e n s k é m u
s l o v e n s k é m u
s l o v e n s k o u
s l o v e n s k ý
s l o v e n s k ý
s l o v e n s k ý
s l o v e n s k ý c h
s l o v e n s k ý c h
s l o v e n s k ý m
s l o v e n s k ý m
s l o v e n s k ý m i
s l o v e n š t í
s l o v e n š t í
p o ř a d í c h
p o ř a d í m i
p o ř a d í m
p o ř a d í m
p o ř a d í
p o ř a d í
p o ř a d í
p o ř a d í
p o ř a d í
p o ř a d í
p o ř a d í
p o ř a d í
p o ř a d í
p o ř a d í
v ý z n a m e c h
v ý z n a m e m
v ý z n a m e
v ý z n a m
v ý z n a m
v ý z n a m ů m
v ý z n a m u
v ý z n a m u
v ý z n a m ů
v ý z n a m u
v ý z n a m y
v ý z n a m y
v ý z n a m y
v ý z n a m y
z á k o n a
z á k o n e c h
z á k o n e m
z á k o n e
z á k o n
z á k o n
z á k o n ů m
z á k o n u
z á k o n u
z á k o n ů
z á k o n y
z á k o n y
z á k o n y
z á k o n y
d i v a d e l n í
d i v a d e l n í
d i v a d e l n í
d i v a d e l n í
d i v a d e l n í
d i v a d e l n í
d i v a d e l n í
d i v a d e l n í
d i v a d e l n í
d i v a d e l n í
d i v a d e l n í
d i v a d e l n í
d i v a d e l n í c h
d i v a d e l n í c h
d i v a d e l n í h o
d i v a d e l n í h o
d i v a d e l n í h o
d i v a d e l n í m
d i v a d e l n í m
d i v a d e l n í m
d i v a d e l n í m
d i v a d e l n í m
d i v a d e l n í m i
d i v a d e l n í m u
d i v a d e l n í m u
p o z i c e m i
p o z i c e
p o z i c e
p o z i c e
p o z i c e
p o z i c e
p o z i c e
p o z i c í c h
p o z i c í m
p o z i c i
p o z i c i
p o z i c i
p o z i c í
p o z i c
b á s n í c í c h
b á s n í c i
b á s n í k a
b á s n í k a
b á s n í k e m
b á s n í k
b á s n í k ů m
b á s n í k u
b á s n í k u
b á s n í k ů
b á s n í k u
b á s n í k y
b á s n í k y
b á s n í k y
s e z n a m e c h
s e z n a m e m
s e z n a m e
s e z n a m
s e z n a m
s e z n a m ů m
s e z n a m u
s e z n a m u
s e z n a m ů
s e z n a m u
s e z n a m y
s e z n a m y
s e z n a m y
s e z n a m y
z p ů s o b e c h
z p ů s o b e m
z p ů s o b e
z p ů s o b
z p ů s o b
z p ů s o b ů m
z p ů s o b u
z p ů s o b u
z p ů s o b ů
z p ů s o b u
z p ů s o b y
z p ů s o b y
z p ů s o b y
z p ů s o b y
c e n t e r
c e n t r a
c e n t r a
c e n t r a
c e n t r a
c e n t r e c h
c e n t r e m
c e n t r u m
c e n t r ů m
c e n t r u m
c e n t r u m
c e n t r u
c e n t r u
c e n t r y
p o l i t i c k á
p o l i t i c k á
p o l i t i c k á
p o l i t i c k á
p o l i t i c k á
p o l i t i c k é
p o l i t i c k é
p o l i t i c k é
p o l i t i c k é
p o l i t i c k é
p o l i t i c k é
p o l i t i c k é
p o l i t i c k é
p o l i t i c k é
p o l i t i c k é
p o l i t i c k é
p o l i t i c k é
p o l i t i c k é h o
p o l i t i c k é h o
p o l i t i c k é h o
p o l i t i c k é m
p o l i t i c k é m u
p o l i t i c k é m u
p o l i t i c k o u
p o l i t i c k ý
p o l i t i c k ý
p o l i t i c k ý
p o l i t i c k ý c h
p o l i t i c k ý c h
p o l i t i c k ý m
p o l i t i c k ý m
p o l i t i c k ý m
p o l i t i c k ý m i
p o l i t i č t í
p o l i t i č t í
f o t o g r a f a
f o t o g r a f a
f o t o g r a f e c h
f o t o g r a f e m
f o t o g r a f e
f o t o g r a f
f o t o g r a f o v é
f o t o g r a f o v é
f o t o g r a f o v i
f o t o g r a f o v i
f o t o g r a f ů m
f o t o g r a f ů
f o t o g r a f y
f o t o g r a f y
o s t r o v a
o s t r o v e c h
o s t r o v e m
o s t r o v ě
o s t r o v e
o s t r o v
o s t r o v
o s t r o v ů m
o s t r o v u
o s t r o v ů
o s t r o v y
o s t r o v y
o s t r o v y
o s t r o v y
m a n ž e l s t v í c h
m a n ž e l s t v í m i
m a n ž e l s t v í m
m a n ž e l s t v í m
m a n ž e l s t v í
m a n ž e l s t v í
m a n ž e l s t v í
m a n ž e l s t v í
m a n ž e l s t v í
m a n ž e l s t v í
m a n ž e l s t v í
m a n ž e l s t v í
m a n ž e l s t v í
m a n ž e l s t v í
u d á l o s t e c h
u d á l o s t e m
u d á l o s t i
u d á l o s t i
u d á l o s t i
u d á l o s t í
u d á l o s t i
u d á l o s t í
u d á l o s t i
u d á l o s t i
u d á l o s t i
u d á l o s t m i
u d á l o s t
u d á l o s t
r e ž i s é r a
r e ž i s é r a
r e ž i s é r e c h
r e ž i s é r e m
r e ž i s é r e
r e ž i s é ř i
r e ž i s é ř i
r e ž i s é r
r e ž i s é r ů m
r e ž i s é r u
r e ž i s é r u
r e ž i s é r ů
r e ž i s é r y
r e ž i s é r y
r a k o u s k á
r a k o u s k á
r a k o u s k á
r a k o u s k á
r a k o u s k á
r a k o u s k é
r a k o u s k é
r a k o u s k é
r a k o u s k é
r a k o u s k é
r a k o u s k é
r a k o u s k é
r a k o u s k é
r a k o u s k é
r a k o u s k é
r a k o u s k é
r a k o u s k é
r a k o u s k é h o
r a k o u s k é h o
r a k o u s k é h o
r a k o u s k é m
r a k o u s k é m
r a k o u s k é m u
r a k o u s k é m u
r a k o u s k o u
r a k o u s k ý
r a k o u s k ý
r a k o u s k ý
r a k o u s k ý c h
r a k o u s k ý c h
r a k o u s k ý m
r a k o u s k ý m
r a k o u s k ý m i
r a k o u š t í
r a k o u š t í
t e o r i e m i
t e o r i e
t e o r i e
t e o r i e
t e o r i e
t e o r i e
t e o r i e
t e o r i í c h
t e o r i í m
t e o r i i
t e o r i i
t e o r i i
t e o r i í
t e o r i í
m í s t a
m í s t a
m í s t a
m í s t a
m í s t e c h
m í s t e m
m í s t
m í s t o
m í s t o
m í s t o
m í s t ů m
m í s t u
m í s t u
m í s t y
p ř e d s e d a
p ř e d s e d e c h
p ř e d s e d o
p ř e d s e d o u
p ř e d s e d o v é
p ř e d s e d o v é
p ř e d s e d o v i
p ř e d s e d o v i
p ř e d s e d ů m
p ř e d s e d u
p ř e d s e d ů
p ř e d s e d y
p ř e d s e d y
p ř e d s e d y
a k a d e m i e m i
a k a d e m i e
a k a d e m i e
a k a d e m i e
a k a d e m i e
a k a d e m i e
a k a d e m i e
a k a d e m i í c h
a k a d e m i í m
a k a d e m i i
a k a d e m i i
a k a d e m i i
a k a d e m i í
a k a d e m i í
p o h o ř í c h
p o h o ř í m i
p o h o ř í m
p o h o ř í m
p o h o ř í
p o h o ř í
p o h o ř í
p o h o ř í
p o h o ř í
p o h o ř í
p o h o ř í
p o h o ř í
p o h o ř í
p o h o ř í
d o l a r e c h
d o l a r e m
d o l a r e
d o l a r
d o l a r
d o l a r ů m
d o l a r u
d o l a r u
d o l a r ů
d o l a r u
d o l a r y
d o l a r y
d o l a r y
d o l a r y
a t f e c h ě
a ř e a r á d e č u ž b u l k ů m t a r á y
č l e n a s e m é
ě ž n í c h i
l e b t e n a ř i
á z v e p o z i á c h
p a d y
d l e u s k é m e c k á c h
p a s u d a t e í c h v y
h r a n i
s h s i k t i n á m ě é h o
e m í m k o u s
s t ř t m i r a v ě é
ě r ů o p a d e k
e r y l k u u
c k ý c m i í c i
m á ž ř e z n m
o s t ř t o p a
s a ř m o c e m
t v b y v a
r m a í s t e
n í m i s e c i
r i i z á o u s k v ě d
a r y e l ů m n u
ě t n a t a n i u
b n í c ě m e e c h
e s y m á d á y
a r t a v a v n i
a v b u s t ř e v e r y m
i k e m o d i č t í
e r e r o s m i
a v e b d o u c t k u y
d e e n o e
í s t ů č a s i v a d i
o l b y s e d ů y
f o v i í m y
d o k o s l e s ů á p č t í
k e m í
a m á s l u ž á p a s
i k á m m i i ě s t e
á z v ů e l n t ě ž é
t v í c p ř í j m i
v í m i i
n k a n e c h é r y i
r o v o k é h o m ě r ů
p r a
e u d ě n í e
ě t n ů t r ů u ž b i
á t t ů d e t n e m i
t i k a n t y m ů m
e s e m č t í y
e r ů l e m é r y u
m i s z a c i y
a n y e k t e
u n i v y
t a m é m ů c ů
o t k a
o v o z d í
v í m i z n u v e s n
s i n e z n ů o d n o k t e m a s t í o
t e c t a r o t i k y e m
m i i s t y
u z t a v e d ů n í k a o t e c m u
í h o l b y i s p r o v ů m
e r ů m e m
o r u ž e a s e m e
r a n o m e c k á m ě s y
a d l y v n ů m u
k y t a á k o n á t c e í m
t ě s y s p ř s ů m c h
o b í t i c i e í c k á c h
r ů o u c y
n é m u s n é h é m
t r e m t é m u m
ě t š i č e r m á s t e s n é h y
d ě n í m i s t á
l u ž s é r a m
n ů m ě t n d e b n t o u o b d e t r e u
ž e é
o t k u č a s é
s é r u ě n ě r ů a n e u
r a n y i k á m c e l e š t í
v e s t n a s ů m
t r á n y
z n e e s k u s k é m
v e d o e n t i y
ě ž e m á t e v ě d e á d á m
i t o u a f o v a r o é
e l n í á ž e z n y a
k t m o c l
s p o j á z v e e c h
o g d e m s e z o l é
n e k e l ů n i c i
a d l e i n y m u
l a r ů v e s n
i č e l n í l k e m
r e ž i l í c h í c h
t a r v s t n á r y
l a z u y
č e s k ě r e a v o u u
s t r v o l e
a t e m í s d i n e l
í k e á s n z e u ě ž e é
y t a r e t ž i v a d e l o ž n e t
b í o n u v n ě i
o b ů u s k é s e ž b o o
s t ě r i i e m ě y
k o s k t u c h
o d n o m
u ž b a ž i s o s t í
s k é e í c h o
l k z i
b l i c u ž r á n e á t k a a r y y
ř í j m o s t r b o u t o g n e c v o l
á t c e y s t e m
ě t n e t v ž b o j e a
m ě r ů c í c h
c e n t o p a d
d o v á
e d e c y
r z i t
a r l a n e t e
v n e m y
a l s t r á e t
o u s k z d š t í
l e n y
f e s t í é h o
t y n t r y
z e c ů s o o u t a
a s n á s k ý o
e m i i i i s l o n ě
d o b j e k e z c e m i n t e r e d í u ž e b á c h
o v e m z á k o
v e ň t a ř e u
á t k á s k m
o c e e t z e e m u t m i
n é h o é h o y
e l a f o r m e z n e d s e r e s u á t k á m i
s t e z i c í á s n e c h
d e b l o m e é
z i t u t r a n č t í
o d n z ů m z e í m y
e l a z e v n c e m i l o m l e n e d l u
e n t ů č e c k ý u
k t u e ž í c
e ž í c á
r u n t e m o l i
n ů m a m e m l í z e e m a
t á c á ž d ě í s t y
s k é h t n e c b í m i o u
v n í i
n á z s t a v d l i e
s p o j é
k é m u o t ů m e c h
s é r ů l a r ů
t a l i e l e k y
b l j m e á n k
ž í l a m z á p a i
e n t e r z d í l b o u
h r a n n o v é m
l i k o v b á c m
v n e m n f ů m
z e u n o s l i t u d á l c í c h
t o r ů z e u á c h
t ě ž i
r m a m
o l b á ě n v a a v n ě y
o s l o á m
h r o e l e m
p o j y
o b e m z e m i
r e s ů
t k á m o l i i
e í a r a d í l m
e í m
t k á m t i b í c h z e m i t é m y o t k u
c ů i c k ý é
t a v
v a m z i a s n é
n k y k é h e d n y
s a k ý m
a n a m a v b ě m á t e a
l i k a k v ě m o o z l e m e
s a ě ž m n o ě t n a l i
o l b o o u š e m
o n ů m m e n á r
v o z y s k o u a f e i v a d
é r u y
e n e m d í l u e
ž b y e o r m i s t ě n á r b á e c h
e d s e e m
v n ů m s a ř e
g r a m n t r a o u
é m e y v a t i
ě s t a ě ž i é
r e c n o
o z u n ě m i c h
í k ů m o u s ů
n í k u o b e m u
l i k u v o t y v b ě y
u ž b a í h í c h z n u b í m ě
n o s t ě s t ů u t m i
u ž e b d e l f e c n e c i k e s l u m
r i í c e l y y
r o v ů a d u í l n e m
n c ů m o c e m é ř i
r o v e s m r o d y t l a v n ů
e n í m é h o
a n a s t a t k o n b y v a n á c h e m ě h o
d o v u r v n u r o m i
c í s a á p s i n e r e s ů o v s t o u
z a c í t e l i f o t o i
v b y o l e b n e m e
s t e l e d e
t í m r v u
á d k ů m v n í c t i k a i
r a n á i t o m u
é m e e d e š i n á e m
y v a t l o s s u u ž b n e c h
v a m i n o š t í
o b d t i k z e n d n
t é m ů
n i v e í z e n á m
o t e r o á d o u o s t e a r o a v á m c i
e m í c u b l i r v n y c e
t r á n s y s y
z n e d n t á c h f ů m
t á c á t c e á
o v o z u z e í é
á r o n t ů l a m o d i é h o
i z n u e ž í v a d m u
ě n n s k l c e s n i u
ž e m i y
a ř ů u c í m n o v é
v a d l f o r m e á
i t i t ů m a c
f o k r e s m
v e ň z v ů z i t
í j m e í z e s l n e m y
d a t e m i
t v í m b í c h m i
p a d ů a d l e h o ř í t r a z v e m i
n i z a u
í l y t n e c n e c h
z n e u
p u b r e s y d e n
d l o a ř n y b e d o s t e z n e í s t ů y
i t u e t r ů á t k y é
s t o p s t ř o ř a á c h
p o l i e v e r í
l e b n ž e l n t r ů m
v í m p r m á t e
v n e c á n k o s k é s e c h k y
i č t y s t é o n e m n é h n u c k ý š t í
n ž e l i í e n e o b d m u z e e s k
d e c h e ž t v n í m u ů m
m e c i n m
l i k o v b
d n o e m
d o v i v n t é ů m
p a s u o c i č e ů
z e u m b a m i v e b i
a m y r a m i k y
d o v o v í m i e
o r e k ů m a d e m e
á d u l b ě y
c i i l o s k é m š t c h
n e o r ů r o s m
s p n o ž é
d l a o n e z v ů m v s t
k v ě ž s n e š o r i d y c í h b á s n c i
r o v u e t r e c e
l e n e p a d u n í m i e
y t a ř y
n t r u é r e n o u o
r g a n
a d í c y
z v ů f e ž i s e ž i s
a s n ý h r a
b ř e ž t r o v p o z i ů
a n ž e
j e n á
e n y z d í r l a m p r e
l b u z e í a k t e m
ř a d m e n t m ů m
m o o t k o u n i t i k a b á c h
á k e z i v ě t i
r e s y e z n e i c k é á
á s n í t r ů m y
a s o n ů m u
s n é e í c o v á c l i
z a c í é
ř í c v i a
y s t é l
m e c h r á l y
e l i o b ř
r o s i n é m m i
m ů m l e n a i d e n o
a d e n s k y
a v c e m i u
s k o u i z a c n a
s t i t a ř ě
á k o o r é
l c í r e c č e y
d i n a s é ř i i
o u s s n í e t r y á n k o d e b n n í k y
t á s n é h d e c k
u d á l v e c h
é r e m n á z e
e d n á k m ě s t
r a n a r á n e y
p a r ý z n a u
n k ř í j y
z n e m e č t č t í
í l ů b e m e z e n
j m j e k o u š í m
m á ř e ž c h
p ř e m o c í é
ě d e č í h v e r á
n ž z n y j e n z e i ř i
ů s o b r e m
e n š t m á d y
b á s z p ů s k ý m i n ě
k é m u n e
l e c h r a n ě m a c y
í s t a t v á m ě s m
t o r y n é á c h
t ř e y
v n í n ě m i z n u a
b á m š i n o y
t r e č l v b á c z i d e m
d ě n í e
j e k t u d e ů
t é e m i i o j e k
t v l ů č a o l e b u
m e c á z v y z e c c e
é m e d o v a n i z a i n c e č e m
r o d i o l b c h
m i í m i e a m ů
s t o p o z i r e s u r o v ů t ů m y
í l e m t v í m
e č t d l ů o u
r o e s ů n ě m i
a v y g r a o v e c a d e m b í c h á m
e d ů m o z y y
s e m e d u l
d o v y o ž s t
v n e i k á á d u ě
e a t í v n u ř í
s o b y e d n o z d d o v
m á t c u
z n e m v a m a n i l i
s n ý m e m
e d a v s t v
a s ů m č l e n e d í m ě
n t ě ž i y t o u
e u m ě
a d l ů í c í c h
s n é d ě n
t i c í n ů
l o v e n š t l n í h
t í c e c k ý e c h
i c í c n í h o ě
ý z n z v e c n e c í m
t i k o ů m
é r u b d o b á
í k ů e c h
t r u m z e u k o u š ě
ž b r a v o o t c e
z e e m y
r a f o u
d o v é m i
e í m b í m i í
o l b a á t k o o u
s e d e n i v í s t ů y
k t o p r a a s ů
l a v e l é n y
z e a i c o r e c š i n u n f o r y
k é h s t e c e l k e y
u z e í s k ý m š i n u
z e m í a s ů e l k ů o u
e a s n i c u č c h
h u n e m e s a ř ů a
e p u b n f o r í
o v s n o s r i e é
h l a e ž í m l e n o u
c í s u s k á
u ž e n s k ý h u d e c h
z e m í s n í c n e m
m e c h t é m e
s é r ů
l o s
i t n i v e s n i c y
t ř e d p o m ů
i t o y
t i č e s e m r o s é h o
s a ř í e o r i y
p a s u o c b o u v í c
á z v e a
á c á k o t š i
a n á m e c h
e l z i č l e y
o u c í i z a á k o n i
i v e r o v e e c h
s n í m i
u č á t k o z i á t k u
d e m i t a l l k ů á m
z v ů o u č a d i n a u
e k t e
m e n s e c h d o v á u z e m i
n ý c h p o l p o l i e l i é m
i s é ř a k t é m u d á l u z u s k é m e m
i n a i n u é
p a r u c í d e č t ě
o b í m l o v č t e m
n s é m e c t r ů m
l n í m p r e
d ě n í e d y n y
o b l e k h o
a n i c e m
r o g a r a m t a r a
r o z d é r ů h o
b e t i k o y
l n í c d n o u
o n a h o
t n f y á d á c e
ě r u č a s n u
n ě m e o m o k t i v á m
b u d í z e v n y v o l s t m
m á d y a s n í ě ž e d o í k ů l e k í
t ě ž i i t u
i n a k o n
e n t e d í c ů
o u t r a m z á k i t a o t e m b l c k á m
n í m u ě t n u k l a d u
o b ů m v b á c h
l í ů m
o v a o s t í o g r a é
n a m u ý z á c h
t o r i b n í c n y
a d a t m i í o t k a u
á t k á d l ů m
t o r s u a l i u
t k o é
e v o ř a d u
s o b e z v y e
o ž s
r a m y s k l s e m u d e b a k o z ů m c h
s h r a v o o u č a i
b ů m a n ž ž b á c z v e m v a n í k u
a r á c o b ů m l c
ě r e c u
o m e t d i n y
é m e m ř a
á d u á t e c h
ř e d s m á d u o t e á m
i d e t e u
o d n o z i t f o t o r a f o p ř e d m i
g a n i o b í c o b e c e c h
t i k o s m ě r ž b a e m
l u ž e i k ů m y
á s n í í s t a d o b í
d e n t e y
á n z á k o ě
a d í j m e á t c e
z i t á é
ý c h í z e n é
p ů s o t o p
t n u i v n í y
n s k ý á z e r m á y
s m ě r o j e k s e d o s é ř i m ě r y é m
á n e k é r ů m e o r i z n ů m í
d á m d e l n l a d a a r e m a s ů m d e m é
t a m i t é e n e m
n c ů i k o b á c h m i
t a n e e k t c i
e t r e r e s y p o j á m
t i k ů o z d s e z
o v ů é
ě m t a m i m i
e l e k í l s t u
v ě t e o u s k t r a n e z i d t a z i t á í
z e u m
ř e z e m ě y
s é ř i n í
r á l n ý m i t a r o e m
ž d ě t r a n o n u e c h
b d o t k y r o v ě o u
r a n u s m ě
č a s y
d o s ř e m e r v e y
n i v e u z e i n í h o
ž b á v í m i z v u y
a c i a k t i v a t y
é ř i ř í c k e o t k á o t k a
u z e t o p a
n e v e r z v b u ě
i c k k o s n í c h
á t e á t k o é m
l k n o s t n ý m r á n
d s e d o n ů m e
i v e v b a m ů
z n e m ž b o u e n t y
s o u é
z i t u
v b á m r ů m t ř e d n ů
a s ů m i
á p í j m e a s n í n t e n i c d i n u
m á d y e d í á
l u ž e r v e c h
g r u ž b o h o ř a
k ý m á t c u
o n a u s k o y
e t r k ů m h r o m i c e s t é e b n í
i n c ů
ě t e l b o u l e n u é
l b á m z v e á c h
á d á c ě r e e t e
o d i n e d e c í m
l b u s m ě r e r e c n ě
o h n ý y s t é e c h
p o ř r e p u n ž e l e m
p o ř v a m i á n k a i
i k y k i h u d e i
á z v ů t a v b
á n e k j e n a v e k o s l d á c h e z n ů é
r m a c í k ů c i
e v y t a m o c e
í j m ě r j e k é
d e n t z i y
o r i i b u d m
n u a v e b t ě ž í
i t z a ř í c h
d o u c a d a t č t í
o l b u o d n o í m
u s k ý t a r a
d o v u o u š o v é
n o v é e d y k á c s o b h o ř í y
m e c h s t
a s n o i
e n e n ž e d o l a i
e t r y é m e m m
d a t p a s u n s k á y
o v s t d o l k v ě t n s k
f ů e m í c u
a s e m s t e c í m
e s e m p u b l u d á í c h
m ě r ů o r i i
t e m e r u
ř í á m n í c h z p m i
z e m i ř e d í e
t v í é r a o v t o r e c h
f ů m o v e c o z e c é r e s h r i
f o r s a z i t ě o b y ů
n ě m e á s n i
v a d l d s e c e l e
t é m á z v e ě t e
k t i p a m
l e n ů s n í n á z v e n š ě r e n y
á k o n a v ě k e m
n t í h o ě s t ě m
o t y d i n l a r e
t n u t i v á p h u d e i
e z e a n e s e d u
n k o z i t a p o b
e s k c í s o b e c é m
p a m í j m e
s t e l z v u s é r e
t r e c o u
a v n l e c m ě s t s t í r a m u m i
m ě í c h
m y u t ě ž u
i k o ž b a z v ů m v ý z c k é ý z
e n s m í c a r l u z e y
e v e o t k o n f o r ý m i š t í
z i t y á d o u ř i
l o v e n í m
s k é m l i k o
b ů m p a d ů s t a
r i í v b á m t a r o y
t e l r o s z n e c i
o b ř e f e y
o d l u ž y
o v u t a ř e l i
ž i v ř í m é
o c í m í k e m é
n ů m r á n é m u
o v ě á z v ů l i
r i í c s t e m y
e t r y a m i m
r o s i o s t i ž b y
v ě e n t a c i
e n y v e n s a
ž e m i
m i e m y
o l e d e l z i c í k y
s a ř i m u ž b ě p r o v e l k u
l b a a r l m e n t i
o t k y p ů ě d e c i
a n o u í c h
m í m r á n r i e m v y
t a t s h i
n á m ě i t u ů m
i d s h r o d e c b á s n k y
í l e p r o g e c h
k t i v a d d í c h ř a d í
i v a r o v ě ů
č t í ů m
n o b l a i v e i n a m á d ě
m i e s t é k a
p a m á í c h
s e v e u
k ů i k y m i s ě t n e c k o u u š v i u
i t u l e n y y
d e c k t e l a é m
k á c h
d o s c k o u
k é m u o
a r e c m i e m e r v e b ř a c e m s n ý n ů m
e l s
v o t í m o h o í k y
í s i z i s é r n s k ř í c h
o t c o t k o o n a é
d o v é o v a m n í h y
t é m ů ě n í m ů m
k t ů s é r a c h
i s t z e m ž í m o
o s t í e t r u
c i ž b ě é m u
s n i i
v b á e n e a s n í é
é r ů t a t t r a n ř i
r a a v b ě á k o n c e
e z n y a n i c i
k i l h i o ž s í z m i
e í m o u
u m e n t y á
r o v v o z e c h
p ř v ě d u z á n í c h
a ř ů e n a e m
p u b l m
b ě a s e y
r o v s l k n í c h
n s k á u
a m á t n š b á c h m i
v o t ě e b
u z e e u
i l l e k m e m
t r u n i c o r m y
n í c r a v i
ě t n y m ě i
k y t a t i k ů b n í c u
á c t o g e c h
e r ů o m e t r ů š i n y e m
h r o s t ů m i s o b e m s ů v ě t n i í c h c h
t e c n í k y ě
t o u n o t k k y t
r e p y t a i c k ý k y
i n c e n y
d a b a m i i n e t i k u e
v b o u v a t e o u
l e m k t u o t e k p r m í m o v t n a í
á m n s t é m y ě r ů ě
a s n u
o b d o u
o j e é h o i n á m o
r v e e n í c a
s y l o v e ů
a v b ě n ý m o u
s t ř e d a t m á d y
m ě o r i
á d u
i t i č e
í c h k é m u c e
o b e m u n i v a
d í c o b l a a
v b o u o t ů m p u
o z r i í m h i s t n o s t p u d á i
m á d u l e n o n e t
e r e c a v b a b l i h o
k l s o u t a n ž
n t r o z d í m i
b u é m e a n i y
s n i e n o r z i t a n ž n a m y
n k á é r t i c í
o m o y
e l k e o ř r a m y
a v e r e ě s t u
r l a m á m
a d l ů p o m o i
m i i z a c í
l u ž b r e s e
v o t a á t í s t o k ů
e t r u z e u h i s t
ě r y i t a m i
a v n i s é r y í
r e z i e m í e r v e ě
b í c h a d l e á m
z i t o u
n t e c z e u m n é h o ě
z i d e u z e c k o c e
ě s t y
t e o m í s o z e c y
l e b v ě c h
í j m e m í í
r l h l a v
b y v e d a á d o u
u d á c k ý m r v n u ě
ž e l y s t ů m
p a s u e l d l e j e d ě r e m
a r a m e
u ž b á ů
a ř ů m k o u a t e y
á z v u n o ž b n í c á c h
o r i é m ů m r o u é
o ř í z e n í
v b ě e s k f o v i í c í c h
e l a ž b á c i
b á s č t í
a m e c v ů m ž s t m í o v a é r y y
n a m o z ů u š e m
r v n y
e l c í a ř ů m o u
e z l ů ů
s t r a e s u d o p r á m
e l k
f a v ů
ž b z e a a m e n u
v ě t n a s t í i
e r z i m n n k d i n u c h
u ž b a h u d e a f y i
r o v n ě m i
a k o u n ž o z d i
l n a m y p r o u
j m e n i n c ů m i
i l o e m ě m y
e n t ů r e c á c h
a ř ů ř a d í m i
r a n y e s ů é r e c á
k t y b u d o
s e d ů n u b á ř í z n u
é h o o n ů m
e n t i
k o n i z j m v í c h c h
č e r v
é r ů m t r u m a v b o ů
a m e v a m i í
n e t e s h m n
ž í m
á c í s t o m i
d á c h e l y n á m ě é
í c í c h r a n b l a í
e ž í
k a d é r y e r u ž b o
z i t y e n e m á ž d é
c e l k n o t c y
u ž b d e c h ů
t r u m s t a n v e m
b d e m í c d s e k o n e c h
ě r e m m
e č t e č t v n ů m u
c e l e m i
š i n ě d o v ě y
i s t o b á s n e c h
o c m e n í í c h
t a n e m
u s é r y j e k m
z e u m á c h m i
ě r u z e e o b ů y
o b í m y
k é h c h
í s t y a ř e i c k o c h
o r g ě m i k ý c h i
o s t d e č t u
a n ě a m á á c h
r e s u f ů n a m ů í
d o v u m e n í á k c h
e l k o r a t e o s i n
o b í j m n á z e
d a t e z i u
á n v á c h s t a n ý m i
o b d t n e m
e n e m s k l a i
m á d y o t k á u d o v i
n t e r d i o z u t a o
s o u b y n f
n a b d o o u n t ů e l s y
u s k o
s n í c s é r ů n t r a t a ř e e
k a m i v e b m e č
i k ů m o l b o p a s u é
p o h o ž e t e l y
c í h o r e ž i e r z i u
l o m e e m i
a n á c u ž e b á
s h r o e í m t k e
n t r a t n u o s t r ě
p ř e d o s i n i
í k o u t m ě s u s k ý e n t r á m
s t ř e n f o a d í á
n á o t o
e l n á d o e l ů m m
ě s t u v s t c e n e m
t i k u e e m r v e n m i
á p a n c ů m a r ů m é
r a n y i
i c i e t r y
e t r y p ů s o e n u
z n ů m j e u
s n i i t o u e z n ů
ě t š v ě t š y
ě r i v a p o ř a t e n a
i n e
e m ě l a r o p a d s o b u é
u z e e n k á m c h
k é m a n á m t r á
o m e r o m j m e n
n í k u s l á d á m u
s n ý a
r a n u o j i k e m a
t i m e č t
ě t n ů d o í l e o u
p o ř b o u a
á r o c í m
s é r y ř e d í o v i
d í m i t e l e
a d e c n a
r á n k k t ů m n o u
o v ů m e n í o z e á n k y
í k ů v ě t š l ů
v n í m á d á
i c e o d n s e z m i
l c í
í l e n í m
n á r o a ř e m
l o s t m i
m ě r y e l c v o t u ů
o m o c
d o u c r á m é r e c
v o z z d í t a v e i
n i z i n c i
r o d i k ů r o d n í h á c h
l a s u š t v s t
b e c h v ý é h o á c h
t ě ž i s k é m p o j e e c h
v n m ě r e s t m c e m
t o r y a r e ů m
t k t i c e v a n i z é h o m á d u v b a m y
o c i o g r a á s n
r e p s t o r o k i
o g r r a v u m i
o t k o í c m e t r
ž e m i á c h
m y b u d i n y é
l í v n e c í c h
b n í c z v a f n c e á m ě s r o v y é h o
n á c h m i e m m
p a r l m e č t e l y
á z v y a d l y y
á r m i e ě r u
r e m c í m u á
r o v s h l a í c h t o u s u y
d l e m ě s u
a f e t r u
i n á m a n e n e m a r o ě t n u
p a s u n e
b y v a i n a c i a
o v á o v i h o ř í
s o d l o í s t ů ě
ž í c m á d o d l t e l y
e l ů m n í m i á
o c í m r a f a d n o
a v á m v e s o l b y é m
p a s u š i n u a d e é
t a m i z e í c s y s t á
v o z y n e m e l k e l
e í c ě m e č y
t e l i s k ý é
z v ů r a n i e m
a t e l l u ž b v a d l é m u
b a o m á
i n á m e k t u y
t e n u
e e c k o h i s y
l o o c í m ě r ů í m
ě d e c a ř í z p u y
m í s t á t e
u z e i á d a m a c e v b á m u
e í r e s u é m u
t e l i a m á š t í
b l i k a t e ž s t í m
a v a s é r í s t u r a n á d o p r
n s k é ý z v á m y
o r e m o u
ř ů l i k e c h
n u k a ě s t y í
ř í m i b í m i
k é m p a m i
o t c e ů
e d y í k y o v m í m c h
l i k y e z i i s t o m i
z e e r o g r e t r n e
o ř n i c e í
e í m m á m ě m m u
k o u s m i
é r o u š i k ů m
č a s a r v n u e
e s c ů b a s t o
m o c v o t u í c í c h
n o t k t a v b b d p ů r a k ě s t y
m i e ž e l n o v
d l e c i s é n c ů m i
k r e v u e m
u z e i t c e t á ů
d e m t á c h
k e m v ý z n o u c í y
a c e c k v á n t r e é m
s l u n í c é h o
p u n í k y
v ů u b l i o v á
k o s t m i
d e b d o v i
y s l o l ů c h
o u c i n c l i
o l b y ě s t e é
ž i s é s m r e z d o v i o k r e y
p r o s o t k r e ž i m i
v o z y o s l o r i í m
d e l n s k l a n k o u e m
n á z v
n t i k o j m e n
s i n e t o r i v o z e ě
c í p a m á d o p r é m y ě t š b í m v ů y
d a e l c í c e
m e č t é
f o r m t ř e d í c h
s n á d o v c e m á c h
z n y á d o u o b i t u
n á r o k a m a s t e i
m ě r ů t a t e l e m
o t e c l o v v n í m z e í m d á c h í
t í c v b y í k u c e
s e z n ž í n t y f a h o
l a r e é
r e p u
m i e r e z i y
d o v á t e c
r a m u á d y í
s t m ř e d t a m i k u
s e c h e v e e r
e í c i v n y t a r
c e l c m i
e m e p u m
a d ů m i
i v n í m á d a d o s z v e c
l e n a v n í
s t m i e l e k ů m
ř e ž í
a s n a r á m á m
r o j e í
d i v a t e o r e l y é r e c f e c n u
a c i t a ů m
l i s t e m
i č t í u ž b o a
í m i
z i t u ě t š d i n ě é
o l i c ů m í c h
u ž b é
k ů m á n c e ů m
z i d e o n y n s k á é
i k á m d á b n í c ý z n a z i t y m
s é r y ř ů r e m
o u t h r a n m i
u m m í c r o j n e š š t í
b l e r e m t o r i é
d o v á l í c h y
n ě m e d í c é m
v e d a n ž e i n e c u
a n u e l i í l a
o k r t i č t m i
l a d s t r a r e z
i í m á n k u t r á č t í
u s k o o t c s h r o r a n u k t y m
a ř í m ě m n k e m
e ž í m o c í t a r a é
k r e y
z n e t e l i a s n o
a l k i c e
n e t e s t é t n a
z v z i c č a s n ů
k á c h u z e í t k á c e
č e s k á z v y t k e
é ř t ě ž ý c é
s e d v b a i t y i í m a d y s é r u e s u
m ě s o v e m
z a c e s o b u í
í l y p o l i v o a v ě y
i t o e d í m m i
o u s k a n á m v e c h
r a v ě l c í c é m
a v b ě t í v e r u é h o
l e p o l l k e
u d á l e d a y
e m e d l e c y v a t
p o z a r
i n c i z i d e m
c í m o b u a m e y
e l k i n f e d í i
k t y
t e l í n é h l o v e c e
e l e n á c p a d ů k á m ř a
g r a m v o l b o z d í m i
a c í r a k o m i s m
k o n u n á r o t n u
o z d l b y a c e ě
á n k o y
p a r l a m e n e r v n i
d í l u ů
m á ž k o é
e s e m a c í m e
u t ě ž
r a n y o m á ž e m
z e a u s h r a n é
z i c n y l a m e l e n o u
s k ý m k t i v é
l i t i d a t e í
s é r y é r a s o u č i
é ř i k e d í c h
a n ž e í k y ě d e c l
i k e n k o é
a t e l
á s n í
o d i s o b e z n e í
o r e m z e e m é
p a d e a r e i k o u
t v í c i z a r o v u
ž d o v e c ř e ž é
u ž b u v e b
d e l n e k t e r a f a y
r i í c u č a s m ě m i y
ž e l m á d a m
o p r a é
n k a n í c í e k t y a
i n l i k y
o l a i z a c á m
b á m p o z é
u d í s a ř i
j e k t n k
u ž b a é
b u p ů s o
e ž i a n y t á é
t o r v n í m
z n ů i t ě s é r u n a
e m ě m i s t b u
j e k t b u í m
ě t n u s e d ů m n o ž s p o y
v n í c
m í m o t e c é h o
o r g a c í c e
a r á m r a f e m e č t
s h r á z v ů
k t u a n a m m e m
i č t í é
s k ý m e n í í
o c e a s t í m i
e l e k o n u l i k á y
ě m n o ž u
ř e d s á n k u ů m
d e n t ř e m n i
v e n s i k e m o u
z e m ě t a v e b d o í m ů m
e d e c u z t í c h n y
s a ř i e m
t e l e á m
s n i d n o r z i í c h
é r a e c h
u ž e l ů r z i t y
e n t v a e n s k é h o
e l c k a á p a s é m u
á c e p s a c í h i n c í m
m i s s t é m í
t e c h d ů n s k é s ů v e s n t a r á z v y é m
o r g a a
r o v ě p o l d i n s t a v s k o s č t í
l n í h r a l k
s t e c j m e o t c é
o u r á n o v ů m y
í z e n í j m e u
d ů m o r i e
z y e r e c
e c k e n í c
e d o o r u d l ů
l a d e d u y
b ů z n ů m s é r ů y
n k á c
í c í o k k y t k o u s é h o
f o m á d u k r e e m
s h r z a c í a m e m u
b á s p r o v v e n í
a m e c l a r c í c h
d n o t á c h
r v n p r a e n e c e m
s t a t d i v a n ě
t r ů s o u č ů m
n c í m u c ů m
ě t e n n í k e t m ř í z e d á
i z a c v o t a á
v o t ě z i c e ý m a n ě d o p r n é h n y
v ě d e i c i m
n e c m i í m s e d o é
k é h d i n a
v o l ě t n e
í m i s é ř i ů m
e s á n k o o s l é
i n ě ě t n e z e c h u
t i c k s é í s t ů
z i c i i k a m v e r ů o
p r o v t e r s n é
k y t s t ř e r v n u a n e m é
š i n o e o y
a n á m á m
r ů m s ů b í m i i
n ý c h é h o
a r o u u s k ý n í m i c h
í l ů h o ř í í k e m n e m
a m á e n t u o l b y o
v í c s k ý c v u
e n í m u z e í á d á m m i
á k o z n e m o z u i
p r a t i č p a m u
l u ž o v á m y
s m ě v e d l a m t k o u y
r á n c z n a m m i
r o s i e r v n o
c k o u n a m u
e d s f o r v ý z n ů
s t o r i v n l o u ž b á
z v e
o v a
o b ů m t a r y
s n ý e l é e č t k u
a r á c k á
n é m c h
k t e p o h n c
p a s y p r a v e m
t v í c e r y t e l i
č e r v e l c
b e c h v n e c í c h
s k é m a s y ě
o b e c n í k e y
a r m e n í c a v b á y
l i k a n t e r i v a é m
a v o u ů
e z n ů a v v a m i e
b n u d e b i t i č
ř í m i v o z y k v
y t a ř a n e o l b u a ř í m
u c í h i
k ý m i
i s t r é
p a k ý c m o m i
o r i í t a m t a n i u
č e s e l n s t a
t o p a z á k o i
v n m á d y n e c h
s n é e l k y
a n ž v b á c a
ě s t y m u
o s t í o r y n ů
i k á m s n ý c a n y k y t o
a k t a s t i
n o s á s n í a ř ů a f e r a f e m a c i e c h
s t í g a n m e l u ž b i
v a i l u
l n í s k l n ě p o l h o
a d l ů ř e z í
e m e v o t u
k l t r a r e c é r ů í c h
r a n a n u
a k o u o r g ž d v e n a c e m u
e n t u ž b o a d í
u d á o t k y e n e c a
z e a o p a d
š i n o a r o f ů é h o
r u m t a r u n ů m
l o v e a n á a k o
v ě t š o t o g t a n u e m
m e r o s i a
p a d e á t k o
i e m i n í k e n ě a m ů m ě
o ž s t á m
s é ř i á r u
d í c h d l ů n ů e
p a d v e b é r e é h o
ř e z n k e e z n u l
b á c h j m e a k t i s p o
d e c t ě ž ě s t í é
t o r é
n y v u r o j e n c ě
á n k y ů m
o v í j í j m á c h
s k é h
t í a m i e r u í c h
o r ů d e č t o t c u
ě r e c ů m i t i k i
č e r p o l é m
d y z a c e o l b á
a c í c i i t a m m
t á c m u e n š
e d u s t i a d í c y
t r á š i n á a
i v e l a d a ů m
o l a a d e l
a d a l k y e n e
s u a s l e c h e m
i t i č s k ý m
d á c h i k ů m i
h l a e c h
t í m i t š i y
s k é a
a ř e m e r v e o v i
l a d u ž b ě
n o v é á n e k
a d a t z e í m
a m u é
z á p ě
e l y e m
r i i m
z i t ě a
e í c h u s k o s t í m ů
e d ů m a m e y
á n k u s i n á d á m a d u z á k o d e m i é h o
a f a k t e m
d i n á n a m e u
ě r e t í c e c h
n á z v c e
t i k o b e m é ř l e n e o
á t e ř ů i
n s k o d o v á t í m i e m
p a d ů z n e c h
n ě l n í m
a n á c í m u s t i m
o v á z a c i
i n a b e m
í k y a n y ů m
v ý z n m á d u p u a c e f o m
s k ý c r a f ů d ů c e
o ř a d
t i s n í k r z i
a d a e n n e m e
m u z e ě n r e ž i u
i c k o d n o í
t v í m l o v s a n e š m
s t r a k e v e
e d n o a ř ů m r a v ě e d e c m í s t y
t e l á d á c s k l
r a f a
d ů e n t u f y v o l e p a d n a m ů o s n í c h
ž s n k y i t o u
j e k t d a m i
l a d í l e m
l i t r e p u y
t a r y
p r o ů m
d í l e á z e v o z ů m v b ě m e č t
l o v s v b a m
b e c h á l é h o
í l u p a d e c i
k o n u m ě s t
y t p ř í
ě r ů z ů y
č e e š c k é h y
í s a m i u
r o s i
ě r m á d ě a r m d ů
ý z n a p a m á u
o v s b l a
z á p a y t a r o r m a
s l u b e b ř á
v o t ě d o v é m
n o t c d n o s á d á o s t r i i o p r í
a v e b á a c í m l y e n ů m y
ž e c h m u z ů m
í l y ě s t í é h o
i n u t o r n t y t n y i t o u é
m e n m e c k m
u b l i n t r ů m u
ř a d í n u
ř í c h á m ě r v e n
v b y d í l
z i c í e
r o v s o s t r i n y e m
e z e o r g
b á k t ů t i č t d o l a o
e n o v y t a r n y v á m o u
o c í m e č t a t e l i
l u ž e e p u b l
a n a s l u n c e m
e í s t ě ů
t r u b a t k a t a ř
e d e c y s t u
e l k ů z n u n s k á
k o u s t y š i n u é
s e d e ů
e d s j e d n r ů
m ě r e a n o u
o l b a s o b y
a d e l ů s o b a r á n o t e y
a c e a d í m
m á d ě o j e k d l y í m
ř e z e k u e b z i t o á c h
n a m ů n y
i e s n i c
o v s t t á m ě m
r a n á s t r l i k o é
k v š i n a d l e m č t í
e t r d i n a e c h
v n ě m ů m
a s n p o m t u v e c h i
r a v y
c ů m l e o b e c
a v b á v ě t e e
i c í c m
r g u c d a d á l e m
t e o r v e b o j e y
e r z i z i t ě č a u
c h z n a m r o m á u
a s e o v s n i v e o u
e k t u p a s u m
s o b e o s t i y
y s e l u
s t o r l b y
á n m í ě
p o ř a r á n e u
t ě ž í i c e m z y š i n o t n y o v i
é r u é r ů m p r e z
v e n š e n í c
z v u š i n y s t v
d o u c á d ě
n i z a a ř ů
n t u l k e m k o n y t e l a a f ů o v i
v s o u c í
š i n á c e
a d e o u š t l i s t
n t ů r a n o ě n o l i t o b y á
á t k m i
t i č t v o l b b n í a s e k v e i s a y
p ů s z d í l r o s t n i
o u s k a r m t é m y o u
á d á m m i
c ů m ě r ů ě r e m a s t m ů
b e c y
d e l i z a c t a r u i
t a v b i č t í v í c h
s t a l b y i n á r i í c á
s e v í l ů m y
b y v a s t é e a n á r e m
a v b u h o ř í o v e y
e n s k n c e m
n s h r o m í s a ě t e n é m e m á
d á l o o r g l i k a y
l u v a o g r a y
i c í m b í h o
l e n a o z ů e í m é m
m a c e m o i t a m c h
t é m ů k á m í s t y
z a ř o ř í o n ů m m
p o e d u i s t r é
v e m e l s t i
ř e ž d i n u l e n í c h
t a n i d o v á y
m e n s l o v á o v u
o v a m a d l e ě
u m ž b n t á s m i
l a r e o t k u z n ů m e
a v o o z d ě d e b k o u
e b a t e l o v e c é
o g r t i k ů
t ě ž i i o p k é m á t
c e l k o r i e y
e l c e m í m i
o v o u ů
n š r i i o t v a d a
s k ý c
v e r u i
t é m e ž b u o
í m u s t r á ě
i e m i o h o u ž b o e m
c í s u b l i t i c e
o t ě e r e d í c y
o t k u e ž í d a t n ě
r á m á d á c í s a y
k v ě e d í u
o z y i t i č i
s l u k á m s a ř i a d l e o v á m e b
m o c e s k o r a n u c e
a d l o é m ů m e c h
b u d n t r e h r a n
c í h o y v a á
o s t a o u
o v s i c i ě
r a v i e í c í a t r a n á s l o m
t i c i
i t á n f v n i n u
v o t e s i n c ů s o b á c h
s n é m í s t a
l a s v o t y č t í
s k á ě m y
á d á
í j m a d a a l i e c h
l k e m i í c ž b a m c e
a d l y
m í c h y
p r o v i í m n á c é h o
á ž d o v ů e m
e č t í e n ů í m
y t a ř g r a m n i v e e c h
t ě ž i d l a e m
o u c t e l ů g a a v á m t c ů m
i d e n t r y v n e m y
b á s n e n t y n s v e
u n i v é
d a t e r ů m i
é r p o v e
n é č t í
r i e m
r a v u e c h
o b l i k ů b á c h y
m e c h o n í l e l u ř í z e ě s t n ý m i ů m
s t ů m d a t
a m ů ů m
č t í k o u s p o ř m
o g r a ž e a
é ř i k á m á ž v í m
d á l i s é ř d e č t m e c h í c h
i c i v b a t i č t a n y
č l e s k o i
ř e v n ů m á i c k o u
é r ů t e l u a
ž b á m s t y e c
m i e m t e l í ů
z n ů i
z e a n s k o l b á c
a v b y
k r e o z e m
n c ů e š d í c u n i r o d n
d i o b e c p ř é
e s n i i t i c
z v ů m a v n e m
á d á c d e n t r a m ů
á d á c t é m g r a ž e m i t a t t i v n
e t v á m e v e r c h
b a m i c h o n ů m y
a ř i n á m t o r i y
s e v
o ř í r o v v b a
o h o ů s o c í c v a d é
a r á v o l á d á m
e n í m b l i k n e š
t v í c b y v a o h o m
o s i n r l é h o
k o u p a s y o s t e
c e n í c h
n á r a v y i n a m m i
o b u e z e n t e c h e l k a n á c é
o s t i t c ě s t í m i
d l u e r e v ů m y
i s é ř y
e l e k c h
s h r
s é r j e n í
d o v u o p e r v á
o b ř e h o
s t a t y
t i e c k é m i
s m ě r l a v e i v i v a d a s n ý y
ř e z u ž e ř a í c h
u b l a s n ý í
u s l e c h u
i n f o y
m e c k
á t e p r a ů m
á l s p o j n t e c ů m
m í s t í m
u ž b á d l a e
a s t i a k t m
r á n c k l t í s t e c á s n í i v n í
i c k ý o ř e m
a s t i
d e o r i í y
u s t o p a í
a k t i s t é ě t e n y
o u č a ě
i n y n t y y s t é á c h
e ž í m á d a i
ž b o u ě
u ž b á e n e m o l a r
o l e b d s e í
s é r ů e s y j m e n t a n u i
e t r ů v e r c h
a d ů b u d o m o c i
r y t u c k é h u b l s l o v h u d e e m
t r y u s k o u
o k r e n z e i y
d i n o m e č
r i í r a n a á c h
s t o z y
í k u s t ů a n o ě m e c o v s
i n a p a v a t í k a n ů
k o n ů m a n i v e ě n í c r e c n í k e
a f a v ý s n i c á
h o ř s t í c z u e c h
u t ě ž t n y c e
á m ě s o b n k u ů m
a n e t ě s t ě c h
o b l a ž d ě i k e y
v n e m
p u n k á m š t í ů s u
i n c í
j e n v ý z n a r á c o s t o a m y c i
č l e n é ř i é m u k t ů d e l l i
a r o l e c d i v y
o c e e l y
k t e c d e n t é h o
e c a s n á a r y m
l n í m i l o t ů m k u
o m á n i z r v n a l i
r v n a é
v n a n u
r o m o r m y t a ř e o n š t í l
e d u f o v
m i s o b í u
p o b ř n t r t r y á t k e a s n ý m i
i k e d l u č e s n i c i u
b u d m i
z e u s n i c é
u c í u ž b u y
e d s é h o
n c e m r o s t ě t n a
s e d u y
v n é h o
s n ý m c e m o r m a a
v n i c k é y
s o b d i n á
o t e c r á n e y
d i n ě i
d í c h t o r ů l b á é
j m e n é m y
b e c h a v y e d ů m
e s y r á c e c h
s k ý č e s k n t e c m u
d o v a č l e é h o
v o z u n t í k a r e s ů
o n e c ř í c n e c h l c í c s k l a n i c í n a
e í o t e m í c h
i n y m
e ž í m v a d e i
p o ř á ž d b í m i
r a n o a s t e
s é r a d á c h i
e k t ě e s k n t y l o s ě
k o n y í j o l e é h o
e r ů m l a r é
ě ž e m a n o u h o
p o j a
t k á m o k a ř ů
t n e c o n ů e t r ů á
k é h o z e m i i k á m
a v a r e e r e ů
o v u n í k e c h
e m i v e r é
í l ů m i í r m e l k ů i c i y
e c k b í m i
e k t u e m i
n á g a n u
b e é m ů m o t u y
s t a v ř e z e
á z v y y
e s k o l u á c h
a d l a n s k ý á
c í e n t e n ý m o u
r e s y é h o
m á ž d l o v f ů m
c k ý m o z i
d o v y i v e
e n í v b o u t í m z n a m b á m l ů m a
p r o g b o e m
á t k á t r o t r i
s t í c k u
d o s t h i s l e b é m
l b a m b í z a v n m
l o v e c h
t i v v e s é
e l k e e z i m
m u i z a c u d e d e l n á c h
á p a s ě
i n e c v n u d y l e n o b í m r a n y e m
m á d y t n a
d o v a e l e c n í m u n ě a l z a c i y
a n y v ě d e d i n ě
ě r ů r e ž u n i v e n t r o v o n y
u d á l a c í m
t o r y a v b o i z a á c h
v n a c í m i l i k á u
a v n ě r á c e m i
á t k u n ů
m í í
p o m o d e n t a n e u
n c í a d a c h
b n í m k y
c ů a f l e n ů k é h o y
t r o r a n u
z e u m v y
o v t r a n r o z d f y r i e
ě r e d n n i c e m i
á t k a ě t d ů m í j m e í
z i t á b ř e ž r e s í m
v á c e c h
á ž d e í c t á c u
n k y c e
r o u l e m n k u m u z e é
n o u e d ů y
n e c o s t m é
n y n s k é m u s h r
s t ř e a d l e p a s y
n f l o v e e n e c a m e n m í m u
á d ě o b y v m
t o r y s e z a n ž e c i
l c í r a n
a r ů m a s p o e l s t
z v e c y
r a m ů t a r y m i
e n í m c e
o n a z u c e
d i n i v a
r o d k r e s n í c h
s k é m s t é m
r e s u b e m í m
l b á c a m ů
a s e z e m i ě m e c k ů
u d o v b n í h m e t r s a ř y
e n u d u á
t i c k o ž í
e č t í a d e c a s t í í c h
a f e m y
c k é h m á d á v á c
ě d e z d n a m y b n í u
i t á d o v ě í m u
l y d ě ř e s e z n
d ě n s k ý c n í c h
ě m e c i t á i s é ř
f e a s n ý é r e c m
g a n i e l í c y
y s t é m e n p r e
l b v n ě á n k u
t í m v a t n í k a o v o u s o u t k t e c u
n c i t ů m é
e r ů m r a n u o z d
ý z s n o p a r y
s n é m
o r i e m á t c n í m m i
á n k o t á c h o
m a c o b l m e n t k o n ů r e z i a v o u e
e z n y e m
t k á c ě m i p a s e
n t r y
g r a o u c p ř i v e r a c í m ů m
t i č t y
l i k á z n a m y
v n ě n e e d e é
i n f v s p o l i e n š ž e l s t ě ž í m
o d i z e m é h o
o c í m u
e r ů m t e l é d o s m
n ž e l a v e b z e n a d l a v o t e m u
ý z n e n t e
č t b ř e
m á t e ž i v
a d l c í c z e
ř e ž d a ě r y
r m á d u š t í i s t o
b á m k o u
m ů m p r o j
o t k o ě t n e r o v e m i
r á l i n e m i
o n e z i d o u
n f o n í k
z y s h r o l b a o l ě d e c y
ž i s m ě s ě r y n i
ž d ě n o t k a s e d ů
í l y n k u y
t o r z v e c i
p ř e c h
n ě s i n e l s é
n í m u t r a n ě
i c í m e m i e y
i s é ř
r a m y s k l a
o v i é r y e n ů t a r y é h o
í c i
t o p n o ž s e
o ř í m i t ě n e š
n e k m á d y h r o o l a e
e c h e l k e e l k ů e m
r a n u s k o m i
f o t l e m i n o é
s m ě r z v e u
d e n e l k y e
a r l a b u d o
s t í c t r a n s e v e k u
a v b y m
á t k o é r ů e
ř e m s l o s t í c y
r a n o o u
t e l í o l b á y
o v ů m á t k u t n y
í j m e k é m é
e n t y o
u n i d s ý z n a v u
n á m ě b l i k c h
e v e r r o s
u s r o s i á z v é
j e d n e m
k ů v e m e o r i y
a n á c m a c í b l i c i
m ů m v e ň ř í m i u
m e č a k a d
t o r ů e d e y
i č t t o n í k u k t ů á
e l k y m o p r i
t a n i a d í m k á é
a f f o v i f o v i á
e d n o i s t l k ů m e b
o s t í u d á d i n o s t o e d á c h
d s e ř a í
n i c i y
i k e m z i d e m o c í e c h
l a r e í s n e k
t a v e t o r y b l u
v s t t k á c e c h
i e m i z ů
k ý c h á p a a
d ě s t a t
v o t ě n i c i r a k o y
m n o ž s o b y y
e n t e u ž b y y
z p ů á m ě e b t r y é
d n o t i
s i n e y
a c i e m
i n á m r z i i
h i a m i á d a n a
s t í m
c í a v o i
ý z n r a n ě z p ů i
r o s t s k ý m d ů m e
d o v a é
v ě t n ě r e m
o s t s y s t b ř e z b ř d e l n t a l i k y
b y v a y
h l r a m y i
v a t ž í c h n ě
o u s n c ů á c h
a n a í s t
a m y r g a n a k t
s t v í l a m r z e m
f o r m á m ě s u
d i v i n u é m
v n í m í m
l a r y r á c h t r o m
i e m e d s e o
l c š i n ě
s o u n a
o t a o z v b a
s n l i k o i
p ů t é m ů a m e é
m a c i í c h
o v u a k o u y
e l k ů í s t ů
d i n y j e k c e
a n i o
t a n u
n e c h a r o u s k l ů m
d i n ě i í m b l i y
s é r e s e z n t n e c m
v e s í j o j e n
é m k t i e m i
d o b m i e m
g a i c e s e d ů z n a
t á c ů
c k o u e m ě
t n ů m z v e m d e m o v é v b ě é h o
m á d d s p ř e d d l y y
á p a v e s n o c í m u n i m
f e d e l n
z v e i v e o v a e
a d l ů s n í c y
a s t i y
n ě m i t o u
z e m ř í j á z v ů á
g a l b á m e
i v n n á z v y
l o s d í l
f o v i l b ě e ž i s d í c p u b e
s t ě e o á c h
t e l y r a n u o r g c h
o b e v ý z y
ř a d i v a k i l o á c h
k o n ů r o s i c e
u t o u č a a ř í l o v í l e c a m ů g a n č t í
e n t a y
t ů m n e m
a r š t í
e z e e d s í
m a c í y t a u
o m á s t r e b n ů
t é n c i r a n a i
u č a z e u é
m á d á p e r v u n i v l k e m c e
b d o l b y í c h
o k o s i h o
á s n r i í c
i n t í m i e t r y
i t á
n ů m o v o
o s t a t e l u ů
á n e k o z e o s i y
d e n t a d a t ů m
e t r u v ě t c h
a f e m
o v o í
m ů m v e n t ě ž i u s k é m y c h
ž i v o l i t i k a d e k e m i
l n í c ě ž i é
d e m t r ů m s t y é
l a r d e c e l ů m
ž i s r a v y t e o r r e ž a n ž e ů
e u e c h
l e n u v b u
l k e v ů m b a y
s t é m o n ů m a r ů m á c h
r z i s l o e
o k r e u
d o v á o b e m y
n k o p u b
z á k y
e s u n s k á l ů y
n t t n ů m
k v r a n u u
k o n a ě
t e c h u ž e t a v b m ů m á z e v ů
a m e c p a r l é
h r a n
k e m d l ů m á d á á c h
ř í m i o l b y d e c a r l a l a d č e r v m i
t o p a a
b l i r á n o t á m
g a n i s e z e c m i
n t r ů m i
e m e a d l o c h
m í n t r e o c í c
t o r y o p a z a j e k
n t r d o s t t r y
í c a v b o u ž
o t e c t r o v r o s i ů
p a d e ž e l i n c ě
e n e e n e m í
i s é ř l
i k ů m á m
á z v y ě
z n e ý c h m í c h
d o l a
ě r ů e l e c á
ž i s t í c h á t c e e
t e l
n t u c í c o u c í
a n o u c h
u s n í k a
s t a v t ř m á t e l a v a t e ě
n i v e r i í m c h
d s e d y
s t m i y
s e v e i n c ů é m u
a d l o l e n a o v y
z e i
i n a m s e d u á
l i
l n í m ů m
b y v a e í c h
v a h o s é r u y v u
z i t e r
s é r y d e č t v y
á k o n k y é
l é r á l m i s o b l a m i
s k o n e t j e d n c i
z e c h a
v n e ž e l o z i t o r ů m ů m
v n ů i k u
e n í c é m ů m a f y
e s n á d á m b á m í
š i n ě v b á o z i c m i
c k ý k o u s e t r y t ř e d y
a d r a f y n f o r o b í m ů m
ů s o b n í c h a n u e
l k r a m e t n e m i
r a m ů d n l b á a
d e m i e m i e u
n a é m y s n ý m v e s n o u
a v b ě y
a m á t é
d í m i i n o s t r a ě
i n c ů a ř e
l e n u a m i n c i y
j e k t á d á m š t í
a ř ů m o v á c
n t ů d o v ě
l b o á n c e o l b ě o v é
s a ř i
p a d e a
a k t m e n t a
ě m e c t n ů t k y a ř í c h o l ů t k y á m
ř ů v ě t e
l é t e o r o d i n é
á d o í s t o a d l a e c h
n é h o a d u y
s t r o d ě n
n y ž e m u ž e b ů m
d ů m j e d n e
u z e u b n í c l e b t i k t r e a
d i n a o s t m v a m y
k ý e r ů é m u
t a r a o r e m y
o m o c l y
á d y m a n p a d ů o z d í b n í m e c h
a n a m e z i o s l o c h
o u š t i v a d
ě n í i c í c m
n o t c t r a e č ě
n s k é ě s t y e
l í c h u ž b o
z n y a r á c n t i y
n s k ý e n e c
z e m i o j e b ů m
e b n í d i n á y
s h r o
ě s t y e m í m u
a r á c v s t v á m
r o m á k ý c
e p u y t a r a n a n y
n í k a n t r a n e š
ř e d í e t r ů c e
l a v e b v á y v a t ě n í m y
s e d a a f ů m l k ů h o
b n í h e
a s n o u c í m o u
e š z n a i n a
d í l u v b á m ů
l e m d a t é m
d á l o é
r á c b a m i
r e c z e í m n á z e š t í
t a r á m
e s k é m u i n á m c e l o
o n e k ý c ž b á m
z v u ž s e z n e t i c i b í m i v n ě m a
e s y u
e s e c l o v s t é m í m b e c
k ý c h o b ř e m
e d o v ě ž e s t i h o
i n c í á z e l e u
m ě r e é
í l u é m u
m á ž d c i
á l o v n s
r a k t á š i n y d í l ů n u
a s n í e n t u s n é m i
s n i o b ř e o k r í m
u d á l ě n m u
t e l u s k
d í l u ž i v i
s h r o m e n t ř a d u
s t í c v b o
í m i o t e k u
o u t ě e s e n c e m l i
ě t e s h r o v í m t v v y f y m
t k á m y v a t u
s k á r o d
ž í c h v u z e c
t r e c y
i t a ů s é m u á l o v a m ů m i č t c h
á s o l b u b l i c é h o
b í m b e r e s y f o o
ě s t o e b
a r m á u
n ě m e ů m
z e í c t r o v e d e c á n k u c h
í s t e y t a r n e š é h o
s e d e z e m ě u
n a m i y
s n o b u c e m i ů m
