p h o m o l o e a
s i p h o m o l o
u y a p h o m o l o
u z o p h o m o l o
n i p h o m o l o
s i y a p h o m o l o
s i z o p h o m o l o
b a p h o m o l o
n i y a p h o m o l o
b a z o p h o m o l o
n g i p h o m o l o
n g i y a p h o m o l o
b a y a p h o m o l o
n i p h o m o l o
u y a p h o m o l o
n g i z o p h o m o l o
u p h o m o l o
u y a p h o m o l o
u z o p h o m o l o
e b e e a
s i e b e
u y a e b e
u z o e b e
n i e b e
s i y a e b e
s i z o e b e
b a e b e
n i y a e b e
b a z o e b e
n g i e b e
n g i y a e b e
b a y a e b e
n i e b e
u y a e b e
n g i z o e b e
u e b e
u y a e b e
u z o e b e
e e a
s i e
u y a e
u z o e
n i e
s i y a e
s i z o e
b a e
n i y a e
b a z o e
n g i e
n g i y a e
b a y a e
n i e
u y a e
n g i z o e
u e
u y a e
u z o e
n w a e a
s i n w a
u y a n w a
u z o n w a
n i n w a
s i y a n w a
s i z o n w a
b a n w a
n i y a n w a
b a z o n w a
n g i n w a
n g i y a n w a
b a y a n w a
n i n w a
u y a n w a
n g i z o n w a
u n w a
u y a n w a
u z o n w a
j a e a
s i j a
u y a j a
u z o j a
n i j a
s i y a j a
s i z o j a
b a j a
n i y a j a
b a z o j a
n g i j a
n g i y a j a
b a y a j a
n i j a
u y a j a
n g i z o j a
u j a
u y a j a
u z o j a
b a l a e a
s i b a l a
u y a b a l a
u z o b a l a
n i b a l a
s i y a b a l a
s i z o b a l a
b a b a l a
n i y a b a l a
b a z o b a l a
n g i b a l a
n g i y a b a l a
b a y a b a l a
n i b a l a
u y a b a l a
n g i z o b a l a
u b a l a
u y a b a l a
u z o b a l a
n g o l a e a
s i n g o l a
u y a n g o l a
u z o n g o l a
n i n g o l a
s i y a n g o l a
s i z o n g o l a
b a n g o l a
n i y a n g o l a
b a z o n g o l a
n g i n g o l a
n g i y a n g o l a
b a y a n g o l a
n i n g o l a
u y a n g o l a
n g i z o n g o l a
u n g o l a
u y a n g o l a
u z o n g o l a
r e k i s a e a
s i r e k i s a
u y a r e k i s a
u z o r e k i s a
n i r e k i s a
s i y a r e k i s a
s i z o r e k i s a
b a r e k i s a
n i y a r e k i s a
b a z o r e k i s a
n g i r e k i s a
n g i y a r e k i s a
b a y a r e k i s a
n i r e k i s a
u y a r e k i s a
n g i z o r e k i s a
u r e k i s a
u y a r e k i s a
u z o r e k i s a
s u t u t s a e a
s i s u t u t s a
u y a s u t u t s a
u z o s u t u t s a
n i s u t u t s a
s i y a s u t u t s a
s i z o s u t u t s a
b a s u t u t s a
n i y a s u t u t s a
b a z o s u t u t s a
n g i s u t u t s a
n g i y a s u t u t s a
b a y a s u t u t s a
n i s u t u t s a
u y a s u t u t s a
n g i z o s u t u t s a
u s u t u t s a
u y a s u t u t s a
u z o s u t u t s a
q a l a e a
s i q a l a
u y a q a l a
u z o q a l a
n i q a l a
s i y a q a l a
s i z o q a l a
b a q a l a
n i y a q a l a
b a z o q a l a
n g i q a l a
n g i y a q a l a
b a y a q a l a
n i q a l a
u y a q a l a
n g i z o q a l a
u q a l a
u y a q a l a
u z o q a l a
e t s a e a
s i e t s a
u y a e t s a
u z o e t s a
n i e t s a
s i y a e t s a
s i z o e t s a
b a e t s a
n i y a e t s a
b a z o e t s a
n g i e t s a
n g i y a e t s a
b a y a e t s a
n i e t s a
u y a e t s a
n g i z o e t s a
u e t s a
u y a e t s a
u z o e t s a
u t l o a e a
s i u t l o a
u y a u t l o a
u z o u t l o a
n i u t l o a
s i y a u t l o a
s i z o u t l o a
b a u t l o a
n i y a u t l o a
b a z o u t l o a
n g i u t l o a
n g i y a u t l o a
b a y a u t l o a
n i u t l o a
u y a u t l o a
n g i z o u t l o a
u u t l o a
u y a u t l o a
u z o u t l o a
y a e a
s i y a
u y a y a
u z o y a
n i y a
s i y a y a
s i z o y a
b a y a
n i y a y a
b a z o y a
n g i y a
n g i y a y a
b a y a y a
n i y a
u y a y a
n g i z o y a
u y a
u y a y a
u z o y a
e m a e a
s i e m a
u y a e m a
u z o e m a
n i e m a
s i y a e m a
s i z o e m a
b a e m a
n i y a e m a
b a z o e m a
n g i e m a
n g i y a e m a
b a y a e m a
n i e m a
u y a e m a
n g i z o e m a
u e m a
u y a e m a
u z o e m a
l u l a e a
s i l u l a
u y a l u l a
u z o l u l a
n i l u l a
s i y a l u l a
s i z o l u l a
b a l u l a
n i y a l u l a
b a z o l u l a
n g i l u l a
n g i y a l u l a
b a y a l u l a
n i l u l a
u y a l u l a
n g i z o l u l a
u l u l a
u y a l u l a
u z o l u l a
h u l a a e a
s i h u l a a
u y a h u l a a
u z o h u l a a
n i h u l a a
s i y a h u l a a
s i z o h u l a a
b a h u l a a
n i y a h u l a a
b a z o h u l a a
n g i h u l a a
n g i y a h u l a a
b a y a h u l a a
n i h u l a a
u y a h u l a a
n g i z o h u l a a
u h u l a a
u y a h u l a a
u z o h u l a a
r e k a e a
s i r e k a
u y a r e k a
u z o r e k a
n i r e k a
s i y a r e k a
s i z o r e k a
b a r e k a
n i y a r e k a
b a z o r e k a
n g i r e k a
n g i y a r e k a
b a y a r e k a
n i r e k a
u y a r e k a
n g i z o r e k a
u r e k a
u y a r e k a
u z o r e k a
b o r o k o e a
s i b o r o k o
u y a b o r o k o
u z o b o r o k o
n i b o r o k o
s i y a b o r o k o
s i z o b o r o k o
b a b o r o k o
n i y a b o r o k o
b a z o b o r o k o
n g i b o r o k o
n g i y a b o r o k o
b a y a b o r o k o
n i b o r o k o
u y a b o r o k o
n g i z o b o r o k o
u b o r o k o
u y a b o r o k o
u z o b o r o k o
a y a h i y a t
s i y b s i y b
g o l e z o h l g i y r
b a n b a y s a b o o
i y a a i r e i i y a o
b a l e q a l e n i l
g o l e r o k g i z e
m o
n i y j b a p o b e o k
i e t u z o e a n g l
u q z o p
n i u o p h m
n i b r e e a t u t a
a a o e t
a u
g i z u
g i n a k i s e
i y a t i u t o
i h i l o e b u t l
k a e
u t u s
o e m s i z l s i q l
a l u a u b a z o r k
e m a s i y l
y a e s i y q z o q l
o e a
a b o o
u n u r
y a b r
u h u a n g o i s u u
u q o b a
n g i h u b o o
a s u q n i b r s i l l
e m a a a e
z o y s i u l
y a e l a u y a h s i b r
u l a e z o e n i n o
a y a b
a n g n g i b m a b a z l
n g i g
n i l
n i e u z o o
o k o
z o q z o q l u y a b
b a l
n g i b o u i y a w
u e s i l z o e e
u u s i z t u t a
b a y q o l u a
b a z y g i z s g i y y a p
i p h n g i u l u a
s i z s h u l a
o s b a z b e m a
a h u a
o r e u e b n i b r
i n g
z o s t i z u n g l
a h z o l i y a g u j a
i q a a r l a s i z n
o s s i s
i e m i z o e g i l l
a y
s i l l
g i e e
u z o g
a z o e a h u q y a p o
a e b r o b a n s i p
b a z y
b a h l
i y a
g i y q i j a n g i
a r e a y a g
e t s e
j a e s i h l
g i y r
e a
h u l n i q l
z o e n i y y
i y a b b a y u e k g i z s
s i l l i e
u b
o y y a l l s i s n g i a
b a p o g i y r
b a u b a z y
m o l e z o q l
i p h m u l a i y a u
k i s i z n n g i u
i z o i b o o n i s
l u l o e a
b a z q
n g i m
b a z p g i u l
l u a e b a z l
b a p o b a z e
o n g l
k i s e
z o b i z o m b a q
l u o e t a z o b l
e k b a z p n i e s s a e
a n g u e m n g i o
a y a u
i n k a e b a y j y a p
a b o o e b e i r e l o e
b a y l o k o y a b l b a e a
e a
z o p o u t l a u z o t
s i h
i z o g a e a a y a o o b
g i y s o e
s u t s i q l u z u r
s i y n
b a z h u l a a u r e a
e k i
s i y e u z o e a y a b
s i z s n g i w g i z b
b a y u s i z u s u u o q
e m a s i z n i r k
b a n
i n g l u z o m
b a z i y a i r e a z o m
o r e i u t u s
g i l u r e i i e m
s i y e r o a e g o
u y a h n g o a
a e t k o e
b a z s n i y o h u a u z o b
o n g
u z i r b a n o b a u y a m
b a z n
g o l e o l u a z o e e
s i z s n g i u
a z o h b a h l
u p
n g i b a z j
u z o b
i u t o g i u o n g s i y e
o l a a g i z p
i p b a y e k a a
u r e i z o e s l u l o r e a
b a z i b a a
i z o m y a h l s i
a y a
b a u l
o k o i y a o a s
u h u y a r o n w
n g i w n i p y a e a l u
e a z o q g i z p
n i u g i r k
i p h m n g i g l o a
o n
b o r k u y a o
h o m i z o e n i n a
a z o g
j a e e m a b a s i y b
u y a b
i n g o e s i y l
i n w
i r s i r
i z o u
b a z l i y a u s i h
i y a t b a u l
g i e a
u h u a l i e t a
z o s t g i s u h i r a l u
o q a a i p
o e e t s a z o h
i y a u y a o
g i s a b a a l o a a
e a m o
y a j
o e t a b a e u j
n i q
b a e s s i l n i e e
o n n i q b a y e l o a a
b a z b
o a
i y a g
b a q l
o r a z o a u b o g i z
o j a a h u y a q l
u s u m a u z o g
u b a p h o o
a y a t b a z r
u z o b o m o o
u z o e h o m g i e n i n
o l a y a a b a a
y a l l
y a q
i r e
b a y p z o h l a z o m
i n g l a z o p
y a e e a h i q a a
u p h m a z o o
w a e
u t s e u l u a s i b
i z o e i u t o
s i h i y a e e m a
u n g
b a e u u b a b
a n o n g l
y a e a s i l o h
u l u a b a e e e t s
k o e r o k e
y a j b a l
n g i o i e b
m a e o q a a b a z p t l
a j a a e s i b i y a e
g i b a e b i z o w o p
g i y n i l a y a b
s i e a a y a b b a y l
i n g
i s a a
n g i e h u l a
n g i o s i p g i y b a z o b
y a n
z o p o i z o o
o q a i y a w
y a q l
i b g i y e
i e m e k a g i y l a e
i z a z o m
e b z o q i n
g i b l u h s i y h
k o e
y a n s i q l
e e b o r k i n g s i l
o l a a
o l g i e a i y a w a u t
g i z u
i n s i y y
b a s b a b r s i b g i b
b a n o n g i u z o n o
n g i b n i l
s i y n u n o s u b a j
u j o r e i
s u t i b a a g i r
w a u t s y a r k y a p o
i y a y a m r e k i z o b
s i u l
u b o s i z b
g i z n g i u l
u p b a y s g i z u i s a
i u t n g i m
s i p b a y r
z o e s n w a u y a t
s i y p u h u a
e m b a z p u h
s i n a
u b a o k i q a a j a
a z o m s i y n a y a a
a z o o n i y r
t s a a
u z o m s i q l
z o l e e a u l a a z o w
s i y s g i y u q a a
a p h
g i z y
i e t s i z q
u h u a y a u i z o b
z o q l i j a n i u l
o j a i l e e u q a
u s u u
n i n a z o u n g i w t u t a
b a y h u l a a
b a p o g i j a y a w
o s a y a e
b a q l s i z b
u l u a e m s i r k
i j a
o r o o l o a w a e i e t a
a e t a s i y b u z o
s i h l
u e m e b e a
i r e
u l a e u y a h
u e m l a a n i n
u q o e m
a p b a z s i b l
r e k s s i s e k a a
g i z e b a n a
n g i z o u o q y a u l
g i s
o r e
o u i r
s i p o u t o e t s e y a b r
i y a m
b a r b a e i h u a
u e g i b
n g n i u l s i e a y a q
s i b r g i y q n i y u
s i y u
b a y e
g i n a u n g s i y j a j
a l a a b a z h y a r
b a u l u y
o a
s i z n s i r k s u g i z b
e m a i y a o b a y s
g i p o
k a
b a n n i y n
h u l a
g i y n a z o r e
s i l l s i r k
u h u b a p z o q l o l u a
u z o u
y a u
o k o
o b o
b a u
z o q l u l e e a o r o
y a p m o l e
z o r
i z o t a q a
g i n a
u z o m z o y
e b e a
o e g i h l
a n h u
n i p o
y a h z o h
l a g i z s
o p h
a p h m o y
n i p i y a t t u t o u t
u z o a
s i l g i y p
y a e y a a y a g i n a
b a q z o h u y a o
a b o o
r e k l a a
u r e a q a u y a w
a y a m i u t
t u i j o e m a l a a
n i s
a z o h
u j a i q
a z o e
z o h k a e
g i y o l o z o n a
u e t b o r n i n a
b a y l o n w
g i n a r e k e m a
u j a t u t u y a h
e e a s i y j
s i y r u s u o k o a
a e t a i p h
b a y q n i h l
i j a b a y l u y a u
b a z y u s a e a o m o
p h o o a a e
g i y s u z o h b a u
b a z y n i l u s u
s i y s o h o y i r e a
z o u l
s i l y a
i p h m
s i s i n
u u t o u y a t o h
i y p h o o n i e
i e t b a z s
u e g i e
a y a t y a l
t l
s i z p e m a k a
n i j y a q
b o a y a b
k a e t s a b a y
a l a a n i b a q l
b a j t s i l u a g i b r
g i b r t l o
e m a a z o h z o h t s
u p t l e e i h n i e
s i
b e e k a a u y a w
s i z h
i u t
p h o i y t l b a h l
y a b r
a y a w
g i y o h u i z
o a r e k s
y a r
i y a b n g o a o l s a
i z o h
a l a a a y a b
s i j i z u n w
u t r o k e
i z o e u t l a u n w i z o u
i e b e m z o b l u j
s i z b
i z o a s i z h b a q
s i z p
y a l l y a n g i z
n i h l
k a a y a o
g i s t b a z p
i n w i u t u t l a
u t u s o q a a
u b a
g i e a
s i y s u s h o m
a e m
o u t o i j a o e t a
n i l l
a u t o a n w a l
u s g i h
b a b
g i y e t u t a
n g i h
i y a g
y a j l o e
o p h y a b l s i
y a e a o b a a
o h b a j a y a g o r o
a p h l a e
s i r k n i y n s i y y
b a q o e t s i z s
u b o g i y b z o
i q a s i q l
o q
y a j y a b r s a e
n g i b s i y j
b a n u n g i z o w a r e a
a p a z
u z o m
i y a w
n i u l a e t s i h l
e t b a a l u a b a
i z o h
e m a
w a k i s i y a h y a u l
n i y n g i r
r e k s
u r e g i y z o j n i p
s i e s s i z q
u p h s i y h n g i a
i z o b a a p h m
s i l l
e k a z o e s
l a a e e s i z y n i y b
g i s t u b o
n i e s i z h e k
z o s i j
n i y r b e e
s u g i r e m a a
a p h m u r e i u u
z o s i e b
b a y p
s i z b
i q a a
s i r
s i u l b a n o b b o
n i y u o n g l
s u t s i n o
o l a a i s s i y e g i y j
u y a m
g i j z o e s t s a a
n g i e n i q l n i n o
s u g i h b a y p
n i n o s i y o b a a
u z o m n i r o p h
s i y b b a z i z a h u
z o u b a z b s i h l
s i z r k a
g i y h
u u y a b
u q b a h l u l a e g o l
a e b
r e k s
s i h l u l a l a e
s i b a z o w
a z o o i y a u n w a a e
b o r i y a o
s i z l g o u t u
i z o g k a a z u e b
s i l b a y u
b e s u t t
u s u u a l u a
a y a g z o e a
z o e a o j
n i u l
u s u u o e t a
g i z r
u y a m i e t b a j
l a
s i s u l u a m o l
n i y b i b o o s i l
u y i z o a
o p u j a s i z b
o e b z o r k b a h l
z o l l
z o p o r e u y a g
u z o t o l o a
u h u
g i n o
n i y u
j a i r e n i y n
n i y q a l b a l s i p o
i p h
n i y r j a e a s i j b a p o
a s u u o u h u l q a
a h u a
a n g b a y p
o r o g i z r n g o a y a
q a l e s i q l
y a r k o p l a
s u t t g i z n
s i z j
a e b u e m i y a o o l
g i y r
o k n i s t u z o g
o r e i
b a e a a r e
g i y b e k k i s a y a m
i z o e s i n s i q l
z o p o z o b l
o e
n i l l a y a u
b a z j
a y g i z u z o e
o k o a
n w i u t b a z u b a u
l u l e g i y r
g i y s s i n o a z o u
u n o s u u
b a y
u e t a a g i z q
n i p o
a z o h
n i q n i p y a n o
g i y h u r e i
s i s o e t s i n o
u l a a u s u o l u b a z l
n i e s e k a
s i y r s i j
o q b a u l
k a u y a w
n i n o
b a y p o q a a u y a m
i l u a
k i g i y e k a e
u z s i y h
u n i l u
b a z r
i r e a
g i z q
y a s t s i s y a
h o n g i u
o n w n i y b u y a g o b o o
y a p g i p a s u
g i u n i u i h u
a e b i h u a
n g i o s i y p
z o l l u n w
u s u u a u t u e t a a s
g i r k g i u g i z n
i l y a n o n g i b
g o l
i y a m u e t
i n u t l a
i n g u j a s u
t l e b e
u z o o
u y a g z o l l
b o r k s i y n
s i h g i z y
u y a o a z o u a p r o
j a e i q a
a s g i y q
z o e s g i y q
n g o n g i b s i l s i z r
a l a g o
b a y p a b i n
h u n i e a u y a u a r e a
g i y s
s i y h
a r e a b e e
u r e u l
b a z q b e i y a t l
o e b u z o u e b e
s i z
u b a a u s u u
n i y y o r o u n g l s i z j
g i s a y a b
b a b l n i u l e k i g i q
u t s
s i z
o r o
g i z n z o e a s i h
i s n i b r a y a o
g i h a z o b a z p i j a
a u g i h l s i z n
q a l e
a r e i
j a e n i
u y a m r e k s i n s i y r
a j
s a e a n g l
o h u a g i u b a r
r o
s u t t
n i y p y a q l
i y a b
n i b r n i e b a z b m o l
u t l a u t u b a
a h u a b a b i z o m o r e
i z o a b a l l
s i z s
s i u l z o s t a n g l
b a u l h o z o n s i z r
n g o s i e e i n g l
b a y y
s i z q l a a a
o j a a y a h g i z u s i n
g i y u a z o h i z o h
s i e a s i z r i y a b
b a p o u z o
a l a o r
s i q l
a y u t l s i y b b o
l o a a n i h l
u t s z o p o a z o m
e t i z o e i y a u k i s
a b o i p r e k s i n a
b a z s
i b a a
g i b a e e
i u u z o e s i r n g i t
s i b a y a b u r e i
a z o b b a q y a
a y a m h o i l u a
n i y q i y k i s e
a z o s i y y
n i n o u p b a z n u j a
i s u u a z o m s i z h
a b a a n i y
i b
b a z g i y r y a j
b a y p i h u b e e
g o l h o m b a p o a a e
i z o h n g t u t
e k a
z o l l o q a
o e a u t u
n i y p z o p s i z y
u t s e i h u
g i e a u t i y a t
a s u u g i u l
b a b a z o b u z o b
n i y u o l u s i y b
i p h m l a a u t l a
s i s
n i e y a r b o r k s i u
n i b l
g i z l
a p h u z u z o g s i y y
o r e a b a b
a s b a y s
i n
i p h m a r e a g i h l
b e o e t i b o o
g i r
b a s t
g i y l s i q
z o n o o n w a l a h u l a
u y a h o m l
l u l z o e i s u u g i y n
b a y r
b a h l a l u a
o r e a i u t
a n g l
o l a y a e a
a z o a i r e i u t l
i z o u o l u a
u n g i e t a z o q q a l
z o r
g i z p b e e b a y b
a e e k a g i y s w a
r o j a u t l a
n g i a a j a y a b
n i y b
u e m
t u t t u t s i y s
s i n
g i y g i r k e k a a
o p h m m o l
z o n a j z o p
i z o w
i q a a
b a z h
s i u k a e m o l e s i l l
y a u i r e a g i y l t s a a
y a l r o k e a a g i b l
g i y l
o r o o l a a a g i u
a s u n i h
i e t a
y a n o
i z o w n g i b a z e
b a b r
n i y s
n w a g i n
e k i a z o l l a a a
o e e m a
o u t o
a z o a
a e m a y a u s i e s
o n g a e b a r k i p
a z o w
b a e a
i y a a
u y a a n i q n i l l y a n o
i u t o a b a
l o e s a e o j a s i z e
s i l
g i p o i l u a
a p h m g i z e u y a w
g i y p
a l u
u t s s i z q i r e z o r k
b e e a r
b a s i z j i z o
b o r k z o p o u t o
o y u y a b i z o o o e a
o n n i y h
i b a q a i e t a n i y r
t l o y a l
s i e
o j
o y
s i y u o l o a
i z o o a e b s i z u
e k i
o l o s i r k
b a z b b a z j
e b e b a y h
u b o u b o o y a b
z o e a s i z r g i h
g i y n o l u u y a g
s i b a z r
o k o u l a e
a y a
i e m w a e z o e e b a b r
z o n o
y a h y a s
b a y b o b o z o e e
n i y h o b o l o b a z n
n i y r
i l u a
n w a u r p h b a n
a e b
i j a n i y n
b e u t u u z o h o p h
u l u a i u i b o o
i e t o n w n i y q
b a n g i r
n g i a y a l
u h u a a y a u s i z j
n i s t e k i y a g
g i z h b a b l u b a a
u y a a u e m i q a a
z o n o u p h m y a b
n i y y o e b y a n o
s u t t w a a u t o o k o a
i b a u z o h
z o n o g i h l
u z o g y a n a
g i z u g i y j z o
s i r k
u z o o
i y a m a a e
b a l l
s i y s l o k a
e k i
o r o o
b o
b a e s b a z h s i y q
b a s t g i y r
n i y i z o t o q n g i g
t s a a
n i l l u b o o
s i z q g i y s u z o t
g i y e
w a e s i z n o r
o y a n i e s z o e a
b a y p l o a
b a n
i y a h n g i w g i y y
s i z b a q l
l a a a l a a s i b r z o q l
b a u l o s u u
a y a m i z o b
y a b l h o m
a b o o
b a z q o k a u t
h o m l
n i s a z o b a b
y a r y a b r a l u a
n i y h e b o u t o
n g i t a y a t n i e
e m a
b a l i b a a i u t o
n i y h b a z l
u t l a n i y n
a z o e a p h m i y a o
i s u
u y a a l o e y a e s s i z u
a s u i y a u z o w
s i p n i s i q l i n g l
y a u l
i p h m
i y a u
a s i z o w s i e s n i h
u y a n g o a o u
b a e a
b a z p s i y q
s a n i q u z o b
g i y p y a b l
s i j u e
u b g i e e o j n i h
i r e y a e a
g o l
u n o r
g i e s t u u p h
o l
l o a a w a i b a r o k e
a y a a
o r e
n i n o t l o
i q a o l o a a y a e
n i y j y a h l n i y e
n i e e
z o n a u n g l o q a g i y j
a n g l
n i p e k i b a z j
o b a a b a n a
y a n o i e t a s i h l
a l a a s i e a y a l l
r o k e m a e u z o w
g i b u h l o
g i p b a b a r o b a
i l u a b e e
i z o o w a b a z p a y a b
a z o a t s a u p h
u l a a b a n o g i z p
u y a t
s i n a o h
u q
o a
s i u l s i
b a b r
e b e z o n a z o b l
s i p a z o h
u t l a s i z b a r e i
u e t o l a a
l a a s i q e b e a
n i y y n i y
b a r y a j
g i y b a z j q a l e u l a
b e u r e a s i q
n i y b a p u y a
s a s a e b a l e
z o n o g i q
a y a h l u l e
u r e i a s u p h m
b a l l b e e b a s t
g i y p
o e m u r e o a o k o
g i l i y a g y a r b a h l
n i n a u t s
e b n g i b
i z o g n i e a z o h l
g i z j m a e
a e t
g i q t u t g i y b
g i s t l a s i y s
b a s
y a p o j
g i r s i q l i h u a
b a y u
g i y s n i y s i z
o l a a g i y y i s a a
b a n g i e g i r z o e a
u u
s i z u s i z e
b a j
s i h l n i j u y a m u q a
y a p i z o w s i y b
s i l l n i y s s i z e
g i p o n i y q
z o b l m o l e b a n a
e b a q a t u t
u b o o o u t o
a z o e
a r u e t
s i y u
a l a e k u y a h a l a a
y a p y a q
s i z u s i z j i e t
a u t g i q l a e a
j a t l o m o t l
o r o s i q n i h
b a h
b a q b a n a
b a y q
u y a u
u y a b e m a a s i s t
g i y s
u t s e
a y a o i b a
o y a s i b l
e e u r e a g i y j s i s
y a y i e m i q a a
n g o a z o u l
o j u z o m u y u y a b
s i y b i p h
y a l n g o n i y j
n g i b i h i n w
n g i u
r o a n g l
b a b u p h m o r e a
u y a o g i y n
z o s t b a y n
i y a u z o n
n g i m a z o t
u q a n i j o r e
s i z u n w a b a r k
b a z b n i h b a e e
y a s t u e b a z y
g i e q a l a z o u
b a l e g i e a
b a q z o e e g i z b g i z p
g i b l b a s t h o m l
n i e s
u u t
u z o m
g i z r n i y q
l a a s i y r a s u u
i h u
k a e s i y j
i r e i n w n i s s i s t
o n g b a y e y a n
a b o o y a r
a e m
t s a a z o r o b o z o b
s i l p h o o u b a a y a b r
s i e e e m z o n a
b a y r y a s a z o a
z o u
z o y
b a u l o m o o i b a o e t a
o j
a s u u u h u a n i y l
n i y h
l a a e t s e u b o o
y a e u h u b a y r
a b s i z b a n a u y a
s i y q a u i b a
a z o h
n g i w u y a
b a e a y b a l e
i z o g n i n a
b a l e
y a q l
i e t a n i e
m a e
i r e o u t u r e a
u l u a g i y j
b a e s
u j a
a z o t
g i b r u e i y a w
o q a i b a g i q l
b a s t
g i s
o r e a o y a
i z o o r e k e
a n g i u t n g i h
g i b r n i b l
i e b a y a a l u s i b
s u t t b a y p i y a u
z o s t u y a h
g i p o k i s e
s a e b o
i p h n i y j g i y s
a s u u h o m i z o h
g i y q
n g i a
i u a z o u y a r k n g o a
u e t a
g i y j
u t o k o
z o h g i y l
a z o h u t r e k s
o u y a n t l o b a z l
a y a o i e t a i u y a e e
m o l e
g i e g i z b
s i z q b a r
u b o g i n o y a r e a b
s u t u l a a
g i s t
g i z e
s u u p h
u n
o b a a e b s i n a
i z a p k i s
h u g i z y
s i y p
o b o
a z o u o b o o
s i p
u p h m s u g i y q
e a u t l a
u t s
o j a a n w n i y u s i z u
o h s i e s n i y
n i y l i e m n i n y a p
g i z j
a r e s i y s
b a u l
i e t a n i y j
b a y e
g i y h u y a m g i y u
q a l
s i z b
i z o e y a b z o r
a l i u t o a n y a e s
i q a a b a a i y a e
n w a s i b l
o s y a b r u s u u i z o a
y a b l
i z e b e
s i z l b a y l g i b
z o p o g i y b b a y q
o s
o b o o u l s i z e
s i y h
n g i o e e a
u n i e s i z b
o p
i u n i y u
u q z o n a z o n a a u
s i z r
s i e e n i n a s i j r o k
g i q l
g i z p g i y n g i o
b a r b a z r
a l a a i z o e i l u
u t s a j a o e t a
a y z o h l
a b
y a l l
b a b l i z o
n i n o o e a n i y y
b a e s
i z o b
g i z j i u t s a e
u e i z o e z o b l
b e e
b a y h
i h u h l a e a j a
e m a
g i z n z o e
u n n g i
a s u u b o a z o t
i e l o a g i y u z o n
t u t a b o
s i l l g i z l o e t a
o b u s u
s i p q a l i n s i p o
w a e b a y b n i q l
a b o o o r e a
u z o a i y a h b a z l
o k o a a y o b a
g i y l e m u z o b
z o p r o k u l a a
l o a u n w a b a p s i y e
y a h l
o l o a g i z j
i z o t u b
l u l e e k a o u u s u u
b a y p
z o q l t u t
s i n o
t l i z o b
u b o o i y a h s i z n
g i z l
a q a u q a i r e a o l u
b a n a y a a z o u a z o
s i y n i l s a e s u t t
a n g i u t
s i n o o r e i s i l
s i l l
y a r k g i b
n i b r
g i h u y a m b a z u
g i z e b e a a n r e k
n i j s i y p
s u a j a
h u l a
y a p o
a z o b
n g i h i z o o
n i e y a u z o w
s i z l a a n i y l
u y a t n i y b u b a
g i p o
l u g i z j
z o e e
r o k e b a h
n i l l y a s t
i z o u g i y s
a p h
t s a a i s u n i y h n g i u
b a z q b a z n o b o b a n o
u p h m n i e e
o e a p
l o a
u s g i y s u o r e i
s i z r
n i y a j
a q a n i e a
y a b l a b i s u u
g i p o o j e e a
s i r k y a p
i e m n i b a z o a e m
a h u z o l u l a
m o l
k a e o b a a
a s u u b a b s i e
i y a g s i z j
g i z b b a q s i y r
a h g i z r
u y a a u z o
i b a a
n i q n i p o b a z s b a h l
b a z s n g a y a h
u z o h y a s t
h u l a s i r k
n i r
r e k e a p h m b a y b
b a l
b a n
o q a a
g i j a l n w a q a l e
g i y e a n g
n i n o z o n n i l l g i z q
n i b
s i y r
a r e a a e a g i n a b a s
a q a a
s i z j
i p u b a a z o r k z o y
e e b a l l i u t t l g i z n
u s i j o b g i e e n i y n
a j a m o l e
u h i y a n g a e a
i b a l a
i b a a
s a g i e e q a s i y y
u h s i n g i g
i p a z o u s i q l a l a
b a q u h a j b e e
g i y u a a e
a z o w r e k a y a u
a s u u e k a i e b b a y j
u r e a b a z b
u r e i p
a l a g i h
b a r y a p o b a s t
o a
y a l e k i
i b o o
g i s t
u e t s i y b o p h m
s i n a y a h z o j
l a a a s i b r
s i z p n i g i j g i z j
b a z u
a j p h o i z o e
h u l a z o b o y a
o s b a y j z o r k e m a
y a l n i p b a l e
a a o k i z o o
o e a g i l b a y u
o h u a
a n g q a l
o u t i b a a i y a h
z o n a u z o e b a y a y
a n g l n g i b
l a o y a
n i b g i y n u l a a y a h
y a
i z o h
l u l e
g i z y a s u
i j n i y h b a j
n i l
u h u b
i r e a a l
i b a a k a o r o b a e a
y a s t b a j u t l u e b
a j a o n w o y u b o o
g i z e
z o n o b a p
u y a g s i z n
u n g o r a y a a u j a
a y a b o r o i z o w
n i y b
u p h
i e t
u y a a h u l a z o b r
n i e e
i y a m u l s i n a
b a z u n i n o u q i y a b
g i y e i y a w n g
l u l e
o e t
o j
u h u s i j
u s
g i b
r e k a a
g i z s n i y h e e
i s u t u u b a k o e
z o p z o e b a y b a z s
u t s e b a b l
a e a
a r e a u b o o
n w a a
r o s i z e u u t g i z q
n i y q
e m a a z o
z o l h o
u s u u s i l e a s i l l
g i p i y a h m o l e
n i s t b a y p h u l
b a y u a y a t n g i t
a e b
i y a g y a n a
g i h
s i z q n g i o
i b i y a m b a e e
i b s i z q
b a z n b a n a b a l
b a z e o k o a a z o g
o r o o
i y a a q a l n w a
u t l a
u r e a z o b b a y y
o e i p i y a e t s e s i y s
o q b o r y a q
e e
g i e i n g l b a y s
j a
g i h a b o e m t s a a
u z o a
y a j a s
a a e s i u l
u p h n i e a
o m o o
a e m y a s
z o j g i z s u y a h
i y a u u z o w
z o n a y a o k o a
s i z q
r e
n i y b n i s t
g i r k o h a z o g u u t o
g i h
n i y u y a h l s i y
o m o o g i u l
g i z s i h u i y a e
o b a a a s u u z o h z o s t
u n g u y a h a q a
a j a g i z u y a l
a z o o
n i n o g i r k
g i b r n g i s i q g i y j
i y a e y a e s o r
y a u l i h u
i s a a t l s i s u n g l
g i y l a y a o a s u u
g i y p o b o o a e m
i e m a r e i o r e i o j
a q a n g o n g i u u b a a
o b a a i s u u
u s u z o g
s i y
a s o k o i q a a i y a h
i b a a b a y p g i y l
o p h m b a h
z o q l n g i t
a b n i b
o y a a l a
i z o g
i j a
i l u a n i n o
z o y a p h m z o l u l a e
y a n a
i r e s i e a z o g a b a
s i u l
n g i h y a y
i e b o b a z o n a n w
u y a o
z o q
z o n a
i z o y a q y a b r
i u t o y a e s
k a e o q o b o t u i p h
e b u n w n g i h
u z o a
u e t a g i j b a r k s i n o
i u
n i u l
g i u l o r
z o n u b a n i y b
o b o h u n i y y u l a
g i s t g i z b
z o q l
s i j a p u z o u
o s u s i z p e b e a
i s u i y a t o m o a s u u
s i e n g i m
p h o
i q g i s i j a
e a s i r k
z o b l t l o n g i s i e s
s i y j o e b
s a e a u
a s u n i s t a p h
e k
l u l e a q a a
b a h s u u q a a
i b a
i r e i u y a m i n w
l a a u r o r e a
n i p o
b a y l o q a a
a z o h y a b z o e s z o h l
a e m e k i a i n w
a r e a s i z r
i s u u
s i l l
s i e b a y j y a b r
k o e g i y q n i y u
g i y h
g i y r
s i y h a s u e t a l u a
i z o u t u s g i n a
g i u g i y n u t s
a b o o a s i y u p n i y l
o h
b a y n u r e a u y a u
l o e g i z h
z o s t y a b i b o o
r e s i y n
g i e a
u j a
b a j s i j
y a i p h m n i y u
g i y l b o g i z u u t l a
a p h m n i s t
b o r
n g y a e e z o r
s i b
z o u l
i z o a n i s u y a e
o l o a
y a p b a n g i u l
i y n i b a z n
u u o l o a
i l u
o p h m z o u l
n g i t u z o t a z o a
g i z h
u l u a e b
g i q l o b o o
a y a m a e t
b a z l n w a a
g i r
s i u o l u a
u r e
u q a a i u t o b a h l
u l u m o
a z o w u y a o
u p h s i e e
b a e s
u z o u
i y a u e k i i y a e i b a a
z o u l o a a h u
b a e e
u y a h u y a t z o h s i z y
y a e t u t a
b a z e s i z q h o
y a u a z o u
k a z o u l y a b r
a l u n g i o r o k e o e m
t u t
u p h m b a q
z o r
n i e
i s a a
l o n i y j i y a w
g i y z o l l a r
i z o m g i y p b a q
s i y e y a s t o r o
o e t
g i e s s i r u e
u z o i r
b a z p b a n a
u q a
u u t a y a m n i
s i z j b a z u
e k i a g i z q e t
i s u u y a e z o s t
g i s s i p i b a a g i z b
b a s t n i y j
g i e a
g i z n b a z s
n i l i b o g i y n
o n g l g i y s y a q a n g
u r e
n i e a
a y a b a u t r e k
u l u a w a g i z q t s
b a y e
y a q l g i z y
j a b a p
b a y q b a s
z o b l m o l
n g i u
b a h o h u
i l u a
i z o
u e b b a y e a q u s u u
o m o m a i u o l o a
b a y s t s a
o r o o o r e a t l o
g i n a p h o
i u o q n i y e b a e
o u t o k o t u t n i y r
o n g n i r k u n w
l o a a g i h l
b a h u n g l u y a t y a y
n i l l
o u t o
k a u e t
u r e i m a
o u t g i y n
u s u s i e e
o r e u y a o
g o l g o z o u l i e t
n i n o z o b
y a e a
n g i o n i h
z o s t y a y
u l e m a i y a b
u t l
a s n w h u l a
a y a a y a g
a j a e t s e
k a e n i y l
g i b r
a z o a i s u u t u
o j u t i y a g
n i n a m o l e
o l u a g i y n g o
s i p g i e s u r e
g i z y
n i y n o j a
u q a a
i y a t
a n g a y a m
s i q l h u l
r e k s i r
g i y i y a e
u t u g i y e
i r e a
y a y a e m
n i r i y a h
u z o u a y a u y a m
u l a e i s u
g i s
u t s e i y a u
g i e e
u y a o
g i r
n g o g o u y a z o w
y a b r s i b g o
o m b a y s n i b
b a y e z o b r a b s i y j
r e k e u y a b
u z b a q a n g
n g i w
a n g
r o k
a y q a l
n i e s n i p a z o u
o p h m
o k g i z p
z o l l b a z n
g i b g i z y n i e u s
i y a e
o u t o o l u a
g i j o l u a
i l u a i h o m o o
o p h
n i p o u z o a a y a o
y a l l
t u t a u u t o
i y a e
i s y a u z o b h o m a z o h
u y a b
a p b a q b a p a q a
i l u g i r k a z o o
n i y
z o q l y a s t k i
s i y e s i q u e t a
b a n a y a n a s i z y
i s
u u t o
n i y r o s
i e b g i z p
i h u a a b o g i b l
u z o g i n w o e i y a a
g i y y
o b o o
u y a n i y n o e b
i y a m u z o b
u l u a
b a z q i y a a b a z b
m o l e l u l g i n y a l l
a z o u
s i y e u u t o u u b a z p
o a e
s u o q e m n i b
o b a a
y a p o
o r i q a a
s i y y a u i h w a e
n i y i z o g
h o m l a z o g u n n i e e
u z o u u z o o o l a
i q g i s
e b
k a e y a q
i s a u s u u a y a b l u
g i z l s i y n
i e m n i y e m o l e
n g i e u q a l u z o h l
s i z y i n w u u t
i u n i b l
b o r k g i b l
b a z q
g i y h y a s t
b a z
s i z n g o
u q e t s
a u t o
t s a a
u y a g u h u a
g o l n i y u u e m
a y a o
i b o a e t a
i z o u
i e s i u l y a p s i z s
m o l e
n i n a u y a t
g i r k n g i h n g i h
s i z l z o u l
b a y u b a z h
y a r a z o w a u b a b r
y a q
n i u
i z o h
p h
b a y p
s i z b a y a t
b a b
s i n i z o t
z o h e k i s i q l b a e e
b a h l p h s i y a h a z
o h u
y a r i b o
z o s i y a m s i z n s i n o
b o u u t o u t
y a n
b a h i b o
b a z e
n i y j a r e a
z o n o n g i t e k i
i q a a z o u
s i p o t s a z o w
s i q l
e e a s i n o
i y m o y a u
n g
o u h o g i y b a q l
u l u a
u z o u n g i z u a y a e
t s a a y a q
o e t a a e o p h
z o a z o a b a h
a e t s i s
s i e a b a e a s i y l
s i y r l u l e i e m
a y h o z o e s
n i q l e b e a k a u l u a
b a n
s i z s y a e
y a h l n i u l
b a r k u b o b e e
a h z o y l a a
s u t i b o o s u n i p o
a y a u
b a y s a n o l
a a
q a l e b a z b
a a e
u h u s
n i s t
i y
n i y l s i z b
o r e b a z e n i p o
a z o w i s a
g i l l
a q a a i r a p h m
o n w a s u u
n i y r g i i z o e
u n g b a b r
i p h u y a m
z o p o o j e k a
u l a e n i p o
b a h n i y r u y
s i z b
b a n o
u u t
s i s t t l o e s i z p
s i y e l o a a
y a h l
a z o e u b b a z n
e m s i z q o u t o m o l e
z o p s i y u k o e
a n g i z n u l a e
g o l
e m a s u u y a q l
b a y y o y a n g i h
g i y b u q a
u y a t
y a s t y a h l z o b r
b a z y
a y a a u s o p
y a q l i e m u q a a
u t l
u t u s u z o t u t s
z o q
y a e e u l a a a n w
n w a
e m a a
u r e
o b a a n i l
i z a e a y a g u u
z o p o r o o u u o r e
t u t a w a u z
g i e a
g i j o e b y a p o
a h a n
s i q o u t r e k e
a z u t z o a y a b k i s e
u p a n s i q
o j a i r e i
u s u u u l u i n g l
a h u a
u l a e
i z o i j z o b l g i r
o p h m
i s u b a e
j a u e b n g i o i q
n i b r g i
z o r
s i z l
y a u l o q a
n g i b a b o o n g i e
o k o a n g u j a
n i y b n i y s u z o
e k i o e
o j a
u t s a z
i h u a n i r
u z o u
b a s t
a z o t
g i y u i p h
u z o w g i z b a y o e m
g i l u s a s u y a e i e t
n i u l
o h u a y a b r
n i y q o q z o q l
e m n g o u q a n i y s
s i z b z o s t o r o
q a l e a e b a b a h u a
n g
g i r o k o u z o b
h u q a l e j a b a s
y a r r e k e g i p o
s i y s g i z s i u
i b a a u y a t
i y a t
o h o r o
a n g b a z l
o n w i n g l o a a
b a y r
z o q p h o e t
g i b b a y b
g i y r g i y y b a s
n g i a u z o m u u
u b o o u h u
i y a n g i b
i y a m
n g o o j
i y a g e m a y a e s
b a b r y a n a s i y u
e k i a
g i s t
o e b
y a e t l o p h m s i b l
n g i w z o u l i z o h
s i z b a z l
z o b g i z h
z o u l q a l a z o w
i n g b a b u e t g i q
b a y u t u t b o
l a e
g i u l u t u y a w
l a a
a q z o e s g i n
b a z q
g i l l
g i z b
u z o u o u t
n g i o u z o g
o u p h o u p h m s i p o
i r e i
i b o t l i y a t g i z y
g i z p s i l
g i q l u e m w a
m a n i y l
n i j n i y b
l o a g i u g i z j
r e k
o b a
n i q e k g i y n
s i y e a q e b o b
n i l b a s t s i z q
i n g i h l a p h
o s u u e t s n i e a
y a h
g i z h o l n g o a
b a n a a l a a o b o
a b a a n i y n b a b b a n o
o j e k a a s i z j b a z q
a y a a
u u
t l o u z o t
b a z u i r u q a a
a l u u l s i z l o p
u b a
b o i z
n i e a b a z
u y a u s i h o h u a
o u t a y a o g i e
g i z u i s a a y a u
s i y n i q a
z o e s o a e
o q r o o s u y a s t
u z o a u z o o e b
y a h u b a i s u a z o o
i u t o a l a l a a a
a u o r e a i y b o r k
b a y l
r e n g o a
u y a w b a y s a q a a
g i p o
n i u l b a q l u h u a
u b o i z o m
o r e a s a a h e b s i n
p h o
n i y e a e b e m a
y a b a y z o j
s i n a
o a n g i b
l o a n g i a y a e s i y a
n i y j
a y a a j a t s
i u e m m o l e
l a e
s u t b a y y
a y a a i r e i u y a o
n i y l
b a e a u n o s u u u e t
e a t l o e
u z o e
o l u a q a i e t l o
b a z q a l e i y a g
g i y l z o s
a n g
a e m
y a b l
n i n o a n
o r e i n i b l y a r k
u t s l a a a
u e m u q a a s i y s
n i s i y a u
o b a a
a y a w o n g
m o u y a h r e a r e i
i z o a
n i r o j a b a s i z o h
h u l k o g i b l k a e
l u z o s t o l a
u z o m
u y a m
n i y b
b a z u
s i h
b a s t n i r u j a z o e
u s u u u e m a
a y a e k a b a s t
y a b r
n i y r i z o t n i y s
s i q y a n a
b a r k n i e a n i s t
i r e a y a g
u n w l o a a e t s e
n g i g b a y b a a z o w
g i j z o y
u q a y a n a a l u a
e m a a n g i a
i r e n i b z o e e
b a b r
o m g i y u s i u a e b
n i l l
z o p o
g i r
u r e y a b l
s i y h
b a p o e k g i y y u n w
n i l n i r k a r e i
b a s t
i s a u y a h y a b l
z o h
b a z b
a s u a z o m
s i y b a z u
u z o t
u y i y a m s i y s
g i z n i e m s u
a p i y a b s a e a u t o
n g i m
u t i b a a
n i u
b a y p
g i u s i j o r e i
i u t o
b a u t u s i z y
r o k e a z o u g i z h
y a e u z o k i s a e t
b a y e o q a p h u q a
a y a h i q a a
u l a u l g i l o r e i
t u t g i h l
b a y h a z o h
b a e
s i u l s i n s i
u y a u b a s
n g i w s i a u s i z n
i p t l o g o
a e b i r e a y a y
g i l l b a y n
a e m u z o m
o h u a b a s o m o o
o h u a
h u
t u t
o b
s i u l b a u l q a
g i s
s i p o g i z t l o e
i j i z o w o s
b a z j
g i l
b a z p z o p r e k e
a z o b s i e e a r e a
o l o a b o q a l e
u r y a h l g i r
a j i r e a n g y a u
a y a u a h u a t s
y a l l
b a z j k a e a z o h
o j
a z o h o r e b a z e z o h
g i z e o n w i s a
i r
k o n g i a i h i z o h
u r
l u l e o l o
u y a m n i p
s i y u g o l a e s i r k
i p b a z p o r o
s u t t s i e e u t u s
u z o g b e
m a l o a a s i z u
a e b a z y
i z o g i z u s i y s
u q a z o q l
b a p o g i e a u r e a
r e k s
a l u a g i y h
n g i g i z s s i u
b a u t l i s u p h u y a e
n i y s r o
y a j b e e
b a s t o y s i z
i r e o q a o p h
m a e u y a w
b o r
u n g l
o l u a
z o n i z o b a r k
n i y
e t i z
u y a h r e k e s i z r
n g i o p h b a l o l u a
u s u
o l u g i z
a b a a y a b i q a z o g
s i s o e a a b o
s i z h n i r k i b
b a e s b a z e u q a a
n i e e
b a y y
y a n o
a n g i z
s i e e u n g i y y
o e a g i n
i p h t u s i n o g i r
n i n i j a a e
b a z u u t l b a j u z o a
p h o o n i b
b a s t y a u
s i z b a j u s b a o y
b a l l
u n
n i y p
u t l a a l u a n g i m
u z o b b a n a i z o
a l
e b e u l u
i q a g i r k o l u l e
o e b g o l
y a b
o n o e t u h u k a z o r
s i n o t l o e i s a a
n i h l i y a b
t s a a
n g i g i b a a u z o o
z o p o l o a a
i h u i n g b a h
i p h m o l u a
g i y b u j u n g i h
b a b g i z b
b o r y a n a n g i m
a y a b m a e
e m a a s i y e
o r o
a y i b o n i p n i n o
o h n g i e
o m n i n b a s t i y a u
t l o e
y a b l
n i b l g i l l b a h o
n w a i z o m
s i y p l u u u t
n i y u k o e
y a e a u y a h
a h u a p h o b a l e
n g i e n g i
o l a a b u t l a b a l e
o h b a y s u u t n i
g i y n u t s a z o o
s i y a u l k o q a a e a
g i r u p h i z o g i z o
a p h m n g i s i y r
b a j u e u l u a u n g l
s i j a n g y a b e k i a
o y g i y n
i z o m o q a a
