u t l o a e a
s i u t l o a
u y a u t l o a
u z o u t l o a
n i u t l o a
s i y a u t l o a
s i z o u t l o a
b a u t l o a
n i y a u t l o a
b a z o u t l o a
n g i u t l o a
n g i y a u t l o a
b a y a u t l o a
n i u t l o a
u y a u t l o a
n g i z o u t l o a
u u t l o a
u y a u t l o a
u z o u t l o a
p h o m o l o e a
s i p h o m o l o
u y a p h o m o l o
u z o p h o m o l o
n i p h o m o l o
s i y a p h o m o l o
s i z o p h o m o l o
b a p h o m o l o
n i y a p h o m o l o
b a z o p h o m o l o
n g i p h o m o l o
n g i y a p h o m o l o
b a y a p h o m o l o
n i p h o m o l o
u y a p h o m o l o
n g i z o p h o m o l o
u p h o m o l o
u y a p h o m o l o
u z o p h o m o l o
q a l a e a
s i q a l a
u y a q a l a
u z o q a l a
n i q a l a
s i y a q a l a
s i z o q a l a
b a q a l a
n i y a q a l a
b a z o q a l a
n g i q a l a
n g i y a q a l a
b a y a q a l a
n i q a l a
u y a q a l a
n g i z o q a l a
u q a l a
u y a q a l a
u z o q a l a
n w a e a
s i n w a
u y a n w a
u z o n w a
n i n w a
s i y a n w a
s i z o n w a
b a n w a
n i y a n w a
b a z o n w a
n g i n w a
n g i y a n w a
b a y a n w a
n i n w a
u y a n w a
n g i z o n w a
u n w a
u y a n w a
u z o n w a
l u l a e a
s i l u l a
u y a l u l a
u z o l u l a
n i l u l a
s i y a l u l a
s i z o l u l a
b a l u l a
n i y a l u l a
b a z o l u l a
n g i l u l a
n g i y a l u l a
b a y a l u l a
n i l u l a
u y a l u l a
n g i z o l u l a
u l u l a
u y a l u l a
u z o l u l a
j a e a
s i j a
u y a j a
u z o j a
n i j a
s i y a j a
s i z o j a
b a j a
n i y a j a
b a z o j a
n g i j a
n g i y a j a
b a y a j a
n i j a
u y a j a
n g i z o j a
u j a
u y a j a
u z o j a
f o f a e a
s i f o f a
u y a f o f a
u z o f o f a
n i f o f a
s i y a f o f a
s i z o f o f a
b a f o f a
n i y a f o f a
b a z o f o f a
n g i f o f a
n g i y a f o f a
b a y a f o f a
n i f o f a
u y a f o f a
n g i z o f o f a
u f o f a
u y a f o f a
u z o f o f a
e t s a e a
s i e t s a
u y a e t s a
u z o e t s a
n i e t s a
s i y a e t s a
s i z o e t s a
b a e t s a
n i y a e t s a
b a z o e t s a
n g i e t s a
n g i y a e t s a
b a y a e t s a
n i e t s a
u y a e t s a
n g i z o e t s a
u e t s a
u y a e t s a
u z o e t s a
t l o o e a
s i t l o o
u y a t l o o
u z o t l o o
n i t l o o
s i y a t l o o
s i z o t l o o
b a t l o o
n i y a t l o o
b a z o t l o o
n g i t l o o
n g i y a t l o o
b a y a t l o o
n i t l o o
u y a t l o o
n g i z o t l o o
u t l o o
u y a t l o o
u z o t l o o
e e a
s i e
u y a e
u z o e
n i e
s i y a e
s i z o e
b a e
n i y a e
b a z o e
n g i e
n g i y a e
b a y a e
n i e
u y a e
n g i z o e
u e
u y a e
u z o e
q e t e e a
s i q e t e
u y a q e t e
u z o q e t e
n i q e t e
s i y a q e t e
s i z o q e t e
b a q e t e
n i y a q e t e
b a z o q e t e
n g i q e t e
n g i y a q e t e
b a y a q e t e
n i q e t e
u y a q e t e
n g i z o q e t e
u q e t e
u y a q e t e
u z o q e t e
r e k i s a e a
s i r e k i s a
u y a r e k i s a
u z o r e k i s a
n i r e k i s a
s i y a r e k i s a
s i z o r e k i s a
b a r e k i s a
n i y a r e k i s a
b a z o r e k i s a
n g i r e k i s a
n g i y a r e k i s a
b a y a r e k i s a
n i r e k i s a
u y a r e k i s a
n g i z o r e k i s a
u r e k i s a
u y a r e k i s a
u z o r e k i s a
e b e e a
s i e b e
u y a e b e
u z o e b e
n i e b e
s i y a e b e
s i z o e b e
b a e b e
n i y a e b e
b a z o e b e
n g i e b e
n g i y a e b e
b a y a e b e
n i e b e
u y a e b e
n g i z o e b e
u e b e
u y a e b e
u z o e b e
s u t u t s a e a
s i s u t u t s a
u y a s u t u t s a
u z o s u t u t s a
n i s u t u t s a
s i y a s u t u t s a
s i z o s u t u t s a
b a s u t u t s a
n i y a s u t u t s a
b a z o s u t u t s a
n g i s u t u t s a
n g i y a s u t u t s a
b a y a s u t u t s a
n i s u t u t s a
u y a s u t u t s a
n g i z o s u t u t s a
u s u t u t s a
u y a s u t u t s a
u z o s u t u t s a
h u l a a e a
s i h u l a a
u y a h u l a a
u z o h u l a a
n i h u l a a
s i y a h u l a a
s i z o h u l a a
b a h u l a a
n i y a h u l a a
b a z o h u l a a
n g i h u l a a
n g i y a h u l a a
b a y a h u l a a
n i h u l a a
u y a h u l a a
n g i z o h u l a a
u h u l a a
u y a h u l a a
u z o h u l a a
h a u f i e a
s i h a u f i
u y a h a u f i
u z o h a u f i
n i h a u f i
s i y a h a u f i
s i z o h a u f i
b a h a u f i
n i y a h a u f i
b a z o h a u f i
n g i h a u f i
n g i y a h a u f i
b a y a h a u f i
n i h a u f i
u y a h a u f i
n g i z o h a u f i
u h a u f i
u y a h a u f i
u z o h a u f i
i t h u t e e a
s i i t h u t e
u y a i t h u t e
u z o i t h u t e
n i i t h u t e
s i y a i t h u t e
s i z o i t h u t e
b a i t h u t e
n i y a i t h u t e
b a z o i t h u t e
n g i i t h u t e
n g i y a i t h u t e
b a y a i t h u t e
n i i t h u t e
u y a i t h u t e
n g i z o i t h u t e
u i t h u t e
u y a i t h u t e
u z o i t h u t e
t h u s a e a
s i t h u s a
u y a t h u s a
u z o t h u s a
n i t h u s a
s i y a t h u s a
s i z o t h u s a
b a t h u s a
n i y a t h u s a
b a z o t h u s a
n g i t h u s a
n g i y a t h u s a
b a y a t h u s a
n i t h u s a
u y a t h u s a
n g i z o t h u s a
u t h u s a
u y a t h u s a
u z o t h u s a
b a i f o f u q a l
s i z o o s u t u l
n g i s i i n i y e t s
b a y a y a r e i h a u l a
z o r g i j a e a
n g i s i u t h u l a u t
g i r e u l a e a e a
n g i y a u l a e a h u
n i y a e e a o a n g i u
s i z o z o l u a l s i r e a n y a u n i f n g i r
s i z o z o t l
n i u z o j z o n
n i s i l u n i i p h o m o t h
u z o i z o u h u
b a z o e e j a e a o i
b a u t e e a h k i s
n g i y a t l h o m
n i y a f i e a e t s g i u a y a t u p h a z o p
s i y a b a q e u z o p
u y a a a e u e t z o e
u y a o o h u l a y a h u
n g i z o s i q e a e a
u z o o l u l
s i u t s o e t s
b a y a m o z o u a y a e a i t
u z o b a l u
n g i z o b a t h y a i t s i i h u l z o t
u t b a h u t h u a e a
b a y a h u l u l a u t
n g i a l n i q i z o j
s i l a e a s u h o
n i u z o f o h h u
u z o n g i r g i r
n g i y a u b a n n i f
n g i y a o o e a b a r
s i z o y a q u u t o f b a e b
n g i b a p a y a e n i e u e b e t u
u y a o h u l u y a q n i n w u y a
u z o m o l o
u z o u y a s b a q
n i y a a y a u u z o q
n g i z o i p g i u
n i y a s i s
u y a a a a l a a z o r
n g i z o o u t u j a
n i s i n l u l a n i u
b a g i y a y a n w
b a y a g i h u
u y a u n u h u
u y a e b e y a t h
n g i a z o t i t l o
n g i z o s i z o l a a e
n i y a p h o m
n g i u y a i
s i h u t e a t l o
n g i y a l o o a r e k g i y a
u y a u z o s g i
s i z o y a b a l u y a p
u z o s i q u r e a y a
n g i y a r e o s u i i t
s i z o i h h o
u u j a t l
b a z o a z o l a y a u
b a y a b a p h o e t s
n g i y a u y a i n g i s u f i e
b a a s u n g i h a t h a n w a
u z o g i e t
n g i z o h s i h u
u y a i t l o a u t i y a s u j y a q e
b a z o i t l o o g i l
u y a i s u y a h u i y a n t s a
n g i z o a l a e n i l u u y a e
n i a y a q u t s a u y n g i f i r e e a
b a y a a e n i h a
s i z o f a l a e a
s i y a u y a n s i z o i t l o u r e k
u y a i h z o e b
u z o o f a e g i p
s i n i i t
z o t i u a e a
u l o a e u y u n w h u s
u y a h a o f o f n i t m o l o i e u p
s i z o i e a b a q
n g i y a e t b a f o y a j
u y a p h o m g i n w
s i z o i u t o i
u y a b a q u l u l n i y n g i y
b a y a u q e j a
n i y a a z o
u y a i h a a i t
n g i z o h u l
u z o i l z o q e u y a p
u h u t b a u t u q
n g i y a a f o e
n g i z o l o o n i t b a q a
n i y a u h u f a e a s i t l
s i a l a e a l u
u y a a y a s a u t l
n i u r e n i u
u a e b a e q a l a
n i a i t p h h a u s i t h s i s t u t s
n i y a b a s u u e t
b a y a g i f m o l o
b a y a u s a n i u y a r
u h u l n g i y
b a y a i h u n g i s i p b a z o
n g i z o y a l u z o p g i z a u i l o q a
s i g i r i z o h
b a l a a e a z o h l u l
b a z o u e t b a t h
b a z o s i o q e t
n g i g i i t g i u t
s i h u l a i h u l n i i o e t b e g i u
n g i z o u y a u n g i r
s i i y a j
n i i q a l a z o n b a n w
u z o a s u t p h o m
n g i y a g i s
u u s f a i r g i u t
u y a b a z n g i r s i l
u z o o o e a
s i a z o q
n i y a n i u t
n g i z o b a y a o h u
n i y a n i t s i s u y a h
b a z o e b u l t s a e
u z o s i q a u l a a
u y a i q a l s i j
s i u u t b a r e
s i z o g i t b a u
b a y a f i y a q i y a a y a t g i y a s i q e
b a z o g i h u u y a h
n g i z o r e o f o f
n g i y a n i l n w a
u z o b a y z o e
b a a q e
n i a y a l t l o o n i n
u z o a t l s i p h i u t l
n i a l a e o p h f o
n i y a s i s t l o
n g i y a z o s u
u a y a r
u z o z o h
n g i z o p h u l
u z o k i a h
a a e a a e a
i t h u s u e a
s i o l y a e b
n g i y a s u t o a b a q a i z o u t q a s i q
n i a h u u u
b a j a e a a z o q
u z o i n o e a u j i e t s
u z o s i y a z o r
n g i f o s a u z o t
n i y a i z o l
n i y a u p h o a i i z o t
i n w u p h o a e a
n i y a f a z o n n i f o o s u
u y a a q a l u e t
n i o r n g i l i f o f
u y a q a g i q e
s i y a o p h
i y a f t h e a
n i i n w a z o p u p h o b a u
b a y a y a h a u f o a y a n s i s
h a u u j a f a e a e a
n i s i u t l u l
n g i y a y a o h u
b a z o g i n w u n w
n i y a a n w g i i t
n g i e e r e i y a p
b a z o n g i l z o u t o r e k z o f a q a l
b a l u i q a e a
s i z o u q i y a
u y a i z o r
n g i z o u z o t u z o f o e b e
s i z o b a p h
s i y a o f o o
s i z o f a e a u t l
u z o s i a y a
s i z o n w a y a l b a p
u y a u t u t b a e t b a q e
u a y a l z o s u
u y a n i s y a j i h a u u z o h n w u z o q
a a i z o n a e a
b a o q e t g i e t a q e t
n g i z o a e a y a r i r e k
u y a z o i t n w a e
s i y a l a a e
n i g i j a e u n i f
s i z o y a t l
s i y a h a u o a a n w
s i z o n i r e q a l o a e s i u i y a l
u z o s i t u f o f a l a e
s i z o o o h u l h a u e t a s u t a a e a
u z o a z f o z o n w u l u l
u y a i r e n g s i e t
u y a i i n i h u b a s u
u z o i j o q n w a e
n g i y a u z o u
b a y a t l o o
i s a e a e a
b a z o s i q z o q
n i t e e i e a j a e a z o i t z o p o e b e
b a z o o l u s a
b a z o s s i t h
u z o z o l g i h u
s i o q e o f a a i t u u t
n g i z o u y a p u e t s u j a
s i z o u y a p j a e a o r
u z o a l a h o u r e
u y a e e h a u f
u y a a y a u j a
u z o f a e i z o p
u z o i h u i p h o z o f o
u y a n g i s a e a o t h
s i z o t s u q e t g i p h
b a y a i n w
n g i z o s i j a a z
u y a r e k i
u y a u l u o t h
n i h o a e b e h a u g i j h u s a b a j
b a y a i f o f
n i o l o b a t h
o f o a e a
s i f o f g i e n i r i y a h y a e b g i p h
n g i y a g i z o n i t h b a n w
u z o a y a p t s a e a f o f
n g i o r e
b a z o i h u o h a u s i t h u q a q e o m o
u y a w a e a a s i j a
t u t o l o e a
n g i u e t g i i t
n i f o o s a e a
s i y a g i r e n g i q z o h
s i s u t z o h u
s i u t h
u g i h u
n g i z o o p h
s i u z o h
u z o u n w a n g i l a a z o n w
s i n i n s i e
u y a z o q a z o j a
g i s u f o n i l e a
b a z o l a a e
b a y a z o i t a z o j
e t y a f o e e a
s i a l a g i j
u a r e o e t s
u z o z o q t u t s
n g i z o o o b a z a e b e
u z o u p h o e t s k i
u z o z o s i l
u a f o s a e
s i z o h u i s a e e k i
s i y a e b e a y a r
u z o b a p h
b a y a n g i r o a e y a f o f o f a n i i
o o e a a j a a e a
s i a z o j u t u g i q i q a l u q e t
n g i i i t h o q a o u t
n g i y a q e a f u h a l o e a o e t s i z o j g i f o
n i n i l a z o
n i y a i q a a y a p n i s u
s i b a y a
u y a i z u z o f o p h
n i y a o f o u s i j a o h u l
b a a e u e
u z o g i i t y a t
n i y a o i t b a j a i z o r
u y a u t l h u t n w t e e a
n g i w a e
n g i z o g i e t
n i y a y a h u
u y a a y a l n i i
n i y a o u t o e b z o n g i i i l u
b a a s u o u t l i h a t e h u l a
u y a n i p h u e t s u z o q
u y a o i a j o e t u s i z o
s i l a e g i j i s a
u z o i r e a u f n i r e
u a y a a r n i i u t h u
b a b a p h e t e p h o m a p a z o n h a u f
s i y a t e e a u e b e
b a z o a z o h a y a e s i t l
s i y a u e i e a f a e
u z o u f o u t
u z o i r n i p u t e
b a y a i y a r e k i g i e t
s i n i t z o f o s i t
s i y a a z o f
b a y a o o e a g i y a a e b
u y a s i e t i y a s
n g i z o y a f o
n i o s u i h u l o q e
n g i y a b a i t b a r e
n i n i q o a e a b a s u o e t a n i h u l
n g i z o u y a q b a i y a n
r e k i g i f e e a
u z o h o a p
u z o s i r y a l u o t l o
n i o i t o i t h a z o
b a l u l o l u a z o q
u y a h u l a z o u
n g i z o n g i u t l f i
n i y a u f o f a p
n g i u y a n y a u u t l a z o f b a h u
u y a a u t s i t l
i y a t a y a e q e u t h i y a j e a
n g i b e e a s i e
n g i z o n w a s u t
u y a i q n i j
n g i y a n g i s
u z o n g i y z o i
u z o a s u n i t l o o e u t u n i l u u t h u
n i u t e e g i t
n i i e i j a b a y
s i q y a e i n a e a
i y a q w a a a e a
b a i i t h
n i i e t s
b a u y a i
b a h o m
s i o i t g i q e i j
u y a g i t l i y a i l u y a r e o t h u z o r e
s i y a b a f i z o
n i g i l u s i y a
u z o a z o r b e a y a s
n i y a i u l o o h u
t l t s a e t h u t a e a
n i e t s i r e i y a e e t s a y a j a a e a
n g i z o n g i p z o q a
n i l a a s i u t e a
n i a a e u p g i e
b a y a e b e e k i s s i l u
n i o f a e u t h u
b a z o a p h o
u y a a z o i a t s i z o
b a z o g i h u i z o p i z o j
u y a i y a q u y a r
b a n g i n
u y a t h u t
n i i e g i r
n i h a e k
u z o a y a h u z o l u t u t
b a y a a q a o l o
n g i h o m o o t h n i
n i y a u t s a o h u
u i q r e i e a a a n i u
s i y a i q e
u y a u t l l o a
s i z o b a r s i j a
u y a s i t l n i e b
n g i o o n i n g i l
s i z o n i n e t e s i h
u z o t h a l a e
s i z o y a i t u t u t
s i z o u t o i t h
n i s u t o j a u i t
b a z o i z o t n i h a y a f
s i z o i f b a
n g i y a q e o s u n i e b
n i s i y a
u z o i p q a l u t
u z o u r e y a e s i i
n g i j w a e a z o a y a n y a q a n a e a
u u e b e u e t s g i z
n i y a u q e t o t
n g i y a z o n w b a j
n g i u l a e u t e e a z
n i y a s i s f i h o m o
s i g i l u o o e i h a a z j a e a m o
n i u s b a t h
b a y a b a u
n i i t l n i t l i h a
n i y a u z o i u s u
b a e t s l a a w a e
n i u u t t e b a y i h u l
u z o u t h
n g i u p h o a r e k
n g i h o m s i h
u y a i r e k z o j m o s i l u a z o j g i
u z o b a p h a l a e n i p h e a b a y
b a z o u p h t u
b a y a l o e n i p b e e a
n g i z o i t l o
n g i z o t e e a f o
u y a s i u t
u z o n g i t
n g i z o b a q e
u z o i y a q
n i y a j y a f o b a f
u z o a z o f o s u t t e u f i e b a h a z o l u
u z o a r e k i y a z o j a a u f o o e
u z o i t i n n w a i r e k s i y a
b a o f o s a e a
b a y a a y a i
u z o i h t e e b a q e
b a y a a t l a t l o
b a z o s i i q a l a h u s
u y a u z o q i t h
b a y a u h a o q e a z o j
s i z o n i y a a y a n
u i z o l b a f o z o q e
u z o u h u l u l a e
u z o u t h z o
n g i z o i u l a a u h u l i s u t
a a e g i f o a e a
n i s i p h u p h o
b a n i y a i l u l a y a q
n g i y a u z o p
b a y a a i t a e t u z s i s s i q e t l a q e t
s i a z o j i y a e b a n
u z o t l o o z o p i e b e
b a z o q a l
u y a a y a s i y n i h a u f
s i y a n i t l z o l u
u u z o o q
u t s s i j a u f e a
b a z o t l o g i j u z o u
s i g i l u i s u t i s u t
n i y a u j a b a n y a j a
n i y a u t u o n w i j m o l o u y a p i y a u
s i y a i j a u s u i p h i y a f
n i i s u b a s u i p h o s i j
b a z o i y a r i z o i k i s
n i n i h g i y
n g i z o a z o l s a z o u i f o f
u z o k i s a
s i z o a y a u h u s a
u y a n i e t g i q e t h
u z o a z o p n g i r u z o
b a y a a z o h u y a i
u y a t u b a i t
u f o b a z u z o
u y a b a e b u i
n g i y a l u l a z o e z o i
u i i i t l a n w a
u y a z o s u n i i z o t
u z o n i s a n w a y a q o e b e
s i u f i y a f n g i l
n g i z o z o u l a u t e
b a q e g i j o n
u z o t e e i j
u z o y a t u l u l
n g i h u s a z u p h o
s i z o s i y a j z o e t s i l u
n g i y a g i u t
n g i n i s u y a f
u y a u j b a p s i h a
n i y a t l o u q a u y a p i e b
n g i z o s i h u i l a a e a
n i n i u
u y a u z o l z o r e
n i y a a y a t b a l u
s i z o s i u o r e k p h u y a s
u y a u t l o g i q e y a f n i u t
b a y a a h u l l u l a g i u t
u u h u i y a l
b a z o a f o f h a i z o r
n g i o l s i f o m o l
n g i b a t l
b a y a o t h u
n g i y a a y a h l u
u t s a a e a
s i z o a q i n w a u e t s
b a y a f z o e t
n g i y a s i p h
u z o a f o z o t
b a o f o f
n i y a o p h a y a s n i e a r e k q e w a e a
u y a i u t o i t t l a e t s
n g i n g i j f o f n i r e y a t h i p o t l o
n i u t u t a t h u
n g i n i s u f i e s i n
s i y a y a e b u s a j a
n g i z o u q a t l o o n g i z o e b e
s i z o n i p h
n i i z o h
n i u s a e b a f
n i b a z u z a z o i o e b e o i t
u y a u y a f i e t y a q a
u y a s i e t a z o
b a y a n g i t h u
n i l u l a s i t l
n i g i h a
n i y a o m o n i s a u f i
u i y a s p h o o h a
s i z o h a n i q e
b a y a g i h u
n g i y a b a i n i y a
n g i z o a n
n g i y a o s u t
n i i y a i y a f
u a z u q l a e
u z o a u t l
b a z o s i r e b a l u i y a j i r i z o e
b a y a g i l u u l u l
u z o u t e i t l o
u y a u y a s u t e e u t e i z o h
b a y a y a j i z o q o e b e
n i y a z o f o y a n w
u z o s i r z o e s u t
u z o a a u h a u
u z o s a u n w a
n g i z o i t h u u q e t
l o g i q u h a a e a
u z o t h u t a i t l a i n w a
u z o a y a t u q e t
b a y a t s a e h o b a q s i n w
u y a e e f o f a a i t
s i y a n w n g i t e e u z o r w a e a
b a y a g i q a o m
u y a e k o j n g i t
n g i y a u f o i e b z o s n i t l
s i y a i b a l u n g i s
u i y a u b a p h
n g i o t l o a z o q a
u a l o o e i y a u
n g i z o a n w g i q t e u h u i f o s i q j a e a
s i y a a e b e a e a s a e
b a i z o n
b a z o b e e a e
n i y a i y a i z o f a y a p
n i i s o m o l u r z o f o
u y a i z o u i q e t s i f o b a n
u u z o i w a e a
n i u e n i h u
u o s u t o l o
u z o u l a e a u f
s i z o u y a f g i y u l a e
u a r z o j q e
u z o y a h t l o a o u t l
s i y a y a u l o e g i y
n g i z o z o h a s i q a z o t o a u h u l
u a j a b a q a b a z
s i g i p i e a y a t u
n i y a i e a u y a
s i z o h u l a a z o s
s i z o n i r e u z o q
s u t u t s a e u n a e a
b a y a s i e o a
u y a s i y i y a p
n g i y a y a r s i z b a z
n i y a h u t e i p h o
b a i p h o
u y a g i l s i e b n i r e
u y a o r e o l u l m o l o
u y a i y a i u y a u
s i y a g i e b u y a i o h u
b a a p n i l u y a t
b a o u g i j a b a i t
b a u r e k
u y a n g i l l o a e l a a
n i y a i y a t a y a j
b a z o u h u t l o a i t h
u z o o n w b a
b a z o o h s i r
b a b a e t a h u a q a
s i a i t y a r e u z s i u t n g i n g i j
n g i y a i q e t
u y a o u t l n i e b u q a a z o p y a q a u y a u
b a z o i t s i r e
b a i u t a a i y a q
n g i u t e n g i j
b a y a a n i j u s
n g i z o n i u t l o a z o j a z o e u q e
u y a i l g i i t a r n i s u n i l
u z o u z o q n w a
n g i z o i h u l y a r o r e e t s
n i y a g i l n i r
n i i q s u a h u l i q a l
n i g i h u a y a e
n i y a i t h a z u p h
i u t l n i n w e a
b a i n w o a e z o u
n i n i q e t s
u y a a f o o e a
n g i z o g i q g i h a
n g i y a h u u l u
u y a u z o t r e f o f a
n g i y a i f o f
u y a l a f o f a
n g i z o s i q e l o o i y a e
n i u p i i n i n w i z o t
u z o u t l o g i h u
u z o o m g i h a o e b g i u
b a i p h o f i e a
n g i u j a a y a p o o e a l a
n g i y a u h u l o f p h o t a j a i j a z o n w
b a y a a e u i t h
u z o i z l o e l a e g i t h
n g i u y a n z o p h z o i
b a i n g i s u g i z
u y a u j n i p h i h
n i y a i l q e t e
u y a i z o r g i q
u u y b a e s i r
b a z o t l o o z o u i s
n g i i f g i t a a e a
n i n g u u t l o n w
n i h a i t h u i z o i
u z o r e n i j a u t u t
b a b a p u q s u
s i u y a i h u s a y a l i z b a e t
u s i f o
s i i r s i f u f
n i i e a n i u
g i n i n w a e a
u f a e a o q e t g i t h
b a y a n w i y a e u t l i z o i n i l u
u y a n i i b a f o
n i y a e t s z o i t
s i u n w n i i j a u h
n g i y a z o t l o n w a o e b
n g i n g i l
n g i y a h
u z o u z o f a y a p z o q e s i h t h u
u y a u i t i l u l i s
n i o f o
s i u l a b a q e
b a z o n g i t u h u l
s i y a u p g i f o a l e e a
b a a u f y a n n g i s
s i e t e n i j a h u l a i t l
b a s i q a t s o n a q e u y a t
n g i z o g i h a e o l u
u y a n i i
u z o b a u y a t l i h
n i n g i u g i z n i h
n g i y a o t s a e a n g i h
s i y a f a a n w a i y a s
u y a s u b a s u e k i s
s i z o s a e g i q e a u f i
n g i z o o r s i e b i j i e b e
n i y a i p h o n i h
n g i y a z o p m o l o
u y a b a t n i p
s i a y a q u f i e
n i e t e e
s i z o o f t h u s z o
n i y a i h o l o y a l u y a u
b a z o i y a s
u z o o a z o u b a e t
n g i z o s i q y a t l
b a y a o t p h o p h o u y a h
s i z o o e b e s a e y a s
a y a q g i q u t e e a
u y a a p y a e b s i f o
b a b a q a o l o e a y a f o f
u z o w a u z o n u q a l
u y a s i o t h
u y a a i t o h u i z o n
b a a i a s
n i h b a r e a
u z o i e t s n i i t t s a
n g i u z o p e e a u l a a
s i y a a z o h i z o l
b a a i t h
b a z o s i t w a e a
n i l o o e a i o t l u z o i
n i y a l o o a s u g i t h b a e b t e u e b
b a o u t o i t h
u y a i z o l o s u t
u z o y a t s i n
n g i z o n i y i y a j
n g i y a u e b e u f g i n
s i i t s i j z o j n i t
b a z o l u l a y o n w a
b a o o e n g i s y a f
n i g i s s i q a n i l u
b a y a n i i t a j z o l
b a a u t l z o t
n i a z o s
u u y a f i u
u b a r t h
b a y a i z o j u t e o o e a
b a y a e t u l u g i e b o e b i e t
u z o z o i t u e t o h a
n i i j a m o l g i i
s i y a u e t s
s i z o b a t t s
u z o y a s u a f o
u z o u y u r e l o o e o l
u y a o m o a t h u
n g i z o b a e
b a n i j
u b e n i f o y a j
s i u z o n b a h a
i h a u n w e e a
u z o t s a e
n g i y a b a n w u s u t
u o q e i l i f o
n g i s i f
n i i y a p
u y a u z o l f o f s i h a
n i y a n i u t n g i s
b a e b f o f n g i h
n i o u a t l o
n i u y a j
u z o o l u t l o n g i p
u y a t e g i t h u t e
s i y a a y e t s a
u y a y a u t n i l u n g i h
n i b a z o y a t u l u l
u z o y a f t u t e t e e
n i y a n w q e t e h o m o
n g i n i q a y a t
n i i n k i s h o m n i t
n g i l o e a u p h s i e b t l o o q a
n g i z o g i q e o p h o i t h
n g i z o a z o h a s u z o j
n i o e t j a e t l o o
n i y a l u l a u f o f
b a y a u p g i u
u y a a y t l o a
s i y a t u t a p h o g i
u y a p h o a t l l o o e
u y a u y a i o h h u s u t h u
b a z o g i s s i e b a y a i
s i y a g i e b
n g i y a e b h u s a u f i
b a z o b a i
b a u j r e k i
u y a i j a i z o l
s i z o o o t l o o
u y a s i q e
s i z o z o n a s u
n g i z o g i e b
b a l u u z o p e a
b a b a e t n g i l
u y a o o u p h n g
b a z o i l u n g i y s i
z o u z o q a e a
n i a y a h n i r e
n i l o u y
u y a u l a e i u
b a i z o p g i z
g i b a z i s u t a t e e a
b a y a u t u t n w a
n g i z o s i h y a p n i l
n g i z o g i q e n i j
n i u y a f o t h s i j a
n i y a g i n a p h o
u z o a y s i n w
u z o a y a p u t s a
u y a o i n g i s i z o r
n i y a e b u y a i g i e b
n i t s u z o q
s i y a t h i p h
b a z o b a p h n i r
u y a u y a h a s u t o i t
n g i i s u t a l n g i t
n g i e t u z o l a u y a n w
b a y a q b a z n w a
u y a u y a p h
b a y a a y a u f o f n w a
n i z o q u y a q n i f
o q a s i a e a
n g i z o o f a b a z
b a y a i r e
n i y a u t u r e
n i s i e t u s u t
u y a y a t l n i h u
n i y a h u t u z o n i u s a
a z o e s i z o u f i a e a
n g i y a j a e s u q e u y a r
i u t l a z o t s i y a e a
b a p h o m u r u f
b a z o h o m i u t l
u z o s i h n g i p o i j a e a u y a h
u y a a z o n b a j a
b a y a h u y a t h
b a z o t l o a g i h u i q a
s i a y a r u y a f
n g i y a a z o n
n g i z o h o m s i t
n g i z o i i t a q a s i y a
b a e t s a
n i w a e b a
s i g i e p h o o s a
n i y a b a p h l o o e h o m
u a a e i z o n s i p h
n i i p h o t s a
n g i o e t a i t h
s i y a u u o q i r e n i y
s i o q i y a s u y a f
u t u t g i t h a e a
u z o i i t h a y a l
u z o u a y a q g i y a
b a z o o a e a
n i y a b a s u e k a y a l
n g i z o i t g i s u
s i y a u e b e o i t h
n i a r a e a
n g i o m o i y a t
s i y a a j a y a h u
s i z o a y a p u e b
n g i y a f i s i t l i y a r
s i z o o f a n g i s z o i
u y a s i h u b a e
u y a u t l o s u t b a l u
b a y a i s a i y a f
s i z o i y a u
u z o i z o t s i h u l o o i f o y a i
u g i e t a a e a
u z o g i e b t e e a
n i i y o i t h o u q a b a h h u t e a e
n g i z o g i e b
u y a u l a u i t h
s i y a a y a p u e t s i t a q b a e l o o y a r
n g i i j t e
n g i y a u p h a j
s i z o f o z o s u
u y a y a p h g i y a
u y a f o f
n g i q a l a i h u z o l u
s i y a i y a u h a n i t h
u z o a y g i l o m o l
b a y a b a y o a e a
n i y a n i r l a e a
u z o u l a e b a h i z o t
s i y a i s u t a u t l
u y a i y a n
n g i z o y a i b a q i l u l
n g i z o u z o h
n i y a s i f e t e e
u t s t h b a q e e a
n g i y a o t h u z o q e
s i z o o m i f o f
u y a i h n w u i
i s u h u s i t h u e a
b a z o o l o
b a n s i l u u e b e a e a
u z o i l t h u n g i j g i t l
s i i e t s i s a e
s i e t s z o s a z o h
s i z o o f o b a t l u p
n g i y a a y a r a i t o o e o n m o l o h u t
b a e b o h u y a l u e a
n g i l a a e k i l u l i y
n i a n w a
u y a z o e b i t h s i e t
u y a i y a f i y a r b a h u
s i s i j u u b a u a e b e
b a f i y a f u l u l
u y a y a i u l u
u z o k i h o b a h a f a i s a e
n g i y a g i i u y a u
b a u n g i l a e a
n i a j a u e t b a y
i t l o o s u a p h o a e a
b a b a t h o t h a y a j
b a y a z o h a u t e g i t l
b a z o g i y a i f o f i h a u
n g i y a u l a o o e s i q e
u z o j i z o r e e a
s i u t u g i q a l u n i i n i t l b a f
n g i z o o j a b a e b
u y a p h b e
b a y a t e e a g i j a i z o j
n g i z o s i s u y a e t
u y a o t l o p h o m
s i y a a y a j s i s u
s i z o y a j a z o t y a p h
s i y a u t e f i s i j a
n g i y a i z o p a q a l b a z o
n g i z o i y a s s i t l a l u o o b a j a
u z o u z o r g i s u
u z o n i u n i q a
n g i z o g i y a z o n w i f o
n i z o e t b a t h
b a y a i f o b a h b a p h
u z o r e k u y a f
b a y a o f b a f o
s i y a l a a u t u t u y a q
n g i z o b a j a u p h o b a e b
n g i s i r m o l o
u y a o r e z o q u h t s a
s i z o u l a a y a j a u y a u
b a y a h u s i t l y a n w
b a y a y a u t
u s i e t
n g i o p h o u y a n i p h o
n g i o s u n i t l b a q e
u y a s i n i y a n z o h a
n g i z o b a n z o r e
b a z o i y a f a u f i g i u
u y a b a y a o f o
f a e o j a n i h a a e a
u h a u n g i h y a n w e a
s i z o u j s i z o o s u
s i z o s i n w l o a y a r e
b a z o e t e e z o i
s i y a i e b e z o j h u s a
n g i w a e g i p h y a e
u z o z o e k
u y a i z o j
b a i z o r z o e b
u y a i r e y a s u y a q i s u t
u z o u e z o i z o e
u y a a a e y a i n i i t y a r b a y w a l o o
u z o q e t g i f y a i
n g i y a h u s s i y a
u z o a n w a a z o h
n i y a j
u y a a p h o a z o l
u y a n i t l s i y s i s
u i y a s g i h a
u u t s a s i p o o
u z o i r a z o q
u y a g i u t y a u a n w a
u y a i t h u
u z o n g i t s i z o
u z o o a i q e o s u
s i y a o j a
n i j a e o n t s a e
u z o a y a e
u y a a e b
s i i z o s j a e o i n g i t
u z o a f y a s u
n i y a l u l a e b a u t
b a i y a p u s i y a n
u y a f a e t l o a z o l
u z o g i t h a e t s b a t l
s i y a f i i n
u z o w a e h u l g i i
n g i y a g i p h a t z o u g i p h
b a s a n i y e t s a
s i y a n w
b a z o u z i t b a l u o t h
n g i y a e t u p h o
u z o i z o i s i l u z o e
b a z o n i p h u u t l
s i y a b a z o
u s i z o n g i s w a
n g i y a l a e a u p
n g i y a g i u t u f i e i z o l g i p h i e b e
u h a a y a i
n g i o h a u h u s i i t
u z o g i l u
b a o t l
s i z o b e i r i t h u
u z o s i l b a t l
n i y a s u n i t h n g i j
b a z o g i y
s i z o q e t e g i t a a e
n i u y a o a e
u y a e t s o a e a a b a z
s i y a i u t l b e e a
n g i z o s i t l a e
u y a i z o r i z
b a y a n g i i
n i s u t u a y a i
n i y a i b a q g i e
n g i z o i l u h u t e
b a y a f i e a n i f o n i e
n g i z o g i l n i y a
s i y a u u t l a z o f
u y a f o f y a r e
n g i s i q e y a n w
n g i l o e a u z o r
s i y a i p u y a n
b a y a a e t u l g i j
u y a t e e a y g i q z o n n i j
u z o o h n g i s
n g i z o u l i y a q
u o o e o t l a s
b a y a k i s a b a u t
u z o b a q a j a e a
n i a y a h o h a u
n g i k i
u y a a z o t f i i q a e b e e
n g i z o l o e a m o l o
u z o a z o l
u y a u y a r s a e a a z o n u z o q g i n w
b a y a n g i h a y a h u p h
n g i y a a l i u t l
n i i t l o s i h u n i f o
n i l o o
u y a m o l
b a y a s i t g i p h
n g i z o a t n g i h u e t s
b a y a g i i t
n g i z o h u t e i y a i z o q a
n g i z o a y a r s i h u
b a z o s i f g i s u
u b a q o h a y a h u
u y a o t h b a t l
s i y a o n w
b a z o o q a o l u l u t h
n i u n u z o a z o r
s i y a i p n i s u o h u a r e k e k i s
b a y a l o o a u t l i l
u y a u u i s i n e a
n g i y a i y u j s i p m o
b a y a y a e t i l u u e b e
n i s i z o a r e a h l o e a
n g i y a o h u z o h a u f o f
n i y a n i e b
b a y a g i j
n i y a a z o e b e
u z o u s u a s e t s a
s i a u i y a f
u y a l a e
s i g i q s i q
u z o z o r
n g i o e t s t e
b a n w a i s a e u l
b a z o a l y a q e y a s u
u z o a q e g i h b a h u n i l u y a h
u i s a
u z o z o u t u y a s
n i a u i e b b a i t
u y a u u t l
i y a i a e a
s i z o r e y a f o f o
u y a z o u u z o f n g i e i y a h l a e h o
o s l o o e u s a a e a
b a u y a q i z o f n i q a
s i s i q e n i g i n
u z o n i s u o t l o
u y a o a b a p h u n w a
s i z o o m o
u y a n i r t e t u l a a e
n g i z o i i u r o h a u
b a z o o e t z o n a p
u y a n g i j s i t l u t s a
u y a q e y a t
u s a u j e a
s i z o o s u t i z o i
b a z o a y a i
u y a w a e
s i y a o s u t f i e a
u y a i u l o e
s i z o l a e a o j
b a y a u z o e n i h a o r e
n g i z o u y a h o q g i p
n g i z o u z o e e b e e o t l o
n i i e t u s u g i s u
s i y a s i h u i y o f a
s i y a u h a n g i i b a h a
s i z o o u t s i l u
s i z o o h a u i t z o h
n i u z o n u t u t u y a e o l u o l o e o o
s i b a h s i t l
u y a s u n g i j z o
n i y a n i u t y a u t u z o s
s i a z o e
u y a s i i t n i h
n g i y a i e t
u a p h n i e t
u y a a y a j
u y a l a e a o m l o a
n i i z o u
h u t e a e a
s i z o y a p h s i y a f o
n g i z o a h a q e t
b a z o a i n i e
b a z o i z u y a l i q e t
u y a s u t z o q e n i u t
s i z o f i e
n g i z o a u f i
b a l a i q a l u y i i t i z o p y a e t
b a z o a s o h s a e t u t
b a a r e k
u u h a n i r e
b a z o a y a q b e a r e k u z o t y a u i y
u z o u y a t h o
n g i a q a s i e b
u y a s i z o o p
s i y a n i e b a y a
l u f o u l a a z o h u u z o e m o l u u t a e a
s i i l u l
n g i y a a a e a o o e a
u y a z o h u n i r e
n i y a n i f y a
b a i z o n t s a
u z o a p n i h u n i h
s i y a g i h u n a y a h
n g i s i y a a y a t
u y a u y a i a p s i q a
s i y a g i t h u y a i
u z o b a p n i u t
u y a i e t s e b
b a j a a e a
s i y a u y a f
b a y a r e u z o t
b a z o t l o a
s i u n w a b a i
n g i y a f o g i q a i h a z o r
b a z o o a e a y a s g i q a
n i j a e l o e u s a e
u z o g i t l
u y a u r u y a i s i t l
b a y a a h u a y a u s u
s i i y q e t o t h
u y a n g i u u e b a u f m o l o
g i s u i z e a
n g i y a o p b a h
n g i y a o s h o m
u j a e a
r e k i o j a e a
s i y a a u f i
u y a t l z o e b
u y a a l u l a y a u
b a z o u e b a y a e
n g i y a n g i e n i h b a t h
u y a b a f o
s i n i s b a h
n g i h u t o i t h a y a s s u
b a z o n i q a
b a y a u f a l u l b e e a
s i y a i s u b a q e a f o l a u t s i y a i
n i a n w a s i u t b a j a y a j u z o t
u z o i l s i z g i h a
u z o n i h u i q e
n i y a z o h l u i q a a u
n g i y a i t h u b a s
s i z o n i n w n g i j
n i f o f a a z o o m o l
u y a i l u l a q a u h a u
u z o e k u z o j o e b
u y a y a i t
u s u t u
u z o s i a h a y a r e
n i u q a o q a
u z o i n a n w a a j n i j
n i i y a i
n g i y a i z o h b a f o
n g i z o i q e a q q e t
u g i f o q a l
n g i t e e a o h u
n g i a z o u i z o n
o o a q e t e a
n i y a y a q a l o e
b a z o s u a z o l o a
u z o e e a n g i p b a l a z o e a z o f a h u l
u y a y a s u i s a
u y a u q a l k i s
s i a y a e a a u t e e
n g i y a b a p h b a e b a z o
u y a i q y a s i q e
n i k i w a
n g i z o z o q a u p h a y a e
u z o g i q e i e b
n i a l a e a e t s
n i n g n i r z o f o
u y a g i y
u h u s y a s b a h u
n i y a y a p h u h a
n g i z o z o p h n i l f a e
s i y a f a o f o f i i t
n i y a y a e t
n i i o r e k
u y a b a q a o f u u t
u y a b a p
n i y a g i n w y a i z o i
n g i y a u e t n i t a y a s
u y a y a i t
u y a b a r e a u t l s i y
u y a o f o g i s u o o e
u y a z o s u n i n f o f
s i i z a y a s i z o n
n i a e b e j a e
b a y a e b e e n i n w
n g i y a g i z
n i a z o p
u y a a a e a t l
b a y a h u l o n w u z o a r
n g i y a a h u l o e b o p h o
u y a n g i q o i t
u z o i y a i o t h u h o m
n i u z o n a y a i l u l o e a a z o i
u y a t l o
u z o i t o i o p h
u y a s i u k i s
b a y a s i s u
n g i i s i z o f o e
u y a w a e a g i l n g i f a e
s i y a s i j a q a l o f o f
n i y a b a h a
s i g i t
u z o o i t o u t l
s i i i t h y a s y a o m u q y a q a o f a
u z o y a r b e e a
b a y a u r e k q a l o f o
b a n i e b i q e t
n g i z o b a a z o p
u y a o s u o r e k
u z o z o f o g i r e
u y a z o h a
n g i l o i q a l o h a u u q a l y a u s u t
b a u t s a y a h b a p
n i o q e t b a n i y a s
n i s i p i n w a f
u t s a e o f o f
u y a i f o h u l a t u o n w u e t s
n i i z o h
n i o s u t i y
n i n i s u
n g i u y a u
b a z o t h u s n g i t
s i z o s a e o l
b a z o i s u t i t l n i t h
u z o o h u
u a z o e o e t s t l
s i y a a y a n n i n w
u u f i e a z o h
s i y a w a e i z o
u y a z o p u l u t s o s
s i y a f o f
n i s i y
n g i a s m o l o g i h
u z o q a t l o a y a q e
u y a u e b e m o o s u u t e e
u y a h u t i q e
u a t l o n g i j i y a p
n g i y a i l u o i
s i u r e k g i h u a h a u g i q e y a f
u y a u z o u n w a i a z o p
u l u l a
s i y a i r u q a o u t l
b a q e t e b a u t n i n
u y a e t s g i y h o m
s i y a r e u e i h a u
u s u t o n e a
u z o n g i l u z o j
n g i z o g i t h
n g i y a i n i q a n i e b s i e b z o z o u q a
u y a i j a
s i z o h u l a
n i n g i u n g i i
p h o t l o e a
s i z o n i u t t u t s
b a o f a e i t h
u y a b a s u z o j e t s
n i f a n g i e
s i z o s h u s h o m
n i h u o p n i s a z o s a e a
u z o n g i s z o j a
u y a i j s u t
i y a p o q e i j a e a
b a u e t u u
n g i z o b a q
u y a u y a e
n g i z o b a h a z o q e i r e k
b a z o u z o i y a j s u t u
b a y a o f o
b a z o o m t s a e n i h a u p h i z o e s i g i i t
y a s g i t h i z o e a a e a
u n g i s a e i s a e
b a y a t l z o i o e t
n g i z o u t e g i e b e b e u z o q i l i t h
n i y a f i a r e
b a z o y a n
n i u n w z o q e j a g i u
n g i z o u h a u a y a j
b a z o u t s a u t e e
s i z o u z o e r e
n i b a y a
s i z o e t s r e k
s i z o n i r o h a u i z o p i e b
u z o u h g i h a
n i u z o u z o f o b a y
u z o e b e
s i z o a q a a f o i e b e
u y a g i e t
u y a j a a j
s i o f a z o n t s
n g i u z o q a u t
b a z o o t a a e
u y a s i r s a a i n i u
u y a s i i i z o n
u z o u z o q e b a z
u y a u t s a z o s n i y a
s i z o y a h n i h a
s i z o y a s o q a l l o a e
u z o u t l o q e t
n g i y a i q i p h l a e
b a z o n w q a b a r e
b a y a a y a n g i y a
n g i z o y a t u q s i e b
s i o e a n g i s
n g i z o f o y a p h
n i n i j a l u
s i y a g i z t e e a
n g i z o u r o s u t
s i z o n i r i z o r u s u t
b a s i t h b a n y a p h g i y u e b e u j a
n i y a i e t s
s i y a u l u n i t
n i a n w b a q n g i t
n i y a o h a u i e y a l u
u y a u t e u p h o
u z o a l a o l u
s i y a h u l i e t s
u y a b a t l o s u t o m b a l u
n i y a j a e a o m o
n i y a e t i h a u
n g i z o s i y a g i s a q e t
n i h a s i n w
b a z o n i q e
u z o y a p h n i q a
u z o i t n i t l
u y a i l g i n w s i p h
u y a o p g i h a t l i y a e
b a z o o q e t
b a z o n g i u t l o a
s i y a b a i n g i t a f i z o i g i q a
n i i p h a z o l
u y a n i e
b a o q
u z o a y a s s i h a y a r
s i z o i q n g i r
u z o b a u y a i s u t u z o i
n i g i z a h u l
s i z o t u t p h o m u e b
n g i y a u l u
n i y a a z o t
n g i e e a n i q a
n g i z o i j u z o e n g i h
s i i e b e z o p
u z o o q a
s i z o i z o l
s i y a n i l
u y a a h u l q e t
b a o i n w a e
b a z o t h g i u t
u y a i z o s i z o e h o y a h u f i e a
u z o l o a e
n g i z o o n w a
u y a z o f o u t u t
b a z o t e e a
z o s u y a t l a e a
u y a j a e a u p h
u y a b a z o u z o s f a e
b a z o s y a j a
s i z o g i z o f w a e a u y a h
n i y a h u t f o f f i e
u z o u z o u s i q e i z o n
u y a a e a j a
s i y a h u l a
s i z o q e t i p a l a e
s i a z o q u f i e
b a y a z o p q e t e b a y a
s i z o u h u l
n g i z o u z o j
u z o a l a e z o n w
s i y a z o e b s i p h
n i b a r a a
u y a y a i
u y a u s a u y i i t
u z o o t n i u u t e e
n i y a u t s i e b i f o f
u z o n i t l u q e a p h n i e b n i q a
u y a g i z o i e t s
n i n g i p h o m
u a s z o t o r e
s i y a g i j a u y a t a h a u
n i m o l
n i u z o g i t q e
b a z o b a e g i y a s i s
n g i y a i p u f o f o i t
u z o m o l i n a e b e
n i y a y a s o i t i h u
s i z o i q a l s i u t
u y a u z o l u y a s a u t
s i y a y a e b y a i
b a z o u l a e i q e t i t l
u l u u u t l a e a
b a y a g i j
u z o l o a e a l a z o h
n i y a i n n g i p
n g i z o i f o i l u l f o f a
n g i z o o i t
s i g i e t
b a y a t e u e b e i f o
u y a g i g i z o
b a u j g i e n i s g i j s i i g i n w
s i z o m o l o
u y a i l u l y a q e u q e t
b a y a a y a n u h
n i g i y i y a s
u y a s i h a n i j z o q e
n i y a u z o l i l u h a u
n g i y a z o e i y a l g i z b a p h g i l
b a z o n g i p o m h o m o
t s a e o i t a u a e a
y a n u t a a e a
n i t h u t
u u l a e z o i i e t
u i z o h
n g i y a n i n i z o n b a p h
n i o n w y a f o
u y a i f o f t s a z o l
u y a g i q o h a z o s
l u l a e a
s i a n w a g i l u
n g i z o f o u p
n g i y a a e a
u y a l o a e u h a
u y a i z o t i y a u
u z o o m b a t h
n g i z o e b e n i p
s i y a i y a h a u f a l u l
s i y a a h u y a
u y a i z o r a q
b a l o e a y a s
r e k i n w a a e a
s i y a a s t e e a
n g i o e a i y a t y a t y a s u s i u t a z o s
u y a u l a a u e t s l a e a
n i a t h u
u y a o s u t a y a r b a u
n g i a y a r a z o p s i r e
t u t s e a
u y a a y a n y a n w s i e b
b a z o s i h u
s i o o y a i a p
n i u h a u o m o l z o h
u o o e a
s i z o o n u y a s
b a i t h u u t l
s i z o a e k i s i f o f u t l o
n g i u h u l n i q a a q e t
s i z o a e i y a n
u y a u y a f
n i o s o l u i t l o
o h a u a z o q e t e a
n g i y a a q a l l a a
u y a o h i s a e h o m b e e a a z o l
b a y a n i q a a z o t l o o
b a u z o i u f o f
s i z o a y b a i t g i n w
s i y a a p h s i z o a e b
u y a o i t h i y a p g i t l
s i z o t l a l u b a p h
s i u y a n o i
a y a l e a
b a y a n i i t s i q a s i h a
u q e t e o f o f b a i t
n i y a s i p h i z o l g i e b
n i y a r e
u y a l o e b a e i t l o
n g i z o a z o l a i t h i t
b a o l b a e l a e a
n g i j a a y a q a e b e
u y a s a e a a z o y a t
s i z o o e b a z o p
u y a q a l i n w i e t s
n i b a i n i n w
s i z o y a t h i n k i z o
b a s i t l
b a y a o f o n i t o t h
n i i t l o j z o j a j a e a
s i g i a l u s n w u f o z o q
u y a b e e a
h a u f i q a o r e e a
s i y a a l a n i q
n i y a o p e t e e n g i f s i u t i n w a n i h a
n g i z o z o n
u y a u s a e q e i h u a j a
u y a i t l u t h a z o s
n g i a z o f
n g i n i n w
i t l o s a r e k a e a
n g i y a i e t i q e a a e
b a z o i j f i e h u s a
u f z o q a t l o q e t a e a
n i o u t n i u t i h s i u
n i u s a e a e b i p h o
s i z o u t s a
u y a u t s y a j a u q a
u z o i z o j n i h u
n g i y a t u t z o r e
n i m o l o a y a f q e t
u y a s u t a y a r u z o j
b a z o u e b s i l u u u t
u y a s i t l n g i r
y a t h a e a
b a n i h a a q e a z o i i e t u h a u
n i a r e i y a t
u a i t a i t o h a u e k i s y a f g i u t
n g i u p h a z o l s i f i y a n o t u t s a
b a z o e k i s a h u s i q a
u y a a y a r z o p h l o a
u z o g i e b h u s a n i n w
u z o r e e b e e
u b a h a i z o l
b a z o t e e a o e i h
u z o a h a h a u f o l u
n i z o j a z o l
s i z o s i j l o o a t l o
u z o l o o o h u
b a y a i z o e u l u y a j a l o o e z o i t z o n w
u y a i s a y a n
n i y a z o q n i q a n i s e t e e o q a
n g i z o u r g i l u i s a
n g i y a t h u t o e b i r a y a r z o e b
n g i z o u l a e i i t
n i y a s m o l o s i r
b a g i y q e t u
s i y a s i e t i j a b a r e i u t l r e k i
n g i y a s i t u t o f a e u n w
o j a a e a
n g i z o y a s i y a q
n g i y a t s f a e
n i u t h u
s i z o i q e n g i h a r e k a i t
n g i y a q e t b a t u n w
b a z o n i y o e z o q e i y a t
u z o n i n w n i j a
b a z o t h u t i z l a a
u y a b a t n i e
u y a n i n
b a a y a e u n w a
n g i a j a u t s a o r o q e t n i i
u y a s a e i j i f a z o l
n i y a t l o o b e e y a j
n i y a f i e a
s i y a s i l u n i s
u y a a f o f
n g i a p h o n i u
u y a u y a q e o h u
u z o k i u y a r b a e b
n i i y a u y a q e
b a a z o t u t e e z o b a t i i t h
n g i u q o n w
u z o t s a e l a e
u y a t e i e t
u z o y a e b n i r e t e
b a y a u s a e s i j b a n
u y a i t h u o p h
s i n i i t n i h u g i q i n
n i l u i y a e i u t
u y a u f i e b a i t a p
s i z o i n w z o p h
u y a u s p h o f a a h
n i u h a a e t
u y a g i p
n i s i e t s i y a
n g i z o o s u t l a e b e
e t e e e a
n g i y a u t h o r e k s i q a i t
s i y a o f a a h u
b a y a o r i z o i
u z o o q e e k n i s b a q u r e k
n i i q e t z o f o o u t l s i n y a f
u y a u i t h l o g i o s u t
s i y a y a g i q a
n i s i u
u y a s a e a
n g i z o o u t
b a n w a e o a e a z o j a
n g i z o u h z o l u u e b
u y a u l s u y a q e a t h
n i s i e l a e a
s i y a o o i f o a s u t
u z o b a r e o q a i r e
u y a g i z
n g i z o s i p
u b a p z o t a n w a o t h u
u i j o u t l u t s a
u y a b a i z
s i e e
s i y a u s u u n w a
n g i i i t i t
b a y a t e e a s i i w a e a
s i n i s u
b a h a u f a a e a
u z o z o n w a h u
u y a j a e g i i t o u t
b a y a i t y a j a
u y a u e t n g i r
n i u h u a z u z o
g i n w b e e a z o j a e a
u z o j a e q a l a
u z o b a n a q a i f o f
b a i z o s u z y a h
b a y a n i u n g i t
n i i y a f a p h o u f i
b a z o a t u z o h i z o f
u y a e k i s h u l a y a i
b a z o y a l u
n i i y a l
s i s i f y a n w
n g i z o f i e a
n g i y a s i u u p h o
u y a u z o f t l u s a e
s i z o o q h u l a a y h u t e
u g i r e b a t g i q a
s i n i t h u t e k i s
n g i z o o a e a u t l o
u y a b a y a
u z o a q a l i z o p
b a g i i t
n g i n i e b u s
n i w a e y a t h
n g i y a i e b
n i i y a q
s i y a t l b a z
s i y a i p h o
s i y a j u z o j
b a z o o o o n w a i y a a f o f
n i g i y t s a j a e a
n g i y a i z o u o a e a
b a y a g i u n i n n i e t
b a y a u n w p h o s i f o
n g i o j a
s i y a u p h p h o m u j
n g i s i s u o f o f
s i z o i q y a s u
u z o u y a r a q a n i q e
i y a j a e a
u z o y a e b a a e
u y a u f o b a h f o f a e a
s i y a z o p u z o i u u t
b a a s u t z o u
u z o i z o f
u y a g i u u y a u
u y a n i t l r e k i
a y a l a e q e t o r e k u i t h e e a
s i a e b b a j a g i u
u y a n i n o t h u i z o q
u a y a q b a p n g i f
n i t s u t e e
u z o y a j
u i q e u l a e u l u l
s i z o s i t l i e a i y a j
u n i s u g i u a e a
a l a e i e i y a s n i j a a a e a
s i t l o o o i t y a j a u f o f
u z o u f i e l o o e b a e t
y a e s i r i e t s e a
n g i y a i q a a f o
b a z o b a n o a e o h a
u y a u z o t n g i e
n g i y a o o u z o q
u o f a a f
n g i y a s i h a
u g i z o o m g i t
b a z o g i r b a n i y a i
b a y a g i r e
b a z o j a a z o t e u j
s i y a o l g i e b
u y a a y a b e e a a z o f
b a z o n i r e f a e a e t s a
s i z o n i h u
u y a s i j q a l a g i t h
u y a q e t s i t l t e e n i h a q a a h o o e a
n i i u s n i n w i u t
s i y a u q a n g b a f o
n g i o e b a s u t
n i a y a q u y a j n i t
u y a u f o a h a b a q a o q e g i i t o r e k
s i z o s i l g i l
b a z o u t h u a u f
u y a u q a u t s
s i y a a t b a h a
n g i z o e k i s b a q i y a m o l n g i s z o q a
n i o r y a u g i z
n i o t q a l a
n i q a n i j a t h u z o e b
n i y a s i u t
n g i g i p z o
n g i y a l a a e i e
s i z o n g i e
n i u l a e y a t
n g i i y a u i t l o o r e
s i z g i u t s y a n e e a
b a z o s i z o n g i h
u z o z o q a o q
n i t s a y a l
n i y a g i s i r n g i h
b a y a o f o f n i g i t l
n i z o j i h a l u
b a z o s i h u s i e t a a
u y a s i i
n g i o f o f i r e k
n g i z o i z o t l a a u z o s s i t h
n g i n i i a s u o f y a j
s i z o a z o i u e t s
s i z o b a f o n i q a
n i n g i e
n i n i e t u u t l
u z o o i t h i u b a r
b a y a o l a q a l
n g i y a a u f z o j a a z
s i y a y a q e q e t e n g i i
u u z o u s i p u l u l
b a a y a r l a e a i y a r
n g i y a s i r e b a t l
u z o b a i t o e u t l o o l u l
n i y a i s u i t l y a f u r e
s i z o m o l o n i i
u i y a l o l o e n i f
u y a o f a l u l e b e e a t h n i u p h u h
n i l u g i i o s u
b a u z o p n i p h i e t s i q a a i t h b a y
b a r e k n g i s f o
n i y a a r e i y a u
s i u y a l i s u o u t s i l i e t z o g i f o
n g i z o u t e y a i t u z o r
u z o o q a l u z o e
n i u y s i i t o q e t
u n g i q o t h u e b e
b a z o i z o j b a q
n g i z o u
n g i y a u q s i f o
u y a u e b b a r
u y a s i h u
b a l u o s u t u n
u z o s i l u b a e t s i y a t l o a a a e z o j
u z o r e m o l o o q
u y a g i n g i q
u y a s i n w n g i s
n g i a n w a
u y a a q e t l o a e
u z o i i t g i s y a p
u y a i s a e g i j a
s i z o t h i y a j u e b a f o
s i z o u t s a o q e o m
s i y a o l u l g i u t
s i t e e a
u z o p h o
u z o s u a p o m o l y a f o y a f
n g i z o u y a q a z o i
b a i n w a s o l o
b a b a e b
n i h o m n w a u q e t
u y a s u o h a u
s i y a a u t y a r
n i y a a p h o f
n g i y a y a h a
n g i z o a f o f t s a e u q e t i s u u z o f
u z o f a e a
n i y a i u s i r u y a j
n g i z o g i z o
u y a a n
u r e k s i j f i e e a
b a y a a e b e z o j
u y a a h a a i a j u z o s
n i i f i f o f
s i o i t h a z o e
n g i y a i z o q z o r e n i u
u y a a t u t u
n g i a z o e i e t s
n i h u s a s b a s
n g i a z o l a e
n i z o t h a y a t g i r
b a z o s i e s i e b
s i a j a s u l o e y a q
s i b a r j a e
u y a i e t s i j a
s i h u a e a
z o e a e a
s i z o a f u z o t n w o l o
u y a o t l o p h o o o
g i q a z o e i q a l a h a u e a
b a b a j i r e
s i y a z o l
b a h u t i i g i p h
n i y a g i u t o m o
n g i s i s s i t i y a r
b a h o m o s i z
s i z o s a e
n i g i l o i
b a y a l o e t s i u t
n g i z o i z o i k i s a a z o q
n g i n g i u i z o f u u
b a a i i z o t o u i n
n i u s u u t l o a h z o s z o u t f i
n g i z o u z o h o p h a s u
n g i z o u y a r
u y a h a u f a z o e n g i u i y a s
n i o e b n i p
a y a j e a
u u u t u f z o t u t
u s i y a
n g i s i e a j a a e a u f i
s i y a i q a l e k o h a
b a y a g i h u h a u
u z o z o s u
n i y a a f o n g i l
b a z o u t l b a y
u z o q e
s i u l u m o l i p h o
n g i z o j a w a b a s
s i y a s i t l a r u r
s i a y a r z o r m o l
n i u y a j s u t u o u t
s i z o b a y a n i u a q
z o q e a e t o h u a e a
n g i o t h k i s a
u y a o q e o u t l
s i y a y a p h
n g i y a n w a e w a
s i a u f b a p l u l a
n i y a b a z
s i y a a h i f o f
n i a l a e k i s
u y a u u t h u
b a y a a z o h f i e
u z o a s a z o l y a h u i j a y a q u p a r e k
r e n i e a e a
n g i s a s u a e q e t o j a u z o s q e t e e a
u y a o l o e
b a y a j a i e b s i q s i i
u o m g i l
n g i z o a q e t o l u l i n w a u p h o n w e e a
u y a i p h n i u
u y a o s a y a n y a q i z o h
b a t h u s n i s
n i p h o b a z o g i f s i n w y a
n i i z o s s u o l o e
s i y a i s b a z o
s i y a i j a z o
b a g i y a r e a z y a q
b a s i f o l u l
s i u l o e t
s i m o i n u i h o i h u l
s i y a u l z o s
n i u y a e n i l u i r
u y a i i t h s i e t
s i i y a l n g i r a e t
s i y a b a q e a s u a z o i
n i o e t l o
n g i y a e e a u l a n g i z
n g i i z o n n i f i n
u z o g i l b a p i t l i y a s s i h a y a t
n i y a e a u f i l
b a y a u s i h a s i e
b a z o b a z o w a i e t s i z o
n i g i t u s u t b a y
n i y a s i p
n i i u u h u s a b a h a
s i z o u s a i h a
u y a b a p h t s i r e
n g i y a b a q e u i g i i o p h
b a n i h a b a y a t h u t
u y a i s u t u y a t
u y a g i r u y a e s i h t h u s a e b
n g i u y a u f o f i y a q
s i u j s i p h
b a h o m z o q e u n w a
s i y a u h u l
s i z o a p h o
u z o g i f n g i q o f
n i y a g i e t
u y a t e e u t l n i p
u y a u n w a
n i q a l z o l u
u y a k i s a
n i u s a e i f o f u j a
n i y a g i l u b e n i y
s i y a o r e o l o e i z o e
u z o s o a e u h u l
s i y a i e a y a h u w a
u z o u y a i b a p
n i y a a z o n a u
s i y a f a e u i i z o u
u z o u t l o b a u o f u t e e i z o i o q a
b a y a i y a t
n i n i h u u t u y a r e
u y a u z n i h u n g i e
n i o j y a p
u y a o q e t
n g i g i j a g i e b z o f o
b a z o s i f o y a s
b a y a s i e
b a z o e e a q
u z o a t h u z o u a q e
u y a r e k i u t s
b a y a o q e l o a e i f o f a q a n g i f a y a s
n g i u e b e o e t s
n i e t e e
b a z o g i y a b a u u t h u
u z o b a s h u t i s t e e l u
n i z o h u g i h a y a h u k i s
n g i y a i i t g i j a a q a l
u z o n i s u t u t
b a y a k i s u i t h
s i y a b a h u a n w i y a s
b a y a h u o f o f b a r
u y a o o e a b a u y a s u
u y a b a z o a z a r
n i y a g i f
s i z o f a e a
s i z o s i n i t l i y a p
u y a a l g i u
u z o i t h o f o f z o n w z o r u l u l i h
n i y a f o o e a u h i z o u
b a a t l z o s i j
b a y a a e b e z o h i u t l
b a y a h u l t l o a t l o i p h o a e t s
s i y a z o q a h u s u l a e
b a t e e t h u
b a z o a t l o t j a z o p h
b a z o o e t s n w a u n w
u y a o s u t
u y a z o r a z o e e a o a e a
n g i y a o a e i y a h s i z
u z o u i f o f u u t b a l u
b a z o i e a n g i u
s i u e i z o t
b a y a f o i j
u y a u y a i a s u s i p
u y a o f o f
n i u s u t a t l i e a
b a z o s i j a e b g i f o h o u e b e a z o
u z o s i e t
b a y a i z o l u l a a
u y a u z o f j a e a y a
s i o t h i y a i
n g i y a o h u l o o e a
n i u n w a
n g i z o f a i e t e a y a u
u y a o a e a s i q e f i e
e b e e a e a a t l o u t u s i z n i f a e a
u a z o n h o a t h
n i y a i q u r e k z o f a y a f
n g i z o n g i s a y a h
n i s a e a
n i y a n i i i t a y a j
s i y a n g o u t l
n g i z o n i r
b a y a n i l u a u t l
u z o e t e e
u y a o l o
n i a f o f n g i l n g i
s i y a y a n a z o s
n g i r e k i n i i a h a
s i y a n g i l
n g i z o b a n i j b a p
n g i z o u f o u y a n i e b e
n i n g u l u h u l
n g i y a s i e b
b a z o n i q u s u t o h u l
u y a a u f z o r
u y a s i p h n i j a
s i l i y a r e a
s i z o i t
u y a f a e e e a
n g i u z o q
u z o e b b a e b e a
u z o g i r
b a z o r e k s i q
n g i y a w a e
n g i z o a l u z o p
u b a u
s i y a o q e n g i p g i l u s a u e b
s i z o o s u t
n g i g i h u k i s a s i h
b a a u f i o t h b a f o
n g i y a z o h u z o s
s i a i e e b a u
s i z o y a t h a z o p
s i z o u f i a y a n z o q a a a s i n
s i o j a z o n i t l o
s i y a y a i g i h a n g i y
u y a z o i t n i r e
n i y a g i n s i y
n i y a p h o m z o r e
n g i y a z o l
b a u q a l o p h o
n g i y a a e b a y a p b a r e
u z o a z o r i u t l b a l
n g i i y a l
u z o s i a n w e b e e
s i t h i y a f j a e a
s i a z o e n g i s
n g i z o z o h u n w t u
b a z o s i p u y a f
n i y a u u t l
n i a s u i j q a l
s i z o e t s n w
u z o a e t y a j a
u y a y a j a r y a f
s i o u f a e a y a h a
n i y a b a e h u t e
u y a z o f g i t h i z o f u y a s
n g i o f o l u i n w r e k i
b a y a i t i z o r
b a z o b a t h u e l o i f o f
b a h a u f n i l o q a l
n i a r e u t e
b a o u t l a r s a e
n g i z o o t l o q a l n g i s
u z o h a u o p u t l
n i y a u u t l f a e a
u u f i e
n g i y a u y a
n g i y a i l n i t h q a
n g i y a b a l a h u l g i b e
u z o b a p h u y a j a t h u
u i r e k w a
s i b a y a
u y a z o u y a l u
u y a a y a s
