b a a f o
f o e e
f o k o
f o e e
f o
f o
f o e e
f o
ŋ f o
b a a t s a
t s a e e
t s a k o
t s a e e
t s a
t s a
t s a e e
t s a
ŋ t s a
b a a d u
d u e e
d u k o
d u e e
d u
d u
d u e e
d u
ŋ d u
b a a l ɛ m ɔ
l ɛ m ɔ e e
l ɛ m ɔ k o
l ɛ m ɔ e e
l ɛ m ɔ
l ɛ m ɔ
l ɛ m ɔ e e
l ɛ m ɔ
ŋ l ɛ m ɔ
b a a k w ɛ
k w ɛ e e
k w ɛ k o
k w ɛ e e
k w ɛ
k w ɛ
k w ɛ e e
k w ɛ
ŋ k w ɛ
b a a g b l ɛ
g b l ɛ e e
g b l ɛ k o
g b l ɛ e e
g b l ɛ
g b l ɛ
g b l ɛ e e
g b l ɛ
ŋ g b l ɛ
b a a j ɔ
j ɔ e e
j ɔ k o
j ɔ e e
j ɔ
j ɔ
j ɔ e e
j ɔ
ŋ j ɔ
b a a ŋ m ɔ ɔ
ŋ m ɔ ɔ e e
ŋ m ɔ ɔ k o
ŋ m ɔ ɔ e e
ŋ m ɔ ɔ
ŋ m ɔ ɔ
ŋ m ɔ ɔ e e
ŋ m ɔ ɔ
ŋ ŋ m ɔ ɔ
b a a k ɔ
k ɔ e e
k ɔ k o
k ɔ e e
k ɔ
k ɔ
k ɔ e e
k ɔ
ŋ k ɔ
b a a h i ɛ
h i ɛ e e
h i ɛ k o
h i ɛ e e
h i ɛ
h i ɛ
h i ɛ e e
h i ɛ
ŋ h i ɛ
b a a n a
n a e e
n a k o
n a e e
n a
n a
n a e e
n a
ŋ n a
b a a t s u
t s u e e
t s u k o
t s u e e
t s u
t s u
t s u e e
t s u
ŋ t s u
b a a k a f o
k a f o e e
k a f o k o
k a f o e e
k a f o
k a f o
k a f o e e
k a f o
ŋ k a f o
b a a t s w a a
t s w a a e e
t s w a a k o
t s w a a e e
t s w a a
t s w a a
t s w a a e e
t s w a a
ŋ t s w a a
b a a g b o
g b o e e
g b o k o
g b o e e
g b o
g b o
g b o e e
g b o
ŋ g b o
b a a b ɛ ɛ
b ɛ ɛ e e
b ɛ ɛ k o
b ɛ ɛ e e
b ɛ ɛ
b ɛ ɛ
b ɛ ɛ e e
b ɛ ɛ
ŋ b ɛ ɛ
b a a t s u k u
t s u k u e e
t s u k u k o
t s u k u e e
t s u k u
t s u k u
t s u k u e e
t s u k u
ŋ t s u k u
b a a k a s e
k a s e e e
k a s e k o
k a s e e e
k a s e
k a s e
k a s e e e
k a s e
ŋ k a s e
b a a k o t a
k o t a e e
k o t a k o
k o t a e e
k o t a
k o t a
k o t a e e
k o t a
ŋ k o t a
b a a t s i
t s i e e
t s i k o
t s i e e
t s i
t s i
t s i e e
t s i
ŋ t s i
b a a h a
h a e e
h a k o
h a e e
h a
h a
h a e e
h a
ŋ h a
b a a h ɔ ɔ
h ɔ ɔ e e
h ɔ ɔ k o
h ɔ ɔ e e
h ɔ ɔ
h ɔ ɔ
h ɔ ɔ e e
h ɔ ɔ
ŋ h ɔ ɔ
b a a t a
t a e e
t a k o
t a e e
t a
t a
t a e e
t a
ŋ t a
b a a t s i n e
t s i n e e e
t s i n e k o
t s i n e e e
t s i n e
t s i n e
t s i n e e e
t s i n e
ŋ t s i n e
b a a t s ɔ ɔ
t s ɔ ɔ e e
t s ɔ ɔ k o
t s ɔ ɔ e e
t s ɔ ɔ
t s ɔ ɔ
t s ɔ ɔ e e
t s ɔ ɔ
ŋ t s ɔ ɔ
b a a k a i
k a i e e
k a i k o
k a i e e
k a i
k a i
k a i e e
k a i
ŋ k a i
b a a b ɔ
b ɔ e e
b ɔ k o
b ɔ e e
b ɔ
b ɔ
b ɔ e e
b ɔ
ŋ b ɔ
b a a k ɔ ɔ
k ɔ ɔ e e
k ɔ ɔ k o
k ɔ ɔ e e
k ɔ ɔ
k ɔ ɔ
k ɔ ɔ e e
k ɔ ɔ
ŋ k ɔ ɔ
b a a f ɔ f l ɔ
f ɔ f l ɔ e e
f ɔ f l ɔ k o
f ɔ f l ɔ e e
f ɔ f l ɔ
f ɔ f l ɔ
f ɔ f l ɔ e e
f ɔ f l ɔ
ŋ f ɔ f l ɔ
b a a f a l a
f a l a e e
f a l a k o
f a l a e e
f a l a
f a l a
f a l a e e
f a l a
ŋ f a l a
b a a t s ɛ
t s ɛ e e
t s ɛ k o
t s ɛ e e
t s ɛ
t s ɛ
t s ɛ e e
t s ɛ
ŋ t s ɛ
b a a t a w ɔ
t a w ɔ e e
t a w ɔ k o
t a w ɔ e e
t a w ɔ
t a w ɔ
t a w ɔ e e
t a w ɔ
ŋ t a w ɔ
b a a k a n e
k a n e e e
k a n e k o
k a n e e e
k a n e
k a n e
k a n e e e
k a n e
ŋ k a n e
b a a m ɔ
m ɔ e e
m ɔ k o
m ɔ e e
m ɔ
m ɔ
m ɔ e e
m ɔ
ŋ m ɔ
b a a n u
n u e e
n u k o
n u e e
n u
n u
n u e e
n u
ŋ n u
b a a s e l e
s e l e e e
s e l e k o
s e l e e e
s e l e
s e l e
s e l e e e
s e l e
ŋ s e l e
b a a y a
y a e e
y a k o
y a e e
y a
y a
y a e e
y a
ŋ y a
b a a h e
h e e e
h e k o
h e e e
h e
h e
h e e e
h e
ŋ h e
b a a w ɔ l ɔ m ɔ
w ɔ l ɔ m ɔ e e
w ɔ l ɔ m ɔ k o
w ɔ l ɔ m ɔ e e
w ɔ l ɔ m ɔ
w ɔ l ɔ m ɔ
w ɔ l ɔ m ɔ e e
w ɔ l ɔ m ɔ
ŋ w ɔ l ɔ m ɔ
b a a j u
j u e e
j u k o
j u e e
j u
j u
j u e e
j u
ŋ j u
b a a f ɔ
f ɔ e e
f ɔ k o
f ɔ e e
f ɔ
f ɔ
f ɔ e e
f ɔ
ŋ f ɔ
b a a w o
w o e e
w o k o
w o e e
w o
w o
w o e e
w o
ŋ w o
b a a k p e
k p e e e
k p e k o
k p e e e
k p e
k p e
k p e e e
k p e
ŋ k p e
b a a f u
f u e e
f u k o
f u e e
f u
f u
f u e e
f u
ŋ f u
b a a l a
l a e e
l a k o
l a e e
l a
l a
l a e e
l a
ŋ l a
b a a t s ɔ s e
t s ɔ s e e e
t s ɔ s e k o
t s ɔ s e e e
t s ɔ s e
t s ɔ s e
t s ɔ s e e e
t s ɔ s e
ŋ t s ɔ s e
b a a d a a
d a a e e
d a a k o
d a a e e
d a a
d a a
d a a e e
d a a
ŋ d a a
b a a s u m ɔ
s u m ɔ e e
s u m ɔ k o
s u m ɔ e e
s u m ɔ
s u m ɔ
s u m ɔ e e
s u m ɔ
ŋ s u m ɔ
b a a k u
k u e e
k u k o
k u e e
k u
k u
k u e e
k u
ŋ k u
b a a l e
l e e e
l e k o
l e e e
l e
l e
l e e e
l e
ŋ l e
b a a w a
w a e e
w a k o
w a e e
w a
w a
w a e e
w a
ŋ w a
b a a k p a s a
k p a s a e e
k p a s a k o
k p a s a e e
k p a s a
k p a s a
k p a s a e e
k p a s a
ŋ k p a s a
b a a j i e
j i e e e
j i e k o
j i e e e
j i e
j i e
j i e e e
j i e
ŋ j i e
b a a t u u
t u u e e
t u u k o
t u u e e
t u u
t u u
t u u e e
t u u
ŋ t u u
b a a f u t u
f u t u e e
f u t u k o
f u t u e e
f u t u
f u t u
f u t u e e
f u t u
ŋ f u t u
b a a k p ɛ t ɛ
k p ɛ t ɛ e e
k p ɛ t ɛ k o
k p ɛ t ɛ e e
k p ɛ t ɛ
k p ɛ t ɛ
k p ɛ t ɛ e e
k p ɛ t ɛ
ŋ k p ɛ t ɛ
b a a b l ɛ
b l ɛ e e
b l ɛ k o
b l ɛ e e
b l ɛ
b l ɛ
b l ɛ e e
b l ɛ
ŋ b l ɛ
b a a j e
j e e e
j e k o
j e e e
j e
j e
j e e e
j e
ŋ j e
b a a ŋ m a a
ŋ m a a e e
ŋ m a a k o
ŋ m a a e e
ŋ m a a
ŋ m a a
ŋ m a a e e
ŋ m a a
ŋ ŋ m a a
b a a d i k i
d i k i e e
d i k i k o
d i k i e e
d i k i
d i k i
d i k i e e
d i k i
ŋ d i k i
b a a w i e
w i e e e
w i e k o
w i e e e
w i e
w i e
w i e e e
w i e
ŋ w i e
b a a g b i
g b i e e
g b i k o
g b i e e
g b i
g b i
g b i e e
g b i
ŋ g b i
b a a h i
h i e e
h i k o
h i e e
h i
h i
h i e e
h i
ŋ h i
b a a n y i ɛ
n y i ɛ e e
n y i ɛ k o
n y i ɛ e e
n y i ɛ
n y i ɛ
n y i ɛ e e
n y i ɛ
ŋ n y i ɛ
b a a s h a
s h a e e
s h a k o
s h a e e
s h a
s h a
s h a e e
s h a
ŋ s h a
b a a ŋ m ɔ
ŋ m ɔ e e
ŋ m ɔ k o
ŋ m ɔ e e
ŋ m ɔ
ŋ m ɔ
ŋ m ɔ e e
ŋ m ɔ
ŋ ŋ m ɔ
l ɔ k ŋ ŋ m ɔ b a a w
ŋ l ɛ ɔ
k a f k p ɛ
l a
t a w a a k t
a b ɔ
k a n k b o e
f l ɔ o
o t ŋ g b ɛ n e e
a a d a l ɛ ɔ
a m
b i k
t s i a ŋ b ɛ ɛ o
ŋ s u ɔ
a t s n
t s u e f ɔ f
b ɛ ɛ o
k w ɛ m ɔ
a a g o l e e
f o s ɔ s k
s ɛ m a
a a s l
k p e ŋ w ɔ
u e b i e
j u
t s u u n a k
h i k k w a a w e
a a a k ɔ s ɔ s a f
ŋ k w ɔ l ɔ ɔ a f o o
a k o f ɔ e h e k
l ɔ m e
f ɔ f t ɛ a a ŋ ɛ t
s ɔ a h ɔ a l ɛ
a a b k a s e ɛ e
s w a a d u
j e k
ŋ d a k o a
ɔ s e e o e e
s ɛ b a a y d a a e
k ɔ ɔ e b a a y
k a a k p s m ɔ ɔ e
a m ɔ a g b m ɔ ɔ
w ɛ s u e k a f
a a t w
ɛ ɛ k ŋ t a ɔ
m ɔ ɔ o ɛ m ɔ o
k a s k
a t s k k a s e a n y
s w a e i k
s u m k s ɔ ɔ e
ŋ f ŋ d
k w ɛ e a a b
w a a a a b h a
a a m a y w o e
a w ɔ o
g b a a s l e e u k u e
k p e o s e k l ɛ
ŋ b ɛ ŋ s e e
u t ɔ l ɔ ɔ m ɔ
a a n i
ŋ f a t ɛ
d a a o
s i e l
a k u d u e f o e
o k o w i j e k
ŋ h i ŋ b l
ɔ m ɔ e
a t s k
s i j i e
m ɔ ɔ
ɛ m ɔ e
ŋ j g b i b a a o
l a k
k p e e
l e e b ɛ ɛ o
j e k p ɛ ɛ n y i e
h i ɛ e
ɛ ɛ e a s a e
e k o b l ɛ e
l e a l e b ɔ e ɔ ɔ
s e l
a a ŋ a f u e
ɛ e j ɔ k ɛ t a s a
u k u e ɔ s n y
ŋ m a k
a f u f u
b ɛ ɛ e a a s l i e k
t s ɔ t s u w i
ŋ t l ɛ k
a s t s u u
d u k a f o w a a
o k f a l
m a s i n
ŋ k a o g b o
l ɛ k p e e
a a l k o t e
f ɔ f ɔ o e e a l
a f o o
ŋ k a o ŋ h ŋ m ɔ e
k o t e p ɛ t k ŋ f o
a a ŋ a
y i b a a s
p ɛ w ɔ k ŋ y a
ŋ n
b l ɛ o ŋ h a u m
a d i i a s
a s a a a w l
w i f o k
h a k t s u a a k s
a a k i a a f
ŋ d i e l a s u ɔ
h e y i ɛ e j i e o
a a s s e l
s u e y i ɛ e
a l ɛ a s a e
u e e
k a i e
n y i e ŋ n a
ŋ k p t
a a w l w i e o
a a k s
ŋ h e a a t i
t s ɛ e a a j w a e
a k o a a a k f
a t u a n y
a i e ŋ w i a f
a d i i
s ɛ k
s w y a a a d
f ɔ e a w i
a a t ɛ b a a o
o t a e m a a o
a h e
k p ɛ p a s e
n e a l a o ŋ b ɔ
t u k d u e
ŋ k ɔ a a k t ŋ m a k
l ɛ k
b ɛ ɛ e ŋ f
a h i u t u a k p
a a n
a s e e
ɛ ɛ k a s e o b ɔ e
k p e
a w ɔ a s h
ŋ m ɔ k
a b ɛ a a s m
p ɛ t e
k p ɛ
s w a
a k p s s h u k u e
ɔ m s e l e a a t a
y i ɛ e ŋ b
a y a k a s ɔ ɔ o
t s ɛ e d i k k p e e
p a s e ŋ m ɔ k
a b ɔ
s a k s e k
n y ŋ t s s k p e e
t s w a a a
e e ŋ f a a
a j
b a a h b l ɛ w o k
ŋ l a a j e d a a e
k a i o ɔ l ɔ ɔ
a t a ɔ
a a n a t s ɔ
t s u e
ŋ d i i a b l a s a
a f a a b a a e
l ɔ m
ŋ k u
k p e a k p w a
w a a e a l a
d i k ŋ k p n u k
f o e k i e
a s a e a a w l
a i a n s w
t s u
h i ɛ e ŋ j u
l ɛ k
ŋ w o ɔ ɔ k k ɔ ɔ e
b i ŋ k ɔ k o
j e i k i o j u e
j e l ɛ d i k
a f o e
n a
ɔ l a d u t u k ŋ w i
i n e e k
s e a ŋ m a k w ɛ e
ŋ y a h i p a
w i h e
p e k ŋ k u l ɔ m k
u m ɔ e s u m a a w l
a l ɛ a a h ɛ ɔ m ɔ
a w t u g b ŋ s
l ɛ m e
k i n y i k i
j i e k p ɛ ŋ b l
l ɛ e l e e
ŋ j i s a a a k n
ŋ k w ŋ k o a
p e d i k b a a ɛ
ɛ t ɛ ŋ s h
k a f e
m ɔ ɔ e b ɔ k
a y a ŋ m a
ɛ m h a t s ɔ
ŋ k o t s ɔ t s a e
a a f f ɛ m ɔ e
e l o e e s e k a i k
k p g b o ŋ t b a a u
ŋ j i u t ŋ n u
a a k ɔ
ŋ h ŋ k o a
h i ɛ o
i k i e a ŋ m a
g b o e a a k ɛ
ŋ n y ɛ
n e k e l e o
h e s ɛ a s a
i k o n u e
s u e f o k k ɔ
ŋ ŋ m
ŋ ŋ p ɛ t e o t a e
k a k o
s a k
ɔ ɔ k ŋ s h ŋ w
s ɛ k l ɛ e b ɛ ɛ o
ŋ k o a
s h a o s e m ɔ ɔ
d u b l ɛ o ŋ k p a s k
h e u m ɔ e a a k s
k p e u k u o ŋ j i
a a d
b i a t s ɔ a t s k
l ɔ m a n y ɛ j i e
a f o e b ɛ ɛ a a t ɔ
g b i
a k ɔ p e k y a
f ɔ f ɔ a a s l
ɛ e e ɔ s e a a k f
h a k a a k a ŋ m ɔ
ŋ s u ɔ b i e a h a
j e k t s u e
ŋ t s k
t a w e
a t s a
ŋ j
u t u o
f u t s ɔ ɔ o
u m ɔ ɔ s l ɔ m k
e l e o b l ɛ
p ɛ a i k a a w e
i k
a f a ŋ s u
s w a k i
a l a a a k ɔ j u
t s u u i n e f u k
a s a a a k n b a a a
a t s a g b b a a ɛ
t s i e
a b ɔ l ɛ k
u k u e d u a t
a w ɔ e
a j u a g b ɛ a a k ɛ
ŋ s h ŋ ŋ m ɔ
a l a e s ɔ s e
g b l
t a k f u e
ŋ h i s i n e a t a ɔ
ɔ f
k u ŋ b ɛ ŋ j i
a d i i
t s i e
u e e
k p ɛ s w a u m ɔ o
b ɛ
b ɛ ɛ s i a l a o
f u a a n
ŋ l ɛ ɔ e l e
a s a k o t k
ŋ l a ŋ s e e f u t
ɔ ɔ e a t a
b a s a k a j
ŋ l e e l e
ŋ s a b ɛ
ŋ d i a a k i
l ɔ s w a e
m a a l a e a w ɔ o
a f u ŋ y a d i
f a l e
a t u
w ɔ l y i ɛ e
ɛ m g b l e
ɔ ɔ s e k s h a
a f ɔ l d i k k
ŋ s h m a a o p e
u m ɔ o
a a s s ɔ ɔ
w a e y i ɛ e
ŋ f a a
s h a o j ɔ e ŋ ŋ m a
k a i e l ɔ m e j e
t s i e f o s i k
ɔ l ɔ ŋ d
a a y
ŋ l a f ɔ k a s k
a a g e l e a a j e
a e ŋ w a ŋ w i n u k
k ɔ ɔ e b a a s
a l e a ŋ m
a s a e a a t u
d i k e m a k i
k a f k
a f ɔ l
a f a a i n a y a
a k w a l a o u k u
s ɔ ɔ o
ŋ b l a k a o a a ŋ ɔ
f a l s e k n u
ŋ h a w o e a s h
s a a y t s w
a d a w a k
u m ɔ o k o b a a m
u t g b o e w ɔ
ŋ w ɔ
ɛ k a k ɔ
ɛ m a h a
w a a o f ɔ e k a s e
b a a m l e e
a t s a f ɔ a a h ɔ
f ɔ k ɔ ɔ k
a a ŋ a f a g b l
a d i i t a w
g b i o a a s l ŋ y
w a a o o t a e
a j ɔ h ɔ ɔ
t u u a l a ŋ d
u k u o
h e u m a w ɔ
f ɔ u k o
h ɔ ɔ e
w ɔ k s ɛ
ŋ l ɛ ɔ
b a a a j i
l ɔ k ŋ n ŋ s e e
k a i e a f f a l e
ɛ k u m
t s i o e e e
n a e j ɔ k s w a
h a k
ɔ ɔ k ŋ k p ŋ t s n
y i ɛ a h e t s ɛ
y i ɛ o e k
k ɔ ɔ
ŋ t s a
ɔ s e e
ɛ e e ɔ s e n u k
ŋ k o a a g l k a n e
d a a o
a a k a a g i
e k l ɔ m ɔ s e e
ŋ d a b ɛ ɛ e
ŋ f ɔ
a t a ɔ a a g o
k o t k b l ɛ o
w ɔ e k o
f l ɔ e e e k w ɛ o
ŋ n b ɛ ɛ o ŋ m ɔ k
ɛ m i n e
n e k k ɔ ɔ a a t
a a h
s w a a l ɛ
ŋ h ɔ b a a i
a t s k ŋ b ɛ h i ɛ
g b o e
a f o e
l a e b ɛ ɛ a f o e
ŋ h i m a a
k i k
s h a o g b i e ŋ h ɔ
ɔ m ɔ e
l ɔ m e t u u o
ŋ s ŋ g
f ɔ f ɔ ŋ m a e
u e e p e e
a a t a w ɔ l
ŋ l a
a k p a d u
w ɔ l l ɔ a d a
w i e e ŋ w o
l ɔ g b i e
n u e ŋ m a a g b
y a k
g b o f o k h i ɛ
a a g i j u k b a a a
w a a e
w a a s e k p ɛ t k
o k o a w ɔ ɔ
f a w ɔ
t s u p ɛ
k p e
a w ɔ o a b l j u e
o e u t u o
a k p s p ɛ
f ɔ k
t u k
b a a ɛ ŋ k o
f o k a t s k
s w ɛ ɛ e k ɔ e
b l f u u u e
ŋ j i
t s a e
a f o a n e h i ɛ o
s i e
i ɛ t s a t s a o
ŋ m a g b i e e l e
a w ɔ n a k
t s ɔ k w ɔ k
h e k
d i ŋ b l a a g i
t ɛ t s a
ŋ m ɔ o a n u o t a o
u u e
f o e k w ɛ e d i k k
u k u e ŋ w
ŋ d i a a h ɛ k a
a m ɔ
l a k g b o e
e l e e u k
j i e o
s ɛ k ŋ k p b a a m
ŋ l g b i e
ŋ w a ŋ k o
l ɔ m b ɛ ɛ
k a n ɔ ɔ k i n
b l ɛ e ŋ s e a f
s w a y i a n u
b a a s
s e l a t s a h i
a a k ɛ
h a a a k ɛ
ŋ t s a
a a h ɛ k a n
b l ɛ ŋ k o
d a n e k
a i ŋ m a e a l a
m ɔ ɔ o
h ɔ ɔ o e l s ɔ s
a a t w
w o k k u
s i n e
b a a o a ŋ m
a t s k u k t s a e
a a k s
ɔ m ɔ o
w a f l ɔ o
s ɔ ɛ e e b l
d u s u k e ɔ f l
a i s w a k
d a a s a e
a a w l k a i s u m k
a a t a
f u k
p e k a l ɛ ɔ
ŋ h i a t s s
h a k u t k a n k
p e e k a s e
ŋ f o a j u n u e
s ɛ i k i a l e
t a e a f a a a e e
a w ɔ o
k o ŋ m a k p ɛ ɛ
a h e s u m k i k i
a a s a ŋ j ɔ
o e
t a
y i ɛ
d u e w ɔ l m
ŋ k o a ŋ s e
a m k p ɛ
f ɔ e
a t a ɔ a y a a t a
j ɔ k u t u e ɛ t
a ŋ m ɔ ŋ y a
p a s k a w
ɛ ɛ e a ŋ m ɔ
e l e o ŋ s h ŋ h i
u k u e t s i e
a g m a
ŋ m ɔ k o ŋ t a
k a s p a s
ŋ h e
a ŋ m a a t a ŋ h a
j u e s ɔ s k
a k ɔ
a t s s w o e a a w e
k i k
a j e a f t s ɛ
o k o t u t s w
ɔ l ɔ k u k g b
a y a n y i e
n u k t s ɛ e b a a i
k w ŋ j e t u u o
k u k
m ɔ k t u u h i ɛ o
k a i
ŋ m ɔ e
p ɛ t e ŋ k p t k w ɛ o
f ɔ k s a f a l e
f u k a k a o
y a s i n e
b a a l
ŋ k w
p a s a g b ŋ d a
t s ɛ o
ŋ m ɔ o s ɔ ɔ b a a ɛ
a s u h i s w
a a ŋ ɔ
a t s a a a d a
a t s ɔ ŋ f a a a i
n y t a o k
a d
a j w i e g b l k
ŋ y a s ɔ s e
a t a ɔ
w ɔ l m
a a w l l ɔ m k
l ɔ m ɛ e e
ŋ k ɔ
ŋ t s ɔ
t s i j ɔ e
t s ɔ
ɔ l s i n e
t s ɔ k a f ɔ
f l
d i k
p e l ɔ m e
p ɛ t
i k o y a a n a
o t ɛ ɛ a w ɔ f o
ɔ k f l ɔ e a k o a
j u k
k u s ɔ ɔ e
s ɔ ɔ e ŋ k p s
a i y i ɛ e
k a s e ŋ t a ɔ b l
ŋ j u i k i o l a
t s ɔ k
a d
s ɛ e a a s a
t a e ŋ w ɔ
f ɔ e e k t s
i e ɛ e e a a k i
a a w s h a e
b ɔ k k ɔ ɔ k
l ɛ k u e k a i o
a s e f a w ɔ l a k ɔ
n y ŋ m ɔ ɛ ɛ h a e
s e l a g
b a a o m ɔ ɔ e
ŋ m ɔ e
a g k a i o m ɔ
w i e a n a
ŋ j a h ɔ w ɔ l
f l ɔ e
a h ɔ b a a i ɔ ɔ
a a h a f o e
ŋ t ŋ f u
l a a l e t u u
a l a e
a a t ɛ
a w ɔ e
a j a a ŋ m a
a ŋ m a g b ɛ
a l e a m
ŋ f u u
t s u e t u e
a a k ɛ u k u o
s i n e o t a
t s u o
a ŋ m ɔ t s w a
s e l k p ɛ t e
n a
a ŋ m a a b
u k u o a a ŋ ɔ
u m ɔ e ɛ ɛ e
f u t k u k u e
b a a b
a w a w ɛ ŋ l e
g b i
s ɛ e a a k ɔ
y i k a i ɔ s e e
s ɔ ɔ o
ŋ ŋ m k a n
ŋ g b a a k i k ɔ ɔ
n y i e
t s ɔ e ŋ b l n u e
ŋ s u ɔ
u t u e
s e l t ɛ k a t a
i e k a f e a a g
b a a
ŋ l ɛ h e
g b l a l ɛ ɔ
p ɛ t k
y i ɛ l ɔ m k f a l k
b a a i b a a p
a a k ŋ s h ŋ d u
p a t a w
g b a a k s e l e e
ŋ k p f ɔ e s i k
i e k ŋ k p s
f ɔ e a a l
s w a
ŋ w ɔ ɔ
a a h ɛ t ɛ t s ɛ o
a i e w i e e
o k s u k a n u
t s a e s u k
k a f e ŋ b s ɔ s k
i k ɔ s e
k a d u e
w a k b a a b
a b t s a
ŋ j e b a a ɛ
w ɔ e s ɔ s e a w i
k i k o t a e ɔ m ɔ o
a w i
y a e m a a e
p a s n u ŋ f u u
f u d u k t a w k
ɔ e l ɛ
a j a a s a h e
d i o t a e
k a n b l ɛ o j u
ŋ g a t s k
w ɔ l o t a o
f u t k w o k
w a a s w a k o a
w a a t s ɔ ɛ k o
a f u u
t u u e a a m
h i ɛ o
h ɔ ɔ e
a d a f l ŋ d i
e l e
t u a a g ɛ e e ŋ s e
d a a o b a a a
n a e
s u k k
ɔ e e a f ɔ f a l e
i k o ɛ m ɔ o a t a
ŋ t s s
ŋ t s k k o t k b a a i
ŋ ŋ m ɔ b l w a a e
a f u t s ɔ k ŋ j ɔ
ŋ f ɔ
o k
ŋ b ŋ l e b ɔ e
ŋ h ɔ h ɔ ɔ f o
n u e b a ŋ f
a f a a t u ɛ ɛ a n e
g b i e ŋ k a a y a
ŋ k w i k i
t ɛ k
ɔ e t a e
w ɛ ŋ m
a i a a k a i ŋ l
a t s a a l a e ŋ j i
a a d a t a ɔ f ɔ
ŋ f o ŋ t s a ŋ t s ɔ
a d i a t s n
w i e
w ɛ f u e a a ŋ s e l e
k ɔ ɔ o a w ɔ o h e k
u k o w a b a a w
ŋ j i l e t s u o
ɔ f l ŋ n y ɛ
n u k
a w o a s u
a a w e
a a d a ŋ w ɔ
ŋ k o a
j i e b l ɛ o
k p a a
g b i o
ŋ j ɛ t h i k
f a ɛ m ɔ o
l ɔ e
t a w s ɔ s k a a g
ɔ e a s u w ɔ l
a i k
ɛ m ɔ e k u k
ŋ l ɛ ɔ
a k ɔ a a m f u t k
a a t a a f ɔ l
ŋ m a e ŋ m a e
h ɔ ɔ e y a a a w l
a d i j u e
s e l e p a
b ɔ e k a n
w ɛ k ɔ s e o
m a ŋ n ŋ g b h ɔ ɔ e
m ɔ ɔ o ŋ n y ŋ k p
ŋ b l k o t
d i a s h s u k k
s ɔ ɔ d u e
ŋ k w h e e h i ɛ e
l a t u u o
k w h ɔ ɔ e
h a k ŋ t s w a k w
t ɛ ŋ s h a s a o
k o t k
a k a ɔ m ɔ o
p a s k s h a a a k i
a a k n
a a b a s u ŋ k p s
a k a o u u ɔ l ɔ
k w a h a
ŋ f ɔ l a a l ŋ k w
a i k ŋ n u
a f ɔ s u m a a t
u u e b a a p a ŋ
u t s i n e
y i ɛ o
ŋ t s s
l ɔ m k y i ɛ o
ŋ h i ŋ g
y a e
o t a o
k ɔ k
ɛ k o u e e
f u e k a i s u k k
a w ɔ e a a h ɛ
b i e t s i
h ɔ
i e j ɔ k
a a g o s a e t s i e
ɔ f l a g b
a d i i ɔ s e e
a f ɔ ŋ f a a g b i e
a f u
a a k s ŋ t
a g w i e o
ŋ b t s ɛ
ŋ f u u
b ɛ h a a f k a i e
k u e s u e f ɔ k
d i ŋ f u u ŋ l ɛ ɔ
j ɔ k t s i e
s e k a w ɔ o ɔ f l e
h a e ŋ n a
t u u e a a g o
ɛ t ɛ s u k k
h e e a a ŋ
ŋ m ɔ b a a w
e l
k o t k
s u m e f a l d a a
a a k ɔ a h ɔ
ɔ k o n y ŋ j ŋ g b ɛ
a d s h a o
e e
l ɔ h i ɛ f u t e
h i k
ŋ b b a a ɔ
b ɛ ɛ o
a a t u
ŋ l a ŋ s u ɔ u t
t s i ŋ t a ɔ ɔ l ɔ
j i e e j ɔ k k a i e
b l ɛ m ɔ ɔ s e e
o t a o a k u l ɛ m
ɔ s e ɔ f l
k w s u m h i b a a m
a a s m
s e l k g b i o a d i i
f u e f ɔ f ŋ w ɔ
ŋ d i a f o o ŋ t s ɔ
ŋ w o a t s a ŋ b l
k ɔ ɔ e t s w a
a k a o
a s h k o t e
a a g l a a j e
ɛ t ɛ a f ɔ e s w a e
ɔ k y i ɛ o a a e
a h e i e
k w ŋ n u
b i k a a h ɔ
t s a o
ŋ ŋ m ŋ k p t d a a e
e e l a e
a t s ɔ t s u o
a l a e ŋ j i ŋ l a
j u a s h ŋ t a
ŋ f ɔ l
ŋ t a m ɔ ɔ e
o t
ŋ h ɔ a l a b a a w
a a t a i k i ŋ b ɔ
k p l e t u u e
ŋ d i i
b ɛ ɛ e a f o o
ɔ s e e a b l
t a w e o k ŋ f ɔ l
a a a a k ɔ
ŋ n a a a h ɔ
a s e e
d a a
h i k a k o
ɛ ɛ ŋ b l
t a e f l ɔ a a w l
s ɛ k
ŋ s e e s a k
i ɛ e w ɔ a k p t
s ɛ a ŋ w a b a a
t s a e ɔ m ɔ e
a a h ɔ
t s ɛ e n y i a n a
b a a u t u s e k
b ɛ b l ɛ w i e o
a k ɔ
j u
m ɔ e a g b ɛ b a a y
i k i o
ɛ t ɛ u t u
a a y s h a o
ŋ j u t s u o w o
s ɔ ɔ ŋ t s
a a t i a f a l ɛ e
ŋ d i i a a k t
g b i e k a n e
o t
a w ɔ o ŋ s u ɔ
a k a s h a
ɔ k
k a i o
s i n e p ɛ t
a n y ɛ
ŋ d i a a m a h a n e e
a k ɔ ŋ n y ɛ
f u t ɛ e e
f o
ŋ b l n u k
t s a e n a e
t s ɔ k n e e
l e k j i e o
i ɛ e b a a h
i n e o
a f o ŋ m ɔ e
h ɔ k a f a a l u k
a i e d i b a a o
ɛ m ɔ n e k
s h a e i ɛ ɛ m ɔ
t ɛ k
a k p s
b ɛ ɛ j e
ŋ t s n b a a e
f ɔ f ɔ
ŋ ŋ b a a m
d u e a k a
l ɛ m w ɔ k ɔ ɔ o
ŋ j i n ŋ n u
ŋ w o e l e e
a t a ɔ
i e e f u t k ŋ ŋ m a
ŋ t s s g b i
a s a a k w m ɔ
ɔ m ɔ o l ɛ k
l ɔ m k
b a a o
l a e ɔ m ɔ
k a f k m ɔ ɔ ŋ t s s
ɔ l h i e ɔ f
a a t i a w ɔ ɔ
a k a o k o t k a s k
b a a o ɛ ɛ
ŋ k w ɔ s e e
ɛ t ŋ s e e a a s
a d a s h a d
a t s a
w ɔ e b ɔ k w ɛ
j ɔ e ŋ m ɔ o
g b o o a a k f
k p s h a m a a e
s u m k
a a t ɛ l ɛ ŋ ŋ m a
a a k ɛ
ŋ n y
w a y a e k w a f a
b o y a
a a y a b a k a
a a t u
t s w a i k i
a n e o
n e e a k o a
s ɔ a s e a a k t
l ɛ e ɔ f l k a n y ɛ
ŋ d u ɛ t k p a a
s h a e ɛ m ɔ o
b l ɛ e
a a g o
ŋ k ɛ m ɔ a f u u
j i e e
a y a ŋ m ɔ
e e e a k a
g b l k a f ɔ l
a a h ɛ a g a f u u
a a t a a f l ŋ w o
ŋ n a u e e ŋ w
k a f
o t a o
ŋ h i a t u a g b ɛ
d i k k d u k t s ɔ k
m a a e ŋ f ɔ l
l ɔ m k p ɛ t ŋ t s n
t s ɔ k b a b ɔ ɛ t ɛ o
w a a e a e e
a d i i ŋ n s h a o
b o
f a l k t s a e
k ɔ k t s u o
a t a ɔ ŋ k p t
ŋ j i b l ɛ k i e
ŋ l a
ŋ n y a w ɔ
w o ɔ m l ɛ m a a g l
a t s a
u t u o
t s w a o t a o
k a f k a a k ɛ
a a k a a a k ɔ d u
p a s
t s u o h a e
u u a n e e
k a s e ŋ ŋ m a
ŋ ŋ m y a k w a a o
u m ɔ o ŋ m ɔ k
a f u
ŋ t ŋ d a a n e e
t u u o d u e
w a ŋ m a
s e ɔ f l i e k
a a w i e e s ɔ s k
f a m ɔ ɔ e
k a i j u e t u k
a a l b a a ɔ
ŋ k ŋ n u l ɔ a t a
a a b ɛ
o t a e
ŋ t a w ɛ e
a ŋ m ɛ t
ŋ b l
ŋ t ŋ k a o ɔ m
b ɔ k a a s m ŋ m
a t s s
a a d a
h i ɛ e ŋ t s n i n e o
s ɔ ɔ k a i o
a h e m ɔ ɔ w o e
ɔ f l k a k p t
k o t e
u m ɔ k ɔ ɔ e
ɛ m ɔ
u k o
s e k
w o t s w a
ŋ s e e a k ɔ
s u k e
ɔ l a a s a t u e
ɔ ɔ a h e
s e l e
k w ɛ ɛ m f o k
w i e e
a e e t ɛ e a k p s
l ɔ e
ŋ s b l ɛ e
ŋ k p t
ɔ e e p e k t s
a a ŋ a s h e k o
t s ɛ e a ŋ m
ŋ y
j u k a a f t
ɔ f y a k
g b i u m ɔ o
h ɔ j e a a g i
ŋ m a e
g b o e b i e l ɔ m e
s w ŋ t s n t a k
ŋ j g b l e
ɔ e b l ɛ o ɛ t ɛ e
k a i e ŋ t s ɔ
h a k b l ɛ o
t a w k
b ɛ ɛ o
ɛ e e
a a k s
g b
t a k
ŋ m ɔ e ŋ n y
d u ŋ ŋ k a f e
h i k a s t u k
f o t u
ɛ ɛ k k a n k b ɛ ɛ e
s u e w ɔ t s w a
h i ɛ e ŋ g b ɛ
o t a o
d a a o b ɔ e t s ɔ e
a l a e a b w ɛ e
k a f e a g
k p
k a n e p ɛ t e
ŋ m ɔ k a k a e k a n
u u e n a k l ɔ m
h ɔ ɔ a g b
a a t a a l ɛ ɔ
b a a l ŋ h l ɔ
ŋ y a b a a a
p ɛ t e j u k p e e
a m ŋ h e
g b i o f ɔ b a a y
f u t k a a g ɔ f
f a l a a s m
h ɔ ɔ o a a b ɛ
a j e a t s ɔ
k o t k
a j n e
ŋ k
w ɔ e s i n e
o t a
k a
k p e o l ɔ m k
t a w l ɔ m e ŋ t s n
y i ɛ e d i k e
ŋ m ɔ o a l a e
u k u o
t s w
ŋ m a a e
a b ɛ
w ɔ k f ɔ f ɔ
a t s j ɔ k ŋ k ɔ
n e e t s u e f a l
d i k b a a ɛ
w a e t a w
ɛ e e a a j
ŋ t s n
a k o a s h a
ŋ m ɔ o y a
f o s w a e
a a k ɔ
ŋ t s a j i
ɛ ɛ k ŋ b ɔ
ɛ k o a a l f ɔ f
o t
s ɔ s k
b i e
a s e e ŋ ŋ
i e j i e e
ŋ t s a
s a e ɔ m i e e
a k o
ŋ k a e
a w a a w ɔ ɔ
s e l s a e b a a o
ŋ l s i n k
ŋ ŋ
f u t k u t u o
ŋ b ɔ l e
a l e a f o e
n a ŋ w
a a d k
a w ɔ ɔ a j i
a a f t
s i n k
a f a w i e
h e ŋ l e
y a ŋ f ɔ l
d a a ŋ w a
a ŋ m ɔ p a j i a s
a a w u u ŋ d a
b a a ɔ
s w a d i p a s l e e
s h a o ŋ k o a
k p ɛ
a t s a h i e a s u ɔ
e l e e s a
ɛ ɛ ŋ ŋ m a t a a a k n
m ɔ e a j i i n e e
a a t a j i e e
k o t ŋ m a
ŋ b l e
ŋ m ɔ o
ŋ n u u m ɔ
t s u o a s a
s w s ɔ ɔ o
a f ɔ i k i
w i e b a a ɔ
ŋ y f o k
l ɔ k a k p s
l ɔ m a f ɔ l
i ɛ a a s a
f a l e ŋ y
u k w a k e l e e
j ɔ a m ɔ
ŋ k a e a s u ɔ
k o k ɔ
ŋ m ɔ s i n ŋ n
i n e o
t u u e l a n y i
ŋ f ɔ l
t u
a a ŋ a a a n i a f a a
ŋ t u m ɔ
ŋ f u b ɔ e l ɔ k
w ɔ l a a e
f ɔ s h a o
ɔ s ŋ t s s ŋ y a
a n e o a n e e
a l e a a l ŋ ŋ m ɔ
s w a e ŋ m
ŋ j e t s u o ŋ t
p e a k p s
ŋ m a ɔ l ɔ ɔ a h a
ŋ l m a a
h ɔ ɔ a t s ɔ
ɛ k k u e
ŋ n u ŋ j
a w ɔ
l ɔ m h i k l e e
l e ŋ h e u k u e
ŋ b ɛ m e k o
e l ɛ m
ɔ f w a k
k a i e f u t ɛ e e
ŋ t s ɔ ŋ b l
a a t ɛ d u k
k ɔ ɔ o a ŋ m ɔ
ŋ k p j i e
ŋ h ɔ p a s k d a
u t
j i e o k u
a n a
k w ɛ e
ɔ l ɔ ɔ
ŋ k w o t a
i e k ŋ n a n u k u e
ŋ d a
w o k a b ɛ t u u o
a a m ɔ k a a f f
a d i i f o e
a k a a t a
t s ɔ e
d i k e l e e ŋ j
b i e m ɔ ɔ l ɔ
t ɛ k
a y e l e b i k
k ɔ ɔ o
b a a l k a s e
a a k ɔ i k i
b a a ɛ a a k s
ŋ k o a a ŋ l a k
s i n k
a n ɔ ɔ u m ɔ e a k a
p a ŋ d a ŋ s u ɔ
e l e a a t ɛ
ŋ g b ɛ
s u k e a t a a a y
ŋ j e h ɔ ɔ
ɛ t ɛ e a l
ŋ t a ɔ ŋ m a k
f ɔ f o e s ɔ s k
a m t u u
n a e
u u ɔ ɔ e
k p ɛ a a t a
y a e
a a s a
d u e a e e
o t
a w o t a e l ɔ k
b l ŋ j i
ŋ k ɔ f a l e
m ɔ k ŋ t s n j u
s ɔ t a i n
a b l a t u ɛ e e
ŋ s e a a k e
y a k u t u e
i n e o i n
b a a p a k o a a f o o
m ɔ ɔ
t s a o
k a n
t s ɔ k a h ɔ b a a i
k a i f u t k b l ɛ o
d a a o k p e
i n a d i i u t l e e
a s a o
ŋ s h ɛ ɛ k
h ɔ ɔ e a g
a a m a e b l k i k
k a i e a a s m
ŋ s u ɔ d a a
a w t s i e ŋ t s
k a f
b a a w ŋ d i
i k o k o t k
a a ŋ a m ɔ ɔ
a f o o
n y j e k t s ɔ k
ŋ t s k ŋ n
a a y ŋ t s f l ɔ o
ŋ h e l e e
k p a j i e o f u k
ŋ f f ɔ e
ŋ s h
l ɛ m k k p ɛ
ŋ t s a
l a e
u m ɔ o
ɔ m ɔ
a a g l
ɛ m ɔ p a s
a f o e t s a o w ɔ l
ɛ t ɛ e b l ŋ f u u
f u t i ɛ e s e k
g b l e
ŋ s h d a i k i e
l ɔ m k k ɔ ɔ o
t s u o f ɔ
a a t ɔ a t s
e l e
ŋ k a
y i ɛ o t s u ŋ l ɛ ɔ
w ɔ l
n y u m
i k i o
a d i i
h ɔ ɔ o t a e
ɔ s e a n e e
b a a l
t s i o
ɔ m ɔ e ɔ e e l e o
t s ɔ k s h a o
l ɛ m k b l
a k p
u k t ɛ
a a w
ŋ h e
a f u u a d
j i
a y a a f t
s e l e
a k p
a l e a h ɔ ŋ j
a k p s
f l h i e
o t p ɛ t e a a k
t s i ɛ k a a h ɛ
ɛ ɛ
a h e m a a e
a a d k a w ɔ a d i
s u m k o t a o
f ɔ e a m ɔ u t
j u l e k ŋ k o
w ɔ l m a i k t s ɛ
a y a n
s i n t a w k
b i k p ɛ
s e l a a h ɔ
a i k
s u k k
ɛ k o
a w a b ɛ a f o
l ɛ m k ɔ k o ŋ m ɔ e
a j ɔ k w ɛ o l e k
u u e a a ŋ a
p e u m ɔ s e
b l ɛ e
ŋ w ɔ ɔ
a e p ɛ
a a b a d
s u m
n e
y i ɛ o j u k
a ŋ b a
f l ɔ o
n e e j u k
h ɔ ɔ b a a p
s u m k
ŋ f u u u m a t a a s m
j i m a a o a k a e
a g b ɛ m a a o
j e e w i e o
i k i o p a s a k
t a t s w a a j i
b ɔ e a t s k
n u e l a e ɛ m ɔ o
a g ŋ k a o
a f o e a f ɔ
k w ɛ e a a t w
t s i
o k o s h a e ŋ j i
a d i i b a a i
u m ɔ o ɛ ɛ k s i n
b a a a u e i ɛ k
w ɛ k k a s e ŋ t s s
u t u e ŋ j e ɛ m ɔ e
u t u e a a b ŋ l ɛ
d a a l a e b l ɛ
a k a
a t a
w a a e
s ɔ ɔ e ŋ d i l a e
p a m ɔ k
t s ɛ o k w ɛ o
f ɔ f ɔ k a i e ɔ l
s h t a w e a k a
u t u o
a f ɔ
ŋ j i i k i o k u
a a f t s ɔ
h e m a a o ŋ t
o e e j i e o
b a a h a a h ɔ
a a s m a b ɔ
t u e
b a ŋ t s a
w o k a a d k a w ɔ e
t s ɔ ŋ k o a a g i
p a s e k a n k
p e k ŋ ŋ m ɔ a a g o
f u t e p a s ɔ ɔ
h ɔ ɔ a m ɔ
g b l y a
a l a e s h a o
ŋ k o k
w a k ŋ k p a k u
w o k ŋ g b
l ɔ m e h a e s e
s i t ɛ a s u b a a ɔ
e l e o ŋ k p t
k w ɛ e s ɔ
w ɔ l m ŋ b h ɔ
a a h
ŋ s u a e
s u m e
a t s
p a k ɔ ɔ e
a d u ŋ l ɛ
a m ɔ b ɔ k a b l
a h e t s ɛ o ŋ j u
ŋ t s ŋ l
k w ɛ e ŋ t s n
ŋ m ɔ a a w l
ɔ f l ŋ j ɔ
f u t k i n e e
b ɛ ɛ e
h i ɛ d i
ɔ e e
a i k
d u
m a k ɔ a f a l a
s e l e t s u u a a k s
t s w ŋ t s s
d a a o a t a ɔ
a a ŋ ɔ a s a e
d i k e l e e ɛ k
g b ŋ f a a l ɔ
ŋ n a u m
a h e f u t k s h a
k a n k
a a ŋ ɔ f l s ɔ ɔ
d i k e ɔ e e b l ɛ e
a a g o y i ɛ ŋ b ɛ
k a n e
a m ŋ m ɔ e s e
b a a k a o
w a w ɛ h e u t u
g b i o
h i e
b l ɛ e ŋ l ɛ ɔ
a a t u a j u b a a y
a k p a f a
t s i o k a n e
ɛ m ɔ ŋ ŋ m ɛ m ɔ e
d i k e
m a u k t ɛ k f ɔ f
ɛ ɛ e
m a a o i e
ŋ n y k u o k ŋ k
a s n e e
ŋ ŋ s e l k i k i e
ŋ f ɔ ɔ ɔ
w o e a a h ɔ h i ɛ
ŋ d u s ɛ ŋ w o k ɔ ɔ
ŋ w a a a ŋ ɔ
ŋ w ɔ ɔ
k a f e ɛ t ɛ e
ŋ m k p ɛ
ɔ m ɔ o a a k a
ŋ h s h a o y i ɛ
l a
ŋ m a
w o e u t u
k a o k l ɛ e h a k
ɔ k s e l k k ɔ
f l ɔ ɔ e
w ɔ l ŋ k p s
ɛ k a l b a a l
h ɔ ɔ o
a t s k n a
y a ŋ m ɔ o
w a a e
e k w a a w a a
w i e o b a a ɛ
ŋ h i k u g b i e
ŋ b l
k p a a g i
h a k u k o t s u e
j e e m a a y a k
s u k e s u ɔ s e
ɛ m m a a w ɔ e f l
u u k a w o ŋ n y ɛ
s h a e a s e o
ŋ ŋ m a l a k
n e i ɛ s u m e
e e e
ŋ s u ŋ l w o ŋ s
k a n l ɔ k ŋ w a
h a k h i
i k ŋ y a ɛ t ɛ e
a n a k u f u e ŋ ŋ
i k i a f
b a a u
a l a y
m ɔ ɔ o t a w e
b ɔ a s a e
a a f l
a h a a b l
f l ɔ e ɛ m ɔ o
ŋ d u e e e e k o
ŋ k a o j e a a w
w a k k ɔ e a j e
a a f f a a h ɛ
a s h a l a h i k
a s e o
u k o a h ɔ u k d i k
a f ɔ l
ɔ ɔ f u t k
w a a e
ɛ m ɔ o t s w
l ɔ e
s a h ɔ ɔ e p a b ɔ
g b l e s h
h i k b a a i a e e
a a y l ɛ t s
b a a w k p e
p e e h i e
u t u o
j ɔ e j u e
u k o a f o o
j e k m ɔ ɔ e t s u o
ɔ m ɔ e
t ɛ e b l a b l
b ɛ
s e l k j ɔ
ŋ w ɔ a l e a l ɛ ɔ
a l ɛ ɔ
b o e t a w k w ɔ k
a a w f a l k
a a k a
h ɔ ɔ o a a
n e e a s e o ŋ w i
a d u b a a a
a ŋ n a e a n k i e
b ɛ ɛ o ŋ n y ɛ
a a e b a a o
s w a e
u k u o
a n y a n e e
w a k o t a o
ŋ t s ɔ ŋ f a a d i k
i e k k w ɛ
ŋ w o p a s e b ɔ k
a t a ɔ a k p t
h ɔ a a h ɛ
t s w a
ɔ ɔ e
p e k ŋ l a f a a
h a k a j e
a n e e a a f
a l ɛ ɔ ŋ h e b a a ɔ
ŋ g b ɛ ŋ f a a s ɔ ɔ o
g b i a g b ɛ
t u e a w o
f l ɔ o
a a k ɔ a e
s e l m ɔ
j e e t s ɔ e
ŋ n j e k
a n e e
a k p s
t u k t u u e b a a p
a a s m a t t s u
b a a a
s h ɔ m ɔ u e
ŋ ŋ m a ɔ ɔ e
ŋ l e t a a a k ɔ
a l e l ɛ k a ŋ m
l ɛ m f u u e ŋ f
b i e ŋ t u
ŋ b l
a a k ɛ f o e k a s k
s w j ɔ e a k a e
a a k ɛ
k ɔ a w ɔ
a k a o
ŋ m ɔ e l e a w ɔ
k o t k ŋ n y
s ɔ ɔ o a g b
a j ɔ s w a k
b ɔ e
ŋ s e j u e a l
ɔ m ɔ ŋ f u
i e y a a k t s u o
u t u e h e a a e
a k a o k a s k
a l a o i k i n e o
ŋ l e
a a m a b ɛ
a t s k k ɔ ɔ e
a n e e
a h a ŋ t ŋ j u
a l e ŋ k u ɛ t ɛ o
ŋ w
a f o f l ɔ o
ɔ s e
ŋ m ɔ ŋ w ɔ ɔ f l k
k i a h i h i ɛ e
ŋ b t s a o
d u a w ɔ a a y
s ɛ k
a k p
ŋ f ɔ h ɔ ɔ o
e e e f o e a k ɔ
ŋ h i w a a o
j e k ŋ w ɔ ɔ a t u
n e e k i k b a a m
h i h e e
a b l ŋ k f ɔ e
ŋ m a ŋ ŋ
ŋ l t u h ɔ ɔ ŋ s e e
a a s l f l ɔ a j e
b a a m
f ɔ f ɔ
a a t i u m ɔ o
o t a o
ɔ m f u t k
w o
ŋ y
h a e s ɔ ɔ o
s w a ŋ j g b i o
s w a b l ɛ e
a a s m a a k f
d a s ɔ s e
ŋ f o a k p t a a g l
ɔ s e a e e
k u
ŋ g b ɛ k p ɛ ɛ
ŋ h e ŋ m ɔ k ŋ m ɔ o
s i n e
w a a e ŋ b ɔ ɔ l ɔ
i e i ɛ j u
u m ɔ ŋ w ɔ ɔ
s u k a h ɔ a y
ŋ h a a t u
w ɔ l
ŋ l ɛ k a n
ŋ s u ɔ a a g i
a a t u
ŋ w ŋ g s e k ŋ j e
a h h i ɛ
f u t t s u o ŋ d i
h i k
s ɔ ɔ f o k
u t s ɔ s k a l a
ŋ d f o k
k ɔ k j u k t u f ɔ f ɔ
a a t a
k p a a l a
f u k ŋ t a ŋ ŋ
p a s e s ɔ ɔ e
u e k o t e g b o
a a t ɛ a d u
s w k u ŋ k o a
ɔ s h ɔ
g b l a k
i n a l a e l ɛ k
a j u a a w e
a t s ŋ f a
a w ɔ o ɛ e
b a a p ŋ m a k
ŋ f ɔ j u
s ɛ a a ŋ
j i e o
ŋ d u
k i k b a a s k o t k
ŋ t s a d i i a j e
k p e o s i n
w ɔ l
f u i k o p a s
a g
j u e h i m a ŋ t s a
t s i e
a a t ɛ a t a
s ɔ s e b a a y
a m ɔ k a i o
o k o a a d k p ɛ t k
a s u w o a a h ɔ
s ɔ ɔ e l e
w a a s a a k u b a a s
a a g l
ŋ l a t u s ɔ a a f
a i ɛ t ɛ o a a k ɔ
a k p s ŋ s u
ɛ e a ŋ m ɔ
w a i k i o
u e e p ɛ t
a j i s i e k ɔ
a y ŋ k p a a s m
a a s m ŋ n y ɛ
ŋ m a f o u m ɔ o
a a f f ŋ m a k
ŋ w o a i
ŋ t y a l e e ŋ ŋ
ŋ y
w ɔ s u e k p ɛ ɛ
s ɔ s e
a f ɔ k ɔ f o k
ɔ f l k
a a s a a s e
b a a h
f l ɔ
u e
ŋ m a k a n e
ɔ l ɔ ɔ ɛ t ɛ ŋ l
g b l k ɛ t ɛ e ŋ s e
u u e
ŋ t s ɔ t s b a a ɔ
i k o l e k w a a o
u e k ɔ ɔ e d a a o
m ɔ e
w o f a l k
ɔ ɔ e w ɔ
ŋ n u ŋ s e
a b ŋ k o a ŋ m
a l s a e s u
ɛ e a a k e
j i k i k n y i k
a w ɔ ɔ
k ɔ ɔ ŋ t a h ɔ ɔ o
b o e e k o
a a l a d i i a a ŋ ɔ
s ɔ s ɔ f l e
a s a
a k u p ɛ t
s h a ŋ t
ɔ l ɔ ɔ a a l m
i k o a k o a s e e
h a k h ɔ ɔ e
j ɔ k a i o a f u u
a t s n f l ɔ e
k ɔ ɔ o
a f ɔ
f ɔ n u n a ŋ s e e
e l e e
ŋ n u ŋ d a
t u e
h e e s i n e h a
a l a j ɔ
ŋ k p s ŋ ŋ m a a t u
a a ŋ ɔ
o e ŋ t a
l ɛ e a t
l ɔ m a k ɔ s h a
a y a s ɛ
t s
a l a o m ɔ ɔ g b i o
s ɔ s j u k
n e
a d
s a e
y a k a w i g b i
a f ŋ b ɛ
e l e l ɔ k
l ɔ h ɔ ɔ o a a h
l e k t s ɛ
l ɛ m e g b
a f u
a a y s i n k
k a f ŋ m ɔ u m
ɛ e e s h a b a a u
ŋ k p b o e a j e
ɔ m ɔ ɔ e
k p ɛ a ŋ m a
k ɔ ɔ a a t w
ŋ b l a a h ɛ l ɛ
a j e u k
g b i f a l ŋ f
t s p e ŋ m a e
k w ɛ s u
j u d a a h e
t ɛ k
ŋ t u a s a
ŋ d u s ɔ s e
ŋ k p s t u k p ɛ t e
n y i k k ɔ k a k ɔ
a a g i a d i
u u
l ɛ k ɔ e s e l k
a a t ɛ
t s ɔ k ŋ f a a
t s ɛ o h e s i e
b a a p l e k
j u k
t s a t s ɛ
j u e
ɛ e
a k u i k i p ɛ t
k ɔ ŋ t s ɔ h ɔ ɔ o
a t a ɔ w ɛ k
a b ŋ l a
f u k a s a
a k a
ŋ w i h i k a m ɔ
ŋ f a j e e k ɔ k
f ɔ e f a l a n u
k ɔ ɔ o a a a k
a l ɛ t ɛ e
ɛ t ɛ t ɛ o
d u k w ɛ
k p e l ɔ k
p e k w ɛ k
ŋ k ɔ o k
a a a k o a a n y ɛ
a h a
a f ɔ l e u m ɔ o
l a k a a f t e k
o t a e l e o
a a s l j e e
w ɔ l m
a a ŋ a
s i ŋ g
ŋ s e i k a a f f o
t s i e j ɔ k
a f u b a a b j ɔ e
h ɔ ɔ ɛ k o u m
a f o t u e
ŋ y ɔ f l a w i
k p e a a s l
a w ɔ ɔ a s e e
k ɔ h a e
f ɔ f
a a g l
ɛ e b a a w k w
s a e
s i n e
ɛ t ɛ o
a a w l a w i ŋ d i
a a w
ŋ f a a a k w k p ɛ ɛ
k i k d a k w ɛ
f o k
a k ɔ
s a k p e o ŋ m ɔ o
a a t w a g m ɔ ɔ o
k p ɛ ɛ k p a
ŋ f ɔ l ɛ m ɔ n e
b a a i s e k
u m ɔ o u t u o
f ɔ k g b o e d a a e
ŋ k a ŋ m a ɛ ɛ k
a w ŋ d i i j e k
i n e e ŋ k a o
a t a u u k
a a w l k u k
ŋ l e f u t k a h e
i n e
w ɛ k e l e o
u e a i k
ŋ s u f o e a a t i
l ɛ m d i k e
ŋ f o ŋ l e p ɛ t k
t s ɔ k
d u k u u
s w a k l e k ɔ f
p a s e
ŋ k ɔ b ɔ s i n e
t s u ɛ ɛ k ŋ m a k
a t s s
e k o ŋ f u
ɛ t b a a h
s u m k ŋ d i i b o
a a k a
a a k a w ɔ l
ɔ f l t u k a a k ɛ
b o k a n e o
ŋ n u ŋ n b i
ŋ h e s ɛ e
n y i e
w ɔ e
u t u e f o u t u
d i k e i n
u m ɔ e
j ɔ k p a s e
a a w l ɔ f l k
ɔ s e o a t s s
t s a o
a a j
ɔ f a l y a e
a k p s s u k
a j i s i n i k
t a w b o ŋ h a n y
k a n e ŋ m a t s
ŋ h
a a k n i n e e
a a b a a k
w a f ɔ
ɛ e ŋ w ɔ ŋ m ɔ k
ŋ l e a t o t a o
ŋ h e l ɛ e j e k a i o
b l ɛ o
a k p
a a d a a e a f o e
a m ŋ s e e l ɛ
ɔ e e ɛ k k p a a
a f ɔ l a a g
k o ŋ ŋ m a
a t s s h e k
a i s ɛ e s u k s i n e
k o ŋ n l ɔ k f l ɔ o
k a f e
ŋ t s b a a e
u k u o
h a l ɛ m k
b a a w
a w d i k
a a b w a k o e
ŋ b ɛ
f a l k
ŋ h k a n k t s w a
a a f ɔ f b o e
ɔ f l a f u
ɔ m ɔ t s u e
ɔ l ɔ
a f u u
a h a a a j e ŋ s u ɔ
s h m a a o
a m ɔ e l p a s e
a a g l ŋ ŋ m ɔ
a j i ŋ f u f ɔ f
b a a o h i e ŋ g b ɛ
t s u u n y f l
k p ɛ
b a a a a k w ŋ k
a n e e f u k
k ɔ ɔ o j i e
k p ɛ ɛ h i k a a m
b i j ɔ k a j e
s a e
a j u ɔ ɔ k a g b ɛ
j ɔ e a a g i
l ɛ m e
ɔ l ɔ ɔ ɔ s e e
ŋ t s s s e
t s a e u k u o
w a k w ɛ
a f u u
a a h ɛ
k a n ŋ f u
u k u a y
p a s k y i ɛ a a w
p a s h a o
a g b a ŋ m ɔ
k ɔ e a a s a k a s k
n e e t u u o
w o ɔ m ŋ w o n e e
m ɔ ɔ e
ɛ m ŋ j
t s u o k a i
s w a t a
ŋ t a
a h i a f a a ŋ s h a
h a e u k i n e
s h a b a a i
b l a w a a m
n y i a i k
ŋ t s u u e k p e o
a l a e a f ɔ
s i a d i ŋ b ɛ
ɛ e e a n e e k a n k
s ɔ b a a ɔ
a f o e w ɛ k a h e
a k ɔ k w ɛ e
a g b o t a o
a f o o
m ɔ ɔ e ɔ s e
w ɔ k ɛ e e
a a n t s w
a g b ɛ b i e
ŋ t s k
k a s
ɛ t ɛ e
f ɔ f b l ɛ e ŋ f o
ŋ j s h a a t a
w ɔ k a t a ɔ l ɔ
ŋ g b i k i e
a a t a
k o t e
s w a i k i e
ŋ j u
k a n e
a d a ɛ t
a a j
a b ɛ ŋ k w
t ɛ k i e k a s k
a a ŋ f a ŋ w i ŋ n
b a a h n a e l ɛ e
b o e
f u t e
a i l e k h e e
s ɔ s s a
b a a i
n u e k o t k
s i n a s e e b a a l
a l a e f a u u ŋ w ɔ ɔ
p a s e
p e e s ɔ s k
a h ɔ ŋ d
d i k e a k p s w a
f u t k a m ɔ
ŋ f u u p a s e
a n e
ɛ k f ɔ a a b ɛ
k u a f u u
l ɛ e d u k
s w ŋ n y
u k ɛ k s u m e
d a a e a a k e g b i
a a k i
a m ɔ a s e o k a f e
n a e ŋ g b ŋ ŋ m ɔ
a t s k
h e e
ŋ ŋ m a f ɔ f ɔ
i n e e u m ɔ o
s ɔ s e
a h e
ŋ d u a j u
t a w e
ɛ t ɛ e
ŋ m ɔ a b ɔ
u t u o
ŋ h a
l a ŋ t a m ɔ ɔ e
f ɔ e a e t a e
a a k f ɔ
a y ŋ f o k i e
l ɛ k ŋ y a k p e o
a l a a s a ɔ l t u
a a j e
a s a e ɔ f l k
h i k ŋ l e a f o
t u u p a s
ŋ j u i e
a k ɔ
ŋ b a s u
a s u ɔ b l ɛ o
k o t e s e
ɔ l y i ɛ e
a l a s a
a n e h i ɛ a w a
s ɔ ɔ o ɔ f l k
i e d i k k ŋ y a
i k i s e l k
ŋ f u b ɔ ŋ k u p ɛ
w a a
f u k
i n e e
ɔ s e o f u
f u t k
n u k
h ɔ ɔ e
ɛ e e ŋ k p t
ŋ j u a k a e
f o e ŋ m a k
d i k e l a
y i a k a o b l ɛ e
