k u m e r a
t i d z a m e r a
t i m a m e r a
t i n a m e r a
m u d z a m e r a
m u m a m e r a
m u n a m e r a
a d z a m e r a
a m a m e r a
a n a m e r a
n d i d z a m e r a
n d i m a m e r a
n d i n a m e r a
m u d z a m e r a
m u m a m e r a
m u n a m e r a
a d z a m e r a
a m a m e r a
a n a m e r a
k u y a n g ' a n a
t i d z a y a n g ' a n a
t i m a y a n g ' a n a
t i n a y a n g ' a n a
m u d z a y a n g ' a n a
m u m a y a n g ' a n a
m u n a y a n g ' a n a
a d z a y a n g ' a n a
a m a y a n g ' a n a
a n a y a n g ' a n a
n d i d z a y a n g ' a n a
n d i m a y a n g ' a n a
n d i n a y a n g ' a n a
m u d z a y a n g ' a n a
m u m a y a n g ' a n a
m u n a y a n g ' a n a
a d z a y a n g ' a n a
a m a y a n g ' a n a
a n a y a n g ' a n a
k u y e s a
t i d z a y e s a
t i m a y e s a
t i n a y e s a
m u d z a y e s a
m u m a y e s a
m u n a y e s a
a d z a y e s a
a m a y e s a
a n a y e s a
n d i d z a y e s a
n d i m a y e s a
n d i n a y e s a
m u d z a y e s a
m u m a y e s a
m u n a y e s a
a d z a y e s a
a m a y e s a
a n a y e s a
k u t h y o l a
t i d z a t h y o l a
t i m a t h y o l a
t i n a t h y o l a
m u d z a t h y o l a
m u m a t h y o l a
m u n a t h y o l a
a d z a t h y o l a
a m a t h y o l a
a n a t h y o l a
n d i d z a t h y o l a
n d i m a t h y o l a
n d i n a t h y o l a
m u d z a t h y o l a
m u m a t h y o l a
m u n a t h y o l a
a d z a t h y o l a
a m a t h y o l a
a n a t h y o l a
k u f a n a
t i d z a f a n a
t i m a f a n a
t i n a f a n a
m u d z a f a n a
m u m a f a n a
m u n a f a n a
a d z a f a n a
a m a f a n a
a n a f a n a
n d i d z a f a n a
n d i m a f a n a
n d i n a f a n a
m u d z a f a n a
m u m a f a n a
m u n a f a n a
a d z a f a n a
a m a f a n a
a n a f a n a
k u b a
t i d z a b a
t i m a b a
t i n a b a
m u d z a b a
m u m a b a
m u n a b a
a d z a b a
a m a b a
a n a b a
n d i d z a b a
n d i m a b a
n d i n a b a
m u d z a b a
m u m a b a
m u n a b a
a d z a b a
a m a b a
a n a b a
k u s o c h e r a
t i d z a s o c h e r a
t i m a s o c h e r a
t i n a s o c h e r a
m u d z a s o c h e r a
m u m a s o c h e r a
m u n a s o c h e r a
a d z a s o c h e r a
a m a s o c h e r a
a n a s o c h e r a
n d i d z a s o c h e r a
n d i m a s o c h e r a
n d i n a s o c h e r a
m u d z a s o c h e r a
m u m a s o c h e r a
m u n a s o c h e r a
a d z a s o c h e r a
a m a s o c h e r a
a n a s o c h e r a
k u l a m u l a
t i d z a l a m u l a
t i m a l a m u l a
t i n a l a m u l a
m u d z a l a m u l a
m u m a l a m u l a
m u n a l a m u l a
a d z a l a m u l a
a m a l a m u l a
a n a l a m u l a
n d i d z a l a m u l a
n d i m a l a m u l a
n d i n a l a m u l a
m u d z a l a m u l a
m u m a l a m u l a
m u n a l a m u l a
a d z a l a m u l a
a m a l a m u l a
a n a l a m u l a
k u y a k a
t i d z a y a k a
t i m a y a k a
t i n a y a k a
m u d z a y a k a
m u m a y a k a
m u n a y a k a
a d z a y a k a
a m a y a k a
a n a y a k a
n d i d z a y a k a
n d i m a y a k a
n d i n a y a k a
m u d z a y a k a
m u m a y a k a
m u n a y a k a
a d z a y a k a
a m a y a k a
a n a y a k a
k u b v o m a
t i d z a b v o m a
t i m a b v o m a
t i n a b v o m a
m u d z a b v o m a
m u m a b v o m a
m u n a b v o m a
a d z a b v o m a
a m a b v o m a
a n a b v o m a
n d i d z a b v o m a
n d i m a b v o m a
n d i n a b v o m a
m u d z a b v o m a
m u m a b v o m a
m u n a b v o m a
a d z a b v o m a
a m a b v o m a
a n a b v o m a
k u s i r i r a
t i d z a s i r i r a
t i m a s i r i r a
t i n a s i r i r a
m u d z a s i r i r a
m u m a s i r i r a
m u n a s i r i r a
a d z a s i r i r a
a m a s i r i r a
a n a s i r i r a
n d i d z a s i r i r a
n d i m a s i r i r a
n d i n a s i r i r a
m u d z a s i r i r a
m u m a s i r i r a
m u n a s i r i r a
a d z a s i r i r a
a m a s i r i r a
a n a s i r i r a
k u l a n d a
t i d z a l a n d a
t i m a l a n d a
t i n a l a n d a
m u d z a l a n d a
m u m a l a n d a
m u n a l a n d a
a d z a l a n d a
a m a l a n d a
a n a l a n d a
n d i d z a l a n d a
n d i m a l a n d a
n d i n a l a n d a
m u d z a l a n d a
m u m a l a n d a
m u n a l a n d a
a d z a l a n d a
a m a l a n d a
a n a l a n d a
k u d z i w a
t i d z a d z i w a
t i m a d z i w a
t i n a d z i w a
m u d z a d z i w a
m u m a d z i w a
m u n a d z i w a
a d z a d z i w a
a m a d z i w a
a n a d z i w a
n d i d z a d z i w a
n d i m a d z i w a
n d i n a d z i w a
m u d z a d z i w a
m u m a d z i w a
m u n a d z i w a
a d z a d z i w a
a m a d z i w a
a n a d z i w a
k u y a n j a
t i d z a y a n j a
t i m a y a n j a
t i n a y a n j a
m u d z a y a n j a
m u m a y a n j a
m u n a y a n j a
a d z a y a n j a
a m a y a n j a
a n a y a n j a
n d i d z a y a n j a
n d i m a y a n j a
n d i n a y a n j a
m u d z a y a n j a
m u m a y a n j a
m u n a y a n j a
a d z a y a n j a
a m a y a n j a
a n a y a n j a
k u c h e z a
t i d z a c h e z a
t i m a c h e z a
t i n a c h e z a
m u d z a c h e z a
m u m a c h e z a
m u n a c h e z a
a d z a c h e z a
a m a c h e z a
a n a c h e z a
n d i d z a c h e z a
n d i m a c h e z a
n d i n a c h e z a
m u d z a c h e z a
m u m a c h e z a
m u n a c h e z a
a d z a c h e z a
a m a c h e z a
a n a c h e z a
k u b a y a
t i d z a b a y a
t i m a b a y a
t i n a b a y a
m u d z a b a y a
m u m a b a y a
m u n a b a y a
a d z a b a y a
a m a b a y a
a n a b a y a
n d i d z a b a y a
n d i m a b a y a
n d i n a b a y a
m u d z a b a y a
m u m a b a y a
m u n a b a y a
a d z a b a y a
a m a b a y a
a n a b a y a
k u i w a l a
t i d z a i w a l a
t i m a i w a l a
t i n a i w a l a
m u d z a i w a l a
m u m a i w a l a
m u n a i w a l a
a d z a i w a l a
a m a i w a l a
a n a i w a l a
n d i d z a i w a l a
n d i m a i w a l a
n d i n a i w a l a
m u d z a i w a l a
m u m a i w a l a
m u n a i w a l a
a d z a i w a l a
a m a i w a l a
a n a i w a l a
k u k o m a
t i d z a k o m a
t i m a k o m a
t i n a k o m a
m u d z a k o m a
m u m a k o m a
m u n a k o m a
a d z a k o m a
a m a k o m a
a n a k o m a
n d i d z a k o m a
n d i m a k o m a
n d i n a k o m a
m u d z a k o m a
m u m a k o m a
m u n a k o m a
a d z a k o m a
a m a k o m a
a n a k o m a
k u l e k a
t i d z a l e k a
t i m a l e k a
t i n a l e k a
m u d z a l e k a
m u m a l e k a
m u n a l e k a
a d z a l e k a
a m a l e k a
a n a l e k a
n d i d z a l e k a
n d i m a l e k a
n d i n a l e k a
m u d z a l e k a
m u m a l e k a
m u n a l e k a
a d z a l e k a
a m a l e k a
a n a l e k a
k u v i n a
t i d z a v i n a
t i m a v i n a
t i n a v i n a
m u d z a v i n a
m u m a v i n a
m u n a v i n a
a d z a v i n a
a m a v i n a
a n a v i n a
n d i d z a v i n a
n d i m a v i n a
n d i n a v i n a
m u d z a v i n a
m u m a v i n a
m u n a v i n a
a d z a v i n a
a m a v i n a
a n a v i n a
k u k u l a
t i d z a k u l a
t i m a k u l a
t i n a k u l a
m u d z a k u l a
m u m a k u l a
m u n a k u l a
a d z a k u l a
a m a k u l a
a n a k u l a
n d i d z a k u l a
n d i m a k u l a
n d i n a k u l a
m u d z a k u l a
m u m a k u l a
m u n a k u l a
a d z a k u l a
a m a k u l a
a n a k u l a
k u z o l o w e r a
t i d z a z o l o w e r a
t i m a z o l o w e r a
t i n a z o l o w e r a
m u d z a z o l o w e r a
m u m a z o l o w e r a
m u n a z o l o w e r a
a d z a z o l o w e r a
a m a z o l o w e r a
a n a z o l o w e r a
n d i d z a z o l o w e r a
n d i m a z o l o w e r a
n d i n a z o l o w e r a
m u d z a z o l o w e r a
m u m a z o l o w e r a
m u n a z o l o w e r a
a d z a z o l o w e r a
a m a z o l o w e r a
a n a z o l o w e r a
k u c h o k a
t i d z a c h o k a
t i m a c h o k a
t i n a c h o k a
m u d z a c h o k a
m u m a c h o k a
m u n a c h o k a
a d z a c h o k a
a m a c h o k a
a n a c h o k a
n d i d z a c h o k a
n d i m a c h o k a
n d i n a c h o k a
m u d z a c h o k a
m u m a c h o k a
m u n a c h o k a
a d z a c h o k a
a m a c h o k a
a n a c h o k a
k u n y a d a
t i d z a n y a d a
t i m a n y a d a
t i n a n y a d a
m u d z a n y a d a
m u m a n y a d a
m u n a n y a d a
a d z a n y a d a
a m a n y a d a
a n a n y a d a
n d i d z a n y a d a
n d i m a n y a d a
n d i n a n y a d a
m u d z a n y a d a
m u m a n y a d a
m u n a n y a d a
a d z a n y a d a
a m a n y a d a
a n a n y a d a
k u b v u l a l a
t i d z a b v u l a l a
t i m a b v u l a l a
t i n a b v u l a l a
m u d z a b v u l a l a
m u m a b v u l a l a
m u n a b v u l a l a
a d z a b v u l a l a
a m a b v u l a l a
a n a b v u l a l a
n d i d z a b v u l a l a
n d i m a b v u l a l a
n d i n a b v u l a l a
m u d z a b v u l a l a
m u m a b v u l a l a
m u n a b v u l a l a
a d z a b v u l a l a
a m a b v u l a l a
a n a b v u l a l a
k u w a l a
t i d z a w a l a
t i m a w a l a
t i n a w a l a
m u d z a w a l a
m u m a w a l a
m u n a w a l a
a d z a w a l a
a m a w a l a
a n a w a l a
n d i d z a w a l a
n d i m a w a l a
n d i n a w a l a
m u d z a w a l a
m u m a w a l a
m u n a w a l a
a d z a w a l a
a m a w a l a
a n a w a l a
k u i t a n a
t i d z a i t a n a
t i m a i t a n a
t i n a i t a n a
m u d z a i t a n a
m u m a i t a n a
m u n a i t a n a
a d z a i t a n a
a m a i t a n a
a n a i t a n a
n d i d z a i t a n a
n d i m a i t a n a
n d i n a i t a n a
m u d z a i t a n a
m u m a i t a n a
m u n a i t a n a
a d z a i t a n a
a m a i t a n a
a n a i t a n a
k u t h a m a n g a
t i d z a t h a m a n g a
t i m a t h a m a n g a
t i n a t h a m a n g a
m u d z a t h a m a n g a
m u m a t h a m a n g a
m u n a t h a m a n g a
a d z a t h a m a n g a
a m a t h a m a n g a
a n a t h a m a n g a
n d i d z a t h a m a n g a
n d i m a t h a m a n g a
n d i n a t h a m a n g a
m u d z a t h a m a n g a
m u m a t h a m a n g a
m u n a t h a m a n g a
a d z a t h a m a n g a
a m a t h a m a n g a
a n a t h a m a n g a
k u l i m b a
t i d z a l i m b a
t i m a l i m b a
t i n a l i m b a
m u d z a l i m b a
m u m a l i m b a
m u n a l i m b a
a d z a l i m b a
a m a l i m b a
a n a l i m b a
n d i d z a l i m b a
n d i m a l i m b a
n d i n a l i m b a
m u d z a l i m b a
m u m a l i m b a
m u n a l i m b a
a d z a l i m b a
a m a l i m b a
a n a l i m b a
k u p e z a
t i d z a p e z a
t i m a p e z a
t i n a p e z a
m u d z a p e z a
m u m a p e z a
m u n a p e z a
a d z a p e z a
a m a p e z a
a n a p e z a
n d i d z a p e z a
n d i m a p e z a
n d i n a p e z a
m u d z a p e z a
m u m a p e z a
m u n a p e z a
a d z a p e z a
a m a p e z a
a n a p e z a
k u t h o k o z a
t i d z a t h o k o z a
t i m a t h o k o z a
t i n a t h o k o z a
m u d z a t h o k o z a
m u m a t h o k o z a
m u n a t h o k o z a
a d z a t h o k o z a
a m a t h o k o z a
a n a t h o k o z a
n d i d z a t h o k o z a
n d i m a t h o k o z a
n d i n a t h o k o z a
m u d z a t h o k o z a
m u m a t h o k o z a
m u n a t h o k o z a
a d z a t h o k o z a
a m a t h o k o z a
a n a t h o k o z a
k u o n g o l a
t i d z a o n g o l a
t i m a o n g o l a
t i n a o n g o l a
m u d z a o n g o l a
m u m a o n g o l a
m u n a o n g o l a
a d z a o n g o l a
a m a o n g o l a
a n a o n g o l a
n d i d z a o n g o l a
n d i m a o n g o l a
n d i n a o n g o l a
m u d z a o n g o l a
m u m a o n g o l a
m u n a o n g o l a
a d z a o n g o l a
a m a o n g o l a
a n a o n g o l a
k u l i r a
t i d z a l i r a
t i m a l i r a
t i n a l i r a
m u d z a l i r a
m u m a l i r a
m u n a l i r a
a d z a l i r a
a m a l i r a
a n a l i r a
n d i d z a l i r a
n d i m a l i r a
n d i n a l i r a
m u d z a l i r a
m u m a l i r a
m u n a l i r a
a d z a l i r a
a m a l i r a
a n a l i r a
k u n y a n s a
t i d z a n y a n s a
t i m a n y a n s a
t i n a n y a n s a
m u d z a n y a n s a
m u m a n y a n s a
m u n a n y a n s a
a d z a n y a n s a
a m a n y a n s a
a n a n y a n s a
n d i d z a n y a n s a
n d i m a n y a n s a
n d i n a n y a n s a
m u d z a n y a n s a
m u m a n y a n s a
m u n a n y a n s a
a d z a n y a n s a
a m a n y a n s a
a n a n y a n s a
k u c h a p a
t i d z a c h a p a
t i m a c h a p a
t i n a c h a p a
m u d z a c h a p a
m u m a c h a p a
m u n a c h a p a
a d z a c h a p a
a m a c h a p a
a n a c h a p a
n d i d z a c h a p a
n d i m a c h a p a
n d i n a c h a p a
m u d z a c h a p a
m u m a c h a p a
m u n a c h a p a
a d z a c h a p a
a m a c h a p a
a n a c h a p a
k u t e n t h a
t i d z a t e n t h a
t i m a t e n t h a
t i n a t e n t h a
m u d z a t e n t h a
m u m a t e n t h a
m u n a t e n t h a
a d z a t e n t h a
a m a t e n t h a
a n a t e n t h a
n d i d z a t e n t h a
n d i m a t e n t h a
n d i n a t e n t h a
m u d z a t e n t h a
m u m a t e n t h a
m u n a t e n t h a
a d z a t e n t h a
a m a t e n t h a
a n a t e n t h a
k u t h a n d i z a
t i d z a t h a n d i z a
t i m a t h a n d i z a
t i n a t h a n d i z a
m u d z a t h a n d i z a
m u m a t h a n d i z a
m u n a t h a n d i z a
a d z a t h a n d i z a
a m a t h a n d i z a
a n a t h a n d i z a
n d i d z a t h a n d i z a
n d i m a t h a n d i z a
n d i n a t h a n d i z a
m u d z a t h a n d i z a
m u m a t h a n d i z a
m u n a t h a n d i z a
a d z a t h a n d i z a
a m a t h a n d i z a
a n a t h a n d i z a
k u g o g o d a
t i d z a g o g o d a
t i m a g o g o d a
t i n a g o g o d a
m u d z a g o g o d a
m u m a g o g o d a
m u n a g o g o d a
a d z a g o g o d a
a m a g o g o d a
a n a g o g o d a
n d i d z a g o g o d a
n d i m a g o g o d a
n d i n a g o g o d a
m u d z a g o g o d a
m u m a g o g o d a
m u n a g o g o d a
a d z a g o g o d a
a m a g o g o d a
a n a g o g o d a
k u k h u m u d w a
t i d z a k h u m u d w a
t i m a k h u m u d w a
t i n a k h u m u d w a
m u d z a k h u m u d w a
m u m a k h u m u d w a
m u n a k h u m u d w a
a d z a k h u m u d w a
a m a k h u m u d w a
a n a k h u m u d w a
n d i d z a k h u m u d w a
n d i m a k h u m u d w a
n d i n a k h u m u d w a
m u d z a k h u m u d w a
m u m a k h u m u d w a
m u n a k h u m u d w a
a d z a k h u m u d w a
a m a k h u m u d w a
a n a k h u m u d w a
k u t a n t h a u z a
t i d z a t a n t h a u z a
t i m a t a n t h a u z a
t i n a t a n t h a u z a
m u d z a t a n t h a u z a
m u m a t a n t h a u z a
m u n a t a n t h a u z a
a d z a t a n t h a u z a
a m a t a n t h a u z a
a n a t a n t h a u z a
n d i d z a t a n t h a u z a
n d i m a t a n t h a u z a
n d i n a t a n t h a u z a
m u d z a t a n t h a u z a
m u m a t a n t h a u z a
m u n a t a n t h a u z a
a d z a t a n t h a u z a
a m a t a n t h a u z a
a n a t a n t h a u z a
k u b a d w a
t i d z a b a d w a
t i m a b a d w a
t i n a b a d w a
m u d z a b a d w a
m u m a b a d w a
m u n a b a d w a
a d z a b a d w a
a m a b a d w a
a n a b a d w a
n d i d z a b a d w a
n d i m a b a d w a
n d i n a b a d w a
m u d z a b a d w a
m u m a b a d w a
m u n a b a d w a
a d z a b a d w a
a m a b a d w a
a n a b a d w a
k u b i s a
t i d z a b i s a
t i m a b i s a
t i n a b i s a
m u d z a b i s a
m u m a b i s a
m u n a b i s a
a d z a b i s a
a m a b i s a
a n a b i s a
n d i d z a b i s a
n d i m a b i s a
n d i n a b i s a
m u d z a b i s a
m u m a b i s a
m u n a b i s a
a d z a b i s a
a m a b i s a
a n a b i s a
k u l o n j e z a
t i d z a l o n j e z a
t i m a l o n j e z a
t i n a l o n j e z a
m u d z a l o n j e z a
m u m a l o n j e z a
m u n a l o n j e z a
a d z a l o n j e z a
a m a l o n j e z a
a n a l o n j e z a
n d i d z a l o n j e z a
n d i m a l o n j e z a
n d i n a l o n j e z a
m u d z a l o n j e z a
m u m a l o n j e z a
m u n a l o n j e z a
a d z a l o n j e z a
a m a l o n j e z a
a n a l o n j e z a
k u y a m i k a
t i d z a y a m i k a
t i m a y a m i k a
t i n a y a m i k a
m u d z a y a m i k a
m u m a y a m i k a
m u n a y a m i k a
a d z a y a m i k a
a m a y a m i k a
a n a y a m i k a
n d i d z a y a m i k a
n d i m a y a m i k a
n d i n a y a m i k a
m u d z a y a m i k a
m u m a y a m i k a
m u n a y a m i k a
a d z a y a m i k a
a m a y a m i k a
a n a y a m i k a
k u p s y a
t i d z a p s y a
t i m a p s y a
t i n a p s y a
m u d z a p s y a
m u m a p s y a
m u n a p s y a
a d z a p s y a
a m a p s y a
a n a p s y a
n d i d z a p s y a
n d i m a p s y a
n d i n a p s y a
m u d z a p s y a
m u m a p s y a
m u n a p s y a
a d z a p s y a
a m a p s y a
a n a p s y a
k u z i n d i k i r a
t i d z a z i n d i k i r a
t i m a z i n d i k i r a
t i n a z i n d i k i r a
m u d z a z i n d i k i r a
m u m a z i n d i k i r a
m u n a z i n d i k i r a
a d z a z i n d i k i r a
a m a z i n d i k i r a
a n a z i n d i k i r a
n d i d z a z i n d i k i r a
n d i m a z i n d i k i r a
n d i n a z i n d i k i r a
m u d z a z i n d i k i r a
m u m a z i n d i k i r a
m u n a z i n d i k i r a
a d z a z i n d i k i r a
a m a z i n d i k i r a
a n a z i n d i k i r a
k u p h u n z i r a
t i d z a p h u n z i r a
t i m a p h u n z i r a
t i n a p h u n z i r a
m u d z a p h u n z i r a
m u m a p h u n z i r a
m u n a p h u n z i r a
a d z a p h u n z i r a
a m a p h u n z i r a
a n a p h u n z i r a
n d i d z a p h u n z i r a
n d i m a p h u n z i r a
n d i n a p h u n z i r a
m u d z a p h u n z i r a
m u m a p h u n z i r a
m u n a p h u n z i r a
a d z a p h u n z i r a
a m a p h u n z i r a
a n a p h u n z i r a
k u n u n k h a
t i d z a n u n k h a
t i m a n u n k h a
t i n a n u n k h a
m u d z a n u n k h a
m u m a n u n k h a
m u n a n u n k h a
a d z a n u n k h a
a m a n u n k h a
a n a n u n k h a
n d i d z a n u n k h a
n d i m a n u n k h a
n d i n a n u n k h a
m u d z a n u n k h a
m u m a n u n k h a
m u n a n u n k h a
a d z a n u n k h a
a m a n u n k h a
a n a n u n k h a
k u b w e z a
t i d z a b w e z a
t i m a b w e z a
t i n a b w e z a
m u d z a b w e z a
m u m a b w e z a
m u n a b w e z a
a d z a b w e z a
a m a b w e z a
a n a b w e z a
n d i d z a b w e z a
n d i m a b w e z a
n d i n a b w e z a
m u d z a b w e z a
m u m a b w e z a
m u n a b w e z a
a d z a b w e z a
a m a b w e z a
a n a b w e z a
k u b i r i w i r a
t i d z a b i r i w i r a
t i m a b i r i w i r a
t i n a b i r i w i r a
m u d z a b i r i w i r a
m u m a b i r i w i r a
m u n a b i r i w i r a
a d z a b i r i w i r a
a m a b i r i w i r a
a n a b i r i w i r a
n d i d z a b i r i w i r a
n d i m a b i r i w i r a
n d i n a b i r i w i r a
m u d z a b i r i w i r a
m u m a b i r i w i r a
m u n a b i r i w i r a
a d z a b i r i w i r a
a m a b i r i w i r a
a n a b i r i w i r a
k u g u l a
t i d z a g u l a
t i m a g u l a
t i n a g u l a
m u d z a g u l a
m u m a g u l a
m u n a g u l a
a d z a g u l a
a m a g u l a
a n a g u l a
n d i d z a g u l a
n d i m a g u l a
n d i n a g u l a
m u d z a g u l a
m u m a g u l a
m u n a g u l a
a d z a g u l a
a m a g u l a
a n a g u l a
k u n y o z a
t i d z a n y o z a
t i m a n y o z a
t i n a n y o z a
m u d z a n y o z a
m u m a n y o z a
m u n a n y o z a
a d z a n y o z a
a m a n y o z a
a n a n y o z a
n d i d z a n y o z a
n d i m a n y o z a
n d i n a n y o z a
m u d z a n y o z a
m u m a n y o z a
m u n a n y o z a
a d z a n y o z a
a m a n y o z a
a n a n y o z a
k u d a l a
t i d z a d a l a
t i m a d a l a
t i n a d a l a
m u d z a d a l a
m u m a d a l a
m u n a d a l a
a d z a d a l a
a m a d a l a
a n a d a l a
n d i d z a d a l a
n d i m a d a l a
n d i n a d a l a
m u d z a d a l a
m u m a d a l a
m u n a d a l a
a d z a d a l a
a m a d a l a
a n a d a l a
k u b o o l a
t i d z a b o o l a
t i m a b o o l a
t i n a b o o l a
m u d z a b o o l a
m u m a b o o l a
m u n a b o o l a
a d z a b o o l a
a m a b o o l a
a n a b o o l a
n d i d z a b o o l a
n d i m a b o o l a
n d i n a b o o l a
m u d z a b o o l a
m u m a b o o l a
m u n a b o o l a
a d z a b o o l a
a m a b o o l a
a n a b o o l a
k u p u l u m u t s a
t i d z a p u l u m u t s a
t i m a p u l u m u t s a
t i n a p u l u m u t s a
m u d z a p u l u m u t s a
m u m a p u l u m u t s a
m u n a p u l u m u t s a
a d z a p u l u m u t s a
a m a p u l u m u t s a
a n a p u l u m u t s a
n d i d z a p u l u m u t s a
n d i m a p u l u m u t s a
n d i n a p u l u m u t s a
m u d z a p u l u m u t s a
m u m a p u l u m u t s a
m u n a p u l u m u t s a
a d z a p u l u m u t s a
a m a p u l u m u t s a
a n a p u l u m u t s a
k u o n a
t i d z a o n a
t i m a o n a
t i n a o n a
m u d z a o n a
m u m a o n a
m u n a o n a
a d z a o n a
a m a o n a
a n a o n a
n d i d z a o n a
n d i m a o n a
n d i n a o n a
m u d z a o n a
m u m a o n a
m u n a o n a
a d z a o n a
a m a o n a
a n a o n a
k u t o p a
t i d z a t o p a
t i m a t o p a
t i n a t o p a
m u d z a t o p a
m u m a t o p a
m u n a t o p a
a d z a t o p a
a m a t o p a
a n a t o p a
n d i d z a t o p a
n d i m a t o p a
n d i n a t o p a
m u d z a t o p a
m u m a t o p a
m u n a t o p a
a d z a t o p a
a m a t o p a
a n a t o p a
k u t s i r i z a
t i d z a t s i r i z a
t i m a t s i r i z a
t i n a t s i r i z a
m u d z a t s i r i z a
m u m a t s i r i z a
m u n a t s i r i z a
a d z a t s i r i z a
a m a t s i r i z a
a n a t s i r i z a
n d i d z a t s i r i z a
n d i m a t s i r i z a
n d i n a t s i r i z a
m u d z a t s i r i z a
m u m a t s i r i z a
m u n a t s i r i z a
a d z a t s i r i z a
a m a t s i r i z a
a n a t s i r i z a
k u t s o g o l a
t i d z a t s o g o l a
t i m a t s o g o l a
t i n a t s o g o l a
m u d z a t s o g o l a
m u m a t s o g o l a
m u n a t s o g o l a
a d z a t s o g o l a
a m a t s o g o l a
a n a t s o g o l a
n d i d z a t s o g o l a
n d i m a t s o g o l a
n d i n a t s o g o l a
m u d z a t s o g o l a
m u m a t s o g o l a
m u n a t s o g o l a
a d z a t s o g o l a
a m a t s o g o l a
a n a t s o g o l a
k u s a m b a
t i d z a s a m b a
t i m a s a m b a
t i n a s a m b a
m u d z a s a m b a
m u m a s a m b a
m u n a s a m b a
a d z a s a m b a
a m a s a m b a
a n a s a m b a
n d i d z a s a m b a
n d i m a s a m b a
n d i n a s a m b a
m u d z a s a m b a
m u m a s a m b a
m u n a s a m b a
a d z a s a m b a
a m a s a m b a
a n a s a m b a
k u s o w a
t i d z a s o w a
t i m a s o w a
t i n a s o w a
m u d z a s o w a
m u m a s o w a
m u n a s o w a
a d z a s o w a
a m a s o w a
a n a s o w a
n d i d z a s o w a
n d i m a s o w a
n d i n a s o w a
m u d z a s o w a
m u m a s o w a
m u n a s o w a
a d z a s o w a
a m a s o w a
a n a s o w a
k u f u u l a
t i d z a f u u l a
t i m a f u u l a
t i n a f u u l a
m u d z a f u u l a
m u m a f u u l a
m u n a f u u l a
a d z a f u u l a
a m a f u u l a
a n a f u u l a
n d i d z a f u u l a
n d i m a f u u l a
n d i n a f u u l a
m u d z a f u u l a
m u m a f u u l a
m u n a f u u l a
a d z a f u u l a
a m a f u u l a
a n a f u u l a
k u y a n d k i r a
t i d z a y a n d k i r a
t i m a y a n d k i r a
t i n a y a n d k i r a
m u d z a y a n d k i r a
m u m a y a n d k i r a
m u n a y a n d k i r a
a d z a y a n d k i r a
a m a y a n d k i r a
a n a y a n d k i r a
n d i d z a y a n d k i r a
n d i m a y a n d k i r a
n d i n a y a n d k i r a
m u d z a y a n d k i r a
m u m a y a n d k i r a
m u n a y a n d k i r a
a d z a y a n d k i r a
a m a y a n d k i r a
a n a y a n d k i r a
k u t s e k a
t i d z a t s e k a
t i m a t s e k a
t i n a t s e k a
m u d z a t s e k a
m u m a t s e k a
m u n a t s e k a
a d z a t s e k a
a m a t s e k a
a n a t s e k a
n d i d z a t s e k a
n d i m a t s e k a
n d i n a t s e k a
m u d z a t s e k a
m u m a t s e k a
m u n a t s e k a
a d z a t s e k a
a m a t s e k a
a n a t s e k a
k u f i k a
t i d z a f i k a
t i m a f i k a
t i n a f i k a
m u d z a f i k a
m u m a f i k a
m u n a f i k a
a d z a f i k a
a m a f i k a
a n a f i k a
n d i d z a f i k a
n d i m a f i k a
n d i n a f i k a
m u d z a f i k a
m u m a f i k a
m u n a f i k a
a d z a f i k a
a m a f i k a
a n a f i k a
k u g u n d a
t i d z a g u n d a
t i m a g u n d a
t i n a g u n d a
m u d z a g u n d a
m u m a g u n d a
m u n a g u n d a
a d z a g u n d a
a m a g u n d a
a n a g u n d a
n d i d z a g u n d a
n d i m a g u n d a
n d i n a g u n d a
m u d z a g u n d a
m u m a g u n d a
m u n a g u n d a
a d z a g u n d a
a m a g u n d a
a n a g u n d a
k u s e f u k a
t i d z a s e f u k a
t i m a s e f u k a
t i n a s e f u k a
m u d z a s e f u k a
m u m a s e f u k a
m u n a s e f u k a
a d z a s e f u k a
a m a s e f u k a
a n a s e f u k a
n d i d z a s e f u k a
n d i m a s e f u k a
n d i n a s e f u k a
m u d z a s e f u k a
m u m a s e f u k a
m u n a s e f u k a
a d z a s e f u k a
a m a s e f u k a
a n a s e f u k a
k u o m b a
t i d z a o m b a
t i m a o m b a
t i n a o m b a
m u d z a o m b a
m u m a o m b a
m u n a o m b a
a d z a o m b a
a m a o m b a
a n a o m b a
n d i d z a o m b a
n d i m a o m b a
n d i n a o m b a
m u d z a o m b a
m u m a o m b a
m u n a o m b a
a d z a o m b a
a m a o m b a
a n a o m b a
k u k a y i k a
t i d z a k a y i k a
t i m a k a y i k a
t i n a k a y i k a
m u d z a k a y i k a
m u m a k a y i k a
m u n a k a y i k a
a d z a k a y i k a
a m a k a y i k a
a n a k a y i k a
n d i d z a k a y i k a
n d i m a k a y i k a
n d i n a k a y i k a
m u d z a k a y i k a
m u m a k a y i k a
m u n a k a y i k a
a d z a k a y i k a
a m a k a y i k a
a n a k a y i k a
k u o c h a
t i d z a o c h a
t i m a o c h a
t i n a o c h a
m u d z a o c h a
m u m a o c h a
m u n a o c h a
a d z a o c h a
a m a o c h a
a n a o c h a
n d i d z a o c h a
n d i m a o c h a
n d i n a o c h a
m u d z a o c h a
m u m a o c h a
m u n a o c h a
a d z a o c h a
a m a o c h a
a n a o c h a
k u t h i r a
t i d z a t h i r a
t i m a t h i r a
t i n a t h i r a
m u d z a t h i r a
m u m a t h i r a
m u n a t h i r a
a d z a t h i r a
a m a t h i r a
a n a t h i r a
n d i d z a t h i r a
n d i m a t h i r a
n d i n a t h i r a
m u d z a t h i r a
m u m a t h i r a
m u n a t h i r a
a d z a t h i r a
a m a t h i r a
a n a t h i r a
k u f a
t i d z a f a
t i m a f a
t i n a f a
m u d z a f a
m u m a f a
m u n a f a
a d z a f a
a m a f a
a n a f a
n d i d z a f a
n d i m a f a
n d i n a f a
m u d z a f a
m u m a f a
m u n a f a
a d z a f a
a m a f a
a n a f a
k u r e r u k a
t i d z a r e r u k a
t i m a r e r u k a
t i n a r e r u k a
m u d z a r e r u k a
m u m a r e r u k a
m u n a r e r u k a
a d z a r e r u k a
a m a r e r u k a
a n a r e r u k a
n d i d z a r e r u k a
n d i m a r e r u k a
n d i n a r e r u k a
m u d z a r e r u k a
m u m a r e r u k a
m u n a r e r u k a
a d z a r e r u k a
a m a r e r u k a
a n a r e r u k a
k u t h a w a
t i d z a t h a w a
t i m a t h a w a
t i n a t h a w a
m u d z a t h a w a
m u m a t h a w a
m u n a t h a w a
a d z a t h a w a
a m a t h a w a
a n a t h a w a
n d i d z a t h a w a
n d i m a t h a w a
n d i n a t h a w a
m u d z a t h a w a
m u m a t h a w a
m u n a t h a w a
a d z a t h a w a
a m a t h a w a
a n a t h a w a
k u k h u t a
t i d z a k h u t a
t i m a k h u t a
t i n a k h u t a
m u d z a k h u t a
m u m a k h u t a
m u n a k h u t a
a d z a k h u t a
a m a k h u t a
a n a k h u t a
n d i d z a k h u t a
n d i m a k h u t a
n d i n a k h u t a
m u d z a k h u t a
m u m a k h u t a
m u n a k h u t a
a d z a k h u t a
a m a k h u t a
a n a k h u t a
k u k a l a m b a
t i d z a k a l a m b a
t i m a k a l a m b a
t i n a k a l a m b a
m u d z a k a l a m b a
m u m a k a l a m b a
m u n a k a l a m b a
a d z a k a l a m b a
a m a k a l a m b a
a n a k a l a m b a
n d i d z a k a l a m b a
n d i m a k a l a m b a
n d i n a k a l a m b a
m u d z a k a l a m b a
m u m a k a l a m b a
m u n a k a l a m b a
a d z a k a l a m b a
a m a k a l a m b a
a n a k a l a m b a
k u k h a z i k a
t i d z a k h a z i k a
t i m a k h a z i k a
t i n a k h a z i k a
m u d z a k h a z i k a
m u m a k h a z i k a
m u n a k h a z i k a
a d z a k h a z i k a
a m a k h a z i k a
a n a k h a z i k a
n d i d z a k h a z i k a
n d i m a k h a z i k a
n d i n a k h a z i k a
m u d z a k h a z i k a
m u m a k h a z i k a
m u n a k h a z i k a
a d z a k h a z i k a
a m a k h a z i k a
a n a k h a z i k a
k u s i n t h a
t i d z a s i n t h a
t i m a s i n t h a
t i n a s i n t h a
m u d z a s i n t h a
m u m a s i n t h a
m u n a s i n t h a
a d z a s i n t h a
a m a s i n t h a
a n a s i n t h a
n d i d z a s i n t h a
n d i m a s i n t h a
n d i n a s i n t h a
m u d z a s i n t h a
m u m a s i n t h a
m u n a s i n t h a
a d z a s i n t h a
a m a s i n t h a
a n a s i n t h a
k u k h u d z a
t i d z a k h u d z a
t i m a k h u d z a
t i n a k h u d z a
m u d z a k h u d z a
m u m a k h u d z a
m u n a k h u d z a
a d z a k h u d z a
a m a k h u d z a
a n a k h u d z a
n d i d z a k h u d z a
n d i m a k h u d z a
n d i n a k h u d z a
m u d z a k h u d z a
m u m a k h u d z a
m u n a k h u d z a
a d z a k h u d z a
a m a k h u d z a
a n a k h u d z a
k u s a n g a l a l a
t i d z a s a n g a l a l a
t i m a s a n g a l a l a
t i n a s a n g a l a l a
m u d z a s a n g a l a l a
m u m a s a n g a l a l a
m u n a s a n g a l a l a
a d z a s a n g a l a l a
a m a s a n g a l a l a
a n a s a n g a l a l a
n d i d z a s a n g a l a l a
n d i m a s a n g a l a l a
n d i n a s a n g a l a l a
m u d z a s a n g a l a l a
m u m a s a n g a l a l a
m u n a s a n g a l a l a
a d z a s a n g a l a l a
a m a s a n g a l a l a
a n a s a n g a l a l a
k u w e r u z a
t i d z a w e r u z a
t i m a w e r u z a
t i n a w e r u z a
m u d z a w e r u z a
m u m a w e r u z a
m u n a w e r u z a
a d z a w e r u z a
a m a w e r u z a
a n a w e r u z a
n d i d z a w e r u z a
n d i m a w e r u z a
n d i n a w e r u z a
m u d z a w e r u z a
m u m a w e r u z a
m u n a w e r u z a
a d z a w e r u z a
a m a w e r u z a
a n a w e r u z a
k u g a w a
t i d z a g a w a
t i m a g a w a
t i n a g a w a
m u d z a g a w a
m u m a g a w a
m u n a g a w a
a d z a g a w a
a m a g a w a
a n a g a w a
n d i d z a g a w a
n d i m a g a w a
n d i n a g a w a
m u d z a g a w a
m u m a g a w a
m u n a g a w a
a d z a g a w a
a m a g a w a
a n a g a w a
k u p o n d a
t i d z a p o n d a
t i m a p o n d a
t i n a p o n d a
m u d z a p o n d a
m u m a p o n d a
m u n a p o n d a
a d z a p o n d a
a m a p o n d a
a n a p o n d a
n d i d z a p o n d a
n d i m a p o n d a
n d i n a p o n d a
m u d z a p o n d a
m u m a p o n d a
m u n a p o n d a
a d z a p o n d a
a m a p o n d a
a n a p o n d a
k u m a s u l a
t i d z a m a s u l a
t i m a m a s u l a
t i n a m a s u l a
m u d z a m a s u l a
m u m a m a s u l a
m u n a m a s u l a
a d z a m a s u l a
a m a m a s u l a
a n a m a s u l a
n d i d z a m a s u l a
n d i m a m a s u l a
n d i n a m a s u l a
m u d z a m a s u l a
m u m a m a s u l a
m u n a m a s u l a
a d z a m a s u l a
a m a m a s u l a
a n a m a s u l a
k u y a l a
t i d z a y a l a
t i m a y a l a
t i n a y a l a
m u d z a y a l a
m u m a y a l a
m u n a y a l a
a d z a y a l a
a m a y a l a
a n a y a l a
n d i d z a y a l a
n d i m a y a l a
n d i n a y a l a
m u d z a y a l a
m u m a y a l a
m u n a y a l a
a d z a y a l a
a m a y a l a
a n a y a l a
k u s a n d u k a
t i d z a s a n d u k a
t i m a s a n d u k a
t i n a s a n d u k a
m u d z a s a n d u k a
m u m a s a n d u k a
m u n a s a n d u k a
a d z a s a n d u k a
a m a s a n d u k a
a n a s a n d u k a
n d i d z a s a n d u k a
n d i m a s a n d u k a
n d i n a s a n d u k a
m u d z a s a n d u k a
m u m a s a n d u k a
m u n a s a n d u k a
a d z a s a n d u k a
a m a s a n d u k a
a n a s a n d u k a
k u t s a t a
t i d z a t s a t a
t i m a t s a t a
t i n a t s a t a
m u d z a t s a t a
m u m a t s a t a
m u n a t s a t a
a d z a t s a t a
a m a t s a t a
a n a t s a t a
n d i d z a t s a t a
n d i m a t s a t a
n d i n a t s a t a
m u d z a t s a t a
m u m a t s a t a
m u n a t s a t a
a d z a t s a t a
a m a t s a t a
a n a t s a t a
k u i m b a
t i d z a i m b a
t i m a i m b a
t i n a i m b a
m u d z a i m b a
m u m a i m b a
m u n a i m b a
a d z a i m b a
a m a i m b a
a n a i m b a
n d i d z a i m b a
n d i m a i m b a
n d i n a i m b a
m u d z a i m b a
m u m a i m b a
m u n a i m b a
a d z a i m b a
a m a i m b a
a n a i m b a
k u n y a m u l a
t i d z a n y a m u l a
t i m a n y a m u l a
t i n a n y a m u l a
m u d z a n y a m u l a
m u m a n y a m u l a
m u n a n y a m u l a
a d z a n y a m u l a
a m a n y a m u l a
a n a n y a m u l a
n d i d z a n y a m u l a
n d i m a n y a m u l a
n d i n a n y a m u l a
m u d z a n y a m u l a
m u m a n y a m u l a
m u n a n y a m u l a
a d z a n y a m u l a
a m a n y a m u l a
a n a n y a m u l a
k u z i z i r a
t i d z a z i z i r a
t i m a z i z i r a
t i n a z i z i r a
m u d z a z i z i r a
m u m a z i z i r a
m u n a z i z i r a
a d z a z i z i r a
a m a z i z i r a
a n a z i z i r a
n d i d z a z i z i r a
n d i m a z i z i r a
n d i n a z i z i r a
m u d z a z i z i r a
m u m a z i z i r a
m u n a z i z i r a
a d z a z i z i r a
a m a z i z i r a
a n a z i z i r a
k u d z a
t i d z a d z a
t i m a d z a
t i n a d z a
m u d z a d z a
m u m a d z a
m u n a d z a
a d z a d z a
a m a d z a
a n a d z a
n d i d z a d z a
n d i m a d z a
n d i n a d z a
m u d z a d z a
m u m a d z a
m u n a d z a
a d z a d z a
a m a d z a
a n a d z a
k u s e s a
t i d z a s e s a
t i m a s e s a
t i n a s e s a
m u d z a s e s a
m u m a s e s a
m u n a s e s a
a d z a s e s a
a m a s e s a
a n a s e s a
n d i d z a s e s a
n d i m a s e s a
n d i n a s e s a
m u d z a s e s a
m u m a s e s a
m u n a s e s a
a d z a s e s a
a m a s e s a
a n a s e s a
k u z u n z a
t i d z a z u n z a
t i m a z u n z a
t i n a z u n z a
m u d z a z u n z a
m u m a z u n z a
m u n a z u n z a
a d z a z u n z a
a m a z u n z a
a n a z u n z a
n d i d z a z u n z a
n d i m a z u n z a
n d i n a z u n z a
m u d z a z u n z a
m u m a z u n z a
m u n a z u n z a
a d z a z u n z a
a m a z u n z a
a n a z u n z a
k u s w a
t i d z a s w a
t i m a s w a
t i n a s w a
m u d z a s w a
m u m a s w a
m u n a s w a
a d z a s w a
a m a s w a
a n a s w a
n d i d z a s w a
n d i m a s w a
n d i n a s w a
m u d z a s w a
m u m a s w a
m u n a s w a
a d z a s w a
a m a s w a
a n a s w a
k u y e m b e k e z a
t i d z a y e m b e k e z a
t i m a y e m b e k e z a
t i n a y e m b e k e z a
m u d z a y e m b e k e z a
m u m a y e m b e k e z a
m u n a y e m b e k e z a
a d z a y e m b e k e z a
a m a y e m b e k e z a
a n a y e m b e k e z a
n d i d z a y e m b e k e z a
n d i m a y e m b e k e z a
n d i n a y e m b e k e z a
m u d z a y e m b e k e z a
m u m a y e m b e k e z a
m u n a y e m b e k e z a
a d z a y e m b e k e z a
a m a y e m b e k e z a
a n a y e m b e k e z a
k u l e m b a
t i d z a l e m b a
t i m a l e m b a
t i n a l e m b a
m u d z a l e m b a
m u m a l e m b a
m u n a l e m b a
a d z a l e m b a
a m a l e m b a
a n a l e m b a
n d i d z a l e m b a
n d i m a l e m b a
n d i n a l e m b a
m u d z a l e m b a
m u m a l e m b a
m u n a l e m b a
a d z a l e m b a
a m a l e m b a
a n a l e m b a
k u k o n d w a
t i d z a k o n d w a
t i m a k o n d w a
t i n a k o n d w a
m u d z a k o n d w a
m u m a k o n d w a
m u n a k o n d w a
a d z a k o n d w a
a m a k o n d w a
a n a k o n d w a
n d i d z a k o n d w a
n d i m a k o n d w a
n d i n a k o n d w a
m u d z a k o n d w a
m u m a k o n d w a
m u n a k o n d w a
a d z a k o n d w a
a m a k o n d w a
a n a k o n d w a
k u d w a l a
t i d z a d w a l a
t i m a d w a l a
t i n a d w a l a
m u d z a d w a l a
m u m a d w a l a
m u n a d w a l a
a d z a d w a l a
a m a d w a l a
a n a d w a l a
n d i d z a d w a l a
n d i m a d w a l a
n d i n a d w a l a
m u d z a d w a l a
m u m a d w a l a
m u n a d w a l a
a d z a d w a l a
a m a d w a l a
a n a d w a l a
k u b i s a l a
t i d z a b i s a l a
t i m a b i s a l a
t i n a b i s a l a
m u d z a b i s a l a
m u m a b i s a l a
m u n a b i s a l a
a d z a b i s a l a
a m a b i s a l a
a n a b i s a l a
n d i d z a b i s a l a
n d i m a b i s a l a
n d i n a b i s a l a
m u d z a b i s a l a
m u m a b i s a l a
m u n a b i s a l a
a d z a b i s a l a
a m a b i s a l a
a n a b i s a l a
k u s e w e r a
t i d z a s e w e r a
t i m a s e w e r a
t i n a s e w e r a
m u d z a s e w e r a
m u m a s e w e r a
m u n a s e w e r a
a d z a s e w e r a
a m a s e w e r a
a n a s e w e r a
n d i d z a s e w e r a
n d i m a s e w e r a
n d i n a s e w e r a
m u d z a s e w e r a
m u m a s e w e r a
m u n a s e w e r a
a d z a s e w e r a
a m a s e w e r a
a n a s e w e r a
k u d a
t i d z a d a
t i m a d a
t i n a d a
m u d z a d a
m u m a d a
m u n a d a
a d z a d a
a m a d a
a n a d a
n d i d z a d a
n d i m a d a
n d i n a d a
m u d z a d a
m u m a d a
m u n a d a
a d z a d a
a m a d a
a n a d a
k u k w e r a
t i d z a k w e r a
t i m a k w e r a
t i n a k w e r a
m u d z a k w e r a
m u m a k w e r a
m u n a k w e r a
a d z a k w e r a
a m a k w e r a
a n a k w e r a
n d i d z a k w e r a
n d i m a k w e r a
n d i n a k w e r a
m u d z a k w e r a
m u m a k w e r a
m u n a k w e r a
a d z a k w e r a
a m a k w e r a
a n a k w e r a
k u t s u t s a
t i d z a t s u t s a
t i m a t s u t s a
t i n a t s u t s a
m u d z a t s u t s a
m u m a t s u t s a
m u n a t s u t s a
a d z a t s u t s a
a m a t s u t s a
a n a t s u t s a
n d i d z a t s u t s a
n d i m a t s u t s a
n d i n a t s u t s a
m u d z a t s u t s a
m u m a t s u t s a
m u n a t s u t s a
a d z a t s u t s a
a m a t s u t s a
a n a t s u t s a
k u k o n z a
t i d z a k o n z a
t i m a k o n z a
t i n a k o n z a
m u d z a k o n z a
m u m a k o n z a
m u n a k o n z a
a d z a k o n z a
a m a k o n z a
a n a k o n z a
n d i d z a k o n z a
n d i m a k o n z a
n d i n a k o n z a
m u d z a k o n z a
m u m a k o n z a
m u n a k o n z a
a d z a k o n z a
a m a k o n z a
a n a k o n z a
k u m a l i z a
t i d z a m a l i z a
t i m a m a l i z a
t i n a m a l i z a
m u d z a m a l i z a
m u m a m a l i z a
m u n a m a l i z a
a d z a m a l i z a
a m a m a l i z a
a n a m a l i z a
n d i d z a m a l i z a
n d i m a m a l i z a
n d i n a m a l i z a
m u d z a m a l i z a
m u m a m a l i z a
m u n a m a l i z a
a d z a m a l i z a
a m a m a l i z a
a n a m a l i z a
k u p o s a
t i d z a p o s a
t i m a p o s a
t i n a p o s a
m u d z a p o s a
m u m a p o s a
m u n a p o s a
a d z a p o s a
a m a p o s a
a n a p o s a
n d i d z a p o s a
n d i m a p o s a
n d i n a p o s a
m u d z a p o s a
m u m a p o s a
m u n a p o s a
a d z a p o s a
a m a p o s a
a n a p o s a
k u l a n k h u l a
t i d z a l a n k h u l a
t i m a l a n k h u l a
t i n a l a n k h u l a
m u d z a l a n k h u l a
m u m a l a n k h u l a
m u n a l a n k h u l a
a d z a l a n k h u l a
a m a l a n k h u l a
a n a l a n k h u l a
n d i d z a l a n k h u l a
n d i m a l a n k h u l a
n d i n a l a n k h u l a
m u d z a l a n k h u l a
m u m a l a n k h u l a
m u n a l a n k h u l a
a d z a l a n k h u l a
a m a l a n k h u l a
a n a l a n k h u l a
k u f u p i k a
t i d z a f u p i k a
t i m a f u p i k a
t i n a f u p i k a
m u d z a f u p i k a
m u m a f u p i k a
m u n a f u p i k a
a d z a f u p i k a
a m a f u p i k a
a n a f u p i k a
n d i d z a f u p i k a
n d i m a f u p i k a
n d i n a f u p i k a
m u d z a f u p i k a
m u m a f u p i k a
m u n a f u p i k a
a d z a f u p i k a
a m a f u p i k a
a n a f u p i k a
k u t s a n z i r a
t i d z a t s a n z i r a
t i m a t s a n z i r a
t i n a t s a n z i r a
m u d z a t s a n z i r a
m u m a t s a n z i r a
m u n a t s a n z i r a
a d z a t s a n z i r a
a m a t s a n z i r a
a n a t s a n z i r a
n d i d z a t s a n z i r a
n d i m a t s a n z i r a
n d i n a t s a n z i r a
m u d z a t s a n z i r a
m u m a t s a n z i r a
m u n a t s a n z i r a
a d z a t s a n z i r a
a m a t s a n z i r a
a n a t s a n z i r a
k u t c h a
t i d z a t c h a
t i m a t c h a
t i n a t c h a
m u d z a t c h a
m u m a t c h a
m u n a t c h a
a d z a t c h a
a m a t c h a
a n a t c h a
n d i d z a t c h a
n d i m a t c h a
n d i n a t c h a
m u d z a t c h a
m u m a t c h a
m u n a t c h a
a d z a t c h a
a m a t c h a
a n a t c h a
k u m a n g a
t i d z a m a n g a
t i m a m a n g a
t i n a m a n g a
m u d z a m a n g a
m u m a m a n g a
m u n a m a n g a
a d z a m a n g a
a m a m a n g a
a n a m a n g a
n d i d z a m a n g a
n d i m a m a n g a
n d i n a m a n g a
m u d z a m a n g a
m u m a m a n g a
m u n a m a n g a
a d z a m a n g a
a m a m a n g a
a n a m a n g a
k u b v u t a
t i d z a b v u t a
t i m a b v u t a
t i n a b v u t a
m u d z a b v u t a
m u m a b v u t a
m u n a b v u t a
a d z a b v u t a
a m a b v u t a
a n a b v u t a
n d i d z a b v u t a
n d i m a b v u t a
n d i n a b v u t a
m u d z a b v u t a
m u m a b v u t a
m u n a b v u t a
a d z a b v u t a
a m a b v u t a
a n a b v u t a
k u b w e r a
t i d z a b w e r a
t i m a b w e r a
t i n a b w e r a
m u d z a b w e r a
m u m a b w e r a
m u n a b w e r a
a d z a b w e r a
a m a b w e r a
a n a b w e r a
n d i d z a b w e r a
n d i m a b w e r a
n d i n a b w e r a
m u d z a b w e r a
m u m a b w e r a
m u n a b w e r a
a d z a b w e r a
a m a b w e r a
a n a b w e r a
k u l e m a
t i d z a l e m a
t i m a l e m a
t i n a l e m a
m u d z a l e m a
m u m a l e m a
m u n a l e m a
a d z a l e m a
a m a l e m a
a n a l e m a
n d i d z a l e m a
n d i m a l e m a
n d i n a l e m a
m u d z a l e m a
m u m a l e m a
m u n a l e m a
a d z a l e m a
a m a l e m a
a n a l e m a
k u d z o l a
t i d z a d z o l a
t i m a d z o l a
t i n a d z o l a
m u d z a d z o l a
m u m a d z o l a
m u n a d z o l a
a d z a d z o l a
a m a d z o l a
a n a d z o l a
n d i d z a d z o l a
n d i m a d z o l a
n d i n a d z o l a
m u d z a d z o l a
m u m a d z o l a
m u n a d z o l a
a d z a d z o l a
a m a d z o l a
a n a d z o l a
k u n y e n g a
t i d z a n y e n g a
t i m a n y e n g a
t i n a n y e n g a
m u d z a n y e n g a
m u m a n y e n g a
m u n a n y e n g a
a d z a n y e n g a
a m a n y e n g a
a n a n y e n g a
n d i d z a n y e n g a
n d i m a n y e n g a
n d i n a n y e n g a
m u d z a n y e n g a
m u m a n y e n g a
m u n a n y e n g a
a d z a n y e n g a
a m a n y e n g a
a n a n y e n g a
k u k w a n a
t i d z a k w a n a
t i m a k w a n a
t i n a k w a n a
m u d z a k w a n a
m u m a k w a n a
m u n a k w a n a
a d z a k w a n a
a m a k w a n a
a n a k w a n a
n d i d z a k w a n a
n d i m a k w a n a
n d i n a k w a n a
m u d z a k w a n a
m u m a k w a n a
m u n a k w a n a
a d z a k w a n a
a m a k w a n a
a n a k w a n a
k u d a n d a u l a
t i d z a d a n d a u l a
t i m a d a n d a u l a
t i n a d a n d a u l a
m u d z a d a n d a u l a
m u m a d a n d a u l a
m u n a d a n d a u l a
a d z a d a n d a u l a
a m a d a n d a u l a
a n a d a n d a u l a
n d i d z a d a n d a u l a
n d i m a d a n d a u l a
n d i n a d a n d a u l a
m u d z a d a n d a u l a
m u m a d a n d a u l a
m u n a d a n d a u l a
a d z a d a n d a u l a
a m a d a n d a u l a
a n a d a n d a u l a
k u t s a l a
t i d z a t s a l a
t i m a t s a l a
t i n a t s a l a
m u d z a t s a l a
m u m a t s a l a
m u n a t s a l a
a d z a t s a l a
a m a t s a l a
a n a t s a l a
n d i d z a t s a l a
n d i m a t s a l a
n d i n a t s a l a
m u d z a t s a l a
m u m a t s a l a
m u n a t s a l a
a d z a t s a l a
a m a t s a l a
a n a t s a l a
k u p a t s a
t i d z a p a t s a
t i m a p a t s a
t i n a p a t s a
m u d z a p a t s a
m u m a p a t s a
m u n a p a t s a
a d z a p a t s a
a m a p a t s a
a n a p a t s a
n d i d z a p a t s a
n d i m a p a t s a
n d i n a p a t s a
m u d z a p a t s a
m u m a p a t s a
m u n a p a t s a
a d z a p a t s a
a m a p a t s a
a n a p a t s a
k u p i t a n i
t i d z a p i t a n i
t i m a p i t a n i
t i n a p i t a n i
m u d z a p i t a n i
m u m a p i t a n i
m u n a p i t a n i
a d z a p i t a n i
a m a p i t a n i
a n a p i t a n i
n d i d z a p i t a n i
n d i m a p i t a n i
n d i n a p i t a n i
m u d z a p i t a n i
m u m a p i t a n i
m u n a p i t a n i
a d z a p i t a n i
a m a p i t a n i
a n a p i t a n i
k u f u n s a n i
t i d z a f u n s a n i
t i m a f u n s a n i
t i n a f u n s a n i
m u d z a f u n s a n i
m u m a f u n s a n i
m u n a f u n s a n i
a d z a f u n s a n i
a m a f u n s a n i
a n a f u n s a n i
n d i d z a f u n s a n i
n d i m a f u n s a n i
n d i n a f u n s a n i
m u d z a f u n s a n i
m u m a f u n s a n i
m u n a f u n s a n i
a d z a f u n s a n i
a m a f u n s a n i
a n a f u n s a n i
k u n g ' a m b a
t i d z a n g ' a m b a
t i m a n g ' a m b a
t i n a n g ' a m b a
m u d z a n g ' a m b a
m u m a n g ' a m b a
m u n a n g ' a m b a
a d z a n g ' a m b a
a m a n g ' a m b a
a n a n g ' a m b a
n d i d z a n g ' a m b a
n d i m a n g ' a m b a
n d i n a n g ' a m b a
m u d z a n g ' a m b a
m u m a n g ' a m b a
m u n a n g ' a m b a
a d z a n g ' a m b a
a m a n g ' a m b a
a n a n g ' a m b a
k u t s e g u l a
t i d z a t s e g u l a
t i m a t s e g u l a
t i n a t s e g u l a
m u d z a t s e g u l a
m u m a t s e g u l a
m u n a t s e g u l a
a d z a t s e g u l a
a m a t s e g u l a
a n a t s e g u l a
n d i d z a t s e g u l a
n d i m a t s e g u l a
n d i n a t s e g u l a
m u d z a t s e g u l a
m u m a t s e g u l a
m u n a t s e g u l a
a d z a t s e g u l a
a m a t s e g u l a
a n a t s e g u l a
k u c h i n y a
t i d z a c h i n y a
t i m a c h i n y a
t i n a c h i n y a
m u d z a c h i n y a
m u m a c h i n y a
m u n a c h i n y a
a d z a c h i n y a
a m a c h i n y a
a n a c h i n y a
n d i d z a c h i n y a
n d i m a c h i n y a
n d i n a c h i n y a
m u d z a c h i n y a
m u m a c h i n y a
m u n a c h i n y a
a d z a c h i n y a
a m a c h i n y a
a n a c h i n y a
k u b a l a
t i d z a b a l a
t i m a b a l a
t i n a b a l a
m u d z a b a l a
m u m a b a l a
m u n a b a l a
a d z a b a l a
a m a b a l a
a n a b a l a
n d i d z a b a l a
n d i m a b a l a
n d i n a b a l a
m u d z a b a l a
m u m a b a l a
m u n a b a l a
a d z a b a l a
a m a b a l a
a n a b a l a
k u t a l i k a
t i d z a t a l i k a
t i m a t a l i k a
t i n a t a l i k a
m u d z a t a l i k a
m u m a t a l i k a
m u n a t a l i k a
a d z a t a l i k a
a m a t a l i k a
a n a t a l i k a
n d i d z a t a l i k a
n d i m a t a l i k a
n d i n a t a l i k a
m u d z a t a l i k a
m u m a t a l i k a
m u n a t a l i k a
a d z a t a l i k a
a m a t a l i k a
a n a t a l i k a
k u p w e t e k a
t i d z a p w e t e k a
t i m a p w e t e k a
t i n a p w e t e k a
m u d z a p w e t e k a
m u m a p w e t e k a
m u n a p w e t e k a
a d z a p w e t e k a
a m a p w e t e k a
a n a p w e t e k a
n d i d z a p w e t e k a
n d i m a p w e t e k a
n d i n a p w e t e k a
m u d z a p w e t e k a
m u m a p w e t e k a
m u n a p w e t e k a
a d z a p w e t e k a
a m a p w e t e k a
a n a p w e t e k a
k u i m a
t i d z a i m a
t i m a i m a
t i n a i m a
m u d z a i m a
m u m a i m a
m u n a i m a
a d z a i m a
a m a i m a
a n a i m a
n d i d z a i m a
n d i m a i m a
n d i n a i m a
m u d z a i m a
m u m a i m a
m u n a i m a
a d z a i m a
a m a i m a
a n a i m a
k u k h a l a
t i d z a k h a l a
t i m a k h a l a
t i n a k h a l a
m u d z a k h a l a
m u m a k h a l a
m u n a k h a l a
a d z a k h a l a
a m a k h a l a
a n a k h a l a
n d i d z a k h a l a
n d i m a k h a l a
n d i n a k h a l a
m u d z a k h a l a
m u m a k h a l a
m u n a k h a l a
a d z a k h a l a
a m a k h a l a
a n a k h a l a
k u p h i k a
t i d z a p h i k a
t i m a p h i k a
t i n a p h i k a
m u d z a p h i k a
m u m a p h i k a
m u n a p h i k a
a d z a p h i k a
a m a p h i k a
a n a p h i k a
n d i d z a p h i k a
n d i m a p h i k a
n d i n a p h i k a
m u d z a p h i k a
m u m a p h i k a
m u n a p h i k a
a d z a p h i k a
a m a p h i k a
a n a p h i k a
k u z u n g u l i r a
t i d z a z u n g u l i r a
t i m a z u n g u l i r a
t i n a z u n g u l i r a
m u d z a z u n g u l i r a
m u m a z u n g u l i r a
m u n a z u n g u l i r a
a d z a z u n g u l i r a
a m a z u n g u l i r a
a n a z u n g u l i r a
n d i d z a z u n g u l i r a
n d i m a z u n g u l i r a
n d i n a z u n g u l i r a
m u d z a z u n g u l i r a
m u m a z u n g u l i r a
m u n a z u n g u l i r a
a d z a z u n g u l i r a
a m a z u n g u l i r a
a n a z u n g u l i r a
k u p a n a
t i d z a p a n a
t i m a p a n a
t i n a p a n a
m u d z a p a n a
m u m a p a n a
m u n a p a n a
a d z a p a n a
a m a p a n a
a n a p a n a
n d i d z a p a n a
n d i m a p a n a
n d i n a p a n a
m u d z a p a n a
m u m a p a n a
m u n a p a n a
a d z a p a n a
a m a p a n a
a n a p a n a
k u l o w a
t i d z a l o w a
t i m a l o w a
t i n a l o w a
m u d z a l o w a
m u m a l o w a
m u n a l o w a
a d z a l o w a
a m a l o w a
a n a l o w a
n d i d z a l o w a
n d i m a l o w a
n d i n a l o w a
m u d z a l o w a
m u m a l o w a
m u n a l o w a
a d z a l o w a
a m a l o w a
a n a l o w a
k u s e k a
t i d z a s e k a
t i m a s e k a
t i n a s e k a
m u d z a s e k a
m u m a s e k a
m u n a s e k a
a d z a s e k a
a m a s e k a
a n a s e k a
n d i d z a s e k a
n d i m a s e k a
n d i n a s e k a
m u d z a s e k a
m u m a s e k a
m u n a s e k a
a d z a s e k a
a m a s e k a
a n a s e k a
k u t u l u k a
t i d z a t u l u k a
t i m a t u l u k a
t i n a t u l u k a
m u d z a t u l u k a
m u m a t u l u k a
m u n a t u l u k a
a d z a t u l u k a
a m a t u l u k a
a n a t u l u k a
n d i d z a t u l u k a
n d i m a t u l u k a
n d i n a t u l u k a
m u d z a t u l u k a
m u m a t u l u k a
m u n a t u l u k a
a d z a t u l u k a
a m a t u l u k a
a n a t u l u k a
k u p i n d u l a
t i d z a p i n d u l a
t i m a p i n d u l a
t i n a p i n d u l a
m u d z a p i n d u l a
m u m a p i n d u l a
m u n a p i n d u l a
a d z a p i n d u l a
a m a p i n d u l a
a n a p i n d u l a
n d i d z a p i n d u l a
n d i m a p i n d u l a
n d i n a p i n d u l a
m u d z a p i n d u l a
m u m a p i n d u l a
m u n a p i n d u l a
a d z a p i n d u l a
a m a p i n d u l a
a n a p i n d u l a
k u b e r e k a
t i d z a b e r e k a
t i m a b e r e k a
t i n a b e r e k a
m u d z a b e r e k a
m u m a b e r e k a
m u n a b e r e k a
a d z a b e r e k a
a m a b e r e k a
a n a b e r e k a
n d i d z a b e r e k a
n d i m a b e r e k a
n d i n a b e r e k a
m u d z a b e r e k a
m u m a b e r e k a
m u n a b e r e k a
a d z a b e r e k a
a m a b e r e k a
a n a b e r e k a
k u p i n d a
t i d z a p i n d a
t i m a p i n d a
t i n a p i n d a
m u d z a p i n d a
m u m a p i n d a
m u n a p i n d a
a d z a p i n d a
a m a p i n d a
a n a p i n d a
n d i d z a p i n d a
n d i m a p i n d a
n d i n a p i n d a
m u d z a p i n d a
m u m a p i n d a
m u n a p i n d a
a d z a p i n d a
a m a p i n d a
a n a p i n d a
k u p a m b a n a
t i d z a p a m b a n a
t i m a p a m b a n a
t i n a p a m b a n a
m u d z a p a m b a n a
m u m a p a m b a n a
m u n a p a m b a n a
a d z a p a m b a n a
a m a p a m b a n a
a n a p a m b a n a
n d i d z a p a m b a n a
n d i m a p a m b a n a
n d i n a p a m b a n a
m u d z a p a m b a n a
m u m a p a m b a n a
m u n a p a m b a n a
a d z a p a m b a n a
a m a p a m b a n a
a n a p a m b a n a
k u y e n e r a
t i d z a y e n e r a
t i m a y e n e r a
t i n a y e n e r a
m u d z a y e n e r a
m u m a y e n e r a
m u n a y e n e r a
a d z a y e n e r a
a m a y e n e r a
a n a y e n e r a
n d i d z a y e n e r a
n d i m a y e n e r a
n d i n a y e n e r a
m u d z a y e n e r a
m u m a y e n e r a
m u n a y e n e r a
a d z a y e n e r a
a m a y e n e r a
a n a y e n e r a
k u b z a l a
t i d z a b z a l a
t i m a b z a l a
t i n a b z a l a
m u d z a b z a l a
m u m a b z a l a
m u n a b z a l a
a d z a b z a l a
a m a b z a l a
a n a b z a l a
n d i d z a b z a l a
n d i m a b z a l a
n d i n a b z a l a
m u d z a b z a l a
m u m a b z a l a
m u n a b z a l a
a d z a b z a l a
a m a b z a l a
a n a b z a l a
k u c h u l u k a
t i d z a c h u l u k a
t i m a c h u l u k a
t i n a c h u l u k a
m u d z a c h u l u k a
m u m a c h u l u k a
m u n a c h u l u k a
a d z a c h u l u k a
a m a c h u l u k a
a n a c h u l u k a
n d i d z a c h u l u k a
n d i m a c h u l u k a
n d i n a c h u l u k a
m u d z a c h u l u k a
m u m a c h u l u k a
m u n a c h u l u k a
a d z a c h u l u k a
a m a c h u l u k a
a n a c h u l u k a
k u y a m b a
t i d z a y a m b a
t i m a y a m b a
t i n a y a m b a
m u d z a y a m b a
m u m a y a m b a
m u n a y a m b a
a d z a y a m b a
a m a y a m b a
a n a y a m b a
n d i d z a y a m b a
n d i m a y a m b a
n d i n a y a m b a
m u d z a y a m b a
m u m a y a m b a
m u n a y a m b a
a d z a y a m b a
a m a y a m b a
a n a y a m b a
k u k a m b a
t i d z a k a m b a
t i m a k a m b a
t i n a k a m b a
m u d z a k a m b a
m u m a k a m b a
m u n a k a m b a
a d z a k a m b a
a m a k a m b a
a n a k a m b a
n d i d z a k a m b a
n d i m a k a m b a
n d i n a k a m b a
m u d z a k a m b a
m u m a k a m b a
m u n a k a m b a
a d z a k a m b a
a m a k a m b a
a n a k a m b a
k u w e r e n g a
t i d z a w e r e n g a
t i m a w e r e n g a
t i n a w e r e n g a
m u d z a w e r e n g a
m u m a w e r e n g a
m u n a w e r e n g a
a d z a w e r e n g a
a m a w e r e n g a
a n a w e r e n g a
n d i d z a w e r e n g a
n d i m a w e r e n g a
n d i n a w e r e n g a
m u d z a w e r e n g a
m u m a w e r e n g a
m u n a w e r e n g a
a d z a w e r e n g a
a m a w e r e n g a
a n a w e r e n g a
k u s a m a l a
t i d z a s a m a l a
t i m a s a m a l a
t i n a s a m a l a
m u d z a s a m a l a
m u m a s a m a l a
m u n a s a m a l a
a d z a s a m a l a
a m a s a m a l a
a n a s a m a l a
n d i d z a s a m a l a
n d i m a s a m a l a
n d i n a s a m a l a
m u d z a s a m a l a
m u m a s a m a l a
m u n a s a m a l a
a d z a s a m a l a
a m a s a m a l a
a n a s a m a l a
k u f u n a
t i d z a f u n a
t i m a f u n a
t i n a f u n a
m u d z a f u n a
m u m a f u n a
m u n a f u n a
a d z a f u n a
a m a f u n a
a n a f u n a
n d i d z a f u n a
n d i m a f u n a
n d i n a f u n a
m u d z a f u n a
m u m a f u n a
m u n a f u n a
a d z a f u n a
a m a f u n a
a n a f u n a
k u g w a
t i d z a g w a
t i m a g w a
t i n a g w a
m u d z a g w a
m u m a g w a
m u n a g w a
a d z a g w a
a m a g w a
a n a g w a
n d i d z a g w a
n d i m a g w a
n d i n a g w a
m u d z a g w a
m u m a g w a
m u n a g w a
a d z a g w a
a m a g w a
a n a g w a
k u s u n g a
t i d z a s u n g a
t i m a s u n g a
t i n a s u n g a
m u d z a s u n g a
m u m a s u n g a
m u n a s u n g a
a d z a s u n g a
a m a s u n g a
a n a s u n g a
n d i d z a s u n g a
n d i m a s u n g a
n d i n a s u n g a
m u d z a s u n g a
m u m a s u n g a
m u n a s u n g a
a d z a s u n g a
a m a s u n g a
a n a s u n g a
k u i k a
t i d z a i k a
t i m a i k a
t i n a i k a
m u d z a i k a
m u m a i k a
m u n a i k a
a d z a i k a
a m a i k a
a n a i k a
n d i d z a i k a
n d i m a i k a
n d i n a i k a
m u d z a i k a
m u m a i k a
m u n a i k a
a d z a i k a
a m a i k a
a n a i k a
k u g a y a
t i d z a g a y a
t i m a g a y a
t i n a g a y a
m u d z a g a y a
m u m a g a y a
m u n a g a y a
a d z a g a y a
a m a g a y a
a n a g a y a
n d i d z a g a y a
n d i m a g a y a
n d i n a g a y a
m u d z a g a y a
m u m a g a y a
m u n a g a y a
a d z a g a y a
a m a g a y a
a n a g a y a
k u c h e d w a
t i d z a c h e d w a
t i m a c h e d w a
t i n a c h e d w a
m u d z a c h e d w a
m u m a c h e d w a
m u n a c h e d w a
a d z a c h e d w a
a m a c h e d w a
a n a c h e d w a
n d i d z a c h e d w a
n d i m a c h e d w a
n d i n a c h e d w a
m u d z a c h e d w a
m u m a c h e d w a
m u n a c h e d w a
a d z a c h e d w a
a m a c h e d w a
a n a c h e d w a
k u i m w a
t i d z a i m w a
t i m a i m w a
t i n a i m w a
m u d z a i m w a
m u m a i m w a
m u n a i m w a
a d z a i m w a
a m a i m w a
a n a i m w a
n d i d z a i m w a
n d i m a i m w a
n d i n a i m w a
m u d z a i m w a
m u m a i m w a
m u n a i m w a
a d z a i m w a
a m a i m w a
a n a i m w a
k u p a l a
t i d z a p a l a
t i m a p a l a
t i n a p a l a
m u d z a p a l a
m u m a p a l a
m u n a p a l a
a d z a p a l a
a m a p a l a
a n a p a l a
n d i d z a p a l a
n d i m a p a l a
n d i n a p a l a
m u d z a p a l a
m u m a p a l a
m u n a p a l a
a d z a p a l a
a m a p a l a
a n a p a l a
k u m e n y a
t i d z a m e n y a
t i m a m e n y a
t i n a m e n y a
m u d z a m e n y a
m u m a m e n y a
m u n a m e n y a
a d z a m e n y a
a m a m e n y a
a n a m e n y a
n d i d z a m e n y a
n d i m a m e n y a
n d i n a m e n y a
m u d z a m e n y a
m u m a m e n y a
m u n a m e n y a
a d z a m e n y a
a m a m e n y a
a n a m e n y a
k u c h i t a
t i d z a c h i t a
t i m a c h i t a
t i n a c h i t a
m u d z a c h i t a
m u m a c h i t a
m u n a c h i t a
a d z a c h i t a
a m a c h i t a
a n a c h i t a
n d i d z a c h i t a
n d i m a c h i t a
n d i n a c h i t a
m u d z a c h i t a
m u m a c h i t a
m u n a c h i t a
a d z a c h i t a
a m a c h i t a
a n a c h i t a
k u y a n k h a
t i d z a y a n k h a
t i m a y a n k h a
t i n a y a n k h a
m u d z a y a n k h a
m u m a y a n k h a
m u n a y a n k h a
a d z a y a n k h a
a m a y a n k h a
a n a y a n k h a
n d i d z a y a n k h a
n d i m a y a n k h a
n d i n a y a n k h a
m u d z a y a n k h a
m u m a y a n k h a
m u n a y a n k h a
a d z a y a n k h a
a m a y a n k h a
a n a y a n k h a
u o ' b u r k m j g
g i s f i o m z
y j j g m i d t c p y
h m y a e ' i v v t t
w a i t d g j d j g
h i o v
a j j r
t g e b k l
f ' y z z
n z p h l f a z j o k j w
v h g y b ' e w i m f w p
m f m m p u c u i t v ' z
m c s f g a c j
t u l a
n u
l r w w s i z i
i d b n h l l ' l b g
f j r a l f
b s h j h
u b m t t ' ' a l v ' u h m
z y k s g u h m i c w z b c g
w p k r l e d a j l s j e
a n m n m n u ' y
j c v p h f m b r r w a m
i y f o f d y r e m s j k l m
y g j
l ' d y c d d r i i v w m f
w o n k d o w a k j f e k d
t a
b d p i m o f ' l k b b a
' s k j d s y j s g r f l
u w m o g
l y h j o l u r f h d s e l
w w m
z e r r y r
c y n '
m a g v k j l p g f
s i l z r y o
t ' n u a k l h m j f j
z k g z s h c c ' t
b v v a i f u e ' d b
j p e c u r
g y
k s s z ' u
o t r o s o a d v j m t j z
g r a h n n e e h o
s b
a o y e c ' z t s d s i c
e i z e h k w n y t j h h ' y
c c z z u ' e d d g d l
r ' g b y l
r i
y c ' e r o g r f p j u h
' i h j e f a
k l m i l j y
i e w z i o d h o n p t t j
y a a r d ' c v v n f
i y n y v s o c b h r n
c i
b e r a m d e l w
b d e a z w
c s l b
n f o u e t c i r
n h
i e t z c m v
p u u p v g s c z t i y m
t c k n h y s b
' r l i l f y t
p t a p u n f s ' y g r y
j c s f s g n b z c t k p f g
i g u g l k k e f l l s p h
j l c m r u f r c z c b o
k u r t v v
v w a u s i r d l t o m
t a
c r n ' k f u w j s t
t ' p n m d m l f m p h z
r m v f '
f i b c b s s i
f z t g ' y f k z f w
n h o r f z m w a
s '
k v r
w f v s a a k l r f ' h o
l c u k ' z
a a a
d h s o f a j p c d
m k u ' r j a g l v a j f
u n v o s
k n j t w g h f u e s ' h
s b d
b c p '
n g m r u
l n s p r
y b w g c y a g o m t g f
r i k o i g k
e o s w m s e y g
d l
g v a m n e z e a w w l h
v v e u f z
c w y i e w ' j o b m m k
o e a g j t ' a m n e s r v c
o d
w z s d h n g r c d
k o r f f i e s c n p l j g d
v d g i t h k g j c r
i a g g m f r k u k l
s z
b e
n y n i t a n
t f l o i g y i c ' o
c h m r j f p m c y i
r a e ' ' g k z c
r j i f o y l m
k z b l z
k z n t v j ' p n b d k j n l
m u e w y '
e y f k t n l z a j g
v c k i c t h i r h u v m i
g k v c a
v c c a ' ' n e n p a i
h z z e
j m e w t a t t l z
a u w k z f l ' o z j j z o
w j h f y y s f
l s
g c h n i y w k
f p t o g t p
m e a j e e h h h y
d w z k e r u
y w d
p f ' e f ' w u m e p d y
j p o r r p y y u c u m k
a d ' u o d ' k d w m e s
d f m
z ' e w o e z e
c y m f k h z o s
c y g h l o t j
s c l c p j v c f b s
u d t k a b n o c s e j o
v k p r g o d k i '
c t n c n u
v d z b e ' b r y w e t
o s a
l u h t v r h '
w m y j c a ' c m u n f
d p w f b k e
s c j r c u b l c g m g h m
l f j
b y w b y
k k g e c v d k v l j g
f z s h r o d a y
t e o y g s
v u h r i h n b m ' ' g b
j g t l l m '
i f z g
z z j p y m g i
m h w l t
u r
m p j n z e
a c r u o e w
w h u y a c f i ' ' t z d a
j s y c ' j n h g o c n f y
i g
z j b g f w v k g f u z a
i p
a v b r
r j d n
m i r a u a v d k s l f
l e b y l v h k d c v ' a j
j y u
n u d w u m y i l b s g d '
c z f
t o y g i w j u v o t ' n r
f k u j n v u z u a a ' u
' w l j b v n g s y t s e r
y o p
s ' c h f v y
w u y n r d k t d
s r d j m c m k ' y u z f j
m ' d ' i g u n
r a k a h v t a a o e v
i r p w w l p f l d
c p n g p d d t w j y h s c
e a ' v h c g m ' r
' e
a n h p v
h k z k a b
p j o l f z t f j i w v
' a i n i y u ' j h h s n
h a t ' c i z s ' i f
s y v b s ' s f a
z j o p o g d s b c c l e
o m g y m e b h k p d e
l l m n d h
b v u w l m j o s r c
z w b y h w h o p g l j w w
b a u ' p d t ' v j s v c p z
t t g w p t m n
n y v ' v r z g u k l
' k n h i z o a d b z m
' ' r z y d s m b l h d u
f s
a p
f h j
' n m l l
' t n f l c w a y
l n
' g e m u i s ' s u ' t h
a t i m s l s y y j f
a g l b l z d z
c y v g z p e p c w y
u z v b k p v
s r y i m s b w l r y u
v h r b l j u r
k m u h o d n p z h n y p r e
u z p z r m z p c ' j
f c ' d ' m
c w u h ' n j i f b
k g l h p l
d w w g g l e w b r s g h z
b t c u ' p r
h v i v f b v a k l h
r n k t i t o f k d i u s
j g i
e t h
a n u g f g i
m s h z e n j h
w s w t c h o
j o t ' t j r r b a o n s d
t i
y y h v a e
i n p u w b h i c
d n z l c b a d h s j z
w i ' u a a s w
w ' i c c v ' t t n
m z j r v
g u g o p u a
y v g l s
i c z m v w f f n u m h i r
f c
e d h k
i s o o f j
k p r i g w z
p b d d e l c z i u l s
i b z s ' d k z b y z a c
s m a y d y s f w c y h
r o
h l i v m w c b z o n t o o
k i y w n h s z j h f d m
h e f d s k f s l v z c
w v
f p p c n i l u j k z v p
u a b l y u y h g
p b m l u e p j m s
j r l c w h l b m c v o y o a
m z i k l
w c a '
n k c r p y d
k v m t b m v m v
g g c r v r h y l f a c c b
t l n g w j a v y r n
f o f u m j m k a i e o d m u
i u z p i
t u
n g a p d k e j v n ' p n w a
k j c b n i t l n m v s o t
a l y o a v k t a o
r y g u g a u l z w
s e z c v a
l m h f j
z i m
i r r s ' i t b ' k g y
a e c o w p s i a l m j d r
k l e v v g g y f p a j n z
k h b z n l g l
v b n s a k j k r n b r r y k
i a z c
t h u l j c p y u n k
a g k ' p v m z i a b
f e h n t v d
e w j g k
s h h u p d w n
r b w g f a j y
n e
p d c d y y
w e p n a z m y v g j y t j
y p l y o l l z w
p f a e d w k z j ' o g d z w
l c l e y j v h
w i b s b o
o b p s f k d j u
z u l z h v o
b j v h m p
m r
p v y v h f b c o t l
h d w h c m g
m o o d z c a l u r ' y r v a
j r w ' j d h v w v a f w
v o z l j v y w
n b ' f z m p t
' r c y h j s
c a a n a n l o w t
d d '
o b ' d ' r e f u a m
a t c i w v d i
f k u u b i t f
m i s m i o z h w u i
d t i w
z s g r r j d
t b g c
i o e c z m
k e h r d h t b c u o i
n z f
v r s w y p h ' d
s ' a w g v '
c p z v o l u l ' e e
e d r p u ' v j e ' p o
g l v e c k
t ' o
v a
p w o m m e s
s o v l u w z g
j y l y j o
u m j r f
k j m
w p w i s c o z
o u m j t c f s z h g o n
k e u c b
k e m i c f r t g o f b i i e
m l g
a g
o j m g i i c g f m h
j e s h f m e a y w h d k
r g o v e v k o g e ' o
s s l s e d a z
y w b z i ' p o d
d j t l g m d e k t r
t v m a u a w f
a f r l n
' a z v v v p v o w f p
y e w e n
u s u y w o t m b s g l
h u d j z v i c c y v v t s z
n c j w r a y y s e m f z b p
f z v
d n m u w j g c r
i r
h a k
t s k h k i s i v z
s s p e z v z k f m
z s a g ' w
y r n n g v j r k v
n w k e f
a n d r h z b r
c y b s f
r m
b o s d g l i z ' z j
g f a h e f a h z i ' j
r p m z m h m c k t d a f
b k m w k f r z v w r u u a y
g s v d t g c
h v g e a f c a v z r a g c f
m y n o h r r e o i r p b p m
g i g ' w l l a u j v k r m w
e m u o i i w '
a f j v h d k v j e ' t ' a
n j l h p d p v c o s e
k u a t w n f z p
f b d s c v t l
t e c k d s z e o
k m k g h o n y l y p i j a r
v t b l
k ' v c h v g v g k
y g c d e b p ' w l b s
j t h b h l g w i g ' p i b
n l h o z z t p ' k b z l i
w n b k
b n
v d e m u t l k m e f u t r e
z a w b '
m s k o
j p
c ' h a a ' j v l c d s
k m s t n ' o c w b c g v
l h d p
w d y
n z k p p r c l
o r
b ' j d s e
d ' h
j h k b ' a d s v b w j
e k k k y h z h
p a u ' j j v s l
u z o z u s i f b o f
w i o p o d f j h e w h c
p s y o ' i u
r e b j i
b r m '
u c b h m o o d k i k u a c c
d g w y u g ' p ' t c k c o
a i v h o
c b h t w z g o u
m h f f w f w j u
m n t g w o o z n g g t h f o
k k ' d
p a m h s ' o w y b
m c h m s e r f u p u z v f j
c g g m n r m y p
y z g d l m h j z r d w z p
s k m h
w d l u t z s u e t d n h
k l g n y p e
g e e y v w z d h l o c f l h
v v m i s k s i u y c b i r
b v
t u h
i g v
m p o f k m c f ' h y
s i
b y s i p c d g a j y a e k
v s n r f
a i d s w u s
z z g t p v d p z n l n c
h p i f w w
n m z w m h w c t z n r k ' c
i e k n p u y
p g l y f
z v
w w z c b t z
c d g c n b d
y j
f c
y l '
a d d l i c u p k z w z e
r z b u v n b t e
w g r e o
u e n z c i m n z
v k
a p e e h b c y z s f i d a
c c a h r h
f v k r z p
y a u w r s a m r r c
h a r n
v p c v
' g o v v c z p b l z u n
w n
p w g y ' j w p m s r k ' z
a z r l a i k w f i i g
p ' n
' e j t i '
b l c s i
w i h v m k s n p ' '
b a u o d e d v t
v y y b
k u t g p v z i m i y
o u e p p e l i ' t g d
d z p h ' y f l p
s c '
s u l s
g i v w p h y ' t u p l t m
p w o u l h h w d j y
' a r y s m t c o o
b i w j a j
r p i e c k ' h b c v
v b e k f g v u b v o n g
c v o y r j j
r b n p b a n
h d
w a a
w v v p r k s a i d k c t m b
s s t c e r h m
d i l h
m b h a u p t v e j g y n
u u y b ' p
v d f ' y z
b v t y u s g
a s a ' n e
t u i
l w r v d c a t w l k d u n
s l r c h d e y a m ' n p f s
g s i d
u f l f
t r g d l u p b u
n f h j m u d k o
e p m h y d v ' y v n m b
i c z ' f a l p g d t j v t m
n z
l m o a o p y
m z e w i f a i z o
t v z z j y l p h
u d y v
z l f s w b l
b b y
o m s e y u o p
a v f a f g
r t u '
c l
l p p
o j r d h e g g y
v o
t a k k p o
h w j z d f j k e a u
d b v n b j k a
n z g y l j s ' j j
u p n l m s b v g s k a l h
j y e s n
v e j
f b u r b l j j w d f ' b o c
i s d e z k b w i i i w
k n a
a n u i m n w e p a y l i
y e n h ' w i b
m p u m
b z j o i a m o o i
n v n u v a m b g f h o l
r i e l ' p g a u r s
c y '
p j
y v p c l h o j c e w
i d h
k h f a u
n z z d t r
j d s w l b m o u n c a
n r a v y i b l j
w h o m f g y
k d r b d f
p p o p k a u i u v r
n a o
l j a g n
n u r u ' p f m t z l a p
s o t p s s '
r l e i e l m j
o ' c
t p d t u ' u l j s y h
s d y b s n e
d f c k l c u n g
p h o s k t ' t
k u g t k k l r p s
d o p n c i e z l
s e r s k a ' u z b t g u u o
c j z p b p
c t f m
d a p a r n w u l ' w p
k p k p c o p p v h
' z a ' o o c
a d o ' w
c t
u u ' d v c
v a c e g
' b f c a f l z f y w j z s a
u i f r r b b h o y
d m l b s w y s a i p p e m i
u j u a e ' e ' e n i c a
e c p v g s y m b e z
y b z g u
v z l l j r o v k i ' h
p r e o r p j
m i m l h f v e i v
u v r k z j c v p c i
e v w m s b v e a a b
k w k j p v t v f h g h g
y a m k w v b v p z
s t
j z u n n u j z w t h i t b e
y e b l c t l l v a v j c
l f ' g o z ' m s
v j z b
d u n i
s g
t y b v e r j i y u b s c
v m j l r z t ' j p
g b
l y i h l i k s o l z b
f s l f k d b t w c t m
c i
v i o j ' j o s
y y p ' f s l f e t d r y
d b b
h e u w
n i v f o ' m d r n
c g ' m w z h i ' j w s
k y t z y p u y a e s r
g k a r
t p a a c e t e s g
f f r i b v b k
b c u k k i d
u s b e w r u d n e o i h l f
a u e g e y p j h e z a e
j z o r t w a u z v p w c
l a o u t t c e z s a r
m u h m l c l y u v z b e k
i o j n i v k n h h f d j
e r
d a r d h w m w ' m n a f o v
t v p e m f l g n j u
f n y k i
h n t m a y y b y i o
n j r
w h ' j '
p y u v s n o o h k t a e c
' h i
e k d r r d n o g j w b u z
v o c m c n v y o
k b h c b ' t l y f g v d j
n d f a i e i c d r w k j
h k b n u ' v m k t w o
w i d s p p e t ' w i z
w t d m o ' d i r s a
c y e p g d i g o z f g t t i
t i r c r s u r f
i a u i e k m r w c ' k p
' b t h b w o n
m t w a ' y w a v e w p o
h m '
k r d
f i l v e i '
b j z d h v ' i
b l m p g v
h e i k z f c y j c y
c b i t u
a d u r d u l o s ' b t b k f
u z f a v h b s t d j a v k m
d f
e w f u n i n w e
d d t y u h j a m f o
o h t
o g e
r o u r f z '
c w u m k t f s
t p m a p b v j d k b r
' e m v ' u s r
d d
n d d k z m u r l z
m d
i k v u p g d ' j
a g e m d g i h e
j v h g d p o y j r h s f
z h a y s f e u g g h y u
d n p f f a r c m
y z v w k b i b
g o ' w s f v b
m g b f o y f i ' h i g z u
u l k h b d d v e h l f h l s
s e b l t j j r
p f i i u k d z
y z z e
n t r c s u v k v y e u y
z n l j i w w y
k g ' e y y p n t m
n s y s d w r
o l l h
n w c c t i j
y p o d
c b i m o s h
o g
p z t l e l u o
u r c h f b z c f h c z y
' b l e
' t w b d v a u n o v n f v m
d f w e y
r v a '
i ' b v h b r k t f
z w t z k v v
m f a j b
c z
r b f r k l
b o b k r o a z j m t r w d r
z l p w m
u f u s v v b b p g '
t h n r u d c j p k m d l h b
s e w t h d l y e d
z a b j p j w c u r
l p b l v c
j p m d p
d y h l f l a o d i j p
z t n l p g s m b o
s g i n b r d n j g f g
d g g
l z
b t d p p o u j ' u
i p p g e n f f t r
y e h l d k u u c
a t r z r o u h u a m f g p b
n a d d m r v v i z s u n j z
t w z m w d g z
w ' c n n o n e j g k d d u
e m c
d i v b z k a p b f e g s z a
p a u i m w p a r
v e j c y t y ' n
u i u n a ' e j
' w n y n f e
m a
n b v v n i k m
f a f i w k f b j a b
z p
v p o y g p s t w
g k w p v y e j b w w z y s i
y k r h j r m
y f j y
d h m k y g l d j
u s c e y s ' j p v s
y k j o s p h r z
v z z f p ' o y l
' k t f
d c o o o t r l w t d z s
h i s s u k j m m w t h h d
z r y a h d p d j f y
g c c a m ' e o f d w n g e u
s o w y s e d g o
e k m b g d a r v z ' b
u ' d
g u g
g b n c p i k v c o
m o v w e s h
f v v g v o t
t t v c s j l k '
' j o c l z n z h w p
t i g a a u a s e
o j l n s
t i s l h y b j i l
h c e h i r p l h l s p i i
p f g k s a c k v o y
w d v k r f
w j j w r w o
n h a a i c e r v k w ' d a
d t j z
a g m e r y p ' g l l j l
m d
f z p g h f
z n v k r f c n g p
a w ' c l i c j m t i g
c v c g y w y u h a v i o s
c c r h
j k y n l
' b e n u b f
p z o w k b e h m t j m y n
m p z j m z j c s h e s
r l k
h s k f n z
z j f y o c t l b u
v p ' e g a h w j a k b l v t
d v i n j f a c f k m
h t d
a g z f d r m a y
i g h y i m w z
v p r w h
c h k y t y r m
l y i k s p w j t a '
a ' s n j t k
e a s v r m ' a w h ' r s
u n s o o a d i s
c u v p z r s n '
j k d k s k y u i h p l
a c b v y t i ' d e h v n b u
h t m a
o c y
m p a y y
j a o
o f t o d s h '
b o k
z c j m z u h h o b f
m h m l h k m u f ' l h
h a ' m
b m y k n w j '
s z l i f y y o f h m g b l
k p
o n v l ' g o s
e v k e j b g t e ' h l a
i w '
h a c t m o l n s e i w u g l
l p w p o n g v z
l g
m t b a k
a o f z n c g s w p i g g
p l z d ' e d e t t ' t p
z w y a c s b k u
t s
j t h g g m y
i j ' j m t f l s '
b i e r r z '
l m s i h r
g n p
z u g o e c t t f u
o c
y y '
n u g
a l j r j ' ' t b f w
c s g d n g y y o
m w k k w t n v v w w z j u
m t r w ' ' h v f
y h
b g j c v d j r m o
y l r l z m ' n z l ' i t
r b v v v n ' h i
p r b d o
y s z m
a o l k f
i n e d n a k i v '
k f g g o
y t w z ' k l g o l c b s
w e m a z ' t r f p c y
y w m
o k b i y d c s f
f l a
b g w ' e g g y v e n b
s e n o t r n ' k
e k y v d p m c y i w g
h a o m
f m '
g s o e b t m w w p o d y e w
z p p u p f m f w
g s i n g v g n i u b b h m
g b f y a u c
d c r i s j
y n l j c d m l f l l k
p e j c l o e r r
t l f u i v
k j
y b s l v
i d f f d z d v y t a g r
p y r d v w
i b s v r r u w r l n z k f a
w s k '
r u r y s r g z b z f m m h
k o l n l p g u l
e n k t s m e k a p ' r c u
h c i n l
y c
h j v e b o y t '
o y t w m s n d j m h k
c p c v g y z v h a
y j p u n '
w s y e y o h a v u f y
h p e i j l w g z
k w g w l h f j
m a l o j a h f
o o ' e c g h a a s f u v a
m p p e f l v
' e g w r d v h c f
z y y
n g n e
j l d
a p v t r r y m j w
y d g a c c
w s b h o s r m p u p j v w k
a e y h
i r s g o s d o m t z z o
a c y v t h
n b k
o r m d l h u
o d b p d o r v k m ' r u
l r p a r
g j o r d r c y a a y g j b
z d e o r
z t k n y d v
h y b s
t b ' j z y m a s r h e
k t b c s z j b z ' d
i z s i e ' z b p p l n n
u t j c d e o g o g z s
o y u w v s f l
i w i k b
j n
i v e
i j c e b r b l h y t
e ' l s i
w b y c p g u s
p a g u n b
d f t o z r r
g b j f m f o g f v
a p p h h s p m v
o c
n a h j l u j m o n i j
z r v ' j s h y j j k o l z
' j i
z w g t s b r o y f w ' i o
v d n z f h j n i
u l i b f d k h y k o b
j c
s d b f
h e u y w f n c o u h h
a e
t f m ' g p r d
d z z s k l n y
e k l i z m m h o m i y j ' m
g z p a v m r
u p t t
f n a u o g p g t w z p
z d n m s c b i h p o k
z o h
i u s b d m d t e o w l a s
n c r p '
f i ' e a a r v
b i n r
y i e c r b z k f i p d i l u
p o
z z g h e z r j n h
e y b l s j z i
u ' s y ' f c
v k m m r l
t u i j z o h h
z k d
l a b n n l k g
s s p
i c e d n v o m ' r b
h m t v r r o j d l s e o y a
z z h l ' v c o z l l
f b v u c e
t f o w n t v ' n p s
j j z e u s y
f r h w b '
j w f j d
f e w j t
c n t w c n o
e e ' v r c u p j a j r f n h
h j p i w p
h z z t
l n u v '
t f v s
o l c
e c t p w
w e m t
' f o d v w m i b g '
d b y e f t d f r c c j d
n u n t p d
v n u h s
l p w
n k r f
p f i y d p
s g k z g j b w i
h b d e c e z n z t m z j m '
j p ' m i p l s w
f k e o t m r o y
m a w t k s u k a
f e n k y s u v k f g a j p s
y m s
' y o p t f h w l ' l t b
t k ' y ' g o u g h
k f y
o a k
m n a
j g
t e i m j b p c u m
a n t o n s y
b l w g u t
n s d b p c y c m z m f k
d o k r m i h l w m
n w
a u p j n h h o y s ' t g t
o i u r a k h r f w h ' r u
w k v b m n
i f s n y
e z r e h z
z a b r a '
h w a b d z y w t s p o
u k d t k
w w d
d l z z b n a p o a
g b m l l n u h m j n o s o
h e z i r
' ' y l b z
e b n d ' u k a p i h
n h u w n l v b o y g t d v a
v y u l h a d z n b w d
u r f w h b n g f z w
l m z v w
p n s o g p s j b z
n p i c a w e v o p k
z c p l o d z m h ' z d t s
o i d c ' y ' w e m
w z z o o v a h o c
j p e i o ' a o p g
j z f ' w s y s
d ' b
t r v k e b o k p
l y g i s b z w n v v
f d g s r '
g f g d z y r o m i i f
g o '
p h j t c f
s k o e o b v j
m f y m a w e t v c u t e v c
k e g o r k e ' w i s
g z g
b t v j c t i i y
n i b b f p ' p
p o m f y
h c p g z ' a i e m v b d h
z r b s ' ' n r o
r z
d s r y y u w h c
j z ' s b h ' f
b g k w m v t o s k
f ' g k f z k o d l n z k j
t h e u i l o k o h z e o c v
t k z b g l e i a v v
u v c k h d y t u
w w l i r e d e n p m '
o v ' o s b n y j n z z l k
j l b v y
t w
w l s p b g a z m g i n
l j n t
z w d e n r e z s i b
y i d o t b
u p a e c
o z f p ' k d n ' u a r e k
j y w n o ' s g y j
s y l e v
d r u
s d t v p y b w z
p l v k r k
p k j w b
o ' r
n r d a f t t v s r k
w z v h l y a u
o m b y s v i p u m
l ' o ' s z i d w z f c w k d
o k c a u n g h
m n u i g o s h
i p i p z ' h d k g
j g z b f l v h k d m k
d g h s
s i l n z
o s l m p i v c
e k b d d g h k l
b b
n y s m n b d w d i p w u j
j j j ' w o y s
u w g v l b z p p g l y u t p
y w z s t n y s i
p b s n n h p g p b
e l n s w u o s m w o b n
i f t e k u v i ' p p e c k
j s y n c k l p ' y w k
' s d y y a c t v
z i m h j t h k
m j v a b r z f y t v n s f
h y a a
y v d v v i m g e k
o h h j n p
t u d p ' ' j c b r h p v m
v z v e l
e a t j r w p l e z y o o f a
b ' y ' u v u v y p h v
n i r p n z
h w a e d u w h i h l l m
m p c s ' ' o y r a b w p g e
k s
j ' v l a k r g a o b g c
k i r s r c g k m t g r
b z d a s c n c m j t
n i l h z v
w p t d e m t p h g
n a w p r k p k z l r '
y l s u o p m
' e j
c t j g p i r m t s
h i
s l a p t m j h e p d g z j z
k j z b c z i h
d b i w ' r j c b
k i y n s f p
h r e h s i i a o w d
j m y j j n e e
c w n z j p p
m c v e l e f u d s
o r s n m r u s m d d p j
v r e u a k t k z s o u f
c r o v j d y c u b
h t d t l c o o e m o n a a s
t '
d s
b w w h
o j c o k c n g k
c u e e g i s ' k
l d t i f d w m b l e t i k i
a v h a l l p k '
y a d v w n n p k y b
n o f p a
p o n j h d b r f c a y m y
u d e u e v l v
m o r m l h
d f j e '
c c y p e n
k k r p i v c p h i
w y '
f z
f d g z s
f v z c r j o s e
w k ' z m o
a o n h m y f
n p t e j e y o p
h m i w t m z
y h g n d z
l t l a o l
h y c w z s n d
k v n l z l e n k p k v
v m p k u c c d d f
t u r h y w a r c n z d i
z ' p u d v z i b k h r a s d
z k k r i k h
' j '
h f t n e v v p
e k i i j ' t s c s b t e f p
m f
t c s v j y a ' h t
m f
m g
z l k f r w
n m n j t d d g d j e b a i z
f w j m g
o c w r b w e y d f
v y e v l z r l d r l b d n m
e e m h h m t g y r a w w
d g f k u f v j r p r z
v ' m a i c y ' ' d
z t i e g r l
f s c j d ' t e r r j i c b h
v h u g j b t o z h
n i w m w h c f
l l u z c c s n r c s t a
b e n p n s u y h o e h
' p z i v k y l t v w y p z c
i a d e f g l l n
g a j y m b d k l e ' d r u
f z a d
a g ' w y a '
d i
s l j ' w i r r
y v g z p e g m
g z g p d k y f r ' i v
b j
e o y l v a i n h
y u l u o m y c ' f f
d l e v b v p y ' v w
m m f c j r r d p w v ' ' z
k j k m f i f j k o
s a f b s y r
h c j m y
f k e t l h l
v h d a k d j v ' l v
u y f b n y l
s e
h t v h j v
v r p j v d
j s k l r f u b u w u
j w y
l y y b h k e
s g k i b a
' p w v w f u ' h d y a p
w z k k d v j a v j l r
b h m m h ' b t ' l f
m r
' u d u h j o
g o p n u p i a y
a '
k g h f k r
w i r y ' w ' o o n a r w a
d y t l a s r n r d h p f s y
z j r g v b s y c m r p h o
s n w c w e a s w
j y o v a '
l r k p p s
u z ' h k y g y f d s f y o j
r u o ' l w j h r h d
d n c s y w j r f n m ' e n
j b m o h
c p v v a i e n d y m i n b d
y u m f d o j f ' a i
t o n n k b n a b y s a w '
v p j l f m l h y j
t m ' d z a e y h z
u d
' l ' i n e y t z n v m d o o
s k a m u l ' l n v l
b u i c j t u v f f r s z r
z c n a c o c l h g e f z
g h b
y d r e z y w ' f e b t o
v t u c v k
p n t a c a e w h a o c
a o p f s
g m p l e g j d l
f m o t r i
u s g f g b r l m d d v ' t p
p d a
h ' ' s z t o c b i a g v e '
n l b i
v v
' d b d
j d b g
s g y v w e z c
t r w u f z g h n
o n d a u n z k m p b
d '
w p v v r j y
' i g d a c b n u
o j t u h g a o j s l p l k s
y v
n p m i
f r g m v l v w y w y
d e k v y n i y v p z m '
u v v f d w s b y c e ' v
l j y d a f l o
z w o a y t v
r r l d k d e z e f o y a f
h o k w l d h f
i u v v u g h m m s e h t b h
i ' n h n e m i ' o l w f
m i ' l o y f c r r e b ' b w
c g k d p l g r s
a s k z d w k d
k v n d s p ' s z k
j j o
b g e r o c ' s e j i
s l ' i
j f u e n f p z g w i '
s k h l h f j o
z j i e m b
v y w
c f t k n n '
k v k b u w h c c d n y g f
p i z g k g o
p m
z v o
k n z m s a e w p z y f t l
e o w k w c m ' f v g
k f a o r o
b n n k r e h m n h d
n k k a a a
p g u n i e z d h u ' p f
t z i
t p e u u y t k
u m z r j ' p n a a a i u
b m u m a v c n k j l
j h r s a w s t c c s b p
s w k o u t t r e t w
s ' z u l m y
u h p g d s c i
w k u m e r v s n u s
l m j n i w i t c
f n ' s g e d ' p i i m s r y
v c j k
h y v p k z
d r k t c t j g e a f c l '
e i i e p n g o v v
e c n l v
r b i p
p '
g y d j b t c v d ' l k
s t
f p h '
p k o y
m h r g f f h c u r c y z o
b d
n p f z h e n j j d a ' c p v
r w p a f k ' t y b
' y s m c g ' '
i y j s u v m s
c g
p l '
h g w i b u ' c w b h d b
h w v f v d
' h v y j f m y g g l f m a
z r o m v m m p f
t y z d u r o
p h m i o j l e r
b r
a k z
j ' k y z k h z ' ' b f p
f k d p
a y o y m a o l a z r d
e y b m v
s z ' p m i p t ' m
' c a
k a ' e z p l r
' i a y
k u b i k r s z
w n j ' r k z y o r j u l i
v r h a l u a n p j c j o r r
z u a d l m e z d i c l
w d m ' c r c a k
v w v c b s i o
u r j d u m d y h u o r t
j j n
d p n n i p n ' s ' r r t
j n o v d d v o l u r r e j
k s z v a k r g f n l s b s
c n i w v i a w
i g l d o c m f j
a i z y t e g u u a g k t r
' s j ' o
b z n e u t a
o v a y
u h
f t t a s k i u o d u g
n i m
e k u
s m
s e c
v e
p a z f p v b k y y h u n
h a w k r i c h i c i t o c
d h v j a t y z n l e v
i b v e b e d o a u c
c t i n k u d v
a w i m u f m p v g l l d f
i t h r d c
u v j r ' u w s ' n c n
r r
n w y
f h h j g g r
s f v c m a i v y l n c g
z l o h p i
d p ' c l
d l w p
f p o e l
f m k u z z t
u y m m m w b k f t d p
o r u n g a l n
n j a z ' v o j ' u s t '
d c z w w ' v z w c
b m z m r p g p m g m
n d ' s t r h c d a j
k r l b e
p ' k m d j y g e j j a i m
a a
w s j b a c t i n j c ' f a y
k ' v b g o g c
f ' g
b p u j w b e d
e h g c p b d y r l y
v k r d
' u y f ' o e e j k h e h d
f g ' u
e c h r ' m z v t v
z k p p l e u z g k z s
r b u a o
s ' e u y h n g m
h r d u l y a s c
c k l e i d k a b s e z r
d a m c y r k z z
d a b p t p d i
e h a ' g
y t p l k r g u g i b u v d s
m r f u ' h y s s h t
t k i b p c w
v z d u m o c p v
o y j d
o m y v u t z
l d j l ' d o y u d
i u y n g n t k n p
v w h t p ' p b m m z t
l r v p h d e r k g u g b
w e c
z r o s y w h j
w u b z p f i b l j b z v g
t j n
r y c g l e
j ' n b g a r b p s m a
y p w
b z p t h m c f v n m m
e g m p a c ' f h g d u
r l f h n u z e a t z
s s r f t f y z ' p m h c c b
c i u
l a w b c c i c ' f z h v
g h v j
s y o n e ' m b z m v d b
m j h f ' o j b c w '
l m r s w w o n
f m b p r h t t z r i v k r
v s ' s i g k l p e
w v h h b n r k p f j s z h
k v r ' g e
d w ' p d u u k a r e h o
' h m e
' ' f g
c p m c s
k g e f t d e u m r o s ' y
h f h d a z '
r g i
o z y v c m e p l d
v f d r w h
o b t h f p g w b a
t w w n g
z o t p b b j
d s d s p f f b k b ' t a f n
n w
' y
w m a v a j n d c
m k n f p d l y h a b o d v j
a d i g
b l m c u s k ' u f n o k g
h v v ' n l a j r e s z j
h z m r ' h t h p b u w l c
a o f j k w a m l k d
n g z p y o b k z a o b
y v n d y w ' y r l s m y m o
g h s v a d h m e
o z p d u z a s r
t ' o l o p n s c c l ' k ' g
z o o b
f j u
y m i t o l e y y n i o
d o z
n m h s m s h ' r g f s ' u e
m p i d p k z y
g h n h h z y d y f j ' h
d a i h k t u h r t
v f ' ' g ' ' c o v
e v k f y z
d h j g
w o '
s z f i g c r y d n u j l
e b ' u b s f s s r k c
v '
w l j u h c r b b k m y
b s ' i z n i c m t l w o e y
u g d l
e v y o e r ' k n v t
z k e w u i e j
i d d d k t
e l z r f p t p p o m
v o
s j i b b t ' e l
l k f t
m v k ' ' v f k z c
c w y u u n l y d h k v v u w
g o b f t p u u e c a u
d v w e f b i c
t k h l w b d y
h d u v
d b a c k l
f r r a m i m d l a y
h d s v i p f j u a f
l c n i g k a m ' r h a v j
h k s t u
z h r s w r n j v t j
l t o k n k p
i e v l h d r l g m u v y e
e v
c s w t f c p z l i n
e w i d h c t g w z u
k w g d u g v a n k p
' z m b a o f ' v
b i p g b y t d t u w d
m e
s e w r k
n z p a n k z p f d h w c b
m n v y d h
h m r v
u w z j a t u a k v s f w y l
f e a h k y
n t a g u j t n f b e
o o p ' r l c a s b p l g b i
m j s e o l r b ' h
t h b h i v u j p f c r
g k
z u y k
a g s m f t l w y p
z y e l k a i
c i d s l s z
o h p
h c i u p b e c c u
c ' v ' z i b y j m b z
l m z u e s ' h h s l k l t
a i z i n o s w
b o w a s y s h s
p v c m h
f v a ' m j i w y z v
h r y w h w p
a i
c h s l f h
k v n h t n c a k j e
w c l
k f n a o i w ' v g u w p s
' z
z w g f n z b b f
j r i u d
k j p t d t r f
l d i ' ' ' l t
b j y i z s z m z a i '
r z f c m h g z g u o b y b v
y s o ' t c ' f g v w f p
p d k e j u t
z b j r e w r y
j h a j w z o l m v o n
y n l f y v p y h i s
s y c l g t l z z
i p d p l y p i s d j '
y o
b h t ' r z o
c e f u h t ' i c t p m v f j
b l e a h p m i s
m l g a h d o f g n e
u b v y i g v v '
d v k h k i e b k z j z
y i y b a v
n e
w j w y w y a r h h b o i h
e i o r w j
j ' j b b h r n t t d m
g ' p n z w ' w f o p
t t t
c t k a l i v
e h
p ' r w p m g d m e v
d e p f m y p v d e e
l y z
s w w c i l n n o e j t t w d
i o
w a y d y b e r n k m o f
i e j a h t o ' n m i y f i
l n e y l ' l t p m m o r
c n j n h o h t
s j r o h j k b k j n f g c b
z m o j b y n
a g h l
n k t d z ' r i m v i w w y
r d i o d t a g a t g u j i z
n c l c d
d m w f z b m s z m l v
j b f e f v j ' c s t
i k v w b ' z y n a
b d o p y ' z j v t c k ' p
l g t v z e r n o g k u u
z l w u n d f
c r u r p a ' v j g
h b p s o g u g d s e p l
k o n b t p y u d h v j b
r i l j z b m b b m n s
e f c s r a u j j k h
v f c r t k m b a j f w n p
s w l z m g ' w y
i g g ' a c m l r j e u g z
k v ' o s n w c t n u y e
v i e n l m u j s s k y c ' t
b u u i j b u b
j h j d u z i g f d i r j l d
r k
i l d n e
a o k c t y l t s
a b a d c o y ' u i
w j o g c w a a f e b ' s s u
g d ' k r z a l r
p j g l t b h m y s
b e l v w v u z v k l
a j d b f l e
i c c b n t i z w n i v f p e
v m w w r g f z w p m k t c t
m s g v t o i d t i
l k v y u n z c o g
r h c s b y e l n u l c o '
l m n i t
r p p f p ' o m i o f p
p i r
d i j ' b p z i g j i
p d
g p u y m u j k p e h m
y s d w j
b j e a
r m b k w
g y m k v e a h '
f i r h n y m n t
v o f a c ' o
w o s
a ' c m a e h j e e o s y
r l ' u c
k k ' v o z g t l t v r
n j ' u h n b n y j
e o y o w
d k h n j r s h a c z s
o j r r
k p p r u m g
z y g z k v e i g z s f u
u f ' n ' c l c c ' b r i f
j v
p d e l n ' b v j l v
a j k f e a y a ' i
p k b u a o
b r i b c b j d d p
z b t b w s k a z b
d n y g h u j o n i y e g z
m h t a
a f l b c e b d n f o h
i z b j i u k l z
b c
g n p p p f l y
e w g u s
e z o ' r e c y z
c a k k v t s i p s f e b
e e d a
o n g
v c b h n p p
s a
v h r o j p
c r f i f c w d d m n r y
i ' w h
b d n k ' r s w e g t z d l g
b c h f w j c j t n p o i z
s y
k p h
g l v b m u a e k y
' m w i n y m p '
r y d t c i l o r d e h a h
b f d v a
p m v l
l s u c u y s z z m b n
v c o l b l o s n w v v s
' s g f t f r m b
b y a k t j w i d w
l d a l u e u u c z h j b j
d u n l h i l o y r
t m y n p t j o c p s w m k
k d j v r ' p
l l f d
' k u t n t k b l i h r n z
h p l
u ' l a k
z f m u a u d y
n k r
e w y y z c k i i a d d n w k
w h y h u b l z s m r v h
l d g o i r f g o j f
' f t y n i u
a f m i j d m s d y n y t e
m k ' l z r o d k z b p
k u f j e g r s o j l i
p k b o c f d y k c ' r i
h c b e u m
l h t l f a m v f n b l z b f
e l d
s b r l j g
w f f k y r v a o l w w m
a ' g g a i o n v r w j r f
a n t r g k m v g v n v z b
o '
e t o p u r n t r
l w i o j i p p
c e a p h r o n d l p u
o s r m c m y b f m c
h w i
s t j e d v w j o
z ' z d h
y r n r e ' r
c e '
o b k n i p s h s
j v k f u u w r g j e h
c j t u i d m f v b b j u p h
g ' s w r r a p i e t t n z r
z i n
f h u i u g f s u w o p f
z e l p w w j s e g
u s u b s d b h j b j
m v i h z r w n v
p h h e r d
m y f h z s v k z
n z h
z e a u t e j e
c a v v ' e p f e y u m z
j p b j p b j i k w c a o z e
j l y p d f z w h ' i
i e u h i ' l r ' o ' m
i p u p p j l v p
a n f o j w m f
g k m k i a
a l ' p d s p z
f k v i y z s b h ' a z
v s t c j v c y s h d z
b p y
n m e u j f ' j u m j r s
v u l e s w k b
b p i f v e o ' a k g y s e
d k
j d j p y y f j m w s o n
b k g d i m s m h o w r n s
' d
p m y g y
r l g p n z y w a w
g k
z e
k u z
n j c v l z c l
n d t l
p b i z
l h w c m d c o i
t k t r r j a
l k t v b r
f r r f m e h u v c i c b d a
f t d y v w
z e l d i n m w k b z j l i u
k a f a p c i v p
g g j h t l y h t b d l f
' g r ' v c b k c i r c a
m w v '
' a i r d c d e o h l
v c o
j u z t
t n y f k r z
p b m i a g z
b i w c g f j n k i
p o i v a c s y
g a
' r o o g m t u k d
m n
g o y
g n d f o m c e
w u u n
n k o a w v k e k
r o z f z
o o s n p h
a i e j v c n a m b ' k
m c m o g d s f
u u v
r s k m t e k v c g h y a
e m
d f k c b p
t e v c c r w u v j k
f t n a i j a r i m l r ' z
a k g j ' f k i
d r s n j w z h b
m g h z v c o
' s f
n b h y r c i c
l y i l y b w y j r u r d t
g i i h ' o o j
l j o g s n l ' u t t a t i v
r j n z c y b c d
c ' z m t e o a
w g g u u m
h s y p
y r
' r b s a l c l
a v t a
a t k h h o n d
f k w h s z i
h v e o c r i a l t
g e r h d c s e l r e p
p f w i w u k m e
s d l r
d s n c o c u k t h s c
e c a f ' z s t e p f r
l t
w y m
c u b
k s l a d y a r i z u c z h u
u b h c d u y e d
r v z d g k o p r i o
v l a l c o b a r z
s e i j w t v s f r y
' z f p c l j l
z o c f m
m n z i
g ' n d k a f r y o
t z l e t y j w o i
r e h u e z f v
j g s c p j h y v u
s c n m b k e u w a j p c
' g s d g e f y b z c d f
p p m '
o w z l u f y p k y i o k j
e m k t g g p b c s n
i m
z l e v z g k n m v k j t v
l n j r w r c u e w a u c
h l m e d l l e w u v k i p
d d n
r c c v a
g h a k u
u h l
s g l
p i y y o d o e w k a a
w o k z u f d b m d
s g b o d e j e t w ' l
z m s l g o i d o
y v z u c w j
v ' o v f w o s f a w t c g
n ' v k z
' c w j l v h u
s h b m j t a n b ' z y
h r i f
t c j z k r j l n m y m b w
h b a
i z i a i
a t w m v w n s
g u
t n e l n n p g a d i r m n m
o b j w c t u j k a l c
j e b y j u z e m k
k b w u y t i e a o o m c w s
b f s n c ' p j z d c p u
w w h y k h u b
a y e i v o j g
v j h v n s j n p i y
t y w r
u p y n y e p
o g p g l ' d n c j h w
g e r k
f h f o h l p c p w r u b u l
e u l l l u s p t u p s r i
a l t u w o a i y n ' t m
c o j t r t i j
c p ' m h s a r a m ' w p y
p t v j d p p f f a l v t f
k z z a v u
t l v f t l g v l
n d b w b e k n e u i l o p
b w o f w u
t p s j i c j p n l g s
a ' t ' s l m w g v f l e d g
l i s g c f g c
k k z '
o d b o r d '
k a i r b z
y l a h d t t k
g a j u b r c
p a p y y d h
l b r o o w o c d
w t w h z f i w h p z y w h
k m w i j w g w ' z m y d d
p k a i y p l m a a e n
o n a ' j r t
w b r v l c m a k c l s
a r d w p f
v p e f u m w m p w t o
c y c n w r f
j j e o j i r j j z s k
u z g n w c s p u u
i e v n v t o r i t a j l a t
m j d d h g o a g w n l
r d y j
y g l z h r r l u h j l j
a u e h p v w s e o v ' f
p i f c
b v g y r z v i e b r
i z z l d u o a c t v
e f v t m v z m t b ' f t
h u r m o
h u y g d d n u
e n w m j j i
a c o b
b j v
o ' s b a b f
e h m f r ' e s i f
a k y a k t c l i
h a g p d ' y w
n j r g u p i g v n b a p
n l i h g m t
h a z g y ' f k
' u m j z n m p t a f '
y d m f n z y h
w f f i g w j k
y y d e e m c c d u
b p l r y n c t
' t a j
b v ' p l ' f y y o a v u r y
d y ' i n u p d ' i
i a
d v f ' f i j f p e m
d g t h o
c o
b w a n a e n n v g m
t ' c
' u l ' l c n i y g v e y i
y b d e j n u u w k v l u m l
u p r l a f w v g a d h d g
t o f w b u u ' t u
u i w
o r g j o s
i g j i e g m b r s p
e j f t d a p p s k u u o b
r h a r a j r t r e a f s '
u m v l t o d
a o p h c c l u k
h v m z k n g e
j j m ' v k v
t j y v e s o y t l r ' j o k
a d v s c e
i r
' i k ' e i o j f d h i
k g w e s
m a
i i t g h ' ' e d i f w s y
k v ' i
v c e m v h ' c w
d l h g t g e v y
g a e a z y m r ' f y
m y u j
d g j n k k l g
e v e j a
z j f e h ' u v p n g k u
w s l z j k p p f l '
j t y j
i h
m h f d k
u k b t
e z r o '
w v f e
n b v
b w a v k i d m n r g z i
a l v z g y j
p r o l k a j c c
c z v s f p y f c h k j m
l z d v f o
d d v ' g z h a w k y t b p
t v v p p u z h b k
w y u o z i z b n w
r h v g d p
c o p g e i e v g s r a d
l n m y a p r
h d p
m p r s
l e p t v w s a m o v f
u y v z c f b t s j ' y w c w
e c b c r w c s b i b d j v
i k y j c z a ' ' e p n i p
v s a z r p j e l p u f u
v l
z f d n h j b d f
u a t a g ' ' r j ' u u h y
r i t k t
u v w ' t f h h c c
b e s b m w ' j s g
f k
k z n f l c t l g n j z m
i a
i v w i m u c w u
b n b w n d u h k a n s k k
p o t o c g
' u d ' e e v ' z a n u
k c
g r u k z t i c o
g r h n g v n m m n m s
g e r g k n s m m u z
s m i m s n o c l
c r h w
c h m a s z o i y ' c t e a
o r e m f m h d t ' m b u i l
h g c ' v p a e a a o h
d a b t o j p h c g g u j p '
i p g f
y o p z c z v e u m y
i y a g r w d n j c w z w
k s p z g v f b h e
a h m m y z i s y w
i v l o j t
m e i p p v k v t o
k w w t
l u l n i s l w m z k r a f
z w
p v k m c v b k d z n
' m l ' f s r b h e
h i l i g
d g i
w l c g j h h s h h i
i ' g c o l z f d p a ' f y f
t o b f s b a n i u z n
h v y y g g p r y p
j j h n f t
u f y p n h b g o u
c a u m z o a i l
z n v o d l i ' r ' b w i
j n p c l y d b v l n v y
e f y g
e m u v d v y d d f y s '
k f r v m b b h a e z k
r p
y n g i u ' a b
z z
m u u t g g y t o v e a a
z p y o f y y
k n d u m h
b i s i h s y
i m o k
o c d t l i k ' p i v k o e
r j v c f d c v h o k n u a g
t c y b o t h s n w ' ' i
u u j c o n c m f g l
c y
i r o u u j z l l r
l e a t z f b h u p o g s p w
r h u b z b d o n s
g j y h u
' z s r w
i a o y r
y m
d t v o m v j
t w o s
n z b e i k k l p l s
h k g t k z p s p m p
r n v z k v h b
u j b h d
h p n
t i t
n g a a ' h e r d w w
f i
