k u s a k a n i z a
t i d z a s a k a n i z a
t i m a s a k a n i z a
t i n a s a k a n i z a
m u d z a s a k a n i z a
m u m a s a k a n i z a
m u n a s a k a n i z a
a d z a s a k a n i z a
a m a s a k a n i z a
a n a s a k a n i z a
n d i d z a s a k a n i z a
n d i m a s a k a n i z a
n d i n a s a k a n i z a
m u d z a s a k a n i z a
m u m a s a k a n i z a
m u n a s a k a n i z a
a d z a s a k a n i z a
a m a s a k a n i z a
a n a s a k a n i z a
k u s i r i r a
t i d z a s i r i r a
t i m a s i r i r a
t i n a s i r i r a
m u d z a s i r i r a
m u m a s i r i r a
m u n a s i r i r a
a d z a s i r i r a
a m a s i r i r a
a n a s i r i r a
n d i d z a s i r i r a
n d i m a s i r i r a
n d i n a s i r i r a
m u d z a s i r i r a
m u m a s i r i r a
m u n a s i r i r a
a d z a s i r i r a
a m a s i r i r a
a n a s i r i r a
k u p i t a n i
t i d z a p i t a n i
t i m a p i t a n i
t i n a p i t a n i
m u d z a p i t a n i
m u m a p i t a n i
m u n a p i t a n i
a d z a p i t a n i
a m a p i t a n i
a n a p i t a n i
n d i d z a p i t a n i
n d i m a p i t a n i
n d i n a p i t a n i
m u d z a p i t a n i
m u m a p i t a n i
m u n a p i t a n i
a d z a p i t a n i
a m a p i t a n i
a n a p i t a n i
k u k h a z i k a
t i d z a k h a z i k a
t i m a k h a z i k a
t i n a k h a z i k a
m u d z a k h a z i k a
m u m a k h a z i k a
m u n a k h a z i k a
a d z a k h a z i k a
a m a k h a z i k a
a n a k h a z i k a
n d i d z a k h a z i k a
n d i m a k h a z i k a
n d i n a k h a z i k a
m u d z a k h a z i k a
m u m a k h a z i k a
m u n a k h a z i k a
a d z a k h a z i k a
a m a k h a z i k a
a n a k h a z i k a
k u s o c h e r a
t i d z a s o c h e r a
t i m a s o c h e r a
t i n a s o c h e r a
m u d z a s o c h e r a
m u m a s o c h e r a
m u n a s o c h e r a
a d z a s o c h e r a
a m a s o c h e r a
a n a s o c h e r a
n d i d z a s o c h e r a
n d i m a s o c h e r a
n d i n a s o c h e r a
m u d z a s o c h e r a
m u m a s o c h e r a
m u n a s o c h e r a
a d z a s o c h e r a
a m a s o c h e r a
a n a s o c h e r a
k u t h i r a
t i d z a t h i r a
t i m a t h i r a
t i n a t h i r a
m u d z a t h i r a
m u m a t h i r a
m u n a t h i r a
a d z a t h i r a
a m a t h i r a
a n a t h i r a
n d i d z a t h i r a
n d i m a t h i r a
n d i n a t h i r a
m u d z a t h i r a
m u m a t h i r a
m u n a t h i r a
a d z a t h i r a
a m a t h i r a
a n a t h i r a
k u y a l a
t i d z a y a l a
t i m a y a l a
t i n a y a l a
m u d z a y a l a
m u m a y a l a
m u n a y a l a
a d z a y a l a
a m a y a l a
a n a y a l a
n d i d z a y a l a
n d i m a y a l a
n d i n a y a l a
m u d z a y a l a
m u m a y a l a
m u n a y a l a
a d z a y a l a
a m a y a l a
a n a y a l a
k u y e r e k e z a
t i d z a y e r e k e z a
t i m a y e r e k e z a
t i n a y e r e k e z a
m u d z a y e r e k e z a
m u m a y e r e k e z a
m u n a y e r e k e z a
a d z a y e r e k e z a
a m a y e r e k e z a
a n a y e r e k e z a
n d i d z a y e r e k e z a
n d i m a y e r e k e z a
n d i n a y e r e k e z a
m u d z a y e r e k e z a
m u m a y e r e k e z a
m u n a y e r e k e z a
a d z a y e r e k e z a
a m a y e r e k e z a
a n a y e r e k e z a
k u l e m b a
t i d z a l e m b a
t i m a l e m b a
t i n a l e m b a
m u d z a l e m b a
m u m a l e m b a
m u n a l e m b a
a d z a l e m b a
a m a l e m b a
a n a l e m b a
n d i d z a l e m b a
n d i m a l e m b a
n d i n a l e m b a
m u d z a l e m b a
m u m a l e m b a
m u n a l e m b a
a d z a l e m b a
a m a l e m b a
a n a l e m b a
k u k h a l a
t i d z a k h a l a
t i m a k h a l a
t i n a k h a l a
m u d z a k h a l a
m u m a k h a l a
m u n a k h a l a
a d z a k h a l a
a m a k h a l a
a n a k h a l a
n d i d z a k h a l a
n d i m a k h a l a
n d i n a k h a l a
m u d z a k h a l a
m u m a k h a l a
m u n a k h a l a
a d z a k h a l a
a m a k h a l a
a n a k h a l a
k u p a m b a n a
t i d z a p a m b a n a
t i m a p a m b a n a
t i n a p a m b a n a
m u d z a p a m b a n a
m u m a p a m b a n a
m u n a p a m b a n a
a d z a p a m b a n a
a m a p a m b a n a
a n a p a m b a n a
n d i d z a p a m b a n a
n d i m a p a m b a n a
n d i n a p a m b a n a
m u d z a p a m b a n a
m u m a p a m b a n a
m u n a p a m b a n a
a d z a p a m b a n a
a m a p a m b a n a
a n a p a m b a n a
k u n a m a
t i d z a n a m a
t i m a n a m a
t i n a n a m a
m u d z a n a m a
m u m a n a m a
m u n a n a m a
a d z a n a m a
a m a n a m a
a n a n a m a
n d i d z a n a m a
n d i m a n a m a
n d i n a n a m a
m u d z a n a m a
m u m a n a m a
m u n a n a m a
a d z a n a m a
a m a n a m a
a n a n a m a
k u l a i k a
t i d z a l a i k a
t i m a l a i k a
t i n a l a i k a
m u d z a l a i k a
m u m a l a i k a
m u n a l a i k a
a d z a l a i k a
a m a l a i k a
a n a l a i k a
n d i d z a l a i k a
n d i m a l a i k a
n d i n a l a i k a
m u d z a l a i k a
m u m a l a i k a
m u n a l a i k a
a d z a l a i k a
a m a l a i k a
a n a l a i k a
k u p a n a
t i d z a p a n a
t i m a p a n a
t i n a p a n a
m u d z a p a n a
m u m a p a n a
m u n a p a n a
a d z a p a n a
a m a p a n a
a n a p a n a
n d i d z a p a n a
n d i m a p a n a
n d i n a p a n a
m u d z a p a n a
m u m a p a n a
m u n a p a n a
a d z a p a n a
a m a p a n a
a n a p a n a
k u l u m a
t i d z a l u m a
t i m a l u m a
t i n a l u m a
m u d z a l u m a
m u m a l u m a
m u n a l u m a
a d z a l u m a
a m a l u m a
a n a l u m a
n d i d z a l u m a
n d i m a l u m a
n d i n a l u m a
m u d z a l u m a
m u m a l u m a
m u n a l u m a
a d z a l u m a
a m a l u m a
a n a l u m a
k u i m w a
t i d z a i m w a
t i m a i m w a
t i n a i m w a
m u d z a i m w a
m u m a i m w a
m u n a i m w a
a d z a i m w a
a m a i m w a
a n a i m w a
n d i d z a i m w a
n d i m a i m w a
n d i n a i m w a
m u d z a i m w a
m u m a i m w a
m u n a i m w a
a d z a i m w a
a m a i m w a
a n a i m w a
k u c h u l u k a
t i d z a c h u l u k a
t i m a c h u l u k a
t i n a c h u l u k a
m u d z a c h u l u k a
m u m a c h u l u k a
m u n a c h u l u k a
a d z a c h u l u k a
a m a c h u l u k a
a n a c h u l u k a
n d i d z a c h u l u k a
n d i m a c h u l u k a
n d i n a c h u l u k a
m u d z a c h u l u k a
m u m a c h u l u k a
m u n a c h u l u k a
a d z a c h u l u k a
a m a c h u l u k a
a n a c h u l u k a
k u s e k a
t i d z a s e k a
t i m a s e k a
t i n a s e k a
m u d z a s e k a
m u m a s e k a
m u n a s e k a
a d z a s e k a
a m a s e k a
a n a s e k a
n d i d z a s e k a
n d i m a s e k a
n d i n a s e k a
m u d z a s e k a
m u m a s e k a
m u n a s e k a
a d z a s e k a
a m a s e k a
a n a s e k a
k u b w e r a
t i d z a b w e r a
t i m a b w e r a
t i n a b w e r a
m u d z a b w e r a
m u m a b w e r a
m u n a b w e r a
a d z a b w e r a
a m a b w e r a
a n a b w e r a
n d i d z a b w e r a
n d i m a b w e r a
n d i n a b w e r a
m u d z a b w e r a
m u m a b w e r a
m u n a b w e r a
a d z a b w e r a
a m a b w e r a
a n a b w e r a
k u k h u d z a
t i d z a k h u d z a
t i m a k h u d z a
t i n a k h u d z a
m u d z a k h u d z a
m u m a k h u d z a
m u n a k h u d z a
a d z a k h u d z a
a m a k h u d z a
a n a k h u d z a
n d i d z a k h u d z a
n d i m a k h u d z a
n d i n a k h u d z a
m u d z a k h u d z a
m u m a k h u d z a
m u n a k h u d z a
a d z a k h u d z a
a m a k h u d z a
a n a k h u d z a
k u s i y a
t i d z a s i y a
t i m a s i y a
t i n a s i y a
m u d z a s i y a
m u m a s i y a
m u n a s i y a
a d z a s i y a
a m a s i y a
a n a s i y a
n d i d z a s i y a
n d i m a s i y a
n d i n a s i y a
m u d z a s i y a
m u m a s i y a
m u n a s i y a
a d z a s i y a
a m a s i y a
a n a s i y a
k u t s i r i z a
t i d z a t s i r i z a
t i m a t s i r i z a
t i n a t s i r i z a
m u d z a t s i r i z a
m u m a t s i r i z a
m u n a t s i r i z a
a d z a t s i r i z a
a m a t s i r i z a
a n a t s i r i z a
n d i d z a t s i r i z a
n d i m a t s i r i z a
n d i n a t s i r i z a
m u d z a t s i r i z a
m u m a t s i r i z a
m u n a t s i r i z a
a d z a t s i r i z a
a m a t s i r i z a
a n a t s i r i z a
k u s w a
t i d z a s w a
t i m a s w a
t i n a s w a
m u d z a s w a
m u m a s w a
m u n a s w a
a d z a s w a
a m a s w a
a n a s w a
n d i d z a s w a
n d i m a s w a
n d i n a s w a
m u d z a s w a
m u m a s w a
m u n a s w a
a d z a s w a
a m a s w a
a n a s w a
k u o l o k a
t i d z a o l o k a
t i m a o l o k a
t i n a o l o k a
m u d z a o l o k a
m u m a o l o k a
m u n a o l o k a
a d z a o l o k a
a m a o l o k a
a n a o l o k a
n d i d z a o l o k a
n d i m a o l o k a
n d i n a o l o k a
m u d z a o l o k a
m u m a o l o k a
m u n a o l o k a
a d z a o l o k a
a m a o l o k a
a n a o l o k a
k u y a n g ' a n a
t i d z a y a n g ' a n a
t i m a y a n g ' a n a
t i n a y a n g ' a n a
m u d z a y a n g ' a n a
m u m a y a n g ' a n a
m u n a y a n g ' a n a
a d z a y a n g ' a n a
a m a y a n g ' a n a
a n a y a n g ' a n a
n d i d z a y a n g ' a n a
n d i m a y a n g ' a n a
n d i n a y a n g ' a n a
m u d z a y a n g ' a n a
m u m a y a n g ' a n a
m u n a y a n g ' a n a
a d z a y a n g ' a n a
a m a y a n g ' a n a
a n a y a n g ' a n a
k u d z a
t i d z a d z a
t i m a d z a
t i n a d z a
m u d z a d z a
m u m a d z a
m u n a d z a
a d z a d z a
a m a d z a
a n a d z a
n d i d z a d z a
n d i m a d z a
n d i n a d z a
m u d z a d z a
m u m a d z a
m u n a d z a
a d z a d z a
a m a d z a
a n a d z a
k u t s e k a
t i d z a t s e k a
t i m a t s e k a
t i n a t s e k a
m u d z a t s e k a
m u m a t s e k a
m u n a t s e k a
a d z a t s e k a
a m a t s e k a
a n a t s e k a
n d i d z a t s e k a
n d i m a t s e k a
n d i n a t s e k a
m u d z a t s e k a
m u m a t s e k a
m u n a t s e k a
a d z a t s e k a
a m a t s e k a
a n a t s e k a
k u n g ' a m b a
t i d z a n g ' a m b a
t i m a n g ' a m b a
t i n a n g ' a m b a
m u d z a n g ' a m b a
m u m a n g ' a m b a
m u n a n g ' a m b a
a d z a n g ' a m b a
a m a n g ' a m b a
a n a n g ' a m b a
n d i d z a n g ' a m b a
n d i m a n g ' a m b a
n d i n a n g ' a m b a
m u d z a n g ' a m b a
m u m a n g ' a m b a
m u n a n g ' a m b a
a d z a n g ' a m b a
a m a n g ' a m b a
a n a n g ' a m b a
k u g o n a
t i d z a g o n a
t i m a g o n a
t i n a g o n a
m u d z a g o n a
m u m a g o n a
m u n a g o n a
a d z a g o n a
a m a g o n a
a n a g o n a
n d i d z a g o n a
n d i m a g o n a
n d i n a g o n a
m u d z a g o n a
m u m a g o n a
m u n a g o n a
a d z a g o n a
a m a g o n a
a n a g o n a
k u c h i r a
t i d z a c h i r a
t i m a c h i r a
t i n a c h i r a
m u d z a c h i r a
m u m a c h i r a
m u n a c h i r a
a d z a c h i r a
a m a c h i r a
a n a c h i r a
n d i d z a c h i r a
n d i m a c h i r a
n d i n a c h i r a
m u d z a c h i r a
m u m a c h i r a
m u n a c h i r a
a d z a c h i r a
a m a c h i r a
a n a c h i r a
k u p e m p h a
t i d z a p e m p h a
t i m a p e m p h a
t i n a p e m p h a
m u d z a p e m p h a
m u m a p e m p h a
m u n a p e m p h a
a d z a p e m p h a
a m a p e m p h a
a n a p e m p h a
n d i d z a p e m p h a
n d i m a p e m p h a
n d i n a p e m p h a
m u d z a p e m p h a
m u m a p e m p h a
m u n a p e m p h a
a d z a p e m p h a
a m a p e m p h a
a n a p e m p h a
k u r e r u k a
t i d z a r e r u k a
t i m a r e r u k a
t i n a r e r u k a
m u d z a r e r u k a
m u m a r e r u k a
m u n a r e r u k a
a d z a r e r u k a
a m a r e r u k a
a n a r e r u k a
n d i d z a r e r u k a
n d i m a r e r u k a
n d i n a r e r u k a
m u d z a r e r u k a
m u m a r e r u k a
m u n a r e r u k a
a d z a r e r u k a
a m a r e r u k a
a n a r e r u k a
k u i w a l a
t i d z a i w a l a
t i m a i w a l a
t i n a i w a l a
m u d z a i w a l a
m u m a i w a l a
m u n a i w a l a
a d z a i w a l a
a m a i w a l a
a n a i w a l a
n d i d z a i w a l a
n d i m a i w a l a
n d i n a i w a l a
m u d z a i w a l a
m u m a i w a l a
m u n a i w a l a
a d z a i w a l a
a m a i w a l a
a n a i w a l a
k u k a l a m b a
t i d z a k a l a m b a
t i m a k a l a m b a
t i n a k a l a m b a
m u d z a k a l a m b a
m u m a k a l a m b a
m u n a k a l a m b a
a d z a k a l a m b a
a m a k a l a m b a
a n a k a l a m b a
n d i d z a k a l a m b a
n d i m a k a l a m b a
n d i n a k a l a m b a
m u d z a k a l a m b a
m u m a k a l a m b a
m u n a k a l a m b a
a d z a k a l a m b a
a m a k a l a m b a
a n a k a l a m b a
k u i t a n a
t i d z a i t a n a
t i m a i t a n a
t i n a i t a n a
m u d z a i t a n a
m u m a i t a n a
m u n a i t a n a
a d z a i t a n a
a m a i t a n a
a n a i t a n a
n d i d z a i t a n a
n d i m a i t a n a
n d i n a i t a n a
m u d z a i t a n a
m u m a i t a n a
m u n a i t a n a
a d z a i t a n a
a m a i t a n a
a n a i t a n a
k u z i n d i k i r a
t i d z a z i n d i k i r a
t i m a z i n d i k i r a
t i n a z i n d i k i r a
m u d z a z i n d i k i r a
m u m a z i n d i k i r a
m u n a z i n d i k i r a
a d z a z i n d i k i r a
a m a z i n d i k i r a
a n a z i n d i k i r a
n d i d z a z i n d i k i r a
n d i m a z i n d i k i r a
n d i n a z i n d i k i r a
m u d z a z i n d i k i r a
m u m a z i n d i k i r a
m u n a z i n d i k i r a
a d z a z i n d i k i r a
a m a z i n d i k i r a
a n a z i n d i k i r a
k u m a l i z a
t i d z a m a l i z a
t i m a m a l i z a
t i n a m a l i z a
m u d z a m a l i z a
m u m a m a l i z a
m u n a m a l i z a
a d z a m a l i z a
a m a m a l i z a
a n a m a l i z a
n d i d z a m a l i z a
n d i m a m a l i z a
n d i n a m a l i z a
m u d z a m a l i z a
m u m a m a l i z a
m u n a m a l i z a
a d z a m a l i z a
a m a m a l i z a
a n a m a l i z a
k u k h u l u p i r a
t i d z a k h u l u p i r a
t i m a k h u l u p i r a
t i n a k h u l u p i r a
m u d z a k h u l u p i r a
m u m a k h u l u p i r a
m u n a k h u l u p i r a
a d z a k h u l u p i r a
a m a k h u l u p i r a
a n a k h u l u p i r a
n d i d z a k h u l u p i r a
n d i m a k h u l u p i r a
n d i n a k h u l u p i r a
m u d z a k h u l u p i r a
m u m a k h u l u p i r a
m u n a k h u l u p i r a
a d z a k h u l u p i r a
a m a k h u l u p i r a
a n a k h u l u p i r a
k u f i k a
t i d z a f i k a
t i m a f i k a
t i n a f i k a
m u d z a f i k a
m u m a f i k a
m u n a f i k a
a d z a f i k a
a m a f i k a
a n a f i k a
n d i d z a f i k a
n d i m a f i k a
n d i n a f i k a
m u d z a f i k a
m u m a f i k a
m u n a f i k a
a d z a f i k a
a m a f i k a
a n a f i k a
k u t e n g a
t i d z a t e n g a
t i m a t e n g a
t i n a t e n g a
m u d z a t e n g a
m u m a t e n g a
m u n a t e n g a
a d z a t e n g a
a m a t e n g a
a n a t e n g a
n d i d z a t e n g a
n d i m a t e n g a
n d i n a t e n g a
m u d z a t e n g a
m u m a t e n g a
m u n a t e n g a
a d z a t e n g a
a m a t e n g a
a n a t e n g a
k u y e n e r a
t i d z a y e n e r a
t i m a y e n e r a
t i n a y e n e r a
m u d z a y e n e r a
m u m a y e n e r a
m u n a y e n e r a
a d z a y e n e r a
a m a y e n e r a
a n a y e n e r a
n d i d z a y e n e r a
n d i m a y e n e r a
n d i n a y e n e r a
m u d z a y e n e r a
m u m a y e n e r a
m u n a y e n e r a
a d z a y e n e r a
a m a y e n e r a
a n a y e n e r a
k u y a n j a
t i d z a y a n j a
t i m a y a n j a
t i n a y a n j a
m u d z a y a n j a
m u m a y a n j a
m u n a y a n j a
a d z a y a n j a
a m a y a n j a
a n a y a n j a
n d i d z a y a n j a
n d i m a y a n j a
n d i n a y a n j a
m u d z a y a n j a
m u m a y a n j a
m u n a y a n j a
a d z a y a n j a
a m a y a n j a
a n a y a n j a
k u t h a n d i z a
t i d z a t h a n d i z a
t i m a t h a n d i z a
t i n a t h a n d i z a
m u d z a t h a n d i z a
m u m a t h a n d i z a
m u n a t h a n d i z a
a d z a t h a n d i z a
a m a t h a n d i z a
a n a t h a n d i z a
n d i d z a t h a n d i z a
n d i m a t h a n d i z a
n d i n a t h a n d i z a
m u d z a t h a n d i z a
m u m a t h a n d i z a
m u n a t h a n d i z a
a d z a t h a n d i z a
a m a t h a n d i z a
a n a t h a n d i z a
k u f a
t i d z a f a
t i m a f a
t i n a f a
m u d z a f a
m u m a f a
m u n a f a
a d z a f a
a m a f a
a n a f a
n d i d z a f a
n d i m a f a
n d i n a f a
m u d z a f a
m u m a f a
m u n a f a
a d z a f a
a m a f a
a n a f a
k u o m b a
t i d z a o m b a
t i m a o m b a
t i n a o m b a
m u d z a o m b a
m u m a o m b a
m u n a o m b a
a d z a o m b a
a m a o m b a
a n a o m b a
n d i d z a o m b a
n d i m a o m b a
n d i n a o m b a
m u d z a o m b a
m u m a o m b a
m u n a o m b a
a d z a o m b a
a m a o m b a
a n a o m b a
k u m w a
t i d z a m w a
t i m a m w a
t i n a m w a
m u d z a m w a
m u m a m w a
m u n a m w a
a d z a m w a
a m a m w a
a n a m w a
n d i d z a m w a
n d i m a m w a
n d i n a m w a
m u d z a m w a
m u m a m w a
m u n a m w a
a d z a m w a
a m a m w a
a n a m w a
k u y e n d a
t i d z a y e n d a
t i m a y e n d a
t i n a y e n d a
m u d z a y e n d a
m u m a y e n d a
m u n a y e n d a
a d z a y e n d a
a m a y e n d a
a n a y e n d a
n d i d z a y e n d a
n d i m a y e n d a
n d i n a y e n d a
m u d z a y e n d a
m u m a y e n d a
m u n a y e n d a
a d z a y e n d a
a m a y e n d a
a n a y e n d a
k u b a t i z a
t i d z a b a t i z a
t i m a b a t i z a
t i n a b a t i z a
m u d z a b a t i z a
m u m a b a t i z a
m u n a b a t i z a
a d z a b a t i z a
a m a b a t i z a
a n a b a t i z a
n d i d z a b a t i z a
n d i m a b a t i z a
n d i n a b a t i z a
m u d z a b a t i z a
m u m a b a t i z a
m u n a b a t i z a
a d z a b a t i z a
a m a b a t i z a
a n a b a t i z a
k u y a n k h u l a
t i d z a y a n k h u l a
t i m a y a n k h u l a
t i n a y a n k h u l a
m u d z a y a n k h u l a
m u m a y a n k h u l a
m u n a y a n k h u l a
a d z a y a n k h u l a
a m a y a n k h u l a
a n a y a n k h u l a
n d i d z a y a n k h u l a
n d i m a y a n k h u l a
n d i n a y a n k h u l a
m u d z a y a n k h u l a
m u m a y a n k h u l a
m u n a y a n k h u l a
a d z a y a n k h u l a
a m a y a n k h u l a
a n a y a n k h u l a
k u m a s u l a
t i d z a m a s u l a
t i m a m a s u l a
t i n a m a s u l a
m u d z a m a s u l a
m u m a m a s u l a
m u n a m a s u l a
a d z a m a s u l a
a m a m a s u l a
a n a m a s u l a
n d i d z a m a s u l a
n d i m a m a s u l a
n d i n a m a s u l a
m u d z a m a s u l a
m u m a m a s u l a
m u n a m a s u l a
a d z a m a s u l a
a m a m a s u l a
a n a m a s u l a
k u t c h a
t i d z a t c h a
t i m a t c h a
t i n a t c h a
m u d z a t c h a
m u m a t c h a
m u n a t c h a
a d z a t c h a
a m a t c h a
a n a t c h a
n d i d z a t c h a
n d i m a t c h a
n d i n a t c h a
m u d z a t c h a
m u m a t c h a
m u n a t c h a
a d z a t c h a
a m a t c h a
a n a t c h a
k u b v u t a
t i d z a b v u t a
t i m a b v u t a
t i n a b v u t a
m u d z a b v u t a
m u m a b v u t a
m u n a b v u t a
a d z a b v u t a
a m a b v u t a
a n a b v u t a
n d i d z a b v u t a
n d i m a b v u t a
n d i n a b v u t a
m u d z a b v u t a
m u m a b v u t a
m u n a b v u t a
a d z a b v u t a
a m a b v u t a
a n a b v u t a
k u d a l a
t i d z a d a l a
t i m a d a l a
t i n a d a l a
m u d z a d a l a
m u m a d a l a
m u n a d a l a
a d z a d a l a
a m a d a l a
a n a d a l a
n d i d z a d a l a
n d i m a d a l a
n d i n a d a l a
m u d z a d a l a
m u m a d a l a
m u n a d a l a
a d z a d a l a
a m a d a l a
a n a d a l a
k u i k a
t i d z a i k a
t i m a i k a
t i n a i k a
m u d z a i k a
m u m a i k a
m u n a i k a
a d z a i k a
a m a i k a
a n a i k a
n d i d z a i k a
n d i m a i k a
n d i n a i k a
m u d z a i k a
m u m a i k a
m u n a i k a
a d z a i k a
a m a i k a
a n a i k a
k u w e r u z a
t i d z a w e r u z a
t i m a w e r u z a
t i n a w e r u z a
m u d z a w e r u z a
m u m a w e r u z a
m u n a w e r u z a
a d z a w e r u z a
a m a w e r u z a
a n a w e r u z a
n d i d z a w e r u z a
n d i m a w e r u z a
n d i n a w e r u z a
m u d z a w e r u z a
m u m a w e r u z a
m u n a w e r u z a
a d z a w e r u z a
a m a w e r u z a
a n a w e r u z a
k u f e w a
t i d z a f e w a
t i m a f e w a
t i n a f e w a
m u d z a f e w a
m u m a f e w a
m u n a f e w a
a d z a f e w a
a m a f e w a
a n a f e w a
n d i d z a f e w a
n d i m a f e w a
n d i n a f e w a
m u d z a f e w a
m u m a f e w a
m u n a f e w a
a d z a f e w a
a m a f e w a
a n a f e w a
k u n t c h i t o
t i d z a n t c h i t o
t i m a n t c h i t o
t i n a n t c h i t o
m u d z a n t c h i t o
m u m a n t c h i t o
m u n a n t c h i t o
a d z a n t c h i t o
a m a n t c h i t o
a n a n t c h i t o
n d i d z a n t c h i t o
n d i m a n t c h i t o
n d i n a n t c h i t o
m u d z a n t c h i t o
m u m a n t c h i t o
m u n a n t c h i t o
a d z a n t c h i t o
a m a n t c h i t o
a n a n t c h i t o
k u s a n k h a
t i d z a s a n k h a
t i m a s a n k h a
t i n a s a n k h a
m u d z a s a n k h a
m u m a s a n k h a
m u n a s a n k h a
a d z a s a n k h a
a m a s a n k h a
a n a s a n k h a
n d i d z a s a n k h a
n d i m a s a n k h a
n d i n a s a n k h a
m u d z a s a n k h a
m u m a s a n k h a
m u n a s a n k h a
a d z a s a n k h a
a m a s a n k h a
a n a s a n k h a
k u z u n z a
t i d z a z u n z a
t i m a z u n z a
t i n a z u n z a
m u d z a z u n z a
m u m a z u n z a
m u n a z u n z a
a d z a z u n z a
a m a z u n z a
a n a z u n z a
n d i d z a z u n z a
n d i m a z u n z a
n d i n a z u n z a
m u d z a z u n z a
m u m a z u n z a
m u n a z u n z a
a d z a z u n z a
a m a z u n z a
a n a z u n z a
k u l e m a
t i d z a l e m a
t i m a l e m a
t i n a l e m a
m u d z a l e m a
m u m a l e m a
m u n a l e m a
a d z a l e m a
a m a l e m a
a n a l e m a
n d i d z a l e m a
n d i m a l e m a
n d i n a l e m a
m u d z a l e m a
m u m a l e m a
m u n a l e m a
a d z a l e m a
a m a l e m a
a n a l e m a
k u m a n g a
t i d z a m a n g a
t i m a m a n g a
t i n a m a n g a
m u d z a m a n g a
m u m a m a n g a
m u n a m a n g a
a d z a m a n g a
a m a m a n g a
a n a m a n g a
n d i d z a m a n g a
n d i m a m a n g a
n d i n a m a n g a
m u d z a m a n g a
m u m a m a n g a
m u n a m a n g a
a d z a m a n g a
a m a m a n g a
a n a m a n g a
k u d a l i r a
t i d z a d a l i r a
t i m a d a l i r a
t i n a d a l i r a
m u d z a d a l i r a
m u m a d a l i r a
m u n a d a l i r a
a d z a d a l i r a
a m a d a l i r a
a n a d a l i r a
n d i d z a d a l i r a
n d i m a d a l i r a
n d i n a d a l i r a
m u d z a d a l i r a
m u m a d a l i r a
m u n a d a l i r a
a d z a d a l i r a
a m a d a l i r a
a n a d a l i r a
k u p o n d a
t i d z a p o n d a
t i m a p o n d a
t i n a p o n d a
m u d z a p o n d a
m u m a p o n d a
m u n a p o n d a
a d z a p o n d a
a m a p o n d a
a n a p o n d a
n d i d z a p o n d a
n d i m a p o n d a
n d i n a p o n d a
m u d z a p o n d a
m u m a p o n d a
m u n a p o n d a
a d z a p o n d a
a m a p o n d a
a n a p o n d a
k u d u l a
t i d z a d u l a
t i m a d u l a
t i n a d u l a
m u d z a d u l a
m u m a d u l a
m u n a d u l a
a d z a d u l a
a m a d u l a
a n a d u l a
n d i d z a d u l a
n d i m a d u l a
n d i n a d u l a
m u d z a d u l a
m u m a d u l a
m u n a d u l a
a d z a d u l a
a m a d u l a
a n a d u l a
k u p a l a
t i d z a p a l a
t i m a p a l a
t i n a p a l a
m u d z a p a l a
m u m a p a l a
m u n a p a l a
a d z a p a l a
a m a p a l a
a n a p a l a
n d i d z a p a l a
n d i m a p a l a
n d i n a p a l a
m u d z a p a l a
m u m a p a l a
m u n a p a l a
a d z a p a l a
a m a p a l a
a n a p a l a
k u c h a
t i d z a c h a
t i m a c h a
t i n a c h a
m u d z a c h a
m u m a c h a
m u n a c h a
a d z a c h a
a m a c h a
a n a c h a
n d i d z a c h a
n d i m a c h a
n d i n a c h a
m u d z a c h a
m u m a c h a
m u n a c h a
a d z a c h a
a m a c h a
a n a c h a
k u f u l u m i r a
t i d z a f u l u m i r a
t i m a f u l u m i r a
t i n a f u l u m i r a
m u d z a f u l u m i r a
m u m a f u l u m i r a
m u n a f u l u m i r a
a d z a f u l u m i r a
a m a f u l u m i r a
a n a f u l u m i r a
n d i d z a f u l u m i r a
n d i m a f u l u m i r a
n d i n a f u l u m i r a
m u d z a f u l u m i r a
m u m a f u l u m i r a
m u n a f u l u m i r a
a d z a f u l u m i r a
a m a f u l u m i r a
a n a f u l u m i r a
k u s a u k a
t i d z a s a u k a
t i m a s a u k a
t i n a s a u k a
m u d z a s a u k a
m u m a s a u k a
m u n a s a u k a
a d z a s a u k a
a m a s a u k a
a n a s a u k a
n d i d z a s a u k a
n d i m a s a u k a
n d i n a s a u k a
m u d z a s a u k a
m u m a s a u k a
m u n a s a u k a
a d z a s a u k a
a m a s a u k a
a n a s a u k a
k u k h u t a
t i d z a k h u t a
t i m a k h u t a
t i n a k h u t a
m u d z a k h u t a
m u m a k h u t a
m u n a k h u t a
a d z a k h u t a
a m a k h u t a
a n a k h u t a
n d i d z a k h u t a
n d i m a k h u t a
n d i n a k h u t a
m u d z a k h u t a
m u m a k h u t a
m u n a k h u t a
a d z a k h u t a
a m a k h u t a
a n a k h u t a
k u t s a t a
t i d z a t s a t a
t i m a t s a t a
t i n a t s a t a
m u d z a t s a t a
m u m a t s a t a
m u n a t s a t a
a d z a t s a t a
a m a t s a t a
a n a t s a t a
n d i d z a t s a t a
n d i m a t s a t a
n d i n a t s a t a
m u d z a t s a t a
m u m a t s a t a
m u n a t s a t a
a d z a t s a t a
a m a t s a t a
a n a t s a t a
k u t h a m a n g a
t i d z a t h a m a n g a
t i m a t h a m a n g a
t i n a t h a m a n g a
m u d z a t h a m a n g a
m u m a t h a m a n g a
m u n a t h a m a n g a
a d z a t h a m a n g a
a m a t h a m a n g a
a n a t h a m a n g a
n d i d z a t h a m a n g a
n d i m a t h a m a n g a
n d i n a t h a m a n g a
m u d z a t h a m a n g a
m u m a t h a m a n g a
m u n a t h a m a n g a
a d z a t h a m a n g a
a m a t h a m a n g a
a n a t h a m a n g a
k u p i n d a
t i d z a p i n d a
t i m a p i n d a
t i n a p i n d a
m u d z a p i n d a
m u m a p i n d a
m u n a p i n d a
a d z a p i n d a
a m a p i n d a
a n a p i n d a
n d i d z a p i n d a
n d i m a p i n d a
n d i n a p i n d a
m u d z a p i n d a
m u m a p i n d a
m u n a p i n d a
a d z a p i n d a
a m a p i n d a
a n a p i n d a
k u c h i n y a
t i d z a c h i n y a
t i m a c h i n y a
t i n a c h i n y a
m u d z a c h i n y a
m u m a c h i n y a
m u n a c h i n y a
a d z a c h i n y a
a m a c h i n y a
a n a c h i n y a
n d i d z a c h i n y a
n d i m a c h i n y a
n d i n a c h i n y a
m u d z a c h i n y a
m u m a c h i n y a
m u n a c h i n y a
a d z a c h i n y a
a m a c h i n y a
a n a c h i n y a
k u k w i y a
t i d z a k w i y a
t i m a k w i y a
t i n a k w i y a
m u d z a k w i y a
m u m a k w i y a
m u n a k w i y a
a d z a k w i y a
a m a k w i y a
a n a k w i y a
n d i d z a k w i y a
n d i m a k w i y a
n d i n a k w i y a
m u d z a k w i y a
m u m a k w i y a
m u n a k w i y a
a d z a k w i y a
a m a k w i y a
a n a k w i y a
k u d z a l a
t i d z a d z a l a
t i m a d z a l a
t i n a d z a l a
m u d z a d z a l a
m u m a d z a l a
m u n a d z a l a
a d z a d z a l a
a m a d z a l a
a n a d z a l a
n d i d z a d z a l a
n d i m a d z a l a
n d i n a d z a l a
m u d z a d z a l a
m u m a d z a l a
m u n a d z a l a
a d z a d z a l a
a m a d z a l a
a n a d z a l a
k u l u n g a m a
t i d z a l u n g a m a
t i m a l u n g a m a
t i n a l u n g a m a
m u d z a l u n g a m a
m u m a l u n g a m a
m u n a l u n g a m a
a d z a l u n g a m a
a m a l u n g a m a
a n a l u n g a m a
n d i d z a l u n g a m a
n d i m a l u n g a m a
n d i n a l u n g a m a
m u d z a l u n g a m a
m u m a l u n g a m a
m u n a l u n g a m a
a d z a l u n g a m a
a m a l u n g a m a
a n a l u n g a m a
k u d w a l a
t i d z a d w a l a
t i m a d w a l a
t i n a d w a l a
m u d z a d w a l a
m u m a d w a l a
m u n a d w a l a
a d z a d w a l a
a m a d w a l a
a n a d w a l a
n d i d z a d w a l a
n d i m a d w a l a
n d i n a d w a l a
m u d z a d w a l a
m u m a d w a l a
m u n a d w a l a
a d z a d w a l a
a m a d w a l a
a n a d w a l a
k u k u m b u k a
t i d z a k u m b u k a
t i m a k u m b u k a
t i n a k u m b u k a
m u d z a k u m b u k a
m u m a k u m b u k a
m u n a k u m b u k a
a d z a k u m b u k a
a m a k u m b u k a
a n a k u m b u k a
n d i d z a k u m b u k a
n d i m a k u m b u k a
n d i n a k u m b u k a
m u d z a k u m b u k a
m u m a k u m b u k a
m u n a k u m b u k a
a d z a k u m b u k a
a m a k u m b u k a
a n a k u m b u k a
k u p i n d u l a
t i d z a p i n d u l a
t i m a p i n d u l a
t i n a p i n d u l a
m u d z a p i n d u l a
m u m a p i n d u l a
m u n a p i n d u l a
a d z a p i n d u l a
a m a p i n d u l a
a n a p i n d u l a
n d i d z a p i n d u l a
n d i m a p i n d u l a
n d i n a p i n d u l a
m u d z a p i n d u l a
m u m a p i n d u l a
m u n a p i n d u l a
a d z a p i n d u l a
a m a p i n d u l a
a n a p i n d u l a
k u k u l a
t i d z a k u l a
t i m a k u l a
t i n a k u l a
m u d z a k u l a
m u m a k u l a
m u n a k u l a
a d z a k u l a
a m a k u l a
a n a k u l a
n d i d z a k u l a
n d i m a k u l a
n d i n a k u l a
m u d z a k u l a
m u m a k u l a
m u n a k u l a
a d z a k u l a
a m a k u l a
a n a k u l a
k u w e r e n g a
t i d z a w e r e n g a
t i m a w e r e n g a
t i n a w e r e n g a
m u d z a w e r e n g a
m u m a w e r e n g a
m u n a w e r e n g a
a d z a w e r e n g a
a m a w e r e n g a
a n a w e r e n g a
n d i d z a w e r e n g a
n d i m a w e r e n g a
n d i n a w e r e n g a
m u d z a w e r e n g a
m u m a w e r e n g a
m u n a w e r e n g a
a d z a w e r e n g a
a m a w e r e n g a
a n a w e r e n g a
k u p e z a
t i d z a p e z a
t i m a p e z a
t i n a p e z a
m u d z a p e z a
m u m a p e z a
m u n a p e z a
a d z a p e z a
a m a p e z a
a n a p e z a
n d i d z a p e z a
n d i m a p e z a
n d i n a p e z a
m u d z a p e z a
m u m a p e z a
m u n a p e z a
a d z a p e z a
a m a p e z a
a n a p e z a
k u i m a
t i d z a i m a
t i m a i m a
t i n a i m a
m u d z a i m a
m u m a i m a
m u n a i m a
a d z a i m a
a m a i m a
a n a i m a
n d i d z a i m a
n d i m a i m a
n d i n a i m a
m u d z a i m a
m u m a i m a
m u n a i m a
a d z a i m a
a m a i m a
a n a i m a
k u c h i t a
t i d z a c h i t a
t i m a c h i t a
t i n a c h i t a
m u d z a c h i t a
m u m a c h i t a
m u n a c h i t a
a d z a c h i t a
a m a c h i t a
a n a c h i t a
n d i d z a c h i t a
n d i m a c h i t a
n d i n a c h i t a
m u d z a c h i t a
m u m a c h i t a
m u n a c h i t a
a d z a c h i t a
a m a c h i t a
a n a c h i t a
k u p s y a
t i d z a p s y a
t i m a p s y a
t i n a p s y a
m u d z a p s y a
m u m a p s y a
m u n a p s y a
a d z a p s y a
a m a p s y a
a n a p s y a
n d i d z a p s y a
n d i m a p s y a
n d i n a p s y a
m u d z a p s y a
m u m a p s y a
m u n a p s y a
a d z a p s y a
a m a p s y a
a n a p s y a
k u t h a w a
t i d z a t h a w a
t i m a t h a w a
t i n a t h a w a
m u d z a t h a w a
m u m a t h a w a
m u n a t h a w a
a d z a t h a w a
a m a t h a w a
a n a t h a w a
n d i d z a t h a w a
n d i m a t h a w a
n d i n a t h a w a
m u d z a t h a w a
m u m a t h a w a
m u n a t h a w a
a d z a t h a w a
a m a t h a w a
a n a t h a w a
k u p e r e k a
t i d z a p e r e k a
t i m a p e r e k a
t i n a p e r e k a
m u d z a p e r e k a
m u m a p e r e k a
m u n a p e r e k a
a d z a p e r e k a
a m a p e r e k a
a n a p e r e k a
n d i d z a p e r e k a
n d i m a p e r e k a
n d i n a p e r e k a
m u d z a p e r e k a
m u m a p e r e k a
m u n a p e r e k a
a d z a p e r e k a
a m a p e r e k a
a n a p e r e k a
k u k o n d a
t i d z a k o n d a
t i m a k o n d a
t i n a k o n d a
m u d z a k o n d a
m u m a k o n d a
m u n a k o n d a
a d z a k o n d a
a m a k o n d a
a n a k o n d a
n d i d z a k o n d a
n d i m a k o n d a
n d i n a k o n d a
m u d z a k o n d a
m u m a k o n d a
m u n a k o n d a
a d z a k o n d a
a m a k o n d a
a n a k o n d a
k u n y a m u l a
t i d z a n y a m u l a
t i m a n y a m u l a
t i n a n y a m u l a
m u d z a n y a m u l a
m u m a n y a m u l a
m u n a n y a m u l a
a d z a n y a m u l a
a m a n y a m u l a
a n a n y a m u l a
n d i d z a n y a m u l a
n d i m a n y a m u l a
n d i n a n y a m u l a
m u d z a n y a m u l a
m u m a n y a m u l a
m u n a n y a m u l a
a d z a n y a m u l a
a m a n y a m u l a
a n a n y a m u l a
k u k a m b a
t i d z a k a m b a
t i m a k a m b a
t i n a k a m b a
m u d z a k a m b a
m u m a k a m b a
m u n a k a m b a
a d z a k a m b a
a m a k a m b a
a n a k a m b a
n d i d z a k a m b a
n d i m a k a m b a
n d i n a k a m b a
m u d z a k a m b a
m u m a k a m b a
m u n a k a m b a
a d z a k a m b a
a m a k a m b a
a n a k a m b a
k u c h e k a
t i d z a c h e k a
t i m a c h e k a
t i n a c h e k a
m u d z a c h e k a
m u m a c h e k a
m u n a c h e k a
a d z a c h e k a
a m a c h e k a
a n a c h e k a
n d i d z a c h e k a
n d i m a c h e k a
n d i n a c h e k a
m u d z a c h e k a
m u m a c h e k a
m u n a c h e k a
a d z a c h e k a
a m a c h e k a
a n a c h e k a
k u y a m b a
t i d z a y a m b a
t i m a y a m b a
t i n a y a m b a
m u d z a y a m b a
m u m a y a m b a
m u n a y a m b a
a d z a y a m b a
a m a y a m b a
a n a y a m b a
n d i d z a y a m b a
n d i m a y a m b a
n d i n a y a m b a
m u d z a y a m b a
m u m a y a m b a
m u n a y a m b a
a d z a y a m b a
a m a y a m b a
a n a y a m b a
k u p o s a
t i d z a p o s a
t i m a p o s a
t i n a p o s a
m u d z a p o s a
m u m a p o s a
m u n a p o s a
a d z a p o s a
a m a p o s a
a n a p o s a
n d i d z a p o s a
n d i m a p o s a
n d i n a p o s a
m u d z a p o s a
m u m a p o s a
m u n a p o s a
a d z a p o s a
a m a p o s a
a n a p o s a
k u o p s y a
t i d z a o p s y a
t i m a o p s y a
t i n a o p s y a
m u d z a o p s y a
m u m a o p s y a
m u n a o p s y a
a d z a o p s y a
a m a o p s y a
a n a o p s y a
n d i d z a o p s y a
n d i m a o p s y a
n d i n a o p s y a
m u d z a o p s y a
m u m a o p s y a
m u n a o p s y a
a d z a o p s y a
a m a o p s y a
a n a o p s y a
k u b v o m a
t i d z a b v o m a
t i m a b v o m a
t i n a b v o m a
m u d z a b v o m a
m u m a b v o m a
m u n a b v o m a
a d z a b v o m a
a m a b v o m a
a n a b v o m a
n d i d z a b v o m a
n d i m a b v o m a
n d i n a b v o m a
m u d z a b v o m a
m u m a b v o m a
m u n a b v o m a
a d z a b v o m a
a m a b v o m a
a n a b v o m a
k u d a
t i d z a d a
t i m a d a
t i n a d a
m u d z a d a
m u m a d a
m u n a d a
a d z a d a
a m a d a
a n a d a
n d i d z a d a
n d i m a d a
n d i n a d a
m u d z a d a
m u m a d a
m u n a d a
a d z a d a
a m a d a
a n a d a
k u t s o g o l a
t i d z a t s o g o l a
t i m a t s o g o l a
t i n a t s o g o l a
m u d z a t s o g o l a
m u m a t s o g o l a
m u n a t s o g o l a
a d z a t s o g o l a
a m a t s o g o l a
a n a t s o g o l a
n d i d z a t s o g o l a
n d i m a t s o g o l a
n d i n a t s o g o l a
m u d z a t s o g o l a
m u m a t s o g o l a
m u n a t s o g o l a
a d z a t s o g o l a
a m a t s o g o l a
a n a t s o g o l a
k u c h e d w a
t i d z a c h e d w a
t i m a c h e d w a
t i n a c h e d w a
m u d z a c h e d w a
m u m a c h e d w a
m u n a c h e d w a
a d z a c h e d w a
a m a c h e d w a
a n a c h e d w a
n d i d z a c h e d w a
n d i m a c h e d w a
n d i n a c h e d w a
m u d z a c h e d w a
m u m a c h e d w a
m u n a c h e d w a
a d z a c h e d w a
a m a c h e d w a
a n a c h e d w a
k u p w e t e k a
t i d z a p w e t e k a
t i m a p w e t e k a
t i n a p w e t e k a
m u d z a p w e t e k a
m u m a p w e t e k a
m u n a p w e t e k a
a d z a p w e t e k a
a m a p w e t e k a
a n a p w e t e k a
n d i d z a p w e t e k a
n d i m a p w e t e k a
n d i n a p w e t e k a
m u d z a p w e t e k a
m u m a p w e t e k a
m u n a p w e t e k a
a d z a p w e t e k a
a m a p w e t e k a
a n a p w e t e k a
k u p h i k a
t i d z a p h i k a
t i m a p h i k a
t i n a p h i k a
m u d z a p h i k a
m u m a p h i k a
m u n a p h i k a
a d z a p h i k a
a m a p h i k a
a n a p h i k a
n d i d z a p h i k a
n d i m a p h i k a
n d i n a p h i k a
m u d z a p h i k a
m u m a p h i k a
m u n a p h i k a
a d z a p h i k a
a m a p h i k a
a n a p h i k a
k u f u u l a
t i d z a f u u l a
t i m a f u u l a
t i n a f u u l a
m u d z a f u u l a
m u m a f u u l a
m u n a f u u l a
a d z a f u u l a
a m a f u u l a
a n a f u u l a
n d i d z a f u u l a
n d i m a f u u l a
n d i n a f u u l a
m u d z a f u u l a
m u m a f u u l a
m u n a f u u l a
a d z a f u u l a
a m a f u u l a
a n a f u u l a
k u t h a
t i d z a t h a
t i m a t h a
t i n a t h a
m u d z a t h a
m u m a t h a
m u n a t h a
a d z a t h a
a m a t h a
a n a t h a
n d i d z a t h a
n d i m a t h a
n d i n a t h a
m u d z a t h a
m u m a t h a
m u n a t h a
a d z a t h a
a m a t h a
a n a t h a
k u b a
t i d z a b a
t i m a b a
t i n a b a
m u d z a b a
m u m a b a
m u n a b a
a d z a b a
a m a b a
a n a b a
n d i d z a b a
n d i m a b a
n d i n a b a
m u d z a b a
m u m a b a
m u n a b a
a d z a b a
a m a b a
a n a b a
k u b e r e k a
t i d z a b e r e k a
t i m a b e r e k a
t i n a b e r e k a
m u d z a b e r e k a
m u m a b e r e k a
m u n a b e r e k a
a d z a b e r e k a
a m a b e r e k a
a n a b e r e k a
n d i d z a b e r e k a
n d i m a b e r e k a
n d i n a b e r e k a
m u d z a b e r e k a
m u m a b e r e k a
m u n a b e r e k a
a d z a b e r e k a
a m a b e r e k a
a n a b e r e k a
k u s e f u k a
t i d z a s e f u k a
t i m a s e f u k a
t i n a s e f u k a
m u d z a s e f u k a
m u m a s e f u k a
m u n a s e f u k a
a d z a s e f u k a
a m a s e f u k a
a n a s e f u k a
n d i d z a s e f u k a
n d i m a s e f u k a
n d i n a s e f u k a
m u d z a s e f u k a
m u m a s e f u k a
m u n a s e f u k a
a d z a s e f u k a
a m a s e f u k a
a n a s e f u k a
k u y a m i k a
t i d z a y a m i k a
t i m a y a m i k a
t i n a y a m i k a
m u d z a y a m i k a
m u m a y a m i k a
m u n a y a m i k a
a d z a y a m i k a
a m a y a m i k a
a n a y a m i k a
n d i d z a y a m i k a
n d i m a y a m i k a
n d i n a y a m i k a
m u d z a y a m i k a
m u m a y a m i k a
m u n a y a m i k a
a d z a y a m i k a
a m a y a m i k a
a n a y a m i k a
k u y a n d k i r a
t i d z a y a n d k i r a
t i m a y a n d k i r a
t i n a y a n d k i r a
m u d z a y a n d k i r a
m u m a y a n d k i r a
m u n a y a n d k i r a
a d z a y a n d k i r a
a m a y a n d k i r a
a n a y a n d k i r a
n d i d z a y a n d k i r a
n d i m a y a n d k i r a
n d i n a y a n d k i r a
m u d z a y a n d k i r a
m u m a y a n d k i r a
m u n a y a n d k i r a
a d z a y a n d k i r a
a m a y a n d k i r a
a n a y a n d k i r a
k u t e m b e n u k a
t i d z a t e m b e n u k a
t i m a t e m b e n u k a
t i n a t e m b e n u k a
m u d z a t e m b e n u k a
m u m a t e m b e n u k a
m u n a t e m b e n u k a
a d z a t e m b e n u k a
a m a t e m b e n u k a
a n a t e m b e n u k a
n d i d z a t e m b e n u k a
n d i m a t e m b e n u k a
n d i n a t e m b e n u k a
m u d z a t e m b e n u k a
m u m a t e m b e n u k a
m u n a t e m b e n u k a
a d z a t e m b e n u k a
a m a t e m b e n u k a
a n a t e m b e n u k a
k u t h y o l a
t i d z a t h y o l a
t i m a t h y o l a
t i n a t h y o l a
m u d z a t h y o l a
m u m a t h y o l a
m u n a t h y o l a
a d z a t h y o l a
a m a t h y o l a
a n a t h y o l a
n d i d z a t h y o l a
n d i m a t h y o l a
n d i n a t h y o l a
m u d z a t h y o l a
m u m a t h y o l a
m u n a t h y o l a
a d z a t h y o l a
a m a t h y o l a
a n a t h y o l a
k u t s a l a
t i d z a t s a l a
t i m a t s a l a
t i n a t s a l a
m u d z a t s a l a
m u m a t s a l a
m u n a t s a l a
a d z a t s a l a
a m a t s a l a
a n a t s a l a
n d i d z a t s a l a
n d i m a t s a l a
n d i n a t s a l a
m u d z a t s a l a
m u m a t s a l a
m u n a t s a l a
a d z a t s a l a
a m a t s a l a
a n a t s a l a
k u b a y a
t i d z a b a y a
t i m a b a y a
t i n a b a y a
m u d z a b a y a
m u m a b a y a
m u n a b a y a
a d z a b a y a
a m a b a y a
a n a b a y a
n d i d z a b a y a
n d i m a b a y a
n d i n a b a y a
m u d z a b a y a
m u m a b a y a
m u n a b a y a
a d z a b a y a
a m a b a y a
a n a b a y a
k u m e n y a
t i d z a m e n y a
t i m a m e n y a
t i n a m e n y a
m u d z a m e n y a
m u m a m e n y a
m u n a m e n y a
a d z a m e n y a
a m a m e n y a
a n a m e n y a
n d i d z a m e n y a
n d i m a m e n y a
n d i n a m e n y a
m u d z a m e n y a
m u m a m e n y a
m u n a m e n y a
a d z a m e n y a
a m a m e n y a
a n a m e n y a
k u l o n j e z a
t i d z a l o n j e z a
t i m a l o n j e z a
t i n a l o n j e z a
m u d z a l o n j e z a
m u m a l o n j e z a
m u n a l o n j e z a
a d z a l o n j e z a
a m a l o n j e z a
a n a l o n j e z a
n d i d z a l o n j e z a
n d i m a l o n j e z a
n d i n a l o n j e z a
m u d z a l o n j e z a
m u m a l o n j e z a
m u n a l o n j e z a
a d z a l o n j e z a
a m a l o n j e z a
a n a l o n j e z a
k u s a z i k a
t i d z a s a z i k a
t i m a s a z i k a
t i n a s a z i k a
m u d z a s a z i k a
m u m a s a z i k a
m u n a s a z i k a
a d z a s a z i k a
a m a s a z i k a
a n a s a z i k a
n d i d z a s a z i k a
n d i m a s a z i k a
n d i n a s a z i k a
m u d z a s a z i k a
m u m a s a z i k a
m u n a s a z i k a
a d z a s a z i k a
a m a s a z i k a
a n a s a z i k a
k u g w i r a
t i d z a g w i r a
t i m a g w i r a
t i n a g w i r a
m u d z a g w i r a
m u m a g w i r a
m u n a g w i r a
a d z a g w i r a
a m a g w i r a
a n a g w i r a
n d i d z a g w i r a
n d i m a g w i r a
n d i n a g w i r a
m u d z a g w i r a
m u m a g w i r a
m u n a g w i r a
a d z a g w i r a
a m a g w i r a
a n a g w i r a
k u k w a n a
t i d z a k w a n a
t i m a k w a n a
t i n a k w a n a
m u d z a k w a n a
m u m a k w a n a
m u n a k w a n a
a d z a k w a n a
a m a k w a n a
a n a k w a n a
n d i d z a k w a n a
n d i m a k w a n a
n d i n a k w a n a
m u d z a k w a n a
m u m a k w a n a
m u n a k w a n a
a d z a k w a n a
a m a k w a n a
a n a k w a n a
k u p h u n z i r a
t i d z a p h u n z i r a
t i m a p h u n z i r a
t i n a p h u n z i r a
m u d z a p h u n z i r a
m u m a p h u n z i r a
m u n a p h u n z i r a
a d z a p h u n z i r a
a m a p h u n z i r a
a n a p h u n z i r a
n d i d z a p h u n z i r a
n d i m a p h u n z i r a
n d i n a p h u n z i r a
m u d z a p h u n z i r a
m u m a p h u n z i r a
m u n a p h u n z i r a
a d z a p h u n z i r a
a m a p h u n z i r a
a n a p h u n z i r a
k u b v i n a
t i d z a b v i n a
t i m a b v i n a
t i n a b v i n a
m u d z a b v i n a
m u m a b v i n a
m u n a b v i n a
a d z a b v i n a
a m a b v i n a
a n a b v i n a
n d i d z a b v i n a
n d i m a b v i n a
n d i n a b v i n a
m u d z a b v i n a
m u m a b v i n a
m u n a b v i n a
a d z a b v i n a
a m a b v i n a
a n a b v i n a
k u t u l u k a
t i d z a t u l u k a
t i m a t u l u k a
t i n a t u l u k a
m u d z a t u l u k a
m u m a t u l u k a
m u n a t u l u k a
a d z a t u l u k a
a m a t u l u k a
a n a t u l u k a
n d i d z a t u l u k a
n d i m a t u l u k a
n d i n a t u l u k a
m u d z a t u l u k a
m u m a t u l u k a
m u n a t u l u k a
a d z a t u l u k a
a m a t u l u k a
a n a t u l u k a
k u l a n k h u l a
t i d z a l a n k h u l a
t i m a l a n k h u l a
t i n a l a n k h u l a
m u d z a l a n k h u l a
m u m a l a n k h u l a
m u n a l a n k h u l a
a d z a l a n k h u l a
a m a l a n k h u l a
a n a l a n k h u l a
n d i d z a l a n k h u l a
n d i m a l a n k h u l a
n d i n a l a n k h u l a
m u d z a l a n k h u l a
m u m a l a n k h u l a
m u n a l a n k h u l a
a d z a l a n k h u l a
a m a l a n k h u l a
a n a l a n k h u l a
k u t e n t h a
t i d z a t e n t h a
t i m a t e n t h a
t i n a t e n t h a
m u d z a t e n t h a
m u m a t e n t h a
m u n a t e n t h a
a d z a t e n t h a
a m a t e n t h a
a n a t e n t h a
n d i d z a t e n t h a
n d i m a t e n t h a
n d i n a t e n t h a
m u d z a t e n t h a
m u m a t e n t h a
m u n a t e n t h a
a d z a t e n t h a
a m a t e n t h a
a n a t e n t h a
k u b w e z a
t i d z a b w e z a
t i m a b w e z a
t i n a b w e z a
m u d z a b w e z a
m u m a b w e z a
m u n a b w e z a
a d z a b w e z a
a m a b w e z a
a n a b w e z a
n d i d z a b w e z a
n d i m a b w e z a
n d i n a b w e z a
m u d z a b w e z a
m u m a b w e z a
m u n a b w e z a
a d z a b w e z a
a m a b w e z a
a n a b w e z a
k u m v a
t i d z a m v a
t i m a m v a
t i n a m v a
m u d z a m v a
m u m a m v a
m u n a m v a
a d z a m v a
a m a m v a
a n a m v a
n d i d z a m v a
n d i m a m v a
n d i n a m v a
m u d z a m v a
m u m a m v a
m u n a m v a
a d z a m v a
a m a m v a
a n a m v a
k u t a l i k a
t i d z a t a l i k a
t i m a t a l i k a
t i n a t a l i k a
m u d z a t a l i k a
m u m a t a l i k a
m u n a t a l i k a
a d z a t a l i k a
a m a t a l i k a
a n a t a l i k a
n d i d z a t a l i k a
n d i m a t a l i k a
n d i n a t a l i k a
m u d z a t a l i k a
m u m a t a l i k a
m u n a t a l i k a
a d z a t a l i k a
a m a t a l i k a
a n a t a l i k a
k u n y e n g a
t i d z a n y e n g a
t i m a n y e n g a
t i n a n y e n g a
m u d z a n y e n g a
m u m a n y e n g a
m u n a n y e n g a
a d z a n y e n g a
a m a n y e n g a
a n a n y e n g a
n d i d z a n y e n g a
n d i m a n y e n g a
n d i n a n y e n g a
m u d z a n y e n g a
m u m a n y e n g a
m u n a n y e n g a
a d z a n y e n g a
a m a n y e n g a
a n a n y e n g a
k u b i r i w i r a
t i d z a b i r i w i r a
t i m a b i r i w i r a
t i n a b i r i w i r a
m u d z a b i r i w i r a
m u m a b i r i w i r a
m u n a b i r i w i r a
a d z a b i r i w i r a
a m a b i r i w i r a
a n a b i r i w i r a
n d i d z a b i r i w i r a
n d i m a b i r i w i r a
n d i n a b i r i w i r a
m u d z a b i r i w i r a
m u m a b i r i w i r a
m u n a b i r i w i r a
a d z a b i r i w i r a
a m a b i r i w i r a
a n a b i r i w i r a
k u s o w a
t i d z a s o w a
t i m a s o w a
t i n a s o w a
m u d z a s o w a
m u m a s o w a
m u n a s o w a
a d z a s o w a
a m a s o w a
a n a s o w a
n d i d z a s o w a
n d i m a s o w a
n d i n a s o w a
m u d z a s o w a
m u m a s o w a
m u n a s o w a
a d z a s o w a
a m a s o w a
a n a s o w a
k u l i m a
t i d z a l i m a
t i m a l i m a
t i n a l i m a
m u d z a l i m a
m u m a l i m a
m u n a l i m a
a d z a l i m a
a m a l i m a
a n a l i m a
n d i d z a l i m a
n d i m a l i m a
n d i n a l i m a
m u d z a l i m a
m u m a l i m a
m u n a l i m a
a d z a l i m a
a m a l i m a
a n a l i m a
k u w a l a
t i d z a w a l a
t i m a w a l a
t i n a w a l a
m u d z a w a l a
m u m a w a l a
m u n a w a l a
a d z a w a l a
a m a w a l a
a n a w a l a
n d i d z a w a l a
n d i m a w a l a
n d i n a w a l a
m u d z a w a l a
m u m a w a l a
m u n a w a l a
a d z a w a l a
a m a w a l a
a n a w a l a
k u i m b a
t i d z a i m b a
t i m a i m b a
t i n a i m b a
m u d z a i m b a
m u m a i m b a
m u n a i m b a
a d z a i m b a
a m a i m b a
a n a i m b a
n d i d z a i m b a
n d i m a i m b a
n d i n a i m b a
m u d z a i m b a
m u m a i m b a
m u n a i m b a
a d z a i m b a
a m a i m b a
a n a i m b a
k u p i t a
t i d z a p i t a
t i m a p i t a
t i n a p i t a
m u d z a p i t a
m u m a p i t a
m u n a p i t a
a d z a p i t a
a m a p i t a
a n a p i t a
n d i d z a p i t a
n d i m a p i t a
n d i n a p i t a
m u d z a p i t a
m u m a p i t a
m u n a p i t a
a d z a p i t a
a m a p i t a
a n a p i t a
k u s a m b a
t i d z a s a m b a
t i m a s a m b a
t i n a s a m b a
m u d z a s a m b a
m u m a s a m b a
m u n a s a m b a
a d z a s a m b a
a m a s a m b a
a n a s a m b a
n d i d z a s a m b a
n d i m a s a m b a
n d i n a s a m b a
m u d z a s a m b a
m u m a s a m b a
m u n a s a m b a
a d z a s a m b a
a m a s a m b a
a n a s a m b a
k u g w a
t i d z a g w a
t i m a g w a
t i n a g w a
m u d z a g w a
m u m a g w a
m u n a g w a
a d z a g w a
a m a g w a
a n a g w a
n d i d z a g w a
n d i m a g w a
n d i n a g w a
m u d z a g w a
m u m a g w a
m u n a g w a
a d z a g w a
a m a g w a
a n a g w a
k u b v a l a
t i d z a b v a l a
t i m a b v a l a
t i n a b v a l a
m u d z a b v a l a
m u m a b v a l a
m u n a b v a l a
a d z a b v a l a
a m a b v a l a
a n a b v a l a
n d i d z a b v a l a
n d i m a b v a l a
n d i n a b v a l a
m u d z a b v a l a
m u m a b v a l a
m u n a b v a l a
a d z a b v a l a
a m a b v a l a
a n a b v a l a
k u k h u m u d w a
t i d z a k h u m u d w a
t i m a k h u m u d w a
t i n a k h u m u d w a
m u d z a k h u m u d w a
m u m a k h u m u d w a
m u n a k h u m u d w a
a d z a k h u m u d w a
a m a k h u m u d w a
a n a k h u m u d w a
n d i d z a k h u m u d w a
n d i m a k h u m u d w a
n d i n a k h u m u d w a
m u d z a k h u m u d w a
m u m a k h u m u d w a
m u n a k h u m u d w a
a d z a k h u m u d w a
a m a k h u m u d w a
a n a k h u m u d w a
k u n e n a
t i d z a n e n a
t i m a n e n a
t i n a n e n a
m u d z a n e n a
m u m a n e n a
m u n a n e n a
a d z a n e n a
a m a n e n a
a n a n e n a
n d i d z a n e n a
n d i m a n e n a
n d i n a n e n a
m u d z a n e n a
m u m a n e n a
m u n a n e n a
a d z a n e n a
a m a n e n a
a n a n e n a
k u l o w a
t i d z a l o w a
t i m a l o w a
t i n a l o w a
m u d z a l o w a
m u m a l o w a
m u n a l o w a
a d z a l o w a
a m a l o w a
a n a l o w a
n d i d z a l o w a
n d i m a l o w a
n d i n a l o w a
m u d z a l o w a
m u m a l o w a
m u n a l o w a
a d z a l o w a
a m a l o w a
a n a l o w a
k u m e r a
t i d z a m e r a
t i m a m e r a
t i n a m e r a
m u d z a m e r a
m u m a m e r a
m u n a m e r a
a d z a m e r a
a m a m e r a
a n a m e r a
n d i d z a m e r a
n d i m a m e r a
n d i n a m e r a
m u d z a m e r a
m u m a m e r a
m u n a m e r a
a d z a m e r a
a m a m e r a
a n a m e r a
k u c h o k a
t i d z a c h o k a
t i m a c h o k a
t i n a c h o k a
m u d z a c h o k a
m u m a c h o k a
m u n a c h o k a
a d z a c h o k a
a m a c h o k a
a n a c h o k a
n d i d z a c h o k a
n d i m a c h o k a
n d i n a c h o k a
m u d z a c h o k a
m u m a c h o k a
m u n a c h o k a
a d z a c h o k a
a m a c h o k a
a n a c h o k a
k u k o n d w a
t i d z a k o n d w a
t i m a k o n d w a
t i n a k o n d w a
m u d z a k o n d w a
m u m a k o n d w a
m u n a k o n d w a
a d z a k o n d w a
a m a k o n d w a
a n a k o n d w a
n d i d z a k o n d w a
n d i m a k o n d w a
n d i n a k o n d w a
m u d z a k o n d w a
m u m a k o n d w a
m u n a k o n d w a
a d z a k o n d w a
a m a k o n d w a
a n a k o n d w a
k u k a n a
t i d z a k a n a
t i m a k a n a
t i n a k a n a
m u d z a k a n a
m u m a k a n a
m u n a k a n a
a d z a k a n a
a m a k a n a
a n a k a n a
n d i d z a k a n a
n d i m a k a n a
n d i n a k a n a
m u d z a k a n a
m u m a k a n a
m u n a k a n a
a d z a k a n a
a m a k a n a
a n a k a n a
k u t o l a
t i d z a t o l a
t i m a t o l a
t i n a t o l a
m u d z a t o l a
m u m a t o l a
m u n a t o l a
a d z a t o l a
a m a t o l a
a n a t o l a
n d i d z a t o l a
n d i m a t o l a
n d i n a t o l a
m u d z a t o l a
m u m a t o l a
m u n a t o l a
a d z a t o l a
a m a t o l a
a n a t o l a
k u d z i w a
t i d z a d z i w a
t i m a d z i w a
t i n a d z i w a
m u d z a d z i w a
m u m a d z i w a
m u n a d z i w a
a d z a d z i w a
a m a d z i w a
a n a d z i w a
n d i d z a d z i w a
n d i m a d z i w a
n d i n a d z i w a
m u d z a d z i w a
m u m a d z i w a
m u n a d z i w a
a d z a d z i w a
a m a d z i w a
a n a d z i w a
k u c h e p a
t i d z a c h e p a
t i m a c h e p a
t i n a c h e p a
m u d z a c h e p a
m u m a c h e p a
m u n a c h e p a
a d z a c h e p a
a m a c h e p a
a n a c h e p a
n d i d z a c h e p a
n d i m a c h e p a
n d i n a c h e p a
m u d z a c h e p a
m u m a c h e p a
m u n a c h e p a
a d z a c h e p a
a m a c h e p a
a n a c h e p a
k u s a n g a l a l a
t i d z a s a n g a l a l a
t i m a s a n g a l a l a
t i n a s a n g a l a l a
m u d z a s a n g a l a l a
m u m a s a n g a l a l a
m u n a s a n g a l a l a
a d z a s a n g a l a l a
a m a s a n g a l a l a
a n a s a n g a l a l a
n d i d z a s a n g a l a l a
n d i m a s a n g a l a l a
n d i n a s a n g a l a l a
m u d z a s a n g a l a l a
m u m a s a n g a l a l a
m u n a s a n g a l a l a
a d z a s a n g a l a l a
a m a s a n g a l a l a
a n a s a n g a l a l a
k u k w a t a
t i d z a k w a t a
t i m a k w a t a
t i n a k w a t a
m u d z a k w a t a
m u m a k w a t a
m u n a k w a t a
a d z a k w a t a
a m a k w a t a
a n a k w a t a
n d i d z a k w a t a
n d i m a k w a t a
n d i n a k w a t a
m u d z a k w a t a
m u m a k w a t a
m u n a k w a t a
a d z a k w a t a
a m a k w a t a
a n a k w a t a
k u l i m b a
t i d z a l i m b a
t i m a l i m b a
t i n a l i m b a
m u d z a l i m b a
m u m a l i m b a
m u n a l i m b a
a d z a l i m b a
a m a l i m b a
a n a l i m b a
n d i d z a l i m b a
n d i m a l i m b a
n d i n a l i m b a
m u d z a l i m b a
m u m a l i m b a
m u n a l i m b a
a d z a l i m b a
a m a l i m b a
a n a l i m b a
k u y a n k h a
t i d z a y a n k h a
t i m a y a n k h a
t i n a y a n k h a
m u d z a y a n k h a
m u m a y a n k h a
m u n a y a n k h a
a d z a y a n k h a
a m a y a n k h a
a n a y a n k h a
n d i d z a y a n k h a
n d i m a y a n k h a
n d i n a y a n k h a
m u d z a y a n k h a
m u m a y a n k h a
m u n a y a n k h a
a d z a y a n k h a
a m a y a n k h a
a n a y a n k h a
k u n y o z a
t i d z a n y o z a
t i m a n y o z a
t i n a n y o z a
m u d z a n y o z a
m u m a n y o z a
m u n a n y o z a
a d z a n y o z a
a m a n y o z a
a n a n y o z a
n d i d z a n y o z a
n d i m a n y o z a
n d i n a n y o z a
m u d z a n y o z a
m u m a n y o z a
m u n a n y o z a
a d z a n y o z a
a m a n y o z a
a n a n y o z a
k u y e r a
t i d z a y e r a
t i m a y e r a
t i n a y e r a
m u d z a y e r a
m u m a y e r a
m u n a y e r a
a d z a y e r a
a m a y e r a
a n a y e r a
n d i d z a y e r a
n d i m a y e r a
n d i n a y e r a
m u d z a y e r a
m u m a y e r a
m u n a y e r a
a d z a y e r a
a m a y e r a
a n a y e r a
k u i p a
t i d z a i p a
t i m a i p a
t i n a i p a
m u d z a i p a
m u m a i p a
m u n a i p a
a d z a i p a
a m a i p a
a n a i p a
n d i d z a i p a
n d i m a i p a
n d i n a i p a
m u d z a i p a
m u m a i p a
m u n a i p a
a d z a i p a
a m a i p a
a n a i p a
k u s o n k h a
t i d z a s o n k h a
t i m a s o n k h a
t i n a s o n k h a
m u d z a s o n k h a
m u m a s o n k h a
m u n a s o n k h a
a d z a s o n k h a
a m a s o n k h a
a n a s o n k h a
n d i d z a s o n k h a
n d i m a s o n k h a
n d i n a s o n k h a
m u d z a s o n k h a
m u m a s o n k h a
m u n a s o n k h a
a d z a s o n k h a
a m a s o n k h a
a n a s o n k h a
k u s u n g a
t i d z a s u n g a
t i m a s u n g a
t i n a s u n g a
m u d z a s u n g a
m u m a s u n g a
m u n a s u n g a
a d z a s u n g a
a m a s u n g a
a n a s u n g a
n d i d z a s u n g a
n d i m a s u n g a
n d i n a s u n g a
m u d z a s u n g a
m u m a s u n g a
m u n a s u n g a
a d z a s u n g a
a m a s u n g a
a n a s u n g a
k u s e w e r a
t i d z a s e w e r a
t i m a s e w e r a
t i n a s e w e r a
m u d z a s e w e r a
m u m a s e w e r a
m u n a s e w e r a
a d z a s e w e r a
a m a s e w e r a
a n a s e w e r a
n d i d z a s e w e r a
n d i m a s e w e r a
n d i n a s e w e r a
m u d z a s e w e r a
m u m a s e w e r a
m u n a s e w e r a
a d z a s e w e r a
a m a s e w e r a
a n a s e w e r a
k u c h e n j e r a
t i d z a c h e n j e r a
t i m a c h e n j e r a
t i n a c h e n j e r a
m u d z a c h e n j e r a
m u m a c h e n j e r a
m u n a c h e n j e r a
a d z a c h e n j e r a
a m a c h e n j e r a
a n a c h e n j e r a
n d i d z a c h e n j e r a
n d i m a c h e n j e r a
n d i n a c h e n j e r a
m u d z a c h e n j e r a
m u m a c h e n j e r a
m u n a c h e n j e r a
a d z a c h e n j e r a
a m a c h e n j e r a
a n a c h e n j e r a
k u d i k i r a
t i d z a d i k i r a
t i m a d i k i r a
t i n a d i k i r a
m u d z a d i k i r a
m u m a d i k i r a
m u n a d i k i r a
a d z a d i k i r a
a m a d i k i r a
a n a d i k i r a
n d i d z a d i k i r a
n d i m a d i k i r a
n d i n a d i k i r a
m u d z a d i k i r a
m u m a d i k i r a
m u n a d i k i r a
a d z a d i k i r a
a m a d i k i r a
a n a d i k i r a
k u f u n a
t i d z a f u n a
t i m a f u n a
t i n a f u n a
m u d z a f u n a
m u m a f u n a
m u n a f u n a
a d z a f u n a
a m a f u n a
a n a f u n a
n d i d z a f u n a
n d i m a f u n a
n d i n a f u n a
m u d z a f u n a
m u m a f u n a
m u n a f u n a
a d z a f u n a
a m a f u n a
a n a f u n a
k u g u n d a
t i d z a g u n d a
t i m a g u n d a
t i n a g u n d a
m u d z a g u n d a
m u m a g u n d a
m u n a g u n d a
a d z a g u n d a
a m a g u n d a
a n a g u n d a
n d i d z a g u n d a
n d i m a g u n d a
n d i n a g u n d a
m u d z a g u n d a
m u m a g u n d a
m u n a g u n d a
a d z a g u n d a
a m a g u n d a
a n a g u n d a
k u p u
z a s n
a d z m u t h s o c e d i d a
z a k m i d z k u n t h
s i y
k u i w n g ' m u f e
t i m l i d z g a z i a a d z b
i d z c u n d h a m i r i k u k a
a t h w k w d i n w
p a l u d z s z a w r
u y a g n d i i
y a m k
k u p l u t a m u m g
n a d i u l a a t n j e a
u m b e m p a n a m k u w l
a f a n g l z a o b s a n
k u l m k u b a
u k w t k e a b e e
a g w k u f k k u s w u t e g
y a n ' w e t a n y m e n u a
a n g l
a s e d i m
i m a y u s e n y a k u s d u l
n d a l i r u g n a n o a s a b
u y m a f k u n t h
b a t z
k u f k
t i n w p i t n a n a w
a n a w d z i a a d z l o w
z a n n a f m a d l
h y i n a m a b w
a y e e m u m f d i n m
n a r a n j a n i
l i m a z a d u p w t z a k n
m a t o k u b u
u r e u
l i t i n b u p e p m a p l
a n d z r u n a t n e n u
r i w u w e u o m i m a k u p l
u b a i u t s r i m a o
e r e e k a n z
z a d i a s a a m a z
y a k u s m
m a c u u d z w p i
u s e e k u k n z a f w u n e a
a i m
g w i a n a c i d z k a m a l
n u h e p g a l l n j e a
h i n a b a n
z a b t
u g w
u z i m a o o k u d
k u s a y a i t i n y
o l o a r i s a k n h i r
a m i a i t o i w a a n k h l
a c h l j a z a b u k a l m
i n a t h a z
a l i
a c h m a n '
o g o u m a a n d u u l a
u g u d u f u a u w a u n z r
u d z n m w p h i a a f i a h u m d
i n a k
s e f
a s a
i d z c k o n
z a l w i d z o b v o a
e m p a
h u n i e m u c
m a k n a l e
z a k m n a o s z a t e
a d z r a p o ' a u z i
u l u b i r w
m a s c z a b r a s u a a p a a
o g
m a c e a i t n g w i k w a s a z
u f e e f
n a p u m a d a
r i r e n g i n d k a m b n
e m p a n d u
k u s t u k u d l u k l i u b a i
a r t i n b n a m a i
z a z n m a m s
u n a e k u n a
u w e e m a m s u s a k
u k o d u t s t l i m a
a y a z a p n m a l a s o k m a k m
u g o a b i r w a d z g a n e a
s u n s a k n t i n t e n
m a m r k e z a s o a
s y a i m a w
n a z n
m a t y ' a n a s f m a i
h a z p a m a
u r a y e a m b a a
n t c
z a u n a e
a d z p i n a w u t e b i u b i
n d i a
a m u a ' a m a u l e
b v o e t e a
t i m p
u t c a n a s z n a g n
u s e a r e k u w a
n d i i t i n t
u s a i t c h t
p a r i w
i n y y o c h e
a d u a n a n n
a w a a a m a m a n a g
u n g m z a z a y e z a p i
l a n h
a d z n k h u m a t n n a t e
a d z r
a l i k u d l k u p s k u l
z a i w u d z b i n a g t i m z
m u m s n a f k
n a n a
a d a z a p e m e n a b u f u
d a l r
k u k i p o t s i
a t s g h y o a m a p r m u m z
r e r k h e k w
a n a a a l u g m a c a
u f i a k u y m
v o m a c h l
k u p e m u m y a m a s u n e
n e n a c i t u l u u u s o k
z a s z k u n m
a s z a l n z a k z a z n s y a
u t h z a i n a m
a o p y i d z t u k h t a t h r
g u n u d z i b a n m a p r a c h k
z a p r
u t s g m a n '
d z a k n a r
s w u n z n d w i d z s a l
n a i b a n
t i n i a k w n i m a w e k e
b a y t i m z n a f w
m a s r u o m a i n a u y a
m a y n m a y r
i t t i m m a b u l e a o m a
u d u a l u g
p e m m a o o
n e n
t i n c
n a p n v i t u
a f a
k u n e
z a g n a l w b u h i n a t i n l
l u k m a k n
u f i d z a t
u m a w r e k z
a w a a m b e f u k u p a
z a f l k u p n
u b
k u k n a d z o
e m b m a k n n k h z a s r
t i m n e d w
k u b o
u b v l u z a z a y n
k u y u d z l c h a t s e a m a s c
a d z o u i p z a k m
n a k l i k i a
h e d a u k h l
m i k a m a u n g ' n k h u u
d z a k p h i m a d l
p a m a u s o a
k u m l u p r n a y l z a t a
e r u a k o d m b e u u m a
n a n e z i k k a u m a y t i m t
u o p
k u n e
y a n k
u g w r
b i r w
z a p i
n y e g z i n a i m k u n a d z i
k u n n u d z b a n a d z a u
a s o k
e r e u p a b m a t l
u n z r a t n a m n k u s y
n d k z a z n h y o a n a t e
m a m a u d u a l e b u b w z
n z a u n a m h e m a r r
w e r z
k h u a
k u i w
k a a y a k k u k u z u
m a p t t c k u y r
m b a k u s u
h u m d c h o a
u i m a t i m l u m a a u t e
a m u a f u u a n d i
a k a s a n a i p t i n s
i n a h
e n a s y o s s w a m a y
d i n c n a n '
n a i m a z a t h m d i m c u m i a
a y a j l o n
k u f w
u g u a c h n z a s c d i m r
n a y n a n a y e n t
k u p t m a r
u t c w e t k m u m r
k u p z a p e p k u k m h a l
k h a b i r d z a m u s i i u g
k u t n m a y
u d w l z a p s p h u
u t d i n l
a n d i t i m k a c
i z a u d w
u s o h a i t n i z a u d a i
t a n e k e m a c o
a n a e a s a i
m u m i
m a b o
m a k n t c h
z a s w m a c u c h i u d z d
z a p e i n a y k u n c t i n s
a p i d a y a k
a b w z d a l i t a
a d z t b u k a f e u n y
u p s m a t a
u d u m i u d i
k u k n a p a a u d a a
k u o b a c h l t i n l m a n o
t a n u d z t k u p i i t a i
z a s r u z u z m a t i t o u z u
y a m l h o m u n f m u n w
n y o k o n n y a u n a b
z a k e z p h a
h u m d z a f
h a m n c h o
l a n m a f l r e e m
a t u u c h u u u w e e
s u
a m a l t i m y i n a v
m a s l g a
a b a a t h o m a s y l i m a
k u y n t h y l u k u b u
l a l
a s i i a l e a o g n a y m
u k u z a p s u t l a z a m r
h y o u k h t m a g a
d k i a n a g y a l
w e r d z a l z a w s e k
h i r z a s u r u z
l o n u d i i
k h u z a d z d k e z u p s a
m a b o
i z m a n c
n a k n d i u m a o
u d z t
z a w l
a d w l e n e a d z a v
k u c z a c o z a t y
a m i a
m a s f
u d w l m a t e n g
n a d i
m u m k u l u d z f u s a g a d i i
i y a
k u i a i r a
c h e w w a n n a b y u n a v
r e r m a s f k u p r
n a l i n a p m
a n g l m w z a i a
a c h l a o l
a n a g d k i
t s e k o a k o m u m k m u m d
u m b k t i m y w a l
l o n n k t i d a
u k m a c l i r u s a g
u z u z z a k a l u n y o z
h a l t s e
a l e a d i m l e k e a m a u n a e
m a y
d i m f e f u a
k a m a v u t
a t a k u w r o n d a
n a c a d i u i p
o n a l a k k u b r i d z k m a l n
t h y l i m a y u m a o z a f l
a t u u n a
i w a a z a s r m a t y
m a p r a f i
m i k m e r u k h d k u b u
a f a ' a m a w e a s w
m a g a s e y a n k a n z n a s f
u o m a
z a t a i d z z a f e
t e k z a g a
h a z k e t e a p s a
p e r z a k i a i p i k a
t a l k u d k z a k m m u m p
i k t s a m u f e u d z c
k u t m k u t y d i d i m a e
t s e
m a p r u n y
m a b e
s o g l n d a i m a h u b a i
g u n a e f u a
n a k n a b b w e a f u u a f u a
t c h t a i k k w a m a p s o k
t c h t z i d i m t a f e a
z a y m e n e a
t u l
o p s a
z a n c u d z z a n m
e w u n g a u p o
a k w t
z a p m a d z i
k u s r n y t s e a
z a l m p e r t i n n
c h e j
r i w l u p r
k u o o u y a i k u r r m a o b
o n j z u o p y z a m l
u s u g u m e a s u y a n h
m u m f z a p n l a i
n a n o a p w n a y d a l r
m v m u n r s a n a m a d
d i n p r e
u k u a f u u a
d z a l z a y r
u y a g k u s f z a s f
a m i c h e a
k u p r a d t s i i
a z i a m a r k u l n u s e e
a b i k u t l u d a b v
h o u m a t
m a n e n t a s u a a l o
u d z o d i
u o l k a k w y
m a p e
m a o b
d i m c
u f e a a n a p k u f k
z a p l
m a b u i z
z a s m
z a k m k w a a
a z i a
m u d a t h a a k o d
u m i u b e u s i b i e m b n
z a s z
m u n f ' a m a
a n i n a y t i d a k a
u k w t
m w m w u p s i n a s
u p e a a d a a u n a m
t h a a s e e
t a l k t a n
m u n d a c m a r k u b e u l u
n a s n a d z i
u z u z
u g w m u m m
a p a
t i n o i n a g
z a g
h u i z
u z i d n g ' t i n z u n a l
e n j n a p m b w e a a n a a
z a n u p s
m b u a o m m a k i
d i n s a c h
u d a i m a w r n a o
l o n e n g a u d a h a m n
u t e g
d z a t i n s t s u d a i m a k
a b w d z a v o g o a h a z
a d z f e r p h u l i a c h e
a s e a
a m a o n k a k u c i
u s a a d i n f u p w m b e u p a
u m i f i k d i
a p a a u d z n p a l m a z d z a
m u n f a n t h
u l a u b v n t h i n a v
s e k i d z n
d i n y a d i u t h m m a f u
a b w i r i a u t o a u d u a
k u m a
p i t u i m u b w z
z a b u a f t i m m
a l i r a u m i e r e g a t h n
z a w l
n a b a t h n m a n o h e d a
z a p a n y n f u l a y a
i k h y o j e r g a l l
u b a i
a s a b u o l a m i
u s a b
u l u g m a s a e n e
h a m n
z a o b
n a p r w a n
d z a g i n a h
e m b n e m b n
z a t i r u k u y a b k u p e
m u m s b a u o m a
h e r d u l n a p u
k u p m a y a k
k u b a
l e m a k u m u
a z i d t s i i h i n a u m a
m a s n u k z a p e a c h d
n a b a d z m
e r e u d i i k u c u
z a r r z a g i
d k n a i
o m a
i d z o k u p e
a k o p h k i b v a
u c h k n a b u k w a a
k u p a i t
a u k g o l
a i m a n a o i m a y
a s w k o n n y a
n a s y u f u l p a m u s e e
b v i i n a o
g w i t e n z a c a n y a
s a u a a k w t c h e w
m a t e u m e a u m a a n a p l
u p o d m a g a k u t n
a m b n
a s i i n j e a m u n t a m b n
d z a
z a p y
z a f w
a z
u b v t k u g a s u a d z b
o l a a n e a z a k a u t s r
u p h k
t i n m a d z g
a u k m a z n k u b o
a s e a
m u n m u l i a m v m a s a
z a c i d z a v h i n
a b e n a t y u y a d
p i t n z a c m a k i
a p i a u s u g
y e t i n i a s w m a s y
a l e a t u l k z a k l
u n a k u t a t h n a n y a d z p
r e k z
a m a t z a p z
o w b w e a v o m a t s l
a b v n
d i n b o g o a
p o n a w e u a k u a
l o m a f u t i n p
z a i b i y a y a j u k a k u g n
l a l m a s u i d z n
k u t h e n
s i n a s k h a a
k u g i t o
t s t i n p u k h t a m a p
a s e e z a b y
a m a s
d a h u n a o s
u m a p u c u f u
p h u a m
i y a k
g w i a u y a k i m a m a t i
m a m r k u n c
a p h n i r i i m a l i u k a b
k u c i t i n k n a y z a b i
u s a a u f u a t i m z p h
n z u l o j f e z a f w u p e p
e n e v u t
z a m n
m a o z a f k
i k k u g i a d z k k o
k u l w u s a a
v i n b e n k k u i b
n a i w
m a k n a k l m a t h
t o l h i n d i z d w a a a d z y
i n y n a t m
d i m t e k a
m a p s z a d
t e n a s c
o p s a m u n b u d z s u p s
n a i b v o m
u o l g ' a u n a m
u l e u s a i
o l
e r u s a n a m a c
n d a m a g a
m a n c a t i m a m
k u p t u n a k a s o a
u b e e k u r ' a m a u d z s
e z a u z a a b i i j e z
u z k u t y p o s a s a t s
n d a m e m a n e u c
i m a l
p h i u w e h y k w i u g u d
m a f k d z a k k u m
u p e p h y o a h u d a
n a b u m u m i a w e u a m a p
a t h o b v o a m w d w d i m l
a k h t
g ' k u c u l u k u n a u
z a k n a n a k
u d a a n a l n h o
m a b i n a l n z a g e n g z a s m
i d z p
t c d i z v o z a p s
k u c i a i t
i n a w e r
t h i a o g o n k h
b e r k n a f k e n e k u p n
a n a y u n d m a s l a n m p
z a y l
z a k m t i
k w i m b e
m a s k a n g l
a k a i p i n a
t c n a k a
e n e a u w e u n a s z a t l
t h a f i a m a p s e z k u i a
i m a s d i m z
u n y z y a l
a d z l
m u n a i k
m a y
d a m u n f u p o a d z d h a m
m a l w b v i z a b a k u n n
z a n h a z k
u n a y f i k a t u u
a s a i
z a r r n a t i d z a e
u p o m u m w r e r
n d i a d i n g
a z i a u f u l
m b a a
n z u n e u t h w y a n a d z a l
d i n d
a i m a u z i l i p w e e
k u k i m u n k e z a k u i b
a b v z a n a m a z n m u n b
r e k u t h m u m a u
e n e a f a a s e
t u l k i t a u d a a
z a s r n u d i m o a m a z u d u
u s a a m a h
d w n t a i t n u c h d l i m a
k u i b k u f k z u n l o n f u n
g a l z a b
s u l k u y m a s w
k u b z a i
u i t i m a g
z a n h a w
k h h o k k u s k a n y m
r e k u y e m b u a d z i
a k a c h e a i w g o u w
a s a a k u k a
k u s z
z i n
i m b k w i a m a t n
k u p t u n g a
n a l n p o w e t
n a b u n y a u s u n a k a l
i r i a z i u p w t a c h t
n d k r i p
o n e p a a d z z e w a t o
a n g l
k u s z n a b i j e z u n a c
y a n h a t e t
z a f n u d z d o g a f e a
a r u d z r a t h m u k w
a f i u d a
z a k l
r u z
d z i a a n y m
h a m a c h t
z a p t n a p n
v a l s i r r z a c u
z a g i
b v a a m a c a y e
y e n a w l y a m l g a l
m a d l k w k h a a
m v a p e p i n a g
u p i u d u a a n a u d i n l
i n d l
e w a s o g l
t i n k u c
z a n n u m a t i m f a p o d
h i r k u r r z a s a
n z i u b e p i n a k u s z e m b n
a n a v p a n t i n c
u m a e k u b r i t a k u g i
d i m o
m a g n u g u u k w e m p
y e n u y a k
n a y k u y u n a p u p o a
k u w r u s i i m a
s e w z a b h a m n m a l w
k u f k
m a c e
a c h
t s i i a b e z a s u
a m a i z a p s
m a b e z a b t
u k n d a a l o n a z n
a t h r u f a
t i n b u l u l a k
u l e b i n a u d i m o
h u l p
p s y m p h i r i i a m a s
s o c u d z c n a g n m a t i
d i n n z a p u
u k h d
u d u a z a n n u p o d z a z
k a n z n a f n
a m a
m u m i i r i
z a c a k u s a
u k h d i m a u n j a
n a i b
a z u a y a g e m b n
z i r u y e a
b v o a
a n i u t e t u n a h
k u r a t a k u p l
k u s k
t a n a m a u
i m a o e r u
k u k u m e
a k
a p o a z a t a
e n a y e d u n y z
z a t a a s a a a d z f
d i n k
h y a l o
m a f n t i n m u d z l i t a i
k u t m m a p u k o n a a l i b
p h i a i n a u k u b
k u b y m u n f
a n y k u w
a t i s e f d i n k u k u b
y e n a k u l n u b v n
a y a d p h u z
i m k u k m
m a t l t i m z z i n z a c a
m u n t
h a z a p e p t c f e w
a c l a i u k k u t y
p o i n u k o
y a m a a b v t h u m d
e p a
a m a g l o k a k o d
w i r k u i a
a m a i h u m k u p m k u p e
u n a a e d w u k h
d i n l s e k u t s l
d i n r y e u t e a n e u d z o
u d i k u k i a n k a g w a
n a c i
h u l k a s a k u z i
d i n p i n u
a k o d z a i w
u d z g b v u a m a t d i n r
u k h u d a u m a m
m a s n l a m a n a m p h
a n a k b e r k i n a u u i w l
i n a h m u n y
u n a u z a n m
u t h o n a m s
m u m l a t h
t i n m h y o a a m a v e t e
u i p a g u d z a z
a m i a n g a a
i n a a r e n a f n
k u s u m a o s n a k n p i n
u l o j
m a s k z a n a
a k o d m u n t k o i d z i
k u t y a y a b
m a t a p i n u a s i a
k u s w
u l e a a n y m
b i t i n t
i d z t
g ' a a h u l p i k k u k n
z a w r e r e a
u l d i m t i n t
k u d l
d w a a z a p l
u s a g m a l i n a r r
u d z c
m b e u
z a k n l a
a m b n m a t o l o n u b w
a t h t i m s
f u k c h e u o m
u l a t e t
m a k u i w a p e a i k
u d z r u k z a w r k u b u m p
a s a b u y a a a d z r
a p s k u k n e n u a
m a p t
a d a
u i p m u n r
n a c n a m u t s l f u
u i p a s i a u m i
' a m a a p i d a n a m t i n s
l a m a g a m m a l n
p h i a m u n k m u m k
w i r u n a u
a n a z i n a y
k u y l n a l w g ' u k h l k u y n
a k a a p w t
d i m l
k u k m i d z y
e n u a
c h i o u n y
d z a o
u c h t
a n y u b a
z a r r u f u l n t c i
i d z m
m a b y n k h m a y l
u n g
z a n a d i m s s u n
a d z t t s e e n y
u k u l o a l e u d z m
k w i
l i k d z a e
d k i
u g u d t i n c a k w n a i k
z i n i z a n c
u p o a m a k i u r e k u k n
e r h u l k n z a
g a l z a s y n a o b
m a m
l u p r
k u t n a y a b a s o h k h a
a n a h a d z m a n c u m a u
y o l t i n t
u z a t h w
k u s n k u t h
n a t a
t i m k k u m
z a p e a n a k a p h k
k u s f n a p z s a z
u t u
z a t a n a b e u s a k
m a w f a a d z b n a t l
a f i a u p a t h m a n k u k u r
k u o s f u u
u b a a p s
w a i n a h b u k k u c i
k u s r u n a o a c h
t s a n a p l k u p y
b a t
z a l w n g ' m
a y e e
n a p u a i k z a p t a d z
m a b o i n a k i r i a
o n a z a p y u d z t a s e a
a f n y m a c n a g i
n a t n
p i n u d a l r z a i
e k i r a u p s a u w a
r e r k z a n c ' a n
u t s k n d k r u n a o n a g
u m a i a n e
b a n
o w a t e m e u n g a
u p o d a r t e m i m w
n a i b m a b i
a k h d f e z a p i m a a c h d
u f u u n a g a s a a
y o z d z a y t o m u m f u p o d
k u i a z a c i p h u h y o a m
d i m w i m a s z a b a
u d z t
r i l u p r k a n d i m b
u t e t e n a k o u t s r i n a o
n j e a
n a s c
a p e a i m a o e k i r i
z a n a n a s w
k u w l d z i
a t e e t n z i a a r e u
u n a c a l i a m u n t
i n a s m u n s
t h i a u n a t h e u l o j
a b e e a o m a
k u i w z i w i t a a g a t c h
d i z e k p w e e o k
m a o v a l
m a k m u t h r z a o o
p o n a l i k a y k u i
h y o a t h n a p y
i p a u n a l
n t u l a k z a g k u s f o n
k i u s e e n u a
s o n k u p i
u b a a w e z a d w l
m a s z o z a n a s r z a t a
a b e e
d u l a z i a
u y a d
a b w z a s m i t a a
u g w a n k u p i a
d i n g h u l z a i
a t u m a s u p i t n
u y a i m a n a f k
d w a a y e r k d i k r p w
a u k k u l m u f u l
n t c m a s r
z a s u u s
i m u n a o i n a t p h i k u s f
o c u t s g
b v u n a p n a m n
o m a
m a n e t u l k
t i n m n z i
z a t y m u m w
u p w m u n y
a t h r l a n a z u z
c h e w a d a a k e
n a l w e m p h a m z a d a
m u m p
a o p y y a n h
u n z m a b i
u i m u m k i t a i u w a a
u f a b a a
g o l a f u u s o c e h u l
a n a e
u p i a u s i i
h a m k u d a u l u i i k a
u p h k m a p e k u t n
m a c e m u n n
d i m z
k u t l o n k
a f a t i m z u b a
m a f m u m o a m a l a p a a
k u i a z a k d i k
m b u u t h w a k w m e
d i n m
d i z n k h l
f e w o n a u n a h m a s c
v u t z a p r z a b o
c h u u
u d i i
z a f n u n a i
a c h t u d z p
k u c u z a n
z a s u t i d a c h r a m
a p a b n a w l
h a w u m a k
u s o a
i n a m i m a h n a t o a i m a
z a s m m u d
z a s d k i u z i
a g w r
m u n n
k u o o m a k i v u t
a d z k u p o d
z a b a
n a t u y a b o n k k u b r
n a w l
a s a k u d z g
h u m o g
e z a k u y l
i d z n k u c o
u k o d
z a l n
k u n '
k u b r a k a a r i r n a
a p e a y a n ' u k w t
z a w w e r
n a s f k o n w a n a v u k h z
p w e e m i
i n a c n a y m m u n s
w e t
k h a a a d z y
d z a v k u l m n a s n s o
d i n o
m a p m g ' a
z i n a n i a i m b u n a
b a t m u m i l i r
o z a a d z s
u g w r u n a t u k w n
u n d a c h l m a z m a d
u t h w m a l i a t o a f u n a b t
u s i i
e n j r m u m c u p e p l u n
s u l z a t i
h a z k i r i i a d z t c
u f u l u k u k u n a
u n a a k u n m a y a i
p i r i m a y
z a p l a b a a m a y a m k
m a z n n a k u
s o c i n a e l u n a
m a p t a m u n a i b u t s l
t i n d ' a u s o h
n u k
k u s n u t e k a m a
d i m b
n a c z a c o u c h k n a t e
u d z l a n a c
k a m a k u p c h e a i m a p
a m v n a k n a t c a
u i w b a y
k u w l u o i m a t
a b n a t
t e n h e m p a a r e u
m b e u
z a n c
m a n e t e k k u k a k a b
s a n h a o p
z a k i z a p z
z a f w t i m z m a z
i m w e d w o g o a u t s t
l u p r
a k a i h a n a n c
a w a a u s a k k u l m a b a
p a n a n d i n a i a k u t m
m a p z a b v t i n n
u y e e i k i a n d i
n d k r n a c a a n j u m e
w a l m b e u
n a p e
n k a n k a
d a l j e r s e y a m a p a m a
f e w z a i b b a
m u m t l u n z u t s l a n
a g u z a t i
d z a g n a m s
z a c i
k w i a u c h l m a i w z a n m
o c h r n a f k
u y e t s i i m a m f u
u f i i n d l l i r n d i z
a z u z
i w i m a s y
h u m d i m a h a t a
i n a o u i p f a
a m a e z a s n
u c h r z a k m l a i
n a n n z i r e
k a
a m a k
z a b a
t s i k u c u a i m w e r n
u t c a p h
r e n a
u k h m n a n n
k u l i p h a n g p o n
b v u k u y r n a d a
n a o s u p a a m a p
a z i a m a c o n a s u
u o l k
m u n m m u n f i i m a p
a n k u a m a z
p e m h e m b n n d w a n a y
h i n k u t o n a c u
r i a k u
a n a a u c h t
a r e u o n j z m a s y
u m a h a s o k
n u m a t e v a l o c h r
a i p a m a m l u m r
w e z d z a k m w a
m a k l s a a t s l
d i n g n a t l
u u l
t u l h i n k u m n u z u z
u m a i i w a a
u t h m
i m a v a p i d i d z t
a m i u d a a
a l o a o n a w e z i m a s
u d e m b n
z a k n a m a z
g o l a n a h z a i b
a b a a
a d z d u m a y m a c o a p h
a o m k u o i m a y
d z a w m u m s y e r k
i m a p k a n e r
u p a a m a z c h u u i d z k
a d z y e k e
d i k r e w a i d k u c o
u n a e d z a l a b w r u m a y
u m a y u z a
n a s w a n a e
a n a k a p e u m a i
a n y e f u a m a p l z a k m
m a t l e r a
k u s u i m a o k u g i
a d u a i n a h
h i n m u m y
u m u w u z
e w a a t h n
n a k m
m a b e m a s
m a r k u d l a y a g
a m a u
' a m o l o a y e u c h
k u l n o n a
u f e o m b n z i i z a n a l n
z a y d i n y d z a h
d i m i a b i i h i t a i p
h u l u o l k
u b w m a g n
n a i b u s a b k u w e n t a
u d z b
a n a e k u k m k u i w b a t
n u k e z
i d z b u d z g
a g n a f n i k i a s u g
i m a g
k o n w m a d k u p s
z a o s k h u u
n e u l o j
u i w h u n u z u z t h a d
b e r k u n p a m a n a s k
u l a o w a u r e u z a b r
n a b a s a g a p s u f u u
d i n l d i m o m a p l
u k w a m a t a y a a
a m a z i n a w m a p u n a c
n a k i p h i a i t a u k
n a m z a s m d i m y d w a u s e a
z u n a
a n d i
u m a y u n a p
a i t
m u n m d z a c
e m b u o a t m a s w
a d z r
i k u s o a a y a a z a p l
t s e a d i m s
s a u a k u p s t h b a t s i r r
a d z o l i z c h o a
a n a t z u n n y e
u i k e z u y a i i d z t a t h o
c h u a z i d
u n y m
m a d a
l o n a p a b k u p u u g w r
e r u n a n a n a m k e
d i m i f u l
u t h n z a p u
n i z a m a c u y e m a p n l i z
a d z l a b v t a b w z
t h i a k e m a s l
i m a l t i m p
y a n k s a z k
a m w i r i i p i n n a c a y a m a
u p o k u o s a l o a
m a w l z a l i u p a b e n k
a l i m a o
u n a a u s e i d z m m a c
e w e a n y u y a i b u k
a d z n k h a a n a o s
k u s f k u f m a o b u f u l
h u n i m a p u m b k
m u n f k u o s s w a u p i a
k u m l u k w y m a s u
a d z l
i m a k a d z s u k m u n p
u y a a m u m r m a l n
n t h e k a k u s z z a n ' r i z
y a n d z a u e d n i
k o n a m a e
n z d i n b k o n ' a m a
a p i m a r r
z a s n a p h k u k n
u c h d k u p s
s a m z a m s n a t l
n a m l u b a a k u s m
e n g m a t o
m u z a n '
z a c m a l n i z a s a t
t s o n a y n a z
e t e a a c h l d i m p
z a s k
u l u i m a n a z a s a a p e a
a t s r u k h d
o p s
k u d l a d u a
z a w l y o
k u i a
k u g n f u n a g o a
h e p y a u u l u r e u m u n i
n y o a
m a f u n a m a u p w t i n a g
h a m n m a n c
k u o o a n k a k u b o
d i m c p i r a d a i
t u l m a k u w i e r e l a i
r e r k
z a g n a n d i u t u h y o a
m a k
k h a z a p u
a m a y d z a m k u p n
m a i a
a m i a y e a n a l w
u t h e n j n a g n
d i n t a b a a o l
a z u
a m b v i a z a k a z i u s o a
n a g s w n i k u s r m a p y
m a s z o m a g u d
u w a d i m k
k u g i u b i u d z n
c h o a n a t i a t e g
t i n m z a c l u m
n a f u m u n z r
u b v l
k u s u n g ' w a t t i z a s a
k u b u z a w r u t c a
n a t l
k u t o
n a o s z a s w a y e e
y o l u w e e
a n a y
u t c a
a l o j m a y m z a t
u o p p a z a k l u u
n a g n m a t e u d z n g a m
m a t n m e n i z a e d w n a w l
k u z n a i k u l i
u t h o k u a k h m
a f e a d i o s a o s a n n a b
s i r r o l o t u m u n d
u m w a s o h a k h z s i
z a o b a m u t a z a s f
y a n ' n k i m a l
a n a u
i m a n a b i d i k u s a g
l u p r u c h p
m u n s k u c u k u
b v o a h u k u d k o m u d z r
k w a a
k u n n u y a a
g a u s i u r e u
s o n h u p e p
i t o a k a a s i u t e b
m i r u i p
n a d k
u s w k u y r t s e a
a t h o u d z k
z a g u s a a
d z a u p e k w a r i z
a l e a m u m y
n a p m
m u m f a k a b n u a l o a
m a c i a t o a z u u l a k
u d z o
a y i z
z a t l u t a a g u d
z a d a u g o h a n i a k a a
n a k a
a m u u b a i y y e n a u d z c
s a z
b v o a
z a t e
f u u a a p w f u k k u k m
k u p i
a t h m u k h p e m h
a o p
r u z m u m p b v u n a w l
u p h n z a t n c h i
o l o a
u s e u
l i b a t u b e
a n o p
n y e g m i r p h a n d i
u y a d a n i a d z m
t i m b
h y o a y a j t i m m
m u m l
m a t o
a d z n n a b o a d z t
p h u t h a a k i r u i m
u m i
a m a w
k u o b t u l k
n a k n
p h i n a t
a n a v a g w r u n a i z a p e
m a d i z a g a
z a n n a f i m a g
t s o u p i d r e k
a n a h d i n l
z a k n m a t h k o n a
n a b o a y a a k u z n
a z m u n s
n a y l
o l n a b u n d i z
u t e t e r u a a d a a
m u m t t e k k u l i z a c u
u l a u y e a b e e s a m u i m a
s i r z
b e n k z a w l
a p o p a m z a i
m a k n i d z y u f e a z u a k a i
a k w n u w
p i t k u c e
z a k u e n e a
t i m c
u l u a a y a g a m a e
m b u a m a n c
i m a p a d u a u g w
d i n c a l u
z a n m z a o o a d
p w e u f e u s e u n a c o
s u n f e l o m a g i n a s
i d z d
a p e p k u p n m a n n
n a w b v u e t u l i a z a p t
k u b i
k u s a l a i t e k m u m i
m a f l
z a f u u m a e n a u c h t
a l u z a g z a f u
d z a z n d i a d z i
k u p n l u n a u m a v
a m a w u f u k w t
k u t e n a o s n a l m
z a c i e m b n
z a o o h u d a s a l t i m l
r i w r k a m a n y z k u t i
n a k u a n a k h a z r e m a g i
t h i a a y a d y a
a n a p
m a n e ' a m d z a i
p s y
n a n
u b a i u c h k i w i a g w i
l u i m a c a z u
z a p z a m a y i d z p n d i z
e m p u s e e a w a a
a p w n a p i
i t m a l i k i a m a f l
m u l i m a p u i k
f i k a s e e
k u b a
u m a o a d z r a n a y t i n l
a k u b z a d e r e i m a k
k u m a d i n n n a c e
m a s u d i m b t i n y
i n a i a g u d m u m k e t e
g u n a
u k w y i m a y u f u u n e r
y e n z a d i u m a a
k u r r u n g a s o k u y i n d
n a s k n g a a d z i a
n j e u d z b a p o ' a m
m a b t
n g a a
m a m k u s k
n a c a a p s a
h i n a m u m o n a y m z a b y
l a i a a m i a u d w
a n a z n a b i
u t s k i z e n d a n y s a
a l u c h d u d z f n g a a
a i w z a w r
d z a s u t s
a t o a z a f t s o k u y r
m e n a a k w n
i n a u n g ' u m a h u n a u
w e r n k u n e a p s a
d a l j e r m a t h
y a n h u t h r a t e g a b v t
k u p z u l e z a p
i w i a c h p a m a u
f u n a l m a s o
n a b o u s
z a k m c h e w
p i r e d k u m r u i t
n a b e u f e a
k u b e i r i i f u u m a m l
u n a y
u p h n k h a
k u p t o n d a
a m e a m a p r
m a t n a t a i k u m a
u k h m t i n c
t s o u l u i
n a p s d w a a z a m r u z a
k u p s s i y w a a d z z
k u r a l i z a p z
u b w z k u d k m a l z
a l e a
a k h d a o m a
r i w a d z n p i n m a t h
i k i a m u n d m a o o
m u m r m i r i n a z
k u s n a n t m a w s i u d z k
u f a i n a g
n a f k
a i k u d a d i m o t s i i d z y
d z a y u f u u a g a b v l
a d w m a d i
m u m d
a f u a b v a m a w r
a y a k a d i i d z i
a f a n e l a
a n k
u k a a
m a l n k u k m a s c a l a
h i t i z a g o u n a k a p i d
n a p k u o s
d z a o i w a a z a d a
m b e z a g a g ' a b e k
a b v n d i m b a n a g i m a i
m a d a t e m o c h
d i m f u d z t i n n a i b
k u z n k u l
u t e t u d z n
r e n a s u g
a c h d n a s w u n a u d i m m
a p o a u n t n a g i k i u t o
k u g n d i m k a z i a u s a
i n a t
n a y z a m a m e a
i n a h a n y m h a z k
m u m m g w b v i
u g u a z u z m a d a i w a a
v i
n g d z a k z a t a a t s l
b e n e w a t s t a k a
m u m o o n
w a i d z p a t a i
l i z
m a l z u f a n a k l k u o b
d z a w z a c a
a l e a r d i n g m a n t i m b
u g o a k u p z a s a b
n i z a k i
s a k
d i z a g u t c h
o m k u s y w a n o l o a b u o p
u m a i z a m l
t s i i h o a b a
u m a z i d z g
o n n a s k n a d i n z
d a a y a d i k i a u p o a
a l u a u k u a z a s w u l a k
z a m a c h e w
k u p r a m i u l u b u k
s u l u t o u n a o n a t m
m a s y d z u p h k
n a c u z a t h d i n f
e w l a n p w t i n y k u r r
e t e z a n e l i z
a p h n u p i a z a k a a d z
a m u p e m
a c h l g w u b a a a b w r
e w e a y o a f i a
k u g n k w z a b y
d i m n k u i w
n a t u p e
m a c a u k h m
a l a b i n d l e m a t h z a m a
a l a k i t a i
t s i z a n n a b t
k u f
p e m h a n k u
a d z k i d z m
o z i w i n a o o n a k a
u d i z a t y a n a m a n c
j e r
t u l z a t h
m u m g k u k u l u m z a s c h u u
u k u b k u p z
u b e e i d i m a w k u t m a b i
k u p u f u l a n t
m a k l z a s y l o p h u
u d z o u t s u r n d i k u s r
z a c i
t i n z t i n z
y a n h a r e u k u y n s w u c
m a t h a f e z a b a i n a p
u m a g u s e a d z a y
a c h r u g u k a n z l u m
p i n a
p e m d i d a
m a s r u s i i
d i m z s i r z u n y m
a d z s z a y m n a p z
a y a b u o l m a y l
a c h n k i n a i b o l a
z a m r z a m a
u t a a f e a u s a k u z n
u o m m a n o u t h w w i y a k u
k i r f u u u l u a u t e g
a c h r k u l i
k u s c k u s y a d z g r u k
u r k u m n n a c u u m a u m u n y
d z a k r i w r
a p s e n e d a l z a p i n a
b u a t e g
u d z s u c h k u k
m u m c h y n d i a u b a a
a b i n y u t h m z a p e
m u m p d w
d z a y m u n g u n a l
u d z n
n a k l i n a h a k
m u m m u y a d l a i o p s a
a n a l e n j n a p z n z m a y r
k a m a
u g w r u t s t d i n d k i r
u d z i w a m u m o u d z r k u t i
u g w r z a s f
a s o a k o d
a t s t m u m k
u f i a d z i t i m l u y e v u
t a l k e n t z a r e r a
z a k i
l o n e m a s a u k a
k u l a k i w a t e t
r i w r b e n w e r n n a s a
k u i m a l w z u u i m
u d a a m a n a i t k u f n
i m a l
b v u z a s k z a s z t i m b
s a z n a m r i n a c t c k u w
u m a w p s u p w t
n a m u d z b r e
k i r n g ' u n a l m a b e t h a
t i d k u s y a n d z
a b a a d k i a
l a i a w a n z a c i
k u y m o m a u l a k a p o a
u l a n a s f
g a l l a s a g
i n d l z i w u p o
k u w m u d e n y d i n b
a p h m a p l a f u a
a w a a s a i r m u n r
u d z n
z a s c e n s i r e r u u t c
t i m t h u k u n n v o m k u d k
z a i b l i
m a b o v o m u n i o c h r a m a
w a
u b u m e m a i b n a i
e w a a k h z
s a m d i n c k u k n g a
k u d k s a z
u y e o m p w e e e w
n a w l z i r n a p t
t i m i n a s u u o p
a k w t m u n w b a
u t s l p o
a t s k p e z
z a y r s y
m u n t
u y a i p o n a b a t z h u
n a y m a c h p o m b a d z l
n a f n i p
s a m d z a z
i d z k z a m n b a y
k u l n t h y l a m e y a n i
z a i b
a n i a g w i u k t h y n a m n
n g ' m b i r w j e z m a t a n g l
b a o z a u o m k u s n m a y n
u n e a e f u
m a t h k u p n
z a d l
d z i
o n a o w i n a w h u d a a p w
s u n a t i n z f e w u g w r
e f f e z a t n
h u l k u z n u s o
p o n a p e u f u u u t e g
r e n a
k u p i
a r e u n a b t s a t
z a o b
z a l i m a p u z u z w i z a l
k u o s n d a d i m r a n e a
a o m a i n y a t a
d i m l u n a t m a t e
a p h m a c e
u s o k u n z o s a
u s o k u m a e
z a n
i d z z
h u d m u m o u y a j t i n o
e k e t i n t
z a o o c h u u d z w
z a b m b e a k
t i m p a s o h e m p z a g a
u m i a n a
a t o a p e b e n k
u d i y a n h i k a c m p h
a b a a a m a a
z a n o u d u a n y o m e k u t y
z a b o a d z b s e w r
u m b z a k n k u s z s o c e
k u c o
i r a u k h m u n l
z a d o c h r
u c h n n a t h p i t
c h l a i k u n m u t a i a t c
u m a u u o m v i m u n p
k u b r n a t e z a d i
z a p r k u s m u z e d
a n g k a l u m a h
d z a m s e f d a o n d n a p l
m u m p m w
s a n a d k
m i n d i a a z i a
k u m s
m a k m a t e t
i m a y
b e r d i m s a o z a y n
h o l i k
m u m r z a n o m a s f u k w t
m p c h e j
z a t e
n t h a k a b a n a m e n d
k u n a j e z a p s e r u
z a p n
a n i e n e a
c h i o e n t d z a t
m a k m d z i a i d z y
d i n z
i m a n d z
p o n a u i w m a g a
u n y m a s o h
a g w n a m n
k u n e u l e b
a n e a u y a g z a s y
a c e n g m u n y
d z a p n a o o a o m
u t u u t c
t c h i m a h
e n e a a l o j a n a i k u k l
z a l n
l u m p a m a
h u n i d i n w b w e a a s e a
z a y
a m a i d i n m
g a
z a n o s w n a d a t h o
z a k a a i m n a m a p e c h o a
a t s l h e n u y a k
a w e a d z m
d z a p k u z n
e t m u m z a s a g
i d z z h a z k l u p u d z p
u m b n a w
n a s k k a n m a l i
k u b i m a d k t i m r
m a f k u m a g m u m w
a k w n a m a s u m a h
a r e u u m a k m a b
a s e i n a u v a l b w
i d z p a f u a
u i
r a n d u g ' a a
u d w h a m n
a z u
r u k e r n a y k a l m s y
p a n a l o b e n
t s u n g a u i m
i m a t t h k u k k u t e
o n a p s a k u b o k u y r
t i d a u g u d
a l n a t i
u m a h m u n s
k u b i u s w n a p y u n a m
n a n m u f n y a u
k u b r
n j a n a s f
n a t e k u m n n a f k
u t e g
u l u a k u s a
m u n l
e d w a t i u i t d i n p
l u m m u m f u l i b
u n a k
z a y n z a c o m a f k k u d l
k a m a
t i z n a y r l i k n d i z k u o b
u o m n a k n
a n y m s a t a t h w u t h
d i k m a g a a m a m p h i
n a d a s a k j e s a u n a n n
c h o
k h n a p l n a f w
u t a n a p u u l i b
m e k u t o a d
u p u s a z a s f
k u w r
t s a s o a a t s k u s c
u c h p a p w t
t s o i n y u n e u d z b
a i w
u p o d z a p i
k u o o t i m p
a s e e n a p z m a t a
n a g a k a m
o n u g u
u n a y a z i s w a b v m
u k h d a m a o
u n a c m a k m
t i n k
n z u p o d u k u b a i b a n
z a k i n a l
k u s u t i n z a p z u m a c
a p e a a n a k t i n y a n i
e k e k o n a d z r
m a c i u d w b v a a
a i m a k u s k a y a i k u t
z a s f m a m n
z a c e i n d
u t s
f u l m z a t m
m a t n m a m a
n d i i n y a u
n a p
u b a m a c z a c o p a n l u n a
n a d k
z a y m t a l i t a i y a m a
d k i a n a c i
a o m e n e i d z o a d w l d i m o
k u b t h a k u c e a t i
w a t
a n d i n a g k u p y
u c h
n a w r u t s n k k u g b e r k
n a b y a d z t
z a p i i m w z a k a
r i z a i k a n y m
e k e k o m a f w
u b e u n a s z a b a r i w r
d z a m
d i k r a l u z u z a y a b u s u g
u l u a m a c a u i w a w e u k u
e n z a k m i d z l
a d z k a y e h u d a
n g ' a s e a a t e g
a y a n g a n a f n a r i d z f
k u p s k u z
k o n w o m b w e r n
u o l m u m s s u l e n j r
m a l w h y o a s a n e w e a b i
u l e a ' a m a
z a f u w a a m a o o
e n t n g ' u o p
i m a k u z u z u d i
z a k z i r y e o k ' a m m a b e
e n y
a m a v
u d z p u z a
i d u b a m a l i
m b a a k h m u p d z a u s a m
a f i a
a n a p u l i a
a z u t i m c n a c a n a o b
h u n i k u y r u p i a g w i k a
p a m a f e m w a
r i r m u l a l k u n o
' a m a k u m n k u b r g u u o
a t o a a p e z a t h z a s r
s a m
u t a z a y m n d i n a b i
i d z i m u n k
n a f u t i n o t i n n u t
d k a t c a r i z
m u a w i w a a e p a
u y e e a m a s
p i n a
u p e e k u y n z a c a u k h
m u m n
k u p r i p
b e
s u u d a a n a b u e m p
t e n n a k f i
z a n m n a b a
t i m n a y a b h i r u b
a k h z w i g u n a p o
a c h t a w e e z a c i a n g a
m a t a k a m a
u p s a z a l p h u z
l e o n a u w e a c h k u z
d i k r a b v l d i n p
d z a z c h o a u p e m a y n
m a n c d i n b
m v n d a l a m a s a k n a n m
n a k u b u n j u i p
w a a n y n
z a t o m a l z k h u z
a t i a a t i u d z m z a d i
n a f k u p i a l i
a t u t i n w n g ' n a w z a w
n a n ' y a n '
a s i i m a l w a n a i k u n a
m a t i m o t s o o
u k u
k u b a g o l n a m n
z a s a o l a l a
z a b o m a d a c h t
m a o o
a w a a z a d a a n a u d a l
' a m a
e m b n a n a m a t s t
d i n i k o n w a p o d
n a z a y a g i t a i t i n s
i n a u
a k m a s a
k u n e d z a l o m a
a y e u u l i m b
z i n s e w
h a n i
u m a y g ' a a l u p n a n n
t i m z k u t e e r a d i m i
m u n l z a w r u m a w e r u
u n a l s i r r i d z k
l u n a
a l o d i m m i n k u b y
a d i h a n i
a f e a i m a k
i d z m
v u m a b u n a o b
s e f k n a f n k u k i s e k
a w a a s i t i n o
k u c i u m u m a s p i n u n a k
a d z y a t o
z a i r a n a f
u m i p w e a c h p i n d k
i k i a a n a y
n a s w
i m a e
o g o a d i m z u n a o
m a l m a l a b
l u m
n k h a b v n
u k a a a y a u l e b
m a l m a p a a
y o i d z s d i m z
n a l n y o
v u n d h u d a
k u p z
l a i a u m a y
v u t h u d
z a b r r i w z a p y
a l u a
t e n b v i n a u
n a t a
u r e u t i n m z a k
n a s y
n g ' m t e m
u g w
d u l u m e z a d l
c h u n a s z n y o
a c h r u s o a
u n t h e d a w a n a k h z
u t e g i w
u f e
k u k a
m p m u n i n a y n
u t u u
u n a n d i m a f u i m a c
u b i w a n u t s k
n a b o
u w a
a b w
u m a u i n a t
a g w r m u n d n a f u
m a g m a m a r i z
u t h m
y a m a u d z z e r e n a w l
t e n a u p i d z a s z a z n
z a p s i n a a
k u o o a l a a p i n a
n j u t a i m b u a u d a i
u i m a e n j a m v d i m c
u b v n a n '
l a n h l a m
k u d i l o k z a m l i y
e r e
s i o m b z a s r
m b k a m a d i n r
a b w z d z a t
a s o a
i w a y a p e m
a f e
d i n i n t c i a d a i
a k u a d i m z
d i l i k a s w t i m l n a b o
u p s i n a g c h
a f i a d z a z
m a n n z a y l u l u g d i n y
u l e b m a g a d z o
i m a a d a l d i m t n a m a
k u n m
u p w t s i
k u b u z a b v o d i m p
z u k u w b v o z a t o
g w i m u n s
z a p n a t i d w a r u u l o a
u k h m m u m c
u m a z l o w o p s a m p h
a w e u t i n c
z i w m u m r u y a b i n a p
u g u d u l
m a p n s u n a a f u a
b u k k u k u d z k m a i
n a m l
t i n n m u n y m a k u u o p y
p i k u f u
s o a d u a k u t a u i p
f i k a t c
m b u a m a s k u m w
n a k u m a k l
k u c u u t e b n t c
n a s z a s e a u n p i n a s z
z i n i d u l
i d z f d w a a l e a
a d i n a n n
a d i i k u n m
n a c i
w e t k
c h u
u d z k z a p z t e n a
a d u i n a m s a n a u m a h
n a k a e f u
t i n m a p a a c h a
t h y
b u k u k u l u g
p s y t i m z
f u l
u l i b e z a i d z b u t s r
z a p s z a o o p e r k
z a c u h y o u s a b d i n g
u t s k a n d
a l a a t s l h u n i r e k u p w t
a s o m a o b z a y m a g
l u p k u d k u t s t m u n p
e n y a m b n u d u z a t h y
a n a a k u i b o m m a b u
d i m f a f i a a n a g
m u m z m a f l
a k h l e f
t i m b t i n s k w a a i z
p a m a u m e y
z a t n m u n s a k h t j e r
z a n m
o n d a h i n a i w a y a d
u z a b v t a s a i
z a y t u l t i m i
e n j r c h i y a d z y
o w u z u a n a z
o k k u p z p a u d z y
z a c o n a k l
h e d a p i n u n a o e n e
t i n o z a d k
z a f a k h u k h l s a
k u d k a d z c n a t y
u m a e a s a i y a n a
z a w z a i b
y e u d a a u p o p o s i p d i n y
n a s c o s a m a l i
m a s w
i m a c d i m t u n a t
u s w b v i a u k h z m a f n
i d z t
t e n h e n y r u o l d z a
u t e t a t s t m a m l n a y
a i t n a s r
m u m t z a t n a d w
m a k i d i n p
e r e e c h a
p a m a a c h p w a t
u n a i a k a i t s m a k n
n a k m j e a s i i
u b i k h a a l e b
u n a o z a r r u k h
u y e a l i a l a l h u d a
a n t h a t c s u n d u l a s a a
u p e p p w e e
c h i o b u b v u a
n a p a l e g o n
n a m a u n y n z a w r
e n d z a k k u c d z a t u d z p
l u m m a n n
u d z b u c h i a
k u m r u w e u
a o p y u s a k u p i a
a n d n a t h m u m l a l u g
i z o w u d w l
u l o a a t u
u n g a z a i w
s e w r a k h z u y e d
a d i e r e a
a r t i m r z a c a c h n
k u m l l a u m w
a p i d a t u
u m a y u m v n a k m n a p
i z a n a p u b t i m l
y a n k u y e d k u m n
t o l
k u l m a g u d n a n d i n z
d i m g n t c i n a m a s a m
u n g m
a s o a t i a t a i a s o h z a t
a n a u r e r n k h l
z a b o
z a k n n g ' n u m a p m a g i
i n a s s a n a t m e n a t s e a
m i r z a s c e w e a a g o
t i n k h u h u d a k a l u s a a
m a s m t i m m u t a b i r
u p w t k u n n n a b y m a p i
p e a i t m a b h a n
a t i a
e d w
u t s t
u c h r
i m a u z a t n a f u i t o l o a
p a n a b a i
z a s w t i t h a z i w
a k h t a z i a u n a u u y a b
z a m l h e n e i d z r h u m
a o l k t h i i p a p h k a m a p
t i n o a l o n a s m l u n a
t i n c a f a m a o k u m a
k w a
y a n k u y r
s e k a s a g
z a l i i d z s
m i k
k u m a t c a
k u s y z a s i d z s
u n a a w a
a d i i l a i a
t s e a
u d z d k u b u i d z o
a l e z a b t k u m n u s e a
u m a
i d u l e b k u o a n a l
m u d z a c u n d i z
u p h n w a t
z a s f a b e e r e
h e d u d z l u b z a u d z f
h a n i
l o w i m a m a n y z a t h
u y a i
z a k l y e r k d a l r
m a i a u s e u
r u z a n a z n a s y
t i n t u s a g z a b r
k w s i u d u a
m u n r a d z t u t s k k u i
h a u f a d z k u m n m a m l
u t e a s w d i k r
d i m z a g w r i m a h
a t s t c e f k u f n i n a i
p a t o l
z a y r
k u b u z a c e
d i m u k h l k w i m a g u s u g
s y d i n b w a n
u s e u
e f u a u l u a a n j
a d z y m a f n k u k a
u c h l u l a k
p e m h b v u u z a f u l
d i m k i y a n a f k
a c h t z a s u
t i m a t h w
a k h i k n a l n
u k h m u l a n a o
u m e y t e n h
d z a e
z i r a l i u f i
z a t a a m a o g a l l a b i i
s i y i n a a a n a c
d i n y u k h d n a k m
n g ' m
m a k i u n a t i m o m w k u i b
d i n b d i m r a t e g
h a w s e k n u k i n a h
z i w u n g n a m n u n t o n d
u b a a
u p s d i n d a m a w e f u a
z a b e z a w l
u s e u c h e a h a
c h e
m v a o n k z a p n o n k a i m a m
