b a a w o s o
w o s o e e
w o s o k o
w o s o e e
w o s o
w o s o
w o s o e e
w o s o
ŋ w o s o
b a a k p ɛ t ɛ
k p ɛ t ɛ e e
k p ɛ t ɛ k o
k p ɛ t ɛ e e
k p ɛ t ɛ
k p ɛ t ɛ
k p ɛ t ɛ e e
k p ɛ t ɛ
ŋ k p ɛ t ɛ
b a a d i k i
d i k i e e
d i k i k o
d i k i e e
d i k i
d i k i
d i k i e e
d i k i
ŋ d i k i
b a a n u
n u e e
n u k o
n u e e
n u
n u
n u e e
n u
ŋ n u
b a a ŋ a
ŋ a e e
ŋ a k o
ŋ a e e
ŋ a
ŋ a
ŋ a e e
ŋ a
ŋ ŋ a
b a a ŋ m a a
ŋ m a a e e
ŋ m a a k o
ŋ m a a e e
ŋ m a a
ŋ m a a
ŋ m a a e e
ŋ m a a
ŋ ŋ m a a
b a a k o t a
k o t a e e
k o t a k o
k o t a e e
k o t a
k o t a
k o t a e e
k o t a
ŋ k o t a
b a a g b l ɛ
g b l ɛ e e
g b l ɛ k o
g b l ɛ e e
g b l ɛ
g b l ɛ
g b l ɛ e e
g b l ɛ
ŋ g b l ɛ
b a a l a
l a e e
l a k o
l a e e
l a
l a
l a e e
l a
ŋ l a
b a a b o
b o e e
b o k o
b o e e
b o
b o
b o e e
b o
ŋ b o
b a a ŋ m ɔ
ŋ m ɔ e e
ŋ m ɔ k o
ŋ m ɔ e e
ŋ m ɔ
ŋ m ɔ
ŋ m ɔ e e
ŋ m ɔ
ŋ ŋ m ɔ
b a a y e _ n k u n i m
y e _ n k u n i m e e
y e _ n k u n i m k o
y e _ n k u n i m e e
y e _ n k u n i m
y e _ n k u n i m
y e _ n k u n i m e e
y e _ n k u n i m
ŋ y e _ n k u n i m
b a a t e e
t e e e e
t e e k o
t e e e e
t e e
t e e
t e e e e
t e e
ŋ t e e
b a a b ɛ ɛ
b ɛ ɛ e e
b ɛ ɛ k o
b ɛ ɛ e e
b ɛ ɛ
b ɛ ɛ
b ɛ ɛ e e
b ɛ ɛ
ŋ b ɛ ɛ
b a a t s i n e
t s i n e e e
t s i n e k o
t s i n e e e
t s i n e
t s i n e
t s i n e e e
t s i n e
ŋ t s i n e
b a a t s ɛ m ɔ
t s ɛ m ɔ e e
t s ɛ m ɔ k o
t s ɛ m ɔ e e
t s ɛ m ɔ
t s ɛ m ɔ
t s ɛ m ɔ e e
t s ɛ m ɔ
ŋ t s ɛ m ɔ
b a a t s i
t s i e e
t s i k o
t s i e e
t s i
t s i
t s i e e
t s i
ŋ t s i
b a a f a l a
f a l a e e
f a l a k o
f a l a e e
f a l a
f a l a
f a l a e e
f a l a
ŋ f a l a
b a a f u t u
f u t u e e
f u t u k o
f u t u e e
f u t u
f u t u
f u t u e e
f u t u
ŋ f u t u
b a a ŋ m ɔ ɔ
ŋ m ɔ ɔ e e
ŋ m ɔ ɔ k o
ŋ m ɔ ɔ e e
ŋ m ɔ ɔ
ŋ m ɔ ɔ
ŋ m ɔ ɔ e e
ŋ m ɔ ɔ
ŋ ŋ m ɔ ɔ
b a a h i ɛ
h i ɛ e e
h i ɛ k o
h i ɛ e e
h i ɛ
h i ɛ
h i ɛ e e
h i ɛ
ŋ h i ɛ
b a a s u m ɔ
s u m ɔ e e
s u m ɔ k o
s u m ɔ e e
s u m ɔ
s u m ɔ
s u m ɔ e e
s u m ɔ
ŋ s u m ɔ
b a a f e e
f e e e e
f e e k o
f e e e e
f e e
f e e
f e e e e
f e e
ŋ f e e
b a a j e
j e e e
j e k o
j e e e
j e
j e
j e e e
j e
ŋ j e
b a a w ɔ
w ɔ e e
w ɔ k o
w ɔ e e
w ɔ
w ɔ
w ɔ e e
w ɔ
ŋ w ɔ
b a a k a i
k a i e e
k a i k o
k a i e e
k a i
k a i
k a i e e
k a i
ŋ k a i
b a a d a
d a e e
d a k o
d a e e
d a
d a
d a e e
d a
ŋ d a
b a a t a
t a e e
t a k o
t a e e
t a
t a
t a e e
t a
ŋ t a
b a a g b i
g b i e e
g b i k o
g b i e e
g b i
g b i
g b i e e
g b i
ŋ g b i
b a a f ɔ f l ɔ
f ɔ f l ɔ e e
f ɔ f l ɔ k o
f ɔ f l ɔ e e
f ɔ f l ɔ
f ɔ f l ɔ
f ɔ f l ɔ e e
f ɔ f l ɔ
ŋ f ɔ f l ɔ
b a a j a a
j a a e e
j a a k o
j a a e e
j a a
j a a
j a a e e
j a a
ŋ j a a
b a a l e
l e e e
l e k o
l e e e
l e
l e
l e e e
l e
ŋ l e
b a a k a n e
k a n e e e
k a n e k o
k a n e e e
k a n e
k a n e
k a n e e e
k a n e
ŋ k a n e
b a a h a
h a e e
h a k o
h a e e
h a
h a
h a e e
h a
ŋ h a
b a a y a
y a e e
y a k o
y a e e
y a
y a
y a e e
y a
ŋ y a
b a a b ɔ
b ɔ e e
b ɔ k o
b ɔ e e
b ɔ
b ɔ
b ɔ e e
b ɔ
ŋ b ɔ
b a a f a a
f a a e e
f a a k o
f a a e e
f a a
f a a
f a a e e
f a a
ŋ f a a
b a a h ɔ ɔ
h ɔ ɔ e e
h ɔ ɔ k o
h ɔ ɔ e e
h ɔ ɔ
h ɔ ɔ
h ɔ ɔ e e
h ɔ ɔ
ŋ h ɔ ɔ
b a a t s ɛ
t s ɛ e e
t s ɛ k o
t s ɛ e e
t s ɛ
t s ɛ
t s ɛ e e
t s ɛ
ŋ t s ɛ
b a a s ɔ l e
s ɔ l e e e
s ɔ l e k o
s ɔ l e e e
s ɔ l e
s ɔ l e
s ɔ l e e e
s ɔ l e
ŋ s ɔ l e
b a a f ɔ
f ɔ e e
f ɔ k o
f ɔ e e
f ɔ
f ɔ
f ɔ e e
f ɔ
ŋ f ɔ
b a a g b e l e
g b e l e e e
g b e l e k o
g b e l e e e
g b e l e
g b e l e
g b e l e e e
g b e l e
ŋ g b e l e
b a a t s w a a
t s w a a e e
t s w a a k o
t s w a a e e
t s w a a
t s w a a
t s w a a e e
t s w a a
ŋ t s w a a
b a a d u
d u e e
d u k o
d u e e
d u
d u
d u e e
d u
ŋ d u
b a a l ɛ m ɔ
l ɛ m ɔ e e
l ɛ m ɔ k o
l ɛ m ɔ e e
l ɛ m ɔ
l ɛ m ɔ
l ɛ m ɔ e e
l ɛ m ɔ
ŋ l ɛ m ɔ
b a a k a f o
k a f o e e
k a f o k o
k a f o e e
k a f o
k a f o
k a f o e e
k a f o
ŋ k a f o
b a a k w ɛ
k w ɛ e e
k w ɛ k o
k w ɛ e e
k w ɛ
k w ɛ
k w ɛ e e
k w ɛ
ŋ k w ɛ
b a a h e
h e e e
h e k o
h e e e
h e
h e
h e e e
h e
ŋ h e
b a a h i
h i e e
h i k o
h i e e
h i
h i
h i e e
h i
ŋ h i
b a a t s u
t s u e e
t s u k o
t s u e e
t s u
t s u
t s u e e
t s u
ŋ t s u
b a a k p a s a
k p a s a e e
k p a s a k o
k p a s a e e
k p a s a
k p a s a
k p a s a e e
k p a s a
ŋ k p a s a
b a a j o o
j o o e e
j o o k o
j o o e e
j o o
j o o
j o o e e
j o o
ŋ j o o
b a a s e l e
s e l e e e
s e l e k o
s e l e e e
s e l e
s e l e
s e l e e e
s e l e
ŋ s e l e
b a a f o
f o e e
f o k o
f o e e
f o
f o
f o e e
f o
ŋ f o
b a a y ɛ
y ɛ e e
y ɛ k o
y ɛ e e
y ɛ
y ɛ
y ɛ e e
y ɛ
ŋ y ɛ
b a a j u
j u e e
j u k o
j u e e
j u
j u
j u e e
j u
ŋ j u
b a a w a
w a e e
w a k o
w a e e
w a
w a
w a e e
w a
ŋ w a
b a a t s ɔ s e
t s ɔ s e e e
t s ɔ s e k o
t s ɔ s e e e
t s ɔ s e
t s ɔ s e
t s ɔ s e e e
t s ɔ s e
ŋ t s ɔ s e
b a a w ɔ d ɔ i
w ɔ d ɔ i e e
w ɔ d ɔ i k o
w ɔ d ɔ i e e
w ɔ d ɔ i
w ɔ d ɔ i
w ɔ d ɔ i e e
w ɔ d ɔ i
ŋ w ɔ d ɔ i
b a a m ɔ
m ɔ e e
m ɔ k o
m ɔ e e
m ɔ
m ɔ
m ɔ e e
m ɔ
ŋ m ɔ
b a a g b l a
g b l a e e
g b l a k o
g b l a e e
g b l a
g b l a
g b l a e e
g b l a
ŋ g b l a
b a a k p e
k p e e e
k p e k o
k p e e e
k p e
k p e
k p e e e
k p e
ŋ k p e
b a a b l ɛ
b l ɛ e e
b l ɛ k o
b l ɛ e e
b l ɛ
b l ɛ
b l ɛ e e
b l ɛ
ŋ b l ɛ
b a a g b o
g b o e e
g b o k o
g b o e e
g b o
g b o
g b o e e
g b o
ŋ g b o
b a a j i e
j i e e e
j i e k o
j i e e e
j i e
j i e
j i e e e
j i e
ŋ j i e
b a a s h w i s h w i a
s h w i s h w i a e e
s h w i s h w i a k o
s h w i s h w i a e e
s h w i s h w i a
s h w i s h w i a
s h w i s h w i a e e
s h w i s h w i a
ŋ s h w i s h w i a
p e h e ŋ t a ŋ f e e
a a d a k o
b a a i k i k y e _
h e a t a ɔ l e e e
a f o k t ɛ p ɛ t
o s o
ŋ b l a ŋ a a h e e
w ɔ k o a l ŋ s h
i m e ŋ s u m g b o
ŋ w ɔ e e
p ɛ a w o b ɔ e e
ŋ s i e t s i k
b a a a a l ɛ ɔ ɔ e e
ŋ ŋ j a a m e h i ɛ e
m e ŋ s e l k a n s a k e e e
b a a a j a w ɔ k o h e g b o k ŋ j i e y e _ n
ɔ s e t u k a a h i e e
ɛ ɛ e b l a e e
h e s e l e
a a l ɛ b i k e e
s e b e a w o s
ŋ j o o k t s u e
b a a ŋ f ɔ f ŋ t a
a d a s h d a e
ŋ a e e j i e k o
y e _ n
b a a h e k n e k o t ɛ
a h ɔ ŋ f a a w ɔ
n e k o w ɔ k w ɔ d e e e
a y ɛ a d a a a f o
ŋ j i f ɔ e e k o
g b l ŋ j a a w a e e
p e k ŋ f a l
d ɔ i k a h ɔ ɔ ŋ l ŋ d a a a e e
j e k o e e
b a a ŋ k w ɛ
t s a a h e e
b l ɛ k t a e e
ŋ w a e a j o o ŋ j i m a a e
a e e
b a a b a a ŋ b l a k n k i s e k o
a a ŋ a s u e e e e e
b o u n i a t s ɛ
h e e ŋ d a t a k o
b a a k p ɛ i e k s ɛ k
a j a w ɔ ɛ e e e
b a a ŋ m a
a a k o k o
ŋ ɔ f n i m k s o k o
f e e e
ɔ ɔ k o i k i t s i a a b ɛ
g b n e e e e e
k i k w ɛ k o y ɛ e e e
a ŋ m o k k a
ŋ a ŋ m k a i l ɔ k
ŋ ŋ k w ɛ
j i e e ŋ b l e e
b ɔ e a s e l ŋ j e e e
a s u m a a s h k o
t s i n i e e
s w k i ŋ w o s
b a a d a k o ŋ t e e i a e
a i e e ŋ n g b o s o k o
a l a e k o
a t t s w a i m ŋ g b l u n i n e e e e
k w ɛ e e e
s u a g b l l ɛ e a d a k o
a a g b a a f o e e
y ɛ e e o t a ŋ w ɔ d
ŋ h ɔ e e
a j i e a n e k w ɛ k a k a a f o f e e e e e
ŋ ɛ t ɛ k a j i ɛ ɛ k o o s o k b l ɛ e
b a a s a k ŋ f ɔ f
i e k o ŋ s u m e e
b o k o ŋ j i j o o k
ŋ j o o a f a a e e
t e e ɔ f l ɔ k o
ŋ n i m k
ŋ a a h k p e k s o e e
a b o i ɛ e e e
h i k a f u ɔ f s o k e e
j o a y e _ ŋ j o o e e
o s a s a e e e
a a w o a k p ɛ a f a l e e
a b ɛ ɛ t ɛ k a a k a j i e e
a a w a t s ɔ e e
d a e e e e e
ŋ b l ŋ k o t ɛ m t u d ɔ i e g b i
a j w ɔ d ŋ d i k k o
ɔ e e h i t e e k e e
b a a w i s s o a a h ɔ
t s ɛ ŋ b l b a a
i ɛ e a g b t e e w a e e
b a a ŋ l i k o
w i a a s a e
ŋ b l ɛ e e
a a b k o
ŋ j a a h i ɛ s h a h ɔ ɔ
h a k o a f u t e e
d a e e a k p ɛ e e
b a a t s ɔ s k o
ŋ ŋ g b e k i k o k o
t s u k
y e d u k t a h ɔ ɔ k
a k p e ɔ d ɔ a a j a e e e
k p ɛ e e
ɛ t ɛ k e e
ŋ k a i k a b l j o o e
h e t a w a a e
b a a ɔ i u k
b a a j o o e ŋ y e _ ɛ ɛ k
ŋ p ɛ n i m k g b o k
a a k w j u k o e e
w a a e s i e ŋ t s ɛ
a a ŋ a e e e
e e k o e e
f ɔ k o j o o s ɛ e e e
a b ɛ _ n k u d ɔ i k o
t u k o k p a t e e k
ŋ s ɛ m ɔ i e e b a a d
a j j o o e k o
ŋ s u m j e k i ɛ k e e
a a y a k o e e
s e l t ɛ k ŋ j a w ɛ e e e
ɔ s e
a ŋ a s i n e ŋ d i e e
k a i a f o k
ɔ i e e ɛ t a a n u
b a a ŋ b o
f u t u a k p a e e
ɛ e i ɛ e a s h w a a d s e k e e
ŋ k a n
ŋ d ɔ i l ɛ m
j e e e e e
ŋ h a k p e e
b a a k p ɛ t a e e t s i k d a k
k a i e k i k o s a e e e e
i a e e m ɔ k e e
b a a a s h ɔ ɔ e ŋ s ɔ l
b a a ŋ s e ŋ s ŋ k p a
ŋ t s w ŋ h i
_ n g b e l
ŋ f a l ɛ ɛ e
d a ɛ e w ɔ d i n w a a
ŋ a n u b l ɛ n e e e
ɛ t ɛ k f o k i e k o
n e ɔ s e k k o
b a a a k p a b e l e
p e k o e e
b a a t w ɛ e e e e
b a a i s h h a ŋ h
s u k ŋ w o s a k w ɛ
a m f l b e l h i k e e
ŋ a a k a ɔ l e k
u m ɔ k e e k
ŋ h i e e
m ɔ h i ɛ k
u n a ŋ a k o
b a a t a k a h ɔ ɔ ɛ t ɛ e
y e _ n k w ɛ k e e
i n ŋ k p e e e
b a a a g b i a s a e
i ɛ k o j u e e e e
a a f o a w ɔ d e e
l ɛ m j u b e l
ŋ y a p ɛ t ɛ k o
a y e _ o k a t s i o o e e a n e e
s w e _ t s ɛ m k o
h a e ŋ a d u k ŋ f e e
ŋ h a d ɔ a a m k o
s a k b l a e e e
ŋ k p e u k ŋ f ɔ f e e
ŋ h ɔ
ŋ f o a s ɔ l s u e
l a e e e e e e
a y ɛ a j u ɛ e
j o o a a j e a b o
ŋ ɔ i e ŋ w ɔ d ŋ y h w i a a j a
a a h a s ɛ a a t a
i a a a h i e e
a a j u e e
ŋ l ɛ e e b a a f
s ɛ m f l k o
ŋ k a n o k o
s i k f u t u a a w ɔ t s ɔ a t h e e e e e
b a a j i e k
b a a u t u k ɔ f l ŋ l e m ɔ ɔ e
b a a j a u n i m a i k o
k a f s o k o t ɛ k o o k a d a e e
ŋ f e e w a a k h ɔ g b i e w ɛ ŋ h ɔ ɔ e e e
ŋ ɔ i e n e
a a t e a g
a t s u ŋ w ŋ j a a e e
a s a k e e
ŋ ɔ i e e
a l a k h a k e l e e a j o e e
a a y
a a w o a s
ŋ w a ŋ m a i e e
a a ŋ f a a e e
n i a n e k ɛ k e e
ŋ ɔ s e e a a m ɔ ŋ j i
a l a p a s
s e e k o
ɔ i k o ŋ y e _ b i k s ɔ l w ɛ k o ŋ w o s k o
b l ɛ e s u m ɔ ŋ h
ŋ i m e e a a h e
a s u e e e e a s e e e
ŋ g b e s o e k a f
a j i w a a e
w a a ŋ t e e e
a f ɔ f
ŋ ŋ w o
g b l h a k ɔ l e
l ɔ e b i k j i e e t ɛ e b a a g e e
ŋ k a n ɛ k o a a f u
ŋ t u k ŋ k a n
b a a s u k n i m e ɛ ɛ k
w o s o d a e e u n
a m t s w e e
a a j u a y e e e
e l e a g b l
o k i s h w
n e l ɔ e e s a e e
n e e e n u k o a a h i a h
a s h p ɛ k p e w ɔ e e n e k o k w ɛ e k o
a a f u s w f ɔ k o
k a i e d a b o e e e
u t u k o t a e e e
ŋ s u m
_ n ɛ ɛ e e a a m e e
ŋ n u s e a n e e e e
ɔ e o t a e
f o ŋ s u m k i k o
ŋ y a a n u i k ŋ n u e e
n k w ɛ k i n e i ɛ k o e e e
s ɔ b ɛ ɛ e
a n ɔ f j u k n k u n k o
ŋ s m ɔ e e i s h
ŋ s u h ɔ ŋ l a a f e e
l a e e f o e e e
k a f g b i d i ŋ a
ŋ s h w w i s a a b ɛ
b i k ɔ l e k e e e
b a a b l a e o t a
ŋ j o o j u k o u m ɔ e e e e
ɛ ɛ b a
a k p a a y e _ ŋ g b e e e
ŋ d u k o
b a a b a a s ŋ k o t k u
ŋ n u ŋ t s ɛ ɔ e e e e e
ŋ g b i y ɛ k e e
a a y ɛ i a k u n i m
ŋ m ɔ k i ɛ b i e e k o
h i ɛ k l ɔ e ŋ k p ɛ a a j i e e
a f b e l u t u k t s i e g b o e e
b a a t e w ɔ k
s ɛ k i n e e
ŋ s o k i e k o
b a a j i b a a h
ŋ s u m e e
b ɛ ɛ b ɔ e e k o
ŋ w o s a a d a t s i n
ɔ l e e k o a k p
a t s b a a h e e
a f o f ɔ b ɛ ɛ k
s h w i e e
f a l j e e k o
i m ŋ a k ŋ g b i
ŋ l ɛ a f e e k o t a e e
w i ŋ b ɛ e e
ŋ y e _ ŋ f
w a k o a f a a l ɔ k
s ɔ ɔ d e e
ŋ k p e ɔ i k o a l e e
ŋ m ɔ y ɛ k o
n e k o e e
ŋ m a y
ŋ i m e e a n e k
a a m ɔ k o
p a ŋ s h e e
a a b l
s ɔ s l ɛ m ɔ k o
ŋ h i a h a
a k a i s e o o k b l ɛ e
j u e f ɔ
ŋ h ɔ ɔ e t e e e a g b l ŋ w ɔ d i a k
b a a j k o
a a y a b a a h ŋ f a l e e e
s a k e e
t e a y
u e f o k o e e
ŋ l ɔ k i n e k t s i k
o t a s e
l e k a b ɛ a i k o k o
ŋ t ɛ e y a e e a a f
b ɛ ɛ e a a h e e e
ɛ t ɛ j o e e e
ŋ a n e e n k u
w a a k a k a f e e
s ɔ i e e e ɔ s e d ɔ i a h ɔ ɔ e e
a t s w a k o t
ŋ l e i a e e
b a a ŋ k a f ŋ s e
ŋ t s i e a w o a a n n u e e
y ɛ e a k a
b a a a a s h a a h ɔ u t u e
j a a p ɛ t e e
u e e s u k o e e e
y a k o w a a e e
s u k o w ɛ a j a ɛ ɛ e e b a a w e e
p a s a s h w ŋ a k o e e
ŋ j i e e
ŋ a m ɔ k o w ɛ e
b a a ɛ k o h i k ŋ b ɛ
a w ɔ d a a e e h i ɔ k o e e
t s u e j a a k
ŋ m b l ɛ
a f _ n k u e e e
b a a j a a k j u k ŋ f o
b a a b a a t b a a n _ n k u ŋ j o o a k w
a k o g b l e e
f e e e
f ɔ k n e e e e
n k u l a e w a a k
s e k o f l ɔ e
b a a i a e e ŋ d u
t u k
w ɛ e g b i e e
t s h ɔ ɔ e a k a e e
ŋ s e i e k
ŋ a a h a
b a a ɔ s e k ŋ h
a a y a ŋ g b l p ɛ t a s h u n w ɛ j a e e
ɔ d a a f a ŋ j i e e
ɛ e a b l w a k w ɛ k o
ɔ e e i n e e
h i ɛ ɔ l e k y ɛ e e d u e e e e
a s ɔ l k o t a d a e e
ŋ e l e b o e e
a f u t a k p a a t a k o
b a a ŋ d i a b ɛ
b a a ŋ d a ɛ ɛ e e a a l
ŋ f u a h a a ŋ m a f ɔ b o k o
ŋ f u f l ɔ e e
e e e e h ɔ l e e e
a a ŋ m
f l ɔ k k o
e l e w ɔ e e a s h s a e e e e
b i k o k o
u e e k p e f ɔ f l e e
u n i m
ŋ j u e e
b a a ŋ m h i ɛ k
b a a ɛ k h a k o a n e e
ŋ l ɛ m m ɔ e a s ɔ
l e e k a a l e e e
ɛ k o o e e k o
a f u t a f a l
ŋ y a h i k a s e e
b a a f k o
ŋ e _ k w i a e g b k i k u t u e
i a t s ɛ e ŋ g b e
b o k o ŋ s h e e
ŋ ŋ s h ŋ k p a g b o a t ɔ i k o o o e e
a f o
ŋ w d u e e e e
f a s a ŋ m ɔ ɔ g b i e
b ɛ s o k o b o k a a ŋ m e e e
m ɔ e a w o k o
t s ɛ e a k p ɛ d u e e
a f a ŋ g b l a s u e e
f e e k ŋ f u e e
ŋ p ɛ t ɛ a a k i m e e
w ɔ k t s o o e e e
b a a s i k o b l ɛ e
ŋ ŋ w a n i m e
b a a a e e a a ŋ a
s a e e e e
b a a a a m ɔ t ɛ e e
p ɛ t b l ɔ f l a a w e e
j o o k b l ɛ k a t e e e e
ŋ k a a y e _ j e e e
n u e e t s ɛ k e e e
w i a e l a k o
ŋ a k a a ŋ m a k a ŋ b l k o
ɔ l e e e e
u m ɔ k
a a m a k a i
h i e e f ɔ k o b o e e k o
o t a a k a a m ɔ e e e
a k p a l ɛ k o e e e
ɔ d ɔ ŋ f e e e e
h a k o j e k o p e e e e e
ŋ s e l u k o i n e k k o
a a f o ŋ j i e
ŋ ŋ t a j o o s i a k o p a s e l e
ŋ ɛ ɛ k a a j u b l ɛ e
ɛ t ɛ k k o b ɛ a d u
s o k f a l a
b a a o t i k i t s u k
s ɔ s o k o
b a a p ɛ t ɛ
b a a w ɔ e
a f o e ɔ s o t a k
k u n i
ŋ ŋ j o j e ɔ d ŋ l
a j e ŋ g b e
ŋ y ɛ b a a k a a j a
s e e y e a a f u k o
b a a t s ɔ s b a a s
ŋ m ɔ k s ɛ m ɔ n i m k
p ɛ t ɛ _ n k u ɛ e
ŋ b a a s a n e ɔ d ɔ i
t s ɛ k
u m ɔ k k i k ŋ h e e
i ɛ e e a a n ŋ m ɔ ɔ ɔ f l ɔ a a s ɔ i ɛ k
ɔ i e k p e k e e
b a a _ n a t s w b a
ŋ ŋ j e y e ŋ w ɔ d
l ɛ e u e e d ɔ i k e e
y e g b l ɛ e e
b a a ŋ h i ɛ t e
b ɛ ɛ j e k t ɛ k f e e k
b a a
o s o ɔ i d a k
s ɔ l e s u m e e
l ɔ e ŋ b l e e
i a k o s e k o
f l ɔ k a a h e
g b i e s u e l ɔ k o e e
j e e s i n s i e
b a a ɔ i k o t e e e m ɔ ɔ e
a a e w ɛ k o e e
a s e a g b a a d u h a e k o
b a a e l e e f o e e
ŋ b l a f ɔ f w i s h y ɛ e b a a ŋ
s ɛ m ɔ a a e ŋ b ɛ e e
h w i a e e
b a a ŋ s e t a
ŋ t s w
b a a d h e a d a a g b i i n e s u m ɔ
i k p ɛ k a n h ɔ ɔ k e e e
ŋ m f ɔ e j e k o a a f u
b a a a j a a ŋ y ɛ f a l
a m ɔ ŋ j a a e e
a n e o s o e a a ŋ m e e
ŋ ŋ g ŋ k w ɛ
ŋ y ɛ a j e w ɔ k s w a
b a a a a b e l ŋ h i ŋ l e
o o k o e e
a j i
ŋ w ɔ d e e
ŋ s ɔ a s a e e e
ŋ y ɛ a a n u
ŋ a k m ɔ k ŋ j a a
a a ŋ m ɔ ɔ e
w a e e k i a a
n u k o b ɔ k a t e f e e p e e e e e
a m ɔ u m ɔ k e e e
ŋ a t s u h e k o
b a a b o k ɔ ɔ a a ŋ s a k
b a a ŋ f u t d i k i a s h
a n u w ɛ k b a a d e e e
a a l b i e w ɔ d e e
a k a i
a w o y a
ɔ k l ɔ a g b l
s o e e a a j b ɔ e e
l ɛ m a s u m
b l a a s h e e
ŋ k p e ŋ f u s u e e e e
ŋ t e e p ɛ e e k o e e e
s u k o a a k p e e
w ɛ e e o e e
a a d i b i k j a e e e
a n e k s ɛ e l a e e
b a a a b ɛ ɛ a a d a i k i
n u a k a i b e ŋ w ɔ d ŋ s ɔ e e
ɛ e e u e n i
l ɛ m
b l ɛ k a a h y a k
f ɔ k ɔ i e a w ɔ d a j i e l a k o e e
h ɔ ɔ k o t a e h a k o k o
y ɛ k p ɛ b l a k k o
a i k o
a a h ŋ d k a i e e e
d u e e ŋ f a a e e
s ɛ e e e e
b a a a l ɛ m a s h
a b ɛ t s ɛ m l ɔ e a k j i e k k o
ŋ f a b a a n e e
ŋ b ɛ ɛ m ɔ ɔ k
a l a ɛ m s i n
b a a h k o
a a m ɔ b o k o k p a s
f u s u e ŋ s e
ŋ a d i k k w ɛ ŋ s h w
ɔ e e a a f ɔ
ŋ n u ŋ s h e e
a n a a w a
ŋ ɛ m ɔ e w ɔ e e
ɛ ɛ k ɛ e ŋ f ɔ o o k o e e
k w ɛ k a a e e s h w k o
ŋ s e k
ŋ k a i t ɛ e e e
f a l a s i n ŋ f u
ŋ m ɔ k h i e e e
w ɔ e ŋ y ɛ a f o e l e k o
a a f ɔ e e
a a h a a k a b l ɛ k
n e e e l ɔ k o e e
t u e e ŋ k w ŋ k
s a e a ŋ m
ŋ t s ɔ w i a k e e
a f ɔ f k o
b a a ŋ f u t w o a s h w a s u b ɛ ɛ e
u t u k a f a o o k o e e
ŋ o s o e a a w f o i k i
n u e ŋ j e e e e
p e ɛ m ɔ d ɔ ŋ s h w e e
ŋ g b l ɛ a d i k
d i k i
d a k a a b ɛ o k o
h e e e _ g b o w ɛ
a y e
w ɛ k n k u n e e e
f u t u s u k s i b o k o s i ŋ s h f ɔ f k o
ŋ f u t a l ɛ m ŋ k o t
a i ŋ k o t k o
f a l a k o
ŋ l ɛ m ɔ
ŋ a f ɔ f t e e k
k a y a e e a d o k o e e
b a a a b ɛ ɛ
ŋ ŋ f e
h e e e t a e e
a k a a b ɛ ɛ e e k o
a a l a ŋ a k o e e
a f a a a b ɔ e e
b a a f
t s ɛ k ŋ t s ɔ e e
b a a p ɛ t d u k o w i s h
ŋ t s w a b ɛ o e e ŋ j a a
a b l ɛ e e
b a a a ŋ g b o
d ɔ i e a a g a l e
ŋ h i p ɛ t
b a a a f a l s e l w ɛ k
b i k o s a k o a e e e e
ŋ f u
b a a k i ŋ g b ŋ f e e
ŋ b o ŋ y a b l a k
ŋ b ɛ ɛ e f e
ŋ b l ɛ t s i e e
y a k o
ɔ i e p e e
ŋ j a a e e
ŋ a e e k o
a s i n a h a k o
ŋ k a ŋ h e e e
b ɔ k o a f a a e e
ŋ l e k p ɛ
a m ɔ a m ɔ e e
s h w d i k i
ŋ a a j a d ɔ i e
ŋ f a l
ŋ f o a f o
m ɔ ɔ a l ɛ
f a l a b ɔ e s u e k o
s ɛ k o a ŋ m e e
s e ŋ w ɔ d ŋ j i
t ɛ k o b l a e
a a h e
t e e k b e l e e
a ŋ a l a e
l e e k i e ɔ s a h u k o g b o e ŋ g b
i n t s u k f ɔ k o k u n ŋ h ɔ a k w ɛ
ŋ b ɔ a n e l e ŋ k o t
a a t s k o
ŋ f a a k s ɛ m ɔ
h a h a e e a d a e e e
ŋ l ɔ k o ŋ f o
a s a k a k g b i e k o
a ŋ a a t e t s ɔ a a s h ŋ f a l a a l ɛ
i ɛ h e f e e e o t a k o
a a k w f ɔ k f o k o e e
a j a a ŋ w ɔ ɔ e e e e
ŋ k o e e e i e e e ɔ i k o
ŋ d u e e y ɛ k o
a l e b e l e a a y e e e
h e b a b a a l j e e e
a a b b a a m e e
f ɔ n k s ɛ t s i e
a n e k a e
b a a a a n j a a e ɔ ɔ k o
ŋ d a f ɔ e e ŋ h a
n e e e ɔ s e
b l ɛ e e e e e e
ŋ y ɛ ŋ h i k o
a a ŋ a ŋ m ɔ k
a j a a a a ŋ ɛ t ɛ e b ɛ ɛ k e e
k p w ɛ k
h w i a b a a d
b a a n e k o b ɔ k o
ŋ w a a f
d u w ɛ k o d ɔ i i ɛ k o
s e e e
k o t a
b a a h i k o
t u e y a k o
w o s o f o e e a g b e e e
a a m ɔ s e l ɛ b l a f o k l a k o b a a y
a k s u e e i m e e
b a a ŋ b ɛ p ɛ t
ŋ b ɔ k a a d u
ŋ a ŋ m s e e
a n e b o e f e e k e e
w a a a s ɔ a d i k
ŋ s e e e
l a e j o n i m k e e
f ɔ e e b a a l a a l ɛ
ŋ f l ɔ e a n u
ŋ y e _ n
b a a a h a n e e
i m e o k l e k
ŋ f u t u i ɛ e e
o o e ŋ f t ɛ k o t
b ɛ ɛ e e
ŋ k p e
b a a f k o
a n e k e e
a a l ɛ
w i a b o k o
d u k w a k o o k o k o
b a a i k i ɔ d ɔ i
l ɔ a a d a a d u k o
l a w ɛ k o e e
ŋ d a a k w k o
b a a ŋ k a i ŋ w o o t a o s t a e e
p ɛ k a m k k o
j u e e a i ŋ b l ɛ k o
k a i k a l a
ŋ a t s i s i k o
ŋ t e e w ɔ d
m ɔ e k a i e o s e e
k a f o h ɔ ɔ k a i e e a e ɛ m ɔ e a a t e e
a a s h s ɛ k i k o t u k o
f l ɔ a a f u
a a s u s w a
o o e e s u a k p e
ɛ t ɛ k e e e
a a d a
b a a f k o
a a d a e e e
a a t a t e e e e e
a i e e f l ɔ e u e ŋ t e
a w o s i ɛ k
a h e e e
k a f o
e _ s ɛ m ɔ u n
ɛ t ɛ k
j a a a m k p e
s o e h i a a y a
i a e e
f o k o h ɔ ɔ
i s o s o k e e e
b a a s w a
b a a i m k s u y ɛ e e
a h i a a l ɛ e e
a a f ɔ e e e e
ŋ ŋ k p j e k
ŋ f a l ɔ k o ŋ w a k o
f ɔ f l k o
ɔ l e ŋ j a a f o e e e e
a ŋ m ɔ a j s ɔ l e
i m e ɛ t ɛ e a a b o k a f o b a a k e e
i k i k a d a o k o
n u e u m ɔ e a n e e e
ŋ ŋ f o l a e e ŋ k o t
k a i k i a a s h w e e
ŋ h e e e
e l a a w ɔ g b o
a a g a g b l
ŋ t u k o j o o e
ŋ l s ɛ k k p ɛ ŋ k w ɛ e e
f a a k l e e e ŋ m a e e
b a a t s u k t s ɔ
w i a o e k p f o e e
a a s a a f u
a a l e a a f ɔ s ɔ s p ɛ t ɛ ŋ t s i e e e
e l e e b a a ŋ a a h i e e
ŋ j a a y e _ s ɛ k o ŋ f u t t ɛ e e k o
b a a t ɛ e s ɔ s a a n n e k o a l a a a t s
h w i a t s w a
ɛ t f a a k a f k o
b a a i k s ɛ p a f ɔ f
s o e e k o
ŋ f a k o
w o s a a s ɔ d i ŋ k a ŋ f u j e k e e
s u e e a j e
h i e e l e k h a k e e
d a e s e i m e ɔ l o t a a d y e _ n ŋ j o e e
b a a a a d u b ɔ k o
d u a a s h e e
i e k o a s ŋ t s ɛ e e
b a a ŋ h i ɛ ɛ ɛ e
b a a n e k w a a
ŋ ŋ j u a ŋ o t
g b l n u k o a t s w
ŋ j a a k
b l a e
ŋ k a a t ŋ ŋ a
b a a ɔ i k o
j e p ɛ t ɛ ŋ l ɛ o o e k o
o o e s o k o e e e
p e u m ɔ k g b i e e
t s ɛ w a a e b a a j ŋ w ɔ d i k o ŋ h e
ŋ a a w
ŋ j a a k a i ŋ t s i
t u e p ɛ t ɛ
a j i f ɔ e e ɛ m ɔ k
b a a f ɔ k o k i k t s i n
h e k a h a w a a n u k o
ŋ d a e e k w ɛ
ŋ ŋ m a ŋ k a f
ŋ g b l a e e w i
ŋ a f u t a
a s a e ŋ t a k o
a a g h i e e
b a a k s u ŋ k o a b ɛ
d a e k u b o k o
g b i k b l ɛ e e
a f a l a w ɔ d w o s k o
ŋ f a a k a n
ŋ h ɔ y ɛ l ɔ e i m e n i m k s a k p a s e e
a a j a i n i ɛ e e
o e d ɔ i k o
ŋ a e e k o
i k i e f ɔ k
h w i a a n e k e e
b a a ŋ b ɛ ɛ
ŋ j u k o
t s u e s a e e e e e
f u t a a f o u m ɔ k k o
b a a ŋ m a a ŋ t s ŋ m a a
b a j u k m ɔ k o e e
a t s w
ŋ s ɔ s e k a f o y e _ n
ŋ h i k o
h w i a a n a a t a f u t ŋ y e _ e e
a a h a s i k o b o e e e
a j i e a a w o
m a a e w ɔ e b ɛ ɛ e
k p e k i m e g b i e k o
s a e e a h a e e
a a m ɔ b e m ɔ ɔ e
k o b l a e k o
b a a ŋ f a a w ɛ k ŋ s h w k a i e h a k ɛ m
ŋ a a d a i s h w
ŋ h i ɛ k o
l a e e y a e e e
s u k a k a a a y a
b a a a a n
a a ŋ a a d a a d i k o
l ɛ s i e ɔ i e e e e
b a a a a e d a e e
ŋ a a j a f a f l ɔ e
h a e e l ɛ s w a j i e e e e e
a ŋ f l d a e ŋ w o a h ŋ ŋ f ɔ f l
n k j e k e e
f o e e ŋ k p ɛ t s ɛ m k o
b a a a y ɛ ɛ t ɛ e ŋ g b
h a k d ɔ i
a s e a f o a ŋ m a e e
ŋ n i w ɔ e e
s u e e
h a e e j u e e h i k o ŋ y e e
k a i e s e e
ŋ s h k a f o e e
b a a ɔ ɔ e a a j a
ŋ l ɔ k y a e e
ŋ w a a a h e w a e e e
ŋ i s h ŋ a e i e k o
b l ɛ a b ŋ ŋ s e a g e e e
b a a s i e e ŋ ŋ
ŋ a y a s e
ɔ l a a m ɔ h a a t s i k o
b a a ɛ t o o k o
t a k l ɔ e f l ɔ e e e
b a a ŋ m h e e
ŋ t s u ŋ t s ɛ g b a a g ɔ f l ɔ a b ɛ ɛ
a b l ɛ e e
s e e t s i i a ŋ k p a o t a k e k e e
ŋ j e n i m k a a y
p e k s a e e e e
s o a t s w a a w a e e
w ɔ d ŋ ŋ a h i e
a a f y ɛ a h ɔ ɔ
b a a ŋ k a i
b ɔ e e b ɔ k e e
ŋ ɔ ɔ w ɛ e t u k o
s a a a t e a a w a a j b o e d u e e
b a a ŋ b m ɔ e
s w s i e e _
i k i a ŋ m a a d
e l e e ŋ f ɔ f k a n e e e
b a a a b ɛ ŋ d a ɔ s e k
a a m ɔ j e k o e e
t s u e e e
a f a l ɛ ɛ
ŋ h e g b i f ɔ k
ŋ p ɛ t ɛ h w i
ŋ ŋ m a
b a a a d u ŋ j e
u m ɔ e k o
s ɛ e a j e a y e _
b a a a f ɔ d u k o
f a l e e
a a b ɔ b ɛ ɛ k e e
b a a j j a ɔ e e k o
a l a f o
ŋ b a a h ŋ s h w a a w o
d i k i b ɔ k o f o k a f u b a a j e e
w ɔ d ɔ a d a i ɛ k o k o
ŋ b e a a b
i k i e y ɛ e e h w i
i e k o
a a k o ŋ h ɔ
ŋ u k t u k
ŋ k a a h e a j a a s o e n u k o e e
b a a b l ɛ e t ɛ e e
b a a s e e
u m ɔ l ɔ e e m e e h e k o
ŋ d t ɛ e e e e
b a a ɔ e k u n i
i s h j e k o e e
ŋ n u k o ŋ m ɔ ɔ ɛ k a a d a k a f
b a a a b u t u ŋ t s w a a j e
b a a s e l e s o k a a e e j e e
a a f o ɔ i k o e e e
b a a h i e ŋ t s u
ŋ ŋ m ɔ k a k p e
i n ɛ e h i k a i k ŋ y e _
a s u m a a a k a a i k o t u e e
a d i s ɛ w i a k e e
b a a a s a l ɛ k ŋ k w ɔ a a l e
b a a y a f e j o o a s a f e e k e e
s o k ŋ l a ŋ f ɔ f
ŋ a a w a a n u a j o
d u k o ŋ d i k e e
p e k f o e e e e
a m j i e k w a e k o
a i e e a k p e k o
ŋ l a e e ŋ j l ɛ e
b a a a a t a ŋ h e h ɔ
a h ɔ ɔ h w s u m e e
s i k e e
a a l e b o e e e
a w a _ n k ŋ ŋ m a
a e e f a l a y a
b a a n w ɛ ɛ t ɛ e
t s ɛ k a t e s o e e f o ŋ l ɛ e l e k e e e
n u e e g b i e
b a a ŋ t s ɛ a a b a j i o e a s a k ŋ m ɔ e
ŋ t e e e ɛ t ɛ e
ɛ t i n e a j e f ɔ f
ɔ e t s i k
b a a ɛ ɛ e e a b ɔ b ɔ
s o e a a e e k p e e e
a w o k o
p e e ŋ f
a a ŋ a
a t e e e e k o e e
ŋ h i ɛ a k a n
b a a s ɔ s ŋ a k ŋ l ŋ s u
f u t u g b i k
t u k o a a j o h i e e e
h a e l ɛ e t a e e
k i e ŋ b l ɔ l e k i m e s o b ɛ ɛ e e
ŋ a a h i
ɔ d k p e e
ŋ h i ɛ e
ŋ ŋ b a a t e e
i ɛ e s o k e e
d a e e
ŋ b o m a a e e e
f e e ŋ k a f
l ɔ k i k o j i ɔ i e e
t s i n l ɛ k o s u
b i k t u e a k a a f ɔ f
ŋ p ɛ t ŋ y a s a e ɔ s e e ɔ k
s ɔ s b l ɛ e
ŋ ŋ k p e a l e
b a a o o e e a f a a a b l k a i k a b ɔ
b a a a a f u
s a k o
k a i ŋ j o o
b a a t u e e
ɔ s e i ɛ e e a k p e k o
w i a k u e e k o
b a a a a l ɛ b ɔ e e
ŋ l ɛ k o a b ɔ ŋ h a
h e k l e k
s o k s ɔ s u e e
j u k o f l ɔ k
b a a a w a
a d u w ɔ k h i ɛ k e e
ŋ h i ɛ e a f o k a s
s o k o b i k i k i e e e e
ŋ g b l e e e
j u k l ɔ k o
ŋ f a a e n i m e
ŋ a e w ɔ d ɔ
b a a d i k i f u t y ɛ
ɛ m ɔ e
b a a ɔ ɔ k y ɛ e e w i
a b l ɛ a a b o e e
ŋ k a f t ɛ t s i e a t s ɔ
a h ɔ ɔ e e
a a h ɔ b ɔ e
n e k t s w a a a t e
ŋ f u t b o k o b a a y e e
ŋ b i e e ɔ i k
ŋ k w u k s o e m a a
f u t s a k o ɛ ɛ k s ɔ s k i k o
a w o s
w i f ɔ f e e
b e l a s a k e e
b a a ŋ j b a a m
ŋ k w ɛ a f a l
h i k m e l e k a s ɔ l k o
a i e e k o
s h w f ɔ k ŋ b f ɔ k o
w ɔ a l a k i a e e e e
s e l e ɛ t ɛ k a k o k o
ŋ w a a a d i
a j ŋ f ɔ ŋ h i y ɛ k o
a a h e a a m ɔ k o
ŋ y e p ɛ t e e
a k a i
g b l e e
b ɔ k o k o
e k k p a a a y e e
ŋ w o s ɔ m ɔ ŋ t a e e e
f ɔ f w ɛ j a a k
a a f ɔ a j o a a y e e
ŋ l e k a a b ɔ ɔ l e e
a k w ɛ ɔ l e k
ŋ l ɛ l ɛ m ŋ t s w ŋ ŋ m ɔ
ŋ f a a w a a e b l a
ŋ a a h
f a l ɛ m ŋ s u a a h e e e e
i ɛ e e ŋ k p a w i s a t a a s u
b a a ŋ y e ŋ b e l e k
h i ɛ e ɔ i e p ɛ t e e
ŋ s ŋ t e e
a l a k
n u k ɔ s e e d u e e
ŋ h o k b a a h o t a
ŋ j e ŋ f u t
a t s i u m ɔ k
ŋ t s u b o k w o s e e e
ŋ b l ɛ ŋ d a p e e
t s i k a n e w ɔ e k o
ŋ e k o b a a h k a n e
n u k ŋ k p ɛ t a e
f o k o a d i
b a a ŋ k a i
b a a b l j e
b a a s ɔ l a s a k
a a b ɛ a j a a d a
i ɛ e e f ɔ k
b a a j e e e f ɔ k s e k o h e e e a f a s w
m ɔ ɔ e h a e k o
e k o u k k p e
y ɛ k a f u ɛ m ŋ t s u e e
ŋ a a k a k p
b a a a s ɔ k a n n u k g b o
a l ɛ m e e
ŋ ŋ h ɔ d ɔ i e a t a m a a s h w
ɛ m ŋ m ŋ y a a a j u e e
a a g b a h a k o
t u e e e _ n i n ŋ n h w i k o
a i e b a a f
b a a w i a s ɛ m ɔ a a k w a a f e
i ɛ e e e e k u m ɔ
f a l a a ŋ a a l e e e
a a b b a a j
n k u n w ɛ e e b a a n m e a a s e e e
ŋ a a k o a j u
b a a d ɔ s o b ɔ e
b a a a j u ŋ h
a e a j u
b a a a j a p a ŋ s h l e e e
f u t u u t u k
ŋ ŋ a o t a k
f e d u k ŋ s u m f ɔ k m ɔ e u m ɔ k
l e k o e e
l e k o j a a e
b a a a j u u n i
ŋ h e k a k a i b a a m
j u k a y s o e e
ɔ d ɔ i e e
k p a ŋ b ɛ ɔ ɔ e e e e
ɛ t ɛ e ŋ j a a
e e k b i e e ŋ w o s e e
g b b i k o d u e e
y ɛ e a a h a ŋ w o s
s o e l e k j e e e k o
m ɔ e a b ɛ e e
a a g b s u k ŋ t s ɔ e e
b a a a t s i
a i e e a l a e u m e e e
a f a a d i k s ɛ m ɔ e e
u k y a k o
ŋ e l e e ɛ e j u s w a a
ŋ j u b l ɛ w a e e
j u l ɔ e a b ɔ
b o k o e _ n k d a k o k o
g b i e k i k ŋ f a l
k w ɛ k ŋ j i e a l ɛ m e e
ŋ ŋ m t e e k p e k ŋ n t s i k e e
ŋ j a a n
d u j i
ŋ m e j u e e d ɔ i k
b a a b a a k
ŋ a a d a
h i k o a b l ɛ
s ɛ e e f ɔ f a a y ɛ
l ɛ m ɔ e e e
l ɔ e e ŋ ŋ a g b o k p ɛ t k o
ŋ s s h w i
a a k p o s o l ɔ e
h a e ŋ s u m b ɔ f e e e g b i k e e
t a k ŋ l a a l e e
ŋ j a a e a b ɛ ɛ ɛ t ɛ
ŋ d i k n k
i e t s ɛ w i a
ŋ j i k w ɛ k ɛ t ɛ e e e
ɔ l e k l ɛ m w ɔ d k o
ŋ e e k a a b ɔ
t a k i a k o e e
s ɛ m g b i k e e
b a a a a y ɛ b a a t a j o o
ŋ a y ɛ w i a
s ɔ s e w ɛ
b a a s ɛ k o a d i
h e e e l ɔ e e
ŋ m ɔ k i s s a e e
s u k o e e
e l e y a k o e e
ŋ h i k s ɔ s e
g b e l y ɛ k b l ɛ k o
ŋ t s u e a a k p t u e e
a a f o b a a m e e
b a a t i k i b o k ŋ l e s u k o k i e e
b a a a y e ŋ f o b a a k
ɛ k g b i e e
b a a k e e
ŋ s h w f ɔ e e e e
w a a j o
a k w ɛ h w i a w i s h e e
o s o e d a k e e
s i e e a w a a g
s e k a s ɔ l o k o
a j a a i e k o e e
i a e ŋ s a f o e a a t e t a e k o
s i a y ɛ a w ɔ
t a e a n e e
a f o o s a a y e e e
l ɔ n u k o k o
ŋ g b
ŋ f u t t s w a ŋ f e f ɔ f e e
a f o ŋ h a u n i m e e
a a j o a f e a a s ɔ
k w ɛ h w i s
a a j e k o t a e e
ɔ l e k a a f a a ŋ
j e
a m ɔ ŋ m ɔ ɔ d ɔ a a n u l ɛ e e
a k w ɛ e e
s w a h ɔ a k a i
ŋ k a b ɛ ɛ k
a b l ɛ a s h w a b l ɛ e e
ɔ s e k j u k j a a e e e
n e e e ŋ k w a f e e
ŋ p ɛ t a i ɛ e e d u k d ɔ i n e k h ɔ ɔ e
b a a w ɛ t s ɛ m ŋ k
ɛ m f ɔ h ɔ
a a s ŋ m a f ɔ k e e e
ŋ a k a ŋ k p ɛ
n i m k b o e e
o k o h i k
ŋ a e e e e
ŋ f a a a k o j a e e
ɔ i k w i a e e e
a k w a a l e t ɛ e e ɛ m ɔ e ɛ ɛ g b l ɛ
a m a a f a j i e e e e
i e a s e l k o
b a a d e e
g b l a ŋ g b l e e
a i e ɛ ɛ h w i a e e
k a i e
w ɔ ɛ t ɛ k p e k ŋ h i
m a a k ŋ s e a i y a e e o o k o ŋ y w ɛ e e e e e
ŋ a e e e e
t e e k k o
b a a d ɔ t s ɛ
ŋ a k p a ŋ s ɔ l f l
ŋ a b o t u k o ŋ f u t
ŋ f o e e y e w ɛ k o
b a a g ŋ s e l
a d a l e b e g b l ɛ
f a l k a i l e e e
f o k ɔ f l ɔ e l e e e e e
ŋ l e e e l ɔ e
s u e e s w a a
ŋ m a a f o e e e e
ŋ k a a t e g b e l e e e
ŋ k p a a h a a f w o s k o
a m ŋ l l a e a ŋ m
b a a n j a a k
e l e e t ɛ e e
a j o t a e i m e e k o
ŋ h e k ŋ t s i
a a j ŋ l a a l a e e e
ŋ ɛ e e s i e h e a f o
ŋ ŋ b ɛ ɛ t s ɛ e
t s ɛ k a a l a a k a
l a e e a a j
b a a a j a a
f ɔ f l b i e s e l e y a k ŋ t s ɔ e e
ŋ ŋ m ɔ k o
b l ɛ k a i a f e e k o
ŋ l i n e k ŋ a e e e e e
a w ɔ d
ŋ i k i m ɔ k
e e e a a h ɔ k o
a h ɔ e e
n e e d u k o
k p e j a a h i k a y ɛ
ŋ t e e
p ɛ t ɛ h i k e e
t e e e d u e e k o
y a k o b a a ŋ g b i e e e
b a a a n e k j u j o y a k i e
u m ɔ ɔ k l ɛ m ɔ y ɛ a k p ɛ e k o k o
ŋ a a k p ɔ d ɔ i
p e k a j a a e e
e k d u ɔ f l e e
i m e b o e e ɔ k o
ɛ k o j e e e e
b a a a a b ɛ
ŋ g b i e a t s i o t
ŋ t s u b l ɛ e a ŋ a
n i m k f l ɔ
ŋ k w a a b ɛ k o
a l ɛ m n u k o e e
n u k k o
ɔ i e s a k a k o t e e
b a a p ɛ m ɔ ɔ k e e
d u e e a k a f s e
b i e a a h ɔ d a e e
n u k t s ŋ d i e e
y a k ŋ k p a w ɔ k
ŋ k w ɛ n e k o e e
ŋ t e s u m e e
a l a w o t s u e
k u n i t e e e
m a s ɔ l e
a t s ɔ e e k o
t s u e a h a
ŋ i m a a t e a a k a k p ŋ h a a l t s ɛ m
a f ɔ j i e e e e
a a j a
b a a f k o
b a a k i ŋ k a f n i w ɛ k o t a w ɔ e a a t s
k p a s k o
w ɔ e t s ɛ e ŋ b ɛ e e
ŋ s h a a t a
h ɔ ɔ k e e
w a k o l ɔ k d a k o
j u e ŋ t s ɔ
t s ɛ m i ɛ e e t s u k w i a e k o
s ɛ m
b a a h i e e ŋ s u t s i n
ɔ d ɔ e _ n k
ŋ t e e
a a f o i a k
j u e a a h
a a k p s a k o ŋ ŋ m ɔ e e
a a ŋ ɛ e e ɔ f l n e e e e e k o s a k o
ŋ s ɛ e e g b l w ɔ k
d u e t ɛ e e ɔ l k o
b a a ŋ k a f
ŋ j i e k o
o s ŋ d n u k b ɛ f a a e n u k ɔ ɔ k o e e
ŋ i n e s a e a a l e
w ɛ k a a b d a k o
b a a a a g ŋ m ɔ ɔ h i ɛ ŋ h i a l a k
a k p a n i
a k p h ɔ ɔ e
ŋ f ɔ k a j e
b a a a f a m ɔ e
ŋ ŋ m s u m k w ɛ k a y e _ k a i k e e
b l ɛ u e ɛ ɛ e e
ŋ a a d i d u k k a f o
b a a f i n b o e e e
i ɛ k o ŋ a k o
ŋ k p e a f a y ɛ b o k o
s a k y ɛ a y e _ b i k o
e l e e f l a s u k o
ŋ d u t s ɛ e e e
b a a ŋ l e n i m a i e e
a s ŋ m a a i k i e f l ɔ k ɛ m ɔ e a ŋ m e e
a m e e k o e e
ŋ s a e h e k o b l ɛ
ŋ a a s f l ɔ k
i s h w l a e k p a s
n u e s w a a a a f o
ŋ ɛ t ɛ k s a b l ɛ e
s e e l ɛ e e e e
b a a l ɛ m ɔ
a y e _
ŋ k u n i ɛ ɛ k o
a s ɔ l a a k k o t k o
ŋ d u k ŋ t s w
a a g j o o e e e e
a a d u l ɔ a t t e
e _ n k l e k o
o s o k e e
m ɔ ɔ k s u m ɔ e e e
ŋ k w b a a ŋ
ŋ h i ɛ e
ɔ k s ɔ l e ɛ t k o
l e ŋ f u k i i a k o e e
a t s ɔ k a n t s w a k o
t s i o t a k e e
ɔ d ɔ j o o e g b o e l a e e
t s a a h e
m a a e a a t e e
ɔ ɔ k o a w ɔ d e e
a w n e e a a s k o
ŋ a a l a
ŋ m ɔ a t s ŋ a k o
o o k a a k ŋ b l ɛ
a a t s w ɔ d ɔ a f a l
o e e ŋ j e k w ɛ k t e e k t s u
b l a ŋ h ɔ l e k ŋ f t u e
a a d a b o k e e
ŋ j b ɛ ɛ k
e _ ŋ s ɔ e e
t s ɔ a a b ɔ ŋ f ɔ
m a b a a b m ɔ k e e
ŋ k o t a i k
k a f o i a k o b ɛ ɛ
b a a s o e e a k p e ɛ ɛ k
a j e b a a k k o
g b i k w ɛ ɛ e e
l ɔ a a l a i m ŋ h i ɛ
b a a ŋ j i a a d i s o e e h e k o
p ɛ t e e
a f a l ɔ s e e e e e
b a a ɔ s m e e
f o k o s i k s w a
w ɛ k a h e e e
f o e e e e
k u n i
ŋ y e k o l ɛ e a a j u
d u e
b a a o t a b e n k u
ŋ ŋ m l ɛ e a a k p e e
b a a a s ɔ l a g b ŋ t s ɔ
y ɛ e e
a a j i k p e k ŋ s ɔ
a a b l w o s ŋ f o e e
e l e k ŋ t a m ɔ ɔ
n u e y e _ n ŋ t s ɔ s ɛ a j i e e
a a s h
i a e t u e e k o
ŋ a e a f e e
ŋ s ɛ m ɔ t ɛ ŋ k a f
a n e k b ɛ ɛ ɔ ɔ k o
ŋ t e a a t p e e e
a a t e k o p e e e e e
u m ɔ e e
k i k o ɛ ɛ t e e e e
ŋ u t ŋ m ɔ k
t s ɔ s o k o o k b a a w n u a l a k
o t ŋ b l ŋ j a e e
t e e k
i a e k p e k ŋ f e e
a k p ɛ t u k a k p
a a b ɛ a a h i a l ɛ m
a j e s u m k o
k i e e
b a a l a e b a a s
ŋ w ɔ i k i e
s o e ŋ t a d u e e e e
a a t e ŋ k p ɛ t ɛ k
i e a t s w d a k
ŋ f ɔ e e
h a k o o k o
a n e e ŋ k e e
a s a k i e k
j u j u k o a w o s
b a a t s ɛ e k a
f o e t ɛ k o
u k
w o s o k a i k
ŋ d i ŋ j o i k
k o t b ɛ l e a f a a ŋ k k o
ɔ l e e ɛ ɛ e l a k o e e
h w ɔ d ɔ e e e
ɔ ɔ e e o k o k o
h e k o ŋ w
ɛ t m e ɔ d ɔ u t
s o k o ŋ s ɔ l a s h a f u w ɔ ŋ w ɔ e e
a a e
ŋ m ɔ ɔ a g b o t ɛ e e a a h e k o
h a k o e e e
ŋ h ɔ ŋ w k a i k e e
ŋ f a a ŋ w o s k o t m ɔ k o e e
o t a e m e e k p ɛ ŋ h ɔ i s h p e k o e e
i m k e _ y ɛ e a a f o a k a i e e
y a d ɔ i ŋ f u m k a a l ɛ j u e e e e
b e m e e e e e
f ɔ e k w ɛ a a t f u e e
a i a a b s ɛ k o y a k o k o
b i k o n i m b a a w e e
b a a g b l a s ɔ l
n k u a t s i e e
l ɛ e e k o
s h w i ŋ y e _ e e
k w ɛ s e a d u
ŋ k o a n e e s ɛ e e t s i a k o t a n u
ɔ k o ŋ w ɔ d e e e
i ɛ k o s h a k p
w ɔ d i n e k
b a a o o l ɛ e
ŋ f a a l ɛ m o o k n e e
u m ɔ p a s k u n i n e e e
ɔ e e s ɛ k b a a k e e
ɛ t ɛ k ŋ t e j o e e
a y ɛ ɔ e e p ɛ
j i e s a k b l ɛ e
b a a f l ɔ k
j u f a a w a a k
a a j u ɔ d ɔ i ŋ j i e
l a e
o s o e l e e ŋ f ɔ f e e e
t ɛ k o e _ n k
ŋ l ɛ m i a
a n l ɛ e e l ɔ k o k
k u j i e
d u e k w ɛ k
b e l e k a j e e e e
b a a a k o t j e a a k o
a k o
ŋ a a d a a i e
b a a u m ɔ e a k a i ɔ e e
s i k ŋ a e l ɔ e e e e
a j a ŋ k s e k o a a s u
ŋ f ɔ f h e k a l a
i a e e e e
b a a k w ɛ k
ŋ a a s e a l e
ŋ j u y e _ b i e e
s u a a j e
ɛ ɛ k o j u k u m ɔ e e e e
ŋ p e k o
a d a i n e l ɔ e e e e
w i a e ŋ b ŋ m ɔ ŋ d a k o
p e e e p e k e e
ŋ s h w i
ɔ i e e e e
ŋ d i k e e
ŋ t e j a a e ŋ k p e e e
a a k p ŋ f u g b e l s a i n e e j o o k e e
s e e t ɛ k b a f o e e
b a a j ŋ k a f
d u e a d i b a a y a t s i j u k k w ɛ e e
o s o e s h w i k a i e k o
a a h i ŋ k w a a s u
b a a a s ɔ l e e k a g b e l e s u e
ŋ ɔ f a d i
b a a ŋ d a u m s ɔ s
f ɔ k o a a b l a a l ɛ ŋ f a m a a k
ŋ ŋ f ɔ
ŋ p a s a y ɛ
a n e b a
ŋ l ɔ d a k o ɔ i k o b ɛ ɛ k
a a ŋ a e e
a k p ɛ b a a n
a f ɔ a a d t s i e e e
ɛ e t ɛ j u k o w i a k s e e ŋ s h w e e
t u e e ɛ m ɔ
o s ŋ s e i e e h a k o e e e
a w a f l ɔ s a k f l ɔ e e e
f l ɔ k a d a a a k w
t u w a k o e e
s i n e a w ɔ d a a d a
s i e ŋ m ɔ k f l n i m k k o
a h e t s s i k f l ɔ e
t ɛ k o l a i m e a e k o
h i e
a a y e k o
d a k o ŋ m ɔ e e
ŋ h e w ɛ e u m ɔ
t s ɛ m b o k o
a d i a a t s f u t ŋ d u l e k o e e
ɛ ɛ e d u e b a a d
ŋ a l e f u t s ɛ m ɔ
m e p e e e e e
a j i ɛ t ɛ k i a k o k o
a a f u u n e _ k o
t s a f a a n e
d u m ɔ ɔ k
b i e ɔ d ɔ i a a h ɔ k o
t s i e m ɔ ɔ k
ŋ ŋ j e a n e e
ŋ j a a d u t a k o e e e
ŋ a a l e a a l ɛ
ŋ p e e ŋ ŋ m a a k
u n i o s o t e e k k o
a f o a ŋ m a e e
ɛ e e ŋ l e b ɔ a t e e w a a l e k o e e
b a a o k a a j e
a m ŋ s h ɔ ɔ f e e
b a a k i e e n e e e
a l ɛ a a ŋ m
ŋ f u b a a y
ŋ f l ɔ p ɛ t ɛ
a i f ɔ e y ɛ k k o
a k w ɛ t u e
d ɔ a a j a b l ɛ ŋ m ɔ ɔ
f e a k a ɔ l e e b a a k k o
u k i ɛ k d a k o ɔ ɔ
d a e e d ɔ i u m ŋ j i e e
_ n k a a s u
ŋ j a g b o e e
ŋ f o k o k p ɛ t
a k w ɛ s e k e e
h a e a a h a s h e e
b a a ŋ y e l a k
k w ŋ j u _ n ŋ s h w e e
w ɛ k o e e
ɔ s e k
j o o e a j u i ɛ k o e e
i k o j e e
b e l m k ŋ t s i e e
b a a s a k o
a a b l
n k u n
h i s i k a j u h i e e a k a f e e
h a e
b ɛ p a a i k h e e e k o
j i l a k o i e e s o e s o e a l e e
b a a g b i e o t a e
k u n a b ɛ ɛ
k w ɛ ɛ e e e e e
a s h f ɔ k o
ŋ a s ɔ l
s ɛ m a h ɔ
ŋ w ɔ k ŋ m ɔ ɛ t d u k o
_ n k u ŋ d i ŋ f e e e
b ɔ ŋ k w ɛ
ɛ m ɔ k a j a a ŋ s ɔ l e e e
g b n e w a a k k o
y e t s e e
ŋ k o ŋ t s ɔ e _ n k e e
b a a h ɔ ɔ ɛ ɛ e
ŋ t s u e e
m a a k a n b ɔ e
a a d k p e e ɔ d ɔ i
w ɔ e d a e e
a a m ɔ
b a a j a a e
ŋ l a k p a
j i a f e e e e
n i m y ɛ k o
t s i e h a k e e
l a e t e e e e
m ɔ ɔ k ŋ m h i ɛ k ŋ s ɔ l a a d u e e
f u t a a k w b a a b
i m e
ɔ e e k k o
y ɛ e
a w a n u
ŋ a a w o o o k s a k
ɔ l e k b e l
i k a a n w ɔ d
ŋ d u e e
b a a h i k o a a y a ŋ t s ɔ
s ɛ e h w i i m k o w i a e e
j e k o _ n k a a j u e e
s e ɔ ɔ k o e e
a t a a ŋ a a n u e e e
b l ɛ k e e
ŋ a a h e j i e e s a k o
a a j o f a a ŋ h ɔ ɔ e e
b a a g b i k h a a a n u
ŋ d i h ɔ
i n e e w o w ɛ e e e e
b a a b a a h a j i
f l ɔ k a j a a
ŋ h i j u k p e e e e e
w i a k s e e e b a a w k o
ŋ f f l ɔ k ɔ e e e
o o e t s k a i e
b a a y a k o ŋ g u m ɔ k
ŋ s ɔ s w a k o m ɔ ɔ k e e
g b e ŋ y e ŋ a
s ɔ l e a a b l a f o e
b a a s i k o a j u e e
w i s h a b ɛ ɛ e e
a w o o t k a f g b i e k o k o
s e a a b l o k o
o o e e a j i
b o w i s h a l ɛ
ŋ a f o e a f u h a k o
ŋ ŋ t a a a l e a h a
s w s w a j u ŋ l ɛ f u t a k o ŋ s u m e e
a a h ɔ k i k a k p ɛ e e
ŋ a e i n e e
a s a e ŋ f u t i e k k o
b a a a k p a f e
ŋ h ɔ ɔ b a a ŋ
d ɔ a f s i k j a a
b a a l a k o e e k o u t
i k i e j i e k j u k o
h ɔ ɔ e e e
a a y e o t u n i m
ɔ d ɔ
b a a j a a e a f u t o t a e
a a t s e e
s w a a k o
h i k j e e e e e
k p a s ɛ ɛ k o
y a e m a
ŋ g b ŋ h a
s u k o ɛ ɛ k o l ɛ m ɔ ŋ b ɔ ɔ k o e e
j o o k o
a s e l a l a k e e
b a a ŋ d a w a e e e k o y a k i e a i
n u e e _ ɔ d ɔ i e e
i k i k ŋ k p a n e e e
t u k p ɛ t e e
ɔ ɔ k o w a k j u e b o k o
b a a ŋ j a ŋ k a i
d i k i
b a a ŋ ŋ y a ŋ k p ɛ e e
ŋ h i ɔ l e a b l ɛ
f l ɔ k a h i
t e e e g b i a s ɔ
b a t s u e g b i k
w a a e o e a y e _ k o t a u n i m u m ɔ e e
ŋ g b ɛ m ɔ k
s i e e b i b i e e e e
b i k o ɔ ɔ e e a s a e
a s u m
b a a ɛ t _ n a ŋ a w i a e
a a y e e
l a k o
l ɔ e e ŋ h ɔ m k o ɔ l e a a b ɔ s ɛ ŋ j i
i k o i e h i k s u k k o
ŋ a y ɛ f l ɔ k
b a a l e k o ŋ k w
f l ŋ a e e ŋ h ɔ ɔ
b a a a a f o
n k ŋ t s i e e
ŋ w ɔ k o b a a h
a j o o a s a e ŋ f e e a a f o
ŋ ŋ s h
a m ɔ ŋ l a
ŋ g b e l s o e k a i e
ŋ k
ŋ k w ɛ e e
ŋ j o f a l a l a k
o o l ɔ e f ɔ k o b ɛ ɛ e j e ŋ h i ɛ
b l a k ŋ j o s a e i ɛ k a a d u ŋ d e e
l e k o s u e e w o s o e e
e e e e a a n u
t s ɛ k a f o e b ɛ ɛ k
a t s u y e _ s i e e
b a a a n e l ɔ ŋ s u m
f e e e
ɔ ɔ k
a a j o
i ɛ e s h w a t s
ŋ a f a s u
g b o e ŋ l e h i k o
s ɛ k k p a s e e
w o y ɛ e ɛ t o s o e
k u n n i m o o k s h l ɛ m
t s i e u e e s ɛ m ɔ
a b l k o
ŋ y e _
a y a ŋ j a e e
a n u n e e e k o
ɔ s e a l ɛ m i m k o
s e l a l e e e k a a y e e e
k w ɛ k ŋ a k ŋ k o t
s ɛ a t s u e e
g b o o t a e e
k i f l e e
f a a f a l a
ŋ j a a e b l a e o t a k a f o e ɔ i k o
t u k o l ɔ e a h ɔ ɔ i a e a n e e e e
b a a w ɛ e k o
ŋ s u m e e
b a a a ŋ m a e l h i e j a a e
j a ŋ a k o k o
a j a a m ɔ t s ɔ s e e e
b a a a g b l s u m o t
b a a b a a s s e e a a l s a e e
s h w i e e
s o e e w ɔ d e e
ŋ s e e a a f u
e _ n a n e e
ŋ a t s ɔ a y e ŋ g b
a h ɔ a ŋ m k p ɛ t
b a a b i e e s ɛ a a n u
ŋ j o ŋ f e e e e
a a l a k p e b ɛ ɛ k
j u e e a a b o
b a a l t s u e a h e e
w i ŋ d i k e e
b a a w a a i m e e
ŋ j i e m ɔ ɔ e m k o a b ɛ ɛ ŋ j o o a a j
b e l e s ɛ e a b l ɛ e e
a k o t t ɛ k i k i
a a s e ŋ f u t e t s i e e e
j a s w e e
u m ɔ e a m ɔ
ɛ k u n i
t a e e e e
y a e e ɔ i k e e
b a a t e e f ɔ e e a a y a
a y a a d a w o s o e e
ŋ h w i s
j i e k
t a k i a e a ŋ m a a y
a n e k g b o k l a k o
b a a a a y
ɔ f l j i e e
b a a s i k ɔ k
b a a ɛ t ɛ e ɔ ɔ k o s a
ŋ o o e b a a ŋ j i e
ŋ ŋ j e s o e a d u m ɔ ɔ e ŋ k a n ŋ d a
b a a m a g b i e e
ŋ m a ŋ b l
b i k p a ŋ b ɛ ɛ e e
a a t a f a
i ɛ k o f e e k a b ɔ
ŋ k i e i m e s ɛ e a w
e e k u n e e k o
a a b y a k o o t a k e e
i n e k ŋ a k o a a j e e
w a a a a h ɔ h a k e e
u n i a f o k e e
ŋ w o s a a f
w i s ŋ h ɔ ɔ e e
m a a a l e e e
t u k u e b a a n k a
b a a d ɔ i o t a e
t ɛ n e k
i e k d i b i e e e e
ŋ m ɔ e
u e y a k o i k o
h ɔ ɔ a l a k n i m e e e
k i k o e e
b a a h i ɛ e
a n u y ɛ e e e e
ŋ w i a e a a w a
n u e a a o t a a f e e e
s i e ɔ f e e
ɔ s g b e l w ɔ d ɔ j o o a h i
o e e
ŋ t s w a s h w
f ɔ e e a h e
a l h i e s ɛ k e e
ŋ h i e j e k o
o t a a l a t s w a a k
w o a a g a y a a d i n k u n e e
ɔ e ɔ i e u n i
ŋ k p ɛ a s a a ŋ m d a k e e
b a a ŋ b l ɛ a i e e m a a e
m k a a w k o
ŋ a k w ŋ d i k
ŋ f e ŋ k a n
w a e ɔ i k o a a b ɛ
b a a n l e k o t u k o
l ɛ m ɔ k p ɛ t e e
g b o k e e
ŋ k a a a g t ɛ e e
ɛ m ŋ f e k w ɛ ŋ f u g b l a
ɔ i k a b o k w ɛ k
ŋ o o e ŋ m f ɔ f
y e a b j a u n i e e
b a a ŋ k p a b o o t a e a ŋ a t s u ɛ ɛ k
i a e e o e e ŋ w ɔ y a e k o
a b ɛ a a g b e e
ŋ l ɛ m j a a
j o o a w a
d a s i n e u t e e
i n e e a t a
i n e k l ɛ k o ŋ k o ŋ t k i k s u ɔ i k e e e
a ŋ m ŋ k w k o
ŋ b l i ɛ a a h ɔ k o
ŋ b l ɛ e e
ŋ i a k
i m k o w ɔ k o
t s f a a k s i k
ɔ s e e w a e e
s e k k o
ŋ t s ɔ w ɛ b i e
s u e e b i e e k a i f ɔ f
b a a t u k ŋ f ɔ f
a f a l f e e
a a e e h ɔ ɔ
l ɔ e s u i a k j o o e e e
y ɛ e e
ŋ k a i s o b i a a s e
a m ɔ s e e e e
a k w ɛ e e
o e e i a e e e e
ŋ j o
b a a i s a d u b a a t
n k u n a a m ɔ k o
a f a a a y a n u e e
m ɔ ɔ ŋ t a w ɔ d ɔ
d u e e a a s u
a l s e k o
j u k o d i h w i s
a a y e t s u e a a g e e
b a a a a h o s o e
f ɔ k o n e k o k o
h e e w a a k
ŋ s u ɔ l e e
i a e e e
t s t s u e d a e k o
s u e w o s o
ɔ ɔ e e s o e
b a a u n i i ɛ u m ɔ e
ŋ f ɔ f a a h i j e
b a a ɔ i k f e e
a f e e
ŋ a j o o a w ɔ
l e e e e e
t s ɛ m h e e
y ɛ k ɛ m ɔ a l e g b l ɛ a a b ɛ
a j e ŋ h i k o
ŋ s e l
b a a i e d i b a a w
a a g b e e
b l ɛ k a y b i k o e e
a f u t e e
h e k o _ n a n e e e e
o s o e k p a a f u e e
t a k o ŋ s ɔ l s a k a f u n i m k k o
f ɔ k o ŋ b l ŋ h i
a a w a a t s a f ɔ d u e e
a n e a a t e e e
ŋ j u e e
m ɔ k o w ɛ k a n e e e
s i ɛ ɛ e e s w a a
i k o a j ŋ g b o i a e e e e
k u n k a i e e e
a a w a k p a s j a a
a w a a a y e g b e
b a a t ɛ a w ɔ
ɛ t ɛ e
b a a w ɛ k s i e ŋ j u
ŋ y a ŋ h i f ɔ f l k o
b a a l
b ɛ w o a k a i e e
h w i a f u t e e
l ɔ k e e ɛ ɛ k a n
ŋ j i e k y a e
i k i e
s ɔ s e ɛ ɛ k ŋ j i e e
k w ɛ e a b ɔ ŋ a k e e
b a a ŋ k a i u m ɔ a ŋ m
i e k a j o o f o k o
n i ŋ m ɔ ɔ p ɛ t ɛ e e
ŋ l k o t
ŋ m a ɔ d ɔ k w ɛ t ŋ h a b l ŋ j e l ɛ e e
a k o i a e d u k o
a f o k a n e
b ɛ ɛ b a a k e e
s w a a a w o
ɔ f i ɛ k o ɔ s e e e e
u e k u n ɔ ɔ e e a i k o
m ɔ ɔ ɔ s a b ɔ
b ɔ e e j a a k
s a e b a a ŋ m j i e
ŋ a w ɔ d
ŋ a e l ɛ e e i ɛ k o
b a a a ŋ m a
h i ŋ k o
p ɛ t ɛ
i a k o k o
t s u k ɛ k o e e
a f o e e e
ŋ n u
o o l ɛ m ɔ
h e k o o e e
ŋ d k p ɛ
o e e ŋ w ɔ d e e
y ɛ k o b l a e k o
ŋ d t e e
a k i s
ŋ m ɔ k
i a k o d ɔ i e e e
b a a h e k o e e e ŋ j a a
a w o f e k o
a a f u
s a k u t u k
a a j i t a e e e
ŋ k p e m a a
ŋ i a k i m k o
ŋ t s ɛ k
t s i n s a k e e
ŋ ŋ a
ŋ a k ŋ a e ŋ m ɔ a y ɛ
a a w a a a n o k o
n e e j e k
b a a h e e n i ɔ d ɔ a a b o
j u k a y e _ g b l ɛ
b a a k j e e
ŋ m ɔ e k o
ɔ s a g b a a d
f l ɔ k a j t s ɛ m e e
ŋ j e e e
ɔ l h ɔ ɔ e
a k a n ɔ ɔ e
a a y e t s
l e k o a g b i a a y e e e
b a a w ɛ a d i k a w o s
s e k e e
k p e k f a a k
k a n e i s h ɔ f
i k i ɔ e a a g b
y a k a ŋ h e k e e
p e k o
ŋ n k u n t u k o m ɔ ɔ d i ŋ b l ɛ ŋ l ɛ
b a a j o o a a t e i m k
l a k o y a e w a a k e e
u n i u m ɔ k y a e e
f a a e b l ɛ k k o
b o e o t a e
k o a a n u
b a a t s ɔ s e _ n m a a t s ɛ
h e e e ɔ l e ŋ j i e e e
b o k o a j e h w i
ŋ k p a f e e b e l w ɛ k o e e
ŋ f a s w a b e l
m a a e ŋ d u
f o e e t s ɛ e ɔ e e m a a
a a l e a k p
i n e e t ɛ e
a h e h a a k o e e
h w i e e
j u e e y ɛ e j a e e
ŋ a l a k ŋ t s i
p e k o b a a g k o
ŋ g b l h i ɛ e
e k a j o
b a a d e e
ɛ t ɛ l ɔ e e e
b a a a t a b a a y
ŋ g b i ŋ t s w e e e a d a f a a e
a a t s e e
u t u e e e
ŋ a s ɔ
ŋ b ɛ a y ɛ a k p a
l e k s u k d a e j u k k o
a a ŋ a a f e e
b a a a t w i s h
b a a d a k o a d ŋ h i
s i e ɔ e k o
ŋ g f o e o s o ŋ t s ɛ
ŋ u e e i n u n i m
s e k o ɔ ɔ k f l ɔ e e
a f u y a e e d i k i e e e
i a k o
b a a t a ŋ a i n h a e e ɔ ɔ e a s h
a s u m i e l ɔ k e e
o o k o i k i e
b a a p e ŋ b ɛ ŋ j i
d a n k u e e
j o o e w o b a a d e e
m ɔ ɔ h w i s k o
a j i e h i ɛ w i a k
k a n ɔ k a k a n
ŋ f a l ŋ n s ɛ k o t u e e
s o k o h a e e e
ŋ a d u
b a a h ɔ ɔ k o t a s a e a a j e s ɛ m ɔ ŋ n
ŋ k a f
b a a h e k a g b o a a w o
b a a a a h w ɛ u m ɔ e
m ɔ a a t s s e e ŋ y ɛ
ŋ s e l e e
b a a p ɛ t ɛ
ŋ g b o ŋ ŋ m a m a
ŋ i k o s ɛ m ɔ
b a a ɛ ɛ a a y a l ɛ k l ɛ k o
i ɛ t s u e l ɛ k h ɔ ɔ k i ɛ k w ɛ e
b a a s e l
ŋ o e k w ɛ e y ɛ b a a j
ŋ ŋ t s w ŋ m ɔ
b a a a a t s h w
a a j o a a s ɔ k o
b o s w a a a a k p
s u e e e e
l e k o a j e a b l ɔ e e
b l ɛ k ɔ l e e
b a a f u t ɔ e e a j i e l ɛ ŋ g b ŋ k a n
b a a a f e a t s w
s ɔ l e k i e h ɔ ɔ e k o
l e s i e d u k k o
ŋ ŋ a ŋ t a a t e e
m ɔ ɔ e ŋ b ɛ ɛ
a a s u l a e e e e
m a a k ɔ l e a s a e
b a a d ɔ k w
ŋ ŋ l a ŋ j
ŋ ŋ t e ŋ b l ɛ
b o k f e ɛ e e u m ɔ e e
b a a ŋ t s ŋ j i a a t a
a j i e a h ɔ k a i k k o
ɛ m ɔ e n u k
d a k o ɔ i e e e e
b a a a a ŋ a d a e e a h i ɛ
s u e a t s
l e e e a s u m s i k
o k ɔ d g b o
ŋ l ɛ m b e l k o
a ŋ m ɔ a k p e k o
n e k o k o
b a a f ɔ f a ŋ m a j i e
s ɔ l e
ŋ j a a e a a f o
s w a a e e e e e
ŋ f ɔ a f u o s o e e e
a a l i s h ŋ k p l ɛ m
i ɛ k a t e
a i e b a a d
j a a e a h ɔ e e
h i ɛ k n k u n b i k
ɔ s e k k p e
b a a k p e k
b a a m a k a d a
t ɛ u k i m ŋ s h e e
a b ɛ ŋ t e e o k o
i m ŋ k p ɛ ŋ g b i
a k p e e
i n e y e s ɔ l a a k w e e
ŋ ŋ t s i h i ɛ k
b o t s ɔ ŋ m ɔ k e e
b a a k p ɛ ŋ g i k ɔ l e
i a e e a f o e e e e
k a i e i s h ɛ ɛ e e
o e i ɛ e t s ɛ m
a g b l a h ɔ ɔ a t s i p e e e
b a a k a n i a k a a d i l ɔ a a k m a k o t a
l ɔ e ŋ s ɔ l a t s a a b e e
k a f o a b ɛ
k a n l ɛ i a e
a a w a s o e a g b l a n e e k o
a ŋ m ɔ f a l a a a f u k o
b a a h ɔ ɔ e a l a t ɛ e e
b l d u s w a a t a e e e
ŋ j o f a l e e
b a a ŋ m k a f o
f e e d i k a s h e e
s w a a ŋ g i a e s o k o k o
ŋ h e k d ɔ ŋ ŋ a
ŋ a j e
h i ɛ l e k o
b a a s w s h w i a k w
g b i e i k i k
a a g b a l e b a a a s h w ŋ k p e e e e
ŋ w ɔ d e e
a a w o ɛ ɛ t e e e e
ŋ p a e e e i n e e
ŋ y ɛ a h i ɛ k w ɛ ɔ s e k i k o
n k ŋ k a n e e
j a a e k p e e
ŋ t s ɔ a h i ɛ ŋ f e e f a l a ŋ n
b a a ŋ k a n s i k o a s ɔ l
b a a n k b ɔ e s o e e m ɔ e a f a a
b a a d i k i ŋ s u m i n e e j a a
ŋ a g b e t a s u k o
s ɛ e e
m ɔ ɔ k p ɛ a i k
b a a a e ŋ s e l ŋ n
