b a a b ɛ ɛ
b ɛ ɛ e e
b ɛ ɛ k o
b ɛ ɛ e e
b ɛ ɛ
b ɛ ɛ
b ɛ ɛ e e
b ɛ ɛ
ŋ b ɛ ɛ
b a a m i
m i e e
m i k o
m i e e
m i
m i
m i e e
m i
ŋ m i
b a a k o t a
k o t a e e
k o t a k o
k o t a e e
k o t a
k o t a
k o t a e e
k o t a
ŋ k o t a
b a a b i
b i e e
b i k o
b i e e
b i
b i
b i e e
b i
ŋ b i
b a a k w ɛ
k w ɛ e e
k w ɛ k o
k w ɛ e e
k w ɛ
k w ɛ
k w ɛ e e
k w ɛ
ŋ k w ɛ
b a a j ɔ
j ɔ e e
j ɔ k o
j ɔ e e
j ɔ
j ɔ
j ɔ e e
j ɔ
ŋ j ɔ
b a a w o s o
w o s o e e
w o s o k o
w o s o e e
w o s o
w o s o
w o s o e e
w o s o
ŋ w o s o
b a a y e _ n k u n i m
y e _ n k u n i m e e
y e _ n k u n i m k o
y e _ n k u n i m e e
y e _ n k u n i m
y e _ n k u n i m
y e _ n k u n i m e e
y e _ n k u n i m
ŋ y e _ n k u n i m
b a a h a
h a e e
h a k o
h a e e
h a
h a
h a e e
h a
ŋ h a
b a a k ɔ
k ɔ e e
k ɔ k o
k ɔ e e
k ɔ
k ɔ
k ɔ e e
k ɔ
ŋ k ɔ
b a a ŋ a
ŋ a e e
ŋ a k o
ŋ a e e
ŋ a
ŋ a
ŋ a e e
ŋ a
ŋ ŋ a
b a a h ɔ ɔ
h ɔ ɔ e e
h ɔ ɔ k o
h ɔ ɔ e e
h ɔ ɔ
h ɔ ɔ
h ɔ ɔ e e
h ɔ ɔ
ŋ h ɔ ɔ
b a a f e e
f e e e e
f e e k o
f e e e e
f e e
f e e
f e e e e
f e e
ŋ f e e
b a a m ɔ
m ɔ e e
m ɔ k o
m ɔ e e
m ɔ
m ɔ
m ɔ e e
m ɔ
ŋ m ɔ
b a a s u m ɔ
s u m ɔ e e
s u m ɔ k o
s u m ɔ e e
s u m ɔ
s u m ɔ
s u m ɔ e e
s u m ɔ
ŋ s u m ɔ
b a a t a a
t a a e e
t a a k o
t a a e e
t a a
t a a
t a a e e
t a a
ŋ t a a
b a a b l ɛ
b l ɛ e e
b l ɛ k o
b l ɛ e e
b l ɛ
b l ɛ
b l ɛ e e
b l ɛ
ŋ b l ɛ
b a a d a a
d a a e e
d a a k o
d a a e e
d a a
d a a
d a a e e
d a a
ŋ d a a
b a a s h a
s h a e e
s h a k o
s h a e e
s h a
s h a
s h a e e
s h a
ŋ s h a
b a a k a n e
k a n e e e
k a n e k o
k a n e e e
k a n e
k a n e
k a n e e e
k a n e
ŋ k a n e
b a a n u u
n u u e e
n u u k o
n u u e e
n u u
n u u
n u u e e
n u u
ŋ n u u
b a a k p ɛ t ɛ
k p ɛ t ɛ e e
k p ɛ t ɛ k o
k p ɛ t ɛ e e
k p ɛ t ɛ
k p ɛ t ɛ
k p ɛ t ɛ e e
k p ɛ t ɛ
ŋ k p ɛ t ɛ
b a a y a
y a e e
y a k o
y a e e
y a
y a
y a e e
y a
ŋ y a
b a a g b l ɛ
g b l ɛ e e
g b l ɛ k o
g b l ɛ e e
g b l ɛ
g b l ɛ
g b l ɛ e e
g b l ɛ
ŋ g b l ɛ
b a a n a
n a e e
n a k o
n a e e
n a
n a
n a e e
n a
ŋ n a
b a a t s u
t s u e e
t s u k o
t s u e e
t s u
t s u
t s u e e
t s u
ŋ t s u
b a a t s ɛ
t s ɛ e e
t s ɛ k o
t s ɛ e e
t s ɛ
t s ɛ
t s ɛ e e
t s ɛ
ŋ t s ɛ
b a a j u
j u e e
j u k o
j u e e
j u
j u
j u e e
j u
ŋ j u
b a a t s i n e
t s i n e e e
t s i n e k o
t s i n e e e
t s i n e
t s i n e
t s i n e e e
t s i n e
ŋ t s i n e
b a a b o
b o e e
b o k o
b o e e
b o
b o
b o e e
b o
ŋ b o
b a a t a w ɔ
t a w ɔ e e
t a w ɔ k o
t a w ɔ e e
t a w ɔ
t a w ɔ
t a w ɔ e e
t a w ɔ
ŋ t a w ɔ
b a a d a
d a e e
d a k o
d a e e
d a
d a
d a e e
d a
ŋ d a
b a a b a
b a e e
b a k o
b a e e
b a
b a
b a e e
b a
ŋ b a
b a a n u
n u e e
n u k o
n u e e
n u
n u
n u e e
n u
ŋ n u
b a a s e l e
s e l e e e
s e l e k o
s e l e e e
s e l e
s e l e
s e l e e e
s e l e
ŋ s e l e
b a a k p a s a
k p a s a e e
k p a s a k o
k p a s a e e
k p a s a
k p a s a
k p a s a e e
k p a s a
ŋ k p a s a
b a a m ɛ
m ɛ e e
m ɛ k o
m ɛ e e
m ɛ
m ɛ
m ɛ e e
m ɛ
ŋ m ɛ
b a a j i e
j i e e e
j i e k o
j i e e e
j i e
j i e
j i e e e
j i e
ŋ j i e
b a a g b e e
g b e e e e
g b e e k o
g b e e e e
g b e e
g b e e
g b e e e e
g b e e
ŋ g b e e
b a a h i ɛ
h i ɛ e e
h i ɛ k o
h i ɛ e e
h i ɛ
h i ɛ
h i ɛ e e
h i ɛ
ŋ h i ɛ
b a a d i k i
d i k i e e
d i k i k o
d i k i e e
d i k i
d i k i
d i k i e e
d i k i
ŋ d i k i
b a a t a
t a e e
t a k o
t a e e
t a
t a
t a e e
t a
ŋ t a
b a a b ɔ
b ɔ e e
b ɔ k o
b ɔ e e
b ɔ
b ɔ
b ɔ e e
b ɔ
ŋ b ɔ
b a a w ɔ
w ɔ e e
w ɔ k o
w ɔ e e
w ɔ
w ɔ
w ɔ e e
w ɔ
ŋ w ɔ
b a a d u
d u e e
d u k o
d u e e
d u
d u
d u e e
d u
ŋ d u
b a a f o
f o e e
f o k o
f o e e
f o
f o
f o e e
f o
ŋ f o
b a a l e
l e e e
l e k o
l e e e
l e
l e
l e e e
l e
ŋ l e
b a a t e e
t e e e e
t e e k o
t e e e e
t e e
t e e
t e e e e
t e e
ŋ t e e
b a a f ɔ f l ɔ
f ɔ f l ɔ e e
f ɔ f l ɔ k o
f ɔ f l ɔ e e
f ɔ f l ɔ
f ɔ f l ɔ
f ɔ f l ɔ e e
f ɔ f l ɔ
ŋ f ɔ f l ɔ
b a a n y i ɛ
n y i ɛ e e
n y i ɛ k o
n y i ɛ e e
n y i ɛ
n y i ɛ
n y i ɛ e e
n y i ɛ
ŋ n y i ɛ
b a a f ɔ
f ɔ e e
f ɔ k o
f ɔ e e
f ɔ
f ɔ
f ɔ e e
f ɔ
ŋ f ɔ
b a a f a a
f a a e e
f a a k o
f a a e e
f a a
f a a
f a a e e
f a a
ŋ f a a
b a a g b o
g b o e e
g b o k o
g b o e e
g b o
g b o
g b o e e
g b o
ŋ g b o
b a a t s u k u
t s u k u e e
t s u k u k o
t s u k u e e
t s u k u
t s u k u
t s u k u e e
t s u k u
ŋ t s u k u
b a a t s w a
t s w a e e
t s w a k o
t s w a e e
t s w a
t s w a
t s w a e e
t s w a
ŋ t s w a
b a a k a i
k a i e e
k a i k o
k a i e e
k a i
k a i
k a i e e
k a i
ŋ k a i
b a a h i
h i e e
h i k o
h i e e
h i
h i
h i e e
h i
ŋ h i
b a a t s a
t s a e e
t s a k o
t s a e e
t s a
t s a
t s a e e
t s a
ŋ t s a
b a a l ɛ m ɔ
l ɛ m ɔ e e
l ɛ m ɔ k o
l ɛ m ɔ e e
l ɛ m ɔ
l ɛ m ɔ
l ɛ m ɔ e e
l ɛ m ɔ
ŋ l ɛ m ɔ
b a a g b e l e
g b e l e e e
g b e l e k o
g b e l e e e
g b e l e
g b e l e
g b e l e e e
g b e l e
ŋ g b e l e
b a a f a l a
f a l a e e
f a l a k o
f a l a e e
f a l a
f a l a
f a l a e e
f a l a
ŋ f a l a
b a a s h a m ɔ
s h a m ɔ e e
s h a m ɔ k o
s h a m ɔ e e
s h a m ɔ
s h a m ɔ
s h a m ɔ e e
s h a m ɔ
ŋ s h a m ɔ
b a a g b i
g b i e e
g b i k o
g b i e e
g b i
g b i
g b i e e
g b i
ŋ g b i
b a a k p e
k p e e e
k p e k o
k p e e e
k p e
k p e
k p e e e
k p e
ŋ k p e
b a a ŋ m a a
ŋ m a a e e
ŋ m a a k o
ŋ m a a e e
ŋ m a a
ŋ m a a
ŋ m a a e e
ŋ m a a
ŋ ŋ m a a
b a a l a
l a e e
l a k o
l a e e
l a
l a
l a e e
l a
ŋ l a
u u k s u k u a f a a a k o u n i m k o
ŋ u e a n a ŋ a
h i s e l e
f o k
ɛ e e a a n e e e
ŋ k p h i k ŋ g b o j u k
i ɛ e a m ɔ e e
t a k l a k k ɔ e k o
y i ɛ k o
g b o d u g b i e ŋ t a
a a b o e e e
ŋ f ɔ k o b a a g
b a a s i n e m i ŋ b i
o k o b ɔ k w o o k o
b a a ŋ s h a g b o o s l ɔ k o
y a e e b ɛ ɛ e e e
a i k f o e e k o
a t a b a a n b a a t ŋ h ɔ ɔ s ɛ k u n i e e
s h a l ɔ k o
t s u k a f a l ɛ e
ŋ s o k k w ɛ k e _ n k
n u u k
b a a s ɛ l ɛ k o ŋ d s o k o
k o k p e e _ n a s e l k o
s u k o k i e e
w a b ɛ ɛ
ŋ g b o t s ɛ k k o
b e e k i m k o e e
ŋ a b l ɛ
a a w ɔ a t a e e
b a a k p e k h ɔ
b a a p ɛ t ɛ a m ɔ ŋ s h a
ɛ ɛ g b o k a j u e e
ŋ s i n e i ɛ e s o k o
b a a p e e ŋ y e _ a a g b
f a l a a m ɛ a a f o
b a a f e e
t a a a k ɔ s e l e e e
n e e e s a e ŋ k a ŋ g b k o
_ n k u a s u m ŋ m ɔ
u m n u u k
a a b l j u k o k o
s w a b a e a h i b ɛ ɛ d a a h i k a a l e e e
o t a k ŋ n ŋ d i k
k p ɛ a a h i e e
ŋ g b ŋ d u e e
t s s u k
j ɔ k n e e e e e
a a
ŋ t s i h i ɛ b ɛ ɛ e k o
y a g b e l ɔ e e e e
k u k y e _ m ɛ e e
ŋ l ɛ m a a f e e
j i e ŋ ŋ a a a t s e e
ɛ t ɛ k k o
k i e t s u e g b e e a a k w e e e
ŋ n u u p e k u k
b a a j o e k o
k p e k t a k o k o
ŋ n y i w ɛ k o ŋ j i s u k a f e
n y e e
ŋ m a a e _ n t ɛ e e k o
ɛ t k ɔ e e s a ŋ k p e
ŋ h i u n i a k
e l e k m ɔ k o a a d u ŋ k p j u k o
ŋ j i a t a e e
ŋ n e k o
o t a ŋ s e e e
a y e o e e i e e e e e
m e ɔ f l ɔ t ɛ k
b a a a t s u _ n k u s a k
a a n k o
ŋ t e s e u n i m
a a n u m k ɔ ɔ e e a s u m k o
a l a e n k u n
g b e a s u m a s a
o t a k g b i k m ɛ e e e e
b ɔ k i k i k a s e a a ŋ a t e e
w ɔ ŋ m a k o
y a e e e e
ŋ k p a s
t a e s u e e l ɛ e e
f a l a s ɛ e
e e d u k o a a g b a a n e e
a b l ɛ f a a e f ɔ f l e k o ŋ m k o
e e k
b a a j b ɔ k ŋ f a a k o
ɔ k o ŋ t s a
w o s e k o e e
n i m k n a k
a a s u a t a w _ n k m a a e
ŋ f a l a g ŋ t s i k o
b a a m ɔ e e ŋ s e l
b a a s a a j ɔ e e
s w a
b a a n a k w ɛ e e
u k a l
ŋ k a i ɛ k
ɛ m ɔ k o t g b y e _ n a g b a t a
ŋ m ɛ e e
l a ŋ a e e s u k u
l a k o a l a e e
m e a b ɔ l a e e a n y i ɛ m ɔ e
b a a t s u k a f o a a ŋ t a w ɔ e k u n i m
e k o a w o s e e
n k u n a e w a k o e e
ɛ e e k o
a n e k
ŋ k p e e e
b a a ɔ e e a n e e a s e
a a n ŋ d u b e e e
a a h i u u e a a t a e e
b e l i n e e k o
ŋ a a y e o s o e
ŋ s t s u k ŋ f ɔ s w a k e e
b a a w a e n e k o s u k o
g b l ɛ l a e s e l e e
ŋ b a a m e _ n f a a k u u e o e
b a a ŋ t s i
a w o ŋ ŋ o t a k e e
b a a j ɔ k o a n a
ŋ a b ɛ n i m e ŋ m a a
b a a g b ɔ k w a e e e e
ŋ o k ŋ g b ŋ j a l
a a s u b ɔ k w a k o f o a a d a ŋ k o t
b ɔ e s u e
ŋ n y a i k o
w ɔ k o b ɔ k ŋ k w ɛ
ŋ t a e k i e i n e k
i k i e b e e a a n a e e
ŋ b l ɛ a a
u k u ŋ f ɔ f f e
ŋ m ɔ a a t a s u k j i e e s i
ŋ t a h a m k o
b a a b
d a a l ɛ e ŋ j i e a t e e k o
ŋ s h ŋ n p e k t ɛ k o k o
a a b ɔ a a b a
s o ŋ l e e e
ŋ n i m k n y i ɛ
k u k o l ɔ e a t s u ŋ d i
a a l a a t a w e e
ŋ ŋ k a n s i n
ŋ s o m ɛ ŋ d u f a a k
ŋ m ɔ a a y a e e
a l ɛ m y i ɛ n i m e e
j u k o e e
b a a l a w i ɛ e e
l ɛ k o m i k o k o
a a d ŋ l a
a i n i a a f e k o
ŋ y k u e e
a d i u e e b ɛ ɛ k
d u e e f a l e e
b e l e e e
p e e a g b i ŋ k p e e
ɛ ɛ k w ɛ e a w ɔ e
i ɛ k y a e e
a a m ɛ o e a ŋ a
ŋ f a a a a b i k o
n e k f l a a f ɔ e e
m ɛ e e e b a a ŋ
b a a j ɔ ɔ e m ɔ k e e
k w t s a n a k u n ɛ e e y a i n
b a a t ɛ k a a y e ŋ m
ŋ k a a a ŋ e e
a a j u m k o k o
l a e e d a k o u k e e
t s u k k i e a a n y k o
ŋ d u ŋ t a e
b a a ŋ k w ɛ l ɔ e d a a k
t ɛ e e k i e e
b i e e a a f e e e
a a n u
n u k o e e
n u e a i e
a a f e i m b e e e
b a a w ɔ e a a s h b a a b
ɔ ɔ e e e e
k w ɛ e a a h ɔ
k a a k a i
a s h a b ɛ s u m e e
b a a s e l ŋ n u
ŋ ŋ a k o t a a s e l
a k ɔ e e e
b a a a a d i n y
ŋ m ɔ ŋ m i a m ɔ f ɔ k
ŋ k p a k o
b a a ŋ d u k e e
ŋ g a w o s a t a a e e e
ŋ a h m i k
ŋ w o a f a a e e
f ɔ k o ɛ t ɛ e a b ɛ ɛ e e
m k ŋ y e f ɔ k o k o
a a t d i k i
a s u m
ɛ t ɛ k u k o n a e
o t e l e a a b a a b ɔ i m k
k o ɔ k a a s
b ɔ k o n u u ɛ ɛ e e
ŋ ŋ l ɛ ŋ n a
w ɔ ŋ a k o k o
a a s u ŋ a k a h i e e
ŋ ɔ e t s a e
ŋ ŋ m
g b l a k o t k p ɛ t e e
a d i k m a a w ɛ e k o
ŋ n a e e f o e
ŋ l a p a a a ŋ i k i k
b a a w a m k b o k a l ɛ m
b a a y k w y a k o e e
g b e ɔ ɔ a a b e e
n i m a n e e ŋ h ɔ ɔ
b a a e _ n
ŋ d i k a a y e
ŋ f l ɔ k
a s a l ɛ k o k o
b a a ŋ f e e
j u e e a g b e m i k o
ŋ e e e e k i k o
ŋ k w ɛ k p n y ɛ m ɔ k o
ŋ g a a e g b o k
l e b ɔ k ŋ l e e
f o e ŋ b ɛ a f a d a k f ɔ f j u e e k i e e e e
k w ɛ k n a e e e e
b a a b ɛ ɛ k n a k o
ŋ o t i ɛ e
a n e e n u u k a k a i
m i k o s w k ɔ k o
ŋ a a h i m ɛ w ɛ e e ŋ g b o w a n u u
ŋ y a d i a m ɔ e ɔ ɔ e e a k o
e e ŋ a e l ɛ e e a a m ŋ a k u e e
s w a d i k d a a e
m ɛ e e i m k h i e k o
b e e ŋ s h a a j ɔ k o
a d a a g b l e e e
j u e t a e e k o
a i e g b l ɛ
i ɛ a j a a y e e e
b l ɛ h a e b a a n e e
ŋ j u w ɛ e e e
ŋ l ɛ e k i ŋ g b l
d a a k e e
m a a e b a a t a a b a e e
a d i k
m ɛ g b i s o k j ɔ e e e
ŋ g b i g b o a a s h k o
k a i a t s u m e e k o
ŋ t a e e _ n k
k i k o a b o e e
k ɔ a f e e n k u k o
b a a ɔ ɔ e k a i k g b o k b o e
e _ a b o e e
a a e ŋ ŋ b i e e g b l a g e e
t ɛ k h a k o
ŋ l ɛ m a j i e k o
b a a ŋ b a a d u f ɔ k
b a a n y i e l e a n e e
b a a a j i a i a l a e a h i
i m k o e e
a a s u e e
f a a e g b p e e e e e e
a l ɛ a w ɔ n i d a k
l ɛ m ɛ m ɔ e e e
a k a i e e
ŋ s w a k
f l ɔ k a f ɔ a k a n e e e
a a k a ŋ b k p e
b a a e _ n
a a k t a e e f a a k
a j i m ɔ e t s u e k i k o p ɛ t ɛ e e e
a f ɔ ŋ k a
a l a e a y e a y a k o
ŋ k p a
ŋ l e e e
h a e u u k o a b a k o
b a a w a a l e _ n
ŋ j ŋ f ɔ f a f a a e e e
b a a i e e l ɔ e e a a m ɔ
a d a f l ɔ e e
g b e b ɔ k e e
a y e _ s a k o
k a n e ŋ t s i a m ɔ
ŋ d i k a a h ɔ ɔ ɔ e e k o
ŋ b l ɛ n e e a h i ɛ
n a k o a g
b a a n a e k p a u m ɔ
a a y e n a e e t s a e e e
b a a ŋ m a a m ɔ ŋ l s ɛ
ŋ b o a b i
a i e e ɔ ɔ k o a f a a e e
b a a n u k o m a a e
b a a k u e
ŋ s h a f ɔ f k ɔ
a a n i e e ɔ ɔ e ŋ a k o
s a k o l a d u k k o
a a t a a ŋ m h ɔ ɔ e e
b a a y b a a d
n a s h a k ŋ j i e k o
ŋ u e p e e
k a i k
ŋ ŋ b o a w ɔ e ŋ a k
ŋ b ɛ ɛ n a e e
t s d i k
s u k o l a e e
ŋ s h a ɛ t ɛ e
l e e e w a k ŋ d
ŋ a s u
a a w s w a e
ŋ f a g b k ɔ e i e k e e
y i ɛ k f ɔ f l t a a e e
b a a a k o a a h e e k
ŋ l ɛ k o
b a a a a l
a t s ɛ a g b e e
t ɛ ŋ n ɛ t ɛ k e e
g b e a t s e l k o
l ɛ k o
k u n i b ɛ k w ɛ k
a i e e a a k p
a a d a l ɛ m ɔ
m i k o ŋ b i ɛ t ɛ b l ɛ k s u m s ɛ k o
a i e a t a a j ɔ e e
o s o e ŋ l h a m ɛ t ɛ e e e
d a e k u n i e e
j ɔ e h a e e t e
ŋ f a a e
h i ɛ e
e e k ɛ e e k o
b a a t ɛ k o p ɛ t ɛ
ŋ u m ɔ k a a k o
ŋ a a ŋ m y a e
u e n e e i m k k u k o
b a a ɛ t ɛ k ŋ b o
ŋ a e
l e k o a b l d a e e
b l b ɔ ŋ n h a k
a a l k i e e a b i s u k o u n i m y e _ n k o
l ɔ u n i l e e ɛ m
ŋ l a t s i e e
k i e e e e
w ɛ e ɛ ɛ k
ŋ t e e ŋ t s ɛ a m b a a n s a e e a a f e
b a a j i e e e e e b a a y
ŋ i ɛ o t a k a j i ŋ d u
h a k o a a s u
ŋ w ɛ e e w ɔ e e t a e h i k l e e e
a k p a k p ɛ t a a g
p a s a k o
y e _ n ɔ ɔ e d a a k
ŋ b ɛ e e
d a a l ɛ m
a l a
ŋ j ɔ k ɔ e e e
ŋ ŋ a t s a k p e y e e e
s a k o
a a l a k o
a b ɛ ɛ m k o
f ɔ f p a t ɛ e e
ŋ ŋ g b ɛ e k o t a
a i k f l ɔ k e e
a m ɔ e
k o t a d u k e e
ŋ y a k w a k
k ɔ k o m i e e p e k o e e e
a m ɛ ɛ e e e
k o t a e e
a k a n a a m e e
b a a j i m ɛ m i
_ n k e e
w a k e l e e ŋ d a e e
l e e n a e e e e
ŋ k a a f a a _ n k
u m ɔ b a k o y e _
s u e e
a a ŋ a t s u k t s
ŋ a d i k k i e e
b a a a t s a a s e a b l
b i k k ɔ e l ɛ m e e
h a e a n y i a h i ɛ e e
ŋ d u a t s k o
h ɔ ɔ e a i e e
a a g u u a a h i e e
g b i n u u
h i e m ɔ e e e e e
t ɛ k o t a e e
ŋ a k u m ɔ k e e e
k o i e e
ŋ f a a h a e e a h i e e
a a l a a f ɔ
k p a s a ŋ b a ŋ l e e e
a a j ɔ k ɔ e e
a a k a ŋ d i ɔ ɔ a a l e e
i ɛ e e n u k a k p e
ŋ g b _ n k g b i e e
ŋ f e e b o k
a i k e e
ŋ y e _ n
i k d u e
b l ɛ k ŋ m a
ɔ e e b a a n s u e f ɔ k o e e
ɛ m ɔ e e
s o e e e e
l ɔ w o a a m ɛ i ɛ e e
l ɛ o k o f o e a t a w a a h a
w ɛ e k u k o t a w ŋ t s b i e
ŋ n u u k w ɛ k a k a n e e
a a t s ŋ y a a t s u ŋ g b a f a l e e
s o k e e e e
ŋ b a a f
ŋ l i m k k a i ŋ g b e t s ɛ
k w ɛ k o
l ɛ b a a m f a a w a e k o
f ɔ e j ɔ k o k o
w ɛ k a a f m ɛ k o s ɛ k o p ɛ a a e e
s u e a m ɔ a a t n i m e e
u e e s i n b l ɛ e
t a k n e e e h a e e
ŋ d a k o ŋ d a a
ŋ d a a k a j i e
ŋ p e a a m ɔ a f a
a a e p e e a f a a y e
ŋ ŋ n a f a l j u k
g b i k y a
b a a s e l a l ɛ
b a a f e e f ɔ e e f o e
ɔ k o ŋ m a a m e e e e
a a m ŋ w o s k o
b a a t e
o t a e p e e ŋ d i k
s ɛ e e e e
g b e e a a b ɛ
k ɔ j ɔ k u k u k
t ɛ a b a s o ŋ g b l
b a a ŋ a k o ŋ w ɔ a a h ɔ
y i f o w a e e ŋ h i ɛ u k o ŋ w o ŋ g b o
f ɔ k i m u k n e e e ŋ l ɛ m ŋ g ŋ a e e k o
m i e e s u m i n e e
a g d a a e e e e
a ŋ m a e e
d a e e s h a e s h a e a s y a e e e e
ŋ b a a w a l d u e
ŋ m ɔ e e s w a k
m ɛ e e l ɛ k t s k o
b i e b o e a b l ɛ
a f ɔ f o k
b a a d i k w ɛ a t s u w ɛ e
s u e s w a s ɛ k
a a e e a m ɔ
s e l l ɔ k o e e
a a s e t e s ɛ k k o
b ɔ k o m k k o t m i k o b a a k e e
k ɔ k o f l ɔ e a ŋ m a t ɛ e e
b a a a ŋ a t e e k a k p e ŋ g b i j i y i ɛ e
b a a a b l f ɔ k o s o k o
a k w a a w o w a k o e _ k ɔ k o e e
u k u e a w ɔ ŋ y e _ k o
a m ɔ k ŋ l a b ɛ ɛ
t a e g b o e a n u
ŋ t s u ŋ t a a
p ɛ t ɛ ŋ f e e e
m ɛ e
m e e w ɔ k o ŋ t s u u e e a w o s e e
ŋ s w a k k p a a a l
k w ɛ k k i e e a h i ŋ g b e b a k o
b a a ŋ y o t a e b a a g
e e e b ɔ k o s o k o k o
t a a a k a a a g b e e
b a a s i n e s e l e
ɛ ɛ k a i k k o
a j i a a b a u k u e f e j u k o k w ɛ k e e
f ɔ e g b o e e
a s a e e
d u k o n e e e e e e
b a e e s o k d i
h i k w ɛ e e o t a k k u a k o t
e e a h i ŋ g b o
d u b a a h
n y i e e
ŋ m ɛ
e e k e e
f ɔ f l f e e
ɛ k ŋ m a l ɛ e a a y k o
b ɔ k n a e e k ɔ k j i b a k e e
a j a t s ŋ j ɔ d i k i e e
b a a l e e ŋ g b o
b a a e _ n a m a a m ɛ s u e e
ɛ ɛ e e ŋ f ɔ f
ŋ y e a d u e e
g b l
s u k u a k a ŋ b e e
o t a k h ɔ ɔ e
b a a k p e e
a b m ɛ k i e e
a b l
a a n u ŋ t a e e
ɔ f d a k o ŋ l ɛ m e e
a a f o m i k ɛ t ɛ k
a f a a k o t a s ɛ k o m i t s ɛ e e
s a k a w o a s u m e e
k a i e s a e e
b a a f ɔ f a s u m ŋ b o
a s e w a e ɔ ɔ a a t a
ŋ a g u e ŋ b l
ŋ h a k o ŋ f n k u n
a w o e e
b a a s w a e a a y a h ɔ ɔ
t a w ɔ
ŋ n y e e
b a ŋ y a b a
ŋ t s i u u e e e
b a a f a k a f a a k t s ɛ k
w ɔ a l ɛ k o
b a a ɛ t g b i e
b a a a g b e s u m ɔ
b ɔ e e ŋ k p ɛ e e
j i e b ɛ ɛ e l ɛ t s u e k i k e e e
a f e a d i e e
ŋ n k u n
k i b ɛ ɛ e e e
ŋ ŋ k o
b a a ŋ b ɔ g b e l
b i k a g y a e e e e
ŋ b ɔ ŋ f a l p e e
l ɛ k o k a s ɛ k o k o
h i ɛ k e e
k ɔ ɔ e g b o h a e e
f e e e e
ŋ y i ɛ e
a l ɛ m a y a a w o
b a k o e e
ŋ m ɛ a y ŋ k p e k o
ŋ d i k i ɔ k ŋ k p ɛ
b ɔ k o ŋ k o a m ɔ k
b a a a n y i n u k ɛ ɛ k
ŋ l a a ŋ m a a e e
ŋ t s w
a k o f l ɔ e h a m ɔ k o
ŋ ŋ t s a
ŋ m a a e t s ɛ k b l ɛ e
i e k o b ɛ ɛ n a e e e e
ŋ a f ŋ k p ŋ h a n a
s o k o ŋ h a e e
b a a s o k o w o b i
ŋ j u k _ n k
a h i b ɛ ɛ e e e
k o t n u u e t s
w ɛ e e
b a a f e m k
ŋ b e m i k a k a n a a h a a t e ŋ m a
ŋ g b e b e l l ɛ m e e
a e e w ɛ k a a ŋ a k o
a a y a k o
a a l e w o a k a
s u m ɔ a a w o e e
b a a ɛ t ɛ k a h a a s k u n i t s u p ɛ t ɛ
ɔ f n u k o u m ɔ
ŋ m a a a f
a n e
y e _ n e e
t s w ŋ n u u k o
a a s e
ŋ k a i a w ɔ e ŋ h e e
e l e k h a d a a e
n u u k f e e
ŋ t a w a a j i
i k o ŋ m a ŋ m i m i k o
n u e e
ɛ ɛ e k a i k
b a a a y a a k w ɛ a a n k ɔ e e
a a w w ɛ k o k o
a w ɔ ɔ ɔ e e e
b a a a a b i
k p a s d i k e e
b o w ɔ e e
l e e a y k o
a a m ɛ y a k a a j
t ɛ g b e l
ŋ s u m d a a e e
ɛ k o _ n k j ɔ
a a n u u e e _ n l ɛ m ɔ e e
ŋ d a a b o e e
ŋ g b i b a ɔ e
w ɔ k o e e
b a a w ɛ m ɔ e
ŋ w o s l ɛ e e e e
o t a a f e e
ŋ b a a
b a a b a a j f a a e
ɔ ɔ e n k u n e e
h a m ɔ
f e l a k k u n
f o e b o e e ŋ d a a e e
a a d e e
b a a a a ŋ a a a t a
h a k o t s ɛ k a a f a
ɔ k o ŋ t s a e e e
i k i m ɔ k e e e e
l a e e w a e e e e
b a a a a j u
n a k o u e e b o e e e e
m i k o u k u e e
h a k o s o e _ n k u e e
ŋ s h s u e e e
ŋ ŋ f ŋ s u a j u
b a a ŋ a e e
ɔ k ŋ b ɔ
a l a e e
m ɛ e e n e
ŋ t a e e l ɔ
b a a b l ŋ m i a i k o a a b i
m k o t s a e e e
i k o a t s ɛ e e
a j s w a k a t a e e
b a a ŋ f e a g b o f a l
u u k o t s i
u e e a t e a a h
h a e e
b a a ŋ k ŋ k p e b e l e
h i e s a k a a j i e e e
s a k a n y l e k a m i k o
a f ɔ m ɛ e e o k o
b a a k ɔ k o
s h n u u e t ɛ a a b ɛ o k o
ŋ t a a k ŋ k ɔ h a m ɔ
b a a w a a t e e e
a s a k h a m ɔ
m ɔ e e _ n a a m ɛ
ŋ u u k ŋ s u m w ɔ e e
d a e b a a k
a a ŋ m ŋ t s u
d u e e e
b a a f e ɛ t
ŋ a b l ɛ s i
s h a m s u m ŋ l ɛ a a ɛ m d u k o
ŋ g b e ŋ k w ɛ k o
ŋ g b h i a b o
s a k a a y e a a m i e e
b i k o ŋ d a a a ŋ t s ɛ ŋ l e ŋ w o s e e
i k i e
ŋ y e _ b l ɛ k k p a s k o
a b ɛ ɛ ŋ f k a n e e
ŋ a a w o a ŋ a e e e
ŋ ŋ m a a f a l f l
b a a e l e ɛ t ɛ e
ŋ p e k f a ŋ b ɔ p a
a h i ɛ e e
b i e e a f e l e
h ɔ ɔ j ɔ k o k o
u k u e a a b l i ɛ k
ŋ j ɔ ŋ k o ŋ ŋ a k o
ŋ b l ɛ h i ɛ k
ŋ t s i m e ŋ g b e e e
a k a a a b ɛ
ɛ m ŋ k a n f ɔ e e
a a k a s o e k
b a a m f ɔ t ɛ k a s u m e l e b a a g k o
b a a d k o
a l e b a a w s a e e ŋ k p e k o
ŋ w o m k ŋ w ɔ a d a a n e e
ŋ ɔ k ɛ t ɛ
b a a d a a k
k u k o s a k
a k p e j u e e
b a a b a a j
j u e u k t a a b i k e e
n u a a n ŋ s h w o s o s h a k t a w a ŋ
l e a k a n ŋ k ɔ
d u k l e k o k o
s o k o w ɔ e d a k o e e
b a a ŋ t e e ŋ b ɔ g b i
k p e e a m i ɛ m
o t a k s a k o n i m k e e
b l ɛ a d i k k a i k o
a b a u m ɔ k i e k o
ŋ a g b o w a
ŋ b ɛ a n y i k o
ŋ m i k o
b a a a l ɛ m ŋ s e f e e e
b a a i ɛ e e
b a a ŋ j i a m ɛ s ɛ e l ŋ n u ŋ g b
k i k ŋ b a
a w ɔ n e e e
s h a a d u ŋ ŋ m a
i ɛ e k ɔ f l p e e e e e
ŋ a d i k g b o k
p ɛ a a n a
h i ɛ a a g a a w ɔ
o s o k
y i ɛ e ɛ t ɛ e e
ŋ a k s u e e k o
ŋ a a h a k a i h i k o
b a a ŋ k a i ŋ f a n a p ɛ t ɛ
ŋ b ɔ k u e e k o
s ɛ e e ŋ t a e e
u n i u m ɔ e n u e e e
ɛ m ɔ k g b i k ŋ g b t a w ɔ f l k o
b o a b ɔ m ɔ e e
a a b j i e k l e ŋ j i e k a i s e l e
i k i t s u k
a d u ŋ d u
l ɔ e a g b l ŋ w o s
ŋ d a a j u e
w a e k o
ŋ a a k w f e e k a a l e
ŋ s i n a f ɔ f l ɛ m ŋ m a
a l ɛ m l ɛ e
a h g b i t s u k
ŋ g i n e k o
y e _ n b a a n u k o e e
ŋ j u k o l a k b a e e
a a s h a y e _ e e
b a a ŋ y e u k l ɔ k d a a
u m n i m ŋ f e e
a a b o k o
ŋ w o a b ɛ ɛ e e
f e e k ɛ t ɛ k
a a t s a a m
b a a n y i i ɛ k
k p e k ŋ j i e e e
b a a a ŋ a a h
s ɛ k o
m k ŋ b o b a a h
b a a ŋ k p t s ɛ
a j i l e k o
k u e e a a b i e k o a a l ɛ
ɛ t ɛ e s i n
ŋ ŋ m a a w ɔ
b a a h e e e h ɔ ɔ e
s o k o e e
ŋ ɛ k o a i h a m ɔ
n u u k h a e e k o
k u b a a t e e
d i k p e e m i k o e e
t ɛ k j i e l e a a s h d a a ŋ b l ɛ
ŋ n y i h a m ɔ e e
ŋ a g ŋ g b e k o t a ŋ b o n a k f l ɔ
p ɛ t f ɔ a e e e
n i ɛ t e e
t a a k e e
ɔ f u k i n e k
a a g a d u
a t s i ŋ t e e e e
ŋ a e e a w o b e
g b l ɔ e
b a a f a k u n i
n a e e a a e e
p a s ɛ e e b a a j
ŋ s h a m ɔ k o t a
a j u
f e e s i k a i k
s w a k u n i e e e
a s u m k o
i k i a a k a b ɛ k o
b a a w ɔ k n y a a b i
i n e k f ɔ
f o k f ɔ k o a h ɔ ɔ
a l ɛ m s e a a h i
o t a k ŋ h i ɛ
j u e a i e h ɔ
ŋ m e e a n u u t a e e m ɔ ɔ f l ɔ
w a e e y e _ a m ɔ e a a s h k i k o
ŋ b a a n
u e e b a a f a n y i
k p ɛ a a b ɛ e e
ŋ t s w
ŋ b e l a a s h
ŋ k o m e e w ɛ e y e _ n m ɔ n u u e e
b a a j i e p ɛ t
a i k o
ŋ a m i h i e e j ɔ k
ŋ k w k o
ŋ m ɛ e _ n k g b o b o ŋ b o
ŋ f a a i n d a a d u e e
a m i m ɔ l a e a d a a e e
k i e k u k a a g b e e
a b l
a a w m e e b i e e
i ɛ k s o ŋ g b l
h ɔ ɔ e e e
a w ɔ e n a k l ɛ k e e
a k o s u k o b a k
o s o a k o t b e e e e
w ɔ k o e l e e e e
ŋ a h
ŋ a a d u n k t a w a a ŋ m
j u e o t a e e e
s h a m a a l e j u e e
b a a a f a a m ɛ k s w a k
ŋ h i ɛ a l ɛ
d i k i a s e k o
b a a b a a w ŋ k a i
l ɔ k o ŋ g b b a e e e
b a a n e e
f o k y a e e k o
i e k o t s a ŋ f a a e a a m i
b e e e e e k e e
h a m a a s h a k t s i n
n u u k w ɔ k i m e k o
a a s e _ n
ŋ g b o
a t a a b i
ŋ s u k o
b a a w o ŋ l ɛ
o s o a m ɔ
a t a w
b a a f e e e ŋ k p ɔ ɔ
a a j u a g b l
ŋ f s w f ɔ e h i d u k o j u k o a b l
ŋ t s u e u m ɔ
a b ɛ ɛ i ɛ e e
m i k o k o
d a a k e e
a s u m f a a e k ɔ k o
ŋ t s w a i k o o t a
b a a d u k o t a
b a a ŋ h i a a f o
ŋ w ɔ k o h i
ŋ f a a a l ɛ m a w e e
h a m l ɔ k a g b o e e e
k u n s h a k e e
u k f o
b a a h i e e l e t e e e ŋ ŋ ŋ g b e n y i ɛ
s ɛ k o
b a a a s h a f e e a y
k ɔ e f o e e e e
b a a ŋ g b i a l a b a a m
b a a a k p g b e e t ɛ
a j i e p ɛ t ɛ i ɛ k w ɛ e e e e
a k a n i m k b a k k o
a j i e
n k u ŋ j u e e
b a a m k a w ɔ e ɛ ɛ k l a s w t a w l ɛ m
ŋ t a a b a e e k o
a s a k p e k w o s o k o
i k i ŋ t a w k i k o
s a k o y i ɛ
b a a d p ɛ t ɛ s a k o e e
n y m i k o a a f a
ŋ d i k n e e e h i e e b o e e
i k i e a f ɔ f a w o s
ŋ t a a k a a b a
ŋ ŋ w o f a a a b a a b l
b a a a a l f a a ŋ m a
b a a m ɔ a n a a j ɔ a a t
ŋ t a m ɔ k o
ŋ b l ɛ p e k o _ n k e e
f a a e e
b a a a a t e
t ɛ b o k a s u m e e
t a k o ɛ m ɔ e e e
ŋ a a j l e _ n k u
d u e e g b l ɛ k p a b o ŋ a e e a g b l
ŋ ŋ m a ŋ f a l
ŋ t a w ɔ k k p a s e e e
l ɔ e l ɔ a k w e e
ŋ a w o n u k o
a m ɔ i ɛ k o d u k o e e
a g b i k u n a a g b y a k e e
l e k a s a e l y a k e e
k o t a a a s u f o n k t a w e e
t s a e t s w a ɛ t ɛ e e e e
b a a o s o k a d u u u e
a y a t s l a
ŋ n y i k i e
k i k w ŋ t a w e e
b a a n u ŋ k p e b a a m
ŋ _ n k u
ŋ n y i ɛ k m i e e e
ŋ d u e e a a ŋ a l a
b l a a y a e e
ŋ a s ŋ n a a a f a
y i b a a f
ŋ ŋ k a n p ɛ t
h ɔ ɔ k k o
b a e e
t a a k a a m ɔ
ŋ ŋ t a a i e e e a a m ɔ
a t s a s a e e e e
n e a a l a k p ɛ k o
ɔ ɔ g b e e ŋ l a
b a a ŋ w o a a l f ɔ k s o k a d ŋ j i e
k p ŋ y a a t s ɛ
p e e e e
ŋ w a k b e
s ɛ u m
d u k s u k a e e
a t s ɛ a k p e
f e e d a a e e e
a a f a ɛ ɛ k o a a y a a d u
y e k w ɛ k ŋ s h a
b a a p a s a e e
b a a u m ɔ s w a e n y
s a k o a a b l ŋ f ɔ
k p e k k p a s
b a a b l ɛ a a l ɛ o s m ɔ e e
a a ŋ f ɔ f l
s ɛ k a i e
g b l ɛ a k p ɛ b o k e e
b a a k o t a b a a k
t s u b e l b ɛ ɛ e a f ɔ f e e
l e ŋ t e e n e e k o
a a k o i n e k e e
a w ɔ k a y a
a a l e a s u h i k o e e
m k s a t a a a k a h a e a f ɔ e e
ŋ k a i a w ɔ l ɔ e a w n a k e e
k i k e e
a a s h t s a e ŋ ŋ a
h a m ŋ n a f ɔ e
u n i m
h a h a e e a t s ɛ
t s w a
a a y e e e
t ɛ e i m e ŋ d i
a j i ŋ k a
b a k e e
a g b i n u k o b a k o k o
ŋ t s ɛ k a a w a a h
ŋ k u l ɛ m ɔ
a a l e e
a t s w
t a s w a k
ɛ t ɛ e ŋ j u ɛ k o k o
b a a y i ŋ k a n n u u k
b a a ŋ g b e ŋ b ɛ
m ɛ u m a a j u e e
a f a a k i a b o e e
ŋ b l l ɛ m ɔ t ɛ e e
t e e a j u y i ɛ
ŋ s e l a a b l e e
a a s n y i ɛ h i e e e
n i m e a k o t k o
h i e n a e b a a t e e
k o h i e e a f ɔ f e e
j u e k o
b ɔ t a k k o
a a b o n k a s a e e e
t e e b ɛ ɛ e e
ŋ b l ɛ f e e e
ɛ m ɔ k m i e t a w ɔ
h ɔ ɔ k u m ɔ e ŋ t e e e e
k i k o s h a a e a a j i n a e e e
ɛ k g b o e e
ŋ o s t a w
ŋ a i k o a h a
h i ɛ k ŋ l a a e e e e
a t s u ŋ b o ŋ g b i k u n i h i e e
b ɛ ɛ e a d i k e e
a f u u k ŋ ŋ m g b l ɛ e e
b a a a a f o l ɛ k
u k u e m i k o ŋ t ŋ g b o y e _
a f a a b i e e
s u k o
l a k o h ɔ ŋ s h
m i e a s u m ŋ b h i ɛ d a k o i ɛ e e e
s i n
o t a ŋ w s i j i e e e e
b a a a a e e
n a e e b a a k a t s ɛ e e
m a a k ɛ ɛ e i n e e e e
ŋ w a b l ɛ
b a a l ŋ s u m
a w ɔ a f e e e
a i e
ŋ ŋ w o w ɔ k
a w ɔ k ɔ ɔ e e e e e
b a a b a a j
ɔ e a m ɔ
a a t e t e e e k a n e
a k m a a k e e
a k p a e e
t e t s ɛ k t a e k u e o k o
a a ŋ u u k o a g a s e l e e
j ɔ e a f a a a a b l
a a t ɛ m ɔ k
b ɔ l a e e f a e e
ŋ u m ɔ k n u k
ŋ m ɔ k o a a b l
b a a t a a e ŋ s u i m e a l ɛ
b a a ŋ d i k m i
ŋ b ɛ ɛ ɛ ɛ e e e e
b a a ŋ w o k ɔ k
ŋ m i k k w ɛ e a g b i
t s ɛ h i
ŋ ŋ t s i a n u u
ŋ ŋ b i
b a a o t a e n e e e
h i k p g b o k ŋ g b l
t ɛ e e e
b a a a a w ɔ t s a k m ɛ k o
k o t s a k n k u k o
a j ŋ b ɛ
t a e e t s w ŋ y e _ e e
b a a a y ŋ a
ŋ a a j u i ɛ k n y
e k o e e
b a a s u m ɔ a b o k o
ŋ s h a f a a g b e
h ɔ ɔ k
b a a a a ŋ a e _ n k
p ɛ a w ɔ
b a a s w o s o e d a a
b a a t e e k a s a
ŋ n u e e a k p ɛ ŋ f ɔ f p e e e a n u u
k u e e e e e
h i e e s u k a a y e e
ŋ a t e e
ŋ n u u k o
a a k w ŋ f a k u k
w ɔ k a s h ŋ n ɛ m ɔ k
e _ n k h a e e k o
u u ŋ t s a a a h
g b l ɛ
l a e e a k p a u m a y a a n m k o
ŋ g b o a j i e
d a a k k o
i e a t s k o
ŋ t a ŋ t s u
m e e i e ŋ k a i
a w ɔ k
a a l ŋ t m ɛ e k o
y e _ a a n y
ŋ s h a i e e e a n u ŋ f e
k u e a m ɔ k
w a k a l e b ɛ ɛ k e e
m e s ɛ e
ɔ k o n u u e b a a j
a d a a k a n e l e e e e
ɛ ɛ e g b i l ɛ m k o
p e a d i k s ɛ j ɔ k e e
d u e e ŋ d i a g b e e e
b ɛ ɛ n i m p a s e e
ŋ b a a g
ŋ y e _ e e
g b i k s h a e
k a i a f ɔ
ɔ f l a a w ɔ u e
u m ɔ e a b a e e
u m ɔ k ŋ k p ɛ
ŋ o t a f a a k ŋ ŋ f e e k a a ŋ
a k a i s u k o h a k a y ɛ t ɛ e
p e e e n a e k o
b a a ɛ m w ɔ k o n u u k
ŋ s a e j u k o a y
b a a b o m ɔ k o
b a a ŋ l ŋ f e e k a i e
d u d u e e
b a a a a b l
ŋ t s u n y ŋ b ɛ ɛ
g b o k o
b a a f a l a i ɛ e
a a e ŋ m a a k o
ŋ y e a j i ŋ k p e a t s w ŋ ŋ e e e
ŋ ŋ f l ɔ a k p ɛ
n e k o f e e e
b a a g b e a t s a
ŋ s e l _ n k e e
a n e k i ɛ k o y a k o a a h i k o
y a e
ŋ n a t s ɛ e e e
b a a b o e ŋ t a a y
s ɛ e ŋ k o t e e
f o k w k o
m k a m i
o s o k _ n k a a f o
t a k u u k o t s i n e e
_ n k a s h b e l e
j ɔ e e e e
a k a i ŋ j ɔ a a n k o
ŋ a k e e
a n u m i k a w ɔ
a k p e a a d u s u k a b ɔ b e e e
n a k i ɛ e f e e e k o
ŋ w a s a k s i n n u e e e e
ŋ f a k o
i e k o k o
ɛ ɛ e e e e
a ŋ a j ɔ b ɔ k
b o k e e
ŋ w ɔ ŋ d l a k o
ŋ ŋ k p a
ŋ t ɛ a n u a l ɛ ŋ k o
s w a e l e k o a a l ɛ
b a a a b ɛ h i ɛ k
a a f ɔ k o
u k u e a a w ɔ ŋ k w e e
ŋ m a a ŋ f ɔ m ɛ e s ɛ k ŋ s u k o
f a i k i k
m ɔ k o a a l a e e
w ɔ e e t s u e ŋ g b l a y e s u k o
s w a y e i k o
i k s i n k p ɛ j u k o k o
t e e e t a e e k o
ɔ f a n e e k p ɛ t
a k a a n e a a k e e
b i p e e y i ɛ k k o
b a a k a i n k u a f o
b a a p e k o k i k o a w o
ŋ y a ŋ s h a s w e e
j u u u k a k w ɛ e e
b a a m ɛ k o ŋ g b i ɛ e e
p ɛ t ɛ e e
t s u
a k o t
a n y n k u n a a b ɛ e e
f a a k b i e w o s e e
ŋ d a a i k i e e e
h ɔ b ɔ f a a a l ɛ k o
ŋ g b o a b ɛ ɛ e e
h ɔ ɔ e k o
ŋ d i g b o k p a s l a k a i e k o a i k
a a s u e e
n u e e u k u
ŋ g i ɛ e s i e e
a d a a ŋ b o
ŋ w a i e y a a b
a a w o k p ɛ k o
k a i a k a i e e
n e k ɛ ɛ k u e e e e
f o k o ŋ b ɛ ŋ t s i e e e
y e _ b ɛ
a i e e f e b o e k o
ŋ a w ɔ e a a b l
b a a l ɛ m e _ n k b i k ŋ d w ɔ k o a t s w
a m ɔ k n y i ɛ e e
p e k f o e j ɔ e e n u u e a s u m ŋ y a
a a b y i ɛ p ɛ k o
s ɛ e e b a a e e e
ŋ g b o ɔ ɔ e a a k
m i k o a b ɛ ɛ e e
a a s u a b l ɛ s o k o
b ɛ ɛ b a a m p e e e ŋ s g b i k e e
m i w ɔ e s h a ɛ t ɛ e b l ɛ k a t s a e e
f ɔ ŋ m i ŋ h ɔ e e e
a a k a a b a ŋ f a l k o
b l ɛ k a g b i
a a n a w a k o e e
g b i e a a n y
k u j u e l ɔ e e k o
ŋ ŋ y a a a h i b a a t
f o k h a m t s a f e e k o
a b ɔ i m e e ŋ y e _ e e e
b a a s a e e
ŋ n a l ɛ k g b e e
ŋ a a w o e k o
k ɔ e e t s t a a
t s ɛ e ŋ a e b ɔ
n e e ŋ k o t f o k f a a j i e
o k o a a k p k o
s i n e f a l a h i ɛ e g b l ɛ f e e e e e
ŋ l a w a e e ɔ e
k w ɛ e
b a a n e e
s e l b a a ŋ l e k o s i n k o
i ɛ k s o e w ɔ k o e e e e
b a a k u k o a h a t s w a e k i e e
u k p a m ɛ b i k o a j i p a s a
k p e k a t e e
a a e a a b ɔ a d a a
b a a k a n e g b l a l a i ɛ e
b i k ɔ ɔ e e
b a a a i k o e l e a s h a
b a a s u k o ɛ m ɔ d i k i
ŋ k i s ɛ k
a ŋ m i e k p e e
b a a l ɛ m ɔ m k o
a s h a l ɔ e e e e
a a f a d a a t e ɔ ɔ e e e
n i m e a a k a e e
ɔ e n i m k e e
ŋ s w i k i k ŋ g b l
ŋ ŋ j i e ŋ y e
a l a e f o a g b
a a b a i k o e e
b l ɛ a n e k
a a n y i m e e w ɔ k o t a a e s h a k o
d u k l a e h a m ɔ a a b ɔ e e
b a a ŋ t b i e e
o t a k l e k a g b o e e
b a a s s w a l a k a k p e
ɛ m ɔ e a h ɔ ɔ e e
a a k p e e
ɛ m ɔ e f e e e e
l ɛ m ɔ e _ n e e
b a a ŋ b o a d ŋ k o h a k o f ɔ k
a s a e e k a a k w e e
ŋ l ɛ m k i e e a a b l s o e
i n e u e e m i k o e e
a j u a a k k o
b a a ɛ ɛ a a d i k o
s u e m ɔ k o e e
a n a e e
ŋ s ɛ k o s o k o l ɔ k
m ɛ a s e f l ɔ e
a a w o a a y a d i k i ɛ ɛ e a w ɔ e
o s o a b ɛ n e k o e e
ŋ t s a i e k a a d u e e e
f a a k a k a i ŋ b o
u e a w e e
i k i k t ɛ e e e e
w ɛ e e k u e e
ŋ w o s
s e l ŋ t s ɛ l ɛ e e
ŋ l a b a a m a k p
a l ɛ m a a k p e e e
a a s e _ ŋ t a w e e
a a m ŋ d u k o
ŋ n e e e i e e e
n u u e n k k o
b a a y e a h ɔ j u e
g b e e a a t ɛ k t s u e k o
a l a a j e e
t a a a a h a ŋ y e e e
ŋ m a t s a e ɛ m ɔ u u e e
e _ m a a k
a ŋ a a m i e k k o
ŋ b a a w s w b a a m
m ɔ o k _ n k u
b a a d b e l k o
i k i d a a e k p e e
h i ɛ k ŋ w
b a a f ɔ f ŋ t a w o t a k
u k u k a y e e
o t a f a l e e e
n a e e j u k ŋ k p ɛ e e
t s a k y i ɛ t s u
y i ɛ k a g b
n i u u e e e e
t s u ŋ s u a b ɔ k o
ŋ l ɛ m a h ɔ ɔ l ɛ e
b a a b ɛ ɛ k
p e e e ɛ e e
ŋ f e h i e e e
a g i ɛ e e e
g b l a m a j u
ŋ f ɔ u u k a a m i
h i ɛ e ŋ t e e
n u e ŋ t a w
u u k o a k o t u e e e e
ŋ f ɔ f ɔ ɔ e e b e e e k ɔ a t a a e e
ŋ b l ɛ w ɔ e e
a f ɔ a k o t n u u b ɔ e e e e
n u u k p e k a a n a
a ŋ a t s a s u k
a g b o a a n u
w a k o ŋ h i a b ɛ
k p a s k o
a m i e e
a t s w a a t e t a a k e e
w ɔ e e a a f e e
m i k o u u e m k o e e
h ɔ ɔ e i m k
g b t s w
a a l b a a f
a a f e p ɛ t e e
s ɛ k k u e e e
k i k o
h a k o ŋ n y
ŋ n y ɛ t k a i e n u u k
h ɔ ɔ k i n e k
a j ɔ u n
ŋ f a l h i e e e e
b a a n y
a f ɔ t e e e e e
a m i a k w t ɛ e
b a a n e e e
a k w ɛ g b l ŋ n u
b a a u n i b ɛ ŋ t s u
a a l n u e e
h i e e ɛ ɛ k o g b i k o
p ɛ t ɛ a b ɛ ɛ ɛ k a s a e s u m
a f a a n u e e
ŋ b ɔ a ŋ a e e
t a e p e k o e e
ŋ a n a a y
ŋ t e b a a h
f e e e a h b a e e e e
a a t ɛ e l ɔ k o
ŋ k p a j ɔ k o
ŋ ŋ a u n
o t p ɛ t a y a
ŋ l e a n u u d a a e
n u u e f a a a l ɛ e e
e _ n k a a k p b a a g
a s e b e l k o
b a a y a k
s i n ŋ ŋ m
l a k b a a w s w ŋ k p e
k i k f ɔ f
s h a ɛ t ɛ ŋ n
n k a a s l a k t s w e e
d i n u u
w o s o
ŋ e k p ɛ t ɛ
b a a ŋ k a a f
a s a e m i e l a k o
b o t ɛ e a m ɔ e e
b a a a a m ɔ a a f o
a a m ɛ k o
ŋ f a l y e
ŋ b ɛ ɛ g b e e e e
ŋ ŋ j i p ɛ t ɛ
s i n a a l e a s a e k o
b a a a f o a s a e t s ɛ k w ɛ e
b ɔ e j u ŋ t s w k o
j u e e s u m a n e m ɔ e e
t ɛ e a a f ɔ
a b ɔ a a w
p ɛ a k o
ŋ k ɔ k o a f e e
ɔ k o a a b a e e
ŋ d ŋ t a a a d i k
a a b i ŋ d u
ŋ j i f o e e ɔ e a s e s u e b i k
ŋ a k w ɛ i e e
a y a a t a a k o
w o s s u k o e e
ɛ t ɛ k k o
b a a o s o a a d u
ŋ a k a a k a a g b ŋ f a l a a s u a g b i k o
ŋ a b ɛ l ɛ e f o k
a a j u b a a t ɛ ɛ e e
j i e e ŋ a k o
p ɛ t e _ n e e
a a f e l e j i e e e
a a k ɛ ɛ k t a e
a t u m
l ɔ k o ŋ a k o k o
h ɔ ɔ j u k o s ɛ e ŋ j n e k o e e
b a a t s ɛ w a e n e
j ɔ e e p e k a t s i s o k
y a e e a k o l ɛ k e e
a k p ɛ e e e
a n e e s u m e e
f o k o m a a s h a e
ŋ o t t s u e
b o a a w o a m ɔ k
t ɛ e e j u b a a ŋ f a
b a a d i k
ŋ b e l ŋ t s a
ŋ s o n u
b a a a n u u
a n u b i e b a a m e e
g b i l ɔ i e t a w
ŋ m ɔ e e n i m e
ŋ h a m ŋ b ɛ
j i e k ŋ ŋ a e e
a k p a f l ɔ a a f e e e
a j i s a e e e
u m ɔ b ɔ k
a a j ɔ a a w o k o
e _ n e e
b a ŋ j i e g b i e
ŋ a a e ŋ b o
b a k o
i n g b e h i k t ɛ e
a t s ɛ b i e e
m k s ɛ e a n e k
ŋ f ɔ y a e e
ŋ n b e l e ŋ t
ŋ k p e h i ɛ e e
f ɔ k a h i w ɛ k e e
b a a m k o o t a a n u u
b a a ŋ w o a l ɛ m s w a e
ŋ d i k
a l a e b a a a f a l
a e e p a e e
ɔ ɔ e i ɛ k ŋ b l e e
b a a n i ɛ m ɔ k
ŋ g b i i m u k o
a t e f a a k a a a e e ŋ s e a j i ŋ b ɛ k o
ŋ b ɛ m a
ŋ a ŋ a m ɔ
ŋ f a i e e e e e
a k m e
a g b i k ɔ k o b a a y e e
b ɔ e e d u f e k u k o
a f a a w a e e e
h i e e ɛ t ɛ n u k e e
a w i ɛ e e b o t ɛ k o
w a k o k a i a a h i e e
ɛ t ɛ k k a n e l e k e e
ŋ d a a y e a a w o e e
l ɔ e e
a j u a b o ŋ b ɛ s i n e e e
k a i e h a m ɔ b a a f k o
e l e l a e e a i k o e e
a a t e ŋ d a
o k ɛ ɛ a f o
a a b ɔ g b o
ŋ a a e t s ɛ f ɔ f i e
w a k o a a ŋ a s o e a a e e
a l a k a t a w e e
ŋ a n e e i n e e
a s e h a k
l a e e l ɛ e f l ɔ k
n a e n k u
g b o a g b i e e
a b n u e e ɔ ɔ e e
ɔ f l b i e e e
a m ɔ d a a a g k o t a t a e k p e e u u e e e e
a i e e e
t a e e s u k o e e
ŋ y e _ e e e
y a k a a f e ŋ k w ɛ e e
s e l d a d a e e g b e
b a a b i k d a a
f l n a e e
ŋ l ɛ m ɔ ɔ e e e e
p ɛ b l a a j i a w ɔ e k o
ŋ k p e ŋ b ɛ ɛ b ɔ e
ŋ k u e b e l e h ɔ ɔ
t s ɛ k l ɔ k
i k i e e e e
ŋ a h a f l ɔ k
t a p e e a l a e e e
ŋ n u u k a b a s e
ŋ d a a e l ɛ k ŋ y e
ŋ a k w ŋ ŋ m g b o
b l ɛ e o s o e a b o a ŋ a k o
t a a e a a ŋ a ɔ k a a e e
l ɔ e e f a a k k o
a a b s u k o g b i e e e
b a a g b i e ŋ s h a
a a b l e e
d i k i u m ŋ h ɔ ɔ e e
g b i ɛ ɛ k o o e e e
a d i k l e e e e e
b a a b a a g t s w a
b a a m e e m ɔ k o a t a a
s h a e e e
a s u m f e e k ŋ n f l ŋ ŋ m f l ɔ d u k e e
ŋ s u ɔ ɔ e ŋ g e e e
ŋ ŋ l a a k o ŋ d a
m ɔ e
a t s i d u
w ɔ k o t e e k k o
f a a a n k o
n y i ŋ s h k o
i ɛ e e ŋ f a a l e e e e
e l e k a a k p k o
n u e e e
b a a a a b a h ɔ ɔ u k u k m ɛ k
j ɔ e e a j i e e e
ŋ w o s b a a f k o t a k o
ŋ m a t e e s i n e e e
b ɔ k o
a d b i e ŋ s h e e e
b o e e ŋ b ɔ
b i k s i f a a k k o
ŋ a k a n
b a a t ɛ a a w ɔ
a a b ɔ s e l k u e l e k o
a a b i ŋ t s i
ŋ a k a i t ɛ ŋ b ɛ
ɔ ɔ k b a a ŋ b a e e
ŋ ɔ ɔ k o n y i ɛ a t e
ɔ e e a a m ɛ f ɔ f ŋ g b ŋ d e e
a h a j i e b i e e
u u k
f a l a s ɛ e e e e
ŋ s i n a k ɔ
k w ɛ e k i k o e e e
w a e ŋ k p a f l ɔ e e e
a w ɔ s e a y a a h e e
ŋ s h a j i w a k o e e
a a l e k o
a i k e k ŋ d u e e
b a a b a a t ɔ f l
ŋ ŋ a k
ŋ a n e k b e e k
k w ɛ k m e e a a ŋ
b a k a t a w
a m ɔ e a a t m ɔ e e
l ɛ k o ŋ l ɛ i m e e
m ɔ k o e e
s o a a ŋ m ŋ s h a k o
s ɛ k o l ɔ e e t s e e
k a i k e e
b a a t ɛ k a n e n a e
s a e a f ɔ k o
y i d i a l e e e
u k u a n e ŋ b i a a ŋ e e
b a a l a a s u k o
s a k o p ɛ t ɛ e e
a h i b l ɛ k e e
s o k f ɔ e e e
b a a h i ŋ b a
_ n k i k o e l e k a a b i e e
a f e e ŋ d i
n y i b o k o ŋ b a e e
a a ŋ a f o a f a e e
t ɛ e i n e
f e e m k ŋ d i k j i
b ɔ e e t e e e b i e e
a t s a e e
n u k
f o e t e k o
b e f ɔ f l
b a a ŋ k a f ɔ k
u k u w a k o ŋ d i o s o ŋ t a w e e
s u m ɔ e e
t ɛ k o a h ɔ ɔ e e
b a a a a b o ŋ h i
w ɛ o t a ŋ s u m e e
g b e e m ɔ e b a k s h a s u e a y a
ŋ n y
f e a a j i
ŋ s e l a k o t
ŋ a k o j i e a f ɔ f
l ɔ e ŋ s h a t s a b ɛ ɛ e
k ɔ k o j ɔ k o
b a a u u k o i ɛ k t s a
a a j u l ɔ e e _ n k u k o
ŋ t e e h i k ɛ ɛ k
i n i n e k
s h a a a m ɔ e e
g b e e _ n k u e e
b i k g b e l
l ɔ e e t ɛ k ŋ f e
d a a b ɔ e e e
a g b o m i e ŋ m ɛ n e k o
a i ŋ n y i k o
s o e ŋ b o ŋ f e f e e k
s a k a a k ɔ a a h a a h ɔ h i e e
ŋ i ɛ b ɔ e e a t a a
l ɛ k
a t s u ŋ y e _ e e
ŋ f a a a a k o e l e k
b a a p e e e l ɛ ŋ b ɛ
b a a a a h a a y f e e k n u e ŋ b o n y
k p a a a b i k o
n k u k o
b a a k ɔ a b o d a a k t s i
b o k o k w ɛ e
ŋ y k u n i k o
b a a n u u s h
h a m a a t e ŋ k w ɛ ŋ f ɔ
ŋ b i a f ɔ e e
a a b l b ɛ ɛ e e
b a a ŋ k a i g b o m ɛ k o
u u n a e e j ɔ e e e e
b a e i n e t ɛ k o e e
o e e t s w e e
u u e e a a b a ŋ k p e
ŋ d i f e e k o
b e l e b o e e
p e k e e
ŋ ŋ h i a d ŋ b o k i k o
e e e e ɛ m ɔ e a a j i ŋ g a w ɔ k ŋ t s u
ŋ o s s ɛ k o l ɛ k o
w ɔ k a k a i
g b o k _ n a d i e e
k a i k
ɔ f l ɔ e e
t a a k y e _ j i e e e e
w a k ɔ f l ɔ a a d a
a ŋ d i k a d i k a a b ɛ a d i k t ɛ k e e
b a k k i e k o
b a a l ɛ k a l a k b a a w
ɛ t ŋ f o
u m ɔ k b i k o k ɔ e a a l ɛ e e
ŋ t s a e f ɔ e ŋ j b a a t
ŋ s e e e e k o
u k u k m ɛ e e ŋ k a n
b e e e h a k a w o e e
h i ɛ e a g a k a i a a b ɛ n u d a
ŋ b l k o
b a a k p a u m ɔ
n y i k a e e ŋ l ɛ m e e
ŋ m ɛ k o ŋ b i
ŋ b ɔ s o k o
b e e k a a y b e e k e e
a n y a e e s o k o o k o
ɔ ɔ e i ɛ k o k o
b a a a t a j i
ŋ b a a l
t s w a j ɔ k o e e
_ n k u n k u n
b a a m i e e ɔ ɔ e e a a j
n u u e n u e u u e a a ŋ a m e a y e s u k u
a ŋ m l ɛ m m ɔ ŋ h a b ɛ m i k ŋ n y e e
ŋ t s w a ŋ b l ɛ
a f e a a m ɛ
l e k f ɔ f e l i e
a t a w t s i ŋ f t s ɛ k i ɛ k e e
h a e e
s h a k f e e e e e
a n u d i k i k w ɛ k k o
h ɔ ɔ s w e k o
m ɛ k o w ɔ e d a e s h a m
ŋ ŋ b ɔ ɛ ɛ k
ɔ ɔ e b ɔ e ŋ t f a l a t a w s a k
u k u k e e
b a a ŋ d a k o e e
t ɛ e e e e
b a a k ŋ y e ŋ f
ɔ k t s ɛ ɔ ɔ e t ɛ e e e
u u k o ŋ t s u
ŋ a h ɔ ɔ e e e
ŋ t s w k p a s e e
a k w
ɔ k o d i k i a s h a e e
i m a a g b k o
a t s k o
g b e
n a k e e
b a a b e e k ɔ e s a k
b a a a a k w k ɔ e
m ɛ m e e
a g i n e k
d i k k o
a l a e n e k w ɔ k
b a a ŋ b l k p a s ŋ d a y e e e ŋ l ɛ m
ŋ m ŋ g k o
ŋ a s u k a n w ɛ k o
b a a ŋ k o
b a a i k i e
f a a k e e
b a a ŋ k w ɛ ɛ t ɛ
f l ŋ t s u a e ŋ l a ŋ s e ŋ ŋ a
a n e e u k u k e e
a n y f e e e b ɛ ɛ e h i ɛ ŋ l e k o
a h ɔ ɔ e e k a k a i e e
ŋ d u t e e k e e
l a k m i k e e
ŋ f a s o k
n u k o w a e e
_ n b o k e e k
a n e s a e e ɛ ɛ a a f a e e
b i k ɔ e ɛ k o
ɛ ɛ k f ɔ k o e e
b a a s i ŋ k p a
t e e l ɔ y a k ŋ g b o
k ɔ k o a s
b e e a a f o ŋ b i
m a a k a i e n e k o
a f a l s w a s a k o d i k a a w ɛ ɛ
ŋ f e e k k ɔ k o
b o b a k o e e
b a a ɛ t ŋ f e a a n u b e l e
k ɔ k o f e e e e e
b a a a d a a a l a e
b e l e
ŋ y e _ n g b i ŋ a k o
a n y y i ɛ k a i e
a t e e s h a e e
ɛ e e n i m k e e
a a m ɔ ŋ k p e e
_ n a a y a h i ɛ e k o
t s i n k o
a k w t a k u u k
s ɛ k t s ɛ ŋ f ɔ f
t s a s a k e e
t a w ɔ n u k o k o
a b ɛ i m k o a w ɔ k
n i m k k i e e e
j u k o ŋ k w i m k g b l s ɛ e e e e
b a a s m a a k ŋ a k o
b a a n i m e s e b a a m
i ɛ a a m ɛ
ŋ t s i b ɔ e e b a e e e
ŋ d a e e
ŋ t a e e a l a e s w
a s a a a j u
ŋ b ɔ h ɔ b o e e
m ɔ a g b o k u n
a a y a a a m ɛ e e
b a a b o e e ŋ t s i
t s ɛ e l ɛ k o e e
b a a i n e a d a j ɔ k
n u e t ɛ e e k o
b a a a l e b a a h h a m
u u k o a a n a e e
ŋ b a ŋ k p b ɔ e e e e
ŋ k p e b a a ŋ
l a k t ɛ e e k o
o s o e ŋ n l ɔ e e
p a s a j u
b a a k a n
ŋ a a n o k y e b ɛ ɛ k k a n e
b a a f ɔ u u k o ŋ h a
a f ɔ y a e e ŋ g b o
a a s h k o
s i ŋ g b i e e e
ŋ t e e e h i ɛ
ŋ b i u u e i ɛ ɛ ɛ e
b a a s u k i e e
ŋ s t s u e b a a t e e
m ɛ e ŋ t a w a i k
a d a a e e
b a a ɛ m j ɔ k t e e k
ɔ k o b i e e s ɛ e e
b a a k p ɛ e e
ŋ t s a n k u k w f ɔ k e e
p e e a g a s u d a a k k o
h i e e
ŋ g b i m a a a d u
o s u e a s a
a m ɔ b a a e e
u u k o k ɔ ŋ d i _ n k u
n e e e w o ɔ f l ɔ t s a k
l ɔ e e a d a b l ɛ e e
b a a j ɔ l ɛ m ɔ a ŋ a o t a e ŋ k p e
k i n e a f ɔ e e
ŋ a k s o _ n k u u e e
ɔ e k u k k a i e e e
i e e e a a m i
o e f ɔ f l e e
n e k o e e e e
b a a a a l a
b a a m ŋ h b o k k o
ŋ t a a e a a w ɔ
a j u ŋ s e
ŋ k ɔ k p ɛ
l ɛ e e ŋ g b
a a n y ŋ d u j ɔ ŋ t s ɛ b a a g
h i ɛ ŋ b p e k e e
a n e n y i ɛ e e
i m k o e e
d a k o d a k o e e
b e l ŋ h ɔ ɔ
k a i e w a ŋ k a
k o t a e e e
b a a ɛ t l e k s ɛ e e
p ɛ t g b o k e e
ŋ j ɔ e e
ŋ ŋ t s a ɔ f l k p e
ŋ ŋ h i a k o t p ɛ
a s h a s w a e
a t a h i ɛ b a e b l ɛ k a w ɔ e ŋ h i ɛ k o
b ɔ a f a a e e
a j i e a a d u
h i ɛ k i k i k e e
ŋ d a a k a a f
m ɛ k o a h ɔ e e
w ɔ u u k d a k o k o
u m ɔ e t a w e e
t ɛ f a l a u m ɔ e e e
d u e e e e
a a d e e
d i k ŋ h i ŋ j w ɛ
i ɛ e k o
j i e e g b l ɛ ŋ f e
ŋ w o s ŋ g b o
ŋ b l k u e k ɔ k o e e
y e a m ɔ e a s u m k o
ŋ o t a k a a n y a a ŋ
g b l ɛ m a a k m ɛ k o e e e
k u n i a a m ɛ l ɔ k o e e e
ŋ a n a a l ɛ g b o h ɔ ɔ k
ŋ f o n u e e s ɛ e e
a f a d u w ɔ e e k o
a a m ɛ ɛ e e f a a e e e
t a e n u e e
k ɔ k o
ŋ a n y i b l ɛ k
k ɔ e g b l ɛ e e
ŋ k a
d u k i n e e e
a s b a a m e e
d a e a t s a a f ɔ
e k ŋ l a k a i k o
h ɔ a k o t a t s ɛ
o s o e b e l
k a a k p a s e l e e e e
i ɛ k o ŋ n l a k o e e
ŋ s h a t s ɛ ɛ t a w o t s i n n u k o k o
_ n k u e e
f a l o k o
k w ɛ e ŋ s e a a f j ɔ k b a k o t s i e e e
a j i e t s u k ŋ t s i e e
b a a s e n a k
ŋ b a b a a d ɔ ɔ w ɛ k o i n e k
a y e
a k a i s i n e a h ɔ e l e s ɛ e
t ɛ k ŋ g b o e e
s h a u k u k
e e k ŋ g b e n a k o e e e
a ŋ m a e e
a b ɛ ɛ k o
l e b e l ɛ ɛ k e e
s a a n u u p e e e k o
a a g t s i a a l ɛ m e e
b a a ŋ t s u w ɔ k o f ɔ f
ŋ u m ɔ e a i k f a a k
ŋ y a a w a l e e e
ŋ ŋ a k o
b a a t a m i k a l ɛ a a m
b a a a s h
t a e k w ɛ k
u m ɔ e
w a d i a s a t a a k o a h ɔ e e
b a a a b ɛ ɛ
k p e e e e
b a a m k o ɛ k o m a a e
k w ɛ e
m e e h a m e e
a b ɔ a a h h a e e
ŋ a i k o l a k o
b a a y s i n e e
s o k n y i a a d i
a a f a y i ɛ k
ŋ a i k s u k d a e e
t s ɛ a t a a e e
s o k o
y i p ɛ t a m k o t a
k o t a
ŋ m k o b i e ŋ f e
a f a a a b a
f a a t s a p ɛ t e e
k ɔ e a t e e i n
s o k o ŋ a k u k a a m d u e l m a a e e e
ŋ a k f a l k o
i m k o ŋ l ɛ m
k a i k p s h a e
k i k o a m ɔ e l e e
k p e e
k w ɛ k ŋ l s ɛ k k o
a a ŋ a ŋ l ɛ a k p e
ŋ a w o s ŋ f e
a ŋ ŋ t a a s e l e e e
b e m a a a h a s e
ŋ y t a a e y e _ n e e
a f a j u b e e
e e k d i a k a
b e e e
s u k u ŋ k p ɛ
s o k o p e
ŋ ɔ e e j u k o
a k w ŋ ŋ a y e _ u m ɔ e e
b a a n e e e p e k o a a f ɔ a a b a n e k o
_ n k a k ɔ ɛ t a a m ɛ e e
s h a m
a a y h i a a m i m k ŋ y e a a l a e e
s a e e e
a a y e ŋ j u k o t
a t e e
l ɔ e a n
h a m d i k i e e
ŋ a s h ŋ h i ɛ ŋ a
s a k o d i k b e e
ŋ k p ɛ d a k o k o
b a a a s u m ŋ f a l b i k o
s ɛ e a a j ɔ e e
a f e e b ɔ e e
m e b i e p ɛ t ɛ s i n e e
ŋ s e l a a l e t a e a a j ŋ t s ɛ b ɛ ɛ k e e
b a k s e l e h i e o k s u k h a m e l e e
ŋ a n ŋ y e _ u u e e
k u k o ɛ t ɛ k
e e e b i e e e
a a b i ɛ t ɛ
a k w ŋ h ŋ y e ŋ y e k o
t e e t a e k o
b a k o
b ɛ ɛ s h a ɛ t ɛ ŋ j u l ɛ m ɔ
a g b i ɛ m ɔ k i k o k o
n u k
ɔ ɔ e b a k o
y i ɛ k o t a k w ɛ e k o
b ɔ e l e k p e a n u k o
s u k o
b a a h a m a a y t s ɛ k
a a b b a p ɛ t ɛ e e
a d u m i k m ɛ e
a a e a y e _ l e e e k o
i m e e ŋ a e e e
k u e t s
a a m ɔ p e e e
b a a g e e
a g b t s w a t s a e k ɔ e
a b l h i ɛ k a a d a
b a a w ɔ k o u k u e
ŋ n t s u e
y a i m e e e
g b i k
o e t s u k o
a b i a d i y a k o e e e
ŋ l a a m ɔ k e e
e _ n k
o s m i k o e e
w ɛ k o m i s o s o k
b a a a w ɔ e
ŋ b l ɛ ɛ t e e
n i m k s ɛ k o k o
y a e ŋ n n u u e
b a a ɛ ɛ e ŋ d a a s h a b ɛ ɛ
ŋ j i e ŋ j ɔ s u k
ŋ u k y i ɛ a g b o
b a a ŋ l ɛ a a n u a b l j u e
k a i b ɔ e e e e
b a a ŋ k w ɛ m k ŋ a e e
d i k a j i e
a d a a s u e a d i k e e
t ɛ e e a n e e a g
o s o e k o
f o e e e e
h i ɛ k w ɔ e e
m ɛ k l a k o n e e
ŋ d a a ŋ b i k p e e u u k t a k k o
b a a l ɔ ŋ w ɔ
u k u a l a e e e
s ɛ a a k a e e
ŋ b ɔ a a k o ɛ m ɔ e
t a w ɔ b i k o u u k a a j u
a a b ɔ w ɔ e e e e
s o e s h a a i e e
b i b o k e e
ɛ m ɔ k o
k p ɛ t t a ɛ ɛ k o k p e e e e
ɛ ɛ e
b a a a f a ŋ n ŋ b k u n
a g b i m e
i e e s a a s a e e e
ŋ l ɛ m a t s ɛ b ɛ ɛ e
a a t a d s h a e e e
b a a n i ŋ s ŋ j ɔ ŋ k a
t s w a a a m ɔ e e e
ŋ s u m ɔ a y a
u m a s h a k o
l ɔ k o ɛ ɛ k k a n e
b a a ŋ a f l ɔ e a l a
t ɛ e a a m b ɛ ɛ e
ŋ a y e f a l a a w ɔ
a a t a k i e e
l ɛ e e e
a a m i a s a h ɔ ɔ e e e
a a l ɛ i n e e
a a t s n k u
b a a j ɔ k
ŋ t a a k
n i m e a a l e
a g b o ŋ t s a
d a a k b o
f l ɔ k o e e
ŋ ɔ k h ɔ ŋ s e
m a a e b o p e e e
a b ɛ a a t e
ɛ m ɔ k o
k ɔ k o m a a k a k a
a k p k o t
ŋ ŋ y o k a a h u k o
d a k d i
ŋ a e e i m k o e e
m ɔ k o k o
a d i k h a k e e
a a j a t s ɛ k p a t s ɛ
i m e a a g a k p e e e
ŋ b ɛ ɛ s u k u s w a e
ŋ h i k p ɛ t a t s i o k o t a w k o
a f a d a k
ŋ o t a
n u w o s o
j ɔ e w o s e e
t a a b a a b h i ɛ e
b a a d u k o
s ɛ e t a w e l ŋ ŋ m e e e
ŋ t s a ŋ h b a a h k ɔ e a a l a
e e e e
b a a k ŋ m a o t u k u e e
l a e e t s a e e e
ɔ f l e e e
a y e ɛ ɛ e e t s a k e e
o t a a n y o e m a a e e e
b a a a t a w e e a g b s u k u
a t a a i k o e e
b a a a a b o b ɛ b o k o
b a a t
h a k n e e a a d w a m ɔ k o ŋ k p ɛ k o
ŋ w ɛ e t e e e
e k o s u m
w ɔ k e e
g b o e ŋ b i a l e e
u k k i b o e e
b a a a y a ŋ d k o t
a s u ŋ f ɔ e e e
a ŋ m ŋ a k e e
b a a g f a l a a a j u
m ɔ a l e ɛ m
a w ɔ g b e l g b e l e e
t a a k k w a m ɔ e a w ɔ e a a y e e e e
d u e l a e n u k o
ŋ h i ɛ t ɛ k a t s ɛ
a n s u k u
a s a e a a s a t a k a n
ŋ ɛ k e l e n k a a n u m ɛ k
a a k a a l a e e
ŋ ŋ s u m a l a a b l
ŋ k o t a a t a w e l e k
ŋ n a ɛ e e ŋ g
h i e e e l e k k o
ŋ f e e ŋ t s ɛ
k a n e a b l e e
ɔ e e e l e e e e k o e e
b a a ŋ f a a a s u
y a k f a a e
l e e e ŋ b o s u e e e
a f a o s o k j i e a h ŋ b ɛ ɛ a a l ɛ
