k o l u k a
k o l u k a
l u k i
l u k a k i
k o t u n a
k o t u n a
t u n i
t u n a k i
k o k e n d e a
k o k e n d e a
k e n d e i
k e n d e a k i
k o l i a
k o l i a
l i i
l i a k i
k o m e m a
k o m e m a
m e m i
m e m a k i
k o b e b i s a
k o b e b i s a
b e b i s i
b e b i s a k i
k o v a n d a
k o v a n d a
v a n d i
v a n d a k i
k o y o k a
k o y o k a
y o k i
y o k a k i
k o t i k a
k o t i k a
t i k i
t i k a k i
k o b e n g a
k o b e n g a
b e n g i
b e n g a k i
k o k i m a
k o k i m a
k i m i
k i m a k i
k o z u w a
k o z u w a
z u w i
z u w a k i
k o f a n d a
k o f a n d a
f a n d i
f a n d a k i
k o s u a
k o s u a
s u i
s u a k i
k o s o m b a
k o s o m b a
s o m b i
s o m b a k i
k o z a l a
k o z a l a
z a l i
z a l a k i
k o s i m b a
k o s i m b a
s i m b i
s i m b a k i
k o t a n g i s a
k o t a n g i s a
t a n g i s i
t a n g i s a k i
k o l i n g a
k o l i n g a
l i n g i
l i n g a k i
k o y e k o l a
k o y e k o l a
y e k o l i
y e k o l a k i
k o f u n g o l a
k o f u n g o l a
f u n g o l i
f u n g o l a k i
k o m e l a
k o m e l a
m e l i
m e l a k i
k o k a b w a n a
k a k a b w a n a
k a b w a n i
k a b w a n a k i
k o t e l e m a
k o t e l e m a
t e l e m i
t e l e m a k i
k o k a t a
k o k a t a
k a t i
k a t a k i
k o l o b a
k o l o b a
l o b i
l o b a k i
k o z e l a
k o z e l a
z e l i
z e l a k i
k o b a n d a
k o b a n d a
b a n d i
b a n d a k i
k o t o n g a
k o t o n g a
t o n g i
t o n g a k i
k o k o m a
k o k o m a
k o m i
k o m a k i
k o b a l a
k o b a l a
b a l i
b a l a k i
k o y i b a
k o y i b a
y i b i
y i b a k i
k o l e l a
k o l e l a
l e l i
l e l a k i
k o b o m a
k o b o m a
b o m i
b o m a k i
k o t e k a
k o t e k a
t e k i
t e k a k i
k o t i n d i k a
k o t i n d i k a
t i n d i k i
t i n d i k a k i
k o s a l i s a
k o s a l i s a
s a l i s i
s a l i s a k i
k o k a n g a
k a k a n g a
k a n g i
k a n g a k i
k o l u m b a
k o l u m b a
l u m b i
l u m b a k i
k a t e k k o l
k o m m k e n o b
t e k b a n i
k o v k o s
u m l o s a l s
k o k n
e b i i
e l e a
e k o
t u n k
d a k t i n
m e m k z e l
o f a d f u n
l i n a a n i
k a k b w a i f a n a
b a k v a n i
o t s o i s i n i
o b a o l a z e l k
k o f u b e n
m b a
l e l k
e i k a n i
e k o i
i b a i
b a n
m i o l a i
o l a i l a a l i i
u k a i
t e k k
b o f u
o s i u n a
l e l k e n d a
b a n a k o k b
w a n
o v a v a n i
i m b o k a a
m e m
n d i i
m e l e k o a i b
a n g s
e l i y e k l
e k a o t o
s u i m e l f a
a b w a l i i
o t e
b w y i t o n
a k k a n n g i
k o f l u m i b e b s
o b i b w
u w i t e l m
o l u b
n d i a s a u m k a k
y e k k e n e
l a o f a
k o l n k o l k e b
k o v n u w i
m b a i
o z a a
k o l m t i n i
f a n y e k l
i k a k i k o z w
k a k e n d i
o f u o t o g
o k a a
u a l e l k
k o k o k a i g i s k
s u a i d i k k
t o l i o z a a
o m i k o k b
k a b o l o
l i n k o v n l i n a
k o l k
o l u a
o l d i o b e i e k a
k o y b
b a k o b i d a
e n g o m a b e u w a i
o b a d
b a n a
o b a e b i a f u n o
o l o a
t e k i n g
u n g o s
e a k
t e k z u w
o t a g a b w n
k o l n i b i
o v a d
o t i d i b a
t i n
u n g b a k o m a i
s u a i o f u g
a n a i
e b i i f a t a
l u m i s i b a n
f u n o
b i e k a i m e l k
o l o e m i
n d e k o t i o t i d
k e
b e n o l a k o l i g
s i m a a n a
o t e e k o z w
b o m k e n g k
u m e n l u
k o l a m b a e k i
o z a a
u n a i t i n
o z e t e k k k o t k
o l i i n k o z l
t i k k i n d
n d a u w a i m a
o t e l o o t e e
a b
e b n g o n g
e k o i
l u k d i k k
g o t o o z e u k a i
o b e i d i
o k
t e l
e b i l i i
z e m e m k b i s
k o z w
z a l o b o o z v a n
k o f g i s k
b e a l i i
i b a
l e l k l i i o b
a l l e
m i o b a i m a i
k o s a
b e
i a l u m a
z e l o l o a
l i s o b i i s a
e l e i b i s k
u n g o y e o
k a t k l u m a
m e l k o t i a
o z e a l i s
o m o y e o
o y e o o y e
k o k n f u n
o t i u i o y e
a n d l i i
z e l k k o t l
k o k m i a k a k
i k i o s o
b o m
b w a o t o g
o b a d n i f a n a
m b a t o n a
i i
i b l i s i n d
m a u w a i
e k a i a n g
u k a n d u k i
g i s s o m
l u k
s i m a n g a i o t a
t i n i t e k m b a
m e m b a l k v a n i
i b a i o b e g
m b i k e n
s a k o m e k o y k
u k i o y i
d i k k b a l
k o f a l a i
t e l
a l a i a l i a
v a n t o n i i k a
l u b a l u w i
z a m i k a n
o y o a e a k
a n d k
o y i
k o z l a l i b a
a l a i k a n t i n i
s a k o m b k b w a
g o n d i i
k o k t
k o s m
o b a a b i s k
o z e a i n g
w a o b a d
y o k n g i o t u a
o t e o t o t o g
t i k k
k a
o b o m i b a n g o i
k o t l n g
o t o
w i n i e k i
s a l s t o
s i m a
k o t l
k o y
o n
m b i k i m e n d i
o b a a z u
l u k k z e l k
e l e i e b i
l o b k e a k
k a t k a k i
k o b b
u k a i k i
b a n o b e
o s a i i m o f a d
l u m k a k b n g o i
o t o t i u w a
l u m b w a u n a i
g a o s o b
u n g l l i a m a k
e k b a n a
k o y k o t o g
k o l l
y o k
e i e n g k z a l k
e i e l i
z e k a n a
t u n o b a i
a t i a n i o v a
u k a z e e k k a t
d e
z a l o v a t u n k
l i n i o t i d
t o i n g o t i d
o m b k
a n g s
a t z a
l u m o l u o k
s o
f a n y i b k
y i b k
n a e l e a
k a k n y i b k
e a k o k n
b w a o k o t a n g o a
e n l u m a
u n i o k a w
t i d e a
o k o a
n g i a k o b m i s a i
m e l
b a n
o m a i n g o a
b a n a
k o s a e k o t a
a l i z a l
t a t e o n g
o t e i k i
k e n e
u n g l e m a
k o b k o l l w a k
e n g k o y b m b a i
e k a
s a l e b i
a k a l i n
k o t k a
o m b k y e b a l k
m b m a k
o n g u n g l o m b
e i
a t
i a o v a d o t o g
e m a y e k l
e n d a k o y k
d e i e l e g a
e l e l i s
i m b k i k a i k o k t
o l i
t i n e l a
n g i a a n i n d k
e l e t e k
i n d t e l m a n a
b a k u k a i
u k a o m e o t e a
e i b a n a d a
e k o d a m i
b e
a b s i g o l
o l i e k a i
o t u a
g i s
l e m k k a t k
l i s k
g o l b e b
t i d a k
k o k n
l i s k
a b z e l k
w a n k b e s u a i
i m a i o b o
s a l s s o m i
o z u a k o m l s u
d i k k
m e m g o l k
u a k y o
i k a e n o n g
k i m m e m
i b i g o l k
e l e a
e k o
i m a i
i n d k
k o s a
a n d
i n g o y e e n g k
d e a i l e
e b i i
a k a w i b e n i
o l u i k a
s u l i o m b k
o z e
f a n a n a k
l i i
a l o b a
o t i a
a b w n
o l u b
o y i u n a
k o b
k o v n
o m e a a n g
o l a i a n g i k a i
s o m i a n g k
o s u l i i n g o i
k a k n i n d k
t e k k u k
s o e k o i
u n g l o k i a
e i a n g
l i n o l a i
t e k b w a u n g
b i s k
d e z e l k k o s m
o b o
i b i a l i i
d e a i
g i s
i b i n g i a
o t a o m a i
b w a a l g a k
k o l b
u w a k o s l i m a i
n g o a
o k o a
o m b k
o s i b m e f a n
e l e m e m k
o m b
v a n u k g o
i k a i
k i m k s o m a s o
a n a e k o a
o k o o m e a k o z l
t e l m
u n e n g s a l
k o s l k o v
a l i i s a k
f a i m i
d i k a k a g
o m b
u n i n d e k u n i
k a e l e
o l u b
o f u g u n g l
l e l k
s a l
o s u s o m
u k a b i o b o
y o k k l u m a
a l i o l u b
y o k l u m i k a n a
e m a i n d a i
d i l e l k e m i
a n a i
o l u b
g o l k
e m i n g i i f a n
s i m i n g i a
s a l e m
t e l m b i o z e
y e k l o l i g
m b a i
b a d e a i o s o
y o o t u
i s a i k o y k
i n d o k i u w a
m b g i s k
o b o a a n d k
o t i a k o l l b a l
e l a i
f a n a t a k
i n n g i i
t o n i e l a o m a i
o s i
y o k o s i b o f a d
b a k a n a m b i
k o b b n g a
i s a i e n g k
m e l d i d i
e m i o s i b
u i o b a i
t a n i n d i i
k o f n k a t
n d i a
n d e k i k a i
a n a k o l b
o k a o t e e o b e
o m e l e
o b o m a k o l i
o b y i b k o y i
t e k k i b a i a k a
l i n a u a f u n o
k o b m
o f a l u m i e l
o k i k o t l y e
k a k b k a b a
k o t n k o s a
e l e i s i m i
y i b s a l s
u m b k
a n g k o b b
i i m e l k
y i l u m a
o t i d
i n d o t i l e l k
l u m o n g k
n d i i k o l n k a k n
e k a
k o m
u n g l e l
k o z n d
o z a
b e b s l e l
d a k l o b
l i s k
u k
k o b n o f u g
t e l u k k n g i
o l e e b
n d i a w a u i
e m a
w a n k
n d a i
m e l k e l e f a n a
b e b o l o a
k o l l
t a n i e k a i
a b w n e b i a
e a k m e l k
d a k
o y e
b w
b e d a k e n g k
g a k k a k n
k o s i m i
t i n o t o g
u m b k
o y i
i b a i
n g o e k a i
k o m i b n d i i
u n k o b b e n d a
t i n o v a z u w
n g a i
n d i i d e i
k a k d i k k t o n i
k o s
s o m a i m a i
u w i
o l a k o y b
i k a i k o k m k a n i
o k a b i s b a n
l u m i a k i
o t o g o b a i
a b w n e m i
u i u w a w a k
k o l n d a i
k o y b i s a i t e l
i n g
k o l a
k a n
d e k o l l
g i s k
n d i i m e m k
u n a l i s
g i s o t i d
m i v a n o y k a n a
o l i k o l l
a n a
a k a w b w a b e b s
k a b a u m b k
o s i d e i f a n a
t i n i s a o l u
o b i u w i u w a
o m e a o m i
k o l t i k k
n d i m i
o s u z u o s o
m e m k n d e k o l
m b l i a i o b a a
b e n a
k o b o k a w
k o f n
o f s a k
k o f n k a t
b e n i o m e a
n d i a m b i o z
o k a w
k o l
s u i k o b n i s
k e n
k o k t l u m o b a d
a l a
t i n i o l e
k o l a
y o k k o m a i
o m m b i
o k e l u m a z u
m a y i b
o k e e b i
u m b a n g
a n a i a l i a e m i
o z u f a o b e o s i b
m b s a l k o l a
i n d d e i
l o b k b o m k
k a b
u w a k a n a
i b i
l e l t i k t e k k
u n g i m b
b e n i k o t k
l e l
b e l u k k e l e
t u a t a i f a e k o i
o y i n d k o k b
u a o l u b o v a d
f a o s o l i a i
t a n i a l a i z u w
k o s a b o
n d e k l i n
k o y o m e n a k
k o l n g k o m k
n g o i e b i a
d e a o s u
v a n a
g i s k d e i u n a i
l i i
b a l k
e l a a b w
u n a
t i
o s i o z u
s a l s
k o z
z e o b o
g o u k n g i a l o b k
l u k b e
b i o z u a
k i m k
o b o a d a k o s a
k o m l
i k a i o y e o
e b i o t g i s
e l a o b a d
l i a
n g a i
z u w g i
f a n i
k o k m o k o o b e
t u n
n g i a
g o o s k o b m
k e n e l a i
k o k m
n d a i
n a k y o
e l e a
u w n g o a
b w a a a t a i
o k a w
o t i d b i e l e
k o b n b i s k
e n d i l i s k
o l u b
b w t i
e k i
k o b l o n z u
o t i d z e l
b a n i k o l m
i b k o s l o b e i
e m i
s i m a e m i
o f a d n d a i
i b a i w a k a k
e l e
k o f a t u n i
g o e k o i b e b
u m b b e n e n
t u n k b o m k
e b n g
o t i d o z
b w
a t a i
o l e k o l
s a o f
u n g l
o t o g
y o k k l u k k y e k l
o k i k o b n
t u n
d e a i b e b s
a l i a
k o y b o b i
a n d k
o b a d u k a o z e a
l i a
l u k k n d a
m a k i a
t u i b i
k o z l n g a y o k k
o y i o m i e n z a l
o k i a y i l i a n i
o k o
u k a t i n s u i
e l a i
o n o k a w o t u
b a n a v a m i d i k
k a t
b i s k m e l k
d e k a t k
n g i i o k o a
m e m
y i o b e g g a k
t i n i b o
o v a d i a k a k a w
b e n a b e
k o v f a n o t
s i m g o
e n g k o m e l i n i
k o y b o t e a g a k
l i a i o z
o z u a
o b e l i n g i i
o k e
v a n o s a i
z u w k
k i i m a i
b w a a
o k a g t o u m
e m i k o l k g i s
t u n k a k a g a k
e l e a k o l
k a u a k
t o n i z a o t i a
a n d k w a n k
o f a
o n g k a t o f u
o k i a
w a n k i s a i
o z e
l i
k o b g o k e n
e m i
a b w n o l a
k o l a a l m e m k
e k k o t l w a i m b
k o k b g i s k
b w a a k a b
o s a i s i m l i
z a l k
t o n n g f u n m a
t e k o v a d v a
o t i d l a k o f
a n d k o y k k o l k
t o n i i b i
b i s k o s a i m a
w a k e l e b i i
l u m u m b k y o
b e n a o b i m i
b o m
o l u a t o f u g
m b i t i k
s a t a n z u w
s o m i t a k n g o
k o s l
k o l m o n b e n a
b i s a b w n o m i
a n a b i s o m
o m a i a t i y e
o l i g n g i i
o m a o k
o s i z a y i b
o k a w o m k o k
o n g k t i
o k a w k o z w o k e d
u n g a n g a l i
e l a
b e n a
o b o a w i
k o k k i m g o e k i
k a t k l u n g i i
d i k z e l k
g o l k t a k e a
z a
o k a w u n i o k a a
k a k b k o k m
o k o a o y i e a
o z u a y o k k
z e l k o m b o l u a
s i m a e l e i k o m m
i m i n g n d
i k a i o t o
l o o k o
b i s k
e l i f u
u k i
b w a a
a k a o b e
e m a i i b i
k o t k k i m
a t i
o b o a i n g k m b a i
u a z a l
o t u a i b a
e k o a
t i k k
o k a u n a k a o k o a
a t a i s i
a n i
u w
k a k b o l e
o y e o
o k a i y e k l
s a k s a k y i b
y i b k
s u a i n d k
e k i
d e a i k o l n
o m
o b o a
n a b i
b a l i
k o m a n a
k o b
l o e k i o s o b
k o k z e l k
o m b k w a k
l e m k
a l a i
d e i a t i
b e n a
o s i b o y e
o l u a
n g o k o t k m b a
n g i i a n a i
o t a g l i a k o y b
o k a i m b a i
z a o t o
k a a n g
n g i i g i s k
i m o y o e n d i
w a t i n k a b a
b a k
k o k t b w a
a n d k
o b z a l k s o m
z e o k a b w a i
o n g k
z a l l i i
o t u t u n
i n g u n g
a n l i n i a k
k o y k a t k
k e n e l a y i
a k e i z a l
o k a a n d k
k o f
u m w a b e n
s o a n g s m e
l e l u i
k o y u a k t a o t
u w i i b o s
k o f n i m i
u n a e k i m i
b e n i
n g o i
o m e a
o y e o e n d i
a t o s i
l e m k i i a t i
k a n i
n g a i e k a w a
d e a k a k b o k e d
l u m a
d e a o k a g o y o
b e n a d i k
a n d l u m
a k a w o t i d
i n d k d i k k
a k a
o m b k t i k k o t o
a b w
o s i b o k a i
g a l u k k
o k
b e n i k o v n
t e k g a k z e l k
e l
g o l k
o b m b a i e n o l e
f a n a k e n e
t u n k o l e a n d i i
n d e k
o k a a o t u
o t a a k k o s b w a a
o v a l u m a k o z
i m b k k o k b
l u y o k k
k e i n o l u k a b
z u w k
u m a k a o t e a
o t e z e l k d e a i
o z a i m i a l i a
e k e m l i
i m k o y b
b w a i e l e i m a
l i a i
l i i i m a
l e l k o m i u i
e l i s a
k a t k o m l
o t i a m e m
k o b m o t
o k a e l e a k o y k
e b i
e k n d e
s a k g i i s u w
n g i i y i b
m b s u k o s
m e n g o a
o l e a
e l i t e l m a l a
o f a
t a n b w a a
o y e l i n i a n g
k o k m
l i a w a k k o m k
o t u a
k o t
z u w l u k k b a n
y o k k l u k k
n g i f a o k a g o l
l i s k f a n i
l i a t o n
t o n i s a l e l e a
k o v n k o l k
i b a f u o t e
o k o n g i i
o b e t e l m b w
k o t l
t a n o k e s u a i
n g o y i d e a
u a o k a g d a i m a
t e o v a d
o k o k e n o b a d
b w a a o k a a
k e n e k o m m
o m a o t e e
z a l l u k u k
l i n
f u n k o l b
k o l l o t o
b a k
e b k o b m
o b e g
u a
o s u o k e d
k o b m
o t o
s u a n d a i
k o s
i s a d i o l a
k o s o b i
k o l a o n
n g i t u n k o k t
e a y i
k e b i s k y e k
e k a o s o
i b a i t e k o t e e
n g a i n g a i i n d
o f a d
n d u n g
g o l o s a i
o f u
a t i e m i i m b k
m e b a l
e k a i
k o l l
t i n d e a
a n d
k o f n k o f n e n d
t a n i s i
n a o y i a u n g
e b i a o y o a k o k m
n d i i o k o a l i n i
u a o f a d i s a
e b i i u n n d
k a k b m e z u
t u o k o
o z a a
a l o b e
o t e a o m a
b w a a e n o l i g
o k a o f u
t e k o t
v a n i o t i a
v a n o y o a
t a n
o k o m b a
t i n
t u o k
e n o k y i
n g i a b a l k o b a
o s a t i
e k a i
i m a i a k
t i n b e n e i
s o m l i i
o t e e o k i a i n d
o b o e k a i
b o m k k o k m
k o k y i b k a u i
e l a i
o t u
o m
n g o a u n g o v a
k o m b e n i n d
l i o f u k a b a
l u o t o l o k o l l
t o n i o t e a t
k o k s o
i n d k l i n
s o u a s o m a
y i b k
e k a i s
o s o b w i o k a w
o y i a e a
l u m a i k i
o k i a a l i
g a k o g i s
e b i a y e k l
l i n
i n e i w a
k o y k y o k k
t o n
o s o b m b a i
z a k o v i i b o m
k o b l t o
t a n l i a
u n n g o a
e l t o
s a l
e k i
b a k m e l k
y i b k u m
o k o i m b
w a n o z u
u m t u a l i a s o
i a k
i n g k e n d i
l i b e b
v a n a
t i k k
k o l a t i n k a t
e a k n g a o b
o t o g
b w a a e n g k
o k i a u n a i
a n i
w i
o t o g
o s a i
k o y k
k a n i m b a
k a k b o y i a v a n
f a n a b a k
o z w a n
o k e d
i k a i
o t k o v n
o k o a o z e
z a l a l i
o y i s o n g
o s i b m b a
k o t k z u w
t e k o k a w
k i b w a
v a o s o k o k b
o k a w b e b e n d
b i s k i k a i o m a
o t u
o z u a b i s k
e m a k o l s o m i
i s a o k i a n g k
i i m b a
g i s k
u a k l e m k i n g k
d e a i k a n g i s
k o s m i m a
o t i d m e l o t i a
b e n i
e i k o s m
t e l m s i b a n
s i m a o f u
o t o g i a
y e z a l
k o b m
k o m m b a k k o f
a t k o s m u w a
u n k o b b k o t l
t a i k
o t e a
o f t i n i
k o t l i s b o m
u m b k
o y o a
k a n a s o m a o k i
u w a i s a i n g o a
b e u n i
a n a
o t u a s a l
k o m u w a
o v b a n i f u n o
b i o f a d k o y b
k o l l
e b i n g o
e l a i a a t a i
k a b i s k o z d e a i
e n d i t i k k o y k
o z u a e m a i k o m k
k a k n
k a n a
b w a a
u i t i k y i b b i s
y o k t e b e n
k o v o b e
s a l s m b a i
e n l i i k a t
b e b
o k i d i k k
w i m e l k
o y i o k e d
s a k y o k i n d k
v a n i
o y e o l a i
k a n i o m a m e l k
n g a i n a k
o m e b a n a
b i l i s o b e
b a l k
i m b k
a b w k o s o m f u
e b t i n i
i n g
f u n o
o y e o k a t
u n a g i
o v a
a l
e n d a
t a n i k o k
k a n a o l u b
o m i o l i g
m e l k e b i
e k o a b w a i t a n i
a t i k o v n
a n g k e a k k o l b
o z u a z e l i s k
d i k i k a i s u a
d i k u k i l u m i
e n d w i i m a
d i k i m b k
z a l k u n g l
t e k k
b i s k
b a l
n g l i a
e b i i b a n a
o t e o m b k
y o k
m e m k o b a i
i n g k
n d i i k a k b
k o s a t o n a
k o l l
b e t a n l e
o y
s u a i t o n a
g a a n d k
o f a k o t n
t i n i o s i b
t o n a
k o v i m a i
k o m m m b l e l
a t i w a k s a l
t o n o b i
e l e a
o m e l a
u m b k
u n g l g o e m a
m b o z u a
t i n i s i l i s
o y o a k o b b
a k a f u k o k b
a k i o y
k i o b a a
i n g k i m k
a l a y e k l
b e i s g i
m e m k
w a n w a n k
v a n a s o m i a
a l b i s k
a n a o t a g
o l i g
k o k n l e l k
o z a k a k b
y i b k t i n i
e k o
k a n a u n a i
o b e t o n i
e n d l i n i
t e l
o k i k a
o k a w o k e b i
s a l t a k o n
n g
n g a i i m o l a
o s k o f
b w a i a n a l e m k
t a t i k k o b
i s o t i d
o z a t u
z u a n a i
e i g o
t o n i a t a i
m e m k
z e l k k a k b
o k e l i n i
z u b w k e n e
s i m a a l a i
d i a k i o b a d
b a l k
o s o o y k o m
k o s a o s u b a k
o s o
s a l
t e k k
d e n g o i o b i
i m b u n g
u w a i
o y e
o l u b
o l o o y e
o b o s a l s
n g o k u k a
z e l k v a l i n a
i n g
m e m k o b b
y i b k a k b a n
l i n a o k a a
o b o a
o n s a l
d i k k o l b
l e o v b w a i
y o k k n i i m a
k o y b
o y i e l a o l o
e l a i k o v n
o m a i
o k a w y e k o k a i
u m b k e k o a
l u k o z u o s i b
k o b b b w o f a
l i n a n d i a
o z a z a l k
e n d a u n g l
n g o i d e w i i m a
e i o b o
o s o b
e k a
i s a i g o l k
e n g k
v a u w i y o k k
o v a d b i e n g
o t a
d a k o s
l a l e l k
a l a i
n g a m b i
b o m k t i
y i b s o m i
o z a i n k a n
a l o b a a
o l a
e b z e l
s o m f u n o
m e l k
y i b b o m k
e k a i
o n g k o z
o k i a z a
g a k o t i d
u a k
a l a i k o k t e n g k
o b o o k a a
o z
y i s i m i l i
k o l b e m a i i n g k
k o m n d a o l e
n d e k e l a i
b i a l i o y o
o b e
k o l o m a
o l o a
o m e i m a n g s
e b k a b m a
o k u n a
e l e b i i
o y e l e m
i s s a k a n g k
s a k w a n
o t u n a i b o m k
k o s m i m i k o b n
b i s
y e k l
n g o s i b n d a
k o l a
a n g k m a k t i k k
n g i d e i
t e l y i e m k a t k
k o l n k a k b
e m a b a k w a n k
o t o g o t i
s o m i o z
l u k n g a
b w a a k o t
k o z l o z a
a l i k l u m i
i k a o b a d
i n d k n g i u w i
k o y b i a k s i m
t a u n a o t i
i s a i o v t e k k
n d e k d i k k
e b i i e n d d e a i
g o l o l u a
n d i a t i s a l
k o s b w a i
l i n l i t o n a
t o n a
i m s u a d e a i
o f u m e l z u
l u a k i o k a
g a k
o t e l u m a
t u z e l
a n d k
a n a n g a
u w i t i
a n g s a n d b e n i
o y o o l e
e a k l e m k
m e m l u m a
k o s l
i s i o s a d i
m e m k e b i a
e n d i
k o l a e l o y i
a k o b a a o l i g
a l i i m a i
y o k k
o y i z u w k
o k o u m b k
i b n g a i
t e k k y e s i
n d o z u a t a k
d i k d e
e l i i b
l e m i a k
u k a o m e a
f u n o
o v u k a
g i s a t k o t
l i n i l i a i
a l a i
o b a a t e k k
o m b b w a a
b w a a
k o l k
e b i i u k i
k e n
o l a i w a n
o n g e l i o z u a
k o l n
e l i n g o a
n g a l o b
e b i a s a k i
k o b b g o l o a k i
b w a k o l n o l i g
t e k o t k
t e k
i k a o b a i
l i n a
k o l k
k o y k k o s m a t
k o k t a y o k
e m a i t a n i
o t a o y i a l a
k o t n
o t o l i n a
y e k l a n g
a l i m e m k z a l k
i s l i t a d a o k e
e k i
u n k o k m m a k
o m e a
e m a
u w a o z a
i m b k u n a l u
m i l i n o b a d
e k o a l a f u n o
a l a i o t i
b e n a u n g o t
o m b k
n d e k o z a a
k o t
l u k k e l e i
i m b k
b a n i b o m k
m e l k a k b
u w i u i b a n f a n a
l u m a k a n a
s a o k e d
i b i
t u n b a l
s u k a k n
o k a i o l o o k a
d e a u n a i b i
m b e l a b e b s
l e m k
d e a t u n e k o i
g o l k o l n
u w i i n g k l i s
i m b k o z u
u n i k o s l
e l i k a n i e l
b i o k o a y o k
a n a o t o b w l e
z a i s n g i
e a k m e l k
z u w o t i d t o n i
l e u n a
i b a g i s b e n
z e l l e l e n
i m o t e k o l l
t o n i
t i n i k o z l n d a
m b i l i a i o t e
z u w
m b t o n a g i s k
k o b n
b a l
k o f n l e l k
o s u s i m a v a n
k i m k
e m t a k
e n d a s u a k o f
b w w a n y o
b e b s a n a i
o t e e t e l m
o f a b e b s z u w k
s o o b e i
b e n i k o b b
i m a e l e
i m b k
k o s o n g k
s i i m a k o b m
l i n i e k o a e m i
a t a
o l u a
a t a
u w o l u b
m a k s u i a t i
n g i
o z e l e y o k k
b e b s
o s o y e k l
d e a i o b i m a k
e i i b a i m e k a t
k i m k a o z e a
k o l k l i n s o m i
b e b
a t a i
b o m k l o b k
y e k o z e a
m a g o l k
o l e a n d i i a l i a
k o m
i n d k a b
s i m a l i
t o n i e m a s u a
w i o z a a u m b k
e l e
k o y o t a
u i z e
o k o a o v a d t e k
n d i b w a i
s a k o t s i m
t i n i u a e b i
o n o t i a
k o k m b a i a
e a k b e n
l e s a l
o b a i
k o k l i n a
k o l k u a k k o m m
k o b m n g i i i n g
g a k k o m k o f
s o m o s u s o m i
o y o
o v a d k o y b s u a
o t i a k o k m
o t i d b w a a
e n g a n a i
o k o a n g a k a n
u n s u a i k
n i o z u a
k a n a
a t i f u n b a i s a i
n d e k s i m i i
t a n y i b
k o k m
i m a i
n d a s i m a
v a k a n i
k o t k b e k o b
a n o m b k
o m b k
i m i
o t i l i o m e
o l
l u k k i s i i m a
l i n z e l i i
k o k t b w a a
k o m k
k o t n
d a n d i
e a k
k o f n f a n a
o t o g o t u o l e
t o n b i s
l i n o f u
e a k o m k k o k t
d e l u k o z l
m b i o k o s a
n g e k a s o m i
u k a m b a i
i a e k a i
m b n i u k
n d i e n d
g a o y o k i o b o a
o k o
a n i
l o d i k k k a k
m a k n g i a o l u b
t u n
o l i t i e k o a
u n g k a n i
b a k k o b b e k o a
e b g a k e k
o f u g e l a e n d i
d e a i
a n d k
o m i l u k k
a k a g i n d i m b
i m i o y i a o z e a
n d i e b i i
e b i i g o z a l k
a l i i o z u a f u n o
a n g k o b n
y e l e l k
n g o i o l o
b w a i
o y e o o z e a
m e m k o s o b
l u g o i m
a k i
o s u g a k
o v a d o l e a
u i o l e t o n i
n g a i u k a i
u a k
a n g k e n
a b w n k o k t
b a n o s o
l i i
b w k o z w
e n d i k o b n
a n d a k
o y e
o s o
a l a
g a k
f u g a k o l l
s i m n d a i
a b w a t i l a u w a i
f u n
o k e d i i
e b i m a
e l e t i n
k o l k n g
o l e z u b i s k
s i m a a t a
t e l m n d i o t e a
i k a i o k o a
o l e k o k t k o k
i m i d e
e k a i
o f u i b a i
g a k o k b y e k l
o t e e d a e k o a
i m e n d i
s a k t e e k o
n g i u a
a b w n
o k i l i n d e
o m s i m k o l m
y i u n o t u a a n g k
l u o b o a
e m
t a n e b b e n i
k a
l i i m a o b a a
a l i l o b m e l k
l e l i s a
k o l k z a t e k
e m a y o
t o n i
l u m i b o m a
e l e i o b a
t a n a b w z e s o
i i e n d
e m i s i k e
e n g k a l i a
i n g k n d i a
t u n
y e k o m b g o l k
i m a d e i k a i
m i n g i a
b e b z u w
a n g k k e n e
o z u e n d i g o l k
u k a i b
o l u b
k a k n k o y
o b o a
b e n t e d a k
k o s
l u k
s a u m b k k o s l
n d i i
l o k o v
l u l i
a n a u n o z u o m i
o y k o b b
i s i k a k o k a w
o k a w
k o k b
b a n i
e b i a u w i
m b a o t a g k o l n
i m b k
o l i g u k
k o l m e b i i
b a k l i n
o b o b o a o b e g
o y
n g o o k e d
e k a i k i m
a n i i b a i i k i
n d e k u n o s a i
b a k b a n
k o b l
k a t b a l
o l a i w a n
b w a u k a
o l o d e a i
s u i a t i i k i
i s a
l u m k o l
o b a a o t a
e n y o k u n
i b i l e m
o k i a k o t l
k o t o y e n d i a
d e a l i s k
e n d i t o n a o f a
i k a k o l a
o l u
o m e a z e l t u n
k o l l e l a i
o t a a k a w
o t o g
s o m u k i
o b a i l i a k a k n
u w a i
i n g k y e k
o b e i
o t i d
b o m k i n d k
o b a d
i m i n d k n g a
k o v o b a d
u a k o k t
s u i o l u a
i m a k o m m
b o b w a a k o l l
o b i o y
u k i k o l m f u n o
k o y k
d e i b o m
n d i i o m a i t u n
o f y o d e i o k e d
g a k o l k m b a
o b o a o l e d i k k
t e k k y o k k
w a n k u k e k o a
o z u
l e m m i f u n o
l i s k
u k a e l e i v a n i
f a n o t u a
n g a o m b
k a b t u n k o l
o s o b
k a k o l
o k i a e m a u n a i
o y o a
n g o i o k o a o k a a
a b b w e n d i
i m o k a o f u g
i i o z u u k a i
a k i i n d t o n
v a o m i
l e m o m a i e k a
e n d
i b a i o l o
n g i a t i k o k m
t e l m
n g o a
m e l k
y o
k o t k
o n g k l i s k
k o b m i k i o t
a k a
a b w n
a k a w w i
a k a k i w a n
k o m m o t i
t i n i a n g s
o k e
k o y e m i
o m a i e m a
o m b k t o n
k o z l
n d a i
o m b n g o
k o k t o f u g
d e i m e m a n g s
o t i d
o y o
k a k n t o n i
u w a k a k n
k o t n
n d a s o m a
t i k o l k
e b i k a k b
i a k a l i i
k o b l o b a i m b k
k o k b a k s o
e l e
n d i a e a k
o v a d
k o b m
s u a o k i a
a l a
o l i
l e t a k
k o m m s i m o k e d
t u o k a i
n a z u n d a i
o k i a
d e a i
k i m k
o z u
k a b a w i
l o b
l u m a k a k n
e l e a e k o o b a i
d i k o k i
k o y n d d a
v a n i o t i
o l i g t e k
i s a d e n a k
i m i u n a i
e l e i
o s a o v a z e
k o l m
b a k l u k i n g
s o m w a n k i k
s o m
l u m k o b l
k o l b l u m z u w k
d i k k k e k e
t e k
i b i m b k v a a t i
e l a e n d i
o k o g i s i
m e l e k o a o b i
m e l k k i m
o n g n d i i i s
b o o m b m b n d a i
o l u b
o t i a
o s i b
k o t n l u k k k o f n
k o t
a k
m e i m b
n a k m a k
a n g s
t o n i b a i
e m i
k a b a o n
o f u
z a b w a i
e l a k o l k
t a k o s
u n n g i a
e a b i s k
e i t e k
k o l n a l s i m i
n g a i n i k o t
b w a a t u i n g k
e l
w a n k o s i k a k n
o k a a
o k i
e l a o b a d s i m i
a n a
k a k
m e m
o k e a k
i m a e n d i l e l
o s a i b e a k a g
k a n o k i a
k e n e
s o m i o k a g a n a
t a n v a n a
z e
s u
a n g e n d a
a l i i k o z
b w n a k
k o b l s a l o
t e k o s
b a l k n g o a
w a k u n i
m e l
a n d a t
u n i
t a i k o k a
k a n a o y i
a n g s d a k
o t i l u m a o v
k a b o l a o m b k
k i m k n a k
o k a i m e l
k a n i
l i n i f u k a n
s o m i
f a n a
b e n k e n o b e
k o v k a n
s u a i
o l o k o m k o l i
s u i n g
o m b y o k k
i k a n g a i
o k o w a n o l o
k e n e y i b g i
k a k i a k
k a t k k o b m
k o k n
k o l a o y e b a l k
d a t u n i m a
e b k o z w
n a k k o l k
o s a i
i b a i
b a l k m e m u n g
u a
n a k
w i
b e n i k a k b
b i
l i n a a l a
u n g s u a i
f a n i
o b a i t i n
g i t a z u w
m a k b w
u a k o m b u w a
o l i g
a t a i i a k o s o b
n g o i
k o l a t i f u
o t e a
o y i
m a e n g k
o k i b a n a o s o b
n a d a v a o y
e k a i u k t i k
s u f a m e l k k o b n
b a n a u k a
s o u n a
u n g b a n a u m b
e b t u n
o t e e k a
d e a i
n g i a o t e e
a n d z e u n a i
s u a i
o b e i o l i
o f a d l u k
l i s
n d e o l u e b
y i b k o t
k o t k d e a i k o m k
u n i
t e s a k t e l
e b n d i a
g i u n g l b e n
k a k n e m i m e
b a v a n i b a n
o y e o e l e
i s a d i g o l k
f a n a i s a o m e
n g
n g o z u w k
k o k n
u n i
b w e k
k o m a b w n
o f a t a n y o
k o b m l u k k l u m a
b a l
b a n a l e l i m b k
l e
o b o a
l i n i o l u b o z a
k o b s u i b a k
b e o z b o m
k a n k a k n
i n g
a n k o b n
o y s a k
m e m f a n a i s a i
d e a i o n
u m
f u n o n i y o k
o k i k e n o z u a
k o y b
l e l k k o y b
a n g s
u i o l i o k e d
i n d k d a
t u n k o k i i n d
n d a o k i a
u m b k m a
k o f n o b o a
l u k k
z a l k
o v a k a k n a t i
o s a i i n g k a n d k
e n g k
n i
k o z l
o b o a s o m o z e a
i s a
o f u g
i m i
b w a i
l i a e n d
a t a b a l k k o v n
o f u
m e l k d i k k
b a l k u k a
a b w n
o k a k o b b
z u w k o l n e l a i
a l a e k
a k u n i a l a i
k o l b
z u u n
e m i m
y o k k
e n d t o n l i n i
k a n a a n a t e l m
o s o k o k t
o t e f u n
k o v n k o k t
l i s s a l n d e
i b i f u o y o v a n i
o f a d o b o
o t i d
a n g k i b i m a i
f a n a
b e n i u k a
n d i o n g k
a n g k
i k i n d i
b w a a
b i s n d e
e k a u w o k a a
m e n a k
o y i a l u k k
u w a e l e
i m b o y i
a k i
n d e k o m m k o k
a k a w g a k i k a i
u k i o f z a l
k o v m e
z e l
k o z e n g k
o z n d i
a n g s
k o t n o t a g
y e g o o m a i
o k o l a u n
i m a e l e a
k a n a o b i
k o k m
y e s a k e m s u
o v a e l
l i n
n i o s o b
o z e a b i s i m b
b w a
o m i o z u a l i a i
a l
o t a f u n o k o m
n d z u w k
t o n
z a l k l u m i
k o f n a n i o t a g
k o y b
m e b e n i
t i k i n g
w a o t i d o m e a
o n g
k i
k o k k o l n
k a k b
n g o i
l i i o y o
b a n i i n g
a n a i
m b a
t u n k y i
t i l o l u k k
a k i
u m b k o s i
l i s s a k u n a i
t u u k i i s d e a
i n k o m a l i i
o y e e l a i
k o t l z e l
o m e a
l u m a e k o i
e b o b e i
d i e m a i
