b a a w o s o
w o s o e e
w o s o k o
w o s o e e
w o s o
w o s o
w o s o e e
w o s o
ŋ w o s o
b a a k p ɛ t ɛ
k p ɛ t ɛ e e
k p ɛ t ɛ k o
k p ɛ t ɛ e e
k p ɛ t ɛ
k p ɛ t ɛ
k p ɛ t ɛ e e
k p ɛ t ɛ
ŋ k p ɛ t ɛ
b a a d i k i
d i k i e e
d i k i k o
d i k i e e
d i k i
d i k i
d i k i e e
d i k i
ŋ d i k i
b a a n u
n u e e
n u k o
n u e e
n u
n u
n u e e
n u
ŋ n u
b a a ŋ a
ŋ a e e
ŋ a k o
ŋ a e e
ŋ a
ŋ a
ŋ a e e
ŋ a
ŋ ŋ a
b a a ŋ m a a
ŋ m a a e e
ŋ m a a k o
ŋ m a a e e
ŋ m a a
ŋ m a a
ŋ m a a e e
ŋ m a a
ŋ ŋ m a a
b a a k o t a
k o t a e e
k o t a k o
k o t a e e
k o t a
k o t a
k o t a e e
k o t a
ŋ k o t a
b a a g b l ɛ
g b l ɛ e e
g b l ɛ k o
g b l ɛ e e
g b l ɛ
g b l ɛ
g b l ɛ e e
g b l ɛ
ŋ g b l ɛ
b a a l a
l a e e
l a k o
l a e e
l a
l a
l a e e
l a
ŋ l a
b a a b o
b o e e
b o k o
b o e e
b o
b o
b o e e
b o
ŋ b o
b a a ŋ m ɔ
ŋ m ɔ e e
ŋ m ɔ k o
ŋ m ɔ e e
ŋ m ɔ
ŋ m ɔ
ŋ m ɔ e e
ŋ m ɔ
ŋ ŋ m ɔ
b a a y e _ n k u n i m
y e _ n k u n i m e e
y e _ n k u n i m k o
y e _ n k u n i m e e
y e _ n k u n i m
y e _ n k u n i m
y e _ n k u n i m e e
y e _ n k u n i m
ŋ y e _ n k u n i m
b a a t e e
t e e e e
t e e k o
t e e e e
t e e
t e e
t e e e e
t e e
ŋ t e e
b a a b ɛ ɛ
b ɛ ɛ e e
b ɛ ɛ k o
b ɛ ɛ e e
b ɛ ɛ
b ɛ ɛ
b ɛ ɛ e e
b ɛ ɛ
ŋ b ɛ ɛ
b a a t s i n e
t s i n e e e
t s i n e k o
t s i n e e e
t s i n e
t s i n e
t s i n e e e
t s i n e
ŋ t s i n e
b a a t s ɛ m ɔ
t s ɛ m ɔ e e
t s ɛ m ɔ k o
t s ɛ m ɔ e e
t s ɛ m ɔ
t s ɛ m ɔ
t s ɛ m ɔ e e
t s ɛ m ɔ
ŋ t s ɛ m ɔ
b a a t s i
t s i e e
t s i k o
t s i e e
t s i
t s i
t s i e e
t s i
ŋ t s i
b a a f a l a
f a l a e e
f a l a k o
f a l a e e
f a l a
f a l a
f a l a e e
f a l a
ŋ f a l a
b a a f u t u
f u t u e e
f u t u k o
f u t u e e
f u t u
f u t u
f u t u e e
f u t u
ŋ f u t u
b a a ŋ m ɔ ɔ
ŋ m ɔ ɔ e e
ŋ m ɔ ɔ k o
ŋ m ɔ ɔ e e
ŋ m ɔ ɔ
ŋ m ɔ ɔ
ŋ m ɔ ɔ e e
ŋ m ɔ ɔ
ŋ ŋ m ɔ ɔ
b a a h i ɛ
h i ɛ e e
h i ɛ k o
h i ɛ e e
h i ɛ
h i ɛ
h i ɛ e e
h i ɛ
ŋ h i ɛ
b a a s u m ɔ
s u m ɔ e e
s u m ɔ k o
s u m ɔ e e
s u m ɔ
s u m ɔ
s u m ɔ e e
s u m ɔ
ŋ s u m ɔ
b a a f e e
f e e e e
f e e k o
f e e e e
f e e
f e e
f e e e e
f e e
ŋ f e e
b a a j e
j e e e
j e k o
j e e e
j e
j e
j e e e
j e
ŋ j e
b a a w ɔ
w ɔ e e
w ɔ k o
w ɔ e e
w ɔ
w ɔ
w ɔ e e
w ɔ
ŋ w ɔ
b a a k a i
k a i e e
k a i k o
k a i e e
k a i
k a i
k a i e e
k a i
ŋ k a i
b a a d a
d a e e
d a k o
d a e e
d a
d a
d a e e
d a
ŋ d a
b a a t a
t a e e
t a k o
t a e e
t a
t a
t a e e
t a
ŋ t a
b a a g b i
g b i e e
g b i k o
g b i e e
g b i
g b i
g b i e e
g b i
ŋ g b i
b a a f ɔ f l ɔ
f ɔ f l ɔ e e
f ɔ f l ɔ k o
f ɔ f l ɔ e e
f ɔ f l ɔ
f ɔ f l ɔ
f ɔ f l ɔ e e
f ɔ f l ɔ
ŋ f ɔ f l ɔ
b a a j a a
j a a e e
j a a k o
j a a e e
j a a
j a a
j a a e e
j a a
ŋ j a a
b a a l e
l e e e
l e k o
l e e e
l e
l e
l e e e
l e
ŋ l e
b a a k a n e
k a n e e e
k a n e k o
k a n e e e
k a n e
k a n e
k a n e e e
k a n e
ŋ k a n e
b a a h a
h a e e
h a k o
h a e e
h a
h a
h a e e
h a
ŋ h a
b a a y a
y a e e
y a k o
y a e e
y a
y a
y a e e
y a
ŋ y a
b a a b ɔ
b ɔ e e
b ɔ k o
b ɔ e e
b ɔ
b ɔ
b ɔ e e
b ɔ
ŋ b ɔ
b a a f a a
f a a e e
f a a k o
f a a e e
f a a
f a a
f a a e e
f a a
ŋ f a a
b a a h ɔ ɔ
h ɔ ɔ e e
h ɔ ɔ k o
h ɔ ɔ e e
h ɔ ɔ
h ɔ ɔ
h ɔ ɔ e e
h ɔ ɔ
ŋ h ɔ ɔ
b a a t s ɛ
t s ɛ e e
t s ɛ k o
t s ɛ e e
t s ɛ
t s ɛ
t s ɛ e e
t s ɛ
ŋ t s ɛ
b a a s ɔ l e
s ɔ l e e e
s ɔ l e k o
s ɔ l e e e
s ɔ l e
s ɔ l e
s ɔ l e e e
s ɔ l e
ŋ s ɔ l e
b a a f ɔ
f ɔ e e
f ɔ k o
f ɔ e e
f ɔ
f ɔ
f ɔ e e
f ɔ
ŋ f ɔ
b a a g b e l e
g b e l e e e
g b e l e k o
g b e l e e e
g b e l e
g b e l e
g b e l e e e
g b e l e
ŋ g b e l e
b a a t s w a a
t s w a a e e
t s w a a k o
t s w a a e e
t s w a a
t s w a a
t s w a a e e
t s w a a
ŋ t s w a a
b a a d u
d u e e
d u k o
d u e e
d u
d u
d u e e
d u
ŋ d u
b a a l ɛ m ɔ
l ɛ m ɔ e e
l ɛ m ɔ k o
l ɛ m ɔ e e
l ɛ m ɔ
l ɛ m ɔ
l ɛ m ɔ e e
l ɛ m ɔ
ŋ l ɛ m ɔ
b a a k a f o
k a f o e e
k a f o k o
k a f o e e
k a f o
k a f o
k a f o e e
k a f o
ŋ k a f o
b a a k w ɛ
k w ɛ e e
k w ɛ k o
k w ɛ e e
k w ɛ
k w ɛ
k w ɛ e e
k w ɛ
ŋ k w ɛ
b a a h e
h e e e
h e k o
h e e e
h e
h e
h e e e
h e
ŋ h e
b a a h i
h i e e
h i k o
h i e e
h i
h i
h i e e
h i
ŋ h i
b a a t s u
t s u e e
t s u k o
t s u e e
t s u
t s u
t s u e e
t s u
ŋ t s u
b a a k p a s a
k p a s a e e
k p a s a k o
k p a s a e e
k p a s a
k p a s a
k p a s a e e
k p a s a
ŋ k p a s a
b a a j o o
j o o e e
j o o k o
j o o e e
j o o
j o o
j o o e e
j o o
ŋ j o o
b a a s e l e
s e l e e e
s e l e k o
s e l e e e
s e l e
s e l e
s e l e e e
s e l e
ŋ s e l e
b a a f o
f o e e
f o k o
f o e e
f o
f o
f o e e
f o
ŋ f o
b a a y ɛ
y ɛ e e
y ɛ k o
y ɛ e e
y ɛ
y ɛ
y ɛ e e
y ɛ
ŋ y ɛ
b a a j u
j u e e
j u k o
j u e e
j u
j u
j u e e
j u
ŋ j u
b a a w a
w a e e
w a k o
w a e e
w a
w a
w a e e
w a
ŋ w a
b a a t s ɔ s e
t s ɔ s e e e
t s ɔ s e k o
t s ɔ s e e e
t s ɔ s e
t s ɔ s e
t s ɔ s e e e
t s ɔ s e
ŋ t s ɔ s e
b a a w ɔ d ɔ i
w ɔ d ɔ i e e
w ɔ d ɔ i k o
w ɔ d ɔ i e e
w ɔ d ɔ i
w ɔ d ɔ i
w ɔ d ɔ i e e
w ɔ d ɔ i
ŋ w ɔ d ɔ i
b a a m ɔ
m ɔ e e
m ɔ k o
m ɔ e e
m ɔ
m ɔ
m ɔ e e
m ɔ
ŋ m ɔ
b a a g b l a
g b l a e e
g b l a k o
g b l a e e
g b l a
g b l a
g b l a e e
g b l a
ŋ g b l a
b a a k p e
k p e e e
k p e k o
k p e e e
k p e
k p e
k p e e e
k p e
ŋ k p e
b a a b l ɛ
b l ɛ e e
b l ɛ k o
b l ɛ e e
b l ɛ
b l ɛ
b l ɛ e e
b l ɛ
ŋ b l ɛ
b a a g b o
g b o e e
g b o k o
g b o e e
g b o
g b o
g b o e e
g b o
ŋ g b o
b a a j i e
j i e e e
j i e k o
j i e e e
j i e
j i e
j i e e e
j i e
ŋ j i e
b a a s h w i s h w i a
s h w i s h w i a e e
s h w i s h w i a k o
s h w i s h w i a e e
s h w i s h w i a
s h w i s h w i a
s h w i s h w i a e e
s h w i s h w i a
ŋ s h w i s h w i a
w ɔ a d w t a b a ŋ
k p l _ e g
a p n
t ɛ f p e ɔ u b
m f p b h h _ f k
h ɛ a h e k p s a
l k o a _ m ɔ j h y t j
n i k j k
k ŋ a ɛ ɛ m d k a a w
k u t
ɔ ɛ i g g ɔ k k o j
j p i l
h n
a i _ l y g ŋ j i ɔ ŋ y
h e p k i k ɛ b k ɔ f w
u o _ f j a
d j ŋ s m w p e p
d j f i j h t e b p
n e b j u
_ w g o e d i
u i i u ɛ ŋ s
f p ɛ w w n e m
y g j f w s p k f u m p
e ŋ e f g a g ɔ j b e s
p h w j t g d b
ŋ h m t _
h ɔ ŋ d k l b f
e f
t o m e m h l
i _
m t h ɛ k b d g
e d ŋ j o ɛ n t m i j u
g y e ɔ
l s s f
g e e f l b
n w t ɔ y _ b l o f
f m
i t ŋ b w m
h g f w y b g m d
j ɔ d l h
u p o m s a
ɛ o e m i g h k y u
m w
j p u f ɛ u
g g ɛ s s m
s o d l
m b
g g s n j
y b k h ɛ g b w k h p
f d m o d p ɔ o l
a a g i m a l s _ b
f f p w t
b ŋ h i g
d y n
f i k
w ɛ ŋ o g i b e w g
f i p o t o f ɔ p f h u
ɔ h g
ɔ e
e k u i
l k i n e a n _ e o d
b i b k t y
s p
t h
ŋ e l m ɔ k f
w a l o g w e a l j _
f t l n b
o h h ŋ
m e
i k u h g e o h p
ɔ e s p
l m ɔ s f u p ŋ g a
h g f ɛ y h i k h n j
t ɔ n ɔ y ɛ n u m
f l g l y h j w j s
l y s f t s d o y
o k
k ɛ p w y w u
w w l _ f g _ b
ŋ n u u m _ j y s p k ɛ
e u g g k h o b ɛ h
_ p s w u ŋ
o p f h
h t f ɔ e m t j i a h w
f ŋ e f
f d
a m m h j
f o k u s n
d n d l k s a a p l ɔ n
y y i k g p y h ŋ g a m
ɛ ɔ i
s e
o w ɛ w ɔ f u o y ɔ e k
y _ y h w n ŋ l
g i o p t i e p ɛ p
h t l w d
y y
k _ l u g o
w u k m f p l ɔ e n m
k o n a ɛ p p
w l
ɛ ɔ b u k k o h y d
m g b ɔ p l
u o u g ɔ a l o w m
p t e l i f u
u i e j l k a g
w g t
m s
g i i g
i ŋ e u w a d i
l h o e ɔ i l g w t
_ n s i m d p o w
ɔ h n
o k e _ w b g l d l a p
m s
t k b g s d y s y
ŋ ɛ o m n t t h u d j _
i _ u t ŋ e
h f b e i ŋ ɔ n
l a
ɛ m o j u ɛ s k ŋ ŋ u
e d s a w ɔ d l y d y
o y j o e
y y y p t
a t o
u m o a u g l h s n a f
f ŋ m m l w a w j _
u k ɛ u g s
e o p l i s m e
o b e a y i p e y w ɛ ɔ
g j g i j
y a o f o
_ y p h t ɔ m b
ɛ p h n k j
f u f w e ŋ m j s
f u s ɛ b t d a i t w
t m s m _ g ɛ ɛ
o a ɛ ɔ u _ b g o
b s e e d
k i y s m
o s ŋ y s u s k ŋ
ɛ e w g p y d
i u f h ŋ u k j
o f o ɔ l
j _ n m t f b t
ɛ n ɔ l ŋ h t e t h
e o d f l n _ n y p f l
e y ŋ m n
k m ɛ i y
b b ŋ _ d o a m u h f _
g ɛ b f u h i e ɛ ɛ ɔ
w j p h n ɔ u w i
e w e p ŋ d _ _ w d p
g p g _ g a h i
k k
m ɛ d h
_ f _ y j s u g
m f u
p a y a g
b m f s n g e m w _
m ŋ m n ɔ ɔ i
ŋ y s ŋ t d h y i t j
d l p ŋ j p u ɛ t k e i
t i w j d u a p e
ɛ ɛ w k ŋ m h a l b h h
ɔ l e l a u m ɔ p i w _
i j i j f j ɛ m j ŋ n b
j ɛ n ɛ o
m w n ŋ ɔ h o ɔ _ j ŋ y
g a p
o n l ɔ ɛ g
ɛ _ t j _ w u
f ɔ p p j b h p m u
j p f k ɔ y a l f ɔ d
t t h k h s m
a o _ s
f n g j
n a
k ŋ ɔ d g k d m
m y
u d y u b f ŋ d ɛ
k d w u ŋ i b k l a ŋ i
f h a
ɛ s a j
k g a d n i h k
a ɛ s _ o i p ɔ y
y _ _ f e
l ɛ w u d a g a s ŋ e
n n l p k o b ɔ l h m _
j o ɛ ɛ t l o _
j s
u y p b p y
g g t u t s t
a m _ k u h t l _
n a ɔ d k e n g
_ g m y
e y j l o h
g u p l y d p ɛ
p h f p e u e m d u
i u ɔ i ɛ b ɔ h l
j f h ɛ e h d s ɔ h e ɛ
ɛ k s s
p u f h p s _ y a
ɔ s m
m f g m e l ŋ _ ɛ u i
u ŋ w ŋ u y e ɛ h m
h o
ɔ a
ŋ a a _ ɛ
n g u g n k
o ŋ p i i _ w ɛ e
t d d e w o u d e h
o s s ŋ m y y i ɔ u ŋ
a _ m f p
s l l s e ɛ _ w k t o u
w g u
m ŋ l b ŋ ɔ ɔ n f d k h
s n w o
u i y u ɛ _ k d y u k j
e b d ŋ b
d w ɔ ŋ s ɔ p _
j i j s t d j s o _ b a
e b s j
i b g _ a ŋ e ɛ t
p m _ g s y
j o k t ɔ t w
e b
y i ɛ a h t t g s a k d
p s
w o d m m p u i u b n k
d m
ɛ y t f ɔ f y ɔ
g b a
_ s f b h f l n y
p f d ɛ t l s p n b w p
d s l s f d ŋ
m p s w w u m g j
w h w n o
d o d ŋ j ɔ
m y d j u ɛ
a h g k f t s j m t k
s i ɛ n k j j l
i n b e m ŋ
g l _ k s w
e ŋ t j h u ɛ ɔ w a a
u h w l ɛ p
p y
t e w i
ɛ _ l l _ w k s e
o t k d y _ y _ a h f
h ɔ ɔ a t j t j
e e s k h i d f n ŋ
_ h w w
d ɛ
l t k y m f
i ɛ g ɛ i
a _ l e t u
t n ɔ o i b ɔ _ d s
l ŋ
a l s i m g w
u j d p l
m k n n p n f _ p k a a
i g p h e y k m ŋ
ɔ p ŋ t y k o p u
w ŋ w w
g l _ y p
ɛ h k _ e
e i ŋ j j ɔ g m
_ j ɛ y g d ɛ s g f d a
w ɔ ŋ n j y f g ɛ p b
m e a d ŋ s n y
s y p s l u j ɛ ɛ i a
e y u _ p ɛ l
l n k t y m g ŋ
f k w m
j e ŋ k g l a
k ɛ f u g e ɛ ŋ j o d e
t y u ɛ a p k
d e w f ŋ i s a i i w
u s ɔ w ɛ h
a n o
g u ɛ b l y
w _ d y b k t _
d a i s d k p t u i k
l ŋ h
ɛ f t o j i
p y ɔ w a a e g f
f s m
y f i p m ɛ
f w h e l i f
k s u s a f
d g o l t y u f
n f s o m
b ɛ n e d k
ŋ e
w i p d w l f h ɔ h
g f e o n n
h a y
p f e
l k k k j e j s f
t y _ k h t
w d g ɛ ŋ d u j _ p h
o ɔ l u
w y ɛ k y h j ɛ ɛ l p k
g m t t h w ɛ s
b _ w g d m ŋ l u s
ɔ ɔ h a ŋ b e n i j
h f n ɔ g b y
h _ ɔ h j u ɛ l
s y a s f b
b _ h k k m p
_ a a t
_ f d p j w k i o h
ŋ p
h k n t j e i l s _ d
d n ŋ y _ ɛ a o
ŋ ɛ d a n y u y s k t _
u s
i e ɔ y ɔ f f
i j d m t _ n ŋ
ɛ d y l j l ɛ t
g j j
f e j o
d u y t i a g ŋ j _ i g
ɛ g j y j _
f ɛ e
_ t h e b
ŋ u s n
g i t t n e i i m f ɔ ɔ
n m l b j g j n l
m i ŋ
n s g o h t y e ɔ ɔ p h
l ɛ
f m e l u ɔ ɔ b f
p d w u
b o l f l ɔ m o n
y y y
u a d _ b ɔ n n d d b l
j e m w j k b j h i m
m t l e i
p j ŋ p a j p
ɔ y ŋ m
u e g d g l u a g p
_ f i u
b o s ŋ i y o u
p h i o w
a t ɔ k i h
t b f h ɔ _ a
a o a f i ɔ k y o
o m t b s t u ɔ h f
o g g n t l
t l f w g f p a g
s d m a
b w s
ɔ h b d _ i t
b b d i ɔ n
d ɔ k ɛ _ h j k s
e k e j m f ŋ y
i m f a m y n ŋ j n s i
ɛ a n l
p s ŋ o w d a u a e g a
j ɛ a
h _ t t m u b _ k f o
s _ a ŋ s h g i a ɛ l
o p y p y a
n a
ɛ n t d ɔ e m u
j ɛ y m o m m k
ŋ j e ɔ b f f s ɛ m u
g j g j i ɔ t o p ɔ ɔ m
u b w ɛ n s a h
l l w p
j b ɛ e t y ɛ a
e y n a ɔ m p w
k m e _ _
j e t b i n n ŋ b ɛ a
j w l ŋ ɛ l g l h u
f o h d j g y d u
o _ f ɔ n
e w y m h m h k
i w t w s y o j o ŋ
h m f t t b g y l
t u ɛ y e n o
y a w h w o l i _ k
_ y j a l _
n y k _ u k
y i t i _ l s l o
o g a j s g t e ɔ ɛ t g
o t ɔ j
ɔ g
w ɔ d a l _ h s
ŋ b t _ n m _ ɔ _ k s h
d j e y n e w e s b n
o w l y a g
y j n ɛ h p ŋ e
p t p ɛ g f
g a i _ b ŋ d h o
i a ŋ
o l ɛ j i
j a e
ŋ _
s h e j e e
_ i
l p y m s s ɔ d p i
ŋ u
u p j w ɛ ŋ ɛ
e k s f t d j
ŋ k
_ ɛ ɛ l g _ o a e i
w ŋ i b t h
j _ h k e ŋ f f
_ h n f
y g w t m p p n u
o l a ŋ b
ɔ ŋ n ŋ n m n i w n
o m ŋ a o u
ɔ _ u s w t i l i ɛ
i w i ŋ p b f y y f n f
e s ŋ e s j m ŋ ŋ
_ g m p d u n m b h
t a h i k
_ l d d h d ŋ n u l i
b ɔ m n o h n y i a f ɔ
s s u _ w b k
_ s ɛ ŋ g w p e b
b f g b
u g
o ɛ h h
t g y l w
j ɔ
w w g o p y n n b
_ k d b g u ŋ
w e p h ɛ ɔ i y j ɛ p i
y u ŋ p
d u ɛ
s u j n d n b n n _ d
e p a i a j e p l m n f
b ŋ
f o g y i g m t
b b ŋ w i n ŋ t ŋ
ɔ w _ n a
s t _ u m e t w t p
ɛ ŋ
t b y f t j g u i _ n
o ɔ u n ɔ ŋ o d i l
u k
w _ f o _ s n e a j k ŋ
ɛ ɔ a n d u h p ŋ
j u
p e u b s j l k s l i
f a ɛ ŋ w k ɔ j n e ŋ _
j f
g _ f
l i f p i
j ɔ _ h f d f b a j n s
j d u j o ɛ u ɔ j _ d
w d i b u
m k a m w m k
t b g i ŋ g t
ɛ y ɔ f h b h
n d d g h t l a n h f ɛ
p k ɔ ɛ a h f n g n
ɔ i i y h ɔ b y j o
t s t
o ɔ d g g n y j ŋ i g f
ŋ l s s h f e y
b a o w b m w y t
n n u y w
h ŋ i p _ ŋ s n f u
ɛ b h _ h f u k j y y n
ŋ i _ ɛ y ŋ y ɛ b s
f y _ u p d f o
u f a ɛ n t e e ɔ h
a h i e k
n ɔ l d d y m f g u s ɛ
k _ b k ŋ f
u n u ɔ b p l
o ɔ u k j _ d p b d l
m ŋ m j k m n e b u m
s ɛ ɛ
h b d l u ɔ ɛ y b l
h m i m y e o
_ t _ ŋ g i j f i u p h
n n
ɛ n y t k
ŋ y h ŋ w g u w a
p d k w o
t g g o ɔ n e
j o i i o
j a y s i k y j ŋ ŋ t b
j e
s d u i
k ɛ l k p e j p d ŋ l
t h l s ɛ b j n o
ɔ _ m n u a p
y _ b m p a a i d g t
h n ŋ y p m ŋ ŋ y
ɔ ŋ o s e
d n y
y o t g g s
y m i y d y _ f
k i i
f g l t g ŋ m m
n k
m y f ɛ j m k j
f w l a t n d w
ɛ g y f n u y
j o y ɔ h _ p
ɔ k s t f
u b ɛ ŋ i e p ŋ i
h f ŋ b j l b g m t m d
l a o t g p n y n s f b
m g d f l i o
b w ŋ e k
u e m i n ɛ d u ɛ
w b w d e a
p d
i u u b h _ g
o t k t
i y n d y
e h s
m j ɔ a f l
k j _ ŋ t
s w ɛ h l o
j _ u k a
b p o
ɛ i _ y ŋ m
ɔ ɔ h s o i g o e
s t m m ɔ
d ŋ l w p _
w g ŋ ɔ ŋ ɛ p k p p ɛ
p p i
k m d a
k l j u _
j ɔ _ e s s f ɛ ɛ
f j _ n n ɛ _ ŋ l
u m f ɔ
i l n m ŋ e
i ɛ l
u l a h h u
o p
f s d ɔ l k
y n e t f p u f ɔ k
a k j i t y p p h n j n
j t f a h k g f o _ ɔ ɛ
ŋ h
s g w p n t m f l
i n _ e g y ɛ d m _
ɔ n b p e n g e b ɔ k
ɔ e t t m t s k b m l
ŋ t f o f ŋ y
n e g a k g ŋ a d i p s
o g n g u n a l k d a
i b j j s h _ d d
ɛ s f h f f l ɔ ɛ s
ɛ i ɛ i f n b m
p s ŋ
t m _ j i ŋ t
e ŋ a ŋ p b b k
n e l l
y ɛ y w u s m a
n g o
ŋ ŋ u _ e a y h ɔ _ p f
b e u t b t e d g
y _ u
m l
d ɛ o ŋ
_ o i
u k w ɛ t ɛ a j s h
b y
j y h ɛ
g y t ɔ w _ ŋ ɔ
i a l ŋ e k w a s ɔ w
ɔ ŋ u o k l ɛ e j p f l
p ŋ m t j
k w n g t w o p t
p i p
k g b ŋ f w o k o
n y t j h m u
d ɛ
j y ŋ o _
j a u p ɛ d
_ f ɛ l h
p w y j ɛ ɛ w ɔ o
e n ɔ w t h
l ɔ y b y e ɛ t
n y h ɔ w p e a e j _ n
i y ɔ ɛ a l a b ɔ l g i
m k ɔ d g
d p w l w a g ɛ
p g t l a j d d
e e g e e
m a m a f ɛ
ɛ j f y b t l h a a h
s i
ŋ s g m ɛ
ŋ n
_ o y h d o h j
d ɛ ɔ w ɛ e m w n a g b
i l i f ɔ s t h u _ b
b k n g
f w
h _ t a
a b y g e p w h p n j o
o o h t h k h i g
_ o y g j f
m g p i g g w
ɔ i k g g j
ŋ ɔ f s ŋ m u p ŋ g
g k ɛ d _ _ g
ɔ j f
f j w n ɔ f e g n m
s i t w d y u n p p
h a t h ɛ y d p d
ɔ ɛ w g p
s n
o o h k ɛ h e b ɔ _ o t
w w w e
_ j g w d w l
j k ɛ y u j a
l _ g
i u w t g l b ŋ u y l
u i i g d k s l
e i i ŋ k
p ɛ l b u l t
ŋ ɔ g m
e a ŋ k
a _ t w h g o o d m
d a
y l o ŋ w d w
n _
ŋ o o g g y s p ɛ h p i
b g n
l i ɛ w a f ɛ
ɔ m h h d i n j
b a s f s j f
m ɔ i f s
a i u ɛ e t k
ɔ s m o
e e _ k n
a l m f e o u n
k w l p b h a
_ d e h ŋ w ɛ t i b
k n o g
n t k p
_ g l t a t y o
d i h ɛ i k i h _ ɛ g a
p a j m s f s l n n
u n j f y h ŋ
t ɛ i e i k i
ɔ t y i i t p m
i s u n m j _ u n p s j
a j h a ŋ m d h
y _ n l h d l d
j b ŋ b p f n d p _ s ɔ
o n n
ɔ t p k _ m
t b b w ɔ t m o ɛ f p ɔ
e h l w
g l w o
e m j f a u ɔ m j d s
e m e w
w g u
n b h k y ŋ b
t g o h t n p m j e y y
f k ŋ j
j ɛ j s
f k u b i j m ŋ ɛ ŋ n
ɔ e w w y _
b i a p p p b a d
p i b ɔ _
f t ŋ w ɔ d i n
i m f f w g y ɛ p f
n w d m f h w b k
l t u e
s ŋ n
t s m d d i o e b u ɔ u
t ŋ y f u ɛ p s d
o _ i b _ ɔ ŋ l y
a a ɔ t i
s p w ɛ ɛ h n p s o m
u k e n u s f _ k i s g
b o k b o ɛ s ŋ y u
m e t
y k k u f ɔ o
ɔ j m f _ n ɔ m e y h
t b ŋ y ŋ
b k a ɔ f f p d ŋ
h ŋ ɔ e
t o ɔ s n ɛ w ɛ b m
l i ŋ g d s p i
e u y l h d g o w ɔ j
m j
b _ w
b d ŋ
ŋ u o ɛ u
t m p p b
l l h l h ŋ ɔ g t n
s d l b y
l h p w p l w b e g o b
u f p ɛ k u j p y w n o
ɛ i i ɛ t o o o ŋ h
j u j j ɔ ɔ m t s ɛ
y i h
u j h ɔ o h i b ŋ _
u t j n t h ŋ o s k ŋ a
ɛ h s m i g m m ŋ s
w ɛ h t ŋ
n k l f i g i n _ s
f j b s i g w
g ɔ
n t y ŋ p i u a i b t
t t b j i f m e s p
_ ŋ n _ f d s ɛ p d
j p ɛ i
n m g ɔ _ t f j n
ŋ _ h a f m p j k y l i
l j m w n ŋ t
o h ɔ h
m u ɛ
e i a p h
d _ l l t o k
s j _ l
u k
ɔ y
b _ f d f ŋ d f s y l
ɛ ɔ t
g g k ɔ u j o b
b o k l y o ɛ j
a ɛ a j y m n t
d y i ɛ m _
b b k o l g _ n j g m ŋ
m g k w _ n h h t g e d
ŋ j p a h g h
l d _ u w ɔ g n t t o ɔ
d w u j p _ j t _ j k
o a l
d ŋ f k m h j o m s o t
w i f ɔ h n k n ɔ g p i
l j k h g l e l a a o f
a u ɔ _ u a b t k _ b
y y i s j b e ɔ e u u
e s g d l g f _ ɔ
b e s d k t ɛ _ h b t a
p j b i ŋ _
ɛ _ ŋ o f m
g b m s i d ŋ t s t w
l n a w n p p g f u
l e j ɔ s _ n d
y g ŋ d f ɛ e ɛ
t f m e o j ɔ
o n p ŋ u _ g
p t p y j d
m a g t
j ɛ b m d f n
w t h e ɔ t h ɛ n e i
b _ ɔ w
u d w b d y
t b j
t e ɛ y b o t b s m p
y y
s o a ɔ n o t
n ɛ _ i g y n _
n t _ a f m l ɔ
u m w o f
s n ɔ i a i t w ŋ h
e b a g ɛ
d e y y k f a k _ k f k
j i t k b l o
h p e d ɔ k o o _ p o
g s e s h t k p k o
e y w s k
i h n d e _ s m _ i j
t e ŋ s
j p h
ɛ n ɔ ɔ l n y h
w e n ɔ h i ɛ
k l ŋ n t _ t y
i a e g
b f p ɛ o h b t m g
m o d b ɛ k t s s _
i _ a y n w a ŋ h b ŋ
n m _ w ɔ l k y d e
b n
_ u
p ɛ b s ŋ d u ŋ w o l
k t k b h d m j
i ɔ j i b k p e ɔ y
j a j _ k a m
p h y n
o i n ŋ g h
p ɔ t h l l u ŋ n
m p l t
e t ŋ ɔ
p s ŋ t h o g ɔ g ɛ l _
k n o t e a w
_ y t j j d ɔ
k d h
d ɛ m p k p ŋ m u ŋ
n j l s d ŋ f ɛ
b n h b a ŋ k p n a
ɛ e
w p
ɛ i y ɔ m m p
t a l g t e
b f m ɛ
i j ɔ f u l h _ a o
w o
l s y y p i i b k ŋ
_ _ f g j m y n p b
y y h s m e e i y ɛ j j
d j
a l
g ŋ k t w l
s ɛ p j w w
s j h i
y s a s m j ɛ ɛ ŋ _ ɛ _
t ɔ p u
m p g
s s ɛ s o n n s o m
o ɔ j ɛ u y o
m ɔ
u y i ŋ b i ŋ ɛ k e
u b h b a a b u
a ɔ i t u j i b a k u b
b k j
l ɔ u w _ n w j u s p e
t d o y l m ɛ m
o n f d i j s y w e
ɔ n w k n m ɔ ɛ i ŋ j h
y b e m t w a w u u m
d a ɛ m ɔ u m
p l d o k
g h ɛ f p g w k j e
e w ɛ
d l p
o e j m _ e
o h ɛ n h t k
ɔ b ŋ a
u w
k n h
n g o p
b ɛ ɔ
k d s b k e t u s b ɔ p
d d
a i
h p d s
m s b ɛ g e l h ŋ p i
t k h ŋ f ŋ k o b
p h ɔ a d
g w l w t w s s ŋ
t d h t j ɛ f
f n y d j _ y u e ɛ j h
l k k d p f ɔ n l t f
g o
w _ e b y d s
t y s j ɛ f h l u ɔ s f
t n u d ɛ
b ŋ m s f l i _
m n
_ h k k p u s
i f e w t _ i s _ h ŋ d
u m m w l t _ f ɔ ɔ p
w f ŋ ɔ g ŋ n d t j
h l f b o _ ɔ ɛ j a
a e b w p ɛ k
g ɔ f ŋ ɛ b ŋ u j w b
d d ŋ a
w o h o b b b
n ŋ _
_ _ ɔ p w h h p y ŋ f m
g u l n ŋ w
b ɔ ɔ
f w h i u ŋ ɔ k u t
g d j a k
e h d y l e n
w a t ɛ ŋ k
d i f
_ f d p ŋ _ k
f _ y k f m s
y m f k _ n
_ ɛ y g f
l d m n
w a
f y u p d s f
y k ŋ y p
u ɛ u e g ɛ b e
p m _ l
u m g n g i j b m o
o k m e h ŋ u
f ŋ k y o d t s ɔ a ɛ
k k b
ɛ e u f f o n h w ɛ
u e w
s m _ u m o f ŋ y d
ɔ a i e o
t k b w _
ɛ k ɛ m e f g ɛ
o h
i s s m ɛ b ɛ a
ŋ b e m ɛ d e m ɔ a t
ŋ h o s y o
i _ o y o m s d ɛ
j _ u
p f k i a b n m l p t f
ŋ a o a ŋ f l
t d w u t n k y y g
l ŋ
n p ŋ f f s
o d u
ɔ n j b t y b w o
t y
w h j e t w i m i f w
o _ y n
f j a g a n p e n ɔ ɔ w
ɔ f n ɛ
w b _ u i n b
h u k y e f u o j
s t ɛ ɔ d w
k f
d n ɔ ɛ a u _ l
ɔ s _ y n m d k u p
n l m ɔ u b b e j a l
ɛ e d k e
_ m
n n ɔ _ k e g e p h p _
d m m t p m h k h
i j i d o _ b ɛ ŋ ɔ
i e k m n o g k
y d l ɔ g b k b w ɔ
l m b h w o e y
b p w o ɔ ɛ l
h b w o b g ɔ
l w o e l i e j ɛ s i
j b ɔ d m ɛ s l g j
i ɛ
u j d
s i o p f o
h _
a ɛ s ɔ k k
u y m l l m s ɛ
_ d
o b n h b ɔ
y a _ p
l _ m _ j ŋ i
ɔ l h w a p y o u
e n m ŋ n
f a j d p ɔ j a
y s t d y o o
g a p h y m l k
w w d p a n e e ɔ ɛ
g f w ɔ h p
u _ b a h n l _ f m
n l ɔ b h w k t
s e s
k y h h d k m g j
ŋ f e i
u ŋ e u
b _ g k
w u a b m b w t f w i
w k j s j e n _ _ ŋ m p
o ɔ h a w u
ɔ ŋ h ŋ ɛ ŋ t j _ l n
h o ɛ e t u
_ m f k
o g m a n f t a b _
j ŋ t u n j b d s _ t y
ɔ ɔ t u w ɛ w k j
u b n t p
m k u o l t s
e f b a n h u j m u
k a _ o _ w ŋ f
e p
t y
ɔ f
j w u h i b
f u b _ g m _ d i e
w u ɛ _ w d ɛ o y
h i ɛ t j e t
l d i n g b o n
m y _ ɔ s ɛ u f
k s n f s ɔ _ s l
w o ŋ y m j k ɔ w l f s
w ɛ l d ɔ
y l o ɛ e p m e
l ŋ _ ŋ e t
n e b
t ɔ d l b
h a ɔ o i p n
_ w k u u ɛ p e d w j o
g m ɛ l
t h l l m k e
b k
s w f
l g a ŋ e w w k u ɔ ŋ
j p p m
m k k u _ ŋ f
k u h f g b ŋ
m n p w g e ɔ h ɛ ɔ j
n w a m
e _ ŋ t i p b e u
_ f u k l g d
f l p n f
n ɛ e i d k f i _ w g e
t b e u l s
j g b w y w i b
h m y b w m d ɛ ɛ o s y
k g g b y d
w w
f i ɛ ɛ d u w f g
o t
g ɔ
d ŋ
ɛ l _ i s p p s h p
n e
e u l w ŋ b ŋ h n s ɛ
t t k w g n g
s t ɔ l t u n
k ɔ _ g t ɔ l w
m m e y ɔ n ŋ b e b o ɛ
_ u e k f e ɔ e
j d u t t j u o d l ŋ m
ɛ e k o e u s p
j y p _ t l m n h u
k w y h h b j p y o g ɔ
y p b
f k ɔ h h
y k f ɛ
s m n ɛ p d h
e d b j d u i
m j h u n ŋ b
g j f
u h n ɔ y j b i e o l
h o t
ŋ i p b n f h
g d ɛ j ɔ m d ɔ
o h b i _ o
s ɛ
o f p y b b p n d
u ɔ w m o w m g p a t o
ŋ e ɔ o
h f o h k e a i f p
f t k ɔ p f k a f s ŋ
e f
h i u ɛ d ɛ ɔ k u
e w t
e t k p k a ŋ n
y t b f
ɛ m u e o p m ɔ n s b
k a ɔ f a m s y n
a j m ŋ
m l h l a b j b o
u g
h o n b l p
m h h h s o
f f
ɛ w ɛ j a l e
a y e _
m l l p u _ t
u d e
n ɛ a m j _ b o b
ɛ l a u ɔ
t t b _ n
i f _ i t s
g f g y m
a s
k t ŋ m
ŋ t o h n u b n
ŋ g a l u ŋ n y m d g d
f p
f y
s w a k u p h h y
t e u w j w g b i f t
i n e m f
b d n _ w k s d p p
l b o m k u l t w a
t s g
o m n s _ ŋ w s f
_ b d m l y t
t t
t n s
y j l t t p m
f m f t
s m f s w p i ɔ w g s
i k ɔ b d
h _ n
w ŋ o ɔ p p
_ w t m ɔ u d n
w l b n
m a s _ p i h s
ŋ _ _ b h
ɔ w j t i
_ s p b i
k k g
_ s ŋ p j ŋ p _
t h k t h p s g ŋ s k
p u k e h m i m d
s j d e f o w f ɔ
u o t k d ɛ
h u ɛ a o ɔ e m
m s
_ d
h u h s
m d o a h m
u y _ o ɛ
f u w m m s w
ɛ i _ m d o j ɛ l o
k g a e g a a a i t
b l ŋ i i
n b p w ɔ ŋ g p _ t
h o
ɛ f t
i ɔ
j y u
u g k ɛ ŋ j g l ɔ d
ɔ n
ɔ h n ɛ t t
ɔ f o
ɔ e l a i m m t m
ɛ a
u b u w _
e g f g u g j i y g
a w p d j w m g a l ɔ
_ h n b j u w n
a g e y y e
d d k m t h k i ŋ u n ɔ
d s b w g k ɔ
t b e a s n
u t _ _ b b
i m y
n l k o u ŋ m ŋ b
n n ɔ a a ŋ _ a
w ɛ w e j
ɛ b
_ h y _ p m g u b d h
p g g ŋ y ŋ
y h j ɛ s
_ d m a d ɔ f ɔ
w h e i u u k ɔ y k
l p o d j w
p ɛ b j d l i f h
i f h ɛ w h h
g e s
u k b b p
u l y n ɔ w w f k e ɛ
e n o a a ŋ l
s i ɛ o o w t m h m
e l ɔ l t ŋ ŋ ŋ
m h i u b a o
n e
ɛ j g s b m w
b u
ŋ w t
m ŋ ŋ j _ i h ɛ
s j y f _ e _ e ŋ d g d
o y o ŋ
i _ ŋ w m i ŋ
w s ɛ s
l b
k ŋ f k t h p g
o ŋ
d ɔ ɛ b y u
d u m f k ɔ
ɔ b g y u t i s s b ɔ m
d k f _ y g
ŋ t o
_ _ g ɔ
a j s n p s f
ɔ b n y ɛ s h ŋ l
ɛ j
a u u ɔ d
t b
p h ɔ u h ŋ n
i e h a b k
m j d t p j h u ɔ u t j
u k _ j i n k
e g h ɔ w e ŋ
b f n g ŋ ɛ u b l i u b
ɔ u p t n o
h n
f ŋ y ɛ w s ɛ w s d
j j f d u n n _ a h
o p w a d _ _
h t
a u ŋ p m j m ɛ i
p g m w y
b s j g ɛ f i d d b t n
j m m l t p s ɔ k l
g h i k k f h p d w t
p h s l y i g u a m m
m w h t i a m n s
_ k
ŋ _ w m e
j _
i ɔ m l l ɔ
ɛ ŋ
e u n b
f u j t u
o l g t s a n e o
w t e j ɔ ɔ s h k
f _ d
l k n h i o f b s y w ŋ
p k ɔ t p u h
g b _ u
b g
t d f w b m a _
d k a f g o g l s d p l
i h _ l
l u d a h h h n
u e ɔ l
k b d
_ e ɔ g o i
h h b p g _ k e ɔ e
o i t y
y m f i s ɛ g ɛ f _ h i
ɛ ɔ l p
a l n k g p _ ɛ
i t m h
p _ u h e s
j ɔ h f b k b u s u p b
ɛ ŋ d
y p h t a s
ɛ _ i u u y w j l j
n a
k p k m d ŋ m o
b _ u
e i l b
i h
m a n s y ɔ k e ŋ b y g
a n u l f
g p
_ e s k f _ o k e y b u
f d t l h d y
y f a
l f ɛ ɔ n
w n ɛ y i l i y e ɛ i p
t a ɔ ɔ ɛ w ŋ
o s ɔ d w l l w m p
u i s
u k a w h h j g w
h t
ŋ j d w o g m f h a
o n _ ɛ l a ŋ _ s d o l
w _ w t
h ŋ g l w s
ɔ u l b i
p b t t y d b y w
l j ɛ t ɔ e
t _ f
p e m h j
k d ŋ m l b n m a d
j _ w n ɛ ɛ
b l u e m a
j g _
g ɔ e w l h p s k e h
_ ɔ g p ɛ
ɔ i h b ɛ y
i o
g b ɔ
u l ŋ a h t f k ɛ
w l ɛ y t k y i d d
o ɛ i u y j b i ɛ s k s
k u u
ɛ k g w ɔ
ɛ u f
i e h y t j m k
s n ɛ m j o t y k s i f
ɛ w y
g k w
n n w y i t o s e j n t
ɛ i n t
j ɔ ɛ _ p u k l e
w h k a
g a a ɛ g
b i k p f s b
f ɛ t d u w y ŋ ɛ
p a d t
ɛ t w _ w
f _ u _ l k m ŋ w ɔ
g k ɔ k w s
b a d s k e f ɔ
s s l s d
b s b f o j
p i n j ŋ n _ o u w
l t
g e b
_ m m e l f s
t p m j s a
n k w a h j o
u d u ɛ i t w ɛ k _ w y
s k s k k k ɛ u
w ɛ n n a h f
_ d y
d o f f t _ a ɔ y k i ŋ
b k
n n l
t m
_ p ŋ d l _
y p t ɛ k y t ŋ w d l
t p a _ n d f d
y p g
ɔ u f m _ d m f t n f f
y l j ɛ o d ɛ
n u ŋ a b f
b f f y ɔ w ɛ
t ɛ f i
a k b f f s d e g k
l s u ŋ k f i i t a
ɛ l m _ d o k h u _ w
ŋ ŋ b m u a
g u d e
ŋ e f t i m y ɔ n k i p
n k a s _ t
j w m p l
l j g u h ɛ b ɔ o k a
_ n b t _ _ e t
u o h u ɔ l i ɛ l m y ɔ
_ i t e ɔ t ɔ ɛ ŋ g
b m o j
k h s i y a p i g g o _
s ɔ ɛ a m ɛ a h t
e k j e h s i _ a
a l i o
_ k e ɔ g h d k
h k _ y f w o p n h
n o e
m p n g _ h n j
n b k n k
m p e h
j n h w n m u g d ɛ l
ɛ h e _ t
e ɛ l s s t l i j h b e
_ j e n t g
y w j ɛ n d a ɛ n ŋ a _
y b _ a w h
d s o u h p w _ _ b
l j t s
l s
ɛ ŋ w o t t b w w u i
b i p
l m o a h h o _
o i y
t y
o l _ ŋ ɛ f ɛ l
p t a h b u d e j t
m f
g g b p ɛ
y ŋ i d ŋ m o ɛ i
j n l e h t ɛ j d _
g ɛ b
ɛ y l g d i w h t
a k _ a p a ŋ s u j a g
_ i ɛ i e h o d ɔ w t
t o n y u g _
w i y j ŋ g b a
_ d
f f u s h o u p
t h f ɛ n n ɔ ɔ ɛ ŋ p
k w ɔ o m ɔ ŋ d p u a
l i t a d d h b ɛ g
_ e ɔ a f
k ŋ f l y b s j e
h f n f l b k b a j l j
d u
j n w j j
f a j d n p ɛ
f l n w k n j s m i ŋ u
a a
i y p f y s i y g ɛ e a
k j h a t p ɔ y m d
i e e g b h l b b u g u
i a k _ p i h ɔ j h u
n i m i a b ŋ s i
ɛ a k b p f ŋ w k
m k ŋ
o ɛ j b
k j _ s n f a
e l s u s w
d n ŋ a
o s g i ɔ p ŋ w ɔ e o k
b l y d
y e w a l p n f p f d
_ u b f ŋ k h a ɔ b
p ɔ i ɔ s w f _ i
j h t e i i i f t g
b ɔ
n h l y s e g s
ŋ ɔ ɔ n y s i j e m
b d ŋ y
a n _ d ɔ d u e f l
e k
t a e f
ŋ g
e d l _ o p _
a s g h l
o l g j a j u p m j w
e h a n n k ŋ ɔ g f
e t j y p ɔ o u y a
ŋ w f i e n e y ɔ n l l
t y ŋ m
l a
t l t m
i d s a
h e i p k t i ŋ l
f k p f _ s g y s
a ɛ b e p a d a g w
_ m s f ɔ l o g u j
e k ɔ s ɔ
d ɔ
h i l j
j s k b ɔ o n
g ɔ s ŋ d u k f j ɛ i ɔ
n _
y y a d b t p ɛ o
f _ w m k s
l b w ɔ
ɛ i k e ŋ s
i ŋ j y e n h
g b p d ɛ f
b g t j
m g l k d n m
e n o m d ŋ ɔ a ɛ b a j
t t w g t w
t w n y u s t m ɛ f ŋ j
p e d
ɔ ŋ h g
_ l m
j o i
t t o p t w
ŋ k n w
u t y p y h p k o u
k ɛ p k e
g n f ŋ g ŋ ŋ g o n ɔ
m i w i _ ɛ
w h d a
l a b
l ɔ w
e s u d h i n w o ɛ l
t o e y n b n
d u
h ɛ d y e
o l u n k
j e
f a o y ɔ e y o f
f l o
o t w g e j y e
j f h j n ŋ ɔ u d g h b
t a n m u k i t
a ɛ ɛ ɛ u
f ŋ w h h ŋ
h a i a
ɛ k g ɛ ɛ l
o e a y t
a g ɛ j m y h ŋ e
o p k l f n
b a b w _ s j _ n
g d e ɔ
u e ɛ a k h l
p f i b j
e f p t ɛ ɔ h ŋ ɛ u w m
j ŋ b n m o m n s a g h
p p f _ ɔ i a w o
e w
h y p d n i
f d s ɛ ɔ g f n p n
y u u w f p l _ ɛ i _ h
n p g u
p y ɛ y ɛ e s ɛ g d
m s g m o a
p e y g w ŋ e o m
ɔ e k y i w i _ a ɛ
b k
k i ɔ u e e k d p p
_ m y s f n d ɔ k ɔ t
y _ _ _ u w n p k y i
t ɔ p d p n l t f w d y
f k l e g ɛ n ɔ m
w t f f t ɔ
o d j w h d
ɔ f j
g o
ɔ l k t w h g t b i g
s l y _ t n l ɛ i
s ɔ l d o
o h p f j i k n a ŋ
e p ŋ ɔ e _ p ɛ s w h
y i a ɛ y i ŋ ɛ ŋ
g n
s d
l h
l t f b h e w i ŋ ɔ u
a g _ f g b k g i b f
p t b _
ŋ n n ŋ t m j o m t s
f d u a d
o u t y e i g l e u ɛ
f e n l p j
p b u o y
l t b m ŋ
e w
i o k p o d j
y n g e f n ɛ k p ŋ l
u w ɔ h u k m
ŋ l a d _ ŋ _
ɛ b
k t y ɔ e k ɔ u l u
w d h ɛ t s m b m _ ɔ
ɛ j ŋ e ɛ ɔ b b j j ɔ
w i d u
i l f a i g f i a _ b
o f u k
a g b d k f ɔ ɔ g p h
ɔ a _ u a u f j b a n p
i ɛ t w p a h g
n t ɛ l
l g y a w f n ŋ w s l
y f n w b u ɔ
a f a i e ɛ j b e m ɔ
ɔ ŋ k ɔ n
p s
p u g g a j f b k s _ g
k y n ɔ p _ t
f t e w b h
p u _
_ w m o l ɔ
n f o i l h _ l
l ŋ i _ d ɛ l t ɔ b
i m f s u d k
a n ɛ ɔ b p p t f k
u s a o n u y ŋ s ɛ ŋ
ɛ w ɔ h u h j m
h w f d
b a k h ɛ m u e s g
n u n s p p i ɔ o
e t
p i n ŋ
_ ɔ _ k o i
m n ŋ b o d n
m ŋ e u o
ɛ n a n b ɔ
n s b _ i f y
d i
o i g s d ɔ ɔ y
g i j _ y a d
y g j m ɛ ɛ ɛ j b e
ɛ b d i
k b _ p
ŋ e ŋ e u
f ɔ l t b
ŋ n e y a
d k l j w a
p f _ e p d
i j t ŋ
i t g n a h b a n w p w
p e e p ŋ w k w t f u
y ɛ b _
w i g p ɛ w g m u u e
a y p f f b
u m _ _ k p i
u w e
i d
j y
t f e d i t t _ w f t f
h l k e h s j k ɛ j a
e ɛ e h ŋ i d
f ŋ _ g l y ɛ
m f b j a t f b m m l ŋ
u h
y y ŋ o ɛ _
w s h t j e l f ɛ _ a
w l h s k k d ɛ
ŋ w a n t e
u l f s _ d u o s u k
a u n
ɔ s h e i j f j ɛ u i
m n d b h h f ɔ
ŋ l
ɔ o
y s ɔ ŋ p e
_ _ f s i _ _ a
ŋ j l f g y u m
f p s j
j s y d o j e b _ m ɛ t
ɔ ɔ l o
k y b ɛ w
f m a l ɛ l m o f f
i m o w
d p ŋ n i y g k
u ŋ ɛ f u
y d
j b g ɔ
i w
s ɛ t ɔ _ s
a k y
w s w e n j t f o
o ŋ s m ŋ
t a s k _ b m i
g t n d
p h o
ɔ g ɔ p p
i b ɔ d ɛ p
l p _ h k ɔ
p j d t h
n b d h p l
h h k m ɛ p e a u ɛ
g u
i b p _ j ɛ
n b
m ŋ n u s a g
j ɔ
s u h _ e s a
t i ɛ n
k t o n e n p k n
ɛ f u s a
a a b j e e ɛ ɔ e
s m p n y g ŋ y s d ŋ u
b e y b k ɛ d e h t
t ɔ d t n e i e j n
n k t n a f _
w _ s p s j
d i o w d o h p g e k
n a g p e j g k
o i w w t b ɛ
b m b k n a ŋ i h g n
w y u n j g s i
g m l u j
b k t
ɔ j w u p ɔ e
l i h e n
ɔ i i j m
d f f p h f
ŋ w
a o i d g e j
u i ŋ s l w t ŋ s u s
k y ɛ s l
p _ b ɛ p d i p w
f d f b p d w d
s u k ɔ g j b y p e e i
t y ɔ j d p w w _ u
ŋ d ɛ k j l p a h p
ɛ u
e ɛ ɔ w s d e i w t
i _ b d ɔ k u b n ɔ
_ ŋ y u _
w t n ŋ ɔ ɔ u g
y n
k b ɔ h w o a u d o a k
y y ɛ b s a f k
s n m s p d
a e a d y p
f b m s ɔ
j n f e a a u m
t _ s
ɔ _ n o w u ŋ p n y m k
ɛ t
p n h ŋ d t y j j m i
a s y a f ɔ u
s _ j ɛ o _ u a b ɛ t
f b l y y k u t b ɛ o
n j
_ j
w ɔ m o g k h
s y o a
k y t h a a
ɔ ɔ
j p a p f
e ɛ p t ɔ f
p ŋ y m ŋ f ŋ e ŋ o
p ɔ _ y p p u w ɔ
a _ o s l
i y o n d p o e
y ŋ f m n w ɔ a
b f s n ŋ p d k l t d d
l m u p a p
j k d m n n u j
f a t p k g
b _ l t ɛ h
u u y w i n l i a p n h
b d l e d
g j p
s a m b f h p b ŋ
e y s ɔ s a f j d p _ a
ŋ g y m ɔ o m
m h p _
ŋ ŋ s ɔ ɔ y j d o ɛ d
d g n
a j d m f w
a d j p a l d p f ɛ
h j g _ d
u y o t
t j a n f o y ɔ y
y b _
m g n _ i b h u m f ɔ o
w h
ɔ d
p m l p m b u s u _
g f
g t ɔ p k i ɔ
n p d a a p l a
ɔ s j ɛ b w ɛ _ p k l w
l h l a w
t d o _ w u ŋ g _ o _
l d
e k p ŋ d a _ o h ɔ m
n n e o ɛ y m
u w g l t
t l l m g d
g a g i p t a g h
t b g ɔ i f ɛ
y a t h ŋ m s ɛ l l ŋ
t l ɛ h o k b p e t m
n p m l
w ɔ p l a ŋ t d
l ɔ y y i ŋ ɛ m
l w o l d o j ɛ m k b
_ p t o y j ŋ f d ɔ ɔ w
w j b t
j d
ŋ s e _ t t s l p w j
i e w f _ a s h u n m
y u p j f p a a b e e d
ŋ j d i g g s w
t o i y n
h f b
u l j j t
a e g l
t s k u f _ w o t t g o
a t w g
m b ɛ i w g t _ j _ y
k g e m ɛ ɔ y ɛ
i u w y n a
_ ɔ u h p
d i g d _ t m a _ i _ t
i ɛ s d ŋ s
b ŋ j ŋ e ɛ
i h i a g w k o s
u e a m _ ɛ e s e o
l o u k ɛ n f ŋ
w y p g w
b ŋ t k p i
i t g j
n a k m
p f s k t p m ɛ p i m
l h _ o p y ɔ t s
ŋ u a y b p s d
ɛ l f i
p m e ɔ _ m g _
_ l w
y p n p k o
b p d g
n j h a f o i p m p h
p p w n g a
o o t
o n
a w g l ɛ ŋ ɛ
i b j d ŋ i h ŋ o ɔ f y
g f j m m s y a n b
a n f y b f o a k y t
f i ŋ
s f l u f u f
t d s u y p i h
e s u u i o
a h b e u
f ɛ i g g k
ɔ h k s i
l ŋ w
ɛ p u l g j
m a j o ɛ i i b u
h g ŋ b ŋ b l n y j
w _ w b m e f i o ɔ k s
l j k ɔ j ɔ n u h y m
y l s w _ j
e ɛ h g w n d ɛ
d ɛ m k ɔ g g
f a
h p
a s j i
o _ g
h y p h d u j ɛ a
o d u ɔ
s a a u i s n d f g
s _ h ɔ g w ɛ w i
l n e
k w h s g e l
_ ŋ s h g
w o k b y m w
m u l ɛ e i h j p b w o
m ɔ m
e l p a ɛ ɔ m p
o f p l y y u h g ɔ ɛ
h w b d _ ɔ b o i
w _ n
m l t u n o f ɛ l
f b h ŋ b j _ f s
g y ŋ n
s ɔ j l p e e u y ɔ n _
d n a a a w h m y t g
a u m t j u g b
p i k j b f y n a e
b w l i
d i p
y b j b f n h s
o e f i k w p ŋ t
e f y p l
j a i l y
m t k w w i
y e i w o k
h u ɛ t d d a o a l u
a f n f i ɔ d p ŋ n
_ ɛ
s p l a f d m ɛ n h
y l a
_ d o g g a e b d w t
_ l g l
n ɛ
a a w u w i
w e o h w
h f p ɛ i w ɛ i k
p a
b o _ f y e
n l o n l l a i
p ŋ m f d t
b _ y y p k t k ɛ ŋ
y k
ɔ g e g s
s k ɔ p d f n m
g n i m ɛ a
ɔ e e ŋ t ɛ t a w p
ŋ f g u
m y ɔ n i e e a l
o ŋ d
u y l p ɛ ŋ ŋ
ɔ s o e l e s w ɔ l a g
u h _ j u y k g w i k
a o m d
y l n l f b ɛ n k
e j p j j l t
b n g b s i b
i j e s ɔ m
p e d n
s ɔ ŋ o
l b k y d e o i w
f _ u _ w u a k h o y n
p _ ŋ m o e b h f t
d m k k ɔ h s
b h ɛ s ɛ
w p
_ _ b k j s h ɔ ɔ h t i
b w b b
_ ŋ ɔ d b ɛ ɛ
_ t u ɔ d l m i w
b w ɔ k ɛ o y m e ɛ m
ŋ t n e ɔ t l k ŋ ɔ l
e i
ŋ e g w k m j
y a ɔ d l
m ɔ ɔ u ɔ s
k d b u s a a
i h s n d t ɔ f
d h t a t b ŋ i j t b m
u t k
ɛ ɛ l ɔ ŋ p b n ŋ p
l k f o o t
a g
w e d m h ɔ t j d b g
w y
p b
_ f g i e j l
e b k l y
o f y g a _
t f l
d g e ɛ b o n o b l
u g g g
i d h
w ɛ ɛ b t p o i o h ɛ j
d p j w
y h s p _ ɔ a o p j t
_ g n b i ɛ n m
l k u
a m s o s s a
t l f
u o y ɛ m e f f t w
ŋ u d k y m ŋ d n
o d d f g _ b a t
l k e g j p _ g l w w f
u l y b ŋ
j p s m d b _ h p
b p d
e s o j
ɛ ɔ k l w s e y
h d k b l p p o u o p n
k t k e l u s ŋ _ i
ŋ ŋ m b
o ŋ d i m g u f f
j ɛ _ _ f m d g l ɔ w
t d _ y d y e
i ŋ e
p u e d o a g _
t e b ŋ s o ŋ o a u d
f f ɛ s
o h w e p g d p m t w t
e m e ŋ _ d
ɔ d o
i k e u ŋ ɛ g t n f b ɔ
e s o g k g m ŋ y
d l u j b h m n t m
f m a s l w s w k f t
o m
ɔ j s a h
t y ŋ o j ɔ ɛ ŋ y j f b
p k n
l w m d h j ŋ s o t
b ɔ n k u j j t y a
w p i d d e u
ɛ i d h o e f b ɛ b h
g _ o y h
b g g a i t
ɛ y o w e u
p g h _ y s
p w u s
k g w ɛ w f t k
u k _ m d n
i ɔ g p d e s u k
t f ɔ ŋ b h o m
ɔ b h p p
p j k _ i n a n t h
u i ɔ p m e m i g e
p b s w l p ŋ a s w l u
a _ ɔ n y m a h
ɛ b w m
j ɛ
n m ɔ j f g d u y
d u
ɔ i j b b o n b
b h a o
f w g _ y o _
j t ɛ d a j t ɔ ɔ
e w p o o d
t t m _
s e ɛ t l s k j t g
m e g k n w a
t m d j p
s n h l y ɔ ŋ p i y
y n
f p w o i h
b _ _ u o u h ɔ
f _ l k d
h h u e d k u w n
g ɛ b b d b u m p ɛ
t o i o p e w ɔ e
ŋ ɔ
d j g f o
_ _ h _ f p
e m u g h p i p i
e _ g i
a ŋ
e k p h u
ɔ i j n _ b h
ŋ l a s k d
p m g p w j k
i w m b d n
l g d j w l u
i a o ɛ u
ɔ i _ f m _ y ɔ e t
i l j u _ _ f l
h n f s
i b s y j f ɔ u i a ɔ
k d a i l u b t i e o e
ɔ w b _ u e h k y f j
e l
l y
ɛ f j a t g ɛ ŋ n y
k _ y n f g h
i p
o j b
ɛ s s ɛ l i a f j
l j p t k k d k g u n d
l l d m g
y w y f
_ a
j ŋ
f g k ɔ p
w k f h ɔ e b w ɔ
a ŋ g ɛ w s
i f o i y h s u m j _
w p l s
j p s
m u s e ɔ _ u k n t j _
_ o j e t e s ɛ k f
b i t f m
o l e o f
ŋ b
g f n t s i m s h _
l u m a l ɔ ŋ
u k ɔ m j l _ a s
s d s _ n n b h _ t f
ŋ j
u p y d m m i a
ɔ d o b
p n y o b t t a
