b a a k ɔ ɔ
k ɔ ɔ e e
k ɔ ɔ k o
k ɔ ɔ e e
k ɔ ɔ
k ɔ ɔ
k ɔ ɔ e e
k ɔ ɔ
ŋ k ɔ ɔ
b a a j o o
j o o e e
j o o k o
j o o e e
j o o
j o o
j o o e e
j o o
ŋ j o o
b a a k o t a
k o t a e e
k o t a k o
k o t a e e
k o t a
k o t a
k o t a e e
k o t a
ŋ k o t a
b a a w i e
w i e e e
w i e k o
w i e e e
w i e
w i e
w i e e e
w i e
ŋ w i e
b a a k ɔ
k ɔ e e
k ɔ k o
k ɔ e e
k ɔ
k ɔ
k ɔ e e
k ɔ
ŋ k ɔ
b a a t s ɛ m ɔ
t s ɛ m ɔ e e
t s ɛ m ɔ k o
t s ɛ m ɔ e e
t s ɛ m ɔ
t s ɛ m ɔ
t s ɛ m ɔ e e
t s ɛ m ɔ
ŋ t s ɛ m ɔ
b a a ŋ a
ŋ a e e
ŋ a k o
ŋ a e e
ŋ a
ŋ a
ŋ a e e
ŋ a
ŋ ŋ a
b a a k p ɛ t ɛ
k p ɛ t ɛ e e
k p ɛ t ɛ k o
k p ɛ t ɛ e e
k p ɛ t ɛ
k p ɛ t ɛ
k p ɛ t ɛ e e
k p ɛ t ɛ
ŋ k p ɛ t ɛ
b a a t s i n e
t s i n e e e
t s i n e k o
t s i n e e e
t s i n e
t s i n e
t s i n e e e
t s i n e
ŋ t s i n e
b a a n y i ɛ
n y i ɛ e e
n y i ɛ k o
n y i ɛ e e
n y i ɛ
n y i ɛ
n y i ɛ e e
n y i ɛ
ŋ n y i ɛ
b a a ŋ m a a
ŋ m a a e e
ŋ m a a k o
ŋ m a a e e
ŋ m a a
ŋ m a a
ŋ m a a e e
ŋ m a a
ŋ ŋ m a a
b a a t a w ɔ
t a w ɔ e e
t a w ɔ k o
t a w ɔ e e
t a w ɔ
t a w ɔ
t a w ɔ e e
t a w ɔ
ŋ t a w ɔ
b a a f ɔ
f ɔ e e
f ɔ k o
f ɔ e e
f ɔ
f ɔ
f ɔ e e
f ɔ
ŋ f ɔ
b a a w o s o
w o s o e e
w o s o k o
w o s o e e
w o s o
w o s o
w o s o e e
w o s o
ŋ w o s o
b a a w o
w o e e
w o k o
w o e e
w o
w o
w o e e
w o
ŋ w o
b a a j u
j u e e
j u k o
j u e e
j u
j u
j u e e
j u
ŋ j u
b a a g b l ɛ
g b l ɛ e e
g b l ɛ k o
g b l ɛ e e
g b l ɛ
g b l ɛ
g b l ɛ e e
g b l ɛ
ŋ g b l ɛ
b a a k a i
k a i e e
k a i k o
k a i e e
k a i
k a i
k a i e e
k a i
ŋ k a i
b a a s h a m ɔ
s h a m ɔ e e
s h a m ɔ k o
s h a m ɔ e e
s h a m ɔ
s h a m ɔ
s h a m ɔ e e
s h a m ɔ
ŋ s h a m ɔ
b a a l a
l a e e
l a k o
l a e e
l a
l a
l a e e
l a
ŋ l a
b a a n u u
n u u e e
n u u k o
n u u e e
n u u
n u u
n u u e e
n u u
ŋ n u u
b a a h a
h a e e
h a k o
h a e e
h a
h a
h a e e
h a
ŋ h a
b a a f a a
f a a e e
f a a k o
f a a e e
f a a
f a a
f a a e e
f a a
ŋ f a a
b a a t s w a a
t s w a a e e
t s w a a k o
t s w a a e e
t s w a a
t s w a a
t s w a a e e
t s w a a
ŋ t s w a a
b a a ŋ m ɔ
ŋ m ɔ e e
ŋ m ɔ k o
ŋ m ɔ e e
ŋ m ɔ
ŋ m ɔ
ŋ m ɔ e e
ŋ m ɔ
ŋ ŋ m ɔ
b a a s h a
s h a e e
s h a k o
s h a e e
s h a
s h a
s h a e e
s h a
ŋ s h a
b a a w a
w a e e
w a k o
w a e e
w a
w a
w a e e
w a
ŋ w a
b a a g b i
g b i e e
g b i k o
g b i e e
g b i
g b i
g b i e e
g b i
ŋ g b i
b a a y e
y e e e
y e k o
y e e e
y e
y e
y e e e
y e
ŋ y e
b a a f o
f o e e
f o k o
f o e e
f o
f o
f o e e
f o
ŋ f o
b a a t s u
t s u e e
t s u k o
t s u e e
t s u
t s u
t s u e e
t s u
ŋ t s u
b a a n a
n a e e
n a k o
n a e e
n a
n a
n a e e
n a
ŋ n a
b a a d u
d u e e
d u k o
d u e e
d u
d u
d u e e
d u
ŋ d u
b a a l ɛ m ɔ
l ɛ m ɔ e e
l ɛ m ɔ k o
l ɛ m ɔ e e
l ɛ m ɔ
l ɛ m ɔ
l ɛ m ɔ e e
l ɛ m ɔ
ŋ l ɛ m ɔ
b a a k p a s a
k p a s a e e
k p a s a k o
k p a s a e e
k p a s a
k p a s a
k p a s a e e
k p a s a
ŋ k p a s a
b a a y ɛ
y ɛ e e
y ɛ k o
y ɛ e e
y ɛ
y ɛ
y ɛ e e
y ɛ
ŋ y ɛ
b a a t s ɔ ɔ
t s ɔ ɔ e e
t s ɔ ɔ k o
t s ɔ ɔ e e
t s ɔ ɔ
t s ɔ ɔ
t s ɔ ɔ e e
t s ɔ ɔ
ŋ t s ɔ ɔ
b a a w ɔ l ɔ m ɔ
w ɔ l ɔ m ɔ e e
w ɔ l ɔ m ɔ k o
w ɔ l ɔ m ɔ e e
w ɔ l ɔ m ɔ
w ɔ l ɔ m ɔ
w ɔ l ɔ m ɔ e e
w ɔ l ɔ m ɔ
ŋ w ɔ l ɔ m ɔ
b a a b o
b o e e
b o k o
b o e e
b o
b o
b o e e
b o
ŋ b o
b a a y a
y a e e
y a k o
y a e e
y a
y a
y a e e
y a
ŋ y a
b a a k a f o
k a f o e e
k a f o k o
k a f o e e
k a f o
k a f o
k a f o e e
k a f o
ŋ k a f o
b a a b ɛ ɛ
b ɛ ɛ e e
b ɛ ɛ k o
b ɛ ɛ e e
b ɛ ɛ
b ɛ ɛ
b ɛ ɛ e e
b ɛ ɛ
ŋ b ɛ ɛ
b a a d a
d a e e
d a k o
d a e e
d a
d a
d a e e
d a
ŋ d a
b a a g b o
g b o e e
g b o k o
g b o e e
g b o
g b o
g b o e e
g b o
ŋ g b o
b a a b a
b a e e
b a k o
b a e e
b a
b a
b a e e
b a
ŋ b a
b a a k a s e
k a s e e e
k a s e k o
k a s e e e
k a s e
k a s e
k a s e e e
k a s e
ŋ k a s e
b a a j a a
j a a e e
j a a k o
j a a e e
j a a
j a a
j a a e e
j a a
ŋ j a a
b a a b i
b i e e
b i k o
b i e e
b i
b i
b i e e
b i
ŋ b i
b a a g b l a
g b l a e e
g b l a k o
g b l a e e
g b l a
g b l a
g b l a e e
g b l a
ŋ g b l a
b a a j i e
j i e e e
j i e k o
j i e e e
j i e
j i e
j i e e e
j i e
ŋ j i e
b a a t u u
t u u e e
t u u k o
t u u e e
t u u
t u u
t u u e e
t u u
ŋ t u u
b a a d a a
d a a e e
d a a k o
d a a e e
d a a
d a a
d a a e e
d a a
ŋ d a a
b a a t e e
t e e e e
t e e k o
t e e e e
t e e
t e e
t e e e e
t e e
ŋ t e e
b a a t s ɛ
t s ɛ e e
t s ɛ k o
t s ɛ e e
t s ɛ
t s ɛ
t s ɛ e e
t s ɛ
ŋ t s ɛ
b a a h i
h i e e
h i k o
h i e e
h i
h i
h i e e
h i
ŋ h i
b a a k w ɛ
k w ɛ e e
k w ɛ k o
k w ɛ e e
k w ɛ
k w ɛ
k w ɛ e e
k w ɛ
ŋ k w ɛ
b a a k u
k u e e
k u k o
k u e e
k u
k u
k u e e
k u
ŋ k u
b a a w ɔ d ɔ i
w ɔ d ɔ i e e
w ɔ d ɔ i k o
w ɔ d ɔ i e e
w ɔ d ɔ i
w ɔ d ɔ i
w ɔ d ɔ i e e
w ɔ d ɔ i
ŋ w ɔ d ɔ i
b a a h ɔ ɔ
h ɔ ɔ e e
h ɔ ɔ k o
h ɔ ɔ e e
h ɔ ɔ
h ɔ ɔ
h ɔ ɔ e e
h ɔ ɔ
ŋ h ɔ ɔ
b a a b l ɛ
b l ɛ e e
b l ɛ k o
b l ɛ e e
b l ɛ
b l ɛ
b l ɛ e e
b l ɛ
ŋ b l ɛ
b a a d i k i
d i k i e e
d i k i k o
d i k i e e
d i k i
d i k i
d i k i e e
d i k i
ŋ d i k i
b a a s h w i s h w i a
s h w i s h w i a e e
s h w i s h w i a k o
s h w i s h w i a e e
s h w i s h w i a
s h w i s h w i a
s h w i s h w i a e e
s h w i s h w i a
ŋ s h w i s h w i a
b a a t s a
t s a e e
t s a k o
t s a e e
t s a
t s a
t s a e e
t s a
ŋ t s a
b a a s e l e
s e l e e e
s e l e k o
s e l e e e
s e l e
s e l e
s e l e e e
s e l e
ŋ s e l e
b a a t s w a
t s w a e e
t s w a k o
t s w a e e
t s w a
t s w a
t s w a e e
t s w a
ŋ t s w a
b a a ŋ m ɔ ɔ
ŋ m ɔ ɔ e e
ŋ m ɔ ɔ k o
ŋ m ɔ ɔ e e
ŋ m ɔ ɔ
ŋ m ɔ ɔ
ŋ m ɔ ɔ e e
ŋ m ɔ ɔ
ŋ ŋ m ɔ ɔ
w ɔ w ɛ
a a h i e e d a e a a t ɔ
s o k t s i e g b o o
w a a w ɔ ɔ a ŋ m ɔ
ŋ f o t a w e
i k i e s u e s u
a a k f a d u
a d ɛ t ɛ t s w e
b l k ɔ k
a a n i ŋ t s t e e i n
s o e s e k
t s i e w i a o
h ɔ ɔ o
ɔ e e a t a s ɔ ɔ e
k ɔ k
k p a a g b ɛ
ŋ m ɔ b a a y
s h a o k w ɛ ŋ d a
ŋ w a w o k
a b ɛ ŋ j a
h w i e j o o o ŋ h m ɔ ɔ e
s e k i n e e b a a e s ɛ
a a k f w i a o h w i e
s ɛ m k y e
l ɛ m k i a k
a s h j a a e
s ɛ m e s o s o g b i
w o s k a a l m
w i s w
ɔ ɔ k a i a m ɔ o
a a s w ŋ w o k i
f ɔ e n u u o w i a
h a m ŋ d i
b l a o i a s ɔ ɔ ɔ i e
i n e
n y i k
ŋ f a a t a ɔ j a a o
t s w a ŋ j o
k ɔ e ŋ y ɛ
a d i i ɔ l ɔ
a w a s h a o ŋ b o
s w t a w ŋ f
ɛ ɛ e b o e
h a k ɔ ɔ ɔ m ɔ o
t s ɛ
a a b ɛ
s ɔ ɔ o b ɛ ɛ e a s
w ɔ e g b i o
k ɔ ɔ o ɛ k o
h a e t e ŋ t a
s ɛ ŋ t a ɔ w a k ɔ m
t s u o a m
ŋ n y a f a a l ɛ ɔ i s h
i k i e
s i b a k a a k s
a b i a w ɔ e a a g l
s ɛ m k p a s k
a k a s ɛ k
b i k ɛ t ɛ e
w a a o
b ɛ ɛ o h a m
a a h
t s w a a ŋ a w ɔ k
a a b ɛ d a a e a w o o
w o s t s ɔ e
d a a o h w i h
a y a a a j
l a e y e k p a a
k a s e h i k a b i a a n u
i s d i k k a f
ŋ s h t ɛ t s a e f o k
y ɛ k ŋ b l a ŋ m ɔ a w ɔ
b a a w
t s u
j a ŋ d u
k p ɛ ɛ d ɔ i o ɛ ɛ ŋ n
u k o a b ɛ k u e s w a o
ŋ k ɔ w ɔ d i ŋ f a a a g l
ŋ t s i a o o k ŋ f o ɛ m ɔ o
b ɛ y e k p ɛ t k
s ɛ e w ɛ e t e l a e
a a y i ɛ t s i e
a a g l
a w ɔ e l ɔ e l e a m ɔ
a s s w ɛ t p a a t s ɔ
n y ɔ k o
e l e e ŋ a k ŋ f ɔ
d ɔ i ɛ m ɔ e ɛ t ɛ e
ɛ m a l ɛ ɔ
a s e n e a a g i
a ŋ m ɔ
b i ŋ j a
o t a ɛ k
j u e h i e t s ɛ e
k w ɛ e l ɛ m e
h w i k k o a d a
l ɛ m ŋ b o a i k
t s ɔ u k t e e a a k a
b a a y
s ɛ e
a t s
a m ɔ o ŋ h ɔ
a ŋ ŋ y e ŋ s y a e a f
b l a t s ɔ e ŋ ŋ m a a f ɔ
ŋ n s h a e
ŋ y e
ɔ d ɔ e k i b a e p a s k
a j a e l e e
ɛ k o h w i h h ɔ ɔ e
w o
i s h i u u e f ɔ e ŋ m a e
ŋ f
s a t s ɛ ɔ a g b a
t s w h w i k
a b ɛ a k w i s
ŋ k a y ɛ e l ɔ m k
ŋ t s m k ɔ e ŋ l a a a g l
k ɔ ɔ o a s a k i e e k
ŋ t s a
h a m a k a o d a a m a a
a m ɔ e a j a
p ɛ t e ɔ i
ɛ e e w ɛ p a s e
h w i k s ɛ s ɛ m k
ŋ w o i a k a b a
h i k ŋ w o s ɔ ɔ o f o e
j u l e e
k ɔ ɔ e
p a s e l ɛ m ŋ a k
n a k a a t a u k a f t u u e
k p ŋ n y
b a a e h a m l ɛ m w ɔ l m
ŋ b o
o t ɔ e a f a
k p a a a w ɔ e
a k p a a l m ɛ ɛ
a f ɔ a a k f
ɛ m ɔ e k p ɛ
t s ɔ a ŋ m
s o e a s a o w ɔ l m
a a k s a n u
n u ŋ g a j
ɔ d ɔ a s h ŋ f o w i a
n u d ɔ a t s m
s e l e
s h w a ɛ t ɛ j a a e
ŋ k ɔ ŋ s h j i a w i
a l ɛ ɔ a k ŋ t s ɔ a a h
ŋ n s ɛ m e
b ɛ ɛ o l ɔ m
a n u k p a a
a a s d a e
b ɛ ɛ e a a t ɔ
g b i e
i n a l ɛ
l ɔ m ŋ s e ɔ i k h i e
s ɛ i k o n a k k a s k
ŋ j i y a e y i ɛ e
ŋ d g b l k w ɔ l
a b i ŋ l ŋ m ɔ k g b h w i e
k a s k d i t ɛ a n y n e
a t s ŋ a k
i a k t s ɛ e ɔ d ɔ e
t u u e
t a w k
a w ɔ ɔ ɔ ɔ k f o t s w k
a k p t ŋ n y
b l a e k w ɛ o w ɔ d h i e
a k ɔ k a i o m ɔ
ŋ k a o w a e ɛ t
a t s ɔ h w i e
i n e o n a k a a t ɛ
m a a s h ɛ m a k a
a a b ɛ a l k ɔ e
w i e e
b a a ɔ n u u o m ɔ ɔ e
k a s k i
s w a k ŋ b o
s h a
i a e y i ɛ ŋ j u b a a
a m ɔ s e l ŋ j a f a a o
h a k a t ɛ t ɛ e
a l a y g b l e
t e e o t s h ɔ t e e e
a k ɔ
n e t u u e
u u u k o a n y
n a e d a a e ŋ b i k u e
a a g l w i a s h w s a j i
b a a l g b o
t ɛ e a w o
a g a a t w a f o e
i ɛ e i ɛ k a ŋ m a
a a k ɛ a a k ɛ
t ɛ y e k ŋ g b a a a j a
ɔ i
t e e o w o s e ŋ w a a t ɛ
k a s a a f a a s a k p s
y e e e k f ɔ k l e e
f a l ɛ m ŋ j a
a t s a
b o h ɔ ɔ o
h a m k
h w a y e
k u k a f l ɛ m k
b a a a g b i p a s e
ŋ a e ŋ l a n a e
h a m k a a d k n y i
b a e a d i a k p t k p ɛ
s o m a a
a a j a w o k
t a w
a d a ŋ t a f a w o s k
ŋ ŋ m a
t s ɛ a k p s
ŋ k a o s ɔ ɔ o
u e p a s e
i ɛ k b l t ɛ s e l k
o s u k o o k
a w a w a e a d a a a w
a a g i a n y ɔ l ɔ d
a y ɛ h a k s a e n y i
s w a a s w ŋ g b ɛ
f o e ŋ ŋ a y a
i s h w ɛ k
ŋ b ɛ
ŋ a e ŋ j a
t ɛ e
w a a e e l e s h w t e e
o o k t e e o k u e
f a a o
a s h i
s a k j a n u u e
ŋ ŋ m ɔ s w a e a g
a t a ɔ h i e
a k u a a f
ŋ m ɔ o p a s k
ŋ k p s
o t a e w o s e s ɛ e l ɛ m e
ŋ t n y i e ŋ ŋ h a m k
ŋ b a p ɛ t a f ɔ a b l
ŋ j s w a o ŋ a k i k i e
t a w e a w ɔ o
ŋ y e o e k ɔ ɔ m a
b ɛ ŋ m a k
t s u e s o e
h w i e
p a s e o o a a w f ɔ e
b a a w
a a w l
s ɔ ɔ
g b i k a s i a e b a a h
a k o a ŋ t s ɔ
a t e
s h a j o o s w a k
b l d a a e a j o
w ɔ l m m a a e
j o o e b a a e
b a a y
a a s l
ɔ ɔ e g b i o s h w s i k
a d i i g b o
s ɛ m s w a
a m ŋ w ɔ ɔ
ŋ l ɛ ɔ a n u y a e a i
k a i o
j u e m ɔ k a w o o a a k s
a d u w ɔ d k i k
ŋ g b a
t s u
a t s a d ɔ a l ɛ ɔ
a a k g b ŋ f d u k
ŋ ŋ a j i e e w i e e
a s e o ŋ m
f o k o s n a a w ɔ ɔ
d u e d a t s u e a d u
ŋ w a a k p s a m ɔ e
a t ŋ y e ɛ e
ŋ k w b a a l t e ŋ g b a
a i w ɛ e a a w l a a t w
a n y ɛ
a e a w o o ɛ e e j a a
t s u o s e a a y u e t s a o
y ɛ e b a a y a b a
a j i
w i a o w a e
a a t e t s u b l a o
n u u o f ɔ e
b l a e
a k a j a a i e
ɔ d ŋ b ɛ
ɛ t ɛ e h ɔ ɔ e ŋ t a
ŋ f o a t s a ŋ m ɔ
y a h ɔ ɔ e a a s w
a a ŋ m ɔ
a e e ŋ k u s e k
ŋ l
t s ɛ g b i e o t a o t a w
l e a a l
ŋ t s a ɛ k o w i a e
f o n y i k
a a n d ɔ i o u k
a a l m s a k
s w k u k
ŋ m a k ɔ d ɔ k
a t a w ɔ ɔ
w i e e s h a o
s i n j a a a k ɔ a w o
a d a ɛ ɛ e a f o o
s h a o ŋ ŋ m ɔ u k
ŋ d a k a s d ɔ i h a k
m ɔ k
a a d a j u
b i k g b i
ŋ h a
a a l m a s e e a j i
a s h m a s e e
y i d ɔ i e a e e
a ŋ m
o o k e k o
s w a ŋ k a o
a a ŋ b ɛ
t ɛ
a a n i s i n e w o k d a k
ɛ ɛ e n y t s ɛ o
t e e e
a y ɛ i n e e
a t a b ɛ ɛ e
a w ɔ ɔ ɔ m
w ɛ e t ɛ d ɔ i o
k a s e
w i a e k i k y i ɛ e
ŋ f ŋ b a a g a a k f
k w ɛ e
b a a u a n y ɛ
w a e
a j u a w
a l a ɛ e e
w i e o a a k a
a k a e
w i e o a j u a a y h a m e
ŋ y a
ŋ m ɔ e t e w i e a ŋ m a
ɔ e a h a o k o s e k
a a w l
d a k s h a a y e ŋ n a
h w i h a h s ɛ m e
k w ɛ ŋ k w n a b l a o
n a k p l e w o e
a t s ɔ
i k o
ŋ m ɔ e i e e
b a a u
j i e o
k a i o t a k
k ɔ e t a a w i d u e l e e
i e t s ɛ ɔ a b a
a ŋ m a a t i
i s h m ɔ e ŋ k u w ɛ k
t a w a m ɔ o k o f ɔ e
a n y n y i e u e
j a a a g l a a n l a e
b l ɛ e h w i k w ɛ
m ɔ a i e s i
w o s k a s a i ɛ l e
d ɔ i s w a o s ɛ m e ŋ j u
ŋ k p t s h a o g b l k
a k w ŋ n ŋ n ŋ w ɔ ɔ
k a s k
ŋ l ɛ
w i s b l ɛ a k o
s u ŋ j i
ŋ w a h ɔ ɔ
o t a e a a s l a t s n
a a t a
a b a ŋ w ŋ ŋ m a a m
u k o a s e e
d a k t ɛ e
a a n i a a g i ŋ g b ɛ
ŋ t u j a a
u k o
t s w e y ɛ k
n e e a g b a a a s l
b ɛ ɛ o
f ɔ e
s e l ɔ m k
y i ɛ e ŋ w ɔ y i e l e e
ɔ m ɔ o a h a a a t ɔ
l ɛ ŋ w a
a a t u
a k p s
w i e o
t s ɛ e e l e o
ŋ b i a w i ŋ j o a f e e e
a m ɔ e t u u o
b l ɛ e w i a i e ŋ w i
h w i k ŋ h ɔ a n u
a i k
s ɛ e n u u o
p ɛ t b a a ɔ a g b
w i a o j u a t s n
i k i e t s w e a ŋ w a
s ɛ m a m ɔ e t s w e p ɛ t e
a y a
ŋ k a o ɛ m ɔ ɛ t j o o e
a a k f w i e y i ɛ ŋ j o
ŋ s i k i o e l e ɔ ɔ
a a t u
k w
a k ŋ j i
a s a o
a h a e k o
i e e ɔ l ɔ
i a k a a t a k a s y i
t a e h w i k
t s a e
l e k a l n y i k
h w i k
s e l k ŋ ŋ
ŋ k a e
y a e a t s m ɛ m ɔ e
a e a a d a
a e i e
n e e
h a e e e k
a f a a a n u t s ɔ s ɛ
a b i a a b ŋ w i g b i
b a a e
ŋ t s ɔ o e j a a ŋ s e
a y e h w i ŋ g b ɛ ŋ m ɔ e
ŋ g b ɛ i s p ɛ t e
ŋ f o y i ɛ d a e ŋ y
ɛ ɛ a k a
t s ɛ ɔ
a a t w ŋ k p s d ɔ i e
ŋ y ɛ a s e e
l a k
w a a n u a f ŋ j o
a a s a a f a
n y i e
a f o e
u k i k i e
ŋ m ɔ k
ɛ ɛ w a a t s i e ɔ i
y a k
ŋ t s n ŋ g b ɛ
ŋ g b s h a o a e e a a k s
a w ɔ e a n y ɛ
h i k o t s w ɔ m ɔ e
ɔ k o
ŋ l ɛ t a k t s
s h w a a f o e y e
b l a s w
ŋ t a ɔ s ɛ m
e e s ɔ ɔ
e l e o h a m e
a a k i
ŋ k a o ɔ i e i k a f a
t s ɛ e
k a f
s u k j u e
ŋ d i ŋ b u u k a n a
ŋ t s ɔ t s i
l ɛ m a a t ɔ
a e n a a s e o s h
y a e
k a i e a w ɔ e
ɔ d ɔ y i a s a k p
b a a o a s e o
a f o s e l e m ɔ ɔ o
a k ɔ m a a o o t a o
i n e e s e k
ŋ y ɛ s o e
b a a a a t u j u e n u u o
a a f a
a f o o t s ɛ
j i e o b a a h b a a h
m a ŋ a k b a e a i
k o t k ŋ s e e j o o e
l e e k ɔ ɔ o k a s k
ŋ j i b i o o k
d a k h ɔ
a a h ŋ k p
ŋ y ɛ k a f e
w ɛ k
ŋ m a a a k s
s ɔ ɔ e d ɔ i o n u u
d u t s u e a t i e
a ŋ ŋ m a a t ɔ
k u e t u u ɛ k o
b ɛ ɛ e
a a k i s ɛ m e
ŋ s h i
ŋ t a ɔ ŋ n a
k ɔ ɔ l ɛ m e
ŋ d i i t s i e
d ɔ i e a w ɔ e
s a k
h ɔ ɔ e d u k a a l
t ɛ e a n u k o t e
k w ɛ k ɔ ɔ e t s ɛ ɔ
ŋ t e k i
t a w
ŋ k a a s a
w o k a a g a m ɔ e
a a k s
a a s a t s ɛ ɔ w i a e
ŋ d u a f ɔ
a a n ŋ s h m ŋ j
s ɛ e a m d i k e ŋ a k
s h w a
a w a f ɔ ŋ l a
h a m k n y i ɛ k n y w a e
ŋ d i f o e k o t
e l e
j a a e
w a d a e a a j o
h w i k
a a s ŋ t s s h a o
a a k s a y
a a s a ɛ t b l a d u
l ɛ ŋ k a o s a a a e
b a a ɔ
e l ŋ j u ŋ ŋ a w o o
ɔ d ɔ k a g
o e b a a p i s h h ɔ ɔ
t s ɔ e
b ɛ ɛ e
a a ŋ a a a j o a b a
ŋ k o ŋ g a g b ŋ f o
o t b a a a
n y ŋ f o ŋ d i
a t a ɔ s e l k a t e s h w a
ŋ s a t e b i s w a
s i n e j i a a n
ɛ m ɔ h w i
j a i n e
f a a o
j a a w ɔ ɔ l ɔ m
h ɔ ɔ o
k o t k t a w k
a a j e
ɛ t ɛ o w ɔ d i
a a j a a k i
g b i e a s h i ɛ k
ŋ t a ɔ
ɔ l ɔ ɔ e e e
t s w e h w i e
t a e
ɔ d ɔ ŋ k a e s i n k
ŋ n u t s w k
a a h t a n y i e
a a j o
w ɔ a a t u
s ɛ w o ɔ m ɔ a k a e
s e e
i ɛ k b ɛ ɛ o t a e b a a a
t s u o w o i a e
ŋ w i k p ɛ ɛ
ŋ k u l ɛ m e k u
ŋ t w o s e d ɔ a h a
ŋ k p s h i
i ɛ e ŋ k o a
o s o b a k
k ɔ ɔ h i k
i k a t s n
w i e e s w b i k y e e
h ɔ u k o w o t e e o
w a ŋ w i
a t s m
o k o s e l k
k p a b o
y a k s ɛ k a s a a k f
a b o p a y i ɛ o
ŋ k a a a j
ŋ s h w ɔ e
t s ɛ
ŋ j n u k a s
ŋ f o
a a t ɛ d a a
s e k w ɔ l m
k a f e a a w s t s t a k
o e e o k h w i e a b i
a g b ɛ
a k a o n y i u u e
ɛ m ɔ l s o k y ɛ e ɔ k o
t a e d ɔ i
ŋ s h s ɛ k
ŋ w o o w ɔ d
ŋ k a k ɔ e l ɛ m
ŋ b ɛ t s ɔ
e l e k o t k ŋ g b a a n y
o k o s e e
a m s w a b a a o
a i s i n h ɔ ɔ e ŋ s h i
d a k
m ɔ k a a s a s w a o i a e
g b i ɔ i e
ɛ t ɛ e a a t
n y i k
s w a k ɔ ɔ k
a a
k ɔ ŋ y e
ŋ y ɛ a a b ɛ d ɔ i e
j o o o
i s h i k ɔ e u u
w ɔ d
ŋ s h i
ɔ m n a a w ɔ
t s a m a a o o t
a f
l a ŋ m ɔ k u u k
s e l k f o ŋ l ɛ
w a ŋ a e w ɔ k
f ɔ e ŋ y ŋ m ɔ ɔ m ɔ o
b a a ɔ a j o w ɔ d i ŋ k w
s ɔ
h a m k y a k
n u u o s ɛ m e h a k
ŋ k w a a b ɛ i e k
ŋ w o o
a h a j o o j o o o
ŋ l ɛ ɔ s w a o t u u
ŋ k a o p ɛ t a a ŋ a
ŋ s h ŋ w o o
o e ŋ k a o a f o o
a a w d
ɔ ɔ t s w a a i k t s i e
g b a l a b a a o
ɔ m ɔ o w o
i a k b i k g b o o
a k ɔ a ŋ m ɛ m ɔ e
ŋ b l a w o ɛ t ɛ e
ɔ ɔ k s ɛ
a f o k ɔ ɔ o
a ŋ m a f a k a i
ŋ j i o k o
e l b a a w s ɛ k a a s w
ŋ g b a k ɔ ɔ o
t ɛ g b o a n a s w a
ŋ t s ɔ d i k e n a
ɛ ɛ e
a a l s o k
ŋ j d a d i a b i
ɔ ɔ a w i
b l a b i e e k k p a d
ŋ n a
y a ɔ m ɔ e
a f ɔ a a k f
a b a ŋ w ɔ ɔ d a a o
a n a
ŋ ŋ m ɔ w ɔ d i
g b l k d u k ŋ y e b a a a
o s ŋ k w g b o o
ŋ d i i t e y i ɛ a a w d
j o i e e a s
s e l e ŋ t u
ɛ ɛ e a a k ɛ a l
w o k
w o s u u k
a d i i g b l e
o o k a a y a y ɛ
w a k a b a a g b a
b a a y ŋ b a n u a a n
b a a h a w a a w i ŋ m a
o s o e l ɔ m ɛ t
w o s e b ɛ
b a a l
ɔ d ɔ e
a y ɛ ŋ d ɔ k o ŋ g b a
a a l m k u e ɛ e e l ɔ
ŋ d a m ɛ t ɛ a a j e
k a i
o t k i e ŋ s h m
ŋ y ɛ n u u k a g
k a i o
a a j a j u b a a ɔ
a ŋ m
a s h m
t s a a d i
w o ŋ d i a a j a s e e
a s a e a a h
b ɛ
i k i ŋ y a h a m k
w o s e
w ɔ d i k i e
n e t s ɔ o o e
p a ŋ k a o t a e
a a s w l e ɛ t h ɔ ɔ
p ɛ t
a s a t e e e s u
t a e
n u u e a l ɛ ɔ
h w i y i ɛ e
u e e ɔ i e a a t w
y e e w o s
h a
f ɔ k ŋ t a a k p s
w a e ɔ m ɔ e t a e d ɔ i e
ŋ w o o a h ɔ i a e b i e
k ɔ k a a ŋ ɔ l ɛ m k a a t a
ɔ d ɔ ŋ w i i ɛ k
a a e b a a h
g b o e ŋ t s a ɔ d ɔ e
t s i e a ŋ m a
a t e j u t s ɔ e
a a w l i k o a a
o e e a s a o a a k ɔ
t ɛ e w ɔ e
a a k s
y i ɛ
a a t ɛ
s i l ɛ k w ɛ ŋ b l
a l a y ɛ
s h a e l ɛ k j o o
k a i t e e
d a l a
l e e
ɛ ɛ k a y a k ɔ k ɛ e s o
p ɛ i n e e ɛ k u k o
t s w e a j i
a a k s
i k i e y a n a e
a m ɔ o t s w e
ŋ m ɔ a k w d a a e f a a e
d i k k h i k
b a k a a w d t s a
k a f k t s a o w ɔ d
w o s s ɔ
g b i e w i a o
n u u o
t s i s ɛ m e w a a
b i e b a a ɔ i k i e
s u k a a w d s ɛ m
o t a i k o b i k a a t u
i k i e
ŋ ŋ m a
a f o e h ɔ ɔ e a a t ɛ
k i e w i a o
ŋ d i s h n u h a m k
ŋ b l a k b i a a s w
o s o t s ɔ k
ŋ t s t ɛ f ɔ k u e
ŋ b i h ɔ ɔ b a a m m a a o
k a f k t a k h a m
o t
a a t ɔ
a y a ŋ s h d i ɛ e e
a w ɔ t u u e t u u o
t s a t s a e a f o e
ŋ s i k i e
ŋ m ɔ a a w s
i a e l l ɛ ŋ ŋ m a
b ɛ ɛ o ŋ h
ŋ n p ɛ a y e w ɔ
ŋ k p s n u u e a k a
d a e ŋ ŋ m a
b l ɛ e a i u e j o o o
a a g b a a ɔ o s a a k f
s w a k
a d ŋ w s ɔ ɔ o
d u k ɔ u e
k a i
ŋ t m ɔ ɔ o l ɛ l a e
n e k s u h a e
b a a e
w i d a a o
k u m ɔ ɔ o a a e a t s a
a s a
j u k a n u a a g i
a d d a ɔ ɔ ŋ t
a a t i
j a a e k a f e ɔ m ɔ
y e a k n y i k k a i o
ɛ t ɛ o w i a e a a g o
a t s j o o e l e o
a d i i s w a e a w
ɔ ɔ k l ɔ s h a l ɛ m e
b l a o
a a n i e k
i n e o g b o o b a e
ŋ a e
a a b ɛ ŋ m ɔ e
m ɔ k
ŋ d i n u u o ɛ m ɔ o
h ɔ ɔ
m a a e d i ɛ m ɔ
w i a e k a i e ŋ k p s
y i a a j a a j o k a f
e e a w o
d i k k
b l ɛ t s ɛ o k a s k
a g b t s u o
a a s a a l ɛ ɔ
a a w d t a w a a j e
k a f ŋ k p s s w
a s e e b i t u u e k u
f a a e a j i s e l
w ɛ e
b a e ɔ m ɔ n u u o
u u p a s k
s o w i
e e e a m a k p t
a a j a s w a k
h w i h h w i h
a f o h w a a t i a a g i
b a a
i k i e h w i k
ŋ m a a t i
a t a ɔ ŋ s k a f s h w a
n y i k i e e
s o k ŋ ŋ m a
g b i o d ɔ i a a t ɔ
a m ɛ t ɛ e a m ɔ a w o o
k a s k h ɔ
d ɔ i e u e e ɛ t ŋ a
o k w ɔ d i
s e e a a j e a t s
ŋ k a o a a ŋ a o t a h i e
ŋ m ɔ k a f
o s o e a n a ɔ m ɔ e
ŋ k o a l e ɔ m ɔ e
t ɛ w i e e g b o o
t s ɛ e
t s a e k p a
a t a k o t p a a j a
a w ɔ o
b a a l
ŋ k w ɔ l w ɔ l
a ŋ a n u p ɛ t e a a d
a t e a a d y e e
h a m e
a d i i a a s t s a e
a s h m w o
a a k ŋ w ɔ ɔ
s o e n u u o k a i e
p ɛ t s ɔ
a w ɔ ɔ j a o k o a y a
a f o ŋ m ɔ e
s w a k l ɔ m e
y e k a s a b l ɛ k o
ŋ s h m a y ɛ
g b i e o t a l ɛ m e
s ɔ ɔ o a f ɔ ŋ t a j i
n u u a d i i h i e a h i
s ɔ b ɛ e k k a i e y i
l a e
ŋ d u
a j o ŋ s h
ŋ s h
b a a e a k p b l ɛ o
e l e e
s u k s ɛ
s h a e ŋ k w t u u
w i s w a h ɔ
a t e o s o e
d i k e ɛ m ɔ e ŋ n t s u
d u a a d k h ɔ ɔ e
w i a o e ŋ m a e
a l ɛ ɔ
p a d i k e
k i k s a k b a a w k p ɛ ɛ
ŋ w a d u k o e a b
a a e f o e
ɔ d ɔ e a e
a a s a
w i e o e ɔ l ɔ
a a ŋ ɔ ŋ b i u u
a h ɔ h w i
w ɔ d i
j o o h w i e
d a k o s o e a a t i h ɔ ɔ e
a g b a a a s w s e h a m
o t a e k ɔ
n u u o a a n u
j i a h a
a b j i e
f ɔ e w ɛ e j i e
a k a e ŋ t a d a a e
o t a e t s u e a d u
a a f a
ŋ m a
a a s l a k w i e e d ɔ i e
a b i k w ɛ ŋ m ɔ o
h i k d a a
k w b o e
b o k i e e
ŋ ŋ p a s e n e k a a t
a a k i
e l e e o t a
ŋ k o a ŋ k a
t s a a k s
t a e t s w k y ɛ e ŋ b i
e e k a f
a b i a w o a d i i a w o
k i k a k a o b i e h w i h
a f o e w i s h a ɔ ɔ d
n a a a t u
ŋ m a e
a a h ɔ k ɔ
i s h i
s a ŋ k p d a s u e
d u e ɔ ɔ k i n e e
h a e j a w a a o
a a g i a a w e l ɛ m
y ɛ k a a
a e ŋ g b ɛ a a k a
k p a a h a e
s i n a a f a a w o o
a y ɛ k p a a ŋ m ɔ
b a a y f ɔ a a l m
d i k m ɔ e
ŋ n y a a k s m a a o
b ɛ ŋ ŋ m ɔ n a k a a t ɔ
t a ŋ s l e k
t a w k o o k a a t e a n u
n u u t s w k i n
ŋ k a b a a w a t a s w a
ŋ a e d i
a a l m m ɔ ɔ o a s a e
i ɛ ɛ ɛ a s e o a j i
w ɛ e b a a ɔ o k
a a b ɛ y ɛ l ɔ m k
b l a o a j a ŋ a e l a
ŋ g b a h i k i e a a k ɛ
ŋ b o
o e y i ɛ e
a a h l ɛ m s ɛ m k j a a o
a j a a k f u u k
ŋ w i
ŋ t s a
s u n a e ɔ m ɔ e ŋ b ɛ
a a s a w o e
a y y i ɛ e ŋ k a e ŋ k o a
ŋ w ɔ t s w a a n u
a k ɔ ŋ y ɛ a g b a
h w i
ŋ n y ɛ a w o a b i
h ɔ ɔ s w e l e o ŋ w ɔ ɔ
ŋ f ɔ
g b l t s i e
o k ɔ i k a a s w
p ɛ ɔ ɔ e ŋ m a k j i e e
f a o s o i e
a t a a a n u
t ɛ a a y a s h i
t ɛ k l ɔ a g b
i k i e t u a k t s w k
ŋ j i a a a w ɔ e
ŋ h ɔ a t u ɛ m b o
t u u o ɛ e e
w ɔ k b a a p
h a e ŋ w ɔ ŋ s h
a a k i j a a o y ɛ k
a b o a ŋ a t s m
f o e f ɔ e ŋ t s
t s w s ɛ m k w i s
b a a ɛ ɔ d ɔ k
a y ɛ k p
a f a h ɔ ɔ e w i a e
ŋ s e e ɛ e a w o ŋ b o
ŋ f ɔ
k o t ŋ a e a a l m
w o k o t a i a k a a k t
u e e ŋ k a i a k f a a o
h a e w o s e
j u e
a k a e a n u t u d a k
ɛ k a t s n
l ɔ m e f a a o l ɔ m e
ŋ f a k o i e l e e a a h ɔ
ŋ l ɛ ɔ
w ɔ
j u a m ɔ e
j o o b a a l ŋ f o i e e
a f ɔ b ɛ ɛ e
ɔ ɔ e ŋ ŋ a a a d k
t s ɔ w ɛ ɔ m ŋ k o
a g b i e k ŋ m a
s e k o t e o t a e
s e a i e
h ɔ ɔ o
w o s k k o t e t s w a
o o y e k a n y ɛ a l a
ŋ a
ŋ y e h a m k ŋ m ɔ e
a s a o p a s e
t u u o
k p a ɔ k
u k o
d a a o j u k a k w
b a a y
b a e
h a m k
ɔ m t e e o a a t i ŋ m ɔ e
l ɔ m e b l a f ɔ
a g b a t a ɔ b i e
s e e a b a w ɔ ɔ a ŋ m
l ɛ m t s ɛ ɔ a a k ɛ a b
b a k ŋ w o o s h a e
b i k
k a f a b i ɔ e a a j a
b a a h u k o s h w a d a a e
s o a d u
m a a e a s b a a i t ɛ
a l ɛ
ŋ t a t s w e
a a l b i e s ɛ e
ŋ y a
ŋ w t s i e o o e
ŋ k o a d u d i k e
w a a h i k ŋ w i a y
ŋ n a ŋ m w ɔ d h a m
m ɔ ŋ j i
b l a e b a a i
a j n y i k
a y
b a a i
a a w d
a a t a t a e y i ɛ e
l ɛ m e a s a e a k a e
s ɛ e a k p t n e k
a i ŋ k o b ɛ ɛ o
y i ɛ o w i k p ɛ ɛ
a n y ŋ y ɛ l a k w o e
a a w d
ŋ ŋ m
ŋ t a ŋ l ɛ
b l t u s h w a
b o k a g b a s e
y i
o s o o w i s a ŋ a
a t s ɔ
ŋ f o a n y ɛ n u u
s ɛ a w ɔ ɔ m a a e
a a e b l ɛ o
ŋ k a
ŋ y e
b o ŋ t e
ɛ m ɔ e
ŋ b ɛ k a i e
a b a l ɛ e
k ɔ ɔ e
d a a a k t
ŋ k w o s e
t s ɛ e y ɛ e
a e e ŋ y p ɛ t k j u k
p ɛ t k a n ɔ l ɔ ɔ
k u e
ɔ d ɔ k ŋ t u
ŋ m a d a a o s ɛ m e y e
a a t ɔ e l e
y ɛ ŋ j i
e e a s e o
a k o a a s a a w i ŋ ŋ m ɔ
k ɔ ɔ o a j o a s h i ŋ a
ŋ s a n y a k p
u e a g b ɛ a b l k u
a a t a w ɔ l
a a s a s e f a o e a a k
d i k e ŋ b i b a a e
h i e g b o o t s a o
a a f
s u w o e ɛ e e
s e e a k u ɔ m ɔ e
t s ɛ ŋ n u a l ɛ a d u
a y d i k k o s o o
k p a a d a e
e l e e
a a j t s w a
w ɛ e e e k l e
j a ŋ b l ŋ b
u e e l ɔ m b ɛ s a e
t s ɛ ɔ a j u
a k p s j i e e
t a w k a w ɔ ɔ a a j
k a s e ɔ m ɔ
a y a h a m k a s a
g b l e a ŋ m ɔ
a ŋ w ɔ d
a k w a t s n t u u o
d u k l ɔ a s h m
ŋ b s w b a a a
h w a w i
ɛ ɛ e e l e e
ŋ k p t ŋ s h a y ɛ y ɛ
s a ŋ t s ɔ
g b o b i n u u e k p ɛ
a s a h b l a e t s i a k p s
a a f a ŋ k a k a f e
i ɛ s w a s h w s k o t
d u k w a k a y e b a a s
i s h
s u e s h a ɔ
k ɔ n u u b a a l
l a a n a a k a o s o b a a b
g b o w o s
l e k a a h ɔ
a a n a i i k i o
a a n
ɔ l ɔ ŋ g b a k u ŋ b i
k u e t s w e e e e
w ɔ e b a a l o t a e
j i e k ɔ ɔ s ɛ k
s o k a k ɔ b a a a
a a e ɛ t k ɔ k
l e e d u e h i l ɛ m e
ŋ h a ɔ d a f ɔ
w o s k ŋ b o
b a a i a ŋ m a a g b a
a i ɛ ɛ k
w i e o ɔ i k s w a
a a b
h ɔ ɔ e
p ɛ
n u u e ŋ n y ɛ y i
a s h k w w o s k
w ɛ e g b i e a w a
a t a ɔ a a g i
ŋ k p s ŋ d u f o e
w a e a g b w a a o
ŋ k ŋ k w
ŋ ŋ m l a a a k t ŋ a
j a ɛ ɛ k k p ɛ ɛ
t u s w a o
s ɛ e h a e h w i k i a k
h w i ŋ k p s a f ɔ k a i o
ɔ m ɔ e f a a w ɔ e
w a a e
ŋ t s n h i k n y i k
a k ɔ a a k ɛ b a a i
ŋ b a
ŋ s e w ɔ k
t e e o f ɔ e ŋ s h l ɛ k
a a l m e l e k a i o
ŋ m a w i e o t s a o
j o o ŋ m a k
a a t ɛ d u
k ɔ ɔ e t e e o s o e
y i ɛ
s e l k ŋ t a ɔ a s t ɛ e
ŋ ŋ m a a n y ɛ
i n e o s h a ɔ b a a e
i e k e k b o o o e
i s h i b l a f o o
k w f o e a y ŋ k p
b a a i l ɛ m e
s ɛ e a a d k m a k ɔ ɔ e
s e l k a b a n y i k s i n
ŋ t s h a m k
a k w i n e
k u a a b k a i
h i a f o o ŋ l ɛ
a a b f ɔ
a w ɔ e ŋ y e
t u u e a j o ŋ y ɛ s ɔ ɔ o
b a a ɛ a k o a s h p ɛ t e
w i s t s w e t s u o
a a w a s h i u u e
ŋ y e k u k k a f e
a a w d h i e l ɛ m s e l
e l e l a w ɔ ɔ i k
j u k l a i k i
a f t e e j a a
ŋ t s n
k ɔ ɔ e ɔ e e
ŋ s e n e p ɛ t e w a k
ɔ e e
a j o
p a s e h a k ŋ h o t ŋ t a ɔ
a w ɔ o b l ɛ e a t s ɔ
a w ɔ ɔ
n y i k
ŋ t s n
b a a a d ɔ b o e ŋ l ɛ ɔ
ŋ k p b l ɛ e
ŋ g b a w i i s h i o s o e
m a a o t s w e
k w a a k ɛ
j i e e a f o o a t e
l ɛ e a f ɔ t s w k
a a d k
a b a s ɔ ɔ e i ɛ k a a n u
b a h w
j a a e j i a h i d a k
w o s e
ŋ m ɔ o h ɔ l ɛ m e
y i ɛ w ɔ ŋ t s l ɛ m e
t s u o f o e a b o
j i e o t s ɔ k
a n y
s ɛ e k o t e
w ɔ l a d a a a h ŋ w i
ɔ m i e e
ɛ k ŋ t s ɔ g b o
ŋ a a m a a w s
a a h ɔ ɔ i k
a g a a b ɛ
h w t u n y i k
h w i e b a e
a t s s o j u e
t s w a
a k o a i a k ŋ k ɔ ŋ w
o t a e a y
ɔ k o a w i k w ɛ o
b o j o
ŋ k p a b o k p e l a a t ɔ
ŋ b i a t a ɔ
o e e t s i a a k s d a a e
j a a
p a b a a p b ɛ ɛ e
f o e ŋ t a ɔ ŋ g b a k p a a
l ɛ m k s e e e e e
i a e i s
ŋ k u ŋ ŋ ɔ m ɔ o
w ɔ l m a ŋ a
g b i o g b l a n u
y ɛ ɔ i k y ɛ i n e e
a d a ŋ b i b a a h
a k o a b l ɛ e ŋ k p
l ɔ m e t s u e b a a h
u k ŋ b o
y ɛ e a h i i n e e p a
ŋ k a o
t e a a k ɛ a ŋ m a
o s o o a f o e ŋ ŋ m ɔ
a l ɛ y i a w ɔ t s ɔ
ɛ ɛ e s h w a
b a a s ŋ m ɔ o
i k i
b a a b ŋ k a o b a a m
j a a
i ɛ k a a k t
t ɛ ɔ l ŋ y e a i k
ŋ w o o
a a f
a n y ɛ a a k t
e e a a t ɛ
s o k ɔ m ɔ e
k o t k ŋ t a ɔ
i ɛ k a s a o s h a ŋ ŋ m
i n e s a ŋ j
d i k k
a a g b k w a g b ɛ b ɛ
l ɛ k
o s l ɛ m e w a a
n u a a w s
a a w e
s i n e l e k t s ɔ e
u k ŋ t e b a a l
a t s ɔ t u
h i t s i
l a k a h
k ɔ ɔ o h a
t a e b a a u
ŋ m ɔ o
ŋ k a a s w j a a o k o t k
w a k j o o e a f o s i n
k a a a k ɛ s i n
a a b k ɔ e
ŋ s h m ŋ j a t s w a
ŋ d i ɛ m g b i y i ɛ o
ŋ k ɔ b l a o b a a
s e k f ɔ k a a g
s o a w a
a k a ŋ n y a m ɔ e
ɔ d s o
h a m e l a e a a g o
a w a l ɔ m
ɔ m ɔ e a a s
a k o b l ɛ s w a o k i k
h w i e ŋ f ɔ t s w e
s e e t e e o ŋ f o
s e l e a h ɔ ɔ m ɔ
i s h ŋ f ɔ t ɛ k
a l ɛ ɔ w a e ŋ m ɔ
w o e
s h a ɔ i a e
ɛ m ɔ h ɔ ɔ k o s e l k
j a a e e k
ɛ k o d ɔ ɛ k o
s h w s ɔ i g b l k ŋ w o
a s h i s h a e
t u u e b a a i y i ɛ o
ɔ ɔ e
w a a o a k ɔ ŋ k o ŋ s e e
b ɛ ɛ e i s h i s ɛ m k
k w ɛ w i ŋ ŋ m ɔ s w a e
k a s k
y i ɛ o ŋ k ɔ ɔ l
s h a y ɛ k
y e ŋ k a ɛ t ɛ
h a m ŋ m ɔ k
a a n i s ɛ m k
b ɛ o e e
t ɛ k
k a i e
ŋ f o k i k ŋ k
ŋ l s i n ŋ s
ŋ ŋ m ɔ
l ɛ m d u e n a e s h s h a ɔ
t s w e
a i e a t s m
i a k j o o o
u e e a f a a w e a a t u
ŋ ŋ a ŋ d a b ɛ a a s a
l ɛ m k d a a o a e t s w a
a a ŋ ɔ a a j s w a w a a
n y d a a o
ŋ l ɔ d ɔ e
s ɔ a w ɔ e ŋ m ɔ e
a n u
j a a o a a n i
j a a a t w
ŋ d u ŋ j o e e e
h w i k w ɔ k a a k s
s o e
s e e i s h b l ɛ e
i ɛ k y ɛ k ɔ d ɔ p ɛ t
s h a ɔ e e d i k e
p ɛ t k j o s ɔ ɔ w o s
t s u o l a e
e l e e s o ŋ k a a s a f o o
a k ɔ
a a w d a a f a
a w i
b a a l ŋ l a a f k w ɛ o
w a
a a l m l e ŋ ŋ m a
ɛ t ɛ e
ɔ l s a e a k a o
s i u e e a f
a a l m
a a ŋ ɔ a i b a e j o
ɔ d ɔ g b l
a n y
k p
a w o o t u u o
w i e e
k a
a d i s u
a g b ɛ p a s t s ɛ e y e e
w i s a a t ɛ ɛ ɛ
b a a w
ŋ k a e o k e e k
ŋ w ɔ ɔ y i ɛ e l ɛ k
a k p t ŋ t s s a
ŋ k a ŋ m ɔ e l ɛ k
w o s e a a t w
a s e d a a o
s e l t s w a p ɛ t k
f ɔ n y i
a a h ɔ a t s n a a d k
y e k ŋ k o
ŋ d a y a b l n u u
e e e e l k a f k
k a s
k a f k h a m e u u e
a t s ɔ
a a j o
a s h i a h a
ŋ l ɛ y ɛ k
m ɔ ɔ o ɛ t ɛ e
k a i p ɛ t k e e k a b o
o t a
ŋ h i a s h m d a e ŋ a
ŋ g b w i e o
a g b a
ɛ m ŋ s h k w ɛ o t ɛ k
d a e ŋ t u a h a t s a
b a a h y a e
o e e ɛ t ɛ e b ɛ ɛ o
g b l
a k a
b a a b b ɛ ɛ m a a o l e e
p a s e ɔ d
f o e
s e k ŋ n y ɛ
j o s i n k ŋ t
a t s a a k a o ŋ t s n
h w i e
o t a e l ɔ m b a a m
o e e a a t f o k
t ɛ k t ɛ
k a f k s h ɔ l ɔ l e a ŋ a
w ɔ k a t s m g b i p ɛ t e
k w ɛ o
l e k s ɛ m
y ɛ a b ɛ
w ɔ e ŋ t a ɔ y e e ŋ t
ŋ m ɔ
a w
a k a o
ŋ y ɛ d ɔ i o b a a a a n
a m ɔ h a a s d i k e
p ɛ t k a k o l ɔ m e
f a h ɔ ɔ e
a a d a k o t k ɛ t
ŋ n y o k
ŋ ŋ m ɔ y e s ɛ e
ŋ j a i ɛ e
m ɔ ɔ e
s ɛ e i e k t s ɛ
d i k k ŋ k o t s i
k a f k d u e
h ɔ ɔ e ŋ m a e ɔ ɔ i a
k a i b ɛ ɛ
ŋ t a ɔ
ŋ t s ɔ
k p a s w a e ŋ g b a
k ɔ w a e
ŋ t s h w i
a e e j o n y
a e e e e e ŋ k a a h a
ŋ b l a l ɛ ɔ
b a a a
n e a y a
w a a o t s w
a ŋ a k a o b a a a
d i k
p a s a a l m
a d i s ɛ m e
a t a ɛ ɛ e i s
ŋ h a a g
b a a i
a s h m a a l ŋ s e ŋ w ɔ ɔ
ɛ t ɛ e
b a a
t s a e
k w ɛ a k p s a k a o
p a s e
ŋ b k w ɛ e
a a d k
a a e a a t u o o k w o k
n e k e e k
a a k ɛ t t e e o
a a k a m ɔ o h a m p ɛ t e
k u a l ɛ ɔ
d u k a g b ɛ
m ɔ k ŋ j u a h ɔ
e e e y ɛ e
o t a e
s h w a
w i s l a e
ŋ y a o k o b i l ɛ
e l w o s w o s e
a n y a k a
g b o e ŋ g
a s ɔ l b o k m ɔ e f ɔ k
k w ɛ o u u
ŋ g b ɛ
n u u o ŋ ŋ m o e
a a g o a k a ŋ s h s e e
a k p p ɛ t k
a e e a a g l s i n e
s ɛ e l e k t s ɛ o
i k i o
a a g o k u k
w ɛ
k w o k o
n e h a a a g o k o t e
ɔ e k p a j o o e
y ɛ a m t s u
a a g o
b l a o k a i s u e
b l ɛ e g b i s ɛ m e a a d
ŋ ŋ a
w a k b ɛ a a b ɛ a t u
s h a ŋ w o y i ɛ o h a m e
g b o a w ɔ ɔ t s ɛ ɔ
ŋ g b n u ɔ ɔ k t ɛ e
f ɔ k k u n e e
ŋ m a j o o e g b i e
ŋ t s n y f ɔ k
d i k s w a k ɔ i k
a a g o n e k
s ɔ a a ŋ a n y j o o o
a s e ɔ i e a k u
i k i k o
w i a s o e
ŋ d b a a i s h a ɔ
ɔ ɔ k j u a i k a a k ɔ
w ɛ h w i h
l a k a i e b a a e ŋ k w
h ɔ o k o ɔ l ɔ ɔ
a s a e ŋ j
a j o w i e o
y ɛ ŋ a k a b l
a a b s e a k a
ŋ y
w ɛ k ɔ e m a a o
ɛ k o a k p t
l ɔ m k j i e k a f
o t a e
y e n y i
a t s ɔ ɔ e i s
s a k p a s
k o t e ɔ d ɔ
a s a o ɔ i k f a a e a f
w ɛ k p a a a s e o i ɛ e
k a i e w ɔ d a ŋ o s o e
y e g b o a b i
h w i k t u u o ɛ t ɛ
j o o
b a a p ŋ w o a a k ɔ
a a d a a t a
t s ɔ k w ɔ l
a f ɔ
a s a e a a
ŋ y a h ɔ ɔ o ŋ g b a
s h w i ɛ e ŋ k a o
i k o ŋ n a s a e
d i k e p ɛ t n y i
j u k
e l e ŋ k u n y i a k u
a d i m ɔ ɔ o
a a w e ŋ n a a s a
g b o
a a d a
a ŋ o o k
a w ɔ b a a ɔ
a a t a
g b a t u a j t s w k
a k o ŋ j a
ŋ s e k a f e
ŋ l ɛ a g a ŋ m ɔ
a s a o k a
a a n b l ɛ o s h a ɔ h a m e
ŋ s h y i ɛ
b o k
s ɛ k w ɔ d i
ŋ m ɔ ŋ w ɔ
a f a k ɔ ɔ o
ɔ m ɔ
ŋ m a k k o a k o a
b a k ɔ l ɔ t s i ŋ d i
a a k t o k w a a i k i
ŋ t u t s a y ɛ e
k a s s e l s h ŋ f a
ŋ w a a ŋ a
n y i ŋ g
u k p a t s w k
e l e e a a h
a k a e d a a f o o
n y i k
ŋ w a w ɔ d
ŋ j s h a l ɔ m k j u k
w i a e ŋ d i
a a w s a l ɛ ɔ k a f
d ɔ i s w y a e m ɔ ɔ e
ŋ t s p a s e y i
e e e l a e
ŋ g b a ŋ t s b l a e
a j a ɔ m ɔ o
t a k
f a a o a n k ɔ
h w i k w i a e a a g l
s ɛ e h w a d b a a p
b l s h a o a s a e
w i s a a k t b i e
d a a e ɛ e b a a a w i s
b i e
h w i e h ɔ y a b a a m
a k w a e
b i k
a b ŋ b l ŋ j i a d j u k
a a n i y e
a k w a a h
i e e f a a o k ɔ k s e l k
a f o e ŋ n a b a a ɔ
ɔ ɔ
a y ŋ b o n e e w a
t a p ɛ m a a e
b a a a b a a s t a f a
a j u a w ɔ o
a j i
i a ɛ ɛ k
a w o o
f o e
t s a o a a t ɔ
e l w o e s ɛ m
a a n u f o e
ŋ n a a a s l
a a k d u a a s
ŋ k w a j o k o
a m b ɛ ɛ p a k i e d a a o
o s o e s ɔ
t a k w ɛ ŋ j u e l e e
w o k o e e i ɛ e
a y ɛ u e e t a e ɔ d ɔ e
l ɛ m k d u ɔ ɔ e
ŋ n a b a a i
w i e o
d i k a s a b a a n i ŋ ŋ a
ɔ m ɔ o a t a ɔ
l a ŋ j i ŋ w i k i e
ŋ j a a w o o h a m k
a a d a i n e o h w o o
b a a p
s e l e
ŋ l ɛ ɔ m ɔ ɔ o
a a l m
w ɛ ŋ t a
o e e b a a u
a s a o
ŋ y e k w ɛ o
a a k t
a k a e ɛ k o
w o e a a l m
d i k k s o k
b a a i t ɛ e b l a e
ɛ t ɛ k a s k w o s
a a k i t s ɔ s e e s i n
p ɛ t k s u k
b a ŋ t e ɛ e t s a e
m ɔ ɔ e d i k t a w
a t s ɔ f ɔ i n e a i e
ɛ t ɛ o
a a g l b a a h
a i k o s o e u e
w a a e d ɔ i a i e
a i k b ɛ ɛ
l ɛ a g b a t u u o w ɛ e
ŋ s e f a a o a j u b a k
ɛ t ɛ o s w a k s w a k
ɛ m ŋ m ɔ e s a e a e e
t e b a a u
s e ŋ t ŋ t u
a a t i h i k
b a a l
s o k u e t a e a k p
ɔ e e k i e t ɛ k a w a
d a a h a s ɔ ɔ e
a a g a a n u a w o
ŋ t e k a i
ɔ m a w ɔ ŋ j ŋ t a g b ɛ
y e k ɛ ɛ k
h ɔ ɔ e a a k a g b i e
ŋ m ɔ o
ɔ e a h a
ɔ i e p a s k ɔ e y i ɛ
t s ɛ o w a k t e e e ɛ k o
s h a t ɛ k k i
w ɛ e
s w a ɔ l ɔ ɔ a d a a i e
k o s w a k b l ɛ o a a ŋ a
s ɔ ɔ l a ŋ n y ɛ
l a k p ɛ o e ŋ n y
i ɛ e a k p
n e k
a s h a h i
t s w ŋ ŋ m n y i k ŋ k a o
a a j e
u u k b ɛ ɛ
a g
y ɛ e
l e u e e a m
a a t u ŋ j u
a ŋ a b ɛ ɛ e
y a a a b ɛ k u e ŋ d i
a a h
a w ɔ o
ŋ b k i s ɔ
o t a t s ɔ
i ɛ e a s e o
ŋ l t s ɛ m ɔ b ɛ ɛ o
s ɛ m k a a f a w ɔ o a w ɔ e
y i ɛ o a i e a t e
m a a w i s w
b i e j i e e k
a g
d i k e b a a s
k o p ɛ t e s o
b o e a a ŋ
a a k ɛ ŋ m ɔ e
ŋ n u a t e a s a o
w i a a y p ɛ t k
n e k a f o a a g l
a a l m
j o y a a a f a j a a o
ɛ m ɔ
a j b a a ɔ k i e e
y e k p a s k
ɛ ɛ k b l ɛ
a a j a n u u e p ɛ
a a k s ɔ i e
t s i e t e s i d a a
d u k
t s a o w i s
w i e l ɛ e
a a w d i e e b l ɛ
i n e o w o a n y ɛ n a k
ŋ n u
s ɛ
d ɔ i s u f a a e k b a
d a k w ɛ e
ŋ w o a y a a a t ɔ s e l k
o s o j a a e w i a e
a w o o b a a b ŋ k o a
k w ɛ o
t ɛ e u k o
ŋ n ŋ a s ɛ m k
a d i i ŋ j o k a ŋ y ɛ
u e e a j o i a w ɔ e
ŋ ŋ m a
k p ɛ l ɔ k u i n e o
ŋ j a
s a k w a a o w i a o ŋ s e e
i ɛ
l e e ŋ n
a a k ɔ s h a w ɔ l
k o t
i a t s ɔ e e l g b i e
n y ŋ k o a a t a
s a k a a ŋ ɔ a a g i
n u u s h k ɔ e
s e k w ŋ k ɔ
a m b l ɛ o ŋ s e s i
d u e t e e
s e l ɛ ɛ
b a a p t a w o k a a w e
i s
k i k l ɔ m k
a k p t w ɛ s w a e a b a
s e l e k ɔ e f a a
h a a i a s e o a h
w i s w ŋ m a k s e l e
a t a ɔ
a b a a k a a a j t s w e
d ɔ i e
g b o
b a a l a s h
h ɔ o o e
b l ɛ e y a k
w i a
a a t b i k ŋ t s a
s h a
o t a e d a k
a j o
t s ɔ w o s e s ɛ m ɔ d ɔ e
a a d k
s h a e i k i ɛ e
b l a e ɛ ɛ k
t u u o b a a e a a
b a a a ŋ ɔ
k ɔ ɔ o t a e
ŋ w a d a a o i ɛ k
a a k i
a w ɔ a a l
b a a o k w ɛ s h a ŋ m
a j o b ɛ ɛ e a n u
j u e w a k ŋ s h m ŋ j a
n u u o n a e y e a a j
a b i a a d k ɔ i e
ŋ j o a a s a a a t k a i
a m ɔ o ɔ m ɔ e l e ŋ j
a a k ɔ s ɛ m
s i n e d a a e k a f e
ŋ f s a e a g b a w i a o
k o t k ŋ t s ɔ
a k ɔ
a a s a d u
n y k p a a h i t s s e l k
a a ŋ a u k b a a m
a a a t s a s e e b l ɛ o
ɔ m
j a u e e p ɛ ŋ m ɔ k
t a w k w ɛ e
t s a
t s ɛ l a e
t ɛ e h i a a w
l a a a f a s a k
l ɛ e w i a p ɛ
k o t e a f a
ɔ e e t e k ɔ ɔ e w ɔ k
a t a ɔ s i n e
w o k h a e k a i o s h w a
o k o ŋ s h i n y i
j i e s w a e
a b a y e ŋ y i n e o h ɔ ɔ
a a j o a t a
ŋ k b a k
i ɛ k
ŋ t s a t s ɔ k b o k
ŋ k ɔ k ɔ e
a a t ɔ b a a k w
t s w k
a y n a k a s k
s h a ŋ d i i a f o e
y a e a b k a
a f ɔ e e f ɔ e
t s ɛ e n y i e
a h ɔ t s i
s w a k t s ɛ e ŋ ŋ
a y e w a a o a a k s
h w i h
t s i
ɔ i d a a e ŋ n a ŋ j u
n e e l ɛ m h i k s a k
a s a o t s ɛ e u u ŋ t s m
y ɛ e ŋ k p s e e
s e l e a t a ɔ k o
a g w o a a y ŋ g b ɛ
s ɛ m k a a w
w ɔ d i w ɔ l e l e e
ɔ d ɔ k a a j o
ŋ w a ɛ t ɛ e n e ŋ ŋ m ɔ
ŋ t s a w ɔ o
ŋ w o f o h a t a e e e
ŋ a a k p a a t ɔ
o t a o w ɔ w ɔ l m
k a s e g b o e
t s a s h i
i n e e ŋ b ɛ ɔ ɔ k a w ɔ o
a k
a t k w ɛ n e k a s k ɛ ɛ e
a a k k o t
b a a l
a k a e
b a a i g b i e b a a a
a y ɛ
b l ɛ a a g i
a w o o e e w i
ŋ n u k i k p ɔ d
b a a e ŋ t s n b a a e
ɔ m ɔ o ŋ f s o e k i
a b o a g b ɛ
ŋ m b a a m
a b l n e e ŋ k w
t s i e
b i k
t e ŋ t s a k a o
l e e b a a a ŋ h a
a a ŋ ɔ
b a a a k a i e
t u s u k n u u
h w i t s ɛ ɔ
ɛ ɛ ŋ t s ɔ
a d i i
s h w a t s ɔ e
h a m k ɔ m ɔ e
m a a a g l a s e o
o t a e e e
o o k s o e a d i n y i
a b l ɔ d ɔ e e k a a k t
n y i k ŋ d a w o s k
w ɛ k k p ɛ
a f ɔ b ɛ ɛ e
o k a a k ɛ
w ɛ k f o ŋ d a a b i
m ɔ ɔ s u
s e p ɛ
o k t a w k
b a e ŋ m a e ŋ y a
d u e
s a e k a i e d i k
b l a e a s a o d i
a k a e
ŋ b u e w ɔ d i
ɔ m ɔ o ŋ g b a m y i ɛ e
ŋ w o d i k
ɔ d ɔ m ɔ ɔ e a l a d u e
a n y ɛ k o t e w i e e
ŋ h ɛ t ɛ o
ŋ g b ŋ k w s h a b a a ɔ
h ɔ ɔ o a k p s
y ɛ e
o e n a e i k o a a k i
ɛ t a a t ɛ
ɛ ɛ e ŋ k k o t k
y i ɛ k a f
b l ɛ o a a f
s e k h i e
n y i ŋ h ɔ
s e l k a s
a a d k e e t s a e
k a i w ɛ k ŋ n y h a
a s h i ŋ k ɔ
ŋ j o ŋ l ɛ ɔ
ŋ j u t u u n e e
s w a e
b ɛ ŋ g b ɛ
ɛ ɛ t s u e k a f
ŋ k o a a m ɔ o y ɛ e
u u p ɛ a w i
s e l
a a j y i ɛ o
a a k ɛ y a k
m ɔ ɔ o b o e s e d i k k
a a t i
n e a k o a
i s h
t ɛ i k o
t a w e h i k t a k
a t a
t s i ŋ t s
k a f
k ɔ e ŋ n a i e b a a y
f ɔ e b l a a n s ɛ m
n u d a e w i b a a ɛ
a k o a
j u k
a f o o
w ɔ d i ɛ m i n e
m ɔ b i a w a
w ɔ l m o k o s i n k
a a n s w a e
a d a
a a l ŋ t a ɔ ɛ t ɛ e a ŋ m
s h a
n a h ɔ ɔ o
ɛ ɛ e l e e w i e o
ŋ ŋ m ɔ
a m ɔ e h ɔ ɔ e n y i
ŋ b o a t s a ŋ g b a
t s ŋ h
a w ɔ o
ŋ n a g b l e a ŋ
ŋ h ɔ
a t k a f e ŋ ŋ m ɔ
b a e
l ɔ m k d a a
ŋ k w y ɛ e f o k
ŋ t s ɔ y e ŋ y a a b l
a a e a e e t s ɔ s a
t s ɔ k
i e e b a a b ɛ ɛ o
a s a o j o o
u u e l ɛ s ɔ a k a
ŋ k o a k w ɛ e
g b o e f ɔ a w o o m ɔ ɔ o
ŋ m t a
t s a o t s ɔ k a g b a l ɛ
a a g l t s a
a ŋ m a d a l e e ŋ k p t
j a a t s m a w o ɛ m ɔ e
ɔ d ɔ e ŋ t s a a h
l a k f o k ŋ ŋ m a a a t ɛ
g b
ɛ e ɔ l u e e b a a l t s u o
ŋ y a
t e e ŋ ŋ m a t s w k
t s ɛ o a t s n m a a o t a
b a a o a k p t
a j o y i ɛ k o t e w ɛ
i k
y i ɛ a s e e y ɛ k
t s w k a a g l
i k o
d u k ŋ d a a a d k t s ɛ e
ŋ b i t s a o a a s a
w ɛ
h i e a a t w
w a a k u k
a j u a a n
w i s w w i s w
g b o o y e e a t s
a k u p ɛ t e
a a f a b o k w a i k a a k s
a a ŋ ɔ t s i e
ŋ l ɛ ɔ ɛ t ɛ e k a f e
a s a o f o
s o d u g b i o l a k y a
a i k k a n a e a a w
b a a y k p ɛ ɛ
ŋ k o a ŋ m p ɛ t
a k u m ɔ ɔ e ɔ i ŋ a e
b o e n u u o e e
a ŋ a s ɛ m a k a
o s o o w ɛ e ŋ f
h a m k s e l h a k
s i i k i o a k a
g b o w a e w i e e
l ɛ e
o s o j u e j o k u k
a g b ɛ ŋ g b a ŋ f ɔ
a d i i b a a u e l e e
a a ŋ ɔ
k a f k
b i d i k
a k a
a a ŋ a ɛ m a f o e
s h w s
a a k ɛ a b l
ɛ ɛ e j u e
p a s ɛ m h a k
b a e l ɛ m e a t a
t s u o a l
g b o o ŋ w a ŋ b ɛ a i k
s u k ŋ f a
s a w o e f ɔ k a m ɔ o
l ɔ m
a a k i
f a a o n u u e ŋ h a ŋ k p s
a a n u
ŋ y e s i n k
ŋ k p t i k i e
o s o i e k o k o
p a h a m k
ŋ b o a a t i a w ɔ ɔ
