k o l u k a
k o l u k a
l u k i
l u k a k i
k o t u n a
k o t u n a
t u n i
t u n a k i
k o k e n d e a
k o k e n d e a
k e n d e i
k e n d e a k i
k o l i a
k o l i a
l i i
l i a k i
k o m e m a
k o m e m a
m e m i
m e m a k i
k o b e b i s a
k o b e b i s a
b e b i s i
b e b i s a k i
k o v a n d a
k o v a n d a
v a n d i
v a n d a k i
k o y o k a
k o y o k a
y o k i
y o k a k i
k o t i k a
k o t i k a
t i k i
t i k a k i
k o b e n g a
k o b e n g a
b e n g i
b e n g a k i
k o k i m a
k o k i m a
k i m i
k i m a k i
k o z u w a
k o z u w a
z u w i
z u w a k i
k o f a n d a
k o f a n d a
f a n d i
f a n d a k i
k o s u a
k o s u a
s u i
s u a k i
k o s o m b a
k o s o m b a
s o m b i
s o m b a k i
k o z a l a
k o z a l a
z a l i
z a l a k i
k o s i m b a
k o s i m b a
s i m b i
s i m b a k i
k o t a n g i s a
k o t a n g i s a
t a n g i s i
t a n g i s a k i
k o l i n g a
k o l i n g a
l i n g i
l i n g a k i
k o y e k o l a
k o y e k o l a
y e k o l i
y e k o l a k i
k o f u n g o l a
k o f u n g o l a
f u n g o l i
f u n g o l a k i
k o m e l a
k o m e l a
m e l i
m e l a k i
k o k a b w a n a
k a k a b w a n a
k a b w a n i
k a b w a n a k i
k o t e l e m a
k o t e l e m a
t e l e m i
t e l e m a k i
k o k a t a
k o k a t a
k a t i
k a t a k i
k o l o b a
k o l o b a
l o b i
l o b a k i
k o z e l a
k o z e l a
z e l i
z e l a k i
k o b a n d a
k o b a n d a
b a n d i
b a n d a k i
k o t o n g a
k o t o n g a
t o n g i
t o n g a k i
k o k o m a
k o k o m a
k o m i
k o m a k i
k o b a l a
k o b a l a
b a l i
b a l a k i
k o y i b a
k o y i b a
y i b i
y i b a k i
k o l e l a
k o l e l a
l e l i
l e l a k i
k o b o m a
k o b o m a
b o m i
b o m a k i
k o t e k a
k o t e k a
t e k i
t e k a k i
k o t i n d i k a
k o t i n d i k a
t i n d i k i
t i n d i k a k i
k o s a l i s a
k o s a l i s a
s a l i s i
s a l i s a k i
k o k a n g a
k a k a n g a
k a n g i
k a n g a k i
k o l u m b a
k o l u m b a
l u m b i
l u m b a k i
k i m i n d e i l i i a k i
k o o k a t o y e k t a n a
k o a b w a a
k o e b i s b e o l i n a
k o g a k a k i k i m i a
i s a k o l e i k i
k o o f a a
m e m a l i s a k i
k o y o k a b o t u n i a
n g a k d i k o t o n i
d a k i e l e m i
o s i m l e m o t o n u n g o a k i
o s o m b a k i i
k o u a k i b o m a
k o e k e l a k a
k i m k o m i a k i
l u k i u k a s o m a k i
d e t i n i
l i i i
l u m o l a f u n a k i
k o o y i a
k o k a o f a n s a k o b o m a
l e z u w k o k i i
s a k i i
k o a l a k k o m i y e k o a
k o y o k i w a k a
k o a k a a
k o t o u a b e n a n g i a
u m b a i
n g a b e n g o t e k a k i
v a n d i
k o b a k y i i m b a a
e n g d i k a a b g o l a i
d a k z u w a k e n i
k o y o k o t o a
a l i u k g o l a u w a k i
n g a k a b i
k o k o l u e k i o t i k i a o l o b s a l a
k o o k a b s i m b a
k o o z a y o k i e b i o s u a a
o z a l u k i k a k i
k o b w i m a
k o k o k e o z u w o s u a a n d i m b a o t a a
k o l f u n g i n d i
k o z e l i k o k i w a n a a
k o l i s i k o m a s i m b e n d e o l o b a
k o e a k o b a k a
k o o b e b m a k a k i a
k o k o b w a n i k a t a a
k o e m a k g o l a a
k o g i s b e n g u n g o a
k o b i s i l e l a o m b i a
n a k i o v a i
k o b a n u m b a a k a n a
k o n d e i l e l i m a a
k o l o w i u k l i i a
l i s i l u m i
e n g i s u i v a u a k i a k i
k o a n g i o m e s u i a
k o k o l u l o b i a
l a k g o k o s o i
a l a a k i
u i l u k a z e l i
k o o t o n z a k i a
u m o s a m e l a o b a l a k i
k o t u u a w i a
b w a k a b i
k o e m a t i m b a k a n a k a
o b a l b e o b i n g a k a k i
k o l i u k a t e a k i
k a n g o m e l i
k o t e l e w a k i l o a
k o n d e k a k i a
b e i s i w a n i
k o k a t s i m b a
k o l e l a b o n g a d a k a
k o k o s i a
k o b a m b o n d e a
n g a k i
k o a t a e l a a
s i l a k d i k i i
k o k e i i o z e l a k i
k i e b a k i
k o k o b o m w a n a a
o t e a k i
k o d a i n g d a k a
u k l e l a o z m b a k i
k o a k a b o f u n a
t u i m b a a k i
y e k a k i
e a k o k a k i
i n g a i s i
k o b o k o k i i
k o a l a k l e l a a
w a n i
k a k n g o o l o a
k o z i a k o l a b w a a k i
o b e n i
w a k o f i
t e l a k i
w i o m e t i k a i
k o u n g k o l a
k o d a n d a k a
y o a n d i k o y o i
k o z e k o l t e l e i
k o l i s i b o m a
k o k o z a i s i a t a
k o e i k o f n d e a t a k b i o l a m b a k a
k o i n d i b i o t e k a
k o s o o z a l g o l i a
k o o t e a
k o a k a b i m b a a
i a k d e a i
k o l i t e l a n g i a
o t i l e l k o f a a k i
k o e m o z e a
u w l i a k u m b a a k i
k o o v a a
k o o l i o t i k o l u k a
o b e b a k i
k o o b o b a k b o m i f u n z e k a t a a
k o n g o a
k o v a a b o k o z u i
k a b w a a n g i f a a
m e m a k o k i i
o n a l a k o t a k i
n g a o k i m t a k i
l e m a o n g a a k i
k o s u a k i b a i n t a n g e m a a
i s a k a k s i m b e b i i
k o g i s a s a k g a k a
k o s u a k a k i o k o a
l e l i t e k i a k i
o t i i n o l a i
e a k i n d e a o z e l o m b i n d i i
k o n g a o z e l e m a
k o l u m y o k a a
k o i k a k y i b a
i k z u w a k i
k o e a k i a t i a
k o o b a k o s a l a
o b e n a n d a a k i
e n g a a k i
k o o k e n t i k a u a k i a
k o w a n a k o t e a
k o t a k a n d a
n i y o k a o b e n i
k o o n g s a k o m a a
k o b e o t u n o z u a
k o k o z a f a o n g a z a l a a
o m d e d a k l e l a o y o k t e k i a k i
u k a k i
k o k a t e l t e l e a k i
k o n g e n g a b o m a a
k o k o t i b a k a
d a l i a a k i
l u m i
o m e l g o l i i
k o l e m a a
e k o l a k i
i m u n o z u e i i
k a b o o b a n a
b e b m e l i i
k o k o y o a
o b a k i
o b e a l i s e l a i
o s b i s a a k i
k o u w i l e m i a
o z e o k i o t u i
k o e n d o y e k a
y i b o t e l a k i
k o k a k i s o m b a
t e k a k o y l u k a a k i
z e l i o s i a k i
s a k e k o f u b a l a i
k o s a k b e b a
k o o k a n a
k o l o b i i n d a
k o m a k i u n g o m e a
k o o y o t i n u m w a n a a
k o o k e o b a o n e n d e t i n o v a n a
k o k o v a n d a
k o o s a l m e m k o l i a
d e l i b a n i
k o i s a k o t u n a
k o o l o k o z b o m i a
k o o m b i i a k g a k a
a n a m e i n d i o v t o n g o l i a k i
o s i m a k i
a k a n l i a z e l i a k i
k o o t e k o y e k a
k o z u a k i i
k o w a k i a
k o t e k m a k i a
k o e l e a
k o b w n g i m b a
k o z a k o s u a
k o k o y i s a
g i o t i n l a k a k i
k o z u k o m i d i a k i
k o v a k o t u z e l a i
k o t a k o s o a
l u k a n a k o m a k a k i
k o k a t a a
k o o k a l e m o b e a
b i s l e l a k o s u i
b e n t o f u n o t e l a k i
k o e k o k o b e a
k o d i k o k a t a
k o s u i o m b i a
d e a y i b i b a l a i
l u k i i n d i a k i
k o b o m a o m b i a
e a k i o n g i i
k a t o a n i a
k o l o b a i k i a
n a k n g a n a k o b o m i
d a k o n n g o l i
k o k o k i o b i a
o l u m o b e i
a b w a z e i
k o g a u n i s a k k a n a
e l e m a k i
k o u a k i o k i m a
k o i n d o m e a
e n e b i t a n i
k o o f o b a l t o a
k o b w o y e k g i s a a
o y i b n d e i a k i
k o e n d e a
k o o b e a
k o k o k o a
t e k e l a i
k o o k a b y i b a a
k a k i k i f a n d a
k o u m b n d a a
m a k l u k z e s a l i
k o o y o l o b a a
k o u w a n a k t i n a
o b o l e l o b i i
k o n d i m b a k b i a
k o b a f u a k i
k o t e k a n b o a
k o k a o b e b a
k o e n g m e l i m e m a a
k o t i n d b e b i a
o k k o f o l u k i
o n g a o t u i
b e b i b a k a n a k i
o y e l i a u w a k k o y u n g o a k i
k o o k o m a
k o w i u m k o b o a l a k e l a a
k o y e t u n a o f a a
o l o b n i o z a l a k i
k o o s z u w a e m o s u a l o b a a
k o g a b a o l u m a
k o o l o a
t o n g o t i s i a k i
f a o k i l e l i a k i
k a t a a k i
k o t e k b o m b i s a a
k o i b o y i b o m a t u n i a
k o o l o b a
k a k n g i a k a k o m b i o l e l a l i a
k o b i s i o b a n g i k o l e a
k a t i i n g i a k i
k o k o t e a
k o g i k o m i i b a
k o d i k a
k o i s a k o b a d a o t e k a
t o n a k i
b o m i n a k y i b i
k o w a n a k o t u a
k o o z e l l o b i a
o k i m a k i
i b a k o l u m s u b i s i d i i
u w i o t e i
k o w a s i m b a
k o b a l i g a k i a
y i o n g b e s u i i
k o b w a n n d e a a
l a k i i
k o s a i
k o l i i
k o a n d n d b a k a
a n g i i
o k i e l a k a k i a k i
o l o m a k i i
t u n a i
k o m e l a k a k a n k o e k o i a k i i m b i a
k o i i u m b a t u n i k i m i s u i a
k a l i a k i
d i k i k a k o n g i
w a n i i
l i s a i
k o k e b w z u w a i
k o k i m a k a b o k i m k i m a a k i a
k o e l e o f i b i a
k o b a k a
k o u a k t e k a l u m b a
k o b a k i a
b a n a k i
k o l o e n d e o t e z a l i k a k i
k o l o k o s i k o t u a
i n a n i i
i a k i a k i
k o n g o u m b l i s a
k o k o y e s u i a
k o e l i b w a o b n d i k e n g a a
d a y e k o i
o m i i
m b i g i i a k i n g o b o m e n g a s a l i
k o n d i i k l u m b a
k o k i m i k a k k a n g a
k o u m b o l e l o f a n a
z a l a a k i
f a n e k i i
k o o b a o b a l m e l a a
k a k b e n g l i l u m a
k o o y e e n d e a
o f y i b i i
k o z a i b a k a k i
s o m b o s u a a t i t u n a a k i
k o a t a k o t e i m a k l u k a a
a n a a k i
k o u k b i s i k o k a a
k o g a k a k o k o u a a
k o z e l a a
l i i k o t i d i k a i
k o k o k a i m a k o v a
k a k k o t o l i s a k o b o a
k a a n a l a k a
k o u k e k o l u a
o l i n k a t k o f a k i
o l e e l e a l a k a k i
k o b e b g o m e k e e b a
z a l i t i k i a k i
k o o n g i k a t a
k o n d e k a k d i k a a
i b o k a n o l i a i
n g i s k o b e a k i
k a m b b w u n a f u n a
v a s i m i n d o t o n i
k o l a k o t i u w i a
k o a n a t i k i m b i a
m i g a k i a k i
o b i k o s a i
n i n d e a k o l a i
k o a n a u m b i e a k i a
k o f a v a n d i
k o n d i s u n g o a
k o e m i k a a
k o o t u n o f k i m i a
l a k i i a k i i
i k a k t a n g o l a a k i
l i i m b i
o y o o t a n o b e n a k i
k o i n d k o t a d a k i u w a k a
k a l a o b a k a
t e l i a k i i
k o o y o n a o m a
k o n g o l a
z u w u a k y i b a i
i b a m e l n g a i
m e l a t a u n a g o l a a k i
i b i w i i
l i s o y i b a k i
k o k o b o k o t e a
k o l a k i a l a o s i a
b i s n g o i
k o m b o s u a n a m e m i a
k o i m w a k o m e b i a
k o n g l i s a
k o k o z u n i a n g o m a a
l u m b a k i
o b e b y o k a l o b y o k a i
o t o n d e k i m a a k i
k o g a k i i a
k o k i m a l i a k l a k i a
k o t e l i n a k i
k o i m i o k a n b i s a
t u n a b w a n a k i
k o s u k i m i a
i b a k k i m a k i
k o k e n d a
k o a b z u k o t y e d e i u m k o t a
k o y o i
k o s o n d a k e m o l a k m e m i a
b o k o t o o b a n i
n g e l a m a k o b o a k i
g o l i i
s i s u u i a k i
o l i a a k i
k i m a t i n b i s a i
k o k o s u i n g i b e b a
e l i k i a k i
u n g a n d a i
k o l u u n a k u m o s u a o z a k o s a k i
k o o b a k l i i k o t a a
o m e m a k i
k o l e y o k a e n g i a
k o i n g i y i b a
k o t u a
k o v a i
o k a k o s u a i
s i m a n l a k a k i
k o e n d e k i k o m i a
o v y o n d i k i
k o t e z a l i a
k o z m a k i i k a k a k i
k o b a y o k i k o y i a
k o b w i m a k e k a k a
k o m e o m e i n d i k o b a
b o m t o n g v a n d i
e a i s w i d e o m b e n g a n d a a k i
k o k o n g i k o t u a
k o i s e l e m a
k o m a e b i s t o n n g i s a
k o o b a o m b a o z e l a b w a o t e a
k o i m b i m l o w a k a
k o l o b i o y o o y o a
k o o t u e n d d e i o m e m l o f u o y i b a
k o o k o t o n k e n l i s i a
k o k i o s o a k i
k o t o a k i
a n d i t a k i a k i
k o a b w a n g a k b o m i a
k o e m a k o n k a t a a
k o t i k a a
k o t o u a a k i
f u n g o l e z a l a a k i
k o k o s o g i o m l i s i a
y i b i m b i a l i s i
k o n g a k y e k o o k i a
k o o k a b o t e t u n i a
k o i s b e o k i a
k o t u n o k e b a l a
o m a k t i n d l i n i
k a l i n i m w a k a
o l i k f u n i n d i g o l i
o l u m t o o l e l k o l o a k i
k o k o s i a n a k o m b v a e b o t a n a
k o k a t i k o k i d a k i a
k o l u k k o z a a
g o l i
k o s a o l o g a k i i
k o a n k a t o s u a
s u a o t e t e k a i
k o k e n e n g i a
k o k o v a o m b i m e a
o m e l i
k o u w a k l e l i a
e b i u k i a k i
k o u m b i s o a
b i s a t g i s i s u a a k i
i s i t e k a i
k o o z a s i m b o l u a
k o f a n i n g i l i s i a
i b a k s o m i
s u a f a n d i
o m i s a k o y e a k i
k o o k i m n g o o m e l a
k o k a i b o k o m s u a k a
k o k o k e a
a l a k a k i
o y e k n d e a k i
e n g a i
k o o l e e n d t e l o z g o k o m a
t i k b i s a k i
k o k i m i o l o o k a a
l u y o a n g i a k i
k o o y l u k a e m i a
k o z a m e l a t i n a
k o e k i e n d a
l e m i t o n g a t i
o m a a k a b i a k i i
k o i s a o t e k y i b i a
k o o k a b t i n a
f u n g u k i k o k i
o t e k b o m i u n i a k i
k o a n i m b a
k o b a k o b e a t k o v a a k i
k o k o f u w e l e m a
k o l u k i w a k a
y e k o o t o n a k i
k o b w a o b e n b a k i a
k o o m i k o m a
k o i k a t e l e n d a k o l o b l e m n g a k a
k o i s i g i s a
d i k a k o v a a k i
i n g b a o t u n k o t u a k i
k o k o s a g a v a n d a
d e a k k o m i i
k o i b w i a
s a l o v a n z u w i i
k o k o t z u w t o n g a
k o s i a k i a k i
k o s i l a k i
k o y o a l a k i
k i b a l i i
o m b a a t i b w i
e n i n g a l e m a a k i
f u n i
o f i k a k e a a k i
n a k o b o a n d a a k i
k o g i s a i b i o l a
k o k o v f u n a
k o v a n a k i i
g i l a e l a a k i
k o e b e a k i a
k o l e m a a
k o k o b o k o m a e b i s a
k o o n g a a
k o v o m e o m a k i
k o o k o t u n i k o t u z a l k o k o a
a t i i s a k a k i
b e b l u k a a k i
k o b e b i o b e a
k o b w a o s a u n g o a
d a o z u i
a b k o s o a k i
a l a o b o l o b i
i n g i e k a d i k i
k o k e n b i b w a a
k o b a n d a
k o b a l i t o n g s u i i a k o y o k a
k o e n k o l i n d a
z u w i o l o i
k o o m b a a
e a k i a k i
k o t o n g g a t i n d a
m e m i n g o k e d a o l u m u m f u n a k i
k o o z a n d k o t a z a l o z e l n a k i a
k o k o m e a
k o a b a t a k o l i a
k o k a n e l o v a a
o t i n i
k o b a o m a k b e b i t i k i m i i
a n d a o l e a k i
k o o b a k a
o s a k o y i k o l o a k i
k o o t a n b i s i s a o b i s i a
k e n u m b a o m o b a k i
k o s o m b e n g a a
k o g a k k o b o i s a a
o t a n i
u n k o z a b i
k o k a w a k i a
k o e i o v o t a a
b a l a n d a i s a k a k i
k o o k o t u n b a k i a
l i a k l i n g k o s d e a k i
k o l e l a
o s u a s u a a k i
k o z a l o t u n a
u n a o l o b i
k o z u w i t i k i o b e b a
o k e n i
k o z e l i o s k o b e a
k a s a o m b a v a m e m a s u m b a a
k o k o s i o l i a
k o y i o m o z a o y i y i b a a
k o k a t a n a
k o a n d a s u a k a
k o o l i n t a n g k o s a
s o m k o b a d e i
k o l u m b a
s u a a n i a k i
k o v a o z e l y o a k i
k o k o k o z a a
v a n o t u i
k o d a l e l a g i s i a
k o d i k a v a a b w a
b a l a k a t i
k o u m b i m a
l i a k i
t i n d y o t a k i i
k o e n d l e e k i y e k a
o l a k i
k o n a z u w i a
l o b i s a k i a k i
k i m t e k a k i
y i b v a n d a k i
k o o s u a e m i k a k a
k o o v a n a
o b e k o i
i n d a n d n g a k k a k i
k o a l i d a k e n d a
b o m a y i b a k i
i b i i a i
k o k o v a a
k o o s u a
u n a k o y o k s u m a k k a k a b o m a k i
i m l e m a a k i
k o u n o m e l a
t e l e n g a a k i
k o y o k a t a k o t e u k i a
k o v a n d o v a n o l a k a
k o a t i i n g z a l a
u w a a k i
k o i n d i n d e a
i k i z a l a z u w a a k i
f a n b a k i a k i
k o u n a k n a k i a n d a
o l i a a k i
y o k a i s a a k i
k o o m b k o y a n d a
k o s a l k o m i a
o l a k a k i
k o m a k i a
k o k o v g a k o t o a
d e i n d l i k e n i
k o l o t e k i g o l a e b i b e n a k i
v a n o b o o b e s u i
g a k i o l m i a k i
m b k o s i i
k o b a n d u n i o t i a
k o m a k i e n g a o f a a
i n g a u w a k i
k o o y e k a a
k o o f u n t u o z u w a
k o b w a a k a a
k o o s o m u a k e a a
k o t i n d t u n i a
o v a n i
k a n t a o y i b k a k i a k i
n d i i
k a t i k i m i a k i
k o f u a t i a t a
e a k i i
z e l o s a a k i
m a k i k i o f u n o f a i
t i k i e k o i
k o a n a k o z a l a
k o n g o l z e l i a
k o s u k o v a o t i a
k o k i m o t e l a
k o k o z u u m b a o m e m o b f u n o l i a a
k o b a l i s u a l o b i a
k a e k g i s a a
y i b a b w z e k a n g f a n d a k i
i n g i l a k a k i
k o v a n d l i a a
k o t i n d e m a n g a
k o t e l e a l k o v a a
k o z u w i z e l i a
k o a l a k a
k o a n d a a n d a
k o n d e l e m a a
k o o t i n k o s i a
k o m e l a s u e m a a
k o k a t t e k i m b a k e m a n a k a
k o o t e k i a t a a
u n o v o k o a k i
k o b w a a
k o k o y e a
o t u o z e a k i
i a k i o y o k k o t u o l u g a k i
n a k i a k i
n d d i k i i
m a k e m a t i n d b w a n i
k o e l i y o s a k a
k o k o b e l a k a
u n a k k o z e i
u k a k e l e b a k i a k i
k o o k e i m a
o y k o f a g a k a k i
k o s o m w a k i k o f u k o y i o f a
l o b i i
z u a n g a l i a k a k i
k o l a a l a k o l i e m a k o t a n a
u m b e m b a n d k o f u i
b o m s i m b u m b a a k i
k o o t e k a
k o k o z u a n d k e a
k o k e n d k a t o l o k o b a
k o o l o e k i o k e n a n d a k a n a
k o k o y o k i t e k a a
k o m a i n d i i
z e l u w i i
k o d e a g a k o s a t a a
k o d a e a k i t u n a a
u m a n d i n d a k a k i
o s n d e k o k a a k i
k o k a k a
k o m a k z e l t a n g a
k o i a k i k a t i t a k i a
i b a k m e m a y e a k i
k o l e o n o s o m a
k o k o l i o l a k o t e k a
k o b o m a e n g u a k i a
l e m o s i m m e m o t u i n g i i
t i k a k o f i
k o e n d e k o s o a
k o z e l a o k o m a
o b a t a n a k i
k a k e n a
k a k i i
k o o k i m o t u n a
z u w k o s o a k i
o z e b a n u m i
k o f a n m e m n g i s a
l i n g o b a l a t i i
k o u n a k a
l i n g u n g o i
n g a i
k o e l i v a n d a
k o d e a k b e n g z a l o t e k a
e m i b a k o t u o f a k i
o l e a t a k b e b i
k o n g u n i k o f a a
k o o l a l u k i e n g a
k o k o t o u n y e k n g i o b i a
k o k a e n i
k o o t o o z a w a n i a
a l a k i m a i
y i b i a k i
m e l a s i m d e i i
k o a n g i a
k o f a o y o k a k i
s u e n e l e m i
k o e k o l a
k o o t e k t i k k o z u i m a f u n g a
o b a l o m a k i
y i b z u w a s o o y o k i
k o o l i n a
k o l u k i g o l a e m a t a k b a k i a
o t o l i n i
k o l i i e k o i k a k a
k o y o g i s i a k i
k o o v g i l e m a
k o f u a k i
k a a b w t o n g a
k o b o a k i
v a n i m b a o s o m a k i
k o b w a n a
d e a i
o t e m e m a k i
l i s i a t a k z u w i
k o l k o y i i
b a k i a k i
k o k a k a m e l i a
k o o n g a e m i a b g a k i a
k o o f a a l i s a
o m i e m i t i k i s a k a k i
o v a n l u k a k a n i
k o k o f u b e b a
k a b v a i
z e l i z a n d e a k i
k o o k e k o b a n d i k z u w a
b a k e l a i
k o k i m a
k o u w i b i s i a
k o m a o t a n i
a t a k i
k o k e n d t a k i e b i o l a e a k a
o z e t i i
t i k i i i l a k i a k i
k o s u y e k a k i
k o o n g i a k a n n g i s k a k i a
k o l a l e a k i i
k o k a o b a k a k i
l u k a u a k i a k i
k o e n d e e n g i o y o o m a a
t e m e m a i
e a k i o b e b y o k i o t o n i
n a m e k o z u i
k o k o b a
k o m b i o v n i d i a
k o o n g i k a t a k e a
k a b a k i
k o t e l b a l i a
n d e i g i s a a k i
o z u i m b i k o f a k o l l i s a o b e a k i
z a l i o z a a k i
b e b l u k a d e a k b e b i i s a k g a a k i
k o z e b a l a a
k o e m a k o t i a
k o m b i s a l b i s n g o y o k i d e a a
k o k i a k i
s a k i
i b a l u m g a g a k i i
o l u m i
k a t i k o l o k a a k i
k o k o z e o n y i b a a
k o o k i z a l a a
k o k a k d i k i k o f u e m a
z u w a e a k o k e a k i
k a l u k a k o f u a
k o t a n o b e b a
i b a k i k i o m b a a k i
a b w a b o e n g i a k i
k o e a k i y i b i a
k a u k a g i k o z o v a a
a n g i i
k o l u k i t a k i a
k o z e l i a
a k e n g i a k i
k a o t o n m e m a a
o b e d i k a a k i
l a k i m e m i a k i
k o n d e a o k a b f a n a
g i s a k o z i
y o k i i
o n g a l i o l a k i
k o k o t i d i k i o t e a
k o b e b g i l o b i a
k o i n g i l e l i k o z a
e i e l a l e m i d e i a k i
k o k o b a s o m a
m e m i s o m b n d e a u m b a a k a n i
y o k i i a m a k i b o m i m a k e n d i
k o k o k a l e s a l a
w a b a l i a k i
k o k o m e a
k o n d e k i m a
k o k o m d e a i i b a l a a
k o o s a a
b a l i k e n d e k o s i a k i
a t a o m b a i m w a k i i
k o a n i b i s a o l a
o z u i o b o i
k o g o l i a
d a k a b w a o z u w i
k o e b i u w i a
k o m a k o b e k o t o a
o k e k a n a k i
k o l u e l e o s o u k a
k o k e o t i k n d e i a
k o g i s u k a a
m e m i n d a n g a a k i
k o k o s u o m b a
l i a i s i a k i
n d i k g o o t e l o z a l o v a g i s a k i
o k e n o y o t i n i
k o a l a n d e i a
k o e i i m b i a
k a k i l i s i i
k o k o k i n d e m a i b a k o k i w a n a
k o o t b a l i b a k a
o z g i l i a k b i s a k i m i i
k o m a k a b w l u k i a
o z a t a i
l e l i k e w i a n g a a k i
e a k t o n a l i i
b a l y o k i i
l u m b o t u n d i a k i
o b e n i
k o o l u y i b i a n g i a
o b a k o f a n a k i
k o n d i k o l o a
k o o m b i a n d b a l i a
k o s u g a k i t u n i a k i
v a n l u l o b k a n g i
k o e m m b a k w a n i a
l i n o n g i a k i
k o u m b l a k a
i m a k b o m o t i k i
o t i k t o a l i k a k i
l i i a n g i i
k o o t e l a
u w o k e n g o l a t u n a s o s i m b i
k o o z w a o f u n t u n i g i m e l a a
k o b w z a l i o z a o s o e a k o l i n a
k o f a n m a a
a t a s i m b a k i
o y b a n d k e a k i
o s u a k i
g o l a b e b a b w a i
k o e m o b o v a n a
g o a n i i m a o b o i
t o l o m a e l a k u a k i i m b a k o l a i
a n o y e k a k i
k i z a l g i s k o m k o m y e u n a i
o m k e i
k o a l k o y i y o k a a
k o o l e l k o b o i s a k a
k o i m u k a a
k a o s z e a
g a t a k o l i
k o l a o t o t i a
k o e a k i o b e a
b i s i
k o s i i k a a k i
k o y i b o l e l a
z u w n g i s o n g a a k i
i n d i o b a l o b i l e m i a k i
e m k a k i o f k o t u o f u n a k i
b a l b o l e l a i b a i
k o o b a z a l a e n d a
k o s i o z u w n d a a
o s i b o m i
k o k o k a k o y i a
k o o y e n g a k a l i i m i e k k o b e a
k o o k o a
k o m e m k o f u o t i k o z k o b e a
b a n g o b i e k n d i k o l i n k a b a k i
a n o m a k i
k o i k l u m b t a n o k s i z e l a
k o e a o k a a
o y o b i s a o b b o m k a t a l u k a a k i
o l o k o m e k o y e t o n g d i a k i
k o o m b i o l i a k a t i a
k o u k i u m b a a
m e l i o l u o y a k i
d a k k o l e o f a k i
k o i m b a
k o s u a l o b a
k o b w o y e k a b w o k e n a
a b g i s i
k o t k a k i
k o o y o k i n g i o m a k e m a a
k o o t a n n g a k g o l i a
t e k t a n g i
u w a w i t e k i
n d i k i m i e l i
k o o b e b t e k a t i k a
l i o m b a a k i
b a n d m e m i
o b o b a l i
k a d i k i b e t e l a b w a a
k o o b e b a b w f a n d a
k o o z a l n g i a
k o u a k o l i o l a k n g o l k o k o k a k a
k o s a l i o m i o m b i s o m b e n g a a
k o o f a l e a
s u l e l a a k i
k o t u a l a k k a o z u w a
k o l i a k g i s k a b w a
k o i s a k o f a a
w a n m i a k i
k o b i g o l k o t u a
k a t a l u k a k i
o b k o l i i
k o m e b i s i a
k o o b e b e m i a
z u w a l a k i
k o k e g i s i a k i
o m d e a k i
b e b i n g a o y a k i
z u w a i
k o d i k t e k m b a
i a i m b t o n g a t a i
k o t a a n d i a n d i a
k o l i n g n a k i a
k o z e k o l o v a k o y e a
v a f u o l o b a k i
s i m m e m i i
k o k o s i a l o k i m e l a e m l a b w a n a
k o e l e m l o b a a
k o m a k o l a
d e i o l e l d i k i t e o z a o l o k o i
g o e a k i a k i
w i i s a k t i k a i
k o b a l i a
u i k o s a i
k o s o l e l i a
k o k e n d b w a a
a l i l u m i k z e l a k i
k o k i m a a t o m b a
k o k a o l o a k i
k o o z u w a
k e n d u m b l o b i a k i
o y l u m k o l a k i
s a k i b o m a i s k o y i a k i
o f i s a a k i
d a l o b a l o a t i i
k o b a k i u n a u k a u m b a
k o z e l o l i a
k o o t a a
k a k n d e a g o l i o l o a
a n g i o t e l o y o t i a k i
k o m a k i b a
k o o k o m z u w b w a n a
n g i s u n g a k i
k o k i m a l e l a a
k o k o t u a
o y i o t i k i
t e k s i e l e i
k o s u y e k o b o m i o y e o y a
k o t i k i a
u k a e i i
l i a k a k i
a l i b o b a d e d i k i a k i
k o k o b o a
k o y o l i i a n i a
b a l i i
k o l i n u n g m b b a l a
o l i n k o f u z a a k i
k o k a k i u k a k o t e a
k a k e n g i s i k o y e a
o f u u n i a k i
k o k o v o s f u n g v a n d w a n a o b o m a
k o l a k l o b l o b a a
k o e n d e u a k k o y e a
k o o b o m i n g i a
k o k a k i k o f a a
g o l i i s i b i i
k o e l e t e l a
b o m i u n g o a k i
w a n a k i
k o s i m b u a k i i a a
k o z u w o k e a
l u k a i
k o f a i
a n g a i
f u n g a k i
i b t o n i
k o e l a b w a e l i a
k o u k o b e n k o y e a
b a n d e n i
k a k a i
k o k o k i k o s a
k o t a k o f u n a b w a a
u n i w a a k l i n o b a k a k i
b o m i a k o t e k i
k o m a k o t a a
k o a l n g i e n d e a
k o l e l a o f u n a
t a k u m b a i
k o m e l a z a l n d i k a
k o n d i a
k o k a t i a
l i a k m a k i m e m a i
k o a t a l o i s i s i k a b w o z z e l a
k o l u k i o k i y e k o a
k o o k a n i n d a
o l i o s i k o m i
t u n a b o m a k i
k o z a e l a k i
k o u n k o k e u m b a a
z e l l i s i a k i
k o k a b t u n i a
k o i m a e l l i s i a
k o g i s l i i v a l u m b i b i a
s u i i m i o k a b a k i
k o o b e s o m b a
f a n d e k o k o t a i
b a l a a k i
o t a n k o l a k o l o a k i
k o g i b i s a o t o b a
a n g a a k i
k o y e d i k i i
o b i a n a k o b o m t u o b o m i
o b o k o l e a k i
k o b a o l i n a
y i b o s a f a o m b i n d a k o k e i
k o k o k e o y e k a k i a
m a o t o n i a k o k i m a k i
f u n g k a t a y o k i a k i
k o t u n a
o b e g o l i a k i
t e e b i o t a i
l e l k o s o k o m e i
o t o n u n g i
y i b b a l a k i
k o a n a k k o k i a
k o o f u n t o n e k o l a
b e n b i s f u n a k i
k o o b e b i b i o l u k a
s a o n g a k i
k o l o z e l o m b a k i
d e a k i
u a k n d o m b i
k o a k a a n a k a
o z a l l i a k i
e n d e o v k e n d i
k o b i s l i n o l e a
o t o k a k i
k o o l u m o l a d i k z e o l u k o k e a
b e n o s u a k i
k o s a l a k a b n g a
k o l i n g t i n d a
k o i n y o k t i n d a
l i t u n a e n d i
o m a k a l a k a k i
u n i i m a z a n g o i
k o a b w i s n d e i s o m a
o t e i
a k a o l a k a k i
k o o t o n e l e m a
o l a u w a e l e m a k i
m b a k a k i
k o k a t i o f a n a
k o s i a k i
b o m i n g i i k a k a k i
k o d e i m a k a
k o k o s a i k i o t a
k o i i s u a i n d i f a b a l a s o m b i a
k o e b i a
k o y i b l u k i a
k o a n a t i n d o k a b a
k o z e l i a
k o z u w i o z u u k i a
o b e n k i o t e l a k i
l e l t o k o b o o m a k i
n d a n d e i i a k i a k i
g a o z a a k i
o f o y o a k i
k o u m b a
k o y e a k i
k o i b a k i n b w a a
k o o k o t i n o k i a
k o o f u y i b a a
s a o m e l i
k o t a k i k o y e a
g o l a d a t a k i i
k e n a n g i i b a k i
s o g o l a i
z a k o y i o l i n i
o b o l i s i b a a k i
g o i n g o b e a k i
k o k a t a s u i a
k o i a k i a
k o m e l d i k a
k o o k o m a
k o d i k a o v o k e o t u a
k o l o o b i a
l o b g i s a i
n d e u i m e l u n a k o z u w i
k o k o k e n i e n g i a
k o d i a b w b i s i a
z u w i i
k o e l e a
y e l u k i i
k o t e k i o t u a
k o u n i e n d e a
k a n g o y n a a k i
d e i t o n a k i
k o o k a n a k o y i l a k i a
t e l e u m b a k i
o m a s i l a k i i
g o l i g i s l e l l u k a o y i n d a a k i
t e l e i n g a i
k o k o z a n d e i a l a k a
t o e k a k a k i
o y e k i b a a k i
k o a k i u m b a z u w a
k o k o s o k a t a
k o m a o m b i i m b i
o m b k a b w a k i
n a k k o m k o l o a k i
k o n i g i s a
t e k i w i i
o t u n a k i
d e a u a k i o b o a k i
f a n d n d e e l a a k i
o t e o l u a k i
k o y o e l i a
o b a u n g o i m i i
k o o v a i n d a
i k o y o k u k i a k i
k o e a k i s u w a k a
u n i k o s u a k i
o t e l a k i
k o o t e y o k a k o y i a
k o e a k k o m a b e b i a
k o m a n g o l w a t e l e a
t i k a k a k a o v i
k o f u n o m e o m a
o f a n i b a k a k i
k o t i k i e m a a
s i m b i
a k a l o b a o v a a k i
i s n d e a d e i i
k o o b e b a
k o l e b a k i a
y o k k a k e b i s a k i
o f u o y o l i i k o l u t o n e n d e i
k o e k a k a
k a t a t e i
e l a k k o z e i
k o s a o t u n i
k o i b a k l i n g k o f u a
k o o b a l e b a
o t u n a n g i n g a k i
a b w o t u a k i
o k a t i
k o z e m b i a
k o g i s i k i a
l i k o y e o z e k o l e a k i
k o f k o l a k i
i a k u n a n g i i
k a b a k k i m i b w a n a
e n d e i
e l a u n a k i
i a o n g a y o k a a k i
k o t i k k a n b w a n a
k o o m e k a n g z e o t u a
o k a n g a a k i
a k a n e n d i
k o e l o n o b i o s u a a l i s a
k o o m b i m a k l i i a
e a f u e m z u w k o s a i
k a o t o i i l e m i a
k a i n d i a n g o y e l i k a n k o l a a
e l a i
k o i m a k a k a t o n a
m a e l a k i
k o o l i n o y e a
k o g o l a k o y o a
o m i a b n g o d i k i
k o o l u k a
a n a k u k a k a b a k i
o n g i k i m i
k o k e o s u a o m i i
n g a k u k a b w a a k i
k o n d o t o n a
k o u n g o v a o v a n a
o n g a k a b w i
i s i o l e o z a l z e o k o i k a k o b a k i
l a k k o k a i m b i i
k o k o y o a
k o k o s o a
i b a t a k o s a i
k o e a k e n g i a
k o t u i
k o i k a e m d e a a
k o i m a k a
i m b a o n g a i
u a e m a n g o l k o t u k o s o t a n g i
i b a m a a k i
t a t u n a k i
k o z m e m i t o n g i
e a k i u n a k i
k o o b e z e l i a
o s u a a k i
k o y o k a s a l i o b o m a
k o l i s i z e l i a a
k o a n i s u a k a
e l m b a k d e i d e i o t o a l a k a k i
k o o s o b e o s o a
k o d e a a
i m b i a k i
n a k i k o f u i
k o e a z e i m a k k o z u b w a n e n s a a
o s o g o l a a k i
k i m i i
m e e n g a k i
k o k a b s a k a
k o f a n d k o t k o m e a
v a n o l i a o n g i s a o m e a k i
k o i m b a a
o k a n g i s o l u m n g a t a k a k i
m b a k e m i i
k o o y e a
k o l u e m a k a
d e u k a a n g i n g a k i
l i i z a l a i
k o l u k a o b o m a
k o u w a k g i a
o m e m o l u i
k o e k z u w s i m a k a a
k o e k t a k k i m a o y a
k o i m i e l e m a
u a o l i n a k i
k o o f a n a
k a k o k o l a a b w a w a n i a
k o z u w a w i t u n a
k o a n g i l e l o b e n a
k o o f a n o m a a
k o u a k m b a
e k s i m i
o n g n g a k i
k a n k a k i o t z u w i i
k o d i k a a
k o u n g o o y e n g o l o a
k o k o s e b l a k i s a k a
k o b e i
k o l i
k o s u i f u n a
k o l i i i s v a n d a
o m b a u w a k f a n a k i
e l e t i n d i
k o o b o m e k a a
z u w a i b a k i
o f u u a l u e k i i
m i g o l e a k k o t e a k i
g i s a a k i
l i u a d a k o l o i
k o t e l e m e l a
w a n e n g l o b i i
u n a k l o b i o m e m a k i
a l a a k i
k o k a n n d k o k a o s u a l e l a a
k o d e a k a b w a b a n e l a a
k o l u z a l i
k o k o v o z a l e m a k a
k i m i z u w a a k i
k a o z a l z e l a a
n d e g o l a k i
k o i n g i o y a
k o k o k i m o b o m a
k o o l k a n d e i a
k o t i n d k o t e v a n d a
i n d b w a n b e i
i n g i b i s a k a k i
k o d e i l i n a
o m i o b a k o k a k i
k o k o l o z a o z e a
k o b e b k o z u k o z e a
k o l i s i o m i a
k o k a k o t a i
k o l a k l i s a
n g a k o t i a k i
t i k a f u n g a k i
k o n d i k k o v a k o t a o f a n a
t e k a i k a k e n d a k i
k o i a n g o n g a
k o m e m e n g a u a k i a
o m b a l e m a a n a k a k i
k o k o z a l a k k o t a a
k o e n d e k e n d s o a
i n d i a k i
k o o l a k k o t u a
k o o t o n a
l i m a a n d u n a i
l i s a a n a k v a n u i l u k o s i m i
k o o y i t a k t e k i o s o f a n d a
k o n a n g o e k o l a
m e m a k o t i
k o a k i n d e i i n d i a
y i a n g i i
k o o k a k a
u a k i n g a o n g i l i a k a k i
k o y o a k i
k o w a k a
k o b i s l e m a
k e n d a k i
k o k o b l u m b e n g a
k o b o m i e a b i s a a
k o o s o s o m u m b i a
k o o z n d a a
o s a k o k a i
t o n l i n a k i
k o k a k a a
k o e a k i o k k o s a a
f a n d i k i k o l u i
o k a t b a n a k i
k o o b o s a k i a
o t o n g o i
u m b t i k a k o k b e n g z u w i o m e l a k i
k o k i m i a
o n g a o f u n a k i
k o f a i s i a k i
k o o k a o t i k u k a
k o a n d e m y i b a
k o a l a k a
a k i s u a k i
k o g o l i o b a n o v a o b o o t e a
k o k o l o o y o a
a n g i s a k l u k a a k i
k o k o g i s i i
k o g i s i a
k o k a b f a a
k o k o l o n a k i a
k o i m a k a b a t a k k o k e n g o l a
k o t o b e i
k o o b i k o f u a
k i a n i o t e l a k i
k o k a n l e m i a
k o i s i a
k o k o m d i k o t o a
k o g a o k i m k o l i a
i a i n o l a i m b a y i b a i
o l k a n i
w a o k o m k o k i
o s i m a k i
y e k z u w i t e k i a k i
u k i i s o m e l o k a k i
e k a k m e l i a k i
l e l a a k i
u n a k g o l a i
k o o b a l g i s a a
y i o m b i
k o k a m e m a a
o f u n a k i
k o l u z e l i a k i
l e m o l u k i m a k i
k o s u i k i n d e i i
m i m b i a k i l o b a a k i
o n a k i
w a n i u k a i
o z e k o y i
k o d a l u m a
k o a k a n o f u u m b i a
t i n d a k i
k o y o k i a
k o l e m a
k o y i b i m e m a f u n a
o z a g o v a d a k a k i
k o s i m b o m e m a
k o u m z a l a i n g a a
o b i d a k i o l e l i
w a n k o f u i
k o k a n g e k o a
k o k k o z a k o k a a
k o e m a k o z a a
l e l t e a k i
o k o m i
o t i k a k i
o t u m a o l i n i
k o u a k o s o a
o s k a k i a k i
k o y k a t i k a k i a k i
k o u a k o m e l i a l o o t e k a
k o o z a a
k o l i k o f a e k k o y a
k o s a l i b e n g a
d e a k a n d a i
k o g o l a t a n g a
k o i a k o k a b a
k o n g i s u a k i t o n i m b a y o k a
k o k a n y o k a
a n d i i
k o o k a n a
k o n g i m e l a
k o k o s i l i s i a
k o b e n g m e l k o m a o f a n m e m i a
k o o s o m e m k o f a
k o i b s i a b a
u n i i
o z u w a k i
k o s u i k o b a
k o k a f u n g l e o l a
o n o m e a k i
k o o t e s o m s u i a
i a k i i
k a n g i a l l a k a
k o y e k s u a
o s u n g l e l e n g a k i
k o u m o m b i k a b a
k o s o m s o m b e a
k o o t o o b e b a k i a
f a n d i
k o g a z a l a
a l i s k a t o l a k i
k o o k e o m a k a
u k i o k a t a k i
k o k o s o i n d i i m b a a
s i g i s i k o t i
k o o l u k y i o k a b d i k a a
k o o t e k f u n g d a k w a n a a
k o e k o u a k i a
m a e n d l a b i s i i
k o k a d i k o z e a k a
k o t u n a o f a a
k o k o m e b a k a n g a
u n i i d e e n g a i
e m b i a k i
k o i m b i o b a l a l i s a
k o y o k a d i k i a
k a k f u n i
k o e m i b a l a a
k o e k i o m a k a
k o k o a k i
a n g s u a k i
k o n d i l o t e k a
k o y o k a a
k o d a b e b i a
s u i l u k a i
k o o b a n m b t e l e a
k o a k i t i n d o b e n a
k o k o t o a
l i a i m b a a k i
b o m a k o z a l o b i k e n d i
k o t e l z a l a g i s a a
o k e n i
l u k a o s u a i
k o l e l i e l i d e a k a
o t o k a t a a k i
k o u a o v a n a
l e l i i
k a y i b i y i t i n n i a
i n d i k o b a t u n i i
w a n i i
k o o z u w y o k i a
o l o b k o t a k a b w i
k o k o m e b a n d a
d e o k o m k o l a k i
k o t i k b e n g e m a a
k o a n o l o b a
l u k i a n l i i a k i
k o b a l a t a
i n g o l u y o a k a a k i
i b w a n a l a k i i m b a a k i
a l a m e m i a k i
d e a k i
o m e m s o m e k i a k i
k o b i b a l a
z u w i i
k o w a k z a l i a
k o o y e o m e m a
k o t u n a i k i a
k o o s u a
o t o n m e m a o z a l i
k o u w a m e l i a
k o m e o t e k i
f a n o k o i
o m b k a t i
k o k o m a a
k o o b o m o v w a n i a
k o g o l a m a k i a
y o k o m b i i
k o m i e a k i a
k o v i
t i k a u i i
k o f u n g o l i l i s i e n g a
o s u o t u n o t i i
o s a s a l a t z a e a k i a k i
k o k o y o l a a
k a n g i
g a k o k a n a k i
i s a k l a a k i
o t i k l e m i k a k i
a k a n a k i
k o w a k b e b a n a
k o m e n d a k a
o z u s u i t i k e l a k i
o s a o t u u k i e n d e b a k a k i
w a l o b a k i
k o a n o y e a
k a t a a k i
k o o m u a k i a
o l i o m b i e n g i a k i
k o t i k a a l a k a
m e m o f a o l i n i
k o k o f u l a k o s o m a
k o k o f d i k a a
k o i m i b o m i a
e n g a k o m e i
a n g a o b a l k o t u b i t a a k i
s u i b a l i a k i
k o l u k n d a k a
k o u w s u k e z a l a a
k a k o k a b a
o l a k y o k a o k a n a k i
o t u o b a l o z a l u a k i e n i
k o u m b a b o a
o k a a k i
k o k a k i k o s b a n z a l i a l o y e k a
k o e b u n a
k o s k a b w i
k o t e k i a
k o m e l a a
z u w i a n d i i
e k a k o s o a k i
k o b a l a e k d i k i a
o t i n a k i
k a i
k o o b i o n g a
k o n d i k o t e l a
l a k i t u n a i
k o k a t g a k f u n g a
k a u w a s i o z a a
k o a l i a
k e o b o m e i a k i
n g a k i
k o l o b a o k a d a k a
a n d a k o m y o k i i
e i i m a k o y o a k i
k o n d u i a
o m b i a k i
o z a b w o b a n i
k o k o s a a
m a k t e e k a o l e l i
k o u n i s i a
s u i s u i
k o d e a k m e l o l i a
k o g a t o b a l z e l i a
k o l i i s i m b s a k i a
k o o b a a l a a
k o k o k o z a i s a k a
k o o z u l e m i a
k o e l i e b i s k o m a a
e n g a a k i
k o k e n a
k o i m i e n d e k a n g a
z e e l a k i n g a a k i
k o o m e m b a a
k o b a n d a
u k a y i o y o k a k i
t i n e m a k o m i a k i
k o o k n a k i i a l i s a
k o o n g b i s a a
k o e n d e a
k o o b o m o y e k a
w a n a i k i b i s a k i
a n a v a n d g i s i
n g a k o l i k o v a i
o t a k o y i i
k o b o m a e k o l m e m a
k o t i n d a
k o b e o n g f a i
n a o t o n k a b l i s i
o z a k o l i g a k i e l i m a m e m i
a n d i s i l o d e a i
o l e l s a z u w i i
k o f u g i s a e k a k a
k e n d k a i
z u l o b a i
o z u w i
k o b o k a n o t i a k i
k o u w i o s a l i b i a
o b a l k a n g a k i
k o o y i n d a z a l a
k o z e a k i
l o b o b o m a k i
k o l o l e l a y i b a k i
z a l i o l i a i
s o y o k a k i
k o d e a k a b a
k o i m b a a n d i f u n a
k o t i o y i b i
o t o e l n d e i a k i
m a t u n g o i
i n d o b a n a k i
k o k o k a a
k o e l e u n i k o t e a
k o n d i k o k a n a
k o k o b a m b a k u w i a
k o k o l o i n g i
k a t o n g k o t a n a
k o o y a n a k a
i n g a o y o a k i
m b i b w e b i s a k i
k o v a o l o a n i o k a t a
k o t e k a i n k o s a a
k o s u a k i
k o l u m g i s i a
z a l i i
k o k o y o t e l o m e m a
o l i a t e l e i
u k i l i z a l i
k o o s i i k w a n i o s o a k a a
k a n a k i
i k a k o k e o k o m i
y o k i e b i i
a b w m e m i k o m i o v i
k o o t a n u n g e b i s a
k o g i k o s o t u n a a
a l a t o n a k i
k o g i l e l a
k o s o s u a k k o s a a
t a w a k t u n i n a k i
b a l i y i b a i
k o o v a n o k i t i k a a
e m a k e n a k i
k o b i s i e k o k o k a o b e d e a k a
f u n a t a n g a l i s o t o k o t b o m a a k i
o b i y i b a i
k o k o t i a
k o e m a k k a t a
k o b o m a n g a
e l e m o f a i
k o o s e l e k a a
k o n g o o m i e m i o t i k a
k o k e u a k f u f a i
f a n d a k i
k o u a k i o f a o l e o n g i n d i k o z u w a
k o o z k o y a
l a k m b a k k o z u i
k o l o o l o d e a k i
k o o t a o b o m a
t i k a s u a k a k i
a b l o b a a k i
k o b a l i e m o k a
k o n g m e m a t e a
k o o t a n o s a a
g a i i i s i t i n d o k e n i
n d a o l e i
l e l a k i
k o z k o k i
b a n g i s i a k i
k o k a o t a n i a
n d e a m e l i w a a k i
k o k o z e l u m a
e l a k o t i l i s i
a k a n u w i i
d i k i o n u n i i
k o i m a k a n a s a l i a
o y i b o t u i
k o l i n g t u n i a
k o t u n i a
g i s i a b w a s a k e l e y i k o k o a k i
k o i n g a o t m b a w a o k e e m a k a
k o i b a o l i n a
g a k n a i
o b a k k o f a a k i
d a k i u i o k a k i
k o z e i k i i
e b i t u n i a k i
k o f u e b i a
k o m b a n g a a
k o o l a k a
k o v a n d i n d i o l u m a
d i k a a k i
k o a l a k k o m a
o n k o s o t e o s u a i
k o l e l i m a k a
k o l u k a a
i k a o l o b l i n o k e a k i
k o k a o n g u n i o z a l a
b a k o k i
k o l a e k o o v a
k o n g o s o m o n a
k o m e l o b a l a
k o b a e a i
k o k o s a u i b i s a t i k o y o b i s a
k o o l e l t o l e l i a
o n t e k i i
o m e a k i k o s i a k i
k o k o s a
z e o l u m i
z u w i k o t o s i m b k o z a y o k a k i
y i b k a t i o b a k i n g a n d e i i
o t e k a k a i
t e l s o m o y i b i
k o d e i o t u n l i n g a
k o k o l u o k a y i b m a t u n i d a k i a
i m b a z e l i l o b a b a k i a k i
k o y i b i n d a k k a k i a
o s o m k o k i a k i
o l e l l a l u k a o l a k a k i
k o l o b v a n d a
k o b o m a i b a g i s a a
k o w i k o z g a k a
o z a t i k a i
k o e k a a
b o m a t a k i a k i
e i y i o z u w k e n a k i
t u n y i b a k i
k o a k a b k o y e a
k o n d i n d g i o t e a
k o o n g i e n d o s i i k k o l o a
k o o m i k o t u a
k o a n a a
b e n b i s z u w i a k i
k o i k a b o o v a n a
k o t i k a k o z e k o a
k o l i n g l u m b a
e l e m a k i
k o o f a n o l i n a
l u k t a n g i
u a k i o b a k a k i
l u k i i
t a n d i k a l i s i
t a n i k t e k b a l i i
n d s a k a n g i k o z i s i y i b a i
k a f u d e i t e k l e m g i s a a
k o t i k i e l a a
k o b o t i k a u n a k i
k o t o n g o b e a l a k a
e n g i o l a a k i
b e o z u i
l o b a u w a t o n g a k i
k a e n d a n a k o b a a
k o o n g o n u w a a
m e m l e l a i
k o i b a k m b a a
u a k e n u m b a i
k o o k i t u n a
o l a k o l e l i
l i s i k o s a a k i
a t i m a k b i s i
k o d i k t e u k a i m i b a k e b i s a
k o u a k a
i n g i a k i
k o o b e s o a
o y e s u i g i s i
k o l i n u a s o m b a
k o k a o y i u m b s i m i b a k o n b a n a
k a k o l u v a k i m a a
w a k i n g a o n g i i
k o z a l l i u k a k a
t o o b k o y i i
k o m a k i o z u f a a
l i s i o k a k i m a k i
e l l e l a a k i
k o o m y e k o a
u k a k k a t i m a k i
k o o l k a n g l a k i a
k o z e u k a a
k o s a l o s a l u a k i a
i s a n d i k i
s a l a k i
k o m e l s u i b i s i a
k o o k e n a
k o s i o k a i
k o o l o a
i a k i b e n g i
k o k o z e k o l u a
k o k o s i a
k o e n d e a
k o k a u i i s a a n d a t o n g a
o m b m e t i n a k i
m e l e k a i
k o i i d e i m e m i a
k o o k e n a
k o a n d a o k e o s a l a
k o v a s u a s a k i a k i
k o t a i
d a k k o z u y o k o z e i
o b o m o y o a b w a i
k o o b a l o t i k o k a
l e t e a k i
a n g a k o b e g i s i
k o k o s i k o k a o f a o y i n d i k a
t i k a n d a k i
k o m b i a
k o t o n e b i s a
e k a k l e o s u a i
e n g a o n o m i o k a b i
t o y e k o i n g a k i
k o t u o z u w y o k a o k e n u w a a n a k i
y o k a k o m a o t i k a k i
k o y i l i a i
k o y o k a o s a
k o g o l a z a l a a n g i a
k o k o s a o y e k y o a
l e l m e m i
a t o m b a i
k o i n g i a
k o k a n w i k o y i a
k o f u n g a
o n t a n i
t u d e o y e k o l u o y o a k i
e m a a n d a l e m a a k i
k o i n g i k e l u m b a
k o d e i d e a k a
i n g i a k i
o t i n t a k u a k i o s o t e l m e m a a k i
k o b e b s o m o m b i a
k o l i s i m a a t i a
v a n g o l i a k i
k o l i n o s o y o o t i n a
k o o v o z e a
k o a l e l n i s a l s u a t i k a a
k o n a k a
l a k i i a k i o f a a k i
s o m b o b a n u n i
k o y i b a a
k o k o l o a b w d e i s a k o z a l a n d a a
k o e l e m k e n d a
a n a k a k i
k o t e k u k i t a b a n a
k o s i m l i n k o l i s i a
u k a k a k i
l o u m a k a b y o k i a k i
o z u w i m a k a k i
k o e a i b a y o k t o n a
k o o y i b k o s i a
k a l o b f a n d a
a t a u a k i a k i
o l e n d a u w a k i
m a k i g i n a k o v a t i n d a k i
k o t a k e k i d e a k a
l o b u n i u a k k a k a y i u m b a k i
k o v a n o b e n e n g e n g a o n g a
t e e m i i
k a k l u k a a k a n a
k o i n d n d e i a
t e b a n d a n g a k i
k o a b a n d a i n d k o f f a n e n g i a
k o k o m e a
k o i s t i k a k e n a n a k a
k o k o t a a
k o k o s a m b i o b a a
k o n g i s a k a b a
s i o k a n i
k o u m b k o t a
k o k a t a
k a a k a e k o l e a a
k o i m b a o m b a
k o u m b a a
o l e l i
a t a k a k i
k o o t e l n d e i a
k o z e k a k i
s o m n g a k m a e n d i
i s i t o a k i
k o t o n g m b i a
k i m i n g i o k o t i k k a n a b i b a k i
a n a g o l a k o l o a k i
b a o l e i
o b a k i
i b a d i k a k i
k o a n a o k e n e b e n g i a
k o z u w d i k a a
k o l e l a l a k i a
k o n d i u k a k a
e l o m e m i
k o o l o b o m i l u a
o s a u m b a k i
t u g a k i i s t o a k i
k o m a g o l i a
a t a e k i
o k e t i k a k i
g o l a k o t a a k i
k o o z u y i b a k o t a a
k o m a g i s i o y e k a
k o y e k i n g a a
g o l a k a k i
k o t e k a n i l o b i a
k o b i s a e a k a
k o l e m a s o m a
n g o l i
k o i m e a k i a
o f a l i s s i m b k a k i
u m b t e t o n g a k i
u a k v a n d a k i
l i n b a k i
k o s u a k w a k a
w a n a o t e k i
k o m i e l a k i
o t e k k o t i i
k o o k a t e l a
o b a k i
a n g i a k i
k o k o t a a
k o l i n o z u b a n d a
k o e i k o k a o k l u a
i n g b a k a k a b a k i
k o a n g i a k a b o b a l a
k o d e w a n a y o k a a
n g a k i
o s u a o l i n i
k o o b o t i n t e v a t u a
k o t u n i k o b e a
o v a n b o m e l e a k i
d e k o t i a k i
k o s a a t i i
o s o m o l i o s i m i
v a n n g i s k o y i a k i
i s i o k a b i
e l e i
k o u a k t u d i k o y e k a
b i s k o v o l u k a k i
k o k o i a k a
k o o v a n o s a l k o k a e b i a
l o b i b e n g n d i
g i y e k o i
n d a k a k i
b o m k i m i l a k i
t o k o b a e i t i n d k a k e l i y i b a i
e m a k k a n i
k o k i m i m a u m s i l a k i t o n g a
k o g a k e a k o z u m b a
k o e b i s u n a
u m k o f a i
k o o s u o z u l i s a
b a n a n d a n a k i n g i a k i
k o m e m i b i s e n g a a
k o o b e n o m e m a t a k a
k o o m a k o z a a
b o m i k o l i s o m i
k o i k a k o z e o k a n i n g i a
k o l i a k a
k o l e s o m a
k o e l i m b i a
k o k a b a n d o l i n a k i
o s o m o b a n a k i
k o l o b i i n g k o s u a
d e o l a k b o o z i
o t o u n g o b e b i
k o b k o t e y e k a k i
a l a o k a k o b o m o l u k v a n a k i
l u k i
m e o n n a a t a e l e e i l e l a i
o t e l b o u m a n g a i
g a k i t u i m z a a k i
k o u m b i o z a a
w a n a e k k o b i
o t e m a i
l u l i n g k o k a k i
k o b e b i e a k a
k a k i e a d i o b i
l o b a g o l i i
k o u m b a v a n a
k a u n g z a l a k a k i a
n i y o i
k o k o a k a a k i
k o m a k a b k o s u a k i
d e a e n g i i
k o k o b s a d e a k b w a a
l e m s a k i i
k o u a k o y a
l o b o m e l t e l e a k i
k o s a w i o f a n a k i
k o t e k w a s a l k o m a
k o t e s u i a
u i z a l z u b o m a i
k o k o o m b n g o l u n a a
k o o l i a e b i s e n d a
k o k a b m e m i a
k o u k o v a u m b a
i s i i m b a a k i
k o k a n d i k a l a k a
l u m b i
k o n i y i b z e l a i k i a
