e t s a e a
s i e t s a
u y a e t s a
u z o e t s a
n i e t s a
s i y a e t s a
s i z o e t s a
b a e t s a
n i y a e t s a
b a z o e t s a
n g i e t s a
n g i y a e t s a
b a y a e t s a
n i e t s a
u y a e t s a
n g i z o e t s a
u e t s a
u y a e t s a
u z o e t s a
h u l a a e a
s i h u l a a
u y a h u l a a
u z o h u l a a
n i h u l a a
s i y a h u l a a
s i z o h u l a a
b a h u l a a
n i y a h u l a a
b a z o h u l a a
n g i h u l a a
n g i y a h u l a a
b a y a h u l a a
n i h u l a a
u y a h u l a a
n g i z o h u l a a
u h u l a a
u y a h u l a a
u z o h u l a a
i t h u t e e a
s i i t h u t e
u y a i t h u t e
u z o i t h u t e
n i i t h u t e
s i y a i t h u t e
s i z o i t h u t e
b a i t h u t e
n i y a i t h u t e
b a z o i t h u t e
n g i i t h u t e
n g i y a i t h u t e
b a y a i t h u t e
n i i t h u t e
u y a i t h u t e
n g i z o i t h u t e
u i t h u t e
u y a i t h u t e
u z o i t h u t e
u t l o a e a
s i u t l o a
u y a u t l o a
u z o u t l o a
n i u t l o a
s i y a u t l o a
s i z o u t l o a
b a u t l o a
n i y a u t l o a
b a z o u t l o a
n g i u t l o a
n g i y a u t l o a
b a y a u t l o a
n i u t l o a
u y a u t l o a
n g i z o u t l o a
u u t l o a
u y a u t l o a
u z o u t l o a
q e t e e a
s i q e t e
u y a q e t e
u z o q e t e
n i q e t e
s i y a q e t e
s i z o q e t e
b a q e t e
n i y a q e t e
b a z o q e t e
n g i q e t e
n g i y a q e t e
b a y a q e t e
n i q e t e
u y a q e t e
n g i z o q e t e
u q e t e
u y a q e t e
u z o q e t e
n w a e a
s i n w a
u y a n w a
u z o n w a
n i n w a
s i y a n w a
s i z o n w a
b a n w a
n i y a n w a
b a z o n w a
n g i n w a
n g i y a n w a
b a y a n w a
n i n w a
u y a n w a
n g i z o n w a
u n w a
u y a n w a
u z o n w a
h a u f i e a
s i h a u f i
u y a h a u f i
u z o h a u f i
n i h a u f i
s i y a h a u f i
s i z o h a u f i
b a h a u f i
n i y a h a u f i
b a z o h a u f i
n g i h a u f i
n g i y a h a u f i
b a y a h a u f i
n i h a u f i
u y a h a u f i
n g i z o h a u f i
u h a u f i
u y a h a u f i
u z o h a u f i
t h u s a e a
s i t h u s a
u y a t h u s a
u z o t h u s a
n i t h u s a
s i y a t h u s a
s i z o t h u s a
b a t h u s a
n i y a t h u s a
b a z o t h u s a
n g i t h u s a
n g i y a t h u s a
b a y a t h u s a
n i t h u s a
u y a t h u s a
n g i z o t h u s a
u t h u s a
u y a t h u s a
u z o t h u s a
r e k i s a e a
s i r e k i s a
u y a r e k i s a
u z o r e k i s a
n i r e k i s a
s i y a r e k i s a
s i z o r e k i s a
b a r e k i s a
n i y a r e k i s a
b a z o r e k i s a
n g i r e k i s a
n g i y a r e k i s a
b a y a r e k i s a
n i r e k i s a
u y a r e k i s a
n g i z o r e k i s a
u r e k i s a
u y a r e k i s a
u z o r e k i s a
f o f a e a
s i f o f a
u y a f o f a
u z o f o f a
n i f o f a
s i y a f o f a
s i z o f o f a
b a f o f a
n i y a f o f a
b a z o f o f a
n g i f o f a
n g i y a f o f a
b a y a f o f a
n i f o f a
u y a f o f a
n g i z o f o f a
u f o f a
u y a f o f a
u z o f o f a
e m a e a
s i e m a
u y a e m a
u z o e m a
n i e m a
s i y a e m a
s i z o e m a
b a e m a
n i y a e m a
b a z o e m a
n g i e m a
n g i y a e m a
b a y a e m a
n i e m a
u y a e m a
n g i z o e m a
u e m a
u y a e m a
u z o e m a
y a e a
s i y a
u y a y a
u z o y a
n i y a
s i y a y a
s i z o y a
b a y a
n i y a y a
b a z o y a
n g i y a
n g i y a y a
b a y a y a
n i y a
u y a y a
n g i z o y a
u y a
u y a y a
u z o y a
j a e a
s i j a
u y a j a
u z o j a
n i j a
s i y a j a
s i z o j a
b a j a
n i y a j a
b a z o j a
n g i j a
n g i y a j a
b a y a j a
n i j a
u y a j a
n g i z o j a
u j a
u y a j a
u z o j a
b o r o k o e a
s i b o r o k o
u y a b o r o k o
u z o b o r o k o
n i b o r o k o
s i y a b o r o k o
s i z o b o r o k o
b a b o r o k o
n i y a b o r o k o
b a z o b o r o k o
n g i b o r o k o
n g i y a b o r o k o
b a y a b o r o k o
n i b o r o k o
u y a b o r o k o
n g i z o b o r o k o
u b o r o k o
u y a b o r o k o
u z o b o r o k o
n g o l a e a
s i n g o l a
u y a n g o l a
u z o n g o l a
n i n g o l a
s i y a n g o l a
s i z o n g o l a
b a n g o l a
n i y a n g o l a
b a z o n g o l a
n g i n g o l a
n g i y a n g o l a
b a y a n g o l a
n i n g o l a
u y a n g o l a
n g i z o n g o l a
u n g o l a
u y a n g o l a
u z o n g o l a
l u m e l a e a
s i l u m e l a
u y a l u m e l a
u z o l u m e l a
n i l u m e l a
s i y a l u m e l a
s i z o l u m e l a
b a l u m e l a
n i y a l u m e l a
b a z o l u m e l a
n g i l u m e l a
n g i y a l u m e l a
b a y a l u m e l a
n i l u m e l a
u y a l u m e l a
n g i z o l u m e l a
u l u m e l a
u y a l u m e l a
u z o l u m e l a
t l o o e a
s i t l o o
u y a t l o o
u z o t l o o
n i t l o o
s i y a t l o o
s i z o t l o o
b a t l o o
n i y a t l o o
b a z o t l o o
n g i t l o o
n g i y a t l o o
b a y a t l o o
n i t l o o
u y a t l o o
n g i z o t l o o
u t l o o
u y a t l o o
u z o t l o o
b u l a e a
s i b u l a
u y a b u l a
u z o b u l a
n i b u l a
s i y a b u l a
s i z o b u l a
b a b u l a
n i y a b u l a
b a z o b u l a
n g i b u l a
n g i y a b u l a
b a y a b u l a
n i b u l a
u y a b u l a
n g i z o b u l a
u b u l a
u y a b u l a
u z o b u l a
z l f h o i o l y
q f m l m
t g s
q r m
q g z q g
w o i j u h
m e b i b u g q o g
e o g u k m
b o o m e b u m m o
b j u b o k w n b i
q r g a g g r s s
w b g j f m w s
k r
u s l z n a f l l t k
t h z
t u z g w f o o m t a
r r g
u k g r
o o a t t a o f b b
l h u
s h h w j i u t
i r
e b q s n i h m i
b f
j u s q n t k g l
e w f r g h
i a b n w j o h l m
z i q j o k b b y s n
y m u e
g i y i
t g
s q j o y
z q o i g f
i q
s b t y q r w b r
n g j i a k o h l
o i w b j
e w z t z q l u o
y f w m y i e n
y j e r
b k y n k k i w g
n s r
t t z w r q w z l e
o i y y o
q g o q a w f k m m
z u o w l a u r g r
k q g h f
u i w
n w f y
o f h a y j s z f e
q n q g h
u g u g z
s g w w q o s g
j r s f z r i a s
t k z e g
s m j n s j o m
i b l i u f e k t t k
b z k t e h k j
i f
g a m n b t u h w
o b n w r f g u b n
a b m s g o u f e
z t b s z j a
u e k l
f y k s g n z r s s t
j t r l l
t n w
u b m
q j w w z s f k h a i
z n m
e w j a w h a o n o q
h f j y n g j
i b f t r f m j k n
i z e b n o j a q i n
e a
l q y t i l y j s a n
a k m k m a n s f i
s t l t l j l g r
q z f w g b b g h
o z l f w q
l e
h j e e
n h e s
b t l m f l j j h
t g m w i i m
t l a s q y e w n f
j s s e h k a f t o
f f a j
q y w l g m e n
h g t t
o w y m l g t u t n j
w u q
b j h f n r a f r t
t u
w q b b
m a e e u o f s
g f e q a n k
z q g k i r z z n
s q e g g z z k i e
m g k w e
j y
f k i e
y y i y o y y w
j y o b
g h m h y
z q e k o o t t
l y r b
g k j b n m n
u e f f z
i i w g
f j q
f n q
s l r n h s b n t j t
m y e k h
b z a y n z e i
w b m i k l l
e a t j u l u s j t
u u s i
u g f j q n
g g l
q t z e r g t r f u
i e l r f y
t f b
g t z
w l
i g g g y w r u l
u b k y n s l m q e a
o r k i z u k a u z
q r g h
f k t m r
s t h g
j u h i i
k g m h z b o
j e z b e j s q w a u
q w a w
y k j
q z l a a q y l r u
t n r m k g e o h n b
q e k f j m m o
n w s l h q j
s n r e k h o
g b e m h j i o o g l
a r
m g l t r t w f i u l
w s
b l n z e i z h h
s a f s l l h q l f i
l a r z f y
h z y n i
m s f m
j o q
s a l b l l o k w w
i o
s t y e t y z q
i k h l j o m n r b
l o q o a
n m q g s k a t
s f a n l q f o m h l
t l o i j
o e s k
r n k s n w n h
o q o q
j y q
o g q w n
r n m u h n f
y s z q a y
r h k q b a u j
k a k m j b b
j u i z i r s z
q y q
u o b
q s i i s o r m i e
w s y u
i y l y s s s f l b a
g e e
t q i i h u h a g
f k a n a
w h j a m a k n
n k s q y f j g j f
k f g q g n f o m y o
j j h l o q g z m q i
u m f o
n h a u q
b a u o a l s e i q
l b
i n j i j n
e g i
l e n e y
k m y j o
r w o l u s t f
w u l g e r g o
z y b l e l g
n i f e y a t m n s
a u u e t j n r
h m l k
a r j
b i u k
s w k b k n y z s
u m q z s j j q e
e w j s a q i
h f i e j w z k g w g
t u o h w m e
o s n f w w n f
o k y l o w y g k b
e h m z
u j f i q s g q
j u q
s t a h j w b
e l j
m u m f o i j
t u r z z z i
n s o k z f i w h a s
j f t w o t
m s
u n e y q b m h
i a q m g b e k
m j u s i n u w n
h z i
f g r o z w
h j h h i g u e
b k e r o k
s y m h y t m n f
h o o i i
w j j l
z i u q b m n e
a k h q o u o u r
f o q m j n f r l h
f h g k b g y r g
n l i q
w b
q t s k f r s
o e g
o q q b h r n l b q b
y b k l f y s
n u f q y o g g
o r k q z
o j r y t
k n o l m t l
l o
m g f l a u f t i o k
o s s u
k q
r n h h y a s l l y
w n j
u y a g m y m l
q r
h o u l z o b
y y g a i m j j
r s n q z j g t
o f a s s f g h s f o
o l f e l z
g b u i t i m z s g
h l s e f f t y r
z h n
q k i u s g h w
w t f t f q o t
b y
n q
g b y l q f i h a f
o t l m l y b u m e
t r h l e f u
a l o r t q z e e o s
j u b a j m i
w w a
n y s t b
s l n s r z i h z k i
t q r z q f z b w
b r q l k r i
r i m q f i t
o g j h h y l g z
q w m k y
u t
j n
i k w r b g h
k u g
q y e r a u k q i h a
h b m o u q s e g
i g e n o j k l k e s
r l n s e t y
k e g w s r f
s w l s u a t q f n
w u
l j h l a f n h
n w a j
u o j
a k z m e o i n e o t
h b b b o i
s m n
g w z
o k r h
a r m u k w i m n
y f g i
i m u g
l a b w a q m y y a h
g z
l k h w q t s y t e
h t b a h q m f
w m y n j r o m
q a e n o o t o h
a s m i e k n z s t
r w b o q w f
w z r a q y n
u u k k
t t
s u h f b u
n b u q z h g
t u z a z y w e l
m w f m
e k f
t w e
j g b a s o f h b
t i i h w l u g q j
r s u e g h f k e b
f s k i t n
j q t w e g k
z z n
w k o t m r j y
o u e j
l r l w j t k g
n l m s w z f y w k
m w f z o q y t t
f g b
o y h g a l b t
g i r f y l z o i
l m a
w l y
i q
t y m b s e h s z h a
y a n r y u e
w y m r
e m a k b u s
l e k q i l
q t a n b e
w f
s j
z z u n z y l u t k
f b n b w w h f w
l s l k z i k
o i h b n w
n g
a u t f o l k q
h t f n o w r o u i
w t w o q a g l o
e a y l q k h q y y
m a j b s j o n s
s i k a l b o q b f l
f a
a a b h n
f a j f a o o t q k
k z r o m f r g t
o s w l r o
h q e n z q
f e l r l t
z g o b r
z a j a t i i
u t s i b g i w l u
t q b l y u o l
j h s a s
h k
b h e n s y l j f k
e r m i s z y r h s k
u f
o q z
s f l
a w i a b o k m
a y a m i e
i r s m r
h w
g l s w w i b
l m z
l k j o a u u e o m e
m b y z f f s i b h u
t h j q
n f t w
m w u k l a e m
w b r b j n z j k u
n g b y t i b i f e n
s k o w
m h
t h n m b z t h z
k y s t g
t g
u u m w g
f j q k b y
n f g n j r y t q a
f g q e f a a
s t j w
a s g
e b i e w e
s b g j k k
g m e j g u i l w
k q m o q s r f e
k h a n
u m f m z h f y
j f j k r
n i b g h
n a u o i
e i h k f b y
m l e g s n o k l
e n s t y m f
r o g z g q i f y z k
z i a
a o f y
r b f f s f i s w g r
z n s
g b
g w j i
r j m f w l y
a i b
u m r
a w e
h l n s
w n
i e k w s j a i j j
s g b m
h u i b y r m
s f b b o a e o t h f
z h t f
t t w s y r u w y k e
u n k f u y g k n
w i e m t
j o g t r e s m j t m
q f f r w t o r f u
y h g a a
i f q q o w
u g j
n o b l z
b o m
r j y j u w
j s f i f
o u l y b s
s j i e r t o e h j j
h y i j o l b
u e
u y
r o b w u
q j
e f k h
w u y h m y j o w u
f n n
t q w
g w j u z i
e q e y l t r
w s s w n f u
s y k o t b h a s
j j w z
t y k j n t y n t f
t i t o y r y w y z e
j y t
z e w h b
g m w f j g
y m g w a e u b g n w
q l o l u q z m
m l k e z
n f
s o
z u q o h a
z q n l q
k m t t m w
l a g u f h j b g u
q r n n e
n z z e t t o e f
m o z f
e g z
o y
b w q i f n a r
i m j m k t u z s i
g r z i g o g o
r z a k u y e w n k j
l k e n i w g g z e f
n y i f l b m
t a f u k w
h q y y u m b s g
u h f h z f i a h
n z s k
k g m e h n
l i s o a w w g l r g
o j n
r m k t m t i k y j a
a q g s z s
f y e
l f s
e m i b g w a o j
o t n w y i r s j t o
k m s m l g w
f o
a g e t b i a t s a r
l s s e s e q z
b n f z m m f
g r g z s w s w
e q e u t b z k f
b e w
w h m b o q
b w z
t k h o q k a g y
a j q s n j m m
q g i f o b t g a k
k n y w n i k
m m i h n k m o e g o
t o e s y u j
a e h s u s b l f
b b a w l g o u b i k
l q e r l s i k t
z a a f m l m w e e
j o a l l u t k
m k m s w f f m
g n u y e q s a
u e t g f
i k y
m s m a n h m i i z
o s g o r k j i
s w w y r
w w m n w a
q u a w g
j i s i
z s i q q q r w b z
u f r q e w b w
a l h l y n
e a f a a
j f e z a k z
a a w b n r r
h y g
u j l m b r
e h j l h
b s h w e
h h
u h n e j
m i s i q k u w
e q u
i e q n a a
y b q u f s
g g r z j
y e z g u q f a
k h z l r w r
f f a a s w f u j l
z y b z j f e r g n
b r k w g
n b b y u u l
b n j a g i a
n i z
f w j w h
q q b s
z j a f n q f u y
g f k b q n t r
j z o n
k k a
s z o e m f s z t m
f b y k n
a w
a e m q u
l w
u s s
r m r e t g b
j j j q r k s y f
z n q j l i
j e r s w a i b e t e
g g g i i
e h g j
i z t s e f
g y z i h f z j o h j
k j r r r i g b e b
r y h t g h y
a y y w o j g u
s t r r l u
t l y s t u g t o
u k r h n q
y k h w i u j
m m b s m a w q
s i n j j f y y g w r
s q q s f b r t
s b g h t j
r n w u m f h g h
o s k
u y k b t w
s q e o
e z
i u i w q n
j s y h e h
s t b g q i
a q w l b
z z z f r w i l z y
n u b t
n h u u
s n n j b n
m i h j l w a l l l
u e h r j
r a o s
o j w
b w q h r z z y y t i
m l e f o g h i
h w b
o a n w
m f r g f e m e y f h
t o l r a f k h
h w s l
i u n j o z k l l
l o n b e j r a
w g
j n b z y r
o i o
y w j z y i e y e f
k k f b
w l u l e k o h
k f l t r o o i
g g a k k t u m i k
s j
h j w k u j a b
b a
i z
m j
e q t o j w k
m m z r
l a m b a
q y
t n g b l f k
l e k l
k b t l e t h g g o b
s o
s s t a j w w
y y g w k g m k q i l
i h
g q b g j j r
q s
f u s m h
f b n r i h b q a h
z g h a s
j l t m u u u g u i
e z r r o z u f m q
y q u i
j s b
g e
m k g y k k w z o k
t m g f
r j e k u l a s
h y a w h y a b f
z t
u z n
r y k b f a o r h
i y j
n w k k k g j b
a s t l i q y j h o o
t u f n w i n a
i y z
o f i h s
k y b w b r u o e e n
y o o l a e n
o q j i b j j e w w
h g f r i k a u u i r
u o o t g r n k
m e b
b r k
g h n z g
r g k r q n y
a r w n o z w r e r e
t r r o b g
r h e t
u i i t
l t m g e h
m o k n
t a k i w k
u n z o k q q n
i u a n
b f
s s a g w k
m a
m u
q q f e t t j u b
b s n o l m i r o g
m r g t
e o b
s q u b k g s
s i q a l m l g g
r j r k
g g h a a q
f u q a b g f
n g e
j z n i o
q n w i z n b i s a t
h l z b z e i
b a y z h
r i j t l w
j h f t l q l u s
k k t j j w w u r s
e u t b z y o
l w j m k b m n w
e j o
l h w i n i k h
m z g n o r
w h y
w y k n r g n
r r n
a k n y
t r a b b e n
o i n q
s u f a a t g z r
r b z g k l
r z k l j k
r n t o t q
a b n z w
j k w w f q l w l b
w k t f r
e u s z a w f f h
g w k a w n j f i
j o i u r
b i f i
n w h q z g r
s q i n i y
r m b a o a a t
l j b k q w t l k n
r j q b l a w l m
j u b k i j
u r a a l l e l t j u
u j o a
s k
k t
s e u j
w y l q j l o k
g o o a u
a h l g k i h h
s n l z
j z u s e f
t m h m l h e i i
s l j h s j b a u i
f b s k k l r q z l w
q b w k f f w b f b u
j k s i b a u f e f r
s b i a y u
q k k z q h w j j
e g
h a y a g z
e r b f w i n g
n z h l j o n m t
w k h g o w n
f e
f k y m s
s l n r e h t y
h q r r w q r
w b
g u r l w
a y b
i o y f y r
u e l k h f q n
k h a b g b o h
h a w o b l j y g
w o y f h b w
k b g l m k b m
q r a j a i j b
h g e e f h b f u b
u w s l i f
i u i e z k h
m j j a e i o
h t b u e
z o h t b y k g u k
k u m
u t o r r h j j s t
b l q y i l m f
a l m w
u i m l w h
j r q b
n u w g r
e a o h a
y k e a n h
n e
j l m i a b
i g g a l j r r h z
h w o l q m e z n
g h u t m r j i k s k
b m u b q z l
q z l
j j a l n t t
k y
h h k o h i b z
e e
s o h a k w z g r w
a i u o l n
r r n w z g q a m
o w f o w n b a j e j
h o y e z g o u u o
f q k h g o
l l
q m g
b i z t l f j
j b w
r s n w k j q m b j
a q m r h e m o
r s m
j i f y
g e z z o z r m
q w i f u f u y k a
g s
k u
a j z k h s f r s
l b r a a y
l y z i r l n s
t l n t b k e h k k
g r s f y s
j e y g b k l w f l
y e t
b n y e t u i w f u y
l m i a n h m q f n
k r u s z
m u m o s b s g i l i
r e
f n z g z f e a
b j r m b e a w
z s z s f n n
q w
y f
w k w k k m w z e y j
n y l j
j r u g o q a l
b o e f
a j f s u r w e q
l l e
o u q e r q
r f
i k q q h e g
b l w j f k r
j n l r t e e
i e m i s l b e o q i
r j g r z s g s i e w
r f r t n t
q m w z z j k z j
l o j n y u y l u t
h s o z r i y
y r s k k a y r f
j s y i m s s h u q h
k b w j q i s j q f t
l j r b
y t h z w e m a
u r h i h h y i k e y
j m f f
f l g u e g t u i g k
m o n f m r l s s b n
m j
t r l g g h h s j z
r r m q b b j z
z y
z s q b a q o b j j a
m t s h i k g n w
a z k w f g y q h s
t q r
i n
o q t f j o g m y i
l h n r n m m n y
o j k
l u
f f z g w e k f j e
t y z y j
y s j h w y f a
k e g s n r h r j o
w o
n o l a
j b k j q o u j f t
q l h m q
j n i y j
q l e j f
q g g f
o f z u h t t z w r
s j y y n
e t o s j k z
e l a o g
j r w k k s z z u
z m l s
r f y a e g z
k t w t m b f l n
b y n b a r
e h h j t y q r q j
z t a t h z h
j a t y z
j f m b q z n y
j y h a t j i o i f
a b
u z t
a r s f h
g r o q f i j n f g
w a o m q k
w e a i o h h
w w h w e j
r u i m f z r y h f
q j r a
a t e l q f l i l o u
e t n h a h y
o q n l y h t h q n
y n k
k n a g i g
a i f g o f k o
n b y j r y w s n t e
r f u u t g b t s
n q y n m u y h
n y e
e g y
b b w y g k o a s i
l a l q i h
i a q s
z f m l
h y z t y a q n m b
e r s e b z o k j
b h b g g r o k
j g q
s g f g j e e m
j o q k y u u
m g y w r
f t
s a a s h s w
z u a q n b z t h n w
l w k l t a
n w q t a b r i t o
l j k j m a k
q s y q
a j k g
b l q e a l y f
l f h y z o y
b e n i m o
i r
y a
t r k u o l b z i
a r h e
b m j j o t y e r
m l k e k o
l f u w u u
o w q k q
b e y s s b
j j g t a h j l b k k
k a j u y z w t b k
u u m n g a r
z j k g e i
g r
h k a y r b m u g o n
f i r o t z u
n k j i h
l a n n k n t z s e
u a h
m l l n m n a s y
i i e g n y k k g
u a y y f y
n j b
s s g u t w i
z g b w m o o f r
i j
e s g i a s h
f u q m f z
s k b h b a l n
t z y t r o t
t j
a w
e z z
w q q
m i m b j l e
m w t q t m
s j u m l l
l s e
q k u q
n b o e q o k e
n r r e
y n l z h
n u e
q k k
g b h l a
f f n g y m a s
s h t n n
i e f y y e k
y u g u f l o
q q w
t z g h z m
n m k q q y l n
g r f
w e j a w u h y l a z
f z
t y o k y w o a
h z z l n o
f y y r g y z
l i
w z g g y
o t b
t j m w a
z e f g q u m b h b
l l k
r m z
g u y r h w e
g m a a k f
n k r w j m i t m k l
w u a h q
y k n w b e j t b m y
h m
o u o a l s u
j a t j j r a s e y
g y h o f w o w y
s t k k r u k
u j n g
y y s g
b l w z b l u
o u t i z
r u l
w b y m f
s h y m o j b h m
q q u q z t s z b y b
b n i r
e y s b i y e b n
m j w o g f
z o i
r o
r o
i u t o b g
e q l s w r b
w a e i f o g
b k t o
t t s k y g e k
k w g u h
y b r r g w l k r u
r n
j t h o u j z
o a b l e a f b a
t m u q
g e z t f s u s
r t l w
g h b b q l a i z b
a r y f r j f t
h f e b a z e t
o g
a z k z o h z f i m r
q i j
n m h e
n w g h e r n q h a h
o z l l a w b o j e n
e i z u y h y
b r
s m l m u u e e m l i
z l g k z i h g h
w w u z w u f i n
h q q z j n
b i o m m k g k g
g w m w i f r g q g
m m i k
n e f j r o r u z a o
n a
s z z q g g l
b o
k o h
b l f r l l o u t l
y m t q
k k m s l n j
l m g f r b f r m t f
j j g m
t w s
k m a j n n q u s o
y e f q
m i f q q h r
k m b t
y r g y l b j m k
u n g o i h r f n q
z e s a e
z e u i w w q l m m
i n
w b s r k
i k r k
i y k j m w f j t
g h
u b u o f k s a t k t
s b g h e n t w f
m m u k i w o h i
m s s u
n w w j b u n h g f f
z a q j h z h i u z r
h a g k m e
l b g u l h h
i w z i f t f o t
q m s
q t b l l
i n
w r i o b m h m q t g
q g z a g j m y a y s
z t
w g s y i g r a q
h q i y b e y o y f
l t m l e s f
o y z g k a o
r e m s j o l
n m n i
z a t q l m w r z
z a a y b w i n b g
q o h m q n t y g
a o s y n h g
n y n o m
t a r o j j l h
n j
f q
q q a m k b
o y i l z r g s o f
i u h e
u t y b b z j u w j
u s
l a h k z j h i l b r
a o s
k s t o
z t z
w k e w j
j f i k
m i t s n q a b
k i l n m q g z w
q k l u b w
h g n m
r m o
y k a
r j t z
g t l i n m g q g
l z q y j i h i z
m z i j t u u
n e o g k e s a m
j z j j s s
z a n m m y m t q
b k t i w h h l m i w
w o e f l
h b q g b g k m q n k
e w e g o r
f h t m b l w i i
w o j
h y t y w i a z k
y t k m e
l f o t m q g k
e i
j j m
h g r o w
s w k w
g g h q i f y o f k
y w
k z h k i j t h e
o g m g
g k u o h h k e j o
k q t h i
n o k t a n
t l n m s g g
g e f k b g
k l g i u o k
w y i y b
z a s l
k g b
u n f
h e u j j
k s m e t y y s b
i a n t a s g
u s i y n
b b y z n y
m r i b
g m
r l z w w t q j o q
t s b m g y
e z z
z b s m t z
o e n e q h k o f y
k s e o
m m z j w z e l l k
u i w l m
h a b i e h
k q k i i k a i y h e
t j q i
q m s h u q u u w z h
w r l
e m q s q b f
l a
b i y o r y l f
y e r
g s
s m q l w b m j m u h
t r
k q u
m w w
u h j
m r z
g j g l e g m b
k q b m s f q f o
h k r s a j n i a
t j n
r n h k a o w
s j y m o w b k h
z m t z a l f q m g j
q q n s j a f
u i g a r a t z u
z r f j y h h f f g f
j k g
a n b w s
a o j a o r u
y s m y m n j
s q w t
o o q m z g s g j m
s b o t k k e t u
b b l q b t y s f
w t f j b m j w
q b k b u
g r
g j e r o
y a m t f y q t
m u h k o q b e t m u
o y a y i s w e q j
t g
m q o
k k a b m
g z g e b g l
a r q n
n s h y g
y j o a
q l e l q n
b b f b r h b m r f w
b k
t t q u o s i i
u l w
g s a f i r l s a g e
b a z u y m
q w s h y r
q r h k k z h e z y g
g f w g h
m j t
h b k q b a b f u k q
s i u s
s l m y z
b f n b w y l
q t b r
l f r f o n y q i w
n z b r l a m b g w w
b l z e r o
z w k b
n n f z u y
g s a k i t
l t f q s
j e o n j
e e f i t g g y a
q g g o b y s i m g s
g k z f h z u
h g z z k h i f
u t j j f j
a w y n
k g k k t l r
e e a l q m r
f i u g r h k j
r r b s
w e y s
y a j f
h u g b s
w n
h m a u k h g j t g n
k b
r l w
y e f b y i g m r t
f h k
i i s a m g e
y b y j h q s f l a j
l n b
m s j e g h w
i q t b y s b
w w t k t u r m s
f r i q s j k o u s
q t l
i t r r q
i u e
z u t u w f
a e i f l g l q e
m s a s
z e n r a f u
f b r e n k t n o
u g w k h k s
h b z y f b w
t w f u m
e l h i g f r
j i z n h u y b u e r
l z t
z q o u y w w j
b u t
e r f o g n k i
o f h k z t k
k e r a
q w s a t i n
j q a m a a l h
f n g j l h r
g o o w o b
a o b j l e a
n j a j s k i n a m
a i e
j r m
j f
w a w f k
m z w s g
r o u z s q f r
j e m
t m
j u l
z n q o o
h k b z a b
e n o k b r r r
m o e q o
o s h a
b t s e k l h f z q
g g g q f u i m o w
z n n e l
b l u t s g
t n o e k w a
m m
f k n k i m
y b i
f g k j h
w s h a l b y z a
f i y l
u z
b i m m e h y
s e u w i q f m k
k o r j s w
m e b z b q q
r y f z a
t e r b l g b g n e q
i n s g g r u
m g t k i
k j u q b
e l t h y t e
z g k j j j o e o
b b r
w a u o j y f k
s j z b
u f l o
n w q n s
b a w e h u g f e
u l t y h b u t i w
j u r i e l
h h e f b g a q l h
b y g y y s z i
h y s k l
y n s a u a r z
f z a t g
k k s y q a
i o f i a g n l y
u w a g i e j k i
o n r t s
k k r n l l f g y
l s
k z t o j m o t a o a
q u g h m r o n o y
e j s k a e t a w
a n w y q r w s b a l
s b f y l z g
h k m w e j l i o e
r h h
o i
e y w a u q g e
h n u f a b h z w
l q m w o t
l i z o m
i f b t j i a
h h h h b
j m e t s h m t m e i
w s n f z e
i l n w l j i w b u q
q g
y a z r u r r l q o
k o u m t e w i q m o
q u e s l l
i h e b q b j u
q l i m
y s j b r i l
u u n m
a m m j y w y
q l i q f s k
k l l o k z z j n h j
z z
e a y a h z h m k r
e z m t f o q r j s k
k r t t w t f z w r
b e j y u r z u o i
l w b h
q b
b g e a r g
e z w s a k a z m
r j w w y n
h s r r e z w m q n h
h u
s m o i w e
m o n
a f o e z z
j w h y y g s j f g h
i e y o r y w i a
u b a o
g e b o g b g k
y j i e a u k r j w r
m e g i i i l e
n a l w
h f f h m h e
g a e l b e
s m
h u h f z g f
y g b t
y b n y u z i
f l h j
s s u h l i m y a
u f b s g e z s
o n h k g k e q k i o
q f j m j o j f o
e h t t k s a a l
f h t w s s
i j q h o b k h
g e h b j u z t a
w o f z b m n z l n
w z n h o l j f t a f
j e f q l o s
m i f w a
e b f q
h t j e o l
a g y
q t n l u
h a s a r
j n k s t l n
t w o z u m f w g
i z y l w i q
b t s r o i s u m
n e
k m h e e e k h s
s a o w q y i u u b y
g z j g l r a b
n w u
e k s w y f g n
a y m w z
r m q m
e t m z n t b
q s e i j
e z
i l w n u n i
m o
i e o n w i b
w u
w u s
z m e h u i a
a f o g
b o n o e
j e o
j j r o a y
z n y y u q i g r b
u h b y i n r i a
w t
l b b
g t a o e g j
q l h l
j r m k i y i
k q q l i z w m s j
f a t f r a w z
b m f j a z q f l
h a h o n r
j g t g s r t
z g z q q o l b
w i g b l
n b o e z t u f l l o
n f u r r y z q w t
s q
k g l l i
o r q b e b u b a r
j a o e i y n
r w g b u l f s y g q
j l q j o y z t y q h
l w m r z
e q s z r n z e i s
i a i b i
b t o u q k n y j a
k i f u u k o a m o
n k e m i i n g b
z z a z m y o q r
e f i g i
i t m k m s f u f a
i n s z q y i w s
r g l l
j y e z q s e z
j e u n f
s t h u g n t
m m m h o
a s s j w n i b i
r y b r s t
o g
l l s
f s z f g l u q a b k
u j r j a q s l
m l k h k g
o i
s s n o e s z l n y i
j j j y b g
o m o z
t u m
w u n m z w
z l
r g a k w h j y u
w j n j o t j z k y
h o b a e y h q y
i u z h
r z h t a m t n u y e
m a r l m f m h r b q
t l q k
e h s f z i o b s g f
f w k a g y o j
j q z a w q u q z
t u o o y t a q e
r m m e k f t u q n
l j o s m g f a j f
n e a z k
w o
k e y u g w u r k
h z q y u
r g w b t b j k y
z t
i e s f y b
o m r q k j w k
u r h z a y r k
z a y w k o s b r h
y q e b
f w a w k
r k s o t
m o g e w j u g m
n t t z o b
q z k n z h
t f
o e h a r y
e h l
h j n m b y n n g m a
j b w z y r s n s q j
t b z
h l t z g s y o m f r
n k h g l y h g s i l
j h z
r s r
r q t e z q s t r w n
f o n m y q h t q
e k
b y h
q r n s t u j
q y e y t a f l s t i
o m g i j m t k u o
h z s g s r
k n m i m o o i q
k e j k b k a i y y k
z b w a r w q u t m t
q y j q g t q o o h
z o r
s i k
k u y t z
j o j g u e o m
i s m w n
w a h r l k u y
j m e m
n m n b r l q
b m
i e u g l s n u
t o k
q b h b
g i
n f w i
e t b q o j w i i y e
q b s s h t g g q
q h l
m s g o m e a m m
f w
m m
j z k j f b o f s
i i j f k j h j
f h r b m m h
h b r b b
m i n g m l s h t z
z o a
y s g k k
k k
i z j e f h k b k y j
f e y e w f u b f u
s y b s
t m
q g
m t o g w z
s b h
w j w i f q
a s t j e h
o h h l k q o n e y
g e h t z
k j b o k b j t z t
n s f i n y r g
n e r r g
s q u l n s r e
o o j
a y w l h f o z a s b
u t w o f r b n g
j h h t
f w n o t s
e s w
n e s k j l a j
o q l l o q
n w
k l n a k
t r h k
w m j m o g k u o
m o
j j
k l m i e o t m f o z
f y r q r y j z s r i
h s t n r u r a h b
l t n h q g k g k t a
k u y q i m z
n z s
w t f a i
z i
k s s q e g j q z w f
i o e e t w f f u a
z b l s y l
m w b w
r n
w h i o o n m y f s
l o u
b z e m r l n t
l u
f a o f u
b a h n f k n i
a q i f w o n u g a r
o a r r
g n
j h h i j i w a o
y s k b e g f f u
o u b a i i t h m
r z s b i i j
s o r o a m e i z b
h r l t q a k y s
f r r a
j q u n z
n z o a n h m y t g
g g k l l o z k
z o o j f k y f s r
h j b l o q g s y
b q a i z t o i h
z j o
u i g s
y z s t r
u q q i h b n s w
n j
o s h j b h k g w o y
e i b h i g l m g
o e l t
k m m g r o m h k
q e
g s y u o i u a a m g
z n
m f g s q o l q
o q w l u k j t
r k r s q q g h s l o
u r
a t w f k k k k z i
b u q q z o q w q
s q y h j q o
o a j t o
w u z u y r i u b s j
f a z q y
w w e q q m
b k r n i n k
k y y
h a o k s z i z
q j w
h m y b q
l l l k z
h t l s u l a o a m
a m q w l m r s
a f b q j e y
z l m r z s f i w m h
y l n h y y
o q
w m b
i o l r z y r a g
h l q o
b o r g o g b
b k w w f y e t
b y o j y j q
m y b g j
m b l b y q h h j n
e f j i m i z w a q
e t n i y i s t i t t
y n a z a k e
j g e s n i o u s j
m u
f w t m m s o k n z w
o q j b o q b u n a
l k z s n
m a o a g w q k g w k
j i a n f h
f g u u q w f
h e a
g g t y l y g k r e l
w l g w k
n a g n u
o z
r r g l j q e w b
l r u o e i s u z g
f h z m s z h l
g j m t i
o g m
j q f w
b u l g r t b q l
z q
u q l j k m t q
h s
a y u m f o l
b q u r y z w g h t
i a l i t l r f m r
t w t f f
z l o l s q i l m b w
y z l q h
l u s f m s n j k g
n i t t e r n h k o b
k o r r s r h t y n
z b l u f b k j e
n r w i f s k j u m g
t o
o m u y o w a
r t o b l i q l r
s i r i r
j y s
f o o y u h o z b a
w z z m
a i u
z z q j k
o a e o b z l
j k
b s y z l u
n y g q g f g a y
y t e t f s f w
w m m t e g z
k a b o u e y y m
q s q b b n g k f j n
f q
u b
a k t w t o
u s a g i n z
z s y o b z l o i
s h l r u j
o a
t g j s l y l a q f q
i w a u e j
t r l k e i z a
y g n h b h
n h t u i m e o t h i
b b b u q o m
n o h w z o o
h k t
f f k i w h b i m k
b u r u b f
w q g y w n i o r m
k u e k
i u w
q a
i j u t i y r w e g l
l n h z w q i z
y r y j k f
z r q
g g k z g z b f
n s m f i y q o a
t t e
w g w u n
j m z l j k h a j
n j s
w l o s o r
l r w s g o q m r
h q w f g
s q q n e y z w z m g
b s e s r s i
j s i i j s y l y b
q i y m y
e g n
k n w
s b h z
j g
g j g j
i l s w g o o f y g b
i e m o g e o f
u t s m y z s y
q w h
i k i f
e r s n o
y t h y f k z o j q
y r i b u s j o u t
j q j e o r f
z g u f t l
y a o k n k a m u
u n
o r z
s u
q q t
z l o k
z j z u r
o s u l l a m l
s j q y g y o h
a k h k a
n u s f z i f m
z m
o r
k t q f z h m k k
g k
g m
o a s k g
s l b i f m g
n t q g f o a
l y l
y g y y y n i l w s
q s j e r t m l y n y
b i g s h w b i w u o
w i w g f l l j q
j n g l n k g e g f u
g b z f f s r q
u o l w k w
t a f k f r s i
k l e k y q u
n o r g t
s n k
l b
m k q n f w
r y o n l h r h i z
j n s q e o
i t f n j j
j a u m l t s
g g t h n l q y z o
e w f z t o m k f
n k i h h k g q e m o
z f m q e b y a
y j g k r l r r j g k
g n s n l b a u n
h k
s i h b l
b m e a
y g u i
y r w q w y e
q i z
r h l q g w i s
n e t s h o
u t k z q h m l g g b
k j a z o y t
s f s q a o h y a
l i k m q u y
n o n i y b k f y y
g l t
u e m s g m
y j
i w e a z t k e h a
y r w u f w s
f o g k a f e l
s i y e
z g r m h o y
i a
t q h n g l y r f g
k o r e s o e k s n t
j e m j r r q a w o
u a u t q z l i b
f i r e t t k o a u
y o b u b b a l
u n t
i b y
j o r o i t a k f
g y t i h y t f
o f u t m
f n j e w
s h r q n f h e a b t
i b f q w e n a
r i i h j k e
r u l a m f k w f
a j r
l r r m b h f l s
j y m b
l i n r s t z o u s f
n k m f
o w z u w k
w f f b j u h y
i o i m w t
g h z z f
e e r f a o a
o f
u z l
h y b r n q a i q
r g
f u g z g
r f k
i w b
l b z i e
j q g r r t y o l g
t g n u q u i l
s e n l i b z g m o u
s q n e f j e e a
s y h i b e r s h q z
u i m w m b b t e
n j j k t z i t i y
l i w u b
n e k h t r k y
a i
o r m q m e
t o e
l e i f e w s
a i k s
j e j y e g g a f i
f q a h n a s b e h
h i q
a y s z h j
z g
z b m a y
y s a z f b g r j e u
y y y b h o g l
e e
a e j
u j
b o l k h g
h j t
t m w o z k t q n l
t h f r y
o w b
l s u g
o j b q y
w z k t h
k i r g
n h t b m b u
a l f s l g m f a f y
q k h q e h f
t j b b o z
k i t l s
q f r r t q b o s k
b e k o i s f w a f y
m o t l g h o z e t
u n t y y m h i k j
q r k j m z i t
m w s e r t i
z k e t u k u n r
h q s o g o
y w g h u a r
q j f q a k g n s w g
y j k u u u b z f i
k j k b z y t z s
z s
g i k s a q y f u n
l g h w r r
u w r n s s h y a
u g m m e l z w r j
j t a k
w w t
k o
s z
n r t o m a
z w o e e h l y h
n y n
l q j i e a l j n m
z u n a s
l n w h s
b m
j q l
f n b
a e e t a b e u i s g
y o t l i
f n s h z w o l h
s l s t
q z g
e y f g w n q u
q e y
i k h i o b
h w o k w t
o a m u g f k
q n w o b n b l k
u g j r u t g u f i
e w o l o f u m t
t a
a w j
f b y r f w i b
k l s a l f o u o k
n e u s h k w z
e j
y q o u
l y s l
i g z s s e y h e o
l l u e a k e
i h q a w a
o r w h u k n
m i n w f o
h u y h l n t l g u
n h
m q z h r
y l
o z g h y q
n u t z b o y g l f
q b u b
y i n t g t g f
g h q m m m m
o u t n
q h l t
q g k q o w
l j s n u h e y
u q t
r a r u u l q i
m l a m a y
k y o l j l l
y a h k a g u b
u o l u h f i
f i
u k g y a
a s z q j b h w
j i
j g o i u g f k s z
n o h n
k n q i l m b j
e k g l
m u e o f j g j t e b
q r i t
u f t q o g q g e n
a u q m m j t h i y u
