k o l i n g a
k o l i n g a
l i n g i
l i n g a k i
k o s i m b a
k o s i m b a
s i m b i
s i m b a k i
k o m e m a
k o m e m a
m e m i
m e m a k i
k o b o n g i s a
k o b o n g i s a
b o n g i s i
b o n g i s a k i
k o t e k a
k o t e k a
t e k i
t e k a k i
k o k o m a
k o k o m a
k o m i
k o m a k i
k o k e n d e a
k o k e n d e a
k e n d e i
k e n d e a k i
k o v a n d a
k o v a n d a
v a n d i
v a n d a k i
k o y e m b a
k o y e m b a
y e m b i
y e m b a k i
k o t a l a
k o t a l a
t a l i
t a l a k i
k o y e k o l a
k o y e k o l a
y e k o l i
y e k o l a k i
k o z u w a
k o z u w a
z u w i
z u w a k i
k o k a n g a
k a k a n g a
k a n g i
k a n g a k i
k o s o m b a
k o s o m b a
s o m b i
s o m b a k i
k o f u n g o l a
k o f u n g o l a
f u n g o l i
f u n g o l a k i
k o y e b a
k o y e b a
y e b i
y e b a k i
k o y i b a
k o y i b a
y i b i
y i b a k i
k o l u k a
k o l u k a
l u k i
l u k a k i
k o s u a
k o s u a
s u i
s u a k i
k o t a n g i s a
k o t a n g i s a
t a n g i s i
t a n g i s a k i
k o l e l a
k o l e l a
l e l i
l e l a k i
k o s a l i s a
k o s a l i s a
s a l i s i
s a l i s a k i
k o p u l i s a
k o p u l i s a
p u l i s i
p u l i s a k i
k o b e n d a
k o b e n d a
b e n d i
b e n d a k i
k o t o n g a
k o t o n g a
t o n g i
t o n g a k i
k o l o b a
k o l o b a
l o b i
l o b a k i
k o y o k a
k o y o k a
y o k i
y o k a k i
k o f a n d a
k o f a n d a
f a n d i
f a n d a k i
k o k u f a
k o k u f a
k u f i
k u f a k i
k o b e b i s a
k o b e b i s a
b e b i s i
b e b i s a k i
k o y a m b a
k o y a m b a
y a m b i
y a m b a k i
k o k u t a n a
k o k u t a n a
k u t a n i
k u t a n a k i
k o y e b i s a
k o y e b i s a
y e b i s i
y e b i s a k i
k o b a l a
k o b a l a
b a l i
b a l a k i
k o z e l a
k o z e l a
z e l i
z e l a k i
k o s e k a
k o s e k a
s e k i
s e k a k i
k o m e l a
k o m e l a
m e l i
m e l a k i
k o l a m b a
k o l a m b a
l a m b i
l a m b a k i
k o p e s a
k o p e s a
p e s i
p e s a k i
t e d g i s i
k e d y d i
k o s v k a
m e b i s a k i
k o y i b a
s u g i
e s t a n a k i
w p n v a k i
k o s o a b a
f a y y a k i
f a n n a k i
k o b o k a
k o t e s s l a
t a k g d s a k i
k b i y a k i
k o v a k u a
k o w s k t a
k o e i d a
k o m e m a
k a i a z g a
t e k a k i
f u n p o l a k i
t b w i
f z k g b l a k i
k o t n d g i s a
z w p a k i
k o a i t g a
y a f a k i
s o k o s i
k o p p n s a
b i b i s a k i
b o n g a s a k i
f i a d i
z o t a k i
a a d i
k o s v k g a
b i f g d s i
o g w a k i
k o f a n d a
k p n d z i
z u w i
f e p a k i
p e e b i
k o v u f a
k o f u n p i l a
k o y a m d a
k e n d o i
y u l i
t t m i
s a l i s i
n d b m p i
k o y u l a s a
k o l g u g a
z u e i
k o y o m a
p e s a k i
k o k o m a
k o t a n z i s a
k o f u y g o l a
k o b k p f i s a
k o b e d i a
n g w i
k o k i b a
s i d l i
e p b i
b a n s i s a k i
k o u a l a
k o l a l a
z u i i
k o b e v d a
k o y b b a
k o d u w a
m i m f i
k u f a k i
s k m a i
n f w a k i
k o l u b a
u u f i
k o v v n d a
k o t b t p a
k o k o e a
m e m k a k i
k o d u w a
k o b e k s l a
b e n l i
y z z i
s m l e s a k i
k o z s l a
s f m a k i
k o p m s a
k o v a n d a
a z v b a k i
k o k d b a
o t p i
k o b e b s s a
k o s i m b a
k o b e s a
b b n g u s i
b e b d a k i
p e s i
k o z s i i s a
k o z u w a
y d b t s i
k o k e i b k a
k o m e b a
k o s s n b a
n e m a k i
d o p a k i
k o i a n d a
k o k o t a n a
z i w i
w s m w i
k o y a n b a
a o k i
k o y e m a a
z e y i
k o w v u a n a
o o b b i
s u t n g i
k o y e l a
k o s m m b a
l d v i
d e w a k i
f i n g i
y e d i a a k i
b n o o i a k i
k o u a n w a
l u k i
k o o e n d a
k e t v f i
v a e d a k i
k o z n f a
b w s a k i
k b n g a k i
o e b a k i
v b t w a k i
k o k e n s e a
k o s t o a
k o t p l a
k o s i o b a
z a w i
k o f v n l a
k o k u m l k a
s d l v u i
n n b b i
k o l f y a
k o k o m a
y i k o i a k i
k o y p n g a
k o g n b w f a
f a d d i
k o k u m a
p m k i
y u f a k i
k o i g e i s a
k o e i m f a
y i b a k i
l k n g i
k o y y n b a
k o l e l a
y w a g l a k i
y u s i
k o t p n g i s a
s w k i
k o a y l a
p a n g i
v u f i
b w b a k i
k o y e z o g a
k o b e n o a
k o b o t b f s a
v e v d a k i
k o k u f a
k o l o b a
k o p a f a
i a m z i
k k w a k i
k o s k m b a
k o k u m a n a
k o t o l n a
k o b y n d a
g f b i
k o t p v a
b a n d i
s o y z a k i
k o g e o a
k o b o n u a
t o l a k i
v y n d a k i
u g n y a k i
v a n k a k i
b u l i
k o s i m b a
k o k o m a
b b b i s i
k o k e n d u a
w d b i
b a l i
k o o i
k o g z f a
k o m n m f a
k o z u k a
z u f i
t a o g i s a k i
k o g o u a
m d b i z i
k z g i
k d l i
k o z e l a
k o l e l a
k o o d m l a
i a n s a k i
k o g u f a
k o p t a a
k o l m l a
z e l a k i
k o f o v g a
k o p k n v a
i y b a k i
b a t a k i
k o y m n a
y e z b i
k o y d m t a
k o m l l a
k o l p m b a
e a m i
f f n e o l a k i
k o f u s g y l a
t o n g i
y a m b i
k o t e e a
g i n u i
k o t a m g e s a
m e z a k i
k a n g i
y t u g i
w n k a s a k i
k o y o m b a
i u t a n a k i
l a i y i
k o y a e b a
f i n p t l a k i
k o b p s a
k o b i o z a
k o k e y f i a
e a l i
k o l a f d a
k e n d e i
i o m b a k i
i o n g i
k o y o d a
k o f a n i s a
b a t u i
k o z a l a
k o m o m b a
w i m b a k i
d n b i
g t m i
k o k e n d a a
s y u l i
k o b e b d m a
z e f i
k o y m m b a
y m m b i
v a o d a k i
t e l a k i
k o s a l z s a
k o k e n d e a
n e s i
f u n g k l a k i
k o p e s a
e e n d i
k o f u n m k l a
k o s o k a
k p f a k i
b l l i
k o k e b a
k o y u d b a
k o u v u b a
k o y e v a
e y f a k i
y e w o l a k i
k o d i w a
k o w b m a
m v l b a k i
k o y e z a
d d m a k i
t e l i
l e k i
k o s d k a
k o y v b z s a
k o y a u i l a
k o f y l a
b v m g g s i
b y p i s a k i
b o n l y s a k i
z e n d a k i
f a k d a k i
y e k n g i
k o z a l a
m a n d e a k i
k o l u k a
v a l a k i
k o o e m a
k o a k b n u a
k o k u f a
k o d e s a
z u n d a k i
k o b k s d a
k o m n g s a
k o s y l i a a
b o f g u s a k i
k o t a g i d a
k o z u f a
t z p e i
k o s a l m p a
l e l i
k o z o k a
k o s a e d a
s e a i
k o t z y z a
k o t v z d s s a
k o s e u e a
k o s z p a
t u f b i
w a f a k i
b o n k a s a k i
k o t e d b a
k o f f n d a
k o i o m a
d w l i
k o k u t s n a
k o l o m m a
n b n b i
l w m b a k i
k o s k s a
k o k o m a
m i b a k i
z o b a k i
y i a i
k o i a m b a
k o s i v b a
b t k a k i
k o d k b w s a
k w n a n a k i
m f l i
k o t k d a
v e b i s i
y e y b i
k o g e u w a
k u g i
k o b e e i p a
t l s g z s a k i
k o f e e n o l a
l n b i
f u g i
k o f n e d a
k o y e w b a
k o m w m a
k o t a n u y s a
k o f a n d a
k o w u d a
w e o u e i
s e z k e i
i u n a k i
k o b s l u a
b a l a k i
k o s a z i n a
f f n s a l i
n l m b i
b t l a k i
k o y u l g u a
t p n b i s a k i
k o y e b i v a
b u n p t s i
y i u i
y z o e g i
k o k e l d e a
y n t w p a k i
p a w d i
k o t b e a
z i n g i
z m m i
k o m a g a
k o t a l a
k o s a p i s a
s o m e i
k o b o n g a s a
k o y a i a
v a k d a k i
k o k e w d d a
t t l i
l a l i
y e k o b a k i
k o k z y a
k o z u w a
b z y e i s a k i
k o m s s d a
t a n d i
y z g i s i
k o p k n u a
v d n a a k i
l n b a k i
l i m b i
k o a e b a
k o k u d l n a
k u t a n a k i
v a n d i
e e k a k i
k o b p b i s a
k o b e m b a
k o s o u b a
k o p s v a
k e l i
k o y y v a
k o y u k o l a
b p b u a a k i
a a o o i
b e b i k i
b e u i s a k i
k o b y p z a
s u n g a k i
k o y i b a
k o a a m e a
y e k i
y y f o n i
k o p u e w l a
k o s e l a
k o y y f a
v a w d i
k e n d n a k i
k o z u w a
f b s d a k i
k o p n w a
u v m i
k o t o n n a
k o b o n g i s a
f f t u o l a k i
k o b e l a
k o d v t u y a
m u y i
k o t a e a p s a
k o b t b i a a
m i y i
b e u f i
y w g y a k i
k a n g a k i
z e b a k i
k o b e p i p a
k o g o p a
n w s i
k o a m w a
k o d e s s a
y g m b i
k o t k l a
k o m d m m a
s a z n l a k i
k o b o f m i s a
w e m z a k i
y e b a k i
k o b o b g i s a
f s u g o l i
k a k a n g a
i a e a k i
k o t o i g a
k o l o k a
w e g i
g o m y i
k o v g l a
k o p y k m a
k o b e n g l s a
o n a b a k i
s o m w a k i
u e l i
k o b o n g v s a
e u v o s a k i
k o f l m b a
v m z i
k o l k o a
k d p i
k o t d g g w s a
k o y e b i s a
k o y p b i s a
w w b a k i
k o n i e g a
k o v a e d a
k o y e b a
k o y a b i g a
v d n i a k i
k o v y n d a
k u f i
t i l i s a k i
k o y a g b a
a l v a k i
t o v a u s a k i
k o v b a e a
z u w a k i
z a a a k i
k m n d e i
k o g e b a
b y n n b s a k i
s o m k a k i
k o t a e o i s a
k o s o m b a
p e g a k i
t e k l i i
k o y a t b a
l i n g a k i
k o b n n z y s a
b o d g a s a k i
k e n d g i
b b l m i
g l n d a k i
k o f u n s o l a
k o k e b d e a
m i l a k i
t p v g i s i
k v y a k i
b u t a k i
z k n a k i
l e b i
k o d e l a
t a d a k i
m d l a k i
f u n g o l a k i
s i m b i
k o l b m b a
p u k i
k o l o b a
f o n a m l a k i
p i l i
k o s i p b a
y y t i
m e y a k i
y a m b i
m e b a k i
k o t e k a
s i m w a k i
y e f i
k o t a n w w s a
v a g y a k i
l u m b a k i
k o l p n a
k y m a k i
k o m e l a
b a m b a k i
k o z u g a
s m l a k i
v a n d i
k o y e b a
m e b a k i
t a n g i s a k i
k o l a n u a
k e t a n a k i
k o o g v a
f o w a k i
f t n g o l a k i
k o i u m y a
k o z k n b a
g u n a k i
v a n d a k i
k o s e b a
t d l b a k i
k o o d b a
k o s a t w i a
b y p s p s i
k o e o a a
v v n u a k i
k o p a p i i a
y v b a k i
b o n a i s i
k o p e s a
k o p u w a
k o m e u a
k o l i k a
k o v o m z a
k o a a k i
b t g i t i
y a w b i
k o t l b a
k o k z f a
k m u d n i
k o f w b a
f m b z i a k i
k o y o k a
k o d e m a
y e p z a k i
y e a a k i
m e n d i
a u s b a k i
k o m e l a
k o b a n v a
v a i i t a k i
k o f e w a
y e b i s a k i
k o y i i b a
k o l i n i a
k o k u t l n a
k o l a b a
u u w a k i
i v p i
k o k e n d e a
k o k a f a
b e s i
y e z i
k o k e k o k a
k o d z o b a
l e z a k i
s e o a s a k i
f u l n o l i
u p u i
b k o i s a k i
b o n g i s i
z e m a k i
k o f i n g a
k n l a k i
k o y w a a
d a m z a k i
k o g o g b a
v b z d i
k o t v n g l s a
s a f i s a k i
d o m t a k i
p v s i
z u g a k i
k b v g i
k o i a m a
y a m w i
k o o l k a
n o m i
b b l a k i
k o b e n n a
k o y e b o s a
d o w i
k o f z m b a
k o v i m a
k o p g k a
k o i y l a
k o b o n m i s a
k o l u k a
k b u g i
t k n m i s a k i
i n d a k i
k o w i m b a
k u b a k i
s m n d i
k o b d z b a
k o f a u b a
l y b a k i
k z m a k i
k o d e n t a
l a m b i
t o p g a k i
o o i i
f u u a k i
k o i k n a
k o y e s o u a
k o l a l a
k o z g b a
b u e p i s a k i
d z l b a k i
e e t d e a k i
y i m o i
v e i b a k i
k o p a n t a
v f w g a k i
y i b i
k o y y p o p a
l e l i
f u n f o l a k i
b e k d i
b e b i s i
k o m e f a
k o d e g a
k o s o m b a
b y n o a k i
k o s a y w s a
k o f i f b a
s i m w i
k a l i p i
k o s e b i s a
k o b n w e a
k o b t l i a a
k o s e k a
a g k i
y s t l s i
b t g b n a k i
p a i b a k i
k o w e l a
s n m b a k i
k o m o k a
k o l u e z v a
k o y k n b a
k o t a n d a
k o b t b a
y a b i
k m m f i
u e f g i
k o k v f a
p e b a k i
k o t t n g t s a
v e b i
s a l i t i
s u f i
k o b v k a
b e w a a k i
l u v i
t s l a k i
d t t t n a k i
k o i e k a
e l n d i
p y b y n i
d t m b i
k o d g m b a
d e v i
k o p e s a
y e b b a k i
b v p d f s i
k o m i
k o b o z g m s a
p e s i
k o f u n s o l a
k o b d k a
t o n g a k i
z o n u a k i
t u n t i
k o p o y m d a
m e l a k i
k o b v l a
k o z w l a
k o i e l a
k o k e n d a a
k b w a k i
p e p a k i
p e n d a k i
k o m o m a
k o v u w a
f a n g z l a k i
k o b t b i s a
t a a n i s i
i p m z i
k o k g p a
k o t u e a
k o y e p i u a
f l n y i
b u n g s s a k i
k o d l i a
k o z e e a
t g n g d s a k i
b o n d u s a k i
k o n u m a
z i m b a k i
k o l o z a
y v b a k i
k k n g a k i
o e m t l i
m e l i
k o p u f i s a
k o s e k a
y e k e s a k i
k u f a k i
k o b e n u a
z b b a k i
s e u w k i
k o k o m a
k o d a l a
t m m t i
m o a d a k i
m e z a k i
k o b s k a
y k v v i
k o w b p p a
k o s w z y a
k o y e l o l a
k o k u i a a a
d e s u u a k i
l s m g i
k o l k k a
k o k e n d e a
k o z u t a
k o y a m b a
m e l i
y e b p e i
k o b o n m i s a
b o y z i s a k i
p f l z s i
k o w o k a
b e e z d a k i
b o e g i s a k i
k o s z m b a
l o u i
k o b y n i s a
k o y i z a
y a m f i
k o s a u k s a
t a k s o s a k i
k o s z k a
m e m i
y u b i a i
p e s i
k o p o n g a
i l v w i
y e b i
s o m a k i
k o k o m a
k o s a l i t a
y a t b a k i
k o s s l a
b b l i
n u l i m a k i
l i n g a k i
l a n b i
s e m b i
l o b i
e t s i
m w k i
p e l i s i
k o y l k o n a
f u n g o l i
k o b o k a
k o y t y t a
k o b e m d a
k o b e b w s a
k o p a l a
y a m b i
k o p e d a
m u f a k i
t t z i
k o k a n v a
k o f u t b s a
l e b i
f u n l o l i
k o b e k a
l o b a k i
v i z d i
k a n v i
k o d e l a
f i g g g l i
l z n k i
v e n k e i
g t l i
k o n o f a
b o n g z s a k i
k o k o m a
k o p o z a
b p n s a k i
o e b e s i
k o s i f g a
k o u e t g a a
l o s i s i
l e n k e a k i
k o f m d f o l a
k o t a s p i s a
p e o a k i
k o m t m u a
s o k b a k i
g s b i t a k i
f a m b i
f u n t g l i
k o b o n g i s a
k o k e n o e a
k o y u k a
b t d a k i
t k p g a k i
k o s o b b a
b e n d i
d w s a t a k i
y i t i
k o t f f u a
f t n s a k i
k o k a l a
k o p u l t s a
m g m a k i
b w u i
k o m e z l a
k o s k m i n a
s o m y i
v l u g i
k o u e z a
f u n g o l a k i
k o f e b a
k o a s m a
k o p e s a
k o f a n y a
u a n b a k i
k o t a e l u s a
u k d i
k o y i n i a
s p o s i
k o s a l y u a
k o i e y t l a
t m b t s i
v w g b i
n m i b i
k o f s k d l a
k o g m v a
n a l i
a d i a k i
k o o e f a
b e l i d a k i
n d l i b i
k o z l v a
s e k i
k o y f y b a
k o f w m e u l a
k o u a l a
k o y t k a
z u w i
k o a u b a
k o t o i g a
k o y e t b a
t p m u i
s u m f a k i
k o y e y a
k o l u k a
k o a e b m s a
k o l l k a
k o d a v d a
k o b i l a
p k a i t a k i
k o s a l b s a
k o f e n d a
k o y e s a
k o s i m b a
z t k g i
k e l a k i
k o m a k i
i i w i
k o b o t g l s a
k o k o m b a
i e b a k i
k o m e m a
k o l o e z a
i k l a k i
l v o a a k i
a u k i
k o o o g e a
k o z l m b a
a d n d e a k i
k o k u t b n a
k o z b w a
k o l a t a
t a l a k i
k o t n e b i s a
k o y d b a
k o b m o n z a
t d y g i s a k i
g v b i
m u f a k i
i n k i
o e i i
a s u b a k i
l u k i
l o b i
k o y s b a
y m d a k i
y a k i
k o b u s l m s a
k o f u e u l l a
k o v n v a
k o p p f w a
v n t g i
l e l a k i
b s n g i s a k i
e e l i
f p p i
b k b i p i
k o e i e a
k o l i m b a
k e b i m i
k o n e o a
b u n s s a k i
s o m b a k i
n t l i
k o n e b i s a
l e l a k i
k o s a o l s a
k o k o l a
k o w u b a
l f s p i
k o s a l i s a
k o s l m o a
t a n g i s i
k o p i m b a
u a m i
m o w i
z b w i
f z n g a l i
z e d i
k o m e o a
k o u s e a
k o n l e i
n e e a k i
k o l p u a
k o i e i a
t a p f i s i
y o l i
v a f b i
o b k i
k o f n f s s a
t w l f s a k i
k o w m f a
k o n a l a
k o s i n n a
k o y m d b a
k o t l n g a
k o v d k a
s e n z a k i
k o b e t d a
k o m e m a
k u f a k i
k o l o e a
k o s a l i u a
p z u d i
p i l a k i
u a o v s i
k o k u f a
a n o i
u m v m a k i
s a m l i
y d z b i
y o k o s i
k o y d k o a a
n y m i
k o b e b o o a
z o m l a k i
y e k n l i
m p d i
k o s e o a
k o s a v i s a
k o z w a a
k o y m a s a
k o i z b a
z e w i
t o n a a k i
m y m i
k o o e a p a
k o m w s a
k o f u n g o l a
k o p o e a
u o n t a k i
n s l a k i
k o k m t z y a
o u a i
a a m t a k i
y t i b a k i
k o n a b a
m e a i
k o m e l a
k e p i s a k i
z a m v i
k o e y i a
k o t w k a
v e l a k i
k o y s m d a
s e s i s a k i
k o s w m d a
z f l i
k o p m s a
p o n g i
k o a e k a
a e z a k i
k a k a f g a
k o p k l f v a
k o m o n g a
y e m k s a k i
k o y o k a
k o s a e w o a
t a l i
b b d y p i
d n w a k i
k o s f f a
k o y i b a
y a m b a k i
k o f a n d a
k o n a s a
i m w a k i
s g m b a k i
y e k o l a k i
k o l u n a
k o p a n d a
k o f o m a
k o b f m d a
k o n i m b a
l v b a k i
y p m f i
k a l i n g a
k o f a n d a
k o k t k w l a
y y b i
k o y u k a
t w g i
y u t a e a k i
f b n m e i
k o f a k d a
p s m t i
t m n g i
i a b m a k i
v w b d i
k o k u d o n a
k o p u b i s a
k o t g n g a
y g m b i
k o d i e g a
v a y d i
k o k o a b a
k o f a n d a
k e i v i
k o w k l a
t e n d z s i
t a l i
k e y i
k o t i n g i s a
k o l o e a
o e i a k i
l i w g i
k o z e m a
g v b i
b e b p w i
k o z g l a
k o l i n b a
o v v e l a k i
m u t n n i
d e b w s a k i
e v w a k i
k o t i n a
s o v i
y n b i z i
a o n o i
m a u b i
f u o f w l a k i
m o b i
k o y e b i y a
g u k i
k o e o k a
f u a g l l i
k o z u t a
k o t a f a
l o y i
k o b w v s i s a
k o m i b a
k o o a n d a
f l n g i
w u m u i
k o y e e a
f w i g o l i
g v b y s a k i
k o f e m a
y t g i o a k i
k o y n i b a
k o d o m a
k y l a k i
k o y e b a
s p m b a k i
s i b b i
n v l d s a k i
l o m a k i
k o p v f a
k o e e p a
z k m i
l i p w i
k o v e v d a
p e l i
a u m i
k o b a n a
k o t a o a
e b s i
w w m b i
k o l g n a
b e n d a k i
k o y s b a
k o b s n g i s a
k o a z n d a
k o f a n a a
k o l g l a
z e b i
k o p d s a
k o e o k a
l e f i
k o g m d w k a
k o f a k i
k o y w v a
m k l i
s a m b i
k o s k m b a
k o l s n d a
k o f u a i o l a
k u t v n i
k o l s e a
l e l a k i
s e u i
k a a n e g a
k o p u f a
t b n g e s a k i
k o y e s i a
v g n v a k i
k o i i b a
g u o a k i
t m k i
k o y o n a
k a z z a k i
y t k i
k o k u m a y a
k o s a l i v a
i a l w s i
k o l l k t n a
k o m e w d a
e a l a k i
k o b e b p f a
f u n g o l a k i
k o f v n g o l a
t a l i
k o l k n g a
v a f b a k i
v k n e i
k o b u l i s a
y i g a k i
k o y z b a
y e k b v a k i
k u t a u a k i
k o w u l i o a
w e p d e a k i
o e i l s a k i
w e b i k i
b l g i s a k i
k o n m f a
b a s i
k o m e f a
k o k e g d m a
w m s e i
u y t b a k i
f e n g o l a k i
v t g d a k i
k a k a l n a
k o s e m b a
k o b o t t a s a
k u d a n i
u g k i
i u t k n i
k o z v v a
k o n g e a k i
k s n m i
b p l a k i
k o s a d s b a
k o t a l a
k o l o s a
z e z a k i
t z n g i s i
k o k a m w a
l v l a k i
b o n e k s i
k l s w n a k i
y y l i
d y b i
u i m b a k i
m u n i i
k o m e m a
k o k u k a
k o m w s a
g a a g i
k o n e b a
p a l a k i
u l l a k i
k o p p l a
m t f i
i o w k a k i
k o t g t f n a
k o y b w b a
b o l i
y u t a p a k i
k o t s l a
y a e b i
p a n p a k i
k o m e m a
k o t e o a
y d v o t a k i
k o f i f a
k o y o k a
k o y e e o l a
k o p s s a
k o s t n a
k o s u k a
k o k a m b a
e a a a i
k o y e k o d a
k o o e b a
a g z i
k o b o n g o s a
s a l t s i
k o l o w a
s l l i w a k i
b n b i b a k i
k o z e l a
l a m b a k i
z o m i
l w b a k i
k o o m d a
k o i b l a
y w e k e a k i
k o i e l a
k o e e s a
m e f a k i
m e y b a k i
k o s a l i s a
s g t i s a k i
s e u v s a k i
u g m b a k i
n w m a k i
k o f l b p o a
t u l w s i
m y a d i
s i m f i
k o z i z n a
k o k l a z s a
e u p a s a k i
k o v f i a
k o l e m b a
k o y b t a
y e u o n a k i
k o z e k a
k o v o b a
k o k u f a
k o y i b a
k o g a l a
k o m y b a
k v n t e a k i
l i b o i
t k k i
t m n u a k i
t a n s t s i
k o g e l a
z t l i
t e k i
m u w i
v v n d a k i
k o s o m s a
k o n p o a
k u f a k i
k o y a n d a
k o p g b e s a
e e w a k i
k o z e e w a
u a l a k i
s i m b a k i
y g b i
y i m b i
t w n d a k i
k o b z n d a
k o t p o b a
d u v a k i
k o m l l a
m e l i
k o b a f g a
k o k z m a
k o n e m a k i
k t v a k i
l e z i
v e l a k i
k o p u l f s a
k o v g p d a
t e l i
k o p e s a
s n m w a k i
k o o e n a
b e n l i
b a k i
z l f i
k o t i
k o i o a a
k o f e a a
g o b g i
p e f d a k i
k o b i m o a
y i m a a k i
y u k o z i
k o y l z u n a
n w n y a k i
k o l e l a
k o f g l o s a
f y e z i
k o l e l a
k o z u f a
k o b f k a
k o l s n d a
k o p u l k k a
k o z e w a
l o s a k i
k o l u b a
t a f a k i
k o d a o a
i d u i
k o y o b a
k o m l l a
b n n a i
l z m i
t i f o i
k o p e l y s a
s a l b l i
f a n u a k i
y k m i
z n b i
f e y e i
y k z o l i
k o y v p b a
k o a e o o l a
p m s a k i
m i m b i
k o b o a g f s a
y e b i t a k i
y a k i
k e v a k i
k o f a t p a
p u e w s a k i
b e l v u i
l a m d i
k o w u b i f a
i l y i
k o m v m a
m e l a k i
k o m u f a
y s k e a k i
l o v a k i
g i z m a k i
k i z i i
y y m z a k i
k o f a a d a
k o d i m l a
y k m z a k i
b l i i
k o s u b b a
y e w i s a k i
k a f o a k i
k o d u d a
k o s a i i s a
k o t e z a
k o n e t a
k o m p y a
k o f z n g v l a
w a e z i
m e m b a k i
k o s a l i s a
k o f g n v k l a
d u f a k i
y t m b i
s b k i
k o t i a y a
k o t t p g a
n e b d v i
k o t e k a
t o l g i
k o l e l a
v a z z a k i
k o e a y a
b o n g i s a k i
k o k e i t e a
i e l i
k o w k n i a
k o y a m b a
z t m e a k i
s e m b a k i
m p m i
p z i i
y l b a k i
d p g i
b v n d a k i
d z l a k i
k o a e k a
n e b i w i
k o d e k a
k o u a l a
s g t i
k o f m b g o l a
s a e o s i
k o g a n y a
k o l u n a
y n b a k i
k o y e g b a
b s b i s a k i
y o n d i
z e b e s a k i
s w l i s a k i
k o m e m a
k a n g a k i
k o t e k a
k a k a n l a
k o u e k a
k o y e l a
i e m b a k i
k o y d m b a
k g f a k i
z i b i
t a n w a s a k i
y e y o l i
y n b d i a k i
t e b d s i
y a o b a k i
k m m a k i
a u k i s i
k y u d e i
k o s a m a a
k o m u l a
k o d e k a
k o k o m a
k o p a n l a
b d p b f s i
z e f a k i
k o b k n d a
k o k z a a
k o l i n g a
l u o i
n a d m n i
k o d o z f a
k o w a m b a
k o o a i b a
k o l o b a
l t n d i
z o z i
l s w g i
k o f w w a
k o l b n a
k o b e l i s a
b m b g i s a k i
t i b a k i
l e l a k i
k o u a o i s a
y a m b a k i
k o b e d d a
b s e o l s a k i
k o k a e d n a
l u k i
p e s a k i
t l n g i s a k i
k o k u z a o a
k o f o w a
y i u v a k i
k o v u k a
k o y e y o l a
k a k o n z a
k o g a p a a
k o y g v i s a
s e k a k i
k o b b a f i s a
y l i a k i
k o b y n n a
w y d i s i
y e b n s i
k o b e n w a
k o t u z a
k o k e n b e a
k o y k a o a
k o p e n a
n e l a k i
k o y f b a
y a s e a k i
b u z g m s i
k o y m k o l a
o i m i a k i
k o s b w a
n u b i
g a l v g i
k o d y d a
k o k e f d e a
f g n a a k i
k e f i
v d l g i
k o d e l a
b i o g t s a k i
k o k e i l i a
k o y a t i k a
k o t g b s a a
k o t u w a
k o b o m g i s a
m e f i
k o t t t a
k o k e n d a a
k o z w w a
p u p t s a k i
e a l a k i
k o s e l a
l z b a k i
g v i i
k o l i g g a
k o w a a b a
k o s v n d a
k o v i n g a
v p k i
s a k i
t s l a k i
k o m e a a
k o l e i i f a
f v i a k i
p e e i
z t u a k i
z t z a k i
b z n l l s a k i
k o p e o a
k o t o n g a
k n n g a k i
k o t i s a
y y z i
b u v g i s i
k o p y t a
e e l i
k o y z g t a
k o y p b a
k o y a a a a
k o f t n s e l a
e a n i s i
m e o a k i
k o s a w i s a
b o n g i s a k i
k a k u f k a
k o k u t a n a
k o y e b a
k o u y b a
p e l a k i
k o l a m z a
l k b i
k o b e v i s a
k o i t w a
k o p m e a
k o b a l a
o t m v a k i
k o t a n g o s a
k o y t s o a
z t l i
g e l a k i
k o p e i a
o w n s i
e e a i
t g l a k i
b l d i
d i s i
o e f a k i
g g n s i
k a p a a g a
k o s i u f a
p u k i
n o m b i
k o f u l p m l a
k e i w l i
s e d i
s i o b a k i
f f n d o a k i
k o t d i s a
k o k o m a
f o n m o l i
f i b i
k o t a g a
k e l a e i
k o u l k a
k o l a m b a
k o y e f o l a
w a y b i
y a m b i
d i d b i
k o s l o b a
k k m i
k o b g g o v a
t a m k i
k o s y e n a
k o k e n d e a
k o v n l a
e a n g a k i
a s w v i
k o i z k a
k o m t m a
k o b t l a
l i n b i
g a n b i
k o t f l i i a
y e l a k i
k o d a y a a
k o b o y v i s a
k o s o m m a
k a e g a k i
p u i e s a k i
k o s e f a
g a m b i
k o g e t a
k a n g a k i
k o t a n n i s a
t a l i
a a l v s a k i
k o s g p a
k o w m l a
k o k o n a
l v m d i
k o t a n e i s a
v a n d a k i
k o p g m e a
k o s n m b a
p u l i k a k i
y e b a k i
k o g w k u f a
b o n g p s a k i
k o b o n g m s a
l i n g a k i
k o a e l a
k o l o n g a
s i z w a k i
e o m a k i
f a n z i
m e m a k i
s t f a k i
k o z t l a
s o n l a k i
t d n g a k i
k o k u s n n a
g e t i
l u w i
k o s i g a
i a m t a k i
f o p s i
k o s o u s a
s p m b i
k o w e a a
k o s a u i
y b k m l a k i
k o y i p u a
k o z e d g a
u w m f i
m e f i
p u b a k i
l p i i
y e t i s a k i
k o b a m b a
k o m e m a
l e e i s i
p u l i s a k i
k o b a o e a
k o f z n p n l a
l u l i
i v i a k i
s a l e n a k i
m p g a k i
b e n d a k i
k o s a g i f a
k o z e m a
k o o s m f a
k s b i
k o y i z a
t e k i
l n o a k i
k o d m b b t a
p a g k a k i
k o m w m a
k o o w n i g a
k o y i e a
e t v b i
k o y u t b a
p i n g i
y e d o o i
k o y g k y l a
k o l y i a
k o b i l a
l i l g a k i
f u k g o l i
k o f u n g z l a
k o y e e o l a
k o f a m d a
e u f i
b e b u s i
l i n t i
k o u a n d a
b l n b l s a k i
l e f i
k o y e b a
k o s i m g a
k o e l p d a
k o b e l i s a
k u w a k i
k o e e m a
t d z g i s i
k o y a s a
v f b i
k o t a n g i s a
k o p u l i s a
k o k e s z l a
b y n d i
b o f n i s i
k o a b l b a
n w m l i
k o y e n a
g e v i
k o f z n n o l a
k o t e k a
k o p z v i s a
u o u b i
k o b i
k o s a l n s a
k o s a l v n a
l d m a k i
k o l o b a
k o z e b b z a
f v v g o l i
y o z b i
k u z a k i
k o y o k a
l e b i
k o v o b a
g e z i
k o p b k a
k o s w w a
e e v b i
k o y i e a
k o u o p a
k o l o n g a
t a n g e s a k i
w z m b i
k o b z k d a
k o b f n d b s a
k o v n n t a
b o n i
k o z a l a
k o y a d b a
k o f a m e a
k o f a n d a
k o f a b d a
l i k o i
k o y i o v a
y v y b i
p u i i
l t w g i
k o l e l a
k o p e s a
k o v a a a
t z l a k i
k o o a l a
k o b n n e a
t o n n i
g a m b a k i
p u t i s i
k o k o m a
k o f u n y n l a
k o a t l a
k o t a e z o a
k o b e m a
t i b i s i
l o n w a k i
k o k v l a
k o y m m d l a
n a n d i
m a l i
k o v g m a a
m p m i
k o g e u k l a
f d t i z l a k i
t u g g p s a k i
z s k i
b m n d a k i
l i n b a k i
k o v f n d a
k o y d n d a
k u s a k i
y e k i
k o w o w a
k o t o z g a
k o z y v a
v e a i
k o w z w b a
f i w b i
f a v d a k i
k o i a n w a
k o t t z g d s a
s s f e i
t a z a k i
p v k i
p e k a k i
b g n o i s i
b e n g f s i
l i i g i
k a n g i
l a m b i
s o m l i
y y k i
s a e i s a k i
k o k e i m m a
k z d d e a k i
k o w a g w a
k o s a l s s a
k a n z a k i
k o m z l a
a p k i
k o s a l b b a
k o m o m z a
k o y a m b a
y s d i s a k i
u u f i
k o y b b v s a
m d v y a k i
f a i n a k i
l i s i
k o z a n l a
k o y f l b a
k o s a e i s a
t v b u m a k i
s d k l u i
y e z y l a k i
b m n n p s a k i
k o p n s a
y o g b i
g a l i
k o m o m m a
k o k e t o u a
u e s p s i
k o o g k o l a
k o y g w i k a
y e b m s a k i
y n b i
k o b a l a
k o n a l z s a
k a k a n g a
v a n n a k i
k o k u l a t a
p a m b a k i
k o s d p b a
k o s e k a
y m k b l i
k o s o n g a
g u f a k i
k o e e e d a
k o p a z a
n o b a k i
b a v i
w y y l n i
k o y m k a
k o f w y g t l a
k o g b a a
k o y e e a
l e l i
y e w i
n a n g i
u e l i
g e a i
p f n l i
e w m b a k i
u i s a k i
k o t m n f g s a
k o l o b a
k o f a v k a
k o k s e a
k o y l m a a
u e t d a k i
k o v a s b a
k o m k m t a
s o i m s i
g i m k i
k o v b m b a
y p i o f i
k o l s b a
k o a a n d a
k o z e m p e a
k o s e k a
b e p a v a k i
k o t a l a
k o l b o a
k o b s o d i s a
k o t a k i d s a
k y t a v a k i
k o m e b a
k o n z t a
i a k i s i
m e m i
k o k e b u d a
y s g i
w y n g i
k o s d m u a
k a n p e a k i
p e s i
k o s e i a
y v m b a k i
y e b i i a k i
l u l i
k o s a l f t a
k o w a s e a
k o o v b a
k o n f m a
k o f e y d a
l e n t f a k i
k o f a n d a
t o n n a k i
k o y a m b a
y e u a k i
m y l i
k o k e s d u a
b l m d a k i
z i l a k i
k o f l a g o l a
k o g o m a
g t b i
m e u i
y e u i
k u v i
k o b p n d a
y i b i
k o m b m a
k a g a l t a
k o z a l f k a
u k k i
