n n d u m e e
n n a _ n n d u m e e
a d u m
n n a _ a d u m
r e n n d u m
n n a _ r e n n d u m
r e d u m
n n a _ r e d u m
b ɛ d u m
r e n n d u m
n n d u m
a n n d u m
d u m
d u m e e
m m a _ n n d u m
d u m
n n k ɔ d u m
a m m b ɛ d u m
a m m k ɔ d u m
d u m
m m b ɛ d u m e e
n n k ɔ d u m e e
n n a _ m m b ɛ d u m e e
n n a _ n n k ɔ d u m e e
a b ɛ d u m
a k ɔ d u m
n n a _ a b ɛ d u m
n n a _ a k ɔ d u m
r e m m b ɛ d u m
r e n n k ɔ d u m
n n a _ r e m m b ɛ d u m
n n a _ r e n n k ɔ d u m
r e b ɛ d u m
r e k ɔ d u m
n n a _ r e b ɛ d u m
n n a _ r e k ɔ d u m
k ɔ d u m
b ɛ d u m e e
k ɔ d u m e e
m m a _ n n d u m
n d u m
m m b ɔ _ n s a m u e e
n n a _ m m b ɔ _ n s a m u e e
a b ɔ _ n s a m u
n n a _ a b ɔ _ n s a m u
r e m m b ɔ _ n s a m u
n n a _ r e m m b ɔ _ n s a m u
r e b ɔ _ n s a m u
n n a _ r e b ɔ _ n s a m u
b ɛ b ɔ _ n s a m u
r e m m b ɔ _ n s a m u
m m b ɔ _ n s a m u
a m m b ɔ _ n s a m u
b ɔ _ n s a m u
b ɔ _ n s a m u e e
m m a _ m m b ɔ _ n s a m u
b ɔ _ n s a m u
n n k ɔ b ɔ _ n s a m u
a m m b ɛ b ɔ _ n s a m u
a m m k ɔ b ɔ _ n s a m u
b ɔ _ n s a m u
m m b ɛ b ɔ _ n s a m u e e
n n k ɔ b ɔ _ n s a m u e e
n n a _ m m b ɛ b ɔ _ n s a m u e e
n n a _ n n k ɔ b ɔ _ n s a m u e e
a b ɛ b ɔ _ n s a m u
a k ɔ b ɔ _ n s a m u
n n a _ a b ɛ b ɔ _ n s a m u
n n a _ a k ɔ b ɔ _ n s a m u
r e m m b ɛ b ɔ _ n s a m u
r e n n k ɔ b ɔ _ n s a m u
n n a _ r e m m b ɛ b ɔ _ n s a m u
n n a _ r e n n k ɔ b ɔ _ n s a m u
r e b ɛ b ɔ _ n s a m u
r e k ɔ b ɔ _ n s a m u
n n a _ r e b ɛ b ɔ _ n s a m u
n n a _ r e k ɔ b ɔ _ n s a m u
k ɔ b ɔ _ n s a m u
b ɛ b ɔ _ n s a m u e e
k ɔ b ɔ _ n s a m u e e
m m a _ m m b ɔ _ n s a m u
m b ɔ _ n s a m u
n n k ɔ e e
n n a _ n n k ɔ e e
a k ɔ
n n a _ a k ɔ
r e n n k ɔ
n n a _ r e n n k ɔ
r e k ɔ
n n a _ r e k ɔ
b ɛ k ɔ
r e n n k ɔ
n n k ɔ
a n n k ɔ
k ɔ
k ɔ e e
m m a _ n n k ɔ
k ɔ
n n k ɔ k ɔ
a m m b ɛ k ɔ
a m m k ɔ k ɔ
k ɔ
m m b ɛ k ɔ e e
n n k ɔ k ɔ e e
n n a _ m m b ɛ k ɔ e e
n n a _ n n k ɔ k ɔ e e
a b ɛ k ɔ
a k ɔ k ɔ
n n a _ a b ɛ k ɔ
n n a _ a k ɔ k ɔ
r e m m b ɛ k ɔ
r e n n k ɔ k ɔ
n n a _ r e m m b ɛ k ɔ
n n a _ r e n n k ɔ k ɔ
r e b ɛ k ɔ
r e k ɔ k ɔ
n n a _ r e b ɛ k ɔ
n n a _ r e k ɔ k ɔ
k ɔ k ɔ
b ɛ k ɔ e e
k ɔ k ɔ e e
m m a _ n n k ɔ
n k ɔ
n n s o _ d a e e
n n a _ n n s o _ d a e e
a s o _ d a e
n n a _ a s o _ d a e
r e n n s o _ d a e
n n a _ r e n n s o _ d a e
r e s o _ d a e
n n a _ r e s o _ d a e
b ɛ s o _ d a e
r e n n s o _ d a e
n n s o _ d a e
a n n s o _ d a e
s o _ d a e
s o _ d a e e
m m a _ n n s o _ d a e
s o _ d a e
n n k ɔ s o _ d a e
a m m b ɛ s o _ d a e
a m m k ɔ s o _ d a e
s o _ d a e
m m b ɛ s o _ d a e e
n n k ɔ s o _ d a e e
n n a _ m m b ɛ s o _ d a e e
n n a _ n n k ɔ s o _ d a e e
a b ɛ s o _ d a e
a k ɔ s o _ d a e
n n a _ a b ɛ s o _ d a e
n n a _ a k ɔ s o _ d a e
r e m m b ɛ s o _ d a e
r e n n k ɔ s o _ d a e
n n a _ r e m m b ɛ s o _ d a e
n n a _ r e n n k ɔ s o _ d a e
r e b ɛ s o _ d a e
r e k ɔ s o _ d a e
n n a _ r e b ɛ s o _ d a e
n n a _ r e k ɔ s o _ d a e
k ɔ s o _ d a e
b ɛ s o _ d a e e
k ɔ s o _ d a e e
m m a _ n n s o _ d a e
n s o _ d a e
m m p e p a e e
n n a _ m m p e p a e e
a p e p a
n n a _ a p e p a
r e m m p e p a
n n a _ r e m m p e p a
r e p e p a
n n a _ r e p e p a
b ɛ p e p a
r e m m p e p a
m m p e p a
a m m p e p a
p e p a
p e p a e e
m m a _ m m p e p a
p e p a
n n k ɔ p e p a
a m m b ɛ p e p a
a m m k ɔ p e p a
p e p a
m m b ɛ p e p a e e
n n k ɔ p e p a e e
n n a _ m m b ɛ p e p a e e
n n a _ n n k ɔ p e p a e e
a b ɛ p e p a
a k ɔ p e p a
n n a _ a b ɛ p e p a
n n a _ a k ɔ p e p a
r e m m b ɛ p e p a
r e n n k ɔ p e p a
n n a _ r e m m b ɛ p e p a
n n a _ r e n n k ɔ p e p a
r e b ɛ p e p a
r e k ɔ p e p a
n n a _ r e b ɛ p e p a
n n a _ r e k ɔ p e p a
k ɔ p e p a
b ɛ p e p a e e
k ɔ p e p a e e
m m a _ m m p e p a
m p e p a
n n n a n t e w e e
n n a _ n n n a n t e w e e
a n a n t e w
n n a _ a n a n t e w
r e n n n a n t e w
n n a _ r e n n n a n t e w
r e n a n t e w
n n a _ r e n a n t e w
b ɛ n a n t e w
r e n n n a n t e w
n n n a n t e w
a n n n a n t e w
n a n t e w
n a n t e w e e
m m a _ n n n a n t e w
n a n t e w
n n k ɔ n a n t e w
a m m b ɛ n a n t e w
a m m k ɔ n a n t e w
n a n t e w
m m b ɛ n a n t e w e e
n n k ɔ n a n t e w e e
n n a _ m m b ɛ n a n t e w e e
n n a _ n n k ɔ n a n t e w e e
a b ɛ n a n t e w
a k ɔ n a n t e w
n n a _ a b ɛ n a n t e w
n n a _ a k ɔ n a n t e w
r e m m b ɛ n a n t e w
r e n n k ɔ n a n t e w
n n a _ r e m m b ɛ n a n t e w
n n a _ r e n n k ɔ n a n t e w
r e b ɛ n a n t e w
r e k ɔ n a n t e w
n n a _ r e b ɛ n a n t e w
n n a _ r e k ɔ n a n t e w
k ɔ n a n t e w
b ɛ n a n t e w e e
k ɔ n a n t e w e e
m m a _ n n n a n t e w
n n a n t e w
n n t i e e
n n a _ n n t i e e
a t i e
n n a _ a t i e
r e n n t i e
n n a _ r e n n t i e
r e t i e
n n a _ r e t i e
b ɛ t i e
r e n n t i e
n n t i e
a n n t i e
t i e
t i e e
m m a _ n n t i e
t i e
n n k ɔ t i e
a m m b ɛ t i e
a m m k ɔ t i e
t i e
m m b ɛ t i e e
n n k ɔ t i e e
n n a _ m m b ɛ t i e e
n n a _ n n k ɔ t i e e
a b ɛ t i e
a k ɔ t i e
n n a _ a b ɛ t i e
n n a _ a k ɔ t i e
r e m m b ɛ t i e
r e n n k ɔ t i e
n n a _ r e m m b ɛ t i e
n n a _ r e n n k ɔ t i e
r e b ɛ t i e
r e k ɔ t i e
n n a _ r e b ɛ t i e
n n a _ r e k ɔ t i e
k ɔ t i e
b ɛ t i e e
k ɔ t i e e
m m a _ n n t i e
n t i e
n n t w e r ɛ w e e
n n a _ n n t w e r ɛ w e e
a t w e r ɛ w
n n a _ a t w e r ɛ w
r e n n t w e r ɛ w
n n a _ r e n n t w e r ɛ w
r e t w e r ɛ w
n n a _ r e t w e r ɛ w
b ɛ t w e r ɛ w
r e n n t w e r ɛ w
n n t w e r ɛ w
a n n t w e r ɛ w
t w e r ɛ w
t w e r ɛ w e e
m m a _ n n t w e r ɛ w
t w e r ɛ w
n n k ɔ t w e r ɛ w
a m m b ɛ t w e r ɛ w
a m m k ɔ t w e r ɛ w
t w e r ɛ w
m m b ɛ t w e r ɛ w e e
n n k ɔ t w e r ɛ w e e
n n a _ m m b ɛ t w e r ɛ w e e
n n a _ n n k ɔ t w e r ɛ w e e
a b ɛ t w e r ɛ w
a k ɔ t w e r ɛ w
n n a _ a b ɛ t w e r ɛ w
n n a _ a k ɔ t w e r ɛ w
r e m m b ɛ t w e r ɛ w
r e n n k ɔ t w e r ɛ w
n n a _ r e m m b ɛ t w e r ɛ w
n n a _ r e n n k ɔ t w e r ɛ w
r e b ɛ t w e r ɛ w
r e k ɔ t w e r ɛ w
n n a _ r e b ɛ t w e r ɛ w
n n a _ r e k ɔ t w e r ɛ w
k ɔ t w e r ɛ w
b ɛ t w e r ɛ w e e
k ɔ t w e r ɛ w e e
m m a _ n n t w e r ɛ w
n t w e r ɛ w
n n s a w e e
n n a _ n n s a w e e
a s a w
n n a _ a s a w
r e n n s a w
n n a _ r e n n s a w
r e s a w
n n a _ r e s a w
b ɛ s a w
r e n n s a w
n n s a w
a n n s a w
s a w
s a w e e
m m a _ n n s a w
s a w
n n k ɔ s a w
a m m b ɛ s a w
a m m k ɔ s a w
s a w
m m b ɛ s a w e e
n n k ɔ s a w e e
n n a _ m m b ɛ s a w e e
n n a _ n n k ɔ s a w e e
a b ɛ s a w
a k ɔ s a w
n n a _ a b ɛ s a w
n n a _ a k ɔ s a w
r e m m b ɛ s a w
r e n n k ɔ s a w
n n a _ r e m m b ɛ s a w
n n a _ r e n n k ɔ s a w
r e b ɛ s a w
r e k ɔ s a w
n n a _ r e b ɛ s a w
n n a _ r e k ɔ s a w
k ɔ s a w
b ɛ s a w e e
k ɔ s a w e e
m m a _ n n s a w
n s a w
m m b o r o e e
n n a _ m m b o r o e e
a b o r o
n n a _ a b o r o
r e m m b o r o
n n a _ r e m m b o r o
r e b o r o
n n a _ r e b o r o
b ɛ b o r o
r e m m b o r o
m m b o r o
a m m b o r o
b o r o
b o r o e e
m m a _ m m b o r o
b o r o
n n k ɔ b o r o
a m m b ɛ b o r o
a m m k ɔ b o r o
b o r o
m m b ɛ b o r o e e
n n k ɔ b o r o e e
n n a _ m m b ɛ b o r o e e
n n a _ n n k ɔ b o r o e e
a b ɛ b o r o
a k ɔ b o r o
n n a _ a b ɛ b o r o
n n a _ a k ɔ b o r o
r e m m b ɛ b o r o
r e n n k ɔ b o r o
n n a _ r e m m b ɛ b o r o
n n a _ r e n n k ɔ b o r o
r e b ɛ b o r o
r e k ɔ b o r o
n n a _ r e b ɛ b o r o
n n a _ r e k ɔ b o r o
k ɔ b o r o
b ɛ b o r o e e
k ɔ b o r o e e
m m a _ m m b o r o
m b o r o
n n y e w e e
n n a _ n n y e w e e
a y e w
n n a _ a y e w
r e n n y e w
n n a _ r e n n y e w
r e y e w
n n a _ r e y e w
b ɛ y e w
r e n n y e w
n n y e w
a n n y e w
y e w
y e w e e
m m a _ n n y e w
y e w
n n k ɔ y e w
a m m b ɛ y e w
a m m k ɔ y e w
y e w
m m b ɛ y e w e e
n n k ɔ y e w e e
n n a _ m m b ɛ y e w e e
n n a _ n n k ɔ y e w e e
a b ɛ y e w
a k ɔ y e w
n n a _ a b ɛ y e w
n n a _ a k ɔ y e w
r e m m b ɛ y e w
r e n n k ɔ y e w
n n a _ r e m m b ɛ y e w
n n a _ r e n n k ɔ y e w
r e b ɛ y e w
r e k ɔ y e w
n n a _ r e b ɛ y e w
n n a _ r e k ɔ y e w
k ɔ y e w
b ɛ y e w e e
k ɔ y e w e e
m m a _ n n y e w
n y e w
m m b ɔ _ m p a e e
n n a _ m m b ɔ _ m p a e e
a b ɔ _ m p a e
n n a _ a b ɔ _ m p a e
r e m m b ɔ _ m p a e
n n a _ r e m m b ɔ _ m p a e
r e b ɔ _ m p a e
n n a _ r e b ɔ _ m p a e
b ɛ b ɔ _ m p a e
r e m m b ɔ _ m p a e
m m b ɔ _ m p a e
a m m b ɔ _ m p a e
b ɔ _ m p a e
b ɔ _ m p a e e
m m a _ m m b ɔ _ m p a e
b ɔ _ m p a e
n n k ɔ b ɔ _ m p a e
a m m b ɛ b ɔ _ m p a e
a m m k ɔ b ɔ _ m p a e
b ɔ _ m p a e
m m b ɛ b ɔ _ m p a e e
n n k ɔ b ɔ _ m p a e e
n n a _ m m b ɛ b ɔ _ m p a e e
n n a _ n n k ɔ b ɔ _ m p a e e
a b ɛ b ɔ _ m p a e
a k ɔ b ɔ _ m p a e
n n a _ a b ɛ b ɔ _ m p a e
n n a _ a k ɔ b ɔ _ m p a e
r e m m b ɛ b ɔ _ m p a e
r e n n k ɔ b ɔ _ m p a e
n n a _ r e m m b ɛ b ɔ _ m p a e
n n a _ r e n n k ɔ b ɔ _ m p a e
r e b ɛ b ɔ _ m p a e
r e k ɔ b ɔ _ m p a e
n n a _ r e b ɛ b ɔ _ m p a e
n n a _ r e k ɔ b ɔ _ m p a e
k ɔ b ɔ _ m p a e
b ɛ b ɔ _ m p a e e
k ɔ b ɔ _ m p a e e
m m a _ m m b ɔ _ m p a e
m b ɔ _ m p a e
m m f o w e e
n n a _ m m f o w e e
a f o w
n n a _ a f o w
r e m m f o w
n n a _ r e m m f o w
r e f o w
n n a _ r e f o w
b ɛ f o w
r e m m f o w
m m f o w
a m m f o w
f o w
f o w e e
m m a _ m m f o w
f o w
n n k ɔ f o w
a m m b ɛ f o w
a m m k ɔ f o w
f o w
m m b ɛ f o w e e
n n k ɔ f o w e e
n n a _ m m b ɛ f o w e e
n n a _ n n k ɔ f o w e e
a b ɛ f o w
a k ɔ f o w
n n a _ a b ɛ f o w
n n a _ a k ɔ f o w
r e m m b ɛ f o w
r e n n k ɔ f o w
n n a _ r e m m b ɛ f o w
n n a _ r e n n k ɔ f o w
r e b ɛ f o w
r e k ɔ f o w
n n a _ r e b ɛ f o w
n n a _ r e k ɔ f o w
k ɔ f o w
b ɛ f o w e e
k ɔ f o w e e
m m a _ m m f o w
m f o w
n n k a s a e e
n n a _ n n k a s a e e
a k a s a
n n a _ a k a s a
r e n n k a s a
n n a _ r e n n k a s a
r e k a s a
n n a _ r e k a s a
b ɛ k a s a
r e n n k a s a
n n k a s a
a n n k a s a
k a s a
k a s a e e
m m a _ n n k a s a
k a s a
n n k ɔ k a s a
a m m b ɛ k a s a
a m m k ɔ k a s a
k a s a
m m b ɛ k a s a e e
n n k ɔ k a s a e e
n n a _ m m b ɛ k a s a e e
n n a _ n n k ɔ k a s a e e
a b ɛ k a s a
a k ɔ k a s a
n n a _ a b ɛ k a s a
n n a _ a k ɔ k a s a
r e m m b ɛ k a s a
r e n n k ɔ k a s a
n n a _ r e m m b ɛ k a s a
n n a _ r e n n k ɔ k a s a
r e b ɛ k a s a
r e k ɔ k a s a
n n a _ r e b ɛ k a s a
n n a _ r e k ɔ k a s a
k ɔ k a s a
b ɛ k a s a e e
k ɔ k a s a e e
m m a _ n n k a s a
n k a s a
m m p ɛ e e
n n a _ m m p ɛ e e
a p ɛ
n n a _ a p ɛ
r e m m p ɛ
n n a _ r e m m p ɛ
r e p ɛ
n n a _ r e p ɛ
b ɛ p ɛ
r e m m p ɛ
m m p ɛ
a m m p ɛ
p ɛ
p ɛ e e
m m a _ m m p ɛ
p ɛ
n n k ɔ p ɛ
a m m b ɛ p ɛ
a m m k ɔ p ɛ
p ɛ
m m b ɛ p ɛ e e
n n k ɔ p ɛ e e
n n a _ m m b ɛ p ɛ e e
n n a _ n n k ɔ p ɛ e e
a b ɛ p ɛ
a k ɔ p ɛ
n n a _ a b ɛ p ɛ
n n a _ a k ɔ p ɛ
r e m m b ɛ p ɛ
r e n n k ɔ p ɛ
n n a _ r e m m b ɛ p ɛ
n n a _ r e n n k ɔ p ɛ
r e b ɛ p ɛ
r e k ɔ p ɛ
n n a _ r e b ɛ p ɛ
n n a _ r e k ɔ p ɛ
k ɔ p ɛ
b ɛ p ɛ e e
k ɔ p ɛ e e
m m a _ m m p ɛ
m p ɛ
n n s u a e e
n n a _ n n s u a e e
a s u a
n n a _ a s u a
r e n n s u a
n n a _ r e n n s u a
r e s u a
n n a _ r e s u a
b ɛ s u a
r e n n s u a
n n s u a
a n n s u a
s u a
s u a e e
m m a _ n n s u a
s u a
n n k ɔ s u a
a m m b ɛ s u a
a m m k ɔ s u a
s u a
m m b ɛ s u a e e
n n k ɔ s u a e e
n n a _ m m b ɛ s u a e e
n n a _ n n k ɔ s u a e e
a b ɛ s u a
a k ɔ s u a
n n a _ a b ɛ s u a
n n a _ a k ɔ s u a
r e m m b ɛ s u a
r e n n k ɔ s u a
n n a _ r e m m b ɛ s u a
n n a _ r e n n k ɔ s u a
r e b ɛ s u a
r e k ɔ s u a
n n a _ r e b ɛ s u a
n n a _ r e k ɔ s u a
k ɔ s u a
b ɛ s u a e e
k ɔ s u a e e
m m a _ n n s u a
n s u a
n n s a n e e
n n a _ n n s a n e e
a s a n
n n a _ a s a n
r e n n s a n
n n a _ r e n n s a n
r e s a n
n n a _ r e s a n
b ɛ s a n
r e n n s a n
n n s a n
a n n s a n
s a n
s a n e e
m m a _ n n s a n
s a n
n n k ɔ s a n
a m m b ɛ s a n
a m m k ɔ s a n
s a n
m m b ɛ s a n e e
n n k ɔ s a n e e
n n a _ m m b ɛ s a n e e
n n a _ n n k ɔ s a n e e
a b ɛ s a n
a k ɔ s a n
n n a _ a b ɛ s a n
n n a _ a k ɔ s a n
r e m m b ɛ s a n
r e n n k ɔ s a n
n n a _ r e m m b ɛ s a n
n n a _ r e n n k ɔ s a n
r e b ɛ s a n
r e k ɔ s a n
n n a _ r e b ɛ s a n
n n a _ r e k ɔ s a n
k ɔ s a n
b ɛ s a n e e
k ɔ s a n e e
m m a _ n n s a n
n s a n
n n h i a e e
n n a _ n n h i a e e
a h i a
n n a _ a h i a
r e n n h i a
n n a _ r e n n h i a
r e h i a
n n a _ r e h i a
b ɛ h i a
r e n n h i a
n n h i a
a n n h i a
h i a
h i a e e
m m a _ n n h i a
h i a
n n k ɔ h i a
a m m b ɛ h i a
a m m k ɔ h i a
h i a
m m b ɛ h i a e e
n n k ɔ h i a e e
n n a _ m m b ɛ h i a e e
n n a _ n n k ɔ h i a e e
a b ɛ h i a
a k ɔ h i a
n n a _ a b ɛ h i a
n n a _ a k ɔ h i a
r e m m b ɛ h i a
r e n n k ɔ h i a
n n a _ r e m m b ɛ h i a
n n a _ r e n n k ɔ h i a
r e b ɛ h i a
r e k ɔ h i a
n n a _ r e b ɛ h i a
n n a _ r e k ɔ h i a
k ɔ h i a
b ɛ h i a e e
k ɔ h i a e e
m m a _ n n h i a
n h i a
n n k y i r i e e
n n a _ n n k y i r i e e
a k y i r i
n n a _ a k y i r i
r e n n k y i r i
n n a _ r e n n k y i r i
r e k y i r i
n n a _ r e k y i r i
b ɛ k y i r i
r e n n k y i r i
n n k y i r i
a n n k y i r i
k y i r i
k y i r i e e
m m a _ n n k y i r i
k y i r i
n n k ɔ k y i r i
a m m b ɛ k y i r i
a m m k ɔ k y i r i
k y i r i
m m b ɛ k y i r i e e
n n k ɔ k y i r i e e
n n a _ m m b ɛ k y i r i e e
n n a _ n n k ɔ k y i r i e e
a b ɛ k y i r i
a k ɔ k y i r i
n n a _ a b ɛ k y i r i
n n a _ a k ɔ k y i r i
r e m m b ɛ k y i r i
r e n n k ɔ k y i r i
n n a _ r e m m b ɛ k y i r i
n n a _ r e n n k ɔ k y i r i
r e b ɛ k y i r i
r e k ɔ k y i r i
n n a _ r e b ɛ k y i r i
n n a _ r e k ɔ k y i r i
k ɔ k y i r i
b ɛ k y i r i e e
k ɔ k y i r i e e
m m a _ n n k y i r i
n k y i r i
m m f a e e
n n a _ m m f a e e
a f a
n n a _ a f a
r e m m f a
n n a _ r e m m f a
r e f a
n n a _ r e f a
b ɛ f a
r e m m f a
m m f a
a m m f a
f a
f a e e
m m a _ m m f a
f a
n n k ɔ f a
a m m b ɛ f a
a m m k ɔ f a
f a
m m b ɛ f a e e
n n k ɔ f a e e
n n a _ m m b ɛ f a e e
n n a _ n n k ɔ f a e e
a b ɛ f a
a k ɔ f a
n n a _ a b ɛ f a
n n a _ a k ɔ f a
r e m m b ɛ f a
r e n n k ɔ f a
n n a _ r e m m b ɛ f a
n n a _ r e n n k ɔ f a
r e b ɛ f a
r e k ɔ f a
n n a _ r e b ɛ f a
n n a _ r e k ɔ f a
k ɔ f a
b ɛ f a e e
k ɔ f a e e
m m a _ m m f a
m f a
n n s u e e
n n a _ n n s u e e
a s u
n n a _ a s u
r e n n s u
n n a _ r e n n s u
r e s u
n n a _ r e s u
b ɛ s u
r e n n s u
n n s u
a n n s u
s u
s u e e
m m a _ n n s u
s u
n n k ɔ s u
a m m b ɛ s u
a m m k ɔ s u
s u
m m b ɛ s u e e
n n k ɔ s u e e
n n a _ m m b ɛ s u e e
n n a _ n n k ɔ s u e e
a b ɛ s u
a k ɔ s u
n n a _ a b ɛ s u
n n a _ a k ɔ s u
r e m m b ɛ s u
r e n n k ɔ s u
n n a _ r e m m b ɛ s u
n n a _ r e n n k ɔ s u
r e b ɛ s u
r e k ɔ s u
n n a _ r e b ɛ s u
n n a _ r e k ɔ s u
k ɔ s u
b ɛ s u e e
k ɔ s u e e
m m a _ n n s u
n s u
n n k a e e
n n a _ n n k a e e
a k a e
n n a _ a k a e
r e n n k a e
n n a _ r e n n k a e
r e k a e
n n a _ r e k a e
b ɛ k a e
r e n n k a e
n n k a e
a n n k a e
k a e
k a e e
m m a _ n n k a e
k a e
n n k ɔ k a e
a m m b ɛ k a e
a m m k ɔ k a e
k a e
m m b ɛ k a e e
n n k ɔ k a e e
n n a _ m m b ɛ k a e e
n n a _ n n k ɔ k a e e
a b ɛ k a e
a k ɔ k a e
n n a _ a b ɛ k a e
n n a _ a k ɔ k a e
r e m m b ɛ k a e
r e n n k ɔ k a e
n n a _ r e m m b ɛ k a e
n n a _ r e n n k ɔ k a e
r e b ɛ k a e
r e k ɔ k a e
n n a _ r e b ɛ k a e
n n a _ r e k ɔ k a e
k ɔ k a e
b ɛ k a e e
k ɔ k a e e
m m a _ n n k a e
n k a e
n n t ɔ _ n k o e e
n n a _ n n t ɔ _ n k o e e
a t ɔ _ n k o
n n a _ a t ɔ _ n k o
r e n n t ɔ _ n k o
n n a _ r e n n t ɔ _ n k o
r e t ɔ _ n k o
n n a _ r e t ɔ _ n k o
b ɛ t ɔ _ n k o
r e n n t ɔ _ n k o
n n t ɔ _ n k o
a n n t ɔ _ n k o
t ɔ _ n k o
t ɔ _ n k o e e
m m a _ n n t ɔ _ n k o
t ɔ _ n k o
n n k ɔ t ɔ _ n k o
a m m b ɛ t ɔ _ n k o
a m m k ɔ t ɔ _ n k o
t ɔ _ n k o
m m b ɛ t ɔ _ n k o e e
n n k ɔ t ɔ _ n k o e e
n n a _ m m b ɛ t ɔ _ n k o e e
n n a _ n n k ɔ t ɔ _ n k o e e
a b ɛ t ɔ _ n k o
a k ɔ t ɔ _ n k o
n n a _ a b ɛ t ɔ _ n k o
n n a _ a k ɔ t ɔ _ n k o
r e m m b ɛ t ɔ _ n k o
r e n n k ɔ t ɔ _ n k o
n n a _ r e m m b ɛ t ɔ _ n k o
n n a _ r e n n k ɔ t ɔ _ n k o
r e b ɛ t ɔ _ n k o
r e k ɔ t ɔ _ n k o
n n a _ r e b ɛ t ɔ _ n k o
n n a _ r e k ɔ t ɔ _ n k o
k ɔ t ɔ _ n k o
b ɛ t ɔ _ n k o e e
k ɔ t ɔ _ n k o e e
m m a _ n n t ɔ _ n k o
n t ɔ _ n k o
n n h u e e
n n a _ n n h u e e
a h u
n n a _ a h u
r e n n h u
n n a _ r e n n h u
r e h u
n n a _ r e h u
b ɛ h u
r e n n h u
n n h u
a n n h u
h u
h u e e
m m a _ n n h u
h u
n n k ɔ h u
a m m b ɛ h u
a m m k ɔ h u
h u
m m b ɛ h u e e
n n k ɔ h u e e
n n a _ m m b ɛ h u e e
n n a _ n n k ɔ h u e e
a b ɛ h u
a k ɔ h u
n n a _ a b ɛ h u
n n a _ a k ɔ h u
r e m m b ɛ h u
r e n n k ɔ h u
n n a _ r e m m b ɛ h u
n n a _ r e n n k ɔ h u
r e b ɛ h u
r e k ɔ h u
n n a _ r e b ɛ h u
n n a _ r e k ɔ h u
k ɔ h u
b ɛ h u e e
k ɔ h u e e
m m a _ n n h u
n h u
n n y i _ a y ɛ w e e
n n a _ n n y i _ a y ɛ w e e
a y i _ a y ɛ w
n n a _ a y i _ a y ɛ w
r e n n y i _ a y ɛ w
n n a _ r e n n y i _ a y ɛ w
r e y i _ a y ɛ w
n n a _ r e y i _ a y ɛ w
b ɛ y i _ a y ɛ w
r e n n y i _ a y ɛ w
n n y i _ a y ɛ w
a n n y i _ a y ɛ w
y i _ a y ɛ w
y i _ a y ɛ w e e
m m a _ n n y i _ a y ɛ w
y i _ a y ɛ w
n n k ɔ y i _ a y ɛ w
a m m b ɛ y i _ a y ɛ w
a m m k ɔ y i _ a y ɛ w
y i _ a y ɛ w
m m b ɛ y i _ a y ɛ w e e
n n k ɔ y i _ a y ɛ w e e
n n a _ m m b ɛ y i _ a y ɛ w e e
n n a _ n n k ɔ y i _ a y ɛ w e e
a b ɛ y i _ a y ɛ w
a k ɔ y i _ a y ɛ w
n n a _ a b ɛ y i _ a y ɛ w
n n a _ a k ɔ y i _ a y ɛ w
r e m m b ɛ y i _ a y ɛ w
r e n n k ɔ y i _ a y ɛ w
n n a _ r e m m b ɛ y i _ a y ɛ w
n n a _ r e n n k ɔ y i _ a y ɛ w
r e b ɛ y i _ a y ɛ w
r e k ɔ y i _ a y ɛ w
n n a _ r e b ɛ y i _ a y ɛ w
n n a _ r e k ɔ y i _ a y ɛ w
k ɔ y i _ a y ɛ w
b ɛ y i _ a y ɛ w e e
k ɔ y i _ a y ɛ w e e
m m a _ n n y i _ a y ɛ w
n y i _ a y ɛ w
n n d a _ a s e e
n n a _ n n d a _ a s e e
a d a _ a s e
n n a _ a d a _ a s e
r e n n d a _ a s e
n n a _ r e n n d a _ a s e
r e d a _ a s e
n n a _ r e d a _ a s e
b ɛ d a _ a s e
r e n n d a _ a s e
n n d a _ a s e
a n n d a _ a s e
d a _ a s e
d a _ a s e e
m m a _ n n d a _ a s e
d a _ a s e
n n k ɔ d a _ a s e
a m m b ɛ d a _ a s e
a m m k ɔ d a _ a s e
d a _ a s e
m m b ɛ d a _ a s e e
n n k ɔ d a _ a s e e
n n a _ m m b ɛ d a _ a s e e
n n a _ n n k ɔ d a _ a s e e
a b ɛ d a _ a s e
a k ɔ d a _ a s e
n n a _ a b ɛ d a _ a s e
n n a _ a k ɔ d a _ a s e
r e m m b ɛ d a _ a s e
r e n n k ɔ d a _ a s e
n n a _ r e m m b ɛ d a _ a s e
n n a _ r e n n k ɔ d a _ a s e
r e b ɛ d a _ a s e
r e k ɔ d a _ a s e
n n a _ r e b ɛ d a _ a s e
n n a _ r e k ɔ d a _ a s e
k ɔ d a _ a s e
b ɛ d a _ a s e e
k ɔ d a _ a s e e
m m a _ n n d a _ a s e
n d a _ a s e
n n h o h o r o e e
n n a _ n n h o h o r o e e
a h o h o r o
n n a _ a h o h o r o
r e n n h o h o r o
n n a _ r e n n h o h o r o
r e h o h o r o
n n a _ r e h o h o r o
b ɛ h o h o r o
r e n n h o h o r o
n n h o h o r o
a n n h o h o r o
h o h o r o
h o h o r o e e
m m a _ n n h o h o r o
h o h o r o
n n k ɔ h o h o r o
a m m b ɛ h o h o r o
a m m k ɔ h o h o r o
h o h o r o
m m b ɛ h o h o r o e e
n n k ɔ h o h o r o e e
n n a _ m m b ɛ h o h o r o e e
n n a _ n n k ɔ h o h o r o e e
a b ɛ h o h o r o
a k ɔ h o h o r o
n n a _ a b ɛ h o h o r o
n n a _ a k ɔ h o h o r o
r e m m b ɛ h o h o r o
r e n n k ɔ h o h o r o
n n a _ r e m m b ɛ h o h o r o
n n a _ r e n n k ɔ h o h o r o
r e b ɛ h o h o r o
r e k ɔ h o h o r o
n n a _ r e b ɛ h o h o r o
n n a _ r e k ɔ h o h o r o
k ɔ h o h o r o
b ɛ h o h o r o e e
k ɔ h o h o r o e e
m m a _ n n h o h o r o
n h o h o r o
n n s i w e e
n n a _ n n s i w e e
a s i w
n n a _ a s i w
r e n n s i w
n n a _ r e n n s i w
r e s i w
n n a _ r e s i w
b ɛ s i w
r e n n s i w
n n s i w
a n n s i w
s i w
s i w e e
m m a _ n n s i w
s i w
n n k ɔ s i w
a m m b ɛ s i w
a m m k ɔ s i w
s i w
m m b ɛ s i w e e
n n k ɔ s i w e e
n n a _ m m b ɛ s i w e e
n n a _ n n k ɔ s i w e e
a b ɛ s i w
a k ɔ s i w
n n a _ a b ɛ s i w
n n a _ a k ɔ s i w
r e m m b ɛ s i w
r e n n k ɔ s i w
n n a _ r e m m b ɛ s i w
n n a _ r e n n k ɔ s i w
r e b ɛ s i w
r e k ɔ s i w
n n a _ r e b ɛ s i w
n n a _ r e k ɔ s i w
k ɔ s i w
b ɛ s i w e e
k ɔ s i w e e
m m a _ n n s i w
n s i w
n n h a t a e e
n n a _ n n h a t a e e
a h a t a
n n a _ a h a t a
r e n n h a t a
n n a _ r e n n h a t a
r e h a t a
n n a _ r e h a t a
b ɛ h a t a
r e n n h a t a
n n h a t a
a n n h a t a
h a t a
h a t a e e
m m a _ n n h a t a
h a t a
n n k ɔ h a t a
a m m b ɛ h a t a
a m m k ɔ h a t a
h a t a
m m b ɛ h a t a e e
n n k ɔ h a t a e e
n n a _ m m b ɛ h a t a e e
n n a _ n n k ɔ h a t a e e
a b ɛ h a t a
a k ɔ h a t a
n n a _ a b ɛ h a t a
n n a _ a k ɔ h a t a
r e m m b ɛ h a t a
r e n n k ɔ h a t a
n n a _ r e m m b ɛ h a t a
n n a _ r e n n k ɔ h a t a
r e b ɛ h a t a
r e k ɔ h a t a
n n a _ r e b ɛ h a t a
n n a _ r e k ɔ h a t a
k ɔ h a t a
b ɛ h a t a e e
k ɔ h a t a e e
m m a _ n n h a t a
n h a t a
n n h y ɛ _ a s e e
n n a _ n n h y ɛ _ a s e e
a h y ɛ _ a s e
n n a _ a h y ɛ _ a s e
r e n n h y ɛ _ a s e
n n a _ r e n n h y ɛ _ a s e
r e h y ɛ _ a s e
n n a _ r e h y ɛ _ a s e
b ɛ h y ɛ _ a s e
r e n n h y ɛ _ a s e
n n h y ɛ _ a s e
a n n h y ɛ _ a s e
h y ɛ _ a s e
h y ɛ _ a s e e
m m a _ n n h y ɛ _ a s e
h y ɛ _ a s e
n n k ɔ h y ɛ _ a s e
a m m b ɛ h y ɛ _ a s e
a m m k ɔ h y ɛ _ a s e
h y ɛ _ a s e
m m b ɛ h y ɛ _ a s e e
n n k ɔ h y ɛ _ a s e e
n n a _ m m b ɛ h y ɛ _ a s e e
n n a _ n n k ɔ h y ɛ _ a s e e
a b ɛ h y ɛ _ a s e
a k ɔ h y ɛ _ a s e
n n a _ a b ɛ h y ɛ _ a s e
n n a _ a k ɔ h y ɛ _ a s e
r e m m b ɛ h y ɛ _ a s e
r e n n k ɔ h y ɛ _ a s e
n n a _ r e m m b ɛ h y ɛ _ a s e
n n a _ r e n n k ɔ h y ɛ _ a s e
r e b ɛ h y ɛ _ a s e
r e k ɔ h y ɛ _ a s e
n n a _ r e b ɛ h y ɛ _ a s e
n n a _ r e k ɔ h y ɛ _ a s e
k ɔ h y ɛ _ a s e
b ɛ h y ɛ _ a s e e
k ɔ h y ɛ _ a s e e
m m a _ n n h y ɛ _ a s e
n h y ɛ _ a s e
n n n o m e e
n n a _ n n n o m e e
a n o m
n n a _ a n o m
r e n n n o m
n n a _ r e n n n o m
r e n o m
n n a _ r e n o m
b ɛ n o m
r e n n n o m
n n n o m
a n n n o m
n o m
n o m e e
m m a _ n n n o m
n o m
n n k ɔ n o m
a m m b ɛ n o m
a m m k ɔ n o m
n o m
m m b ɛ n o m e e
n n k ɔ n o m e e
n n a _ m m b ɛ n o m e e
n n a _ n n k ɔ n o m e e
a b ɛ n o m
a k ɔ n o m
n n a _ a b ɛ n o m
n n a _ a k ɔ n o m
r e m m b ɛ n o m
r e n n k ɔ n o m
n n a _ r e m m b ɛ n o m
n n a _ r e n n k ɔ n o m
r e b ɛ n o m
r e k ɔ n o m
n n a _ r e b ɛ n o m
n n a _ r e k ɔ n o m
k ɔ n o m
b ɛ n o m e e
k ɔ n o m e e
m m a _ n n n o m
n n o m
m m b u e e
n n a _ m m b u e e
a b u e
n n a _ a b u e
r e m m b u e
n n a _ r e m m b u e
r e b u e
n n a _ r e b u e
b ɛ b u e
r e m m b u e
m m b u e
a m m b u e
b u e
b u e e
m m a _ m m b u e
b u e
n n k ɔ b u e
a m m b ɛ b u e
a m m k ɔ b u e
b u e
m m b ɛ b u e e
n n k ɔ b u e e
n n a _ m m b ɛ b u e e
n n a _ n n k ɔ b u e e
a b ɛ b u e
a k ɔ b u e
n n a _ a b ɛ b u e
n n a _ a k ɔ b u e
r e m m b ɛ b u e
r e n n k ɔ b u e
n n a _ r e m m b ɛ b u e
n n a _ r e n n k ɔ b u e
r e b ɛ b u e
r e k ɔ b u e
n n a _ r e b ɛ b u e
n n a _ r e k ɔ b u e
k ɔ b u e
b ɛ b u e e
k ɔ b u e e
m m a _ m m b u e
m b u e
n n k y i a e e
n n a _ n n k y i a e e
a k y i a
n n a _ a k y i a
r e n n k y i a
n n a _ r e n n k y i a
r e k y i a
n n a _ r e k y i a
b ɛ k y i a
r e n n k y i a
n n k y i a
a n n k y i a
k y i a
k y i a e e
m m a _ n n k y i a
k y i a
n n k ɔ k y i a
a m m b ɛ k y i a
a m m k ɔ k y i a
k y i a
m m b ɛ k y i a e e
n n k ɔ k y i a e e
n n a _ m m b ɛ k y i a e e
n n a _ n n k ɔ k y i a e e
a b ɛ k y i a
a k ɔ k y i a
n n a _ a b ɛ k y i a
n n a _ a k ɔ k y i a
r e m m b ɛ k y i a
r e n n k ɔ k y i a
n n a _ r e m m b ɛ k y i a
n n a _ r e n n k ɔ k y i a
r e b ɛ k y i a
r e k ɔ k y i a
n n a _ r e b ɛ k y i a
n n a _ r e k ɔ k y i a
k ɔ k y i a
b ɛ k y i a e e
k ɔ k y i a e e
m m a _ n n k y i a
n k y i a
n n y ɛ _ a d w u m a e e
n n a _ n n y ɛ _ a d w u m a e e
a y ɛ _ a d w u m a
n n a _ a y ɛ _ a d w u m a
r e n n y ɛ _ a d w u m a
n n a _ r e n n y ɛ _ a d w u m a
r e y ɛ _ a d w u m a
n n a _ r e y ɛ _ a d w u m a
b ɛ y ɛ _ a d w u m a
r e n n y ɛ _ a d w u m a
n n y ɛ _ a d w u m a
a n n y ɛ _ a d w u m a
y ɛ _ a d w u m a
y ɛ _ a d w u m a e e
m m a _ n n y ɛ _ a d w u m a
y ɛ _ a d w u m a
n n k ɔ y ɛ _ a d w u m a
a m m b ɛ y ɛ _ a d w u m a
a m m k ɔ y ɛ _ a d w u m a
y ɛ _ a d w u m a
m m b ɛ y ɛ _ a d w u m a e e
n n k ɔ y ɛ _ a d w u m a e e
n n a _ m m b ɛ y ɛ _ a d w u m a e e
n n a _ n n k ɔ y ɛ _ a d w u m a e e
a b ɛ y ɛ _ a d w u m a
a k ɔ y ɛ _ a d w u m a
n n a _ a b ɛ y ɛ _ a d w u m a
n n a _ a k ɔ y ɛ _ a d w u m a
r e m m b ɛ y ɛ _ a d w u m a
r e n n k ɔ y ɛ _ a d w u m a
n n a _ r e m m b ɛ y ɛ _ a d w u m a
n n a _ r e n n k ɔ y ɛ _ a d w u m a
r e b ɛ y ɛ _ a d w u m a
r e k ɔ y ɛ _ a d w u m a
n n a _ r e b ɛ y ɛ _ a d w u m a
n n a _ r e k ɔ y ɛ _ a d w u m a
k ɔ y ɛ _ a d w u m a
b ɛ y ɛ _ a d w u m a e e
k ɔ y ɛ _ a d w u m a e e
m m a _ n n y ɛ _ a d w u m a
n y ɛ _ a d w u m a
m m b o a e e
n n a _ m m b o a e e
a b o a
n n a _ a b o a
r e m m b o a
n n a _ r e m m b o a
r e b o a
n n a _ r e b o a
b ɛ b o a
r e m m b o a
m m b o a
a m m b o a
b o a
b o a e e
m m a _ m m b o a
b o a
n n k ɔ b o a
a m m b ɛ b o a
a m m k ɔ b o a
b o a
m m b ɛ b o a e e
n n k ɔ b o a e e
n n a _ m m b ɛ b o a e e
n n a _ n n k ɔ b o a e e
a b ɛ b o a
a k ɔ b o a
n n a _ a b ɛ b o a
n n a _ a k ɔ b o a
r e m m b ɛ b o a
r e n n k ɔ b o a
n n a _ r e m m b ɛ b o a
n n a _ r e n n k ɔ b o a
r e b ɛ b o a
r e k ɔ b o a
n n a _ r e b ɛ b o a
n n a _ r e k ɔ b o a
k ɔ b o a
b ɛ b o a e e
k ɔ b o a e e
m m a _ m m b o a
m b o a
n n y ɛ e e
n n a _ n n y ɛ e e
a y ɛ
n n a _ a y ɛ
r e n n y ɛ
n n a _ r e n n y ɛ
r e y ɛ
n n a _ r e y ɛ
b ɛ y ɛ
r e n n y ɛ
n n y ɛ
a n n y ɛ
y ɛ
y ɛ e e
m m a _ n n y ɛ
y ɛ
n n k ɔ y ɛ
a m m b ɛ y ɛ
a m m k ɔ y ɛ
y ɛ
m m b ɛ y ɛ e e
n n k ɔ y ɛ e e
n n a _ m m b ɛ y ɛ e e
n n a _ n n k ɔ y ɛ e e
a b ɛ y ɛ
a k ɔ y ɛ
n n a _ a b ɛ y ɛ
n n a _ a k ɔ y ɛ
r e m m b ɛ y ɛ
r e n n k ɔ y ɛ
n n a _ r e m m b ɛ y ɛ
n n a _ r e n n k ɔ y ɛ
r e b ɛ y ɛ
r e k ɔ y ɛ
n n a _ r e b ɛ y ɛ
n n a _ r e k ɔ y ɛ
k ɔ y ɛ
b ɛ y ɛ e e
k ɔ y ɛ e e
m m a _ n n y ɛ
n y ɛ
n n k a e e
n n a _ n n k a e e
a k a
n n a _ a k a
r e n n k a
n n a _ r e n n k a
r e k a
n n a _ r e k a
b ɛ k a
r e n n k a
n n k a
a n n k a
k a
k a e e
m m a _ n n k a
k a
n n k ɔ k a
a m m b ɛ k a
a m m k ɔ k a
k a
m m b ɛ k a e e
n n k ɔ k a e e
n n a _ m m b ɛ k a e e
n n a _ n n k ɔ k a e e
a b ɛ k a
a k ɔ k a
n n a _ a b ɛ k a
n n a _ a k ɔ k a
r e m m b ɛ k a
r e n n k ɔ k a
n n a _ r e m m b ɛ k a
n n a _ r e n n k ɔ k a
r e b ɛ k a
r e k ɔ k a
n n a _ r e b ɛ k a
n n a _ r e k ɔ k a
k ɔ k a
b ɛ k a e e
k ɔ k a e e
m m a _ n n k a
n k a
n n t i n t i m e e
n n a _ n n t i n t i m e e
a t i n t i m
n n a _ a t i n t i m
r e n n t i n t i m
n n a _ r e n n t i n t i m
r e t i n t i m
n n a _ r e t i n t i m
b ɛ t i n t i m
r e n n t i n t i m
n n t i n t i m
a n n t i n t i m
t i n t i m
t i n t i m e e
m m a _ n n t i n t i m
t i n t i m
n n k ɔ t i n t i m
a m m b ɛ t i n t i m
a m m k ɔ t i n t i m
t i n t i m
m m b ɛ t i n t i m e e
n n k ɔ t i n t i m e e
n n a _ m m b ɛ t i n t i m e e
n n a _ n n k ɔ t i n t i m e e
a b ɛ t i n t i m
a k ɔ t i n t i m
n n a _ a b ɛ t i n t i m
n n a _ a k ɔ t i n t i m
r e m m b ɛ t i n t i m
r e n n k ɔ t i n t i m
n n a _ r e m m b ɛ t i n t i m
n n a _ r e n n k ɔ t i n t i m
r e b ɛ t i n t i m
r e k ɔ t i n t i m
n n a _ r e b ɛ t i n t i m
n n a _ r e k ɔ t i n t i m
k ɔ t i n t i m
b ɛ t i n t i m e e
k ɔ t i n t i m e e
m m a _ n n t i n t i m
n t i n t i m
m m m a e e
n n a _ m m m a e e
a m a
n n a _ a m a
r e m m m a
n n a _ r e m m m a
r e m a
n n a _ r e m a
b ɛ m a
r e m m m a
m m m a
a m m m a
m a
m a e e
m m a _ m m m a
m a
n n k ɔ m a
a m m b ɛ m a
a m m k ɔ m a
m a
m m b ɛ m a e e
n n k ɔ m a e e
n n a _ m m b ɛ m a e e
n n a _ n n k ɔ m a e e
a b ɛ m a
a k ɔ m a
n n a _ a b ɛ m a
n n a _ a k ɔ m a
r e m m b ɛ m a
r e n n k ɔ m a
n n a _ r e m m b ɛ m a
n n a _ r e n n k ɔ m a
r e b ɛ m a
r e k ɔ m a
n n a _ r e b ɛ m a
n n a _ r e k ɔ m a
k ɔ m a
b ɛ m a e e
k ɔ m a e e
m m a _ m m m a
m m a
n n d i e e
n n a _ n n d i e e
a d i
n n a _ a d i
r e n n d i
n n a _ r e n n d i
r e d i
n n a _ r e d i
b ɛ d i
r e n n d i
n n d i
a n n d i
d i
d i e e
m m a _ n n d i
d i
n n k ɔ d i
a m m b ɛ d i
a m m k ɔ d i
d i
m m b ɛ d i e e
n n k ɔ d i e e
n n a _ m m b ɛ d i e e
n n a _ n n k ɔ d i e e
a b ɛ d i
a k ɔ d i
n n a _ a b ɛ d i
n n a _ a k ɔ d i
r e m m b ɛ d i
r e n n k ɔ d i
n n a _ r e m m b ɛ d i
n n a _ r e n n k ɔ d i
r e b ɛ d i
r e k ɔ d i
n n a _ r e b ɛ d i
n n a _ r e k ɔ d i
k ɔ d i
b ɛ d i e e
k ɔ d i e e
m m a _ n n d i
n d i
n n t e _ a s e e
n n a _ n n t e _ a s e e
a t e _ a s e
n n a _ a t e _ a s e
r e n n t e _ a s e
n n a _ r e n n t e _ a s e
r e t e _ a s e
n n a _ r e t e _ a s e
b ɛ t e _ a s e
r e n n t e _ a s e
n n t e _ a s e
a n n t e _ a s e
t e _ a s e
t e _ a s e e
m m a _ n n t e _ a s e
t e _ a s e
n n k ɔ t e _ a s e
a m m b ɛ t e _ a s e
a m m k ɔ t e _ a s e
t e _ a s e
m m b ɛ t e _ a s e e
n n k ɔ t e _ a s e e
n n a _ m m b ɛ t e _ a s e e
n n a _ n n k ɔ t e _ a s e e
a b ɛ t e _ a s e
a k ɔ t e _ a s e
n n a _ a b ɛ t e _ a s e
n n a _ a k ɔ t e _ a s e
r e m m b ɛ t e _ a s e
r e n n k ɔ t e _ a s e
n n a _ r e m m b ɛ t e _ a s e
n n a _ r e n n k ɔ t e _ a s e
r e b ɛ t e _ a s e
r e k ɔ t e _ a s e
n n a _ r e b ɛ t e _ a s e
n n a _ r e k ɔ t e _ a s e
k ɔ t e _ a s e
b ɛ t e _ a s e e
k ɔ t e _ a s e e
m m a _ n n t e _ a s e
n t e _ a s e
n n s e r e w e e
n n a _ n n s e r e w e e
a s e r e w
n n a _ a s e r e w
r e n n s e r e w
n n a _ r e n n s e r e w
r e s e r e w
n n a _ r e s e r e w
b ɛ s e r e w
r e n n s e r e w
n n s e r e w
a n n s e r e w
s e r e w
s e r e w e e
m m a _ n n s e r e w
s e r e w
n n k ɔ s e r e w
a m m b ɛ s e r e w
a m m k ɔ s e r e w
s e r e w
m m b ɛ s e r e w e e
n n k ɔ s e r e w e e
n n a _ m m b ɛ s e r e w e e
n n a _ n n k ɔ s e r e w e e
a b ɛ s e r e w
a k ɔ s e r e w
n n a _ a b ɛ s e r e w
n n a _ a k ɔ s e r e w
r e m m b ɛ s e r e w
r e n n k ɔ s e r e w
n n a _ r e m m b ɛ s e r e w
n n a _ r e n n k ɔ s e r e w
r e b ɛ s e r e w
r e k ɔ s e r e w
n n a _ r e b ɛ s e r e w
n n a _ r e k ɔ s e r e w
k ɔ s e r e w
b ɛ s e r e w e e
k ɔ s e r e w e e
m m a _ n n s e r e w
n s e r e w
n n w o s o w e e
n n a _ n n w o s o w e e
a w o s o w
n n a _ a w o s o w
r e n n w o s o w
n n a _ r e n n w o s o w
r e w o s o w
n n a _ r e w o s o w
b ɛ w o s o w
r e n n w o s o w
n n w o s o w
a n n w o s o w
w o s o w
w o s o w e e
m m a _ n n w o s o w
w o s o w
n n k ɔ w o s o w
a m m b ɛ w o s o w
a m m k ɔ w o s o w
w o s o w
m m b ɛ w o s o w e e
n n k ɔ w o s o w e e
n n a _ m m b ɛ w o s o w e e
n n a _ n n k ɔ w o s o w e e
a b ɛ w o s o w
a k ɔ w o s o w
n n a _ a b ɛ w o s o w
n n a _ a k ɔ w o s o w
r e m m b ɛ w o s o w
r e n n k ɔ w o s o w
n n a _ r e m m b ɛ w o s o w
n n a _ r e n n k ɔ w o s o w
r e b ɛ w o s o w
r e k ɔ w o s o w
n n a _ r e b ɛ w o s o w
n n a _ r e k ɔ w o s o w
k ɔ w o s o w
b ɛ w o s o w e e
k ɔ w o s o w e e
m m a _ n n w o s o w
n w o s o w
n n t e w e e
n n a _ n n t e w e e
a t e w
n n a _ a t e w
r e n n t e w
n n a _ r e n n t e w
r e t e w
n n a _ r e t e w
b ɛ t e w
r e n n t e w
n n t e w
a n n t e w
t e w
t e w e e
m m a _ n n t e w
t e w
n n k ɔ t e w
a m m b ɛ t e w
a m m k ɔ t e w
t e w
m m b ɛ t e w e e
n n k ɔ t e w e e
n n a _ m m b ɛ t e w e e
n n a _ n n k ɔ t e w e e
a b ɛ t e w
a k ɔ t e w
n n a _ a b ɛ t e w
n n a _ a k ɔ t e w
r e m m b ɛ t e w
r e n n k ɔ t e w
n n a _ r e m m b ɛ t e w
n n a _ r e n n k ɔ t e w
r e b ɛ t e w
r e k ɔ t e w
n n a _ r e b ɛ t e w
n n a _ r e k ɔ t e w
k ɔ t e w
b ɛ t e w e e
k ɔ t e w e e
m m a _ n n t e w
n t e w
n n k e k a m u e e
n n a _ n n k e k a m u e e
a k e k a m u
n n a _ a k e k a m u
r e n n k e k a m u
n n a _ r e n n k e k a m u
r e k e k a m u
n n a _ r e k e k a m u
b ɛ k e k a m u
r e n n k e k a m u
n n k e k a m u
a n n k e k a m u
k e k a m u
k e k a m u e e
m m a _ n n k e k a m u
k e k a m u
n n k ɔ k e k a m u
a m m b ɛ k e k a m u
a m m k ɔ k e k a m u
k e k a m u
m m b ɛ k e k a m u e e
n n k ɔ k e k a m u e e
n n a _ m m b ɛ k e k a m u e e
n n a _ n n k ɔ k e k a m u e e
a b ɛ k e k a m u
a k ɔ k e k a m u
n n a _ a b ɛ k e k a m u
n n a _ a k ɔ k e k a m u
r e m m b ɛ k e k a m u
r e n n k ɔ k e k a m u
n n a _ r e m m b ɛ k e k a m u
n n a _ r e n n k ɔ k e k a m u
r e b ɛ k e k a m u
r e k ɔ k e k a m u
n n a _ r e b ɛ k e k a m u
n n a _ r e k ɔ k e k a m u
k ɔ k e k a m u
b ɛ k e k a m u e e
k ɔ k e k a m u e e
m m a _ n n k e k a m u
n k e k a m u
m m m i a e e
n n a _ m m m i a e e
a m i a
n n a _ a m i a
r e m m m i a
n n a _ r e m m m i a
r e m i a
n n a _ r e m i a
b ɛ m i a
r e m m m i a
m m m i a
a m m m i a
m i a
m i a e e
m m a _ m m m i a
m i a
n n k ɔ m i a
a m m b ɛ m i a
a m m k ɔ m i a
m i a
m m b ɛ m i a e e
n n k ɔ m i a e e
n n a _ m m b ɛ m i a e e
n n a _ n n k ɔ m i a e e
a b ɛ m i a
a k ɔ m i a
n n a _ a b ɛ m i a
n n a _ a k ɔ m i a
r e m m b ɛ m i a
r e n n k ɔ m i a
n n a _ r e m m b ɛ m i a
n n a _ r e n n k ɔ m i a
r e b ɛ m i a
r e k ɔ m i a
n n a _ r e b ɛ m i a
n n a _ r e k ɔ m i a
k ɔ m i a
b ɛ m i a e e
k ɔ m i a e e
m m a _ m m m i a
m m i a
n n k ɔ _ t i e f i e e
n n a _ n n k ɔ _ t i e f i e e
a k ɔ _ t i e f i
n n a _ a k ɔ _ t i e f i
r e n n k ɔ _ t i e f i
n n a _ r e n n k ɔ _ t i e f i
r e k ɔ _ t i e f i
n n a _ r e k ɔ _ t i e f i
b ɛ k ɔ _ t i e f i
r e n n k ɔ _ t i e f i
n n k ɔ _ t i e f i
a n n k ɔ _ t i e f i
k ɔ _ t i e f i
k ɔ _ t i e f i e e
m m a _ n n k ɔ _ t i e f i
k ɔ _ t i e f i
n n k ɔ k ɔ _ t i e f i
a m m b ɛ k ɔ _ t i e f i
a m m k ɔ k ɔ _ t i e f i
k ɔ _ t i e f i
m m b ɛ k ɔ _ t i e f i e e
n n k ɔ k ɔ _ t i e f i e e
n n a _ m m b ɛ k ɔ _ t i e f i e e
n n a _ n n k ɔ k ɔ _ t i e f i e e
a b ɛ k ɔ _ t i e f i
a k ɔ k ɔ _ t i e f i
n n a _ a b ɛ k ɔ _ t i e f i
n n a _ a k ɔ k ɔ _ t i e f i
r e m m b ɛ k ɔ _ t i e f i
r e n n k ɔ k ɔ _ t i e f i
n n a _ r e m m b ɛ k ɔ _ t i e f i
n n a _ r e n n k ɔ k ɔ _ t i e f i
r e b ɛ k ɔ _ t i e f i
r e k ɔ k ɔ _ t i e f i
n n a _ r e b ɛ k ɔ _ t i e f i
n n a _ r e k ɔ k ɔ _ t i e f i
k ɔ k ɔ _ t i e f i
b ɛ k ɔ _ t i e f i e e
k ɔ k ɔ _ t i e f i e e
m m a _ n n k ɔ _ t i e f i
n k ɔ _ t i e f i
n n t w e e
n n a _ n n t w e e
a t w e
n n a _ a t w e
r e n n t w e
n n a _ r e n n t w e
r e t w e
n n a _ r e t w e
b ɛ t w e
r e n n t w e
n n t w e
a n n t w e
t w e
t w e e
m m a _ n n t w e
t w e
n n k ɔ t w e
a m m b ɛ t w e
a m m k ɔ t w e
t w e
m m b ɛ t w e e
n n k ɔ t w e e
n n a _ m m b ɛ t w e e
n n a _ n n k ɔ t w e e
a b ɛ t w e
a k ɔ t w e
n n a _ a b ɛ t w e
n n a _ a k ɔ t w e
r e m m b ɛ t w e
r e n n k ɔ t w e
n n a _ r e m m b ɛ t w e
n n a _ r e n n k ɔ t w e
r e b ɛ t w e
r e k ɔ t w e
n n a _ r e b ɛ t w e
n n a _ r e k ɔ t w e
k ɔ t w e
b ɛ t w e e
k ɔ t w e e
m m a _ n n t w e
n t w e
m m b ɔ _ w a w e e
n n a _ m m b ɔ _ w a w e e
a b ɔ _ w a w
n n a _ a b ɔ _ w a w
r e m m b ɔ _ w a w
n n a _ r e m m b ɔ _ w a w
r e b ɔ _ w a w
n n a _ r e b ɔ _ w a w
b ɛ b ɔ _ w a w
r e m m b ɔ _ w a w
m m b ɔ _ w a w
a m m b ɔ _ w a w
b ɔ _ w a w
b ɔ _ w a w e e
m m a _ m m b ɔ _ w a w
b ɔ _ w a w
n n k ɔ b ɔ _ w a w
a m m b ɛ b ɔ _ w a w
a m m k ɔ b ɔ _ w a w
b ɔ _ w a w
m m b ɛ b ɔ _ w a w e e
n n k ɔ b ɔ _ w a w e e
n n a _ m m b ɛ b ɔ _ w a w e e
n n a _ n n k ɔ b ɔ _ w a w e e
a b ɛ b ɔ _ w a w
a k ɔ b ɔ _ w a w
n n a _ a b ɛ b ɔ _ w a w
n n a _ a k ɔ b ɔ _ w a w
r e m m b ɛ b ɔ _ w a w
r e n n k ɔ b ɔ _ w a w
n n a _ r e m m b ɛ b ɔ _ w a w
n n a _ r e n n k ɔ b ɔ _ w a w
r e b ɛ b ɔ _ w a w
r e k ɔ b ɔ _ w a w
n n a _ r e b ɛ b ɔ _ w a w
n n a _ r e k ɔ b ɔ _ w a w
k ɔ b ɔ _ w a w
b ɛ b ɔ _ w a w e e
k ɔ b ɔ _ w a w e e
m m a _ m m b ɔ _ w a w
m b ɔ _ w a w
n n w i e e
n n a _ n n w i e e
a w i e
n n a _ a w i e
r e n n w i e
n n a _ r e n n w i e
r e w i e
n n a _ r e w i e
b ɛ w i e
r e n n w i e
n n w i e
a n n w i e
w i e
w i e e
m m a _ n n w i e
w i e
n n k ɔ w i e
a m m b ɛ w i e
a m m k ɔ w i e
w i e
m m b ɛ w i e e
n n k ɔ w i e e
n n a _ m m b ɛ w i e e
n n a _ n n k ɔ w i e e
a b ɛ w i e
a k ɔ w i e
n n a _ a b ɛ w i e
n n a _ a k ɔ w i e
r e m m b ɛ w i e
r e n n k ɔ w i e
n n a _ r e m m b ɛ w i e
n n a _ r e n n k ɔ w i e
r e b ɛ w i e
r e k ɔ w i e
n n a _ r e b ɛ w i e
n n a _ r e k ɔ w i e
k ɔ w i e
b ɛ w i e e
k ɔ w i e e
m m a _ n n w i e
n w i e
n n s u m a e e
n n a _ n n s u m a e e
a s u m a
n n a _ a s u m a
r e n n s u m a
n n a _ r e n n s u m a
r e s u m a
n n a _ r e s u m a
b ɛ s u m a
r e n n s u m a
n n s u m a
a n n s u m a
s u m a
s u m a e e
m m a _ n n s u m a
s u m a
n n k ɔ s u m a
a m m b ɛ s u m a
a m m k ɔ s u m a
s u m a
m m b ɛ s u m a e e
n n k ɔ s u m a e e
n n a _ m m b ɛ s u m a e e
n n a _ n n k ɔ s u m a e e
a b ɛ s u m a
a k ɔ s u m a
n n a _ a b ɛ s u m a
n n a _ a k ɔ s u m a
r e m m b ɛ s u m a
r e n n k ɔ s u m a
n n a _ r e m m b ɛ s u m a
n n a _ r e n n k ɔ s u m a
r e b ɛ s u m a
r e k ɔ s u m a
n n a _ r e b ɛ s u m a
n n a _ r e k ɔ s u m a
k ɔ s u m a
b ɛ s u m a e e
k ɔ s u m a e e
m m a _ n n s u m a
n s u m a
n n s u o _ m u e e
n n a _ n n s u o _ m u e e
a s u o _ m u
n n a _ a s u o _ m u
r e n n s u o _ m u
n n a _ r e n n s u o _ m u
r e s u o _ m u
n n a _ r e s u o _ m u
b ɛ s u o _ m u
r e n n s u o _ m u
n n s u o _ m u
a n n s u o _ m u
s u o _ m u
s u o _ m u e e
m m a _ n n s u o _ m u
s u o _ m u
n n k ɔ s u o _ m u
a m m b ɛ s u o _ m u
a m m k ɔ s u o _ m u
s u o _ m u
m m b ɛ s u o _ m u e e
n n k ɔ s u o _ m u e e
n n a _ m m b ɛ s u o _ m u e e
n n a _ n n k ɔ s u o _ m u e e
a b ɛ s u o _ m u
a k ɔ s u o _ m u
n n a _ a b ɛ s u o _ m u
n n a _ a k ɔ s u o _ m u
r e m m b ɛ s u o _ m u
r e n n k ɔ s u o _ m u
n n a _ r e m m b ɛ s u o _ m u
n n a _ r e n n k ɔ s u o _ m u
r e b ɛ s u o _ m u
r e k ɔ s u o _ m u
n n a _ r e b ɛ s u o _ m u
n n a _ r e k ɔ s u o _ m u
k ɔ s u o _ m u
b ɛ s u o _ m u e e
k ɔ s u o _ m u e e
m m a _ n n s u o _ m u
n s u o _ m u
n n s e n s e n e e
n n a _ n n s e n s e n e e
a s e n s e n
n n a _ a s e n s e n
r e n n s e n s e n
n n a _ r e n n s e n s e n
r e s e n s e n
n n a _ r e s e n s e n
b ɛ s e n s e n
r e n n s e n s e n
n n s e n s e n
a n n s e n s e n
s e n s e n
s e n s e n e e
m m a _ n n s e n s e n
s e n s e n
n n k ɔ s e n s e n
a m m b ɛ s e n s e n
a m m k ɔ s e n s e n
s e n s e n
m m b ɛ s e n s e n e e
n n k ɔ s e n s e n e e
n n a _ m m b ɛ s e n s e n e e
n n a _ n n k ɔ s e n s e n e e
a b ɛ s e n s e n
a k ɔ s e n s e n
n n a _ a b ɛ s e n s e n
n n a _ a k ɔ s e n s e n
r e m m b ɛ s e n s e n
r e n n k ɔ s e n s e n
n n a _ r e m m b ɛ s e n s e n
n n a _ r e n n k ɔ s e n s e n
r e b ɛ s e n s e n
r e k ɔ s e n s e n
n n a _ r e b ɛ s e n s e n
n n a _ r e k ɔ s e n s e n
k ɔ s e n s e n
b ɛ s e n s e n e e
k ɔ s e n s e n e e
m m a _ n n s e n s e n
n s e n s e n
m m p i a e e
n n a _ m m p i a e e
a p i a
n n a _ a p i a
r e m m p i a
n n a _ r e m m p i a
r e p i a
n n a _ r e p i a
b ɛ p i a
r e m m p i a
m m p i a
a m m p i a
p i a
p i a e e
m m a _ m m p i a
p i a
n n k ɔ p i a
a m m b ɛ p i a
a m m k ɔ p i a
p i a
m m b ɛ p i a e e
n n k ɔ p i a e e
n n a _ m m b ɛ p i a e e
n n a _ n n k ɔ p i a e e
a b ɛ p i a
a k ɔ p i a
n n a _ a b ɛ p i a
n n a _ a k ɔ p i a
r e m m b ɛ p i a
r e n n k ɔ p i a
n n a _ r e m m b ɛ p i a
n n a _ r e n n k ɔ p i a
r e b ɛ p i a
r e k ɔ p i a
n n a _ r e b ɛ p i a
n n a _ r e k ɔ p i a
k ɔ p i a
b ɛ p i a e e
k ɔ p i a e e
m m a _ m m p i a
m p i a
n n d i _ n k o n i m e e
n n a _ n n d i _ n k o n i m e e
a d i _ n k o n i m
n n a _ a d i _ n k o n i m
r e n n d i _ n k o n i m
n n a _ r e n n d i _ n k o n i m
r e d i _ n k o n i m
n n a _ r e d i _ n k o n i m
b ɛ d i _ n k o n i m
r e n n d i _ n k o n i m
n n d i _ n k o n i m
a n n d i _ n k o n i m
d i _ n k o n i m
d i _ n k o n i m e e
m m a _ n n d i _ n k o n i m
d i _ n k o n i m
n n k ɔ d i _ n k o n i m
a m m b ɛ d i _ n k o n i m
a m m k ɔ d i _ n k o n i m
d i _ n k o n i m
m m b ɛ d i _ n k o n i m e e
n n k ɔ d i _ n k o n i m e e
n n a _ m m b ɛ d i _ n k o n i m e e
n n a _ n n k ɔ d i _ n k o n i m e e
a b ɛ d i _ n k o n i m
a k ɔ d i _ n k o n i m
n n a _ a b ɛ d i _ n k o n i m
n n a _ a k ɔ d i _ n k o n i m
r e m m b ɛ d i _ n k o n i m
r e n n k ɔ d i _ n k o n i m
n n a _ r e m m b ɛ d i _ n k o n i m
n n a _ r e n n k ɔ d i _ n k o n i m
r e b ɛ d i _ n k o n i m
r e k ɔ d i _ n k o n i m
n n a _ r e b ɛ d i _ n k o n i m
n n a _ r e k ɔ d i _ n k o n i m
k ɔ d i _ n k o n i m
b ɛ d i _ n k o n i m e e
k ɔ d i _ n k o n i m e e
m m a _ n n d i _ n k o n i m
n d i _ n k o n i m
n n w o e e
n n a _ n n w o e e
a w o
n n a _ a w o
r e n n w o
n n a _ r e n n w o
r e w o
n n a _ r e w o
b ɛ w o
r e n n w o
n n w o
a n n w o
w o
w o e e
m m a _ n n w o
w o
n n k ɔ w o
a m m b ɛ w o
a m m k ɔ w o
w o
m m b ɛ w o e e
n n k ɔ w o e e
n n a _ m m b ɛ w o e e
n n a _ n n k ɔ w o e e
a b ɛ w o
a k ɔ w o
n n a _ a b ɛ w o
n n a _ a k ɔ w o
r e m m b ɛ w o
r e n n k ɔ w o
n n a _ r e m m b ɛ w o
n n a _ r e n n k ɔ w o
r e b ɛ w o
r e k ɔ w o
n n a _ r e b ɛ w o
n n a _ r e k ɔ w o
k ɔ w o
b ɛ w o e e
k ɔ w o e e
m m a _ n n w o
n w o
n n w e e
n n a _ n n w e e
a w e
n n a _ a w e
r e n n w e
n n a _ r e n n w e
r e w e
n n a _ r e w e
b ɛ w e
r e n n w e
n n w e
a n n w e
w e
w e e
m m a _ n n w e
w e
n n k ɔ w e
a m m b ɛ w e
a m m k ɔ w e
w e
m m b ɛ w e e
n n k ɔ w e e
n n a _ m m b ɛ w e e
n n a _ n n k ɔ w e e
a b ɛ w e
a k ɔ w e
n n a _ a b ɛ w e
n n a _ a k ɔ w e
r e m m b ɛ w e
r e n n k ɔ w e
n n a _ r e m m b ɛ w e
n n a _ r e n n k ɔ w e
r e b ɛ w e
r e k ɔ w e
n n a _ r e b ɛ w e
n n a _ r e k ɔ w e
k ɔ w e
b ɛ w e e
k ɔ w e e
m m a _ n n w e
n w e
n n t o w e e
n n a _ n n t o w e e
a t o w
n n a _ a t o w
r e n n t o w
n n a _ r e n n t o w
r e t o w
n n a _ r e t o w
b ɛ t o w
r e n n t o w
n n t o w
a n n t o w
t o w
t o w e e
m m a _ n n t o w
t o w
n n k ɔ t o w
a m m b ɛ t o w
a m m k ɔ t o w
t o w
m m b ɛ t o w e e
n n k ɔ t o w e e
n n a _ m m b ɛ t o w e e
n n a _ n n k ɔ t o w e e
a b ɛ t o w
a k ɔ t o w
n n a _ a b ɛ t o w
n n a _ a k ɔ t o w
r e m m b ɛ t o w
r e n n k ɔ t o w
n n a _ r e m m b ɛ t o w
n n a _ r e n n k ɔ t o w
r e b ɛ t o w
r e k ɔ t o w
n n a _ r e b ɛ t o w
n n a _ r e k ɔ t o w
k ɔ t o w
b ɛ t o w e e
k ɔ t o w e e
m m a _ n n t o w
n t o w
n n t a r e e
n n a _ n n t a r e e
a t a r e
n n a _ a t a r e
r e n n t a r e
n n a _ r e n n t a r e
r e t a r e
n n a _ r e t a r e
b ɛ t a r e
r e n n t a r e
n n t a r e
a n n t a r e
t a r e
t a r e e
m m a _ n n t a r e
t a r e
n n k ɔ t a r e
a m m b ɛ t a r e
a m m k ɔ t a r e
t a r e
m m b ɛ t a r e e
n n k ɔ t a r e e
n n a _ m m b ɛ t a r e e
n n a _ n n k ɔ t a r e e
a b ɛ t a r e
a k ɔ t a r e
n n a _ a b ɛ t a r e
n n a _ a k ɔ t a r e
r e m m b ɛ t a r e
r e n n k ɔ t a r e
n n a _ r e m m b ɛ t a r e
n n a _ r e n n k ɔ t a r e
r e b ɛ t a r e
r e k ɔ t a r e
n n a _ r e b ɛ t a r e
n n a _ r e k ɔ t a r e
k ɔ t a r e
b ɛ t a r e e
k ɔ t a r e e
m m a _ n n t a r e
n t a r e
n n k y e r e ɛ w e e
n n a _ n n k y e r e ɛ w e e
a k y e r e ɛ w
n n a _ a k y e r e ɛ w
r e n n k y e r e ɛ w
n n a _ r e n n k y e r e ɛ w
r e k y e r e ɛ w
n n a _ r e k y e r e ɛ w
b ɛ k y e r e ɛ w
r e n n k y e r e ɛ w
n n k y e r e ɛ w
a n n k y e r e ɛ w
k y e r e ɛ w
k y e r e ɛ w e e
m m a _ n n k y e r e ɛ w
k y e r e ɛ w
n n k ɔ k y e r e ɛ w
a m m b ɛ k y e r e ɛ w
a m m k ɔ k y e r e ɛ w
k y e r e ɛ w
m m b ɛ k y e r e ɛ w e e
n n k ɔ k y e r e ɛ w e e
n n a _ m m b ɛ k y e r e ɛ w e e
n n a _ n n k ɔ k y e r e ɛ w e e
a b ɛ k y e r e ɛ w
a k ɔ k y e r e ɛ w
n n a _ a b ɛ k y e r e ɛ w
n n a _ a k ɔ k y e r e ɛ w
r e m m b ɛ k y e r e ɛ w
r e n n k ɔ k y e r e ɛ w
n n a _ r e m m b ɛ k y e r e ɛ w
n n a _ r e n n k ɔ k y e r e ɛ w
r e b ɛ k y e r e ɛ w
r e k ɔ k y e r e ɛ w
n n a _ r e b ɛ k y e r e ɛ w
n n a _ r e k ɔ k y e r e ɛ w
k ɔ k y e r e ɛ w
b ɛ k y e r e ɛ w e e
k ɔ k y e r e ɛ w e e
m m a _ n n k y e r e ɛ w
n k y e r e ɛ w
n n k e n k a n e e
n n a _ n n k e n k a n e e
a k e n k a n
n n a _ a k e n k a n
r e n n k e n k a n
n n a _ r e n n k e n k a n
r e k e n k a n
n n a _ r e k e n k a n
b ɛ k e n k a n
r e n n k e n k a n
n n k e n k a n
a n n k e n k a n
k e n k a n
k e n k a n e e
m m a _ n n k e n k a n
k e n k a n
n n k ɔ k e n k a n
a m m b ɛ k e n k a n
a m m k ɔ k e n k a n
k e n k a n
m m b ɛ k e n k a n e e
n n k ɔ k e n k a n e e
n n a _ m m b ɛ k e n k a n e e
n n a _ n n k ɔ k e n k a n e e
a b ɛ k e n k a n
a k ɔ k e n k a n
n n a _ a b ɛ k e n k a n
n n a _ a k ɔ k e n k a n
r e m m b ɛ k e n k a n
r e n n k ɔ k e n k a n
n n a _ r e m m b ɛ k e n k a n
n n a _ r e n n k ɔ k e n k a n
r e b ɛ k e n k a n
r e k ɔ k e n k a n
n n a _ r e b ɛ k e n k a n
n n a _ r e k ɔ k e n k a n
k ɔ k e n k a n
b ɛ k e n k a n e e
k ɔ k e n k a n e e
m m a _ n n k e n k a n
n k e n k a n
n n k y e r ɛ e e
n n a _ n n k y e r ɛ e e
a k y e r ɛ
n n a _ a k y e r ɛ
r e n n k y e r ɛ
n n a _ r e n n k y e r ɛ
r e k y e r ɛ
n n a _ r e k y e r ɛ
b ɛ k y e r ɛ
r e n n k y e r ɛ
n n k y e r ɛ
a n n k y e r ɛ
k y e r ɛ
k y e r ɛ e e
m m a _ n n k y e r ɛ
k y e r ɛ
n n k ɔ k y e r ɛ
a m m b ɛ k y e r ɛ
a m m k ɔ k y e r ɛ
k y e r ɛ
m m b ɛ k y e r ɛ e e
n n k ɔ k y e r ɛ e e
n n a _ m m b ɛ k y e r ɛ e e
n n a _ n n k ɔ k y e r ɛ e e
a b ɛ k y e r ɛ
a k ɔ k y e r ɛ
n n a _ a b ɛ k y e r ɛ
n n a _ a k ɔ k y e r ɛ
r e m m b ɛ k y e r ɛ
r e n n k ɔ k y e r ɛ
n n a _ r e m m b ɛ k y e r ɛ
n n a _ r e n n k ɔ k y e r ɛ
r e b ɛ k y e r ɛ
r e k ɔ k y e r ɛ
n n a _ r e b ɛ k y e r ɛ
n n a _ r e k ɔ k y e r ɛ
k ɔ k y e r ɛ
b ɛ k y e r ɛ e e
k ɔ k y e r ɛ e e
m m a _ n n k y e r ɛ
n k y e r ɛ
n n h w e h w ɛ e e
n n a _ n n h w e h w ɛ e e
a h w e h w ɛ
n n a _ a h w e h w ɛ
r e n n h w e h w ɛ
n n a _ r e n n h w e h w ɛ
r e h w e h w ɛ
n n a _ r e h w e h w ɛ
b ɛ h w e h w ɛ
r e n n h w e h w ɛ
n n h w e h w ɛ
a n n h w e h w ɛ
h w e h w ɛ
h w e h w ɛ e e
m m a _ n n h w e h w ɛ
h w e h w ɛ
n n k ɔ h w e h w ɛ
a m m b ɛ h w e h w ɛ
a m m k ɔ h w e h w ɛ
h w e h w ɛ
m m b ɛ h w e h w ɛ e e
n n k ɔ h w e h w ɛ e e
n n a _ m m b ɛ h w e h w ɛ e e
n n a _ n n k ɔ h w e h w ɛ e e
a b ɛ h w e h w ɛ
a k ɔ h w e h w ɛ
n n a _ a b ɛ h w e h w ɛ
n n a _ a k ɔ h w e h w ɛ
r e m m b ɛ h w e h w ɛ
r e n n k ɔ h w e h w ɛ
n n a _ r e m m b ɛ h w e h w ɛ
n n a _ r e n n k ɔ h w e h w ɛ
r e b ɛ h w e h w ɛ
r e k ɔ h w e h w ɛ
n n a _ r e b ɛ h w e h w ɛ
n n a _ r e k ɔ h w e h w ɛ
k ɔ h w e h w ɛ
b ɛ h w e h w ɛ e e
k ɔ h w e h w ɛ e e
m m a _ n n h w e h w ɛ
n h w e h w ɛ
n n t e n a e e
n n a _ n n t e n a e e
a t e n a
n n a _ a t e n a
r e n n t e n a
n n a _ r e n n t e n a
r e t e n a
n n a _ r e t e n a
b ɛ t e n a
r e n n t e n a
n n t e n a
a n n t e n a
t e n a
t e n a e e
m m a _ n n t e n a
t e n a
n n k ɔ t e n a
a m m b ɛ t e n a
a m m k ɔ t e n a
t e n a
m m b ɛ t e n a e e
n n k ɔ t e n a e e
n n a _ m m b ɛ t e n a e e
n n a _ n n k ɔ t e n a e e
a b ɛ t e n a
a k ɔ t e n a
n n a _ a b ɛ t e n a
n n a _ a k ɔ t e n a
r e m m b ɛ t e n a
r e n n k ɔ t e n a
n n a _ r e m m b ɛ t e n a
n n a _ r e n n k ɔ t e n a
r e b ɛ t e n a
r e k ɔ t e n a
n n a _ r e b ɛ t e n a
n n a _ r e k ɔ t e n a
k ɔ t e n a
b ɛ t e n a e e
k ɔ t e n a e e
m m a _ n n t e n a
n t e n a
n n t ɔ e e
n n a _ n n t ɔ e e
a t ɔ
n n a _ a t ɔ
r e n n t ɔ
n n a _ r e n n t ɔ
r e t ɔ
n n a _ r e t ɔ
b ɛ t ɔ
r e n n t ɔ
n n t ɔ
a n n t ɔ
t ɔ
t ɔ e e
m m a _ n n t ɔ
t ɔ
n n k ɔ t ɔ
a m m b ɛ t ɔ
a m m k ɔ t ɔ
t ɔ
m m b ɛ t ɔ e e
n n k ɔ t ɔ e e
n n a _ m m b ɛ t ɔ e e
n n a _ n n k ɔ t ɔ e e
a b ɛ t ɔ
a k ɔ t ɔ
n n a _ a b ɛ t ɔ
n n a _ a k ɔ t ɔ
r e m m b ɛ t ɔ
r e n n k ɔ t ɔ
n n a _ r e m m b ɛ t ɔ
n n a _ r e n n k ɔ t ɔ
r e b ɛ t ɔ
r e k ɔ t ɔ
n n a _ r e b ɛ t ɔ
n n a _ r e k ɔ t ɔ
k ɔ t ɔ
b ɛ t ɔ e e
k ɔ t ɔ e e
m m a _ n n t ɔ
n t ɔ
n n h u a n e e
n n a _ n n h u a n e e
a h u a n e
n n a _ a h u a n e
r e n n h u a n e
n n a _ r e n n h u a n e
r e h u a n e
n n a _ r e h u a n e
b ɛ h u a n e
r e n n h u a n e
n n h u a n e
a n n h u a n e
h u a n e
h u a n e e
m m a _ n n h u a n e
h u a n e
n n k ɔ h u a n e
a m m b ɛ h u a n e
a m m k ɔ h u a n e
h u a n e
m m b ɛ h u a n e e
n n k ɔ h u a n e e
n n a _ m m b ɛ h u a n e e
n n a _ n n k ɔ h u a n e e
a b ɛ h u a n e
a k ɔ h u a n e
n n a _ a b ɛ h u a n e
n n a _ a k ɔ h u a n e
r e m m b ɛ h u a n e
r e n n k ɔ h u a n e
n n a _ r e m m b ɛ h u a n e
n n a _ r e n n k ɔ h u a n e
r e b ɛ h u a n e
r e k ɔ h u a n e
n n a _ r e b ɛ h u a n e
n n a _ r e k ɔ h u a n e
k ɔ h u a n e
b ɛ h u a n e e
k ɔ h u a n e e
m m a _ n n h u a n e
n h u a n e
n n h u n t i e e
n n a _ n n h u n t i e e
a h u n t i
n n a _ a h u n t i
r e n n h u n t i
n n a _ r e n n h u n t i
r e h u n t i
n n a _ r e h u n t i
b ɛ h u n t i
r e n n h u n t i
n n h u n t i
a n n h u n t i
h u n t i
h u n t i e e
m m a _ n n h u n t i
h u n t i
n n k ɔ h u n t i
a m m b ɛ h u n t i
a m m k ɔ h u n t i
h u n t i
m m b ɛ h u n t i e e
n n k ɔ h u n t i e e
n n a _ m m b ɛ h u n t i e e
n n a _ n n k ɔ h u n t i e e
a b ɛ h u n t i
a k ɔ h u n t i
n n a _ a b ɛ h u n t i
n n a _ a k ɔ h u n t i
r e m m b ɛ h u n t i
r e n n k ɔ h u n t i
n n a _ r e m m b ɛ h u n t i
n n a _ r e n n k ɔ h u n t i
r e b ɛ h u n t i
r e k ɔ h u n t i
n n a _ r e b ɛ h u n t i
n n a _ r e k ɔ h u n t i
k ɔ h u n t i
b ɛ h u n t i e e
k ɔ h u n t i e e
m m a _ n n h u n t i
n h u n t i
a k e m k ɔ w ɛ s u a _ a s m
ɔ m b o r e n k o i a _ a ɛ
a t e a
m m p a _ a t ɛ t w e k ɔ s _ ɔ n o e
ɛ h o m f o
e p e k ɔ o
r o b ɔ _ s _ m
n n k i _ a k d n a _ ɛ _ _ n n u
ɛ s i e ɛ b o
w a _ r e a _ t i m m m e t e
y i r
ɔ _ t e n d a ɛ t ɔ e e t i t r e y _
r e k f r e b a n s n k o i u a e
e t e ɔ h u e p i _ a t r
h i a _ a n _ a w e n s a u
k o ɔ _ t e
r i n a n b ɛ s o ɛ p i a t ɔ
i n t n n h a i e
m m f e t o w ɔ f o e
n y e ɔ k e a
e k y a
_ a b k w a w
m p e a ɛ h o ɛ k a
e b ɛ o m k ɔ
a m m ɔ r e p a ɔ t a
ɔ h i s u a e h o
ɔ p e a _ m m i
m f o e a _ m b
p i a a _ a y a h i o s o e
n n k y e n n ɛ m k ɔ ɛ b ɛ s m
_ a w s a m a ɔ k e a
ɔ s e s
n t e e n k ɔ e m m i m f o ɛ d u
e ɛ w e ɔ y i a m m k y a m m o m m p
n h y r e n d n s e s u a n e a s
ɔ e e h u a e p ɛ n a _ b n n k d
ɛ h o ɔ n a u e e k y r t i a n e
_ a n n a h u n m m i a _ a o
ɛ s o d m k ɔ u
_ a k d a b u a k a d a ɔ s e e
b ɛ n n i n e b ɛ n n s n a _ r b
k ɔ s m o s o
n n a n n d i e a b o m b ɛ i
i r k ɔ d
r e
a k e n a _ n ɔ s u a ɛ k ɔ e
_ a f y i _ n t o e n a _ s ɔ p i
n n k d e ɛ w n y i a a _ m m n k ɔ u
ɔ h y _ ɛ n k a
a y ɔ y e t e n f o w
ɔ n o e m i a ɔ s o d
m b ɔ w ɛ h a r e n n n h u e e h o
ɛ w o o s u o m k ɔ b ɛ k e ɔ d a
r e n w
r e w b ɛ s o ɔ y ɛ k e a e k ɔ ɔ _ a k t
a b ɛ ɛ
n o m e e n a ɔ b a _ n s a t e a a _ a ɔ
w u _ m p e
r e n w n n k k ɔ _ m a e d i n a _ a u
m m k s ɔ d i n i _ n k ɔ k _ h y ɛ
a _ m f
n d i e
a k ɔ t d u m e k ɔ ɔ
ɛ d a _ a k d ɛ b u ɛ e ɛ h i b ɛ y
r e p d a e e k ɔ a a _ r y
n t e _ a w o e a h i r ɛ e
s u e k e k t i m e
e m m ɛ n k ɔ u ɔ h u e e k ɔ w t w r o
ɔ d i n n n a r e m m e y ɛ e
ɛ t r e b n b ɛ b _ b ɛ n n
r e n y
k a s e b o r e n y ɛ
t o e b ɛ e
ɔ m a e e h y n i n k a a
o w e d i ɛ w i e
n s i m k ɔ y
n d u b o r e ɛ d i
_ n k e e k a u k ɔ y _ _ m m
n h o
m a _ n ɛ k a e m a
k a n t e n e
_ a k t _ m p ɛ b ɔ w
ɔ h w h a _ a w a _ r y
a s o d e b ɛ o ɛ n o e
m k ɛ d a a h a t e
k ɔ k e s u e b ɛ w
a _ a y e b ɛ y _ m m a t i n n n s n
ɔ h i e r e m w ɛ e n y ɛ e
a _ n y ɔ m a e h w ɛ e
o s o e _ m b ɛ f w b ɛ w
r e b m m m e m n k ɔ t
m b ɔ m e t w r ɛ b o o a n n ɔ n n a
_ n n i k y i i b ɛ h n
r e k e s e n e m m k b _ a b d
a m n h w h _ a k b
n n k n h u n
n k e k n h o
m m a e n n s _
w e h ɛ h y _ a y ɛ k ɔ n n
e n n a w o k y
e k ɔ m m f ɛ f a h i
a _ m f n k o e
p ɛ ɛ p e _ a y
i a e ɔ d i n
y ɛ _ s n y
n y ɛ ɔ d i n ɛ y i e f o b ɛ y _
ɛ d i n n a _ p s e e n n o e
e k a a ɔ t e a a k ɔ ɔ
a _ r w e k ɔ y r e b d e n n i
e n n i n s a e n n e
_ a k h
n n k o n n n s _ e t i t u n e k e k
e m m ɔ k ɔ s a m m k y e n n o e k ɔ
k ɔ a y ɛ e k ɔ d e u n t e
r e k w n s o n n t w m m b
ɔ s o _ a b _
n n k p _ w a e
ɔ s e s r e n m n n s a n k y r
n n y u o _ u w i ɔ b ɔ
a e e _ t i ɔ d i r e b h a t w r n o m
a t i t b o r e a b ɛ ɛ s e e e d u
k ɔ h e w e _ a y e e m f o
o _ ɔ p e n t ɔ m m b m b ɛ ɔ
ɔ y i b ɔ e f o
b ɛ y e n n y e p e p e
m b ɛ ɛ
n n k m p a
k ɔ s o
ɛ f o n s i e a s e s a n n w o e
k e m m k h _ a d b ɛ b e k ɔ f w
k ɔ n n b ɛ k n
ɛ h y _ r e t n m k ɔ a o s k ɔ h n
k ɔ d m
r e s _ y i a b ɔ _ p k ɔ k _ n d i e
e p e a a e
_ a w s m m b _
a _ r w
_ a k b a h u n
a _ r t _ d f a e ɛ s o d
u n e m i a y ɛ ɔ h i s a w e n n k r e s r
_ r e o e k a a m m b s ɔ k ɔ t
k a m o n i e r e n y ɛ h u e b o
_ r e i _ a s
ɔ d a n n n d a _ e m m u
d w u ɛ y i a m b ɔ m n n k n a k ɔ w
n n k
k y b ɛ f e
e s u
d i _ k n n a n
ɔ k e a ɔ f a ɛ y i a m m b s
n d i n o n i e i n ɛ s u _ _ a k k ɔ d _
n a _ w a k ɔ
e b ɛ ɔ b ɛ s r
ɛ s u w e e ɔ y e e s a n e _ a n o
y i a ɔ t e e e n n a
m b ɔ r e b y a _ r s m m m e
r e ɛ ɛ s u a
ɔ h o o ɔ h u t u a n e
p e p e m a _ m n k ɔ y n e e m m a e
u o _ u ɛ k ɔ t a k e ɛ s o d
a h i m m a n e y ɛ a ɛ b
_ a d e k a u d u
n a _ w ɔ b u o m k ɔ a
ɛ d r e b h
r e b y k y e ɛ ɛ e h u n n y i n s e s
ɔ y ɛ a ɔ e e _ a f w _ a h e m p e
b ɛ d e e m a k ɔ k _ ɛ s k a m o n i e
a _ a m i ɔ _ n
ɔ h w t a r
e s e e _ m m o e w o o r e b
a h a a n w o
ɔ b u e e e b ɛ f w o n i m b u e
ɔ s o r e n y
n i m i _ ɛ t i a _ n n ɛ b u e
a m m u m m p ɛ y
ɛ d i n
m p ɛ e n n k y a b o _ a d m n k a
k ɔ k
r e k e
b ɛ m ɔ w e _ a b r
e n s n
ɔ k ɔ e a f _ r b ɔ _ a r e b n _ n n w
n n a n ɛ t i n n h e o a e k y n n o e
a k ɔ o e s u _
n s e s n t ɔ n b ɛ b a
a y e n s o d
n s u _ n s e e o h o
e ɛ w e _ r e y
a b ɔ w e t w r a _ n t o w e a b ɛ ɔ
a f a
y i a
ɔ n a t ɔ _ o n _ a h _ a k
ɔ d r e b r n s e e
ɛ f a _ m p r e k m e p e k y i
n n h b ɛ t _ a b u m m i e
ɔ k y a e n n o m p a e
w e r t e n e m m k d
ɛ t e n n h a a n n a
a _ n y t e _
n k a m m f e _ a b h r e m m _ a b t
m b ɛ e
_ n n ɔ
b ɛ h
b u n h u e
e k ɔ e n a e a t w r ɛ t e e ɛ h a
k ɔ h _ a k f a d a a a y ɛ
b ɛ s o
ɔ f r e k m k ɔ m r e b f
w a ɔ m i e b ɛ k e m a _ m
n n y w w e r w b ɛ p p m m k f n h u e
n t e e m f a e n n h h r e n d
_ a s s o w ɔ b u t ɔ
e h a ɛ s o n n y e e b o e b o
n k a a
e e m k ɔ ɛ p a e k ɔ o
a _ r m
n w o o k ɔ t n k ɔ y _ k e k
s e n r e n t r e k s m a _ n
_ m d a _ ɔ _ m a e k e a k ɔ p a u a e
y e w e ɔ t i e i e _ m m ɛ e r e e
_ m m i m k ɔ u n h u n
i w d a e ɛ w
m m _ a k m
a _ r p ɔ h w h
e k ɔ a a d a u a n e a y i
ɔ w b ɛ f w n n w e
_ a s n w i e m b ɔ m k ɔ s n
e t o w i i r e r e
n h y _ a _ n n n n s r e s _
_ w k ɔ _ i d u m e h
w o n k ɔ b u e n a
n n s n b ɛ y b ɛ s m
n k ɔ t o n i a _ n k
n s u _ k ɔ w s
e f a n h _ m u e
s a e n t i t w o s w r e ɛ e o a e
a m m n i e k ɔ e n a t a _ n y
ɔ n o s o _ a w e y i a e m b o e m k ɔ u
ɛ k y r
e t i _ m m e a _ a u
e m m ɔ
b ɛ b a r e a k e k
n i m e _ a s ɛ y i
ɔ k e k a m e _ r e ɔ
y e r ɛ a k a ɔ b ɔ w
n y i a e m m a a d a
ɛ f o a _ a n a
_ a d u ɛ p ɛ ɛ w o e
b ɛ p
r e t n
a d k ɔ w s k ɔ k i m m p a
o _ m e
i a a t o n k y r a y ɛ a e h u t
a h y _ a w s s o _ _ a d e r e m m a e
b ɛ h a
w e h ɛ m m k y m p ɛ _ a b
n a _ d
e k ɔ ɛ
n n n n y e n n y s o _ a
r e n h n n s _
ɛ d i n k ɔ h ɛ ɔ h y ɛ n
_ a s o ɔ m a _ a b f a n o
ɔ f o e
t a e k e k m n k y a
ɔ t i e m m u t w e _ a y _ n n w
n t i t ɔ n k y a k ɔ s o a b u
k ɔ m _ a s n h i e k a n e
_ a y b ɛ p e e y i
a n a t e h w e a _ n d ɔ p e o h
e k ɔ b ɛ f e m b o n n a t
ɛ e e b ɛ s r _ n n ɛ n n h n
n w i e w o a y e ɔ s a e f i e m b ɛ e
n t w e k ɔ s m k ɔ d m ɛ t i e u o ɔ y i
e p a b u a n n w _ m m o k ɔ k s
u a e n k n
a _ r t w a s u a e n a n u n n n h
t e w e m b ɛ ɛ n a e
a d a a a d a a
s u o m r e n n _ a b d
e h o o e t w i
r e k m _ a b w
n s d u m e b ɛ m e b ɛ e ɔ m a e
ɔ n a t ɛ n i e f
n n k t e r e w n n w s ɔ k ɔ t
e b ɔ m s a n b ɛ h ɛ
ɛ t e e _ a s a n t e a r e h h ɛ s e s
a t ɔ ɔ t e
ɔ y ɛ e r e k p a s u _ a _ r y
h o h e e k ɔ n m _ a t w r e b _
e m m o n n s m
ɔ p ɛ e
r e r e m m a m m ɔ r ɛ w e m m b t
e k ɔ e _ a t e n i m e
n h u e ɛ d i e ɛ f o u n t _ a n
b ɛ w
t a r e
k y e ɛ _ a t _ m m b y ɔ k ɔ t b o a
n t a a p ɛ m p e a h o r e
e b ɛ a a m a
f i
d u m h a t a t a e e k ɔ w
n y i a e s o d e k ɔ w
n k e a b ɛ b _
_ a k _
ɛ f o
ɔ y e e _ r k e ɛ s e s n a _ s _ m m e
e n m m m e
r e p a o _ n t i e e m m e y e r ɛ
ɛ t ɛ h y _ n k e e k ɔ ɔ _ w a
ɔ k y a n h e t e a a m i m m b m a h w
i n i _ a ɛ b ɛ t b ɛ k k a b ɛ o
a m m i s a w
n s o d _ a b w a k e a
ɛ w i e k ɔ p a n t i _ a b f ɛ t ɔ
m m a e
b o r e i n t m ɔ n a
a n n a n e y ɛ _ r e s m ɛ t a e r e y
i a n a _ b
a k y a s i m m b p a b ɛ ɛ m m b k
a b ɛ ɛ ɛ n o e y i a d a e ɔ k e k
t a r b ɛ n m
r e m p ɔ t w
s u m m m b h e t w n n h a e y i a
ɔ p ɛ e r e t
b ɛ h e ɔ n n y ɛ a e f
e y ɛ a ɛ s u e n t i a k a r e ɛ
m m b a b ɔ _ s n k y r ɔ y e e
_ t b ɛ h a r e b _ m m k d w e e ɔ d u e
ɔ k a k ɔ p _ a k i e h o o o n i a s e
e h u m u r e b f m b ɛ i ɔ k y _ a s w
e w e r e n m p a e
ɔ h i e
r ɛ w ɔ h u a d u ɔ k y
h u n i ɛ d i e ɔ n a m m b k
a _ a i u n t e m m k d e ɛ w e
e b n a _ _ m ɔ _ m
_ a k f h u ɔ s u _
r e k i e h a b ɛ b _
_ a k _
u o _ u e b ɛ a n k ɔ o a f e d i n m m k h
_ m p e ɔ s a e s a r e m m
_ a k k a n n u i _ a ɛ u m a n n s a
ɔ m a e i w e a m m a ɔ h a
e b ɔ m r o ɛ s u e n y ɛ a
r e k d
o m e b ɛ y a f a _ a k p b u n n k y
y ɛ _ a _ n t m a _ s e r
k ɔ t r e k a r e p a
s o _ a e e ɔ w e ɔ w o e e k _ r e m b ɔ w
_ m m e t a e b ɛ b r
i m e
i e ɔ e e a n o n n k e ɔ h _ n n a y i r e
s u a e w a w ɛ t ɔ n b ɛ t e a m m u
_ a f
n h y r e n n
ɔ s u _ k ɔ b r
a _ r m _ a f w m k k ɔ p p
a k ɛ t a n h u ɛ s i e
r e b h
k ɔ t r e t _ m m ɔ
a t o _ a h a a r e e t ɔ e m m o
e p i k ɔ b
n o m e b ɛ h a ɛ e e
ɔ s e e _ a s e k ɔ s e
ɔ n a t w o e s i w e o e e _ d a
b ɛ w ɔ t ɔ n m b ɛ u _ a k f a n a e w o
ɛ k r i _ a s e ɔ k e a m k ɔ a
t w i n t b ɛ b r ɛ s u e n n d e
e n n e r i e h u ɛ y ɛ h w e a r b ɛ d e
ɛ t e
h w n h a
_ a h t
r e k k
h w k ɔ f o h o o h u a e d u m e
ɔ w o o n n a n
n a _ b ɛ m e
t a
r e h a
m m b ɔ k ɔ ɛ s e e k ɔ b _ _ m m ɛ k y i
e _ e n e
a _ a ɛ n t i e u o _ u a _ a y
b ɛ w s f i e
_ a f w _ a s r n t o e _ r e u
n n k i n t w r y ɛ e b ɛ k s
t w e ɛ a m u
a r e b ɛ d b ɛ k i a e e
r e e ɔ t w r n a _ s m i a e n s u e
t i n ɛ w o i _ n a _ a
k ɔ h t y i _ n h o r e h a _ n w
r e n h m m a m r e ɛ ɔ y ɛ e b ɛ t
k ɔ p e m b ɔ n
ɛ b ɔ ɛ t ɔ n
t o s e n ɛ s u m a e
n d a a f a ɛ k a e
ɛ b o m b ɛ ɔ k ɔ h n n k ɔ n h a _ r b
m p a e n d i e e p a e d a n o m e
ɔ y ɛ h i a _ r r e b w
a t e _ a y w t e w e b ɛ p p _ a t w
_ t i
n n h e _ m u n n d m e h w e h i a e
ɔ t i t n n s a _ d a e f i e n t ɔ e
ɔ f ɛ t e a k ɔ h e _ a m ɛ h u e
t w e a n o n n k _
e d i n a h y n d
ɛ s a e a _ r s ɛ y ɛ e h y
m p ɛ r e s _ a s o
o s o e ɛ m r e k m n k ɔ o
k y i i
_ a k w a s e y e r
ɛ w a m m ɛ _ a b b ɛ d a
ɔ _ n a
k ɔ f e n s a ɔ y e ɔ t o e ɛ t w
o h o r e h a n h w h n a _ t
a k y r e w i r e b n
ɛ t ɔ n ɛ t e a ɛ p i
e p e ɛ t e a ɛ h y ɛ _ e b ɔ w
b ɛ s n a t ɔ o a e r e t e m b ɛ i
a f o n k ɔ
m f o ɛ m i
r e w s h o h w i e e f b ɛ
k ɔ f a b ɛ ɛ
ɛ b u b ɛ w e
n n t w e n k n
h u e b u e k o e ɛ y e _ w a
a b ɔ m a b o o
r e h e ɛ h o o n s a y ɛ a n a _ d
ɛ _ a m p e
a h w ɛ k y e b ɛ o ɔ p ɛ e a _ r b
ɔ b ɔ w
e k ɔ e
o _ m e n k ɔ a
e d u a n n w m m k f e ɛ
n y ɛ a _ r w ɛ d i n
ɛ m i e w o e ɔ k ɔ t a _ r n ɔ t ɔ
m e _ a y w y i r e y r e n h a n n
ɔ t i t o a n t ɔ e ɔ t ɔ e e n a e
a _ m m e s
ɛ p i e n n h t ɛ b ɔ n ɛ h u b ɛ t _
o n i e e b ɛ i m m k m n n t r ɛ p i
_ r e i w ɛ e u o _ ɛ w o o
o w e r e b b n a _ h a n t w b ɛ h
k ɔ k i
a _ r b e b ɔ w m m p a
_ a w n h u t
t o w e
n n o r e b d _ a s _
n n k _ m a e e n n y n k o e ɔ w i e
s u m e s i k e k a _ ɛ d i n
_ a d _ a b n a _ b _ n n e
b ɔ _ s a h o a y r e f ɔ s i e b u
n n k e ɛ k y r
n h u t k o n ɛ t i
i e f a n a t e p e a
n n n n ɔ k e k a a b ɔ m
_ a w e k a m n a _ e
m b o t o w
n n d e n n w s n n s r
a y e ɔ t e e
ɔ _ w w
a m u e _ a k w ɔ h w e s u h u
e r ɛ e k ɔ e ɛ w i e
t e _ _ a k p
k o n m s u o y i r e e t i t
n n o e e t e a e k y a p i
m m k p k ɔ s e r e h a
t i n _ m m ɛ n t e e ɛ h a ɔ p e n k e a
o r ɛ f a m m b y r e n w
m m k h _ m p e
r e s n e b ɔ n a _ r m u e h u t
ɛ s u a b ɛ h
m m b _ k ɔ a _ r m k ɔ p a ɛ n m a _ n
_ n n e ɛ _ a e a m u e n s e
a b o e n n o
a k a a ɛ t i ɛ m a h y _ k ɔ f
r e h e ɛ s e o a n h i e
n t i m f o
r e f w s u e a s e e h a a
ɔ k ɔ t p e d w u k ɔ w _ m m o
_ a b y r e p a n s a r e d m
n a _ k _ n s m ɔ h i e a s e s
b ɛ y o n i a h y b ɛ y _ n s u _
e n n a m a n n o e n n y w t a b ɛ w s
m m a e p e p r e h h
k ɔ h t y ɛ _ n n k k
r ɛ e b ɛ k _ a k k _ n n
m p i e d r e b e e b u b ɛ y _ a k b
_ a m a a _ n h r e s m ɔ d i e
r e k h ɔ d a a n o m b ɔ w
_ a k e t o w e y i e h r e h h
m a _ n ɛ k a e m m e k ɔ y
k ɔ k e
m b ɛ ɔ n n k b r e n n d a _ m k
a m m y i r e ɔ h a
m m m a m m b k a b ɔ n n h w ɛ t o e
ɛ d u e k ɔ s w o _ ɛ k e k m m k f
e p a e ɔ s e k ɔ h t ɔ _ w ɔ n o
e k y a n t i e r e s _ i e e _ a h a
e m m ɔ _ m p y i a e m m k k n a _ n
b ɔ r e s r ɛ n o e s e n e d w u a
k ɔ w e ɛ k e k ɔ y _
i _ a a _ r y d a e e t e y e r k y
k ɔ s r s e r w
e r k ɔ h n
m k ɔ ɛ e m i h w e w h o h k a e h y ɛ a
m m k y h u n i ɛ s o d
b ɛ b r b ɛ s a _ m m o
k y i b ɛ b _ n n h t
a k ɔ ɛ y i r e m b ɛ i k ɔ m a i _ a
ɔ k ɔ e
u m e o n i e e b ɛ a k ɔ t
b ɛ t w b ɛ d _ y e r e n k y a
e y e ɛ w e w u m e e k ɔ y n k ɔ a
_ a h h
ɔ m a e
m b ɔ m r e m b r e s w
e k ɔ t
_ n s m ɛ t o e e m m o ɔ y i a r e s n
m m a m n w o e m i
e m m ɔ ɔ _ m
ɔ y e _ a b _ a p e t ɔ
a b ɛ ɔ y i _ y
ɔ t e e h a
ɛ h w h o w o w e b ɛ ɛ a f
ɛ w r e t e a n n y m b ɛ u a s a
e y e ɔ h a a
_ a h ɛ h a a _ t i f
k ɔ n n t ɔ n
b o a e b ɛ d _ n n h h n n w
o h o ɛ p ɛ e b ɛ ɛ t i m m m i n k o i
e k ɔ e n t w ɛ t i ɔ k y t e n a k ɔ i
e p e a ɛ b o o m p _ n n i
a w e ɛ s i e
i r b ɔ _
n t w e w a _ a s _
n y e e b o r o m e b ɛ f ɔ w
ɛ w o o n n s n m i
e t i i a e ɛ d u e b ɛ s n
m k ɔ u b ɛ m e
n t o e m m k b o n i y i ɛ n o e
e s t o a _ n d b ɔ _ r i m a e
y ɛ _ s o m e t o e s o
_ a b w w a
ɛ t ɔ e r e b _ k a e n d a a n a _ d
r e k m n n n b o a ɛ d i n ɛ t e a
ɛ f a e a f a e k y a b ɛ k k b ɛ k n
a _ r k a _ r f
a k ɔ y
ɛ s u _ d i _ k
ɔ d u e ɛ h u n m m b y b ɛ p r ɛ w e
e n n i o n m a _ e r t i m e
e n n o
u n t _ a h ɔ w o e a k ɔ ɛ k e r e k i
m k ɔ e b ɛ f
r e s m n n s r m m b h e h o o n n t r
ɛ y ɛ h u e
e b ɛ u e b ɛ o w o s w
e t a e b ɛ t w e b ɛ u
r e b e
a n e b o o ɔ w o n h i _ a b k
u o _ ɛ n o
b ɛ f w b ɛ s n
e _ a e ɔ d i n
n s a e ɛ t o a k a e d u o _ d
n a _ e a b ɛ y i a a y ɛ ɛ h w h
e s a ɛ f a e ɔ t i e _ r e i d w u a
d w u ɔ f a e
f o w e m m i a n a w i e
_ a b h n n d _ e h a a
m b ɔ ɔ h w a s u _
ɔ t ɔ n k e n a a b ɔ a t ɔ n
a y ɛ e a _ a i m m b n
_ n n ɛ n h y _ r e h t e f o t a r e
ɔ h u e n n t w ɛ m i e
n t i e
ɔ b k a a k e a
b ɛ d e
r e b t a d u _ a s _ m b o e
n n d e _ r e o ɛ s u _ n k ɔ y
f a e a h i
a s a e _ a e b o r _ n s f i _ m m a
e b ɔ m e f o m m b _
b ɔ _ a a b ɔ w r e b b k ɔ w e
e t a b ɛ y m m a e n h
n y a p ɛ e s u
n o m e
ɛ k ɔ e ɛ s ɔ y ɛ h w n n s e
_ a
i _ a e w e ɔ t ɔ a _ n s
n w i a _ r b k ɔ n n ɛ y ɛ a
m i a h o h n n t e e b ɔ n m m f e
a b u _ r e i
m f o e
y ɛ e m m o s i a h a a r e s n n w i e
a d w m ɔ h u t m b ɛ ɛ
u e k e n ɔ h i e k ɔ k s e b ɛ ɛ e b ɛ ɛ
e d i n b ɛ b _ n n k h ɛ t w r o _ m e
_ n n u a _ a o
n n w s
ɛ e _ n n ɔ
m p i e k e n k o f o w e a h u n
a _ r m ɔ p i e w e r
n k ɔ i ɔ t e
_ r e w ɛ p i e _ d a e a s u _ r e k b
n k a a b o r e k ɔ i a _ r y
h u n b ɛ m e
e ɛ w k ɔ _
o h o e h w ɛ e b ɛ h n ɛ d i
a _ a w a t ɔ n
ɛ t w r _ a m a m m p p r e b _
a k e a
_ n n b ɛ s e
m k ɔ w o s o
p e p
e m i n h o o n e e n n t n w o e
m m b _ k ɔ p e ɛ w e
i n t m
a k y a
b ɛ k n a n t w r e f _ r e a o _ d
ɔ n a n s a
e s u a n e ɛ t e
ɔ m i ɛ e e ɛ b u e e m m m p e a k ɔ ɔ
ɛ t a
y ɛ _ d e w o o
t o n h a e m m u k ɔ t _ a _ a o y ɛ _
b ɛ h h ɔ s a o _ m e
n h u k ɔ t _
n n k p w o e d i e
r e d _ n n s n y ɛ a w ɛ e ɔ t ɔ
n n s _ h y ɛ
e h b o r b ɛ k s
b ɛ s w e n a e d i _ k m m b y
ɛ k ɔ n t w r r e h ɛ r e s _ e p ɛ o a e
w ɛ n k y r a b ɔ m
e n n e r e y w r e d
a y e
o m e s u k ɔ k s k ɔ p a s i
ɔ d i e a _ a y
a m m a
a _ n w
e t i t _ a w s n n k p
n k e k r e k d _ m m i ɔ m i e
e m m ɔ
n n y _ _ a h t ɛ f o b ɛ k s h a t
_ n s m d i _ k
n a n ɛ d a n i m e n k w a w e h w e w
n d a a a k y n k ɔ y
o h o o r w o s w e k ɔ ɛ i _ a a k ɔ t
b ɛ m e s u o b ɛ m e e k e
p i m k ɔ y _ a k y m p a a _ r m
ɛ s i e r e h e
d w u a b ɛ e _ a y _ n s u _ ɔ w o e
b ɛ m e k ɔ w a _ a p a e k ɔ p a
a f a ɛ h ɔ b o s u e y ɛ ɔ s e _ n n ɔ
m m k p
m b a m m i m a e ɔ t w r r e b f
_ a b e ɔ k ɔ t a t a
e h a ɔ d _ w a e ɛ m a e m m k t _ m m ɔ
k ɔ w s a _ a u n n h t
w a n t i n t ɔ
m m b w o ɔ k e k k e k m a _ m
d a _ r e b r o s o e a t w ɛ t a e ɔ e
_ n n w s u o k ɔ b r t ɔ
ɛ m a e
k ɔ h a
t i n ɛ h w ɔ _ m _ a b s
r e h h a h a a e n k n w o o
n n y _ m b ɛ ɛ a _ m n h w h
b ɛ t w a k y a
ɛ e k ɔ h n e n e b ɛ h k ɔ y o m ɔ s u e
ɛ s e e k e k m h o h r ɛ m a d w u a
ɛ b u e a n a r e t n m b ɛ u a n e
ɛ b u m m b _ n n k _
e n n k ɔ ɔ y ɛ ɔ h y _
r e t n k a n e w o o n n t e
r e b d
m f b ɛ s m
n t ɔ b u _ a w e
ɛ w o o ɛ b ɔ n d i b ɛ t r e n n ɛ
t e w e
d i _ b u e n n h t
n s u _ w a a f
m b ɔ m _ a k i ɛ h i e ɛ f a e
m b ɛ u a n a t e n n s o w k ɔ w e
k y i e o m e y e _ m m e o _ m
n w e e s o m m b p _ a k _ ɔ f a e
r e b f _ n n a ɛ b u u m a e ɔ s u _ m m e
b ɛ w ɛ h a a n k ɔ o n t ɔ ɛ h o b o
a _ r m
a k ɔ e a _ r k h w _ a b e e m a
a k e s e e n t i t
ɛ k ɔ t e h y _ u a e ɛ w o
n s a ɛ f a e
m b u _ r e w
e b u
_ a h h
n a _ w
a _ a e i e f e
n k ɔ w ɛ y _ m m b o a t w e t i m m k y
w o e e b ɔ n f o
n h u _ m m i n a _ k a _ a a k ɔ p
m p ɛ n n t n _ a b b e k ɔ e n n s _
e s e n k ɔ w r o e _ a t w i m e
_ n s m b ɔ k ɔ k e b o r e k d
ɛ s a ɔ w o s u m e i _ n n s e s e m f o
n n k k r e k m m m k w b ɛ t n ɔ b ɔ n
m m b r a y i
m m b p
e r ɛ n t e y e r ɛ _ a b m
f a a n n e m m b t k ɔ y _
ɔ y k ɔ m e a _ m p r e m p
t i m e ɔ b o e k y e
ɛ e k ɔ s m
y i a e p e a b ɛ n i e f e ɛ t ɔ n
_ a h a i a n n h h n k ɔ y m m a ɔ k ɔ e
ɛ t a e i n t m _ a s o s u a e
o _ m e k ɔ s ɛ t e i _ a
p e p e ɔ p e
a n n ɛ ɛ k e k
y ɛ e r e k n
a b ɛ n k y r
ɔ e e
a s o ɔ h u t d a _ e b ɛ u
a y i ɔ k e k r e b p n d a a
m m b n _ m m d w u a
a h w h s e r w
b ɛ s o
n o m k ɔ w e ɛ p ɛ ɔ h n d n k a a m m k f
s i w e a p e a ɔ d i e
s u m
i _ n u a n n n t _ r e k f m m a e
a m m ɔ s o a y ɛ
a s a e _ m m ɔ r e b h b ɛ t e s u e
ɔ s u _ a k _
e ɛ w e a _ r n
ɛ b ɔ n a n e
e f o ɛ p e a b ɛ o
m m a a s o ɛ y e ɛ h o o _ a m
a y i a
a _ r y k ɔ e
a _ a u a k ɔ _ a d m
a _ a w m b ɛ y e w o e t ɔ
m a e n n k i ɛ k a a a _ a r e t w
a _ n w
_ a s m m b o o e k ɔ ɔ n a
a y ɛ a
_ a m a _ n n
ɔ s o u o r e p p
n t ɔ e y ɛ n h u e y e a k e a w o s
b ɛ t n e k ɔ e b ɛ h ɛ ɔ d i n k ɔ
e s m p i e _ n n w n i m
n h w h n n t r k a n
ɔ k y a h u n i
e n s a _ r f a n n o
a e e n a _ s
ɔ t w r m e e _ a s m
k ɔ m a n n s a s a w ɛ w o e
w o r e k n _ a b r p e p b ɛ t e a s e e
w a w s u m b ɔ _ a a y ɛ a a n o
m b u e ɛ w
n n n n _ r e a n t ɔ e
ɛ _ a _ a t n ɛ p i e n t i e
b ɛ s w ɛ s u _ r e ɛ ɛ d u e o _
k a m a h w h _ a h a k e m u e k ɔ f e
a n n o _ d a
ɛ k ɔ t k ɔ k n a _ m b
e n k k ɔ n m m k ɔ w _ a k e
a t e a ɛ s e s r e y w
m i a e ɔ h y
d i _ k _ a h a
e t e r e p p d u m e e h y ɔ k y _ a w e
n h i m m k f m b ɛ y _ a b y _ a m a
r e k _ a k y
i r i e ɛ k a e a n n e
n h y _ a s m ɔ s u e a _ n s
k ɔ k k a f a m u a s o d
i n t
b ɛ b _ e b ɔ m
e m m ɛ r e m f a k ɔ e r e k
ɛ k a a
w a w n n s m o r o e i e e
ɔ y i k ɔ w s y i _ y w o e n t w e
k ɔ h t ɔ n o e _ d _ a s k ɔ m e r e ɛ e
a k y a
ɛ k ɔ t a r k ɔ n m n n n m e _ w e n n ɛ
p e p ɔ p i e
o _ d a n o k ɔ k k
i r k a n e
h a e ɛ w e e t i n i ɔ t e a
_ r e u r e b a
e t ɔ n _ a b f i w e m f a t o
_ m u e e b ɛ _ a w e k o n
w a w e m i a e n n y e
a m m u o _ r e k i
k ɔ d e a n n a a k ɔ e
ɔ s u _ e t a k o e
m k ɔ ɔ ɔ b o
k ɔ p a ɔ y i e k e k n t e a _ a i
m e e f o a b ɛ ɛ n k a a _ w
m m k y u m a e ɛ b u ɛ e
r e b n ɛ b ɔ n
h w e w
t ɔ _ k _ a p p ɔ t o
m m p e a _ r k
y e r n s o _ a f
e t w r k ɔ p e n s
ɛ k e p a a t w _ a t _
ɛ h a m f o e m m k m
_ a k y
ɛ d a a m m k w s a n e _ a b w
a w e r e k d e m
u o _ u
s a k ɔ w a s u a r e b n n t o
n k e a _ a b w ɛ n o e ɛ t ɔ r e k _
f o w e _ a k y
n n s a _ n t ɛ e e b ɛ k ɔ t n r e p
m f o e a _ a e ɛ b ɔ n
_ n n e k ɔ h n a _ h
ɔ t w ɛ t i t r e k s m b ɛ ɛ
e t ɔ ɛ _ a y i a k e k m m m a e m k
e n y ɛ e e k y a _ a y n t o ɛ s o
n n w m m k m
a _ r d
e n n ɔ ɔ y i ɔ y ɛ a k ɔ m ɔ k a a
b ɛ h e
e n n o h y ɛ e ɛ w e ɛ d p i a k ɔ s
a _ n d a n n ɔ y ɛ w _ w a i n t
a e e e t i t n n k p
ɛ d u e a n n u ɛ t a e
ɔ d u s i k ɔ s n
r e n s o s u o _ u n k a e e p a e _ r e ɛ
n a _ n m b ɔ m ɔ f a _ r e ɛ s u
u e e t i e m p ɛ e e k ɔ o
m m b b
n n t n e b o o e e t ɔ e _ a n n a t
u m a r e b b ɔ _ m a _ ɔ y ɛ e a k y a
a m m ɛ h u a ɔ _ m m b ɛ ɛ a s e s
h y ɛ e k ɔ i ɛ s a i _ n ɔ t e a
r e k m ɔ t w
k a m h u n
m b ɛ w e ɛ a m u e d i e r e b h
ɛ s e r e e i r i e b ɛ b e
ɛ t ɔ e ɔ t e a a m i
f o t i n b ɛ t _ k ɔ t r n k ɔ e n a _
b ɛ k e _ a w e h i a e a r e a n t w
r e h a _ a t r ɛ d a a b ɔ _ a
i _ y e r
_ r e i a n e
_ r e y
e d e n a
_ m p e _ w a m m i e r e p a a k e
_ a n n a n r e h t a _ a k w
ɔ t ɔ e k ɔ m _ a s r a s a e m p i e
b ɛ d e n a
r e k k e b ɛ a r e k p r e y w _ a t _
ɛ _ a w _ a f
ɔ b ɔ w m f o n s u _
w i _ a k y h y b ɛ b _
a m m ɛ ɔ t o ɛ n o a k a m m k b
e m m ɔ k ɔ s e n k ɔ ɔ i _ a ɛ m i e
ɔ t w e k ɔ s w ɛ h y n y ɛ e o s o
k ɔ h t n a _ m m b a
w e h e t m i a e h i
d a n h u n t e n e
b ɛ h n b o a e e m m
b ɔ _ o s o e m f a ɛ h _ a y
ɔ s a
a k e a m k ɔ o a _ a w e n s n w i e
a n n w e m m o n d u e n n y _
o e e e k e a
o _ m e a m m o
w e r w b ɛ k
ɔ w e ɛ d u h u e ɛ s ɛ s u e ɔ d u m m i e
r e p
b ɔ _ s n t w ɛ y i a
_ r e w
w e h ɛ f a e
r e p a a _ m p p ɛ e r e k h
a _ r y e e m m k w e k y a
k ɔ h n k ɔ b e
_ m m ɛ a p ɛ m m k p
ɔ y ɛ a i a r e b n
b ɛ m e
r e m a r e d m
m m f e y i _ n n s n ɛ d i e r e k n
ɔ y e e n d i a p ɛ u n h y ɛ a
m p i m f o n k ɔ o
ɛ y ɛ e k ɔ y w
a b ɛ o m m a m a y i a e s e s
ɔ h a a r e b y
r ɛ
n n s o ɛ n a t e b u ɛ n o e b ɛ s a
k ɔ t t e w e
ɔ p e a a k y a _ a k k t ɔ _ k
k y e ɛ n w e
m k ɔ w ɔ t i r e k a b ɛ ɛ
n o m r e k t n a _ d a d a
w o e s o w e b ɛ e n a t
s i w e k ɔ o e s u _ m b ɛ o ɔ y ɛ e
n y e
b ɛ n m
ɛ h w h n y ɔ s a
m m p e
a t i t ɔ p i n t e e
e s r e k p ɔ p e
n k ɔ e n h u u m a e
e y ɛ a m p a e k a u k ɔ t r ɛ s i e
_ a h n a m m o
a h u t _ n n u m e e _ r e u s u m e
m m p a h o h r
u o _ m m b w
m k ɔ i k a n e
n n t e k ɔ t a m m ɔ ɔ h y _ u n _ n k n
t i e a t ɔ n o r o k ɔ y w
h w ɛ e ɛ y i a n h w _ a y _ a _ n n
a f _ a p e n a _ r e e
k ɔ _ i
w o s w _ d a m m ɔ ɔ t o e
ɔ y e n n k ɔ h a a h w ɔ s i e k ɔ w s
m k ɔ a b ɛ h a d u ɔ p i
b ɛ s o e p ɔ n o _ r e w ɛ k a
ɔ h u t _ a b t
b o a e _ a b k r e s m a s e s k ɔ _
ɔ y i e h u a _ r p ɛ s o d
n a _ n d a _ s a k ɔ e _ a w
n a _ d n d u e i e m e u o _ u a s
_ a s r a t o a s e s
o m k y e r ɛ ɔ t i
n n k d ɛ h i e m m b k o r o e a r e
r e t n ɔ t w u e
ɔ n a n h a n t w h w
n n k e r e b s
ɔ s r e m p i r _ n n i
k ɔ b u a _ a t e k ɔ w _ r e e
u m e k ɔ b _
k ɔ s n e t ɔ e w o o k ɔ n m m k y
n k e r e m a _ r e
u m a _ a o o r
e b ɛ u e f o
a k y a _ a b a e h w h d w
n n s n n k d m a e ɔ f a e
n a _ n n y ɛ e p i y e w e ɔ w o o
r e n h s i ɛ n a t m k k ɔ y e
e y i a i _ n o m k ɔ a n y i a
ɔ w o e a _ r n n k a a t ɔ e r e w
_ w t ɔ _ _ r e y ɛ s u a
r e n t m k ɔ y _ r e ɛ h i a e k ɔ k s
n k e a ɛ d u ɛ t ɔ
ɔ s u e k ɔ k e n t i e
t i n h w ɛ e e k y _ a b k m b ɛ y
b ɛ m k e n n n n m
ɔ e s u e a k ɔ ɔ _ n
b ɛ t e r e b f s e n n n k n _ a t _
n n k t t i e _ n n e n t e
e k ɔ a e f m p a n n k k
m m b w r e d _
ɛ s u e ɔ k e r e k t
s a m n n t w
b ɛ d e ɛ s a e f a e m i ɔ s _ a t w
ɔ t o a s i n n k e
a y e
ɔ n o n w e m m b p
n h w h a s a e ɛ b ɔ m k ɔ s m
e n a e w u m e b ɛ y w r e y w
a n e a b ɔ m
ɛ _ a e
ɛ p i
s a
b ɛ t w _ m m u
h y ɛ _ n n r e m m e w
n k a a m m b p a n n ɔ
a b ɔ m n w o o
r e s a
n w e k ɔ s a e ɔ t w b o r e n s e e
k a n s e m i _ a b t a p e a
s u m e m m b e _ a d m _ r e e
m m k b n k o e ɛ t e a
k a m i e f s u a e
r e b w n a _ p m a _ r e n s
a k e a m m k y a _ n h
a s u _ ɛ b ɔ m
_ a m a k ɔ p a r e t n n n s a
d u m ɛ s u a n n w e
a e e b ɛ n a w
e t w o r o _ a w s _ t i f
e b ɔ m ɛ h y
a _ r w
d w u e h u n
_ m u
y i r m b ɛ i e h u e m m e
n w i r e b s
h u n
ɔ k e k f o w k ɔ t n ɔ w o e k ɔ ɛ
d i a _ n s _ r e u
ɛ s i e k ɔ t n _ a b f m m b s
e t e
r e h h k a
u n ɔ w o e
ɔ w o
_ n s _ a k i ɔ t w e a n n y e m m ɔ
ɔ t w a s i r e m a a k ɔ e
ɛ m i a k ɔ e b ɛ s a ɔ k y m m b d
n n n o r n n k y i a e
ɛ k y a
a _ a ɛ b ɛ d _ _ r e e
t o w k e k
r e h t ɛ n a t ɔ d i n r e n d o r o e
n a n b ɛ k k a k y r m f a
_ m u e
ɔ s ɛ m a p e p e m p a n n k w
r e k e r e b a ɔ b o e e s o d
r e n y e t o
ɛ t a a b ɛ i
o _ i n a _ r m d u ɛ f o a b ɛ ɛ n d u
n n s w m k ɔ i
w e a k ɔ a ɔ s e e b ɛ h u a
t e n e y e
ɛ n o
a k ɔ o n k y r ɔ b o n n k h i n t m
m k ɔ y e n k n
n k ɔ a s ɛ y ɛ a d i e
ɔ y ɛ i n t m r ɛ k ɔ k n
_ n k
n k ɔ t n t w r a s a r e p p
_ a t w ɛ w o o ɛ t
t i n i a k ɔ ɛ h y ɛ
p a
r e b e e n n ɔ k ɔ b s e n e e d i
n a _ b ɛ t r ɛ h y _
ɔ n o e n o m e s a n a m a ɛ e r e t r
ɛ h y _ a _ n t e n e e b ɛ e _ a h a
ɛ h w h
r e p a ɛ h y k o n k ɔ f e
u a n e _ a k m a _ r d t i e
e k ɔ i
r e b p e b ɛ e ɛ s e e
k ɔ _ i w e e a s o d ɛ s e ɛ d i e
k ɔ b r e b ɛ e i w r o
_ a t r
y ɛ _ m m b k ɛ m a e m m b p _ r e o
_ n n y e b ɛ i ɛ b ɔ n
e w o o n h o
e d i n m k ɔ m a n n o
_ a k w r e b w
ɛ n o n n o e a b u m b ɛ y
ɛ s u a r o e ɛ h ɛ n a t ɛ k ɔ e a t ɔ n
f a e _ n n ɔ
e d i n h w h ɔ b ɔ
e m m _ m e ɛ w e b ɛ h t b ɛ k k _ a k e
_ a k _ o a e ɔ s a e n k ɔ o
b ɛ h h n n k d
k o _ m u e a y ɛ n h i ɛ _ a e ɛ b ɔ w
k o ɛ _ a w _ m m ɛ ɛ t o n s o d m m b r
e b ɛ i a h i h w ɛ e
n n d e
k ɔ s m m b s r e k i n k ɔ ɛ
ɔ t i e
n n y e b ɛ t
k ɔ b _ ɛ f o e ɔ d u n w o h o h r
ɔ b u ɛ h o o
_ a b f k ɔ m a m e s e e b ɛ p e
k a n r e d _ a _ n k m p ɛ _ a h h
m k ɔ o ɔ m i n n n k e n a ɔ w i e
n k y r o r o e ɛ s i e u m e o a e
d w t ɔ _ k h w ɛ e e b ɔ m a _ a y
ɛ s a e _ n n ɛ
b o
e s u _
h a t e n s u a n n h h f i e i e a m m ɔ
k ɔ d e ɛ d i e e y b ɛ s r
y e r e o m t i n i
a _ r w _ d a a b k y ɔ _ w w ɛ k
m k ɔ a b ɛ h
r e k i n y ɛ e a p k y e ɛ ɛ y ɛ e k ɔ t _
_ m m o e m m ɔ _ n n ɔ
ɛ y ɛ e ɔ p e a
e r ɛ e _ a d _ a b a m b u
b ɛ k _
n k y r e b ɛ y
b ɛ t n u a m m k d m u e r e n m m m k s
ɛ k ɛ h u e e n s m m a n
p a k ɔ t a t e a k a s e r e s a k e k
k ɔ h h
n k ɔ a _ m m e
t a _ a p _ r e n n d u e
ɛ y ɛ e w o s
m i a e ɔ t ɔ e h n n w s
m m k m ɛ h a a
ɔ s a e y i a a m m i
ɛ h u t m m i e m m b d ɛ f o e
p i a n t w e h u e p e p
r e s _
_ a t n e h u t ɛ b o e
b ɛ b ɔ d a y i _ y y ɛ _ d i _ n
r e d m a h w _ a n n s u ɛ n a
n k m k ɔ a a _ r n _ m m ɔ k e k
e y ɛ k ɔ h b ɛ b r _ a f n n k y
o m e n y ɛ d u b ɛ h e a m a _ r e ɛ
ɔ y e e
y i _ e b ɛ y m m k h m m k w k y e ɛ
p i a e m m b h _ m m e
e k a a n n d _ ɔ w o o ɛ k a a t i m
k a s e k a e
e y i a m m f e
_ r e i e h o o
e w o r e p n a _ s m m k y
k ɔ t w n n a n ɛ h r e k t
ɔ h ɔ _ w m b ɔ w w e e e m m ɛ n k y
e n n e b ɛ w y ɛ _ t a e e d a
n s u _
ɛ n a t
r o e
ɛ t e a r e k p ɔ k e a
ɔ _ m a ɔ d a a
n h w ɔ b o ɔ h s u e k ɔ k e _ r e u
h o r e n s i r e k y
n s o d
w e h k ɔ k _ m b ɔ n m m k
t o w e
n h w r e n m a r n n h a ɛ s e e
k ɔ e m m
ɛ d u e
_ a b d k ɔ y w e k e k i a e b ɛ k _
e k ɔ ɔ ɛ b e d u b ɛ b e a h u ɔ y ɛ a
_ m u e n t w r t a t i e
m m k k e k a u e f i p e e t a
u m a e ɔ h y k e n a
ɛ b ɔ m _ m m e
t i n i _ d a m m f e
n k o n t e a
ɔ y ɛ a r e s a n s u b ɔ _ s b u e
a s a a t a e t w e m m i r e w s
ɔ b o o
ɛ w i
y i r e
m m b m e r a s u a
o h o o a f o ɔ d a a
_ a s _ b ɛ p e
a b ɔ m a t e a
r e b k r e s r _ a t w a _ _ d a
ɔ b ɔ _ w a e k ɔ _ a t ɔ m m k m n a _ t
_ a k w a h a
k ɔ t w e s e d ɔ _ n o
w u m e e m m ɔ _ t r e h n
i n t w e
ɛ y e t i
r e k b a m m ɛ e b ɔ n ɛ k a
o r a b u n n s e w e h
n k ɔ ɔ
e s n n a b ɛ t w _ a d _ a y n i m
n n o a h a a m m a _ a b r m m i ɔ s u a
k ɔ h ɛ ɔ y f i e h u n a n n ɛ
n s e s y ɛ ɔ t w e m b ɛ e
k e m m m a a h u t
e k a a _ a w s
m a e a p i r e b _
e h a b ɛ t r
e n n w m a _ n _ r e i b ɛ d _ o e
n k ɔ a ɛ m a _ r b r o e m m k w
ɔ e n t w o h o k ɔ m a
_ a s r k ɔ _ a h n m b u e w e e
n n k i n s e e _ w e ɛ w e
e h w h r e b s e t e a b o a k ɔ m
ɔ d i k ɔ n n
b o a
a n a ɛ _ e h
n s u a s u o k e n e n
n n s ɔ s i e
a n n w ɔ k e a n s a u s e e
ɛ h y _ e b ɛ o r e ɛ e d u m e k ɔ w
o n i t ɔ _ k k ɔ s a k ɔ t e b ɛ w e
b ɛ t t w e
b ɛ w s u a
e n a _ a h a ɛ p e
m f o _ a y _ k y e ɛ m k ɔ y
k a s n a _ w n w o ɛ b ɔ a _ r d _ a s _
_ a p p
a h i y i r e
o _ m e a d w a _ a w a m m e a h u t
k a m _ a b s a w o a k ɔ i a r e
e k y r
n n s r y i a e u a n e a n a b ɛ h t
m i a e s e _ m p e
a s o n a _ t ɔ _ n o i r i e
a b ɔ e n k o _ d e _ a p
h i t i n i
b ɛ m e k a m e
_ a k h i a n n h ɛ s
e _ a e r e b a n n t n a h a e b ɔ w
e e ɛ m i a t ɔ k ɔ b _
e t ɔ k a a ɛ t i
m k ɔ o n k o
b ɛ k n
b ɛ f e h u a _ r n ɛ d e d u
ɔ s e e a _ r m ɔ b o e n k a e
t e _ s ɛ d i e r e _ a h n _ n n u
b ɛ f m m i e
ɔ y i a
w u m m m b p a s a n t
ɔ b ɔ n _ a h r e h a e h y _
t w e ɛ a y i a n n s o ɔ p i o _ m n w i e
_ a k i a s i e p r e n m
n n k e r e y ɔ _ n w a w e
_ r e ɔ e p a a d i
e b ɛ ɔ s a m e a h w h
a b ɛ m m b d a _ r s n n k k _ d a e
_ m u a b ɛ ɔ a b ɛ e n n k d
k y e e e n n y a m m ɔ y i s a
s e
ɛ t e e n w i e
_ n n i
ɛ b o e e d a a
w a ɛ _ a w ɛ s o d b o _ a b w
_ m p e m m k n _ a h
m m b t e k ɔ a ɛ d i e e p a e
e b u t i n i a n n ɔ d i _ k
n o m m k ɔ o
r e h r e k f
s o _ d i e h u n r e t _ f o w e
_ a p p
n a n e r e f a s a e
ɔ t i t ɔ h u e e k ɔ y ɛ e
e b ɛ w m m k h r e f w r e h ɛ
k ɔ k k _ m u e m b ɔ ɔ t w r _ m u
n n o k a n m m b p r e h h n a ɛ w e
ɛ e _ r e m a _ m
o n i e a b o n s a d w u ɔ _ w
n n s u m a e
a _ a y
n n s o ɛ s e e ɔ e ɔ w o e
n s a u t e w
e w o o e w o ɔ t ɔ m m b n
m k ɔ y ɛ k y r e f w k ɔ k _ r ɛ
m k ɔ y m m k n a w o o k e k m
b ɛ b r _ a b e _ a t b ɛ w t ɔ _ _ r e u
n a _ h ɔ d i n n n y
k ɔ d e n s u _ ɛ k e k m k ɔ e _ n n y
h w e b ɛ b r a m m e e s u a e s r e p p
a b o o ɛ p i b ɛ f w
d a e n k e k
y i n i m ɛ w o e s u _
a b ɛ y a _ r d h u e k e
w e e n a _ n _ a h ɛ ɛ k a e b ɛ w s
a t ɔ o r o e b ɛ h ɛ m i n k ɔ ɔ
n a _ ɛ k y a m m b p
m b o o a m m ɔ
f o n k y r e k e
ɛ h w e ɛ n n t w t e _ s _ a s _
r e h t _ n ɛ s u ɛ n o d a e u n t
m m m a ɛ y ɛ
f o b ɛ w e n n t e
ɛ d u e r e d e p i
a _ n a b ɛ u ɔ m a e m b u e r e k y
m m f e n d i n
h i d a e a d w m r e n y _ m p e
h a t e p a e _ d b ɛ h e r e s w
r e k ɔ n a t ɛ k a a
ɛ k e k _ m m i _ d a a _ a e m m ɔ k ɔ s n
n k ɔ i e p e
b ɔ _ p a y ɛ e
k ɔ s a ɔ f a e
r e ɛ e k ɔ k e t i m e b ɛ t k ɔ s m
a b o n h o r e k t
_ a b a a r
n n t n
ɔ h u e n d _ r e a
ɔ h u t m b ɛ y _ a k f _ n n m p
b ɛ k _ m m f r o e
m u e
a h w h n s e a b ɛ w n d a
n n h ɛ h y
n n s _ ɔ d a n h o o k ɔ s m o w
m m a m ɛ b ɔ n e r e _ a t w a _ n d
o n i k e
e b ɔ n ɔ s u _ ɛ m i o m e
n a _ m n s i r ɛ n t w m p e a ɔ w e
m m b h e s a t o w e b ɛ m a a n o a m m u
h u e k y k ɔ d e r e w _ a b k
_ r e w
m p e h w ɛ e m k ɔ y
ɔ _ t
a _ n n e k ɔ u a h u h y ɛ k
ɛ b ɔ n ɛ k e k ɔ s u a _ m m ɛ n k e a
_ m m e a p ɛ ɛ e a s u a
s o b ɛ h a
a h y _ e d
ɔ t o ɔ b o e n t o e
m m b b r e f ɛ w r e m b
e h u t
_ a k d k y e e _ m m e r e t w
ɛ t i a p m k ɔ ɛ m k ɔ i
e n s n e k ɔ o
ɔ s e e ɔ t ɔ ɔ _ t e
b ɛ t w s u m w o e
k ɔ h e r e p
e b ɔ n y ɛ e k ɔ k a d a k ɔ h t
n t e a a _ m n t a a r e s o d ɔ p t e w e
o e e a h i
k ɔ p a e h o o m m b d
w u m e s a m
b ɛ k s
k a s ɔ m i d u m e ɛ k y a
n a _ f
_ a s e n n k _
k ɔ t r m k ɔ e n o r ɛ w ɛ s a
a _ n s s o w e n k o n t ɔ e y i a
r e b e n n t a e e ɛ b o e
a _ r s ɛ b o e
p i a e
a b r i e k ɔ w ɔ y e e e r e w
m m b p
ɔ _ m e y e k ɔ f
_ r e u n t i e ɔ _ t e a t ɔ n
ɔ d _ a b e u o _ m p i e r e w
f a e r e d o h n n k h b ɛ k e
ɛ d a b ɛ a a b u e s o
t i n a _ h r o
n n a n y i r
ɔ n a _ a e
b ɛ p p m a _ o e e _ a b e ɔ _ m a a m a
a b ɔ w ɛ w i h w ɛ
_ a p n k ɔ m k ɔ
k a n d a a
m m p p m m b a
ɔ t i e k ɔ h ɛ e s e s h o r n n t
e f ɛ y ɛ k o n n y i a _ m m e
s i ɔ _ t y i a
r ɛ w e s a e i n
r e k h m e i _ a k ɔ k k ɔ s i
_ n n ɔ n n y e d w u a
ɛ t w ɛ t e e s a n e t w
ɔ t o n d i n e t e n h k ɔ s e t i n i
e k ɔ i t a e m u k ɔ p e k ɔ s m
n n k a h ɔ k a ɛ k e k
ɔ h i e k ɔ f e k ɔ t o h o o
r e h n ɛ h i e
ɛ n a e r h u a k ɔ f e
b ɛ h ɛ m m b t w e t e n
_ d ɛ t a
t e n _ a h n m m k p e h y
n d a a w ɛ k e k ɔ s o
m p n n a k a m e n w o o ɔ w o o
ɔ p e a a _ a ɛ _ d ɛ b ɔ w
a k e a ɔ t o r e b e
e s e s e f a
b ɛ s n
ɔ _ w
_ r e k ɔ f e
b ɛ s o
a k ɔ t a k ɔ ɔ _ n k e ɛ k ɔ e a b ɛ a
m m m a m m k n
m b ɛ n s o ɔ t o e e y ɛ _ a k m
n h o o h u h u m b ɔ w
a k y ɛ h a a
e f i _ a b b n t w e
b ɛ n m n n s r t ɔ e _ t i ɛ w ɛ e e
e b ɔ w
ɔ h w h o r e k ɔ e
d a _ s f a ɔ b u e m m b b e s a
a m m o _ a h n
e b ɛ ɛ
o w e _ a d e m m ɔ t ɔ d u ɔ s i e
ɛ d u t o w e k o e a b ɛ m m m e n t w e
e n n o n s a e ɔ h o
ɛ n o r e b k
i m ɔ d u e n n w n a _ t ɛ w o
b ɛ p e n n k h e y ɛ a e b o _ w a e
e h y ɛ t e e ɔ m a r e t r
b ɛ p e i r i e
o w a b o a n n ɔ a d w a h i ɔ k y r e k t
ɛ y e e a t ɔ n m m p n n h ɛ
k ɔ s ɔ p i e e b ɛ w a n n ɔ m k ɔ i
ɔ f o o n _ w m a _
e b ɛ i e n o ɛ h i n n h t
_ n n y ɛ b ɔ m i n t
k ɔ e m m b e m p ɛ r e y _ n n a
a k y r ɛ k e y ɛ e a _ k y a _ a w
u m a e e _ a s a
a t ɔ y e r ɛ ɛ e e
ɛ t o r e b k ɔ h e r e b _
_ a k m h y _ a f w k ɔ f
b ɛ b _
y e w e e n n ɔ
a _ r w r e ɛ
y e k ɔ p p
n n d e s i w e a k ɔ w
a y e ɔ k _ n k ɔ s e r n a _ e a k a a
e m m e n n w e
m m b r ɔ y ɛ e f o r e p a b ɛ n m
m m i ɛ h u t m m k b ɔ _ e r e
ɔ p i e
n n i _ a ɔ m _ w a e
a _ a ɔ ɛ p ɛ e m k ɔ a a b ɛ w
k ɔ m a m m u k ɔ t _ n n a ɔ t e e
e w o ɔ b o e n i m e
p i a ɔ h y _
a h y _ h u n i
a k e ɔ k e k ɔ k k n t i m m a m
ɛ f o b ɛ y w
a k a a
ɛ t a n t e a n n k ɔ h t
_ a t n n s i r o e
ɔ _ ɔ m a e _ a b _
t i n i o e e n h u n ɔ w i e
k ɔ p a n i
e n o t i n i _ a d r e k i
a _ r p ɔ y i s o _
n k ɔ ɔ p a e b ɛ t n ɛ p b ɔ _ s k ɔ s a
a d w ɔ t ɔ n n k o n a _
a k ɔ
m f a e _ w a f a s o _ o e k ɔ p a
b ɛ s r _ a k m
d a ɔ h w t a a _ a ɔ
i _ a r e p a
a s a ɔ s e e a f a n w o e
a s e s r e h h n k e
_ n n a
ɔ w e
b ɔ b ɛ d m t e n e
_ a y ɛ w i e a h u n
a r e r e h a e b ɛ e
ɛ t ɔ n k ɔ y e e y e
r e n w e k ɔ k ɔ b
y i a e m m a m
r e k i m e r e b d
ɛ k e k a _ r d
e t a b ɛ t n a t a e ɔ h u b ɛ b r
b ɛ f e e b o o e k e m m a e m m m e
_ r e u ɛ k y a ɔ t a r e m m n n y
e s u _ h u n i _ a s r e h t n t i e
m b n a n n n h t b ɛ h k ɔ n
ɛ _ a w
n s o d d w u n n h n r e b _
ɔ h w h o h o k ɔ k n e t ɔ
e h o a m a s o d ɔ m a
_ a b k ɔ t e a
r e t r k ɔ t r n n k y
ɛ b o e p i
a k e a k a n e b ɛ s r
ɛ y ɛ f o h i a
k ɔ m a _ r e w _ a k n r e t _
r e m b
ɛ b ɔ m s a e ɔ t a t e w
k e r e d
t e k ɔ y e m m b f i _ a ɛ k ɔ n m
m b ɛ u n a n _ a n n _ a n m m k ɔ ɔ
n s e e e t e a t a
t o w e ɛ h y b ɛ t w
u m
b ɛ h ɛ b ɛ y e
e r e
m k ɔ w ɛ s e i w ɛ h w h m b ɔ m
e p e h o h n k ɔ i _ n o m a _ m
ɛ m i e a t a e t ɔ _ k b ɛ y e s a n e
e b ɔ w e n n
_ a y w k ɔ f w
e m m ɔ ɛ p ɛ e n h o o _ m d w u w e
ɛ m a e a b ɛ a f i e _ m m e
h a t e
r e n _ a k f e r e e b ɛ t r a _ n w
r e w s e k ɔ a ɔ _ n
ɔ h k ɔ s _ m m b b o e e y e k ɔ s
e t o ɔ p e a n a _ k ɛ h
m m k _ t i ɛ s a b ɛ h e n n s m
a k i m e ɛ w e
a d w m _ n n w a t _ m p m m f w
_ a k b a n n y ɔ w o o e s o b ɛ b e
n k ɔ a ɔ k e a t ɔ e ɛ s u _
s u a
i a e ɔ y e a n n w a t a e
a n n o
a _ r p a n n ɛ
m m p a
a d a a _ n k n
t i m m b r
ɔ s a h u n ɛ f a e e n n u _ a b w
_ a b f e n k _ a y _
a n n w b ɛ t e _ s a m i s i
e p
k ɔ k n _ a h n a _ m b
a t i e s u a
s i w _ n n w ɛ s e
_ m p e
_ w a e r e n s ɛ p e r e k n
b ɛ b e a _ m r e s w
r e n y r e k s
t e w e _ n s m n s a u r i
ɔ h u n h i a e h w e w
ɔ n o e _ a s a _ a b a
a y b ɛ t n t o r e h n a b ɛ a o r o
m m a n n y e e ɛ s u _ r e b t _ a p a
b ɛ k i e t i r o e k ɔ k i ɔ _ m a
y e r u e
_ a b r
_ a b p
d u m a d a ɛ d i n k ɔ h ɛ ɔ t o e n k ɔ
n k ɔ a n k y r
m b ɛ ɛ e n a t ɔ e e b ɔ n m k ɔ w
a _ r h a _ n y
ɛ s e ɔ b ɔ w b o r e ɔ p ɛ e
k o n
a _ r y r e d y ɛ _ e s o d n s o d a b o o
i w e n o ɔ y
ɔ k a e
o e e _ t i _ a k d
m m b w e b ɛ w ɛ _ a h o h k ɔ s a
a s o m k ɔ t ɔ a k ɔ y o _ m ɔ f o e
ɔ b ɔ w
a s i u a n e r o
ɛ f a e
a n n e
y i a e _ a k _ a _ a ɛ
ɛ s
n d u
r e n y k a e _ a p ɔ h w a t a e
n d i n
ɔ y e e d i _ _ a b f
_ a k s _ w a _ a ɔ e n n y
m m k h _ a b m
ɔ y n k y r ɛ h a a e k ɔ
a n n i s a e a k ɔ ɛ
n s e s k ɔ k _ a m ɔ y ɛ e ɔ k ɔ t
ɔ t e e a b ɔ
k ɔ h e o _ d
n n h e a b o o r e y b ɛ k n b ɛ h n
y ɛ a _ a e
a _ r p _ a k n n n k n _ n k a n n a _ r p
h y ɛ n n a m _ a b a n d i
o h o o ɛ m a e h u e ɔ h o ɛ k y a
a s o d r e h n m m a m
b ɛ p a m b ɛ y _ a k y a y
n h o o e b ɛ u ɛ t w e
b ɛ y e i _ n
n n n n k ɔ t _ r e a
n k ɔ e a r
a n e e n n ɔ m k ɔ y
b ɛ f _ a b r n n s e h w n w r e y w
_ a b b d a _ s e b s u m ɔ s u _
r e k h e t o ɔ y
_ a k y i n t m _ a b t n n t
_ r e ɔ t a o _ d
a d a a d
b ɔ _ s a y e
e h y m k ɔ o a y a h u t b ɛ f e
ɔ p ɛ e e p a e m m k h h u a _ m u e
a k ɔ ɛ
u o _ m i a e
a p e ɔ k y r
r e n h r e p a ɛ t i t i e _ a n
k ɔ t r b ɛ h n m m b k m m m a
k ɔ k _ _ a b t ɔ h o o
m b ɛ n n k p n s a u b ɛ n n ɔ m a
r e k b k a m e s i ɛ s u k ɔ w e a b ɛ o
n y i s e n e w u m ɛ n m b ɔ n
n t r e b f h u m m b k n n k p
y e r m b ɔ n a _ a u i _ n
o s o e e w n n a
r e _ n n y m m b t n o m e
ɔ f a
a _ n ɛ t e
ɛ y ɛ n k ɔ ɔ i e e ɛ s u e n n e
a _ r n a k a n h i
m b ɛ o y i _ i w ɔ s u e ɔ _ n a n n k e
d u m _ t i r e s m a n n o a t a
ɛ k ɔ t r e m f e n n a
ɔ m i e e k ɔ y a b a k ɔ ɛ
ɔ t w e k ɔ _ i _ d ɛ f a n k ɔ t
n n h ɛ n y i k y m m k b ɔ _ s i w
ɛ t i t
_ n k a _ r d _ a s w r e s m
e y ɛ e s u _ a p ɛ
r e b _
i r i e
n n h a n s ɛ p i ɔ n o ɔ b o s e n
e b ɛ o r e d _ _ a b h
a t a ɛ h u m m b e
m b ɛ w _ a h n r e w s
a b ɛ u
y i a e f o r e f w n n h t k ɔ n m
w e h b ɛ b a ɛ w i
e t ɔ n k y e ɛ n n k f n t a e
_ a k f r e m a
s a n h u a e ɔ _ n i w t e _ s e f i e
a m a p a e
_ a k m r e b n n n s o
f i n s o d
k ɔ p a ɛ t e a b ɔ w
m i k a m ɔ p ɛ
_ a t w
n n y e t ɔ n y ɛ e ɔ k e n k y r e r e e
ɛ w o ɛ w e k ɔ k n
n h o
a _ r b n a n a d i
e r e w a b ɔ n s a m
m k ɔ e a _ m f a y i a k a ɔ h u t ɔ h a
a h w a b ɛ e e b ɛ a _ m m u
a k e k
m k ɔ ɛ e p a
_ a b e r ɛ w y i _ k ɔ b _ n a _ n
ɔ h i e _ n n o n k ɔ ɛ m m b h d i
m m a
k ɔ n _ a h ɛ t w e
a b ɛ ɛ ɔ k y a
b ɛ s a ɛ e e ɔ h w h n n k w e n n w
e f i b ɛ d _ a k p _ a k f
n n k m m k y ɛ w o
y ɛ _ d a p e a _ r p n h i e t e _ s
k y e ɛ r e n y _ a b r e w s w e r w
a _ a ɛ
n a _ t _ m i _ a _ a n
m k
ɔ k ɔ k ɔ k e w o s ɛ p _ a h h m m i e
b o r b u a _ a a
k ɔ f e
e n n i e d i n o _ m e
ɔ _ w a h a a
ɛ b b ɛ s _
n n y _ n h u e
w u m
a m m ɛ e s a a _ r a m m i a t ɔ n
m b ɔ n n h u n
m m p
b ɔ _ a n n t ɔ n
k ɔ b r ɛ m a
m b ɛ ɛ
n n w e m m k y
s e r a m m e h u n b ɛ p p
a m m m f o o _ d ɛ t o e
e h a a r e d ɛ t w e
b ɛ f w ɛ k a a k ɔ s n k ɔ k k
m m a e _ a w s
a m m ɔ n s e k e k a _ a ɛ o s o
e k ɔ t e n k b ɔ _ p _ n n a r e n m
b ɛ s a s o d
r e e r e b b k ɔ t e e w o o
e k p ɛ e
n n o a h u n
ɔ s a
ɛ s e e
r e s n n h u t u o o _ ɔ p
n n k y ɔ y a b o o
n i m a w n s u a
d a e e t o _ a y _
m u e n a _ m r e k d _ n s m
n n t a _ n n
b ɛ m ɔ h u e ɛ b o e
ɛ t a e i _ n o e f o
a k ɔ o m m i e ɛ b ɔ w a b o o a b ɛ a
_ a s m e k y a
n h o h a t e k ɔ _ a b ɛ u a n o s o
o _ m r ɛ w
a _ a o b ɔ _ b ɛ y e a s a
n n t _ a _ r f d i e k ɔ t d a t e _
r e k e a t ɔ m k ɔ w m k ɔ a
ɛ t a i _ a ɛ r e p a y ɛ _ b ɛ t e
o w e n n o e m b ɔ w n n h h
ɔ k y a k ɔ n k ɔ a
r e t _ ɔ s i e _ a h t a t w e b ɛ ɔ
e b ɛ w a d w m
n n o e _ a k i b ɛ k i _ r e ɛ
n h u e d a _ s _ r e n k ɔ y _ r e b y
ɔ h u e t ɔ e n w e b ɛ a _ n n w
m b u e t ɔ n k ɔ h t r e h e
ɔ t ɔ e _ a w s
ɔ t _ n n ɛ
s e r w
e k ɔ a ɔ d i e a _ n y a n a e f i e
e k ɔ i ɛ n a _ a h t y ɛ _ d
y ɛ _ m m
_ a e k y a a _ n k
m p a n n s o n h e ɛ a _ a u
b ɔ ɛ b ɔ t ɔ k ɔ b a n n t _
k ɔ t _
n n n a d w m n k ɔ ɔ
_ a k i ɛ h u n m b
t i e
h w ɛ e
n t e e r e m f ɛ k
r e k s a _ a i e d a
w e r e d a
n y i a p i a e b ɛ a e b ɛ i
a n n w a n t w
e k ɔ i _ a b n
r e p p a h o o e h i
e f i e n a _ s m b ɛ w a b ɛ i m b u
ɔ n a ɛ t e a
a m m e k ɔ h n
a d a a k a a a t e a _ a k i ɔ k a
n i m e a w n k ɔ e f o r e s a ɛ d a a
_ n n w u o ɛ k e a r e n n s u a e n a _ f
r e b r h o r
t e _ ɛ y i a
n d i w e r
m k ɔ w a w o n s i e
m i a e n e e ɛ t i t
ɔ k e a r e s
ɛ n a w o s w i n t m r e w _ n n w
e n k n
e r ɛ e a n n n e
e b ɛ
n h a a e n n u n k m m k d
a t w r m m b s _ a b _ e w o o ɔ d a a
e t w ɔ _ t
r e b d
e h y ɔ f a e ɔ h w h _ a k s
u m a e ɛ p ɛ e _ a m e n n ɛ
e b ɔ m n s e e
_ a s n n t i t
ɔ _ w n w i e r e e
a k ɔ i a h i e h a y ɛ w ɔ h s i w
n n a m a _ n y n a _ d n k ɔ e r o e p e
a t e
o h h i a n k ɔ a a k ɔ ɔ m p
_ a h h
r i k ɔ n n ɛ p e a o _ m e w e r _ a h ɛ
ɛ t ɔ n e n n y k ɔ t r w a w
a _ r y n k y a k ɔ s m e n n w
e r ɛ y ɛ e
b ɛ s m r e b b ɔ t ɔ n h a t y ɛ _ s
t i e a r e s e e
e y i a ɔ t o ɛ b _ a k w e k ɔ ɔ
u m a d u ɔ s o d w u a a h u n s e n
ɛ s u e ɛ b o n n n m a h o
n n d n n k _ n n s a
r e m f ɛ b ɔ w o a p ɔ h u t n e e
k ɔ f
a h i
n t a k ɔ s a k o n m
n n w _ n n i n k ɔ ɛ
ɔ k ɔ a n e k ɔ k ɛ s i e
a s e e
p ɛ ɛ t i t ɛ m a e t i e
b ɛ y w ɔ _ t i n t m
ɔ d i e e s i ɛ y _ a t r r e b p
a s e ɛ y i e b p e p e ɔ y ɛ
e n n w k ɔ b
m b ɛ ɛ m m m ɛ s i e d i
a h y _ a n a m k ɔ e n a n a _ n y
n n a a d u m ɔ f r e k s e w o ɛ s e e
n n k d n t a a d i ɔ t ɔ
o e e n t e e n n e m i ɛ t i e _ a s _
k a s e ɔ p ɛ e
b o a _ a w s u e ɛ k ɔ t a k ɔ o
ɛ t w r n n h n
n n k _ ɔ n
e n n u
n w o e u o _ u e m m i
ɔ t e a r e w s
t e _ s o w e
e k y a p i a
e f o ɔ t ɔ e ɔ d
_ a k i r i e _ a e r ɛ
a t a e n d a a _ a y
ɛ w ɔ s u _
w i ɛ h a ɔ s e s
ɛ t a n t w r ɛ t a e
e h w h a m m o
w e e ɔ k e k a _ a o r e d ɔ k
_ m m d a e a b ɔ m ɔ d a a
ɛ _ a e o n i h o h
r e s a r e y t w a _ r k b ɛ k e b ɛ o
e t e a p ɛ e
m m b a h y _ k ɔ b k ɔ p a a _ r h
h w ɛ k ɔ s o e p ɛ n h u t
s o w e a t i _ d a e t ɔ r e b n
ɔ h i u e o r _ r
a k e e m m e b ɛ s n m p ɛ e n a _ t
ɛ w e _ a b s a _ a u
ɔ b o o w i e b ɛ y w
e ɛ w e i n t m o w b ɔ _ s m f o e
a n n a m b ɛ i
k ɔ m a e k ɔ a a k ɔ i
m p a
b ɛ h r e n y b ɛ s w n n a
ɛ w o o m k ɔ ɛ k ɔ m e _ a t r
a s o d ɔ w e t e _ ɔ t a n n w e n n o
ɔ d i n
b ɛ w s n s o a _ r y b ɛ t n n w o e
a k a a h i _ a s m t e _ s e b ɛ y
a f o
d u m e ɛ t i e p e h i e n n a m m ɛ
_ a f w k ɔ e h u e s u a e y e e k e
m m k m r e t r ɔ s e a n n w
e k ɔ y ɛ h o m m m e e n a
n w u n a t a e
f i b ɛ s _ ɛ k ɔ a m m ɔ ɔ b ɔ n
_ d a e a t i _ a t e a _ a ɔ e y ɔ d u e
a b ɛ i m m b r
r e m e n n ɛ a _ n t t ɔ _ r e s r
k y e k m a k ɔ h t i e
ɛ t ɔ n e m b ɛ k i ɛ d a a
ɔ m i e f i
n n s e m k ɔ y ɛ t w ɔ h u a t i t
a d ɛ n a b o r e
e w e a b u a n o m m k b s e n r e n w
n n t _ ɛ t ɔ e
r e t n b o r e
_ a t n s u e
m m b h n n h n i r u a e
t o w ɛ t o b u e n a n _ a s n
r e n w r e w e a t a e t ɔ d i _
ɛ t i e a k ɔ ɛ ɛ t o
_ r e u h y d w e s a k ɔ s n k ɔ w
n n s _ b ɛ k _ t o w e
k ɔ k i n n t n ɛ h n s e e a f w u a b ɛ o
k ɔ f e n s e a t a t ɔ h a ɛ _ a w
ɔ m a n i m e
_ m u e r e h h ɔ b u m m b m e ɛ w
ɔ k a k ɔ f a p ɛ m m i e n n d m
_ a k i n h w h n h e r ɛ d a _ ɔ f a e
y e r ɛ n a _ m b ɛ e
b ɛ s o a _ a o m m a n
n d u e t ɔ _ k ɔ t a e k ɔ y e r e k n
a _ a ɛ h o h r a _ r b ɔ h i
_ a t _ ɛ n a ɛ s o d
m m k k n h i e u e o n i e k ɔ h a _ a k w
b ɛ n n ɔ y ɛ a a b ɛ i
ɔ f a m b ɔ e y ɛ b ɛ d
ɔ s k ɔ s r
_ n n ɛ k ɔ s m ɔ n e b ɔ h w h
r e h h ɛ t e a s o w e h w
a s e s
a m ɔ t s a r e s m
n n a m ɛ p e a d w u ɛ p ɛ e t i m w u
a _ a ɔ r e m p k ɔ p k ɔ h h ɛ w o o
b ɛ s b ɛ p a
r e b p n n h h _ a k _ t i e i a _ a ɔ
w e h ɛ n a t
ɔ b o e n w o e h u n i
b ɛ b r h o h ɛ d a e p a ɛ t e a
_ a n n a s o d w o e r e k m
e n n i e ɛ
n n t a h w a y i a ɔ b o
ɛ s e ɔ k ɔ ɛ t a e n w e k ɔ t _ ɛ n a
k a n a p e a y e e k ɔ t
ɛ b o m b o e a s e s
ɔ y i a m u
k y e e i w a b ɔ m ɔ k ɔ
b ɛ w s s u m e ɛ w
m m f r e t w
n n n m
p i b o a n n s _ n t o
n n t n _ n n ɔ b o e
a y i a k ɔ h u n w i a _ r m o n i
t w e ɛ e n n e b ɛ d e b ɛ k k t a ɔ b ɔ n
n w o
_ a w s m b ɛ y n h y t e _ _ a s _
_ a b w
n d ɔ b u e a s a e
b ɛ h n r e k d m m b n
y ɛ _ d w ɛ e b ɛ h a h w e s a n
n a _ h e m m ɔ ɔ w o e n a e
r e k e a n n o ɛ h a a
a r e a h i
m m b s e r e w w u m ɛ s
d i _ r e t _ h u n ɔ f a
a k ɔ w o h _ a f n h o ɔ w o e
f a ɔ s e s
n y ɛ _ r e m p e p a k a a k ɔ k i
k ɔ b e ɛ s e a m m a e n n i e n
ɛ s u _ m i a m u e
ɔ s e s a b ɛ
p e p e n k ɔ u e t a e
n n d _ s a w
ɛ m i a n n n y e e ɛ d i n e n n o
ɛ f o p e p e
r e n s ɔ p i y ɛ w e e k e ɔ t i t
a s e e
r e b s n k o e
b ɛ s w a n e
ɛ t a ɛ h u n y ɛ m p i e
r e b n b ɛ p a
a m i ɔ _ w
e k ɔ ɛ e d i b ɛ k e
e r e e e t o e k ɔ o h o
e ɛ w e d u ɔ w o o
i w e s _ t i f
f o w a y ɛ a
m m k a h y r e s a ɛ p i e
w o e e s e s p a h w y i _ y k e k e f i
n t i m p ɛ t a
e n s a s o d
e _ ɔ w o e ɔ w o e r e k k
b ɛ h ɛ m f a
b ɛ s w n k a e e p e a
_ a b d o a e n t a a r ɔ w o a p e a
a _ n h y e r e a w o e f a n n s w
ɔ k ɔ e u a n ɔ h w
p ɛ n e e
b ɛ b a k ɔ t a k e k ɛ t e e a _ a a
e k a b ɛ p e k ɔ w
o s o e f o w r e b f ɔ _ w
n s u t e n e m m m a
b ɛ p b ɛ s o n n k f _ a h n e m m ɔ
m b ɛ a e f i i m e
a b o e k ɔ u
ɔ n a e h o o
b ɛ t r r e d _
n n a r ɛ t w w o s r e b _
m k ɔ ɔ b ɛ m e a m m u ɛ _ a w m b ɛ y
e n n a ɔ h i m m k f
n n s o a t a e a m m ɔ
_ a s w
_ a k y
p e p e h u n i
m m f w k a n e
r e m f n k y e n e m m k t r e n h
r e ɛ h y ɛ n t o e
r e n d r e e n n w e ɔ n o
ɛ m a a t ɔ r e h ɛ
b ɛ d m a y i a n a n n k f a _
n t ɔ n r e k e u m a e
t a e t i t
r e b n
n n d e w o s w n n k f e h u t b ɛ p
e m m u e k ɔ u r e b r ɔ t a e k ɔ e
m b ɛ i e ɛ w
a _ m a d r e f a h w h
n d u e ɔ _ w
n n k e
a s e e
n t e e t h u e
_ n n u k ɔ n n
e ɛ w e
r o t e _ r e k h
k ɔ d _ _ a w e _ n k n
i n b o r e n n k _ b ɛ h a _ r e o
h u a e
n n s n ɛ d e f i e i w e
n n t w _ a k y m b ɛ a
k e h o r
y e r ɛ ɛ k e k m f a e t ɔ n
n t w r ɔ k a r e w e k ɔ k n
e t e k ɔ e k ɔ s r ɛ h u
_ n k n a m m e
a _ n w ɛ m i e a e e
t e w _ n n b ɛ h h
_ a h h p e p e ɛ t e a
ɛ t ɔ a _ m p ɛ h i e
a b ɛ y ɛ p ɔ y e ɛ m i
ɔ n o ɛ w i ɛ h o o d u m e
w e e ɔ t i t r e k e ɛ d a r e w e _ n k n
a w i ɛ y e e
ɛ h a a
_ a k s a _ r p e b
k ɔ d _ o h o m k ɔ w y i r
b ɛ p e r e s ɔ d i b ɛ k a m a e b ɔ
k o m b ɛ y n t o
_ n s e t w
s o w n n w
k y i i ɛ w o o k ɔ t _
m p e a
_ m m o m m m e
o _ d ɛ _ a e _ a b n n n s m r e k f
b ɛ k s e p e a a _ a a
n k ɔ i i r n h a h a a a y ɛ n a n e
a n n e ɔ s e e
r e d m b ɛ k e ɔ t b ɛ n
t e n e b ɛ n n k ɔ h h i _ a
_ a b f k ɔ p a r e m p
e n n w
a m m ɔ ɛ s e e a b ɛ ɔ
ɛ d i e ɔ h a ɛ k a e _ a d _ n n k b
k ɔ h n n n h a _ a b s ɛ h w ɛ b ɔ n
_ a p a e d i n
e t ɔ n k ɔ b y e w ɔ f o e r ɛ w m b ɛ a
a y i a s a
a s e e n n k n t i e
k ɔ b ɔ n a b ɛ d s i w e
n t ɔ n a s
n k e a _ a b n f i p a e a k ɔ w
ɛ h i e t a r e b m
n n d a b ɔ
e n n u b ɔ _ e t o i n t
n k ɔ t
r e k i n d u b ɛ d e
ɔ n r e b f
r e t n ɔ s a a k e a b ɛ w a h y _
r e b _ ɔ k ɔ e
_ a w e
ɛ s u m m f e _ a m a r e b _
r ɛ w y i r e r e d m s u m b ɔ w
m f o e k ɔ t n
e d a a b ɛ h e n n t r ɔ _ n o m m b f
n h u
n s i e ɔ y i k ɔ s o
r e t a d w r ɛ w e r e s a
b ɛ p p k y e e n n t t i n i _ a t _
o s o e y ɛ w e s e s ɛ y ɛ e
k ɔ y b ɛ d e a h w h
e m m i e s o
d w m m a n
a n n y e n n a a n n w s
n k e i e e
n t i o w r e m ɔ p a d a e r e w s e e
a _ n h e m m e
_ r e y
_ a s n a m m m b b
n t w m m
b ɛ f e ɛ h y
b ɛ d e
