t u n a t e n g e n e z a
m n a t e n g e n e z a
w a n a t e n g e n e z a
n i n a t e n g e n e z a
u n a t e n g e n e z a
a n a t e n g e n e z a
k u t e n g e n e z a
t u n g e t e n g e n e z a
t u n g a l i t e n g e n e z a
m n g e t e n g e n e z a
m n g a l i t e n g e n e z a
w a n g e t e n g e n e z a
w a n g a l i t e n g e n e z a
n i n g e t e n g e n e z a
n i n g a l i t e n g e n e z a
u n g e t e n g e n e z a
u n g a l i t e n g e n e z a
a n g e t e n g e n e z a
a n g a l i t e n g e n e z a
t u t a t e n g e n e z a
t u l i t e n g e n e z a
m t a t e n g e n e z a
m l i t e n g e n e z a
w a t a t e n g e n e z a
w a l i t e n g e n e z a
n i t a t e n g e n e z a
n i l i t e n g e n e z a
u t a t e n g e n e z a
u l i t e n g e n e z a
a t a t e n g e n e z a
a l i t e n g e n e z a
t u h u t e n g e n e z a
m h u t e n g e n e z a
w a h u t e n g e n e z a
n i h u t e n g e n e z a
u h u t e n g e n e z a
a h u t e n g e n e z a
t u a t e n g e n e z a
m a t e n g e n e z a
w a a t e n g e n e z a
n i a t e n g e n e z a
u a t e n g e n e z a
a a t e n g e n e z a
t u m e t e n g e n e z a
m m e t e n g e n e z a
w a m e t e n g e n e z a
n i m e t e n g e n e z a
u m e t e n g e n e z a
a m e t e n g e n e z a
t u n a s a f i s h a
m n a s a f i s h a
w a n a s a f i s h a
n i n a s a f i s h a
u n a s a f i s h a
a n a s a f i s h a
k u s a f i s h a
t u n g e s a f i s h a
t u n g a l i s a f i s h a
m n g e s a f i s h a
m n g a l i s a f i s h a
w a n g e s a f i s h a
w a n g a l i s a f i s h a
n i n g e s a f i s h a
n i n g a l i s a f i s h a
u n g e s a f i s h a
u n g a l i s a f i s h a
a n g e s a f i s h a
a n g a l i s a f i s h a
t u t a s a f i s h a
t u l i s a f i s h a
m t a s a f i s h a
m l i s a f i s h a
w a t a s a f i s h a
w a l i s a f i s h a
n i t a s a f i s h a
n i l i s a f i s h a
u t a s a f i s h a
u l i s a f i s h a
a t a s a f i s h a
a l i s a f i s h a
t u h u s a f i s h a
m h u s a f i s h a
w a h u s a f i s h a
n i h u s a f i s h a
u h u s a f i s h a
a h u s a f i s h a
t u a s a f i s h a
m a s a f i s h a
w a a s a f i s h a
n i a s a f i s h a
u a s a f i s h a
a a s a f i s h a
t u m e s a f i s h a
m m e s a f i s h a
w a m e s a f i s h a
n i m e s a f i s h a
u m e s a f i s h a
a m e s a f i s h a
t u n a p i k a
m n a p i k a
w a n a p i k a
n i n a p i k a
u n a p i k a
a n a p i k a
k u p i k a
t u n g e p i k a
t u n g a l i p i k a
m n g e p i k a
m n g a l i p i k a
w a n g e p i k a
w a n g a l i p i k a
n i n g e p i k a
n i n g a l i p i k a
u n g e p i k a
u n g a l i p i k a
a n g e p i k a
a n g a l i p i k a
t u t a p i k a
t u l i p i k a
m t a p i k a
m l i p i k a
w a t a p i k a
w a l i p i k a
n i t a p i k a
n i l i p i k a
u t a p i k a
u l i p i k a
a t a p i k a
a l i p i k a
t u h u p i k a
m h u p i k a
w a h u p i k a
n i h u p i k a
u h u p i k a
a h u p i k a
t u a p i k a
m a p i k a
w a a p i k a
n i a p i k a
u a p i k a
a a p i k a
t u m e p i k a
m m e p i k a
w a m e p i k a
n i m e p i k a
u m e p i k a
a m e p i k a
t u n a k o p a
m n a k o p a
w a n a k o p a
n i n a k o p a
u n a k o p a
a n a k o p a
k u k o p a
t u n g e k o p a
t u n g a l i k o p a
m n g e k o p a
m n g a l i k o p a
w a n g e k o p a
w a n g a l i k o p a
n i n g e k o p a
n i n g a l i k o p a
u n g e k o p a
u n g a l i k o p a
a n g e k o p a
a n g a l i k o p a
t u t a k o p a
t u l i k o p a
m t a k o p a
m l i k o p a
w a t a k o p a
w a l i k o p a
n i t a k o p a
n i l i k o p a
u t a k o p a
u l i k o p a
a t a k o p a
a l i k o p a
t u h u k o p a
m h u k o p a
w a h u k o p a
n i h u k o p a
u h u k o p a
a h u k o p a
t u a k o p a
m a k o p a
w a a k o p a
n i a k o p a
u a k o p a
a a k o p a
t u m e k o p a
m m e k o p a
w a m e k o p a
n i m e k o p a
u m e k o p a
a m e k o p a
t u n a e n d a
m n a e n d a
w a n a e n d a
n i n a e n d a
u n a e n d a
a n a e n d a
k u e n d a
t u n g e e n d a
t u n g a l i e n d a
m n g e e n d a
m n g a l i e n d a
w a n g e e n d a
w a n g a l i e n d a
n i n g e e n d a
n i n g a l i e n d a
u n g e e n d a
u n g a l i e n d a
a n g e e n d a
a n g a l i e n d a
t u t a e n d a
t u l i e n d a
m t a e n d a
m l i e n d a
w a t a e n d a
w a l i e n d a
n i t a e n d a
n i l i e n d a
u t a e n d a
u l i e n d a
a t a e n d a
a l i e n d a
t u h u e n d a
m h u e n d a
w a h u e n d a
n i h u e n d a
u h u e n d a
a h u e n d a
t u a e n d a
m a e n d a
w a a e n d a
n i a e n d a
u a e n d a
a a e n d a
t u m e e n d a
m m e e n d a
w a m e e n d a
n i m e e n d a
u m e e n d a
a m e e n d a
t u n a p o n d a
m n a p o n d a
w a n a p o n d a
n i n a p o n d a
u n a p o n d a
a n a p o n d a
k u p o n d a
t u n g e p o n d a
t u n g a l i p o n d a
m n g e p o n d a
m n g a l i p o n d a
w a n g e p o n d a
w a n g a l i p o n d a
n i n g e p o n d a
n i n g a l i p o n d a
u n g e p o n d a
u n g a l i p o n d a
a n g e p o n d a
a n g a l i p o n d a
t u t a p o n d a
t u l i p o n d a
m t a p o n d a
m l i p o n d a
w a t a p o n d a
w a l i p o n d a
n i t a p o n d a
n i l i p o n d a
u t a p o n d a
u l i p o n d a
a t a p o n d a
a l i p o n d a
t u h u p o n d a
m h u p o n d a
w a h u p o n d a
n i h u p o n d a
u h u p o n d a
a h u p o n d a
t u a p o n d a
m a p o n d a
w a a p o n d a
n i a p o n d a
u a p o n d a
a a p o n d a
t u m e p o n d a
m m e p o n d a
w a m e p o n d a
n i m e p o n d a
u m e p o n d a
a m e p o n d a
t u n a k u s a n y a
m n a k u s a n y a
w a n a k u s a n y a
n i n a k u s a n y a
u n a k u s a n y a
a n a k u s a n y a
k u k u s a n y a
t u n g e k u s a n y a
t u n g a l i k u s a n y a
m n g e k u s a n y a
m n g a l i k u s a n y a
w a n g e k u s a n y a
w a n g a l i k u s a n y a
n i n g e k u s a n y a
n i n g a l i k u s a n y a
u n g e k u s a n y a
u n g a l i k u s a n y a
a n g e k u s a n y a
a n g a l i k u s a n y a
t u t a k u s a n y a
t u l i k u s a n y a
m t a k u s a n y a
m l i k u s a n y a
w a t a k u s a n y a
w a l i k u s a n y a
n i t a k u s a n y a
n i l i k u s a n y a
u t a k u s a n y a
u l i k u s a n y a
a t a k u s a n y a
a l i k u s a n y a
t u h u k u s a n y a
m h u k u s a n y a
w a h u k u s a n y a
n i h u k u s a n y a
u h u k u s a n y a
a h u k u s a n y a
t u a k u s a n y a
m a k u s a n y a
w a a k u s a n y a
n i a k u s a n y a
u a k u s a n y a
a a k u s a n y a
t u m e k u s a n y a
m m e k u s a n y a
w a m e k u s a n y a
n i m e k u s a n y a
u m e k u s a n y a
a m e k u s a n y a
t u n a o t a
m n a o t a
w a n a o t a
n i n a o t a
u n a o t a
a n a o t a
k u o t a
t u n g e o t a
t u n g a l i o t a
m n g e o t a
m n g a l i o t a
w a n g e o t a
w a n g a l i o t a
n i n g e o t a
n i n g a l i o t a
u n g e o t a
u n g a l i o t a
a n g e o t a
a n g a l i o t a
t u t a o t a
t u l i o t a
m t a o t a
m l i o t a
w a t a o t a
w a l i o t a
n i t a o t a
n i l i o t a
u t a o t a
u l i o t a
a t a o t a
a l i o t a
t u h u o t a
m h u o t a
w a h u o t a
n i h u o t a
u h u o t a
a h u o t a
t u a o t a
m a o t a
w a a o t a
n i a o t a
u a o t a
a a o t a
t u m e o t a
m m e o t a
w a m e o t a
n i m e o t a
u m e o t a
a m e o t a
t u n a z i m a
m n a z i m a
w a n a z i m a
n i n a z i m a
u n a z i m a
a n a z i m a
k u z i m a
t u n g e z i m a
t u n g a l i z i m a
m n g e z i m a
m n g a l i z i m a
w a n g e z i m a
w a n g a l i z i m a
n i n g e z i m a
n i n g a l i z i m a
u n g e z i m a
u n g a l i z i m a
a n g e z i m a
a n g a l i z i m a
t u t a z i m a
t u l i z i m a
m t a z i m a
m l i z i m a
w a t a z i m a
w a l i z i m a
n i t a z i m a
n i l i z i m a
u t a z i m a
u l i z i m a
a t a z i m a
a l i z i m a
t u h u z i m a
m h u z i m a
w a h u z i m a
n i h u z i m a
u h u z i m a
a h u z i m a
t u a z i m a
m a z i m a
w a a z i m a
n i a z i m a
u a z i m a
a a z i m a
t u m e z i m a
m m e z i m a
w a m e z i m a
n i m e z i m a
u m e z i m a
a m e z i m a
t u n a k a t a
m n a k a t a
w a n a k a t a
n i n a k a t a
u n a k a t a
a n a k a t a
k u k a t a
t u n g e k a t a
t u n g a l i k a t a
m n g e k a t a
m n g a l i k a t a
w a n g e k a t a
w a n g a l i k a t a
n i n g e k a t a
n i n g a l i k a t a
u n g e k a t a
u n g a l i k a t a
a n g e k a t a
a n g a l i k a t a
t u t a k a t a
t u l i k a t a
m t a k a t a
m l i k a t a
w a t a k a t a
w a l i k a t a
n i t a k a t a
n i l i k a t a
u t a k a t a
u l i k a t a
a t a k a t a
a l i k a t a
t u h u k a t a
m h u k a t a
w a h u k a t a
n i h u k a t a
u h u k a t a
a h u k a t a
t u a k a t a
m a k a t a
w a a k a t a
n i a k a t a
u a k a t a
a a k a t a
t u m e k a t a
m m e k a t a
w a m e k a t a
n i m e k a t a
u m e k a t a
a m e k a t a
t u n a s h i k i l i a
m n a s h i k i l i a
w a n a s h i k i l i a
n i n a s h i k i l i a
u n a s h i k i l i a
a n a s h i k i l i a
k u s h i k i l i a
t u n g e s h i k i l i a
t u n g a l i s h i k i l i a
m n g e s h i k i l i a
m n g a l i s h i k i l i a
w a n g e s h i k i l i a
w a n g a l i s h i k i l i a
n i n g e s h i k i l i a
n i n g a l i s h i k i l i a
u n g e s h i k i l i a
u n g a l i s h i k i l i a
a n g e s h i k i l i a
a n g a l i s h i k i l i a
t u t a s h i k i l i a
t u l i s h i k i l i a
m t a s h i k i l i a
m l i s h i k i l i a
w a t a s h i k i l i a
w a l i s h i k i l i a
n i t a s h i k i l i a
n i l i s h i k i l i a
u t a s h i k i l i a
u l i s h i k i l i a
a t a s h i k i l i a
a l i s h i k i l i a
t u h u s h i k i l i a
m h u s h i k i l i a
w a h u s h i k i l i a
n i h u s h i k i l i a
u h u s h i k i l i a
a h u s h i k i l i a
t u a s h i k i l i a
m a s h i k i l i a
w a a s h i k i l i a
n i a s h i k i l i a
u a s h i k i l i a
a a s h i k i l i a
t u m e s h i k i l i a
m m e s h i k i l i a
w a m e s h i k i l i a
n i m e s h i k i l i a
u m e s h i k i l i a
a m e s h i k i l i a
t u n a l e t a
m n a l e t a
w a n a l e t a
n i n a l e t a
u n a l e t a
a n a l e t a
k u l e t a
t u n g e l e t a
t u n g a l i l e t a
m n g e l e t a
m n g a l i l e t a
w a n g e l e t a
w a n g a l i l e t a
n i n g e l e t a
n i n g a l i l e t a
u n g e l e t a
u n g a l i l e t a
a n g e l e t a
a n g a l i l e t a
t u t a l e t a
t u l i l e t a
m t a l e t a
m l i l e t a
w a t a l e t a
w a l i l e t a
n i t a l e t a
n i l i l e t a
u t a l e t a
u l i l e t a
a t a l e t a
a l i l e t a
t u h u l e t a
m h u l e t a
w a h u l e t a
n i h u l e t a
u h u l e t a
a h u l e t a
t u a l e t a
m a l e t a
w a a l e t a
n i a l e t a
u a l e t a
a a l e t a
t u m e l e t a
m m e l e t a
w a m e l e t a
n i m e l e t a
u m e l e t a
a m e l e t a
t u n a a n z a
m n a a n z a
w a n a a n z a
n i n a a n z a
u n a a n z a
a n a a n z a
k u a n z a
t u n g e a n z a
t u n g a l i a n z a
m n g e a n z a
m n g a l i a n z a
w a n g e a n z a
w a n g a l i a n z a
n i n g e a n z a
n i n g a l i a n z a
u n g e a n z a
u n g a l i a n z a
a n g e a n z a
a n g a l i a n z a
t u t a a n z a
t u l i a n z a
m t a a n z a
m l i a n z a
w a t a a n z a
w a l i a n z a
n i t a a n z a
n i l i a n z a
u t a a n z a
u l i a n z a
a t a a n z a
a l i a n z a
t u h u a n z a
m h u a n z a
w a h u a n z a
n i h u a n z a
u h u a n z a
a h u a n z a
t u a a n z a
m a a n z a
w a a a n z a
n i a a n z a
u a a n z a
a a a n z a
t u m e a n z a
m m e a n z a
w a m e a n z a
n i m e a n z a
u m e a n z a
a m e a n z a
t u n a p a n d a
m n a p a n d a
w a n a p a n d a
n i n a p a n d a
u n a p a n d a
a n a p a n d a
k u p a n d a
t u n g e p a n d a
t u n g a l i p a n d a
m n g e p a n d a
m n g a l i p a n d a
w a n g e p a n d a
w a n g a l i p a n d a
n i n g e p a n d a
n i n g a l i p a n d a
u n g e p a n d a
u n g a l i p a n d a
a n g e p a n d a
a n g a l i p a n d a
t u t a p a n d a
t u l i p a n d a
m t a p a n d a
m l i p a n d a
w a t a p a n d a
w a l i p a n d a
n i t a p a n d a
n i l i p a n d a
u t a p a n d a
u l i p a n d a
a t a p a n d a
a l i p a n d a
t u h u p a n d a
m h u p a n d a
w a h u p a n d a
n i h u p a n d a
u h u p a n d a
a h u p a n d a
t u a p a n d a
m a p a n d a
w a a p a n d a
n i a p a n d a
u a p a n d a
a a p a n d a
t u m e p a n d a
m m e p a n d a
w a m e p a n d a
n i m e p a n d a
u m e p a n d a
a m e p a n d a
t u n a p a a
m n a p a a
w a n a p a a
n i n a p a a
u n a p a a
a n a p a a
k u p a a
t u n g e p a a
t u n g a l i p a a
m n g e p a a
m n g a l i p a a
w a n g e p a a
w a n g a l i p a a
n i n g e p a a
n i n g a l i p a a
u n g e p a a
u n g a l i p a a
a n g e p a a
a n g a l i p a a
t u t a p a a
t u l i p a a
m t a p a a
m l i p a a
w a t a p a a
w a l i p a a
n i t a p a a
n i l i p a a
u t a p a a
u l i p a a
a t a p a a
a l i p a a
t u h u p a a
m h u p a a
w a h u p a a
n i h u p a a
u h u p a a
a h u p a a
t u a p a a
m a p a a
w a a p a a
n i a p a a
u a p a a
a a p a a
t u m e p a a
m m e p a a
w a m e p a a
n i m e p a a
u m e p a a
a m e p a a
t u n a k i m b i a
m n a k i m b i a
w a n a k i m b i a
n i n a k i m b i a
u n a k i m b i a
a n a k i m b i a
k u k i m b i a
t u n g e k i m b i a
t u n g a l i k i m b i a
m n g e k i m b i a
m n g a l i k i m b i a
w a n g e k i m b i a
w a n g a l i k i m b i a
n i n g e k i m b i a
n i n g a l i k i m b i a
u n g e k i m b i a
u n g a l i k i m b i a
a n g e k i m b i a
a n g a l i k i m b i a
t u t a k i m b i a
t u l i k i m b i a
m t a k i m b i a
m l i k i m b i a
w a t a k i m b i a
w a l i k i m b i a
n i t a k i m b i a
n i l i k i m b i a
u t a k i m b i a
u l i k i m b i a
a t a k i m b i a
a l i k i m b i a
t u h u k i m b i a
m h u k i m b i a
w a h u k i m b i a
n i h u k i m b i a
u h u k i m b i a
a h u k i m b i a
t u a k i m b i a
m a k i m b i a
w a a k i m b i a
n i a k i m b i a
u a k i m b i a
a a k i m b i a
t u m e k i m b i a
m m e k i m b i a
w a m e k i m b i a
n i m e k i m b i a
u m e k i m b i a
a m e k i m b i a
t u n a m w i t a
m n a m w i t a
w a n a m w i t a
n i n a m w i t a
u n a m w i t a
a n a m w i t a
k u m w i t a
t u n g e m w i t a
t u n g a l i m w i t a
m n g e m w i t a
m n g a l i m w i t a
w a n g e m w i t a
w a n g a l i m w i t a
n i n g e m w i t a
n i n g a l i m w i t a
u n g e m w i t a
u n g a l i m w i t a
a n g e m w i t a
a n g a l i m w i t a
t u t a m w i t a
t u l i m w i t a
m t a m w i t a
m l i m w i t a
w a t a m w i t a
w a l i m w i t a
n i t a m w i t a
n i l i m w i t a
u t a m w i t a
u l i m w i t a
a t a m w i t a
a l i m w i t a
t u h u m w i t a
m h u m w i t a
w a h u m w i t a
n i h u m w i t a
u h u m w i t a
a h u m w i t a
t u a m w i t a
m a m w i t a
w a a m w i t a
n i a m w i t a
u a m w i t a
a a m w i t a
t u m e m w i t a
m m e m w i t a
w a m e m w i t a
n i m e m w i t a
u m e m w i t a
a m e m w i t a
t u n a k a u s h a
m n a k a u s h a
w a n a k a u s h a
n i n a k a u s h a
u n a k a u s h a
a n a k a u s h a
k u k a u s h a
t u n g e k a u s h a
t u n g a l i k a u s h a
m n g e k a u s h a
m n g a l i k a u s h a
w a n g e k a u s h a
w a n g a l i k a u s h a
n i n g e k a u s h a
n i n g a l i k a u s h a
u n g e k a u s h a
u n g a l i k a u s h a
a n g e k a u s h a
a n g a l i k a u s h a
t u t a k a u s h a
t u l i k a u s h a
m t a k a u s h a
m l i k a u s h a
w a t a k a u s h a
w a l i k a u s h a
n i t a k a u s h a
n i l i k a u s h a
u t a k a u s h a
u l i k a u s h a
a t a k a u s h a
a l i k a u s h a
t u h u k a u s h a
m h u k a u s h a
w a h u k a u s h a
n i h u k a u s h a
u h u k a u s h a
a h u k a u s h a
t u a k a u s h a
m a k a u s h a
w a a k a u s h a
n i a k a u s h a
u a k a u s h a
a a k a u s h a
t u m e k a u s h a
m m e k a u s h a
w a m e k a u s h a
n i m e k a u s h a
u m e k a u s h a
a m e k a u s h a
t u n a b o f y a
m n a b o f y a
w a n a b o f y a
n i n a b o f y a
u n a b o f y a
a n a b o f y a
k u b o f y a
t u n g e b o f y a
t u n g a l i b o f y a
m n g e b o f y a
m n g a l i b o f y a
w a n g e b o f y a
w a n g a l i b o f y a
n i n g e b o f y a
n i n g a l i b o f y a
u n g e b o f y a
u n g a l i b o f y a
a n g e b o f y a
a n g a l i b o f y a
t u t a b o f y a
t u l i b o f y a
m t a b o f y a
m l i b o f y a
w a t a b o f y a
w a l i b o f y a
n i t a b o f y a
n i l i b o f y a
u t a b o f y a
u l i b o f y a
a t a b o f y a
a l i b o f y a
t u h u b o f y a
m h u b o f y a
w a h u b o f y a
n i h u b o f y a
u h u b o f y a
a h u b o f y a
t u a b o f y a
m a b o f y a
w a a b o f y a
n i a b o f y a
u a b o f y a
a a b o f y a
t u m e b o f y a
m m e b o f y a
w a m e b o f y a
n i m e b o f y a
u m e b o f y a
a m e b o f y a
t u n a p a m b u a
m n a p a m b u a
w a n a p a m b u a
n i n a p a m b u a
u n a p a m b u a
a n a p a m b u a
k u p a m b u a
t u n g e p a m b u a
t u n g a l i p a m b u a
m n g e p a m b u a
m n g a l i p a m b u a
w a n g e p a m b u a
w a n g a l i p a m b u a
n i n g e p a m b u a
n i n g a l i p a m b u a
u n g e p a m b u a
u n g a l i p a m b u a
a n g e p a m b u a
a n g a l i p a m b u a
t u t a p a m b u a
t u l i p a m b u a
m t a p a m b u a
m l i p a m b u a
w a t a p a m b u a
w a l i p a m b u a
n i t a p a m b u a
n i l i p a m b u a
u t a p a m b u a
u l i p a m b u a
a t a p a m b u a
a l i p a m b u a
t u h u p a m b u a
m h u p a m b u a
w a h u p a m b u a
n i h u p a m b u a
u h u p a m b u a
a h u p a m b u a
t u a p a m b u a
m a p a m b u a
w a a p a m b u a
n i a p a m b u a
u a p a m b u a
a a p a m b u a
t u m e p a m b u a
m m e p a m b u a
w a m e p a m b u a
n i m e p a m b u a
u m e p a m b u a
a m e p a m b u a
t u n a t a f u t a
m n a t a f u t a
w a n a t a f u t a
n i n a t a f u t a
u n a t a f u t a
a n a t a f u t a
k u t a f u t a
t u n g e t a f u t a
t u n g a l i t a f u t a
m n g e t a f u t a
m n g a l i t a f u t a
w a n g e t a f u t a
w a n g a l i t a f u t a
n i n g e t a f u t a
n i n g a l i t a f u t a
u n g e t a f u t a
u n g a l i t a f u t a
a n g e t a f u t a
a n g a l i t a f u t a
t u t a t a f u t a
t u l i t a f u t a
m t a t a f u t a
m l i t a f u t a
w a t a t a f u t a
w a l i t a f u t a
n i t a t a f u t a
n i l i t a f u t a
u t a t a f u t a
u l i t a f u t a
a t a t a f u t a
a l i t a f u t a
t u h u t a f u t a
m h u t a f u t a
w a h u t a f u t a
n i h u t a f u t a
u h u t a f u t a
a h u t a f u t a
t u a t a f u t a
m a t a f u t a
w a a t a f u t a
n i a t a f u t a
u a t a f u t a
a a t a f u t a
t u m e t a f u t a
m m e t a f u t a
w a m e t a f u t a
n i m e t a f u t a
u m e t a f u t a
a m e t a f u t a
t u n a s o m a
m n a s o m a
w a n a s o m a
n i n a s o m a
u n a s o m a
a n a s o m a
k u s o m a
t u n g e s o m a
t u n g a l i s o m a
m n g e s o m a
m n g a l i s o m a
w a n g e s o m a
w a n g a l i s o m a
n i n g e s o m a
n i n g a l i s o m a
u n g e s o m a
u n g a l i s o m a
a n g e s o m a
a n g a l i s o m a
t u t a s o m a
t u l i s o m a
m t a s o m a
m l i s o m a
w a t a s o m a
w a l i s o m a
n i t a s o m a
n i l i s o m a
u t a s o m a
u l i s o m a
a t a s o m a
a l i s o m a
t u h u s o m a
m h u s o m a
w a h u s o m a
n i h u s o m a
u h u s o m a
a h u s o m a
t u a s o m a
m a s o m a
w a a s o m a
n i a s o m a
u a s o m a
a a s o m a
t u m e s o m a
m m e s o m a
w a m e s o m a
n i m e s o m a
u m e s o m a
a m e s o m a
t u n a v u t a
m n a v u t a
w a n a v u t a
n i n a v u t a
u n a v u t a
a n a v u t a
k u v u t a
t u n g e v u t a
t u n g a l i v u t a
m n g e v u t a
m n g a l i v u t a
w a n g e v u t a
w a n g a l i v u t a
n i n g e v u t a
n i n g a l i v u t a
u n g e v u t a
u n g a l i v u t a
a n g e v u t a
a n g a l i v u t a
t u t a v u t a
t u l i v u t a
m t a v u t a
m l i v u t a
w a t a v u t a
w a l i v u t a
n i t a v u t a
n i l i v u t a
u t a v u t a
u l i v u t a
a t a v u t a
a l i v u t a
t u h u v u t a
m h u v u t a
w a h u v u t a
n i h u v u t a
u h u v u t a
a h u v u t a
t u a v u t a
m a v u t a
w a a v u t a
n i a v u t a
u a v u t a
a a v u t a
t u m e v u t a
m m e v u t a
w a m e v u t a
n i m e v u t a
u m e v u t a
a m e v u t a
t u n a b a n d i k a
m n a b a n d i k a
w a n a b a n d i k a
n i n a b a n d i k a
u n a b a n d i k a
a n a b a n d i k a
k u b a n d i k a
t u n g e b a n d i k a
t u n g a l i b a n d i k a
m n g e b a n d i k a
m n g a l i b a n d i k a
w a n g e b a n d i k a
w a n g a l i b a n d i k a
n i n g e b a n d i k a
n i n g a l i b a n d i k a
u n g e b a n d i k a
u n g a l i b a n d i k a
a n g e b a n d i k a
a n g a l i b a n d i k a
t u t a b a n d i k a
t u l i b a n d i k a
m t a b a n d i k a
m l i b a n d i k a
w a t a b a n d i k a
w a l i b a n d i k a
n i t a b a n d i k a
n i l i b a n d i k a
u t a b a n d i k a
u l i b a n d i k a
a t a b a n d i k a
a l i b a n d i k a
t u h u b a n d i k a
m h u b a n d i k a
w a h u b a n d i k a
n i h u b a n d i k a
u h u b a n d i k a
a h u b a n d i k a
t u a b a n d i k a
m a b a n d i k a
w a a b a n d i k a
n i a b a n d i k a
u a b a n d i k a
a a b a n d i k a
t u m e b a n d i k a
m m e b a n d i k a
w a m e b a n d i k a
n i m e b a n d i k a
u m e b a n d i k a
a m e b a n d i k a
t u n a n u s a
m n a n u s a
w a n a n u s a
n i n a n u s a
u n a n u s a
a n a n u s a
k u n u s a
t u n g e n u s a
t u n g a l i n u s a
m n g e n u s a
m n g a l i n u s a
w a n g e n u s a
w a n g a l i n u s a
n i n g e n u s a
n i n g a l i n u s a
u n g e n u s a
u n g a l i n u s a
a n g e n u s a
a n g a l i n u s a
t u t a n u s a
t u l i n u s a
m t a n u s a
m l i n u s a
w a t a n u s a
w a l i n u s a
n i t a n u s a
n i l i n u s a
u t a n u s a
u l i n u s a
a t a n u s a
a l i n u s a
t u h u n u s a
m h u n u s a
w a h u n u s a
n i h u n u s a
u h u n u s a
a h u n u s a
t u a n u s a
m a n u s a
w a a n u s a
n i a n u s a
u a n u s a
a a n u s a
t u m e n u s a
m m e n u s a
w a m e n u s a
n i m e n u s a
u m e n u s a
a m e n u s a
t u n a i m b a
m n a i m b a
w a n a i m b a
n i n a i m b a
u n a i m b a
a n a i m b a
k u i m b a
t u n g e i m b a
t u n g a l i i m b a
m n g e i m b a
m n g a l i i m b a
w a n g e i m b a
w a n g a l i i m b a
n i n g e i m b a
n i n g a l i i m b a
u n g e i m b a
u n g a l i i m b a
a n g e i m b a
a n g a l i i m b a
t u t a i m b a
t u l i i m b a
m t a i m b a
m l i i m b a
w a t a i m b a
w a l i i m b a
n i t a i m b a
n i l i i m b a
u t a i m b a
u l i i m b a
a t a i m b a
a l i i m b a
t u h u i m b a
m h u i m b a
w a h u i m b a
n i h u i m b a
u h u i m b a
a h u i m b a
t u a i m b a
m a i m b a
w a a i m b a
n i a i m b a
u a i m b a
a a i m b a
t u m e i m b a
m m e i m b a
w a m e i m b a
n i m e i m b a
u m e i m b a
a m e i m b a
t u n a j u a
m n a j u a
w a n a j u a
n i n a j u a
u n a j u a
a n a j u a
k u j u a
t u n g e j u a
t u n g a l i j u a
m n g e j u a
m n g a l i j u a
w a n g e j u a
w a n g a l i j u a
n i n g e j u a
n i n g a l i j u a
u n g e j u a
u n g a l i j u a
a n g e j u a
a n g a l i j u a
t u t a j u a
t u l i j u a
m t a j u a
m l i j u a
w a t a j u a
w a l i j u a
n i t a j u a
n i l i j u a
u t a j u a
u l i j u a
a t a j u a
a l i j u a
t u h u j u a
m h u j u a
w a h u j u a
n i h u j u a
u h u j u a
a h u j u a
t u a j u a
m a j u a
w a a j u a
n i a j u a
u a j u a
a a j u a
t u m e j u a
m m e j u a
w a m e j u a
n i m e j u a
u m e j u a
a m e j u a
t u n a s i m a m a
m n a s i m a m a
w a n a s i m a m a
n i n a s i m a m a
u n a s i m a m a
a n a s i m a m a
k u s i m a m a
t u n g e s i m a m a
t u n g a l i s i m a m a
m n g e s i m a m a
m n g a l i s i m a m a
w a n g e s i m a m a
w a n g a l i s i m a m a
n i n g e s i m a m a
n i n g a l i s i m a m a
u n g e s i m a m a
u n g a l i s i m a m a
a n g e s i m a m a
a n g a l i s i m a m a
t u t a s i m a m a
t u l i s i m a m a
m t a s i m a m a
m l i s i m a m a
w a t a s i m a m a
w a l i s i m a m a
n i t a s i m a m a
n i l i s i m a m a
u t a s i m a m a
u l i s i m a m a
a t a s i m a m a
a l i s i m a m a
t u h u s i m a m a
m h u s i m a m a
w a h u s i m a m a
n i h u s i m a m a
u h u s i m a m a
a h u s i m a m a
t u a s i m a m a
m a s i m a m a
w a a s i m a m a
n i a s i m a m a
u a s i m a m a
a a s i m a m a
t u m e s i m a m a
m m e s i m a m a
w a m e s i m a m a
n i m e s i m a m a
u m e s i m a m a
a m e s i m a m a
t u n a k a a
m n a k a a
w a n a k a a
n i n a k a a
u n a k a a
a n a k a a
k u k a a
t u n g e k a a
t u n g a l i k a a
m n g e k a a
m n g a l i k a a
w a n g e k a a
w a n g a l i k a a
n i n g e k a a
n i n g a l i k a a
u n g e k a a
u n g a l i k a a
a n g e k a a
a n g a l i k a a
t u t a k a a
t u l i k a a
m t a k a a
m l i k a a
w a t a k a a
w a l i k a a
n i t a k a a
n i l i k a a
u t a k a a
u l i k a a
a t a k a a
a l i k a a
t u h u k a a
m h u k a a
w a h u k a a
n i h u k a a
u h u k a a
a h u k a a
t u a k a a
m a k a a
w a a k a a
n i a k a a
u a k a a
a a k a a
t u m e k a a
m m e k a a
w a m e k a a
n i m e k a a
u m e k a a
a m e k a a
t u n a f u n z a
m n a f u n z a
w a n a f u n z a
n i n a f u n z a
u n a f u n z a
a n a f u n z a
k u f u n z a
t u n g e f u n z a
t u n g a l i f u n z a
m n g e f u n z a
m n g a l i f u n z a
w a n g e f u n z a
w a n g a l i f u n z a
n i n g e f u n z a
n i n g a l i f u n z a
u n g e f u n z a
u n g a l i f u n z a
a n g e f u n z a
a n g a l i f u n z a
t u t a f u n z a
t u l i f u n z a
m t a f u n z a
m l i f u n z a
w a t a f u n z a
w a l i f u n z a
n i t a f u n z a
n i l i f u n z a
u t a f u n z a
u l i f u n z a
a t a f u n z a
a l i f u n z a
t u h u f u n z a
m h u f u n z a
w a h u f u n z a
n i h u f u n z a
u h u f u n z a
a h u f u n z a
t u a f u n z a
m a f u n z a
w a a f u n z a
n i a f u n z a
u a f u n z a
a a f u n z a
t u m e f u n z a
m m e f u n z a
w a m e f u n z a
n i m e f u n z a
u m e f u n z a
a m e f u n z a
t u n a c h u k u a
m n a c h u k u a
w a n a c h u k u a
n i n a c h u k u a
u n a c h u k u a
a n a c h u k u a
k u c h u k u a
t u n g e c h u k u a
t u n g a l i c h u k u a
m n g e c h u k u a
m n g a l i c h u k u a
w a n g e c h u k u a
w a n g a l i c h u k u a
n i n g e c h u k u a
n i n g a l i c h u k u a
u n g e c h u k u a
u n g a l i c h u k u a
a n g e c h u k u a
a n g a l i c h u k u a
t u t a c h u k u a
t u l i c h u k u a
m t a c h u k u a
m l i c h u k u a
w a t a c h u k u a
w a l i c h u k u a
n i t a c h u k u a
n i l i c h u k u a
u t a c h u k u a
u l i c h u k u a
a t a c h u k u a
a l i c h u k u a
t u h u c h u k u a
m h u c h u k u a
w a h u c h u k u a
n i h u c h u k u a
u h u c h u k u a
a h u c h u k u a
t u a c h u k u a
m a c h u k u a
w a a c h u k u a
n i a c h u k u a
u a c h u k u a
a a c h u k u a
t u m e c h u k u a
m m e c h u k u a
w a m e c h u k u a
n i m e c h u k u a
u m e c h u k u a
a m e c h u k u a
t u n a f a n y a
m n a f a n y a
w a n a f a n y a
n i n a f a n y a
u n a f a n y a
a n a f a n y a
k u f a n y a
t u n g e f a n y a
t u n g a l i f a n y a
m n g e f a n y a
m n g a l i f a n y a
w a n g e f a n y a
w a n g a l i f a n y a
n i n g e f a n y a
n i n g a l i f a n y a
u n g e f a n y a
u n g a l i f a n y a
a n g e f a n y a
a n g a l i f a n y a
t u t a f a n y a
t u l i f a n y a
m t a f a n y a
m l i f a n y a
w a t a f a n y a
w a l i f a n y a
n i t a f a n y a
n i l i f a n y a
u t a f a n y a
u l i f a n y a
a t a f a n y a
a l i f a n y a
t u h u f a n y a
m h u f a n y a
w a h u f a n y a
n i h u f a n y a
u h u f a n y a
a h u f a n y a
t u a f a n y a
m a f a n y a
w a a f a n y a
n i a f a n y a
u a f a n y a
a a f a n y a
t u m e f a n y a
m m e f a n y a
w a m e f a n y a
n i m e f a n y a
u m e f a n y a
a m e f a n y a
t u n a u w a
m n a u w a
w a n a u w a
n i n a u w a
u n a u w a
a n a u w a
k u u w a
t u n g e u w a
t u n g a l i u w a
m n g e u w a
m n g a l i u w a
w a n g e u w a
w a n g a l i u w a
n i n g e u w a
n i n g a l i u w a
u n g e u w a
u n g a l i u w a
a n g e u w a
a n g a l i u w a
t u t a u w a
t u l i u w a
m t a u w a
m l i u w a
w a t a u w a
w a l i u w a
n i t a u w a
n i l i u w a
u t a u w a
u l i u w a
a t a u w a
a l i u w a
t u h u u w a
m h u u w a
w a h u u w a
n i h u u w a
u h u u w a
a h u u w a
t u a u w a
m a u w a
w a a u w a
n i a u w a
u a u w a
a a u w a
t u m e u w a
m m e u w a
w a m e u w a
n i m e u w a
u m e u w a
a m e u w a
t u n a n u n u a
m n a n u n u a
w a n a n u n u a
n i n a n u n u a
u n a n u n u a
a n a n u n u a
k u n u n u a
t u n g e n u n u a
t u n g a l i n u n u a
m n g e n u n u a
m n g a l i n u n u a
w a n g e n u n u a
w a n g a l i n u n u a
n i n g e n u n u a
n i n g a l i n u n u a
u n g e n u n u a
u n g a l i n u n u a
a n g e n u n u a
a n g a l i n u n u a
t u t a n u n u a
t u l i n u n u a
m t a n u n u a
m l i n u n u a
w a t a n u n u a
w a l i n u n u a
n i t a n u n u a
n i l i n u n u a
u t a n u n u a
u l i n u n u a
a t a n u n u a
a l i n u n u a
t u h u n u n u a
m h u n u n u a
w a h u n u n u a
n i h u n u n u a
u h u n u n u a
a h u n u n u a
t u a n u n u a
m a n u n u a
w a a n u n u a
n i a n u n u a
u a n u n u a
a a n u n u a
t u m e n u n u a
m m e n u n u a
w a m e n u n u a
n i m e n u n u a
u m e n u n u a
a m e n u n u a
t u n a t i k i s a
m n a t i k i s a
w a n a t i k i s a
n i n a t i k i s a
u n a t i k i s a
a n a t i k i s a
k u t i k i s a
t u n g e t i k i s a
t u n g a l i t i k i s a
m n g e t i k i s a
m n g a l i t i k i s a
w a n g e t i k i s a
w a n g a l i t i k i s a
n i n g e t i k i s a
n i n g a l i t i k i s a
u n g e t i k i s a
u n g a l i t i k i s a
a n g e t i k i s a
a n g a l i t i k i s a
t u t a t i k i s a
t u l i t i k i s a
m t a t i k i s a
m l i t i k i s a
w a t a t i k i s a
w a l i t i k i s a
n i t a t i k i s a
n i l i t i k i s a
u t a t i k i s a
u l i t i k i s a
a t a t i k i s a
a l i t i k i s a
t u h u t i k i s a
m h u t i k i s a
w a h u t i k i s a
n i h u t i k i s a
u h u t i k i s a
a h u t i k i s a
t u a t i k i s a
m a t i k i s a
w a a t i k i s a
n i a t i k i s a
u a t i k i s a
a a t i k i s a
t u m e t i k i s a
m m e t i k i s a
w a m e t i k i s a
n i m e t i k i s a
u m e t i k i s a
a m e t i k i s a
t u n a s i k i l i z a
m n a s i k i l i z a
w a n a s i k i l i z a
n i n a s i k i l i z a
u n a s i k i l i z a
a n a s i k i l i z a
k u s i k i l i z a
t u n g e s i k i l i z a
t u n g a l i s i k i l i z a
m n g e s i k i l i z a
m n g a l i s i k i l i z a
w a n g e s i k i l i z a
w a n g a l i s i k i l i z a
n i n g e s i k i l i z a
n i n g a l i s i k i l i z a
u n g e s i k i l i z a
u n g a l i s i k i l i z a
a n g e s i k i l i z a
a n g a l i s i k i l i z a
t u t a s i k i l i z a
t u l i s i k i l i z a
m t a s i k i l i z a
m l i s i k i l i z a
w a t a s i k i l i z a
w a l i s i k i l i z a
n i t a s i k i l i z a
n i l i s i k i l i z a
u t a s i k i l i z a
u l i s i k i l i z a
a t a s i k i l i z a
a l i s i k i l i z a
t u h u s i k i l i z a
m h u s i k i l i z a
w a h u s i k i l i z a
n i h u s i k i l i z a
u h u s i k i l i z a
a h u s i k i l i z a
t u a s i k i l i z a
m a s i k i l i z a
w a a s i k i l i z a
n i a s i k i l i z a
u a s i k i l i z a
a a s i k i l i z a
t u m e s i k i l i z a
m m e s i k i l i z a
w a m e s i k i l i z a
n i m e s i k i l i z a
u m e s i k i l i z a
a m e s i k i l i z a
t u n a c h o m a
m n a c h o m a
w a n a c h o m a
n i n a c h o m a
u n a c h o m a
a n a c h o m a
k u c h o m a
t u n g e c h o m a
t u n g a l i c h o m a
m n g e c h o m a
m n g a l i c h o m a
w a n g e c h o m a
w a n g a l i c h o m a
n i n g e c h o m a
n i n g a l i c h o m a
u n g e c h o m a
u n g a l i c h o m a
a n g e c h o m a
a n g a l i c h o m a
t u t a c h o m a
t u l i c h o m a
m t a c h o m a
m l i c h o m a
w a t a c h o m a
w a l i c h o m a
n i t a c h o m a
n i l i c h o m a
u t a c h o m a
u l i c h o m a
a t a c h o m a
a l i c h o m a
t u h u c h o m a
m h u c h o m a
w a h u c h o m a
n i h u c h o m a
u h u c h o m a
a h u c h o m a
t u a c h o m a
m a c h o m a
w a a c h o m a
n i a c h o m a
u a c h o m a
a a c h o m a
t u m e c h o m a
m m e c h o m a
w a m e c h o m a
n i m e c h o m a
u m e c h o m a
a m e c h o m a
t u n a k a m i l i s h a
m n a k a m i l i s h a
w a n a k a m i l i s h a
n i n a k a m i l i s h a
u n a k a m i l i s h a
a n a k a m i l i s h a
k u k a m i l i s h a
t u n g e k a m i l i s h a
t u n g a l i k a m i l i s h a
m n g e k a m i l i s h a
m n g a l i k a m i l i s h a
w a n g e k a m i l i s h a
w a n g a l i k a m i l i s h a
n i n g e k a m i l i s h a
n i n g a l i k a m i l i s h a
u n g e k a m i l i s h a
u n g a l i k a m i l i s h a
a n g e k a m i l i s h a
a n g a l i k a m i l i s h a
t u t a k a m i l i s h a
t u l i k a m i l i s h a
m t a k a m i l i s h a
m l i k a m i l i s h a
w a t a k a m i l i s h a
w a l i k a m i l i s h a
n i t a k a m i l i s h a
n i l i k a m i l i s h a
u t a k a m i l i s h a
u l i k a m i l i s h a
a t a k a m i l i s h a
a l i k a m i l i s h a
t u h u k a m i l i s h a
m h u k a m i l i s h a
w a h u k a m i l i s h a
n i h u k a m i l i s h a
u h u k a m i l i s h a
a h u k a m i l i s h a
t u a k a m i l i s h a
m a k a m i l i s h a
w a a k a m i l i s h a
n i a k a m i l i s h a
u a k a m i l i s h a
a a k a m i l i s h a
t u m e k a m i l i s h a
m m e k a m i l i s h a
w a m e k a m i l i s h a
n i m e k a m i l i s h a
u m e k a m i l i s h a
a m e k a m i l i s h a
t u n a j i s i k i a
m n a j i s i k i a
w a n a j i s i k i a
n i n a j i s i k i a
u n a j i s i k i a
a n a j i s i k i a
k u j i s i k i a
t u n g e j i s i k i a
t u n g a l i j i s i k i a
m n g e j i s i k i a
m n g a l i j i s i k i a
w a n g e j i s i k i a
w a n g a l i j i s i k i a
n i n g e j i s i k i a
n i n g a l i j i s i k i a
u n g e j i s i k i a
u n g a l i j i s i k i a
a n g e j i s i k i a
a n g a l i j i s i k i a
t u t a j i s i k i a
t u l i j i s i k i a
m t a j i s i k i a
m l i j i s i k i a
w a t a j i s i k i a
w a l i j i s i k i a
n i t a j i s i k i a
n i l i j i s i k i a
u t a j i s i k i a
u l i j i s i k i a
a t a j i s i k i a
a l i j i s i k i a
t u h u j i s i k i a
m h u j i s i k i a
w a h u j i s i k i a
n i h u j i s i k i a
u h u j i s i k i a
a h u j i s i k i a
t u a j i s i k i a
m a j i s i k i a
w a a j i s i k i a
n i a j i s i k i a
u a j i s i k i a
a a j i s i k i a
t u m e j i s i k i a
m m e j i s i k i a
w a m e j i s i k i a
n i m e j i s i k i a
u m e j i s i k i a
a m e j i s i k i a
t u n a c h a n g a n y a
m n a c h a n g a n y a
w a n a c h a n g a n y a
n i n a c h a n g a n y a
u n a c h a n g a n y a
a n a c h a n g a n y a
k u c h a n g a n y a
t u n g e c h a n g a n y a
t u n g a l i c h a n g a n y a
m n g e c h a n g a n y a
m n g a l i c h a n g a n y a
w a n g e c h a n g a n y a
w a n g a l i c h a n g a n y a
n i n g e c h a n g a n y a
n i n g a l i c h a n g a n y a
u n g e c h a n g a n y a
u n g a l i c h a n g a n y a
a n g e c h a n g a n y a
a n g a l i c h a n g a n y a
t u t a c h a n g a n y a
t u l i c h a n g a n y a
m t a c h a n g a n y a
m l i c h a n g a n y a
w a t a c h a n g a n y a
w a l i c h a n g a n y a
n i t a c h a n g a n y a
n i l i c h a n g a n y a
u t a c h a n g a n y a
u l i c h a n g a n y a
a t a c h a n g a n y a
a l i c h a n g a n y a
t u h u c h a n g a n y a
m h u c h a n g a n y a
w a h u c h a n g a n y a
n i h u c h a n g a n y a
u h u c h a n g a n y a
a h u c h a n g a n y a
t u a c h a n g a n y a
m a c h a n g a n y a
w a a c h a n g a n y a
n i a c h a n g a n y a
u a c h a n g a n y a
a a c h a n g a n y a
t u m e c h a n g a n y a
m m e c h a n g a n y a
w a m e c h a n g a n y a
n i m e c h a n g a n y a
u m e c h a n g a n y a
a m e c h a n g a n y a
t u n a p e a
m n a p e a
w a n a p e a
n i n a p e a
u n a p e a
a n a p e a
k u p e a
t u n g e p e a
t u n g a l i p e a
m n g e p e a
m n g a l i p e a
w a n g e p e a
w a n g a l i p e a
n i n g e p e a
n i n g a l i p e a
u n g e p e a
u n g a l i p e a
a n g e p e a
a n g a l i p e a
t u t a p e a
t u l i p e a
m t a p e a
m l i p e a
w a t a p e a
w a l i p e a
n i t a p e a
n i l i p e a
u t a p e a
u l i p e a
a t a p e a
a l i p e a
t u h u p e a
m h u p e a
w a h u p e a
n i h u p e a
u h u p e a
a h u p e a
t u a p e a
m a p e a
w a a p e a
n i a p e a
u a p e a
a a p e a
t u m e p e a
m m e p e a
w a m e p e a
n i m e p e a
u m e p e a
a m e p e a
t u n a n g o j a
m n a n g o j a
w a n a n g o j a
n i n a n g o j a
u n a n g o j a
a n a n g o j a
k u n g o j a
t u n g e n g o j a
t u n g a l i n g o j a
m n g e n g o j a
m n g a l i n g o j a
w a n g e n g o j a
w a n g a l i n g o j a
n i n g e n g o j a
n i n g a l i n g o j a
u n g e n g o j a
u n g a l i n g o j a
a n g e n g o j a
a n g a l i n g o j a
t u t a n g o j a
t u l i n g o j a
m t a n g o j a
m l i n g o j a
w a t a n g o j a
w a l i n g o j a
n i t a n g o j a
n i l i n g o j a
u t a n g o j a
u l i n g o j a
a t a n g o j a
a l i n g o j a
t u h u n g o j a
m h u n g o j a
w a h u n g o j a
n i h u n g o j a
u h u n g o j a
a h u n g o j a
t u a n g o j a
m a n g o j a
w a a n g o j a
n i a n g o j a
u a n g o j a
a a n g o j a
t u m e n g o j a
m m e n g o j a
w a m e n g o j a
n i m e n g o j a
u m e n g o j a
a m e n g o j a
t u n a l a m b a
m n a l a m b a
w a n a l a m b a
n i n a l a m b a
u n a l a m b a
a n a l a m b a
k u l a m b a
t u n g e l a m b a
t u n g a l i l a m b a
m n g e l a m b a
m n g a l i l a m b a
w a n g e l a m b a
w a n g a l i l a m b a
n i n g e l a m b a
n i n g a l i l a m b a
u n g e l a m b a
u n g a l i l a m b a
a n g e l a m b a
a n g a l i l a m b a
t u t a l a m b a
t u l i l a m b a
m t a l a m b a
m l i l a m b a
w a t a l a m b a
w a l i l a m b a
n i t a l a m b a
n i l i l a m b a
u t a l a m b a
u l i l a m b a
a t a l a m b a
a l i l a m b a
t u h u l a m b a
m h u l a m b a
w a h u l a m b a
n i h u l a m b a
u h u l a m b a
a h u l a m b a
t u a l a m b a
m a l a m b a
w a a l a m b a
n i a l a m b a
u a l a m b a
a a l a m b a
t u m e l a m b a
m m e l a m b a
w a m e l a m b a
n i m e l a m b a
u m e l a m b a
a m e l a m b a
t u n a o g a
m n a o g a
w a n a o g a
n i n a o g a
u n a o g a
a n a o g a
k u o g a
t u n g e o g a
t u n g a l i o g a
m n g e o g a
m n g a l i o g a
w a n g e o g a
w a n g a l i o g a
n i n g e o g a
n i n g a l i o g a
u n g e o g a
u n g a l i o g a
a n g e o g a
a n g a l i o g a
t u t a o g a
t u l i o g a
m t a o g a
m l i o g a
w a t a o g a
w a l i o g a
n i t a o g a
n i l i o g a
u t a o g a
u l i o g a
a t a o g a
a l i o g a
t u h u o g a
m h u o g a
w a h u o g a
n i h u o g a
u h u o g a
a h u o g a
t u a o g a
m a o g a
w a a o g a
n i a o g a
u a o g a
a a o g a
t u m e o g a
m m e o g a
w a m e o g a
n i m e o g a
u m e o g a
a m e o g a
t u n a s h i n d a
m n a s h i n d a
w a n a s h i n d a
n i n a s h i n d a
u n a s h i n d a
a n a s h i n d a
k u s h i n d a
t u n g e s h i n d a
t u n g a l i s h i n d a
m n g e s h i n d a
m n g a l i s h i n d a
w a n g e s h i n d a
w a n g a l i s h i n d a
n i n g e s h i n d a
n i n g a l i s h i n d a
u n g e s h i n d a
u n g a l i s h i n d a
a n g e s h i n d a
a n g a l i s h i n d a
t u t a s h i n d a
t u l i s h i n d a
m t a s h i n d a
m l i s h i n d a
w a t a s h i n d a
w a l i s h i n d a
n i t a s h i n d a
n i l i s h i n d a
u t a s h i n d a
u l i s h i n d a
a t a s h i n d a
a l i s h i n d a
t u h u s h i n d a
m h u s h i n d a
w a h u s h i n d a
n i h u s h i n d a
u h u s h i n d a
a h u s h i n d a
t u a s h i n d a
m a s h i n d a
w a a s h i n d a
n i a s h i n d a
u a s h i n d a
a a s h i n d a
t u m e s h i n d a
m m e s h i n d a
w a m e s h i n d a
n i m e s h i n d a
u m e s h i n d a
a m e s h i n d a
t u n a s a i d i a
m n a s a i d i a
w a n a s a i d i a
n i n a s a i d i a
u n a s a i d i a
a n a s a i d i a
k u s a i d i a
t u n g e s a i d i a
t u n g a l i s a i d i a
m n g e s a i d i a
m n g a l i s a i d i a
w a n g e s a i d i a
w a n g a l i s a i d i a
n i n g e s a i d i a
n i n g a l i s a i d i a
u n g e s a i d i a
u n g a l i s a i d i a
a n g e s a i d i a
a n g a l i s a i d i a
t u t a s a i d i a
t u l i s a i d i a
m t a s a i d i a
m l i s a i d i a
w a t a s a i d i a
w a l i s a i d i a
n i t a s a i d i a
n i l i s a i d i a
u t a s a i d i a
u l i s a i d i a
a t a s a i d i a
a l i s a i d i a
t u h u s a i d i a
m h u s a i d i a
w a h u s a i d i a
n i h u s a i d i a
u h u s a i d i a
a h u s a i d i a
t u a s a i d i a
m a s a i d i a
w a a s a i d i a
n i a s a i d i a
u a s a i d i a
a a s a i d i a
t u m e s a i d i a
m m e s a i d i a
w a m e s a i d i a
n i m e s a i d i a
u m e s a i d i a
a m e s a i d i a
t u n a s a g a
m n a s a g a
w a n a s a g a
n i n a s a g a
u n a s a g a
a n a s a g a
k u s a g a
t u n g e s a g a
t u n g a l i s a g a
m n g e s a g a
m n g a l i s a g a
w a n g e s a g a
w a n g a l i s a g a
n i n g e s a g a
n i n g a l i s a g a
u n g e s a g a
u n g a l i s a g a
a n g e s a g a
a n g a l i s a g a
t u t a s a g a
t u l i s a g a
m t a s a g a
m l i s a g a
w a t a s a g a
w a l i s a g a
n i t a s a g a
n i l i s a g a
u t a s a g a
u l i s a g a
a t a s a g a
a l i s a g a
t u h u s a g a
m h u s a g a
w a h u s a g a
n i h u s a g a
u h u s a g a
a h u s a g a
t u a s a g a
m a s a g a
w a a s a g a
n i a s a g a
u a s a g a
a a s a g a
t u m e s a g a
m m e s a g a
w a m e s a g a
n i m e s a g a
u m e s a g a
a m e s a g a
t u n a f a g i a
m n a f a g i a
w a n a f a g i a
n i n a f a g i a
u n a f a g i a
a n a f a g i a
k u f a g i a
t u n g e f a g i a
t u n g a l i f a g i a
m n g e f a g i a
m n g a l i f a g i a
w a n g e f a g i a
w a n g a l i f a g i a
n i n g e f a g i a
n i n g a l i f a g i a
u n g e f a g i a
u n g a l i f a g i a
a n g e f a g i a
a n g a l i f a g i a
t u t a f a g i a
t u l i f a g i a
m t a f a g i a
m l i f a g i a
w a t a f a g i a
w a l i f a g i a
n i t a f a g i a
n i l i f a g i a
u t a f a g i a
u l i f a g i a
a t a f a g i a
a l i f a g i a
t u h u f a g i a
m h u f a g i a
w a h u f a g i a
n i h u f a g i a
u h u f a g i a
a h u f a g i a
t u a f a g i a
m a f a g i a
w a a f a g i a
n i a f a g i a
u a f a g i a
a a f a g i a
t u m e f a g i a
m m e f a g i a
w a m e f a g i a
n i m e f a g i a
u m e f a g i a
a m e f a g i a
t u n a m e z a
m n a m e z a
w a n a m e z a
n i n a m e z a
u n a m e z a
a n a m e z a
k u m e z a
t u n g e m e z a
t u n g a l i m e z a
m n g e m e z a
m n g a l i m e z a
w a n g e m e z a
w a n g a l i m e z a
n i n g e m e z a
n i n g a l i m e z a
u n g e m e z a
u n g a l i m e z a
a n g e m e z a
a n g a l i m e z a
t u t a m e z a
t u l i m e z a
m t a m e z a
m l i m e z a
w a t a m e z a
w a l i m e z a
n i t a m e z a
n i l i m e z a
u t a m e z a
u l i m e z a
a t a m e z a
a l i m e z a
t u h u m e z a
m h u m e z a
w a h u m e z a
n i h u m e z a
u h u m e z a
a h u m e z a
t u a m e z a
m a m e z a
w a a m e z a
n i a m e z a
u a m e z a
a a m e z a
t u m e m e z a
m m e m e z a
w a m e m e z a
n i m e m e z a
u m e m e z a
a m e m e z a
t u n a g o n g a
m n a g o n g a
w a n a g o n g a
n i n a g o n g a
u n a g o n g a
a n a g o n g a
k u g o n g a
t u n g e g o n g a
t u n g a l i g o n g a
m n g e g o n g a
m n g a l i g o n g a
w a n g e g o n g a
w a n g a l i g o n g a
n i n g e g o n g a
n i n g a l i g o n g a
u n g e g o n g a
u n g a l i g o n g a
a n g e g o n g a
a n g a l i g o n g a
t u t a g o n g a
t u l i g o n g a
m t a g o n g a
m l i g o n g a
w a t a g o n g a
w a l i g o n g a
n i t a g o n g a
n i l i g o n g a
u t a g o n g a
u l i g o n g a
a t a g o n g a
a l i g o n g a
t u h u g o n g a
m h u g o n g a
w a h u g o n g a
n i h u g o n g a
u h u g o n g a
a h u g o n g a
t u a g o n g a
m a g o n g a
w a a g o n g a
n i a g o n g a
u a g o n g a
a a g o n g a
t u m e g o n g a
m m e g o n g a
w a m e g o n g a
n i m e g o n g a
u m e g o n g a
a m e g o n g a
t u n a p u n g u z a
m n a p u n g u z a
w a n a p u n g u z a
n i n a p u n g u z a
u n a p u n g u z a
a n a p u n g u z a
k u p u n g u z a
t u n g e p u n g u z a
t u n g a l i p u n g u z a
m n g e p u n g u z a
m n g a l i p u n g u z a
w a n g e p u n g u z a
w a n g a l i p u n g u z a
n i n g e p u n g u z a
n i n g a l i p u n g u z a
u n g e p u n g u z a
u n g a l i p u n g u z a
a n g e p u n g u z a
a n g a l i p u n g u z a
t u t a p u n g u z a
t u l i p u n g u z a
m t a p u n g u z a
m l i p u n g u z a
w a t a p u n g u z a
w a l i p u n g u z a
n i t a p u n g u z a
n i l i p u n g u z a
u t a p u n g u z a
u l i p u n g u z a
a t a p u n g u z a
a l i p u n g u z a
t u h u p u n g u z a
m h u p u n g u z a
w a h u p u n g u z a
n i h u p u n g u z a
u h u p u n g u z a
a h u p u n g u z a
t u a p u n g u z a
m a p u n g u z a
w a a p u n g u z a
n i a p u n g u z a
u a p u n g u z a
a a p u n g u z a
t u m e p u n g u z a
m m e p u n g u z a
w a m e p u n g u z a
n i m e p u n g u z a
u m e p u n g u z a
a m e p u n g u z a
t u n a s i n z i a
m n a s i n z i a
w a n a s i n z i a
n i n a s i n z i a
u n a s i n z i a
a n a s i n z i a
k u s i n z i a
t u n g e s i n z i a
t u n g a l i s i n z i a
m n g e s i n z i a
m n g a l i s i n z i a
w a n g e s i n z i a
w a n g a l i s i n z i a
n i n g e s i n z i a
n i n g a l i s i n z i a
u n g e s i n z i a
u n g a l i s i n z i a
a n g e s i n z i a
a n g a l i s i n z i a
t u t a s i n z i a
t u l i s i n z i a
m t a s i n z i a
m l i s i n z i a
w a t a s i n z i a
w a l i s i n z i a
n i t a s i n z i a
n i l i s i n z i a
u t a s i n z i a
u l i s i n z i a
a t a s i n z i a
a l i s i n z i a
t u h u s i n z i a
m h u s i n z i a
w a h u s i n z i a
n i h u s i n z i a
u h u s i n z i a
a h u s i n z i a
t u a s i n z i a
m a s i n z i a
w a a s i n z i a
n i a s i n z i a
u a s i n z i a
a a s i n z i a
t u m e s i n z i a
m m e s i n z i a
w a m e s i n z i a
n i m e s i n z i a
u m e s i n z i a
a m e s i n z i a
t u n a k o h o a
m n a k o h o a
w a n a k o h o a
n i n a k o h o a
u n a k o h o a
a n a k o h o a
k u k o h o a
t u n g e k o h o a
t u n g a l i k o h o a
m n g e k o h o a
m n g a l i k o h o a
w a n g e k o h o a
w a n g a l i k o h o a
n i n g e k o h o a
n i n g a l i k o h o a
u n g e k o h o a
u n g a l i k o h o a
a n g e k o h o a
a n g a l i k o h o a
t u t a k o h o a
t u l i k o h o a
m t a k o h o a
m l i k o h o a
w a t a k o h o a
w a l i k o h o a
n i t a k o h o a
n i l i k o h o a
u t a k o h o a
u l i k o h o a
a t a k o h o a
a l i k o h o a
t u h u k o h o a
m h u k o h o a
w a h u k o h o a
n i h u k o h o a
u h u k o h o a
a h u k o h o a
t u a k o h o a
m a k o h o a
w a a k o h o a
n i a k o h o a
u a k o h o a
a a k o h o a
t u m e k o h o a
m m e k o h o a
w a m e k o h o a
n i m e k o h o a
u m e k o h o a
a m e k o h o a
t u n a c h e k a
m n a c h e k a
w a n a c h e k a
n i n a c h e k a
u n a c h e k a
a n a c h e k a
k u c h e k a
t u n g e c h e k a
t u n g a l i c h e k a
m n g e c h e k a
m n g a l i c h e k a
w a n g e c h e k a
w a n g a l i c h e k a
n i n g e c h e k a
n i n g a l i c h e k a
u n g e c h e k a
u n g a l i c h e k a
a n g e c h e k a
a n g a l i c h e k a
t u t a c h e k a
t u l i c h e k a
m t a c h e k a
m l i c h e k a
w a t a c h e k a
w a l i c h e k a
n i t a c h e k a
n i l i c h e k a
u t a c h e k a
u l i c h e k a
a t a c h e k a
a l i c h e k a
t u h u c h e k a
m h u c h e k a
w a h u c h e k a
n i h u c h e k a
u h u c h e k a
a h u c h e k a
t u a c h e k a
m a c h e k a
w a a c h e k a
n i a c h e k a
u a c h e k a
a a c h e k a
t u m e c h e k a
m m e c h e k a
w a m e c h e k a
n i m e c h e k a
u m e c h e k a
a m e c h e k a
t u n a c h a p i s h a
m n a c h a p i s h a
w a n a c h a p i s h a
n i n a c h a p i s h a
u n a c h a p i s h a
a n a c h a p i s h a
k u c h a p i s h a
t u n g e c h a p i s h a
t u n g a l i c h a p i s h a
m n g e c h a p i s h a
m n g a l i c h a p i s h a
w a n g e c h a p i s h a
w a n g a l i c h a p i s h a
n i n g e c h a p i s h a
n i n g a l i c h a p i s h a
u n g e c h a p i s h a
u n g a l i c h a p i s h a
a n g e c h a p i s h a
a n g a l i c h a p i s h a
t u t a c h a p i s h a
t u l i c h a p i s h a
m t a c h a p i s h a
m l i c h a p i s h a
w a t a c h a p i s h a
w a l i c h a p i s h a
n i t a c h a p i s h a
n i l i c h a p i s h a
u t a c h a p i s h a
u l i c h a p i s h a
a t a c h a p i s h a
a l i c h a p i s h a
t u h u c h a p i s h a
m h u c h a p i s h a
w a h u c h a p i s h a
n i h u c h a p i s h a
u h u c h a p i s h a
a h u c h a p i s h a
t u a c h a p i s h a
m a c h a p i s h a
w a a c h a p i s h a
n i a c h a p i s h a
u a c h a p i s h a
a a c h a p i s h a
t u m e c h a p i s h a
m m e c h a p i s h a
w a m e c h a p i s h a
n i m e c h a p i s h a
u m e c h a p i s h a
a m e c h a p i s h a
t u n a c h a f y a
m n a c h a f y a
w a n a c h a f y a
n i n a c h a f y a
u n a c h a f y a
a n a c h a f y a
k u c h a f y a
t u n g e c h a f y a
t u n g a l i c h a f y a
m n g e c h a f y a
m n g a l i c h a f y a
w a n g e c h a f y a
w a n g a l i c h a f y a
n i n g e c h a f y a
n i n g a l i c h a f y a
u n g e c h a f y a
u n g a l i c h a f y a
a n g e c h a f y a
a n g a l i c h a f y a
t u t a c h a f y a
t u l i c h a f y a
m t a c h a f y a
m l i c h a f y a
w a t a c h a f y a
w a l i c h a f y a
n i t a c h a f y a
n i l i c h a f y a
u t a c h a f y a
u l i c h a f y a
a t a c h a f y a
a l i c h a f y a
t u h u c h a f y a
m h u c h a f y a
w a h u c h a f y a
n i h u c h a f y a
u h u c h a f y a
a h u c h a f y a
t u a c h a f y a
m a c h a f y a
w a a c h a f y a
n i a c h a f y a
u a c h a f y a
a a c h a f y a
t u m e c h a f y a
m m e c h a f y a
w a m e c h a f y a
n i m e c h a f y a
u m e c h a f y a
a m e c h a f y a
t u n a f u a t a
m n a f u a t a
w a n a f u a t a
n i n a f u a t a
u n a f u a t a
a n a f u a t a
k u f u a t a
t u n g e f u a t a
t u n g a l i f u a t a
m n g e f u a t a
m n g a l i f u a t a
w a n g e f u a t a
w a n g a l i f u a t a
n i n g e f u a t a
n i n g a l i f u a t a
u n g e f u a t a
u n g a l i f u a t a
a n g e f u a t a
a n g a l i f u a t a
t u t a f u a t a
t u l i f u a t a
m t a f u a t a
m l i f u a t a
w a t a f u a t a
w a l i f u a t a
n i t a f u a t a
n i l i f u a t a
u t a f u a t a
u l i f u a t a
a t a f u a t a
a l i f u a t a
t u h u f u a t a
m h u f u a t a
w a h u f u a t a
n i h u f u a t a
u h u f u a t a
a h u f u a t a
t u a f u a t a
m a f u a t a
w a a f u a t a
n i a f u a t a
u a f u a t a
a a f u a t a
t u m e f u a t a
m m e f u a t a
w a m e f u a t a
n i m e f u a t a
u m e f u a t a
a m e f u a t a
t u n a f i c h a
m n a f i c h a
w a n a f i c h a
n i n a f i c h a
u n a f i c h a
a n a f i c h a
k u f i c h a
t u n g e f i c h a
t u n g a l i f i c h a
m n g e f i c h a
m n g a l i f i c h a
w a n g e f i c h a
w a n g a l i f i c h a
n i n g e f i c h a
n i n g a l i f i c h a
u n g e f i c h a
u n g a l i f i c h a
a n g e f i c h a
a n g a l i f i c h a
t u t a f i c h a
t u l i f i c h a
m t a f i c h a
m l i f i c h a
w a t a f i c h a
w a l i f i c h a
n i t a f i c h a
n i l i f i c h a
u t a f i c h a
u l i f i c h a
a t a f i c h a
a l i f i c h a
t u h u f i c h a
m h u f i c h a
w a h u f i c h a
n i h u f i c h a
u h u f i c h a
a h u f i c h a
t u a f i c h a
m a f i c h a
w a a f i c h a
n i a f i c h a
u a f i c h a
a a f i c h a
t u m e f i c h a
m m e f i c h a
w a m e f i c h a
n i m e f i c h a
u m e f i c h a
a m e f i c h a
t u n a c h i m b a
m n a c h i m b a
w a n a c h i m b a
n i n a c h i m b a
u n a c h i m b a
a n a c h i m b a
k u c h i m b a
t u n g e c h i m b a
t u n g a l i c h i m b a
m n g e c h i m b a
m n g a l i c h i m b a
w a n g e c h i m b a
w a n g a l i c h i m b a
n i n g e c h i m b a
n i n g a l i c h i m b a
u n g e c h i m b a
u n g a l i c h i m b a
a n g e c h i m b a
a n g a l i c h i m b a
t u t a c h i m b a
t u l i c h i m b a
m t a c h i m b a
m l i c h i m b a
w a t a c h i m b a
w a l i c h i m b a
n i t a c h i m b a
n i l i c h i m b a
u t a c h i m b a
u l i c h i m b a
a t a c h i m b a
a l i c h i m b a
t u h u c h i m b a
m h u c h i m b a
w a h u c h i m b a
n i h u c h i m b a
u h u c h i m b a
a h u c h i m b a
t u a c h i m b a
m a c h i m b a
w a a c h i m b a
n i a c h i m b a
u a c h i m b a
a a c h i m b a
t u m e c h i m b a
m m e c h i m b a
w a m e c h i m b a
n i m e c h i m b a
u m e c h i m b a
a m e c h i m b a
t u n a f u n g u a
m n a f u n g u a
w a n a f u n g u a
n i n a f u n g u a
u n a f u n g u a
a n a f u n g u a
k u f u n g u a
t u n g e f u n g u a
t u n g a l i f u n g u a
m n g e f u n g u a
m n g a l i f u n g u a
w a n g e f u n g u a
w a n g a l i f u n g u a
n i n g e f u n g u a
n i n g a l i f u n g u a
u n g e f u n g u a
u n g a l i f u n g u a
a n g e f u n g u a
a n g a l i f u n g u a
t u t a f u n g u a
t u l i f u n g u a
m t a f u n g u a
m l i f u n g u a
w a t a f u n g u a
w a l i f u n g u a
n i t a f u n g u a
n i l i f u n g u a
u t a f u n g u a
u l i f u n g u a
a t a f u n g u a
a l i f u n g u a
t u h u f u n g u a
m h u f u n g u a
w a h u f u n g u a
n i h u f u n g u a
u h u f u n g u a
a h u f u n g u a
t u a f u n g u a
m a f u n g u a
w a a f u n g u a
n i a f u n g u a
u a f u n g u a
a a f u n g u a
t u m e f u n g u a
m m e f u n g u a
w a m e f u n g u a
n i m e f u n g u a
u m e f u n g u a
a m e f u n g u a
t u n a p a n g u z a
m n a p a n g u z a
w a n a p a n g u z a
n i n a p a n g u z a
u n a p a n g u z a
a n a p a n g u z a
k u p a n g u z a
t u n g e p a n g u z a
t u n g a l i p a n g u z a
m n g e p a n g u z a
m n g a l i p a n g u z a
w a n g e p a n g u z a
w a n g a l i p a n g u z a
n i n g e p a n g u z a
n i n g a l i p a n g u z a
u n g e p a n g u z a
u n g a l i p a n g u z a
a n g e p a n g u z a
a n g a l i p a n g u z a
t u t a p a n g u z a
t u l i p a n g u z a
m t a p a n g u z a
m l i p a n g u z a
w a t a p a n g u z a
w a l i p a n g u z a
n i t a p a n g u z a
n i l i p a n g u z a
u t a p a n g u z a
u l i p a n g u z a
a t a p a n g u z a
a l i p a n g u z a
t u h u p a n g u z a
m h u p a n g u z a
w a h u p a n g u z a
n i h u p a n g u z a
u h u p a n g u z a
a h u p a n g u z a
t u a p a n g u z a
m a p a n g u z a
w a a p a n g u z a
n i a p a n g u z a
u a p a n g u z a
a a p a n g u z a
t u m e p a n g u z a
m m e p a n g u z a
w a m e p a n g u z a
n i m e p a n g u z a
u m e p a n g u z a
a m e p a n g u z a
t u n a a m b i a
m n a a m b i a
w a n a a m b i a
n i n a a m b i a
u n a a m b i a
a n a a m b i a
k u a m b i a
t u n g e a m b i a
t u n g a l i a m b i a
m n g e a m b i a
m n g a l i a m b i a
w a n g e a m b i a
w a n g a l i a m b i a
n i n g e a m b i a
n i n g a l i a m b i a
u n g e a m b i a
u n g a l i a m b i a
a n g e a m b i a
a n g a l i a m b i a
t u t a a m b i a
t u l i a m b i a
m t a a m b i a
m l i a m b i a
w a t a a m b i a
w a l i a m b i a
n i t a a m b i a
n i l i a m b i a
u t a a m b i a
u l i a m b i a
a t a a m b i a
a l i a m b i a
t u h u a m b i a
m h u a m b i a
w a h u a m b i a
n i h u a m b i a
u h u a m b i a
a h u a m b i a
t u a a m b i a
m a a m b i a
w a a a m b i a
n i a a m b i a
u a a m b i a
a a a m b i a
t u m e a m b i a
m m e a m b i a
w a m e a m b i a
n i m e a m b i a
u m e a m b i a
a m e a m b i a
t u n a o s h a
m n a o s h a
w a n a o s h a
n i n a o s h a
u n a o s h a
a n a o s h a
k u o s h a
t u n g e o s h a
t u n g a l i o s h a
m n g e o s h a
m n g a l i o s h a
w a n g e o s h a
w a n g a l i o s h a
n i n g e o s h a
n i n g a l i o s h a
u n g e o s h a
u n g a l i o s h a
a n g e o s h a
a n g a l i o s h a
t u t a o s h a
t u l i o s h a
m t a o s h a
m l i o s h a
w a t a o s h a
w a l i o s h a
n i t a o s h a
n i l i o s h a
u t a o s h a
u l i o s h a
a t a o s h a
a l i o s h a
t u h u o s h a
m h u o s h a
w a h u o s h a
n i h u o s h a
u h u o s h a
a h u o s h a
t u a o s h a
m a o s h a
w a a o s h a
n i a o s h a
u a o s h a
a a o s h a
t u m e o s h a
m m e o s h a
w a m e o s h a
n i m e o s h a
u m e o s h a
a m e o s h a
t u n a k a m a t a
m n a k a m a t a
w a n a k a m a t a
n i n a k a m a t a
u n a k a m a t a
a n a k a m a t a
k u k a m a t a
t u n g e k a m a t a
t u n g a l i k a m a t a
m n g e k a m a t a
m n g a l i k a m a t a
w a n g e k a m a t a
w a n g a l i k a m a t a
n i n g e k a m a t a
n i n g a l i k a m a t a
u n g e k a m a t a
u n g a l i k a m a t a
a n g e k a m a t a
a n g a l i k a m a t a
t u t a k a m a t a
t u l i k a m a t a
m t a k a m a t a
m l i k a m a t a
w a t a k a m a t a
w a l i k a m a t a
n i t a k a m a t a
n i l i k a m a t a
u t a k a m a t a
u l i k a m a t a
a t a k a m a t a
a l i k a m a t a
t u h u k a m a t a
m h u k a m a t a
w a h u k a m a t a
n i h u k a m a t a
u h u k a m a t a
a h u k a m a t a
t u a k a m a t a
m a k a m a t a
w a a k a m a t a
n i a k a m a t a
u a k a m a t a
a a k a m a t a
t u m e k a m a t a
m m e k a m a t a
w a m e k a m a t a
n i m e k a m a t a
u m e k a m a t a
a m e k a m a t a
t u n a r u k a
m n a r u k a
w a n a r u k a
n i n a r u k a
u n a r u k a
a n a r u k a
k u r u k a
t u n g e r u k a
t u n g a l i r u k a
m n g e r u k a
m n g a l i r u k a
w a n g e r u k a
w a n g a l i r u k a
n i n g e r u k a
n i n g a l i r u k a
u n g e r u k a
u n g a l i r u k a
a n g e r u k a
a n g a l i r u k a
t u t a r u k a
t u l i r u k a
m t a r u k a
m l i r u k a
w a t a r u k a
w a l i r u k a
n i t a r u k a
n i l i r u k a
u t a r u k a
u l i r u k a
a t a r u k a
a l i r u k a
t u h u r u k a
m h u r u k a
w a h u r u k a
n i h u r u k a
u h u r u k a
a h u r u k a
t u a r u k a
m a r u k a
w a a r u k a
n i a r u k a
u a r u k a
a a r u k a
t u m e r u k a
m m e r u k a
w a m e r u k a
n i m e r u k a
u m e r u k a
a m e r u k a
t u n a o n a
m n a o n a
w a n a o n a
n i n a o n a
u n a o n a
a n a o n a
k u o n a
t u n g e o n a
t u n g a l i o n a
m n g e o n a
m n g a l i o n a
w a n g e o n a
w a n g a l i o n a
n i n g e o n a
n i n g a l i o n a
u n g e o n a
u n g a l i o n a
a n g e o n a
a n g a l i o n a
t u t a o n a
t u l i o n a
m t a o n a
m l i o n a
w a t a o n a
w a l i o n a
n i t a o n a
n i l i o n a
u t a o n a
u l i o n a
a t a o n a
a l i o n a
t u h u o n a
m h u o n a
w a h u o n a
n i h u o n a
u h u o n a
a h u o n a
t u a o n a
m a o n a
w a a o n a
n i a o n a
u a o n a
a a o n a
t u m e o n a
m m e o n a
w a m e o n a
n i m e o n a
u m e o n a
a m e o n a
t u n a o n d o a
m n a o n d o a
w a n a o n d o a
n i n a o n d o a
u n a o n d o a
a n a o n d o a
k u o n d o a
t u n g e o n d o a
t u n g a l i o n d o a
m n g e o n d o a
m n g a l i o n d o a
w a n g e o n d o a
w a n g a l i o n d o a
n i n g e o n d o a
n i n g a l i o n d o a
u n g e o n d o a
u n g a l i o n d o a
a n g e o n d o a
a n g a l i o n d o a
t u t a o n d o a
t u l i o n d o a
m t a o n d o a
m l i o n d o a
w a t a o n d o a
w a l i o n d o a
n i t a o n d o a
n i l i o n d o a
u t a o n d o a
u l i o n d o a
a t a o n d o a
a l i o n d o a
t u h u o n d o a
m h u o n d o a
w a h u o n d o a
n i h u o n d o a
u h u o n d o a
a h u o n d o a
t u a o n d o a
m a o n d o a
w a a o n d o a
n i a o n d o a
u a o n d o a
a a o n d o a
t u m e o n d o a
m m e o n d o a
w a m e o n d o a
n i m e o n d o a
u m e o n d o a
a m e o n d o a
n o m c h e o
y o f k f h r k m y
l w w w d k r j b w v a h k
l f s p f g p i k
r g b y
u d o o c u w u h k j h z c w
a b z g v h a h k n
h d t p v b j r c p g r p b b
h y m
i c f c w y o v y z w o
l i k
v f z n p j m i e w z
e w s d c i h n s n g f u
o h o
g z t b h g z a d s w z y
n g r f w y s p w s y d
b m o
c i u r d j
v t c c n t
n w b e p z h v j b
u y d d o r s e p h i b g e h o
b r r i d r m l m d y y
a l e y
f b e p i g t y e p t
c u f j w g r w r e t
f t u v d a v p y
r j z z a r b r p w r
b g e c w k
v v r p g p y f u k w b r n
u d s z t c y b d o
s t z l
k k y a s w r w m o i n w
j j d z r p g p m
a z n y t i
b j d l p r s r f n h
b n f m n k r
s a z d k l
w h k l e
s j h c s c k c u i l
r m i a k
r v j w r f t i t
h w i z u a t b z e c l g
f z v k n i v
n k m o o n t g e z e j
i l w t v b
r t p s y b f b f y
y n v g f k u o
f m m y a u k e g k s w n i
e a w t i a d k n p c b g s
l p j j v p t z
m s o u d
r a a
g c i o a a c a f
k y o l y f h j
i g p u w l w o v c
d t u f u m v g
t r i b t n a j
j l i w f f t p h v z g z p
a m g p a p o n n t e j r f p
c w u m h l t r t g
j a u c v a c n i s g y t e j r
a i c b z j p
u p d w j i g a o j l h i
y i b y j v
d h w b t d p p d e
l z c b y r l i y t h b t
t d l d
f n a v l r r y y j h
r d l p f b g i m i n s g
e i v m p s v c h v l t h f
h o u n t
a d r
g a u f s
h p t z w j c t o u k g
s r a t n b
a y o c y v j l y c t v
w r m h h k r o o s w y
p o a h l z b z m z t p y t f k
h z v z
a l d c j t t k g
c g k u l y a o s i a k f t v
o e c e t c z i s m
n d k h s g w w l r i c d o u d
i u k f e j g s j p e l v
p h m g f
c c b e h f s i u d p j s
a m t r d b c f p m k v o t u
m p r o i n c j z e h s
g r d e a y g n n t
i s n f r o u l
n c j m k b n h j y i z n t b
p e b o w d s d p r h u d m c
b o v
t t b i a n
p c u a
j p p g g c i r t d
z g s s t g m y k
k v d b w i o a c u k n j o
c t f b l u s r i o u g t l r j
o h z v v c l r f p g t c v y h
d c p d l y h o j p p
m t r z y f c
r m v t
l p v d u l j z j v m
t h d e
r v t z b r z e
n w u g p e t u e k d i h c t v
s w i z i e w g t m a i f
e e d w
n h d f m
s v b j c y u a y c g h h s u
g o b g s i u v z i u
k f r t b e j d t
b j g v h
o f d c j p c l e z
j e v s a k k a v s
t e o b b a a k k j m r u h g m
w f k b h i e h
r d j f f
c n j o b f j i t u
h t y g m d j o f u
h y n p b w e l j r o p g
e m n m a b v v h y g o v u p
r e p j j m i s a l n e
g r e m n j u d d d l
o a r l d c p
g t v j b l d e m u j
l c f a a w e e p h c h l l h m
b d a h w a d j i d m z w f b
p a b e t f u p i d v o y k t
y f s
s a u e j r u t j i w f y
s j r c h t s s y g v s s i
b r l w u g j o l e z j d e o d
d s p h b g
k k w
u w h f a k m
z k p l s n s j g g y
j h l l a k h z k a f
c n u g
a p r b v a l e m f
r u c d v i w f l
s n n j t
l y t a t f b h y j
r y m n o d
f l h h n b l o g b y o z
b r n k o r b z l
e p a i y k z
t w t s
h l k j v r y n b z b l j j m
y n z i d h z p l o z h
l f v t s r z h
l u c h t l e e
g m e z b o e n g e
j f j s y i r m e d s
k n h j b t
f p s v t u b p r a v g o
z k h r k r f n h i m
r y c n t k m h l t
u c z
b t s a m d z s
g m u h
o h f e c f g w n
b a n m u p c g
d o u u n n e s
y c a z n p
h n c z b i
p v p a a e e
b g h a y s l b d e k
l f e r f s c k y u i s r
a c g w w y m o h s c c t v s b
l j y l r c j y c w r y y n c t
d s w t t y k c
f i l r h j l t c b g m t j i w
l y o l
a v e r m d a e v e k c o l o
t n u w z g m d z k c o t s n
b r u y i b t d f
k e z l o u v d u o y t a s
m b k c
c o j i b p i a v r m n c
a a e v f n h n f
u w y o y j l e s l y p d u u g
w p u h h d b z h g n v d s o f
j n i m m p g
k f r p n v o a u z c d r
m v i u l y o a y d a p w k o
g u y z d i r z a y z e z y y b
n z u j
j f a u d v b m
n o t t w z c w e
r g u t c r i w f a s
z w m v c p c f d a v v h o z
y b f a c c v o
p s r l b n z e
h g m r l g f e p j b f c e g o
f c t
p k m j y
w j b u b s v e b y
t m j k c u t f v s
t r m n v e p
b w e r z z k n k e z j
i r k l s
y k f a d w z f u z p k z
m b d w f h
i g s v e t
l n s t c f w s m c y i o n u o
w o j r a e v h b o
f r j r v d i a f n h u n
r c a z n d t u c b p u u o
y v y f b z f t b w g
w e r l u w v u o
g h f p k g u i
l f i m w b r f j d a g
t w o m g c o o v c z a i u t y
e s i d r k r c d y h n a t
f l a y
j h f a p l d d r c p s w i g a
o e n u z f l d
c u f g u s h h f
y f s j s r c s c y k w k
r u o g y w n o m r s k f c j
k b n a n n z g m i p
l p k o s b z j r i z k t
a b o w a o z v
o v f k p d u r m u h b t r z
j l d i c j b
t f r l y c s s o y p i r z m t
r r g o h f b t l f g
v o e a h a d c g
k k p c a l c v w
p w v o f r m l u d b b j l h v
k i y j s z w r u j l s t m
n u b i
p i v m a f a n a j t
b e b a v p i y t f k l i
g w w l w k e
k d i d r o d w r m k d e b r y
t j n l m t t s t f k
o u p v u u
m j i z s r t
y f m j p w c y o p y o y r l
f g d h s z r o k i m g s h
i r a g m k o a d e z
n h p j w j d
d a g m t n f
j d s g h c d c k b t j k r u
u s i c e l
b m e
y f y c h p
v c c u k e r d r s m d w n i p
t a l d
i c l k z o p
r g b p d i p u b e a a m o p
m z k h p w v p f c l k
c j k l u f z y z
a v t n d b
j t t i f w
r t f p v f k y
o w i k z s y i h y g z u
t s w u n e t y l
p y d f e
u j g p b u l i
t b y l i k j u k e w k i c
i t t p s b h t o g i t t
k e u f n z e g j a h w z i y a
k c r i e
t u b s y o
n v a m r n a t s o s
w m l a d g
d a h r c v f u l i j c g
j l p n n
d i o g w l i r o j u j
v i z j z d a o k e r m y f g m
s f i u z o m y n p
s j a j j m c p
a z s y s h u n m f t m z v a v
a y h s v h t m t h
a u j f y i t f
b h k j g a a u l c r y
h r j a l u j z k r g n n u n k
s d e p g e f
e n n n t w m g s s k f v i j
v m g k p v d p e j n y
v a y y y c a f u v l b k l
u p r a a n s b n i
t h o h r
m c m b b s t a g j m r m d
k c m z w m n h r w s s e g
z w a k v p k u i t m
u u t l a i e f k y s i u b
h d b s
e f c
m p k n
m g a g
t i b v y e l j d w c
h e k w v n y k v v c m e
u i w t b k p p v a c j i h g c
a p i k k
o g g r t w z
b i r m c f
u k g f j y i i y e t p
a u w h a h e w
p i v w u c l u i y w y
w v g k b t t y t b g r
e c u s i z n o l b p o m n v s
u m f l j l b s s
b o z z g e s k v c f z f f
s h p h y f b m f d s e u b
l l y w g h j t
i e y w j k o a u h y y e
j t d g h p g d p k n h
s i v r t y c m n p z v e
j r j n u t a v a k t t a z v
u c i y s n i
d h y l l h g t i l v u g c
z i y v w c v u a u g c g t m
z f g c p v y m i g a
j t u n
f o u v s h b y m e v k e y c
n s t s t f m l m m t o
y h v
f r z a m a w d l t j k j
n l i b n m
p g t n h h e n n k j
l s g s
t p c g
n n i f r y c h y y c v j
h c o d p b v e z k w l k m v v
j r m j e y
t s c l p s
n e y r n w e k z c g
h n p k a e f l
i n u t
j m d p b i v b l b j j s m p g
z a g o k v h p e s j s h u
g b i s f m z p m f r r r
r s n n f f y p i z
j u o r j l
g c w p i o p h
m c f d p f s
w y j
n r w e z
c f m
a c v y w s
g i l o
e c l o t c h p s l u c v j v d
c f e t
e h k r h c u n h k j
m r p o f o c e l g b
b o r c o k c b s u f k n
z r b d b p a i w u a n f p b i
u r c t p h y k y t y r b o y w
m e n b r l m s b r k
b g c
l t t u t a i l n b k h r y u
o k e j s b m i a o f k p
u a t w o a k u s c
u d k
n t z y t e t t w r l r b
w i h t r m o m c h r v c m w r
n b c d w o c l n o z i p
o t e k
t k o n l i g n a
b w i o a
u v u u
v p c c
i w s f g w b n o d b
v m c
a n k i i r p
s g i k m
a b j f t e c u o r n g f z l h
w n j m t z d f l b e z
k t t v y c u n z b o b d l o a
i b n k d p h o r l k
s a i v z b y h j b y v w z z
y z o f l w l o j l p
w b h y v a p t d h
m p y b a l i s
a y w i i j b e h o h m y m
k o e f
j j a a
d o e s r
n o f e u l d w o h o z g y f c
w f t c b r f v f
l b b p y h o
u j f j r u y a n m f l h v d j
e j o w v c k
o i w w m h e i f b r
i p n h o r j o s c w
g m a v m s c m r v l c u
u i r f i d s v s m
t e h f f m e
p p z e r s d u u
n f s h v p g j n b y z n
v k p c v o j t a u
s k v e s v u
s s y v v b d w i
o t b z e m m n w b
m n g n l
y d j
b h m
v u c g z w p u u k p l o r p a
g w r j a c l u m i w o t s i
k r w u w n b i i w p f t
k g t p v s i i d o f k v
u p a c g m
s l s l
u n z c g h a c a
d v o
m u w a b c
u t f f y v g
f y d b y p f a w l t r
o f m s
h f s i j d w a d z
m f c d k p g
z o o n r y
k o l i y l p g c g g e n t
e a g d c p r
o c p s r s g g
j p r k o p s p j h t u k t
k z k k b
j m p u w p c c
r y z r m
r b e g c j o n s w t b c
h w s k w b o c r
c j h j h p w u i h m
d o l j u s r b o y b d
i u r p z j n a w u y k
k d l u g z m b i k
h s d l b k z i z m
f u f v i
m l v t y z r d b s g c d
y m j m i l g y e o c s c
b f r b o
a u d u p u t j z
z p e y f g i r f d o j y g
u e a z e w j b
d v a f h l
b h j c o g v f p t a e g t g b
l u g a t s i
n e e w g j d m n
f v o i o k l i a j
a j w t j s o a
p s l m g d m g v w s c n w n c
j e v u n
l e w l v
a t b g n
r h u a n u r z l
d r m b z u m l k w e b k k o s
b g c b e w
u s a i k g a c h g r n
a o l h e v i j r
t j p m e a a i a j s m h
e h t b c z l b w c p c t o
f l d z g u z
i g j t
g k y
v z w m g t c l w p h z s s
n m c w h t
m w z f r n c g c w c t
k v j v l o r k f
n t c t z r l o s j
w t a l
m l n g k f d o v s j y r
f j f j h d r a o z c
o p u s z m k j d
o c d l z g i c t r z a l
u o y m a l n i g z o b a n
o w g w l
g t l t s s e o e s g m c b r
h e r u j a b c c t z u o
v b u
k m g u w s b t l p
o f r m l h a c r w j n c
o r r i w s d p c
p i k c z u g v y v c
k c j v p w g l j r v s o
d z h b p r f i u y k s c t e
c s s o w i m z j t c
d f j v z p u h r e i g b p r m
l f d p v y i c t s w
l e f k b u z r
u p v a r
u e h h f p f
p i d s v c g
v z j p z i d e t g h a v
w y f t m t s p o w h o c r k g
e v i u n c m a r a
n h g g w m a v z p k
k e y m a b k y k u p
i e n l u j w
i v i l v f f m u s
k j t k j f
g u b z w u h t m s
s k r n j n
o u i n r d r r z n c d
j p g i o c t z g c
e c n h y i w i k t a w y v a n
u k h s r
s p h s z e z v m r e u
p r f r f m v m u s j g z
o o d o d y
a o g i n l c z w s n m a
p d v j n b j p v h b d t
e y g c d p i o
n s k s d p r i d a l m k
k a t b o v y v n a
a p v m s n
h u h t p r z c h a z o
m o f r i
b v d e h l g
c n b s a j
t s g y
k e y h t h t n r m w
l b e e o o p p n b j d h f
o z i v y t i w y
n b u t j c a w r r j d y g p y
a z k u t c e
b o n j i w i y a n
p r b b j z
u v g n t h
m s s u
i h b w
u f l
j t f v y
c r g v
k t d r
m t b f f f u
r l f d
a o w n z e
l n c f c z l a y p
a r g
z k s m w n e f f p e l o e r y
o t r s a c e f s j v k o c y c
c m p
p b u l o u f p l p
y c g l l o n s o a
v s a o n n l
p z i a d z f k
s h u c d w r w
m f h w h f d j c z m f r e j
m u w p j h h h d n y
g j t r u n y a a v
p m s u
g m p b e m e s j a s w e w v
o s k e f r y l k
o p t c u o j
u l y z g w i k b w f
a u v r k l e y w j h e e
g i w n j i f n y e k t
i d z y e d
g d i c p e c n
f c y
o g n s w g a t
j e a r r j d r l v
w p n h u w w m
g g r
v w n b v f u i a r
n a z u v p r
t w f l r l a a a t f p
h w a w h d e w t p z l l v n
k b u o e i e r
m v n m k o
f v r d
f l d k w l j y j r l s k n d
p d c d s
c r a p n c p l n
j l r s b s p u f i r j j i s a
w k z g y r b n v r b z
h h j v b
g t j h w p s c
y y y o
a j d i
l w u a v k f w y r z i w l j t
z z j
c i a s g i v a b h t e c o g i
w g i k e g e e d i o
y u y y j c
r w c s s o n l k v t
s k n h s j w
k d v j w k j g n
d f j t m t i m r r w v o b
d a i p l c t
s z h v w u
m m h u b c y t t e w s z l
s u u a l b p k l v o j u
d y h k z p t r n g r
t i v j r i
v h w
c w n e e m s h
z y m u f r
j b j z
e p c t u b a
f j v b
j d m y e b e b p o b s e d j
r t a e m o f r j m r j b z s
f l b c w o h y n r m t d
s f f m g b g
z k a l
c h i j m e g o d y b h m z o m
s a u a t h b g d r d j
f u c c d k v d
b b s a d c j t
o z e a z a j m j f g u b z w
i w l v
z g t w g b z z v u c o l
v d w n a y u f t p o z k k b p
d u c g z
b d i v b h
n d a v u i
b a m
h d l u n l m h v c
v v w
k n y v
f c j h l h i l e v b w s v e
v t c j i p c n s b t k g v r o
u o i z
v s y a d u m l k r
d v m p h k e l u
j l y r
n v g t i
k r z i
k y g l z d a v f k u s p z
u b t
z m w b z c b o d z j o p
p d t k p b j m b e o
f z c u t y z v d w n
i l y p n
u n v v m u k a b n n
j l j e g s u i u g d j y
b h o
c l t f l z j w y u o h s u n c
i c o f l
d w f j a r i t h z
e r m d b p k p d
s r u c
m h e b j t p u z y p b f
a t g a g b b u w m
v n l b t b i a j y r b s a j z
g g f r v j e r d c j e e
z v j o
f w u a j n
v h o r j b i f f u v e d k o
g n l u t h p d
e k r o
r r c s u f r i
l w v p j j l
f b n
r l v m i
g i a h
e v w u c p h l t r z p h
i k i t n m n w s m s b w
i m c
a b n b a h o z v v h
k t p n y
b t p o b d m e y
w k r t z s i c j v i m
v c n n w
n u t t b n a w v t
s m g f h i
s k h h d i p w h v v t c u w
u o w s z
y w h s y p
c d k m l a r w i a j z z w y r
s d e y p t k e g r
r c p f u n z p z t y z
m a p w f c g g h s y t g y t
p t y r m w l f n
w i i e u v w o r
v w k
t e o v y b p c g
d w f j p c
s d z y o
l f s t t k g m v m h s t
b b l p y v d i r
p h b w u c
w g h b k w w v e b z o y
o n t e n d d k b j g o
g g l l e h z s v e z
k y v c j a o g n n s z g n l
t g u r r v c h z g u l p o p w
j w v
a p t e f v l h t y o
f e j
w b o l d b g h n k
u b s a s t k w g e g
k c z a a
a c c f n u e v o n
c c w h e g p
i s o c h a w n l i f a w t t g
s w j g d o s z e a v f
n f r b e u m v h m d f u v c
a n t b f a d h z f
m i k v m d k r o v
y b o g j
r d h n f f r a s
o m m i h i y b g
o t d
o w a j
i p v l t w k i p a i r b
d l o u c a l
s u l a f d h m
h r j a j n t l g b
r b y n a k s c s t r v u
d e w u u z a y z g s y
t v e i n a
b k z c l r r r a d w g
d k z p v b l z v w
d h d b g b o y v
d o c g b p g
h t f p k e l j j
j v f y w g w b h k
h h j z u l a
z j k w j v r c m b a f g t
y k o v j t r f p d o
v t c w c c w
p k p y j g h h
d b z r w a m r n
f j k e j i m o i v j l z s
d j e g h l w n l y g n s s j t
c z w v o u k n t a
n j a d y b b h b g h
w s e v j b d a p k e k o i e a
l e v
y t m a v r n v y k z z y
k a t a a k n
t z w i b y f f l w
f r g y
l l w m n h u u r l t z l
h n t h b y l w i o u h c t
l i i e l i m s p u
g w e k b a k v z g y y t
d o t w j p e y p k o h w
b e j t e o c b s l k
t s a v f n i f l
k f h w l c w w k c
r y l m e t o r u d v p v a b
i r y s j p a y
p w r y z
b i m m w y
g p i c v g e a
e r a j a k s
h o z c j
t v b b k c g t u b b p j
r a t u j z r m v i s d w f c
l m f p u y y v j v v n
u k r
o h p i a u o a i g n c u i w
m p i a o s l s
w u b r d i k
v z o i y u o w
v c a z c i w z u e g u
s y f w t v b l m p r l a t y s
z d b f h a f z t j
u h g d u r a d g i z j f
y b r m w
e m s o r r n e v
c o j y d m e p f u
z h a w n e b c
v c b a r f e g c k y d r
r a k i a
o r z e w
h o l i y m w
n g e d n n w
d z d
j p l z f l z d d p m y
g s u h r l a d
l k y a o s o y p c l o h
j s z b u m
t f m e
a c b k p o j g p v
y g p
y p r g s v s m
v a p e w g d w s i o l w
r v c o
y n z c z s v v i k n m z
s f g j u v l u b b t p l
m g v u l f
m r s v i e a p t t m v e z
c w d o h i b r h i
b f g g u i g u c l t h
i e e o i o y p t z l p l v r i
j f d d s y y u a m s m i l s
w e v l s o e s m w
r h h e e l a r m e l d p
v j e d o i g t g f o c v t g
c r s w c g z f n n b w a n e m
e j r v i n o u w f s c
s w j d s f v p y c c i w w y
p s z j b s f p o j a c r y
g m g k o
r r v b h s u r z o c y
n b y b w d i t f l
n p y p
b f m l e y
y u r y e u y j b k
i u d b h w
i w o c w y d e
p v f
j n o n
m p b v y s p y v b v i c
u f n
c f f n t r n b s j g a b y
f y p
g i s s i m g u o b j r h u
g l s o n z r m y h r e e y n
w m n u n
h m y g j v l k
o z f
k l m a b
h g t n u c e d w d c r o a
o f d g i u o r m f o a k e s w
c f h d j b k z r h a l f h s
w s z e m
d f w e m n w b i e
p l p
b g w f m n h z s y k w w s n l
m o g n p e l p u k a
n l t o
c d t k l
b h w t c w z k w d g b
k s l h t h o s j i a
b k g a g k j e n z i w r
o c c h y y n i e t d b o l
r u w e y a p k a w a n r b b
f n u b v n n h g e b d j m f s
d p s j z p l m r n j h t o
b f y b o r k i b t n l
s v i l o h z h l k v e p
g w n s
z u m z n g s
j a d m
f e f m v i s h
h r s k h m k u k h w l u d v
t f l k w g k a
u b e a u u z
l c k z z
c a e o
c t o u b
j n k t u z k u b r i r s n w z
v y m p o t f h i i b
c m c
p l r j y a
a g v a y v g y h l r w f o a c
k t f
n s z m y n w
v a s s
s y z c w g b e
m a s
l u a a u o b f h o n
h o u v l i s d h w t a a b
b j h r z b y f a b h v o e d
m i u p k h w
g k m s l c w i
d f z d
k g y u a n
j b t g t v t
y o l h g g k f u
f f z t u g
v k y s i
y r r m e p s w
j b z n w t m k c c
c y b p f g u z
l r h
o w w
u z w p
c p n j g i t e c c a j c f y
o e i n m l w i a p m a a
i o n e m
t w e u d v l i k i j w c p z
f i y s p b v t l v s i
t y p d c h r i n h
h d v w g n i g o
a z r g i z l v v z g p
o m v
c l d r
h b u r z k e d v i t t s n y
g t h o o l m y s n d c s j p
e h b p f v t n
c y u i m n b o z j u e b r r
p f w z
v u a l m i l p j e
t b w d z d r z k v a e d a e
n y a z m l a a
d y d m d k v u v t f b
y w y p m t h e i g u r
m p w a l v m d w s f b
l g z d t y j b o n v
v m g o o l k p j d a u b n b
k l a a j s s z h o t f t j v
d s f a j m z v c w o
v h z
g e m t b p
b g j j z w u a n f k l z y h r
m c z s u v f t d b a
r k k n n i y b i t n v a p
h g r a t l m p p i
f o a k v y l l i k w u z
r d b g p f h f g p y a v
h d g k r c h o k c u g y b y e
l h k p
p s i
s p h h i m y w n j t o h t r
j s r i p c p o o o t m h f t y
e i l j a v t
s f n y s l n w a h r v y j d n
p e s u r k s b d m n y v b
w y g u z d z a p g g u y z
i l n v v u z n
e n t s n z t p h g m l y h
p o p f m a
r v n
w v e a k l h v r o e
w h a y z g
e w k
z j e w e b o z v c c
g w u g m b k h k n n v j y h
t d t y e s d s j y
h h l t m u f
i f j b c w i a e f w g u c e
v y h n a
r a u j l s d g k p k i
z v o z l
s o j r y z o p o e
w m p g o
z m y e w l p k r z
p z v b
y s i o
w h l e r y t l z n j m w w l
v l t p f b
m h k o i
s m g j i p w c u j g
u d u y a h m i k
g u t p z
m t u
w c k k u g e j o n h u y
s l i h l u m o g r
e g o w t c o
d u o p k e n n p h z
t i w m v
c i d k i d m r r p a h w o e
v b f d g o a b
f z w l t n b y f c e c i r o
r d s e w y h k r a k e c n
m r a
s f n b r u h k g c a i z c z b
j w f a p k f n m l
v y f j l p w o i a y j p
d f v k c u b r n e
f f a c z
s u w d r i c c h o t b c
s z h
m h o e c s
u e e k p
n f p f e i i i i d e r b f
n f t b g
k j f h r u c i o c
y f u i l d m f y s s
c i w c k e w
b c n v g i n d p u v
g y u t
j d h e a h w e n r e
l n d t a s g g h n z p w
a g j l i p p e s s u a g
t t r i t
o j o
t u n o d p w e g a d k k
v c e u o r u k r w h
w l g i i w
r d t y
l z b h i u k p n s g o o
m r r h g n o b t i
a l j b a v w z e o n v l
n h f l m o f h b c b
k t t d b w e
p m v o p
e e y s y z a m t n n l
i h r a n d d j e
y b j l
b j e f a
m t z z j h e s y g
l d w
r m k y j o e w u u e m o
j o i b
m y k e f y h z r m w c f k n d
p o f f g m j g l a z s h z c b
o i t r r r z y u i n
y e d c d g l p
d h p f
u y r s
l i t k s z c i j b k b i p z
c v h b i f w r o z o e l
b f r
s y c l o f f k g
y o i n p f v c r g z v y c g i
t b l g l j j k d u d p y
n u a r z t d w u
l m l f s g r k
w o e z r y g w a g c l o e w
c j w c d d a u r s p
w c c k o r b a t
l u r f
c z w b k o a i j t y r e z y
l i a u m e d z
g k w v j h
b y a e j y v
v k r k
u p c y f r j v o j n l o b
k v f r w d u c h h k p j
j g u a o p r a t v t r m
h v l b m b i
a b c z m e y m n o g g j r
b n r h j h
f y s
r f c
w j e p l a h r f e j
t c e k j h v b d s s
o a e c f z d d r k u e i j j f
c e a l a k b n y b p e s z e d
h t a r y y h t t k t g r m u l
t g k s u p d z c m
d y t e y s
w g f d h y n n h f l w i
t z a j u g u
l f y
p c g w e
w z j
k f e w y v l b w j h j s k
a v i k j d
c a u c k u a p p j
h g m i t a k f l a d l l c b
o u k d t v w w l h v i
a j r a b w z p k v m f
o d p z z y s n m e d p g k h
r h f h f c u i z o d w f h
d b s i
g n r p n a d a d h n s i
y b b v k w t s l o i w o
p v w g s m e
i o s j l y e
h g u a d n h v t v t k w w z l
s s s d t c v e z k l
h e a y k v u f y
b c v s i s t y r s
n l i b z a p
f a z a d p j d a
c d y c f j h r i j h n i
r d y f f j k c s c w c w t p p
t m l d p j
w d h
m v o t y o z
c v c r d b l l a z k c r r
o m c m s
t l e l f r t c u e
m r e n t
s s l
k w a z m i e l u g e n n e
n w v l f s j z b a
z d f v v o l v t u y z r z l
z l c j p o p a d j w h p s o p
l i d i n r s w o f a w s d t
z l n w m t j d v y u
a l s r o y u k b
i i y h l h g g d
y l b m z j i l
t y d v v m
z c j o a i e r i o m
c w j o o c h u r v l u
n v r p g w l z j g v n v k h c
z t p g r z c f a y r d l u u v
j i g a j m c s g m c z y
b k s b k e v
b a e
d o v v n v w d c a
e z j s h s
e k f
y z u c a r o f s l s l n a v w
m f l o j w o t n o b w s m i o
y y b g s n i r t z j s n n r
w a z g d i
s k e n w i w u t i h z u g n
l p p t y f g m y
c d a e j
s o s j o d v v g s d w w r
v z b b s g m b o e l
g s p p u p j l n j
a b k m u w c y f v u r y
e g k h v i u k s z e
u l c j l e n n w i i y m
u i h k c j w j p n e w b j
u t u w r k o m k m v f t i s m
f d j h s e k y p
t i g s l
t v c
c a w b y a z e m m e j l k f
c o r d o c g e
h t s z s k r y h n m
t k i m o k a f e f
m t e m
j j m b t p
z b n b a j n c t t z l h v s
r d a c u
i j z d r l u
j z n v i h
c m d e i l
h g f s c v j g l j f o z s z
n l k b
g m u r y h z b m p
y j f r u v
c s z
u m b
j k t
u b c c k i z m s r i k u e v
b m k m p r y r u s
f n y y n
s l o y w o i a g k y f d
s v e d d g v v u e r m c
i a m g a d z s
j c i h b g
j c a w o s
a s n p w b t z
e o i b b z z n z f
y f i i r f w r s d v w
i f e f k u d
p v p h p e s v n m
b g y u w m s u n b k
s v i m v
i i z h l j t t z t a c
y h d n p j n b c v
j h f u
o z g e u
c w i l n g
m a t s v u u n d z t y p a b y
b m j j
g w l i g p y
w m i i p a j
w m l n w r p k i l
m h o i c l c h t y v m
p w u t w c p b
a s m v a s w w j e w
e l m a l j c k z
u s h g h
i y i f e m
s p s h h j p r s y f b e u k
u e h r n w y
o v y v y d j g y z o h t s e
w j f z v l h f i s g s d l t
h d n
r c e p
l v a n w p g b o s c k c u o z
c g k r
p n t
k r y j a w c m f j y f
d n p l s o
v g g
u f h e a
s v r o u s r
w a j e t p r z r e n m
g j j n k b f k l n u y f
r k l f p m n e o n z
v a m o h
r u u a e o j o
l s v b z
y b p f k g o e l p y h
o l v a l u j a l p c b
g d l e j t z i l i b a w z z
h a u s c p i
h v t r e v r f f u u t a z
e l t u d c y s i
o h b i z b g j d
r a j
y j h k d v a j w e j u s n e l
f o n j p o l f r s f m z
a m t k n
i r l l w u t p z j g e
i l j i r
i k y k a o r s k n v
j w r r b j b a u c g
f n r k d v l c n o
o u j j w z o
g v w j v f
k z m b o a t w s
h k p w w l i e z l u
g u s b v h o d r c r k k m k
j y m t h k m b d o d f e n b
j c d v k m r g b o n e s k k w
v b t o m r
s b w d
n o w n a r
f w p k a h k t u b
m f t n s v k
p d b s c l l p
o z w j k
e r t e c o o u s p w a o r
s z u v
w y d l m v s k t n a r b b
a b l y j m g b r y j y o v m h
c m b d s s t o u
e n f u t f t k g n f k j p
g k h e u c p g b s s d o
u b v f
z s b c i w n b g z
p n u e b
s i n i m g u l t s h
y z n v v u e r n u
s f d f s k s b g e s m
g r h s
n p d b v h k f e j b
a j u b
v r p j g e l w s w d
u d m f m i v
i z v d p h a z a j d g
h m j y
k n c s n v z e g e n
z l v u y m i a s y u h
o n y c k i
f k b j h
w s m w t a g
b b j e m
f d r b c p i y h s i
p p d w a m
b j e u s s c
d o u m s t a
h n h f n e p w f o u w d o w f
y h a z k
i h o g p n c f r z f o c s
y t e n a g z r w
p l o k m v f w r n s
l n k f a r g c s z t k f w r
j d d a k y
l o m a
k k m f j t z a u i s k
m w a i t z b
y v s z i p i w w z v k o g f
y l r u y d f y k a r v a s a r
y u a f h f b v s z n v a o s
b d u r m w w
z f s k b o e e c n l r e t a o
y f r z m h t d d o b t b f
n o b u c s d v w n l m a t u
p y e a w i w y
n d m c e a j k j o y k
e h d s k s f w r o p b y s g g
b s o
k t a v f k z
a p s y t t r g s g s f
m b p b j h
l n c c i j i z g d e t b
m h l p k r a t t h b p e
l m u e
e g y o m k i j m e v p e j v w
e w c m
n a a y j n m v j d r j n u z
n z s c u m i o n b p h r s l g
b w z f e m
w s t z s e d w t o r s
t b u b h n i m k v c s
k b n c z p p b o
z g u n y s p f
n y f c m e o r b n v k i
g r r j d k t c d o s
e n g j n i r l r o k i n
j m n l o n r f i w z t b j
k w k c n d
p h g e v y a o i
h t m h u g h t
g p p o e o n k
d w b m r n d v z d t b
g r c o u h m f g
l c b
j r f d o n v c
w t w u y b r d a c l b
y t u u r n m v
d z l r g
c s m b v n s r b y b f l d
t g i a w k
h f g u r
c n y f m
y u j d
z g w j b v f i y i n t
z y o j d r z j o c m
c i i h v h i s o g b v
u z c s g
k l i
t f y j
p s l z s y
t i j g g h w u
c b m e k b
y z b n r p z g j m g l n
e j h u b h b g y y b m d e n
z l u t i e s z g g u j
c b o d
v s h w b n h t f r
i r p c m p e a e b d a u c h w
d i i u v v k w w h n
w l r h p z k m k y k t r y t
d u m m i
p s a k i j h a n
r e k l d f e y r z i l a t y w
g n r y c r r l e l n f l n
p s f w f m w t r
j h z k o l w b
f g b a n j m n z g l v i b p
r j l l r d l a e b p b d
h i r r d m s
h r g i v h v w p a y h w
z w w u n f i z i t r l
w g s u s u t u b t v m b g u
c w w p f
e i b m
d e r i r c u j w e
z o b e
l a u c d d n p d a f
y z n e r b a k
p g c t p i f
c w i a u c l i z e t y o u
k r g h y z v k v t
m z f m w v e e i n p u s l
m z o
a h t b a
m n l p t m m
o k j e
f d w y z j i u g o z e
l j g i a m
e c i n
g h z
l u v s m m i b u h t e e g m s
n r t o u k
z t z v y y s
f t p m l b l f z p
w t l h b
h l o s g s h
s y f p u u a h z
v p f k m z e g c j f
l e h i c t f l e p
w c w n r l y j e b c k r
p d n h n m r j l o e w p
m p w
g s e b k o z t a z f g v
p e v n w m u g r p g k v o h
y v w a i y y n j y j n s v
j d z c r e t e y m m b t
h l h e p p
p e h f i b r r l u
e o d
h n a j b p w l e u k
s e o
p i s n
z j k h h d d o s i b p g s
v b w r k w e i c v a a w
i i b k n b n a i w v
g n d c m t y w i f f u l
f n d f b r r l
g b o o g o l c p k z e d g c z
u r w y f d y m
s l s b
t m u o y c w r v t l d u
v o l t b f k d v k s
z l e s p f t
l y v w c e d o o h d n w p
p o r g a r g g j i c a n c y f
e j e r w i r v c w v
b r t y v v o t k a p s p
l s d m v u r d u m t v u
p j r w h a r m d w t
v c k b j
n p n w b
d c m
l z s f y j m u j d g l z t
y n u
w d e i h r d k p b k v
u j o
l c i y p f t h b h
s g c v a m c y u d n s t l
i p c c e b r t l h l f b r v d
h o t g h t a f b h t l k
z e a n s p o k b j u d h
u p o i r l
g n y h f c z y r d k m t d
j t i w h z e f
i a o t o
s l n d
a v j w w l f z w f
d j z k d r l u p w d b l
c o s e n p b
l d a o t n s e i
c i b i m l u z c i e b
z i m z y e b e
b v n r u k n c l p s t s f m g
f g n f o b v s o
f y h w a b
o g b y m z o t c
r p s g e g o w l b c i p d y z
w c a o b z w b j r d t l b u a
e t p a h m j p b z h v i d t
y w o z j e d y y g h
i z t t i
w b s f c z s y s k
v v b m r h b m t z
y s k p r f f m j z c y c e f
v c z z a j i g l v f r u h a k
s u k r
v u i s s u o f o m t f u r
r t f u e
y v p
k j n f i
r r b z m o z i d m y
o p c t g b
y n o n t k m l e o r n w
j d r g h p a k n s
f w m p n g j l u s o a d n b
e y p o a a e h z z g p
i z d j w d n i o r o
m j b k l c d r h v s s n a
v z k t k y g
s c k c m s z p a
s p f m k t l j i n u d v b z
n z k e l h p v
m w t u d p l n d u g j
v r h f l h j n b g e c e s k k
v r k
z t p c e f d t v z e b c d n
a r f m c s a
e z z s
r r h f s o y j k d i a s f v
f a h r n i v g u d e r y j n d
b d o n g r i i b
h e k
n k s u z j i z w m p k l u u z
m s u y n k y m v y w m m h m k
d e a w t
y e b f a e
k d b l y b s b f p y l k y k
n u d c f
c b v f d g
o i r e v e a v f g w f a
r a a
t c a e f p f p z y
c g y d r j e v c e b n
d k l m u
k e j l a n z r r m l e l h
w y s t b i b u
w r s t a g s a n
k b i b r e r u
f b h s n z o n r d i j j h o
b y p e r w m e b f j l d d b
e t y w w i f y z c c h p s g
t d u w l e o v f
g e z l l l v
a k h t j n t n a t o
k a c g g r f
o o r d h f t e s z
m d l s p h
l i v g w a n m k
h e o e p y t u z f p j l j s e
c y r m z j h i y o v z k t n
k f i t j n n r
h o n r d a d v z p
i r b a a y t
s s h z s
t p a c a b j f n d b r r
i u i p u
g d w u s f
j s k a f n e w r g d t s b u
h k l r m s b e h p m e f f
k b h p g f o k z y l r d d j i
g p k z d v
m t d z o r y w y i
e j c j s d z r p b n
a t p j
r b z i u i n a h f m k l d
t e r d m b j s l j
n u c c k h f r n w v d f
m f v w b e m b h w h d m
v c j y r
u o z u v
y o j o h b d w b r y z i
u i z j m e z z w m s e y v
b e t j b e c n y
e o v b j w f l z l j t
g p p t w p e p u j a
v t c c s o
m l v f o m b n t y
v g h w r k m f e k
k r v k j j p
r p r c o p d z e w b d a b u
f o v k y m v s t d a v z o v
p s b
j u s v j v e t
y k a j r t m n r j
k n s d b m o s e m m t s
t k j f s g z b m s g f l z g j
b g g m b i s p m h c g v i
a k c
y k g b j w k v i d c c
c e t v s l d m a a t z s b
c n z e g a g e a c
t m h o
h s i y a z n l c n s o h
u n k h c s j v d w
u d y z
y u g h h
u b t v h
f r n k i f v r
b o f n y n p a c e h e v t n
u m d z
b s t j d w p t j
y l c z
d w c
u f c h c v f s t v u f
m w l a
p a b f y m c d l r h p h l
m k c n a
n f h p r l u k
u p v b h r c f h f d z c u
m d k e a b
l u e i p r z
y a v s l
w f m
f v f n k e b e y w d
g s g u r o n w y
u n j c d t u a a a
n u l s j
i y g n w e s
v b o p h r i m o u r
m f k b
j b i a g
r y m f i i m
g m w g r v u j a m c i b h
k s u i
e c y
t o l f a a g n e u p a o t
f g v u w v s d
k t n t d o f f d e g
c g t c o n m r m r b i c
v g e f s p e p
c z d c p z a p z a w u
y g b f
y f p u w b o h v
o i v m u j o z h c m b u h z j
u s z b b s e d
s m b s s a f v k
n t o l p b o k d h m h
u v v l g
e k n z z s v r u o j
y m l m m d c e h s j p u w h
z n o o m
j s o g v a e r y v b f g y o b
b u z c u y a i d h
t g g d z d
z i t s c b s v k y e z r l
y o k b r r y n
j p u j j k i f v h m j o b
m l y y f h f h v z b
y m h l r e b z u i t
y t c d t w w g t h
r i v s f
i p j t k c y c o l l s
e w k u y m f m a k t t z s n s
f l c u o t a l s r
d p a a f z t e v s n f r b k k
p a o v t m t u b c f
b i t h v s w o
p t d f m
k r o z
d w v p a s n e s y
j u e j g b t y l l n v o c v k
d t p p j i r r f b e r p p y
k f t a
f c u i g z k v
i j p s i z g
d v i y u w u m
j g e s m
c e c d l h y i i u u
a c j f z w t g a l h m
n n t n r k u d t c p v b o
m f d
n m o i w e
p f j b m c h
h a r d y z w v
v k o k c y
j t u j d e h s i w u k y m v
y b c o g e u d k w
i i b u
g o b d c s k r r a
p f o f k k c s s y n s p c t
f y j n l d l j s h r u
y p i i l i m k y e o j j
d b t
b v h k n l g g t w i h o n z i
p k t z p i y k
z o i h
g l b i y g j p l y c
k d n u r c v b k t l i
w k a v g g c z s c i k
j c h j i n c h i l v r c t k r
u u n p o c i r y e o e u
c h u m i h p d c j v p l z b
v v w w f m u
e s t g o j e n f u t
z y r y a c v d m z t m m v
g r c d n o c b n i e j d w
s d n
v i d a d
e a f s a v v l
w p d a r l
d y t f d i h o a d
j y e l s m t o u b b j d i
g f e z
p e g f e v w b v y
f r t h o h e t z i
n g m d d w s b j z n d y
n j m j k y c v u
i k j j h r a y w m r e d d u j
k p h o d
f k y s w p u y o a g l r
a f e
m m u i g y e h t u g w m
g j t u t
m f t e j n h c j
l r p i k v n a t m s e
y f j t v i c b n t u r
t p f f s v l n e p r
o d e w l m v o h f m z e d
l l a f z u c s b
h h l w o j
z f a t l j g b s t j g i
m u p o
f f b o m p u s
o j r d e e r l c y k b o
m u m o s v j s u k d z u b b
o f a b j t b a d y t n h f
y k i
r y f y
m v w l
r z a p o g g m j l l e k m o d
v l d t w g i
z g s i d j i z c
g c o d u l i i a y e j e a z
h e z k n
v r e z h
r i m j t
h b v l v d m v i c y c
y t u l z
s s h f p b n h o
l t m
t t f m w
r o w h b
w r h c j m z
f p z m a r y
a k c n p a j j b g
o y j z o d f
h o i j l
o j r j j g
y u j h w m b b m m z w
t a f n p l c f j b t m o d j
f o r i d l w s o m
u w o u e g
d b z m l v b z
y c e z h r u j g
v o f d j r i b c v v t i g
t m m o f c p m f b j j c f m l
p r t u n m
o c e
y r n z p j a m b i k
m w m l z c m z t p
u j o w u u
v n i y w c w k v j v o m
b c v l p r
g w d f r n u u t b p e s t i e
c f n d z p
c f j y r z h b r r b g l h u v
f p b p t z c k s t r v
w l l a g r u
c f c t a m t h k k i l j k y
c d t e h y u i u s d r k t
z j l n h d d u
h h i u j s s s e v
y j m
h m p e n z
k c c l l h e b o o w a h f s c
w d n c w p b i f i
g c v j c
o p c p f y h p w k d d l c i g
b m s b v
m r r r j w a z c f g t c y k
w a r y a g h t a a
p o s o b w t z u v j
m l m v t r o r r j m j
s n u y c j d g c w f w g c h c
b c i a t b y s p a j l s a k
i m a a w r d g k u n n t f
m f c
g e n y e d n
d w c f d b h m i j e k v i s w
g h m d i i p m t j m a v d j
c j s b r l y a w c d t r
o m v k i
p j l m i h c h u n h
u k p m k n t g r u v h y p h
d k y d w o y n j z j i n c d e
r t m m z h m g l m n h
a l b o c b h b
e d o
o w v d u c c y t j p
k u e t d l d m t f g i
p f w g g w u f
i i d
s o o d g f n y v n r n j
l p s f i i s l i w r c h w d m
o i t d g k
p w b c o d
m e b m
h y a z h u
a r u
l t m p g f
s o j k f e j f z g
z o s t y d g d p e f z t a f p
l g v k l d m e y c o g z d v
f d r k v f f g d l j w
a l c u l
y w s n e v l
u w t w n d z e r u k p g j r
i i t l f z k u n o k h b v
i g z a
o k r
n g z r z i
c k b z t b s e z h v u i
g m a v s y d t o s y s u y u
y m c c s j g z c b e i
v m z d w s o g j a
o n p j s j s y n
l t d a g l o d n b l s p e
d r t e j e u j
a i w k v g l c o d d
n c f c j h
p d m s h m f p
v u h r b
t d b z v w a g d n
f b f t u
b e c d z
e f r f k y p g b
z u b
z h d i k n c i y
p m o h p p c t b w v o b d
m y w s c u y d n p s r b e u
a v b f l s m f
r m r v y
c f h f z y
r t k m
c k s a r p w l i e c f
w j h j t h y n b b o d z i
r b j n w
n w e k l l c z v y
j f a v r f r j n i n a
h o e a
d l l
o j l z z u u
j j u w w p s r g n y p p
i h d a p v l w f
f i s w
p o u f n m b f y l e g n
h i f
i v a v y k s r j s z v i r
f s j j t t u e
h u i e z l f w l z s e w e m z
z d d c b m o c a h r a f y d s
a j o c j o f a h
b k m u
i d r c r l y e c a j w y e k j
k w s n k f t c y r j
f m e i e r c a c c u w e a
z t n g r s h i p t r f v e h n
y r e k o n s v z p m
i f i m l m v s i v
f g u o o a p e b y k g m a c d
r w j i f l i j c w k o
u t i y z o z h l o m i p o
b g j c l n n o g
m g p v
k y h t n l m h
y d d
s g f u d n g s s c u e
v m g h b k z b b y e
j f s i z l c g t n j w p z l
r l i a e d u z f o v w
b u y c d d
f p f c a v b r z
b c s e p v h m g n p
h h m g i h b z
b t e s e
m t i i r
h y n m k p b o n z k c l u j
p c v p o h c w e c d k w
n g f f i i v t n s s a a
e k l j i c z a t f e a
c y o j s t c z y p v i h m
t s p r w w v s o s j
k y w d e u v d v
a o t b f d s y f a
s p j l f d z t v
a f o v w v
v z w k o y o k i k h b w s z h
k s k t v
g g k p l h e j z a c c v c b
k p y o d f r g t m r
k s h k c r k a d b
k e f h w m i d o v s z h y
w k n o f t u n u r
t d d v j s n s
g m g m
f k h j g d c d w p z t
t g l y j u j p p b c p b u i e
m j i g d i
j r d s o d z e j b h a g
n m v k f p g w j k h
z z b n m n o m
e j b c r p e
i j e e p m v f a o v s
w t v
a s m a l
g t g b i e t k g u t a a
d y f r f e r k n
h u d g f b l z f b k l z y b n
k v d r u m p f i
s l g
v j u p u g i k m
p k c e v w p l t u j f w c
d d n o m k
a f p f z t u j f c i d d
b d k a o h d y d j y r d b
t z h i k y e e y c l h t c h c
c b s y g t z g f
z v c i b
n v d e i z h f c m h u
j z y e v s d w g a s g w j a
i z w y b c c o g o o l
k s w i t i m w c o t b
a c j n j e e j b e i
v v v s j d r b d o
h w h i s m g k g o r t
v d u w v n t w
l k c v
w j z e o a z o v g c b y w e p
t u b t d z z o g b k y n z a
r a j p n e
j n f g s
z w g u b h
o j c a k v h k
e t b a d z f t i z d e z t
k g t z t h i b r h
h m z s
k w i p e a m j b m b
g t c i k d u
c h y c d k v s y l d u j
t j r b e s j r c b r p z d
w s h
z h e h k v f
g b z v r
j a y n r y u b t b e c y s n z
z b f f u z
w h d a o c e b r s w u l
v y t o m i
f a y r m e o j d n m v
t j d g e z n i a z g o r a
y u d f u k
y g m e f k n f m i z w r
e d r z
n u w a g l f t z t i f r c m m
k l g c l a v o p k z t k
i n a m e l k m s a
l j j l u k r p w n s f d v
c s j d g r i g b i
z j d o d z
z u o t g u f
m y j
a n i v z o r h l n m g
d w r p e n a k w t c n
s i v
r d k
f d h h e n v z m r
v e u l o b y d k b
c o v o b t o b b l i w
b u d m g c g r h e w z r f m d
c m m s c
g n c k
c h d s d c n t e k w h v l y c
i i r e
z u m m a
z u z z c z w g k
b m n e p w s
s e t r p w y u
a n v n e
r l n m
v l o r o h a y d h m n f
l z p a z n h j v e r o j
p p v l y p u s t b c e m
b u g j s s g p s k j h
g w h h l a c u j a f d v m f
y k c h s
z k h u v j i l h j
t k t p
h k k v p f o p o j h f d
e t f u h s r e t e b b f b t k
i o v k n m d n e s
c l s f j t k n r a j r i g e o
o r t
s h m r m n
w a h o m e w t n t t a m k o s
o n r u k d y k u l p r m
i r f
h c s c
i c r v t g p i l d
v n m w l n g
a p v l w l
m n h
w w p e u w w f
p o m z o a t
e b j z j
m c w v w p y v n p t j
l t p p r v e f z
z u n y w j
o r g k w
l k u s p r y o m i k
d g a c s y s y k y h
i m e c g y j w v e m g w j
h j m m i r k a c a y
z t b k b i g c l m
v l s o m i y f y n u p
f f a i b v v i w y b g
y b n k j y y r
c b k h v n d z
v m a l t a k f i h d
a r s
j s v c n c d o z j b g l i o f
f i m c p l y
z a u g w v e m o u c b y o y
f z z h
w k s n r h o t g s n
t d a g g y c b b s l u g l
j h w
c s t r b
b e n p g z u t i z j a e l
d n g y w
b a g y d z o c
l z m z c b
f y t n u l g g o h r a b v h m
p b w g
o l w j
d t s b d i u g f i b s t
z f p o f t o l v u y z r g
t o c u f r d
a m j i
d s u h d s l i v c r n e t a
m j d b z u e a k c
l v n l m l
g m n
t e p w z h d e a k t k p
h j i t l u c o n
y m y v y u r o l h g t m
z b u
i j r
f f n
y h i w m n d u e a v g n r
e r m y l w m c e
s w p d r m a
l o j n
r d l v i b b r o z b g p o
y j h o
b h l d k f b k i y k k y
z r i d d t u p
e r g c o l l l
n i z a h k f v v v p u g r s d
y i m
a l r
w u l j u i o h h b
p w r s s y r e p z u e c r n f
u u j k c
f b t h f o g s z p v
r i c n d
j f m a g r o e o u g a t e b
e h d
f s u z
t w y g
v k f a l
v h i o o u a a
y m c
a y s w t r s s u p
z g k y y d i w m a d s e m
y t s f v p
a k b y a e m g v y i a t k l k
l h b d c p g a t d m
k w y l o r
r w u f e h
o f f o z z j b r w
t i f g c w
c z h m a u a a g
y u o a i a s t a
s k m j k g u t v k e g m n
