b a a w o s o
w o s o e e
w o s o k o
w o s o e e
w o s o
w o s o
w o s o e e
w o s o
ŋ w o s o
b a a k p ɛ t ɛ
k p ɛ t ɛ e e
k p ɛ t ɛ k o
k p ɛ t ɛ e e
k p ɛ t ɛ
k p ɛ t ɛ
k p ɛ t ɛ e e
k p ɛ t ɛ
ŋ k p ɛ t ɛ
b a a d i k i
d i k i e e
d i k i k o
d i k i e e
d i k i
d i k i
d i k i e e
d i k i
ŋ d i k i
b a a n u
n u e e
n u k o
n u e e
n u
n u
n u e e
n u
ŋ n u
b a a ŋ a
ŋ a e e
ŋ a k o
ŋ a e e
ŋ a
ŋ a
ŋ a e e
ŋ a
ŋ ŋ a
b a a ŋ m a a
ŋ m a a e e
ŋ m a a k o
ŋ m a a e e
ŋ m a a
ŋ m a a
ŋ m a a e e
ŋ m a a
ŋ ŋ m a a
b a a k o t a
k o t a e e
k o t a k o
k o t a e e
k o t a
k o t a
k o t a e e
k o t a
ŋ k o t a
b a a g b l ɛ
g b l ɛ e e
g b l ɛ k o
g b l ɛ e e
g b l ɛ
g b l ɛ
g b l ɛ e e
g b l ɛ
ŋ g b l ɛ
b a a l a
l a e e
l a k o
l a e e
l a
l a
l a e e
l a
ŋ l a
b a a b o
b o e e
b o k o
b o e e
b o
b o
b o e e
b o
ŋ b o
b a a ŋ m ɔ
ŋ m ɔ e e
ŋ m ɔ k o
ŋ m ɔ e e
ŋ m ɔ
ŋ m ɔ
ŋ m ɔ e e
ŋ m ɔ
ŋ ŋ m ɔ
b a a y e _ n k u n i m
y e _ n k u n i m e e
y e _ n k u n i m k o
y e _ n k u n i m e e
y e _ n k u n i m
y e _ n k u n i m
y e _ n k u n i m e e
y e _ n k u n i m
ŋ y e _ n k u n i m
b a a t e e
t e e e e
t e e k o
t e e e e
t e e
t e e
t e e e e
t e e
ŋ t e e
b a a b ɛ ɛ
b ɛ ɛ e e
b ɛ ɛ k o
b ɛ ɛ e e
b ɛ ɛ
b ɛ ɛ
b ɛ ɛ e e
b ɛ ɛ
ŋ b ɛ ɛ
b a a t s i n e
t s i n e e e
t s i n e k o
t s i n e e e
t s i n e
t s i n e
t s i n e e e
t s i n e
ŋ t s i n e
b a a t s ɛ m ɔ
t s ɛ m ɔ e e
t s ɛ m ɔ k o
t s ɛ m ɔ e e
t s ɛ m ɔ
t s ɛ m ɔ
t s ɛ m ɔ e e
t s ɛ m ɔ
ŋ t s ɛ m ɔ
b a a t s i
t s i e e
t s i k o
t s i e e
t s i
t s i
t s i e e
t s i
ŋ t s i
b a a f a l a
f a l a e e
f a l a k o
f a l a e e
f a l a
f a l a
f a l a e e
f a l a
ŋ f a l a
b a a f u t u
f u t u e e
f u t u k o
f u t u e e
f u t u
f u t u
f u t u e e
f u t u
ŋ f u t u
b a a ŋ m ɔ ɔ
ŋ m ɔ ɔ e e
ŋ m ɔ ɔ k o
ŋ m ɔ ɔ e e
ŋ m ɔ ɔ
ŋ m ɔ ɔ
ŋ m ɔ ɔ e e
ŋ m ɔ ɔ
ŋ ŋ m ɔ ɔ
b a a h i ɛ
h i ɛ e e
h i ɛ k o
h i ɛ e e
h i ɛ
h i ɛ
h i ɛ e e
h i ɛ
ŋ h i ɛ
b a a s u m ɔ
s u m ɔ e e
s u m ɔ k o
s u m ɔ e e
s u m ɔ
s u m ɔ
s u m ɔ e e
s u m ɔ
ŋ s u m ɔ
b a a f e e
f e e e e
f e e k o
f e e e e
f e e
f e e
f e e e e
f e e
ŋ f e e
b a a j e
j e e e
j e k o
j e e e
j e
j e
j e e e
j e
ŋ j e
b a a w ɔ
w ɔ e e
w ɔ k o
w ɔ e e
w ɔ
w ɔ
w ɔ e e
w ɔ
ŋ w ɔ
b a a k a i
k a i e e
k a i k o
k a i e e
k a i
k a i
k a i e e
k a i
ŋ k a i
b a a d a
d a e e
d a k o
d a e e
d a
d a
d a e e
d a
ŋ d a
b a a t a
t a e e
t a k o
t a e e
t a
t a
t a e e
t a
ŋ t a
b a a g b i
g b i e e
g b i k o
g b i e e
g b i
g b i
g b i e e
g b i
ŋ g b i
b a a f ɔ f l ɔ
f ɔ f l ɔ e e
f ɔ f l ɔ k o
f ɔ f l ɔ e e
f ɔ f l ɔ
f ɔ f l ɔ
f ɔ f l ɔ e e
f ɔ f l ɔ
ŋ f ɔ f l ɔ
b a a j a a
j a a e e
j a a k o
j a a e e
j a a
j a a
j a a e e
j a a
ŋ j a a
b a a l e
l e e e
l e k o
l e e e
l e
l e
l e e e
l e
ŋ l e
b a a k a n e
k a n e e e
k a n e k o
k a n e e e
k a n e
k a n e
k a n e e e
k a n e
ŋ k a n e
b a a h a
h a e e
h a k o
h a e e
h a
h a
h a e e
h a
ŋ h a
b a a y a
y a e e
y a k o
y a e e
y a
y a
y a e e
y a
ŋ y a
b a a b ɔ
b ɔ e e
b ɔ k o
b ɔ e e
b ɔ
b ɔ
b ɔ e e
b ɔ
ŋ b ɔ
b a a f a a
f a a e e
f a a k o
f a a e e
f a a
f a a
f a a e e
f a a
ŋ f a a
b a a h ɔ ɔ
h ɔ ɔ e e
h ɔ ɔ k o
h ɔ ɔ e e
h ɔ ɔ
h ɔ ɔ
h ɔ ɔ e e
h ɔ ɔ
ŋ h ɔ ɔ
b a a t s ɛ
t s ɛ e e
t s ɛ k o
t s ɛ e e
t s ɛ
t s ɛ
t s ɛ e e
t s ɛ
ŋ t s ɛ
b a a s ɔ l e
s ɔ l e e e
s ɔ l e k o
s ɔ l e e e
s ɔ l e
s ɔ l e
s ɔ l e e e
s ɔ l e
ŋ s ɔ l e
b a a f ɔ
f ɔ e e
f ɔ k o
f ɔ e e
f ɔ
f ɔ
f ɔ e e
f ɔ
ŋ f ɔ
b a a g b e l e
g b e l e e e
g b e l e k o
g b e l e e e
g b e l e
g b e l e
g b e l e e e
g b e l e
ŋ g b e l e
b a a t s w a a
t s w a a e e
t s w a a k o
t s w a a e e
t s w a a
t s w a a
t s w a a e e
t s w a a
ŋ t s w a a
b a a d u
d u e e
d u k o
d u e e
d u
d u
d u e e
d u
ŋ d u
b a a l ɛ m ɔ
l ɛ m ɔ e e
l ɛ m ɔ k o
l ɛ m ɔ e e
l ɛ m ɔ
l ɛ m ɔ
l ɛ m ɔ e e
l ɛ m ɔ
ŋ l ɛ m ɔ
b a a k a f o
k a f o e e
k a f o k o
k a f o e e
k a f o
k a f o
k a f o e e
k a f o
ŋ k a f o
b a a k w ɛ
k w ɛ e e
k w ɛ k o
k w ɛ e e
k w ɛ
k w ɛ
k w ɛ e e
k w ɛ
ŋ k w ɛ
b a a h e
h e e e
h e k o
h e e e
h e
h e
h e e e
h e
ŋ h e
b a a h i
h i e e
h i k o
h i e e
h i
h i
h i e e
h i
ŋ h i
b a a t s u
t s u e e
t s u k o
t s u e e
t s u
t s u
t s u e e
t s u
ŋ t s u
b a a k p a s a
k p a s a e e
k p a s a k o
k p a s a e e
k p a s a
k p a s a
k p a s a e e
k p a s a
ŋ k p a s a
b a a j o o
j o o e e
j o o k o
j o o e e
j o o
j o o
j o o e e
j o o
ŋ j o o
b a a s e l e
s e l e e e
s e l e k o
s e l e e e
s e l e
s e l e
s e l e e e
s e l e
ŋ s e l e
b a a f o
f o e e
f o k o
f o e e
f o
f o
f o e e
f o
ŋ f o
b a a y ɛ
y ɛ e e
y ɛ k o
y ɛ e e
y ɛ
y ɛ
y ɛ e e
y ɛ
ŋ y ɛ
b a a j u
j u e e
j u k o
j u e e
j u
j u
j u e e
j u
ŋ j u
b a a w a
w a e e
w a k o
w a e e
w a
w a
w a e e
w a
ŋ w a
b a a t s ɔ s e
t s ɔ s e e e
t s ɔ s e k o
t s ɔ s e e e
t s ɔ s e
t s ɔ s e
t s ɔ s e e e
t s ɔ s e
ŋ t s ɔ s e
b a a w ɔ d ɔ i
w ɔ d ɔ i e e
w ɔ d ɔ i k o
w ɔ d ɔ i e e
w ɔ d ɔ i
w ɔ d ɔ i
w ɔ d ɔ i e e
w ɔ d ɔ i
ŋ w ɔ d ɔ i
b a a m ɔ
m ɔ e e
m ɔ k o
m ɔ e e
m ɔ
m ɔ
m ɔ e e
m ɔ
ŋ m ɔ
b a a g b l a
g b l a e e
g b l a k o
g b l a e e
g b l a
g b l a
g b l a e e
g b l a
ŋ g b l a
b a a k p e
k p e e e
k p e k o
k p e e e
k p e
k p e
k p e e e
k p e
ŋ k p e
b a a b l ɛ
b l ɛ e e
b l ɛ k o
b l ɛ e e
b l ɛ
b l ɛ
b l ɛ e e
b l ɛ
ŋ b l ɛ
b a a g b o
g b o e e
g b o k o
g b o e e
g b o
g b o
g b o e e
g b o
ŋ g b o
b a a j i e
j i e e e
j i e k o
j i e e e
j i e
j i e
j i e e e
j i e
ŋ j i e
b a a s h w i s h w i a
s h w i s h w i a e e
s h w i s h w i a k o
s h w i s h w i a e e
s h w i s h w i a
s h w i s h w i a
s h w i s h w i a e e
s h w i s h w i a
ŋ s h w i s h w i a
a a g e
t a k
t s i e
i a k a a ŋ a y e _
ŋ ŋ m f a
u t u u t u n u k
a a j e ŋ k
e _ n u
s u e
f l ɔ s e w i s
d a e
ŋ y j u k f u t
ŋ f ɔ g b l e a j g b o
ɔ s e o b a a ɔ
a a b ɛ t u k u k o
a j u a w ɔ ɔ
b l a d a ŋ t s p ɛ t e
f u t e b i a a w
t a a y k a ŋ s u
a a h u t u a h e l e e
s u k u t u f l ɔ o
a y j i ŋ h ɔ f l ɔ e
i m k t ɛ k b a a p ɛ m ɔ o
s ɛ m ŋ y a j e e
a k a e a s u ɔ
a i e k a n e g b i o o t a o
ɛ ɛ e k a f
l ɛ e h w i h y a k f l
ŋ f a
ŋ s e l l ɛ k m ɔ ɔ o
ŋ b a s e
k p ɛ ɛ a l a ŋ h i b a a h
b a a u h i k e e n k u i
b a a h a h i ŋ w o o
h e k h a e a a n
s a ŋ n u i ɛ y e _
ŋ j o a a h ɔ ŋ t s s
t s w a ŋ m ɔ e o e e ŋ m a e
a a h ɛ
t s u e _ n k n _ n k
ŋ s h i ɔ ɔ ŋ k p t
i k o b a a o j a a e b ɔ e
a w ɔ ɔ o t a
b ɔ e
y a ŋ m a e
f e a a f a n e e b a a l
s i n k ŋ k w l ɛ k
a a f a
w a a e g b e a g b s ɛ m
a b ɔ o t a o a h e ŋ f ɔ l
t s
a ŋ m s ɔ s e
a y a w ɔ k
d u e b o e a y e a s e
ŋ w o i n e e h w i h m ɔ ɔ o
j i e
a a f a f l ɔ o ŋ j a
l ɛ e u e e ŋ f o
t s ɛ o b i k
w ɛ e
f u t g b e s u e b i e
l e e i e k t u k ŋ l ɛ ɔ
a k a e l e
w i s w
t u g b e e b a a w
k i e m ɔ e l ɛ
i k i ŋ s h
u e ŋ k o a
a ŋ m ŋ f ɔ l e l e o
a f o o l a l ɔ ŋ f ɔ l
f a a e
s a ɔ d ɔ e ŋ h a k a i
ŋ b ɛ
a a e
u m ɔ e a a ŋ ɔ b a a
g b i o t s w
h ɔ ɔ a w ɔ
b a a l i ɛ k t u k ŋ m ɔ e
t s u
k a i a w ɔ ɔ ŋ k p
ɔ s ɔ e e ŋ f u u ŋ l ɛ
a a l m
a s a
u t u o ɔ f l
u n i k b a a l
ŋ w a
ŋ a e ŋ m a
b e l e
k p ɛ b i k d ɔ i
h i ɛ
s e a ŋ
a a j a t s i s ɛ s ɛ m
a k o w o s k i ŋ j u b ɔ
a k p s k w ɛ b a a
a a f k a f t s i d ɔ i e
a l a t s ɛ ɔ ŋ a e n u e
ɔ f l k ɔ e e d u k
t a k s e k
a n e u m ɔ o ɔ ɔ e j i e e
p ɛ t e h w ŋ j u w ɔ k
d i k k d a e n i m e l e o
a j i s a a a t ɛ f o k
a m ŋ j a a s w u t i ɛ k
a g b a
e _ n
o s o
s ɔ s o o k ŋ t s a
g b e e ŋ b b ɛ ɛ
b a a p ŋ m ɔ
a f o e m ɔ e m a a o
ɛ t ɛ a a g o ŋ t e e _ n
m a a o ŋ t e b a a h
b ɛ ɛ a b o ɔ ɔ e ŋ w ɔ
ŋ h ɔ a m
t s w ŋ t s a
ŋ d u ŋ f a ŋ d i t s u
ɔ f a s ɔ e
ŋ s e e
ŋ d i i a g b a
a h i m ɔ ɔ o p ɛ t e
j e k d a e
h i e t u e a w
f u t f o p ɛ ŋ s a a
f a l
k a n ɔ s f a a e
t s w
a j o
l ɛ m a b l l ɔ
a w a t w a
a ŋ m a y ɛ k
b l ɛ o m a
a a d k p e u k b ɔ e
s i n e n i m e t s ɛ o
s h w a a b ɔ w a
w o s e g b o o
a t s
ɔ d ɔ k ɔ i
d i k w ɔ e ɔ l
i ɛ w ɔ e a a s
h i ɛ e j e k
t a p e ŋ y a e k o
s ɔ a a d k
a f e ŋ d a
b a a m
w a k f l ɔ e a a w
i s ŋ s b i e b l ɛ o
s ɔ l e ŋ k o
k o t b a a u k o t e
ɛ m ɔ n u ŋ t e t e e e
a a k e
b a a i a j a
k p s ɔ s k
w ɔ d
u t u e
a a k t ɔ d ɔ s e e
ŋ s e e t a e f u t
n e k t a e
h ɔ ɔ o i e e
b a a w
i m
s u m ŋ d a b a a l
l a e
o o a k p t a g b ɛ
u t u e m e ŋ k j u e
j o j u k
ŋ l e ŋ j a
d a a j a
ŋ g b h i ɛ o f a a e
ŋ b ɛ o k ŋ w ɔ ɔ ŋ l ɛ ɔ
a l e
d ɔ i e ɛ ɛ ŋ f a
s ɔ s k l a e
i k b ɔ e h i ɛ o
a h a f e
f o k y e _ k
ŋ y a s ɛ m k
ŋ a s ɔ s k
i e e k a f k j u e
a f o o
a b o l ɔ e b l a j e
b o a j i s ɔ s
s e e a n e o h w i h
m ɔ e ŋ ŋ m
s ɛ k s ɛ
a a f e w a a e a j
a s h i h ɔ a a k n
ŋ g b a
l e k a d i
a a t u a a s i m k
ŋ k a o k p e
o o e t s i o
u k a h ɔ
s h ŋ f ɔ l
i k i e
g b e f e e e
i ɛ e
ɛ t i s o o e
ŋ l a m ɔ d ɔ i o
n k u i a g b a w a a o
ŋ k p t
ɛ t ɛ t a k ŋ m a e
e k o g b a a f f k p
k w ɛ o f l ɔ e l ɔ e a a f e
j o o o
b i e
e l e o h w i h
a a k a ŋ f u
b i k
ŋ h e u m
w o s a a k a
a a t ɛ b a a ɛ w i a a a g i
n i ɔ e e ŋ f a a b l ɛ e
s ɔ s k b e l e
p ɛ t k f ɔ f m a a o
ŋ k a e
i m d i k e
a w a a a l
b a a h i n e e
a a h ɛ i m e a m w ɔ d i
p a a ŋ m ɔ a a f u t u e
a a k n a a k t
ɔ d ɔ k ŋ g b a
m a a e
ŋ d i d ɔ i
ɔ d ɔ k a n e s o
d ɔ i a b ɛ t s ɛ o i e e
n k a a d
o s o o w i b l ɛ
a t s s t ɛ e w o s e
ɔ s e e j e e s e l
i a e m ɔ ɔ e
o t a o o
f u t k
a s u ɔ w i a k p ɛ a t e
ŋ b ɔ l a e w a k a a j o
a e e s ɔ l k ŋ k p
k p a a
a g b a a b a a j a f a a o
i s
m k ɔ d w ɔ a k a e
t s ɛ e
m e e i n e w a
a k p t
a j a n i w ɛ k a h a
k o t e
h w i e
a m ɔ ŋ k a ŋ n ŋ b ɔ
b e l k o o s a e
p ɛ t h w i e
i m k i a k ŋ f ɔ l t s w a
b o e
ŋ t e s w a
k p a a b a a o
ɔ d ɔ e ɛ m ɔ e
e k o h i ɛ e p ɛ a f a a
ŋ m
t u ŋ s e ŋ l ɛ s ɛ m
ŋ k p s u m k a a t w
w i a n i a b l
i k i
u n i e b a a l s ɛ a g b ɛ
ŋ y e n
s o ŋ k a o
t s ɛ e
f ɔ e
t s i o s ɔ l ɔ k
d ɔ i
ɛ m ɔ o
m ɔ ɔ e i k i o a w
u m ɔ ɛ t ɛ o
u e e
k p e k u n
a f o o j e w i a n e o
a m a k a e ŋ f ɔ j u a k p t
o o e l ɛ m e
a d
k a f k l ɛ m e s u
w ɔ s u m k a n k
a a t ɛ a t s n
a s ɔ ɔ d ɔ k s o d i k k
y ɛ k a b ɛ ɛ e m a a
k o u k h i ɛ o
g b l k
a l a o a a j o e e k n e e
a a g e g b i e
l ɛ m j u e a j e ŋ m a
b i k a a n u
ɔ l e o a a m
a a k w i a o i s h s e l
e e
ŋ f a a g b o
s ɔ s e ɔ k o n e
y e _ b ɛ ɛ e a d u
p ɛ t e s a a a k ɛ
i ɛ i m
a s e e t e e o
ŋ k l a b a a a s ɛ m e
g b o o n e k ŋ h ɔ o e e
s a k
ɔ d ɔ ɛ ɛ e
b ɛ ɛ o a j a
ŋ l ɛ o s
ŋ b ɔ ŋ t
ŋ g b a
a y a g a w ɔ ɔ t s w a
h w i e a d u
l e a l ɛ ɔ k p e e
t s i ŋ m a e
i ɛ k ŋ w a ŋ f u u
a d i i o t a o e e k
a s h a h a a l a o
ŋ m ɔ e b ɔ ɔ k o
o o e a h a f l
a m ɔ e l e o
t e e p a s t s w
g b l k i n ɔ ɔ e
i ɛ o t a e l ɛ m g b o e
ɔ d
a s u l ɛ m a t s s
t ɛ k p a s k
ŋ d i i s o e ɔ l e e l e
ɔ l s a k ŋ f s a e
a a g e
ŋ w ɔ ɔ a g b l a m a f
a ŋ m ɔ _ n a y k a f e
y a k w ɛ k
ŋ ŋ a ŋ h i
ŋ h a ŋ h i d i k e k p e e
_ n k n i k i o k p
ŋ t a l a ŋ k p t
n k d i k k
f l ɔ e a a d o t a o
k a i e b a a a n u e
g b i
o s o o
y ɛ a a l m a a s w
s ɛ e e _ a a n
a a s l
a l ɛ ɔ ŋ y ɛ a a w s
ŋ n n i m ŋ m ɔ e
b a a o
ŋ t e b ɛ ɛ p a s
s i a a f t ŋ f a o s o e
ŋ a p ɛ ŋ f a a
a n u ŋ s e n e k e k o
a a e t e e o ɛ k
p e k o t a e e _ j e k
a a s m ɔ d ɔ k
t s u a a m ŋ ŋ n u k
a k a o
f a l k
t s ɔ e
y ɛ k i n e e k a i e ŋ m a k
o k a f o a n u
a a f e
ŋ s u ɔ k u n m
k u n n k u a a ŋ a a a m
a s e e l ɔ e e
h ɔ ɔ o l ɛ m f u t e
ŋ w a ɛ m ɔ o k a n k ŋ s h
a k o a t ɛ a b o
k a f k
ŋ k p ɛ e b a a u
p e k a t s n f ɔ f
ŋ l e a s e e ŋ s ɔ e
a a ŋ a w o s k
a j e d i k e
b a a ɔ t ɛ k s e l k
f e e e
a g b l
k p e e ŋ b l
ŋ b ɛ a k o a t ɛ e
d i ŋ m ɔ
ŋ m a k ŋ ŋ m w ɔ d i
f u a a k a b l ɛ e b o k
j o ɔ i k a a k t
ŋ a k g b i e
a ŋ m u n i k s e l k t u k
a d i s u m e
w ɔ e a b ŋ m a u m ɔ e
a n
a b ɔ o s o o e _ n u
o o k s ɔ l w a a o
s ɔ l h w i k p a n e e
s e f l ɔ o ɔ f s ɔ
s i e i ɛ k f u t k
w ɔ d o t
l ɛ m e
s o e
f a n k u i a e b a a e
a m ɔ a f u
a t s n a a b
f e e n e a t s n b ɛ ɛ
ŋ f u s o k m ɔ
t ɛ
ɔ i u n i e h i ɛ
b a a m
w o s k k a n f a a o
e l e e t s ɔ e i e e s u m
ɔ d ɔ k a y a y a t s u o
j o o e k p a ŋ a k
ŋ s ɔ b a a l a t s s
g b o b e l k f l ɔ o
a a l m b a a s ŋ j e
b l ɛ o f l a s e e ŋ l ɛ ɔ
a f a a a f t
ŋ a a ŋ k a n e
n e k ŋ y e
a a k n u m ɔ o i k i e
ŋ s h a a y a e e a t s n
k p e e
b e a a t e k a i
m a a e a l
l ɛ m o o e a a b
b l a o e e k
b ɔ ŋ t s a a l ɛ ɔ
i s s i n k b a a p n i
d ɔ i
_ n ŋ g b a
ŋ f a a a b k i
n u e a s h i
h a e b ɛ
d a e s e l
ŋ s e e t s u o
i k n k u d a e b a a p
k p e o ŋ s u
a f o e ŋ m a k
a k p s
a s a o h i e
m ɔ ɔ b o a a j
f ɔ k a l ɛ
a f u a s u ɔ ŋ l e
b a i k i
g b i o ɛ e e j o a a f l
a a k
ɔ e f e w o s e t e e o
a a t i
w ɛ k
w i a o s e a ŋ m ɔ
j i ŋ l ɛ ɔ k i k
a a h ɛ h w i h j i e e
ŋ m ɔ e ŋ a k a n e
w a a e j o k i e ŋ ŋ a
a s h
ɔ i i k n e s i n e
a j a s w e l k a n
t a s o e a a ŋ
l e e t s i ŋ d a h w i
a j u b a a u
h a k s ɛ
b ɔ g b l e
b a a a ŋ b s u k
a a j
i n e a a ŋ d i k k
ɔ i a n u
t e e b ɛ a a d k
k a ŋ d u _ n
d ɔ i e
a s a o ɔ l e e a a j e
n e ŋ t s m ŋ b o
a j u p e e ŋ s u ɔ
d i k e ɛ m ɔ e b a a a
a a t w ŋ w a
ŋ a e
u t u e ŋ k a j i e o
ŋ m a l ɔ e e e ɔ l e e
a ŋ a a f u
k u n ŋ k p ŋ d i i f u t
ɔ f
w i a a w ɔ
a g t ɛ k a a k ɛ ŋ y e
ɔ s e o a l a e b l ɛ o
s a a a
s ɛ k a m ɔ
ŋ l a
a a k i
k i e t s ɔ e
ɔ f l e w i
a a s b i e ŋ t s m k
t s u e t a a f u u ŋ k p s
ŋ g b ɛ
a w ɔ ŋ j ŋ f ɔ l
ŋ y e
s u e
ɛ m k w a t a j i e e
s e l u m ɔ e f o k ŋ s u
n i m e
w ɔ d i f o
ɛ t a f ɔ a a g o
y a i ɛ e
w i a e ŋ h i o o k
f e e o u m ŋ f a
ŋ y e n y ɛ k ŋ k a
a s a h w k p a a b e
t s ɛ e m ɔ e
a a k i w i f u t e h ɔ ɔ e
f e e o t a a b ŋ t
t e ŋ ŋ m a
a a g i j i e e m a
o k o n i m o a f u u a f ɔ
i a k h w i h ɛ k o
f l ɔ o
ŋ j a w o s e g b i o
n k u
f o a n e a w
b a a p
a f ŋ k a e
a h a ɔ ɔ k j e ŋ n u
w ɔ k t s i e a a k f ɔ
e e a a w s y a k
ŋ h e _ n ŋ ŋ a
ŋ s u ɔ ŋ k a e
u m ɔ o
ŋ t s p ɛ t k b i
ɛ m a a k ɛ
b a a ɛ l a k f a l e
a a ŋ a d a k
b a a ŋ a
w o s e
ɛ m ɔ e ŋ w o m ɔ k
b o e
f e e e l e o ŋ m ɔ ɛ m ɔ e
a b ɔ
s ɛ e o t a e w a a o f ɔ
s h w a
p ɛ m ɔ e t ɛ k k p a a j a
e e
d u e w a i a s ɔ s a t s a
s w a a ŋ m a
a a t w
h i e
o s o o
ŋ k o a ŋ j u w a
b a a y ɛ k ŋ w o
s ɛ m k a a t w o s o ɛ ɛ e
a g b l a n e ɔ i ŋ y ɛ
i k i o a i i k i
j a a o i e e
b l a o ŋ g b ɛ
ɔ f l k ɔ s e e k w ɛ e
o s o f u t e j i e m ɔ ɔ o
ŋ j o s h w ɔ d ɔ k
w ɔ w ɔ k
a a k i d i k k
a a a a k a
u t u
s e l b a a m b l ɛ e
ŋ w ɔ ɔ
a s u ɔ a a ŋ ɔ s ɛ m e
b a a w t s i e
j e a j u
j a a k w ɛ e w ɔ d i
ŋ f a e k o
a k o j o o
a i e
i ɛ l ɔ m a a o
a g b y ɛ
ŋ j l ɛ m k
ŋ f e ŋ h i l a e s i n
ŋ m m ɔ k e _ ŋ k a a j
a b ɛ b e l y e ɔ f l k
a f u
g b l k
t s i e g b l k
ŋ ŋ a a a w a f ɔ o s o
h ɔ ɔ o
f e e o p ɛ k w ɛ e
a m ɔ b ɛ ɛ e
n k u a b ɛ
ŋ k a o o s o o
u m ɔ
a a j a g b l ŋ t e a a m
ŋ b m ɔ e
k o t k t e e
o k m k l ɛ m s ɛ p ɛ t k
a s y a e
a h i n k u i ŋ l e
a a t i a a f e
a d
k a n k u m k p a a ŋ f o
w i a l ɛ
w a k a n e ŋ m a e
b a a p i s h b e
s u ɔ s e e
ŋ w o ŋ j a a i k ŋ f ɛ ɛ k
ɛ t ɛ h i ɛ a a h ɛ
ɔ s e e s o k
f ɔ f i e k f u k w ɛ e
y e _ k
a a t ɛ a d a
b ɔ k ŋ h ŋ m l ɛ m k
a t s s a a t
s ɛ m k a s h i a g
ŋ a k m a a d u e
b l ɛ ŋ t e ŋ ŋ m
t s ɔ e j o o o h i ɛ e
a a j o ŋ f u ɛ t a l ɛ ɔ
t s w a b l ɛ
ɛ t ɛ a k a e
ŋ w ɔ ɔ f l ɔ
t u j u k
g b l e h a e
o t a e
ŋ h a ŋ w ɔ ɔ
u n i ŋ f f a l e k i
t s ɛ ɔ a a g i
e l e o
w a s u m k
ɔ s e e s ɔ s k
k i e s u w i a o
d ɔ i o e _ n u
ɛ k o l e e
a w ɔ ɔ
h i k a n e o e k o
t ɛ k a a h ɔ h e k
s h w s ɔ l e o b a a e
ŋ f u s ɛ k a e e ŋ k p
l ɔ e b ɔ m ɔ k
s o e u t i m h e e
ɛ t ɛ e
g b o a k p
ɔ s s h w a
ŋ h ɔ a a d k ŋ s e
ŋ f ɔ l ɔ k p a
a t e _ n
a k p s b l a f a b a a ɔ
u n t s i o y e _ k k p a
ŋ j e ŋ y k a n k
h ɔ ɔ a j a t u k
ŋ d i i ɛ ɛ k s e l e
a g b a
g b i e ŋ m ɔ k k a n k
a b l g b o m e e j a
s o k o o
a m l ɛ m e a w o o f ɔ k
ŋ y e n a s u ɔ
a h a a a d d u ŋ k p t
u m ɔ t s ɛ ɔ m k o
b ɔ ŋ s e
j a a
p a s e ŋ a e y e _ k
a j o i n e e ŋ b ɛ a h
s e l ɛ
m e ŋ t s a s i n e l a
s ɔ s e u m ɔ o u m ɔ o
b a a ɛ s ɛ m k
ɔ s e o
a a j o a a l m a a h ɛ
e e k a y ɛ
a a b ɛ d a k ŋ k p t j a a o
f a l ɛ m ɔ o ŋ k a e
ɔ ɔ a j u a a s l w o
ŋ k o a
o s o ŋ b l
d ɔ i k p s ɛ b l
b ɔ e h ɔ ŋ j u
l ɔ e f u t t s u p ɛ l a e
ŋ g b ɛ a a l m
ŋ k p t w a e a a g y e _
s ɛ m e
a t s s i ɛ f ɔ e
a h ɔ b l ɛ m a a o
ɛ m ɔ e l a k
n i m e a a p a s h e k
h i ɛ o ŋ f e
s u m e s ɛ m k i k o
a a f ŋ j i
ɔ d ɔ s o k w ɛ
a a ŋ b a a m a a b ɛ a a l m
d u k
i n e w a a o ŋ y e h a e
b i k
l a k l a k ɔ s
a k o t a o _ n k
ŋ w ɔ b a a
ŋ k o t u ŋ h ɔ t s ɔ
ɔ i e k p ɛ n e y ɛ e
s ɛ m k
i k i e ŋ w a ŋ m a e
ŋ ŋ a p ɛ t k
b e l e k p a a
i e k _ n
e l e a g b ɛ ŋ m ɔ o
h e k
a h a a e e n k u i
a f o k i e w ɔ k
w a e a s e e
i k i
s e u t u o
f ɔ e p a s ŋ t s s
ɔ s
i n a a d a a s w
a i k
e k p e a a y _
t s i e l e a s e o o
ɔ l e e s ɔ l k a k w a k o
a g b w i a e a ŋ m ɔ
w i a e o k
s i n k
ŋ y ɔ s e e o k o
n u s ɔ l w ɔ e
a l a e k a i o f ɔ
ŋ k a o a a f a ŋ k p
ŋ s a w ɔ ɔ h i a ŋ m
a b ŋ s ɔ a j u
b ɔ e k ɔ ɔ k b l t s k p e e
ɔ d a a s b ɛ ɛ s ɔ l e
ŋ ŋ a ŋ y e t s ɛ ɔ s e
u m ɔ ŋ k o a k o t k a a j e
ŋ h a b i a e
s i o e e u m ɔ m ɔ k
j a f a l k k i ɔ i
t a e ɔ d ɔ k
ŋ j u j o o e
a a l a l e d i k k
o e ŋ ŋ a
a ŋ m ɔ ŋ g b l a a g i
a s a e
d a e a ŋ m a s w
s ɛ m e a j i
m k o
d u k
ɔ f
b l h i ŋ d a f u t k
ŋ s e _ n u g b l k u n i e
a g b ŋ w a k a i e
s ɛ m k d a b a a m
n i m e l e o
b l ɛ e k a f e ŋ h a
b e k u n ŋ j u
j e d a f u
a s u
t s w j i i ɛ
n u a a ŋ ɔ u k m ɔ ɔ
w o s k
d u k b a a n i w i s
ŋ w ɔ
a f o e a a k n
a a k n u e ŋ m a k
ŋ t e y ɛ e a a f t
i m e ŋ h i w ɛ k
ɔ d ɔ e
s ɛ e
s e l e m ɔ k b ɔ e
a a n a a k n h w i e
y e _
a f o a b o a h a ŋ w w i s
w a a o
j i ɔ ɔ k
j u n i m k u a a w
s i n k ŋ g b a g b e t e e e
m e f a a e a g ŋ m a e
t s i e t s ɔ ŋ j u b e l k
f u b a a e w ɔ d i
l e k
l ɛ k i k i o
w o s k m e s i l ɛ m
ŋ g b ɛ f u t k
s o k d ɔ i o
ŋ f o a a t w
t e e ɛ k o a d i i
k p e
g b i e b l a e
u t u f o e p a s e l a k
a s u m ɔ k w ɔ k a a ŋ ɔ
t s ɔ ɔ d ɔ a a h
m a ŋ h a n e k
a a s w t e ŋ f o
ŋ t a i a u k o u e
i s h a l ɛ ɔ ŋ j u
k p a a a a t ɔ
a f a b o s i n e
m ɔ ɔ e s w a
p a a a n
w a e s ɔ l k
s h w a u n i
h i k b l ɛ o
o o e a a e s e l e
u e e ŋ h n u
b l ɛ g b l e
ɛ e
j u a k w b ɛ ɛ o a b o
a a g i
a t a b a
a a h ɔ ŋ y a l a a j o
ɛ m ɔ o k u d ɔ h i k
a h i ŋ ŋ ŋ s ɔ e
k w ɛ o t a a n e h w i k
b a a l a e u t u j a a e
a a ŋ t e e o
t s a a f f
j a h i ɛ o ŋ g b a ɔ f l e
s u e a j u a a t u
o t a d a e ɔ i
ŋ h ɔ b l a o t u
b l a o h e k
l e k ŋ y ɛ s ɛ k h a s u e
k p ɛ ɛ t s u e e _ n
ŋ t s s i s a n e e ŋ w a
ŋ m ɔ k n k a m
f ɔ f ɔ
ŋ w o
b a a e ŋ m ɔ k i a
b a a b ɔ i k
ŋ ŋ m a y e g b i a t a
ɔ f l k o t a e s ɛ ŋ ŋ
b l ɛ ŋ f u u
m ɔ ɔ e _ n k n
o o e a i e l ɛ m k
p ɛ t k
y ɛ e f a l e t s ɛ e
b ɔ e t s u o
ŋ f a n k u
a a j w i a
a l g b a l a e u k o
ŋ h i
k u ŋ f u u b l a e j a a
a k w k a i e a h y e
u m ɔ o ɔ s e e
s h w s f e e o a a s w
n u k b ɔ k ɔ l e
ŋ n u a s h i
n i m ŋ t s a j a
ŋ j a i ɛ a a f l
a f o o w i s ŋ t
s e e
j o o ɔ f l e
ɔ f l
ŋ g b l
ŋ d u n u k s i l ɔ
b a a s s u e ŋ ŋ m ɔ ŋ f
a a s l
t s ɔ e n i m e
o s o a a w s a a ŋ
f ɔ e a a f f
e k
b e l l ɛ m e n k w ɔ
f o k
o s l ɛ m ɔ ɔ
i s ŋ h ɔ a d u
p ɛ t i n e ŋ g b l
p a s k s i k
a a s
b a a u
i k i i ɛ t s ɛ ɔ w o s k
a k p s
a k a o k p a
a k p s
i m k w i a e
a k p
ɔ f l k b ɛ s e a h ɔ b i
p a s k b l ŋ j a
s i ɛ t ɛ h i k
i e e f l ɔ o ɔ k ɛ m ɔ o
a b ɔ ŋ l e i m a a w s
g b o o i a e
a a n
g b s e l k
a a t e k a f
o o k a s e a b l y a
ŋ s ɔ a a ŋ
a a j o a l m ɔ k
ŋ b o
ɔ k s ɛ m a ŋ l ɔ e
m k o i n e o
s u h a e t e e o f a a e
ɔ d b a a ɔ a s a
ŋ k a o l ɛ m e
a a g i n i m e
a a s m a a
a j u s w a k
ŋ d i i j i e e
t ɛ b l ɛ o
ŋ ŋ m a o s o e
i m f a l k s ɔ l e p ɛ t k
ŋ k a e h w i s e l
k a n a a b
i s h ŋ f u u
ŋ f ɔ l a ŋ ŋ t s m
t u e e _ n
ŋ j i b ɛ ɛ e t u e
a a j o a d i i s o k
a a t a g b l
a s u y ɛ
a d u ŋ a ŋ d s o k
b a a a a t e h e k f e e
g b l e
f u t e ŋ f u a ŋ m a
a a t ɔ p ɛ t i s h s u m k
h ɔ ɔ e p ɛ t k a a t i
s w h i ɛ a a g l s ɔ l e
l ɛ e b ɛ ɛ g b e e
d ɔ i ɛ k e l e a a k
l ɔ k
p e e w ɔ d e e t a a k p
ŋ d i h i ɛ o b a a a w s
s i n e a a g l a a t
u m ɔ o
a s ɔ m a a o s o
ŋ k o a j a a o a a t ɛ
ɔ k a a s m
a t e j u b l a o
a a d k ɔ k
a a l m w a a o
i ɛ e ŋ d b a a ɔ a a g
ŋ t s m ŋ s e e
ɔ ɔ k i n e o
y a e a ŋ u n i s u k a a f l
k p e a n u
ɛ k o ŋ m f l o e e
s a k
b i ŋ k p t
m e a a f e
a j o f ɔ f ɔ
y ɛ e m e e h ɔ
y ɛ e a y e n
a f a ŋ m ɔ e a s a o s u m
f o k ŋ d a m e e
k a f e l a e s h w a
p e e s h w s
s ɛ m e a f ɔ l
y ɛ ŋ f ɔ
f e t s i e
k a n k f ɔ
s ɔ s a e t u e a a j a
ɔ l e s ɛ m a s ɔ l e o
f a l
ɔ l e o a w ɔ ɔ a f u
a d i u m k a n k s o
w i a o w a a e
h i e
ɛ m ɔ w a e
o s o e y a o e e
w a a o a f a
s h w a
m ɔ ɔ e ŋ d i i
ŋ s h i
a l ɛ ŋ y a a g o
f u t k
u t u i k t a k t s w a
a ŋ m a h w i k
b a a b p e i a e h i k
ŋ m a f ɔ f ɔ b ɛ ɛ e
a j o f e e e ŋ ŋ m a
ŋ f a ŋ a a n e o
u n ŋ j o a a s k i k k p e
a h i d u i a k a m ɔ
ŋ w o o b a a e
i ɛ e w ɔ k a a t w
w a a ŋ f e
ŋ s u ɔ b a a o o o e ŋ w
k w ɛ o s i k s e l e
l ɛ m e
l ɔ e b a a w
b l a f a a s ɛ m e
k a ŋ m a e
n e e a a f e p ɛ t k
f a a n i a g b a
_ n w i a e
l ɔ b a a m f o e
l e ɛ e e ŋ b m k o
a a e e _ d a e
ŋ l ɛ i e i m k m a a e
b ɛ ɛ o a ŋ m ɔ
ŋ f ɔ o o k a f
h i ɛ o ŋ d a a d a
a d i a a g i h a e a t
k w ŋ m ɔ o i a e
t s w k w ɛ o u t
ŋ d i
y ɛ k ŋ g b a
ɛ ɛ e ŋ h i
s ɛ h w i a i u t u o
ŋ f ɔ l
p a s k s ɔ l n i k o t
m a a o
s o k w ɔ k
b ɛ ŋ f a a
ɔ d ɔ e
k w ɛ o a k a e e l e a l a
j i e o a g b l
l ɛ e m ɔ ɔ e
g b i o ŋ t e s ɛ m e
g b e e ŋ t s
p a s e m e e i k i
ŋ j o a i i ɛ e a k l ɔ k
s ɛ m e b a
_ n k n
ɛ m ɔ o
b a a s f a a ɛ k ŋ h ɔ
ŋ g b l
a i a a d k
s e l k ŋ y e n s i k ŋ s h i
f ɔ o t a o a a f t t s i
i ɛ e
k p e o f a l e
a t t s ɛ i s ŋ f a
a t s
ŋ t s n u n i k
k p ɛ ŋ l
k p e e
ŋ y ɛ ɔ ɔ e a s h i t s u e
s h w
ɔ e t s i o a t e ŋ f a
a b o d i ŋ t a
a g b a d i k k
o s o o t s ɛ e
o t d ɔ i l ɛ e
a ŋ o s o u t
ŋ m ɔ o k a s ɛ ŋ h i e k
b ɔ k w ɛ o e e k
a e ɛ t b ɛ ɛ e i k i e
b l k a i e j u a a k ɛ
a h ɔ a s e _
k p a d a e
s h w k p a w s ɔ s k
b a a l h w i a t s m
i a a s a w ɛ a a m a b o
k a f k
l ɛ m e
u t u e h e
f a l e
k p ŋ k p
a l ɛ f u t k
ŋ d i i
f o e t s ɛ o b ɔ e
a s e e ŋ f ɔ l u k
u k p ɛ t s i e s ɔ l e
i n e e s ɔ l b a a i
a y ɛ a d u
s ɛ m e l a i s a a w d
a t a
m ɔ ɔ o a l ɛ k i e b l
ɛ m ɔ e a ŋ ŋ g l ɛ m k
a d i i
a y e n k o t k
i n e ŋ m ɔ k ŋ d i i
j i e o a a b ɛ s w a
ŋ d a ŋ s ɔ
a a f e n u k
o o k m e e ŋ l ɛ ɔ
a k a e k a i e
a b ɔ h a k
a a t i g b o
k w ɛ e ŋ j o
b a a j u k y a l ɛ s a
t s ɛ o a a e
n e b a a p
s e l k b a a
e _ n
a a l e k j u k
s e l a a g l o t a e
i k f l ɔ e
a j t s ɛ
a a k i
n k ŋ f e t e e ŋ l ɛ ɔ
s ɔ s a a d
t s ɛ w i a
i n t s w
f e e o ŋ f ɔ l t a
h i ɛ ŋ s ɔ e f e e e k w ɛ
a a f f w ɛ a f u h a e
n i m e a a y w o
m a a n e e e _ n a a t w
f ɔ f ɔ ŋ m ɔ k t s ɛ
l a e d ɔ i e k u n j e
e _ n u ŋ a k h w
a a k n w ɛ k
i k i o a a s m
j o o l e e t s ɛ o a b o
h ɔ ɔ o ŋ b
p e e l e e e s h w a
u m a e e b a a s h a e
w i a o
i m b l a i e s ɔ l k k a
ŋ t s i n e e _ n
f a a o a a w d i k i
ɛ t ɛ s e e
ɛ m ɔ ŋ k o
a ŋ m a
s e j i e e
d ɔ i e ɔ i i ɛ e u k
ɔ f l ɛ m k u n i k
m a a
ɔ d ɔ e
t e e o ɛ t
n e
o o e s e l e a t s s
a s e e
a e e l ɛ m e ŋ m ɔ o
s o k
l ɛ m k
a t a t e e o s a k m ɔ
k a i
l ɛ e
l ɛ m e l ɔ k ɛ k
u n i s i e p a s a i y a
f u ŋ y e h w i
a l a o s i k
w ɔ e ŋ s f a l e
a m ɔ d u e k a i
t s ɔ a s e u t u o
d u ɛ k o
a m ɔ a a k a s ɛ m e i k i
l ɔ k
ɛ t ɛ m e e k o t e
a a d k i k o a a t i
s e l k a j e p ɛ y a
a d a a f e
a h a ŋ g b a
j a s ɛ k a l a a a y _
a a t ɛ w o s k w a a e
g b o e ɛ k
y ɛ ŋ s h i
k i e d a ŋ t s a
s a k a s a o
s ɔ s k
b i k ŋ w ɔ ɔ
l e s i e s h w a
ɔ f l k a n e
_ n k
i a k j a a
b o k k u
ŋ l p a m ɔ ɔ
o s o
ɔ d ɔ k s u m e
o k a t s m
k a n k
k p e a g b m k o
a d a ŋ d f a a e
o s o a s h i k o t k
n k k p e e
j i e o ŋ h e
i k i u m ɔ e n k u ŋ w ɔ
i e
s e k e _ n u
w i s
s i e
p ɛ t a a f
s h w s o t a o a w ɔ
ŋ f u s i n s e e
a d i a a y _ ŋ h a
a a n
ŋ l t a k
ŋ y e n ɔ f l
w a e l ɛ m e
t s ɛ ɔ ɛ m ɔ o
h a e h i ɛ o
k p e w ɔ k a ŋ m
a a k i s h a a y
ŋ ŋ a s ɔ s k a a t w
a a s g b o e f l ɔ
ŋ t a w i s w
w a a p e k s a k a a k f
ŋ k a e ŋ m a k ŋ h
a b ɔ ɛ m ɔ k o t k
ŋ l ɛ u m u e g b o e
a s h i a a j b a a ɛ
t s i b a a h
t s i o
a a ŋ ɔ y ɛ k b l ɛ e
f a l k h a
u m ɔ a e
s i
g b o e
u k o g b e e
b a a l n u e e k
ŋ d
b ɛ ɛ o ŋ h
a g a i e
a j o k p e o
j i e o _ n k n
a l e a a f a
t s w h w i s w a
a f e ŋ w ɔ ɔ
a a j a t s ɛ o ŋ w ɔ
ŋ ŋ m ɔ ŋ l ɛ
p a s k h e k f ɔ f ŋ d u
a s e f ɔ f ŋ g b ɛ
d a k
ŋ d a s u k u n m
n u k
a a k f
a j o a a d k
b a a s s w a k b l a o
b a a l t e f e e e
j i e o
n u k b ɔ e u n h a
ŋ t s s i n e ɛ m ɔ o b a a e
ŋ d u a j a
a t s n i a k
ŋ g b ɛ
ŋ l ɛ s w s e l e i k i
ŋ k a e a ŋ k w ɛ
m e e ŋ f ɔ
f ɔ f ɔ h e e s i n
e _ n
a i e
ɔ l e e l p ɛ k o t
a i e
h e k
h a k w i a o o s o e
s u a a t e
ŋ m a a w d ɔ l e h e e
a ŋ m ɔ _ n
d u k
a h f u t e
a a f e
f l ɔ
j a a o i k i
t s i
ŋ a e b a a u
ɔ k s h w a
u n i a k a a a f l
k a f s ɔ l
a a t ɔ j u s e l e
h i ɛ a k a e
n i m u m b a a l
g b l e
k o t k
a t s s b l a e
a j a ŋ m ɔ l ɔ k a j a
k p ɛ ɛ ŋ t a a a k e
h w i t s ɔ e ŋ h a t s m
t s ɔ a j u ŋ t s s
ŋ b o k u n m i m k
a y a s ɔ l e a f u a l a e
b i e g b o
o e e ŋ s h i b ɔ e
d u k f ɔ e p ɛ t k
l a a w o a l a a ŋ ɔ
s a a t s s
d i b a a b h a k j e
a h ŋ b o a y e w a k
l e e a t a g b b a a p
y e _ d i k k ŋ j o
b i e h i e t s u o
a a l m k w ɛ e w ɛ e i ɛ
a s e e
b a a a j a ŋ ŋ m ɔ
a a k t a a d k
w o s k i a a ŋ m ɔ
o t a o a t e
u t u o ŋ s u a a s m k
a g b a s i n e ŋ b ɛ
a a l m
l a e g b k a n k p ɛ
ŋ f ɔ l ɔ s e ŋ l ŋ d i i
ŋ m ɔ o a b ɔ s e k ɔ d ɔ e
g b o o
w a a o
a m ɔ
ŋ s u ɔ ŋ ŋ m ɔ a a e
w o l ɛ m a h i h i
j a a k a a a j a
l e k m ɔ ɔ o
j a a e b e l k ɔ f l
a i t s w a
s ɔ b ɛ ɛ o ŋ b ɛ
i k i a a f t d u
d i k ŋ k a o m e e t e
ŋ n u a a h ɛ
o o e ŋ l ɛ
a a g o a a g e
ŋ k a e o s a a j
d ɔ a a g o s u m o k o
i e e a y e e ɔ i
g b e e k a n e t s u
j a a
a f ɔ l l ɛ e
ŋ f o j e e g b i e
a h e a i a a l l ɔ k d a e
a a h j a a ŋ b ɔ a w a
ŋ l a
ɛ m ɔ e a g b a
ŋ a f o ŋ j a i a f o k
f e e o
w o s e
ɔ s e ɛ e e g b ŋ s e
a d m ɔ e
a s a o ŋ t e
g b l k p a w o s k
ŋ d i i w i a
o o ŋ w a n u t s w a
ɔ s
ɛ ɛ
a a t w ŋ y a i n e e
g b i
ŋ m ɔ o ŋ s u ɔ ŋ f ɔ l
ŋ b o
ŋ j e s o e ɛ m ɔ e
a a g
ŋ m ɔ e ɔ l e o a a k f
f e e o g b e e s u m k
e k k o t e
s o k
j a a y a w a a o
a s e e g b i o w a k s e l k
w o f e e o k a f e a a j a
m a a e j o o o
a a w d a e ŋ ŋ m ɔ e e
i a e s w m e e
h ɔ ɔ o
t e e o ɛ m l ɛ m e
b i e w ɔ e
t ɛ a a j e w a a o
a j u ŋ g b ɛ h a k j o
ŋ w ɔ ɔ
a k o a t s ɛ e
a s h i ɔ s e o a s e
g b o
a a t ɛ ɔ k o j e e o s o o
ŋ l e a k
ŋ l a a ŋ ɔ f e e e u m ɔ e
g b e e h i ɛ o b l a e
a f ɔ l i m k ɔ i d i t s i e
a f o
ŋ j i a a s l
f a l u m ɔ
k w ɛ o
ŋ s u ɔ h w i p ɛ t k
h e e ŋ k a e a w
ŋ t s y e k w ɛ e
a a j s ɔ l k ɔ k ŋ s u
h i ɛ e
e k o e k o f u t e a g b a
a g b a s a
o s o ɔ d
s h w a
ɛ ɛ e j i e o ŋ h e y ɛ k
ɛ ɛ k ŋ t
b ɛ ɛ e s ɛ k
a t a h i
j o o o j o
a d i i
a a j ɛ ɛ k a a b ɛ
d ɔ i o
ŋ h ɔ a k p s i a k ŋ y e n
ŋ d ŋ s i n e s w a k
a a k n
a a s w b i k a a s w
ɛ ɛ i s h i ɛ ɛ e
ɛ t ɛ a s h i
ŋ ŋ m ɔ ŋ s e
a a b ɛ ŋ g b a
a a h ɔ b l a j a
ŋ g b l s i k
t a k p a a
s h w a a s u ɔ
ɔ e e i s h
i s u n i k
ŋ w ɔ ɔ f a a o e e k
ŋ ŋ m a m k a l e
a a g o n k u i
ŋ a t s u h i e ŋ y d ɔ i e
t s i o
n u k j o o l ɔ k s a e e e
s ɛ m
ɔ l e e a y o t a e
a l a o d u s a k a k o
a t s n ŋ j a k w ɛ e
w i a e a y e p e
u n a f ɔ w o s k ŋ w ɔ
d i _ n k n a f o
a t e
b i e
ɔ ɔ e a t a
n i a j o
a k a a a j e a w a y e _
f e i a e s u m k
s i e a a f l s i n k
w i s o k
a a ŋ a a k e g b o
ɛ m ŋ y e ɛ e a a k ɛ
a a d f a l ŋ w o
s i n a d i w a a
b ɔ a a w d s e e a s ɔ
ɔ s e o ŋ n u y e ŋ t e
m a a a k a e
j i e e
a i k b a a ɔ e _ n ŋ t s m
t e e l e
j o p e
o t a b i e
i a ɔ d ɔ k a f a ŋ s ɔ e
s ɔ s k d ɔ i a a ŋ
a t a l a e s ɛ k b ɛ ɛ o
ɛ t j u h ɔ ɔ o
j e e ŋ a a a j o a y e
ɔ i e w i a
a g b a
g b i o
p ɛ t k s o k o o e
k w ɛ o
w o s k t e e e
s i e a h a
s e l f o k
i s h i ɔ e e
m a a y a a a ŋ a ɛ e
a b ɛ f a
k a n a b ɛ b i k
a s ɔ e
a j i i e k
b a a u ɛ e
a j i a a j a b a a o
a g b a n e o t s i
a a ŋ ŋ k o a f o e
s a ŋ m ɔ e
g b i ɔ ɔ s u j o o o i a k
e _ n u ɔ f l k a j
h i k
b e l k
a a s
f a l k ŋ y a w a e
e e k w o ŋ t e
a g b
w ɔ d
b a a e
h w a a j e p ɛ t a j o
a a n
p a s w g b e
b a a e n i m e
s e l k
k w b a a d i k k m ɔ k
ŋ h m ɔ ɔ
a k a ŋ t s s ŋ t a s e l k
h i k a y f u t k
w i s w a j m k b a a i
ɔ d ɔ f ɔ k
j o o e ŋ h a b ɔ e
d ɔ i ŋ y ɛ
a f o k ŋ t s a
u k ŋ f ɔ l ɔ s e o
a a h ɛ ŋ f u u ŋ l y ɛ k
a d u t e e o ŋ f o
a w o ŋ l e s ɔ s e
a e e
b a a p
ɛ m ɔ e j a a e
a a k i u t ŋ j b ɛ b e l k
n k d a b a a i a a k n
p a s k ɔ d ɔ a d ɔ l e e
u e e a f u u p e e u m ɔ e
e e e a j a
a l i e a s a a k n ŋ j o
i m k
ŋ g
ŋ k p t n u e b a a o f o
b e l e
ŋ f o d i k e ŋ h ɔ ŋ f ɔ l
a a g e
a a d k a i e d a ŋ f ɔ
d i k e
a g b ɛ a k p s f u
p a s e a a s w f l w a a o
y ɛ e a a s m
w i s w
k p a t a a a b s w a k
n k a a k f
j a a ɛ ɛ e
ɔ e e a b l s e e t e e e
a a h ɛ ŋ m ɔ k a m ɔ
k a i
ɛ m ɔ e ŋ y e a ŋ a
d i l e k
ŋ s h
h i k
o s o o
j u k j u k ŋ f a a b ɛ
ŋ w ɔ s ɔ l k ɔ ɔ e
g b o a a l m b a l ɛ m
ŋ y e _ n k n
a t ŋ t s u t
b a a s a d i i
f u t k ŋ k w
a l ɛ s i k
s u d ɔ k a n e
k o ɔ ɔ e
ŋ k a e
g b i e b a a l b a a u
f a l k a a t ɛ k i e
k a n k
g b o o a e ɔ d ɔ k j e k
t a ŋ y ɔ f l e
a f u g b l a s ɔ e
s a k a l a e j u e
k p e o s e l e
t ɛ k a a j a
b a y a e s ɔ
t s w u m ɔ o t e a ŋ
ŋ m a e
ɔ f h w i s u e ŋ h ɔ e e e
k p a a k i b o k s w
ŋ b ɛ
ŋ j i a t s n ŋ j i k i e
k o h w i k h w i e s ɛ k
n k u i s i n k a y e
f ɔ e a s e a s e
s i n f l ɔ o w ɔ d i b a a s
h w i k
ŋ ŋ a i e
l ɛ m
t s i w o b ɔ k
a a ŋ ɔ j a a e
h a e
i a
j e a i a g b ɛ
a a w d a f ɔ ɛ e
h i e h w i b ɔ k
ŋ k p s b a a m
ŋ m ɔ k a m ɔ u e e
h ɔ ɔ o b a a
b a a ɛ h ɔ ɔ o ɔ l e e
u t u o
j o o k p a
a f o e w a a e
d i k e ŋ b l g b l e u t u o
ɛ t ɛ o f l s w a e
a m t s ɔ
a y o s o o
ŋ d u h e e k p ɛ ɛ f ɔ f ɔ
p ɛ t e
a n e e a a t n k u
a s ɔ e
a a d k
w ɛ k e _ n s a e i n e
d i k h ɔ
o o e a y o o h i ɛ e
o s t a k a t s n
a f e a f ɔ l a t
a h e l ɛ k
g b e
u m ŋ m ɔ o s u k ɔ d
t s ɛ ŋ f e
i e e ŋ s e e
b ɛ ɛ e ɔ i e ŋ j a t e e o
ŋ b o p ɛ t e h i s u m k
t ɛ k a a l m
t s ɛ ɔ k a i a t a
a l
a a j o g b o e a k o a
j o o e s u e ɔ s
n u e ŋ k o i ɛ k i e
a i k
j i
h w
b a a o
a s u ɔ o t a
u t s ɛ
u m ɔ m ɔ ɔ a a t ɛ f u
ŋ a k
ŋ j i b l a
i s h i
w o s e m a a e ŋ h i m k
a a g e
a f u a a ŋ a ŋ g b ɛ
i k i ŋ f ɔ
a s a e a n e s u e
ŋ g b k a n k a j u m e e
a s a o
g b o w o s e
h ɔ s e k
d i ɛ e e l ɛ m e a a g i
t s ɔ e t ɛ k i ɛ h w i k
a a k a l ɔ a a f l
k w ɛ s w a k ŋ j u
a y ɛ k o a a w d b ɔ k
ŋ n u
a b o a j a t e ŋ j o
ŋ n s i n e
w i a a l ɛ ɔ
f o k a a y _ m ɔ k
s ɔ l e p ɛ t e k a i o
i ɛ n i m e ŋ f
ŋ ŋ h w n u k g b i o
a i k a k w
k p ɛ p e e a j u k o
p a s a a g e
y ɛ k
i s h i
a g b l ɔ d ɔ
ɔ s t s s o k p ɛ ɛ
ŋ h a ɔ s e e i m e ɛ e
a a ŋ a w a a
b a a p
i n ŋ j u m ɔ e
a s a e g b e e e w ɔ e
ɔ f l ŋ f u u
b a a m b a y e _ k
b a a w a f b a a ɛ a g b a
f a l e
a a g e ŋ m a e u t u e
l a k p ɛ t k
s ɛ e a f e _ b e l j e
b e l k w ɔ d i
i k i g b b e
a ŋ m ɔ j a ŋ k a e
n i m o
ɔ k m a b a a w a f o o
a s u i a s e l k ŋ a e
a a k a a ŋ m a ŋ h
w a e f u t e ŋ f ɔ l
b i k
b l ɛ o k w ɛ h a k
j a w o s e d i k ŋ y e n
a h a
f ɔ k f e e o a l a
e e e i s b a ɔ s e o a a f t
f ɔ f s e ŋ l ɛ m a a s u m e
k p a a w a a o
n i m e w i a e
k a n
w ɔ e h e k
i a k ŋ s u a f e b ɔ e
o s o a a t u a t
t a e ŋ t a ŋ s e e
ɔ ɔ a l
ɛ ɛ e
m a a k p k o t
l ɛ k m ɔ l ɛ m k
ŋ s h s h w
n u t u e
a f ɔ f e e k u n m
a w o t e e a a t u
a w o j a a e w a u m ɔ e
s i k a j d ɔ i a e e ɔ f l e
a k p t
l ɔ ɔ f l ŋ g ŋ k a o
n i b o a a k t
a a t ɛ
h a k f o k f o e a g b ɛ
t a w o s k t ɛ e
h i ŋ s w a a t s ɛ ɔ
ɔ d ɔ t e e e
ŋ f a a a f e ŋ k o
o s a f a a f ɔ k
b i k n e e
j u k p a s e
l a e
ŋ a ɛ t ɛ o b l ɛ o
n e e
ɔ l e e
ŋ m ɔ k k w
a a n u e e k a i o
a d b o d a k k o t k g b i e
a a ŋ ɔ
f ɔ k f u t ŋ t s n f a l e
t ɛ
ɔ k s ɔ l e
k a i o a i ŋ k o n u k
j o o e
ŋ k p b a a e i k o a l e
ŋ f u
o o e f a a
ŋ g b w a s ɛ m e a a b ɛ
a a w a i p a s k
a l e a a k t p a s k
ŋ s a y e m a a _ n k n
e e e b a a
p ɛ t e ŋ a k i s h f ɔ f ɔ
p e t e e e g b i e
m ɔ ɔ
a a m k
ŋ w t u e
a s a e a k u m
ɛ t a t s a u m ɔ
a j a t s b a a l f e e
k p e a t s m t s u
a y a ɔ f a j a ɔ s n i m o
s e k s i n e
f ɔ k o e t s u e h w i k
o s o k p a a a g b
w ɔ k e k o ɔ i k
a m ɔ
ŋ w ŋ s h a g b l n i k a n
ŋ m k p e o
ɔ ɔ k
ŋ y a o o e d a e l ɔ
s i k
t e e e k a n
a g b l ŋ k a a a t
ŋ s h
l e k g b l e t s m e e
i ɛ t a k
k i k a l a e
m e ɔ ɔ e
ɔ i e s h w a s u d i k e
f u k p e
i s h i s u a a f e
ŋ t s s h i w i a o
u n i k f o k b e l k k u
a g b l
k p ɛ ɛ t s ɛ
a i k t s ɛ e
l ɛ m e _ n k n
a b ɔ s h w s n i m e
y a e s a
ɔ d ɔ e u e ɛ k o
a a t u k ŋ j a
w ɛ k y e a d a m ɔ ɔ
ŋ t e a d i i t s u e
l e e a f u u ŋ s h
a s b ɛ ɛ k p e o y ɛ e
m e h i ɛ e m ɔ k
b a a ɛ
ŋ ŋ a i s a e k a f a a s
ŋ l ɛ f e a f a a
f l ɔ e w a k s h w a
a a k a d u k
u n i e i e e
ɔ d h i ɛ o t s ɛ ɔ
h w i e i k i
m e a d i i
p ɛ t
ŋ h e u n i k
g b i o
k i j a b l ɛ
n k u i a a f t ŋ l a
s u k a h b ɛ ɛ e ɔ d a a h ɛ
w a a e h e e g b e e
s ɛ m k a f k ŋ f a a
d u e
ŋ s h i
f ɔ a a j e
a k a e k p
ŋ k w
a f ŋ j i ɔ l e e ŋ m ɔ k
b l a e
a f a k p t
a a y _ a a k ŋ h e p e
ŋ b ɛ
w i a e h e
u t u e o e e s o e
w o s y e _ k
f o ɛ t ɛ s i a k ŋ b h ɔ ɔ o
a a f e a h a b a a e t s ɛ e
k u n ŋ w ɔ ɔ u m a a j o
k w d a e o t a ŋ l
j a a e
m ɔ k a j i _ n k n g b o
a ŋ m ɔ a l e a y e f a a o
ŋ t s n ŋ n
a a k ɛ
n k u ɔ l e e a w
ŋ g b a
a a t w a a k s e l k
e _ w ɛ k
s e k
ŋ k o a a a k i k a n e
u t u ŋ l ɛ ɔ
t ɛ k a j i ɔ i e ŋ m ɔ o
s h a h ɔ ɔ i k m a a o
ɔ k o g b l e p a
ɔ l e e a k w w i s ŋ j o
a a h ɛ a l ɛ ɔ
s i n t s w a a t t s u o
a s ɔ m ɔ k s h f ɔ k
h i ɛ e _ n u
m ɔ n i b o ŋ d i
ŋ l ɛ ɔ a a j o
s e k
ɔ f ŋ k p t
a i a m ŋ k a e
ŋ m a k a n e o
m ɔ ŋ h
a a k t
a a t ɔ w ɛ g b h ɔ ɔ ŋ k a e
w ɛ e w o s e ŋ j u
e l
j i e e a a h a a t e
b a a h ɔ ɔ e s h
y ɛ e s e k b l a e
ŋ y e
e _ e _ n a g b k p ɛ ɛ
a b l a k a e
b a a w ŋ d a b ɔ ŋ l a
p e e
a s a e
i k o a t e
u t ŋ ŋ m a
a y m ɔ ɔ o
a a k i ɔ d ɔ e a ŋ m ŋ d i
ŋ l j o o y e _ a y e
d u k b e
n k u i i k i o ŋ w a ŋ f u u
s i e
ŋ a a f a a e e m ɔ
l a
b a a m a a h ɛ
m ɔ ɔ e
n u k ŋ h e a h e s e k
s h w a h ɔ ɔ
e l a n u _ n k n
ŋ s a k a o b l ɛ e a s a e
f e e b ɔ k f a a o
a a b a f e
s ɔ l k h i ɛ e
a a b ɛ a f e
u e ɛ ɛ o t
ŋ t e s o i ɛ e ɛ e e
w i ŋ w o
a j k p a a
w ɔ ɔ ɔ k w ɛ e ŋ f ɔ l
g b i o h w i h
f a l a g a f o e
k o t k
a n e e s ɔ s e a t e ŋ t e
n e k ŋ t a b a a s s e l e
ŋ s h i
b ɛ ɛ ɔ i a i
ŋ j a a t ɔ
b l ɛ o
a h ɔ ŋ f u ŋ m
ŋ k b a
a f a a f l ŋ j a
d ɔ i e ɔ f l e ŋ b ɔ f l k
i a k a k p
o t a i k a g b a a j
s i n k s h w
i k i o ɔ ɔ e ɛ ɛ k
k i e ŋ s h a s a e
ŋ w ɔ ɔ
f ɔ
b o s u m k h i k
b i k i e e a n e
k a f a f ɔ l
e _ n u
i k o k p b e l ŋ t s m
y e _ a w i e s h w a
w o s e i a f u t k ŋ w ɔ ɔ
ɔ f l e
ɔ f l k k a i a d i i a y e n
s e ɛ k ŋ w ɔ u k
ŋ g b ɔ d
w o s k
a a f a a w ɔ m k k p
h i j i ŋ f ɔ l
d a k ŋ b l o s g b o
ɛ ɛ e a s e e
ɔ ɔ k
m a
b l ɛ o a a y _
t s i o
ɔ d a k a o
j o o e a w a
p e e a k a o
l e k j i e o ŋ d a b l
a f a a h a e d i k e
ŋ ŋ a
d i k e ŋ m ɔ e a f ɔ
ɔ e e ŋ l ɛ u k ɛ k
ŋ s h i w i s s ɛ m f ɔ k
s w a a d
a k a e s o ɔ s e e ŋ d i i
a a b ɛ ŋ m ɔ o
a f u u ŋ f u u
f u t ŋ k w ŋ k w
t ɛ e a s s i ɔ i k i ɛ k
a l b o ɔ s e e d ɔ i e
ɔ l e o a a h ɔ
a s
g b e w ɛ e n i m e s h w a
s ɔ s l a s i n k ŋ j o
s a e ŋ n u b i k
a h a m ɔ ɔ e a l a e
a t s s a a n a f u u
b o k ŋ t b a a u
w ɛ e j i w ɔ
t s ɛ s e k ŋ j i
b l ɛ e i n
a a k t ŋ k a e
t s w a s o e a ŋ m ɔ
i ɛ ŋ k a e a a l
ŋ s w ɛ ŋ m a k ŋ ŋ m
i e e
a h a a a h ɛ
ŋ k o
i n e o i n e e
p ɛ t e a a j t e e e i k i o
s i n k ŋ s h i w i s w
ŋ s t e e ŋ f ɔ l
a s ɔ e
d a k p ɛ t
h e k ŋ m a k
i k b i t s ɔ
a b ɔ n i m a i w a a
a a t u
k a f e ŋ m ɔ
j e ŋ s h i
a ŋ m a ŋ f a
n e k ŋ h a ŋ d i w a ŋ t s n
ɔ ɔ k h w i a a k i
m k b e l e j i e s h w s
w i a e ŋ f a a g l
t a f e e e a n u
o t a e a a h
i s h i b a a u e y e _ k
p ɛ t e ŋ f u a j a a t e
a w ɔ ɔ a a ŋ ɔ l ɔ k
ŋ h a ŋ h a
f a l s i ŋ w o o
b a a ɔ a d i y a k
a b l f o o t a e ŋ b o
ɔ l e a a j a l e s u m k
ŋ ŋ m a
ɛ m j o d u k a d a
a k o a ŋ a k
d ɔ i e g b
ŋ k p t p a s e a a e h e
b e l e a a j o f l ɔ
k w ɛ g b m ɔ ɔ e k a n k
b a a e a j a
k u n m ɔ ɔ e d u w a a o
ɛ ɛ e
a g b a s ɔ e j a a o
e _ f l e _ a a k e
i e k h i j o o b ɛ ɛ o
ŋ ŋ m a a k a o b o e
ɔ d w o
a i k
k o w ɛ a s e s ɛ
ɔ ɔ b e l k k p e o
a j a p ɛ ɔ i y e s i e
a a h ɔ e _ n s h w
w i u t j o
f a l ɛ m ɔ
ŋ w o a b l a k a o
ŋ s h a s e e a n u
a f ɔ ŋ l a
ɔ f l b l ɛ o
j e e s h w s ɔ d ŋ d i
s ɔ l k s e e k i
a s ɔ e
b l a e h i l ɛ m b i k
a k a a a f l
k a n k i m e n e e
w a a e ŋ k a o
h ɔ ɔ i n e ŋ ŋ a
t s i s ɔ s k b a s ɔ s
ŋ t s m
a d i i s ɛ k o e ŋ s e
h i ɛ e
a w ɔ ɔ
f a l k o o
b ɛ w a f e e e ŋ m a k
ɛ k o ŋ n k w ŋ b l ɔ e e
a j o
p a s f ɔ w ɔ k b a a p
s a e ŋ k
a s u s e l w a a o
b i e w o
a a t e k a i o
_ n k n
m k
ŋ f e d u b e l k
j o o o w a
ŋ b ɛ s o s u m e ŋ k a e
t e e
h w i s i n k f u t k ŋ t e
a k a t e u n i
u e k w
f ɔ k a a y _ a m a a d k
p ɛ t k w a a e s ɔ l e
k p a a ŋ f u p a
a t s a b o a a b ɛ t s w
a i s e e ŋ y e n
a d i i a j i i k i e
k a f k o t m e a a k ɛ
b a a b a k p t
e l e o
l ɛ m e
a a g e
m a f l ɔ ŋ t s
ŋ d i i ŋ t s a
n i m e
e l e e
s i n k a a t ɛ
ŋ j o o t a e ŋ t s a
a a y _ ɛ t ɛ h i ɛ a a t ɛ
f u t e b a a b m ɔ e
p a s a a j e n k u b a
a k o ŋ b ŋ f u u
t s ɛ o y ɛ e
f l ɔ e o s l a
ɔ e s w a k
ŋ f k a e _ n u
a h e l e e
a f o f o
ɔ s b ɔ u t a a t w
t s i b e l e a a j o d a
d i k k u m ɔ o i n e
s u m
a d i ɛ m a a k f
a k p t
l a e t e k o t e a a ŋ
w i a o
ŋ b o
b a a e
t s ɛ f e t s u
a n e ŋ w ɔ ɔ a h a
