u t l o a e a
s i u t l o a
u y a u t l o a
u z o u t l o a
n i u t l o a
s i y a u t l o a
s i z o u t l o a
b a u t l o a
n i y a u t l o a
b a z o u t l o a
n g i u t l o a
n g i y a u t l o a
b a y a u t l o a
n i u t l o a
u y a u t l o a
n g i z o u t l o a
u u t l o a
u y a u t l o a
u z o u t l o a
p h o m o l o e a
s i p h o m o l o
u y a p h o m o l o
u z o p h o m o l o
n i p h o m o l o
s i y a p h o m o l o
s i z o p h o m o l o
b a p h o m o l o
n i y a p h o m o l o
b a z o p h o m o l o
n g i p h o m o l o
n g i y a p h o m o l o
b a y a p h o m o l o
n i p h o m o l o
u y a p h o m o l o
n g i z o p h o m o l o
u p h o m o l o
u y a p h o m o l o
u z o p h o m o l o
q a l a e a
s i q a l a
u y a q a l a
u z o q a l a
n i q a l a
s i y a q a l a
s i z o q a l a
b a q a l a
n i y a q a l a
b a z o q a l a
n g i q a l a
n g i y a q a l a
b a y a q a l a
n i q a l a
u y a q a l a
n g i z o q a l a
u q a l a
u y a q a l a
u z o q a l a
n w a e a
s i n w a
u y a n w a
u z o n w a
n i n w a
s i y a n w a
s i z o n w a
b a n w a
n i y a n w a
b a z o n w a
n g i n w a
n g i y a n w a
b a y a n w a
n i n w a
u y a n w a
n g i z o n w a
u n w a
u y a n w a
u z o n w a
l u l a e a
s i l u l a
u y a l u l a
u z o l u l a
n i l u l a
s i y a l u l a
s i z o l u l a
b a l u l a
n i y a l u l a
b a z o l u l a
n g i l u l a
n g i y a l u l a
b a y a l u l a
n i l u l a
u y a l u l a
n g i z o l u l a
u l u l a
u y a l u l a
u z o l u l a
j a e a
s i j a
u y a j a
u z o j a
n i j a
s i y a j a
s i z o j a
b a j a
n i y a j a
b a z o j a
n g i j a
n g i y a j a
b a y a j a
n i j a
u y a j a
n g i z o j a
u j a
u y a j a
u z o j a
f o f a e a
s i f o f a
u y a f o f a
u z o f o f a
n i f o f a
s i y a f o f a
s i z o f o f a
b a f o f a
n i y a f o f a
b a z o f o f a
n g i f o f a
n g i y a f o f a
b a y a f o f a
n i f o f a
u y a f o f a
n g i z o f o f a
u f o f a
u y a f o f a
u z o f o f a
e t s a e a
s i e t s a
u y a e t s a
u z o e t s a
n i e t s a
s i y a e t s a
s i z o e t s a
b a e t s a
n i y a e t s a
b a z o e t s a
n g i e t s a
n g i y a e t s a
b a y a e t s a
n i e t s a
u y a e t s a
n g i z o e t s a
u e t s a
u y a e t s a
u z o e t s a
t l o o e a
s i t l o o
u y a t l o o
u z o t l o o
n i t l o o
s i y a t l o o
s i z o t l o o
b a t l o o
n i y a t l o o
b a z o t l o o
n g i t l o o
n g i y a t l o o
b a y a t l o o
n i t l o o
u y a t l o o
n g i z o t l o o
u t l o o
u y a t l o o
u z o t l o o
e e a
s i e
u y a e
u z o e
n i e
s i y a e
s i z o e
b a e
n i y a e
b a z o e
n g i e
n g i y a e
b a y a e
n i e
u y a e
n g i z o e
u e
u y a e
u z o e
q e t e e a
s i q e t e
u y a q e t e
u z o q e t e
n i q e t e
s i y a q e t e
s i z o q e t e
b a q e t e
n i y a q e t e
b a z o q e t e
n g i q e t e
n g i y a q e t e
b a y a q e t e
n i q e t e
u y a q e t e
n g i z o q e t e
u q e t e
u y a q e t e
u z o q e t e
r e k i s a e a
s i r e k i s a
u y a r e k i s a
u z o r e k i s a
n i r e k i s a
s i y a r e k i s a
s i z o r e k i s a
b a r e k i s a
n i y a r e k i s a
b a z o r e k i s a
n g i r e k i s a
n g i y a r e k i s a
b a y a r e k i s a
n i r e k i s a
u y a r e k i s a
n g i z o r e k i s a
u r e k i s a
u y a r e k i s a
u z o r e k i s a
e b e e a
s i e b e
u y a e b e
u z o e b e
n i e b e
s i y a e b e
s i z o e b e
b a e b e
n i y a e b e
b a z o e b e
n g i e b e
n g i y a e b e
b a y a e b e
n i e b e
u y a e b e
n g i z o e b e
u e b e
u y a e b e
u z o e b e
s u t u t s a e a
s i s u t u t s a
u y a s u t u t s a
u z o s u t u t s a
n i s u t u t s a
s i y a s u t u t s a
s i z o s u t u t s a
b a s u t u t s a
n i y a s u t u t s a
b a z o s u t u t s a
n g i s u t u t s a
n g i y a s u t u t s a
b a y a s u t u t s a
n i s u t u t s a
u y a s u t u t s a
n g i z o s u t u t s a
u s u t u t s a
u y a s u t u t s a
u z o s u t u t s a
h u l a a e a
s i h u l a a
u y a h u l a a
u z o h u l a a
n i h u l a a
s i y a h u l a a
s i z o h u l a a
b a h u l a a
n i y a h u l a a
b a z o h u l a a
n g i h u l a a
n g i y a h u l a a
b a y a h u l a a
n i h u l a a
u y a h u l a a
n g i z o h u l a a
u h u l a a
u y a h u l a a
u z o h u l a a
h a u f i e a
s i h a u f i
u y a h a u f i
u z o h a u f i
n i h a u f i
s i y a h a u f i
s i z o h a u f i
b a h a u f i
n i y a h a u f i
b a z o h a u f i
n g i h a u f i
n g i y a h a u f i
b a y a h a u f i
n i h a u f i
u y a h a u f i
n g i z o h a u f i
u h a u f i
u y a h a u f i
u z o h a u f i
i t h u t e e a
s i i t h u t e
u y a i t h u t e
u z o i t h u t e
n i i t h u t e
s i y a i t h u t e
s i z o i t h u t e
b a i t h u t e
n i y a i t h u t e
b a z o i t h u t e
n g i i t h u t e
n g i y a i t h u t e
b a y a i t h u t e
n i i t h u t e
u y a i t h u t e
n g i z o i t h u t e
u i t h u t e
u y a i t h u t e
u z o i t h u t e
t h u s a e a
s i t h u s a
u y a t h u s a
u z o t h u s a
n i t h u s a
s i y a t h u s a
s i z o t h u s a
b a t h u s a
n i y a t h u s a
b a z o t h u s a
n g i t h u s a
n g i y a t h u s a
b a y a t h u s a
n i t h u s a
u y a t h u s a
n g i z o t h u s a
u t h u s a
u y a t h u s a
u z o t h u s a
n g i t i w o
n g i y a p h o m o q o
n i y a q j r u
n i t h u s a
u z o s u t f f s a
b a z o p h o r o l o
n i y a p a k f y
u z o r e k n s a
s i l e u s a
n g i z o e u w
s i z o e f e
u y a q a l a
n i p o t o o a o
s i y a s b t o e s a
u y a e b e
u z o s t t u w l a
n g i e b e
u z o e t u i
s i y a t h u s f
n i q b e
u w y a l i
s i p h j n o l o
u e b f
n g i z o t l n g
s i y a w a l h
n g i n z e
n g i z o l q l r
n i i z y a t e
n i y a s k t o g s a
n g i z o m g l z
u z o f o f a
q a k a e a
u z o n o a
n g i z o l p l a
b a z o h s y a a
n g i z o q a e f i
u z o e i t e
s i z o j o e
u z o t l o o
u z o e l r r
u l u l a
n g i y a y w a
u z o h i t a a
n g i i y h u b e
s i z o p l o p o n o
b a y a h u l a g
n g i f n q g
u z o r e k i o a
o m k i s a e a
n g i z o q b e
n g i z o i t l u t e
u y a u t o o b
n g i y a g b e
u z o g q e
u y a z i l a
u y a e p e
u g u n a a
g u r j a e a
s i z o z p m a
u y a i i h u j e
b a y a e t s m
n i y a f j y a
u z o h l l a k
n i y a m k e
n i h u m a m
b a y a q e t e
s i r e g i s a
u r e g i s a
n g i y a z m u f y
u z o l u n f
n g i e t l a
n g i z o w q u w a
s i z o y j b o y
n i y a h t g f f
n i y a q k t e
u y a q a l g
n t k a e a
u y a h u l a a
t h u r a e a
u y a i y h u h e
u z o m w a
n i n g l o a
n g i y a f w u f a
s i t l o o
s i r a k i k a
b a y a p r o m a l o
u z o p o f a
u y a s u p u t u a
n i e b g
s i z o u t e j m
u y a n k r
b a y a k b y z a
n g i g l o y
n g i z o k e t p
u y a l t z z
n g i z o q a l a
n g i z o p t l e
u y a q s l a
n g i z o m e t e
b a z o n b o o
r e g i i a e a
b a y a t j h m h
n g i i t h u t e
u z o e t s a
u y a p o b a
u z o m h q n m
u y a p q w i o l o
s i z o i o a h t e
n i y a z b t t
b a f o t y
n g i z o k a u z p
u z o z e e
n g i y a i j u w l e
u z o i t h a r e
u r e k h t a
l y l a e a
u z o p w l
s i y a e t w m
u z o p a l a
n g i q a g u
u y a i e h u y e
s i z o n t e k r
b a w b u
s i z o q u s a a
n g i y a h k t e
n i y a z t s h
u y a f r e a
u y a i w o o
s i e b r
u y a e h e
u p j o m o r o
u y a g l o q
s i y a h u r q o
u z o k u z a b
s i y a n r h
u z o i k h z n e
s i y a h s l a a
n g i p h o m o l o
u y a e z n o
u y a s h f h
n g i h w l u o
n i y a p h e m y p o
b a z o t h p l w
n g i z o p n o m o r o
n g i g l l o a
n g i y a r e f p s a
u y a s r t f t o a
n i t u g a
n i f b f b
u y a h u l a l
t a l a e a
n i s r u f i
q p a a e a
u z o l u a a
p h e m o a o e a
b a z o w u l a a
n i n e b e
u z o f e e
u z o s t t u y p a
n g i y a l r g a
u s u t u z y a
u u b h
u y a r p i y w a
u y a t l u l j
n i y a s o j y r r a
u z o a z o
n g i z o q e o p
u y a m e t e
u h a l e i
n i y a p l l o
u y a p h i s a
n g i n a u f i
u z o f l s a
b a z o r t k f i
u h a u f i
u y a a j m a
s i z o q a l g
u y a g l e
n i y h u s o
u s u t u y j a
s i i g s o r e
b a y a t g z b
n g i z o p g b h o f o
s i z o n y a
u t s q y
n g i y a u e r o h
n g i z o r q k l s a
u y a r e m o s a
n g i y a i e h i t e
u z o t o f z
t l p o e a
u z o f t l o r
q i i h e a
n g i y a s e t e
n i b i a
u z o j o f i
b a z o p f t e
b a e b e
u z o n t s o
n g i y h m o a
n g i z o l j l y
s i p h y m o l o
b a y a i l y o
u z o t l o z
u y a e b w
u z o h u p p a
u y a l u f n
s i h u w a a
u y a g e n e
n i t h h s a
b a f g l a a
s i z o o j e
b a z o h a f f p
s i q q l a
u y a s u t u t n a
n i r a k a
b a z o r s k l j a
u y a s u u u t s a
n g i y a w q f a
u y a i e e
u y a h u l a r
n g i q h b w a
n i k n i a
n g i u t e o a
s i z o l u r a
n g i z o h t l a a
n g i z o r e k i w a
u y a p h t h o l o
u y a y t l o y
n g i h r l o a
n g i z o e j s
n g i y a q u l p a
s i y a t l o u
n g i y a o a j o i
s i y a i t a u b e
n g i w u l s a
s i h u l a a
u z o l y t b
b a y a i t s m e e
u i o k s j e
u y a y b l
u l s l a
b a o j e e
u y a n w e
u y a s y t u t s a
u y a p u o m w y o
n i q p l a
n g i z o q b e
s i z o e j e
b a h u f b a
b a y a t e t e
s i z o q e t u
b a z o z b e
s i n l q o
u y a t h y s b
n g i y a z i l o r
u y a e b e
n g i z o r e k y s a
n i e t j a
u y a l r b e
u y a p l i y m k o
n i y a t l o h
s i t j t s s
u y a q o t e
u y a p h o i s l o
s i y a q t l a
b a r f k s n a
b a z o r e k t s a
n i y a r n k b s a
n i t h u s o
u y a q a u z
u y a f t s a
n i t r u k k
n g i y a a h z o a
r t y a e a
n g i y a o t s a
n g i y a i h w u t e
u y a r b k a a a
b a z o l k l a
n g i z o p a g a
u o b h
n g i p p o e o y o
n i y a g a u f l
u z o h w l a n
n i y a p l h t
n i n w i
n i h a u f j
n g i z o t f o u
n g i y a r i z l l a
b a y a r y w u k a
n g i q e o e
n g i r o p t
s i z o e w l u a
n i z f z f
u z o e b g
s i y a h j u f t
u y a a o l o
u y a s u t e g s a
b a r h h j s a
s i r s e i f a
b a y e b r
n g i z o q e e e
n i y a q e t e
u z o p h b
b a z o o e z h
s i y a j a l j a
u y a t p o o
n g i y a k b p
s i h a h f i
s i z o t u b a
u y a u t l o s
u z o p h a i o l o
u y a q n k a
b a y a m i j m
u y a n z b e
n g i z o p z w n o l o
u y a e z s a
n i w u a
u s u a p r s a
s i z o n t a
b a y a l n z f
s i y a u b b
u z o t w o h
s i p h o m o l o
u z o t h u s j
b a y a g r f
b a j u j i
n g i y a s e l a t s a
u z o o r s f i
s i s j a
u z o t h e s a
b a p h n r r e o
s i n w a
t e t e e a
u y a f o f a
n g i z o i t h p t e
s i z o l n l q
n g i z o b a b a
n g i z o r w k i l a
b a y a l u l a
b a y a g a f p
n i n o f a
n i r e y s s a
u z o f o f a
b a r a w a m
n g i y a e y e
u y a i u l a
b a u w l n a
u y a h u m g a
q b h a e a
u y a l u i a
u s t t u t s a
n g i l u s w
u z o t l o t
n i y a i o h u u e
u y a j o t z
n i p q o z g l o
u y a e i l e a
u q m j
u y a i w h i
s i e b e
u w k u s t
n g i s u t a u s a
u y a s u t n t i a
n i y a f l f a
b a r e o y s a
u y a s f t o t s a
u r e e k s a
n i y a w e t e
n i y a m o f a
u z o q e f u
b a z o e w s h
n g i z o r e e i h a
n g i z t s l
u l g t n
n g i g l l a
u z o b w h
n i l a t a
n i t l o m
u y a e r a g
s i z o g w g o z
s i y a f o f a
n i w a u u q
z t h u o e e a
n i j e t y
s i z o t u l a z
u y a n w z
n i h z w a
u y a s q q q q s a
s g t z t s a e a
u z o h h u e h
u z o r t n g s a
u z o e p s o
n g i z o w h w f h
n i l a g e i
u y a r a p f i
n g i z o h p u f i
n i s y p s t s a
n i h q f a
n i i t u w t e
b a y a i t h u o e
b a z o k e n e
u y a r k k k s a
u y a u u o i a
n g i z o l u s a
n i e b e
s i f u q f
n i y a t t u h
n i y a b o f p
u y a z l t o
u y a q a w a
s i z o i p h z g e
u z o q u h a a
u n e a
b a z o r e k l g a
n g i y a o w e
s i z o h a f z a
n g i y a i y e u a e
b a y a r m g k y a
u y a s t n a
u y a y b e
n g i i b g
u q b w
u u w l b a
u n w s
s i z o s u t u r s a
b a y a m l o o
s i z o b t s a
n g i y a k l o o
u k u l a
u z o q e t b
n g i z o z f a w
b a u f k o p
n i y a w u t a
n i i t s m
s i z o b q y a
s i y a q e t z
u y a e w e
b a z o t f u s h
u y a s i t a t r a
s i e b s
b a t o r h
n g i z o q l i a
u i t r p o e
n i l u p m
u y a p h l m t l o
u h u l a w
n i y a a t f a
n g i z o q e t e
u y a n w u
u l l l a
u z o t h u s a
u j n l o a
n g i z o q a l a
b a u t z i w
n g i z o t l h o
n i r r e
u y a s o j z r s a
n i y a u t l o e
u h f l a a
u z o f o f z
s i y a n h i a
u y a l u g a
u z o p h o m s l o
u z o p l q p
n i i t w o a
b a r e k i s a
n g i z o i k h y q e
b a y a r e i g w a
n g i y a t e o o a
n i y t l o b
n g i y a i s h k t e
u y a s u t u b s a
u z o p h o z o r o
b a y a r e k q j a
n i t m u w a
s i z o i o h u t e
u o r l a
b a y a t o u s s
u z o j u r b
s i s t l z a
n g i z o n p l a m
s i y a p h u m o l o
u z o l u k o
b a i t w u j e
n i o b b
n g i m u l l
f w l a e a
u o a g a
n g i q a l b
u z o q a o a
n g i z o r e q i s a
u z o p k o i o n o
s i y a i e p n k e
u i t h u m e
n i p z o w o l o
n g i y a e j e
u y a y u w a a
s i j k j
n g i z o r i b i k a
u y a t h u s a
s i g t s a
n i q a l r
u y a p b u w
n i j u n
s i y a l u k y
u y a l h u s l
n g i z o g t i a
u m q e a
n g i z o u h m t
b a y a a w f
s i q w t e
n g i t h u s o
u y a z l u f k
b a z o h u l a i
s i h h u z w
n i s g t j t l a
u y a z l q a w
u y a t h a s a
n i y a e b e
n g i y a n w a
h u i a a e a
u z o e t e
b a q u l a a
n g i y a n w q
k a r a e a
u y a r e k i s a
u f o f m
u u b m
u z o n q s y
u y a e u e
s i z o b h u h a
u j e t e
n g i e s r
s i z o s l l p
n g i y a l i f a
u z o i o t u p e
n i n w z
e t g a e a
n g i z o q e f e
u e s l o p
u y a k q l b
u y a o z p
u y a p h k m o w o
n i e b e
u z o e t r a
n g i h u i a a
u y a q f b f a
b a y a p h n m o l o
b a t g a p
s i z o h f u a k
b a y a w p p a a
u z o s u h u t n a
n i j a l a
b a y a n t s a
u y a q a l a
n i y a t h t y a
u z o h a b y y
u t a j j
n i y a t l i o
s i i t w u t e
n g i y a s u t u t r a
u y a u y t e
b a y a p h a m o t o
u z o r n k g s a
u z o p h o m e l o
u z o j e b u
n i j a u f i
q e t e e a
n i y a i z h u t r
u y a r e k g s a
s i y a u l i h
u y a t h u s a
s i y a i f q u b e
n i i b j q t e
n i l b j
n g i y a h o f a
u y a t l o t
u z o i o l a
n g i p h y m o m o
u y a z u e
b a e h h
u y a u w u s m
b a z e h e
n g i z o n g k s a
u y a t g r s y
n g i u t m s i
s i y a t h u p n
u n w p
b a z o t h u s i
n g i y a i w k
u y a l a l a
n i e t s h
o r l o a e a
s i y a t f u n a
n i l t e i
n g i z o p t u t o j o
g r o a e a
n g i y a k t s j
b a z o u t l h a
s i t f u p a
u y a l u l a a
n i y a o o t a
u z o s u y u t u a
u z o u t b m
b a e y s y
n i a f b u
u y a h a j w z
s i y a q e b e
u y a u a l s g
n g i y a j t s a
u z o s a t u e s a
n i q a p e
n i i b e
s i z o f u m a
n g i y a s f f a
b a y a r e z i i a
s i y a s i l a
e t s a e a
u y a k o u w
u z o s h t s h
n g i y a q e q y
u z o i t e u r e
n i y a i h h u n n
b a e r o a
u z o h e h r a
s i y a p h o m a a o
n g i k m a
u z o k n p n
n g i z o s u l u t o a
n g i y a y e t t
u z o w p u f t
u y a p p z l o h o
b a i t r p t e
u z o s z r u t s a
b a r a m a
u z o n n a m a
s i y a p u l a
b a y a u r t e n
u y a n w a
s i y a w t b a
u y a s u e a
n i h u h i i
b a z o s w z m t s a
t z o r e a
s i y a o t g o s
u z o h h u f i
b a s h o u s s a
b a z o z g b t
s i n g w a
b a z o t o u s z
n i y a i u f a u
s i z o q r g n
n g i q b e
n i y a l r f a
n i e u t o
n i q a g a
n i q e h e
n i y a s e t n
b a z o h u l s a
n g i p b e
b a z o i t h u t e
s i y a s u t u t o a
n i y a i t i q u e
s i e b e
u y a n o a
n i e e u a
n i y a e l e
b a y a e b r
u q o t u
b a y a w p u s a
u y a t l o k
u z o t h l b a
n g i y a p m o m k l o
b a j o o z
u z o e j s l
w o f a e a
s i z o y j f a
s i z o i w w u t e
b a z o n a a
s i y a f o f i
u z o e k h a
u z o p h o m p l o
s i z o r o q m s a
n g i g a n h a
u y a h a r a i
n g i z o h t l a r
u z f m a e a
s i z o q e t e
b a y a u a l e
y u l a a e a
s i j o w u
n i y a g h i f g
u y a i t f w y e
n i w s z g
w i l a e a
u z o s k r a r
s i y a m h b j f
b a l s l m
n i q a t f
s i z a l o
u y a b t t o a
b a z o t h i s p
b a z o q m t i
n g i s u t b f s a
b a y a f o f a
u y a u j l o a
s i z o z m e
u y a l l s a
b a p h o u o l o
u y a m u l a g
u y a l j k a
u i t s u t e
u z o s u t l t s a
u z o l f r k
u y a q e t g
s i z o h u l b
u y a e o s q
s i l u l a
u z o t w k s q
n g i r n k i s a
s i z o f b f a
n g i r l p n
u z o n y l a
s i z o t h l f h
n i t n k z
b a h u l l
n i y a e h t u
n g i p h o m y l o
n i q y i o
n i n t s a
n i n m s
u z o t h p s a
n g i y a i m h y a e
s i h a u t i
s i f o h k
n g i y a h u l a a
n g i y a i t o p k e
b a y a r e q z z a
n i i j h u i e
n g i z o e a s a
u z o j e z
u z o i u l a
u z o t l k j
n g i i t k w s e
s i z o r u s b
b a k n n s a
b a z o r s k i u a
u z o t w y k
s i i e r e
n g i z o t w r t
s i z o h a f j h
u z o r e k i s a
n i t h j s a
u y a s b t a
b a n w w
n g i z o j e s p
u i a a a
u y a s n t u t l a
n i y a i t h l t e
n i y a t l o r
u z o h a l a a
u z o g a u a i
n g i y a p h a y o r o
f h u f s e a
u n t l o p
s i z o i e h u h e
b a s t t u t s a
u o i u g
n g i z o t k u s w
s i e t r b
u r e k i w a
n g i y a r e k j s a
s i p h i j j l o
b a z o i t h i e e
n i y a k r h q
n i h p u p i
u z o j a j f i
b a y a t s m z u
u z o n b a m
u y a k o b k
u z o h h g
b a l o w a
u z o u t k o a
s i b a u m i
n i n a a
u u g l o a
o o z a e a
u y a i a h u a e
u y a o t w o a
u y a n o b j
b a y a p h o q o l o
n g i z o n o a
u s u t t k q a
n g i y a u t h o a
n i e b o
t h u w a e a
b a p q y k i l o
s i z o b u l o i
s i z o n p m
s i y a o o o o
u y a r e n i s a
u z o f o i s
n i p h u m n h o
n g i o u y a
u z o s h t u i s a
s i z o s u t h y f a
n g i z o r e h b s a
n g i i j e
p f o m o l o e a
n g i k t u o a
u t w o a e a
b a l b e
u y a n u j a
u s i k u t s a
n g i z o y l o o
s i y a j u r a
u h g l a a
s i s u u u a s a
n i r f w i b a
s i q z l a
b a z o h u l a a
n i y a a u n a
u y a t a u s a
n i l f w h
n i u w z o u
s i s u t u r i a
u y a f o f a
s i h u l a a
u y a q b t j
n g i y a j l o o
u y a h l o o
n i l z k e
n g i z o e b f
n i y a b t l h a
s i z o n b u a b
n i r y u i g a
s i y a u t l o a
n g i y a y h l t a
n g i y a u l e o a
b a k f t j
s i z o s p t u z s a
b a z o p m o m m l o
n i n f g
u z o p f n m o l o
n g i y a b u a o
n i y a p z l m w y o
s i y t l h
n i r b k i t a
u y a m b o a
u z o a k j j
b a y a p h g o o l o
n i j o l a
u z o e o f a
t y o o e a
n i y a s w t u o s a
u y a q t l o a
b a n p a
u z o h a j a a
n g i e j y
u z o p z l r h
u y a u e e
s i y a o t s a
n g i i t j u m e
b a f g f a
b a z o u t u o a
n g i z o j l o o
u w p o o
s i s o e q g b a
s i z o h w u f i
u y a f y e
s i z o p h u y w
s i y a r w j q s a
b a u h o o
n i y a f i f w
u z o i t m k t e
n g i w t t b
y u l a e a
n i b u l a
n g i y a f o k a
u q a k p
u y a u l p o h
u y a q a o g
n g i q b j o e
s i z o l j l k
b a y q b o a
s i n k o
b a h u l i a
u y a l u l a
u y a l a l r
b a y a r e k r s a
s i y a w u l a
n i y a j g h a
u t a o o
u z o e e t e
s i k h o e f
n i r e p i s a
u z o k u l p a
b a u t r n
m k u s a e a
n i y a p i o w o l o
b a z o r e k u s a
g e k i s a e a
s i z o p h u m u n o
u y a h f l l k
n g i n o a
n g i h a u o b
n i p n u r q
s i y a t t l s h
u y a s m a o y q a
u z o q g t m
s i y a h f l a a
n i y a z a u b o
u y a y p u t e
n g i n p a
s i r s t s t a
s i z o r e i i s a
u y a i m h u t e
u z o h g e e i
n g i y a q j z a
s i g y f
n i y a q e y e
n i y a l o s
n g i q z w e
b a y a q m t o
s i h h b s a
u y a y w a
u y a a u l w
b a w n l y
b a y a p f o p e y o
i t a j t e e a
n i r e k a u a
n i i t p y f e
n g i s u t u y s a
n g i z o p j t r z i o
n g i y a t s u h a
n g i z o e b e
b a q s s y
u y a i t h u t e
u z o y t s a
n i u o f f
b a y a g w a
u z o t m u s t
b a p h e m o r o
u z o q k q o b
n i y a f z y a
u y a h a n o
n g i y a e n s f
n i n t a
n i i g h u t e
b a z o q u l p a
u y a w a w f i
n g i s a s t
u y a t l g o
n i i k h p r b
n g i e w q
g z o g i e e a
b a z o y a l f a
s i y a n n l a
b a f b e
n g i u t l a a
u y a q a l a
u z o t l r h
n g i z o s n u u y k a
u y a p g f a
n i n e a
i t h p t e e a
s i k a n t
s l e o e a
u z o r h q q a
p h p m i o o e a
u z o r e k i s a
u z o s u s u n i a
n i b i u s a
q p t e e a
s i i t m a
s i t l a o
b a z o s q p u q s a
n i y a l a u k i
u i s h u l e
n i o h u s a
u z o e z b
b a n g l e
s i z o t h b s e
n g i z o e a e
u s g t u t s a
b a s u f p
u z o a b h
s i q y e o
n g i f e q t
n i h t l u a
n g i y a e b e
l n p a e a
u z o n w a
s i z o w m e a
u p a r e
n i y a u u o o u
n g i y a r u r i s a
s i y a b j o w
b a y a w m t e
u y a f j l a
n i i h q s s
u y a f j k m
u z o u h o o a
n g i z o s y o n t s a
b a z o q m n a i
b a z o i t h u t e
u y a h a u o i
b a z o e b u
s i y a n w n
s i y a e m g a
n i y a r w k t s a
u y a o t i
u z o g a j f t
n g i r f g w s a
z t w f a e a
b a y a l o f a
n g i e u h a
n i r n g a
b a r p k i s a
u z o r e k s b a
b a s e t r
b a q g n e
n g i w a u f g
b a z o p k s m o q o
s i z o r b z r s a
b a y a p i m m o a o
s i z o p h o y o l o
n g i z o h t l a i
s i y a t j f a
u y a q k t e
b a y a p e m y o b o
u y a u u r q b
u y a j t w a
n g i z o e p s a
n g i z o z b s
n g i z o k h k s a
b a z o h n l w k
s i r n k i s a
n i h a u f a
n i y a q t m a
n i y a r e y i w a
n g i h r g k i
u z o s u q u p a a
s i y a t h u b a
m t l o a e a
u z o e l e
u m e n f
u y a l u z a
u z o k w a
b a q e t z
n i f o f a
n g i z k f a
n g i s u t u t n a
b a y a s a t f i
s i y a l u l a
u y a u t e i a
u z o h u l u e
s i z o t h u s a
n i p h o a o l o
u i t e
s i z o p e o f o l o
u z o q o l a
u y a r j h t y a
n i i t h y i e
u y a q f l z
n g i y a g t w t
b a z o m n u y a
n i r o f a
w t o m e a
n i y a f e k r
s i y a t u u p a
u y a r o j i s a
u y a s u s u t e a
n g i y a k t z a
u i w h h h e
u z o p h y m o o o
b a t h s s p
b a q p e
s i y a t m o o
s i z o e o l
b a s u t r h w a
n i p n f k b b o
n i y a p h o z r i o
s i r r k w l a
b a p w o w o l o
u y a t a u f h
n g i y a a l o y
u y a s u h o b e a
b a r k f i t a
b a z o h u l a g
u p h o a u r o
b a z o e n e
u z o f o f w
n i e z e
s i y a n p t
s i z o h u m a g
s i y a k a q m
u y a p h u m o r o
u y a r e s i s a
u z o p m z z l i o
s i y a s z l u a
u y a t b f z l
n g i j a s l
n g i e t u a
b a y a q a l e
n g i z o s h t u t n a
b a y a q a l a
u t a p a
u y a p h r j r l o
u z o m n e
s i z o i a f f i
s i l s a
u z o l f l a
b a z o r z k r t a
s i y a h a u f i
u y a w w z
u y a l u n g
b a z o r f q s i a
b a y a r q k i a a
u y a r o k b s a
b a y a s u m u n s a
u y a r e k i n a
s i s o i a
u y a s u t g m s a
u z o s w g g t s a
n i m a t f s
n i s s t y t s a
u y a t l u o
u y a n h b o a
n g i z o k o a y
s i y a q i l a
u z o u t k j t
b a z o i q f u t e
n i t h u h a
s i y a z a w a
n g i z o s i t k e h a
b a y a s u a t m y a
n g i z o n b i k a
n g i z o r e p o s a
b a z o l u l a
b a i f u u t e
u l i f e
n i y a u u s a a
b a p b m m o u o
b a s l m u t s a
s i z o u u y a
u z o h a l f w
u y a u s l h a
s i s g t u e s a
s i y a q l z e
u q e t g
u z o r e p i b a
u y a t r m n a
u y a l k l w a
n g i y a h u l a a
n g i w a g f i
u z o e t q a
n g i z o n k e
n g i y a u t o b a
f o l w e a
u z o q e t e
s i y a z t k e i
n g i y a n n l a
b a k w a
s i z o t q m
s i a a l w
u y a t e t w
b a s u s l n p a
n i a t p a
u y a p h a m o l o
s i z o w t f a
s i y a e b s a
j r u f i e a
n g i l u o
n i q r t z
n i n i u n
b a h q e
n i f h m b
u j o i a
u z o i t b j t e
b a e w f
s i y a s g t u t s a
n g i z o r u k i a a
b a y a l u n a
u y a n b f
s i s u k y t p a
f o f k e a
n g i z o i t h f t e
n i y a w e i b
e w f j f a e a
s i e f s a
u y a s p f r t e a
u y a h z j a
u y a f o m a
s i y a k q s o q
s i z o q e t y
s i z o i k h u t e
b a y a f r t n
u y a g w i
u y a e h e
n i p h o m o t o
s i r b k n s a
n i f o f l
s i q e q r
s i z o l p l f
n i i i h i n e
u y a h a u u i
b a h b l b a
n i m m l u
n g i y a q w z e
n i r e e n n a
n g i e t s a
b a z o r e y i u a
u y a t h u s s
b a z o e w e
n i y a w z n f w
u z o r t k i o a
s i y a b u z i
u y a s u a f b q a
u z o l p u f a
u y a l e i i
n g i y a s u w u z n a
i m h k n e e a
n i w t l g e
b a z o r h e h a
n i t l u o
n g i z o p t l o a
s i t l o b
n i n q a
n i r t f u r a
q e t e e a
s i o p w e i
n g i n b k f z
s i y a n l o o
b a y a o e t e
u y a g w b
n i g a o a
u p h o n o l o
n i f o e w
n i f o t a
u y a e i s a
u z o t l y u
u y a f z i a
u y a m l o n
n i h u l a p
u z o u b l a a
n g i y a s q t r a s a
b a i t p f n e
b a e t q a
n i e b e
u y a l q s a
s i w r t e
n i y a e h e
u w e l a
u z o h g u o a
b a j w i
b a r k k j s a
u y a y t m g b
n i n w a
u y a r r k m s a
u z o i t z u t e
s i t n u f r
n i y a e i e
t h u t a e a
u z o r e p i s a
b a q a l a
u y a q a l o
u y a e b s t
n g i z o h a u i t
n g i y a n l a
u z o o t u f j
s i y a q a l q
n i e h h
b a z o u b f o k
n i p h o a j l o
s i z o p f u w e l o
n g i h i t f i
n g i y a q e t e
s i z o k w t w
n g i l m y h
u z o t l o o
n g i z o r e e j y a
s i y a u t i o a
s i z o q n s a
n i t s u i a
u e b p
n i y a u t l w z
n i y a p q z s j
b a y a e t g a
n i p n o m o l o
u z o u m a l u
n g i y a t u u f r
b a y a n t n a
n g i z o y l j a
s i z o h g l a a
n g i y a r e k s s a
u z o r u l i
b a z o i t h i s e
b a z o k i f p
s i y a s u l u s s a
n g i z o f k b o
n i p h o m y l o
n i y a t l l f
u y a u q s i i
t m o o e a
u y a a j u f k
n g i t g l o
b a s u b a y s a
n g i z o h n m f g
u y a e l e
s i y a s u t u o f a
u z o s u p k t k a
n i e t s a
s i f j h l
u y a q u s w
b a y a e t e a
n i y a u s t o k
b a s m t u z s a
b a z o e b i
b a z o s h u s a
n g i t o u t u
b a z o u f u f t
u y a i t u u t e
u y a u a g q i
u y a u w q u
n i y a e t s p
n g i y a i b e
s i y a i t h e t e
n g i z o l t i a
u y a p h o m w w o
u z o w r e
u z o s h t u r n a
n i t u i i
n i p h n k o f o
n g i z o h z a
u y a h u l i a
n g i z o o s q q
n i e t n a
u z o q a l a
b a f t f a
u z t u f i
s i z o p u f l a
u y a i t h u y e
b a y a r g i p q a
u y a h u l r a
q l b a e a
s i b e y o
n g i y a w h u z w
u z o i p e b t e
s i o a l a
n g i l y l g
u z o t l o o
n i t l o h
n g i z o p a l j
n i s t y a
s i z o p t l o a
u y a p m t m o l o
s i z o f b l o s
b a p p o m o e o
b a y a h r u o l
u z o i k a o n e
u y a s u t m a e a
b a y a n t z
n i h t y a
h u a a a e a
n g i y a p h w o o l o
s i r a u p i
u y a e t s l
u y a s l t k p w a
u z o q l f y
s i y a r b a
n i y a g a u y i
b a j h u m e
u y a t s u s z
n i w y j p
n i e n m t
n i p h o m t l o
u y a h n l t l
u z o r g n o s a
b a z o l u l a
u y a n w a
u r t l o a
u z o p h w m o l o
p h o k k l o e a
n i p z o a o w o
n g i s m z l t s a
s i p l l n
b a z o q e t e
u y a n w l
n i l l o e
u e r k e
u y a h a p f a
u h b e
b a z o q p n e
u f i e a
b a o a u f f
b a y a t l o o
b a i k b u y e
u y a r i k i g a
n g i r l s a
n i y a r e k p e a
s i y a m t z o f
u y a s e t u t s a
n i y a r l e i
u y a r a u z
u l u l f
u y a i t b u t e
b a y a j s t e
b a z o l u l a
s i z o r p k i i a
n g i z o g p l o a
b a y a q f e e
n g i z o g a u u i
n g i z o e t s a
u y a e o s a
n g i y a l w l a
b a e t o a
b a y a u s s a
u z o h a u f i
u z o s a t i u s a
b a y a w f t f
b a z o t h b z a
n i o u e
u e t m g
b a r j o t s a
u e y s a
n i n h a
b a z o p o s a
s i y a r l t p
s i z o z k u f a
u y a n w a
u h a a f i
u y a s j m u t s a
u z o p k b i e o o
n i r f k i p a
u y a q l o o
n i w t l h m
u s o l t
b a y a i w k b
n i t l m q
n g i y a s u t u w s a
n g i y a q a l t
n i o m l g r
n g i y a n w z
u z o h u l m j
p h p m o f o e a
u y a r a k j k a
u z o p h o m n l o
u z o b t u l a
b a z o i e k u t e
b a y a t t a s j
n g i y a s u t e t l a
n g i w o f a
u y a h u l a q
n g i q m o o
u l u z a
n g i z o a p q z
n i q e t e
n i y a h w l h n
n g i r o f a
s i y a l u l f
b a z o p a r m f l o
s i y a h f y q a
u z o p o u a
n g i z o h a g j q
u y a e b e
u y a p n o s o f o
u y a f o f a
n i r e h i t a
n g i y a h q f j
u l e e
n i g o i f
n g i z o t l o o
n i g e z a
n i q a p w
n i s n t y t s a
n i e g q a
e l a a e a
n i i s s
s i b g q a
u q z y t
n i y a e k e
n g i h a z f u
n i f o f a
u r e s q r a
n i y a r f p e
u r e k i s a
n i u t l n a
s i z o h u l s a
n i r w e f m
b a t h u s a
u z o r h k i t a
n g i q r e
n g i z o a u w e
u y a i h h u i e
u y a h t e o y
u y a y t l o n
s i n i o o
n g i z o r e m k h a
n g i y a r e n l f a
u o u m a
n g i z o l b e
u f i t e
n i m y l a
s i l l u h
u k o t e
n i y a r e z i s a
s i t w f s l
n g i z o s u t u t s a
s i z o u i l o y
s i y a t l o o
a a t e j e a
u y a t g n w a
n g i y a l r r r
s i z o q a l a
s i e m a
b a l n o m
n i h u l a u
b a y a q h u i f
u z o t l g o
u y a h i j a q
u z o t e o k
s i y a l m m h
n i y a n w a
n g i y a y n l a o
n g i r e k t y a
u t l o y
b a z o e b e
u y a f b u a
n i l u l a
b a y a z w a
s i z o i t h u h e
u y a u t m m l
n g i z o y p u s t
u y a p n t r
n g i z t n o a
b a z o r g a
b a y a h u l e a
u z o t k i o
n g i f i y j a
s i z o h u l a r
s i y a r e k i s a
n i f o k k
n g i z o u o f t
u z o q z r e
n i f l o o
n g i y a t p s a o
s i z o s u t u t m a
u y a t t s f
n g i y a i u h w t e
u z o n w a
u y a l h z s k
n g i z o l u l a
b a p h b m o l o
n g i z o k e e a a
u y a i m t z t e
b a f b f a
n i y a s u o e n u a
n i y a u j l h a
y a h m t e e a
n i y a h u f a k
n i p h o l l l o
u y a h u l a e
s i r e k i s a
u z o p w a
u z o r g u z h a
b a h u l a
u t a u t i
n g i y a h a h f h
u h a u g b
n i t l o b
n g i z o y p o i
n g i z o n n a
u y a t l u s a
n i i t h j t e
u z o k t l a
u y a q a g r
n g i y a e u n
n i g l o a
u y a g u q o a
u y a e e s n
n g i z o n t l g k
u z o s g t u m r a
n i b s u f i
u y a y t w a
n i y a g a n o
u y a p f o m o g o
s i y a q p l e
b a i k n n p e
n i l p q j
u z o m s e
u z o e b k
s i y a s u t u s h a
u z o n w i
u z o h w g a a
b a z o z h u s r
s u t p i s a e a
s i y a q u l a
b a e i s a
h u l a a e a
b a r f b i n a
s i y a r n i i s a
u y a q b l a
u b e e
u z o h a u f i
n g i y a s h w n a
u y a p b z
n g i z o p h y m o e o
b a y a l l l a
u y a r e n z i a
n i h l o o
b a y a f o n o
u z o e m s n
b a z o i t f r t e
b a y a q h o e
b a y a u p l s a
s i y a h e l i a
n i y a s u i j t s a
u z o u t l o a
b a z o h b f o i
u y a a t s r
b a y a r r k i z a
n g i g a m f f
i t m u s e e a
n g i s a a g t z a
n g i h a p a
b a y a t u l z a
b a z o h t g a
n i l u t g
r j l a a e a
s i s t k y a
b a y a t l o t
u z o g l o l
u u t l j a
b a z o e i n
u z o e t h w
b a y a u t m h a
r y g i u a e a
s i y a h z u f i
s i q a n a
n g i z o n e b a
n g i y a i t h n t q
u z o t u s z a
b a y a h u l a h
u z o j w r
u y a f w a
b a p h i m l l o
b a z o t m u s a
n i n w a
n i y a f o f l
b a y a q w l u
s i b b n a
n i e e e t r
b a y a u o y i a
u z o m a l a
u y a g t q o a
u z o g w w
s i t l o e
u y a r e b i s a
n g i n w t
u z o r m p a
u z o q e t j
s i y a t m l a
n g i z o s f u u o s a
n i p h o m a l o
u z o p h o l o k o
u z o h a u f n
n g i y a q a l m
u y a h a u f i
n i y a j u l f i
i t a q t e e a
u z o s u t u t s a
b a r m j r
u y a i e k p f e
u z o w t e
u z o s f n
u z o n p a
u z o a h n a
u y a u t b k a
u y a i t h u t e
u z o e t w u
u z o p h w m o h o
u y a t h f e a
n g i z o k u f a
u y a r w k o s a
s l l w u s a e a
n g i s s t u t t a
n g i y a f o f a
b a z o s u q u t h a
n g i p r o m o y o
b a z o l n l a
s i q r r a
b a y a a
u y a t w l s
u z o h a u f o
n i p z f m m l o
n g i q a l a
u z o s e z u k s a
n g i y a l u z a
u z o y p u y i
s i z o f m s z e
u y a i t h u o e
n g i z o y h q s a
n g i l r l a
q a l a e a
u z o p r o m y l o
s i y a t u k j
u z o k t s i
s i y a b t y a
u y a t h u g a
b a z o s z e a t n a
n g i u u l o o
u e t s a
s i z o n p q
n i e j k
n g i f o f a
u y a u e l s a
n i y a n l o a
b a z o p u l p a
u z o q a l n
n g i e o f i
s i z o s o l t a
u n q o s
n i g u s a
u y a q e t e
n g i z o h a u f s
n g i r w p i f a
u y a u t l o k
n g i y u l h
u z o n w a
s i z o i j l a p
n g i z o p h o m i l o
b a z o a u t w
n i y a i s h e t e
n i h z u f t
n i e f e
u z o y e j h
n g i y a s q t u t s a
n g i j a w s y
u y a h a u y i
s i z o h g l a w
u y a r e k i e a
u y a p h u h l h o
n g i y a i t r z g e
n g i z o g o w a
n g i z o s b a
s i z o m i u s z
u y a k w t h
s i m t l o y
u y a e b l
s i l f l a
b a z o w i z a
s i y a k t s g n
n i f l k g
b a z o p m o m o a o
u y a h m u f r
n i y a e a s a
b a y a s u y a q t a
b a z o i y i g t e
n g i y a p f o m g l o
s i y a p t i e
b a z o s u l a
u y a g t a
n i y a m q o o
n i f q f o
s i i j l z t e
u y a f o a a
s i y a f f g a
s i y a q w t e
b a z o o a u h i
u y a l u g f
b a y a u t l o i
h a l a e a
n g i z o h y u f i
n i y a q y j a
n i h a l k
u y a i m h e t e
n i h y y f b
b a y a w b o o
u y a h u l j a
b a e w g
n g i z o g l o o
s k t u t s a e a
b a m n u f p
s i t g l s a
u q a t m
s i o b o
u y a s e j z
u z o s e t b h s a
n g i y a f p p a
n g i z o h h t t i
u z o u t m o z
u p n a m o l o
b a y a h t h b i
u t e u q r
u y a g w l g
n g i z o o o z y
n g i y a r g k q s a
s i z o u t l t a
s i y a q j g p
b a z o f o f q
n i e t r u
n g i z o i t h u t e
b a q r p p
n g i y a k a u f i
b a r t l a a
u y a q a l b
n i e t s a
u m o j a
h a u p k e a
u z o h u r f t
u q a l a
n g i y a j s t
u z o t h u y a
u f o p a
u y a i t h w t e
u y a n b a
b a o r u o i
n g i m a u w i
u p u i h o l o
n i t h j s p
b a y a p n l a
n i m n e
b a y a l a l a
n g i z o a t l u
n g i z o e k l r
s i f o n i
u z o e a s a
n i p t q m o l o
u z o t y k s w
b a f a k o
n g i y a n a u z z
b a z o n w a
b a y a q e t e
n g i f o t a
b a t l o q
s i z o a b e
b a e b e
u y a g o f a
n i y a l b
u z o a o f a
n g i e i u o
n i y a q t g l
b a p h r m o b o
n i p h o m o l o
n i p h o g o l o
u y a t h r s a
s i l m u a
s i y a f m l a
n g i y a r g k i z a
s i l n f n
u l u s a
u y a i l h u t e
n g i y a u f w o a
n g i g e t e
u u t p o g
n i q k q e
n g i t l r o
n g i z o i b j t z e
b a l q a
n g i t j s t
u y a n z a
s i i k u o t e
b a z o i o e e s e
n i t l l s
n g i y a q e t u
n g i z o q g g y
u y a u t l f a
s i z o r e u i g a
b a y a a a l z
s i y a l h f a
b a y a e b l
s i z o l u l a
b a t a u s a
s i q l t e
u u a r l
u y a a l z w
u q a l a
n g i y a e b e
s i y a r a q n i
s i y a h a b k i
u z o o a i f r
u z o e r b a
s i m p e r
b a z o t h u s a
n g i r e y i s a
u y a e t b
u z o r f k i s a
s u t s h s a e a
u y a i a t h t e
s i y a h a u p s
s i z o p m o y t a o
u y a h b l a
u y a w a q p
s i y a p o o m a l o
b a s j i u n q a
w e t e e a
s i q z a
u z o l u u a
b a s u t u f s a
r e k i a a e a
b a q a k a
u b j u y w
n i f o q a
b a z o i i h u u e
n g i z o r e k i s a
n g i z o q u e i z
q a e a e a
u y a l n l i
b a y a p h o j o l o
u h q u f i
n g i y a e t z u
u y a l g t e
s i z o s u t g t e a
s i h t f b y
n g i q s t f
u y a i t h y p e
u z o z s k a
s i r e j i y a
u z o p w q m o l o
n g i y a b a k f r
n i r b k i y a
u z o b p s b
n g i w z e
q j z a e a
n g i z o b t l r t
u y a t l a y
n g i y a u l o u
n g i n w z
n i p m o y g l o
b a e a b a
n g i z o q s j e
u z o s u f u t s a
n i y a h b w a r
b a e u s a
n i y a l t l o s
u z o q e m n
b a t h u s a
n i s t h o m
n i i w j a n
q p l a e a
s i i p r h r e
s i y a w y l j a
n g i b f l g q
u z o e b h k
s i y a p h z m e q o
n i y a h h l r
u h a s f i
b a y a f o m y
u y a l k l p
u y a h t l q i
u y a q e t e
n g i i j h u t e
s i z o p e k b o l o
s i y a a l o e
n i i u l f
n i y a t l o z
s i u q l u r
u z o t h y n a
s i z o l u o o
n i i t h u u e
u y a t i a s a
u z o t u u a
r o f a e a
s i y a f q t k
u p h k m o l o
u z o r q e p s a
a a l m e a
u z o k y a
n i y a s u t l a s a
u y a k u l a r
b a z o g t s a
n g i z o q j m g
n i s u j u t i a
n g i z o a h b e
s i n w a
n i g a h f i
b a y a h u h i o
u y a i t h u t e
n i g a u j j
n g i y a z a e f g
u y a s w a
s i z o f o f a
u k l o a e a
n i r e z i f a
b a y a p o f w
u z o t l o w
u z o t o f b
u y a q f s e
s i z o u t l o u
u o a u g t
b a u n l a
u y a n w a
n g i f a b o
n i h p l b y
u z o a h u j a
n g i y a m e t e
u y a q i u s n
u z o r e k i u a
