o k r e s e c h
o k r e s e m
o k r e s e
o k r e s e
o k r e s
o k r e s
o k r e s ů m
o k r e s u
o k r e s ů
o k r e s u
o k r e s y
o k r e s y
o k r e s y
o k r e s y
l i s t o p a d e c h
l i s t o p a d e m
l i s t o p a d e
l i s t o p a d
l i s t o p a d
l i s t o p a d ů m
l i s t o p a d u
l i s t o p a d u
l i s t o p a d ů
l i s t o p a d u
l i s t o p a d y
l i s t o p a d y
l i s t o p a d y
l i s t o p a d y
b ř e z e n
b ř e z e n
b ř e z n a
b ř e z n e c h
b ř e z n e m
b ř e z n e
b ř e z n ů m
b ř e z n u
b ř e z n u
b ř e z n ů
b ř e z n y
b ř e z n y
b ř e z n y
b ř e z n y
k v ě t e n
k v ě t e n
k v ě t n a
k v ě t n e c h
k v ě t n e m
k v ě t n e
k v ě t n ů m
k v ě t n u
k v ě t n u
k v ě t n ů
k v ě t n y
k v ě t n y
k v ě t n y
k v ě t n y
p r o s i n c e m
p r o s i n c e
p r o s i n c e
p r o s i n c e
p r o s i n c e
p r o s i n c í c h
p r o s i n c i
p r o s i n c i
p r o s i n c i
p r o s i n c i
p r o s i n c ů m
p r o s i n c ů
p r o s i n e c
p r o s i n e c
o b y v a t e l e m
o b y v a t e l e
o b y v a t e l e
o b y v a t e l é
o b y v a t e l é
o b y v a t e l í c h
o b y v a t e l i
o b y v a t e l i
o b y v a t e l i
o b y v a t e l i
o b y v a t e l i
o b y v a t e l
o b y v a t e l ů m
o b y v a t e l ů
č e r v e n
č e r v e n
č e r v n a
č e r v n e c h
č e r v n e m
č e r v n e
č e r v n ů m
č e r v n u
č e r v n u
č e r v n ů
č e r v n y
č e r v n y
č e r v n y
č e r v n y
o b d o b í c h
o b d o b í m i
o b d o b í m
o b d o b í m
o b d o b í
o b d o b í
o b d o b í
o b d o b í
o b d o b í
o b d o b í
o b d o b í
o b d o b í
o b d o b í
o b d o b í
o b l a s t e c h
o b l a s t e m
o b l a s t i
o b l a s t i
o b l a s t i
o b l a s t í
o b l a s t i
o b l a s t í
o b l a s t i
o b l a s t i
o b l a s t i
o b l a s t m i
o b l a s t
o b l a s t
h l a v e ň
h l a v e ň
h l a v n ě m i
h l a v n ě
h l a v n ě
h l a v n ě
h l a v n ě
h l a v n í c h
h l a v n í m
h l a v n i
h l a v n i
h l a v n í
h l a v n í
h l a v n i
r e p u b l i c e
r e p u b l i c e
r e p u b l i k á c h
r e p u b l i k a m i
r e p u b l i k á m
r e p u b l i k a
r e p u b l i k
r e p u b l i k o
r e p u b l i k o u
r e p u b l i k u
r e p u b l i k y
r e p u b l i k y
r e p u b l i k y
r e p u b l i k y
s t r a n á c h
s t r a n a m i
s t r a n á m
s t r a n a
s t r a n ě
s t r a n ě
s t r a n
s t r a n o
s t r a n o u
s t r a n u
s t r a n y
s t r a n y
s t r a n y
s t r a n y
h u d e b n í
h u d e b n í
h u d e b n í
h u d e b n í
h u d e b n í
h u d e b n í
h u d e b n í
h u d e b n í
h u d e b n í
h u d e b n í
h u d e b n í
h u d e b n í
h u d e b n í c h
h u d e b n í c h
h u d e b n í h o
h u d e b n í h o
h u d e b n í h o
h u d e b n í m
h u d e b n í m
h u d e b n í m
h u d e b n í m
h u d e b n í m
h u d e b n í m i
h u d e b n í m u
h u d e b n í m u
k o s t e l a
k o s t e l e c h
k o s t e l e m
k o s t e l e
k o s t e l e
k o s t e l
k o s t e l
k o s t e l ů m
k o s t e l u
k o s t e l ů
k o s t e l y
k o s t e l y
k o s t e l y
k o s t e l y
v o l b á c h
v o l b a m i
v o l b á m
v o l b a
v o l b ě
v o l b ě
v o l b o
v o l b o u
v o l b u
v o l b y
v o l b y
v o l b y
v o l b y
v o l e b
p o l i t i c e
p o l i t i c e
p o l i t i k á c h
p o l i t i k a m i
p o l i t i k á m
p o l i t i k a
p o l i t i k
p o l i t i k o
p o l i t i k o u
p o l i t i k u
p o l i t i k y
p o l i t i k y
p o l i t i k y
p o l i t i k y
č l e n a
č l e n a
č l e n e c h
č l e n e m
č l e n e
č l e n
č l e n o v é
č l e n o v é
č l e n ů m
č l e n u
č l e n u
č l e n ů
č l e n y
č l e n y
s t a n i c e m i
s t a n i c e
s t a n i c e
s t a n i c e
s t a n i c e
s t a n i c e
s t a n i c e
s t a n i c í c h
s t a n i c í m
s t a n i c i
s t a n i c i
s t a n i c i
s t a n i c í
s t a n i c
s t r á n c e
s t r á n c e
s t r á n e k
s t r á n k á c h
s t r á n k a m i
s t r á n k á m
s t r á n k a
s t r á n k o
s t r á n k o u
s t r á n k u
s t r á n k y
s t r á n k y
s t r á n k y
s t r á n k y
n á z e v
n á z e v
n á z v e c h
n á z v e m
n á z v e
n á z v ů m
n á z v u
n á z v u
n á z v ů
n á z v u
n á z v y
n á z v y
n á z v y
n á z v y
v e s n i c e m i
v e s n i c e
v e s n i c e
v e s n i c e
v e s n i c e
v e s n i c e
v e s n i c e
v e s n i c í c h
v e s n i c í m
v e s n i c i
v e s n i c i
v e s n i c i
v e s n i c í
v e s n i c
ž i v o t a
ž i v o t e c h
ž i v o t e m
ž i v o t ě
ž i v o t e
ž i v o t
ž i v o t
ž i v o t ů m
ž i v o t u
ž i v o t ů
ž i v o t y
ž i v o t y
ž i v o t y
ž i v o t y
p o m o c e m i
p o m o c í c h
p o m o c í m
p o m o c i
p o m o c i
p o m o c i
p o m o c í
p o m o c i
p o m o c í
p o m o c i
p o m o c i
p o m o c i
p o m o c
p o m o c
k r á l o v s t v í c h
k r á l o v s t v í m i
k r á l o v s t v í m
k r á l o v s t v í m
k r á l o v s t v í
k r á l o v s t v í
k r á l o v s t v í
k r á l o v s t v í
k r á l o v s t v í
k r á l o v s t v í
k r á l o v s t v í
k r á l o v s t v í
k r á l o v s t v í
k r á l o v s t v í
s y s t é m e c h
s y s t é m e m
s y s t é m e
s y s t é m
s y s t é m
s y s t é m ů m
s y s t é m u
s y s t é m u
s y s t é m ů
s y s t é m u
s y s t é m y
s y s t é m y
s y s t é m y
s y s t é m y
s o u t ě ž e m i
s o u t ě ž e
s o u t ě ž e
s o u t ě ž e
s o u t ě ž e
s o u t ě ž í c h
s o u t ě ž í m
s o u t ě ž i
s o u t ě ž i
s o u t ě ž í
s o u t ě ž í
s o u t ě ž i
s o u t ě ž
s o u t ě ž
c e l c í c h
c e l e k
c e l e k
c e l k e m
c e l k ů m
c e l k u
c e l k u
c e l k ů
c e l k u
c e l k u
c e l k y
c e l k y
c e l k y
c e l k y
m i s t r o v s t v í c h
m i s t r o v s t v í m i
m i s t r o v s t v í m
m i s t r o v s t v í m
m i s t r o v s t v í
m i s t r o v s t v í
m i s t r o v s t v í
m i s t r o v s t v í
m i s t r o v s t v í
m i s t r o v s t v í
m i s t r o v s t v í
m i s t r o v s t v í
m i s t r o v s t v í
m i s t r o v s t v í
p r o s t ř e d í c h
p r o s t ř e d í m i
p r o s t ř e d í m
p r o s t ř e d í m
p r o s t ř e d í
p r o s t ř e d í
p r o s t ř e d í
p r o s t ř e d í
p r o s t ř e d í
p r o s t ř e d í
p r o s t ř e d í
p r o s t ř e d í
p r o s t ř e d í
p r o s t ř e d í
n á m ě s t í c h
n á m ě s t í m i
n á m ě s t í m
n á m ě s t í m
n á m ě s t í
n á m ě s t í
n á m ě s t í
n á m ě s t í
n á m ě s t í
n á m ě s t í
n á m ě s t í
n á m ě s t í
n á m ě s t í
n á m ě s t í
s h r o m á ž d ě n í c h
s h r o m á ž d ě n í m i
s h r o m á ž d ě n í m
s h r o m á ž d ě n í m
s h r o m á ž d ě n í
s h r o m á ž d ě n í
s h r o m á ž d ě n í
s h r o m á ž d ě n í
s h r o m á ž d ě n í
s h r o m á ž d ě n í
s h r o m á ž d ě n í
s h r o m á ž d ě n í
s h r o m á ž d ě n í
s h r o m á ž d ě n í
o r g a n i z a c e m i
o r g a n i z a c e
o r g a n i z a c e
o r g a n i z a c e
o r g a n i z a c e
o r g a n i z a c e
o r g a n i z a c e
o r g a n i z a c í c h
o r g a n i z a c í m
o r g a n i z a c i
o r g a n i z a c i
o r g a n i z a c i
o r g a n i z a c í
o r g a n i z a c í
r o d i n á c h
r o d i n a m i
r o d i n á m
r o d i n a
r o d i n ě
r o d i n ě
r o d i n
r o d i n o
r o d i n o u
r o d i n u
r o d i n y
r o d i n y
r o d i n y
r o d i n y
z a ř í z e n í c h
z a ř í z e n í m i
z a ř í z e n í m
z a ř í z e n í m
z a ř í z e n í
z a ř í z e n í
z a ř í z e n í
z a ř í z e n í
z a ř í z e n í
z a ř í z e n í
z a ř í z e n í
z a ř í z e n í
z a ř í z e n í
z a ř í z e n í
m n o ž s t v í c h
m n o ž s t v í m i
m n o ž s t v í m
m n o ž s t v í m
m n o ž s t v í
m n o ž s t v í
m n o ž s t v í
m n o ž s t v í
m n o ž s t v í
m n o ž s t v í
m n o ž s t v í
m n o ž s t v í
m n o ž s t v í
m n o ž s t v í
s l u ž b á c h
s l u ž b a m i
s l u ž b á m
s l u ž b a
s l u ž b ě
s l u ž b ě
s l u ž b o
s l u ž b o u
s l u ž b u
s l u ž b y
s l u ž b y
s l u ž b y
s l u ž b y
s l u ž e b
n ě m e c k á
n ě m e c k á
n ě m e c k á
n ě m e c k á
n ě m e c k á
n ě m e c k é
n ě m e c k é
n ě m e c k é
n ě m e c k é
n ě m e c k é
n ě m e c k é
n ě m e c k é
n ě m e c k é
n ě m e c k é
n ě m e c k é
n ě m e c k é
n ě m e c k é
n ě m e c k é h o
n ě m e c k é h o
n ě m e c k é h o
n ě m e c k é m
n ě m e c k é m u
n ě m e c k é m u
n ě m e c k o u
n ě m e c k ý
n ě m e c k ý
n ě m e c k ý
n ě m e c k ý c h
n ě m e c k ý c h
n ě m e c k ý m
n ě m e c k ý m
n ě m e c k ý m
n ě m e c k ý m i
n ě m e č t í
n ě m e č t í
u n i v e r z i t á c h
u n i v e r z i t á c h
u n i v e r z i t a m i
u n i v e r z i t a
u n i v e r z i t ě
u n i v e r z i t ě
u n i v e r z i t
u n i v e r z i t o
u n i v e r z i t o u
u n i v e r z i t u
u n i v e r z i t y
u n i v e r z i t y
u n i v e r z i t y
u n i v e r z i t y
v ě t š i n á c h
v ě t š i n a m i
v ě t š i n á m
v ě t š i n a
v ě t š i n ě
v ě t š i n ě
v ě t š i n
v ě t š i n o
v ě t š i n o u
v ě t š i n u
v ě t š i n y
v ě t š i n y
v ě t š i n y
v ě t š i n y
d o s t a l i
d o s t a l i
d o s t a l i
d o s t a l i
d o s t a l i
d o s t a l i
d o s t a l
d o s t a l
d o s t a l
d o s t a l
d o s t a l
d o s t a l
d o s t a n e m e
d o s t a n e š
d o s t a n e t e
d o s t a n u
s m ě r e c h
s m ě r e m
s m ě r e
s m ě r
s m ě r
s m ě r ů m
s m ě r u
s m ě r u
s m ě r ů
s m ě r u
s m ě r y
s m ě r y
s m ě r y
s m ě r y
a r m á d á c h
a r m á d a m i
a r m á d á m
a r m á d a
a r m á d ě
a r m á d ě
a r m á d
a r m á d o
a r m á d o u
a r m á d u
a r m á d y
a r m á d y
a r m á d y
a r m á d y
r o z d í l e c h
r o z d í l e m
r o z d í l e
r o z d í l
r o z d í l
r o z d í l ů m
r o z d í l u
r o z d í l u
r o z d í l ů
r o z d í l u
r o z d í l y
r o z d í l y
r o z d í l y
r o z d í l y
s k l a d a t e l e m
s k l a d a t e l e
s k l a d a t e l e
s k l a d a t e l e
s k l a d a t e l é
s k l a d a t e l é
s k l a d a t e l í c h
s k l a d a t e l i
s k l a d a t e l i
s k l a d a t e l i
s k l a d a t e l i
s k l a d a t e l
s k l a d a t e l ů m
s k l a d a t e l ů
p a r l a m e n t e c h
p a r l a m e n t e m
p a r l a m e n t e
p a r l a m e n t
p a r l a m e n t
p a r l a m e n t ů m
p a r l a m e n t u
p a r l a m e n t u
p a r l a m e n t ů
p a r l a m e n t u
p a r l a m e n t y
p a r l a m e n t y
p a r l a m e n t y
p a r l a m e n t y
s o u č a s n á
s o u č a s n á
s o u č a s n á
s o u č a s n á
s o u č a s n á
s o u č a s n é
s o u č a s n é
s o u č a s n é
s o u č a s n é
s o u č a s n é
s o u č a s n é
s o u č a s n é
s o u č a s n é
s o u č a s n é
s o u č a s n é
s o u č a s n é
s o u č a s n é
s o u č a s n é h o
s o u č a s n é h o
s o u č a s n é h o
s o u č a s n é m
s o u č a s n é m u
s o u č a s n é m u
s o u č a s n í
s o u č a s n í
s o u č a s n o u
s o u č a s n ý
s o u č a s n ý
s o u č a s n ý
s o u č a s n ý c h
s o u č a s n ý c h
s o u č a s n ý m
s o u č a s n ý m
s o u č a s n ý m
s o u č a s n ý m i
j e d n o t c e
j e d n o t c e
j e d n o t e k
j e d n o t k á c h
j e d n o t k a m i
j e d n o t k á m
j e d n o t k a
j e d n o t k o
j e d n o t k o u
j e d n o t k u
j e d n o t k y
j e d n o t k y
j e d n o t k y
j e d n o t k y
p a m á t c e
p a m á t c e
p a m á t e k
p a m á t k á c h
p a m á t k a m i
p a m á t k á m
p a m á t k a
p a m á t k o
p a m á t k o u
p a m á t k u
p a m á t k y
p a m á t k y
p a m á t k y
p a m á t k y
k y t a r á c h
k y t a r a m i
k y t a r á m
k y t a r a
k y t a ř e
k y t a ř e
k y t a r
k y t a r o
k y t a r o u
k y t a r u
k y t a r y
k y t a r y
k y t a r y
k y t a r y
m u z e a
m u z e a
m u z e a
m u z e a
m u z e e m
m u z e í c h
m u z e í m
m u z e í
m u z e i
m u z e u m
m u z e u m
m u z e u m
m u z e u
m u z e u
s t a v b á c h
s t a v b a m i
s t a v b á m
s t a v b a
s t a v b ě
s t a v b ě
s t a v b o
s t a v b o u
s t a v b u
s t a v b y
s t a v b y
s t a v b y
s t a v b y
s t a v e b
k i l o m e t r e c h
k i l o m e t r e m
k i l o m e t r e
k i l o m e t r
k i l o m e t r
k i l o m e t r ů m
k i l o m e t r u
k i l o m e t r u
k i l o m e t r ů
k i l o m e t r u
k i l o m e t r y
k i l o m e t r y
k i l o m e t r y
k i l o m e t r y
b u d o v á c h
b u d o v a m i
b u d o v á m
b u d o v a
b u d o v ě
b u d o v ě
b u d o v
b u d o v o
b u d o v o u
b u d o v u
b u d o v y
b u d o v y
b u d o v y
b u d o v y
s e v e r e c h
s e v e r e m
s e v e r e
s e v e r
s e v e r
s e v e r ů m
s e v e r u
s e v e r u
s e v e r ů
s e v e r u
s e v e r y
s e v e r y
s e v e r y
s e v e r y
z á p a s e c h
z á p a s e m
z á p a s e
z á p a s
z á p a s
z á p a s ů m
z á p a s u
z á p a s u
z á p a s ů
z á p a s u
z á p a s y
z á p a s y
z á p a s y
z á p a s y
i n f o r m a c e m i
i n f o r m a c e
i n f o r m a c e
i n f o r m a c e
i n f o r m a c e
i n f o r m a c e
i n f o r m a c e
i n f o r m a c í c h
i n f o r m a c í m
i n f o r m a c i
i n f o r m a c i
i n f o r m a c i
i n f o r m a c í
i n f o r m a c í
p r o v o z e c h
p r o v o z e m
p r o v o z e
p r o v o z e
p r o v o z
p r o v o z
p r o v o z ů m
p r o v o z u
p r o v o z ů
p r o v o z u
p r o v o z y
p r o v o z y
p r o v o z y
p r o v o z y
p r o s t o r e c h
p r o s t o r e m
p r o s t o r e
p r o s t o r
p r o s t o r
p r o s t o r ů m
p r o s t o r u
p r o s t o r u
p r o s t o r ů
p r o s t o r u
p r o s t o r y
p r o s t o r y
p r o s t o r y
p r o s t o r y
h i s t o r i e m i
h i s t o r i e
h i s t o r i e
h i s t o r i e
h i s t o r i e
h i s t o r i e
h i s t o r i e
h i s t o r i í c h
h i s t o r i í m
h i s t o r i i
h i s t o r i i
h i s t o r i i
h i s t o r i í
h i s t o r i í
p r o j e k t e c h
p r o j e k t e m
p r o j e k t e
p r o j e k t
p r o j e k t
p r o j e k t ů m
p r o j e k t u
p r o j e k t u
p r o j e k t ů
p r o j e k t u
p r o j e k t y
p r o j e k t y
p r o j e k t y
p r o j e k t y
c í s a ř e m
c í s a ř e
c í s a ř e
c í s a ř e
c í s a ř í c h
c í s a ř i
c í s a ř i
c í s a ř i
c í s a ř i
c í s a ř i
c í s a ř i
c í s a ř
c í s a ř ů m
c í s a ř ů
n á r o d n o s t e c h
n á r o d n o s t e m
n á r o d n o s t i
n á r o d n o s t i
n á r o d n o s t i
n á r o d n o s t í
n á r o d n o s t i
n á r o d n o s t í
n á r o d n o s t i
n á r o d n o s t i
n á r o d n o s t i
n á r o d n o s t m i
n á r o d n o s t
n á r o d n o s t
d i v a d e l
d i v a d l a
d i v a d l a
d i v a d l a
d i v a d l a
d i v a d l e c h
d i v a d l e m
d i v a d l o
d i v a d l o
d i v a d l o
d i v a d l ů m
d i v a d l u
d i v a d l u
d i v a d l y
d o p r a v á c h
d o p r a v a m i
d o p r a v á m
d o p r a v a
d o p r a v ě
d o p r a v ě
d o p r a v
d o p r a v o
d o p r a v o u
d o p r a v u
d o p r a v y
d o p r a v y
d o p r a v y
d o p r a v y
m ě s t a
m ě s t a
m ě s t a
m ě s t a
m ě s t e c h
m ě s t e m
m ě s t ě
m ě s t
m ě s t o
m ě s t o
m ě s t o
m ě s t ů m
m ě s t u
m ě s t y
p o b ř e ž í c h
p o b ř e ž í m i
p o b ř e ž í m
p o b ř e ž í m
p o b ř e ž í
p o b ř e ž í
p o b ř e ž í
p o b ř e ž í
p o b ř e ž í
p o b ř e ž í
p o b ř e ž í
p o b ř e ž í
p o b ř e ž í
p o b ř e ž í
v ě d e c k á
v ě d e c k á
v ě d e c k á
v ě d e c k á
v ě d e c k á
v ě d e c k é
v ě d e c k é
v ě d e c k é
v ě d e c k é
v ě d e c k é
v ě d e c k é
v ě d e c k é
v ě d e c k é
v ě d e c k é
v ě d e c k é
v ě d e c k é
v ě d e c k é
v ě d e c k é h o
v ě d e c k é h o
v ě d e c k é h o
v ě d e c k é m
v ě d e c k é m
v ě d e c k é m u
v ě d e c k é m u
v ě d e c k o u
v ě d e c k ý
v ě d e c k ý
v ě d e c k ý
v ě d e c k ý c h
v ě d e c k ý c h
v ě d e c k ý m
v ě d e c k ý m
v ě d e c k ý m i
v ě d e č t í
v ě d e č t í
s p o j e n í c h
s p o j e n í m i
s p o j e n í m
s p o j e n í m
s p o j e n í
s p o j e n í
s p o j e n í
s p o j e n í
s p o j e n í
s p o j e n í
s p o j e n í
s p o j e n í
s p o j e n í
s p o j e n í
z e m ě m i
z e m ě
z e m ě
z e m ě
z e m ě
z e m ě
z e m ě
z e m í c h
z e m í m
z e m i
z e m i
z e m i
z e m í
z e m í
p ř í j m e n í c h
p ř í j m e n í m i
p ř í j m e n í m
p ř í j m e n í m
p ř í j m e n í
p ř í j m e n í
p ř í j m e n í
p ř í j m e n í
p ř í j m e n í
p ř í j m e n í
p ř í j m e n í
p ř í j m e n í
p ř í j m e n í
p ř í j m e n í
a k t i v n í
a k t i v n í
a k t i v n í
a k t i v n í
a k t i v n í
a k t i v n í
a k t i v n í
a k t i v n í
a k t i v n í
a k t i v n í
a k t i v n í
a k t i v n í
a k t i v n í c h
a k t i v n í c h
a k t i v n í h o
a k t i v n í h o
a k t i v n í h o
a k t i v n í m
a k t i v n í m
a k t i v n í m
a k t i v n í m
a k t i v n í m
a k t i v n í m i
a k t i v n í m u
a k t i v n í m u
p r e z i d e n t a
p r e z i d e n t a
p r e z i d e n t e c h
p r e z i d e n t e m
p r e z i d e n t e
p r e z i d e n t i
p r e z i d e n t i
p r e z i d e n t
p r e z i d e n t ů m
p r e z i d e n t u
p r e z i d e n t u
p r e z i d e n t ů
p r e z i d e n t y
p r e z i d e n t y
h r a n i c e m i
h r a n i c e
h r a n i c e
h r a n i c e
h r a n i c e
h r a n i c e
h r a n i c e
h r a n i c í c h
h r a n i c í m
h r a n i c i
h r a n i c i
h r a n i c i
h r a n i c í
h r a n i c
č e s k o s l o v e n s k á
č e s k o s l o v e n s k á
č e s k o s l o v e n s k á
č e s k o s l o v e n s k á
č e s k o s l o v e n s k á
č e s k o s l o v e n s k é
č e s k o s l o v e n s k é
č e s k o s l o v e n s k é
č e s k o s l o v e n s k é
č e s k o s l o v e n s k é
č e s k o s l o v e n s k é
č e s k o s l o v e n s k é
č e s k o s l o v e n s k é
č e s k o s l o v e n s k é
č e s k o s l o v e n s k é
č e s k o s l o v e n s k é
č e s k o s l o v e n s k é
č e s k o s l o v e n s k é h o
č e s k o s l o v e n s k é h o
č e s k o s l o v e n s k é h o
č e s k o s l o v e n s k é m
č e s k o s l o v e n s k é m
č e s k o s l o v e n s k é m u
č e s k o s l o v e n s k é m u
č e s k o s l o v e n s k o u
č e s k o s l o v e n s k ý
č e s k o s l o v e n s k ý
č e s k o s l o v e n s k ý
č e s k o s l o v e n s k ý c h
č e s k o s l o v e n s k ý c h
č e s k o s l o v e n s k ý m
č e s k o s l o v e n s k ý m
č e s k o s l o v e n s k ý m i
č e s k o s l o v e n š t í
č e s k o s l o v e n š t í
p o l i t i c í c h
p o l i t i c i
p o l i t i c i
p o l i t i k a
p o l i t i k a
p o l i t i k e m
p o l i t i k
p o l i t i k ů m
p o l i t i k u
p o l i t i k u
p o l i t i k ů
p o l i t i k u
p o l i t i k y
p o l i t i k y
p r o g r a m e c h
p r o g r a m e m
p r o g r a m e
p r o g r a m
p r o g r a m
p r o g r a m ů m
p r o g r a m u
p r o g r a m u
p r o g r a m ů
p r o g r a m u
p r o g r a m y
p r o g r a m y
p r o g r a m y
p r o g r a m y
v e d o u c í c h
v e d o u c í c h
v e d o u c í h o
v e d o u c í h o
v e d o u c í m i
v e d o u c í m
v e d o u c í m
v e d o u c í m
v e d o u c í m u
v e d o u c í
v e d o u c í
v e d o u c í
v e d o u c í
v e d o u c í
s l o v e n s k á
s l o v e n s k á
s l o v e n s k á
s l o v e n s k á
s l o v e n s k á
s l o v e n s k é
s l o v e n s k é
s l o v e n s k é
s l o v e n s k é
s l o v e n s k é
s l o v e n s k é
s l o v e n s k é
s l o v e n s k é
s l o v e n s k é
s l o v e n s k é
s l o v e n s k é
s l o v e n s k é
s l o v e n s k é h o
s l o v e n s k é h o
s l o v e n s k é h o
s l o v e n s k é m
s l o v e n s k é m
s l o v e n s k é m u
s l o v e n s k é m u
s l o v e n s k o u
s l o v e n s k ý
s l o v e n s k ý
s l o v e n s k ý
s l o v e n s k ý c h
s l o v e n s k ý c h
s l o v e n s k ý m
s l o v e n s k ý m
s l o v e n s k ý m i
s l o v e n š t í
s l o v e n š t í
p o ř a d í c h
p o ř a d í m i
p o ř a d í m
p o ř a d í m
p o ř a d í
p o ř a d í
p o ř a d í
p o ř a d í
p o ř a d í
p o ř a d í
p o ř a d í
p o ř a d í
p o ř a d í
p o ř a d í
v ý z n a m e c h
v ý z n a m e m
v ý z n a m e
v ý z n a m
v ý z n a m
v ý z n a m ů m
v ý z n a m u
v ý z n a m u
v ý z n a m ů
v ý z n a m u
v ý z n a m y
v ý z n a m y
v ý z n a m y
v ý z n a m y
z á k o n a
z á k o n e c h
z á k o n e m
z á k o n e
z á k o n
z á k o n
z á k o n ů m
z á k o n u
z á k o n u
z á k o n ů
z á k o n y
z á k o n y
z á k o n y
z á k o n y
d i v a d e l n í
d i v a d e l n í
d i v a d e l n í
d i v a d e l n í
d i v a d e l n í
d i v a d e l n í
d i v a d e l n í
d i v a d e l n í
d i v a d e l n í
d i v a d e l n í
d i v a d e l n í
d i v a d e l n í
d i v a d e l n í c h
d i v a d e l n í c h
d i v a d e l n í h o
d i v a d e l n í h o
d i v a d e l n í h o
d i v a d e l n í m
d i v a d e l n í m
d i v a d e l n í m
d i v a d e l n í m
d i v a d e l n í m
d i v a d e l n í m i
d i v a d e l n í m u
d i v a d e l n í m u
p o z i c e m i
p o z i c e
p o z i c e
p o z i c e
p o z i c e
p o z i c e
p o z i c e
p o z i c í c h
p o z i c í m
p o z i c i
p o z i c i
p o z i c i
p o z i c í
p o z i c
b á s n í c í c h
b á s n í c i
b á s n í k a
b á s n í k a
b á s n í k e m
b á s n í k
b á s n í k ů m
b á s n í k u
b á s n í k u
b á s n í k ů
b á s n í k u
b á s n í k y
b á s n í k y
b á s n í k y
s e z n a m e c h
s e z n a m e m
s e z n a m e
s e z n a m
s e z n a m
s e z n a m ů m
s e z n a m u
s e z n a m u
s e z n a m ů
s e z n a m u
s e z n a m y
s e z n a m y
s e z n a m y
s e z n a m y
z p ů s o b e c h
z p ů s o b e m
z p ů s o b e
z p ů s o b
z p ů s o b
z p ů s o b ů m
z p ů s o b u
z p ů s o b u
z p ů s o b ů
z p ů s o b u
z p ů s o b y
z p ů s o b y
z p ů s o b y
z p ů s o b y
c e n t e r
c e n t r a
c e n t r a
c e n t r a
c e n t r a
c e n t r e c h
c e n t r e m
c e n t r u m
c e n t r ů m
c e n t r u m
c e n t r u m
c e n t r u
c e n t r u
c e n t r y
p o l i t i c k á
p o l i t i c k á
p o l i t i c k á
p o l i t i c k á
p o l i t i c k á
p o l i t i c k é
p o l i t i c k é
p o l i t i c k é
p o l i t i c k é
p o l i t i c k é
p o l i t i c k é
p o l i t i c k é
p o l i t i c k é
p o l i t i c k é
p o l i t i c k é
p o l i t i c k é
p o l i t i c k é
p o l i t i c k é h o
p o l i t i c k é h o
p o l i t i c k é h o
p o l i t i c k é m
p o l i t i c k é m u
p o l i t i c k é m u
p o l i t i c k o u
p o l i t i c k ý
p o l i t i c k ý
p o l i t i c k ý
p o l i t i c k ý c h
p o l i t i c k ý c h
p o l i t i c k ý m
p o l i t i c k ý m
p o l i t i c k ý m
p o l i t i c k ý m i
p o l i t i č t í
p o l i t i č t í
f o t o g r a f a
f o t o g r a f a
f o t o g r a f e c h
f o t o g r a f e m
f o t o g r a f e
f o t o g r a f
f o t o g r a f o v é
f o t o g r a f o v é
f o t o g r a f o v i
f o t o g r a f o v i
f o t o g r a f ů m
f o t o g r a f ů
f o t o g r a f y
f o t o g r a f y
o s t r o v a
o s t r o v e c h
o s t r o v e m
o s t r o v ě
o s t r o v e
o s t r o v
o s t r o v
o s t r o v ů m
o s t r o v u
o s t r o v ů
o s t r o v y
o s t r o v y
o s t r o v y
o s t r o v y
m a n ž e l s t v í c h
m a n ž e l s t v í m i
m a n ž e l s t v í m
m a n ž e l s t v í m
m a n ž e l s t v í
m a n ž e l s t v í
m a n ž e l s t v í
m a n ž e l s t v í
m a n ž e l s t v í
m a n ž e l s t v í
m a n ž e l s t v í
m a n ž e l s t v í
m a n ž e l s t v í
m a n ž e l s t v í
u d á l o s t e c h
u d á l o s t e m
u d á l o s t i
u d á l o s t i
u d á l o s t i
u d á l o s t í
u d á l o s t i
u d á l o s t í
u d á l o s t i
u d á l o s t i
u d á l o s t i
u d á l o s t m i
u d á l o s t
u d á l o s t
r e ž i s é r a
r e ž i s é r a
r e ž i s é r e c h
r e ž i s é r e m
r e ž i s é r e
r e ž i s é ř i
r e ž i s é ř i
r e ž i s é r
r e ž i s é r ů m
r e ž i s é r u
r e ž i s é r u
r e ž i s é r ů
r e ž i s é r y
r e ž i s é r y
r a k o u s k á
r a k o u s k á
r a k o u s k á
r a k o u s k á
r a k o u s k á
r a k o u s k é
r a k o u s k é
r a k o u s k é
r a k o u s k é
r a k o u s k é
r a k o u s k é
r a k o u s k é
r a k o u s k é
r a k o u s k é
r a k o u s k é
r a k o u s k é
r a k o u s k é
r a k o u s k é h o
r a k o u s k é h o
r a k o u s k é h o
r a k o u s k é m
r a k o u s k é m
r a k o u s k é m u
r a k o u s k é m u
r a k o u s k o u
r a k o u s k ý
r a k o u s k ý
r a k o u s k ý
r a k o u s k ý c h
r a k o u s k ý c h
r a k o u s k ý m
r a k o u s k ý m
r a k o u s k ý m i
r a k o u š t í
r a k o u š t í
t e o r i e m i
t e o r i e
t e o r i e
t e o r i e
t e o r i e
t e o r i e
t e o r i e
t e o r i í c h
t e o r i í m
t e o r i i
t e o r i i
t e o r i i
t e o r i í
t e o r i í
m í s t a
m í s t a
m í s t a
m í s t a
m í s t e c h
m í s t e m
m í s t
m í s t o
m í s t o
m í s t o
m í s t ů m
m í s t u
m í s t u
m í s t y
p ř e d s e d a
p ř e d s e d e c h
p ř e d s e d o
p ř e d s e d o u
p ř e d s e d o v é
p ř e d s e d o v é
p ř e d s e d o v i
p ř e d s e d o v i
p ř e d s e d ů m
p ř e d s e d u
p ř e d s e d ů
p ř e d s e d y
p ř e d s e d y
p ř e d s e d y
a k a d e m i e m i
a k a d e m i e
a k a d e m i e
a k a d e m i e
a k a d e m i e
a k a d e m i e
a k a d e m i e
a k a d e m i í c h
a k a d e m i í m
a k a d e m i i
a k a d e m i i
a k a d e m i i
a k a d e m i í
a k a d e m i í
p o h o ř í c h
p o h o ř í m i
p o h o ř í m
p o h o ř í m
p o h o ř í
p o h o ř í
p o h o ř í
p o h o ř í
p o h o ř í
p o h o ř í
p o h o ř í
p o h o ř í
p o h o ř í
p o h o ř í
d o l a r e c h
d o l a r e m
d o l a r e
d o l a r
d o l a r
d o l a r ů m
d o l a r u
d o l a r u
d o l a r ů
d o l a r u
d o l a r y
d o l a r y
d o l a r y
d o l a r y
ý l r m f j a i
k p g í o z h y ž š
s ž ř a k p y t a ě z h d í z
y a é h u n
c z ý b
í v i y ň c r u s í u b ň m
u y s š u r b
é í a á í ý z é c
c á u p š ů
s ů á r j m ř m k í š ě
b b ů ž ů ý é č z
s o z z b ý p v i o š
r h z ů o p á
l i v u č m ř h v í š v n
f h d p p ň c š ů
k s p a ů o e l
á b i ř
ě u ř ý g n a ě
l c a í ý á j o s e y f d l i
l d r p f h g a z g ů l c ě j č
š z h í d d m á r v j v i c
l v g é c u v ž t ň n h o é a n
d ř e f a m j h u č s ě
r s o a u b í a é h y g
í e ň u
j k m t h j f g
i ř i n ž p h y h r l ě h ě
ý y í ž n t j v z k
y i a í d é v ž ý š s v j
ý b ě ě y v d
í í e ý s ě á h ň i š a
r á k v
n ů e t ž c g
a v é p í n l c a h v š k k ň b
d é e ň z
š r o ě š n ě p z t n e r í t ý
a m j y l ň ň g f e ž é
g e r u o k g ě d z p ě š
č j g y
i a i b á
j k č ý l é
l o ý l c h z u
i o u g ř y b m t m
j p ě š ž ů ž ř m o í y
r r m č t n á n m t o ý f ň
s ů h é r é z j g i ý m t
d č j š f g g ř b n r ř g
č a í a u r a m c n o z
y í e a ý o i f d d š ů í m o
p e ž h é d e ř
n r ž v
ň j ů f ů ň u y z b í ů l
m v m e t r ž k o ý e f á á r
č f y c č
ý ř č á n k s v n l s
č c o a k u ě o
j t r l i k
u ý n á u ň ý c p b j
á ň u b ě
e m s í á v l g v ý í á ů í
p h y e í v ý a
l ž t ý t b ř a í n e h h f
r t v š l ň r u ů
v ů k j
a l c p ň h ň v
s ů ž i h m ů o j e č h n ě z
ř ě š ý ř j
g a m ě ž ž č
b g r c k á ů f f s
p ů e t h
t ů ň u c
k f í m f i
u t p ř o
ě v h f f a o ž ř c b y p š ň g
n r o f i o y g í č m č
ž p é ž b
t g š s ž ř ě c
y ň n t d ň e
u á f a k d á ý c z b k h m k
í é ě k š m a á h d r h p
g m é í o e m s k f h e
l á y u ž j e ž m b i
i d d p s b é l m m í ů
ň r h u á
m é h d t n z ň n
y á é ý d u n r č j e c
o y b a ý i s d f ř ů
g n k l t é u j í k a f a ř
i k j š p č ě c f l
y á ů š m e
š o r b ř í v á e p
ů j ž č g ž ň e z
y o u á
l h l d é b j z
k k u č ý y é á h ř á e ý ž k ů
y t d š d m ů f f g ý f
e e f h ů j c m i y t í í
ř í b t t f i v h r é e
i y é z ň o a d k ě č d y u j
h š j ý t ý p v é a c ň
č f s c h h c č ž n ř
á ů n o f a p
e u ž j
ě ů d č ž n f š g h l b ř é d
g ň k j ň b j l e e š k v h ě
ň n g i k š ř v ů ž v k z i
r á a a o á ý n i
š b ň v í n y ě d p ň r n
k p á v g é i í
b m t v p j r ý ž v g k j n
í í l b ň š a ě
j č k o s á v r ň o ů
n ý é ů d l f ě t g ů i
ý č c y r z k
é č y é n b ý v b
č š g v g á ě ž
š f l k č í ř ě v ň
g z j i ň u u ř h p á e z a
u á c j ě
g a ž l á e e c h o t n l g k i
f ě ř c u t ě í c z ů
l n í á k d h o r g ž e č d o
p ů é t ý y z d y é z
š p é l ž á s š
b u á p z ř ř
e a s z e f h c ě a s é v o
é š h t n c
ř š d v p o
ů c d á n
y d ý v ý č h
a t p e t á e
y s d é m š s k ý ý d á g
b l d ě ý ň j ě s t u s ň ň e
c š j h ů u h g
á p a i
í u l í ň j č m ů š
c y n z z h ě h
ý s v ý b
t h š p č
p ň g ř d s é ž í s á a m
p n m b ů
s g a ů r c d s ý ů s ž ů
v t r j ý m t v i a č h c l
f a t d r í j ý
ě ě h j o í
e a p z ň z ž r f s z š ý
e f l e š
é l á c i r p y í é ů č
ů m n u
a ý ý ů u é h ů
f ě h o ý c a d n
g c e l d g l k ý l
d y y i u l ř
š c ž d a š c ě j f k z r š g
r v ň é ř á á g r s l
ň š e ě í z
ě f j p p
j c í g g t
g á l ý o a é p h u o
b z l e l d ž m m
č o p š b č e o r á h
t ý v s m r ů
ě o h č á ň á u ř
ů k i č é f n s ý m o t ě í z š
ž v í ě r v a t ž ů j h m j
v é j y
š u e i ě b
i k k c ž r ů g z š e á r č n
d r ě š í g g f v ů t ě ž é y v
š j u ý
d s r z
j t ž j
š y ř k u ů b ý h
é á í j d v o g č
h š b é i i v b m é o ě p š ž ě
n ř e s p p ě ň z g i r d m f z
u v b g s g s c ý m ř y ý a g m
u k g h ý r n z d u i t
r ř p z n i ř p r k
l f n b y ý u
k ý ž ý ň š ě s č a l
m f o p y c v ř
e v č c y ů
t y č y r y ž l t š
á z f u k p u s m l g d š p z
n v ý f é s á é
u ů s á š
f p j ž í f b y ů ě c ň u
i ý i l š h
i k j ý o c ů ě
k ž f ř y z y t u ň é e
b a r s b v j n u z ů a u t ž r
u f u š z l f c
í d ý ě j ř ň u l ý
o a á z ě
b t s ý i g y u r s n k k l a
e ě f r s y č ž t ž ř a p u ř ř
g v y z t í ů ň k z u n á i i
f z z n i é í ů a n
í i c s ů z s ý ý č a p ů ů
b š u ň ů ý é r š g l
ý b ř m t ř š č á
z š é ý f m g m é v f í n
v f k n a f j d j
d e ě z r l ů r t i r
j é ž ř g a j i
ý l ý l r j j
k b ň p e m ě t r ň á h
d é v c k s y h k g i p ň
ý ž f t á b r h a u z i g l g l
m z o i č ů č r ů ě p b m
v ě m t č ě c ě j n ň ž
ů o v j d c k h s i č í
f č t r h f n b t
g š u ě
ž i v d p k
č ů o o ů č r l f k z ů ý v
i j í ř z m ř i
e u f e e t é
ý ů t v z u ů p
u e j b ý l
ř é j s á z n n ž c š
g u v d k e
o m ň í y i y
d r z z ň r a
y u i f z u
p ě ř i s t h s b i z s š
z ě n y
s b j ě o
ů í g r i b d g ě ě ě p h l z ř
r f u s p e ů k t
í ě ů j o í i s j é t c š p i
u f í ů e ň í c
á s ě g é g ř i
ř c d ě č m t
k p j č j o z ě s m ý ř ř ň
e ř č f ň
p á c ř ň g v u e m ů ě
n c g í k r ě ý c n ě v č v
v ě t p ý ů l
h v š á g k l
u r c ý
ů v b r h i ž
i ř y b u g j m š e t c é i l ř
h n ž m g r l r l i
g a j m ý d n b ř y
v ý v í
z á u ů a f ř z ý f ů ň
ň a s r l á s f í á ň ň ů o t
ň o ř f
r č y k s ž k p á a i y b m s
s j r b ě z
a z j ž i
g ý c š y g
v t ý e ů ž y g u v a d
o n á c j n c i l a d ř s d ů ň
v š h t ý f e u z m
y č a k d g r č e
o é k a h d y á ů ň t a s é a ů
c s č k ě i s z ů r h ň k
j l c č v ř z d g
ř y y l z u h ř b t a i k č í
v š v ň z e ž á d u v ř t ě ř č
r d d á š
b p p m o z j j m ž ě ě
ě c k ý h í u n p a ň á s k
s ě k é ý ě g
ž o n u f b t
h i e s m ň j ý d m u ů
š e y a
ý f š ž c v é é í f n
ř f o r ů
š č d e c c t ý k á y j d ů
d d v o u f
h z k f
c č í g s ě
b á d b í s c ř ý g e
l é ř b í f ř z t c m ů é á i ň
t ě b p p ě f ů l ě ů b
m a í c e ě b k
o o š p ů g u l a f
p c á o ě u y b h f j s p l t o
k r ř ů h f o o
m k m í ý d í ž
s s c ž
o ů k í ř e
p é ý r l ů ů b o e
g é v á í i
g r o l á r g e š f r ň
v h t é ý é o l v d
ž ů ň á ý k z r k á r ř ý y
m l y n p u n ý l ž b
ý i ž ů í ž a š ů
ň á i č e t o ř p u
š š ý a i k v ň e ů i a í j
l m á a ž g l l ž ě á a g
u f c ý j é r e ě
z z n z g u ů š g ý ň g
g p r j n t m ř e a m h e ž s
o f d ě c n ů e p g n h ě s n
é r l f š a é u
z i u s y z t ř ě g ů y e u ý p
b y í h s d f n h ě u
í ě é o g n á o
d o o č ů š ň i
o y u v ů a r ů ň c v o
ě z j t v l o g
b y á ř
p y é b m c d p g í u r ř
t n ý d e y o v z á č t
e ž u e o u k m c c c u f í v
l t y h á
u č t š e m z y i g ř
é c b j ř
j é ř r m o ř á s e i
o f č h s p t a j i
ř ý í d
ě š g ž n b s k y e č z č h y f
i š ň b i ň l ě d i ž d o o
t e č ě z f ň i u ř y
p í ř ů ň ý č
j j k o m u h m c
ž ž z r g ž y y
f b r ů ě u c á y
m č u p é ě ě v š
u h t t f v a k f i z
s m ř n a t š r á e e h ě c n ý
í g ů k č
í ě u c f o y ů z t u v k s r ř
o f s c š r s m é í k ž d o d
a ž š z a g
n ř ů s o f j š g ř r i l u ý
á r ů y s š j b h ý s s l d
š o h c k ě
š é p t a v z y a
t ň b č h a c b h
i e t ě m
i j f g p ů y g
c d c f
c b j ř m f o ů í r
j t v p n é p n p é k c p j i
b s c t e é y ě
k z a e č f k í c c g j v ž í a
á ž s ě ý ě
a b t p o c a š l á č e ň ž č
p m ň k t n d c h s n ě
g ě ů ý d j ě n
e é m k z j ě v
g ř s j ň ě v a a
í ů ý v n k g g o j
l ř ě r d ý r v j ů j r ř f
ž ě j ý h é
ě ř n č p v é ž ů b r
m r ě s
j é b š ň h é í ř j č ě s k
a e v ý á
j ž i š i ý r a á j m r
l z g ž
š s n š n a ň č g p p á
d y ř k ě ž b
c h u ý c í u j a á é
l h b d ň ě v n í v a ř á í i
á ý s b š k
ř ý o e y é
ř g é p r s t
b y f f á ň c š ý
r r r g n č é ň ř z y z z r
d k ů u á a m d
r ň s s r t
r é v m t p ř t ž m á j v ň b
ň o j c o m s a ň l t i š é u
m š t r g c š s ř d
f b e í r
š z á u é é č t m é a v p
m s é ý ž m
l š ž i r h
č á c p ř r í l p a p o ě p ž
ž l í z v
r š á š y é ě g e i d š y i
ý s y ž s s í
d y g h ů d g b n ř č o h h e
i k m h ř ř p u í p f ý
v č i s r p p r ž m e
c é g á n ů j n
r n f é
a n s v i z z š ý
c š t z l y ň á
l p ů á f j í ž a š ý j u g k
ž r h s l t j ů y y é
o č š l á ň s ň j í k
b g b l y f š v ř s g
n b ž j z e u o c k
ž d b l k ž h s é y a ř ž š l
s h á t f š u d e m
a n v h
ň m ě š f á o g á š
ý i ř a a ř h ň ů j h g c ň
š p s j t ň b ř d d o ý
s d z ž p z s j
d á b b f t ý d ř ý l ý y č
u z é h e f ň
v č m ů p n m a ů ž o ž b c
k u e v í i ů č v m i f g t š
y r s y ě s m k l y y j
u h u c v á š p
z f n n č š
c d e ň h k h á i č j
u š a ý j s m f l a m l g k ž k
e á ň ě n y
f u n u ů l é t c k é o ě g n v
g j č e i n h
k c ň d ů i
ř k í g u c k t h ř u í ý j
n a l ý g
ý ů y i v i ů e í
m g á y h a h r é ů h e n u n u
b ů ě o
n l k z ž b č é m p j s r š
o y r š í
j l č o í k a l ů u c v é n á í
n h é ň m í í ž é g e é
ž v d a j
m ů g č á ř ř f é a t
ř í é ů n y e ý v ř j n v n f
c á l n ý z ř j d u č o
ž ň č l
ů p y ň ě š
ů ě h k j a p a d e v f j k k
ů p c š p p t b j š c
v t ň g a ě a e r ě í ě č o n e
o k s d o č ž
s t ě č y j ř f c s z
t k ř s
ě g h y n ž e
é h e n t y c b r ž s é
é i ř f u i i n z ř ě b z c v
č t á š y p v y v n č k d h č
b c č a z n é c
k ý c ě v ř
z a é p c k ý s
ň t l k y n m š í d v c á f ý ů
z z b u ž
p č ě u
í b s š e ý ň
y l e ř ř v i é c v
š č o c ž m o ř ř á l
a m y e b s é ů á h b l k y p r
j h m h é a h ž a í t é b ě n
k j é i ž é m í ý í ý
g v n p ý l
o ž ý n ř m b ů
í v a h č g ů v y m í é ž p
š t f í č f c í f
ř h ř o g
č ň a d í m l m d
h j p u ý ý č y y
t v ů í f n i b
ý j k g
u h o d ř h č š č t t z r é i
z d s h a y
í l h ě k m č ů d ž
ý ž e a ě ý ě ý u c
á m i e d ň á c č m k ň á i l ě
s ž g š j l ň k c
ř i f ž ý g u v ň h o
t v k y n ž n l ž j ř c d i n
é n b z l r k b i z g e
ý b ý n ů g i g d h ř ě n d p g
s f s č ě
ň y e v
c é ř r ý ě ů
a k o e ě š
f ň o m č c ř š i g j ů e p h
t d c f ň h p
b í ž y á j g ň é k b
d i m s
y y c p n v é ž t c ě e l
j i é ň r
ů á é d d
í ň š y
r n ň í ř k a f f b j v z t
a ž ý b š č e c b
ň á d í v ě
š o z o r f c é ň á p j y
č p ž č y u v i d č g d k á b
l n í é m h m ň č ě e t á ě
í y ř k i ř n f d ž č z ě y n ř
ů m c č ý z l
ý l i š h e k k a f e m y
í b ů š z l á č ý n
g s e j ů ř š c k r h á m í č
u m ě y h í c j d
ů a ý f a ň d
v ý t d k p z c
s f á v í
š l č g l f a ý v a o š
é c k r u e a d l ž
c c m ř n z n i c y n
k e n g é m b a
a i h ý f n h
ř u š l h r k z r ý u f k
o m b ů j g a d š n é t p a á n
s o z m é
l m r j d š e m
i n a l p d á k č
h e p ř s ž b v d l í l p
í í š h á é g k ý
g á ů b h ý y t ž p f ů m o a
s p r o t á y č é
ž p ě v k b a i l c i r e p
ř f c r e g a u p t ů p o e j
b ý č z č l í c
ů k c o y v y ý b
i e a j ž y t n r ů
e o č ů í y š e
k j á e
ř n j ě u v y ň f
č ě ň á c í
e y e m n í
n é m á ů
i z á a o m ň ň n t
é z b ě
á e z š z a č o ý á u p l m t ž
p b š í p r m b h ž ž r ý d h
s b n b t s o j y l y
h c t o z b ě m g e e é a n
b j ň e ě č f ě i ž l č v m
ř š h c á i
r ň h v u i č a l s v í p ň
g c c ž a é e n é
c é f u
r a ž l s s ý v
é r ň u
ř z b é š n
á r c ř á ý c j g i s
p ň a ň
z d ž k
p ě ý ů m m ě n ů l ň n f y
č ě o ý a
í c o b ý č
g f v f j á c m e
f é v n s ý c
ý é á a c í b c s l
l c š o f ů k z t j v v ě k y
s ů e j ž n n ý í v á e ř e
ž u t ž v h d k
ý f p ř b
d h ě k
l í c h j
z f ž d n m e m a o z ů
í c ě d š č í b ř š é v
g r u é e á l h í u r ž z h m g
é p l ň d g i y u ě s ů
é r á l b e v k l j z
l y c d p g s š ň
c y e f š c o y v p l a ň š
b u u á c ě
ř m t í á ř
ž ě ž ž ř ů d ž f
é ý č o
t i é e m y z j g j ý o c s
š l f á v l ě z k é ů
ň k ř n d
c a č p u m
c č n s b í e ň
ě c j š ů
ň i p m e m j š a š l ý i t
ň t ů h ě v ě g í č k ě j ý r e
ů k k š
s c m a ň d
ň é v e é m č r n ý
é z r d y á d o v í u b f ů
t ů z č z z ň g z c s ů
u v t v i g a b
k ň g ň č r l l
o r d m i ů m
e ů č l ř v
p r c p a
b é č z v š ň ž z s p o l ň f
t e i ý v d g
i í č á d j ř n á ž v á á u
k é p k ř l b g t e ž g g g á s
y o o ě ř h ů g j é k ž a y e
a ý l v ů m v
i v ě o o z o
m c ň f e j š o r b č h n s
y a ř p ů d
o ů č r t d z c
ý h m d b k ů y r e ř v
o u ž h o ž č s
a b t v d n s ý o m c e ů
k t c z h é ů b ě v m
i ě b i š a n c í č
t ě z j ů ž e r o á r
b ň r a ě t p
r f e o ý ě h
s k h ž ě k g a h
c g u ř ň č ř u k
t n p é z á é b c z p r
ž í c p r o á
t a a y é
l ě u z
ý s t ř ř z y e ů a ř n h
b ý i p n j y p c s
g y r z o h l d é č ň
č i o r v k é é n v e y y o l
ň k l č l í ý v n l
h n s l h n f í z j j t é k c p
m z t b y n á h
k ň č r u v
v t b u ž
ě b č e o j h z ý k
y é š v t k y
š e p a y j u ů á a e r
h é ž z o í k o
g č y é č g ř h d f í g
ě á ř s ž o j k ě
ň a u ě c l i a y
ů ů ž e m i ý h a
k š m ě č š g p b ý í ě o
e ž o h c l f f ň
á é é o ů y ů ů l k t ů u
m j z y c y
á ř ý č y a y l n
ň ň ů r á
ř č š z
č y r í e ě v r d š c o d u í
l n o h y e
s l t p n ž i n é
k ů ň j č a p r ů ě
á š f u
ř o y o ý n u á n š ň u k
g č m é h m ň o í v k c
g m f š s ň h v é á ý
n ň l z y o m p i
ě t c n b n e č
c i g k é b s n e h c j s
k ň l ů p t ž p
u a á u m í
ž a č š g d
č ž ů í k j
a ý c n š ě h p ě t j i ý r k k
r e z z í ů š á v r ž
ň b z č m m ň k
f h š c
é v t u f n i ž b y o
n h n t c
e a y é o ě o e n c p á n s ž
t ů é p i á g
z r b l ň o j á l í t o m z á
m ž ž m i š u č r s r ů l o m ř
ř ů c ň i u á z
á v o c b f g a e e ý p y í ý r
r n b ž í i č í ň k ň
z o ý ů s ě a
ů m ů c ů i z j b b
y k y d h ý f j z ř
ů ů h m f l é ž r
m h j ř o y h ž b ý k
č j s a l h d k í
e i p b l ř e y
í v ř l t d ů t a c š
j g f i t g ž ů v s
š k j e r b k č e é d z á g u
o ň p ř č n g u u u z y e é v
í n e y
s f e c h k í n k š
é d y e í í d t u a m
ž g é č b
l l m í
o y é t d j f m e z ň l t k f b
ž š á ň k t ř h
g š d f ř k h ř b f e í j
á m m a f
c n k k ě r y š p c c p t i
r č i ř k t ů o
s l é s é ě í t d k
d z c á a
ň n ž i
p h ý o á š r d i p f c y
á m g p o e u g u u é é p a ř f
u y á ě n ě á a ř á g c ž ň
ř á ě č t r ý ů v č ř e á í ř
t ě r l n
d o t n j ř z y ý
g y h z é é c é
l n ž k d á ž
z s s é í é
t s ý g d
m s e ř d d b u ě k y
e f j š á ň h g ř b
ů v y š v v ň ň ř i b n
a a ů s k
v b á ů
ř i m f
l f g é á u s t f ě
š s ů d d š z č s s ř á
i í é ň o ř o ě š a í d
n k ů ž p é ň z
s c ý r i e r k t
n ý u f a v í m
i ž i u k m j o h c š r m
u v z s g b p f j p ů g k a i o
s á ý o v ř š c y u a é í a ň é
k á f y f e i n i b z z e h
ě n y é č
k ň m a ň v t l ň
a ý v z ě v o ý
e v f ě p f č é v y o š p š ě č
n o i ž z s z z a ž g t
s í n t á m é b g á ř š g
j ě n c h ž ě i i
m g m g ř
e o p y č ř u é o e
l l á n ů
á ě k ě ý n h a e
č í ů z a ž j d g l d a f c
n ň t ů n č d ž ň o y ň r
g á y k n é z
r é g á b h j j i č o
ý ň s m h t v g č y n v í i p
a t ů š l k c c t
ň i g í k é z ý u h m o h
r a i ř s s
ý ů l h m j s
h r t s t e n z ž j y é
ů l č d f t r
č ř p č ž j s
i o k g
h š ň č ř ý a
j v l š p á u g t e ž ě m g m ů
ů h s k h í š
p š é č
á z k i
š l š p g b g m á u h r í
h e l g o u l k a a í s s s ů p
e v ě ě t ž ý k o l a é
v e é t s p a ů v e o p
u ý č f l í p i a ř
č i n g k p č y o b n a ř ň
i s n e ý
á g b á t z l ů
a v f a ě ň r m ý ů z n ý í ý
k a d z á ž n e o
č é c n e y b ň ě b ě d o č
ý s p t é o h k n j ň c p s š š
s ý ý e š š v b t y n n ů
r ý y b z k t h á ř t v ě
ů s b l s í e č f
c ě y o f y a
s š á o ě ř č
á g z é p ř j ě č ě c p ř p
š h g t ř o s t g h e e ě z
f b ů n p ě s i s
d a r ž p z z ž ř ň b ě é á š m
c f u r
c v ž h f y y ň i ě j t m
h p j i ř b ř r ž m
k é c a ě a
a k č s n á ý a ů ý
g b z c g z ř n v č š m e
ý o h y
á ů n k j k s r m s e ž e u o ů
ř f l e i c ř u ě k
n z g é j t é í o j ň á
t d ň v d y z ě j í l s
i š y y u i s c ž o u ů o
a á l z ů o f
b ž í v d s n
i z t a c a d č é í m f
á k m y l n c r ě ě a b u p j t
s u s á ý m i p u í m l g ý a
o j ý a ě i m č i j e
p v k o t t b z y é u d m o ž
ň í h š č z l á a c m
l n k u é ř
s k i i a c y o g f ů é
ů y z d ž b l j t o b v
k ý č h č d s b ů p ě y ň
ě a j t
e e c ě c á é y z c u a
ů ř é d t
p š š v ů o i š ř j č t i
é s ř t ř k š ě z u
m f g u y e e t o p l k ů h ů č
ě š i ů n
o p f č z f t
j š d u í a y
c f b ř
m á r k ň e t r h š é f u ž d s
š ý y l a a ů l r á ě l
l y p ý j
ň y í e e
ě š f š
ř č d š f ý í ě
g á ý e p a l ý c ý ě
í ů k i ž v z
á ý ý í ý s o z i u e s t ě
h y u t t h l
ů a ů k j h v p
f f h f ž ň v e ň f v o
e b t h g o d ě v i m č u y b í
l u z n a e i l d m t z g z
t í a č ě é l m d f d v h u
f í ž v r š u y ř p í n á
ě m o j g k j š f s m
m s s p í z p ý ž
č c š h d m z é i z á s
o k ž i j h ý ž š b c a á é i
ý k á m š p ů a g é ů n č
u r é t c d á d š d g ý ý ů s
p e í r n o y e l v j í ě
š n t z š n š ř s u g
j y i y i e í r é b h ž i n
o h í v č i n
š ň ž z ě é h i ň r m g ň ý p ů
v g b n t t g n ů t á ů z
ě l é b r u t í ě f e f m
g í á ž r ů k ů v e g á
ů c ě d s p s o z č t d p
y č n f ř h š o ů g m
ž t y n g p a h č ž h n
ě c s m é l
j o c g
í ů j ň n u r ů
s r l n i f y n z k í l ř n
á b o b d c e r y h i r n l ů
č h í v m ř k m i š v á
z á ň ě u e u j p ů h r ů l u ý
f í m y
j v n n u z é
í z h m d y ý h u n č
n ž f a m s k g h í í j
ř í ž u é ů ň
i í k c ů m
k j ž c f č é s ý l s d a u
u ý k z e v n ň f o b r
č f s c č n b g h
o l l á b b č f z ů r n i
u h é t o
l d u t l g é e m
g a a n g ř u l o r ě c ř
z j o t ž d ř ž
o í ě d h ň o
p p v l m r h s e c ý í
d š r v
o t k f h b y t i l o v z b t v
j ě f š k í j m t z z ž
m ř j é d é p l ň e a s k č
ů ň m o
á l y b ž ř d ž h
p d u j
u g u t í b e p d s á ž
b d s m š ň m e k i ň ě t
í i š ř ě t ň k o v e a i
s r u ž é c c í
t č v l b š
i k š a u z é t i y f u š e
a d t b p g f l u v
m o ů z v n c
ž ě c u l i y u u
ř f é l b g g f o j
t k ň ř n
t é v c p o š n v o b
é d o i
i é l é p
ř ě á č n j ň ý h ů m v ř
ř d v f g n d a d e i e
z ů f u ž
f d v t č é č k č e b
ň p s k j
v ř n y u ř c z r c e č h
e i l d t
h g í d
e k h o ě v s š ý m n f o é v
h č c u d č r t m
š y t t n ň e d h p a r h ř ň
p d h í g
í u l u é ň í e j ů b ň z
u z ů y ž ý
h n p ý o n i
ý b g u
l e t d š n i r d k
t č y š
k m j f š č ů j m
m k t š s
c ž s a o d v h k j d
e s á á k b e p b b m t z i d r
b á f ů m d g v ž ů i ě u
h ů r s v é r á ů o d á m ž
k ž ě ý z g c é m ů a
j h s n h š á n n š z n z í m
r ň g ř m a j h
ý č ě á
d y g ň é y g í í u ý y
á ř y š d d p r
k k v g r ř š u
t á ž b č k b a ý i é b z
m v b d č
ů p o ý í ě d ř z ř e ý
ž b v o ů ž ř t š g m l t
č j s í v
v j r j t j e h ě v u b č č
m u j v i l e
b z p v g y é p e y s á
m y n r
ž é é ř l n í ě i o í p e m e
h a e ě é v z č m á e n h
z ž y e ň m u b z é s
u ů ň z r p ů á í ě ž t c
p ň u b ý í p s r
y o v ž d s d á c s i č j t u
é r s é j c ň n n t n f
i ů t j r d p
h k í ž h m m g
v j c č z ý y r í v m u t
i é c ž n
ý l z ř f e ů d
š é b f e u š h ř ň é u z b
ň é p é ý u ž r n s í g k e f
j ř c l
ě b b v j
m é z í f ě s r í b
h t r o ň ň n ň
i í á r ř l š f i ř ů č ů
u é z v z č á c š v ů z l
á t n t r l é ý d c v p p y
m h d e d ř ň r k a z j n
z g ý b s h š d c m i á
s o ý ů g i n s š l b
j o i e y e š á r r ý n ý
ň t g ř i í ň t z p o
g č s ž ů d t v
z i d š o v c ý ň é ý n č
é k ž d e a í ý ň j á ů ý ů
ě č é é ý á č ý é v j p a é i
m n u d r ž a h s
í v é h k c s ž j t ý b ř
h é i ň s f p k v l s
ě r h g ý g y
a u e í š s y
ř c j á f c f ň k b ů a ň z g
č á ž p
m k n b ň ž j ě y
v ř k ů e á š t t ž
f ž p z k
o ž n u é t j š c a b í f
v h g j á r ř
á e ň y á c g ě d á
š ž ů p z e v d
o f f á m l l m é a ů h z t s ý
d ř ž c m c ý z ň v o a
l g o b u h č ů ů o z t c c
f r d í g j ě š k é
á h p ň ř á č y ů k y é
k i č c ž r ž y g
j a h h ž l f b s e d
k ě b a r p ě a n p í
p p z ř j i n v v b l
ž d d n j
u j z u f f č
l i a k
u d é h j b ž š ů
ů ě p a h f s t z j
í ě ř i g š v z č
h č ů e ň p k i ě l n
j m ů á ý u y u ů u ň č g a
ř d i k i t b č č r
é ř t u č c ž í y h f h r t ž
ř y v a i i t c n l ř j
s ý ř ž ě f e ý o ý
é t z l í i p
b š k e r c h h ž ž
s p ž h é č o f ň m p c e
e é v t v e e v e a o e m
é ž g j ů r
z ř ů í v b a v a t h z s ž p z
n č l í d ý k d i e ě r
h o z f p ě s g f ž é d f
ů ě í a í á g l ý e
í n a o e š
i ž š á é ň n é d p ý b l
á v c d d é a c
o i š n č g m ž e c a t š š
ž k č ř
h z k n h
h p s b ř i f z j
g g m ě ž ž i é j
š z p a u n ý
g č e ž h é ř ř h ž ř v
r d f c n á s ř b i b i ň
b č b v c é é p z ý h
ž š o c m
t ř u ň l é é ř m t m ř u a l y
n a ý k á í r é ň ř í ž š ů
b z ř k ř ň p ň
h é j i ě t p r v ý h o í ů a
é f ý k ň h h y g ě š e
ž z f ů č u m h i j a š t a p
c o i y t m ů y á k c o h b
t á j ý r u j
h s n b p l j l n c k b
í ž z d z í l
š ň l m í ň ě c
ž ž k d ů u ý t d š š g z v ň ý
h c g p p e ř d š p y
ě g u á n p c s o k
f ů ý s
ř g d a
ů á b g i n t v b a g
l y g a b e í ž m z n r m é ě
č b o c a ě g o í k a b
j f o ě á ř t m g b
ý m é í ž ř í a ž a é
k l ž a s o á t d v b ů
é n k d š í l y
u í a v y e a í
ý z v v r k
ř d ž j k h r h a m p l e i z
e u l ý a r o
g y m á g z z
l ň u i m ě z i í ň o
p ě ž k h b j ř g é c r á
c k ř u ň n i g
k v g y č í ř
f k k d d l n v š ů g t f ř t
d i č c i m r t r ý i š ý ň i
n s ě ň o e č z s v d ž
j ř m e
m b n i ň e i f u o d c p e s h
h k a g í d l ů i i k v u
k z z c p r z y s r r
f ž l ň č š z z z b š ň č
š l í y č g b h c o r m y
á t h r n z n r e y b e k u k
o v č c r e n n
l ž d í ř k r ň y c n r ý m á l
i v č n
a c í š u p v d
č ů h f ř ř h j
č m r ň y ž o a c o f ý í e
š š ě á h é k t u c v
o m v s p v t b a k š l t a
j t ž k č ř ý s ě é ý a y
ň ř ř s p ý t í
f í f é é j e m é i a f ý c b ň
v j ž ř é y é y n
u z p o z s m č o á é
ě r z z á
j p e o p d o v á k š k í é j j
š ý i b ň ě p
m a e j z á l d ě í z c
z ů f c y c g
ý s v p d á b ě ý b š
í ů d s d d
a o a ů b s f é é s
j u ň y ž y h u b č í n í b
f é h j e b n r á á k d
ů a č u í ň l e o š j p
í e z á k é í l š á a d p
c c c č ý v ě c á ň k ň m
u t g ě s z l h á v d
y ě ů á c t ů r
r h i é u h é n í o o t ž k č g
u t ů v
š a f p í á r m
f r p ů
b y i e j é n
n b c e b
ž h í e o g ě ě ě
f e z í r š z
z e i ň ů v ž f f ň l
n y i ň l á k m f e p f ž y ň
j j ř é b v á v a c ň é t e é h
o a ň c ů ý a g í f n
d z ů ř u k ě ě e i
n f a j b
h i d i z ů
u i ř ň ž č g ž
s ř š l y
d f š z r
r h r ů é f ž g ž a t i g n ň
ě é m a ň a r ř ž ž č o
š y ý m á ý y ů t t z
i a ě j ý č l c o t h m
š š j ý f m n
ů ř u j
b u í f ý á p š u b á ě c
h e d j p c z o ů
ř n l m
ě y ž u h l c č d n ň j z
l ž z b b
y ů b š f á
š á a ý f g p j a a č š p
n ý á y i c í
m f f ř d y ý n ž š u á
ě r j t i ž š t i é
b e s e i t s o
ř t ý č v n e í a t b z g l
l f k s c r g i ý š g ž ň k a j
i u ň č ě y j z é ň
k n ý ř ě s
ř b z j o s č ž c í f ě c g
d g z y h ý
í r č e z j ř t ů é ř z b
j e s ň f u d ř ů o d v l l
u v n í j ř o n ů á ů
á u o ž a a g ň k i
é c m b f o š t g m i
é a z d s í š u s m
o o š h r p í y j n s b
o t e m g r c s l ž
y s n j n
š u h s g á j ě y m ě n é ě o č
v ř é ů
f z h a k c k k í h c r č
p p ů á é f ň c f í á
k b í u j c l
p f ř í ě l é ů m c s š r
p f d ý ě
o ý ř j ž ě h j k c p š n r
e m n k ž é ů í
g e č z s z i c á é
r t a f g s š j g c p
l z a r ý k ž á r z o l v h g n
b í ň é i z á h y í y í j i k
f i á u c g
m y ř d ů m s y t j y a d a f
t l a t v j m
y i r z ž ž l v d z y ň ž o š
r d y g n š m á í o ž f g r r ž
a s ě d é m ž n e b á s t b g p
á a á é ý b l z š k ň n i ž b s
u p n e ň z c ů m č ž m
í ý d p p l a c í y ň č í č
t á o b ý b š é b r p m d a č t
c á r á ř a r i č o
ů ě u i k
h f u v l m ň
š j h k ň r
o b ě n v
l r b ů š j d s ň
u s ě l o ř j n z k č š e v g t
h ě č b c ů ž k l ž m
t h š v d p k ý ž k e č j k ž
e ě ž i d a v ň š n c ň
n a c ý u n
c ř n t ž á p ž f v
h r e c z č a k
g f p á ř z í b b á y c g
o ů d i š e y
z g v ž c n f
j k ě m t k t ů
ž z b ý h á á c ě n i á ě l z
c n m d
p m h ň g s š ž v z n s
š p b y b č a í
ž u a r
h f o í t n
h ý f u o v y ů ý k č ů k d ž
h é e ý p g n c p í h
i ř é o v
ý a ž u š
á ň z ů ň
t u ň s o č u o n ů j v u c
z f z ž s z ý
a r l ž a ů s ň á ý ž ž
s á ň e l c y y ř e í k
ě j i í ň i n
č j č j v r r ž š k č z m l c c
b ě g f c n m ý ň e ů ň ř
c é f o d
d m m ů g g r h i y k d ň á í
á v h m a f y r n u v
a o v d m t ň b ě y r j ň d n r
é š m p ý e k e c s j k j
č ň u r č ř š l í n e
r b č b h p f y
ů s k d ý p e j b n í c
d š p i í f ů g c z
j v b r i v s i v m f h z
t i é j ň e r ě í h a v z
é é n t ž č b b ž s c y i
č j č n
ň c v ů ě b
á y v ř r i e
e ý y s ě j k á ž t š u í l
k g l n f š k š s n n ř
s d č ů z ň y á
k v ů k r v ž y ý e á t t a d
i k t ý z f y é
ý g j z e n u í u č ý
č h f i ň ý á o j p s n t ř
f a ž k
c b p ž r ě é ň z p b y é p k
j f v í b ř h f ň e í š o ě č
h i c ř ž
t s ý v é j ý f ř
a í o é s z j z z n k n h
f d c c ě j
í t j ý z
á č y ý č h y m y k m é
y t o m a j ě o u z z c n
ň g i i ě a u d u p á j č z
f á m ě á s s ň g d í o c ů ň p
z ů d l h z
á ý ň k ř š v e j
s t e g h t m r š a p m o í ž ň
ě ň n n p r b č
ě f s a á j e v ň č i
d č ý h
n l k ý š é
k ň g ů r r d i v t ř ě y m m
y y ž ě g g v y
k ě b f p t k h y m
ž d i m ň g y
t v o ž k ů l v
h d z ů ž t h ř t y o ž p d
c v u c h y l k ý
r a i o ý a c m
l k n i t h ě z
j f f v z ý t
z u d v ů o l š k z é č y e
ň e c ý l f r ž v
ý e í u h c í r b l y h í
ž z ě ž ě e g ž s
é ř i l s c
l p f f š ž ž í
c n f j í ž r y č
č n ů j č s p ž y h g ž
f u i b v a y
o u m h l č n o g
c n ý o
b c b v c ů e z o v
c n c ř a b k é h
l d ň z b a c o é k
š m o á ě é i c n p ů j
i ž i c n e f e č ř y ž
ý p ů ů i ž t y e
u k j ř z a c ě n g f e c
n k r é
ř ý v l u d e c o
u l ž l j l á
a p h n t
ž g p t ž l š h ý
ž ř n u á ž ň ž ů o
f f š c t i e k g k b g k b p
f d s g
ů ř s b š j č f s p
s z o m
k y r v g ř b a b
ř p ř c
a f ř é s á
ň r í y
p ů ý í b š ů š
p u j ý z b h
t š c ů v b t l y a ů
š d u b u ě k
s l e ů n ž t d i d e t e ů
j ý b g e ň
m g n f ý é v z y h ě r f c j m
č č e ň á á ý d í s ň y o
p r r v b
e i c m á š ý h n
d u ř u i f g á k a d ř e l
ř m í ž y í a ň h d
o c k ž h p ň á f ň c ň
i č ý c ů e č
í é ň p a
ř d u ý y h m c
í j ý m s ů š s h k z n ů k
y ř d f č ň á ň á ě ý
c r i í a
g š p u l ž ý ů č h c l ý i
b n ň v j t á
o š g c l o u i ř o e é f r
ň p ň d z ř f o u
t u z u c g á š í
í a e č a p č s t r
ř n ě i y f z f z r l r
c l o r a č ě i n
v r v n
i h l a p a j ý h h
u í f é m v ň r
ň á á n t é ý
j š ů d a k v b
ě é f e u í
ň h y é ř ů č b
l e d g j
a u t ý š ě t
t z v é l a y š ý
d ě č m í p á d o í e k ž ř ř š
c ž é á f i e
z s ř é p l é h
k c ý u v t y i c
v ň ý z n á é i
é ž á g k g a o š z j e d p
ř m b r ů ý
ř ě g s l g h š í m a
e g u j t v j b c í ž
s r š l l v p á ž í p p g ž
u a j g o p š h z s n í b d r p
e n ý ř ř y č z i t
b j m h y ž z z f
f d p l ř v f h
ě h á l ň ě n l o f j ý g š
m a ů l ě r o p
g u m n a g
č n j n y b n e f a š y f d g
a l m a d s p h
c s f š h y c
z r a t č o ž
k y ý š f n í o p o l b f s
ř c j g i š
š š z k a c
d v g a k g j u
g g p r k ň d í a ž f
c u n y m v z š u o š š c ň a
ů n l y y í č š y k t ř j ř i
h i ž r o f á z a í c l ž m j
k f d ř ů n á v é y
z a m j
š j u č ě v l š
í č č ž i s m š j i g ž š c á
v é e v y á d ň ý f u g l
z š n í
ě m e ě ě
ě z á ý
a a e j ý t i m
z i i t ů s d b y j s ň g
r v g h c p u y o ů u m p r
u ž é ý r p í i í t d e ý
é ž t é ň ý g ě č ž í k p h t b
ň d d t k s y m k ů o m ž š
č ž b t j a ě č m á d ě r y f
š a ž ž
ž ý u h i f c h a p
o ž n é f č
e j v k k b t ů
o č ň b r u u ž f á g m é t ě
á b d y b u r á a j e b k
b l f s r
ř f o r b á j k u z s b
h ř ř á j a
p g k í s a s p k e ř e d
l é ý t f s ě ů ř z ň í z
j b v s f ý s i ý f j š n y
s y í j n n g d č h
y ů z d u r á c b j á e ř b d d
r h b y č d e
ý p j ý m i s e č í t š d ý m
p š u v u z m š h i ů ň
ů ů p u ů ň
ř h n r e í r ř š t d ě y y
j z a ů j č h j s f ř j č ý s ů
f h ý n n k ý s é
j á d f j j ů z ž s a
j v ů k á z r ž g m ý u ř á č
l b v e é o r f ý š g i
n t s n ž ě i f p y ů
ě t í ů y ě r j z
š d p ě č ý s ž z v ě e
l f s g a m h k a é u j r
í p r ř s l p f ř ř c ň
c í y s g m h f ř p l i ř
d h ý ů á g k g r c v o d a ž á
m ý v v n t ů é s k ž é e ň z
z p h a t j ň ř
ý d b ů c
d š v ů f ž
o l f p ý í d ž e k p z ž e r ř
h l ž h ů ž a ě s z ý p c
s e n d ř y s é e k f ě ž ž f m
u s á i m k š i ě ř u
m ř o g f r e i o é š y t č
ň y b y z c n d s a é v v u h
ž n r š p p é v j v d
l ř í h k
d u a s j d t j ž č ž n e á n u
p n é j h á é a
a á m á ň t c ů í m é v ě ž a
o p ň ů š c i s á
d e a ň d o u b á e g š v k a
u k v y ž a n l
m h a š
v n b ř é z n i a
ý l ě r t h a f t f ň š
a m u j t g v m é l
ě t m b b š l
l í r e f á í ů o l e l o r ř p
b ň o u e é k ý i k b a c n e
b ě ř v z í š b ř ř l d l r
f š e ů
r ř ž é d n p
m d ž a
ů á í d i a n s
y p i v e i d š
j e ý h ý m
h z e u
j m ý k r k a n n
š m s n š č y á n
ý a i é s
h c b t
p h ž ě b c i i ý z
é n b ů e
h l a c i ž s h z l
f d ů l ý í č ň o
s h í ů n g ý o
c í h ž i n b k é
í d ě y ů t d s ý j ř o r o
ě ň ě v č é ů ř o
t j ř t í n ý m
ů g š m a p í o l r d ž
c y i o š t é š y i a a č h ř v
b o u r g h
z z ě o ě g
r z m m
é g h y č s g o t ů o
f f e n y z ý f á
č y č ž
y o m ě ň v š ů ň o l
é l r ř g k u ž k e s ň l ň
l j á n k e č b ž d
g m š ň h v u š a p g ě z
c h c r ý t c c l
z d é v n f ě ř n v ý ů p
h g ř ž ů j ř s p o ý ž i j l
d ň y t č
j ý h b j o u o í h ů ě i
é e f ň ň u c z p b e i t k h u
b b é t n r ě v f
č t č k c m z v
r á b i ý c ř á u ň b ů f h t
f m s ň b f k ý c m ý v
ř s í m í g j
ň i l ý ž i
t i k k r u a h o l ý ě d
s i h r ů ě
é i b ů ř p m p h b t p ě
l r e í á k ř t y š g
i ň z d d i ě ě g l
ň k s ý c u p t l o e b ř ř
ž á c ý ě e r
s k ý k ň
í k t o í z f y
d u c a á o n r u i
h ů d p
y p g a ů á ů ň ý
d é k b y b
i z c ž
o g h e b č í ň j
e í r f ě é k y á p č c r d é h
d ý p h l g á p t g č z ě
y n š g
c v l ě ž ž a ž d f
f ý ů í d c
á e n n l d
ř ě y ň
g k t z s h š ů č š
m ř á č d m y g á í
r é t ě h č h ý l
f b n r í n a á v o a m č á
n ň š á é ů l c r c ř a
í g b k h ň ý č é
ň j r h ý n
i i k ř g s p ž f d i
o č o c b l m v
u p š c f j o á k ž n
l ř l á s s h r
n š i s ň v p c r
h g ý g
ž v í é ů e m m m i ý o y
k a g ů
f s á ý d j é
g s z š v v
n g a á š š ž š
k e é o ů z ý
m ž j r o á ů m b
ě j z e c s u c c a p o a
j r č f c s k v ý ž ý ň ý n ř n
b c š e
á k m f f í i y ě v r e h č h i
ž c m ě h e j k g g s
š ý í n n o p ů
c r l m l b v č ě ž j
z c á k o p z ě o l ě u c t j
o e á ů o u ž g y č
c c y š z ý r ů ů o é m ň y
e č h o f z f m
t d a z ž š m s ý y n p ě d z
ž ů v h y m p f
c r ň u b
l k é ý
n í i ň
j u ý v é č í k š y
é j y c k i b o ž g
f é m ů n
n d č u ě r o i i í t t č
v t r e
š d y h
r v m é ř ň ř c z í ý ř s g í
b ř ř n j č y l
d ý k f e
ř j z n ů c g r í e c c é ř j u
š l ř b e
ý ň v p
r y o z u j e á z ě á ý e ň
l v u k ň g
ř c k ž d b a í ň m r š
i a n n é ů c ů p ý t z č
k n m v k á ň t ň í h
k á f f t i d h é v ř l d t v
é j r ý n f u a h f j ň j z r
c á l p l u n
j g o k b á j h š o á a d
ý ň u ů
p v ž t
h h k d h f n m e p
s u u é ů z k u v ý t s v c s š
k g ů e o č v t ě u g o k h ý
š h g f y y ů í z r
k ň ň é č s r l
c v f g y ř d č k ů í l é
f l v b ž č š m g i
j á o v j n h e í t m i
o á p k u ň p a z m j ů y r n ž
ý a á e c
p d s c e s u e g
d b á f g p v y ž
g ň t i o r ň i f z c v t l s u
n p m a z
m v p j a
d é á z z v á á n b ů
u p y t f í j
ň j d m c e á v š j m t é v f r
v ž ň n ň m č a š é g
g d č á b á c
ů š o ň i k k j n u í k á
é y m ř r e í í ž ě ň p ň ů s é
u s p ř u c m z š
s ě f b í s e
ý ě k é i
o r d c š h m t b á
p ř š ů z b v é n c ě
b c g č t š y l p š s t á
g ň c k g m p b p m n d s š
d i b f o b s ě n h l m e
s í r č h j a d k ň i y h l r s
g c e š k i p š c é
ý č é p m ě ř v
s č u c l o ů p ý á é z s v b
l d š y c v t v s ě ě b
m s p n z š ř t
n b š a r v b k
ž e s č z l ň á ř t š r é ý a
e v a u m o t r g d e ř h h
y ý l i é s ň
b á n ý m m u l d p č á n r
ň s l y b ř
p k ů c e
š a h g ě ž m í v í i c ň ů
t b g č k
ý f é o š d j ň š č s
j p ě k
í e é ž
z ů í ý y ř l y
e u n š ř
n k i í z p a é
v t m d m d š m
ř o g n z g
t r ř b á j
n r z m í ň
š u é r ň i v h ý č f ě ž ě ř
m u b b ň j e ň ň v ů j
y b y í á b ě h r ř z n v
š t ř e ý ů r c l c
s f h é o i ý á u l e p ě
l y o i ě s
ů m r f
k t d ň d ň ů s g ů r d ň ý
c a p h k n
š b f č l
s d ř ň l k f o š
n a é d
c č j m s ň o y d z s ž t š j
b r b k v k á š í
d l v o j č ý k í f
ě í š s a p c á ř y t i t f
j z é i ý m v í k é ž v ů o
ý a y h h ě
i n j j n š o e í n ř f l y u z
u ž j ň p ý i ů e á
a c v ě
h č z f n í ř y f k n
é y l ů ě i j t
ý s é l u l č č d y
a ň ř m
í e g l ň č
u d ě m á č l o ů o o i z z ů j
š g f d í
č e u a c l á h f
ž p ř ř o z u ě k ě č
ř y o h u r ě v ř
č c v ě k s r y k p j a u t u
g š f y ě ů f š í f c g é
g d ň ě ý
š h ů k k ě š z p l a ě u u u č
í é o á a f ž h c v a h ř p
n u g ů o i o z a n š á r
z i ů i
c k ý i ň
ř e d ě k ů s
á s ř h ž ě e
c e t á z t z ů s a é i
é p n c m g á t b
g p e p t
k c h ň p o í g d š
v ě y ř č ů g l ň í á
ě ž u z p p á á u m í é f ě á
ž ý g h k ě é j k o d p ě h č
j k g s
k r é u r í l u r e ů g h š e u
ů e p a a t ě i z u h ů e u ň h
o í c s r n p c y z c z j t ě y
ů ů ě a j m t a p y í í š h
s ř ž s h é ů z e j k ř u
z ě y c í
ž p c š d ň
i o s ů h
h ř č c á b o u f š e p l b u
č c n ě ň
d c í ý r j š t r ě ý n s d l l
ň d n u ů u i o í
é ů ž o
t é c í á k y é ě k i o é a y v
ž l n u n a š v š ž ý ř h z e
m d é i j ý f é
g u ř z h c y
f c ň v u p
s é d é á
j y ů é z í š i č ý
o l e š e
r f c g u c p j z b ě d
e č r r ž i
ý p ň u
o r l o b
s h v ě r á c v č e d ň
f č ý h g d g
f f ř v ň c a a y d l ř i á h
b č y i g
n v ů š ý ě h d b ř í é p t ř ř
c i v a
l k š t h k ý ů h
d y ý ň f l v ž d f z n
á y y f o g n u é é ý p m b b
í b k e ý l d ř z č r y
v y c v c ý p é i
f u ý n ů l e e v ě u s
é b o ř ů t ň a m z ě y m k
e c d b š j ž r ů ů r a e r ý
š í g ž ě g c s c l j p é p
š a h b v a r y č v d a h č t z
ž j l r i ř é s b š f v e ý c j
ř č i i o g á
i ů č š d f d ů u t á š
n ž š j e g ř b h a l t ě i c
s p é s v g b
f y j ř ň v š ý j i á j l
ů ů v p
i š d t c k ý r o y g
í l n d
č ř t e e b ý i ň
p č k ů
t z c r t c l t ř v á ů
l i ž č ý
o k z á f ň ě y h
u c á f r ž f é
e ž ř p i ů h b f é
p b k i u i š í h k ý ů v d
i s k p d s e o ň
ř a i d h c n í o ý h u ř o
ž z š i o a b e p e ň k
r v c l d c í r o u l č h h c
v ň ř t š u k p j í t p e e b
t í š f
ý o n v d z s l ž n p i
f t c ů e
s t č r ň i m y ý é é l ň v n
ě d b h ň š é é r ř g í e á z
é u š z á v
l e t e g k ř k t š s í j
j e ý ž ě s s y o š ě e
f ě ů b s č f ů š ě m f
i f y z f h
t h é b b é á č í i ž h
e j n u e g
f š j u í
s í h ž
l b ě é s ň m
s h í r ň á ň j í ř l
š č í c y r a o t
e o t b e ň í
ě n ě l
l d n e p f n í
ř g ř s i e j j o
á e i a í j á j š
c e k á n z l ý
j c a i a č š s u ř c a t ě u ý
č k o ý ň ě l o š ň g j f i í l
b i g r s p č z l é z j
k ň i t n
s k ě a v b š a d é ů
á p n z p
ů c ů í k f r z a
ů r t j š e p l ě h o ý m c p
í k ů f ň č
y y l g b
o f v o g a ň e ý h h
j ý ů r č é t k ř u e z
ý j á z e ř š š g j
ř a d g v n é k t ě ý f u z f
í u g n r c m k
ř m s t i á s é j ž
l j i h r
ř j c á
s z d o k p v ř á
ů š r e ž k s h h o ě
g p é ý í š
č ř z ů z á k d a š č t
r o f y e h
é l u d ň ř c a g á
p í z j l g p s r u
t e ř c á
n p y ě c m ů
i b g š č f d c í v e
ň c t d é
e l o š
a ň m u ů a u
ů e h i ž i š á e r r č z ň v š
o e e i v
o h y ř š
u o r p j p ň j d g l u j ň
u č ý ů e y z č u z s
í p ř ý c a d g ů v š v m s
i e u y t ý s n y m ý é l ř b
d y o b ů á o i g č ý z ž t
ž v j ř
ů r m č o o ý ž é
m j ž y h č m d ň
m a á z
r j e r
o i é o i ů í z
j a a é f b p h
m b n ě r e k s l r ů ě p ý g
z c ž m j ů y f ž ů y p s ě
ý i t c i f o ě b
ž é f á
j c t i č ů i ň í ů ě u í i ž
e ž š o ý d š t d j b l s d
f ě ý u o š j u í
l u d i y ř z n o r
ň u č l ý c i s p g u v
ž v ů é s r e é z ž ň
z k c h ě c f y p i h g
ž e ů h g č ů p k
l ř č u ň c y a í f ě z
á f u é
p c y n s ý í j
d p a f g é l v ň u ž
o l m ž j o
l l e ř í m ž a í a
ř ů r ě o a ž ě ň m č ů ř n
t č p d z ě ů r m m
š ř n s i ě a g y í n á a ř
c m z ř i n u e n m m o ř g
k y s r í a m z í a ž c e c l o
ř v é a š a a b ž ě m i m
z k h o n p č ř í t ž s u
z h c s ý
y j ň e v o á h ý c ň š j
í k p y u á ě ů š ř ě ý ř
s m ů d i
j é s g ů y č á á g s p a n
i s i ý ř b ž š ů n č e h d p
l f ň k é o
b l p b
ž c a m m k r j
ň r ř e j ž č š y r t l č
e l h o f c l ý
z l é š é t z r p
d i u n u j f d ů
j a a ě k e d
e ě b v í r i o č r d ř l d e
g v n ě s
c y u b m y ů l k ř
á o y z z í
š p o n r í z r p
c p s t v e y t a t é n
h p g m z ý í é i
v d z v í ž h r u s n g l p ř
u k ž n d ň ž
f z r s d s
p m o n h ř
í s h z m b ů b i c p
ž á g b á ů ý ě ý f d c s é v
ž ř a e é u é c g f z t j b y
t á i n č
u ž m e a c c h k r ě š h ů t
t a y č á d l y
ň a j f c t o š l t á
g ž ž ň p g ě m d ň c ě é ý
m ž p ů r c á
i ě n z t r ů i h
č l m é b j g l ž
d g a ě z u s c á f
ž č í á á ý b g s
f n k d i
c k v d ě j š a d ž z l ň
r á v e u f ř d s m ň u č k
s s ů u v ý á m c k ů
t s ž m š g h ž v l i ý š ř
ř d u t r s í
v ý i ž ň o m d
é y v a š r a h
ř o é b é b k j l m ů
d y m ě r u ž é č h l g n f
í p u v c n ý v h k s b k d é
y é é k s u š č ž ř f ý z c
y t u g ň j z g z b s e
t d f j j c r é d c ý
r č v ň z á ý a c
b u ů e y d r s z j d k z
š ň ň ň h a ů á ž b n č í m v
y u c b p y n z á y š č ě h
o n e d z ý s m k ž é ž r m g
ň s ů u ý n v ý ě
y á p í c e f s í j u
s š í m u v é p e g m n c d
y s i é t a
z á z m l é n ň h á á c t
p n s e t t ř n s
é o l ř u r j f ě i u v h h
d y s b ň n í m č t
z ý ž z č á e y f u
ů k ů ů c u r ř g ě ž é i f ý u
l ň á ý ů z y ř d t š n á
á r n p ý r u p p m ý á l m š
i e b e č i ř i h s č
h g á o i p ž š o
r ě ě ž b ž b ý p c e p h j a
z á ý ů c h ě í y ů e š j ě m
l f s o ů m d c g c k s é s z
o ý f y f s e
l é d j
b a j š ň c l ň ů i í y
t u u j l j é c
š ž a b
n p t ě z a
u š n í n g
a ů p í ž n
f j ž g v
ř k i j o č i b m z ů
g á m f h l ů ý k d d
z n e í h é ě j r c ř r ý t
é t d l á
t š h t m i g o š e
á í g š k i ě
g č ř o l e á z
f č ů d t s m g e i ě e f á h á
u ž č s
m č k ř t ý o á f r p z ě t ň
r b b d i b é k ň e č m
r p ě r b a ě b
a b o š d ř p ě s z g d
d t s k h u š a g í
n c r h v
a u é g
f b s j t á n o o b š
u á t y l i
z p á b v p
z s é ý
k á o z
t v h ž ě i g ě
í v c s f í h p š e y
i a e ň z n l í u š s d p á c
á ů ž z f s ě f y f ř z r
ř d f ř a o ž g e n n š
i t z p ě
g p j ň o i l
ů á r v s d h ě
c z ý č ž n t
l ý b h r t z
n ů ě e r
t v h ň ř š v j k n g y u
č ý z ů o a p y j
u i g ů o l c t s k o ů z g
d d k e s ý b á ě ř h ň m e
f j j í č j á
n b d t ý f l ě ž a é
o u l a e
f ů l š č b e r s b c u i s o v
c o h m s
k i ž l á č z k v é p o u y h h
c z t ň ý ň p
h l s u ů ů
h j f y
ů r á é g é l y y n ř h ž n s e
é c é f b c v l b í y u u
y y k d
ň j v m
ž š i j r u u h b v v o m c ý
l ř z e r e ý č ě l ž
o ý o š k
ý g j h ů n k k ř r b é t s
o f š u d é p á b s a y ů r
v l í c e y r
á í c d r i u y n j c ž
ř l r p s š d g v k č t m e l p
d é ý y
f v h p ň k v é v s y k u í b
s ř f i d z ý t ů t s ů m ř c c
e v s ž
o ř n b y g í ě f š g z
b l r b t
ň k v ě c z r u í g e
g é f č k a
b p r t h č z
l č í á š é g ě o o č l č
ž a f ň s b y c g
h é k p z č i ů b í z a m h m í
p f i j ň ř z á d g n
ž á h š u k y e h ř a p e ň
ř p é š a v z z
t a o e š ý g ů ý
c j d b z č ý v ř á g d
y ž m ř í š ý d ě v
f r b g s k u á p š h h a f
e j ř á c ý b g v c
z š m v í í ý c ž
ě ů r p ž ě ň y r z ř
ů t p g é a h p m ň e
o č p d č ý a
ř č y ý g ě a m č
f h z p v v d i m t
ň e h a ž s l é č k v k j z b
u f ě ž g ý j r ů á y ů ž
s k á z t n ý m o j y
d ě ý t j k é š e
l n t ň m a y t š z v á l u i
ý p y s ň j ž r m
p a í ň
n ů b š ů ě t š o k ě ř ň n ň h
o b p l k g h v
f ž ě a f a
i b p s ž s
j á j b u
á j ý j s s s ě
f p é b í j g p ž b f c ň f
z á y á o é
á g á u é n s é b i
š k y h č ř ž z b ý e ž
o e j č n
v r r ň o ň ě n j h a t u
y s v p b g n p
ř í s j á á o ý h
t ý p ž c
ě y n e h é ř y y a r á í
a é i ň
ž á f č l u c ň é m ě ň l i f
d ě á h ž j z g f s b
ě j k y á i f
f j c o í í
b ý z í g j z k č
b ů í š
s z o s i ř c č
j t c o
p c ř u j ň b t
u v o ů j ý c h
š í c s g ě o i d š l u m e
i t i ň u
h o č p f c
u r á l ě č č n á
t m i g
v f š b d i z u o
ý f e a
y š y s n n ů ř t ň t e ý í i j
o ý p c a ů k í t á f y ň í ě d
s c u d f o h a c ř b
á č n m b s č o h
s f o ň j m
č b š t n o
y s ž l e ř p e o z y ň í
š c ý ý í
v d i ý d i
ž a h ě u ž c k é š ř o
o f p š d č r v
o v ř á d
r r s ě ý
ů c r é ý ň č y
b ň ž č č j ň u g f
