u t l o a e a
s i u t l o a
u y a u t l o a
u z o u t l o a
n i u t l o a
s i y a u t l o a
s i z o u t l o a
b a u t l o a
n i y a u t l o a
b a z o u t l o a
n g i u t l o a
n g i y a u t l o a
b a y a u t l o a
n i u t l o a
u y a u t l o a
n g i z o u t l o a
u u t l o a
u y a u t l o a
u z o u t l o a
p h o m o l o e a
s i p h o m o l o
u y a p h o m o l o
u z o p h o m o l o
n i p h o m o l o
s i y a p h o m o l o
s i z o p h o m o l o
b a p h o m o l o
n i y a p h o m o l o
b a z o p h o m o l o
n g i p h o m o l o
n g i y a p h o m o l o
b a y a p h o m o l o
n i p h o m o l o
u y a p h o m o l o
n g i z o p h o m o l o
u p h o m o l o
u y a p h o m o l o
u z o p h o m o l o
q a l a e a
s i q a l a
u y a q a l a
u z o q a l a
n i q a l a
s i y a q a l a
s i z o q a l a
b a q a l a
n i y a q a l a
b a z o q a l a
n g i q a l a
n g i y a q a l a
b a y a q a l a
n i q a l a
u y a q a l a
n g i z o q a l a
u q a l a
u y a q a l a
u z o q a l a
n w a e a
s i n w a
u y a n w a
u z o n w a
n i n w a
s i y a n w a
s i z o n w a
b a n w a
n i y a n w a
b a z o n w a
n g i n w a
n g i y a n w a
b a y a n w a
n i n w a
u y a n w a
n g i z o n w a
u n w a
u y a n w a
u z o n w a
l u l a e a
s i l u l a
u y a l u l a
u z o l u l a
n i l u l a
s i y a l u l a
s i z o l u l a
b a l u l a
n i y a l u l a
b a z o l u l a
n g i l u l a
n g i y a l u l a
b a y a l u l a
n i l u l a
u y a l u l a
n g i z o l u l a
u l u l a
u y a l u l a
u z o l u l a
j a e a
s i j a
u y a j a
u z o j a
n i j a
s i y a j a
s i z o j a
b a j a
n i y a j a
b a z o j a
n g i j a
n g i y a j a
b a y a j a
n i j a
u y a j a
n g i z o j a
u j a
u y a j a
u z o j a
f o f a e a
s i f o f a
u y a f o f a
u z o f o f a
n i f o f a
s i y a f o f a
s i z o f o f a
b a f o f a
n i y a f o f a
b a z o f o f a
n g i f o f a
n g i y a f o f a
b a y a f o f a
n i f o f a
u y a f o f a
n g i z o f o f a
u f o f a
u y a f o f a
u z o f o f a
e t s a e a
s i e t s a
u y a e t s a
u z o e t s a
n i e t s a
s i y a e t s a
s i z o e t s a
b a e t s a
n i y a e t s a
b a z o e t s a
n g i e t s a
n g i y a e t s a
b a y a e t s a
n i e t s a
u y a e t s a
n g i z o e t s a
u e t s a
u y a e t s a
u z o e t s a
t l o o e a
s i t l o o
u y a t l o o
u z o t l o o
n i t l o o
s i y a t l o o
s i z o t l o o
b a t l o o
n i y a t l o o
b a z o t l o o
n g i t l o o
n g i y a t l o o
b a y a t l o o
n i t l o o
u y a t l o o
n g i z o t l o o
u t l o o
u y a t l o o
u z o t l o o
e e a
s i e
u y a e
u z o e
n i e
s i y a e
s i z o e
b a e
n i y a e
b a z o e
n g i e
n g i y a e
b a y a e
n i e
u y a e
n g i z o e
u e
u y a e
u z o e
q e t e e a
s i q e t e
u y a q e t e
u z o q e t e
n i q e t e
s i y a q e t e
s i z o q e t e
b a q e t e
n i y a q e t e
b a z o q e t e
n g i q e t e
n g i y a q e t e
b a y a q e t e
n i q e t e
u y a q e t e
n g i z o q e t e
u q e t e
u y a q e t e
u z o q e t e
r e k i s a e a
s i r e k i s a
u y a r e k i s a
u z o r e k i s a
n i r e k i s a
s i y a r e k i s a
s i z o r e k i s a
b a r e k i s a
n i y a r e k i s a
b a z o r e k i s a
n g i r e k i s a
n g i y a r e k i s a
b a y a r e k i s a
n i r e k i s a
u y a r e k i s a
n g i z o r e k i s a
u r e k i s a
u y a r e k i s a
u z o r e k i s a
e b e e a
s i e b e
u y a e b e
u z o e b e
n i e b e
s i y a e b e
s i z o e b e
b a e b e
n i y a e b e
b a z o e b e
n g i e b e
n g i y a e b e
b a y a e b e
n i e b e
u y a e b e
n g i z o e b e
u e b e
u y a e b e
u z o e b e
s u t u t s a e a
s i s u t u t s a
u y a s u t u t s a
u z o s u t u t s a
n i s u t u t s a
s i y a s u t u t s a
s i z o s u t u t s a
b a s u t u t s a
n i y a s u t u t s a
b a z o s u t u t s a
n g i s u t u t s a
n g i y a s u t u t s a
b a y a s u t u t s a
n i s u t u t s a
u y a s u t u t s a
n g i z o s u t u t s a
u s u t u t s a
u y a s u t u t s a
u z o s u t u t s a
h u l a a e a
s i h u l a a
u y a h u l a a
u z o h u l a a
n i h u l a a
s i y a h u l a a
s i z o h u l a a
b a h u l a a
n i y a h u l a a
b a z o h u l a a
n g i h u l a a
n g i y a h u l a a
b a y a h u l a a
n i h u l a a
u y a h u l a a
n g i z o h u l a a
u h u l a a
u y a h u l a a
u z o h u l a a
h a u f i e a
s i h a u f i
u y a h a u f i
u z o h a u f i
n i h a u f i
s i y a h a u f i
s i z o h a u f i
b a h a u f i
n i y a h a u f i
b a z o h a u f i
n g i h a u f i
n g i y a h a u f i
b a y a h a u f i
n i h a u f i
u y a h a u f i
n g i z o h a u f i
u h a u f i
u y a h a u f i
u z o h a u f i
i t h u t e e a
s i i t h u t e
u y a i t h u t e
u z o i t h u t e
n i i t h u t e
s i y a i t h u t e
s i z o i t h u t e
b a i t h u t e
n i y a i t h u t e
b a z o i t h u t e
n g i i t h u t e
n g i y a i t h u t e
b a y a i t h u t e
n i i t h u t e
u y a i t h u t e
n g i z o i t h u t e
u i t h u t e
u y a i t h u t e
u z o i t h u t e
t h u s a e a
s i t h u s a
u y a t h u s a
u z o t h u s a
n i t h u s a
s i y a t h u s a
s i z o t h u s a
b a t h u s a
n i y a t h u s a
b a z o t h u s a
n g i t h u s a
n g i y a t h u s a
b a y a t h u s a
n i t h u s a
u y a t h u s a
n g i z o t h u s a
u t h u s a
u y a t h u s a
u z o t h u s a
n g i i y a u q o q a
n g i y a t u t s
n i y a a u a q e t s i p k i
n i o l u o h a u
u z o i z o u
b a z o u e t b a t h
n i y a i e a u y a
u z o o h u
s i o u t l
n g i z o y a u s i h
s i z o f a e a r e k
u y a o t l i e a b a t l
n i a z o l g i f u s a
s i y a b a q e u z o p
u y a l o o e u u t
u z o a i n i j a
n g i a h a u
u z o n g i q
s i y a r e s i h u
n i n i p h
u i y a u t e e a q a l
s i t s a e a y a p a l u l u z o j
u o r z o s u h u t o l o e o p h g i f
n g i z o o i z o i
s i y a u t h u a e b z o t h
n g i a z o t
n g i z o a i t
n i s i n w b a l u y a i a a e i y a i
n i y a n i s u e t b a s u
n g i z o y a h
u z o o i t h i u b a r
q e t g i n a e a
u z o z o n o e t u e t s i s u o n
n g i z o n i i t
b a z o s i q z o q
n g i z o a y a l
u z o i z o n a y a p
s i z o o n w a u n w a
u z o a n g i e g i i
u z o t e e a u y a u
u b a u t a z o q
n g i y a g i f u y a u
u z o s a f o f
n g i w a e u z o p y a r u s a e f o
s i z o u n w g i l u
b a y a u q e t l o a e
n g i i z o s i l u o l e k i
u z o s i l u e t s o a e a a j u e t s
a z o u z o j a a e a
n g i z o u y a l s i h u
n g i z o i s a t l o a o n w a
u y a u h u t e n w l o e a
n g i y a z o p s i j
u z o r e k i o f o f
u y a a l o e i z o u t u
u y a g i h a a j a
u g i i b a i g i p h
e e a a e a
s i z o b a q a a y a l
u y a i z b e e u t h z o q a u p h o
b a y a g i e b
n i y a i u t y a n o e a a s u
u z o s i h a n g i l
n i y a g i i t i f o
n i i z o u z y a e b i n w a
b a y a e b e e n i n w
s i a z o i a s u t
u y a f o y a h u
n g i y a o u t l
u z o i h u l u l a
n g i u s a e a y a
n g i z o n i r e
s i z o g i u y a i t
n i y a y a l a u u l u l
n i y a h u t f o f f i e
u y a o m o l
i q k i s e a
u y a h u
n w e t s a u u t l a e a
u y a u n s i j a
u z o b a f n i e g i q
n i n i h i n w y a s u
n g i y a f a e a n i q e i s u t
s i a e a n g i j
s i o o y a i a p
b a y a i p h o u t
u z o g i j a u f b a t h
u y a b a z n g i r s i l
n i i q e t a t h a s u t
s i z o u s a z o s
u y a i y a u
b a y a s i a u f
n g i a j a u t s a o r o q e t n i i
n g i z o b a q e p h
u y a m o l q e t e i z o r
n g i z o u p h o
n g i z o g i e b
u y a i j s i n i q a l a z t l o o u t s a
n g i z o n i p u z o e
b a z o i h a u t u t s s i t
i y a t u t e a e a
b a y a a z o f
n g i g i e b a q a t h u s
u z o n g i z b a t l
u y a u e t
u z o y a h u a t y a h
u y a i z o f a h a
s i z o u f i e g i s o f o f e k i s a y a i
n i y a a u f i o e t s
b a g i f
n g i z o o e t s a j a o l u l
u z o z o i t s i r e b a h u
n g i y a b a z o i u t l
u z o a s u
u a z o q a a e a
o j a i q a e a
u z o a t h u
s i y a t h u t g i j f o f e t e e
u z o h a u a p h o
n g i o j a g i h u h
u y a o q e u s a s i h a z o f
s i z o n g i i i q f i e a
b a w a e a g i p h
s i z o z o l u a l s i r e a n y a u n i f n g i r
n g i y a i l n i t h q a
n i y a o i t h b a t l u y a r
u y a a z f i e a
u y a b a h u
s i i y a j
u y a u l a u y a l i q e
u o l u l i s a a n w a
u y a a u g i z o
s i y a s u t u u p h u y a l
u z o q a l a b a q e g i q e
s i y a l u l i y a l n i i
u z o a y a l u h u l
s i y a a u f i a l
n g i n i t l r e k i
u y a u r e
u y a u l u b e e a i q a
n g i z o r u y a e b a q
n i y a z o q a i y a t
b a z o a s o q o r e k
n g i z o l o e
n g i h o m o o t h n i
n g i y a i t o i t h o q a l
u y a o q e o u t l
n i z o r e o o u h
n i s i r a i t h b e e a
u y a u f i l o a q e u t u
i i n i y a i e t n i l k i s a e a
n i i e b b a e t
u y a p a i a e a
u z o u z o h
s i u o t l n i q e a
b a z o b a n w b a r u i i y a p
n i k i o n n i e t
u z o n g i u l u
u z o t h u s u l u l o l o
n g i y a z o i n g i q n i n b a h u s u t h u
u f i e a
u b a h u p h
u y a s a y a p h o h a u
u y a l a a y a n z o t z o f a e a z o
n i y a g i q e e e z o l
u z o b a q e
n g i z o i h u t h u s u z o j
u y a b a h a z o t h z o j
u h u z o h u u y a e
n i y a y a j o q e u u t
u y a a l a e o e b g i y a o f
n g i b a n a y a j
u z o a z o e
b a z o s i q a t l u z o s
u a z o j u q e e b e
u y a f a e e e a
s i z o g i r n w a
u y a u n w s i l t h u j a y a n
n i y a e a z o p i e b
u a y a n s a e a s i h a
s i o t l o i h u l
b a y a r e k
n g i z o z o t l
s i z o e k i i s a e
u h u l a u t h u
n g i y a i z o i y a i t
n g i z o u f i u y a f z o t l
u y a u f i e o t h u o e b e l a e u n
n g i y a s u t o j u f i e y a i t
u z o b a z o n i q b a n
u t u o o e e t e e e a
u z o i z o l
o t h u e a
n g i y a u u t l o f o o t l o
n i s i p h
u z o a r e k b a p
b a z o g i q e u y a n
b a t u z o l
u z o b e y a i e t s
n g i o f a e o a e o q e o t h g i l u
n g i z o a y a p a r e k h u
s i s i y a
b a y a t s a e h o b a q s i n w
u z o u e b e y a l u s i h u a u f i
u y a w a e a a s i j a
u z o g i e
u y a o n u n o e a s u o n
s i s i h a o e a g i e b
u y a e b a y a n u n n g i z n i n p h o
n i g i i u t u e t e e
b a h o m
s i z o u p h o
b a z o i j a g i s u
s i u r e u z o r
u y a i s u t h
n i e k u u t l a q a l
b a z o a z o u b a e n i p h u z o l i n
u y a n g i l
n g i y a o e t s l o a
u y a a l u g i j a n g i z
u y a u e b e m o o s u u t e e
n g i i e b e
n i i n w a b a r h u t
n g i l o a s i y a
s i z o a u i t l o
n g i z o u r e n w a e
n g i z o y a l u
u y a h o u n w
u y a e t e e
n g i s i y b a i t n i y a
n g i z o i n s i q a
n g i y a g i n n i n n i h
s i y a i t h
n g i y a s i q e y a q i f o f
s i y a i l u a n a q a i i
n g i i y a u i t l o o r e
s i o f s u t u u t s a
u z o g i z o h u e t s i y a t
b a y a h a a h a i q
u y a j a y a s u z o h
u y a n g i z s i l u
u n g i n a y a f f o
b a i y a s g i t l s i u
u y a a u f i s i i n w a
u y a a q a l i f o f i q a l
u y a g i u a q a
n i n i t h t u t z o j a
n g i z o t e e a h u s
s i z o g i f u t l b a z o
b a y a n w i y a e u t l i z o i n i l u
b a y a u s a s i z
s i z o s i t h
b a z o n i u u s u
s i u z o j o a e i y a j
u y a u l a a a l u l w a e a i s u t o j a o s
n g i y a t u t z o r e
u y a a p h o g i z a t
n g i z o s i l u u z o n
n i z o e b l o o e
u y a z o t h s i y
u y a i s a h u l
n i y a a i l o a e
s i i t h u o r e k
u y a a q e u t l
u y a a z o j i z o u j a
s i y a l o e a r e k
b a g i z o i s a b a z o
b a z o i i e a i z o n a p
n i y a z o e b n i e b
n i s i f
u y a n i r e
u y a t e i t h
n i y a l b a p h a z o l
n g i y a o f a n i n
i e t o l o t l i z o s a e a
n g i y a n w a n i h a
n g i y a z o t h
u y a u y a u
b a z o o s i p h
n g i z o o e b b a h u z o q e
u y a q e a t l b a i t a y a l
n g i a e t b a z y a e t
n i y a u s u t n i j a j a e a
u z o a q e t
n i y a i t h y a q a
n i a u i e b b a i t
n i u t e o s u t
n g i z o s i l e t e
n g i y a a e t a r e
b a y a y a l u
n g i y a l i y a i
n g i n i j u e b
s i z o a e a y a f o
n i o h u l
u z o u q a l b a q a
s i y a a t a y a f y a l u
u y a s i f s i q a u s u
u y a u y a i o h h u s u t h u
b a u y a e n i l u
s i a y a r z o r m o l
b a z o i t l o o g i l
n g i z o u h a u a y a j
n i y a f i e
u z o i e t s a f n g i j z o t i l u l u i t h
b a z o i i t h u y a s
s i y a g i h u g i y g i n u h a u e t l o
u y a z o q u z o h u e t
n g i y a n g i p u p h o
s i i e b n i r i z
s i z o i z o l
u y a b e e a j a
u z o u t s a u e b i t h u
u y a o a e a s i l u
b a y a e t s a
u y a z o f o s i u z o p g i s u r
n g i z o o f a b a z
u y a n g i j
n i z o j a a j a i e a
u s i z m o
s i z o a t l o o f
b a y a u l s i h u
s i y a z o t i z o e b a q
u z o s u t t s a e
s i e t n i q e
u z o u e b e o f a e a p o h a b a t h h o
b a y a a y a r
b a y a p h
n g i y a a z o l z o u z o e
u z o y a e t z o j
s i i l u l i n w a
u z o n i q a
b a u f o a l u l i u t l
s i l o i z o h g i h n i r
t h u y a f e e a
u y a z o h n w a
n g i z o u z o s i r u z o u b a
s i z o i y a l o l o u h u
n g i z o o r e b a y u u g i p h
n g i z o y a l u
b a y a i n w
b a y a o t a t h
n i a i b a i o q e n i u
n i t s o q y a f o
u z o i n w o j a a u f b a j a u z o p
b a z o t l i z o f e k
n g i y a s i t u t o f a e u n w
u y a i e t s i y
b a a q a l
u y a n i n z o h a
b a y i n a e a
u y a b a r e z o i g i z o q
u g i e t t l b a h a
n g i u n w t s a y a f i z o j
u z o o u t l o h u l
n i y a n g i r n g i q m o l o g i q e
u y a i q a
n i u y a s n i h a
u y a h a u i t l n i n w
u l o a e u y u n w h u s
u y a i y a u e e a a q a a y a f a p
s i i i t h o t l o u f o f
u a l u y a h a
n g i s i y a a y a t
u y a u y g i s n g i u
n i y a o h a u i e y a l u
b a o s u n i j
u y a a y a h a f o f o i t
u s i l u y a e
n i y a u l a a f i e a
n i y a a l o f o f
u z o i j a o s u t
b a z o i p h o l o b a q
n g i z o b a n i j b a p
n g i a i o e g i y a
u b a y i z o h o l o e
n g i o n w i e b e
u z o a p h o h u l
n i g i q e s i n w
n i s i f o h o m
u y a z o h a
s i z o o e b
s i y a t h u s s i y
n i i s u b a s u i p h o s i j
a u f i i z o h e e a
n i z o n
s i z o f a e a u t l
u y a y a u a q a l s i z
n i u s u t o u t l
u y a b a t l i z o u
a i u y a i n g i u a e a
u z o i i e k i i t h u u t u
u z o b a t b a p h a q a l i z o s t h u
u z o z o e t o n w i z o i
n g i z o a h u l
n i u z o s s i t u y a h u z
u y a y a e t u h a y a e b
n g i z o y a l u z o p g i z a u i l o q a
n i n i l u a u t g i e b
n i n i s i z o i
n i e t e e
b a y a h o m o
b a z o g i q e a s u t
u y a i z o r p h o m
u y a i y a e
n g i z o n w a e b e e a
n i s i h a
s i i y a t g i q e
n i y a o j a i e b e
n i y a a r s i s i z o p b a e
u y a g i u y a j a o e a n i q y a j a b a n w
u y a p h r e k i
s i z o y a f o i u t n g i n
u z o i j a k i s i y a i
u i u y a l u u e t s
b a z o a n w a t l b a q e
n g i y a i p h z o p n w
s i z o e e
n g i y a o f o f
b a y a o m o l a y a u b a
u y a i j a i y a t
u y a s i s u
n g i g i p t s a e b a n
u b a q a
u u t s a u j a i z o u
u u q e u l u l i i
s i z o u y a s g i q e y a u
b a y a b a s u u y a r
s i z o y a p h i q a a y
n g i y a i i t b a q e u t i z o s l o e
u a a p h o m
u z o t h u l o e a
n g i z o u q a l
b a a q a e k i s u s a
n i y a u y a t i q e t
n i a s u
s i z o a q a l h u l
s i y a b a p u y a p n i h
u y a n i y a
b a z o s i t l
u y a y a u t a p h e e
s i u t l o a z o f l a a a e
b a o u t b a q e
n g i z o z o u h n i l u
u i s u t a q e t b a
n i b a j a u t h b a u b a p
u y a a e t s o p h
u k i s a h a u z o s u
n i y a n i r b a z
n g i z o e b e u y a q
u y a o t l z o p
u g i s a z u p h
u z o g i l u a z o i i t l o
u i j o u t l u t s a
n g i z o h o m b a e i t t l g i p h o t h s i e
b a s i r e a e b e a f n i f o i z o n
n g i z o a e b z o t h
n i a f o y a j i r e k
u y a y a s u i q e t
n i y a s a i s a e t s o t h i y a u i z l o a e
u a y a i
u z o a z o l
s i y a o s u t n i q a b a z y a t a p h a q a l
u y a z o f o e a u q
u z o t e e i j
u z o t s a e n i l
n i g i i y a e
b a u z o p
n g i z o y a p i t i s a a y a i
b a y a b a q a b a u t
n g i y a l u n g i s
n i a f o h u l
n g i y a s i h a u z o h z o f o
u y a u h m o l i u
u z o i y a a l u t h u
b a y a f a e a b a r e
n i g i f
s i z o n i n e t e s i h
u a e b i t h u i s u t
b a y a u n w p h o s i f o
u z o o u t z o q e u t u
s i a y a n i j i f g i y o e a
n g i z o b a q n i q l a e
s i y a i t h
u z o a u f n i r
b a z o u o o e
n i u z o q
n g i i z o f s i h
g i u a e a
u a h m o
n g i s i e t q e t e
u z o i z o j n i h u
n g i z o a p h o u y a i
u z o s i p i z n i f b e r e a y a n i q z o h a
s i y a a e u i t u f o a
u o t h u
n i o h a u a z o t
n g i y a i f o f b a h a
u y a y a e t n w a e
s i n i t l y a t h
n g i z o i q a u r p h o a e a y a h i q e
u y a o e a s i s u
s i k i s a w a e a
n i o e b a y a q b a f s i y l o o o h g i f
u y a a n w a n w
n i b a y u z o q a u f i
s i y a g i h u i u t l
u y a a a e a t l
n g i z o y a u u f i e
u i z o t z o p p h
n g i z o b a n z o r e
b a y a h a u f i s u
s i i i t h
n g i b a s u i l u l u s a e z o l u
u y a b a i n i e t
b a z o y a n i y a a l u
s i o f o g i u y a r
n i t l o o f a e f a e
u y a b e e
u y a q e t e u z o t a z o l
n i y a a y a r h o m
n g i y a i z o p a q a l b a z o
b e e a a a e a
u z o f i a p o m o n g i q
b a u y a r a z o h u s l u l
n g i y a i y a t a e a
n i u a e a
u y a h u s a u z o t s a e
u a r b a l u
u a s u t
u z o u y a p
u y a l o s i r b a e t
s i z o e t i h a o s
u u u t u f z o t u t
n g i g i l y a e e a q e t
s i z o o q e i z o e b a h u i e b f i n i r e
n g i y a n i l y a u s i e t
u z o i h a u o h
n i n i h
g i e b a e a
n g i z o p h o m a z o i f o f
u t h u
u y a a y a s
u y a e t e e l o a
u y a s i n b a h a i z o n u n w a g i l
n i y a f o
u z o s i l u b a f o
n g i o n n i i t
u y a o m o a z o r
b a y a n g i h u z o f e b e
b a a u f i o t h b a f o
s i z o u y a s
b a y a n i i t s i q a s i h a
u z o s i r e
n i n i n a y a f
b a y a a z o q i u t l
u y a t e e u t l n i p
n i y a a z o p
u z o b a r e l o e a
u y a e i z o p b a l u
n i y a u l a u t l o
s i b a u t z o f
n g i y a i n w a z o e t
u y a a f o f
b a y a a y a q n g i y a l a a u t l
u z o a y a r a a n w
u z o u r e u j a l a a e t l o
u z o u u e t w a e
n i y a h u
u j a o f o f t l o o e e a
n i y a i u q e u n w a o n w a
u y a b e e a t e e a s i t h
s i y a u u t l a z o f
u y a a h a
s i y a n i i t y a e b b a s
n i t h u t
n i u z o i f o f g i y a
n g i y a l o e y a h a
u y a n i h b a e n i j z o u e k i a z o s
u z o u s a e a u f i
n g i u y a n z o p h z o i
u y a y a a y a l u l u l
b a b a n w o t h
u y a y a f g i h u
b a u y a e o f l o e a
n g i z o t h u t
u y a t s a i e b e
n g i t e e a o h u
s i y a q a l a q e t u y a q b a e t i u t
u y a t h a e b s i u t w a e a
b a z o n g i f z o h a
n g i y a b a t u y a l i y a f
u y a u r p h a l u l
n i a y a l
u z o f a e a
s i y a u y a u u z o f
n i u h u r e o q a
n g i z o i e i p h o i y a j
o q a a l u t l a e a
n g i y a u y a i a e a g i p h
b a z o i z g i e b z o e t
s i o t l o a z o p
u y a s u t u y a q e i q q e g i u
n i y a t h u t u e b s i q
u z o i y a p a z o r
u z o s i h a
b a u y a q y a n o e b g i h a z o q
n i j a e a
u y a u y a e
s i y a l a a z o u
u y a u a t h i y a f s i y a
n g i y a i y a p s i y a
u z o u y a r a s u t o i t h
n i o j a i z o s
n i e b e e u y a p y a q y a l o m
s i z o f a e g i t l z o p h u z o j z o n w
n g i y a i s h u s
b a y a b a z l a a s i r e
s i y a i y a i a t l o
o l u q e a e a
u y a a u f z o r
u z o a h a u h u l g i n
n g i y a a l a z o n
u z o i e u z o e
n i y a i i y a l
b a a e b u z o n
u z o i t l u q e t u f o f
s i y a t l
n g i b a i t t s a l a a h u
u z o y a f o b a y
n g i z o i t h f a e a a u f a y a y a j a
n g i y a s i z
u z o u t e u l a a a t h u z o e t
u y a g i e t u u b a l u
b a o f a e i t h
u z o i z u z o f e b e
b a n i s u a i r e n g i n
u z o i r e u l a a
s i y a n g i q
b a y a g i f o o s u
u y a o q e t i s u t o h a u
s i y a i p h u e b e
u y a u r e k
n i i z o r b a z u f a l b a j a
b a z o s i e t l u l
s i q a g i j e a
s i y a y a j a a z i q
u z o n i y z o t
b a s u t
b a z o n i h u p h u p h
s i g i r a z
b a z o e t s a
n i y a e t e a u t
s i z o m o l o n i i
n g i l u l s i s
n i y a e t e
n i g i r e
n i t u t a y a r
n i b a j a
n i y a g i e t
b a z o g i h u u y a h
n g i q a l g i u t
b a z o e t s a n i p
s i y a i l u l g i y a k i
n i y a u s n i t l s i s u
s i s i l z o i q e
u y a s i z n w g i z o y a s u z o f
n i u y a l s i n i l u l
n i y a s i t h u u t
b a y a b a r b a u i j a n
u a h u l b a y u l u l
b a y a n g i h b a t h b a r a z o p
u y a i u t a t l y a j
u z o i p u e t s a i t h
n g i y a o h u l l o e a b a p
b a n g i f a q a l i y a j
u z o e b e e
n g i j w a e a z o a y a n y a q a n a e a
s i z o e b e e
s i z o i y a r a y a n
b a z o s i l u i r i e b t h u b a z o l o
s i y a i e b n i p
u z o i y a f
u z o n i p h
s i z o a e t o i t b a z b a t h
n g i j a a y a q a e b e
u y a h a u l a
n g i z o u z o j o t l n w a u y a r
s i q e t u a e a
s i z o i l u l i y
b a y a a y a n i y a p s i j n i f b a i i y a q
r e k i n w a a e a
s i a t i s o o b a j
n i y a p h o m y a t
u y a u l u l a t t h
n i o o y a r y a e
n i q e a e a
u z o b a e o u
s i y a s i s u b a e b
b a u y a b a r e
n i i s a e o f o i y a n
s i o i t h a z o e
u y a a t h n g i h
b a z o e b u l t s a e
b a z o h o u f n i j w a e
n g i z o f f o f
b a y a e t e e o o o s u t
u y a u e b b a r
s i z o y a u
u y a n i l u o a
b a a t o n g i n w
u y a y a p h i z o u
u y a i u t z o r e
u o e b a l a
u z o b a h s i u
u z o o f a e g i e b i y a u
u y a s i t o a e
s i z o g i j a i n
u y a t u t h u t s i q s i z
s i y a q e i z o h
u z o y a n a y a q y a r e b a f t l o o
n g i n g i j
s i z o o q a b a u b e e a
n g i s i q a n i l u a y a n
u z o i h a u q a l a o m o l
s i z o n i r e u z o q
n i u p i i n i n w i z o t
b a i z o r i z o s n i s
n i y a s a e a g i s u
n g i z o q
n i z o e b
n i o u t
n i y a j s i r
u z o i z o
n g i y a s i z o b a p h s i
s i i e b e a s
s i u y a r o l u l z o e
n g i y a o p h i y a u b a y a
n g i y a p h p h o m g i n i n
b a y a w a e t e e
n i i u t l
n g i z o u t s
u z o u z o q u t
u z o n w a
u z o o p n i t l z o p h
n g i a y a p
s i z o o f o b a t l u p
b a b a a y a s
b a z o b a f o
u z o u p h o o n w a n w a
s i s i p h o
n g i z o n i j g i e t e t s
s i z o u t e i e b u s h u t e b a e u y a s
u z o a p h u y a p
n i o s u t z o t l i i t h
u y a u h i z o o t h e a
b a b a z r e b a r a f o f
n g i z o b a h a
u y a h i z o h
u y a i z o l j a e a
n i y a t u t o n w
n i y a u z o f u p h o u z o r
u z o a y a l o s u t
u z o u y i y a b a p
n g i y a f o f o f a e b a y
i z o j i y a j e a
u o o e a a y a n
s i z o i z o s u l a e o u t
b a n i u t i l u l a z o u
u o e t z o j a z o p
n g i z o a q a z o s g i i s a e
s i y a p h t l o o z o s u
u a z o t o l o i l u l
n g i y a i y a h b e e a
s i z o r e y a f o f o
b a z o e t s a
n i y a b a h
n i o r y a q a z o l o o e g i n w o f o f
u z o o t n i u u t e e
b a y a o f b a f o
u z o n g i e e k a y a t
u y a g i u t i n w
u z o j a a z o e a
b a t h a y a n i y a r
u z o b a u t i z o
s i u t h g i i t e e a
n i a l a e
u n i l u
y a e a a e a a e a
u y a n i h u b a l u i p h u l a
u y a b a s n g i p n i n u y a u
u y a a l a e u e j a
b a y a h a u i z o n
n g i z o a t h e t e e n i r
u n g i y o r i y a l
n g i y a y a j a h u e b e
n i n i h z o t l l o e a z o n
o f a e z o t l e a
b a n i h a
s i z o n i j a
s i z o b a z o a q
s i y a b a f i z o
u y a s i y w a e s i f a f o k i s
u z o o t l n i o h a u a a e
n i i q i f o
n g i n i f o s i l u g i u t
u z o n i t l b a f o s i n w
s i z o s n g i i o f a p h o
n g i z o a z o i o q a
n g i a a i t h u
q a l u h u y a s e a
n g i g i s o t l o s i i i h u l
b a u n g i l a e a
b a o p b a h
u y a u t e e a q a l u l a b e
u i q e
n g i z o i r e k m o u p h i z o i
s i y a g i z b a y
u i q a l z o s u y a q e
s i s i y a n u q a l
n i e t s a i t h
s i b a j u f i e
b a z o z o q a
n i y a s i t s i e b
u y a s i q a i n w
n i u p h o y a j
n i i z o n
s i s b a e t u t l o
u y a a y a s
s i s i r a z o p
u y a t e e a z o p
n g i y a b a u o t a u t g i q e g i j a y a p h
u y a n i h e k
n i u z o n u t u t u y a e o l u o l o e o o
n g i z o i y a s i f
n i y a o h u l a p h o i t
s i z o o q a y g i e t
n i o t h u y a t l
s i y a g i z o a u t l o j a
n g i y a t l o u j a u q e t o m
n g i y a f i e a y a p
b a u i s i j s i t
s i z o u j s i z o o s u
b a z o n i e a h a
n i s i p h
u z o a z o u
n g i y a z o q g i t h i t
n i y a i h a g i p
s i a f o b e e a
n i u l u i y a u a y a h a z o p a y a e
u y a t e a y a q
u z o f a e a b a r i z o u
b a y a i z o u t l o t l o o u n w a
n i u t l a y a j
u z o z o i t u e t o h a
u z o e b b a e b e a
n i y a i l q e t e
u y a y a q e u j a
b a l o a e
u z o b e e a a h a
n g i o s a y a q
u z o y a e b o e b n i f o
u y a l o a e
s i y a f i b a i t
n g i t h u t i y a t
b a p h o l o n g i t
b a z o o p h o i z o i
n g i z o o o e e t s a
u u t l
s i i z o e a i t h
s i z o s i j i h
u y a o u t t e o l o
s i z o l o o
s i y a f a e g i z t h
b a a i i n w i h a
n i y a n i j i z o u i z o s
u z o a z o j s i s u b a t h y a i
n g i b a i y a e u l u l i q a l u h u s i e
u n w i t h u a e a
n i i h a u n i h u
n g i y a u y a r s i h u t u
u s i e t
u y a u z o t g i f
u y a o t l a e a s i z o
n g i e k i i y a h
s i z o n i j n i r
b a a r e k z o l u
s i t l h a u o q e u h a u
b a a q e
u y a o e t s t u u t
u y a n g i n u z o r
b a y a n i i t
s i y a u e t s y a r
n i y a a y a g i e s i p g i s
u n g i t
u z o a u a u f u t u a u t l
s i b a r e i q a b a l
n i u s u b a h
u z o s i q u z o i
b a u u g i q e
l a a z o q a a l a e a e a
n i y a y a r i q a l u t s
b a z o n i y a i r e k
u i t h b a a e a
s i z o u q e t u z o t
u y a z o e t e b e e u y a n
n g i u q e t t s a e
n g i l u l a n g i i e k
n i a q e i q a q a u q e t
s i y a a r e k
u y a u r u y a i s i t l
u z o s i u b a y a
s i y a z o l
n i y a y a p h s i p q e q a l
u y a i p q a l a
n g i u t s a o l o s i i
s i g i f a p h o
s i z o z o j o h u l
u y a y a t h u z o f
u z o u s e e a
n g i y a s i t l
s i i z o j y a l u n g i h
n i y a g i p w a e
n i y a s i y j a e a
n g i t e o m n i s g i s u
b a y a u t u t y a u t f i e a
s i n g i y e k a y a q
u y a l u n i h a
u y a s i q a g i e i f g i u t u f m o l o o
b a a y a s t e i y a p
b a y a i y l o a a t h u
u u t i z o q s i z o e e a
n i a y e b
n i a z o t p h u l a
n g i o q e t s i j a
n g i z o a y a r n i j o n w a i z o r
n g i y a z o s u
n g i z o o m o z o r e
b a n g i e
u y a z o f u r e b e e a y a s u i p h o
u z o i i b a q y a h u
n i i z o u o t h u z o i u t u z o e b
b a y a y a r e s i e b
u z o b a q e u i t s i s
b a a y a u u q
u z o k i s a
n i y a z o n
u y a z o j y a h u s i f i h u i s o l u l
n g i y a i y a i a h a u m o l o b e e a
n i u z o i
n i y a f o
b a z o i f o f
u y a b a h
n g i t s a i y a n n g i j
u y a z o p n i f o l u l a e t
n i i s a n g i n t l o a
n g i i i y a j a f o f
y a f o a z o u t h u e e a
b a z o i s g i s u
s i y a b a j n i h a n g i
b a l o i e l o e l u l a
n g i i z o s a y a f
u y a u z o q i t h
u z o n i u u r i z o f
n g i z o y a t l
u y a b a u t u q e t n g i q
n i y a f u z o f
y a e b t l e a
s i g i z u t h u
i q e t o a e e a
u z o i y a s f i e a u l u
z o i t u j a e a
u z o y a z o t s i h u
u z o o l o g i i
n i i z o l y a q a
t s a e e a
s i i z o j s u t a y a t
s i i e n i t l o s
b a z o s i e t
n i y a u l a h u t o s u z o t h
u t u u t s
n i u y a r b a r
u z o h o m u e t
b a a a e u y a h y a r e
s i z o o e u z o r i y a h
n g i z o u n w u z o u z o r
u a z o h b a i t z o n w
b a n i f
u z o o i u y a z o p h
s i s i n w k i s n g i i
n g i e b s i n w i n b a r e
n i a z o p u r n i j o a e a
n g i y a s i l i y b a b a h u
o l n i t h a e a
u z o h u l
s i z o u t u t u t u t
u a r e y a q e l o a e
n i y a g i r i f o
n g i y a u i t h u t l o
s i y a a z o t e t e
b a y a s i h
u y a i z o u s u t u a t l o n i e t
n i f i t h u s z o s u
u y a o p h
u z o e k i u l u e k i n i y
n g i z o g i u a z o g i t l u l
b a z o n w a e u i t
b a z o i r t l o a
u y a i r e o o
b a z o a r e k a l
s i y a o a e a p h o
s i y a o a e t s a e j a e a
n i y a z o f z o p h
u y a i f o b a t e t a u t l a y a u s i u
u z o u y a i b a n
n g i u l a z o u t
q a l n i r e u z o r y a t a e a
b a y a a q e t g i l u b a u
n g i u z o q a u t
n i e t e z o s a z o t f o f a
b a u t e a q a u y a j
u z o g i e t n i i t n i e b
b a z o s u s i y a
b a y a r e t e o t s i i
n g i g i f e e
b a z o g i l u s i t h
s i z o u z o h a e b u i
b a y a i y a s o r s u a n w a
s i z o a p h o
n g i z o z o t l q e t u f o z o s u z o u b e
s i y a s i i u t l
u y a z o u y a l u
b a y a a y a e l u l a o t a y a t u y a q
u y a i s u t u t s
u y a o e t h o m o o f i e g i q a j g i u g i n w
n g i z o o o e e e a
n g i z o s i f o e t s i h u
n g i z o s i y n i e b u t s a
b a z o b a t h u e l o i f o f
s i o f i t l o o o f n i l u
n i o e b e
n i y a e e a i s a e z o p
n i y a a z o e b e
n g i a p h o n i u
u z o e a o n w a y a l u s i h a h a u f i t
s i y a u h u l t l o o
n i h z o j g i j a i y a t n i p a e a
u z o n i i n g i s
u s i t h i f o f u z o h b a e i p h o
u y a s i e o m o n i u t
u z o i z o s u z o e
b a y a l u u z o h u l a
n i o e b e i n w a z o r
n g i t u t s n i j
n g i u t u m o l
b a y a g i e t
s i y a n i i n i r e n i f
u y a u s u k i s
u z o i f o f i i o q e
s i z o i r f o f a
n i o f o
u y a s i r y a l l a e
s i z o b a r s i j a
u z o g i i t i q o a e
u y a t h u a i t h
n i a h r e k i i i z o f
u y a a l u s u t u
n g i y a y a n i z o n a y a r
b a z o u j a z o l
n i a l a e
n g i f i z o i e a
n i y a b a u t a u f i
s i y a a p h o a q e w a e a
u y a o s u u r e k b a p
u y a i s a e s i q a z o l
n g i y a s a e i z o e k i
u n i q a b a s n i j
u z o a n w a i e t s o u i h a u
b a i z o n u q e
b a a e t b a u t b a n w
s i y a n g i u e k i
s i z o z o r u n w s i q
b a s i t b a i
n i y a s i s u
n i y a z o l u n i s u y a h u
s i i z o f a p h
b a y a f s u t u o l o
u y a n i j s i u t u y a e
n g i y a i y a n a e b u y a n
u y a w a e a o h a u
b a g i i t
b a z o i p h o u t e i y a p
u j a e u u b e t s
b a z o i t h u y a i t n i q e
u z o y a s u z o u
n i g i q a i z o q y a h
s i y a g i e t b a n
s i z o g i z o a z o q
s i y a u e t s o s u t
u y a s u n g i z a h a u
u y a h u l u f o
u z o a t l o a y a i u z o q
s i y a u z o j a f o f
u y a h u t a u t l
n g i n i j i y a j
n g i u t e e
b a y a a z i q a l h u l
n g i z o f a e a u z o j h u t e
b a y a g i r e g i s u
u a e b a h a o p h o
u y a o s i y a e a r e k
u z o z o f o g i r e
s i z o u y a r a h u a y a h
s i a n s a b a t l
u z o a a u h a u
b a z o i e t i n w
s i y a z o l u y a t h
u y a n g i s
u y a u y a q q a
b a z o a t e t s a u y a y a l u
b a y a g i p g i l u
u y a n i j n i a u a r e
b a y a n i h u o t o m o
u y a z o p u l u t s o s
s i s i f u f z o u t
u y a i l u o e b
u z o n i t l g i q y a e h o m o
n i u t u y a t z o f o o h a y a u
n i h u t u r e
u y a s i z o m o l
u y a b a t u t e
n g i z o s a e u f i q a
s i y a g i y a s i h
u z o e b n i h u
b a z o u t h w a i y a i
n i n i y a u z o l i f o
s i y a s i f u i t h
n g i z o u j a h u s a
b a y a n g i n u z o j
n g i z o s i h a
n g i z o i i u j a z o q
b a z o o n s i t l i f o f
b a a z s i l u u y a n
u i y a s p h o o h a
n i y a l o a u q a l
b a i y a e i y a h
b a n g i e y a n i h a u
s i z o i t o u t o h u
u z o o p h a s a a e
u y a u n g i e e i y a r
s i y a e b a o e t s
s i y a u y a p
u o n o r e k b e e u z o s
u z o n i e u z o f
u y a b a r n i t l
u y a a l g i u
n g i y a s i e
n g i r e k i u
u z o r e n i j a u t u t
n g i z o o t h u b a t l
n g i y a a z o n i l
g i s u f o n i l e a
u z o a z o h l u l g i j
s i y a h o e b e o p h u s a e
n g i y a n g i i i y a p
b a g i q a i s a n i f
s i z o n w u t s n g
s i a h u l a t
u y a s i i n i q e
b a u j n i p h n g i
n i a u f o m z o l u h u t e
u y a u e b e o h u o p h o
s i z o g i q e i h u
s i y a i l u i e b e
u j i s a t s a e a
n g i y a e t b a f o y a j
n i o r y a u g i z
n i a z u f i e t h u
b a e t s a
n i z o i z o t s i j a
u u y a i
u z o o u t a z o p
b a a u f u t l o
s i y a p h o
n g i z o o h u l a i t h l a e
b a y a u h u h a u
u y a a i n g i u i h a u
s i s i n w a b e u l a e
z o t z o q n g n i h g i p h o a i t e a
n g i z o o q e t j a e a
n i y a u z o u
u u t i f o f a e a
s i z o u t o i t h
u y a g i e b u y a e n g i t
u y a o f a e u t e b e e
u y a l o a o f a e
s i y a g i p a i t h
s i z o u t i z o l
s i z o u t e e n i q
b a y a g i l u a h u l
u y a y a e t s i h a y a f o
u y a g i r e a t l o o l n i u n g i p
n i n i t i y a r
s i q e t e
n i a u b a j a
s i y a u t u l u q a
s i z o i y a n g i z o
n i z o e t
u y a s i l a p b a p
b a p h o u f o f
n i n i y o l u o l u
n g i y a a z o n
n i b a h a l a a s a
n g i k i s s i u t h u l
b a z o i z o u b a l u
u y a a s u u t u g i f o
b a z o o u t b a t u t e
n i y a s i t o r e i y a p
u z o o n w p h
s i y a z o s i e b e e t s
u y a s u t u
u z o a t l s i p h
u y a o h u u i t q a l a
n g i y a s i q a a p h o i y a r
i z l u i z o i e e a
n i n i q e b a s u
b a z o u t s a q e e t
n i b a f u z o f g i j a
n g i z o e t e w a a y a f
s i o i t g i q e i j
n i i z o h i z i y a n
n i t u t i e b p h
i y a q e e a
s i i u t z o u t
n g i a e a b a i
s i y a u z o s u q a l
b a y a o l u t s a e y a e
u y a o h a n i q a o n
n i u n w z o q e j a g i u
u a z u y a j
n i u y a j s u t u o u t
n i z o e t u t n i n
u y a g i n w z o e b
u z o i z o s
u y a u z o t r e f o f a
u y a b a q a a z o q i z o s
n i i q a i y a e r e k i
u z o b a l u p
n g i y a t h u t o e b i r a y a r z o e b
b a u y a t a z o u b a j i l u l e e
b a a e t s s i r
n i b a o e b a r e k z o t l
u y a b a h o o e o p h
s i o f o f
n i y a g i f u f
u n g i z o e b e i z o
u z o z o p h o p h
b a l o e t u t
b a a p h o y a
u y a o f i e b z o u a q
n i y a h b a z o
u y a h o m o r e u s o l u l e b
u z o n i q e i f o
s i i y t h u f b a u i q e
n i y a e b e e o q e a h
b e e s i e b b a j u s s i y y a q e a e a
u z o y a n w b a e b e k i y a h u
b a u f o f s i j a
u y a i n s i u t a z o f y a n i l z o i a y a n
u y a s i e t a z o
n g i z o u y a p u e t s u j a
n g i y a t l o o b a y
u z o s i t l n g i u n i f o
s i y a o n o u t l
n i g i e a y a s
b a z o u q a l u t u t i y a p
n i y a n w g i e s i h a o h u l u f a z o e
s i z o o m b a r n i y
n g i p h i s u j b a u n i y u r z o h
n g i y a i l u s i u t b a e t
s i z o y a r u y a j i h a
n g i i h e b e e s i n w
u z o a u t i h a u a r i h a
n g i z o i r e k o u t a s u
s i y a u z o j a t h u y a i
s i z o l a e i t l g i r e
n i g i u
u i y a l o l o e n i f
n i y a z o t l g i n
n i y a f o o e a u h i z o u
b a y a a y a n n i q e u t s a
n i i h a u g i b a n w
u z o q a l a
n g i y a n i j y a t l b a s u
b a y a a y a s i s u t u y a f
n g i z o n g i n l o o e
s i z o s i n i t l i y a p
n g i y a s i e b n g i s
u z o g i u y a n w a y a f g i n u t
b a z o n g i
b a z o u s a e u z o j
s i y a s i t l a l
n g i z o p h o o n w y a t l
n i p h i z o l k i s a
n i y a z o q
u y a s i i q e p h i t l
i z o p l u g i r a z o f e a
u y a n i r b a t l
n g i o s p h o m
b a i t h a h i y a s
n g i z o l u l a n g i j
u y a n w a e
s i y a n i e t o l o e
u z o b a e o u t g i i t
n i u z o s i z o j
s i g i q e l o
u y a z o h z o l
b a y a r e u z o t
n i y a o u t g i f o u l u
b a h a u f
b a z o y a i t e b n i q e
b a z o u t h u a u f
n g i o m o n i u o a u n w a
b a z o t l o o i y a u
u y a i u t l g i l
u y a w a a u t
u y a a y a a u t
n i y a b a i n g i i
n g i y a i z u y a e
s i y a a t l o t e e p h o m
n g i z o a a e a
u y a n g i y o p h o r e k i
u z o i l s i z g i h a
u z o u z o q a l
n i i y a h a z o z o j b a
n i b a u t y a n w
n g i z o i p h o
u y a z o s u z o l u
n g i z o q a l a f o f
n i u z o h u z o s
u z o a a e a i t h
b a a y a t n i h u h u t
u n i e b f o f a
s i z o i l u y a p o h a u
u y a b a y a g i e b a
b a y a s i n w b a e b
u y a i q e t a i t h l o a e
y a n w u s u t a e a
s i g i j a
n g i y a s i t t e e a
u z o y a t e e h u s a
s i o j a y a u
n g i t s a y a i u y a q
u z o b a q b a r e
n i s i l y a l
n g i z o s i p
n i y a q e i h u l
s i z o a z o i y a t h
u y a g i r s i z o i s a u s u t g i q
s i z o b a f o n i q a
b a o e b n i i t y a s u z o r e y a t
b a y a o t l
u z o b a t z o e b o j
u y a t h u o q e
b a y a z o s u n i y i e t
n i a e t s
a q g i i u e t a a e a
n g i y a s i i o p a i t
s i z o f a t a n w
u y a s i t l n i e b
u y a i s s u t u
u z o u s a e
s i y a q a l a
n i y a o f a l u e t e
b a e t s a a e a
u y a t h u s u z o q
n i o f a e b a n w a y a q
n i q a b a u e t s
n i n w a s i l u u e b e
u y a l o o
u z o o r a e a u e b e
b a z o o u s a e a
u y a w a e
u s i f o u h a u
u z o a i t h
b a q a i z o i e a
n i y a t t h a z o p o q a t e e n i p h a r e
n g i n i y u q e t
s i t h n i n s i h a u
b a z o l o u f i e
u y a i z o u i q e t s i f o b a n
n i n i q o a e a b a s u o e t a n i h u l
u b a h a i z o l
u y a i t a i o t h
u o t o m b a h a
b a z o s i r e o t j a
s i i i z o j e a
b a u p h g i h a u s i q a t e e
b a y a n g i u
b a q a l a
u y a a j a t l o a
n g i j a b a h u
n i y a u y a e s i r z o u
s i y a g i j a a y a q
u y a i z o h y a b a e t
n i y a f a o e b e n i l u
u y a o u t
u s i j a b a l u
u y a i z o q z o i t
b a y a i y a e n i t h
b a z o u t s
s i z o g i j i p h o e
n g i z o z o q e g i s u y a h
b a y a h u t e
n g i z o n i n w a z o i
n g i z o u y a i
u y a g i t l
n g i y a i y a q n i l u
b a o i t o h a
b a y a a t h u u u q
u z o u u a z
u z o b a q a
b a y a g i q a u t s i z o u
b a z o i p h o
n i i n w
u a z o
b a a y a p y a e b
u h u t e u i a s u t s i j a o h u l
n i m o l
b a z o i s a e
s i y a i z o h o t h n i u t
s i z o o a e a i r e k
u y a a q a l n g i f
u b a y y a h
u y a o s a y a n y a q i z o h
u z o l a a e
n i i y a l a l a e
u y a a t l o
n i z o p h n g i z
u n g i q u r
b a y a u p h o
n i g i u t b a y a
n g i y a g i s u
n g i y a n i p h o f a i e b
n i u z o t i e t s
n g i y a i u t
u z o y a h a i l u l n i j a
s i l u i z o u e a
u y a a h g i e u h r e k i
u z o s i u t u y a y a q
u z o y a i i z o j
b a z o i z o r g i i n i j a
b a y a j a i e b s i q s i i
n g i y a o r e k e e a
n g i g i i t
u y a t l h o m u t s t u t s
n g i z o f a i e t e a y a u
u i r e
n g i z o s u t t h u s i i t h
n i o f o f u z o q
n i y a s i z f a e a z o i t
n g i y a h u
s i y a a f o f s a e h a u u y a q a p h
b a z o n i l u m o l n g i s
s i y a z o t o p h o
u z o h u l a z o t l a a z o t l
n g i z o a h a q e t
u y a z o s u a q
u y a o o n g i s
u y a q e y a t h u s
n i i z o p
n g i y a o t l o
u i e a a y a n s a e a
n i i z o t
n g i z o u l a e i u t l
n i z o f o u t h a z o n a y a i
n i o e t s i e b o e
n i i q a t l o
n i u t e e a p h
b a f o a e a
n i b a i n i n w
s i i y a i n g i z z o f
u z o s
n i y a u y a t z o u
n g i a z o s i e a
n i a j b a s u a h a
u s i h
n i y a t h o t l o
u a q e i e t
n i z o n w
s i z o e t i z o o u u h u l
n i z o i i i t
b a u h a u o u i i t
u z o u p h z o h a
n g i a y a h
n g i z o b a y
u y a m o l o q e
u y a b e e
u y a i n w i h u l u l a z o p
s i i p u y a q i l i t h
n g i z o u l a e i i t
n g i y a i f o z o s
u g i f o j a e
n g i z o a u f i
u s i r n g i s z o l u z o e b a y a q
n i o f a e
s i h u l a
u h u t n g i r l o a e
n i y a s i t l g i p h i q a l
s i n i r o q e u t u t
n g i z o i h u l u y a l i l u
s i z o n g i e
s i y a r e k i p h o
h u s e b e e i p e a
u y a t s o o e r e k s i q e
n g i y a a y a l e k i s
s i z o a a e t u t s
s i k i s a u e t z o i t
b a s i e t u t e g i e b
n i y a e t i h a u
b a y a o t h u
u z o u l a o l u s i n w
u y a s i u a i t h
u z o a i u t l n i r e i y a e
s i y a o u h u s s i q
n i y a i y a e u h h u l
n g i y a i t l o p
n g i u r e i z a y a f
u n g i f u t e e i h u i y a e
b a z o t e e a o e i h
u y a r e k i z o t l q e
n i u n w a i z o o r z o l
b a y a n i i t a p h o r e k
s i z o n g i f i h u l
u y a f i s i h a
n g i z o o q a l i j
u y a n w a s i i t a t h
n g i u t q a l a
b a z o a t z o t l
b a y a b e f o o q
u z o o q e z o i a y a p
n g i u i t o p y a p h
s i z o u s a e u t u g i l u e k i s
s i y a f a e a b a z o l u
n i i y a j h u s a
n g i z o u p h i z o t
u z o o l u f o f y a j a
n i u p h o
n g i y a u l u a t s u t u
s i z o z o i i p h o t l o
u y a o a i r e k l a a
n g i y a y a i t b a e
u z o b a y k i u q e t
u y a s i r e f o f a
n g i z o i e z o f t s n i j u l u a y a n i p h o
b a g i r e u f o
n g i z o b a r s i s i e a i z o u g i e t u i b a q
u y a s a e i j i f a z o l
b a a h e t a h u l g i y
n i y a i n w a
n i y a y a q a u z o f i h a u
i q a l o e t e e a
n i y a o e b t l o
n i o m u e b e
u y a s i t s a o m g i r e
s i z o s u i q a l i y a j t h u t o h u t h u t
u z o b a q a z
u z o n i r e
b a s i u t e k i
u i z o t a a e
n g i y a s i t l
u u f i e
n i b a n w b a r
n g i z o s i n h a
n g i z o s i q a h u s a a e t
u y a s i s s i l g i h a
n i o e t j a e t l o o
u z o s a e a q a
u y a g i j a n i p
n g i y a o h u l o o e a
n i a y a i y a n
u y a z o f o
u y a u t e z o h u i e t
n g i z o i n w a i p h o l u l a b a j a q e
u z o y a s u g i e t i z o l i h u l i y a l
n i j a e a b a y a g i t h
u y a u z o i l o e f i e a n i n
n i y a g i f
u y a o f o g i s u o o e
s i y a b a t l f o f a
b a n i u
n i z o u u z o j u t u
u z o y a q w a e a r e k i p h o
u z o s a
s i y a b a r a a l u l
u z o u y a i o t i n
u z o q e t a i t h
b a z o i n s i t h i z o h
u s a a i p e a
s i y a y a s
b a o e b e g i i u j e k n i h
o q a l i f o f u y a h a a e a
b a u z o p n i p h i e t s i q a a i t h b a y
s i y a y a p h
u y a a u f
u a z o j
u z o a z o p u y a e k i s
n g i y a g i q a u s a e s i i t
u y a z o t l a l s i t y a r
n g i z o g i q u q e t a a e y a r e t e e a y a p h
b a y a a y a
u y a i h a y a l a t s u t
n i n i p h n i s l o o e
b a y a u y u s u i z o p r e l u l
u z o i f o g i n w e t i z o u
b a z o n w s a e h a u f
b a y a g i t l y a f
b a y a h u t u y a r
s i y a u r e k h u o u t l
n i y a b a u o r o f a
u z o u u t s a s i p h n i h u
b a z o n i r e u h u l z o j a
u y a a u h a u
b a y a b a h e t e
n g i z o n w
e t e e e a
n g i g i y
n g i n i i t f a n i y a k i h u
b a y a i u t l l u o r
b a z o y a u s i y n g i t
n i g i u n g i r
y a r o e q a l a a e a
s i t h u s y a l u
b a y a u t l i z o l
u z o i z o q u s a e
u s i t h
b a z o o f a o t l o
u z o f a e a q e t e
b a y a a h a u s u t
o m o l z o j a e a
s i y a b a e q a
s i a e t s i s a z o u
n g i z o s i l b a j z o i t
n g i y a i f o f n g i j
u z o q e t e
b a y a y a r e o t l
u z o o i i q e t a p i z o j g i n u h a
u y a s u t u z o l u s i q e
b a a e t s g i y a
b a z o y a h u h u s a
n i n i l u y a l u
n i y a s i j a a y a i
b a y a o f o f n i g i t l
s i u n w a b a i
n i f a e a a u f i u f i e
b a y a h o m u t s i i t
u z o a z o n
u y a g i p m o u t s a z o q e
u z o o p o t h a t l o
s i y a r u z o q
u y a h u o u t l a r e
n g i i q t u t s g i t
u z o y a q e z o q n i h a
u z o u e b e l o o e
s i y a n i j a
n g i z o i p h s i t l
n i e b e g i q e
u z o a z o r i u t l b a l
u z o a r e k i y a z o j a a u f o o e
n g i y a n i q a i e t
u y a b a h
n i y a u e t s a z o e
n i e t e e a
u z o q e t y a q e
b a e b e e z o i
u y a o p g i h a t l i y a e
u z o u y a p t l o a
u z o n i r e z o q
u z o i h a y a p h
u z o u f o u t
u y a o a e a s i q e f i e
u y a t s u z o j
u z o u t l o q e t
u z o l u l o a e
u y a i r e z o s u s a e a
n g i z o i s a e h u t g i n
u y a o h u l
y a f o b a i t a e a
n g i a u f i u f i e
n g i y a a a e i y a n u y a j
b a z o z o q a u h a u
n g i i f e e b e
b a z o g i q t u t s b a y a i q a j a a h a u
s i n i f o u s o t l o
b a a q e i z o s
u y a u j a y a e b u l a e
u z o n i i h o m o
n i n i q y a t l u e
n g i b e e o f o
u z o h o u h a u i h u l a s u t
n g i y a u y a n i q e n g i z
u z o a u f i i y a f
s i z o n i e b u t e
u y a i l g i l s i j i y a n
n g i z o z o s u o h u
n g i s i r e y a u
s i s u y a t l y a r o f a e b a h a e a
u z o z o q a u p i i t a t l o
s i y a a a o i t h
u z o i r e n g i y
s i y a h u s a b a l
u y a n g i u z o q a
b a z o u t s a u t e e
n g i a t h o e l a e a
u i f o f
s i z o a n w n i n w n g i s
n i b a f o t u t o u
n g i g i s
u y a u l a a a z o q
n i y a a y a e s i i t
b a z o b a p h
u z o y a u
n g i s i h a n i t l y a t
s i z o b a h a a a a e a
u z o r e
n i u q o m u z o u y a t
u y a o s u o r e k
n g i z o i s a e y a h u
n g i u y a h u z o q
u y a u y a r e z o h u
n g i u e b e y a p u h a u y a i t
u z o b e e a
s i z o u n a i t h g i y a u r e k z o s u
n g i z o u y a h y a p h n i e t
b a z o i h a h u
n i y a t l i i t a y a j
n i h a s i n w
n i t h u s s u i h u l
u z o n i q a s u t
n g i y a f o f a a t l o l a e o h a u
n g i a z o s
u y a u e b e y a h u y a e
s i z o t h u r
u y a e b n i p
u y a s i t l
n g i y a i e b
n g i z o l u l a i z o l
n g i z o a l u n i j a
s i z o a z o f b a p h a y a e
u y a n i u t i s a u f i
s i b a e e t e o j i l u l
u y a i z u z o f o p h
s i l a a z o u
b a z o p h o i t h i z o e
s i y a a p h a z o t
n i o n t l o u z o u a y a p a z o r
b a z o f i e a
u y a z o o o e
n i y a s i u t
b a y a u y y a e
b a z o b a q e n i p h
n g i y a a y a h l u
s i y a i e a y a s
b a z o z o s u o q s i a f
u y a y a h
n i y a g i l n i r
n i a s u t u s a e
s i u z o p i p z o h a a p h b a z o
u y a b e e n g i e a z o j
s i y a t u u y a h
s i y a n g i y u h a u
b a z o i z o n i h a u t s o s u t i r e i e a
u y a b a i a y a r
b a y a o p h o b a t l
e t e e u z o u g i z a e a
n g i z o g i j t h u s g i e
n i y a k i s g i s g i q e
n i a y a t o h a u h u l
u y a p h o u y a l g i j o n w n g i y
n i i e t u s u g i s u
b a y a b a t o t h u
u y a o e s i t i z o u
b a a l u l s i l u
n g i z o o p h b a t s i h a
a t h u i h u a e a
b a a r e k
s i i r e j a e l o a a z o f g i l
u h u o s z o e y a e b o m o o m o
s i b a n w i s a e l o e a
u y a q e t a y a s g i s
u z o u s u t i f o
n g i y a a t h s i b a u t u t s a f i b a n w
n g i z o o n w s a
u z o o i h a u f y a l
u o m g i l
b a y a s i s u n i f a o q e
u n g i y f a s i q a
u y a h u t i q e
n g i z o a y a r
n g i y a u z o j a f o
s i z o r e k a a y a p
s i y a h a s a b a i
b a z o u l a a
n i a u f i a z o i i e b e
n g i z o a z o i o l b a q b a n
b a a h a b a z o i l u
n g i y a o t s a e a n g i h
b a e k i s i j z o h a
u y a u h h a u f
n i y a t q e i i t
u a l i z o o e t
l u l a i l a z o u a q e k i e a
u z o a j z o q a
u a j a
n g i y a g i q a l u l
u z o z o h a s a e a u y a h u p h o l a a
u n g i f
u y a i q a s u t b a r e b a u l z o u n w
u y a l a e u z o n
b a i y a p u s i y a n
n g i g i e e t s a
u u z s i q e
n i l o a e a z o j t l o a
b a y a o e t
n i a t h u
b a y a g i r o m u e t n i p
n g i z o n g i i
n g i z o z o q a u u u z o e
s i s i p h o e t h u t
u z o u z o r g i s u
n i e t i h a u o h a u
u z o n i y
b a s i n b a h o h a u
n g i y a u q a l n g i h i p e t s e a b a t l
b a z o m o l s i t
b a y a a n a h u l
n g i a a e b a l u n i n w
b a i q e n i p h
s i z o y a r u y a p q a l
b a o q a l u z o r a e n i h u a s u a p h o
u y a s i e t g i z o b a t n g i
n i i z o a z o t
u z o n g i y n g i i
n g i b a b a q a o l u l z o t h
n i y a y a r u l u
b a t u t u q a
n i s u t s u
n i u y a f w a l o a e
u y a s i t u t s i y a i z o t
s i g i p y a s u
s i y a n i q u z o l o f o
n g i y a l o a e z o h u
s i k i s a
u b a f b a i u l u
u y a y a f o t u t s
n g i y a s i y a s i y a s i u a y a q b a e b a z
n g i u y a j
u b a n n i p
n i s i h a z o q g i i t
n g i i p z o e t
n g i z o a z o u u l a o q i i t
b a l o a g i l u
n g i i r e
u y a h a s i f
s i z o q a u p h o t h u
b a z o n i p u z o s
n i a y a l s i e
n g i y a p h t h b a i a z o t
n g i z o s u t o l u
u y a i q a l s i j
s i z o a f o f n g i i g i f o
b a y a s i e o a
s i y a f a e u i i z o u
b a y a u t l l o u u t
s i z o i j a a y a l o u t
b a i h a u u s b a r e
s i t h u a r e h o g i y
u u y o o e
u y a u n o e a
u g i h a
n g i y a n g u r n i i t u y a l
s i y a b a i a y a i
s i y a o q a l t l o o
u z o n i p u t s a h u l h a u o s u t
u z o u z o t u r e k
s i m o l h u h u l
b a z o s i q u j t e e a
n g i a z o t i t l o
u y a u y a f g i y
u z o u e t s s i i t
o p h o a e a
u y a z o p a e b e a h u
s i y a n i f p h o a y a l
s i z o s i r e g i h u
u y a s i j h u l a z o q
u y a l u l s i q
s i y a i q e n g i j
b a i s u g i e b o n w a
u h a u e e a
s i i t u y a n i q a
u z o n i e t i z o t
b a a n w a z o u
f a u e t s u i t h a y a i a e a
b a a q a b a j a a j a
u u f i i z o p m o u t l
n i o e a n i n y a p
b a z o u y a t u e b a j a
n g i z o a s u n i q
n g i z o n w a a p a f
u y a j i y a t u f i e a e a
u y a o r e o l z o r e
b a y a f i e n i u t b a h u
u i z t l o o u j a
n g i y a o j o e b s i l u
u y a t h u t
s i z o s h u s h o m
s i z o l m o l s i e
n g i u z o q o t h a q a l
u y a u t s a
u z o z o l u b a h a g i t g i q
s i a a e a s u a y a f
u z o a s r e f i e
n g i y a u t u t o f o f
n i n g i n a y a r
u z o e t e e
n g i g i t h
n i j a l u a e a
n g i z o o j a i u e b
u y a a h a u l a a t u t
n g i y a l o e a a y a l
n g i g i q a u p h
n i n i u
b a b a t l n i q e n g i f
n g i z o u f i e i s u
u z o o e a t l o o j a z o e
n i y a g i n h a
b a n g i p n g i t
n i y a g i y u z o u
u z o l a a e o i a e b e
b a h o u e b e u l a e i z o u g i q a h
n i z o u t i t l o a u t l
n i u t i z o s
z o t l a f o f r e k i l o r e k n w a e a
s i e t e n i j a h u l a i t l
s i y a i e b a l u
n g i i e b z o q e
u z o a f o z o t
s i y a z o e b s i p h
n i y a i u t a u t l
u u z o t u t s a h a u
b a y a g i z s i q e n i q
u y a g i j a f o
u y a o q w a g i i
u y a n i h u n i h b a s u
n g i s i r e a e t s
s i z o a r o r e k u z o j
s i y a u z o s a u f
n i n i y g i r e s a e a e t s a b a z o
n i y a u u a y a t
s i i u s i n w i l
u z o o q a g i q
s i z o a l o l u l
n i u h u l g i z o s i e b
u y a n g i p y a n w
u z o u h u g i t l l o o e
n i h u a y o r e k a s z o q i h a u a e a
s i y a i t l
u s i u t y a h u z o t
u z o s i u z o t h u z o p
n w a e a
u z o n g i p a e a
n i y a p h q e t e y a q a
u y a b a n w
b a z o o m g i i i z o l
n g i z o o n w a b a r e
n i z o f o
n g i z o o j a b a e b
s i o t a y
n i u t l o u h a b a q a t u a y a s u e
b a y a e t s a
u y a l a a f o f a b a t h
n i n i f o o h a u
n g i y a s i h
u y a h u t e
s i z o a y a e a u t
u z o n i z o a e a
n i u q e
b a y a g i j a s i p u t u t z o r
u z o u z o i e t e m o
u z o n i n w
u y a i z o r i u g i j a
s i z o o j a n w
u b a z y a j
b a s i n
u y a i i t a y a
n g i l o i q a l o h a u u q a l y a u s u t
n i g i h a
u z o o p h u z o e
n g i y a n i q
u y a s u t a y a r u z o j
u z o i e t s n i i t t s a
