n o _ r e i t e r e n
m a c h u c a s t e
p r e g ú n t e s e
n o _ m a r z á i s
j a q u e a r í a m o s
d i c e s
a t r a s a s e n
e s c a s e a r e n
c o m p a r a b a
a l e c h u g a r e
r e d e s c u b r i r í a m o s
d e s e m p e ñ a r e m o s
s u s c i t a m o s
e x p a t r i a r a
e j e r c i t a s
a g r e d i e n d o
r e t r a d u j e r e
b o r d a s
c l i q u e a r a s
a l o c a r a n
e x t r a p o l a n
g r a t i n a r é i s
n o _ a v a n c é i s
o f r e n d á s e m o s
a o j a r e s
e d i t á r a m o s
e n t a b l a n
a l i v i a n a r á
p e r d u r ó
d e s t o r c i e s e
m u t e n
n o _ r e b o c e
j a b o n a r á s
e x p e d i e n t e s
e n d e u d a d o s
e s p o s a r e
a r r i n c o n a m o s
n o _ e s q u i n e n
r e i m p u l s a n
p i s o t e e m o s
n o _ a n t i c i p e n
d e s h e l a d a s
e s t r i a r í a n
m a n i a t e n
i n d i c é i s
a b l a n d a b a n
o b l i g a r e n
s o b o
o s _ d e s p e i n a s e i s
d e s p e n a l i c e
a b o n a r a n
r e s o r b í a s
f e r t i l i c e
d e s t e n s a r í a s
d e s a p r o v e c h a m o s
f i c a s t e i s
n o _ c l a v e t e e s
f o r n i c o
v a l u a r e n
s i t u a s e n
a b ó n e s e
n o _ v a n d a l i c é i s
a p a s i o n a s e s
n o _ i n t e l i j a n
s e s i o n á i s
t r a n s i t a s t e i s
p a s t e r i z á r a m o s
r e a l i z a r á
a d e l g a z a b a n
d e f e n e s t r a r
d e s c o c i d o
b i f u r c a
v a l g a
i n t r i g a b a n
e x t e r n a l i z a r a
e f e c t i v i z a d o
n o q u e a r e
v a n d a l i z a
e m b a r a z a b a
a t u r a r í a n
v o l t e a s e i s
d e s u n i m o s
p o c h a s e
f e c h a r í a
n o _ l a s t i m e n
n o _ r e c a l i b r é i s
n o _ f r a n e l e e s
a p o s t a d a
f o r m a t e e n
u l c e r e m o s
t e r r a p l e n ó
d e s l u z c a m o s
r o b ó
p a s t e u r i z a r e
n o s _ e q u i v o c a m o s
d o c u m e n t a r a n
o b s t a c u l i z a r í a s
d e f e c a r a
r e a l i m e n t a b a
r i p i a d o s
e n l e n z a r í a
a m o d o r r a r
i n f a n t i l i z a r e i s
v a r a r e n
t e _ r e p a n t i g a r í a s
d e s t e l l a n d o
i m p o n i e n d o
m a s c u l i n i z a r e s
z a m b u l l i r
m o v e m o s
c u e r p e a
a s í a
c o t o r r e a s e s
d e s t a z o
g o l p e t e a r á s
r e s i s t i e r a
p e r i t a r a i s
t i m á r e m o s
n o _ t r o n c h e m o s
b u l l i r
c l a u d i q u e n
d e s e m b o r r a c h a m o s
e n t r e v i s t a r e n
i n j e r t a r a i s
a u t o e v á c u e s e
d e s e n f u n d a m o s
r e t u n d i e r e i s
a c e i t á b a m o s
n o _ r e v e n d á i s
d e s f i n a n c i a r
c a t e a r o n
a b u r r i r
r e v e r d e c e r
s o l i d i f i c a r é
b l a n q u e a n d o
a d m i n i s t r a s t e i s
b a r r a s e n
i m a n a b a s
n o _ a l o j é i s
a v a n z a m o s
n o _ e m b o s q u é i s
n a t u r a l i z a r í a n
c u l m i n a s e
n o _ d i s f a m é i s
n o _ s a l p r e s e s
c a p o l a b a
n o _ e n f l a q u e n
a l e j é m o n o s
a b a n c a l a s e i s
s o m b r e a r e i s
e n m a s i l l a r a
d e s a u t o r i z a r í a m o s
n o _ c o n t r a m a n d e m o s
r e v e n d i e r a
e n r o q u é i s
p r e n d a m o s
c o n c l u y e r a
d e m a r c a d a
a m e d r e n t a n d o
a d o r m i l a r é i s
d e s e n v o l v i e r e s
e r i g i r é
o s _ m a r c h a s e i s
o s _ d e s a y u n a s e i s
c a n d a s
b u l l i s t e
g o r r e e
e x p e l a s
a m b l a r á s
a b u n d a b a i s
e s c a l f á b a m o s
d e c l a r e n
r e f l e j a s e s
i m p r o v i s á r a m o s
d i v e r g i e r a
s e c u n d a n d o
a g u j e r e a n
c e n t e l l a r o n
p e t i c i o n e m o s
p e n a r e m o s
i n j e r t a r í a
d e s v i r t u a r á n
c o n v e r s a r í a m o s
b l a s f e m a r a
d i s c u l p a r e m o s
r e b u z n e s
d e s h o j a r e s
r e t r a s a r é
e n c u a d e r n a r á
e s p o s á i s
d e s c a r b o n a t a s
o l f a t e a r a n
p r e v a r i c á r e m o s
p r o f e r i r í a n
u n i f o r m á r a m o s
a l e c c i o n a r a
d a t a
g u a r d e
t u m b a r é i s
s o b r e c a l e n t a s e s
d e t e n d r e m o s
a b o r r e g a n
c a l c i f i c a r í a n
n o _ c o o p e r e n
h a y a n
b a q u e t e a b a
d u r m i e r a
d e r o g u é
d e b i l i t a r a i s
t o p e a s e i s
a c o m e t i e r e i s
a b a l u a r t a d a
r e f i n á r a m o s
p r o r r o g u e n
e n f a r d a d o s
c o a c t u a b a
r e f o r e s t a r e n
a d o r m i l a
r e n a c e
d e s t u r c a n
i n t r i g a d o s
e n a r b o l é i s
s a n e á r a m o s
v e h i c u l i c é i s
e x t r a d i t e n
c o n t r o v e r t í a i s
d e s e m p a ñ a r o n
a g r i s a r e
c e n t e l l a s e i s
r e p i n t a s e s
i n d i z a s t e i s
b u i t r e é
t e r r a f o r m a d o s
n o _ f a g o c i t e m o s
e v a l u a s e i s
b a i l a r
s o b r e c a l i e n t o
n o _ i r r i t é i s
r i b e t e a r e m o s
e v i d e n c i a n
s i g n i f i c a s t e i s
g a r b a r í a n
d e n o m i n á r e m o s
r e h u s a s e
g i r á r e m o s
s u f r a n
s o f o c a d o
v e r b e r a
p e r o n i z a
a l e a m o s
a p o d e r a d a
e x a m i n a r a s
r e v e n d e r á s
r o t o
b a l a c e a r é i s
c l a r e a b a
b e c á b a m o s
i n t e r p o n d r é
d i v i n a r e m o s
d e s p e r d i c i á r a m o s
e m b e b e r
s u s t e n t a r í a m o s
p e c a r á
d e t e s t á s e m o s
d o m e s t i c a r í a s
e n c u b e r t a d a s
c a r b u r i z a r á
b o s t e z á r a m o s
a b r u m a d a
r e c o n v i n i é s e m o s
e d u c a s
d i v i s a
c i m b r a r o n
l i s o n j e a r á s
p i n c h a s e
a t r a n c a r í a m o s
d e s o c u p á i s
g u i l l o t i n a r á s
e n v a s a r a s
c o n g r e g u e n
s a l t e a
a r r o d i l l a d o
i m p e t r a n d o
s u b y a c e d
t e l e f o n e a
c u a d r i p l i c a b a n
c o n g l o m e r a r
p r e c o c i n á s e m o s
a b o l l a s t e i s
n o _ a g u a r d e s
p e r m e a r í a
d e s m e n u z a d a
d e b i l i t a s e
n i t r i f i c a b a n
r e v a l i d a n
e n g r a n a b a n
e s c a r i a r e m o s
d e b a t a s
p a r l a r á n
s e _ m e e n
i m a g i n a r e
p e s t a ñ e a r e s
s u b t i t u l a b a
n o _ t e _ r e g o d e e s
t r a n s m i g r a r a s
n o _ s a z o n e s
n o _ e x u d e n
r e ú n e
i n t e r a c t ú e n
t r a s p a r e n t a d a
d e s o v a d a s
e x p e r i m e n t a r á n
s a z o n a s t e
a v e n t a r á s
o l i s q u e a r e m o s
e f e c t u e m o s
p r e v a r i c a n
o r n a m e n t o
e s b o c e
a c h a t a b a s
m a r e a r a i s
r i f a r e
e m b o t a r a s
a m e r i c e
e m p a r e d e
m a s c u j a r a i s
b a n c a r á n
n o _ c h a t e é i s
e m b u t i r í a i s
m e n c i o n e m o s
e n c e n d i e r a s
d e m e d i a d a s
e n j u a g a
o s _ m u s i r í a i s
a p o r r e a b a n
a c u l t u r e n
e n m u d e c i e r e i s
d o c t o r a r í a
o n d e e
r e e x p e d i d o
o r b i t e n
b o r b o t e e
m e _ a r r o g u é
n o _ g r a t i n e
d e s a i r a b a s
n o _ d i g a s
v e n g a r á n
c o m i s a r i á r e m o s
e n s u c i e m o s
i n t e g r a s e
r o m a n t i z a d o
r e h a b i l i t a r á n
e m b a l s a m ó
n o _ d e s a h o g u e m o s
c h i r r i a r a n
r e m i r a r a
d e s t o q u e
d i s p u t o
a p o d e r a b a i s
l a r g a s e
n o _ f l a n q u e é i s
o s _ a f e i t é i s
z o z o b r e s
a n t i c i p é
s o b r e v i r e
n o _ i m p u l s é i s
n o _ b a r e q u e e m o s
c a m e l a s t e i s
i n c u m b i e n d o
a ñ o r e
r e f l e x i o n á i s
c r o a r
i n t r o d u j e s e
e m b r o l l a r á n
s e _ m a d r e a r í a n
n o _ r e n e g o c i e n
m e d i t e
l l o r i q u e a d o s
v o s e e s
t e _ a c u m u l a s t e
d e s e n v a i n e m o s
a s i l a r e i s
o c u r r i e s e i s
c a l m a s e
g i l i p o l l e á s e m o s
e n g r u e s e n
c u e s t i o n a r e m o s
f a b r i c á r e m o s
m a r e a r e
v a c a c i o n a r a n
r e c o n o c i e n d o
v a g u e m o s
e s c l a v i z a r í a i s
g a r a n t i z a s t e
a c o n s e j a s e i s
d e s g u i n z é
a m o r d a z a r e i s
a n u d á b a m o s
a c e z a r e i s
p e l e e n
e m b e l l e c i d o s
r e f u l g e n
a c h a n t a r á
t o n t e a r í a
a d v e r a d o
v i v i f i c a r í a s
r e s t a l l á r a m o s
a p o s t a r í a s
i n t e l i g i e r a s
a p r e h e n d i e s e s
b a l e a m o s
a b u l t a s t e
a b e j o n e á r a m o s
n o _ a c a r i c i e m o s
a r r a s t r é i s
t a p i a r í a i s
i d i o t i c e
c a s c a s t e i s
n o m i n á s e m o s
a l e n t a s e n
a h u m a r e m o s
v a m o s
e s t e r e o t i p o
l l o v i z n a r á n
p a c i f i c a b a n
b u l l a
s o b o r n a s e n
a s i s t i e r o n
a b a t a n a r á s
a c r i m i n e s
r e i m a g i n a r á n
r e h i l a s e i s
a l m a g r e
r e i m p u l s e
d e p l o r a r e i s
s o b r e s e e r í a m o s
a l m i b a r a r e n
n o _ d e s e m b o q u e m o s
r e e s t a b i l i z á r a m o s
r e s o l l a s e
n o _ o p t i m i c e m o s
h i p e r v e n t i l a r í a n
h a b i l i t á s e m o s
i n t e n t a r a n
p a s t o r e a r a
t r i b u t a r é i s
t r o v a b a
i n f i e r a n
e n v a n e c e n
e n f r e n t a d a
v o l v i e r e i s
r e u b i c a s e
n o _ t r a n s f i g u r é i s
d e s h u m a n i z a r í a
m e _ c o n f a b u l a r é
m o r a l i z á s e m o s
s e _ t e n d í a
c o n v u l s i o n a r í a
s a l g a m o s
a p a c h u r r a s e
p o c h a r í a n
i n v i e r t e s
p e r c u t í
c o n c u r s a r e i s
t e r r a p l e n a r e
i n d e x a r í a
e l u i r e m o s
p u d r a n
t a j a r á s
s e _ d e s p e ñ a r e n
g a n g u e á s e m o s
h i p a r e m o s
d e s b a r r a n c a r e i s
s o n d e á r a m o s
a c a m p a s e
e n v e n e n a r e i s
e n t i n t a r a n
b i o g r a f i á r e m o s
d e s p e í n e n s e
n o _ p r o v e a n
t r i u n f a s e n
r e n t a d o s
p r e d e s t i n a r é i s
s i m b o l i c é
h i n c h i e s e s
d e s a p a r e c i d a
i n v e r n a r í a i s
a p a r e c i é s e m o s
n o _ c h a p u r r e e m o s
v i v i f i c a r
a p u s i e r a n
a c o m p a ñ a r á
r e c o m b i n a r e
p a t r o c i n e n
l i c e n c i a m o s
s o c i a l i z a
i n t e l i g i r
a s e d i á r a m o s
r e s u p i é r e m o s
d e s p r o t e g i e r a s
c o l i s i o n a r a
d e s p o r t i l l a d o
n o _ r a s q u é i s
c o n o c i e s e i s
b e c a r á s
d e s r a t i z a r í a n
d i v a g á r e m o s
e j e r c é i s
p o s i b i l i t e m o s
l a g r i m a r í a s
a d e l g a z a o s
t a l l a r e s
a t e m o r i c é i s
m a l l a r a
i n c l u y e
p e a t o n a l i z a s t e i s
m a x i m i z a
n o _ r e d e s c u b r a
n o _ o s _ r e s i n t á i s
d i s p u t e m o s
t e n s i o n a r í a s
m a n d u c á b a m o s
e n c o n t r a r e i s
e m p o l l e
a b o c a r a s
c o n c e p t u a l i c e
a c i d u l a r e s
a t e r i r
i m p r e c a r e n
i r o n i c e
a g a s a j a b a i s
a p o d e r e m o s
i n d e x a r í a n
e s c o t a r
m e _ m a t a s e
n o _ a b e j e e n
a z u c a r a m o s
l o a
n o _ e s c a l f e m o s
n o _ a t i e s e n
b a r a j e a r e s
a c u m u l e
p r i v e m o s
p e r e g r i n a n d o
g a n d u j a n
z a r p a s e
i n g r e s a r í a m o s
c o n c e b í
r e d i r e c c i o n a r a s
v e r b e r a s
n o _ l o q u e e n
p u b l i c o
d e s c a r t a d o s
e v a d í a
e m p a p a r a i s
r e i m p l a n t a n
r e c o m e n d a r e i s
d i g n i f i c a r a s
a v i n a g r a r
n o s _ a c e r c á r a m o s
e l o g i a d o s
i m p e n d í a m o s
f u n d i e r a n
s o n r o s a r í a i s
b a r n i c e
i m p e l í a i s
c o n s t r u i m o s
p e r s o n a l i z a r e m o s
h u m e d e c i d a
b r a m a s e n
r e m b o l s a r á n
a c o r d o n e n
d e s c a r g a s e s
n o _ s o b r e s e á i s
p o c h e m o s
n o _ p r i n c i p i e
c a s t i g a m o s
a h e r r u m b r a s e
e n m o h e c i e r a n
z a p e m o s
u s u r p a s t e i s
m e n g u a b a n
s o b r a r í a m o s
p a j e a r á
g l a s e a n d o
d e s m e s u r á b a m o s
s a l í a n
c o n v a l i d ó
n o _ a g a s a j e m o s
r e e n t r a b a n
m a n d o n e a m o s
c o n s a g r o
r e s p i r a r e
c o n e c t a r o n
m o s t r a r é i s
t r e n c é
r e c r u d e c í a m o s
n o _ c o r e e m o s
e s t a b l e c e r í a s
c o m p u t a
v i s i b i l i z a r e m o s
l l a m e á r e m o s
h u m i l l a d o
n o _ s u p l i q u e n
d e s b a n d a n
i n v i t a r a n
e s c a l f a r á s
b o f e t e a r
t r a n s i t a r a n
m e z c l a d a s
s i l e n c i a r a
b a l b u c e a s
s u s t a n c i a n
s u b v i r t i e s e i s
o s _ e n v e j e c í a i s
c o n t r a r r e s t a r e i s
d e s e n t o n a r a
n o _ r e v a l o r e s
r e c o n s i d e r a s e
h u m a n i z a s e i s
r o m a n i z o
s i m b o l i z a r í a
r e a v i v á r a m o s
r e b u s c a r í a
d i n a m i c é
a p r e s t a s e s
c o n s t i p e
g u i e m o s
m e t e o r i z a r a
e r o s i o n é
r e b u s c a n
s e p u l t a r a i s
a n u a l i z a r o n
b a r r i t a b a
f l o t a s e
a t r o n e
d e s v a i n á s e m o s
a t r o n é
s e _ a d u e ñ a r a
s o c a v a r a n
n o _ m i e n t a s
a h e r r o j a n d o
s o c i a l i z a r é
a c o r a z a b a
v i n c u l a r í a
p r o r r a t e e
d e s c o n t r o l á i s
c l o q u e e
s o l a p a r a n
b i z q u e a r í a m o s
e l u c i d á r e m o s
i n t o x i c a s e
s e _ a r r e p i n t i e r e n
l a t i r á n
e m p a l i d e c e m o s
f i c a r e
j a l e e n
a d e l g a z a r o n
f i n a n c i a s t e
f a r d á r e m o s
v e r a n e e
a m u e b l e m o s
a c o p l a r a i s
t i r o t e a m o s
e s t r a g a r o n
r e f r i g e r a b a
c o n s e r v a
n o _ a l e g u e s
s u g e s t i o n a s e n
n o _ a m a i n e
a m e r i t a r a i s
a s e s t a r a
s u c u m b i r í a
o b s e s i o n a r í a n
m i n i s t e r i a l i z a s
p a r t i d
e n v i u d á r a m o s
v e r b a l i z a s e i s
e s p e c u l á s e m o s
d e t e c t á i s
a p l e g á i s
v a l s a d a s
a p i l a s t e
r e i m a g i n e n
r e g e n t e a s e
d u p l i c a n
a r r i a r a s
a b r a s o
e m p u ñ a s e s
d e s o l l e
b a r b a r i z a d a s
r e n e g a r a
d e s c o g o l l a b a n
t o p e a r í a
e n s a n c h e n
d e s p r e c i a r í a
e n f l a q u e c i e s e i s
c o i n c i d í a n
a s e a b a i s
g e o l o c a l i z á r a m o s
t e _ m e a r a s
r e p o r t a b a n
m e _ b r o n c e e
e s p u t e
m u l e t e a d a
e n t r e o y e
u r j a
s a l p r e s a b a
b o r d a r á s
e v a n e s c e
e x c a r c e l e m o s
s a n i t i z a d o
n o _ r e i t e r e m o s
m u s i c a l i z a n
r e c a p i t u l é
e x t r e m a b a s
e s b o c e n
p r e c o c i n e n
c a r b u r i z a s e i s
r e p o s t u l a d o s
a c t u a l i c e m o s
o s _ d e s c o n t r o l é i s
e n a r d e c í a
n o _ e n t r e a b r á i s
a p o n d r í a n
v e r s a r a i s
c u l t i v e n
b a b e a m o s
n o _ c o n v i v a s
i n v i s i b i l i z a r í a
t r a s p a p e l a b a
z a p a t e e n
a c u r r u c a d a
d e s e s t i m a s e i s
l a x a r á n
p a t a l e a r a
o s _ p e r c a t a r é i s
e n g r e í d o s
e d u c i r í a m o s
d i s c u t i r á
e x t r a v i a s e i s
c o n f i e s e n
o s c u r e c i e r e
h a c e
r e p l a n t e a r e m o s
e x t e r n a l i z a s t e
s e _ r e s e n t i r á n
e x t e n d e r á s
a d v e r a r e s
n o _ d e s e m b a l s e
a c o g o t a r í a i s
r e e n e r g i z a b a i s
s a n i t i z a r a i s
m u s i c a l i z a r o n
m e _ d e s p e d í a
f o t o g r a f i a r e s
d o m i n á r a m o s
f o r n i c a r í a i s
e x p e r i m e n t a b a
i l u d i r í a
n o _ e x i l i e m o s
d e d u c i r í a
h u m i l l a
e s q u i l m a d a
s o b r e v u e l e s
c o n v a l i d á r e m o s
l e v i g a
a r r e c i a n
g o b e r n a r í a s
e n c a n t a r e m o s
c o n t r a a t a c a r a s
o b l i t e r a r í a
n o _ a d i v i n e m o s
m a l o g r a s e
a p r e c i a s e s
f r a c c i o n ó
m e _ d e s m o n t e r é
c u l t u r a r e s
l a c t á i s
d o r m í s
a m p l i f i q u é i s
d e s m e n u z a r
s a l p i m e n t a r í a
m e n t a l i z á r a m o s
a c a c h e t e a r í a n
d e s a t e n d í
g e r m a n i z a r e s
s u b v e n g á i s
c i r c u n f i r i e s e i s
a r a b i z a m o s
g a r a p i ñ e
e q u i v o c á r e m o s
f r i c c i o n a b a
d e c a e r í a s
n o _ c e r c e n é i s
s e _ a h o r c a j e n
c i c a t r i z a r í a s
r e s e m b r a r í a
t a m b o r e a s e s
n o _ c a b r i o l e s
r e c o m e n d a m o s
v i c t i m a b a i s
d e s a m p a r a d a
e s c a p a b a s
d e s i n s t a l a b a i s
a p l a q u e
r e p r e s a b a
o c c i d e n t a l i z a r a i s
m a r e a r e m o s
a c o t o l o
d r a g u e m o s
n o _ d e s v i e m o s
c a l d e a n d o
n a c i o n a l i z a d o
n o _ e n f r a s q u é i s
s a n c i o n a r
u s u r p a r á s
t e s t i g u a s e
n o _ g a s e e s
e n v o l v í a
d e b e l a r í a
i n c e n d i a r í a m o s
e n g e n d r ó
a p a c h a r á n
h o s t i g a r e s
e n c o n c h á b a m o s
n o _ d u c h e m o s
n o _ a l a r m e n
n o s _ e s c o r á s e m o s
r i z a s e i s
s e _ a u t o l e s i o n a b a n
d e s e n d e u d e
a c a l l a r e
i m p r e g n a r é
m o r d i e r e
n o _ i n t r i n q u é i s
a p o c o p a r o n
r e a r g u y a m o s
d e s c o l l a b a s
r e s i d a m o s
n o _ e n t o n e s
c o m p a r t i m e n t a r a i s
d o r m i t e n
r e t r o t r a j i s t e i s
n o _ e x p u r g u e
c o n t r i b u y é r a m o s
n o _ d e s t r a b e s
r o n c á b a m o s
s e _ a u t o m u t i l a r a n
i m p o n é i s
c r e y é s e m o s
i m p e n d i e r a n
e s p a n t a
r e u n i f i c a r á
n o _ h a b i t u e m o s
m e t a b o l i z a r e s
e m p o d r e c e r á
o f i c i a l i z a
a c h o c o l a t a s e i s
e n l i s t a d
e s p a c h u r r e
d i s p o n g a s
c u r v a s t e
d e s v a l o r i z a r í a
t r a s f i g u r a d o s
c o n t r o l a m o s
c a r i c i a r a
r e c a m a r í a
c o n d o n a b a
f r u í s
n o s _ d e s m o n t e r á r a m o s
a l e t a r g a d a
l e n g ü e t e a r o n
s o p a s t e i s
c a l a b r i a
d e s i n s t a l e
e n l e n t e c i m o s
r e t a r d a b a i s
f a j a n d o
c o m p e n s a d o
e m p a d r o n e n
m o n e t a r i z a s e n
d e s p e l l e j a s e i s
t r a n s a m o s
e q u i v o c á b a m o s
e n r u m b e
t r a s l a p é
p e l á i s
c o n f e r i d a s
d e s b a n d a d a
a d m i r a r e n
c a f i c h á b a m o s
d e s c o l o c a d a s
n o _ c o n t r a r r e s t e m o s
t r a s g r e d i r é i s
d e s t e n s a b a i s
n o _ f e d e r e s
r e b u z n a n
n o _ t i r o n e e s
a v e r g o n z á b a m o s
a s á s e m o s
v a c í a
c o l i g i e s e i s
d e s h i d r a t a r í a
c u l e b r e a s
n o _ l l a m e e m o s
t e m p e r a r e m o s
i m a n e n
e m p o l l a n d o
f u m a r a i s
a n t i c u a r e n
v e n t a n d o
a f l o r é
r e i n s t a l a b a i s
l i b e r a b a n
p a r t i c i p a b a i s
e n u m e r a m o s
a c h u c h e
g r a v i t a r é i s
d i v o r c i a s e n
e m p a q u e t ó
d e s a c o m o d a r í a i s
s u b s u m í a m o s
e n c e r a r e s
m a j a r í a m o s
d e s d i b u j a s e s
a p r e t á i s
d e s j u d i c i a l i z a r á n
e m p e ñ a s e s
c o n v o c a r í a s
c o p i a s e
s a l v a g u a r d a s e n
c o n f u n d i e r o n
d i s t u r b a r í a i s
m a n a d
g a f é i s
v e g e t a
a c l a m a r a
r e c l u i m o s
a b u ñ o l a r í a i s
o r l e
e n c o n a r a
y a n t a d a
d e s a p r e n d í a
c e n t r i f u g a r a
e m u n g e r í a
n o s _ s e n t i m o s
t e _ a c o b a r d a r á s
r e h i l e m o s
f l a m e a d o s
e m i t i r á n
d e s p i s t a r
b o l e a s e s
i n t r i g a s e n
s o b r e v i n e
r a s t r i l l a s e
c o n t r a r i a b a i s
a j a r d i n a d a s
d e s v i r g a r í a
e m b a r r a
a n t e d i r e m o s
r e v e l a r á s
a u n a d o
r e f u n f u ñ e m o s
d o r m i d a
u t i l i c e
a d q u i r i e r e n
a c a l o r a s
n o _ i n c o e n
e m p a s t a r a s
r e p l i c a
h u m i l l a r e s
i n f l a m á b a m o s
a c i c a l a d
d e s e n c l a v a n d o
a g i g a n t a d a s
e x p e d i e n t a s e s
a p a s i o n a r a
d o m i c i l i a s t e i s
l a z a r
a t e r r o r i c e
n o s _ p e g a m o s
c o n c i b i é s e m o s
t e _ a b a r t a r e s
o r q u e s t a r í a
p o s i c i o n a s e i s
n o _ r e c o n c i l i e m o s
n o _ a o j e
d e s c a b a l g á b a m o s
s u r c i e r e s
s e _ a c o m o d e
s o b r e v e n d i d a s
i n u t i l i z a s t e i s
g r a t i n a r a n
n o _ f o t o c o p i e n
r e e n v í a
f e r t i l i z á r e m o s
r e h a b i l i t a d o s
n o _ a f i e b r é i s
r i p o s t a s e
