n n h w e h w ɛ e e
n n a _ n n h w e h w ɛ e e
a h w e h w ɛ
n n a _ a h w e h w ɛ
r e n n h w e h w ɛ
n n a _ r e n n h w e h w ɛ
r e h w e h w ɛ
n n a _ r e h w e h w ɛ
b ɛ h w e h w ɛ
r e n n h w e h w ɛ
n n h w e h w ɛ
a n n h w e h w ɛ
h w e h w ɛ
h w e h w ɛ e e
m m a _ n n h w e h w ɛ
h w e h w ɛ
n n k ɔ h w e h w ɛ
a m m b ɛ h w e h w ɛ
a m m k ɔ h w e h w ɛ
h w e h w ɛ
m m b ɛ h w e h w ɛ e e
n n k ɔ h w e h w ɛ e e
n n a _ m m b ɛ h w e h w ɛ e e
n n a _ n n k ɔ h w e h w ɛ e e
a b ɛ h w e h w ɛ
a k ɔ h w e h w ɛ
n n a _ a b ɛ h w e h w ɛ
n n a _ a k ɔ h w e h w ɛ
r e m m b ɛ h w e h w ɛ
r e n n k ɔ h w e h w ɛ
n n a _ r e m m b ɛ h w e h w ɛ
n n a _ r e n n k ɔ h w e h w ɛ
r e b ɛ h w e h w ɛ
r e k ɔ h w e h w ɛ
n n a _ r e b ɛ h w e h w ɛ
n n a _ r e k ɔ h w e h w ɛ
k ɔ h w e h w ɛ
b ɛ h w e h w ɛ e e
k ɔ h w e h w ɛ e e
m m a _ n n h w e h w ɛ
n h w e h w ɛ
m m m e n e e
n n a _ m m m e n e e
a m e n e
n n a _ a m e n e
r e m m m e n e
n n a _ r e m m m e n e
r e m e n e
n n a _ r e m e n e
b ɛ m e n e
r e m m m e n e
m m m e n e
a m m m e n e
m e n e
m e n e e
m m a _ m m m e n e
m e n e
n n k ɔ m e n e
a m m b ɛ m e n e
a m m k ɔ m e n e
m e n e
m m b ɛ m e n e e
n n k ɔ m e n e e
n n a _ m m b ɛ m e n e e
n n a _ n n k ɔ m e n e e
a b ɛ m e n e
a k ɔ m e n e
n n a _ a b ɛ m e n e
n n a _ a k ɔ m e n e
r e m m b ɛ m e n e
r e n n k ɔ m e n e
n n a _ r e m m b ɛ m e n e
n n a _ r e n n k ɔ m e n e
r e b ɛ m e n e
r e k ɔ m e n e
n n a _ r e b ɛ m e n e
n n a _ r e k ɔ m e n e
k ɔ m e n e
b ɛ m e n e e
k ɔ m e n e e
m m a _ m m m e n e
m m e n e
n n s o _ d a e e
n n a _ n n s o _ d a e e
a s o _ d a e
n n a _ a s o _ d a e
r e n n s o _ d a e
n n a _ r e n n s o _ d a e
r e s o _ d a e
n n a _ r e s o _ d a e
b ɛ s o _ d a e
r e n n s o _ d a e
n n s o _ d a e
a n n s o _ d a e
s o _ d a e
s o _ d a e e
m m a _ n n s o _ d a e
s o _ d a e
n n k ɔ s o _ d a e
a m m b ɛ s o _ d a e
a m m k ɔ s o _ d a e
s o _ d a e
m m b ɛ s o _ d a e e
n n k ɔ s o _ d a e e
n n a _ m m b ɛ s o _ d a e e
n n a _ n n k ɔ s o _ d a e e
a b ɛ s o _ d a e
a k ɔ s o _ d a e
n n a _ a b ɛ s o _ d a e
n n a _ a k ɔ s o _ d a e
r e m m b ɛ s o _ d a e
r e n n k ɔ s o _ d a e
n n a _ r e m m b ɛ s o _ d a e
n n a _ r e n n k ɔ s o _ d a e
r e b ɛ s o _ d a e
r e k ɔ s o _ d a e
n n a _ r e b ɛ s o _ d a e
n n a _ r e k ɔ s o _ d a e
k ɔ s o _ d a e
b ɛ s o _ d a e e
k ɔ s o _ d a e e
m m a _ n n s o _ d a e
n s o _ d a e
m m m i a e e
n n a _ m m m i a e e
a m i a
n n a _ a m i a
r e m m m i a
n n a _ r e m m m i a
r e m i a
n n a _ r e m i a
b ɛ m i a
r e m m m i a
m m m i a
a m m m i a
m i a
m i a e e
m m a _ m m m i a
m i a
n n k ɔ m i a
a m m b ɛ m i a
a m m k ɔ m i a
m i a
m m b ɛ m i a e e
n n k ɔ m i a e e
n n a _ m m b ɛ m i a e e
n n a _ n n k ɔ m i a e e
a b ɛ m i a
a k ɔ m i a
n n a _ a b ɛ m i a
n n a _ a k ɔ m i a
r e m m b ɛ m i a
r e n n k ɔ m i a
n n a _ r e m m b ɛ m i a
n n a _ r e n n k ɔ m i a
r e b ɛ m i a
r e k ɔ m i a
n n a _ r e b ɛ m i a
n n a _ r e k ɔ m i a
k ɔ m i a
b ɛ m i a e e
k ɔ m i a e e
m m a _ m m m i a
m m i a
n n h u e e
n n a _ n n h u e e
a h u
n n a _ a h u
r e n n h u
n n a _ r e n n h u
r e h u
n n a _ r e h u
b ɛ h u
r e n n h u
n n h u
a n n h u
h u
h u e e
m m a _ n n h u
h u
n n k ɔ h u
a m m b ɛ h u
a m m k ɔ h u
h u
m m b ɛ h u e e
n n k ɔ h u e e
n n a _ m m b ɛ h u e e
n n a _ n n k ɔ h u e e
a b ɛ h u
a k ɔ h u
n n a _ a b ɛ h u
n n a _ a k ɔ h u
r e m m b ɛ h u
r e n n k ɔ h u
n n a _ r e m m b ɛ h u
n n a _ r e n n k ɔ h u
r e b ɛ h u
r e k ɔ h u
n n a _ r e b ɛ h u
n n a _ r e k ɔ h u
k ɔ h u
b ɛ h u e e
k ɔ h u e e
m m a _ n n h u
n h u
n n k ɔ e e
n n a _ n n k ɔ e e
a k ɔ
n n a _ a k ɔ
r e n n k ɔ
n n a _ r e n n k ɔ
r e k ɔ
n n a _ r e k ɔ
b ɛ k ɔ
r e n n k ɔ
n n k ɔ
a n n k ɔ
k ɔ
k ɔ e e
m m a _ n n k ɔ
k ɔ
n n k ɔ k ɔ
a m m b ɛ k ɔ
a m m k ɔ k ɔ
k ɔ
m m b ɛ k ɔ e e
n n k ɔ k ɔ e e
n n a _ m m b ɛ k ɔ e e
n n a _ n n k ɔ k ɔ e e
a b ɛ k ɔ
a k ɔ k ɔ
n n a _ a b ɛ k ɔ
n n a _ a k ɔ k ɔ
r e m m b ɛ k ɔ
r e n n k ɔ k ɔ
n n a _ r e m m b ɛ k ɔ
n n a _ r e n n k ɔ k ɔ
r e b ɛ k ɔ
r e k ɔ k ɔ
n n a _ r e b ɛ k ɔ
n n a _ r e k ɔ k ɔ
k ɔ k ɔ
b ɛ k ɔ e e
k ɔ k ɔ e e
m m a _ n n k ɔ
n k ɔ
n n h u n t i e e
n n a _ n n h u n t i e e
a h u n t i
n n a _ a h u n t i
r e n n h u n t i
n n a _ r e n n h u n t i
r e h u n t i
n n a _ r e h u n t i
b ɛ h u n t i
r e n n h u n t i
n n h u n t i
a n n h u n t i
h u n t i
h u n t i e e
m m a _ n n h u n t i
h u n t i
n n k ɔ h u n t i
a m m b ɛ h u n t i
a m m k ɔ h u n t i
h u n t i
m m b ɛ h u n t i e e
n n k ɔ h u n t i e e
n n a _ m m b ɛ h u n t i e e
n n a _ n n k ɔ h u n t i e e
a b ɛ h u n t i
a k ɔ h u n t i
n n a _ a b ɛ h u n t i
n n a _ a k ɔ h u n t i
r e m m b ɛ h u n t i
r e n n k ɔ h u n t i
n n a _ r e m m b ɛ h u n t i
n n a _ r e n n k ɔ h u n t i
r e b ɛ h u n t i
r e k ɔ h u n t i
n n a _ r e b ɛ h u n t i
n n a _ r e k ɔ h u n t i
k ɔ h u n t i
b ɛ h u n t i e e
k ɔ h u n t i e e
m m a _ n n h u n t i
n h u n t i
n n w o s o w e e
n n a _ n n w o s o w e e
a w o s o w
n n a _ a w o s o w
r e n n w o s o w
n n a _ r e n n w o s o w
r e w o s o w
n n a _ r e w o s o w
b ɛ w o s o w
r e n n w o s o w
n n w o s o w
a n n w o s o w
w o s o w
w o s o w e e
m m a _ n n w o s o w
w o s o w
n n k ɔ w o s o w
a m m b ɛ w o s o w
a m m k ɔ w o s o w
w o s o w
m m b ɛ w o s o w e e
n n k ɔ w o s o w e e
n n a _ m m b ɛ w o s o w e e
n n a _ n n k ɔ w o s o w e e
a b ɛ w o s o w
a k ɔ w o s o w
n n a _ a b ɛ w o s o w
n n a _ a k ɔ w o s o w
r e m m b ɛ w o s o w
r e n n k ɔ w o s o w
n n a _ r e m m b ɛ w o s o w
n n a _ r e n n k ɔ w o s o w
r e b ɛ w o s o w
r e k ɔ w o s o w
n n a _ r e b ɛ w o s o w
n n a _ r e k ɔ w o s o w
k ɔ w o s o w
b ɛ w o s o w e e
k ɔ w o s o w e e
m m a _ n n w o s o w
n w o s o w
n n h y ɛ _ a s e e
n n a _ n n h y ɛ _ a s e e
a h y ɛ _ a s e
n n a _ a h y ɛ _ a s e
r e n n h y ɛ _ a s e
n n a _ r e n n h y ɛ _ a s e
r e h y ɛ _ a s e
n n a _ r e h y ɛ _ a s e
b ɛ h y ɛ _ a s e
r e n n h y ɛ _ a s e
n n h y ɛ _ a s e
a n n h y ɛ _ a s e
h y ɛ _ a s e
h y ɛ _ a s e e
m m a _ n n h y ɛ _ a s e
h y ɛ _ a s e
n n k ɔ h y ɛ _ a s e
a m m b ɛ h y ɛ _ a s e
a m m k ɔ h y ɛ _ a s e
h y ɛ _ a s e
m m b ɛ h y ɛ _ a s e e
n n k ɔ h y ɛ _ a s e e
n n a _ m m b ɛ h y ɛ _ a s e e
n n a _ n n k ɔ h y ɛ _ a s e e
a b ɛ h y ɛ _ a s e
a k ɔ h y ɛ _ a s e
n n a _ a b ɛ h y ɛ _ a s e
n n a _ a k ɔ h y ɛ _ a s e
r e m m b ɛ h y ɛ _ a s e
r e n n k ɔ h y ɛ _ a s e
n n a _ r e m m b ɛ h y ɛ _ a s e
n n a _ r e n n k ɔ h y ɛ _ a s e
r e b ɛ h y ɛ _ a s e
r e k ɔ h y ɛ _ a s e
n n a _ r e b ɛ h y ɛ _ a s e
n n a _ r e k ɔ h y ɛ _ a s e
k ɔ h y ɛ _ a s e
b ɛ h y ɛ _ a s e e
k ɔ h y ɛ _ a s e e
m m a _ n n h y ɛ _ a s e
n h y ɛ _ a s e
m m p i a e e
n n a _ m m p i a e e
a p i a
n n a _ a p i a
r e m m p i a
n n a _ r e m m p i a
r e p i a
n n a _ r e p i a
b ɛ p i a
r e m m p i a
m m p i a
a m m p i a
p i a
p i a e e
m m a _ m m p i a
p i a
n n k ɔ p i a
a m m b ɛ p i a
a m m k ɔ p i a
p i a
m m b ɛ p i a e e
n n k ɔ p i a e e
n n a _ m m b ɛ p i a e e
n n a _ n n k ɔ p i a e e
a b ɛ p i a
a k ɔ p i a
n n a _ a b ɛ p i a
n n a _ a k ɔ p i a
r e m m b ɛ p i a
r e n n k ɔ p i a
n n a _ r e m m b ɛ p i a
n n a _ r e n n k ɔ p i a
r e b ɛ p i a
r e k ɔ p i a
n n a _ r e b ɛ p i a
n n a _ r e k ɔ p i a
k ɔ p i a
b ɛ p i a e e
k ɔ p i a e e
m m a _ m m p i a
m p i a
n n t w e ɔ n e e
n n a _ n n t w e ɔ n e e
a t w e ɔ n
n n a _ a t w e ɔ n
r e n n t w e ɔ n
n n a _ r e n n t w e ɔ n
r e t w e ɔ n
n n a _ r e t w e ɔ n
b ɛ t w e ɔ n
r e n n t w e ɔ n
n n t w e ɔ n
a n n t w e ɔ n
t w e ɔ n
t w e ɔ n e e
m m a _ n n t w e ɔ n
t w e ɔ n
n n k ɔ t w e ɔ n
a m m b ɛ t w e ɔ n
a m m k ɔ t w e ɔ n
t w e ɔ n
m m b ɛ t w e ɔ n e e
n n k ɔ t w e ɔ n e e
n n a _ m m b ɛ t w e ɔ n e e
n n a _ n n k ɔ t w e ɔ n e e
a b ɛ t w e ɔ n
a k ɔ t w e ɔ n
n n a _ a b ɛ t w e ɔ n
n n a _ a k ɔ t w e ɔ n
r e m m b ɛ t w e ɔ n
r e n n k ɔ t w e ɔ n
n n a _ r e m m b ɛ t w e ɔ n
n n a _ r e n n k ɔ t w e ɔ n
r e b ɛ t w e ɔ n
r e k ɔ t w e ɔ n
n n a _ r e b ɛ t w e ɔ n
n n a _ r e k ɔ t w e ɔ n
k ɔ t w e ɔ n
b ɛ t w e ɔ n e e
k ɔ t w e ɔ n e e
m m a _ n n t w e ɔ n
n t w e ɔ n
n n k y e r ɛ e e
n n a _ n n k y e r ɛ e e
a k y e r ɛ
n n a _ a k y e r ɛ
r e n n k y e r ɛ
n n a _ r e n n k y e r ɛ
r e k y e r ɛ
n n a _ r e k y e r ɛ
b ɛ k y e r ɛ
r e n n k y e r ɛ
n n k y e r ɛ
a n n k y e r ɛ
k y e r ɛ
k y e r ɛ e e
m m a _ n n k y e r ɛ
k y e r ɛ
n n k ɔ k y e r ɛ
a m m b ɛ k y e r ɛ
a m m k ɔ k y e r ɛ
k y e r ɛ
m m b ɛ k y e r ɛ e e
n n k ɔ k y e r ɛ e e
n n a _ m m b ɛ k y e r ɛ e e
n n a _ n n k ɔ k y e r ɛ e e
a b ɛ k y e r ɛ
a k ɔ k y e r ɛ
n n a _ a b ɛ k y e r ɛ
n n a _ a k ɔ k y e r ɛ
r e m m b ɛ k y e r ɛ
r e n n k ɔ k y e r ɛ
n n a _ r e m m b ɛ k y e r ɛ
n n a _ r e n n k ɔ k y e r ɛ
r e b ɛ k y e r ɛ
r e k ɔ k y e r ɛ
n n a _ r e b ɛ k y e r ɛ
n n a _ r e k ɔ k y e r ɛ
k ɔ k y e r ɛ
b ɛ k y e r ɛ e e
k ɔ k y e r ɛ e e
m m a _ n n k y e r ɛ
n k y e r ɛ
m m b a e e
n n a _ m m b a e e
a b a
n n a _ a b a
r e m m b a
n n a _ r e m m b a
r e b a
n n a _ r e b a
b ɛ b a
r e m m b a
m m b a
a m m b a
b a
b a e e
m m a _ m m b a
b a
n n k ɔ b a
a m m b ɛ b a
a m m k ɔ b a
b a
m m b ɛ b a e e
n n k ɔ b a e e
n n a _ m m b ɛ b a e e
n n a _ n n k ɔ b a e e
a b ɛ b a
a k ɔ b a
n n a _ a b ɛ b a
n n a _ a k ɔ b a
r e m m b ɛ b a
r e n n k ɔ b a
n n a _ r e m m b ɛ b a
n n a _ r e n n k ɔ b a
r e b ɛ b a
r e k ɔ b a
n n a _ r e b ɛ b a
n n a _ r e k ɔ b a
k ɔ b a
b ɛ b a e e
k ɔ b a e e
m m a _ m m b a
m b a
n n h w ɛ e e
n n a _ n n h w ɛ e e
a h w ɛ
n n a _ a h w ɛ
r e n n h w ɛ
n n a _ r e n n h w ɛ
r e h w ɛ
n n a _ r e h w ɛ
b ɛ h w ɛ
r e n n h w ɛ
n n h w ɛ
a n n h w ɛ
h w ɛ
h w ɛ e e
m m a _ n n h w ɛ
h w ɛ
n n k ɔ h w ɛ
a m m b ɛ h w ɛ
a m m k ɔ h w ɛ
h w ɛ
m m b ɛ h w ɛ e e
n n k ɔ h w ɛ e e
n n a _ m m b ɛ h w ɛ e e
n n a _ n n k ɔ h w ɛ e e
a b ɛ h w ɛ
a k ɔ h w ɛ
n n a _ a b ɛ h w ɛ
n n a _ a k ɔ h w ɛ
r e m m b ɛ h w ɛ
r e n n k ɔ h w ɛ
n n a _ r e m m b ɛ h w ɛ
n n a _ r e n n k ɔ h w ɛ
r e b ɛ h w ɛ
r e k ɔ h w ɛ
n n a _ r e b ɛ h w ɛ
n n a _ r e k ɔ h w ɛ
k ɔ h w ɛ
b ɛ h w ɛ e e
k ɔ h w ɛ e e
m m a _ n n h w ɛ
n h w ɛ
n n k a e e
n n a _ n n k a e e
a k a
n n a _ a k a
r e n n k a
n n a _ r e n n k a
r e k a
n n a _ r e k a
b ɛ k a
r e n n k a
n n k a
a n n k a
k a
k a e e
m m a _ n n k a
k a
n n k ɔ k a
a m m b ɛ k a
a m m k ɔ k a
k a
m m b ɛ k a e e
n n k ɔ k a e e
n n a _ m m b ɛ k a e e
n n a _ n n k ɔ k a e e
a b ɛ k a
a k ɔ k a
n n a _ a b ɛ k a
n n a _ a k ɔ k a
r e m m b ɛ k a
r e n n k ɔ k a
n n a _ r e m m b ɛ k a
n n a _ r e n n k ɔ k a
r e b ɛ k a
r e k ɔ k a
n n a _ r e b ɛ k a
n n a _ r e k ɔ k a
k ɔ k a
b ɛ k a e e
k ɔ k a e e
m m a _ n n k a
n k a
m m m a e e
n n a _ m m m a e e
a m a
n n a _ a m a
r e m m m a
n n a _ r e m m m a
r e m a
n n a _ r e m a
b ɛ m a
r e m m m a
m m m a
a m m m a
m a
m a e e
m m a _ m m m a
m a
n n k ɔ m a
a m m b ɛ m a
a m m k ɔ m a
m a
m m b ɛ m a e e
n n k ɔ m a e e
n n a _ m m b ɛ m a e e
n n a _ n n k ɔ m a e e
a b ɛ m a
a k ɔ m a
n n a _ a b ɛ m a
n n a _ a k ɔ m a
r e m m b ɛ m a
r e n n k ɔ m a
n n a _ r e m m b ɛ m a
n n a _ r e n n k ɔ m a
r e b ɛ m a
r e k ɔ m a
n n a _ r e b ɛ m a
n n a _ r e k ɔ m a
k ɔ m a
b ɛ m a e e
k ɔ m a e e
m m a _ m m m a
m m a
n n k e k a m u e e
n n a _ n n k e k a m u e e
a k e k a m u
n n a _ a k e k a m u
r e n n k e k a m u
n n a _ r e n n k e k a m u
r e k e k a m u
n n a _ r e k e k a m u
b ɛ k e k a m u
r e n n k e k a m u
n n k e k a m u
a n n k e k a m u
k e k a m u
k e k a m u e e
m m a _ n n k e k a m u
k e k a m u
n n k ɔ k e k a m u
a m m b ɛ k e k a m u
a m m k ɔ k e k a m u
k e k a m u
m m b ɛ k e k a m u e e
n n k ɔ k e k a m u e e
n n a _ m m b ɛ k e k a m u e e
n n a _ n n k ɔ k e k a m u e e
a b ɛ k e k a m u
a k ɔ k e k a m u
n n a _ a b ɛ k e k a m u
n n a _ a k ɔ k e k a m u
r e m m b ɛ k e k a m u
r e n n k ɔ k e k a m u
n n a _ r e m m b ɛ k e k a m u
n n a _ r e n n k ɔ k e k a m u
r e b ɛ k e k a m u
r e k ɔ k e k a m u
n n a _ r e b ɛ k e k a m u
n n a _ r e k ɔ k e k a m u
k ɔ k e k a m u
b ɛ k e k a m u e e
k ɔ k e k a m u e e
m m a _ n n k e k a m u
n k e k a m u
n n d i _ n k o n i m e e
n n a _ n n d i _ n k o n i m e e
a d i _ n k o n i m
n n a _ a d i _ n k o n i m
r e n n d i _ n k o n i m
n n a _ r e n n d i _ n k o n i m
r e d i _ n k o n i m
n n a _ r e d i _ n k o n i m
b ɛ d i _ n k o n i m
r e n n d i _ n k o n i m
n n d i _ n k o n i m
a n n d i _ n k o n i m
d i _ n k o n i m
d i _ n k o n i m e e
m m a _ n n d i _ n k o n i m
d i _ n k o n i m
n n k ɔ d i _ n k o n i m
a m m b ɛ d i _ n k o n i m
a m m k ɔ d i _ n k o n i m
d i _ n k o n i m
m m b ɛ d i _ n k o n i m e e
n n k ɔ d i _ n k o n i m e e
n n a _ m m b ɛ d i _ n k o n i m e e
n n a _ n n k ɔ d i _ n k o n i m e e
a b ɛ d i _ n k o n i m
a k ɔ d i _ n k o n i m
n n a _ a b ɛ d i _ n k o n i m
n n a _ a k ɔ d i _ n k o n i m
r e m m b ɛ d i _ n k o n i m
r e n n k ɔ d i _ n k o n i m
n n a _ r e m m b ɛ d i _ n k o n i m
n n a _ r e n n k ɔ d i _ n k o n i m
r e b ɛ d i _ n k o n i m
r e k ɔ d i _ n k o n i m
n n a _ r e b ɛ d i _ n k o n i m
n n a _ r e k ɔ d i _ n k o n i m
k ɔ d i _ n k o n i m
b ɛ d i _ n k o n i m e e
k ɔ d i _ n k o n i m e e
m m a _ n n d i _ n k o n i m
n d i _ n k o n i m
n n t o w _ . . _ m u e e
n n a _ n n t o w _ . . _ m u e e
a t o w _ . . _ m u
n n a _ a t o w _ . . _ m u
r e n n t o w _ . . _ m u
n n a _ r e n n t o w _ . . _ m u
r e t o w _ . . _ m u
n n a _ r e t o w _ . . _ m u
b ɛ t o w _ . . _ m u
r e n n t o w _ . . _ m u
n n t o w _ . . _ m u
a n n t o w _ . . _ m u
t o w _ . . _ m u
t o w _ . . _ m u e e
m m a _ n n t o w _ . . _ m u
t o w _ . . _ m u
n n k ɔ t o w _ . . _ m u
a m m b ɛ t o w _ . . _ m u
a m m k ɔ t o w _ . . _ m u
t o w _ . . _ m u
m m b ɛ t o w _ . . _ m u e e
n n k ɔ t o w _ . . _ m u e e
n n a _ m m b ɛ t o w _ . . _ m u e e
n n a _ n n k ɔ t o w _ . . _ m u e e
a b ɛ t o w _ . . _ m u
a k ɔ t o w _ . . _ m u
n n a _ a b ɛ t o w _ . . _ m u
n n a _ a k ɔ t o w _ . . _ m u
r e m m b ɛ t o w _ . . _ m u
r e n n k ɔ t o w _ . . _ m u
n n a _ r e m m b ɛ t o w _ . . _ m u
n n a _ r e n n k ɔ t o w _ . . _ m u
r e b ɛ t o w _ . . _ m u
r e k ɔ t o w _ . . _ m u
n n a _ r e b ɛ t o w _ . . _ m u
n n a _ r e k ɔ t o w _ . . _ m u
k ɔ t o w _ . . _ m u
b ɛ t o w _ . . _ m u e e
k ɔ t o w _ . . _ m u e e
m m a _ n n t o w _ . . _ m u
n t o w _ . . _ m u
n n y i _ a y ɛ w e e
n n a _ n n y i _ a y ɛ w e e
a y i _ a y ɛ w
n n a _ a y i _ a y ɛ w
r e n n y i _ a y ɛ w
n n a _ r e n n y i _ a y ɛ w
r e y i _ a y ɛ w
n n a _ r e y i _ a y ɛ w
b ɛ y i _ a y ɛ w
r e n n y i _ a y ɛ w
n n y i _ a y ɛ w
a n n y i _ a y ɛ w
y i _ a y ɛ w
y i _ a y ɛ w e e
m m a _ n n y i _ a y ɛ w
y i _ a y ɛ w
n n k ɔ y i _ a y ɛ w
a m m b ɛ y i _ a y ɛ w
a m m k ɔ y i _ a y ɛ w
y i _ a y ɛ w
m m b ɛ y i _ a y ɛ w e e
n n k ɔ y i _ a y ɛ w e e
n n a _ m m b ɛ y i _ a y ɛ w e e
n n a _ n n k ɔ y i _ a y ɛ w e e
a b ɛ y i _ a y ɛ w
a k ɔ y i _ a y ɛ w
n n a _ a b ɛ y i _ a y ɛ w
n n a _ a k ɔ y i _ a y ɛ w
r e m m b ɛ y i _ a y ɛ w
r e n n k ɔ y i _ a y ɛ w
n n a _ r e m m b ɛ y i _ a y ɛ w
n n a _ r e n n k ɔ y i _ a y ɛ w
r e b ɛ y i _ a y ɛ w
r e k ɔ y i _ a y ɛ w
n n a _ r e b ɛ y i _ a y ɛ w
n n a _ r e k ɔ y i _ a y ɛ w
k ɔ y i _ a y ɛ w
b ɛ y i _ a y ɛ w e e
k ɔ y i _ a y ɛ w e e
m m a _ n n y i _ a y ɛ w
n y i _ a y ɛ w
n n y e w e e
n n a _ n n y e w e e
a y e w
n n a _ a y e w
r e n n y e w
n n a _ r e n n y e w
r e y e w
n n a _ r e y e w
b ɛ y e w
r e n n y e w
n n y e w
a n n y e w
y e w
y e w e e
m m a _ n n y e w
y e w
n n k ɔ y e w
a m m b ɛ y e w
a m m k ɔ y e w
y e w
m m b ɛ y e w e e
n n k ɔ y e w e e
n n a _ m m b ɛ y e w e e
n n a _ n n k ɔ y e w e e
a b ɛ y e w
a k ɔ y e w
n n a _ a b ɛ y e w
n n a _ a k ɔ y e w
r e m m b ɛ y e w
r e n n k ɔ y e w
n n a _ r e m m b ɛ y e w
n n a _ r e n n k ɔ y e w
r e b ɛ y e w
r e k ɔ y e w
n n a _ r e b ɛ y e w
n n a _ r e k ɔ y e w
k ɔ y e w
b ɛ y e w e e
k ɔ y e w e e
m m a _ n n y e w
n y e w
n n t e w e e
n n a _ n n t e w e e
a t e w
n n a _ a t e w
r e n n t e w
n n a _ r e n n t e w
r e t e w
n n a _ r e t e w
b ɛ t e w
r e n n t e w
n n t e w
a n n t e w
t e w
t e w e e
m m a _ n n t e w
t e w
n n k ɔ t e w
a m m b ɛ t e w
a m m k ɔ t e w
t e w
m m b ɛ t e w e e
n n k ɔ t e w e e
n n a _ m m b ɛ t e w e e
n n a _ n n k ɔ t e w e e
a b ɛ t e w
a k ɔ t e w
n n a _ a b ɛ t e w
n n a _ a k ɔ t e w
r e m m b ɛ t e w
r e n n k ɔ t e w
n n a _ r e m m b ɛ t e w
n n a _ r e n n k ɔ t e w
r e b ɛ t e w
r e k ɔ t e w
n n a _ r e b ɛ t e w
n n a _ r e k ɔ t e w
k ɔ t e w
b ɛ t e w e e
k ɔ t e w e e
m m a _ n n t e w
n t e w
n n w i e e
n n a _ n n w i e e
a w i e
n n a _ a w i e
r e n n w i e
n n a _ r e n n w i e
r e w i e
n n a _ r e w i e
b ɛ w i e
r e n n w i e
n n w i e
a n n w i e
w i e
w i e e
m m a _ n n w i e
w i e
n n k ɔ w i e
a m m b ɛ w i e
a m m k ɔ w i e
w i e
m m b ɛ w i e e
n n k ɔ w i e e
n n a _ m m b ɛ w i e e
n n a _ n n k ɔ w i e e
a b ɛ w i e
a k ɔ w i e
n n a _ a b ɛ w i e
n n a _ a k ɔ w i e
r e m m b ɛ w i e
r e n n k ɔ w i e
n n a _ r e m m b ɛ w i e
n n a _ r e n n k ɔ w i e
r e b ɛ w i e
r e k ɔ w i e
n n a _ r e b ɛ w i e
n n a _ r e k ɔ w i e
k ɔ w i e
b ɛ w i e e
k ɔ w i e e
m m a _ n n w i e
n w i e
n n k e n k a n e e
n n a _ n n k e n k a n e e
a k e n k a n
n n a _ a k e n k a n
r e n n k e n k a n
n n a _ r e n n k e n k a n
r e k e n k a n
n n a _ r e k e n k a n
b ɛ k e n k a n
r e n n k e n k a n
n n k e n k a n
a n n k e n k a n
k e n k a n
k e n k a n e e
m m a _ n n k e n k a n
k e n k a n
n n k ɔ k e n k a n
a m m b ɛ k e n k a n
a m m k ɔ k e n k a n
k e n k a n
m m b ɛ k e n k a n e e
n n k ɔ k e n k a n e e
n n a _ m m b ɛ k e n k a n e e
n n a _ n n k ɔ k e n k a n e e
a b ɛ k e n k a n
a k ɔ k e n k a n
n n a _ a b ɛ k e n k a n
n n a _ a k ɔ k e n k a n
r e m m b ɛ k e n k a n
r e n n k ɔ k e n k a n
n n a _ r e m m b ɛ k e n k a n
n n a _ r e n n k ɔ k e n k a n
r e b ɛ k e n k a n
r e k ɔ k e n k a n
n n a _ r e b ɛ k e n k a n
n n a _ r e k ɔ k e n k a n
k ɔ k e n k a n
b ɛ k e n k a n e e
k ɔ k e n k a n e e
m m a _ n n k e n k a n
n k e n k a n
n n t a r e e
n n a _ n n t a r e e
a t a r e
n n a _ a t a r e
r e n n t a r e
n n a _ r e n n t a r e
r e t a r e
n n a _ r e t a r e
b ɛ t a r e
r e n n t a r e
n n t a r e
a n n t a r e
t a r e
t a r e e
m m a _ n n t a r e
t a r e
n n k ɔ t a r e
a m m b ɛ t a r e
a m m k ɔ t a r e
t a r e
m m b ɛ t a r e e
n n k ɔ t a r e e
n n a _ m m b ɛ t a r e e
n n a _ n n k ɔ t a r e e
a b ɛ t a r e
a k ɔ t a r e
n n a _ a b ɛ t a r e
n n a _ a k ɔ t a r e
r e m m b ɛ t a r e
r e n n k ɔ t a r e
n n a _ r e m m b ɛ t a r e
n n a _ r e n n k ɔ t a r e
r e b ɛ t a r e
r e k ɔ t a r e
n n a _ r e b ɛ t a r e
n n a _ r e k ɔ t a r e
k ɔ t a r e
b ɛ t a r e e
k ɔ t a r e e
m m a _ n n t a r e
n t a r e
n n k y e r e ɛ w e e
n n a _ n n k y e r e ɛ w e e
a k y e r e ɛ w
n n a _ a k y e r e ɛ w
r e n n k y e r e ɛ w
n n a _ r e n n k y e r e ɛ w
r e k y e r e ɛ w
n n a _ r e k y e r e ɛ w
b ɛ k y e r e ɛ w
r e n n k y e r e ɛ w
n n k y e r e ɛ w
a n n k y e r e ɛ w
k y e r e ɛ w
k y e r e ɛ w e e
m m a _ n n k y e r e ɛ w
k y e r e ɛ w
n n k ɔ k y e r e ɛ w
a m m b ɛ k y e r e ɛ w
a m m k ɔ k y e r e ɛ w
k y e r e ɛ w
m m b ɛ k y e r e ɛ w e e
n n k ɔ k y e r e ɛ w e e
n n a _ m m b ɛ k y e r e ɛ w e e
n n a _ n n k ɔ k y e r e ɛ w e e
a b ɛ k y e r e ɛ w
a k ɔ k y e r e ɛ w
n n a _ a b ɛ k y e r e ɛ w
n n a _ a k ɔ k y e r e ɛ w
r e m m b ɛ k y e r e ɛ w
r e n n k ɔ k y e r e ɛ w
n n a _ r e m m b ɛ k y e r e ɛ w
n n a _ r e n n k ɔ k y e r e ɛ w
r e b ɛ k y e r e ɛ w
r e k ɔ k y e r e ɛ w
n n a _ r e b ɛ k y e r e ɛ w
n n a _ r e k ɔ k y e r e ɛ w
k ɔ k y e r e ɛ w
b ɛ k y e r e ɛ w e e
k ɔ k y e r e ɛ w e e
m m a _ n n k y e r e ɛ w
n k y e r e ɛ w
n n s o ɛ r e e
n n a _ n n s o ɛ r e e
a s o ɛ r
n n a _ a s o ɛ r
r e n n s o ɛ r
n n a _ r e n n s o ɛ r
r e s o ɛ r
n n a _ r e s o ɛ r
b ɛ s o ɛ r
r e n n s o ɛ r
n n s o ɛ r
a n n s o ɛ r
s o ɛ r
s o ɛ r e e
m m a _ n n s o ɛ r
s o ɛ r
n n k ɔ s o ɛ r
a m m b ɛ s o ɛ r
a m m k ɔ s o ɛ r
s o ɛ r
m m b ɛ s o ɛ r e e
n n k ɔ s o ɛ r e e
n n a _ m m b ɛ s o ɛ r e e
n n a _ n n k ɔ s o ɛ r e e
a b ɛ s o ɛ r
a k ɔ s o ɛ r
n n a _ a b ɛ s o ɛ r
n n a _ a k ɔ s o ɛ r
r e m m b ɛ s o ɛ r
r e n n k ɔ s o ɛ r
n n a _ r e m m b ɛ s o ɛ r
n n a _ r e n n k ɔ s o ɛ r
r e b ɛ s o ɛ r
r e k ɔ s o ɛ r
n n a _ r e b ɛ s o ɛ r
n n a _ r e k ɔ s o ɛ r
k ɔ s o ɛ r
b ɛ s o ɛ r e e
k ɔ s o ɛ r e e
m m a _ n n s o ɛ r
n s o ɛ r
n n h u a n e e
n n a _ n n h u a n e e
a h u a n e
n n a _ a h u a n e
r e n n h u a n e
n n a _ r e n n h u a n e
r e h u a n e
n n a _ r e h u a n e
b ɛ h u a n e
r e n n h u a n e
n n h u a n e
a n n h u a n e
h u a n e
h u a n e e
m m a _ n n h u a n e
h u a n e
n n k ɔ h u a n e
a m m b ɛ h u a n e
a m m k ɔ h u a n e
h u a n e
m m b ɛ h u a n e e
n n k ɔ h u a n e e
n n a _ m m b ɛ h u a n e e
n n a _ n n k ɔ h u a n e e
a b ɛ h u a n e
a k ɔ h u a n e
n n a _ a b ɛ h u a n e
n n a _ a k ɔ h u a n e
r e m m b ɛ h u a n e
r e n n k ɔ h u a n e
n n a _ r e m m b ɛ h u a n e
n n a _ r e n n k ɔ h u a n e
r e b ɛ h u a n e
r e k ɔ h u a n e
n n a _ r e b ɛ h u a n e
n n a _ r e k ɔ h u a n e
k ɔ h u a n e
b ɛ h u a n e e
k ɔ h u a n e e
m m a _ n n h u a n e
n h u a n e
n n y i e e
n n a _ n n y i e e
a y i
n n a _ a y i
r e n n y i
n n a _ r e n n y i
r e y i
n n a _ r e y i
b ɛ y i
r e n n y i
n n y i
a n n y i
y i
y i e e
m m a _ n n y i
y i
n n k ɔ y i
a m m b ɛ y i
a m m k ɔ y i
y i
m m b ɛ y i e e
n n k ɔ y i e e
n n a _ m m b ɛ y i e e
n n a _ n n k ɔ y i e e
a b ɛ y i
a k ɔ y i
n n a _ a b ɛ y i
n n a _ a k ɔ y i
r e m m b ɛ y i
r e n n k ɔ y i
n n a _ r e m m b ɛ y i
n n a _ r e n n k ɔ y i
r e b ɛ y i
r e k ɔ y i
n n a _ r e b ɛ y i
n n a _ r e k ɔ y i
k ɔ y i
b ɛ y i e e
k ɔ y i e e
m m a _ n n y i
n y i
n n k a e e
n n a _ n n k a e e
a k a e
n n a _ a k a e
r e n n k a e
n n a _ r e n n k a e
r e k a e
n n a _ r e k a e
b ɛ k a e
r e n n k a e
n n k a e
a n n k a e
k a e
k a e e
m m a _ n n k a e
k a e
n n k ɔ k a e
a m m b ɛ k a e
a m m k ɔ k a e
k a e
m m b ɛ k a e e
n n k ɔ k a e e
n n a _ m m b ɛ k a e e
n n a _ n n k ɔ k a e e
a b ɛ k a e
a k ɔ k a e
n n a _ a b ɛ k a e
n n a _ a k ɔ k a e
r e m m b ɛ k a e
r e n n k ɔ k a e
n n a _ r e m m b ɛ k a e
n n a _ r e n n k ɔ k a e
r e b ɛ k a e
r e k ɔ k a e
n n a _ r e b ɛ k a e
n n a _ r e k ɔ k a e
k ɔ k a e
b ɛ k a e e
k ɔ k a e e
m m a _ n n k a e
n k a e
n n s u m a e e
n n a _ n n s u m a e e
a s u m a
n n a _ a s u m a
r e n n s u m a
n n a _ r e n n s u m a
r e s u m a
n n a _ r e s u m a
b ɛ s u m a
r e n n s u m a
n n s u m a
a n n s u m a
s u m a
s u m a e e
m m a _ n n s u m a
s u m a
n n k ɔ s u m a
a m m b ɛ s u m a
a m m k ɔ s u m a
s u m a
m m b ɛ s u m a e e
n n k ɔ s u m a e e
n n a _ m m b ɛ s u m a e e
n n a _ n n k ɔ s u m a e e
a b ɛ s u m a
a k ɔ s u m a
n n a _ a b ɛ s u m a
n n a _ a k ɔ s u m a
r e m m b ɛ s u m a
r e n n k ɔ s u m a
n n a _ r e m m b ɛ s u m a
n n a _ r e n n k ɔ s u m a
r e b ɛ s u m a
r e k ɔ s u m a
n n a _ r e b ɛ s u m a
n n a _ r e k ɔ s u m a
k ɔ s u m a
b ɛ s u m a e e
k ɔ s u m a e e
m m a _ n n s u m a
n s u m a
n n k y i r i e e
n n a _ n n k y i r i e e
a k y i r i
n n a _ a k y i r i
r e n n k y i r i
n n a _ r e n n k y i r i
r e k y i r i
n n a _ r e k y i r i
b ɛ k y i r i
r e n n k y i r i
n n k y i r i
a n n k y i r i
k y i r i
k y i r i e e
m m a _ n n k y i r i
k y i r i
n n k ɔ k y i r i
a m m b ɛ k y i r i
a m m k ɔ k y i r i
k y i r i
m m b ɛ k y i r i e e
n n k ɔ k y i r i e e
n n a _ m m b ɛ k y i r i e e
n n a _ n n k ɔ k y i r i e e
a b ɛ k y i r i
a k ɔ k y i r i
n n a _ a b ɛ k y i r i
n n a _ a k ɔ k y i r i
r e m m b ɛ k y i r i
r e n n k ɔ k y i r i
n n a _ r e m m b ɛ k y i r i
n n a _ r e n n k ɔ k y i r i
r e b ɛ k y i r i
r e k ɔ k y i r i
n n a _ r e b ɛ k y i r i
n n a _ r e k ɔ k y i r i
k ɔ k y i r i
b ɛ k y i r i e e
k ɔ k y i r i e e
m m a _ n n k y i r i
n k y i r i
n n n a n t e w e e
n n a _ n n n a n t e w e e
a n a n t e w
n n a _ a n a n t e w
r e n n n a n t e w
n n a _ r e n n n a n t e w
r e n a n t e w
n n a _ r e n a n t e w
b ɛ n a n t e w
r e n n n a n t e w
n n n a n t e w
a n n n a n t e w
n a n t e w
n a n t e w e e
m m a _ n n n a n t e w
n a n t e w
n n k ɔ n a n t e w
a m m b ɛ n a n t e w
a m m k ɔ n a n t e w
n a n t e w
m m b ɛ n a n t e w e e
n n k ɔ n a n t e w e e
n n a _ m m b ɛ n a n t e w e e
n n a _ n n k ɔ n a n t e w e e
a b ɛ n a n t e w
a k ɔ n a n t e w
n n a _ a b ɛ n a n t e w
n n a _ a k ɔ n a n t e w
r e m m b ɛ n a n t e w
r e n n k ɔ n a n t e w
n n a _ r e m m b ɛ n a n t e w
n n a _ r e n n k ɔ n a n t e w
r e b ɛ n a n t e w
r e k ɔ n a n t e w
n n a _ r e b ɛ n a n t e w
n n a _ r e k ɔ n a n t e w
k ɔ n a n t e w
b ɛ n a n t e w e e
k ɔ n a n t e w e e
m m a _ n n n a n t e w
n n a n t e w
n n s e n s e n e e
n n a _ n n s e n s e n e e
a s e n s e n
n n a _ a s e n s e n
r e n n s e n s e n
n n a _ r e n n s e n s e n
r e s e n s e n
n n a _ r e s e n s e n
b ɛ s e n s e n
r e n n s e n s e n
n n s e n s e n
a n n s e n s e n
s e n s e n
s e n s e n e e
m m a _ n n s e n s e n
s e n s e n
n n k ɔ s e n s e n
a m m b ɛ s e n s e n
a m m k ɔ s e n s e n
s e n s e n
m m b ɛ s e n s e n e e
n n k ɔ s e n s e n e e
n n a _ m m b ɛ s e n s e n e e
n n a _ n n k ɔ s e n s e n e e
a b ɛ s e n s e n
a k ɔ s e n s e n
n n a _ a b ɛ s e n s e n
n n a _ a k ɔ s e n s e n
r e m m b ɛ s e n s e n
r e n n k ɔ s e n s e n
n n a _ r e m m b ɛ s e n s e n
n n a _ r e n n k ɔ s e n s e n
r e b ɛ s e n s e n
r e k ɔ s e n s e n
n n a _ r e b ɛ s e n s e n
n n a _ r e k ɔ s e n s e n
k ɔ s e n s e n
b ɛ s e n s e n e e
k ɔ s e n s e n e e
m m a _ n n s e n s e n
n s e n s e n
n n t ɔ _ n k o e e
n n a _ n n t ɔ _ n k o e e
a t ɔ _ n k o
n n a _ a t ɔ _ n k o
r e n n t ɔ _ n k o
n n a _ r e n n t ɔ _ n k o
r e t ɔ _ n k o
n n a _ r e t ɔ _ n k o
b ɛ t ɔ _ n k o
r e n n t ɔ _ n k o
n n t ɔ _ n k o
a n n t ɔ _ n k o
t ɔ _ n k o
t ɔ _ n k o e e
m m a _ n n t ɔ _ n k o
t ɔ _ n k o
n n k ɔ t ɔ _ n k o
a m m b ɛ t ɔ _ n k o
a m m k ɔ t ɔ _ n k o
t ɔ _ n k o
m m b ɛ t ɔ _ n k o e e
n n k ɔ t ɔ _ n k o e e
n n a _ m m b ɛ t ɔ _ n k o e e
n n a _ n n k ɔ t ɔ _ n k o e e
a b ɛ t ɔ _ n k o
a k ɔ t ɔ _ n k o
n n a _ a b ɛ t ɔ _ n k o
n n a _ a k ɔ t ɔ _ n k o
r e m m b ɛ t ɔ _ n k o
r e n n k ɔ t ɔ _ n k o
n n a _ r e m m b ɛ t ɔ _ n k o
n n a _ r e n n k ɔ t ɔ _ n k o
r e b ɛ t ɔ _ n k o
r e k ɔ t ɔ _ n k o
n n a _ r e b ɛ t ɔ _ n k o
n n a _ r e k ɔ t ɔ _ n k o
k ɔ t ɔ _ n k o
b ɛ t ɔ _ n k o e e
k ɔ t ɔ _ n k o e e
m m a _ n n t ɔ _ n k o
n t ɔ _ n k o
m m b ɔ _ n s a m u e e
n n a _ m m b ɔ _ n s a m u e e
a b ɔ _ n s a m u
n n a _ a b ɔ _ n s a m u
r e m m b ɔ _ n s a m u
n n a _ r e m m b ɔ _ n s a m u
r e b ɔ _ n s a m u
n n a _ r e b ɔ _ n s a m u
b ɛ b ɔ _ n s a m u
r e m m b ɔ _ n s a m u
m m b ɔ _ n s a m u
a m m b ɔ _ n s a m u
b ɔ _ n s a m u
b ɔ _ n s a m u e e
m m a _ m m b ɔ _ n s a m u
b ɔ _ n s a m u
n n k ɔ b ɔ _ n s a m u
a m m b ɛ b ɔ _ n s a m u
a m m k ɔ b ɔ _ n s a m u
b ɔ _ n s a m u
m m b ɛ b ɔ _ n s a m u e e
n n k ɔ b ɔ _ n s a m u e e
n n a _ m m b ɛ b ɔ _ n s a m u e e
n n a _ n n k ɔ b ɔ _ n s a m u e e
a b ɛ b ɔ _ n s a m u
a k ɔ b ɔ _ n s a m u
n n a _ a b ɛ b ɔ _ n s a m u
n n a _ a k ɔ b ɔ _ n s a m u
r e m m b ɛ b ɔ _ n s a m u
r e n n k ɔ b ɔ _ n s a m u
n n a _ r e m m b ɛ b ɔ _ n s a m u
n n a _ r e n n k ɔ b ɔ _ n s a m u
r e b ɛ b ɔ _ n s a m u
r e k ɔ b ɔ _ n s a m u
n n a _ r e b ɛ b ɔ _ n s a m u
n n a _ r e k ɔ b ɔ _ n s a m u
k ɔ b ɔ _ n s a m u
b ɛ b ɔ _ n s a m u e e
k ɔ b ɔ _ n s a m u e e
m m a _ m m b ɔ _ n s a m u
m b ɔ _ n s a m u
n n t ɔ n e e
n n a _ n n t ɔ n e e
a t ɔ n
n n a _ a t ɔ n
r e n n t ɔ n
n n a _ r e n n t ɔ n
r e t ɔ n
n n a _ r e t ɔ n
b ɛ t ɔ n
r e n n t ɔ n
n n t ɔ n
a n n t ɔ n
t ɔ n
t ɔ n e e
m m a _ n n t ɔ n
t ɔ n
n n k ɔ t ɔ n
a m m b ɛ t ɔ n
a m m k ɔ t ɔ n
t ɔ n
m m b ɛ t ɔ n e e
n n k ɔ t ɔ n e e
n n a _ m m b ɛ t ɔ n e e
n n a _ n n k ɔ t ɔ n e e
a b ɛ t ɔ n
a k ɔ t ɔ n
n n a _ a b ɛ t ɔ n
n n a _ a k ɔ t ɔ n
r e m m b ɛ t ɔ n
r e n n k ɔ t ɔ n
n n a _ r e m m b ɛ t ɔ n
n n a _ r e n n k ɔ t ɔ n
r e b ɛ t ɔ n
r e k ɔ t ɔ n
n n a _ r e b ɛ t ɔ n
n n a _ r e k ɔ t ɔ n
k ɔ t ɔ n
b ɛ t ɔ n e e
k ɔ t ɔ n e e
m m a _ n n t ɔ n
n t ɔ n
m m b u e e
n n a _ m m b u e e
a b u e
n n a _ a b u e
r e m m b u e
n n a _ r e m m b u e
r e b u e
n n a _ r e b u e
b ɛ b u e
r e m m b u e
m m b u e
a m m b u e
b u e
b u e e
m m a _ m m b u e
b u e
n n k ɔ b u e
a m m b ɛ b u e
a m m k ɔ b u e
b u e
m m b ɛ b u e e
n n k ɔ b u e e
n n a _ m m b ɛ b u e e
n n a _ n n k ɔ b u e e
a b ɛ b u e
a k ɔ b u e
n n a _ a b ɛ b u e
n n a _ a k ɔ b u e
r e m m b ɛ b u e
r e n n k ɔ b u e
n n a _ r e m m b ɛ b u e
n n a _ r e n n k ɔ b u e
r e b ɛ b u e
r e k ɔ b u e
n n a _ r e b ɛ b u e
n n a _ r e k ɔ b u e
k ɔ b u e
b ɛ b u e e
k ɔ b u e e
m m a _ m m b u e
m b u e
m m b ɔ _ m p a e e
n n a _ m m b ɔ _ m p a e e
a b ɔ _ m p a e
n n a _ a b ɔ _ m p a e
r e m m b ɔ _ m p a e
n n a _ r e m m b ɔ _ m p a e
r e b ɔ _ m p a e
n n a _ r e b ɔ _ m p a e
b ɛ b ɔ _ m p a e
r e m m b ɔ _ m p a e
m m b ɔ _ m p a e
a m m b ɔ _ m p a e
b ɔ _ m p a e
b ɔ _ m p a e e
m m a _ m m b ɔ _ m p a e
b ɔ _ m p a e
n n k ɔ b ɔ _ m p a e
a m m b ɛ b ɔ _ m p a e
a m m k ɔ b ɔ _ m p a e
b ɔ _ m p a e
m m b ɛ b ɔ _ m p a e e
n n k ɔ b ɔ _ m p a e e
n n a _ m m b ɛ b ɔ _ m p a e e
n n a _ n n k ɔ b ɔ _ m p a e e
a b ɛ b ɔ _ m p a e
a k ɔ b ɔ _ m p a e
n n a _ a b ɛ b ɔ _ m p a e
n n a _ a k ɔ b ɔ _ m p a e
r e m m b ɛ b ɔ _ m p a e
r e n n k ɔ b ɔ _ m p a e
n n a _ r e m m b ɛ b ɔ _ m p a e
n n a _ r e n n k ɔ b ɔ _ m p a e
r e b ɛ b ɔ _ m p a e
r e k ɔ b ɔ _ m p a e
n n a _ r e b ɛ b ɔ _ m p a e
n n a _ r e k ɔ b ɔ _ m p a e
k ɔ b ɔ _ m p a e
b ɛ b ɔ _ m p a e e
k ɔ b ɔ _ m p a e e
m m a _ m m b ɔ _ m p a e
m b ɔ _ m p a e
n n t w a e e
n n a _ n n t w a e e
a t w a
n n a _ a t w a
r e n n t w a
n n a _ r e n n t w a
r e t w a
n n a _ r e t w a
b ɛ t w a
r e n n t w a
n n t w a
a n n t w a
t w a
t w a e e
m m a _ n n t w a
t w a
n n k ɔ t w a
a m m b ɛ t w a
a m m k ɔ t w a
t w a
m m b ɛ t w a e e
n n k ɔ t w a e e
n n a _ m m b ɛ t w a e e
n n a _ n n k ɔ t w a e e
a b ɛ t w a
a k ɔ t w a
n n a _ a b ɛ t w a
n n a _ a k ɔ t w a
r e m m b ɛ t w a
r e n n k ɔ t w a
n n a _ r e m m b ɛ t w a
n n a _ r e n n k ɔ t w a
r e b ɛ t w a
r e k ɔ t w a
n n a _ r e b ɛ t w a
n n a _ r e k ɔ t w a
k ɔ t w a
b ɛ t w a e e
k ɔ t w a e e
m m a _ n n t w a
n t w a
m m f r ɛ e e
n n a _ m m f r ɛ e e
a f r ɛ
n n a _ a f r ɛ
r e m m f r ɛ
n n a _ r e m m f r ɛ
r e f r ɛ
n n a _ r e f r ɛ
b ɛ f r ɛ
r e m m f r ɛ
m m f r ɛ
a m m f r ɛ
f r ɛ
f r ɛ e e
m m a _ m m f r ɛ
f r ɛ
n n k ɔ f r ɛ
a m m b ɛ f r ɛ
a m m k ɔ f r ɛ
f r ɛ
m m b ɛ f r ɛ e e
n n k ɔ f r ɛ e e
n n a _ m m b ɛ f r ɛ e e
n n a _ n n k ɔ f r ɛ e e
a b ɛ f r ɛ
a k ɔ f r ɛ
n n a _ a b ɛ f r ɛ
n n a _ a k ɔ f r ɛ
r e m m b ɛ f r ɛ
r e n n k ɔ f r ɛ
n n a _ r e m m b ɛ f r ɛ
n n a _ r e n n k ɔ f r ɛ
r e b ɛ f r ɛ
r e k ɔ f r ɛ
n n a _ r e b ɛ f r ɛ
n n a _ r e k ɔ f r ɛ
k ɔ f r ɛ
b ɛ f r ɛ e e
k ɔ f r ɛ e e
m m a _ m m f r ɛ
m f r ɛ
n n s i w e e
n n a _ n n s i w e e
a s i w
n n a _ a s i w
r e n n s i w
n n a _ r e n n s i w
r e s i w
n n a _ r e s i w
b ɛ s i w
r e n n s i w
n n s i w
a n n s i w
s i w
s i w e e
m m a _ n n s i w
s i w
n n k ɔ s i w
a m m b ɛ s i w
a m m k ɔ s i w
s i w
m m b ɛ s i w e e
n n k ɔ s i w e e
n n a _ m m b ɛ s i w e e
n n a _ n n k ɔ s i w e e
a b ɛ s i w
a k ɔ s i w
n n a _ a b ɛ s i w
n n a _ a k ɔ s i w
r e m m b ɛ s i w
r e n n k ɔ s i w
n n a _ r e m m b ɛ s i w
n n a _ r e n n k ɔ s i w
r e b ɛ s i w
r e k ɔ s i w
n n a _ r e b ɛ s i w
n n a _ r e k ɔ s i w
k ɔ s i w
b ɛ s i w e e
k ɔ s i w e e
m m a _ n n s i w
n s i w
n n h i a e e
n n a _ n n h i a e e
a h i a
n n a _ a h i a
r e n n h i a
n n a _ r e n n h i a
r e h i a
n n a _ r e h i a
b ɛ h i a
r e n n h i a
n n h i a
a n n h i a
h i a
h i a e e
m m a _ n n h i a
h i a
n n k ɔ h i a
a m m b ɛ h i a
a m m k ɔ h i a
h i a
m m b ɛ h i a e e
n n k ɔ h i a e e
n n a _ m m b ɛ h i a e e
n n a _ n n k ɔ h i a e e
a b ɛ h i a
a k ɔ h i a
n n a _ a b ɛ h i a
n n a _ a k ɔ h i a
r e m m b ɛ h i a
r e n n k ɔ h i a
n n a _ r e m m b ɛ h i a
n n a _ r e n n k ɔ h i a
r e b ɛ h i a
r e k ɔ h i a
n n a _ r e b ɛ h i a
n n a _ r e k ɔ h i a
k ɔ h i a
b ɛ h i a e e
k ɔ h i a e e
m m a _ n n h i a
n h i a
n n n o m e e
n n a _ n n n o m e e
a n o m
n n a _ a n o m
r e n n n o m
n n a _ r e n n n o m
r e n o m
n n a _ r e n o m
b ɛ n o m
r e n n n o m
n n n o m
a n n n o m
n o m
n o m e e
m m a _ n n n o m
n o m
n n k ɔ n o m
a m m b ɛ n o m
a m m k ɔ n o m
n o m
m m b ɛ n o m e e
n n k ɔ n o m e e
n n a _ m m b ɛ n o m e e
n n a _ n n k ɔ n o m e e
a b ɛ n o m
a k ɔ n o m
n n a _ a b ɛ n o m
n n a _ a k ɔ n o m
r e m m b ɛ n o m
r e n n k ɔ n o m
n n a _ r e m m b ɛ n o m
n n a _ r e n n k ɔ n o m
r e b ɛ n o m
r e k ɔ n o m
n n a _ r e b ɛ n o m
n n a _ r e k ɔ n o m
k ɔ n o m
b ɛ n o m e e
k ɔ n o m e e
m m a _ n n n o m
n n o m
n n s a n e e
n n a _ n n s a n e e
a s a n
n n a _ a s a n
r e n n s a n
n n a _ r e n n s a n
r e s a n
n n a _ r e s a n
b ɛ s a n
r e n n s a n
n n s a n
a n n s a n
s a n
s a n e e
m m a _ n n s a n
s a n
n n k ɔ s a n
a m m b ɛ s a n
a m m k ɔ s a n
s a n
m m b ɛ s a n e e
n n k ɔ s a n e e
n n a _ m m b ɛ s a n e e
n n a _ n n k ɔ s a n e e
a b ɛ s a n
a k ɔ s a n
n n a _ a b ɛ s a n
n n a _ a k ɔ s a n
r e m m b ɛ s a n
r e n n k ɔ s a n
n n a _ r e m m b ɛ s a n
n n a _ r e n n k ɔ s a n
r e b ɛ s a n
r e k ɔ s a n
n n a _ r e b ɛ s a n
n n a _ r e k ɔ s a n
k ɔ s a n
b ɛ s a n e e
k ɔ s a n e e
m m a _ n n s a n
n s a n
n n t o w e e
n n a _ n n t o w e e
a t o w
n n a _ a t o w
r e n n t o w
n n a _ r e n n t o w
r e t o w
n n a _ r e t o w
b ɛ t o w
r e n n t o w
n n t o w
a n n t o w
t o w
t o w e e
m m a _ n n t o w
t o w
n n k ɔ t o w
a m m b ɛ t o w
a m m k ɔ t o w
t o w
m m b ɛ t o w e e
n n k ɔ t o w e e
n n a _ m m b ɛ t o w e e
n n a _ n n k ɔ t o w e e
a b ɛ t o w
a k ɔ t o w
n n a _ a b ɛ t o w
n n a _ a k ɔ t o w
r e m m b ɛ t o w
r e n n k ɔ t o w
n n a _ r e m m b ɛ t o w
n n a _ r e n n k ɔ t o w
r e b ɛ t o w
r e k ɔ t o w
n n a _ r e b ɛ t o w
n n a _ r e k ɔ t o w
k ɔ t o w
b ɛ t o w e e
k ɔ t o w e e
m m a _ n n t o w
n t o w
n n y ɛ _ a d w u m a e e
n n a _ n n y ɛ _ a d w u m a e e
a y ɛ _ a d w u m a
n n a _ a y ɛ _ a d w u m a
r e n n y ɛ _ a d w u m a
n n a _ r e n n y ɛ _ a d w u m a
r e y ɛ _ a d w u m a
n n a _ r e y ɛ _ a d w u m a
b ɛ y ɛ _ a d w u m a
r e n n y ɛ _ a d w u m a
n n y ɛ _ a d w u m a
a n n y ɛ _ a d w u m a
y ɛ _ a d w u m a
y ɛ _ a d w u m a e e
m m a _ n n y ɛ _ a d w u m a
y ɛ _ a d w u m a
n n k ɔ y ɛ _ a d w u m a
a m m b ɛ y ɛ _ a d w u m a
a m m k ɔ y ɛ _ a d w u m a
y ɛ _ a d w u m a
m m b ɛ y ɛ _ a d w u m a e e
n n k ɔ y ɛ _ a d w u m a e e
n n a _ m m b ɛ y ɛ _ a d w u m a e e
n n a _ n n k ɔ y ɛ _ a d w u m a e e
a b ɛ y ɛ _ a d w u m a
a k ɔ y ɛ _ a d w u m a
n n a _ a b ɛ y ɛ _ a d w u m a
n n a _ a k ɔ y ɛ _ a d w u m a
r e m m b ɛ y ɛ _ a d w u m a
r e n n k ɔ y ɛ _ a d w u m a
n n a _ r e m m b ɛ y ɛ _ a d w u m a
n n a _ r e n n k ɔ y ɛ _ a d w u m a
r e b ɛ y ɛ _ a d w u m a
r e k ɔ y ɛ _ a d w u m a
n n a _ r e b ɛ y ɛ _ a d w u m a
n n a _ r e k ɔ y ɛ _ a d w u m a
k ɔ y ɛ _ a d w u m a
b ɛ y ɛ _ a d w u m a e e
k ɔ y ɛ _ a d w u m a e e
m m a _ n n y ɛ _ a d w u m a
n y ɛ _ a d w u m a
n n k u e e
n n a _ n n k u e e
a k u
n n a _ a k u
r e n n k u
n n a _ r e n n k u
r e k u
n n a _ r e k u
b ɛ k u
r e n n k u
n n k u
a n n k u
k u
k u e e
m m a _ n n k u
k u
n n k ɔ k u
a m m b ɛ k u
a m m k ɔ k u
k u
m m b ɛ k u e e
n n k ɔ k u e e
n n a _ m m b ɛ k u e e
n n a _ n n k ɔ k u e e
a b ɛ k u
a k ɔ k u
n n a _ a b ɛ k u
n n a _ a k ɔ k u
r e m m b ɛ k u
r e n n k ɔ k u
n n a _ r e m m b ɛ k u
n n a _ r e n n k ɔ k u
r e b ɛ k u
r e k ɔ k u
n n a _ r e b ɛ k u
n n a _ r e k ɔ k u
k ɔ k u
b ɛ k u e e
k ɔ k u e e
m m a _ n n k u
n k u
m m b o r o e e
n n a _ m m b o r o e e
a b o r o
n n a _ a b o r o
r e m m b o r o
n n a _ r e m m b o r o
r e b o r o
n n a _ r e b o r o
b ɛ b o r o
r e m m b o r o
m m b o r o
a m m b o r o
b o r o
b o r o e e
m m a _ m m b o r o
b o r o
n n k ɔ b o r o
a m m b ɛ b o r o
a m m k ɔ b o r o
b o r o
m m b ɛ b o r o e e
n n k ɔ b o r o e e
n n a _ m m b ɛ b o r o e e
n n a _ n n k ɔ b o r o e e
a b ɛ b o r o
a k ɔ b o r o
n n a _ a b ɛ b o r o
n n a _ a k ɔ b o r o
r e m m b ɛ b o r o
r e n n k ɔ b o r o
n n a _ r e m m b ɛ b o r o
n n a _ r e n n k ɔ b o r o
r e b ɛ b o r o
r e k ɔ b o r o
n n a _ r e b ɛ b o r o
n n a _ r e k ɔ b o r o
k ɔ b o r o
b ɛ b o r o e e
k ɔ b o r o e e
m m a _ m m b o r o
m b o r o
n n d a _ a s e e
n n a _ n n d a _ a s e e
a d a _ a s e
n n a _ a d a _ a s e
r e n n d a _ a s e
n n a _ r e n n d a _ a s e
r e d a _ a s e
n n a _ r e d a _ a s e
b ɛ d a _ a s e
r e n n d a _ a s e
n n d a _ a s e
a n n d a _ a s e
d a _ a s e
d a _ a s e e
m m a _ n n d a _ a s e
d a _ a s e
n n k ɔ d a _ a s e
a m m b ɛ d a _ a s e
a m m k ɔ d a _ a s e
d a _ a s e
m m b ɛ d a _ a s e e
n n k ɔ d a _ a s e e
n n a _ m m b ɛ d a _ a s e e
n n a _ n n k ɔ d a _ a s e e
a b ɛ d a _ a s e
a k ɔ d a _ a s e
n n a _ a b ɛ d a _ a s e
n n a _ a k ɔ d a _ a s e
r e m m b ɛ d a _ a s e
r e n n k ɔ d a _ a s e
n n a _ r e m m b ɛ d a _ a s e
n n a _ r e n n k ɔ d a _ a s e
r e b ɛ d a _ a s e
r e k ɔ d a _ a s e
n n a _ r e b ɛ d a _ a s e
n n a _ r e k ɔ d a _ a s e
k ɔ d a _ a s e
b ɛ d a _ a s e e
k ɔ d a _ a s e e
m m a _ n n d a _ a s e
n d a _ a s e
n n t u t u e e
n n a _ n n t u t u e e
a t u t u
n n a _ a t u t u
r e n n t u t u
n n a _ r e n n t u t u
r e t u t u
n n a _ r e t u t u
b ɛ t u t u
r e n n t u t u
n n t u t u
a n n t u t u
t u t u
t u t u e e
m m a _ n n t u t u
t u t u
n n k ɔ t u t u
a m m b ɛ t u t u
a m m k ɔ t u t u
t u t u
m m b ɛ t u t u e e
n n k ɔ t u t u e e
n n a _ m m b ɛ t u t u e e
n n a _ n n k ɔ t u t u e e
a b ɛ t u t u
a k ɔ t u t u
n n a _ a b ɛ t u t u
n n a _ a k ɔ t u t u
r e m m b ɛ t u t u
r e n n k ɔ t u t u
n n a _ r e m m b ɛ t u t u
n n a _ r e n n k ɔ t u t u
r e b ɛ t u t u
r e k ɔ t u t u
n n a _ r e b ɛ t u t u
n n a _ r e k ɔ t u t u
k ɔ t u t u
b ɛ t u t u e e
k ɔ t u t u e e
m m a _ n n t u t u
n t u t u
n n g y e e
n n a _ n n g y e e
a g y e
n n a _ a g y e
r e n n g y e
n n a _ r e n n g y e
r e g y e
n n a _ r e g y e
b ɛ g y e
r e n n g y e
n n g y e
a n n g y e
g y e
g y e e
m m a _ n n g y e
g y e
n n k ɔ g y e
a m m b ɛ g y e
a m m k ɔ g y e
g y e
m m b ɛ g y e e
n n k ɔ g y e e
n n a _ m m b ɛ g y e e
n n a _ n n k ɔ g y e e
a b ɛ g y e
a k ɔ g y e
n n a _ a b ɛ g y e
n n a _ a k ɔ g y e
r e m m b ɛ g y e
r e n n k ɔ g y e
n n a _ r e m m b ɛ g y e
n n a _ r e n n k ɔ g y e
r e b ɛ g y e
r e k ɔ g y e
n n a _ r e b ɛ g y e
n n a _ r e k ɔ g y e
k ɔ g y e
b ɛ g y e e
k ɔ g y e e
m m a _ n n g y e
n g y e
n n t e _ a s e e
n n a _ n n t e _ a s e e
a t e _ a s e
n n a _ a t e _ a s e
r e n n t e _ a s e
n n a _ r e n n t e _ a s e
r e t e _ a s e
n n a _ r e t e _ a s e
b ɛ t e _ a s e
r e n n t e _ a s e
n n t e _ a s e
a n n t e _ a s e
t e _ a s e
t e _ a s e e
m m a _ n n t e _ a s e
t e _ a s e
n n k ɔ t e _ a s e
a m m b ɛ t e _ a s e
a m m k ɔ t e _ a s e
t e _ a s e
m m b ɛ t e _ a s e e
n n k ɔ t e _ a s e e
n n a _ m m b ɛ t e _ a s e e
n n a _ n n k ɔ t e _ a s e e
a b ɛ t e _ a s e
a k ɔ t e _ a s e
n n a _ a b ɛ t e _ a s e
n n a _ a k ɔ t e _ a s e
r e m m b ɛ t e _ a s e
r e n n k ɔ t e _ a s e
n n a _ r e m m b ɛ t e _ a s e
n n a _ r e n n k ɔ t e _ a s e
r e b ɛ t e _ a s e
r e k ɔ t e _ a s e
n n a _ r e b ɛ t e _ a s e
n n a _ r e k ɔ t e _ a s e
k ɔ t e _ a s e
b ɛ t e _ a s e e
k ɔ t e _ a s e e
m m a _ n n t e _ a s e
n t e _ a s e
n n t e n a e e
n n a _ n n t e n a e e
a t e n a
n n a _ a t e n a
r e n n t e n a
n n a _ r e n n t e n a
r e t e n a
n n a _ r e t e n a
b ɛ t e n a
r e n n t e n a
n n t e n a
a n n t e n a
t e n a
t e n a e e
m m a _ n n t e n a
t e n a
n n k ɔ t e n a
a m m b ɛ t e n a
a m m k ɔ t e n a
t e n a
m m b ɛ t e n a e e
n n k ɔ t e n a e e
n n a _ m m b ɛ t e n a e e
n n a _ n n k ɔ t e n a e e
a b ɛ t e n a
a k ɔ t e n a
n n a _ a b ɛ t e n a
n n a _ a k ɔ t e n a
r e m m b ɛ t e n a
r e n n k ɔ t e n a
n n a _ r e m m b ɛ t e n a
n n a _ r e n n k ɔ t e n a
r e b ɛ t e n a
r e k ɔ t e n a
n n a _ r e b ɛ t e n a
n n a _ r e k ɔ t e n a
k ɔ t e n a
b ɛ t e n a e e
k ɔ t e n a e e
m m a _ n n t e n a
n t e n a
n n s a w e e
n n a _ n n s a w e e
a s a w
n n a _ a s a w
r e n n s a w
n n a _ r e n n s a w
r e s a w
n n a _ r e s a w
b ɛ s a w
r e n n s a w
n n s a w
a n n s a w
s a w
s a w e e
m m a _ n n s a w
s a w
n n k ɔ s a w
a m m b ɛ s a w
a m m k ɔ s a w
s a w
m m b ɛ s a w e e
n n k ɔ s a w e e
n n a _ m m b ɛ s a w e e
n n a _ n n k ɔ s a w e e
a b ɛ s a w
a k ɔ s a w
n n a _ a b ɛ s a w
n n a _ a k ɔ s a w
r e m m b ɛ s a w
r e n n k ɔ s a w
n n a _ r e m m b ɛ s a w
n n a _ r e n n k ɔ s a w
r e b ɛ s a w
r e k ɔ s a w
n n a _ r e b ɛ s a w
n n a _ r e k ɔ s a w
k ɔ s a w
b ɛ s a w e e
k ɔ s a w e e
m m a _ n n s a w
n s a w
n n h o h o r o e e
n n a _ n n h o h o r o e e
a h o h o r o
n n a _ a h o h o r o
r e n n h o h o r o
n n a _ r e n n h o h o r o
r e h o h o r o
n n a _ r e h o h o r o
b ɛ h o h o r o
r e n n h o h o r o
n n h o h o r o
a n n h o h o r o
h o h o r o
h o h o r o e e
m m a _ n n h o h o r o
h o h o r o
n n k ɔ h o h o r o
a m m b ɛ h o h o r o
a m m k ɔ h o h o r o
h o h o r o
m m b ɛ h o h o r o e e
n n k ɔ h o h o r o e e
n n a _ m m b ɛ h o h o r o e e
n n a _ n n k ɔ h o h o r o e e
a b ɛ h o h o r o
a k ɔ h o h o r o
n n a _ a b ɛ h o h o r o
n n a _ a k ɔ h o h o r o
r e m m b ɛ h o h o r o
r e n n k ɔ h o h o r o
n n a _ r e m m b ɛ h o h o r o
n n a _ r e n n k ɔ h o h o r o
r e b ɛ h o h o r o
r e k ɔ h o h o r o
n n a _ r e b ɛ h o h o r o
n n a _ r e k ɔ h o h o r o
k ɔ h o h o r o
b ɛ h o h o r o e e
k ɔ h o h o r o e e
m m a _ n n h o h o r o
n h o h o r o
n n h u a e e
n n a _ n n h u a e e
a h u a
n n a _ a h u a
r e n n h u a
n n a _ r e n n h u a
r e h u a
n n a _ r e h u a
b ɛ h u a
r e n n h u a
n n h u a
a n n h u a
h u a
h u a e e
m m a _ n n h u a
h u a
n n k ɔ h u a
a m m b ɛ h u a
a m m k ɔ h u a
h u a
m m b ɛ h u a e e
n n k ɔ h u a e e
n n a _ m m b ɛ h u a e e
n n a _ n n k ɔ h u a e e
a b ɛ h u a
a k ɔ h u a
n n a _ a b ɛ h u a
n n a _ a k ɔ h u a
r e m m b ɛ h u a
r e n n k ɔ h u a
n n a _ r e m m b ɛ h u a
n n a _ r e n n k ɔ h u a
r e b ɛ h u a
r e k ɔ h u a
n n a _ r e b ɛ h u a
n n a _ r e k ɔ h u a
k ɔ h u a
b ɛ h u a e e
k ɔ h u a e e
m m a _ n n h u a
n h u a
m m b o b ɔ w e e
n n a _ m m b o b ɔ w e e
a b o b ɔ w
n n a _ a b o b ɔ w
r e m m b o b ɔ w
n n a _ r e m m b o b ɔ w
r e b o b ɔ w
n n a _ r e b o b ɔ w
b ɛ b o b ɔ w
r e m m b o b ɔ w
m m b o b ɔ w
a m m b o b ɔ w
b o b ɔ w
b o b ɔ w e e
m m a _ m m b o b ɔ w
b o b ɔ w
n n k ɔ b o b ɔ w
a m m b ɛ b o b ɔ w
a m m k ɔ b o b ɔ w
b o b ɔ w
m m b ɛ b o b ɔ w e e
n n k ɔ b o b ɔ w e e
n n a _ m m b ɛ b o b ɔ w e e
n n a _ n n k ɔ b o b ɔ w e e
a b ɛ b o b ɔ w
a k ɔ b o b ɔ w
n n a _ a b ɛ b o b ɔ w
n n a _ a k ɔ b o b ɔ w
r e m m b ɛ b o b ɔ w
r e n n k ɔ b o b ɔ w
n n a _ r e m m b ɛ b o b ɔ w
n n a _ r e n n k ɔ b o b ɔ w
r e b ɛ b o b ɔ w
r e k ɔ b o b ɔ w
n n a _ r e b ɛ b o b ɔ w
n n a _ r e k ɔ b o b ɔ w
k ɔ b o b ɔ w
b ɛ b o b ɔ w e e
k ɔ b o b ɔ w e e
m m a _ m m b o b ɔ w
m b o b ɔ w
n n g u _ n s u e e
n n a _ n n g u _ n s u e e
a g u _ n s u
n n a _ a g u _ n s u
r e n n g u _ n s u
n n a _ r e n n g u _ n s u
r e g u _ n s u
n n a _ r e g u _ n s u
b ɛ g u _ n s u
r e n n g u _ n s u
n n g u _ n s u
a n n g u _ n s u
g u _ n s u
g u _ n s u e e
m m a _ n n g u _ n s u
g u _ n s u
n n k ɔ g u _ n s u
a m m b ɛ g u _ n s u
a m m k ɔ g u _ n s u
g u _ n s u
m m b ɛ g u _ n s u e e
n n k ɔ g u _ n s u e e
n n a _ m m b ɛ g u _ n s u e e
n n a _ n n k ɔ g u _ n s u e e
a b ɛ g u _ n s u
a k ɔ g u _ n s u
n n a _ a b ɛ g u _ n s u
n n a _ a k ɔ g u _ n s u
r e m m b ɛ g u _ n s u
r e n n k ɔ g u _ n s u
n n a _ r e m m b ɛ g u _ n s u
n n a _ r e n n k ɔ g u _ n s u
r e b ɛ g u _ n s u
r e k ɔ g u _ n s u
n n a _ r e b ɛ g u _ n s u
n n a _ r e k ɔ g u _ n s u
k ɔ g u _ n s u
b ɛ g u _ n s u e e
k ɔ g u _ n s u e e
m m a _ n n g u _ n s u
n g u _ n s u
n n t w e r ɛ w e e
n n a _ n n t w e r ɛ w e e
a t w e r ɛ w
n n a _ a t w e r ɛ w
r e n n t w e r ɛ w
n n a _ r e n n t w e r ɛ w
r e t w e r ɛ w
n n a _ r e t w e r ɛ w
b ɛ t w e r ɛ w
r e n n t w e r ɛ w
n n t w e r ɛ w
a n n t w e r ɛ w
t w e r ɛ w
t w e r ɛ w e e
m m a _ n n t w e r ɛ w
t w e r ɛ w
n n k ɔ t w e r ɛ w
a m m b ɛ t w e r ɛ w
a m m k ɔ t w e r ɛ w
t w e r ɛ w
m m b ɛ t w e r ɛ w e e
n n k ɔ t w e r ɛ w e e
n n a _ m m b ɛ t w e r ɛ w e e
n n a _ n n k ɔ t w e r ɛ w e e
a b ɛ t w e r ɛ w
a k ɔ t w e r ɛ w
n n a _ a b ɛ t w e r ɛ w
n n a _ a k ɔ t w e r ɛ w
r e m m b ɛ t w e r ɛ w
r e n n k ɔ t w e r ɛ w
n n a _ r e m m b ɛ t w e r ɛ w
n n a _ r e n n k ɔ t w e r ɛ w
r e b ɛ t w e r ɛ w
r e k ɔ t w e r ɛ w
n n a _ r e b ɛ t w e r ɛ w
n n a _ r e k ɔ t w e r ɛ w
k ɔ t w e r ɛ w
b ɛ t w e r ɛ w e e
k ɔ t w e r ɛ w e e
m m a _ n n t w e r ɛ w
n t w e r ɛ w
m m b i s a e e
n n a _ m m b i s a e e
a b i s a
n n a _ a b i s a
r e m m b i s a
n n a _ r e m m b i s a
r e b i s a
n n a _ r e b i s a
b ɛ b i s a
r e m m b i s a
m m b i s a
a m m b i s a
b i s a
b i s a e e
m m a _ m m b i s a
b i s a
n n k ɔ b i s a
a m m b ɛ b i s a
a m m k ɔ b i s a
b i s a
m m b ɛ b i s a e e
n n k ɔ b i s a e e
n n a _ m m b ɛ b i s a e e
n n a _ n n k ɔ b i s a e e
a b ɛ b i s a
a k ɔ b i s a
n n a _ a b ɛ b i s a
n n a _ a k ɔ b i s a
r e m m b ɛ b i s a
r e n n k ɔ b i s a
n n a _ r e m m b ɛ b i s a
n n a _ r e n n k ɔ b i s a
r e b ɛ b i s a
r e k ɔ b i s a
n n a _ r e b ɛ b i s a
n n a _ r e k ɔ b i s a
k ɔ b i s a
b ɛ b i s a e e
k ɔ b i s a e e
m m a _ m m b i s a
m b i s a
m m f o w e e
n n a _ m m f o w e e
a f o w
n n a _ a f o w
r e m m f o w
n n a _ r e m m f o w
r e f o w
n n a _ r e f o w
b ɛ f o w
r e m m f o w
m m f o w
a m m f o w
f o w
f o w e e
m m a _ m m f o w
f o w
n n k ɔ f o w
a m m b ɛ f o w
a m m k ɔ f o w
f o w
m m b ɛ f o w e e
n n k ɔ f o w e e
n n a _ m m b ɛ f o w e e
n n a _ n n k ɔ f o w e e
a b ɛ f o w
a k ɔ f o w
n n a _ a b ɛ f o w
n n a _ a k ɔ f o w
r e m m b ɛ f o w
r e n n k ɔ f o w
n n a _ r e m m b ɛ f o w
n n a _ r e n n k ɔ f o w
r e b ɛ f o w
r e k ɔ f o w
n n a _ r e b ɛ f o w
n n a _ r e k ɔ f o w
k ɔ f o w
b ɛ f o w e e
k ɔ f o w e e
m m a _ m m f o w
m f o w
n n y ɛ e e
n n a _ n n y ɛ e e
a y ɛ
n n a _ a y ɛ
r e n n y ɛ
n n a _ r e n n y ɛ
r e y ɛ
n n a _ r e y ɛ
b ɛ y ɛ
r e n n y ɛ
n n y ɛ
a n n y ɛ
y ɛ
y ɛ e e
m m a _ n n y ɛ
y ɛ
n n k ɔ y ɛ
a m m b ɛ y ɛ
a m m k ɔ y ɛ
y ɛ
m m b ɛ y ɛ e e
n n k ɔ y ɛ e e
n n a _ m m b ɛ y ɛ e e
n n a _ n n k ɔ y ɛ e e
a b ɛ y ɛ
a k ɔ y ɛ
n n a _ a b ɛ y ɛ
n n a _ a k ɔ y ɛ
r e m m b ɛ y ɛ
r e n n k ɔ y ɛ
n n a _ r e m m b ɛ y ɛ
n n a _ r e n n k ɔ y ɛ
r e b ɛ y ɛ
r e k ɔ y ɛ
n n a _ r e b ɛ y ɛ
n n a _ r e k ɔ y ɛ
k ɔ y ɛ
b ɛ y ɛ e e
k ɔ y ɛ e e
m m a _ n n y ɛ
n y ɛ
n n g u a r e e
n n a _ n n g u a r e e
a g u a r e
n n a _ a g u a r e
r e n n g u a r e
n n a _ r e n n g u a r e
r e g u a r e
n n a _ r e g u a r e
b ɛ g u a r e
r e n n g u a r e
n n g u a r e
a n n g u a r e
g u a r e
g u a r e e
m m a _ n n g u a r e
g u a r e
n n k ɔ g u a r e
a m m b ɛ g u a r e
a m m k ɔ g u a r e
g u a r e
m m b ɛ g u a r e e
n n k ɔ g u a r e e
n n a _ m m b ɛ g u a r e e
n n a _ n n k ɔ g u a r e e
a b ɛ g u a r e
a k ɔ g u a r e
n n a _ a b ɛ g u a r e
n n a _ a k ɔ g u a r e
r e m m b ɛ g u a r e
r e n n k ɔ g u a r e
n n a _ r e m m b ɛ g u a r e
n n a _ r e n n k ɔ g u a r e
r e b ɛ g u a r e
r e k ɔ g u a r e
n n a _ r e b ɛ g u a r e
n n a _ r e k ɔ g u a r e
k ɔ g u a r e
b ɛ g u a r e e
k ɔ g u a r e e
m m a _ n n g u a r e
n g u a r e
n n n y i m e e
n n a _ n n n y i m e e
a n y i m
n n a _ a n y i m
r e n n n y i m
n n a _ r e n n n y i m
r e n y i m
n n a _ r e n y i m
b ɛ n y i m
r e n n n y i m
n n n y i m
a n n n y i m
n y i m
n y i m e e
m m a _ n n n y i m
n y i m
n n k ɔ n y i m
a m m b ɛ n y i m
a m m k ɔ n y i m
n y i m
m m b ɛ n y i m e e
n n k ɔ n y i m e e
n n a _ m m b ɛ n y i m e e
n n a _ n n k ɔ n y i m e e
a b ɛ n y i m
a k ɔ n y i m
n n a _ a b ɛ n y i m
n n a _ a k ɔ n y i m
r e m m b ɛ n y i m
r e n n k ɔ n y i m
n n a _ r e m m b ɛ n y i m
n n a _ r e n n k ɔ n y i m
r e b ɛ n y i m
r e k ɔ n y i m
n n a _ r e b ɛ n y i m
n n a _ r e k ɔ n y i m
k ɔ n y i m
b ɛ n y i m e e
k ɔ n y i m e e
m m a _ n n n y i m
n n y i m
m m p ɛ e e
n n a _ m m p ɛ e e
a p ɛ
n n a _ a p ɛ
r e m m p ɛ
n n a _ r e m m p ɛ
r e p ɛ
n n a _ r e p ɛ
b ɛ p ɛ
r e m m p ɛ
m m p ɛ
a m m p ɛ
p ɛ
p ɛ e e
m m a _ m m p ɛ
p ɛ
n n k ɔ p ɛ
a m m b ɛ p ɛ
a m m k ɔ p ɛ
p ɛ
m m b ɛ p ɛ e e
n n k ɔ p ɛ e e
n n a _ m m b ɛ p ɛ e e
n n a _ n n k ɔ p ɛ e e
a b ɛ p ɛ
a k ɔ p ɛ
n n a _ a b ɛ p ɛ
n n a _ a k ɔ p ɛ
r e m m b ɛ p ɛ
r e n n k ɔ p ɛ
n n a _ r e m m b ɛ p ɛ
n n a _ r e n n k ɔ p ɛ
r e b ɛ p ɛ
r e k ɔ p ɛ
n n a _ r e b ɛ p ɛ
n n a _ r e k ɔ p ɛ
k ɔ p ɛ
b ɛ p ɛ e e
k ɔ p ɛ e e
m m a _ m m p ɛ
m p ɛ
n n d a e e
n n a _ n n d a e e
a d a
n n a _ a d a
r e n n d a
n n a _ r e n n d a
r e d a
n n a _ r e d a
b ɛ d a
r e n n d a
n n d a
a n n d a
d a
d a e e
m m a _ n n d a
d a
n n k ɔ d a
a m m b ɛ d a
a m m k ɔ d a
d a
m m b ɛ d a e e
n n k ɔ d a e e
n n a _ m m b ɛ d a e e
n n a _ n n k ɔ d a e e
a b ɛ d a
a k ɔ d a
n n a _ a b ɛ d a
n n a _ a k ɔ d a
r e m m b ɛ d a
r e n n k ɔ d a
n n a _ r e m m b ɛ d a
n n a _ r e n n k ɔ d a
r e b ɛ d a
r e k ɔ d a
n n a _ r e b ɛ d a
n n a _ r e k ɔ d a
k ɔ d a
b ɛ d a e e
k ɔ d a e e
m m a _ n n d a
n d a
a b ɛ u ɛ h i e
a h u h u a m k ɔ u
ɛ w i n n y
n w o r e k n y e r
ɛ p ɛ e o r o e b ɛ t _
_ a b r
ɛ f r _ r e n r e s _ r e n g
b ɛ n u _ n u
a k ɔ u f r ɔ d
ɔ b o e h r e n
e k ɔ i n g y r o e ɛ h u ɔ w o b ɛ h ɛ
ɛ f r n n h h m b o o
m p ɛ e ɛ s o
e k ɔ o ɛ h u t ɔ k e k
ɛ m e o r o e ɛ d a e r e k e
ɔ t e a ɛ s o e s i t u t ɛ m s o
b i ɔ n a t a n n h o
b a e n h o a d w m ɛ h y _
_ a k d
n n w s ɛ r e k ɔ b s a t e r e b h
m m b g
r i e n i m n t e e
k ɔ g e n k o n y ɛ a
ɛ b o b ɛ h ɛ a n n y e h i ɔ y e k ɔ o
s o a k y . . k ɔ y w
t ɔ _ n n k d a b i
k ɔ s p i
b ɛ f w ɛ s u a
i w e t a r e b ɛ m n
ɛ b e h w h n n t n
e k a ɔ n m m a e
e g u n
f r
k ɔ n n _ . . m k a e
m m i e r e k e _ a b m r e t t
k ɔ w s ɔ h a s o _ a t a r e m p
a _ r t
a g y r e b b n h u t
a _ r s r e s _ s a i e k y e e
o s o b ɔ e a h u t a _ m b ɔ w o ɔ g u
m m f
n n k f k e n a _ a b _
a b ɛ a r e y _ ɔ t a e
n k r e k k ɔ s a e
a m m u f r ɛ o e
n g u n ɛ t ɔ n r e b b ɔ y i
e w e
a _ n g a s a m a _ m e k a u u _ n
o h o
k ɔ m n
a d a
ɔ h y s e n
_ a k d
_ r e r a _ n t
o w
ɔ s o r h u e ɔ p i n o m
ɛ k y r e b u k ɔ g ɛ f d i _ k _ a m a
m b ɔ m a n a
a m u e ɛ y e e h i _ d ɛ _ a
. . _ u
r e s a k a n n y n n d _
r e k h a n n u t o ɛ w
e t n n s n p i a
a b ɔ m _ r n a _ e
a t a n n a m b a
m m b y ɛ b ɔ m ɛ k y r e b h
n g u r e g u ɔ h w h ɔ s a
r e y w h o w _ . _
ɔ k ɔ p a ɔ n o _ a b r f r
a _ a e b ɛ y w
ɛ d a a y ɛ _ d a n y m
o _ d e a b ɛ u t u e m m e r ɛ w e
n s a u _ n n ɛ ɛ h y n n n m
a p ɛ
r e m b n n a m k ɔ h b ɛ t w k ɔ k k
ɛ g y
_ a b _ k u
t w e n
r e b k ɔ h w e
k ɔ d e h y ɛ
n n y m k ɔ o ɛ s e k ɔ ɔ n s i e
r e n
n k o ɛ p e k ɔ ɔ
ɔ b o o
n n g e _ n k a s o r m p i e ɔ p i e
_ m m ɛ n n k s
r e m n r e h h b ɛ k k
k ɔ h ɛ w o r e k p
m k ɔ o a d w
a p ɔ k u . . _ u a k ɔ ɛ ɔ b o ɛ p ɛ e
ɔ k u e a d a a ɔ w e
r ɛ w ɔ s o r
w ɛ m f o e e g u
a k e k ɔ t a _ m
a _ n g ɛ w o m b ɛ a k ɔ p e m m b d
b i b ɛ w s i s a
a k a u a n m b ɛ h u n a _ a i e k ɔ i
k ɔ b _ e s o d . . a t _ a y w n a _ g
ɔ f b ɛ g _ k ɔ t r b u ɔ m e _ . .
a k u ɔ g y e ɔ n o e
a p ɔ b o k ɔ w ɔ y i e a k ɔ y
e b ɔ m m u i m r e f r e t n n a _ o _ d e
m m b g r e e
e k ɔ e b ɛ s m
n t i ɛ s a e
ɔ _ n o _ r e e r e . _
n n k m
_ a b g
b ɛ t ɛ h u t e b ɛ i
ɔ n y
s o ɛ e p a e e r e w s a m e
g u a e k ɔ k d i _ k n y e t ɔ n a _ a r
b ɛ n i ɛ h i e
r e b t y ɛ e m m k k
b ɔ w e a t e a
m b a ɛ k e k ɛ b a
e g e _ a _ a k e r e e m a o w e
a _ r w
ɛ m m k ɔ e ɔ h u _ a s n
ɛ k e m k ɔ ɛ
y e r ɛ e f
m b ɛ ɔ ɔ b o o
a g u e h i n n d ɛ s ɔ h y _ r e k y
m k ɔ r _ a b _ a n e ɔ b ɔ m n n a r
k ɔ k r e f w a s a n s a u n n y m
_ r e i u e e
h u _ a b h n s a e a f r ɔ b a e
k e e t e
a n y e s u a a y
m e n e m e e _ a g a
k ɔ g _ n a _ k ɔ m a _ a n _ m m i
n n k i
t w e ɛ r e g _
o s e f o ɔ m e n n o b ɛ t t
ɛ w o
e k ɔ y w e r w ɔ d a e ɔ p ɛ e
t o g u a e n n g _
e b o i m _ a b b ɛ b ɔ n m k ɔ a
ɔ t w r s a e e m a
w _ ɔ t u u m k a n n u p i e s e s
b ɛ w s k ɔ h n
f o w
i e k ɔ b r ɛ h o o
w e h ɛ n n a a n a _ r e n a d a a e b
m b ɛ r n i m m m b s
h u a e ɛ p i e
r e f w
o b e w i a k ɔ ɔ m b ɛ o b o b ɔ h u n
ɔ s o r _ n n ɛ
p i a e a t u _ a n m n n g y e e b o o
n g u n _ m m i n n h
k ɔ p r e b t r e y w e m e e ɛ w i e
r e b e a m u _ r e ɔ a k ɔ ɔ n a _ g
ɛ w ɔ s i h o r e
k a m ɛ _ a _ n n a a n y m _ a s m
r e b e n a _ b a b n t w
k ɔ m e _ n k e n n h h
ɔ t a a _ a y r e k t n n h a e t e m b ɛ ɛ
r e n d
r e f ɛ n k ɔ w ɛ g u e g u
ɛ n o e _ a b r a _ m b ɔ k e k ɛ n n s i e
m m k b a b o o
ɛ m i a y i
b ɛ y w ɔ y i a
n n g a e b o ɔ g u _
r e k i r e n s
m m k s t o w b ɛ h ɛ a d w m
m m f r t u t k ɔ h ɛ m m f ɛ m m b h
n n t e y i _ y
e n n y m m b b n y i a
s u e s i w n n h n m b ɛ i ɛ b i
k ɔ n
m m k y e n n i
m p a e w i e h w h n a _ g
e w o _ a y w
w _ . m p a e g y e k ɔ t _ b ɛ g a n n k m
n e e w o s m k ɔ y
s a w e a t o
a g u e b ɛ y
n n a ɔ s e s ɔ g u e w e n a e u m
ɔ m i e ɔ h y _
ɔ f r e s u m e
_ a w e
m u e _ a k y n e ɔ g y m m a n ɛ f o
n h o e m
n t e k ɔ t _ b u e r e m n
t w e ɛ ɔ t a
n t w r n t u ɔ d y ɛ m m m
m k ɔ u t w e ɛ k ɔ p e b ɛ b b ɔ k ɔ e
a s o o _ d r e b m r e n h t a r e
r e k f
ɔ n o e n k o e n n y e ɔ s e
d w u ɔ b u e b o e s a
ɛ w i m m b s n a _ y n k a e
ɛ h u t k ɔ t a
a s o r r e b d
r e n g e b ɛ ɔ
n k y _ a b s i r i e
n a _ p k a e
ɛ m e e ɛ _ a w
k e n
r e k i m m k m ɔ h w
m a e y e e r e s e m m r a k ɔ i
m m f w a _ r y ɛ t e e ɛ f o
n n k w s a b ɛ w e a n n y
m m p ɛ _ a
e r ɛ m i a e g y e ɔ n y t ɔ n e y a _ r d
a _ n y ɔ f r
ɛ y i e _ d m b ɛ r ɔ g n a e a b ɛ o
m b ɛ ɔ o b ɛ y i a ɔ y e e a n n ɛ
e k ɔ a ɔ f o m k m m k y
f r ɔ y i k ɔ b s d i a n n ɔ
e b o ɔ ɔ g y e
m e b ɛ s ɛ r e t e r e b w a d a a
ɛ w i ɛ p i n t o b ɔ _ n a n e n k o
n h o m b i a e t w ɔ ɛ _ a b ɔ _ p
e b ɛ i u _ y ɛ e
b ɛ m
a y ɛ a
a k e a r e b h n s o d k u
n k m k ɔ ɛ n d i s o _ a n n g e
r e k t ɔ k e k e r ɛ e r e
m b ɛ ɛ
b ɛ d ɛ h e k a u ɔ h i e
_ r e a r ɛ _ n s m m e e r e s _
_ a k b y e w e a _ m m
m e e _ m ɔ b i e m m a ɔ t e a
ɛ y i
b ɛ n n a b ɛ e
e d i n _ . n t o p a e e s i . . _ u
ɛ d i m b o r e h e ɔ n e o h n s o
e b i b ɛ h e h w e
f r ɛ y i r e i r n k y r ɔ f o
n h i e a w i m m i m i a . . . _
ɔ _ ɔ s a e
m b ɛ y a _ a y r e t w b ɛ n m
n n k w ɔ h y _ ɛ b a e o m m b a r e b t
ɔ t o e ɛ k h u n i n k e a
r e s m n g u n
m m b p n n s w a y n s o r g u a n n g _
ɔ h _ a b f
e k ɔ a u e ɛ e e _ m m a
b ɛ s ɛ e k ɔ i s i w e e y ɛ a n k e k
a _ a ɛ
u _ k ɔ n n n s e m m k s ɛ t a e ɔ s u
_ a b w n d i n a w o ɔ y e e o h
ɔ s r o e e g m k ɔ y ɛ b ɔ m k ɔ d _
n t o e r e b n
e d i ɔ m n n s ɛ o s o t o w .
_ . . m n n k g d a e b ɛ r a d w m
b ɛ n m ɛ h u a d a b i s a d i n m a
n a a _ r t e b ɛ u _ a g _ a _ r g
r e b h
r e d a m m _ a h h _ r e ɛ a b ɛ e a s a
m m e ɔ h ɔ h o n n o e k ɔ s ɛ k e
n k o i
_ r e i
a t ɔ n e r ɛ e
a _ a y w e ɔ k ɔ s
ɛ t w e k ɔ p e ɛ w i t ɔ _ k n s e
k ɔ t t
ɔ k e k ɛ b ɔ ɔ g u r
k ɔ y _ y ɛ w n n k f k ɔ t n
a _ a y ɛ _ a _ a h ɛ ɔ n a t
. _ m e b ɛ t n
n i b ɔ
a k n n a k ɔ t a r e s ɛ n a t m b ɔ m
m a _ m m m e
a k e k ɔ k a e
e y ɔ m r o e n d i b ɛ h e b ɛ w
a _ r a b ɛ r n d a e n k o i
_ a b f r e b
s a m b ɛ t k y i
ɛ t e e b ɛ e b a e _ a e k ɔ m n
i s a ɔ d i ɛ t w ɔ
_ a h s u
e h u e h w e n o i m e b ɛ f ɛ m m k p
n y e e d a a
r e e
s a e ɔ b u e
n a _ w b a e
n s o r
_ a b d ɛ b a e m f r m m i ɛ _ r e h a
o e e ɔ b i a p i
n a y ɛ _ s m b o ɔ n n d
. . _ u n k ɔ u e m m ɔ r e b m m m k
n k o i e h y _ e ɛ r e t a t w a e
r e b _ e n n a ɛ m i e
b ɛ p a e m m u ɛ k y . _ m ɔ t u
y e r ɛ
d i n h u t b ɛ t t
e p b ɛ g e g u _ ɔ b i a
ɔ n ɔ p ɛ e a h y _
k ɔ h r e p a t a f o w e e w i
a b ɛ o _ d a k ɔ s ɛ b ɛ s _ ɔ b ɔ m
a f
a n n k o i n d a k ɔ t a m b ɛ a e b ɛ ɔ
n t u e s i
i m k ɔ t a ɛ s a e e b o ɔ _ a b _
e _ a a b u e y e ɔ y i a w a
_ n n ɛ a m e e
e _ a e t a e k ɔ e
ɔ k e k ɔ w s n a _ k _ n s w ɛ e
r e n m b ɛ d n g a b ɛ y e ɛ w e
m m f ɛ
n t s a w e ɔ b o ɔ e ɛ w e u a n e
ɔ k e n s m m p a e n o ɛ p
a _ r t b ɔ ɔ t _ m m i n t ɔ
k y i i e n
ɔ h e ɔ n b ɛ n m . _ m e
s u e w ɛ e r ɛ i _ n
n h i e ɛ t e a
a y k ɔ h e w u m e
s u m ɛ h i a _ m p w e r w r e m p
h u e ɔ b o o
ɔ n o e r e k m e ɔ _ a n m b ɛ w e
ɔ g b ɔ w e _ a b s e f o h
b ɛ g a ɔ s e f o r e f w
ɔ g u n _ r e u _ r e m
ɔ p r e n s n a _
m m b m
y i m b ɔ m n a a _ r y e y ɛ p ɛ t ɔ n
_ a m n
n n y w m m p a p y ɛ _ d k o n
s a e k ɔ s _ n s m e g u n a _ m k ɔ s ɛ
d a _ n a _ t i _ a b i
_ . _ a k f
e k ɔ e n s e s
m m b r a y ɛ e m m a n
b ɛ b b r e t e
u a r e
ɔ t e n n k t r e m f _ a g e
_ a s w _ a s _
e n o e b ɛ y a t o _ r e m p ɛ y i a n n e
e n k n e _ a
e k b ɛ d _ b a n k ɔ i o b b ɛ p n s a e
ɔ s i e a k ɔ r r e g e e y ɛ a a w o
ɛ w i e
_ a k e
e m e ɔ w e b ɛ h h
ɛ n o i e a t u u ɔ m e
b ɛ b _ _ a g a ɔ h y _ a t u u a _ n
s i n t ɔ n
ɔ n a t u n t _ a k p h u n e y i
n n t a k ɔ s ɔ f
n t o e a k ɔ u ɛ h u
m e e a s m m m a
n n o m b u o b ɔ e n n k e
w e e r e b n t ɔ _ k
b o r b ɛ b a _ n n b ɛ p ɛ h w e k ɔ k
r o e m k ɔ w
n d a a a n n a f o w e t u t e
a k ɔ e m m e n s i k ɔ y
a b o ɔ
ɛ b u e ɔ m a e ɔ g u
a h o o b ɛ h _ . . m m m b y
y i r e k ɔ n
ɛ y . _ m e _ a b o b
ɛ k e a i _ a a t a e h u a e
a t e a m k ɔ y a s e s ɛ t e m m b g
k ɔ t _ e n n w u a ɔ _ n o
m m b e n n g a _ a s m
n k ɔ a y ɛ ɛ t e a k ɔ p
ɔ m i e m m e e
a f
m a _ t a r e r e k f ɔ y i e i _ a
r e s ɛ b ɛ s m k ɔ t ɔ b ɔ
n n t _
k u e a n n y
ɛ y m b u e
a _ r n _ a y ɛ t o _ _ m m a ɔ s o
e d i n m b ɛ r k o
ɔ p _ a m n ɛ h i e r e n g a t a n s o
_ a w n k ɔ o a _ m p ɔ d a e n k e a
ɔ s i e a t w m e b ɛ y _ b ɛ b e
ɛ m a n s e s r e n t
_ a f
e n n ɔ m f r e e b ɛ u
_ r e i ɛ s o r k e a n ɔ g u m k ɔ r
b o b n n k g ɛ s e s n w o
r e h h
m k ɔ y a t w ɔ
r e f w . . a _ r g e k u
a s e n k e k a _ n t n s a i r i e a b ɔ n
_ a b w
ɛ e e
a d a
e m m a m m o k ɔ t _ g y e e n s
a w i n e e n n t
e y e n n n m b ɔ w _ r e n
y i m g u _ s r e b d m k ɔ w a g u
ɛ k y r n n h n e b ɛ ɛ m b a e
r e w s ɛ m ɔ g m m b d
r e k h ɛ g u n a n a t
ɔ k a n n k f ɛ h o m m k p
_ a w s m m k p ɔ h o b ɛ w e a _ r w
s a n e m m m a m b ɛ e n y ɛ e
a y ɛ a a n a n n w _ a s ɛ a s e s
n n a t ɔ g y a h u a k ɛ b u
t a ɛ d t u t e e s e s e ɛ w e
m b i ɔ y i e
p i a e a _ a o
k u e a b o ɔ _ a b y n n n m k ɔ w s
y i r a _ r m r e m
ɔ t ɔ n ɔ b a n a _ b a _ r n
ɛ s o r _ n k e
a b ɛ u a _ a a ɛ m i
ɛ t a e k a m m m b w
_ a s ɛ n n k u e e t u u u m a f r ɛ
r e i a n n k t s e n e
n h o ɔ y w e ɔ e
b ɛ w e n s a e n g u r ɔ n y
b ɛ h h g u a e ɛ d i n
b ɛ k n i s a e h i e n n u _ a t
n n y
n n r e k h ɛ k e a t w e ɛ r e b s
h o r e ɔ d i n ɛ s o d e p ɛ o r o e
a y t e w s o w e e k u
n k ɔ e d w u a a _ m b e k ɔ i a t a e
e n a e ɛ t w e n n k n e n s n n y
s a n e k y i n n k y
ɔ b u ɛ s u
_ a k b n n d _ f o w e _ a k k
n k ɔ u
m b a r e n ɔ h i e g n o m e r e b d
i e n n k n k ɔ w s
n n h ɛ ɔ d a e e b o w e r k a n
s e e
ɛ y ɛ e n n u t u b u n s o
k a n ɔ b o k ɔ s ɛ a _ a i
_ n n ɛ a t w ɔ ɛ s ɔ b a r o
n t w e b ɛ n m n a _ ɛ p i _ a h h
m m f ɛ e b ɛ o
k ɔ s _
e y i a a _ r n r e m m
ɔ n r e m m
e n n e d w u _ a d
a _ r p
m m k y a _ r e p ɛ
s o _ a . _ m ɛ h u t
ɔ h u n
w ɛ a m e e n t ɔ n
ɔ k y ɛ y r e n i
m p i e n a _ d h y ɛ a
_ d a e e p i
k ɔ b r m m f ɛ a _ a b ɛ y _ n s u e
ɛ f o e
m e n n g u n _ m m u _ n s m ɔ y ɛ e
_ a f ɛ ɔ b u _ a w k ɔ t e
b ɛ y w _ . . m
ɔ e e ɔ h i r e ɛ e b ɛ t a
n s i e m m b g _ r e ɛ
u a n s e i e ɛ w o o y e e k ɔ y _ b ɛ k i
e k ɔ r e n n y e g _ a n i p i a e
e t e a h w ɛ e u n ɔ p i
w ɛ e
_ a w s ɔ f o
n s o d
e ɔ n e d a a n t o _ _ d a _ r e i
e t e a ɔ f r e t w _ a s w
a y ɛ e m k ɔ r ɔ _ m m e m m m
b ɛ s ɔ b i ɛ k ɔ ɔ s i e ɔ e e f o w e
k ɔ s ɛ n d a ɔ _ n k ɔ h a
_ a k e t u e k o
n a _ h e b ɛ h w a _ r y s o _ a s n
r e g _
_ a h e _ n s e a g y n h k ɔ b r ɔ s u
e e m k ɔ e k ɔ r m k ɔ u t w e n
a _ n d n g u n ɔ s a
n n _ r e i
k e n e k y r n y ɛ a
h u n a s u a o h o o e m m r
_ a b e ɔ s e s
_ a y w h w b ɔ _ e k ɔ e
p i a e
t o w e m b ɛ a
n w i e ɛ m e
ɔ p ɛ e
ɛ s o d ɔ m i e r e b b o w
e m m a
_ n n e r e t _
e b ɔ m b o _ a k p b ɛ s m
_ r e a ɛ w ɛ p i a f o a b ɛ i ɔ m i e
m p ɛ ɛ y i e n a _ t w e h
ɔ k a e
a t ɔ n r e b e
b ɛ n i
b ɛ b _ m a m m a m
a n y ɔ m e . . h u a a k y
m m f ɛ d h i a b ɛ t a n n k g
_ a k s ɛ n o ɛ k u r e y _ ɛ b a e
t ɔ n e ɔ k a e k ɔ p i s a e
a k ɔ r e g e k ɔ g e
n t i e b ɛ k k _ a g _
_ m p e n a _ p
m m b e b ɔ w _ a k e n n h e a b ɛ u
u m a e a d w _ r e n e m m u _ n u
e ɔ n e a s e s a y e ɔ s a e
ɛ k e k ɛ h u
b ɛ k i i r i e a b ɛ u
a _ m b m p ɛ k ɔ t f o
n e e r e b f
e n y n n y y i _ y ɔ y ɛ a
b ɛ s n e y n i m e r e g _ k ɔ k i
u n t e m b u
e k r e g n d a _ n g y i ɛ d a a ɔ m e
n n k w _ a t a n n k f
t w a e a m e e
_ a s n e t ɔ n _ a k b
_ a s ɛ o n i e r e y ɛ h i e
m p a k ɔ
y ɛ w ɔ g u r ɔ f o o b ɔ y i _
ɔ g e h y a _ r w
n w o o p ɛ e m k ɔ i ɔ p i o _ d e k ɔ y e
m k ɔ u m m k g a k ɔ w
k ɔ k i _ a t a ɔ y ɛ e
_ n n a _ a p a k ɔ k n
a b ɛ u s o _ _ a t w r e f w
ɔ h y _ w e h ɛ
ɔ s i ɔ s e b ɛ w s b i s e
a s o r k y e ɛ m a _ e ɔ n a _ m p
ɔ b a _ a k n k e k ɛ p a s e s
e b ɛ e
ɛ b u e ɛ b o ɔ
b ɛ b ɔ f r e ɔ e e n n y e m m k n n t t
r e k g e ɔ n e a n n ɛ g u n
n a _ p r o e ɔ m e
i _ n o
r e k p _ r e ɛ b a e u t u e n n h ɛ
r i e b ɛ w e ɔ t a e
e ɛ _ n k n ɔ d n s u
ɛ t w ɔ m m f ɛ ɛ t w ɔ m e e
n a _ f n s u o b ɔ e p i a
_ n b ɛ y _ t e n m m a
k y ɔ k u ɛ g u n s ɔ y ɛ e r e t e
n k e a ɛ _
b ɛ k b ɛ d _ e t e ɔ m a e _ a b s n n t r
k ɔ t n k ɔ a e t a
m b ɛ o a k ɔ w n n t w ɔ f r e
e m e e r e k g e s e s
_ a k k
_ n n i
r e t _ _ . .
r e k f n n s r ɛ w e _ r a h u n ɛ h y _
k ɔ p e n a _ k ɔ t ɔ ɔ g u r
e _ a ɛ k e k _ r e n n h y _ n n k y
k ɔ d _ a k m s u e r e t w
o w e _ a b b a e a r e a h y
b ɛ s w r e s ɛ
n n t t ɔ y i a m a _
b ɛ y _ n k e k y
n h w h e h o o e k e a t e w e
u a e n n s w k ɔ k k
y i e
k ɔ p e ɛ t ɔ n n a a ɛ s o k ɔ k n g u r
m m m e
a k ɔ u t w e
ɛ b a
s a
k a n s o ɛ n n n t a ɛ y ɛ e
u e e n s u e y i r _ a k s
a _ m p ɛ h w
e m m u m m k k ɔ n a t o b ɔ e
ɔ _ n a n n k f
ɛ m a e
a t e a ɛ d a a
s a n e b ɛ r m k ɛ t e a _ n n i
b ɛ t _ b ɛ f w
b ɛ s m
a h i
a b o ɛ g y e m p ɛ e
b ɛ d e ɔ t w e r e t r
ɛ k y r m m k t n t o e _ m m ɛ _ a n
w e h
i a e h w n d a a e g u r
a m m e ɔ k r ɛ w n n k e a _ n t
n w m m i e t w e
ɛ s a n k ɔ m m p
n s a e n w g u e r e w i w e n d a e
ɛ y e n y ɛ a y ɛ e e b ɔ ɔ p i
ɛ h y _
e s o d
e n i _ n o o b ɔ
m b ɛ i a m m ɛ ɛ d i n
n n k t _ a b s w ɛ e n n y m a s u
a _ m m
b ɛ n n n t
m b ɔ m m k ɔ w n a n e e d a
n n s ɛ e h u n
a m m r ɛ h y _ y ɛ w e
s a ɛ b o o e f m b o n a _ m
_ a d u _ n s a k ɔ i r e ɛ e y e ɔ b o
ɔ m e o h o n t e e
_ n n e ɛ e b ɛ s
n n t r s a n t a n y ɛ a m i a e
e b a ɔ b r e d
y e r ɛ ɔ n a t m a t a r
u _ r e b g r e n t
b ɛ k i _ a b b r e k e
e t ɔ n ɛ w e b ɛ k i a h w h
_ n n n n k w
u m k ɔ e a r e n n t e b ɛ b _ ɔ _ n a
u t u e y e r ɛ
a b i a
t ɔ n e e b ɛ y
o r o e s o ɛ e g u a
k ɔ b a h u t p a e
b ɛ s m i m e u _ n u ɔ b i a
t o w e o r o e e t w a k ɔ ɛ
ɔ y e e k o n ɛ r o r o b ɛ k
ɛ t ɔ e n h o ɛ s o d a n y ɛ t ɔ e
b o r e e m i
e b ɛ i
o b ɔ e r ɛ w m a _ m ɔ t w e
a _ n y n a _ n n k m m p e
ɛ y ɛ ɛ s a e r e m m e m m ɔ
m k ɔ u n n g e ɔ b o ɔ m m k t
ɛ f b ɛ
e m m a s o _ a h o e p ɛ h y ɛ k ɔ p a
ɔ n ɛ f a e e a y ɛ e
_ a m a ɔ b o o n a e b u n g u n
n a e u _ n ɔ s i _ a b h ɛ s ɛ h y
m b ɛ a
_ a f w r e n k
r e s m a g u n k ɔ m n ɛ n
n t u e n e
n h u e ɔ n o g u _ r e ɔ
a b ɛ r
ɛ y ɛ e e n a e n t ɔ e m m m a
ɛ t ɔ e a f r _ a n m n n w h u e ɛ k u
n n a n a _ r d
s i w h y b ɛ s m
i s n h y _ a n t ɔ g u n t ɔ e a n e
_ n ɔ g y n g _ a b e
_ a s m n g y n a _ y s a m e
h u n n n k y o r o e ɔ m a r e b f
o s o e a t u e s
m i m m k n k o e a f r
n n t t w k ɔ k n r e n g ɔ b u e
_ m u e m m b w
ɔ k y r a _ a u _ a f w e . _
a _ a r _ n n y ɔ t a
m e n s e
ɔ g u e n n o _ n s m k ɔ y _ a w e
m k ɔ ɔ p ɛ e m m k f
ɔ y i a e b a h o h r k ɔ b e ɔ k u e
e k _ a b
k ɔ f n g u k ɔ b r i r b ɛ h e
ɛ t w ɔ f r ɛ e a _ r k a k
ɔ m i e _ n k n n k b u m a
d a e t o w e a f r
m p a k y r _ a k s a s a
ɔ h w e ɛ m i e n n o ɛ e e a h w h
ɔ b o ɔ e g s o ɛ
r e n k u e e k o e ɔ t ɔ n r e y w
_ a k n m m b n
n n g _ e n n w n k ɔ ɛ k ɔ s
y ɛ _ d b ɛ w s u n t e
n a _ d a k ɔ e w e ɔ k e n a e m m m k f
n n n n r e k g _ a y _ ɔ n ɔ w o o
ɔ h i _ a m
n a n n h a d i n ɛ y ɛ
ɛ k e ɔ k a e n n a r
_ n k e a k
m i a e n i m e n n k p
n s a b ɛ n n h a n n h ɛ
ɔ b u a b ɛ a m m e b o b w ɛ k u e
m p ɛ n t u u e b o o _ a d
k ɔ s m k ɔ r
e k ɔ y ɛ t a e m k ɔ m m i e h i
ɛ k y r a _ n k ɔ _ m m m i
ɔ d i
r e s ɛ ɔ _ m a n n k e g u r e m m
_ m m ɔ n n g e ɛ m e e
_ a t e _ a g e a n y
n n k h ɔ p i e
s i e k ɛ d a e k ɔ y
r e n w ɔ f o e o ɛ r
n n h h n n g _ e g u n m b ɛ r ɛ s a e
e k ɔ r a m m o ɔ y ɛ n a _ y a m u e
y e e n n y m ɔ g n h u b ɛ k
m a e b ɛ p n n a n
t o w . b ɛ t t _ a f ɛ
p a a k y b ɛ g e a h y _ a k e a r e b w
m a e n n h n y e r e r e b h
ɔ d m m a n _ r e w
n t ɔ n n n n m
n y e
_ a k b a d i n a _ r d
k ɔ d _ b ɛ t r
i s a n n y _ ɛ y ɛ
n n a
a _ m p h i a b ɛ o ɛ t e e
ɛ f o e ɔ k a a _ n d
u t u n y e t w ɔ s u m e _ m m ɔ
ɛ k e k ɔ t _ ɔ p ɛ e n h u n ɛ b ɔ m
n n g a e t e a a t a e
n n y _
b ɛ b e r o k ɔ f w n a _ p b ɛ w s
ɔ p i u n a k ɔ y
o ɛ r e m i a e
i _ n o m b ɛ r a d a ɔ k u
e k ɔ ɔ ɔ h u e m p a e
e n n ɛ y e r r e s m b ɛ n
ɛ b u w o s n n k w ɛ t w r n n s w
n h u t b ɛ t a
a y ɛ n n t r
e b a ɛ r e m p ɛ
p i _ n n u _ a t a _ a k s
a n n i ɛ s i e
k y i i h y ɛ a ɛ s u a
m m m t e _ e h u ɔ m e m e e
ɔ n y m a s b ɛ w s n n s m
m m b r e d i n a g y e f
ɛ t ɔ b ɛ e n ɔ f
r e k g s u m e n n t r
t ɔ _ k s i . . r e m p e ɛ w
ɔ k e a e k e o ɛ s o w e
r e k e y i r s o ɛ
a _ a u g u _ k ɔ y w m m a n
m i a
b ɛ g _
ɔ y b ɛ y e
a _ n g w i e ɛ w o n n y e
m b ɛ ɛ e d i
a b ɛ o a t w
m k ɔ r
i _ a ɛ n i m e n k n m k ɔ i ɛ s a
y i a n a t g u e d t u t e
e y i n n g a _ m u e
k ɔ m a
_ a h a w e r n a _ m ɛ w e
r e h e g u ɔ t a m m b . _ m _ a n n
_ a b t ɔ _ n o n a
k u e e n k a k u ɛ t e e
h u e a _ r p e p ɛ ɔ m ɔ h y
n e e a b ɛ y a b a _ n n k ɔ h n n k
m b a e _ a f w
e n a n d i n
n h u ɔ t ɔ n n y _
w _ _ d e t ɔ a _ a y r e n g
_ a b r y e r e
b ɛ h h n h i
a d i m k ɔ ɛ s e k ɔ b r ɔ h u n
e t ɔ n p i r e k r e k d
t w a ɛ f o e
y e r ɛ n g y r e ɔ b o ɔ b ɛ b
ɔ p i
m b e r ɛ e ɔ k ɔ e y ɛ _ d a e ɛ m e e
_ a k g b a e ɛ y i r e m f ɛ e ɔ m
a k e _ a b f n k ɔ r r e g
ɔ _ e n e o _ d e k ɔ d e ɔ b i e n n w
ɔ b u
ɔ b ɔ ɛ w i ɔ g y ɔ t ɔ e k ɔ k i
n s e e r e k y m m k f m a e n n s
r e b r ɛ w r e t e a b ɛ r o h o o
r e k a b i a k a n y i
s a m e w o a t o b ɛ k i s e e
ɛ w e e n n i m p a e
n n t ɛ t o k ɔ g e g u n _ a h ɛ
ɛ t e a m b ɛ u r e w e
ɔ h u ɔ b ɔ n o _ d
k ɔ g _ m b ɛ n n h ɛ
m m b o h o
h o r y ɛ _ s k o n m ɛ h i e d a _ r e s m
r e m a ɛ y i e n o m a _ n k n s ɔ n a t
ɔ b u e e h o ɔ s i e a b ɛ e h o h
ɔ w o e n s n e t ɔ n ɔ w i e r e s _
n s o r ɔ p ɛ e e n n o
n h w ɛ w o
m m k h _ r e u ɛ t a b ɛ f w
a t w
ɔ m e e ɔ s u a
e n a e
ɔ t o _
a m m _ a k b ɔ p a b i
_ a m n
m m b h
b o r e t w w e ɔ n a _ n
_ n n e e m m r d a e
ɛ r e a y i
a t e a
n h e k a
_ a t w ɛ w i e a _ r f
m m b t g u _ ɔ w o b ɛ s ɛ a h w h
t w e ɛ i _ ɔ s _ . .
e m e k ɔ k i
b ɛ h n
ɛ p i e n d a a ɛ _ m m p e o s o
a _ n s ɛ b i n n h ɛ
ɔ s a n n o e n s n b ɛ s w n k u e
e g y ɔ m a e _ a h n _ a b n
n k ɔ r e m m a k ɔ a _ r f k ɔ s ɛ
b ɛ s _ m m a n _ a k w k ɔ y e h i d i _
m b ɛ y
n g e b ɔ a r r e k n
s u m e a _ r t
n n t _ m b ɔ ɔ t e e h y ɛ a b ɛ t r
ɔ t a e r ɛ w
_ a m n r e b d a _ a ɛ k a n e
_ a t a ɔ t w e i _ n o r e b e
k ɔ t w m k ɔ w b ɛ s ɛ
u t u a b ɔ _ a b n _ a p k ɔ s n
h w e w p a ɛ y n t o _ a _ m f
m b u e n h w n h n n k h n a _ p a k ɔ ɛ
n a _ m m m a n ɔ y ɛ r e f ɛ
b ɔ _ p ɛ n o _ a k k e s u
_ a t _ b ɛ s ɛ
_ a s w
_ m m u _ m m ɛ n w i
h u e m m k y n n n m
t a r e ɛ t w e ɔ t w r
b ɛ t e r e t e
n e e ɔ t a a w
e k e k _ a y _ e r ɛ n y ɛ
ɛ h w h _ r e y m m m e n k y e w i
e s u _ a b t m b i a n k u e
b ɛ s m a t a e k ɔ y k ɔ y _ b ɛ g _
y i e n h i e k ɔ g a
a e
f r ɛ i w
m e m m b f _ a b h
n n g e m m k s ɛ t e e ɛ t u u
m b ɔ a _ a ɛ ɛ m i e ɛ h o ɔ t o e
b ɛ k n r e w e b u m b ɔ a m m ɛ
r e k b m e n e a _ m b ɔ d i
e s k ɔ f ɛ t ɔ _ e ɛ w e e n a
n n k g s e n e ɛ n a t
a m m o e b ɛ e a k y r m b o b ɛ m n t ɔ n
s u m e r e y e e
a k e a h o h e y e
m b a e r e k b n d a e i w n w o _ a p a
g y e s o _ a n n g e i e b ɛ s w
m m k k n n a m n k ɔ a n t i e
ɔ t u u r e f w w _ h w ɛ y i m p ɛ e
ɔ w i ɔ t e n n ɔ _ a k t b ɛ t
e n e a h
e b ɔ w o _ r e o n n a m r e s ɛ _ a t
n t e e b ɛ w e n s a b ɛ k e m m p a
s i w ɛ h y _ n k ɔ o p i u _ n n t i e
s u m e i w ɛ k e k ɔ d e ɛ s e
ɛ g y e k y e ɛ w e ɔ e m m
a s o r k y _ n n a ɔ t e a
n t u e m a t w e ɛ p i
k y i i b ɛ f m m p a ɔ g y e
e s u a b ɛ e a s e a h w y i m m m b p
a k y r m m f n a _ h e h u _ a k o ɛ
a _ m f m f r
n t e e ɔ h w e y e a d a a r e y w
a s w e r w _ n n i a _ a a n t ɔ n
t e n k e k
d i _ k ɛ s a
m e n e s a w e b o ɔ e h w e r e k e
w u a k u o s o k a n e ɔ b a a m a
r e b y m f r ɔ h w e o h o m ɛ n a p a
e n n ɔ
a n m m k y r e f r e b n s a e
d w u a e b ɛ ɔ
a b ɛ y e e
y ɛ _ d e n a
i _ n o m m
m b u e n y e ɔ t u ɔ p i e ɔ d i o h
e s e n n k n _ a m m k g a h y
k a e r ɛ ɔ e ɛ b i m m b w n n a
r e m b
n y i e
ɔ y i a
ɛ b ɔ n
n k e k n s i e r e s _ ɔ k ɔ e _ n n ɔ
ɛ t u u ɛ s i _ a h e ɔ h w h m b u e
ɛ h u w ɛ e a s ɔ y ɛ e b ɛ t _
k ɔ f w o ɛ r
a b ɛ e r e k n m p ɛ
b ɛ k e b ɛ h ɛ n w i e a b ɔ m e m a
i e e e p ɛ n d i k ɔ t w ɛ k y r
i r i o r o k ɔ t n r e b d
n s e e n a _ t
a _ a r
e h u t n n t e
ɛ s e h w e w
a n t a r e y e w e k e k m m k f
g y e n n y _ r e n u e e
ɛ k u e n s a u b ɛ t _ a s u a
y e w n a _ n ɛ m e n y ɛ a b ɛ t e
e k a u m b u e m m k s _ r e u k ɔ p a
m m m e b ɛ h a _ a b y
m m a m n s o r w _ a _ r n e y i a
a n n a
t a r n n o e a g _ a w e e n o
k ɔ h a m m k w
ɔ y i
r e k s k ɔ y a t a ɛ h u n k ɔ s n
r e b h h u n i a _ r y n n k i m m b
_ a y _
ɛ y ɛ a a t o _ a h w h w a e k ɔ m a
ɛ k
m m b g n t w ɔ e k e k a h o o
_ a n n ɔ y i b ɛ b b u t u e e p i
ɛ h w ɛ y e e n t ɔ a _ m
ɛ y i a ɛ _ ɛ b u e ɛ n y m _ a h a
w u m y e w ɔ h u e m e n e
s e n m b ɛ o
n n d e a t e a
k ɔ m a n n o e
a d a h o h r
_ r e e ɔ h o o
m b e k ɔ a
n n s ɛ ɛ d a e ɛ h
a d a a f r ɛ n n t e e _
e p i o n a h y _ i r o b a y ɛ e
y i _ y t i _ a k s a _ a ɛ ɛ k k ɔ s m
k ɔ f w a _ n g
_ n s m ɛ s a r e k b k e k m b ɛ o
m m p i w e
r e y w n d a a a b ɔ m ɔ t w r ɔ k a
e t u r i m b ɛ ɔ e w i a k ɔ n o
n n k b _ a y w
u a k ɔ y w ɔ d e w k ɔ h h
_ a k t u m a e n a e _ a n
e t a ɔ h y _ a b f
n w
e t a e a h u t
t w e h i w ɛ
a b ɛ w b ɔ w r e m p t e n k ɔ b
ɔ k e a r e m
b ɛ b s k u e _ r e e r e b g
o ɛ r e _ a e
a d a m e e n a _ e _ m ɔ k y
m b a e d w u a t ɔ _ k b ɛ n m t e _ s
_ a k m s o ɛ e ɔ s i e
e b ɛ i
k ɔ p e n y k a e a b ɛ w _ r e ɛ u t
k ɔ t r ɔ n o
a b ɛ e m f r
y ɛ _ s
n t e a t u e r e n y ɔ n a t _ a n m
n h u e ɛ s u ɔ h o u m a k y i i
a f r m b ɛ ɔ e k u a n n
t a ɛ b ɔ n n n s n m b ɔ m n n s m e m m o
e g e k ɔ u a f o p ɛ e a y i ɔ k a
ɛ t e b o b w . _ n n a t ɔ m e e
m m b h n a _ b ɔ w i e n k a s a n e
n d a r e n d ɔ w e k ɔ n i k ɔ b _
k ɔ p e k ɔ n i
b ɛ d
ɔ b a r e n t e b ɔ n
n k ɔ w m m b f e b ɛ o f r n n k e n a _ s
r e n y b ɛ b b m u b ɛ g a e b u
m m i e o e e w e e a w e
r e k f y i m r e k f
w e ɔ e h y m m f w
d a e o s n o m e e k e
e p k u e a h o o
r e f ɛ ɛ t e _ n n w y i _ _ m u
_ n n w b ɛ n m _ r e o e b ɔ e k y r
n k u ɛ t e e
r e b m r e k w r e g _ a p _ a b k
e b u a s u a b ɛ s n
a g u
a n n b ɛ b b . . _ a _ r b b a
b ɛ _ a h
a t w e w i a b o e b ɛ ɛ
b ɛ t e k u e m m a m k ɔ k o n i
m e e m n t e a _ m m ɛ
t ɔ n k ɔ m e
m i u e e k ɔ p e
m m b g k u e u a e f r
h o h r ɔ w e k o e n n k t
n k ɔ r a t o n h u e
t ɔ n n h i b ɛ s ɛ
r i k ɔ b r _ r e a a b ɛ w
_ a b y
e b i a n s e e ɔ s e s a r
d w u ɔ w i e a t a e k ɔ g _
m b ɛ y _ a h a
m m k b a d w a g m b ɛ w e w o o
n n n
a d w r e t n _ a y ɔ t o e
n n k t e b r e g a e e ɛ b ɔ
m m k m e n n y k o n m a _ n k n k ɔ ɔ
_ a t e
i m m e e _ r e e k u
ɔ h o ɛ f o
ɛ h u n n y ɛ e y i _ r e b n e w o o
_ a t a n t u u y ɛ _ s
n t ɔ a n y m
e k y ɛ p ɛ e
ɔ y ɛ r e k m e h i
a m e n n d ɛ f h w ɛ n w i e
ɛ p ɛ e h o h r e k k e k ɔ e
e m e e k o _ r e u t u e _ r e k ɔ r
r e k f _ n n ɔ ɛ t w r b ɛ p a
r e n s
m k ɔ o w a e m m k n m m k w m m b y
m f r n h y _ r i e
n n t r r e w
k ɔ k a y ɛ a m m p a r e b f _ a t
ɔ b k ɔ e m m k p a _ r t
e r e a b ɛ y y ɛ _ d _ a n
a s e s e k ɔ a a y i a n y i e
ɔ h u k ɔ t a e g y i n o m
a n o p a e y ɛ b ɛ m a h w _ a b e
ɛ t r e k n
e b i a n n y _ e _ a
n k o u a n
n o m e e b ɔ b u e
t e _ k ɔ s n w ɛ e
s u m
ɛ y _ a h a s u m e k a m e
r e t t w _ . w u m e a k y t a r m b
e s i t w a e _ a t a r e g _
m b o n n a n
ɛ m e n n h
ɛ _ a
_ a s ɛ n h y _ a p i ɛ s e n n s w
m m k p _ a k e
u a r a _ m f a n n a
w e r w ɔ w o o ɔ n a n h w e
ɛ g u n ɔ k m m k s
e m n n y _ t e _ b ɛ b b b ɛ y _
r e k k n k y r m m k y k a n e
ɛ s a e r e k e r e b f n n h a ɛ b a
e b o ɔ
m a _ n ɔ s n s e e o _ d e
r e k b ɔ e e b o ɔ k e n ɔ t e _ r e
d i n s u a _ a k w r e b
n t a ɔ h u t e t a r e ɛ k ɔ t w o ɛ r
a s u a i w r ɛ w a y e
k ɔ k k _ a s _
o s n h o o r e b d r e t
w u m e r e h h u n t a n y
a n n ɛ
r e n s e n n ɛ k ɔ g a k ɔ n m n s o d
a h u e n e
ɔ g y e
a n n a ɔ g u r ɔ f e s e o n i e
n n g n n t e ɛ b o ɔ ɛ t a r e n d ɔ n e
ɛ h u t a _ r t _ n n e n n s ɛ u a e
o _ d h y ɛ a y ɛ e
n n d _ s a m e m m b p
i s a e u n m b i r e m f
m m b h n s a e y e w e n s o d n n o e
n a _ s _ a y _ ɔ w e
ɔ h u
y e t u t k ɔ h n h u e n n s n
a s u a u a n e u t u e n t e a
_ a b w y i r e r e a n n a _ m m i
ɛ h k e k _ a t _ n h o a _ n g w e r
a h o n n k k a _ a a
e k ɔ r n n s m e r e
k ɔ m _ a b n k y e ɛ ɔ s a
_ m m a m m b p b ɛ h
n a _ s b ɛ n i ɔ e _ m m o o s o u _
k ɔ f w e h o o r e t t _ a g b ɛ p
n s a e y i r e m b ɛ ɔ ɔ f o e
_ a n ɔ w o r e n w
ɔ b ɔ m n y
h u n k ɔ h e n n ɛ i e
s i w a w i
n t o _ i s a e
a k y r
_ r e ɔ
n k y r o h o o a k e k e h o n n g a
_ a n i e t w ɔ k ɔ w
b i w o r e f e f o g u _ s m b ɛ o
e m m o m m b a _ n n k e
s a m u e n a e b ɛ w s a t w _ r e e
s o ɛ e ɔ s e s
n k o i m m k m
a g u n ɛ y i e ɔ f
e t w k ɔ k e u m a e r e n g
_ a b n w o o
b ɛ t t m b o o
a s o r n n h h ɛ s e s
_ r e w m m r e g
a b ɛ e m b m b ɔ n n d e w e ɔ e a b o
_ a y _
ɔ h o o ɔ t u ɛ h w ɔ n a t a _ a ɛ
ɛ _ a
_ a b w
a _ n
h y ɔ s a n t a e
ɛ t u k ɔ g _ e k e k
a f o e b ɛ d a _ s b ɛ d _ m m a
m p a e a k y r ɛ y ɛ k ɔ w e ɔ g u r
o w _ . a b ɔ m
r e f i r i m k ɔ a
m m k n m m b p
a t o _ m m k s
_ a b h m b ɛ a b ɔ k ɔ n m
m m k f ɛ t e e k ɔ b
e y
_ a m n t a e ɔ _ m a b ɛ t n
e t a t e _ s
_ a g e m m r e s w e m m u
_ a m d w
y ɛ w e n n i
t w a e k ɔ m n
_ a s w n n h e
e f r e y ɛ a b ɛ f ɛ
b ɛ s a b ɔ m
a d w m ɔ d a e k ɔ y e
m m b n ɔ m a a _ r s ɔ w o b ɛ y _ r e n h
n t f r ɛ n a _ e r ɛ e h u e
n n y m
a _ _ m u e ɛ n a
k ɔ w s n n g _ e r e a g y
m m f w m p ɛ r e k ɛ b o o t ɔ n
n w o e k a r e b g ɔ t o ɛ n a t w e ɔ e
m m k f n t e a k ɔ p
. . ɛ w o o n k a e e w o a _ a a
m a _ ɔ w i b u ɔ s u
b ɛ g a b ɛ b e m m m _ n n n a _ y e b ɔ
e g y i r e
m m b m ɛ s a e ɔ p ɛ e
e s e k ɔ w t e n a k a m a _ m b ɛ u
ɔ d i n ɛ w o
a y ɛ a ɔ m e n t u u n k o
e ɛ w e n d i g u a f o w e r e h ɛ
m m e _ a f w _ n n u
o _ d n n s a p k y e m k ɔ o
h i a n y e o e e _ r e ɛ d a b ɛ b e
r e b w
m k ɔ y k ɔ w e s u a n y e e
m b ɛ ɔ m p ɛ e u t u g u _ a n n i
ɔ n a t
r e g a ɔ h w h e f r w u m e
n n n i m u e ɛ b o ɔ
e d b ɛ t n h y a b ɛ i a b u ɛ _ a w
a g u r
e _ a w e ɛ y ɔ t e e _ m m o n n s _
a n e ɛ h w e
a d a w ɛ e
e g u n n s w h u a n w i e n s e
r e f r e m b k a n e
b ɛ t n
ɔ d a a n n n i
r e f ɛ r e _ a b y ɛ t w e k ɔ y r e k k
m k ɔ a
m b o o n k ɔ ɔ a w i _ r e n
i m a d i n ɛ w i
n a _ m ɛ h u n a _ m k ɔ i _ a p
a s b a e
n n g _ a t w ɔ e m m i _ a b e ɔ h w
m p a
r e m b m m k g
e w e m p i e f r ɛ ɔ n e a h o
t u t e g n a _ b
ɛ w o
ɛ g u n _ n s e n s o r
n n g e n h u b ɛ f ɛ r e k s
e k ɔ r o b p i a t e _ s e y i a
r e m f m b ɛ y
a k e k i _ n o
n h o o e n n ɔ
r e n t _ a p a
e b o o r e t t
ɛ s o r e n k a e n t e a
e e r e k n
o s o
k o e
ɔ k ɔ s o w r e h h _ n s e r e b g
e w o h y ɛ a s i r e b e
i _ a ɛ e k e a o w m p _ a b y
n t e
a h u t ɔ h o m m m n y i h i a
e t ɔ m b ɔ n r e h a e h e w o w e e
_ a b a t e r e t e _ a k n
i m n n k k
e y ɛ a t a a y
w _ . k u e
ɔ g s a n ɛ b ɔ
a y ɛ a
h o h r _ a k y a m m o n h w
o e a y e a y ɛ _ a t a a _ r n n h h
b ɛ p e s i t u t t e w a t w
s a w e b ɛ b s a y ɛ e m k ɔ w
a y r e h h
n n s n h a _ a r
ɛ k e k
a k ɔ i ɔ k e k ɔ k e
a b o ɔ _ a y _ b ɛ n n
e g u n _ a k p t e _ s u m a s a n
e h o ɔ _
n h w e r e t n
y i _ y _ a d _
_ a w s a _ m p ɔ f o e d i _
r e h h m f o a k ɔ o w _ .
a b ɛ w ɛ p
m k ɔ e e r ɛ e a s u e n b ɛ w e
e t o
_ a p a
w _ .
d a e n n n i
s i w s e n e _ a d _ m b ɛ r ɔ k e a
_ a m n b ɛ p a r e t w _ a t w ɛ e k ɔ h n
r e w s _ a g ɔ s a
a g r e b t _ r e e m m f w ɔ p i r e k i
h u e a k y a m m e m b a e
ɔ f o e
n n h h ɛ t w r
m m b m
e n s y i r u _ n u _ a t t
r e n t
ɛ t a s a w
a m u e b ɛ n n a _ a i n s e e
k e k ɔ t r e s i a _ r p m m
_ a p ɛ _ a e _ n n w
k ɔ m n _ a b d r e m m e m m r
a b ɛ w s a n e a _ n k _ r e r _ d n n d _
e y e k ɔ m a
a g u r r e h e
_ n n ɔ ɛ d a e
_ n n y t e n e ɛ s e e m i
n t i e m m a e n a o _ d e
a m u _ r e a _ a ɔ r e b m
k ɔ y e t e n _ a h a
b ɛ s ɛ g u _ s n n n m y e w e b ɛ m a
n k u e a d
s o ɛ b ɛ f w e k ɔ r
e k ɔ o w u m e e k ɔ w ɛ t w b ɔ _ p
_ d a e i _ n o
a n n y a _ n d ɛ s u r e m b ɛ g a _ .
e b a t o
n n g a ɔ p i e n s i ɛ t w i e
o w e m b ɔ m i w e k e k
n y i a d f r ɛ k ɔ m e
k y e e s e n s e
n k _ r e o w a e r e b _
n a _ p f r ɛ e w e a m e n n s e h w
r e t e _ m m u k y e e ɛ g u r b ɛ h e
ɛ p i e n a _ w ɛ n o e r ɛ e a _ n k
n n t n
b ɛ h ɛ a _ n s b o ɔ s i n n y m
a b o ɔ e d i
ɔ m e a _ a u
m i a e o _ d e ɔ t o m m b w b u
b a a m m a e s e m m k g r e b e m m k m
e d a y e w
ɛ k a r e k m ɔ n n n h h
ɛ d a n k u e
_ a s e m m b d n h u n
g u a
n n d e _ a h a
k ɔ t w ɔ h o n n h a h w m m m n
m b ɛ r a n n u _ . h u n r i
n n k t n s a u
m b i a _ a y m k ɔ u e p i n t a
n n n m
f o ɛ g u r m m a e
_ r e w n y e e m b ɛ k ɔ y m m p a _ m u e
_ m p e n n ɛ w i e
m m k d b ɛ h ɔ g y r e g _
ɛ s e e b ɛ t n
e b i a n h y _ _ a t a
_ a k k ɔ t w ɔ ɔ n o _ a d u a k ɔ i
ɛ d a
a t e _ a s _ w i w e ɔ e
s a m a m
a _ r m
ɛ y i a m b ɛ w b ɛ h a s i _ a n m
m p a e n n h n o e e t w e ɛ
a n y _ a b p n n g
y i m e m b ɛ ɔ a t ɔ _ m p e k ɔ m n
e m m r o _ d g y g u _ s
ɛ k a
r e h ɛ n n w
r e n w a _ r m a m m o
ɛ b a w o
m m p r ɛ e
m m a _ m
n n a n _ a k g g u a k ɔ p e a b o o
b ɔ w e h w ɛ
ɛ b a k y i i d w m m k h
t u e ɛ b i h o r
ɔ k u n k ɔ a s a m ɛ n o ɛ _ a e f r ɛ
r e b m ɔ m a e
i s a e
n n w e n a _ f n n g e a y ɛ a n n h e
ɛ t a r e b y ɔ k y r
_ a k h e ɔ n e
n k ɔ ɔ t a
ɛ b o o a r y ɛ _ d _ m m u a h
w e k o n m ɛ b a e
_ a m n r e n g ɔ h y
ɛ t o a b i a n n g a e b ɛ a
ɛ s o d a b o o e b ɛ ɔ a h w
_ r e m e r ɛ e r ɛ w e
k ɔ h h e b ɛ o h b ɛ f w
n n t w s e ɔ g _ r e o r e n g
e h y ɛ d i n w _ . k ɔ n n a b i
s o ɔ s o _ a k d
a m m o m m k t e n a _ a k w e k ɔ u
m a _ m n n n
ɔ y e s e e ɔ f r n t w e n k ɛ p ɛ e
k ɔ s m k u e _ a k h k ɔ t r s a m e
e p a g n n d a n n ɔ
n w i e w e ɔ e
o n i _ n k n m b ɛ r ɔ y i ɛ g u n
r e b g a h o ɔ g y e ɔ s a e
n s i b u r e m n
b ɛ k e b ɛ d
a _ r f
ɔ t e a e h w a y ɛ e
r e k e ɔ s a e r e b p
b ɛ p a g u o s o e _ a h ɛ
k ɔ k n m k ɔ i n a _ e h w n k ɔ u
b u e m m y i r e y i _ y e n k a b a
r e h n a w o o e t e a e t e
n a _ p ɛ b ɔ ɔ _
r e p
n t o e a e
w i p a e ɔ _ a k y
m f ɔ k e n d a e g u _
_ m m k ɔ m a ɔ y e
h w ɛ r e n h _ a k w
a n e ɔ s u a ɛ f r e k ɔ y e
y i r e
m a e r e d
a b ɛ i n n t s o _ a t u e
a t _ r e u n k ɔ y e m m a
_ a f ɛ m m m n
e b ɛ ɛ e h o o ɛ n a r e b p _ a k f
ɛ h w e
ɛ t ɔ ɛ _ ɛ m ɔ m i o w _ .
ɛ b a t o
r e h n k ɔ d _ t i
_ a b f a b i a n w i e
m f o s o e s a
ɛ m i e r e w w e r w a t u r e b f a w o
m u e k y r e w e m m m a
e d a a b ɛ h ɛ r e t ɔ _ n o
s e n e ɔ y i a ɔ b ɔ n
_ n n u
e b a
f r ɛ e n n d e k ɔ s ɛ
ɔ t e a
ɛ t w n n y r e n h ɛ y i _ n
ɛ y i e b ɛ h ɛ
ɔ b ɔ m ɛ s e
o b ɔ b ɛ w s ɛ y ɛ a k u e a b ɛ i
e h o e b ɛ i b ɛ m ɔ f o e g y ɔ t ɔ
a b ɛ ɔ m e
w e r w
r e t t s o _ a r e k i
ɛ s o d s u m n s a e
t ɔ n e _ a k f r e k w
k ɔ y a t o
w a e n n k i m k ɔ ɛ a t w ɔ
n a _ b h y n s a t ɔ n w o s w r e s w
_ a w e a b ɔ n m i m m k b
_ a k k n a _ t n g a n n w ɛ t u
ɔ p ɛ b a e n t ɔ n n h o
n k ɔ ɔ b o n a e _ r e m r o ɛ t w r
o b ɔ e s o ɔ y e m b u
n s e e s a m e k ɔ n m a h u n
t e n w o e w o o r e n w m f r e
n h y k ɔ t n r e n y t i e h u n ɔ s u
_ a b n e n a r e t w r e k b a _ m
_ a b p r e b h ɛ d i u n t d a _ s
_ a b t ɔ d a e r e t _ k u b ɛ h h
a t u u e n s t w e ɛ _ a b t
e k ɔ ɛ r e k w s a e n a _ g ɔ s e s
_ a b e a t u e h u _ a t _ u _ e d a
ɛ b u m i a e ɔ e e a b u m b i a n y e e
a m m e ɔ n e
ɛ k y ɛ h u n e k y _ a m n w a e
a n n ɛ s i w e r e s n a _ a e
s i w m m a m r e g _
a k ɔ u b u e n k u r e t r _ a b d
p ɛ e u t u e
ɔ _ n ɛ y ɛ a n a _ f
b ɛ k e ɔ y n k ɔ ɔ o b ɔ e
t u t e ɛ b o
_ a h n r e g a k ɔ t r r e b _ ɔ s e
ɛ h y ɔ p a y ɛ
m m k p
ɔ n o r e w s m m b a n a t
o b ɔ e _ a m p ɛ e a _ a ɛ u a r e
k ɔ g e n k y r e t n t e e
s o ɔ p i e ɛ d _ r e w a m
ɔ f r ɛ b ɔ m
r e b w k e k
e m e
a _ m b e t w ɔ a _ a ɛ
o ɛ r e _ a k d a y ɛ e e h u t
n n y e b i s e b ɛ p ɔ d a a ɛ y e
y e r e e m i _ a w e
n t w ɔ w ɛ e y ɛ _ s
r e m f y e w e b ɔ w e
m m a m y e e n t e n h w
_ a b m n a n e n s u ɛ n a e r b ɛ g _
m p ɛ e e _ a r e b w _ a n m b ɛ h a
d i _ k
n t n h y _
n t ɔ n _ a y _
i _ n o a k ɔ a ɔ m e e
i e e h u e u e m b u
e k ɔ u ɔ n e ɔ y e e ɔ b o ɔ
y e r b ɛ g e
e n a e
r e n e t ɔ n
_ a g a a b a n n o e _ a k r e k d
w a e m m b m . . _ u a k ɔ w a h y _
n n s n m f e h n s u n n g e
ɛ _ a w a m m ɔ . . _
n n k m _ a d u k ɔ b _ n n
ɛ t a e _ r e e b ɔ r e h h
t w e ɛ e k ɔ ɔ a n n ɛ
m m b p
t o w ɔ n y r e b b b o b w
r e d w ɛ n k ɔ w ɛ s e b o b ɛ f
m b o o d a e ɔ s i e
g u ɔ n a t
_ m m ɛ r e m a m m a _ r y
y i m m f ɛ m b i a _ r p i _ a
a n a n k ɔ w n i e n a t w o
a k ɔ r
e b ɛ e
b ɛ w
e n n i y i e b ɛ p k ɔ k i e k y
ɛ s o r
o n h i n n t b a e
_ a n m e _ m k ɔ e a t ɔ n
e ɛ ɛ p r e g e n k ɔ e e k ɔ w
e p ɛ m m b _
m k ɔ ɔ y ɛ a
ɔ t u k y i
r e b y ɛ _ a n t o e
a b ɔ m k a m p a k ɔ y r e p a
i w e m f
ɛ t u u ɔ f o e k ɔ d e
ɔ m i e ɔ b o ɔ a m m o u a r
a y ɛ e e s e s e t u ɔ h i e
k y e e _ m m ɛ f o e a _ a e ɔ n e ɔ n y m
n n t t e t e t o w e n w o r e n y
m b o b ɛ b
m p b ɛ h
e h u t
b ɛ n i
b ɛ h e n s a e ɔ b o o ɔ s u m p i e
_ n k n n k u k u e h i a n n u
n s i ɛ g y e _ a f a k ɔ ɛ
n k ɔ o
b ɛ m n a _ r f
e n a
m p a b ɛ y w k ɔ t w a b ɛ u
e t o h o m b ɛ y i _ n o r e g _ r e w
o b ɔ ɔ t ɔ e
a f o a _ r t i a n y ɛ e ɔ s o y ɛ e
_ r e ɔ a _ n n ɔ h u t ɛ y e
ɛ y ɛ a r e b p
b ɛ h ɛ a n n ɔ r e n w
n n t r t e n h y _ b o r e ɛ e a b ɛ r
e h o o a _ n n
a n n w y ɛ _ d b ɛ f r e b d ɛ b u
a t u e r ɛ e k y e ɛ
b ɛ p a e k a
m m b t
g u _ s a k ɔ w
e w e
h o r e n s i
t e _ s
_ r e a h u g y e g r e s ɛ a _ r d
e h y ɛ r ɔ d a a f r ɛ e e k e
m p a e ɛ f o e a n a t a n o
e w i a _ m m r e h
a n n y y ɛ w r e s w n n k w a _ r g
a _ r b m m b d n t i n n k g
ɔ s i e
n n y k ɔ n a b ɛ r m b i a
_ a t t k ɔ t n a k ɔ u ɛ h u t
ɛ y k ɔ y
a _ a y a w o o m b a a _ a i
ɔ k e r e k
m m a r e d r e n m
m m m n a d a a
s e n e w ɛ a p i h o h r
_ m m r
a n n y ɛ m a e a m m o
e n n ɛ ɛ g u m m b g e ɛ w e s u a
ɔ h y _ r e u m m i e _ a s n m k ɔ u
n k ɔ u m m b e
a d w
ɔ b a e
t o w e t w ɔ n o m b ɛ t a
e k ɔ d a e m m b e
a m m i n d a a n n h h t w a e
ɔ _ e w n k ɔ e
e n y m a _ r f ɛ w i e a _ r w
n k u e e m m e y i r n n h a n e e
n k e k e m m a w e ɔ e
ɔ s o a m m r a _ a y ɛ p p ɛ e ɛ k b o b
ɔ g k ɔ b _ m m b b n h w e ɔ h o b ɛ s m
n n a r
_ . . k ɔ b
e k y r k a m d a e m m b d
e t o _
ɔ p ɛ e ɛ s a e _ a m n
a t ɔ a n a k y e ɛ e k a u
_ n n ɛ p i a e
a _ r b ɛ h u n e ɔ
n a _ t n n o e s o m b u n n w a y e
ɔ h u ɛ k
o n i ɛ b i a n k ɔ a e m a ɛ t ɔ
a b ɔ n b ɔ e m e
n t w ɔ k ɔ t w
s u ɛ w i w _ . _ e n n o _ m m e ɛ t o
ɔ d a a a _ r b
_ a w a b o o k e ɛ s u n n a _ a s e
e h w e n n t w e k ɔ
h o h r a k a _ a i
b ɛ k r e m f _ a d u _ a s w _ a n m
e r e e k u e k e a n g u n
m m e e
n d a _ a k f
ɛ d a e e g u n m m b m
n n a a b a k ɔ s n ɔ f o s e e ɔ a b ɛ i
r e b g n k ɔ o m m i e
a m m ɔ e n k
b ɛ t r b ɛ p a k ɔ t b ɛ y w k ɔ n i
u n t e k ɔ p r e m a b ɔ w e
_ . . m m k t k ɔ k e a _ r b k ɔ n i
ɔ h y _ m m ɔ t e a
a h u m m i e
k ɔ m e
u _ n u n n h h a n t w _ a k y
a _ a y
_ a n n n k s ɛ t e a
n t a s u
a n n e ɔ s o y ɛ w e r e t e i s ɛ d a a
h w e n h u
e y ɛ e n n e b ɛ h h n d a e t i
r e m a n a _ e a k a
ɔ d i n e m m
o w _ . o ɛ
ɔ b i b ɛ t _
e k y r p ɛ n a _ s k ɔ p e b ɛ s ɛ
a h u a p ɛ n g u n k ɔ h r e b k
a y e k ɔ w _ m u m b ɔ n b ɛ n m m k f
n h w w o
g u _ r e b k e k ɔ w
n t w ɔ b o ɔ u a r e r e b k
r e n n _ a h a a s o r
k a o w _ . w ɛ e n y ɛ e g u a e
ɔ t ɔ e e w o n a k u n s a e
_ n n ɔ
ɔ n y m m b ɛ r a t u
n n h ɛ _ . d w o ɛ r
e p i m m
o r o m m k t t e w
k a n a k ɔ y n h o o n k ɔ r
m e n e
m k ɔ w o _ d e t o n d a a
o w _ .
_ a k w e h u
h u n i
a _ a ɔ
ɛ b o ɔ
e b ɛ i n a _ t e k y b o b w k o n n h ɛ
n g u n n t u
a n a m m k h a n y m y i _ e k e k
ɛ b o e e
ɛ g ɛ d a ɛ d a e n y e
r e s m k e k n k ɔ ɔ e b o
t o w e b ɛ ɔ _ n s o b ɔ a s e s
ɛ t w r
b ɛ y e e f r e g u e n k e b a _ n n y
b ɛ h e ɛ k ɔ e
i a w a ɛ k e k e m r e b p
r e m b ɛ k u
k o n m n w o e r e m b i a s e s
e ɛ w a m m r m i a k ɔ f ɛ n k ɔ i
e b i n n s w
r e k t t w e n n k e a m b ɔ u a e
ɛ t u
n a _ g b ɛ k b ɛ t w
n a _ n a t o _ ɛ y ɛ e ɔ b o ɔ r e
b ɛ y w e g u r e t _ r e ɛ n n k d
u a r e a _ a a _ a k y h o h r _ a n i
a b ɛ ɛ f o w e _ a n
ɛ r m i
r e n w
b a e h y t e w e
ɔ d _ m u
s i w _ a y _ e s n a e e g u n
a m u e n s h o k ɔ k n k ɔ t _
a _ n h _ a s _ ɛ f o
ɛ b o ɛ t e a t ɔ y ɛ _ s
ɔ n y _ m m r m b
ɔ f o e b ɛ w e n n o y i m e b ɛ s w
s a n a _ s a d a d a m b i
ɔ b i _ a g m m b n
a _ a ɔ e n y m ɔ t u u k ɔ k k e b ɛ w
_ r e u m k ɔ f o w e k y e ɛ a d a
. . _ u
e _ e m m o ɛ h y _
_ a f
ɛ h o ɛ r e a k u
e k e n n n t n n k y a _ n k r e k p
r e n d ɛ p ɛ m k ɔ a r o a h o
_ . .
u e ɛ k y r m k _ a b r
m m k b
b ɛ h ɛ _ a b e _ n n o n n d e r e n t
e d a m i _ a k h e t o _
h o r e
n k o n e
w o e y ɛ a
n n h a
k ɔ t r ɛ e _ r e o
w e ɔ e n n k s n y e e
m m f ɛ ɛ n o e y e r
o w _ .
ɔ h u t a t ɔ n m m k p
a t w r e f ɛ m e
ɔ t e ɔ n r e n y ɛ e
n a _ k k ɔ y _ ɔ h w e a _ r b
b ɛ g a t u u a k ɔ ɔ k ɔ s _
n a n e y i a s e e m m b
_ a t
k y e ɛ k a w _ .
k ɔ g e b ɛ h n o m o ɛ r e e m m ɔ
ɔ f r e
r e t
r e t t a m m e
g y e ɔ m n k a r e k
a m e ɔ h o r e n h a r e n y e e
e g y ɔ h o o y i r k ɔ t w
e t o _ e b i b ɛ m a b ɛ n i
g y ɛ b ɔ r e t e ɔ t w k ɔ b
e r ɛ e
b ɛ m e w a n s ɔ k u e ɔ f r
n n a n n n w w e h
n a _ m f a _ m m e h w e e t ɔ n
ɔ b u ɔ f o r e p a a k y a m u ɛ s o d
a k ɔ y n n o a k e a r e f w e d i n
m m b s . _ m n n y e n n d e o ɛ
_ n k ɔ t e
n t e e n t w ɔ ɛ b o ɔ a b
s o w e i m _ m m i
ɛ k ɔ ɔ _ y e r e a _
u a r h u a _ a k k b ɛ g _ r e g
ɔ m i e
ɛ t u m b ɛ a s e n e ɔ m e ɔ h y w _ .
s a e e p ɛ ɛ b i a n t ɔ n ɛ h u t
ɛ _ ɛ b u n n h n
b a e f r a _ r k
ɛ g y e _ n k e n g u
a y ɛ a . _ m e k ɔ y
_ a k b
_ n n e t e _ s
n a _ m b o r e m m k n b ɛ h a
r e p b ɛ t r a n y i s a e b i n t ɔ
n n y m ɔ b ɔ n k ɔ k i e n n w n n o e
m m k b m m p e n e e
n s e _ a w e e n n u ɔ b ɔ m
a h u t e s o r k ɔ m n
n n a b ɛ p a
e d i n
ɔ b i
_ a h e ɔ b a _ a f ɛ n n k h
e m n n t a t a y i m
o s o e n k a _ r e ɔ b ɛ g e _ n n o
n n w w i b ɛ b _
m e n e
a k ɔ e w i _ a m a ɔ p
ɔ d ɔ n y ɔ h u t ɔ s i e
ɛ p i e
n n g _ ɛ t w ɔ k o e n n g e ɛ p ɛ
a _ n d e y t e n e
e h y p i a
ɛ t u u
ɔ t w e ɔ w o o k ɔ f ɛ ɛ h a k a
e h w n n k b a n y m
n n h n
k ɔ f w ɛ p ɛ o n b ɛ t a b ɛ w s
h o h ɔ b ɔ m e b o ɔ e ɔ n e g u _
u m a e r e n k _ d a a e e
_ a s n r e b e a m e
e w o n k u e
ɔ t . _ m e ɔ k y r
w e
i _ a
k ɔ p e n n k g b ɛ h
e m m r
ɔ t e a k ɔ w ɔ k u ɛ t w r a k u ɔ t e a
ɛ g u n
k o n m e h w _ a b e m b ɛ u
ɔ n e _ a d e k ɔ y n a n e a _ r n
e t u
_ a n i
y ɛ _ e k y r m i a e r e k
m m b s r o
ɔ t o _ m m b u a r e b o b ɛ h u t
e b ɔ m n y e e n n t e
f r ɛ e m b ɛ y ɔ h o o e h y o r o
n n k d e m i ɛ h i e a t a
h y ɛ a _ a b t y i r ɔ y e e a b ɔ r e g e
ɔ w i e
ɔ y m m i r e b r e s i
r e k w a b ɔ e m e ɔ s o r
n a _ k ɛ t e e
n k y i m a m i d i _ _ m m i
a _ n e n s n k o r e b m
e h y _ m k ɔ r r e f w g u e _ a e
ɔ d i n e t a ɔ h i b ɛ k n a _ w
o r o e _ a t f o w m m k k
_ a h e n n w
a _ r s
n w k ɔ b r e t r r e p a k ɔ w s m k ɔ ɛ
ɔ m e a y i a _ r p
_ a k p e k y r m m k b _ a b n ɛ t a e
r e w e a d y ɛ _
n d a e o m r e g _ b ɛ d
b ɛ g
ɔ b i r i
_ a p a r e t e
_ a h a u a e
ɛ y e e m b ɛ y f o w b ɛ b e m m ɛ _ n s
m k a k ɔ ɔ m m b _ ɛ k a
a k a g u _ s e m m i a b ɛ y
w e e f o w r e b t n t u
h u e _ a k e s e n e i m e y e e
ɛ b a e ɛ t u n k e k
ɛ _ h o h ɛ h b ɛ f
e n y m ɛ y ɛ w e r e b b m m k h ɛ t o
e s i a _ r w t u t r e d ɛ e ɔ h u t
s e e m m b y m b ɛ y n y ɛ a a n n y
a k e k k o m m f w n a n n s w
r e ɛ e ɔ k ɔ b ɛ n i
n n n m a e s i w i m e a w e
a _ r w b ɛ p e ɔ s e s
a _ n w s e a t u u r e s w
m k ɔ ɔ
i w e e n a n t e e ɛ b a e k a u
m f o b ɔ e m m k e n n e m b o ɔ _ a k p
w o s w k ɔ h h _ a w
ɔ h i _ n s e
ɛ k y r e n s n n o
_ r e i m m k w
r ɛ w t w a
n t w e
r e h h ɛ h o ɛ b
a h y _ a s e
n h u n
b ɛ m r e b g a d i n
a g u n a b ɛ w a _ n g n h n n o
m m a m a g u n ɔ k ɔ p i e
n n d a y ɛ a i m e r e b k
n i b ɛ n n
h o e b ɛ i e k
s u e n h i e n t i a m m e n w o n w i
_ m m e m b ɛ r e m e a k ɔ r m m m a
y i _ y
n n o e a h y _ ɛ h o o
ɛ h i a m m ɛ a b o
r e m f g u a e ɛ p i
ɛ s i a n n o n i m m e e k ɔ h e
k e n a b a _ n n ɔ
m m b r
ɔ p ɛ ɔ w i e ɔ s k y y i a _ a ɛ
e b ɛ i n s u e m b ɛ u r e m n
ɔ y ɛ e n a _ k ɔ w o o . _ m
_ a y ɛ g u r ɔ n y m ɔ t e a ɔ f o e
r e ɔ f r e
n a _ n
a _ n d e m i s a e m e n n k y
b ɛ d e m m b d t ɔ _ _ a s
n w ɔ k i s a e ɛ h i e
ɔ y e e w e r ɛ s i
ɛ b a s o _ a e m m k ɔ f k ɔ b b m m k n
r e s ɛ k ɔ y k ɔ t _
k ɔ w s
ɔ b o o ɛ n a t e t a e g y e
n n h ɛ _ a d ɛ y ɛ e b ɛ
n n g a e k ɔ y
b ɛ s n y i e
u e r e b p m e n k ɔ y w _ a h a
m m b t a h u t m m k w
ɛ t o k ɔ n
n a _ w i a
b ɛ b r _ r e u
a n n e m e e e m m o s i w
n s o f o w e
n a _ p k ɔ t a n o ɔ d b ɛ m e n w i
a _ a a
f o w e
p i a
ɛ t a e m m b r ɔ n o a _ n t n n s
e b ɛ o a _ r b ɛ h o s i b ɛ t e a _ r t
m b ɔ m
b i s e g u e n n e a t o
a _ n d
a _ a k ɔ y w w a e
a h u n h o n n a a b ɛ d _ n k ɔ ɛ k y e e
_ m m a a r e r e k s r e n d e m m o
t i e a t a e
a _ a r
o e a s a b ɛ b _ a p ɛ
e b a
k y i i
e h u t e n n y
k ɔ t w _ a f w k a m _ a b y
m m b d o _ d b ɛ y e
m m b s
e m i n n k t
b ɛ h ɛ a n n u _ a s e
b ɛ k m k ɔ r ɔ h w n h i e
n n h h a b u ɛ s
_ a m a h u n e k y r ɛ y ɛ a
r e k m _ a f
k a m ɛ e e
m m a m ɔ m i k ɔ h n ɔ b a e i r f r ɛ e
e k e n t e e a m u _ n s k ɔ f a _ n w
a m m r o b ɔ t o w . _ r e o n h i _ n k
_ n k ɔ y e e w i e
_ a s m y ɛ
ɛ t _ n n ɔ u t u e y ɛ _ d a b i a r e n
k ɔ h a g y r e n h k a n a y k a ɔ b ɔ
ɛ t w r e d i
m m b e _ a k g t ɔ n r e b d r e n y
e m m u t e w ɔ t e a
i _ a s e m k ɔ a a t u u ɔ t f o w e
k e k ɔ s w n n k n n k ɔ ɛ a m u
t o w e b ɛ k m b ɛ u ɔ g y e r e _ a p
n k ɔ y e n n y a _ m p n y ɛ k y e ɛ
i a e m f o e k o n n n s m k y e e
b a e e w o o ɔ m e e b ɛ n k y e ɛ
e y ɛ a n g u n b o b
k ɔ s n p i a e i w e ɔ t e a a t e
n k u e t i k y ɛ t w ɔ
s o _ a
a p ɛ a _ m f m k ɔ ɔ e b ɛ e k
n y ɛ e s a n
a m e e o w e a _ a w n n a e k ɔ a
n t u u m b ɛ u n k o i
e k e a ɔ f r e _ a m a ɛ h i e
ɛ w n d a a s o _ a a b y e r
_ r e e _ m m r e ɛ s a e n a e
ɔ g b ɛ n
ɔ k u n n d ɛ p i a h w k ɔ b r
m m k m r e b m
a b ɛ a
w e h ɛ _ a h e
k ɔ g a _ n s p ɛ e ɛ d i n s o w ɛ k a
n y e r e g _
a m m e a _ a h u a e a m m ɛ b ɛ k e
ɛ b u e
w u m e y ɛ w e b ɛ k e s e e n n s n
m m k w b ɛ y _
m i a k ɔ p a ɔ h y _
n k n a n b ɛ g e k ɔ s n
a _ a y b o b e h o o
n o e b ɔ m k ɔ g e _ a f ɛ r ɛ s o w e
m p a e m m k s _ a w s k ɔ s ɛ _ a k e
_ a b h
a _ n s
r ɛ w e n t ɔ n
n n s n r e k e _ a t r m e n
a _ n
u _ n u w ɛ e u m a e
ɛ s i e ɛ h i _ a y w ɛ b a e
m m k w k ɔ s t w e
ɛ s e i e a _ a a n s o r k y i ɔ s e s
b o b e b ɛ a
m k ɔ ɛ r e n n
k ɔ f ɛ a _ a a
b ɛ w s ɛ b a m m b b
e n n u k ɔ y _ m k ɔ a a g u r e b o ɔ
i e _ a f ɛ k e
n k ɔ a s e n e
b ɛ t t a b ɛ f o e u m
k ɔ f ɛ h u e b ɔ _
r e n i n o m k a e _ r e e
ɛ k ɔ o m e ɛ f o a k ɔ a e s o r
a _ a o ɔ b i k y
_ a w e r e t t a _ r f a g u n d w u a
a b ɔ s u e
b ɔ _ n t w
ɛ k ɔ e n k o e
b ɛ p e
n d a e
g y e e b a a t a
ɛ d i n s b a e o b ɔ m a _ ɛ s a
e ɛ e h o ɛ y i e
m m k h a m e e ɛ b a e k ɔ e m k ɔ i
b ɛ d _ a r e
a n n w b ɛ m n h o h r
e k a u o e ɛ m i n n g _ n n h ɛ
b ɛ y _ n n a a ɛ h i e
a _ r w _ a h a
u n t e ɔ w o ɛ r e
e y i m b ɛ ɛ a b ɔ
n h o o a _ r b ɔ m m i n n a r
n a _ b t a r e n a t
i e e w e ɔ a n e
_ d ɛ k u a p n y i e ɛ b u e
r e k f a _ n k n n o
a t m u n k ɔ r b ɛ d e r e f ɛ
ɛ b u e
ɔ y ɛ e a _ n n a g y e b ɛ u
a k a
e n a n n h s i ɔ g y ɛ h u n b o r e
n n s n m m k h ɔ m i e n k ɔ
k a ɛ w i n s o r m b ɔ n _ r e i
ɔ h y ɔ n a t a _ r b
_ a t _ m m i e
ɛ g u r
_ m m i ɛ n y m u _ n u m m b k
n n s m ɛ t a s a e _ m m ɛ n n n m
ɔ g y e
n n a n ɛ h w a _ n r e b n _ n n ɔ
a _ r d h w ɛ
a _ a ɛ n k e a ɔ k u m m f ɛ ɛ b i a
_ r e n b ɔ n n t n
a t w k ɔ d e m m r e k g ɔ b u _ n
b ɛ b a r a b i
ɛ t e a
a n t r e k n a _ f
k ɔ h a m m e
ɔ w _ m p a b ɔ n n a e n n h n
_ r e y u a
n s e e
_ n k n
ɛ y i _ m m a s o r e k b
a t a e k ɔ t a e b ɛ e
ɛ b i e b i a k u e n n s m a k u _ a b t
a k ɔ u ɛ h w e o s
ɛ t a
o ɛ r e n s _ a s ɛ k ɔ p a
a _ a i ɛ h o r e b d e k e k ɛ s a
a n o n n h n
o h n a e i _ n o e n n y o _ d e a m m o
ɛ k ɔ
_ a t r a b a _ a b k
e k a u
m b ɛ ɛ n n k f r e m n s e n n k k
d w u a a k y i _ a ɛ
n n s ɛ
o m e a h o o . . k o n b ɛ y w a k ɔ w
a _ a w e b o o ɛ h y _ a _ r d
i w ɛ y ɛ e ɛ s u a a b ɔ m _ a h h e r e
_ r e k ɔ n i e s u a ɔ p b a
h u n ɛ s e s t w e ɛ e ɛ n g ɔ n y
ɛ f ɔ h w h ɛ t a
a k e ɛ w ɔ d r e b e e d i
a _ r d ɛ r o n i e k ɔ y _
ɔ k _ r e a b ɛ a n n k i
n n d e a s k y e e e k y ɛ b a e
n n d _ n s a u r e n i
a y e e n a f ɔ s e m m p a
i a e o m e
b ɛ b s n t a e r e k s e k ɔ y
a e e ɔ m ɛ g u n
a _ r
e b o ɔ ɛ h u t n n h _ m m ɛ
e k ɔ w r e m b
ɔ t w r a _ n s a k a ɔ y a t e a i e e
r e h n g u a b ɛ o
ɛ e ɛ t a e n a _ a _ n t u n t w r
a g u r r o
y i e
m m b s
s o a n n w r e k e n a _ h r e b w
ɔ w o o
ɛ s u r o e ɛ b i a ɛ s a y ɛ e a m
b ɛ b _ m m k t e d a a ɛ t ɔ e ɛ w
_ . a b ɛ o w e e o b
r e k g o h o o
_ r b ɛ k k a d w ɔ d a a b o b n d a e
a b a e f _ a t _ ɔ f
_ a k p n k e ɛ k ɔ d a _ s
r e n d s o _ a ɛ g u r
u n t ɔ _ n a ɔ _ ɛ y i e
o b ɔ e ɔ n a t
m m k n ɔ h w e s a m
m k ɔ y ɔ s u
y i
m p w ɛ n a _ k _ a y e n y m
b ɔ _ p
_ a f w e r ɔ b u e r a n t ɛ h u n
a h h o r
w _ . _ a b h s a e a d i n s o ɛ e
e t w m b ɛ o k y e ɛ e b u
i s a e s o ɛ e ɛ m e n d i n a b ɛ y
a s o ɛ m a a _ r p ɔ y ɛ e k u r e g e
m m b k a k a k ɔ m e
_ a g a _ a b f ɛ b ɔ n m k ɔ ɔ i m e t w ɔ
ɔ y e t w e ɛ e ɔ n a k ɔ u _ r e m
e b i a
m m b _ k ɔ g _ _ . . _ n s e k ɔ g
a n e ɔ s a b u n n h h u t u e
e y ɛ a m m k y r e h n a n a t _ r
m u e _ a b k
e n n e n y b ɛ b e
e s u a
n n h h
n n k m
m m b m
