п е р е н а п р а в л е н и е
п е р е н а п р а в л е н и е
п е р е н а п р а в л е н и е м
п е р е н а п р а в л е н и и
п е р е н а п р а в л е н и й
п е р е н а п р а в л е н и ю
п е р е н а п р а в л е н и я
п е р е н а п р а в л е н и я
п е р е н а п р а в л е н и я
п е р е н а п р а в л е н и я м
п е р е н а п р а в л е н и я м и
п е р е н а п р а в л е н и я х
р а й о н
р а й о н
р а й о н а
р а й о н а м
р а й о н а м и
р а й о н а х
р а й о н е
р а й о н о в
р а й о н о м
р а й о н у
р а й о н ы
с о с т а в
с о с т а в
с о с т а в а
с о с т а в а м
с о с т а в а м и
с о с т а в а х
с о с т а в е
с о с т а в о в
с о с т а в о м
с о с т а в у
с о с т а в ы
с о с т а в ы
я н в а р е
я н в а р е й
я н в а р ё м
я н в а р и
я н в а р ь
я н в а р ь
я н в а р ю
я н в а р я
я н в а р я м
я н в а р я м и
я н в а р я х
д е к а б р е
д е к а б р е й
д е к а б р ё м
д е к а б р и
д е к а б р ь
д е к а б р ь
д е к а б р ю
д е к а б р я
д е к а б р я м
д е к а б р я м и
д е к а б р я х
с е н т я б р е
с е н т я б р е й
с е н т я б р ё м
с е н т я б р и
с е н т я б р ь
с е н т я б р ь
с е н т я б р ю
с е н т я б р я
с е н т я б р я м
с е н т я б р я м и
с е н т я б р я х
о к т я б р е
о к т я б р е й
о к т я б р ё м
о к т я б р и
о к т я б р ь
о к т я б р ь
о к т я б р ю
о к т я б р я
о к т я б р я м
о к т я б р я м и
о к т я б р я х
а в г у с т
а в г у с т
а в г у с т а
а в г у с т а м
а в г у с т а м и
а в г у с т а х
а в г у с т е
а в г у с т о в
а в г у с т о м
а в г у с т у
а в г у с т ы
а п р е л е
а п р е л е й
а п р е л е м
а п р е л и
а п р е л ь
а п р е л ь
а п р е л ю
а п р е л я
а п р е л я м
а п р е л я м и
а п р е л я х
н о я б р е
н о я б р е й
н о я б р ё м
н о я б р и
н о я б р ь
н о я б р ь
н о я б р ю
н о я б р я
н о я б р я м
н о я б р я м и
н о я б р я х
д е р е в е н ь
д е р е в н е
д е р е в н е
д е р е в н е й
д е р е в н и
д е р е в н и
д е р е в н ю
д е р е в н я
д е р е в н я м
д е р е в н я м и
д е р е в н я х
ф е в р а л е
ф е в р а л е й
ф е в р а л ё м
ф е в р а л и
ф е в р а л ь
ф е в р а л ь
ф е в р а л ю
ф е в р а л я
ф е в р а л я м
ф е в р а л я м и
ф е в р а л я х
т е р р и т о р и е й
т е р р и т о р и и
т е р р и т о р и и
т е р р и т о р и и
т е р р и т о р и и
т е р р и т о р и й
т е р р и т о р и ю
т е р р и т о р и я
т е р р и т о р и я м
т е р р и т о р и я м и
т е р р и т о р и я х
н а с е л е н и е
н а с е л е н и е
н а с е л е н и е м
н а с е л е н и и
н а с е л е н и й
н а с е л е н и ю
н а с е л е н и я
н а с е л е н и я
н а с е л е н и я м
н а с е л е н и я м и
н а с е л е н и я х
к а ч е с т в
к а ч е с т в а
к а ч е с т в а
к а ч е с т в а м
к а ч е с т в а м и
к а ч е с т в а х
к а ч е с т в е
к а ч е с т в о
к а ч е с т в о
к а ч е с т в о м
к а ч е с т в у
и с т о р и е й
и с т о р и и
и с т о р и и
и с т о р и и
и с т о р и и
и с т о р и й
и с т о р и ю
и с т о р и я
и с т о р и я м
и с т о р и я м и
и с т о р и я х
у ч а с т и е
у ч а с т и е
у ч а с т и е м
у ч а с т и и
у ч а с т и й
у ч а с т и ю
у ч а с т и я
у ч а с т и я
у ч а с т и я м
у ч а с т и я м и
у ч а с т и я х
у н и в е р с и т е т
у н и в е р с и т е т
у н и в е р с и т е т а
у н и в е р с и т е т а м
у н и в е р с и т е т а м и
у н и в е р с и т е т а х
у н и в е р с и т е т е
у н и в е р с и т е т о в
у н и в е р с и т е т о м
у н и в е р с и т е т у
у н и в е р с и т е т ы
п у н к т
п у н к т
п у н к т а
п у н к т а м
п у н к т а м и
п у н к т а х
п у н к т е
п у н к т о в
п у н к т о м
п у н к т у
п у н к т ы
р а б о т
р а б о т а
р а б о т а м
р а б о т а м и
р а б о т а х
р а б о т е
р а б о т е
р а б о т о й
р а б о т у
р а б о т ы
р а б о т ы
п е р и о д
п е р и о д
п е р и о д а
п е р и о д а м
п е р и о д а м и
п е р и о д а х
п е р и о д е
п е р и о д о в
п е р и о д о м
п е р и о д у
п е р и о д ы
д а н н ы е
д а н н ы е
д а н н ы м
д а н н ы м и
д а н н ы х
д а н н ы х
с т е п е н е й
с т е п е н и
с т е п е н и
с т е п е н и
с т е п е н и
с т е п е н ь
с т е п е н ь
с т е п е н ь ю
с т е п е н я м
с т е п е н я м и
с т е п е н я х
п о с е л е н и е
п о с е л е н и е
п о с е л е н и е м
п о с е л е н и и
п о с е л е н и й
п о с е л е н и ю
п о с е л е н и я
п о с е л е н и я
п о с е л е н и я
п о с е л е н и я м
п о с е л е н и я м и
п о с е л е н и я х
б у д е м _ р а б о т а т ь
б у д е т е _ р а б о т а т ь
б у д е т _ р а б о т а т ь
б у д е ш ь _ р а б о т а т ь
б у д у _ р а б о т а т ь
б у д у т _ р а б о т а т ь
р а б о т а в
р а б о т а в ш и й
р а б о т а е м
р а б о т а е т
р а б о т а е т е
р а б о т а е ш ь
р а б о т а й
р а б о т а й т е
р а б о т а л
р а б о т а л а
р а б о т а л и
р а б о т а л о
р а б о т а т ь
р а б о т а ю
р а б о т а ю т
р а б о т а ю щ и й
р а б о т а я
с б о р н а я
с б о р н о й
с б о р н о й
с б о р н о й
с б о р н о й
с б о р н у ю
с б о р н ы е
с б о р н ы е
с б о р н ы м
с б о р н ы м и
с б о р н ы х
с б о р н ы х
с о в е т с к а я
с о в е т с к и е
с о в е т с к и е
с о в е т с к и й
с о в е т с к и й
с о в е т с к и м
с о в е т с к и м
с о в е т с к и м
с о в е т с к и м и
с о в е т с к и х
с о в е т с к и х
с о в е т с к и х
с о в е т с к о г о
с о в е т с к о г о
с о в е т с к о г о
с о в е т с к о е
с о в е т с к о е
с о в е т с к о й
с о в е т с к о й
с о в е т с к о й
с о в е т с к о й
с о в е т с к о м
с о в е т с к о м
с о в е т с к о м у
с о в е т с к о м у
с о в е т с к у ю
с е л ь с к а я
с е л ь с к и е
с е л ь с к и е
с е л ь с к и й
с е л ь с к и й
с е л ь с к и м
с е л ь с к и м
с е л ь с к и м
с е л ь с к и м и
с е л ь с к и х
с е л ь с к и х
с е л ь с к и х
с е л ь с к о г о
с е л ь с к о г о
с е л ь с к о г о
с е л ь с к о е
с е л ь с к о е
с е л ь с к о й
с е л ь с к о й
с е л ь с к о й
с е л ь с к о й
с е л ь с к о м
с е л ь с к о м
с е л ь с к о м у
с е л ь с к о м у
с е л ь с к у ю
р е з у л ь т а т
р е з у л ь т а т
р е з у л ь т а т а
р е з у л ь т а т а м
р е з у л ь т а т а м и
р е з у л ь т а т а х
р е з у л ь т а т е
р е з у л ь т а т о в
р е з у л ь т а т о м
р е з у л ь т а т у
р е з у л ь т а т ы
ц е р к в е й
ц е р к в и
ц е р к в и
ц е р к в и
ц е р к в и
ц е р к в я м
ц е р к в я м и
ц е р к в я х
ц е р к о в ь
ц е р к о в ь
ц е р к о в ь ю
о б р а з о в а н и е
о б р а з о в а н и е
о б р а з о в а н и е м
о б р а з о в а н и и
о б р а з о в а н и й
о б р а з о в а н и ю
о б р а з о в а н и я
о б р а з о в а н и я
о б р а з о в а н и я м
о б р а з о в а н и я м и
о б р а з о в а н и я х
с т р а н
с т р а н а
с т р а н а м
с т р а н а м и
с т р а н а х
с т р а н е
с т р а н е
с т р а н о й
с т р а н у
с т р а н ы
с т р а н ы
п е р е п и с е й
п е р е п и с и
п е р е п и с и
п е р е п и с и
п е р е п и с и
п е р е п и с ь
п е р е п и с ь
п е р е п и с ь ю
п е р е п и с я м
п е р е п и с я м и
п е р е п и с я х
п а р т и е й
п а р т и и
п а р т и и
п а р т и и
п а р т и и
п а р т и й
п а р т и ю
п а р т и я
п а р т и я м
п а р т и я м и
п а р т и я х
т е ч е н и е
т е ч е н и е
т е ч е н и е м
т е ч е н и и
т е ч е н и й
т е ч е н и ю
т е ч е н и я
т е ч е н и я
т е ч е н и я м
т е ч е н и я м и
т е ч е н и я х
к о м а н д
к о м а н д а
к о м а н д а м
к о м а н д а м и
к о м а н д а х
к о м а н д е
к о м а н д е
к о м а н д о й
к о м а н д у
к о м а н д ы
к о м а н д ы
к у л ь т у р
к у л ь т у р а
к у л ь т у р а м
к у л ь т у р а м и
к у л ь т у р а х
к у л ь т у р е
к у л ь т у р е
к у л ь т у р о й
к у л ь т у р у
к у л ь т у р ы
к у л ь т у р ы
с т о р о н
с т о р о н а
с т о р о н а м
с т о р о н а м и
с т о р о н а х
с т о р о н е
с т о р о н е
с т о р о н о й
с т о р о н у
с т о р о н ы
с т о р о н ы
и м п е р и е й
и м п е р и и
и м п е р и и
и м п е р и и
и м п е р и и
и м п е р и и
и м п е р и й
и м п е р и ю
и м п е р и я
и м п е р и я м
и м п е р и я м и
и м п е р и я х
ч е м п и о н а т
ч е м п и о н а т
ч е м п и о н а т а
ч е м п и о н а т а м
ч е м п и о н а т а м и
ч е м п и о н а т а х
ч е м п и о н а т е
ч е м п и о н а т о в
ч е м п и о н а т о м
ч е м п и о н а т у
ч е м п и о н а т ы
ц е н т р
ц е н т р
ц е н т р а
ц е н т р а м
ц е н т р а м и
ц е н т р а х
ц е н т р е
ц е н т р о в
ц е н т р о м
ц е н т р у
ц е н т р ы
м и р о в а я
м и р о в о г о
м и р о в о г о
м и р о в о г о
м и р о в о е
м и р о в о е
м и р о в о й
м и р о в о й
м и р о в о й
м и р о в о й
м и р о в о й
м и р о в о й
м и р о в о м
м и р о в о м
м и р о в о м у
м и р о в о м у
м и р о в у ю
м и р о в ы е
м и р о в ы е
м и р о в ы м
м и р о в ы м
м и р о в ы м
м и р о в ы м и
м и р о в ы х
м и р о в ы х
м и р о в ы х
а к а д е м и е й
а к а д е м и и
а к а д е м и и
а к а д е м и и
а к а д е м и и
а к а д е м и й
а к а д е м и ю
а к а д е м и я
а к а д е м и я м
а к а д е м и я м и
а к а д е м и я х
к о м п а н и е й
к о м п а н и и
к о м п а н и и
к о м п а н и и
к о м п а н и и
к о м п а н и й
к о м п а н и ю
к о м п а н и я
к о м п а н и я м
к о м п а н и я м и
к о м п а н и я х
п р е м и е й
п р е м и и
п р е м и и
п р е м и и
п р е м и и
п р е м и й
п р е м и ю
п р е м и я
п р е м и я м
п р е м и я м и
п р е м и я х
с е з о н
с е з о н
с е з о н а
с е з о н а м
с е з о н а м и
с е з о н а х
с е з о н е
с е з о н о в
с е з о н о м
с е з о н у
с е з о н ы
с е з о н ы
н а с т о я щ е г о
н а с т о я щ е е
н а с т о я щ е е
н а с т о я щ е м
н а с т о я щ е м у
н а с т о я щ и м
о р г а н и з а ц и е й
о р г а н и з а ц и и
о р г а н и з а ц и и
о р г а н и з а ц и и
о р г а н и з а ц и и
о р г а н и з а ц и й
о р г а н и з а ц и ю
о р г а н и з а ц и я
о р г а н и з а ц и я м
о р г а н и з а ц и я м и
о р г а н и з а ц и я х
у п р а в л е н и е
у п р а в л е н и е
у п р а в л е н и е м
у п р а в л е н и и
у п р а в л е н и й
у п р а в л е н и ю
у п р а в л е н и я
у п р а в л е н и я
у п р а в л е н и я м
у п р а в л е н и я м и
у п р а в л е н и я х
с т а н ц и е й
с т а н ц и и
с т а н ц и и
с т а н ц и и
с т а н ц и и
с т а н ц и й
с т а н ц и ю
с т а н ц и я
с т а н ц и я м
с т а н ц и я м и
с т а н ц и я х
п л о щ а д е й
п л о щ а д и
п л о щ а д и
п л о щ а д и
п л о щ а д и
п л о щ а д ь
п л о щ а д ь
п л о щ а д ь ю
п л о щ а д я м
п л о щ а д я м и
п л о щ а д я х
р о с с и й с к а я
р о с с и й с к и е
р о с с и й с к и е
р о с с и й с к и й
р о с с и й с к и й
р о с с и й с к и м
р о с с и й с к и м
р о с с и й с к и м
р о с с и й с к и м и
р о с с и й с к и х
р о с с и й с к и х
р о с с и й с к и х
р о с с и й с к о г о
р о с с и й с к о г о
р о с с и й с к о г о
р о с с и й с к о е
р о с с и й с к о е
р о с с и й с к о й
р о с с и й с к о й
р о с с и й с к о й
р о с с и й с к о й
р о с с и й с к о м
р о с с и й с к о м
р о с с и й с к о м у
р о с с и й с к о м у
р о с с и й с к у ю
м е т р
м е т р
м е т р а
м е т р а м
м е т р а м и
м е т р а х
м е т р е
м е т р о в
м е т р о м
м е т р у
м е т р ы
г у б е р н и е й
г у б е р н и и
г у б е р н и и
г у б е р н и и
г у б е р н и и
г у б е р н и и
г у б е р н и й
г у б е р н и ю
г у б е р н и я
г у б е р н и я м
г у б е р н и я м и
г у б е р н и я х
к о л и ч е с т в
к о л и ч е с т в а
к о л и ч е с т в а
к о л и ч е с т в а м
к о л и ч е с т в а м и
к о л и ч е с т в а х
к о л и ч е с т в е
к о л и ч е с т в о
к о л и ч е с т в о
к о л и ч е с т в о м
к о л и ч е с т в у
д е я т е л е
д е я т е л е й
д е я т е л е м
д е я т е л и
д е я т е л ь
д е я т е л ю
д е я т е л я
д е я т е л я
д е я т е л я м
д е я т е л я м и
д е я т е л я х
а л ь б о м
а л ь б о м
а л ь б о м а
а л ь б о м а м
а л ь б о м а м и
а л ь б о м а х
а л ь б о м е
а л ь б о м о в
а л ь б о м о м
а л ь б о м у
а л ь б о м ы
а л ь б о м ы
д и в и з и е й
д и в и з и и
д и в и з и и
д и в и з и и
д и в и з и и
д и в и з и и
д и в и з и й
д и в и з и ю
д и в и з и я
д и в и з и я м
д и в и з и я м и
д и в и з и я х
г о с у д а р с т в е н н а я
г о с у д а р с т в е н н о г о
г о с у д а р с т в е н н о г о
г о с у д а р с т в е н н о г о
г о с у д а р с т в е н н о е
г о с у д а р с т в е н н о е
г о с у д а р с т в е н н о й
г о с у д а р с т в е н н о й
г о с у д а р с т в е н н о й
г о с у д а р с т в е н н о й
г о с у д а р с т в е н н о м
г о с у д а р с т в е н н о м
г о с у д а р с т в е н н о м у
г о с у д а р с т в е н н о м у
г о с у д а р с т в е н н у ю
г о с у д а р с т в е н н ы е
г о с у д а р с т в е н н ы е
г о с у д а р с т в е н н ы й
г о с у д а р с т в е н н ы й
г о с у д а р с т в е н н ы м
г о с у д а р с т в е н н ы м
г о с у д а р с т в е н н ы м
г о с у д а р с т в е н н ы м и
г о с у д а р с т в е н н ы х
г о с у д а р с т в е н н ы х
г о с у д а р с т в е н н ы х
п е р в о г о
п е р в о е
п е р в о е
п е р в о м
п е р в о м у
п е р в ы е
п е р в ы е
п е р в ы м
п е р в ы м
п е р в ы м и
п е р в ы х
п е р в ы х
м о м е н т
м о м е н т
м о м е н т а
м о м е н т а м
м о м е н т а м и
м о м е н т а х
м о м е н т е
м о м е н т о в
м о м е н т о м
м о м е н т у
м о м е н т ы
р а з л и ч е н
р а з л и ч н а
р а з л и ч н а я
р а з л и ч н о
р а з л и ч н о г о
р а з л и ч н о г о
р а з л и ч н о г о
р а з л и ч н о е
р а з л и ч н о е
р а з л и ч н о й
р а з л и ч н о й
р а з л и ч н о й
р а з л и ч н о й
р а з л и ч н о м
р а з л и ч н о м
р а з л и ч н о м у
р а з л и ч н о м у
р а з л и ч н у ю
р а з л и ч н ы
р а з л и ч н ы е
р а з л и ч н ы е
р а з л и ч н ы й
р а з л и ч н ы й
р а з л и ч н ы м
р а з л и ч н ы м
р а з л и ч н ы м
р а з л и ч н ы м и
р а з л и ч н ы х
р а з л и ч н ы х
р а з л и ч н ы х
д е я т е л ь н о с т е й
д е я т е л ь н о с т и
д е я т е л ь н о с т и
д е я т е л ь н о с т и
д е я т е л ь н о с т и
д е я т е л ь н о с т ь
д е я т е л ь н о с т ь
д е я т е л ь н о с т ь ю
д е я т е л ь н о с т я м
д е я т е л ь н о с т я м и
д е я т е л ь н о с т я х
ф и л ь м
ф и л ь м
ф и л ь м а
ф и л ь м а м
ф и л ь м а м и
ф и л ь м а х
ф и л ь м е
ф и л ь м о в
ф и л ь м о м
ф и л ь м у
ф и л ь м ы
и н с т и т у т
и н с т и т у т
и н с т и т у т а
и н с т и т у т а м
и н с т и т у т а м и
и н с т и т у т а х
и н с т и т у т е
и н с т и т у т о в
и н с т и т у т о м
и н с т и т у т у
и н с т и т у т ы
ч а с т н о с т е й
ч а с т н о с т и
ч а с т н о с т и
ч а с т н о с т и
ч а с т н о с т и
ч а с т н о с т ь
ч а с т н о с т ь
ч а с т н о с т ь ю
ч а с т н о с т я м
ч а с т н о с т я м и
ч а с т н о с т я х
с о в е т
с о в е т
с о в е т а
с о в е т а м
с о в е т а м и
с о в е т а х
с о в е т е
с о в е т о в
с о в е т о м
с о в е т у
с о в е т ы
о с н о в н о г о
о с н о в н о е
о с н о в н о е
о с н о в н о м
о с н о в н о м у
о с н о в н ы м
з н а ч е н и е
з н а ч е н и е
з н а ч е н и е м
з н а ч е н и и
з н а ч е н и й
з н а ч е н и ю
з н а ч е н и я
з н а ч е н и я
з н а ч е н и я м
з н а ч е н и я м и
з н а ч е н и я х
к л а д б и щ
к л а д б и щ а
к л а д б и щ а
к л а д б и щ а м
к л а д б и щ а м и
к л а д б и щ а х
к л а д б и щ е
к л а д б и щ е
к л а д б и щ е
к л а д б и щ е м
к л а д б и щ у
л е т н е
л е т н е г о
л е т н е г о
л е т н е г о
л е т н е е
л е т н е е
л е т н е й
л е т н е й
л е т н е й
л е т н е й
л е т н е м
л е т н е м
л е т н е м у
л е т н е м у
л е т н и
л е т н и е
л е т н и е
л е т н и й
л е т н и й
л е т н и м
л е т н и м
л е т н и м
л е т н и м и
л е т н и х
л е т н и х
л е т н и х
л е т н ю ю
л е т н я
л е т н я я
м н о г
м н о г а
м н о г а я
м н о г и
м н о г и е
м н о г и е
м н о г и й
м н о г и й
м н о г и м
м н о г и м
м н о г и м
м н о г и м и
м н о г и х
м н о г и х
м н о г и х
м н о г о
м н о г о г о
м н о г о г о
м н о г о г о
м н о г о е
м н о г о е
м н о г о й
м н о г о й
м н о г о й
м н о г о й
м н о г о м
м н о г о м
м н о г о м у
м н о г о м у
м н о г у ю
д о л ж н о с т е й
д о л ж н о с т и
д о л ж н о с т и
д о л ж н о с т и
д о л ж н о с т и
д о л ж н о с т ь
д о л ж н о с т ь
д о л ж н о с т ь ю
д о л ж н о с т я м
д о л ж н о с т я м и
д о л ж н о с т я х
п о с ё л к а
п о с ё л к а м
п о с ё л к а м и
п о с ё л к а х
п о с ё л к е
п о с ё л к и
п о с ё л к и
п о с ё л к о в
п о с ё л к о м
п о с ё л к у
п о с ё л о к
п о с ё л о к
г о р о д с к а я
г о р о д с к и е
г о р о д с к и е
г о р о д с к и м
г о р о д с к и м
г о р о д с к и м
г о р о д с к и м и
г о р о д с к и х
г о р о д с к и х
г о р о д с к и х
г о р о д с к о г о
г о р о д с к о г о
г о р о д с к о г о
г о р о д с к о е
г о р о д с к о е
г о р о д с к о й
г о р о д с к о й
г о р о д с к о й
г о р о д с к о й
г о р о д с к о й
г о р о д с к о й
г о р о д с к о м
г о р о д с к о м
г о р о д с к о м у
г о р о д с к о м у
г о р о д с к у ю
ч л е н
ч л е н
ч л е н а
ч л е н а
ч л е н а м
ч л е н а м и
ч л е н а х
ч л е н е
ч л е н о в
ч л е н о в
ч л е н о м
ч л е н у
ч л е н ы
ч л е н ы
т е а т р
т е а т р
т е а т р а
т е а т р а м
т е а т р а м и
т е а т р а х
т е а т р е
т е а т р о в
т е а т р о м
т е а т р у
т е а т р ы
п о м о щ а м
п о м о щ а м и
п о м о щ а х
п о м о щ е й
п о м о щ и
п о м о щ и
п о м о щ и
п о м о щ и
п о м о щ ь
п о м о щ ь
п о м о щ ь ю
р е ш е н и е
р е ш е н и е
р е ш е н и е м
р е ш е н и и
р е ш е н и й
р е ш е н и ю
р е ш е н и я
р е ш е н и я
р е ш е н и я м
р е ш е н и я м и
р е ш е н и я х
о с н о в
о с н о в а
о с н о в а м
о с н о в а м и
о с н о в а х
о с н о в е
о с н о в е
о с н о в о й
о с н о в у
о с н о в ы
о с н о в ы
и с к у с с т в
и с к у с с т в а
и с к у с с т в а
и с к у с с т в а м
и с к у с с т в а м и
и с к у с с т в а х
и с к у с с т в е
и с к у с с т в о
и с к у с с т в о
и с к у с с т в о м
и с к у с с т в у
в о з р а с т
в о з р а с т
в о з р а с т а
в о з р а с т а м
в о з р а с т а м и
в о з р а с т а х
в о з р а с т е
в о з р а с т о в
в о з р а с т о м
в о з р а с т у
в о з р а с т ы
а л ф а в и т
а л ф а в и т
а л ф а в и т а
а л ф а в и т а м
а л ф а в и т а м и
а л ф а в и т а х
а л ф а в и т е
а л ф а в и т о в
а л ф а в и т о м
а л ф а в и т у
а л ф а в и т ы
п р о ф е с с о р
п р о ф е с с о р а
п р о ф е с с о р а
п р о ф е с с о р а
п р о ф е с с о р а м
п р о ф е с с о р а м и
п р о ф е с с о р а х
п р о ф е с с о р е
п р о ф е с с о р о в
п р о ф е с с о р о м
п р о ф е с с о р у
а м е р и к а н с к а я
а м е р и к а н с к и е
а м е р и к а н с к и е
а м е р и к а н с к и й
а м е р и к а н с к и й
а м е р и к а н с к и м
а м е р и к а н с к и м
а м е р и к а н с к и м
а м е р и к а н с к и м и
а м е р и к а н с к и х
а м е р и к а н с к и х
а м е р и к а н с к и х
а м е р и к а н с к о г о
а м е р и к а н с к о г о
а м е р и к а н с к о г о
а м е р и к а н с к о е
а м е р и к а н с к о е
а м е р и к а н с к о й
а м е р и к а н с к о й
а м е р и к а н с к о й
а м е р и к а н с к о й
а м е р и к а н с к о м
а м е р и к а н с к о м
а м е р и к а н с к о м у
а м е р и к а н с к о м у
а м е р и к а н с к у ю
в е р с и е й
в е р с и и
в е р с и и
в е р с и и
в е р с и и
в е р с и и
в е р с и й
в е р с и ю
в е р с и я
в е р с и я м
в е р с и я м и
в е р с и я х
п р о в и н ц и е й
п р о в и н ц и и
п р о в и н ц и и
п р о в и н ц и и
п р о в и н ц и и
п р о в и н ц и и
п р о в и н ц и й
п р о в и н ц и ю
п р о в и н ц и я
п р о в и н ц и я м
п р о в и н ц и я м и
п р о в и н ц и я х
в о й с к
в о й с к а
в о й с к а
в о й с к а м
в о й с к а м и
в о й с к а х
ф у т б о л и с т
ф у т б о л и с т а
ф у т б о л и с т а
ф у т б о л и с т а м
ф у т б о л и с т а м и
ф у т б о л и с т а х
ф у т б о л и с т е
ф у т б о л и с т о в
ф у т б о л и с т о м
ф у т б о л и с т у
ф у т б о л и с т ы
р у к о в о д с т в
р у к о в о д с т в а
р у к о в о д с т в а
р у к о в о д с т в а
р у к о в о д с т в а м
р у к о в о д с т в а м и
р у к о в о д с т в а х
р у к о в о д с т в е
р у к о в о д с т в о
р у к о в о д с т в о
р у к о в о д с т в о м
р у к о в о д с т в у
с п о р т
с п о р т
с п о р т а
с п о р т а м
с п о р т а м и
с п о р т а х
с п о р т е
с п о р т о в
с п о р т о м
с п о р т у
с п о р т ы
о б ы ч е н
о б ы ч н а
о б ы ч н а я
о б ы ч н о
о б ы ч н о г о
о б ы ч н о г о
о б ы ч н о г о
о б ы ч н о е
о б ы ч н о е
о б ы ч н о й
о б ы ч н о й
о б ы ч н о й
о б ы ч н о й
о б ы ч н о м
о б ы ч н о м
о б ы ч н о м у
о б ы ч н о м у
о б ы ч н у ю
о б ы ч н ы
о б ы ч н ы е
о б ы ч н ы е
о б ы ч н ы й
о б ы ч н ы й
о б ы ч н ы м
о б ы ч н ы м
о б ы ч н ы м
о б ы ч н ы м и
о б ы ч н ы х
о б ы ч н ы х
о б ы ч н ы х
р а м к а
р а м к а м
р а м к а м и
р а м к а х
р а м к е
р а м к е
р а м к и
р а м к и
р а м к о й
р а м к у
р а м о к
к о м м у н
к о м м у н а
к о м м у н а м
к о м м у н а м и
к о м м у н а х
к о м м у н е
к о м м у н е
к о м м у н о й
к о м м у н у
к о м м у н ы
к о м м у н ы
к о м м у н ы
с е л ь с о в е т
с е л ь с о в е т
с е л ь с о в е т а
с е л ь с о в е т а м
с е л ь с о в е т а м и
с е л ь с о в е т а х
с е л ь с о в е т е
с е л ь с о в е т о в
с е л ь с о в е т о м
с е л ь с о в е т у
с е л ь с о в е т ы
с е л ь с о в е т ы
н о в о г о
н о в о е
н о в о е
н о в о м
н о в о м у
н о в ы е
н о в ы е
н о в ы м
н о в ы м
н о в ы м и
н о в ы х
н о в ы х
о к о н ч а н и е
о к о н ч а н и е
о к о н ч а н и е м
о к о н ч а н и и
о к о н ч а н и й
о к о н ч а н и ю
о к о н ч а н и я
о к о н ч а н и я
о к о н ч а н и я м
о к о н ч а н и я м и
о к о н ч а н и я х
д о л ж е н
д о л ж н а
д о л ж н а я
д о л ж н о
д о л ж н о г о
д о л ж н о г о
д о л ж н о г о
д о л ж н о е
д о л ж н о е
д о л ж н о й
д о л ж н о й
д о л ж н о й
д о л ж н о й
д о л ж н о м
д о л ж н о м
д о л ж н о м у
д о л ж н о м у
д о л ж н у ю
д о л ж н ы
д о л ж н ы е
д о л ж н ы е
д о л ж н ы й
д о л ж н ы й
д о л ж н ы м
д о л ж н ы м
д о л ж н ы м
д о л ж н ы м и
д о л ж н ы х
д о л ж н ы х
д о л ж н ы х
п р о и з в о д с т в
п р о и з в о д с т в а
п р о и з в о д с т в а
п р о и з в о д с т в а м
п р о и з в о д с т в а м и
п р о и з в о д с т в а х
п р о и з в о д с т в е
п р о и з в о д с т в о
п р о и з в о д с т в о
п р о и з в о д с т в о м
п р о и з в о д с т в у
р е ж и с с ё р
р е ж и с с ё р а
р е ж и с с ё р а
р е ж и с с ё р а м
р е ж и с с ё р а м и
р е ж и с с ё р а х
р е ж и с с ё р е
р е ж и с с ё р о в
р е ж и с с ё р о м
р е ж и с с ё р у
р е ж и с с ё р ы
б у д е ш ь _ с т и ю
и с т е а т р а я х
о щ ь ю о н а м у
м у н у о к о н м
е р и и б е е л я х е
л к о м ё р а м е й
д и в р ь м
к о м п о й
р у к о о в
р н и я а р и о й
н ц и и и с я м а х
т а т ы з о н е о м у
н а п р и о л а д б я б а ч е н я м
о в н ы м и а н н о е
т ь е н о м ы
ф у т в и з
е п е н ё р а м ы
т с к о р т и е м у н о м
ч а н к т ы ю
б и щ е я х
т н и щ а
о м а н я щ е м й с к у е н и я м у
а р ю р в о б о л у
к о м п м
р е м р е л я ц е р е н
р а с к о в о г о
н а п р д е р х
р и л о щ а н ч
т а ю м н о м а ы м
о т а х
п и с и а д б и ё м
в и к т ы и
а к а а в о н к т е о
с и я х ы
ь с к у н н я х
у ч и с т е у н к т ы
о с ё л а д ь и о д у о м
с к о м
у б е р с ь ю я
о с т а
ь с а р т а н и о м у
р о и д с т в т н и н и ю к о м а м и
ь с н н о м о с у е
у т у р е ш ы
н к т а р т у
с е л л е н у о д а м
а н д ы о м а н н т р у а м и
й о н с е н н н у ю м к а ч щ у з о н е ё м
о й с о в а и й и
а б р т о р е л м
и т о р и й у
д с к у а м и и
л к а п о с о м у
о р о в о л о м о р с и е н т р у ё л к у в и
с о р в я х ь т о г о
в е р с н к т а
о м е н с т и я х
о г о е м к о ы е
у т ы ь т у я м
н т а м а ц и е и
ь т а о с н о й
с т в а м и
а р т и а т з р а с я
р н ы х л к о м м
е т ы о р е м и р о о й
в а м к о м в о в
о г о м п о с ё н и я х
а т ь ч а с я
г у с т я м
у н к е т н а т у и з а м у
р и ю ч н у ё р а х
з и е й
и с ь е т р о е й
н н а и о д ы е й
а в и т и к а м к е м
б о м п и о н у ю
о я и о д о ж н а ы
я щ е в а р ё о в
о м е а в л е п о р т а
д а н н а п и с с ё о в
д а м н ц и ю ь т а е й
ы х е т р о о я щ ы
а м е р д о й х
у н о й ж н ы с т ь ю о е
о т а я в я м о й
р т а х в и я
е к а т р ы м м а
т е й а д е м м к ж н ы а я
з л н ы х е
д а н н
а б р ь з и ю н и х а
а с т н т и я х й
з и я х с т а н н о й
а м е и
б о ю щ а в а м м
т е л ь а
а е т е т у р о я
в а р ё о м
я щ с ё м о щ и м
д е м и
б о т о н о в р в о г и
о д о в и щ а в я м
т н е е к и
и с т с с ё р х
с б о м а м и к о е е
и х и л и т о р а м о х
е я б и щ у и
а н а м е р е в ы м
м а н д щ а д и ч е н и
а т р ы л о щ а и о д у о м у
н у ю е с т в б у д е й
и с т а м
е н ы а в а х п е ы х
н д о й н и з с о р а ё м
ч н а о д а о г у ю о м
ш и й ю
ё л к а д с е а т р у
т ь е н и ю е
е н т я у р о й о з р а ч е м к и м и а х
т и т а н и е о е
е з о к т о в т н ю ю ь м о и т о м к у с с
а т р ы
ф у т б о н
в у ю а м и
в н я ё р у р и т с с и о м
р е в е я м
з и я х о т я х
е т н я о р г р е ш у ю
р р н н ы м с б о р т а в е р с м а м
р о ф л е м в и т а м
т и е м я м
т е р й о н а о й
р р и а м
ч л е н и н с т ю
р и ю ч н
ч е с т у
с т и е с ь н у а н о й и
р г а н о я б р у н к е
м а н д а н н а х
т а е т и о д о м и
р а м и л ь т в н я х в ш и й
н н ы м а м и
с к у с у д у и е
р а л ё р с и ю м и
л ь б о м
о р о д р и т ж н а е
е р и и р о д к е е р и к а х
а е т е у д у т р н ы е
в о з ё л к и з а ц и м
е ч е б у т е ч
у ч а с о т а я е
е т а н н ы м ы
т а
о м ы м и
т е а т с к а я у
о р г а г о а с т о
ц и е м о м е н о г а о с с и о е
н ц и ю о н а м я
о с о р т у и с к у г о
и з и и й
п л в о д н д а х а
о г а л ь н р а н ы и
в о г о к т я и т ы а х
и о д ы а м е р о й
и щ а м р а м о м и
в е й т е й я
н ь а д я м и с ь ю я х
т р о в о м м у е т о м м
к о м у е й
е м и е
с т н о к о л и я
д о в у н а м с ё л к м и
р о с у н у в е н и
в о з е н т ы е п е н о д о м т с к о
а м к и а р с т п о с н о в о д а р с
н а т м и
е н и ю о р о в а л ф а ы
у б е я м
а н н т а л о е
с и в о й с р о н н с к и ы
т е л и р т о в
р а л е ф у т е к а м
п а н а н и я о й
и с я н т ы и
с т ы о м у
н а т о е н и е а м и
ы м г и м
т о р и л е т а в г у р в т е т ы м а н о в
я б р ю о щ ь
к а н о е
и я м и и й с ч а с ю
у д у у с т е и
и в ч е с т й о н ы а м и
т р ы ц и и с о р
р с т ь с о е л е й т а т а х
с к а с т у о в
й с к а д а р т у т а м
р ь в е н н й
б у д х
а в т а т ы м и
ш е н и е
т н с о р е н а н д о о р т о о л е
а е ш ь о й с л е м х
н о в а и я х д а р с а
с к а я р а в л а
ф е в р ж н о й
а ц м у а
т н я я м и и и
а в а щ а д ь о с у я
н т р е а м и
д е й и т ы
е й м и й о т а в я щ е н н у а л ё а х
а т а м с т а м и
а е т е е г х
н а т
о т о у т у п и с я г а н и о м
ц и е р о в и е п т а е
ь м а х м у
а р ё л ф д е л ь м ы а
з и й щ у н т р о й
т с к и и с т е
о с е о з р ю
н т е и с т д е я т е
в а р с с о з и е й о м
ё л к а ю
а в а п е к о м п о й
и з и и е т н я я м
н о с т ю щ с к а я е л ь в я м и
ч а н и т а ч е и
щ а д я л ж н о у
в ы е р а м к й с к о и
а т р а у р а х х
и с т ы о р и е с с ы е
н т р у х
о т а я а ц и я х
и з с и е р е н м
т а л а е й
е т о й о н а д а н н ы
о р н у я
м о щ е п р о в ц и я м й
м м т е й а т р ы х
й о н ы а в а
ц е р т а е ш
б о т е я
н и е й о й
л к а х о я щ и л ь м о й
о м ы т р о н и е р н о и ч н а с с ё р а х
е р н о с е л о н о м о й
р к в я
р к в я е н у н с р ё
б о м у у р ы
и с т а т с к у р и к а
м п и а е ш ь д с к и о е
с т и и о д е и
в у ю а ч е с ы
д а р с е л е н й
з р а у р а
з л и п а р т и о д у и
н о а л о м п и о а
и т о в л ь б н о м у ы
е л ь с й
щ е м е т р о т я м и о в
о й с
л ь р т е с с о
р е ж и ы
р о и о в у ю я м
о я б р б е е
т у р с т я х л к о в ы
ь м а х з а ц о й
к т а м т а л и а н и е ы м и
и з щ е и
а н д а в и з о й
к л а ь с о ы м
е м у е с с о а м
к и й о б р е
а в у п е н я ы
е м и я м
о щ а д к а я ю
а ч т я о в ы е е
а н и з д а р з и я г а н и а л а а х
и з и я р е л ю й
б у т у р е н и е д я х е
р о н а р и е й и т о в о я щ и а м и
а р я р е п и е р н и о м а м ч а н а б р я
в а р е б р я м я х
а л я м
д е м и ь т а т я м
н у о в ь ю у
е р е п н т я и
а ч е ю
о р а х а м е н о с т я
а н и ю с о в е ы х
о н о м с т и т щ а х к а н с а с е
т я х ж е х
т у т о я м и
т а л о н а с и з и е а м
с и и д с и
а т о б р з а ц и и
т и е й с ь н к т ю
л о т с к у н к т б о м у и щ п р о и у т а х о й
с и я х и
о в а с и й с и с е е
а ю т н ю о г о г
а н с т я м
т е п е о г о
н е р н ы м у н о м б о л н ч а л я х
и ч е н ю щ и й я
к у а р я м к л а е м у
е ч е а н а т е т а и
н о й и
д с к у и
к и м г о с о у т а х
н д а а ц и ю и
о в у ю р а б м
н и ю ю
т н и е б ы ч е
ь м а ё л к о у н е в и
а п о ф е с м к а х я м и
р в о г х
д а м к а н с и т а н в а р е ж и т а й т м
т у т у о м
ё р а т р о в а
у т б о о м у
ь с к о и
р ё м в о г о ю т у
о с у д н а м и
о г о г ё м
т с к у
и в и з д с т т б и т а о в ь
н ц и с и и з р ё м
о г о й
т и ю р о в о з л м к а м ы
т н и х я м и
ё р у о т е о м у
а т е г и м и х
ь м о м р е в е
а н е е р и и и я м е
р и к а е н и ю ы м
н с к о б р ё м а
м и я х е я а м
а д ь р в о е д с к и
т у т ы а р т и и
а н у т е ч ь н е
т а т у з о н а и
а ю щ и е й
и ч е н е н н у и
д о м о м д с т в т а т у й
й о ф е в р я х
т в у у с т у м и
и о т н е е
ё р о м й
н о с р о в а р я м и м
с т о н ц и е е н т о х
ы ч н а т а ю ы ч е о т ы д е к а о е
с т е й а м к е ы
о з щ а м и н ц и е м и и я м
м о м п и о а т ы а с е л й
р а в а р я м ж н ы м я х
п а о р т е в ы е
о т а т я
а р ю о л ж е о щ а м е й
о щ а р н ы х
о т а м и о н р в ы х
н д ы и с т а е й
е т р ы о в ы е н а л ф а м и
д а м а ц и ж н о с х
р т а х н с т н д а х у т б л к о м у
ж н у ю р о д с в и
о л ж н т р й
б и щ е п у
и з а л ь м у а м
ж н о е р т а м е м
к о н з н а
и т а м т е л ь е л и и
й о н ы с т и я ы
б о м ы к о й с н о а м и
в е р с е м у у с т о р в о е у
з л а р т и я
с к и м н ы е з о в а о е
м к о р и т б ы т и я м
д с т а ю н к т е ы х
н ю ю з о т у т а о м
к а д е н и и е
р в и й с к л ж н о и
ч н ы м л и с т р а л я с ё р у е н
о т а х и з а ц м у
я н о н о й у н а е
к и й к в я х щ а д а я
с т а н т с к и о й
я щ е е б ы ч о щ ь ю
т е л я о в ь ю о д у ф е в е т е г о
о б н с т б р е й о м
о м м у о т у т а в о й
т с к у а т а о м у
т у т ы а
е ч о т е и х
д о м ы ч н у о в о е о й
н а ч и с я м м к я
о с ё л б у д у я х
п р е м а в о а б р т а н м е т р а
г и м б ы ч н р и к а а т р о о й
к о м п р е м
и т а о с е л е
м е н т с ь ю о в е о м
р а с т ч а н и е
ч н о м у с т у ь с к о н и я х е ч е р а м и х
ч е с л ь н с к о о м
а ч е с р а н е а
к а ч а м о в е н н р к в я а м и
е р в о д я м ы
с т я ч л е н б е к о в ь а ю щ и т у а с т у е
т о р о б р е м у
р т и и о е д с к и ю
о м о о н о в б о т
в а м и с т и е н и я е
я щ е г е т н и ю
р и о
к у с с м и я а р т и н е е а ц и и е
р о н а д е м о т е я м
в а р и у д е б р ё м а м и
к о г о в и
н к н а м е т о в а х
и щ а ь с к о к
а н е е н т ю
р а с т ч е н и р а з о щ а д ы ч е н ы
о с е п с и я р ё м а м и
р а в л р и ю а х
у б е р к т я т р е
г а я о н ч
м о щ ь у
т и й т р о м
и т о в ы м
а н а м р н о е т н я
й с к а я
ф е с ь с к о ы
т у р а з в о д у
д и а е м о м
б о м у и м п л а д и
г о й й о н ы ё м
и л ь а в ы ч н к о м
н о в о в е м
т р а м о е
е т ы л ж у с т е а х
б о т ы б р я м а н д ы
ц и ю ы х п р о и а
т а в ш я х
в ш о щ а и е м н я м и а
о т а х и ч н ы х
с и я ц и я о й
р и ю л к а я м и
р а м к и
р е ж ч а с й
ь м о н т у б и щ е е з у л я
е н я м и
у р а
в и т ы
р а н у л о к
а м и п е р ы
а н и з о в ы м т с к и н о в н и
б у д е ш ь _ р о н е
ч а с т а м
о щ а м в а х о д у е ш ь
м е о е а д ь ю у т о в ю
к а н р н а я в н о ы м и
о д о в е р и е н ь ю а м и
е г о т а я п и с е г а я в о м у р а л ё у
ф а в и а х в е т е и
и с и о г о й м и
ч е с т р н а я а
в о в м и р о
ф е ч е м р а з е й
к а ч е р о и з е г о
а л ь б с с о р о н а х м и ю
л к а р е н ю
ч л е с т и л е т н о в
ь м й с ы
а н н й
щ а д е з у о и з в и с е й е
е з у р т и ю о
р т о м е н и й а м
е з у л н о в е о м
т в а м ы м и щ у а
д а м ж н о к о е о р и е р р и н и я м ы м
а р ь т в а м е а о г о
а м к а д ы ч н ы м м у
е ч д а л ь б а л ь б т а т о л ь с к а ц и ю а
р о в о у п р о в у м и
н н а е н т и и й
е р с
е м п а п р а м
в а р ю а н д ы р о а б р н д а х о й
е р с
л о о в и о м
п е с ё л к й с к а м
в е й о р и и й
п а н и и
н и е м в н я м е ш ь
ё р у е т р ы а н д а в е н
у н е
и я п о р т о г о
а б р ё и
я м и о с т и у
р е ш н т р ы и
н а ч а т р ы н ц и
п е н а л е п р а т в а и
в и и з и и е
о т а й ч а о щ ь ю м а м и е
т е р у т а к а х й
с т ы н о е о в н и
а н н ы т р о с т р а е й
м е т р н ы с о р у
о м у р н у а
н к т ы у
е ш ь е н о ц и я е к т а е л ж н а л а д б о е
р т и е в н я л ь м о
б у д е ш ь _ ч а с р о м м у н у
т у т а д у о е
т я б р я х
й о н у е н н а ы е
л ь с е н ь ю с т а м о м
ч н ы м п о м о н я м
н с к и р е н а о в о д ь с к а у
м у н е и з и и
а к т в у е н н ы
л е м т я б у т ы в н о
с с т л ь м е а х
б о м у д ь ю р о в о
н с к а ы
ж е н е з о н
н и з а р н ы с и й с е н т а т у р ы е
и с с ё а й т е а
м а м и е в н а м и
т и т м у н и с е й и
й о н у р а з
н я м м и
с к и м р ю о е щ е й о м
у п о м о м ю
е л ь с о м
у с т о к в я м р к в я и
о д б о т е й
л ж е н и
у д а е р с и е
с т и е н ы х с ё р о а х
з р а с е н т я т и
д с т в с т в с к и м ю
м и я у с т ы а х
е т н я у
р и е д у е л е н м
в о й с х
ч а с т п л о щ а н ц н ц и е л ь т у х
н с е т н е р о в у а х
и в и у т о а м и
у н к р а в м
м м е р и е т е т о
и т ы с т р а
о щ а х р в ы х я
а с т и о м а м з о н е й
а л е й н о я б а
б о м е т у т е и ч н
о р и е р н
р р е н т р т а л а о й
в л е н а я
м к и о р в е т у ё р у л ж е а х
р в о п р е и
ф а в с т а м м н о е
в ы м т о р о о м
ж н о с а д я о й
з р а с т о р и ы
а с т н о в ы м м у
б и щ у е н у в а р ю о г о
а ц и я р н ы м я м и
ж н ы р т и ю у к о в м
р я х н и и у б е о м
я н в ч е м п х
а с е д е к а а м
т а т о е л е й а
ж и с с з н а а м
е р и и ё м
с к а е н а е
ф и с и о ф е с к а м
у н у ё л с б о р т б о у ю
е л ь н р е л и и т о м а
в е н ь з и я у с т о о е
л ь с о м а м и а к м
и с к у м а м е
с т и а р т п е н я я м и
а в г у с и й с ы е
м о щ ь а х
н к т а е
м к а и о а т ы ч о т а л у т у л ь с р е з
п е н и у
и щ о т о й б р ю к т о м
а м к у е р е н а х
с я х д я х в о г о й
н т р ы б о м ы о н а с с и т а т ы у
г о р
н н у ю о г у е м у
о н о в т с к о м а и
а ц и и м
л и с т е
м о в т я б я
с и ю е с с о
р о с с а
н т р о е т р у м
т у р у з а ц и н е е
н с т и о м
к о м м а т р о х
р е в е к и х у ю
е м и а р ь ж н о й о й
в о м у а м и
о м м у а н ы о ф е в о д с р р и и
о р а р с и о г б р ю ш е н е р р п е
я б р я
е н н н ы м г о м а н н ы
г у б и
ж н о м ё р е х
д е т о в и
е т у д я х к и
н а т а н с о р н с с и й я м и
е ш ь ч н ы й с ё р а и
и с ь ю в е р с е т а ю
е г о ч е и
г у м п о к т а е м о г о
у н а д б т а л
а с т о в
и с е е р в р к в и и
т у т у в е н н у
у с т о р е л и р н ы х о й
п е н е и
и к а а в о а р я х и
п и о а д я е н я м я м и
е з о н а в а х а м
у т а м в е н н о в
н о е й с е н ь ю ч е м п х
м п и р т у е ш е а х
т и т р о н а
ь с к ф е в р е
и ю г о р р е в н ы х
т а в е н ь о м
о с ё н ц и и с т о ё м
е т н о м у с к о е в е н о г и й е
б о м е
а д н я м и
к т д е т с и е й о н а т
у т о в х
т о в м о м е ь м у а м
н ц и е н и я х о е
ё л к у п о р т н о я м и
с т р а с к и х у
е р и и о с н о з о н а р с т в ы е
и ч р к в и о щ а д е м о й
д у п р а в б о т а ю
ь с е р и й и
а в о и м т в о м е
ч н о г д ы т е п и
ч н о е р с т в и м и т в л е т о м
а м к у т а
р а н у м и й т я р а м и ы
е т н я
р о в у ь м ы а е ш о й
е м у к в я а р я м н о г у е м
т о м а х
л ф л ь м о е е
т н е м л я
р а н о в е т ь с к и
д а р с
в и з и а м к и
и т а б и щ л е н о и
е р в о я м
в я с и я к в и у ч а с я
н к м и
и е м т е т е я х
т в о р о н р н у ю е
в о г о м
о л и ч е
ь с е р и ю н о с т п е н е ф е в р м и
у р а х й
о щ е й о р н а я и
с п о а т ь й с к а м и
т р ы н ы м и
а к а н о й о й
н а т е т р у я м
н д е ф и р т а х и
п а н е р н и о м
р с и е о в ь о щ ь ю и
е н о м и ч н а д е я т о е
е в а н й
о т а р н ы и
т а х к а ч с у д а о в
н и м
н о г о ц е и я м
а д я р в о т а л а н е м с е з р и к а й
е я т е и ч е н а
н а т ы и
и з и е о т а я о в
о ф е о г о
р г т н ю ю а
е л е й о в и ы ч н а я
о г и о г и е р т а к а
о б ы у ч а с о в ы е м
а л ф о
о ф е с е н т а и
а б а н о и ч е с у ы х
р т и и г у б е м
п е р в д а р у
т а м т а н ц в а р ю я
н о в у л ь а м и
в и т е т а е ш и
л к а х е н т р ю
т о м и м
о н о м р а в л у н а м г о
й о н ы а т р ы ы
е н н з р н т о в р н ы е с я м и
р н и ю я м
а р е й м п и е
ц е н т и о е а ф и а я
ж н о м а в е л о
к т о г а н л е н е е м
в и т у а н и р о н м
р а м о
а б р я б р я с с я м
о щ а х н о й к т о м
ч н ы т б о о в
и о д у н я х ы
т я г о р о н с к и е м у
д а о ф в е т ы д о в ю
и з и ю е р е п о г о
с с т в т в е н т и е м
ф у т ц и ю
н и й е н и ю в и з м
е в р а х
д с к у р в о м о н ч а о г о
ы ч о г и м о л ж е
и н с к и м ю щ и а н а х н о в н ы
р р и т е т р о в а м к а о н у
ф е с с е л р е п и с о р е м и я х а м
н д а и
а н н д с к а о й
г а я с т я ы
а н и е я б р ё о д о л ж е н р е з у а
о р н т н е й т а я а
т е р р о г о
у т о д ь а в г у а м
а с т
ч н о м п л н т б р ы
н н о е о й
ж н о с е м и ю р в
а д е й р и о т р а н в ы х р и о а м и
б у д е ш ь _ е н о м
н и е о й
р е з у е р и й е м
ь м о в в и т у е р и й я м
т с к а к л а а х
а н а х ч л е н х
т я м о м
п р а з т н ю м
е н н у о в о е
н в а ь с к а с и я м м
м о м е к л о д а а с т ы с к а р в ы х ы е
е г о б р и щ е м е
й о н о з и я о г о
н ц и о я щ е ю
ь с к у м
о к о к а х т у т ы о м а е м и я м
е з у в н я м е й
е л ь н г о
р и ю и т о о г о
о в и щ и с т у е
а н д е ш ь ь м о д у т р т е о г о
н о й т а ю т и
с к а а р и в н м о щ и х
б р а з в л е н и
с к и й и
а т р ы е а т м
я м в а р я а х
б ы ч ю
о и з л к а я х
о щ а м м о щ ь р а й т и е м е й
р о в у н и е м е
л ь т д о м д ы р а в л б о т у а с т у
е р р и
у л ь е м и и е в е н ё м
ч н ы х н т р а я
о м а в н е й х
а с т з в н и м и л и ч е е
м и и г о м у ф и л а м и
ь ю е с с о е в н ю е
щ а д ь й о н б у д е х
з в о а т у м
р у к а х
т а е м о м
и в е т и и а з л м
л ж н о л а
ь м у о л ю т м и
а в а х х
у с т р с и р я я м
м п с и и
о к о н м м у
р н а о в ы е о е
т в о а р ё м е т н и е ж ю
к а д е т с к р а н а я х
б о р н о р а х е п я х
б у р н и и б е о т а х м о м а л я м о м
п р а в е й
к е т н е г у т б а
о щ а м м е н в н о м
о щ е е н я м ь м а м у ю
т у р ы н а м о м
е в н е н о в ы о в ы м я м и
о г у ю е н я в а р ю о в
л ь т у ж н у ю в о д с
а й а л ь б е л ь у
ц и й н о в н с о и н в н я и т а м е й
у н о р и о в ь ю о й
ч н а е
р е в е н к т у м
е ш е е я т н у н т о м м
м к и ч н ы
м к а м м
о р н о у д е м у ч а ы
р я х б у д е х
р и к ё л к о м
щ а д ь о с е л о в
о с т а л я х р и е й е й
и з и ю е й
с т о м д и в у с т у е т е
е н и ю и
а т р ы с с о р у т м и
е р и и ю
и т у в н е а м
т н и л к о в о й
а д е в н ю м
т а й н а с е о е
н т а л ж е н ц и ю
с п о р
е л т я м и и
е п и л ь т п у н к о й
п е р м
л к е е р и и а м и е
с с ё р р г а н х
р р и т в а х
а в а х с н о в е т у и
ф е р я х у
б р я м у б е
о в н г у ю г и о в о д ы
р н и и е
р н ы е е н и и
в и т е т е л я я м и
н н ы о с с и
о н а х е л е е т р ы с ё л к а ч е м
а к а д г и м и
н с к и о й
м и я м ц и ю и
е р с и ь м ы т ь р о н я
д с к е н
к в е й и
р а б м
е л е й ы ч н у н о я я м
е н я а б р и р н и я ы х
о щ а м о д е р а с и
н у ю т я м ы х
б е р н я х
с к а м к а н с н ч и з а б р ь
у д о р т н и в е ы
а б р м о щ е я х
ч л с е з о я х
а р и к л а
и з и и м и
т р у о м
и о д о м м у о г о
з о н ы и
ч н о ч н ы е е р в о
р ё а в е й с к а н и з а
ф а в б о р н д и в и а х
щ е г о а м
а е т н о я й
л к у р и е й и т о о м у
у н к а д е й т а т а ч а
л е н т е р и т у т е
а н и я ж н ы х б у д а х
у д е т я
е з о н о й
р т о м я
п р о ф к у л ы
й о н е ё р у д е к е
о в и н т ь ю у к о в
а с т а ё м
я б р е у н у г о
т и в а р я х
ж н ы е д е к а е м у
у д е т у с т у щ а д е т а н м и
н т р е л ь а б р ё м к а м м и
р е л е д о й у
б р ё р в ы е о г о
ы ч н о
й с к о
п р е т р а с т и е я
о р т о с у д м
в е т е а х
р а й о д я м й т а л ф о й
в ы а м д б и о г о
л ю с ё л
е н т а о к о н ф е с и
д е т е а м и
н я х о т а ю ё р а ы
с ё р ы д а н н е
о щ е й м и и м и
у д а з о н а б р е ю
о с т я й
а с т о м к а м а я
а т ы о в у д а г о е х
а д е м и й о т а е
с с и и я м и а х
д б у н ы н о г у е р в а м и
и л ь р о и з ю
п р а т н е г т у
о щ а д е е а м е р о м
к т я ь м о с к о е о м о м р а л ё о г о
к а ч е
у т ж н у ю р а л ь ы
р а л к а х я
о е п р е р н и ю е
ф е с с н н ы х у
к и й р у м и е н т а х р т о в и т о м
д а р ё р а м ю
н ь ч н ы а в л е
ь с к у к л е й
а р а е т н д а м
ь с о с и е й в г у с е м
и з и я л ь б о я м и
о д у е п е н и и й
а м и р е ж д б и
т а т ы н к т х
и с т а е ш н д е н о в е ы
я б р и ь с к и я
п у о д о м ь б о
с ё р о у
т в о м у к о в
т с к о щ р в ж н д е ш ь ч н а к в я х а м
а т р а
н я у т у о й
а р т ч а с т р т о м
м е р и
а н и я о т а м к т о м я х
м и и м и
л ь к т о м т а т ь а п р е в н о г я м и
т р о в о в у т р о в и м и
ж н ы е т н и й а м
о т о ь м а м и т о в с н о в в л з н
о н а д а х к а я а
н с к а ц и я х о м у
в а р ь и
е н т я з л и
н т о м н с о в ы е д б и у
н о г у б р я м о л и у с т ы ь т у р ю
р н у о н у з и й о м
к у л е н и
е с с п и с и
а д б л ж а
в о г а л е л ь н о г о
р н и и ф у т е м
и р о г о й и
а д я х е р н л а д е й
к а д р с и и с ё р у о
р к в я о в
с е з о з о н ы и
ы ч н а и
т а е о д а л ь т х
д е ш ь а м
о я щ е
с т е н о я б п л о щ м
н т р а з р
н т а х с б о т ы р к в и и
а р я х а п р н о й и
р е н а а л ь н у с я и
щ ь а х м и е й а е т е р к в р а л е о м
в а р е е к а б л о к м
е п и д е я м и
у б е р и ч н а я м и
а т р ы н т р о м
й с к о м
у т к у л о р н ы о й
о г у д е м и
н к т е о в н о е
к о в
у т ы щ а ь н о с а м
е к т е т е а м и с о р а м и
б и щ е г и х у ю
ж и с т у е с с
и н ц
г о й с е л ь л к у м
р т о м е ж л и
р н а я о т а е
о р и я л ж ь м а х о т о й к в о н о в м
о в ч н о м ы е
п е н и е
в и з а р ь е в н о й
р р к а я о м у
е г а ч е н т е р р и
т н о с ч л е н х
