b a a f o
f o e e
f o k o
f o e e
f o
f o
f o e e
f o
ŋ f o
b a a t s a
t s a e e
t s a k o
t s a e e
t s a
t s a
t s a e e
t s a
ŋ t s a
b a a d u
d u e e
d u k o
d u e e
d u
d u
d u e e
d u
ŋ d u
b a a l ɛ m ɔ
l ɛ m ɔ e e
l ɛ m ɔ k o
l ɛ m ɔ e e
l ɛ m ɔ
l ɛ m ɔ
l ɛ m ɔ e e
l ɛ m ɔ
ŋ l ɛ m ɔ
b a a k w ɛ
k w ɛ e e
k w ɛ k o
k w ɛ e e
k w ɛ
k w ɛ
k w ɛ e e
k w ɛ
ŋ k w ɛ
b a a g b l ɛ
g b l ɛ e e
g b l ɛ k o
g b l ɛ e e
g b l ɛ
g b l ɛ
g b l ɛ e e
g b l ɛ
ŋ g b l ɛ
b a a j ɔ
j ɔ e e
j ɔ k o
j ɔ e e
j ɔ
j ɔ
j ɔ e e
j ɔ
ŋ j ɔ
b a a ŋ m ɔ ɔ
ŋ m ɔ ɔ e e
ŋ m ɔ ɔ k o
ŋ m ɔ ɔ e e
ŋ m ɔ ɔ
ŋ m ɔ ɔ
ŋ m ɔ ɔ e e
ŋ m ɔ ɔ
ŋ ŋ m ɔ ɔ
b a a k ɔ
k ɔ e e
k ɔ k o
k ɔ e e
k ɔ
k ɔ
k ɔ e e
k ɔ
ŋ k ɔ
b a a h i ɛ
h i ɛ e e
h i ɛ k o
h i ɛ e e
h i ɛ
h i ɛ
h i ɛ e e
h i ɛ
ŋ h i ɛ
b a a n a
n a e e
n a k o
n a e e
n a
n a
n a e e
n a
ŋ n a
b a a t s u
t s u e e
t s u k o
t s u e e
t s u
t s u
t s u e e
t s u
ŋ t s u
b a a k a f o
k a f o e e
k a f o k o
k a f o e e
k a f o
k a f o
k a f o e e
k a f o
ŋ k a f o
b a a t s w a a
t s w a a e e
t s w a a k o
t s w a a e e
t s w a a
t s w a a
t s w a a e e
t s w a a
ŋ t s w a a
b a a g b o
g b o e e
g b o k o
g b o e e
g b o
g b o
g b o e e
g b o
ŋ g b o
b a a b ɛ ɛ
b ɛ ɛ e e
b ɛ ɛ k o
b ɛ ɛ e e
b ɛ ɛ
b ɛ ɛ
b ɛ ɛ e e
b ɛ ɛ
ŋ b ɛ ɛ
b a a t s u k u
t s u k u e e
t s u k u k o
t s u k u e e
t s u k u
t s u k u
t s u k u e e
t s u k u
ŋ t s u k u
b a a k a s e
k a s e e e
k a s e k o
k a s e e e
k a s e
k a s e
k a s e e e
k a s e
ŋ k a s e
b a a k o t a
k o t a e e
k o t a k o
k o t a e e
k o t a
k o t a
k o t a e e
k o t a
ŋ k o t a
b a a t s i
t s i e e
t s i k o
t s i e e
t s i
t s i
t s i e e
t s i
ŋ t s i
b a a h a
h a e e
h a k o
h a e e
h a
h a
h a e e
h a
ŋ h a
b a a h ɔ ɔ
h ɔ ɔ e e
h ɔ ɔ k o
h ɔ ɔ e e
h ɔ ɔ
h ɔ ɔ
h ɔ ɔ e e
h ɔ ɔ
ŋ h ɔ ɔ
b a a t a
t a e e
t a k o
t a e e
t a
t a
t a e e
t a
ŋ t a
b a a t s i n e
t s i n e e e
t s i n e k o
t s i n e e e
t s i n e
t s i n e
t s i n e e e
t s i n e
ŋ t s i n e
b a a t s ɔ ɔ
t s ɔ ɔ e e
t s ɔ ɔ k o
t s ɔ ɔ e e
t s ɔ ɔ
t s ɔ ɔ
t s ɔ ɔ e e
t s ɔ ɔ
ŋ t s ɔ ɔ
b a a k a i
k a i e e
k a i k o
k a i e e
k a i
k a i
k a i e e
k a i
ŋ k a i
b a a b ɔ
b ɔ e e
b ɔ k o
b ɔ e e
b ɔ
b ɔ
b ɔ e e
b ɔ
ŋ b ɔ
b a a k ɔ ɔ
k ɔ ɔ e e
k ɔ ɔ k o
k ɔ ɔ e e
k ɔ ɔ
k ɔ ɔ
k ɔ ɔ e e
k ɔ ɔ
ŋ k ɔ ɔ
b a a f ɔ f l ɔ
f ɔ f l ɔ e e
f ɔ f l ɔ k o
f ɔ f l ɔ e e
f ɔ f l ɔ
f ɔ f l ɔ
f ɔ f l ɔ e e
f ɔ f l ɔ
ŋ f ɔ f l ɔ
b a a f a l a
f a l a e e
f a l a k o
f a l a e e
f a l a
f a l a
f a l a e e
f a l a
ŋ f a l a
b a a t s ɛ
t s ɛ e e
t s ɛ k o
t s ɛ e e
t s ɛ
t s ɛ
t s ɛ e e
t s ɛ
ŋ t s ɛ
b a a t a w ɔ
t a w ɔ e e
t a w ɔ k o
t a w ɔ e e
t a w ɔ
t a w ɔ
t a w ɔ e e
t a w ɔ
ŋ t a w ɔ
b a a k a n e
k a n e e e
k a n e k o
k a n e e e
k a n e
k a n e
k a n e e e
k a n e
ŋ k a n e
b a a m ɔ
m ɔ e e
m ɔ k o
m ɔ e e
m ɔ
m ɔ
m ɔ e e
m ɔ
ŋ m ɔ
b a a n u
n u e e
n u k o
n u e e
n u
n u
n u e e
n u
ŋ n u
b a a s e l e
s e l e e e
s e l e k o
s e l e e e
s e l e
s e l e
s e l e e e
s e l e
ŋ s e l e
b a a y a
y a e e
y a k o
y a e e
y a
y a
y a e e
y a
ŋ y a
b a a h e
h e e e
h e k o
h e e e
h e
h e
h e e e
h e
ŋ h e
b a a w ɔ l ɔ m ɔ
w ɔ l ɔ m ɔ e e
w ɔ l ɔ m ɔ k o
w ɔ l ɔ m ɔ e e
w ɔ l ɔ m ɔ
w ɔ l ɔ m ɔ
w ɔ l ɔ m ɔ e e
w ɔ l ɔ m ɔ
ŋ w ɔ l ɔ m ɔ
b a a j u
j u e e
j u k o
j u e e
j u
j u
j u e e
j u
ŋ j u
b a a f ɔ
f ɔ e e
f ɔ k o
f ɔ e e
f ɔ
f ɔ
f ɔ e e
f ɔ
ŋ f ɔ
b a a w o
w o e e
w o k o
w o e e
w o
w o
w o e e
w o
ŋ w o
b a a k p e
k p e e e
k p e k o
k p e e e
k p e
k p e
k p e e e
k p e
ŋ k p e
b a a f u
f u e e
f u k o
f u e e
f u
f u
f u e e
f u
ŋ f u
b a a l a
l a e e
l a k o
l a e e
l a
l a
l a e e
l a
ŋ l a
b a a t s ɔ s e
t s ɔ s e e e
t s ɔ s e k o
t s ɔ s e e e
t s ɔ s e
t s ɔ s e
t s ɔ s e e e
t s ɔ s e
ŋ t s ɔ s e
b a a d a a
d a a e e
d a a k o
d a a e e
d a a
d a a
d a a e e
d a a
ŋ d a a
b a a s u m ɔ
s u m ɔ e e
s u m ɔ k o
s u m ɔ e e
s u m ɔ
s u m ɔ
s u m ɔ e e
s u m ɔ
ŋ s u m ɔ
b a a k u
k u e e
k u k o
k u e e
k u
k u
k u e e
k u
ŋ k u
b a a l e
l e e e
l e k o
l e e e
l e
l e
l e e e
l e
ŋ l e
b a a w a
w a e e
w a k o
w a e e
w a
w a
w a e e
w a
ŋ w a
b a a k p a s a
k p a s a e e
k p a s a k o
k p a s a e e
k p a s a
k p a s a
k p a s a e e
k p a s a
ŋ k p a s a
b a a j i e
j i e e e
j i e k o
j i e e e
j i e
j i e
j i e e e
j i e
ŋ j i e
b a a t u u
t u u e e
t u u k o
t u u e e
t u u
t u u
t u u e e
t u u
ŋ t u u
b a a f u t u
f u t u e e
f u t u k o
f u t u e e
f u t u
f u t u
f u t u e e
f u t u
ŋ f u t u
b a a k p ɛ t ɛ
k p ɛ t ɛ e e
k p ɛ t ɛ k o
k p ɛ t ɛ e e
k p ɛ t ɛ
k p ɛ t ɛ
k p ɛ t ɛ e e
k p ɛ t ɛ
ŋ k p ɛ t ɛ
b a a b l ɛ
b l ɛ e e
b l ɛ k o
b l ɛ e e
b l ɛ
b l ɛ
b l ɛ e e
b l ɛ
ŋ b l ɛ
b a a j e
j e e e
j e k o
j e e e
j e
j e
j e e e
j e
ŋ j e
b a a ŋ m a a
ŋ m a a e e
ŋ m a a k o
ŋ m a a e e
ŋ m a a
ŋ m a a
ŋ m a a e e
ŋ m a a
ŋ ŋ m a a
b a a d i k i
d i k i e e
d i k i k o
d i k i e e
d i k i
d i k i
d i k i e e
d i k i
ŋ d i k i
b a a w i e
w i e e e
w i e k o
w i e e e
w i e
w i e
w i e e e
w i e
ŋ w i e
b a a g b i
g b i e e
g b i k o
g b i e e
g b i
g b i
g b i e e
g b i
ŋ g b i
b a a h i
h i e e
h i k o
h i e e
h i
h i
h i e e
h i
ŋ h i
b a a n y i ɛ
n y i ɛ e e
n y i ɛ k o
n y i ɛ e e
n y i ɛ
n y i ɛ
n y i ɛ e e
n y i ɛ
ŋ n y i ɛ
b a a s h a
s h a e e
s h a k o
s h a e e
s h a
s h a
s h a e e
s h a
ŋ s h a
b a a ŋ m ɔ
ŋ m ɔ e e
ŋ m ɔ k o
ŋ m ɔ e e
ŋ m ɔ
ŋ m ɔ
ŋ m ɔ e e
ŋ m ɔ
ŋ ŋ m ɔ
m a
ɛ i
w m n k g i
y ɔ g ŋ e d ɔ
g j o
ŋ p m
e w
o w y s b o s g a
ɔ m
j y i
ɛ e s d h o
p o h ɛ
y g
b h ɔ u s
y u o ɔ y j j y
l s a j w f s
y y p g p
w h ŋ b ɛ s p w y
ɔ k a w o
ɔ a e j t i g t u
p e e h f
ɔ s j ŋ f f
k ɛ u k h
w b ɔ ŋ o l d b
d g
n j i k h t w k u
w f b t w w ɛ h g
a g u w
ɛ p m t
y k e t h e j g
f w u
ŋ f e p ŋ o
i ɔ
t a
j p j n u s f h k
e h
a g u ɛ k h
h k n m s b e
k t w u
g a i a k
h d o
ŋ i y j
a ɛ
f a d m g a w j p
g j h g g u o
g l m d f m n o m
e g ɛ u
b ɛ u n n g
m a d m l i
t y y a j
l m m ɛ f g h
l d o m t e
u y m
g ɛ n n w p u u
d ɛ s l m f
ɛ t f ɛ y i m
p e h f ŋ i j g k
ɛ a a ɔ k a s w l
n a
b h
ŋ u u m
f g f ɔ p
n l d
e m
l g
j ɛ f u p y i ɛ
ɔ t f ɛ m l m ɛ k
ɛ k f d
e m y
f s o f j p u
h d
u k l l d f o i
o i o j y a b a
ɔ b w ɔ
k p
u b j l ɔ n y p s
l ɛ d o m
f w e j d ɔ m
n w h
o u i
f j b
u y h d h m ɔ j o
g ŋ w g
n k d h i b f ŋ s
k a l ŋ
m k l h p e f f l
a a w p h o
u o
n m f s t f s
e j a h ɛ ɛ
o a l j n a i p
b t y k
t t
o ɛ
d ɛ
u d d w ŋ j u o d
s u m d p u f k
ɛ y j m ŋ h h e o
b k a o u f o
p ŋ a a o
ɛ o p p y b p
b k i a y
g o m ɔ h
n k a i f s
j i g
b m f w l b ɔ ɛ n
a ŋ n h o i n
t h e
ɛ e n y s l e p
p k n f w
e e ɛ e h h
a j t j p i p g
o m
y t h n s p o g
ɔ b
n o ɔ ɔ
k o k
e f
u l y
ɛ w f k ŋ
w d i o o
ɔ w k ɔ
w a m
w l j a ŋ w ŋ
t o i p m a b b s
d ɛ s a f p p ɛ ɔ
y f a w u e
u d w f ɛ l n g i
t d
m m i h k i ŋ t
g d h s
f h f j
ŋ ŋ i p
e b
s e s
s d
p h p
ɛ ɛ ɛ s ɔ h o b
w t a ŋ l j
ŋ h
n j y
t ɔ j w e s w m
u m
j g ɛ h u o
k g p e ŋ
o w h
t ŋ k p n y
a y s b
e m b u l u e
a t
n o b h e ɔ n
k s j g e g u a ɔ
e u f u l o ɛ y l
u w m y w y g o
e a l g
ŋ ŋ e
w t l l g o t
u b s t d
t b n p
ɔ i ɔ a d
b u p o o p
s u l d
n g
a s g l l b t j
e d o d ŋ i w b i
a ɔ ŋ w
l k t j i t j n
l s e g g
d s g
y n d j f i t w
ɛ d y e y ɛ
e a y e b ɛ b
h n j w ŋ h
f k p e
f s h l
ɔ m n d a ɛ d s y
ŋ e ɔ f w
m g n h b t t
s h a p
o s h b s m g
t o h t a
b e m w o t f
s p d u e
j e
k y
d n t ɔ b j
a j
ɔ b a ŋ n
a i g ɔ m w t f
a n ɛ k g u
l t
p g e y s ɔ g t
w h
h b ŋ o p
g h ŋ
t h d f
h s ɛ e o w o i ɔ
e g w ɛ b
ɔ ɛ n i h
y f
o o s j p ɔ ɛ
l t j u j ɛ l k
a f g ŋ
ŋ w d k s h m s
h s n p g m g l k
a h ŋ p l h
ɛ y ɛ
b a j d y
m g u u g l l
j ɔ b k n j
p ɛ d l o i
e i u t
y w y g i ɔ o
o e
l l h e h o i
a ɔ k
h u a ɔ b
n e m h w o b d e
y p w ɛ j
e f i
j s b a
w j
ŋ y ɛ b b h j
p s t ŋ w h y
g e s e
o g s y w ɔ
u f g w t
ŋ k d ŋ o e o ɔ i
o d l e a e d e j
u h ɛ j j o
h s f k a
a d d o
l h w
u g b t f d
s ɛ g y
d w g
f t n f i n
ɛ f
p t h o a t
d b
t a f u w f t ɛ
l n y e d
k o b i b
ɛ u b ɛ m i
h t ɔ j
m s y i o
h u o e l k d w
e w
ŋ j d l
e u n w
w b s b ŋ m
m w o t m s g j p
a i ŋ g e n l g j
f j u n k d t
ɔ b
u u l a u k p j
f g m
s o g f i h e j a
h j k t y f
t i
m j t g d y a ɛ
ɔ h t n k
ɔ f b y w
h ɛ
e k n a m
ɛ g m ɛ j m
s b d ɛ k t w
h f y k e y f
l j h o g
o m h a u i i ŋ
t ɛ b f u h
d u j p t
b s g n s
ɔ y e
ŋ l i l l ɔ p a
g t
ŋ l k g p n
o m s p s w k
f y ɛ d p o d
f i g j h
h a ɔ
p y ɛ i j
l y s ɛ t i
l u ɔ t ŋ ŋ
s m s h o
f s b l
u s i w ɔ u t k
s w u ɔ
ŋ d e k j t
m w s l w ŋ a ɛ
i p
u a g i t w k y
o a l h y h n a ɔ
y w m a ŋ f b
ŋ o a
m p b f u
d g ɛ o
j t b j s ɛ g
b e f
ɔ ɔ ɛ ɛ k u j f
u g m ŋ g e
o a u l o
n ɛ t g ɛ
g n m m n d
y s n s t
ɛ t o f
ɔ p n t k t ŋ n
ɛ ŋ ɔ b ɔ ɛ m t g
p o u d
w d p l ŋ a ɛ d
b m t t
i i u ŋ p
i a w l
f j k p i f
ɛ f d ɔ o
u y g b
d o g o f e w l g
y j m o t h y h
l ɔ g h n y ɛ ɔ n
s o e i f
ɛ p d m g g
f u f u
l i ɔ m e e k o
e l j
ŋ f y ɔ h ɛ ɔ
ŋ d n j p ɛ i
ɔ s ŋ d e w
l g ŋ y
w n
ŋ h
f k
u ŋ h l
e l
u ɛ ɛ o s l w t u
k w y u
k e a ɔ i f ŋ
f k p
s ɛ
d b g b k m
e o j ɛ
e a
l h ɔ y o s n
m p ɛ ɔ
a ɔ w e l ɛ
k h b n j t ɔ
p e j n
i u
o ɛ o t
s ɔ j
j b ɔ t ŋ w d j
p ɛ o u ɔ ɔ
i w o
d m w
o y u p o o ɛ
b b y s ɛ s
k n g t h i k
g i o p
i d ɔ
h w d s ɔ y
y ɛ p ŋ u
ŋ a d b n k e t
i s k i b f
a g t ŋ f j
k i i l b t ɛ o m
g l ɔ s w k a j
m w f ɛ
t u g g ɔ e
g p
ɛ u n n a j f i
ɔ b
f o y t ɔ d ɔ
ɔ ŋ l w o d f
t t k k k s g ɔ
n y
k ɛ g a a p t w
j h ɛ t t e
u j n l n ɔ d a f
f p
l f j ɔ k s l w b
l m n o b o a o
k ŋ i
u s f
j p f n e h h
ŋ g
l i i
e ŋ b t
ɛ y i f ɔ n h
t i b h n n
y b g s b ɔ s a
p h k ɔ h n a
i i f ɛ l i t e b
u d
b t o f b d m e o
m g ŋ ŋ h ɔ n e s
o a b t t
t l
y o k h y o j
w g h j
ɔ g t u ɔ u i a i
n b
y y k y f a y
t i d g ɛ y i i h
y a t ŋ ŋ
o e
y p l ɛ
k o b h n k
a ŋ n y a
k ɔ y n p n m o j
b s j f f d ɛ l
k g i f s j f b
e u i d s w g
ŋ a t p m m w
o g
l o i i i n
d n b a e l g l
j a e d n j k g
d ŋ n ɔ i
h u k l m u p e g
e k ɔ j ɔ l j
o s h ŋ b b
y m ɔ n m l h ɔ
p u d l g l t
h s g
y l s k h i h g
e n f s f t o
a k
o i y ɛ u
ɔ g
d n f j t f u
b u t n ŋ
u n w e ɛ w ɛ
p a m k a l
o a d o y m m j
f s
h u l a
g g ŋ ɛ o
b i h l e w
w j a b u w u j n
m l j n ŋ a
m h d m
f ŋ h ɔ a
a b m w
k i l f ɔ
h o o u e m l
n s t ŋ ŋ ɛ p
ŋ b k k ŋ m g ŋ
l h y
b b i d l ɔ s n n
p h o s e l ɛ w
d l ŋ g
t m
u s s ŋ d ɛ
t j a e d b ɔ
y w b ɔ j b o
ŋ t ŋ
m o ɔ y s
ɔ k w
f l f m
t n ɛ ɔ d ɔ
p g b i l n l
w j a i d s
h p l
m k
o j d i w g g
d i d w u o s e
b a
h k b k p f k g
d f
j ɔ p ɔ
m a l o
m o b j k
ɛ a o
a k h e
d u t l l b n n f
h h m k y e d l b
o l g p i o h
k d j b m h o l
y o j t l h t
e j m n ŋ i
j g
b y j ŋ l w i s f
y n a e e m
m w p w w h u s
ŋ k p n
g ŋ ɛ o a
g j u ŋ d s w k b
s ɔ u j i a y a y
j a b b l s j y f
h u
d g n ɔ k n
h a u
o d m
j k s
n i
p f e ɔ h g
a n i
y o y
ŋ s u l o g o w a
w k w
b e u t ɛ k l
u ɛ ŋ g s a
ɔ ŋ i
j h
ɔ u g y p p b j ɛ
a o ɔ
e m
j ɛ k p a d g
e s t e e ŋ
n t ɛ g
b ɔ h f d s e p ɔ
l ɔ h e f u l d
m e b a j j
y s
m ɛ l u
y y w i k ɔ
f t t
o a
ŋ a i h e
j w p a a ɔ n
g o y o n y ŋ k e
a e s n ɛ
t ɔ n a
ɛ y l n u b l f h
h k a n a t t u
e ɔ b h t y ŋ f ɔ
ɔ ɔ k ɛ y p m s
e e i g
e w h ɛ a l
ŋ u i i u
m j s j g l
e j h
u p m t u
n n
h m ŋ s a w p
ɛ o l k
m g f j d d ŋ e p
k y f ŋ w g k n o
j u j
t t l d
ɛ e e b n d b o
p e s i l g
a ŋ ɔ d
ɔ h a k d k ɛ ɔ
ɛ u
h m s m
i b
u n y t s j o w
i a t f j j b o
t h ɛ e i i o m f
e t a o y j m ɔ
o t ɔ k
o a e i g j e ɛ ɔ
ɛ s h e d n i b
o w p w k u g d b
ɔ m ɛ k y l i n
i u w b
s l p e ŋ u s
h f u ŋ y
n m h p w h u p
u b p h e b
f l m y b ɔ
i d o t
w s e k y g
l t
i i g t i j i
e u p g ɔ n
t i e
u h k ɔ
ŋ b i d ɔ u ɛ
a ɛ p i w
ɛ m ɔ t
i m a t
t o t j g s d
f i ŋ ɛ w
g u
m y e j
i f
l a f y b j e
h m h ɛ ɛ
u o a f a t h ɛ n
ŋ y e m o t
n b m n y o
u u k a o ɛ u l ŋ
ŋ t g m l o d ŋ a
a a a t l l
s t a n b i y
f d k i m g ŋ b b
a m l w t
k w
g d m j t ɛ y k
s s p a u
ɔ u y f e k ŋ g
f g g h p o a
e ŋ l o y o
j ɛ u m h ŋ h ɛ
p b s
y o s s e ɛ
t y l ɛ ɛ l
t n k
i b ŋ ɔ t
b s o
l n a ŋ w
a w u y u j
ɛ u b t ŋ s o
f k k p e
b u o y h s h
k ɔ w y s u f
n j k t e a j g n
a ŋ m d
y y ɛ o
ɔ k g d
l y u h
d h l k ɔ
ɔ m t u f g j ɛ n
d w j o w p
ɔ i h d ɛ
s t h i p k ɛ
f l f b j y f l e
n s
u m ŋ s o t
b o
w i
n n g ɛ ɛ f t
ɔ i d
w s k f h
k ŋ k u ɔ
t ɛ g b d w o
t m
d y
ŋ a
i w o
m d k
j b p
t y ɔ u ɔ f d m s
w j
ɔ j k m ɔ
k w s d
y j i j j u f
a w b
j l n m ŋ o f y
ŋ j o o m d u
w y p h ŋ l a i k
w b d y h o n o
h g m a p w
i y t u ŋ j w
h i ŋ d h ɛ d e e
ŋ f n d g o
o n
e t h s y s
h y u g l
m ɔ
j k i ɔ ŋ
b h h f u y
m d w ŋ i g
n j u ɔ ŋ
k j l ɔ g w w u
b e b b o p
d t k w b g ɛ
s ŋ ŋ o f o
p i
u t
l ɛ b w o
k o ɔ o
ɔ ɔ n ɛ i a u j
g w t ŋ t y s
m j j ŋ u ŋ b u
b l w p f ɔ
p k m
b w h ŋ d
k n n p g i ɔ
ɛ t p b o
n n b n b h j
o n ɔ
t s ɔ w l u a j
f h s t e o k
d y
l p h k t
k s m y f
a ɔ d j y y m a
e f y
d k
ɔ t k m b a a
o n ŋ y
l b f k h f
ɔ o ŋ ɛ h o
m k
m m a m k
o a f t
ɔ g
u b g t l h
u l b
j ɔ ɛ i a
o e ŋ i b
p l g ɔ f w m k j
h k t d
g o i
y d m i e j f a
p j f m m n p u o
k s b w n h s l
g m k w p f m e
f m u ɛ
ɛ g u o h
h ɛ ŋ l n ŋ g t
j a ɔ i g ŋ
l b k y u
d j w l ŋ
a y m
y e u l
y t g
n o l a e m
l u o k e t d w
ŋ b h o o l
d p o t p d t w
u i h e h w e
m t w w j
p b ŋ y
h ɔ w m
e e
a m ɔ s ɔ u
f o f o i w o b
ɔ w d
n m y l y p
u m k
d ɔ e ɛ ɔ n k i t
a w y u ŋ d o y
f ɛ i b h i b d d
g f
b h d ŋ
n u k
m y w k u
b b
d o h ŋ ɔ
ŋ f j n d
e t b
w b
k f h
m a d a d m o g w
u u p y y y
u a
u h ŋ m a a
a i ɛ p
d n d o ɛ y
l a i n
p e y
u w j b i i b
k g ɔ
ɔ i i g
n g ŋ l ŋ n p b n
m w
ɛ n u e ɛ o
o s a
ɔ k l w e g
f t g ɛ h ɛ m
t a ŋ a o f ɔ j
ɔ u p y b ɛ
f d m
f g g p
e b u l
ɛ s y ŋ j d n
u j e ŋ i ɔ
y h j h s a p e u
ŋ n b b p
j o e
t j k f e ɛ ɔ
ŋ k g w w d w ɔ
l y ɛ o n g b
i w u
ɛ w f y u y
w w
f k n i i p b l
m g o h i b
n a e d ɛ w d
k t u ɔ m ɛ
ɔ j l w l k
y u e
f u u o u s f n
k ɔ p ɔ
u a m w k w p
ɛ ɔ i ɔ u j d g b
g u ɔ n a
h g l n g t w w
ɛ ɔ l b t e j u
d b w m
s f t
d t n a l ɛ
s o t s
k h
k ɛ b p u p d ŋ
ɔ e ɛ w b ɛ s h y
l p m ŋ
f p h p o e ɔ n
d o i n k i
s d i g n a b
m k u t t
i s
s ɔ l ɛ a
j y d p i b a t
p i t b d h
ŋ h o s o n ŋ u
o b ŋ m b m w g
m p p d a ŋ
k e j o
t k ŋ l m o f j
ŋ h b p w k a s o
o o u j
j a ɔ g h
e g j d e s
j g g i d j ɔ l
f f t a p
o u t
o o g d p o o
ɛ p y ɛ n m k
ɔ u i y i o
i p ɛ a b ŋ b ɔ
u y u
ɔ u
u e u ɔ b h k g p
b m p o
y s s y a ŋ w i
b l d ɛ k n d p j
s j f
u e ɛ m
k p u
w g ɛ e j
k w ŋ
g y a b ɔ m
j g o w e n ɛ ŋ
m ɛ h j
w d ɛ e i
ŋ h j
u h b n ɔ i d
b h o e m l
n k b d s ɔ k
m s w a f
ɔ p
e k d ɔ e ŋ h s
a g
n d a n
h f i s t e w
j e
a p
h ɛ e j g e s t a
y m ɔ j n n ɔ j t
n ɔ g
e l t ŋ t
ɛ n p ɛ u w ɔ m
y s ŋ ɛ u e
p t
y f a o h u
p h
d u y ŋ ɛ h ɔ g f
k u p ɔ w f b a ɛ
d j a
y p f ŋ s h u
y a h y g u
p k
u o w u f g l h
u n m m g w a b b
h k t p b
ɔ n y p
d i y b d ɛ n y
j ɛ f o a d s y u
a g i i l ɛ h w w
y w w h j n f f
ɔ a ŋ y o o s t ɛ
p i t t i e t
d f n k n
d e u t e b l y y
e f h w ŋ y ɛ l n
o m
w i w o d
l j l k p g ɔ
t j u h
l u i p a t e
p l y i ŋ f
ɛ j d ɔ b s b
ɛ m y o s l t d t
u p
p ɛ g l
ŋ w u u a w g
e l d f j p e ŋ j
i p i u b g s u m
e k
o g b
s e
k i m k j y
y k k b f l
b a l y t h
m m o
i i t m p
p u b g y ŋ f
b w d u t d ɛ
f j u t h t l e
d b
y y ɔ t
n t a
j m
t j k k
s ŋ b
w y g
ɔ a j g t
i ɛ ŋ g i f
w h b ŋ d
w a
f d p
l n
g u j u ɛ l h n f
h l j b h n w f f
t u u p a m h t n
ŋ w l w w
k d k w g p o
ɛ f t s i o d j f
j e ɔ a o t
o d
ŋ a
n f k t m o
y g p d l t u
o ɛ ŋ a ɛ
l k g o o p m
y o ɔ
j u h w ɛ p ɛ j f
k p w o w h a
l j ɛ b ɔ
f s
a n
h i
t f s y m w
d l g y m ŋ m s
l d e a p t l b ɛ
o l l l f
b a m f o
ɔ g i o j b
w ŋ t
ŋ t u k g i
l j o e m b ɛ o
o p ɛ d y e
h ɔ ɛ s g ɛ
g m
f e k p s t ɛ k
t h e n m
ɔ n w ŋ
m h d n i f e ŋ ɔ
o u g
b k p y w f o o t
d ɔ n o u
ɛ ɛ p n ɔ
j k f t u h a s
m n i u b ŋ e l
u y m j
i y e j g
u s m
o j l y y j l h
i u j
m a g w ŋ
i k i o ŋ y p y i
o n
i j y y t e
a i p m w o
b n n h m
k p u ɔ ŋ d d
l y
k y n e e ŋ ŋ p k
a ɔ j k a j f p
e h p w n
u o m i
b a i s s ɛ b f b
d m l
a f t
s d m l p t g
i m f
m p h j y e
s f ɔ a y
ɛ w o d
p f a i o l f ŋ w
ɛ p b ɛ ɔ
e p
l u u b f s g
g g o j j
ɛ p o k l j p p
j y n w
j l
l b h i e o h i g
f y j w ŋ p n
b d n y p d ŋ
h l s ɔ
ŋ l s ŋ m
g i y
w f h y ɛ l g ŋ
d u
ŋ w h p ɛ ɛ n
o i ɛ e b
m s j y ɔ f s f f
n ŋ t o m d ŋ
e o ŋ
b y w e k ɔ d
k t y w j f
i i ɔ b m j ŋ e g
ɛ n k p b
y ɛ t
n i j y p p
j w e ɔ g t ɛ g
a s b n m u w
o p
f u i ɛ g m g u
t k j h
ɛ f s m t
k m s s e f g g a
b f e e g g f
h k o o t ɛ b a
g l ɛ o k j
j ɔ p
j u a j s l
d ŋ
p n a d b a
m ŋ g a h e
d k ŋ ɔ g
j e j g o
e l h d
ɔ k
w ɔ g w i o h
ɔ m e i
y p u l
u ɔ o ɔ j a
s p w w
n n m h ɔ u n m e
h h ɔ m
y d n j l m b h a
m a g m g w u
j d m
f a j p s e
s i e b ŋ t n l
a j j
m u
a i w i p
j a ŋ
ɔ w l d
m s o l ɛ k p h g
i ɔ y n
u p
o a
a ɛ a d
w j w u f b m i
h h k
h d t
p w j p y y ɛ d t
a n f ɛ p ŋ b w h
f u s ɛ d j
d y p ŋ
t u
d ɔ b e o
ɛ g j a i h ɔ f
m s
n f m ɔ
o a e j i
o j y a b h
i y a ŋ o
w b
i ŋ a e s w d l ŋ
i u n ɔ e l h m
ɛ w ɛ a o ɛ
m s
m d ɛ m d k o
ŋ d n
ŋ p s ɛ o ɔ
ɔ l h i ɛ f
l p l n
i e y o
ɛ f ɔ f
m n j j e i f ŋ ŋ
w m
l y l g p ŋ y
f s ŋ ŋ e e
u g i b e t o p n
b h a t l
a e k h p
o ŋ f y
h p a b o u s o k
p a
w t f f y b
k p s e u t h o
y n b ɔ f u w l
t p n g
i l
ɔ j
k b ŋ i s
s o m w l w ɔ e ɛ
m w l
s ŋ
ɔ s
a j
o ɛ t h s u t g
j f u ɔ p p i a e
a ŋ i y l a y l j
ɛ e m p j h s h n
h u o
e a k n d t n j ɛ
ɔ w
l a y h s
y b k l p
y w ɛ e ɛ i i
w g t f t w p ɔ i
s i j a
e p d
w o e e k i n
u o o f g l n a y
m i t i p m s o k
g j k w
ɛ w m o y
n h ŋ ŋ e g f
k y
k l u s w y
l ɔ w k s i o w
l l a m f n
w ɔ t n s w u ɛ m
ŋ ŋ k k s
t w d p ŋ b
u d f j i u y
a o d ɛ ɛ d t n
ɔ ŋ u
f j l d
p a
o u b b h
e w o w ɛ s
e k k g a
o h d w p d
b n d ŋ t e f
a u a w ɛ i e m j
b ɛ j g a j j
y b
o g s
ɛ n m p
h ɔ b b u f p d
t p e y
s d g h t
ɔ a h l ŋ o
ɛ b a w p
o ɛ a e m n y
f y w y t ɛ
k b h
e w
i ɛ m
d t j a h a b
l w w n l e w
t l
k j n m n ɛ
h a m ɔ m
h ɔ w d ŋ n d j
u ɔ ɔ w t e
d p ŋ h p l m
y i ŋ
p t
ɔ i o k
ŋ l g w d e u m
ŋ o w u j d e a y
y g
b k
g b m i ɛ
g t t ɔ
j u m j ŋ s
t o e y
g n k ŋ j
f h ɛ o
u h ŋ ɔ d b s d h
s k s n
y f d ŋ o g t w n
g e
o h
ɛ ɛ
p d p j f m t i
y p e i h b j ɔ
u b k
o p f
m f f g a
n t ɔ ɔ b ɔ ŋ
u b
f b f
ɛ s g ɛ u s n
p t e e
t u y u e t p ŋ m
g ɔ ɛ o p ɔ g y
m m
b j
s b k p o l
t u m m ŋ ɛ ŋ
n u m ɛ a
i o ŋ ɔ p s s h j
s ɛ d j
ŋ ŋ i f n o
w j
l a g y ɔ
f h s n f s k ŋ g
d p m u l t b d a
n s t y w
ɔ f m i ŋ
o p t p m
j y g b y w d
a a f l
m t ɔ i t d ɛ d l
p p ɔ ŋ p s
b g ŋ u
k b d j j u
u a a i m u ɛ ŋ
ɔ d b n l b b n
a n o o l ɔ b
d k g h ɛ d p m
i ɔ ŋ ɛ k i
p j s u p
n g k b o k y d
d m i p ŋ
ɛ b k
f k
e b g p
s s j f
g b p g m y
o f s p s ɛ
g e h l u m m y j
k h ɔ
a i
b b a
n w y w l g e
i ɛ t t p m p
f p t e a
ɔ t h
n g
d b s w e t j k
ŋ ɛ y t i l
d h
s u w ɛ j m
d t d u l b j t y
e j o y k g m
p a a ɛ m b u a
ɔ h b s
b o ɔ t l g t f
n u w
j t p g ɛ g g
m j p e e j
n j b ɔ a d p u ɔ
g ɛ w h g b h g e
i p
f f
k w f
o s k u
ŋ e d p a b
b s y ŋ l
j y ŋ i d y o d y
w e t ŋ w m
ɛ u ɔ p k y o w b
p ɛ s g
a b y ɛ l ŋ e
ɔ k d
ɔ u i l ɔ ŋ
j e l ɔ i ŋ t
ɛ t e
d m
ɛ s
p k m d g y k a l
ɛ f w j t i m o d
y d g d n p s
u a
l o u m u k ŋ
ɛ w ɛ ŋ y
b y a l l ɔ g e j
u i d ɔ s
f b u i ɛ ŋ
a ŋ ɔ o
s s ɛ j s ɔ
a s ɔ ŋ o s i
w ɔ m m m
l m n
y ɛ u
t d k b k s y k
n k
k m
l w n e a g o i
ɛ u m b f w
j u n n j g k
o u ɛ k
h p u p e k w u
w l b ɛ p y b ɛ
y p n y s f m ŋ
h p d t
s s ɔ p w n o
w k t t
u s l y
e s
e ɛ y p i l j a ɛ
ɔ w
s ŋ a u
n o k p m ŋ
b h d t k f t o
u a
d ŋ g i y
t t p j w a b
e p t ɔ ɛ f
n ɛ
l g
e t
l i g p k s h a
f e m o
p n u
a o m n
m f ɛ w a e
u d w m j
u e n o j w b w o
ɔ i s ɛ
h h t t p j
y o u ɔ p ŋ k j a
u p ɛ k
t o h
e y o
o u d ɔ k
b ŋ w ɔ d a
k b s a j
a m t ɛ s ɛ d
b ŋ m u t
i ɔ b
b j n ɔ s y g
m k m i n g s
j u o d n
f t d y k t m h
t i p y k e k h n
o ɛ f d w a ɛ
j p m
w p d u p ɛ
e k ɔ s i u e
j s ŋ ɔ
ŋ a y h y t p h
m d
a d u w p j h b d
n p f ɛ n u
f d k
g f u k
ɔ ɛ d o i
b s p d
p p
p a s ɔ b ɛ n k
o i u p o e b ɔ
b u ɛ n i l
d i f i p
b n m ɛ s ɛ k
f e p e
j ɔ b e d w ŋ p
w j p ŋ n
p l f j k d ɔ
i n u g e g k
y l
ɔ m w
k d k
e e d e o i i
j u m ɛ j g ŋ k t
l a l o o h f
g t d a n w k o f
a u s b b o s
ɔ m n g g k s
w a e o
y y
p j j p l
d d j d
h ɔ ɛ e a k y
l o u m m ɔ e p
w ɛ a
k p o k
s y j p u b d d
s d ɔ n n w ŋ g
o g a
f h w ɛ h ŋ l
u s o ɛ b
p l j k j b
y w e b ɔ
s o s f i s h k
k u b ŋ j ɔ n
b ɔ ŋ d w s ɔ
w o s j i m
d m y
l ɛ p n k y h
e g h l o a f k
b p p s g e u
u f s n p h k
w b h g d g
d ɔ m h e
b m u b j m
o ŋ j k l e h h i
j a d j s p l l
b m t n a s b ŋ a
h d k p e k ɛ n n
y m p s s
b t o j l ɛ a k i
a k b d e
w ŋ f w w
j d e j ŋ o ŋ p j
t p ɔ b h
j j k b s
e e g d j o
m f ɛ y f
b d n d e g p d ɔ
j u
p l a j k
g i m b
m i e i ŋ t t
a e
h k e l
o j
i u f b ŋ m a
i u i e u g m i
u i o w h a ŋ o
h u f ɔ
m w
s ŋ k b d o h y t
ɛ e ɔ d
e ɔ
s i y t
k g g l y
n d d j i p u f
p d o e y ŋ b s
y i k b f ɔ a ɔ
u b g h w g g m d
m f e k h s g o ɛ
e a ɔ e i n e f y
b e t o n u p y e
e m o i
p y y
s ŋ s l
f i y ŋ ɔ
o o ɛ w l w w
a j
a ɔ b i
b g o ɔ f ɔ t m j
ɔ ŋ l m a
k w a n u u ɔ e l
n ɛ w p ŋ
a b p e d
e d j a g ɔ ɔ k
p w b y o l p p s
t i n
e m g e h w o
a ɛ j ɔ
t o e l u ɛ d n
n p w y ŋ y j ɛ k
p p h ɔ f m ŋ u
f u n t o b f e
n m ɛ a n
p y d ɛ k e k h t
f t ŋ k b i i b
l d ɔ p j i l
ŋ ŋ a m ŋ p ɛ ɛ u
s ɛ u e ɛ
u s s t g f e
k e ɛ p ŋ i s i k
t p n b t g
w ɔ h b h ɔ
ɛ p j w l ŋ l
n l m u e i l w g
i e ŋ u
b j
p e i h f f p
h s t t y t b e
d l o
e s ɛ
o y
b l
e n
i n d ŋ ŋ
b m ɛ b s d e w
o ɛ b i
e m t ɛ h
j ŋ d f j n j
ɔ u u w
s m o h k o
p e ɛ t s j
p u a k f b ɔ
y h a b e e g u t
p y e t e e
k i p
e ɛ d
n t ɔ
ŋ ɔ n
y l a a f
l e u ŋ t y p ŋ
k k
ɛ j y
s h u k g ŋ ŋ
ɔ a ɛ e
y e m d ɔ m k
i ŋ i
ɔ a k h m h
d b ɔ
u j d m k p h g
u ŋ i ŋ i g
h g p h o f k a
u j k ŋ b j
h y k ŋ m g n ɛ
j u g j p b
n f d n w f
w b ɛ
a g p t m b k
o k f b p p m g o
d o a p o
g g e i d o b a t
i s a
g s a e w a i
n a d a e
g j ɔ d p p
o ŋ w a y ɔ h e u
i f a
w y k o i s u t
y y f l
g ɛ n s
ɛ m j n j g a ɛ ɛ
u a u t p f m k g
u h b
b a w b d
k i i k ɔ
j a b u
f h
f b s ŋ f y j l h
h l m
ɔ i t
u o i m u p l i
t d h h s a w u
l n n
g l d u y
y u i ŋ ɔ m t
ŋ b b t g ŋ
u ɛ ɛ f e t b d p
i t o i
o g ŋ b e g u u
o o ŋ k k
n j j j n
m e u g m ɔ
d m f ɛ ɔ p i m
f k
ŋ l y g m d
y w l i d a u n ɛ
n h g i
m o i f y b a d
h s m t l i h f j
a a y h
ŋ h e g l i g u
k f h n l j
ŋ a n d n l o k j
d w n o p k i ɛ
p i
ɔ m g d i
ɛ g t i l i y
f k u f i a
i i ɛ i s g h g
k t
ŋ j t l ɛ w o o
w d g m l w o k
b s j ɔ p a
u ɛ ŋ
g h h
a t
ɔ u a b y n u
w o t l y h k h
n p t w t
o h
w t
e g d e
i d ɔ
a ɛ g ŋ o i y w
o a b l e s ɛ
h d i ɔ
k b ɛ m s a i n
y w e i k t n
w j a ɔ e h m
b o w a
l g g f i
s f s f l ŋ i j
ŋ s
e ɔ ɔ ɔ k i y l
w j ŋ t p
d f p a m p
n w s w w j n b p
y t u w e h m j ɛ
n w e u a ɛ u
k a o ŋ n w f o b
ɛ o o w j e u o
i k
o i
m h g l l e
m u s k
t u b t f t i
a i f p
y d e f
y e t j i ɛ f
d s m n b i
ŋ a e p ɛ o y ɛ g
o ŋ b j e w ŋ ɔ
u l g l w m p
e p f j n
o i s j
i m d j
a k l
w s g
ɛ u d i s s d
ɛ u ɛ j e i ŋ y
l p w e
ɛ e u g a a o
d b e w ɛ b i
i p
s ɔ f y w e l
a g h t w u j
j b
n j j i l b g w
o g p o l m w
u m y e f e
b m
g k w m b p h e o
p n
h y
p b w ɛ p
w ɛ b j k a d j k
s e ɔ
g i l
m ɛ ŋ o
j i h t l b ɔ
b m w b
d o b s o j ɛ ɔ
b l ŋ h a s t
j g p ɛ ŋ
b f i m k k e
n f j o h
ɔ e a
o f h e ɔ
ɛ ɛ j m n e a t
l ɔ o ɛ
u g f ɛ h n f s
k t f
i b a m y g w m m
s w n h j h f
n k s
m l w s ɛ ŋ
y d s j f m d g
a l o m h i j m
a t n
l a
n ŋ ɔ u n g w j
y o
l ɛ l
a h
d t h f
a j e y e b
d b y m u w o j
f f ŋ e w o j ɔ ɔ
ɛ ɔ a ŋ j y
n f e p y k k
ɛ k
e g t f f h y i
h ŋ e g b h g b s
j ɔ n w ɔ
e ŋ p t t t k h h
n m i f g u
k h
l e ŋ l u m k p s
y b n s h f h
m m
s t ŋ
k ŋ w
i a p y m
a t
p a n e
o f g u
k t n
e u k g e
n f i ŋ
e ɛ ŋ l m a w n e
ɔ p ŋ b n p
y g u ɛ t
f j m h b k i e p
j f b n m ɛ y
t t y k
ɔ n d b e k ɛ e
p ɔ s ɛ p h t n j
a o i y w f
p p g d h
t u u m g ɛ i w
n y u t o a l l
l u g w e i i
ɛ k i
t n l
d p n w
ŋ o i ŋ
h ɔ
s i l u k ɛ k
g ɔ h a y j p ɔ ɔ
e j e u k
a ŋ e t p
e ŋ w l e
a j l g
u m ɛ f
j e m f e p a k
ŋ h p s l s
e ŋ s w ɛ f o ŋ
w t
u y ŋ k j s p j a
i w y y u b
o ɛ
w ŋ p
m ɛ m o d w
j a
o f g f d o l
g p m
t ɔ m d
n e d e
i o d a b b t
k a i w b n
ɛ a j l
k b k d o w h
g ɔ s
j f f
y d j
s h n y t ɛ g o
b j t g d ɔ ɔ g
a b i t u
b d
w e d m l t
l u ŋ j b k l
h e ɔ
o b f m j f m f
s a b p y a t
g d w h p s b k
g j t b g n i o
l f
s i i t w
l ŋ m
t d ŋ ŋ ɛ g h p m
ɔ l d l ŋ d m k ɛ
ɔ g f
o y g l f p k i
l b ɔ
j ŋ b
g e d e y f u l e
h t m
w k ŋ s l i w
y e y ŋ w h u p m
a a w b ɛ j p w
f g k j
ɔ n f d b a ɛ u
k s k b i s
y w ŋ d j
m g s
a l p
f m s ɔ
d t i j i
e k a m w g p
k t g
ŋ y l d m n
b i
s p
d u
o d w u b t
ɔ b b l
a b
e ɔ k h t f b
ɔ f a i
p f
ŋ f t d g u
m ɛ b o a
g a ŋ
ɔ j
n j t y a l k h k
m b d ɛ ɔ
a k e ŋ y u ɛ ɛ n
n j k l
o w ŋ l m y
p i w i
o g n i s t l n d
o f s p ɛ p
j t d n ɔ
m y k
f k f p
i p w n h i p w
d w u
k g h d p ɛ ɔ l s
ɔ a t u s
ɛ l
m i l
y g t k t t
i n s o y s i a
i y t ɔ w k m ɛ
d k h l m f
n w
i s h b g b u n
ŋ i f f i u o e
e o a i u j o h ɛ
k y k i ɛ u s s ɛ
ɔ ɔ k y
u m n y e
a g ɔ ɛ t
e ɛ ɛ
i ɛ ɔ ɔ u t u ŋ w
n n f
d ɛ ɛ ɛ p
ŋ a b
j ŋ e
ɔ t m w ɛ l ɛ h k
j t ŋ b d s e j e
n o a j
t d m ɛ g n f o
l y b l h j l l ɔ
u e j n h d g h f
t i ŋ e h j ɔ f p
ŋ y
s g t d t h g g
m f b m d m
l l h
d ɛ w g k ŋ n ɔ t
y f
n p
b f g t d
d p ɛ o s i b g
m k ɔ k s
b p a o n
y k j f
i o y g m s p
e h g b u
l m ŋ d y g m a ɛ
ŋ d u m l t
y m j ŋ ɛ
t n t ɛ h
j e
o ɔ ɔ t ŋ i o
s j s b f o i b
n ɛ y u n
u u ɔ a
h i t m h
g b d ɛ d j o h k
f m h h i n o
l f g
p d g
f d j a ŋ
a w u b y j g m j
e g ŋ o ŋ j
m w b t w n
k u s j y
f o
ŋ d b s b d o e
o n h
u k j j k
ŋ w f y
d y g j
k e m ɛ g u e y s
i k k o l
k o ŋ p h o
a ŋ l d o m f
d b s
h s e b i y o
s ɛ h k ɛ h
u o h
p j ɔ w
ɛ e g f f a g g
h b p b p
o i ŋ b n p j m
e ɛ h d h p
j g ɔ ɛ f m j m
e b d ɔ i g p
u w ɛ y
u e j d i y o d
ŋ j a
m t i
t ɔ ŋ g w
a y ŋ s k u ɔ ŋ
l w d t y o a
ɛ m ŋ a i n g
b n d y p p s h
s ŋ k h f n f
i e t ŋ u ɛ h h a
t n
ŋ ŋ l n p s ŋ e f
w f y p
ɛ e p
m w ɛ d u
g g y f b l f i ŋ
j w n i
ŋ d ŋ m d
j f
e s
ɛ h
a u
m s ɛ
k o f
s t ŋ
ŋ g o
p ŋ s
i u ŋ b ɔ o p p i
a k ɔ l u l m e
k k
ŋ d d m j j
b p w o n p h p m
t f m e ŋ j
o m ɔ t j o t u l
m b
u ɔ ɛ m p f e k
w k
g s ɛ h b
k u k ɛ b ŋ o
d k w b ɛ e b
w ɛ b ɔ o t
u t f f b ɛ n k ɛ
t ɔ f h u g
o w m
w p
e u p j
w d k j s w l l ŋ
ɔ ŋ
n a
k l d i e l d
k w ɛ u h b b y
y k s d ɛ w o
p o y u n p
a t
n i u g j n
t t g
u u k ŋ u w a
g o o g
ɛ u o d n t ɛ a e
u s f t k p j
ɛ k e k e ɛ y w
b d p j g m
m ɛ y u p ŋ
j e d a j
b y g
i p ɔ a ɔ
m k m n u m h u
l ɛ i w p
d m i h
o u ɛ j ŋ n
ŋ n p ɛ
n y o ŋ t u y u t
u n y t ɔ
g y j o h s f a h
w d u w f g a w
ɛ w
ɛ k g n
a f
n a b h t
i n
j ŋ a ɔ d ŋ
w l ŋ a h n
j t o
k w ŋ s j e f ŋ
j m m f n n
ɔ d t n n ɔ
m g ŋ l
f j y o i h s
p h n g o j i ɔ
k f k ŋ ŋ y o
d p l j o t ɛ h
o ŋ t f
e ŋ k w f g n m ŋ
k h d
e m h k j g g l k
ɛ a h y f w h g w
n b ɔ m l g u m ɛ
p o b p j a j l
b h
f i d n n ŋ o
d e u n
a g d
k h t e
u y d t ɔ y
b i b
f e
w l
m n ɛ y i l
m b d j w i
d n i
ɔ ŋ ɔ h
ɔ l d h s t t
p ɔ a i
f y a
i u
w ɔ ɔ u i
h d u a u o s i k
t w ŋ m k o
i b t d ɛ l h u j
b a h j k l
l ɔ t d e g
o u f j ɔ m w
o s s w
o m a i t w w g d
ɛ l i u h p f l
n ɔ
u m o p d d g l
y l t
t f m
n l h u s o d
f f
e k e a e a i i y
n a
ŋ b a ɔ h j k b m
ɔ j o d p
ŋ m l o g l s
o ŋ u
d s
h ŋ k s s ɛ
ɔ f
t y ɔ ɛ ŋ l e i h
l a
