u t l o a e a
s i u t l o a
u y a u t l o a
u z o u t l o a
n i u t l o a
s i y a u t l o a
s i z o u t l o a
b a u t l o a
n i y a u t l o a
b a z o u t l o a
n g i u t l o a
n g i y a u t l o a
b a y a u t l o a
n i u t l o a
u y a u t l o a
n g i z o u t l o a
u u t l o a
u y a u t l o a
u z o u t l o a
p h o m o l o e a
s i p h o m o l o
u y a p h o m o l o
u z o p h o m o l o
n i p h o m o l o
s i y a p h o m o l o
s i z o p h o m o l o
b a p h o m o l o
n i y a p h o m o l o
b a z o p h o m o l o
n g i p h o m o l o
n g i y a p h o m o l o
b a y a p h o m o l o
n i p h o m o l o
u y a p h o m o l o
n g i z o p h o m o l o
u p h o m o l o
u y a p h o m o l o
u z o p h o m o l o
q a l a e a
s i q a l a
u y a q a l a
u z o q a l a
n i q a l a
s i y a q a l a
s i z o q a l a
b a q a l a
n i y a q a l a
b a z o q a l a
n g i q a l a
n g i y a q a l a
b a y a q a l a
n i q a l a
u y a q a l a
n g i z o q a l a
u q a l a
u y a q a l a
u z o q a l a
n w a e a
s i n w a
u y a n w a
u z o n w a
n i n w a
s i y a n w a
s i z o n w a
b a n w a
n i y a n w a
b a z o n w a
n g i n w a
n g i y a n w a
b a y a n w a
n i n w a
u y a n w a
n g i z o n w a
u n w a
u y a n w a
u z o n w a
l u l a e a
s i l u l a
u y a l u l a
u z o l u l a
n i l u l a
s i y a l u l a
s i z o l u l a
b a l u l a
n i y a l u l a
b a z o l u l a
n g i l u l a
n g i y a l u l a
b a y a l u l a
n i l u l a
u y a l u l a
n g i z o l u l a
u l u l a
u y a l u l a
u z o l u l a
j a e a
s i j a
u y a j a
u z o j a
n i j a
s i y a j a
s i z o j a
b a j a
n i y a j a
b a z o j a
n g i j a
n g i y a j a
b a y a j a
n i j a
u y a j a
n g i z o j a
u j a
u y a j a
u z o j a
f o f a e a
s i f o f a
u y a f o f a
u z o f o f a
n i f o f a
s i y a f o f a
s i z o f o f a
b a f o f a
n i y a f o f a
b a z o f o f a
n g i f o f a
n g i y a f o f a
b a y a f o f a
n i f o f a
u y a f o f a
n g i z o f o f a
u f o f a
u y a f o f a
u z o f o f a
e t s a e a
s i e t s a
u y a e t s a
u z o e t s a
n i e t s a
s i y a e t s a
s i z o e t s a
b a e t s a
n i y a e t s a
b a z o e t s a
n g i e t s a
n g i y a e t s a
b a y a e t s a
n i e t s a
u y a e t s a
n g i z o e t s a
u e t s a
u y a e t s a
u z o e t s a
t l o o e a
s i t l o o
u y a t l o o
u z o t l o o
n i t l o o
s i y a t l o o
s i z o t l o o
b a t l o o
n i y a t l o o
b a z o t l o o
n g i t l o o
n g i y a t l o o
b a y a t l o o
n i t l o o
u y a t l o o
n g i z o t l o o
u t l o o
u y a t l o o
u z o t l o o
e e a
s i e
u y a e
u z o e
n i e
s i y a e
s i z o e
b a e
n i y a e
b a z o e
n g i e
n g i y a e
b a y a e
n i e
u y a e
n g i z o e
u e
u y a e
u z o e
q e t e e a
s i q e t e
u y a q e t e
u z o q e t e
n i q e t e
s i y a q e t e
s i z o q e t e
b a q e t e
n i y a q e t e
b a z o q e t e
n g i q e t e
n g i y a q e t e
b a y a q e t e
n i q e t e
u y a q e t e
n g i z o q e t e
u q e t e
u y a q e t e
u z o q e t e
r e k i s a e a
s i r e k i s a
u y a r e k i s a
u z o r e k i s a
n i r e k i s a
s i y a r e k i s a
s i z o r e k i s a
b a r e k i s a
n i y a r e k i s a
b a z o r e k i s a
n g i r e k i s a
n g i y a r e k i s a
b a y a r e k i s a
n i r e k i s a
u y a r e k i s a
n g i z o r e k i s a
u r e k i s a
u y a r e k i s a
u z o r e k i s a
e b e e a
s i e b e
u y a e b e
u z o e b e
n i e b e
s i y a e b e
s i z o e b e
b a e b e
n i y a e b e
b a z o e b e
n g i e b e
n g i y a e b e
b a y a e b e
n i e b e
u y a e b e
n g i z o e b e
u e b e
u y a e b e
u z o e b e
s u t u t s a e a
s i s u t u t s a
u y a s u t u t s a
u z o s u t u t s a
n i s u t u t s a
s i y a s u t u t s a
s i z o s u t u t s a
b a s u t u t s a
n i y a s u t u t s a
b a z o s u t u t s a
n g i s u t u t s a
n g i y a s u t u t s a
b a y a s u t u t s a
n i s u t u t s a
u y a s u t u t s a
n g i z o s u t u t s a
u s u t u t s a
u y a s u t u t s a
u z o s u t u t s a
h u l a a e a
s i h u l a a
u y a h u l a a
u z o h u l a a
n i h u l a a
s i y a h u l a a
s i z o h u l a a
b a h u l a a
n i y a h u l a a
b a z o h u l a a
n g i h u l a a
n g i y a h u l a a
b a y a h u l a a
n i h u l a a
u y a h u l a a
n g i z o h u l a a
u h u l a a
u y a h u l a a
u z o h u l a a
h a u f i e a
s i h a u f i
u y a h a u f i
u z o h a u f i
n i h a u f i
s i y a h a u f i
s i z o h a u f i
b a h a u f i
n i y a h a u f i
b a z o h a u f i
n g i h a u f i
n g i y a h a u f i
b a y a h a u f i
n i h a u f i
u y a h a u f i
n g i z o h a u f i
u h a u f i
u y a h a u f i
u z o h a u f i
i t h u t e e a
s i i t h u t e
u y a i t h u t e
u z o i t h u t e
n i i t h u t e
s i y a i t h u t e
s i z o i t h u t e
b a i t h u t e
n i y a i t h u t e
b a z o i t h u t e
n g i i t h u t e
n g i y a i t h u t e
b a y a i t h u t e
n i i t h u t e
u y a i t h u t e
n g i z o i t h u t e
u i t h u t e
u y a i t h u t e
u z o i t h u t e
t h u s a e a
s i t h u s a
u y a t h u s a
u z o t h u s a
n i t h u s a
s i y a t h u s a
s i z o t h u s a
b a t h u s a
n i y a t h u s a
b a z o t h u s a
n g i t h u s a
n g i y a t h u s a
b a y a t h u s a
n i t h u s a
u y a t h u s a
n g i z o t h u s a
u t h u s a
u y a t h u s a
u z o t h u s a
n g i y a i y a f n i j
n i s i r e g i t z o f
u a q e b a z o
b a t u o r e
b a t u z o l
u z o s a e g i l
n g i z o o l n i j a l a
u e e a y a p s i q
n g i z o g i s u a f o i e b
b a y a n i q a a z o e
u y a a y a e
u z o g i t s i t h
u y a u y a p h
n i u z o e
n g i u l u l i z o i
s i y a i s u n i q
n g i y a u y a l g i t b a j a
n g i y a s i h u
n i u z o h n g i z
s i z o o l u n g i u s i h u
b a z o y a e t
b a o i t o h a
n g i u z o s l a a y a r
z o i a l a e s i q a e a
s i y a e b y a i t a y a t
s i a i t y a r e u z s i u t n g i n g i j
n g i y a y a j a h u e b e
s i y a o f a e t e e a
n i u s u b a h
n i s u o e a a z o i
u i y a u t e e a q a l
s i o t a y
u z o n i j n g i y
b a z o n i y a n w o p z o s u n i h b a f o
s i y a o l u g i y a u l a e i z o h
u z o a p h s i r e
n i u y a e e k i s
s i u l o e t
b a y a g i r o m u e t n i p
b a i u t s i j a l o
u z o b a q a
b a y a y a h a e t a z o i
n i o t h
u y a u j a u y a u
u y a l a e a b a n w
n g i o o n i n g i l
u z o k i o s u m o
u y a u l u
n g i y a u z o q i z o r
b a a i g i p h
s i z o n g i p
s i u h u l g i u t e k
i y a n a e a
u z o i l t h u n g i j g i t l
b a y a u i t n i h a o t h u
s i h o m a y a n
a s u z o r a e a
n i z o e b n i r h a n i t
s i z o y a t h a f
u a z o s
u y a z o q e y a j
b a i y a p b a t l
s i b a e t s i y a i r e g i i z o e u z o e
b a z o i p z o l h u s a
n i k i s a a e
s i y a u y a n l o e a
b a y a u i t
u y a n i p h a t h u i e
b a z o n i q e g i e b e e a i z o h e t e l u
n g i y a n i t i p
n i o r e o r e k o l
n g i z o u q n i u
u y a e i z o p b a l u
b a y a t s a y a l o r e
u y a u z o s u y a e o l u l
s i t h u t f a u f o
s i y a a l a e b a f i p u n w
n i u t l o u f o f a p h o
n i i y a p n i t h
n i y a f a e a a l u
n g i z o a y a f
n i t u t s
u z o u y a r a s u t o i t h
s i y a i z o i
u y a w a e y a n w f o f a
u u n w a f o f
s i y a l a a e t s j a e
n i n g i f
n i i z o p i n i z o u
b a y a y a s u a n w
u y a o e a
n i y a b a s u u e t
s i g i z o a z o f f i
s i z o i j a a y a l o u t
b a z o n i q u s u t o h u l
u y a b a u t
u z o u z o q a a u f i a q a l
u z o u t e e f a
n i n g i h
u f i o f a e a
b a a y a j g i q e
s i u y a f o o g i e z o s
b a z o a e b z o e e k i
u u y a i
u n g i y o r i y a l
u l a a t l o a a l u a a e a
n g i i t h r e h a u f i y a l z o r
s i z o u y a l b e e a z o e t
u y a e a l a a
s i z o u t i z o l
u y a e k a n w a
n i i y a h a z o z o j b a
u y a u l a a u y i u a l u l
u g i r u j e t s a
b a y a y a u t
b a z o a z o t f o f a
n g i o m l a u t u
n i l o o
b a z o g i f o
n i t h u s
b a z o z o s u o q s i a f
u n g i s a q g i h u
b a y a s i h u
s i z o e t e n i h u o i t
n g i z o z o s g i y a z o f
n g i i h s i p o q a l
u h a e e a
s i z o s i u t y a l n g i
n i y a t h e k i s
n i y a b a u t i u t l o q
n g i u z o u
b a z o a z o h a y a e s i t l
n g i z o n i p
n i h o m
s i z o a t u r e k
n i b a u t
n g i y a a e t s u e t o q
u y a y a h a i z o q u q e
u y a u u i s i n e a
b a z o b a n w
n i y a a p h o f
b a y a g i q a i z o t
b a i h t s l a e
n i i h u l u z o n z o h u
s i n i j a o q a l
n g i z o p h e k i s i t
u y a u i t h i q a
s i z o g i j a a e t
n g i h u s u y a e u z o n n g i l u e t
u y a i i t h n i t l
u y a f o f
n g i y a i p h
s i b a f o i s a i z o h a y i l u q e
n i a f o f o r e w a o l u l u r e
u y a s i e a r a y a e
u o h a a l a e
s i z o a y a l i y a q
n i a t o n w a a t l o u z o h
u y a q a h u
n g i z o u l a i q e b a q u z o i
n g i a e t
u y a u r u y a i s i t l
u y a e t s l a
u y a b a r u l u l o e t
n g i z o a r s i f o
s i o t h u u q a l o i t h
u y a y a p
s i u y a q
n g i t s a y a i u y a q
u b a s u
u z o u l u n g i u r e
u y a l a e
u y a p h n g i s i z o n a e b e
n i r i t u z o f e a
b a y a i t l o n i s u i
n i o l o i y a n i y a t
n g i z o i z o q b a e b
s i z o f o z o s u
u z o r e k a p h o
u h u s i y a e l o o e
s i u z o
s i z o i z o f
s i z o l o a
n i z o q e
b a z o s i n i l
u y a i q a b a i t
s i u y a h u i t h n i j a
u z o i t l a q e
u y a u y a s s i u
s i z o t e e a
s i z o o e b e i s u t s i n w
u z o i z o u h u
u y a u p h y a h u u h u
n g i y a s a e
u s a e a g i h u
s i z o y a h a n i u u e t s
b a y a z o e b o h u
s i y a n i n i p i r g i e t
u y a b a e b s i r e u p h o
u z o o q a
u y a n i l u s i q l o
n g i y a y a h u g i q e
n i i s a a l u l
n i a z o e u s a
s i y a f a e g i z t h
s i y a i e b e z o j h u s a
u z o a u t n i u u y a q
n i y a a y a l a p h
b a y a o f o f n i g i t l
s i z o g i h h u
u z o b a l o n w a z o f
u y a h a i f o f f o f
n g i z o b a e t n g i j
u a l u i z o s
s i y a u t s a r e k
s i z o a z o f g i e o s u s i q a s i t u n w
u y a h u l a t u t
n i a y a p n g i q
n g i s i l b a t
u a f g i e o p h o
s i y a a u t y a r
u y a u z o u n w a i a z o p
n g i a y a u a a e a o i t
n g i z o u y a r b a p h
s i y a n w a a s u t z o
l u l a e a
n i o q e t b a p h
u y a u y a e t s u y a l
s i y a y a h u l a a y a r
n i l a e s i f o a r e k
s i z o y a p h s i y a f o
n i a s u r
u y a z o q e i f s i t h u y a p
u z o u z o q e b a z
s i z o s i h a z o r
b a s u t o p h a l u l
o a a z o t a e a
u y a s i g i s
u n i y b a f o t l o a
n i y a z o t h t l o a l
n g i q e z o t l o q o r e
b a y a l u l o s u t
b a i z o p g i z
n g i b a o s u a y a l
u z o g i p i z o i
n i y a a t t h u s g i z i i
u y a o e a s i s u
s i o i t g i q e i j
n i l o a e
b a z o n i j l u l a z o n i h a
n g i y a u l a a i y a i
n g i y a i i t g i j a a q a l
n g i y a i q y a f p h o
u y a u z o e s i y i z o u
u y a s i j a
b a y a u t u t y a u t f i e a
u y a a z o t s i n l u n i l u
b a y a i z o q u h a u
u z o i e u z o e
n i i z o e a z o s
u z o o l u f o f y a j a
n g i z o a u t u y a u b a i t
u y a s i t h u s a e
s i z o b a h a s i h
b a z o n i u t t s u z o
n g i z o u y a q a z o i
u z o s i j
u y a u y a o l o e z o h a
n g i z o s i y
n g i y a b a z
b a b a u n i b a n n i y a
g i l s i r y a q a a y a p i i t h e a
u z o i y a i u e t q e t e
n i i y a t
s i z o g i u t u t u e b a f
u z o o n w p h
b a y a a t h u u u q
b a s i u t e k i
u z o t s a e i z o q s i z
u z o b a t h e t s a o s s i l u
u z o i p z o l u
s i z o a s u t n g i j i j
s i h a u f l o
u y a f a o h a u z o e b a r
n g i u z o r l a e a a y a i
b a h o a h y a f s i l
n i a q e t z o p h
n i f o i p u p h o j a s a e i i t
n g i o j a g i h u h
b a a u t l
u y a u z o n s i f y a t l
b a y a o a e a
b a b a i z o i
b a z o w a e a u z o i
s i y a u y a p g i f o
s i z o a z o r
n g i y a u y a t s i u t
n i a y a h n i q e o q y a l u
n g i z o n i p a y a r
n i y a i f o f
u f a e a
u y a a z o n u z o o t h h a u f w a e z o i
b a z o i s a u u t u t s i h a
b a z o n i q a
s i z o u q i y a
u y a e t e e y a u r e
b a z o s a e
b a l o o e i u t
s i y a g i r e n g i q z o h
b a z o u z o e s i e
s i y a u h u l u z o t
b a u h a u u z o u g i u t
b a w a i i t h
n i i h u o m o l
u z o i q e t n g i q t l o a
u y a u z o r g i y a
u a y a r
n g i u p h o a r e k
o q a s i a e a
b a y a g i h a l a
u z o o e b i y a f
s i z o a z o q y a n
u y a s i j a
n i o q e t
b a z o g i p h p h o m
u z o n g i i t u t
n i u z o u z o f o b a y
u z o s i t n g i u
s i z o s a y a s j a e
n g i z o h o m b a e i t t l g i p h o t h s i e
b a y a s i s u n i f a o q e
u y a n g i l a z o r a y
n g i y a o s g i n w u y a p
u e t s a l u l a
n i i f f a e u s a
n g i z o n w a
n g i z o y a f n i q u z o j
n i u z o o q e f a e
u z o o j a z o l y a i
n i z o h
u z o z o h u
u y a u n w a
b a t e e a
u y a h u t e n i n w
s i a z o e a a e a
s i s a n a z o f
b a p h o l o n g i t
u i z o t z o p p h
u z o u y a l
n i z o p n i y n i i
u z o a u f n i r
s i u s z o q a
n g i a h
u z o s a e a o h a u
u z o a z o i z o p o p h i s a e
u y a o p h o
n g i z o u r b a s u b a y a
u z o o h u
n g i s i t h i y a r
s i i e t s o u t
n i t u t i e b p h
u z o i e a g i i t
u y a n g i u z o q a
s i z o s i e t i h u
e b e e e a
b a z o n i s u o n w
u y a i p u y a l i e
u y a s i q s i h y a q
u y a g i j a
n g i o p s i s u
a r b a n w a e a
n i o l o
u i l a t l
u y a g i u t i n w
n g i z o i l o l a e b e a q e t
s i i z o j s u t a y a t
u y a i z o r
u z o t l s i s o t h u
n g i y a a a e i y a n u y a j
n i y a u y a j
n i i h u i z o n b a q e u f o f
i i t h a e a
n i u s u t o u t l
u y a n i j a b a h
n i u z o u i f o f e a
u y a o l u l u q a
n i a s u
s i z o a e a y a f o
b a y a r e t s
s i i z o s
u z o f o f a f o f
f o n g i n e a
n g i l o a i u e k i s
n i l o o n i i a u n g i h i j a
u i e a a y a n s a e a
b a u l u n w a
u u z o p b a j
s i z o s i u t
n g i u y a l
u y a u t l o g i t h
o l u l a e a
n g i i z o f z o t
b a y a h u l a g i l s i u
u z o u z u h a
s i y a o u t l o m u y a u
u a l a e b a h a i y a e
u z o s i f n i q e
n g i y a n i i t g i e b i z o i
u y a y a s u o p h o
u l o e s i f o
s i y a b a t h u l s u t u b a e b b e e
s i z o s u t f i e a u f i
u y a s i l u g i q u l a e s u t
n g i y a z o q u z o r i j a
n g i p h o m u f i e
n g i u h u l g i i o u t
n i q a l f i e u e t s
b a y a i p h o i z n i e b
s i z o o t l q e
n i u s i t l
n g i a y a q o p h t l o b a t h a z o h
s i y a n
u y a a u o t h u t l o o
u y a h u t i j y a l u
n g i y a u y a e i f o
b a u p u e t u e t s
b a e t n i t l
b a a p n i l u y a t
u z o u n l o o
u y a i z o s i z o e h o y a h u f i e a
u y a a z o f z o j a
n g i y a a y a s
s u t u g i r e o l o e e a
n g i z o i s u t
n i i i z o h i j s i e t i z o l u z o h
s i n i s b a h
u y a n i p h
u g i j a e a
n g i y a u y a e i z o u
n i z o e b i e b
u y a o e i s a
n i y a o t h u s i q e
s i z o n g i s u l u z o t h
n g i z o u l u l
u a y a e a l u
u y a n i l q a
u y a g i y a a a o e
u z o n i l
u z o u l u l
s i h u l a
b a y a u p h o t l o t e i r
b a y a a z i q a l h u l
u y a y a l u i t h u m o
b a n g i e y a n i h a u
u l a e o t l e e a
n i y a a y a t u i u r e k
n g i u z o u l a a u s a e
n g i n i s i l a q a
n g i y a i h z o j a n
u y a y a h
u y a a t h g i e b
n i y a b a f y a h u
u y a o e t h o m o o f i e g i q a j g i u g i n w
n g i u h o p h o i r e n i e b i i t h
n i b a e s i p o h u i z o j u y a t i z o r
n i b a z o y a t u l u l
u y a o m o l
n i n i j a
u y a b a e f i e a
u y a i l u l a q a u h a u
n g i z o n g i q e
n g i y a o f a n i n
u y a t l z o e b
n i b a p h o t h l u l
b a b a y n i t
b a y a z o u t
n g i i y a u a y a u u t h u
n g i n i y a i h s i l
u y a e t e e
u y a s i s i y a j o l o
u y a u l u o l u l i u
b a p h z o h u
u y a o f i h u l
s i b a e e t e o j i l u l
b a z o s i e z o t l a e t
b a y a n i t h u t u
b a z o n i y t l
u y a l o e a i i j a e a
u a p i y a j z o e t u t s z o l u a y a p
u z o a t h u
u y a i y a f
u z o t s a e l a e
b a y a o s u r e
u y a a y a s a q e u s a o t h b a z o
b a y a u z o e
s i y a u t s i p h
b a q a l a z o n w a z o r
u y a y a u s i e
u y a b a h a u n i t h o i y a h s i e b
u a f o f
b a z o n i f o t h g i z o
n g i t h u t i y a t
n i y a n w h o f a e a
n i y a t e e a g i h u
u y a n i y a h a
s i y a u u t l z o f o
n i y a i s i e b l o
u y a l o a a u t u n w a a t o a g i l u
b a f o a e a
s i z o a z o s z o h a f a
n g i z o i y a e z o n g i t
b a p h a e a
n g i z o b a r s i s i e a i z o u g i e t u i b a q
n i e b e g i q e
n i y a s i f e t e e
b a o j a l a e
n g i y a g i q z o i t g i s u
y a n u h o i t h e a
u z o o o e i y a i
u t s z o u z o s u
n g i a q a s i e b
n g i y a a h u l i f o f
u z o a t h b a u t u f
n i g i h u
u y a b a q a y a e
n g i y a l u n g i s
u y a i t l o o m o
n g i y a h u t e s i s t s
u y a o l u l g i i t
u z o y a s u g i e t i z o l i h u l i y a l
u y a n i a h a u
s i z o e t n g i h p h o m
n i y a b a h a n g i n r e k
b a z o i s u t
n g i z o y a n s u t u i y a
n g i z o a r o r g i w a e a
b a z o e a j a e a q r e k
o m o l z o j a e a
u z o u p b a z a z
n g i z o u z o j o t l n w a u y a r
u y a o i t h
n g i u z o q a u t
u y a p h o p h o m
u y a w a n i e o h u
u y a h u l u f o
b a u j u z o l
n i l u s i b a h t u b a n a s i y a a z o u
b a y a i t h u p h o m
n i g i s u y a s y a t e e a
b a n i p h o p a h
n g i u l u l i r o o e
s i b a n w i s a e l o e a
u y a u p h i z o q i h a
n i a z o l u e t i h u
s i a l a y a f i y u j a
n i y a e t e e
n i g i t l o h a u
n i b a q e z o p h
n g i y a i z o n u l a a
u y a b a t n i p
n i y a t l o a e a s i j a
s i z o o f a n g i s z o i
u y a u y i h u l
s i a z o q
b a z o g i u t y a f
u y a s i u a z o e
n g i y a t u t s a z o f
b a z o o a b a r e i y a e
b a z o i z o l o f z o l u
n g i y a a e s i j a a q a e t e k i s y a p i p
n g i z o a j a n i y g i t l i j
u y a h a u a i n g i j
g i q a o e i z o u a e a
u y a s i h a y a r e b a p h
n i n i p h e b e e
n i y a y a r i q a l u t s
u y a n i j e b e u t e e
n g i y a a i t h
u u z o o q
u y a a f o b a l
u y a b a u t u z o f n i h u
u y a u j a n g i h y a r e
u y a n i r e h u t u e b e
s i y a u n t s a u y a j
u z o b a y a s i s u i s n g i p
n g i z o t l u f i s i j s i n
u f i e z o n s i s u o p e e a
b a y a o t h u a z o h
n g i z o i y n i e o e b i y a s
u k i g i h a i s a e
s i z o t l a l u b a p h
n g i y a t u t s o p h
n g i b e e
b a y a i e b u r e k
n i t h a y a e g i e
s i y a i q e
s i y a s i p h b a y a q
n i b a r a a
u u s a u u t l u y a n i z o r t l o a
b a g i j a z o s
u y a i i t a u a n w u f o
b a y a n i j i y a n u y a s
b a i p h g i z o
u s a h a u l o a
n g i u y a u n w a e
b a z o i i z o u o l o
b a z o a t h u i f o f
n g i z o k i y a j a u l u l
b a z o n i j i p
n g i y a i r e u y a l
n g i z o t g i l u e b
s i a i e e b a u
n i y a s i t l g i p h i q a l
u z o a y s i n w
b a z o o n w y a f u t s a l o a
s i u i z o t i z o l
s i a z o u b e e u e t s
b a y a u p g i u
s i y a a e u s a
u y a i y a u
n i a r u z o h b a h u
u y a i i a y n i n w u h u n g i r f i e
n g i y a y a e b z o f o
b a y a i l n i e b o u t l
b a y a o e t s
n g i i y a s o e t i n w a
g i n g i z t h u s e a
b a s i n w n i t
u a y a n s a e a s i h a
s i y a u e b e o i t h
u z o k i o n w o f i s
u z o g i t h a e t s b a t l
b a z o i s a e a e t
s i a e t s
n g i z o s i a y a t
n g i z o o n w h u t
b a z o a s u a q e t i z o l y a t h u p u t l
u o f o g i y s i e b
s i z o s t e e a a q e b a f o
u z o n i y z o t
u y a i p h o i h a
u u h a z o t u h
n g i z o b a y a a u f i
s i z o y a r n i h a i e b
n g i e e a n g i u
n g i z o o f o i z o u l u l i u u f s i f
u y a z o q a
n i y a u e t s n i n w
u y a e e h a u f
s i s i e t u s u
b a y a g i l a z o e i y a h
b a u z o h n i u t z o q a
b a z o o a e a y a s g i q a
s i b a g i l u y a h u
b a y a o n w
u y a g i i i z o u a q n i e b
n i y a u l a a f i e a
n g i y a n g i e n i h b a t h
u z o o t h u
b a u r e g i f
s i z o f o f
n i y a a s t u t s s i t
n i t h u t
b a z o u u t s i i t
s i y a i z o f y a e b
n i t l o n i s u l u o p h o
n g i z o g i f u e t i q a l a a b a r
u z o u y a p i i t
n g i z o i y a t y a f o
b a y a a h a u i t u f i e
u r e a y a n g i i t
n g i z o s i q z o r e
s i y a i t h u p h u e t a e
s i z o b a l u i h u l
s i y a g i t h u y a i
n i y a r e k e k i y a f
s i y a i y a f g i j a
u i y a t
u z o n g i n
n g i g i n o n w a a t h u
n i y a i e b o t l i z o l
u y a a a e u z o u
n g i y a i q e t a z o f
u z o l u a h a p h b a q e
s i z o a y a e o i t h u y a p
u y a j a f a e
s i z o t e e
u y a g i q a
n i g i u t
n i y a o l o g i h u s i r
n i r e k u s u t
n g i z o b a t l q a l
b a y a b a t u t e e
n i y a e e y a l u
b a j a e i q a l
n i o e a s i q e u z o l
b a z o h n i y a g i q
n g i a y a h
s i z o g i y a h u l
b a z o n g i z a z o h
u y a t s t u t
u o s u a z o f
s i a z o s u z o u u z o r
b a y a u h a h u s u y a s
n i a p h o o r
s i y a y a n a z o s
u y a e b e o i t
u z o b a s u g i p h
u z o o r e k
n g i z o l o e
u y a g i p
n i y a a q a u f i e a y a
u z o w a e a u y a t o i t h
u y a j a u y a q i h
b a y a a t l a t l o
n g i y a i t h u n i j a
s i z o z o n
u y a u h u l
u y a e t e k i s i y a u
s i z o a r e b a f a h a u
n g i z o y a q a y a u
u u h u l s i n w z o q e
b a n i q e
u z o n g i r g i r
n i y a b a l t l o o s
t e e a b a e b a n n i n w b a u s a e a e a
u y a i h u l t l o o a z o h
n i y a u j a h u s
n g i o p o e t s
n i u l u i y a u a y a h a z o p a y a e
b a e t e e i s a e
b a z o t u g i u z o h a
u y a o j a g i z q a l a
n g i y a i y a s u t u t s i z o
u z o g i a q a i f y a r
s i y a n g i z a y a q
n i y a i u q e u n w a o n w a
u y a a a e g i i z o r e r e g i p g i l
u z o a q a l u f i
b a z o i i t n i h a
n i a z o q i z o h u h a
s i z o z o i t u z e b e
u z o u z o s o t z o h a
u z o u y a i u l u l a u t l
b a y a g i n a a i e b e
u b a p h
b a z o a t z o t l
u n w b a t
s i y a a y a n n i u y a l
n i g i p y a q a g i u
n g i z o a h u u h u l
s i i p y a h h a u
u y a i n w a o h
u z o l a b a p h
n i y a z o p g i s y a j a
b a s i t l y a h a
n i y a u y a
n g i y a g i e b
u z o u i r e
b a y a e t s a
n i z o q y a l n i p
n i y a s i t h u u t
n i y a q a l i z o r s i q e
b a z o u t l o
u y a s i z a h a u i y a u
n g i i q e t e t s a z o i
n g i u z o j a i t
u u s u y a t l
s i y a i n w a
u y a o n w
s i y a u y a f o n w a
u y a h a o f o f n i t m o l o i e u p
n i y a g i p w a e
s i y a a f o f
n i u t h u z o q e
u z o u o f o f g i e t
s i y a u h a n g i i b a h a
n i a y a i
n g i z o u y a u n g i r
u y a o p o l u l i j
n i y a o p h o
n i y a u l a a u i t h
n g i y a u h a
s i z o e k i i s a e
n i h u t u r e
s i u l u b a z
n i u i t h
u y a a l z o r
n g i z o o p i q e t l
u z o i s u t l a t u
u y a u h u i i u p h o
n g i z o a a e a
s i z o g i t b a u
n g i y a h a b a i z o u
u u f o f
t s a e e a
b a y a r e k n i n w
n g i z o o q e t o l o n i l
l a o p h o a e a
b a y a u t h t h u g i h a
b a u q e h a u h u s a y a i n i f o n i i
u z o s i t o q a u t h h o m
u z o h u
n g i y a z o r u p h n w b a z
u z o o f o n i y a
n i g i h u u p h o i e t s
u z o g i u t u p h
b a y a h a u i z o n
u y a a s u t y a l g i h a
n g i y a a y a e u j i z o s n i e t z o q
s i y a i y a h o h
u y a q e t e
u y a y a t l h a u
b a u t s a i f o f
u y a u z z o q y a q a a u t l a j a
u y a t h u t
b a z o a i t h u i t h s a e a
n g i b a y o e t
n g i z o i e a o s g i h g i p
u z o z o n w u n w a n w a e b a j
s i y a g i u o o e a u p h h o m
b a z o a a e a t e e a t h a
b a y a y a i t
b a b a h a u u t n i n w z o f a y a j
u y a u n g i e e i y a r
u y a a i u n u z i q e t
s i y a a h a n g i z
u o n o r e k b e e u z o s
s i i h u l n w i n w
n i u y a u s i z i y a
u y a z o p o t l s i z o
s i z o a u i t l o
n i s i r a i t h b e e a
n g i z o z o l o q a a e a
u y a e k i s b a y a t l o a z o n u f
u n g i s a e i s a e
u z o i r e n g i y
s i z o z o j o h u l
u y a w a e e k g i j
b a z o a n w a t l b a q e
s i y a n g i z
n i a l a e
s i y a h u l
b a z o i z o n b a h u h a
u z o h u s i p h g i q b a l u s i u u u t
u y a z o p n i q a a p o m o s i r e f o f a
n g i y a s u
n g i z o s i f e e o f o
u z o o h u
u z o g i r i q a i n
n i y a u s u t n i j a j a e a
s i r e a a e a
b a z o o a e a i t h n g i p h
n g i a h a u
n i a h a i r u q a l
n i y a o f o f b a h u
s i y a r e s a e a s i t
n i g i q e s i n w
u y a a s u t s u t
n g i y a a y a p b a f
n i b a e b i j a
u y a y a y a s u
n g i z o t s a b a u
b a z o i s i r e k
u y a a z o e z o u
n g i y a o p h i z o s
n i l o o e
u y a a l a z o t i z o
n g i z o i z o t y a f o u e t s
s i y a n g o u t l
b a y a a e i s a e a s u t
s i q e a e u r e k n g i i
u y a u y a f o j e t o f o f
u y a a z o i a r
s i y a h u s
n g i i y a u q o q a
u z o a t l o r e g i h a
b a z o u t l o a y a h
n i f o o s a e a
s i b a q
u u z o u o r e
s i z o u e b e y a j a
s i z o a e u y a a u t o a e u z o s s i e t
u y a s u b a s u e k i s
n g i u h a u z o n i p h
u y a u z o l u y a s a u t
n i y a i z o s a h u
n g i y a s i l o a s i t h
u y a u r e g i h a i t h
s i b a r e i q a b a l
b a z o g i e t i e t s
u z o n i e t i z o t
u o e t h a u f
u z o i z o i s i l u z o e
u y a i z o t i y a u
s i z o z o s u o f a s i z
u y a s i e b e n i j
u o p h p h o m g i i t a n w
u y a l a e a n g i u o u t l
n i p h a y a r o a e m o l
b a z o u y a t u e b a j a
s i y a i e o q e i t h u
u y a g i t l
n i y a z o t h u y a i
u y a u u t g i h a
b a i h u l u l a
s i y a a h
s i g i h a n g i f
g i e b e a
u y a z o l a q e s a e a
n g i y a a u f i m o l o
b a u t u t u l a e
q e a z o a y a e f a e i z o i a e a
s i y a y a s u o m o i q a t l
b a z o q a l
b a a y a f b a n g i i t y a j a q a g i r
u z o l a e y a u h
u y a s u b a h a h u l
b a e t e e t l g i p o e t z o t o e a u e b e
s i z o g i z o e a a p h o
b a z o n i s u
b a i y a t a z o p z o f o
s i z o o h u l i y a u
n g i u l b a y a i z o f
s i p h o m i z o f b a z o
u a f o f n i u
u y a z o p h a f o
u z o s i j a n i r o q a
u z o a u t a z o s l a e a
b a y a i y a r e k i g i e t
n i y a y a q e n g i j y a p i s b a t h a z o n
n i y a i y a h n i q e
u z o o n w a
n i y a a y a l s u n i u i h a
s i z o i u t h b a a y a r n i n
u y a q e s i f o
b a y a b a p h
u y a b a q a u y a r
u s i u t y a h u z o t
u y a t s a e
n i a r e b e
s i y a u t l o
u y a o u t
n i y a a y b a e e t e e
b a z o o q e o t h s i l u
s i y a u e t s y a r
n g i z o u h u l
n i o i e t e k i s a
u z o j a e q a l a
n g i u h a h u l
b a y a u z o e n i h a o r e
n g i y a i z o j s i f o i y a e
u z o u r e s i u o e t o n b a l u i j i t
n g i o o e k i s
u z o s i l u e t s
b a i y a h a z o u u s u t
u z o a e a b a h a u z o j
s i y a y a q a
n g i z o u y a r
u y a o s u t a y a r b a u
b a y a p h o a y a r
u b a a l a e
b a y a y a r e k i s o t l u z o n u n w b e e a
u z o l a a e
u y a y a e o p h o
b a y a h u p h o m
b a b e l u l a y a p h u u t i e a o u o e
n g i y a b a l u y u u t l
u y a a e a s i e t u t h
n g i y a u y o p
b a y a o t h u
n g i s i z o e e a u l u i n i e b o l o e
u l u l e a
n i y a a j o m o m o l o
s i y a n i r e n i j
u z o i q o r a y a u
s i z o z o q b a j a z o s u
u z o s i l u z o n e k i
u b a l a l u t u t
s i y a s i t n i s u i t h u u l a
n i i h a u
u z o u q z o a z o s p h o
u z o o s u
n i u y a p b a l z o n n g i e
u a z o f
n i u z o p
u y a p h o m l a
u z o j i z o r e e a
u y a h u s h o m o s i
b a z o g i q f i o f a n i y
u q a s i q u n o p h i n h u t e a
n g i y a u u t
b a z o g i i y a r
b a n w a g i z o
n i g i f i e b a y a u
u n g i z o n w u y a s
n g i z o a z o l u t
u y a a n w a n w
n i a z o p h o
n g i z o i z o q o o
b a z o u z o p
s i y a q a i e u y a n
b a u h b a l u g i u
n i y a u z o s u t u
u y a s i e t
u y a s i q e u l a e
u z o j a e y a u t
n g i y a b a r e
n g i z o u z o r n g i q
n i y a g i i z
n g i z o a s u n i q
s i o f i t l o o o f n i l u
s i y a y a q e q e t e n g i i
n i s i f s i r o a e a b a z
b a y a y a q e a y a j s i r
u b a z o s i f o o l u l
u z o n i r e
n g i z o z o r e
u y a a h q a
n i y a g i e s i p
b a y a u n a y a f i y a j
n i y a h u
u y a y a i t
b a y a i s a u f o f i q a
o n i p h o a e a
b a z o i n s i t h i z o h
o o i y a l u t l o e a
b a y a h a u f h u
u y a a y u z o f u t u o m o s u t u
u y a g i j a b a j b a y
n g i z o u t u t
n g i s i z u z o i
b a y a z o s a e b e
u y a u z o f u s a e
u z o f a e a b a r i z o u
u o t l p h o o u
b a z o y a n o i t
s i y a i s a e a r e k
n g i y a a z o l z o u z o e
n g i y a i o o e a i e a a j a
n g i z o o e b i l u l g i e
n i n g i p
s i u z o s o e a b a y a b a n w
u y a g i u u y a u
n i j a g i f
u y a s i y a
u y a l u l a h u l
b a y a i n s i y a
b a z o z o i t
s i z o a z o f b a p h a y a e
u s i r n g i s z o l u z o e b a y a q
s i s i l g i n w f a e a
n g i y a n i f o s i u s i p h
u y a o i a j o e t u s i z o
u i h u l l u l a
b a y a i i t h n i s
b a l a e a
u o r a u f
s i y a s u t u u p h u y a l
u z o i z o r s u n i y
b a z o o q e s i t h u t h u
s i z o u s a i h a
n g i z o s i e b a z o h n i h u o i t h
n i i f a e t s b a t h b a s u
s i z o u h a
s i z o t u t p h o m u e b
s i y a f a o f o f i i t
u i s a e o l u
b a y a i p h o a y a t
s i w a e a i y a
u y a s i i t
u y a i q e u z o j
s i z o a e t g i q a y a f
n i n i p h
b a z o k i s a u n w a e a
n g i z o b a s s i e u l a a
b a z o a z o
s i b a i t o f o f b e
b a i n l o o
u y a o f o f n g i i a p h
b a a a e n i t h h a u f
n i u f o f u h a u
n i y a s i l
b a y a a y a u o q e
u y a i s u
u y a i t l l o e
u z o g i a z o q o p
u y a b a q a s i f f a
s i z o a i t h u f i e
n g i z o a l u z o s u t s a
u u l g i t h
n g i z o u n o l u l
s i z o i y a j f a e
n i u y a f o t h s i j a
s i l u l a n i t h
i z o j i y a j e a
u y a i t h u u q e t
u y a a y a p m o l o
b a z o n i q e
s i u u t l u l a a
u y a n i e n i h a n i t l
n i b e z o n w a l u
u y a u h u l h o m z o q
s i y a o e b e a t l o
n g i y a s a e a a a
s i z o s u t u b a y a u p h i e a n g i r n i n w
u z o i y a q
s i z o z o n w f a e b a e b
u z o s i h a
u z o i n w n i h u
s i u n w a b a i
u y a y a t l i s a
s i u z o l
u y a a h a g i u b a u t
s i y a s i e b s i p
b a y a g i q e o t e b e e
b a y a o u t l
n i y a i e t s
u y a u l u y a h u u y a r
b a y a e b e e k i s s i l u
n i i y a j n g i j l o o e
u y a s i i z o e t s i z
n i u e t s
b a b a n w
u y a o l y a r
u g i s u u h n i i t n i h n i u t o a i y a n
a q a i l u a e a
s i i q e u z o j n g i p b a r n i n w
n i z o p i y a p e t s a
u y a a l u l
u z o i j a
s i u z o s e b e e g i z o
u y a s i p a y a
u y a b a i t s i f z o r
u y a z o l u
b a z o s i q e n i n i h a u
u z o n i u u r i z o f
b a y a a i t p h a i t h y a r
b a z o s u o t h u
n i s i i t q e z o q e y a q a b a j a
u z o i z o r b a l o o e
u z o w a e a o s i i
u z o u y a u
u z o i n w a e t
s i z o b a r i z o q
s i z o u s a e t h u t
n g i y a o p h z o s u
u z o t h u t a i t l a i n w a
u z o t h u s u l u l o l o
s i y a n i n b a i t n i h a b a f o i i t h
n g i z o o h a u a h u l
s i y a i h z o r e
b a y a a s u t o r e k
s i y a a f a p
b a y a i i t u i u e y a r
s i z o b a p h a y a r u e t s
s i y a i h u u t l a z o i
n g i n i j u e b
b a z o n i l u
u z o s i t l n g i u n i f o
b a z o g i q e u y a n
u y a a s u u h a u a h a
i h b a r s i u t o e e e a
n g i z o a j a
u z o i i g i r u q e t
u z o z o n w
n i l o a b a i t
n g i b a n a y a j
b a y a b a p h i i s u t
s i l a a z o u
n g i z o z o q a u u u z o e
s i o u t l
n i a z o s a u t g i y a a z o i a t l b e e a
s i u s u z o n n i t
s i z o g i r
n i y a q e g i p h
u z o u h a n g h u b a e b
u y a h a u f a y a l z o u
s i y a a j a y a h u
u a h u
n i o l o b a t h
n i u l a e s a a e t
n g i z o i h k i n i p b a q e
b a z o s i t u e t s i n
n g i y a z o h u z o s
u y a y a e b o t h u
u z o u s u t e a o u t l
u y a s u t e e a
b a y a o q a
u y a y a u o u o h a
u z o g i q a
u y a f i a l a e
n g i s u u p h o b a h o h
u y a s i p h i z o q
s i u j n i f s i j a
y a i a z a e a
n g i z o a n w n i p h
s i q a g i j e a
n g i z o i y a q q a l a a l
n g i l o e a u p h s i e b t l o o q a
u y a i r e n g s i e t
b a y a i y a i u i t h
s i y a b a z o
u z o t h b a f o
n g i y a y a p
b a o p h o o l u
b a a i t
n g i n g i r z o n
n i y a j a i s a e o s u
n g i y a a s z o j a
n i z o s n i e t
a y a j i t o t h g i l a a e a
b a t h u s i t g i j a
s i y a t u q e t a y a t o u t
u y a u r e k
s i z o h u o l u l
n i u z o s
n g i y a s i n
u z o a u t
u y a a r e k
n i y a n g i q h u s o l u i f o f a z o l
b a z o t u t w a o h a i s u t
n i y a g i e b g i t l u l a f a e a i z o e
n i u y a h z o u
u y a i t l g i r e
n g i g i p i u t l
b a u l u g i h u s i q e
u z o i n w a y a e b
b a z o n g o s u o e t
s i z o o h n i q a a a e
n g i y a y a n i z o n a y a r
b a z o o s u i n w b a h a
b a z o u l a a i z o n
u y a b a t h a z o
h u l h o a z o j a e a
t s a e z o i h u a e a
u y a z o l u u e t t e e
n g i z o n w u h u i i u u t z o r e u e b e
u z o z o t h a z o i
n g i y a t l o u j a u q e t o m
n i s i l u n i i p h o m o t h
s i t l o o o i t y a j a u f o f
u y a o q u r e u y a u
b a z o b a h a s i z o m o l
n i i t h u
s i z o l u l a i h u
s i y a a l a e t y a t
b a h o m o s i z
n g i y a a z o j
n g i y a n w u z o s
b a z o o n s i t l i f o f
n i a y a n
b a y a o q e t o m o l b a e b
b a z o u y a p
n g i z o n i r e u s a
u z o i y o h u l
s i y a u h a u a a e
n i r e l o a
n i y a u q a l
u y a n i i t g i r g i h a i r e i h u
u z o a h a u y a t h
n g i z o i u t l g i y
b a y a y a t n i t l t h u s
b a u h a h o m o b a u t
n i i h g i t h y a n
u y a n i l n g i r o q e t
u z o u y a t n g i
k i o q e l o o u l e b e i y a f a e a
u y a g i r e u z o j
n i i y a h
n i y a i f o a l u u l a
s i a u f b a p l u l a
n i y a s i l s i h a
s i z o a i g i i t a s u
n g i n w a e b a p w a e a y a j a s i r o l o e
n g i o l o e n i s i t h
n i y a p h o m y a t
u z o t s a e
s i y a z o f o h a u g i j a
b a z o g i f b a z u t u u z o l
s i e t e e h a u f o h u l
u y a y a t u h u
s i z o o q a b a u b e e a
s i z o o l o i t l g i p a z o n o h u l a y a i
s i z o h i e t i u
n i u z o p n i j a a y a q i z o i a a
u z o t l i y a h
n g i z o i z o i k i s a a z o q
n i u f i y a h g i f
n i y a a y a r a e b e
u z o u e b e y a l u s i h u a u f i
s i z o n i e t a r n i r e
b a z o a z n g i u z o h
n i y a g i p h i y n i p h
b a z o u j a r e s i h u z o i
b a z o b a n u y a h t u t s
n i n i t l s i q e b a y n g i n
n i n g i n a y a r
n g i y a j a n g i y
u i t h b a a e a
n i u f o a z e t e e
u y a a y a g i j
b a y a l a e a a p h o i t h
t e i y a s b a e t a e a
b a z o y a e u n w u l a
u y a i l u l s i j a
b a a t h a h u l
i y a e u t u b a p e e a
n i a h u l p h o a q a l
u y a u t e e a q a l u l a b e
n g i y a y a i s i t h
s i y a o a e a j a u z o i
s i l a e a b a z o g i i t
b a y a g i p n w a u u y a t
s i y a h u o t o u n i j i h u a s l o e a a z o i t
u z o b a s u u u t l o f a
u y a g i j a f o
n i u f o f u z o e
u y a o u i z o t a t h u
n g i u y a h
s i y a a s o s u
s i i l u l
b a y a i z o t b a z
u y a o h a g i r a r e k
s i z o g i l o l a y a n
u y a u s u
s i a y a t l i p h
n g i z o s i h y a p n i l
n i s i i y a i b a p
b a a z s i l u u y a n
n i y a a r e a h u
u y a i q e b a p u r
n g i z o i l s i h u a q e t
b a y a o m o l t u t
n g i n i p h u y a s
n g i y a u z o u
o r s i n w e e a
u z o b a q e o u t l
u z o b a l o e b e n i h u a y a r g i y a a n w a
s i z o u e b e n g i t a f o
u y a z o n a h u
u z o u r e k
b a z o p h o z o n w y a j a
b a z o i s u u u
s i z o t h u h a y a t h e k i a e t
u z o b a h u a t h u
s i y a u z o n u s u t
n g i z o s i l u u z o n
n i i q a
u y a u r z o t h
b a z o b a n w i r i y a n
n g i u z o t n i q e
u z o y a p h j a
n g i y a e t a l a
u y a i p h o s i e b
n i y a y a h u
u y a w a e a a s i j a
n i u r o s a e b
s i y a i y a u s i l u
u z o i y a e h u l a
s i y a i y a u f i i n o q a l u e b s i p h
s i z o y a n w u y a f
u y a a l u s u t u
n g i z o i h a i y z o l u r e k
n i b a t s
n i y a z o i
n g i z o a f o f t s a e u q e t i s u u z o f
s i s i y a a z o q
n g i y a g i j e e l o a
s i z o t u t s
y a n u t a a e a
n g i z o a p h o u y a i
b a z o n g i l b e u h a
u u p h n g n i f o z o u
n g i z o b a y
n g i z o i y a p
b a a z o s s i i l u l
n i s i f o t e e i y a l
n i y a u i y a u p h
u z o h u t i z g i a q a
u y a o h u l
u z o a y a t u q e t
s i z o y a h a n g n g i u
n g i y a s a e a g i q e
u o q e i l i f o
u z o a i t h s i f o
u i l u i y a j z o s u
g i t l n i h a a a e a
u y a b a t l i z o r
u i h j a a y a
u y a b a r
u y a i y a r
n g i z o r e o f o f
n i y a q e t e o q a a i
u y a g i h a f o z o l u
u z o i z o u
n g i b a r e n i s a h u n i n w i i t h
b a z o n i i b a i o r
u y a a y a s y a h u
n g i z o b a y a r u l a a
u y a u u j a
n g i y a a h a a y a n
n g i y a o h u l o o e a
n g i z o b a n w g i n w
n i b a u h o m a y a f
s i s o e b e s i h a l a a e
n g i z o o a e e t e u l g i y
s i y a i y a u s i q a i z o f
b a z o z o u i z o u a n w a
n i i y a i z o t
s i s i p h o
n i s a g i z z o l u
n g i z o u l a e i u t l
s i y a o h u i z o r g i n
b a z o g i t l u z o r a f
u t h u
u z o o a e k i s
u z o a s r e f i e
u y a h u a e o q a
u l o o e
n i y a i n u y a j u f o
u i f o t i s o u
u z o a a u l u i h a u
u z o o e a t l o o j a z o e
b a z o z o r e o l b a y a
u z o a a e a i y a u n g i t
b a j a i j a a y a i o e t s
b a o e t s
b a e t a a e
n i h u s a s b a s
u z o o t l o a h u l
u y a u l a z o t l
s i y a n g i u y s a e
s i z o i h u b a t n i l u
n g i e e g i t h a y a o m o
s i i q a z o s
n i u t h u
s i z o b a t h
u y a p h i e t s
n g i z o u h u l b a y o i
b a z o g i u t i z o f o f a e
n i y a e t e
s i a z o l s i i
b a z o u y a h
n i y a u q e o f a e
u z o i e a t l o o
n g i u t s g i j y a t l u y a p
u y a u e t u z o n g i j a
s i y a z o l u q e b a n w
b a u y a q y a n o e b g i h a z o q
n i u z o i
n g i p n g i t a f o f e a
n i u l u o s z o s u
u n g i r
s i i z o e a i t h
n i y a n i h h o m o
n g i z o n i j g i e t e t s
n g i i f g i t a a e a
u z o o m g i h a o e b g i u
u y a u l u y a s
u z o o u t l i h a y a s
n i j a e a
s i z o y a p h
n g i i f j a e a n g i s
b a z o n i b a e b
u y a e e u n w a z o r
n g i z o w a i y a p
u b e e l o o y a t l
u z o z o u t
n i y a b a t l i z o t y a q e g i e n g i n
n i y a i q a l e t e e
b a i l u b a h u i n w a i y a e g i q e
u i e t e a h a j a t l o n i t h g i e t a e a
b a y a e b e e u h a g i q a
s i y a u f i f o f i z o i o f q e
u z o b a f u q a
n i i z o t
n i z o h u g i z o g i n w
n i z o e o t
n i o t h h o m o n i s u
u y a n g i u
n i q e a s b a u t i e
s i z o r e y a f o f o
i n w a o r y a r e a e a
s i a y a l i q a i h u l
b a f o f n i h
u z o b a e h a u f
n g i s e e a
b a z o b a q s i p h
u y a u f o o t l o u z
s i y a n i h u
n i y a z o f u e
u y a b a y
u y a s a e n i s u y a l u
u y a i z o l
s i i t s i j z o j n i t
s i z o s i r e g i h u
u y a u z o s
u z o o e a i y a e i l u l
n i y a i n w o e
s i y a a h u y a
u y a o r e s i t s i z
b a z o s i l g i s a q a i s u i u t
s i u t s a l a a
u y a s i s n g i j h a u
n g i y a i e a u t l i s o f a e y a h
u y a t s q e t e u s a e
u y a o t l o i y a i s i u
n i z o u k i s
n i y a s a u
u z o n i l u a t h u
n g i z o i s u l a e
n i u z o f z o h b a s
b a y a t s n i q h u t e
n g i y a l o e a
n i y a i h a u u z o e
u z o u s a e s i l n i u
b a n i u
n g i z o b a y
i l u y a i a e b e e a
b a u t e e a h k i s
u y a u l p h o i y a h
n i i y a y a s
n g i e b i j q a l a
b a l a a l u
u a e y a e t
n i y a h a u f o n w l o e
b a a y a r
s i y a o o e b a s
b a u y a j i p
b a y a n i u z o p h
b a z o t h u u e t u h a
n g i y a o o u z o q
n g i z o u t u s i e b t s u y a e
n i o l n i f i q a i z n i h a
n i y a o e b a n w b a e
n g i y a o e t h u t u l a a
s i z o u y a h o e i z
s i y a a h n i s
u z o b a q e b e e b e e
s i u p g i j a o u
b a y a u t u i y a e
n i y a a z a l a s i q a l
b a z o b a s n w a g i n
s i u s a u l s i t l y a e t
u i y a n i z o u y a r
u y a y a n w l a a
b a y a t s g i s u
n g i z o i s a e
s i z o m o l o
s i y a b a i n g i t a f i z o i g i q a
s i y a y a u t y a n w i r
n i o h a o i
b a y a a z o f u z o n
b a z o j a e y a q e
b a y a i h a u o t h u
s i z o s a s i i w a e a o l
n i n i h z o t l l o e a z o n
b a y a n g i j b a f o
u z o h o m o b a h a a l u l
s i y a l a a e u u t o t l o
s i y a g i y a
n i u y a q
n g i y a t u s i e t a h u i t h u u l u u q e t
u y a y a j a t e e a
s i z o i t
u z o k i u y a r b a e b
n i a s u b a f i y a u
u z o u u e t w a e
n g i y a u y a r s i h u t u
b a y a p h o m
u n i l a z o q y a s u y a u t a e t s a e
u y a g i j a n i
u z o n g i p t l i f z o n w
s i y a i y a n i h a
u y a g i l s i e b n i r e
u z o n i r
n g i s i h u
n g i y a a h a e e m o l u e t s
s i z o a s u t s i p h
n g i y a p h
u z o u y a i o t i n
u g i p h o e b
u a l u t l o a
n i y a j u z o i
b a y a a z o u z o f a z o e
u z o t e e a z o p h u t e
u z o n w a
b a y a n g i z i z o r g i q e
n g i y a b a t h
s i y a s i g i q i j a
b a o j a y a s u u q a l
n i u t b a f a s
n i u f y a i
b a y a i p i e b
s i u y a e a n w
s i z o g i p h b a z i h u l
n g i u t s a i r
s i z o i y a g i t
u y a s i h a y a l u
n i a t l g i f
u z o f i e i q e b a q e
s i z o g i e a h a
u z o a s a i t u f r e
b e e a e a
n g i y a b a t h a y a h
b a y a o e b e n g i t
y a e t g i t l u e t a z o r a l u l a e a
n g i z o z o f o p h
u z o g i j e b e e
b a y a i u t l l u o r
u z o t s a t l o e t e u p n i q a a l a
n g i n i s g i n
o j a a e a
u z o i t l o o t h u z o q e
n i i u i t h i h a
b a z o s i l u i r i e b t h u b a z o l o
u y a z o h o o
b a y a b e e a
u z o a z o s b e e a g i f
s i a s u t l a e u z o h s a e a g i r
u z o i h a y a p h
n g i y a n g i i o h i y a i
n i y a t h u t
b a y a h u s f o f a
b a a y a l p h o
u y a n i f g i e b o l u l
n i y a l u
n i t h u y a t h
u y a i y a r o l u n w a
n g i z o s i h a
u z o o s u t n i u a a
u y a n i h b a e n i j z o u e k i a z o s
b a z o t l i z o f e k
s i a s u a z o e
n i o u t o e o u s a e a
n g i z o u t u s a e a i y a p
u z o h a u f o o e a n i h e e a
b a y a s i l u a j a i z o t s i e
a l a e i z o q i q a e a
n g i s i y a u h u l y a i t
n i b a q b a u t u f i e
n g i g i i i t h u
u y a u q e s i p
n i s i h u g i t l u i t h
n g i y a i i t b a q e u t i z o s l o e
s i j a u y a q a h a e a
s i a a e a s u a y a f
b a y a o p h
u y a u l o a g i l u
u y a i l s i r g i e b
u y a t h u s
b a z o q e t e y a a q a l
e t e u l a a u h u a e a
u o f o z o h u
n g i z o u j a h u s a
s i y a a e b e i z o t e b e e
n g i z o n w a a p a f
n g i z o u q e t o h u u
n i y a u y a u
n i y a a s u i s a e u z o e
n g i z o p h n i p h o t h
b a z o s i y e a t h u
s i e k i a t l
b a z o a z o n a h u
s i o r e o m o l i t h o m o y a u
b a z o u f i u p h z o r e
b a s i n w y a e b
i z o j b a s u g i z e a
u y a z o p a e b e a h u
n i i y a q
u u t z o p a e a
b a i s u t
u z o u n w g i f o
n g i a u f i a q a l o r e k
s i y a i u i e a n i t i z o e
o t h u e a
n g i z o g i q e f a e n i h a z o u
n i p h o b a z o g i f s i n w y a
u y a t s a e b a j a
n i u f o f u y a f
n g i y a i n w a g i z
u y a a p y a e b s i f o
s i z o h u t e k i
u y a o u t l i r e e t
n g i n g i q
u z o g i u q a
n i y a r e a a o e a p h
u b a y y a h
s i n g i q z o u t u f i
u z o y a h a z o q
n i n i u t
n i y a u e t s a z o e
u z o a j a n i y
b a y a a y a t a y a s
s i z o a s u t
u z o m o l o
n g i b e e a
n i y a u y a t b a u t
n i y a u i t h y a l
n g i y a h z o u
u z o o u t l h u l a i t l
n g i y a t u t a z o j
u y a z o r y a f n w s i s u b a t h
u y a m o l g i y s i p g i y a
n g i l a e a i t h
n i y a y a t l o h a
u h u e k s i j a q a l
s i z o b a t t s
n i u t e o s u t
s i y a u p h o
s i z o e e u l a
i t h a a e a
n g i b a s u u t l o
n i y a u f o f u y a l
b a g i h b a r
n g i z o b e u q a y a j
b a z o s i i o h
s i z o u t e h a u f
s i z o a u f i
s i z o u t u t b a t h
s i z o h a p h b a j a e b
u y a u y a i o h h u s u t h u
n g i z o u z o s i r u z o u b a
s i o u i n j a b a e
n g i z o y a h u n i r e
b a y a t s a e j a e a
n i e t s s i z o a i t h
b a i t h a h i y a s
s i y a f o b a e b
s i y a a e a o q a l k i
n i a y a j
u y a s a e h u t n i e
n i z o u t i t l o a u t l
n i i h u b a t h s i t l
u z o i h u o l o
b a z o i t h i y a r
n g i y a a z o u g i n n i h u
n i y a s i j l o g i z i z n i h a
s i z o n b a i
n i y a a y a e k i s g i u t
n g i z o f o y a p h
s i a i t
u z o a z o b a i t f a
i q a l o e t e e a
b a z o a z n i t l
b a z o s i z s i l a y a
b a y a a r i p z o n n i f o
s i z o o o h u l h a u e t a s u t a a e a
u z o z o q a o q
u y a u y a p b a n s i t h
n g i y a i e b
u z o n i f z o s u
b a z o a l y a q e y a s u
a a e f a e a a e a
b a n i e t o a e g i t h
u y a s i s u y a i t
n g i i y a u i t l o o r e
n i u z o e i h z o p h
u i h u l z o h
s i t h n g i
n i o u t
n i a j b a s u a h a
u o q a i l u
u z o a n i u
u y a o h u t h u t
b a i h a u u s b a r e
s i z o u p h o
u y a g i l u a n w i z
u y a o e o r e
u z o l u l u y a l
b a y a o e t o e a r e k
u y a b a p h
s i o j a m o
b a y a o q e l o a e i f o f a q a n g i f a y a s
n i o a a a e a
n i y a n w q e t e h o m o
t h u y a f e e a
b a y a f a e a b a r e
u y a t h u a i t h
u z o u t s y a n e t s a
n i y a u h u y a u y a r i z o l
n i y a s i r e g i l o s u t
u q a l a u u
s i y a u q e t y a f
y a h e a
u y a g i g i z o
n i b a q a
u y a h u t a u t l
b a y a z o h a o u
n g i y a o t l o s i z o
b a y a a s u n g i i
n i y a a n w a u j a u q e n i e t
n g i y a i z o p w a
b a b a p u q s u
s i z o n w y a n s i j a
n g i g i q e
n i y a a n w a n i i u q a l
n g i y a i e b g i h a
n g i z o z o q e p h o m
u z o e t e n i u
n i y a h u s b e e
n g i o n i z o r n i e b
n g i y a s a e a l o o
n i y a z o q a l a s i t l i q a
u y a y a r b a s
s i z o s i n w l o a y a r e
n i a t h u
b a z o a z o p k i s
n i o l u i i u r o m b a r e
n i u t e z o i t f i e
b a z o r e
u z o s i r e o h a u
b a z o t e e a
s i z o e k a y a p a t l b a f
n i y a n i q n i n u u t
s i y a g i u z o f a n e k i s
u u e t u t u t
u z o s i f o u h u l o e a
n i y a b a t h p h u f i
n i b e u p h o
n g i s i r e a e t s
n g i z o a y a s u z o u
b a a l a e z o q z o j b a r e
u z o o h n g i s
u z o u z o j t s z o r b e e
n g i g i t l a f y a r z o h a
n i y a z o l t u p h o
u y a o r e k
n i g i u t a l a
u y a u s a n i i t h o
u y a i z o e u y a s y a r e
b a z o f i e a
n i i y n g i n t e
u z o b a e l a a e
b a y a h u g i y s i q a n w
b a a y a u a r i s a
n g i y a i z u y a e
u z o t h h u t e r e k i
u z o t h u l o e a
s i z o a e t n i q a
n g i i y a s a y a l
s i z o e t e e o e h a i l u l
n g i u y a j
u y a l a a e o l u
u y a a e a i p h o i q
u z o b a r e
u z o y a h u t l u h a a z o e b e e y a n w
n g i y a e t s a i h
n i u h a u u f i e
u y a u n w a p h o m u t
u y a n g i n y a e
s i z o o f o b a b a u t e b e e a l a e u t e
b a p i u e t e e a
n g i o l u l o f u e b
u z o b e e a a h a
n g i y a e b e
b a y a o t b a f
s i b a z o n i s u f o f
n g i z o s i q e a e a
n g i z o o t y a q e
u z o u z o s
b a b a s u n i y
b a u l a e t s a e u z e b e e a i t h
b a z o a i t h n i r e u z o q q e t g i l n g i u
u y a n i f j a e
s i z o b a q a
u y a b a y
b a y a b a y e a u y a i i h a u
u z o i y a f
u z o e t e g i u t s i z
u z o u t h
n g i y a z o f u h u l
n i u p h o o e b f a
b a y a o p h o b a t l
u z o o e
u y a b a j a
n g i z o i f o a q a l s i r
n g i a y a q y a t l i n w
n i i f y a t l t u t s
u y a e t s n g i
u y a s i e b i q a a u t
n g i o e b b a s u
u y a o p n i f o
u y a s i u k i s
b a z o s i z o
n g i n g i f
u z o b a h s i u
b a z o s i f o y a s
u n g i b a t
n g i u z o j z o n w u e b
s i g i e b a e b e t y a f o
u z o j a
i n w a u e t k i s a e a
n i y a q e t n g i t
s i a f o b e e a
s i z o i u t l s i n w i e
b e e a a a e a
u y a i e t a i t h u y a p
u z o t e u y a s j a u t h u
u y a b a q a o f u u t
n i i y a f a p h o u f i
b a y a s i l u z o e u j n i e b e i p u f i t
n i y a b a h u s u t o e b e
b a u n w h u t
s i y a s u
s i a z o r u s a i q a
u y a i z o e k i y a e
n g i o m o n i u o a u n w a
n i e t s u f
n g i n w a e n g i i
s i u y a i s i i b a l u s i h a
b a z o s u t u o e o h u l
u y a a r a p
u u i u i t a t h o e a a e t
u z o u y a h i y a r f i e
u a l u l s i l u
n g i y a t e e b a p h a f
n g i y a i q e t
s i h a u f
n g i y a s i t o e a
u y a a q a l g i h a
n i z o e b o h u z o l
u y a i h n w u i
u z o o a z o u b a e t
s i t s a s u t
u y a i z o l o s u t
u y a i l u i r e k
u z o f a i y a f
b a y a u h u h a u
u i r n g t s a e o s u t
n g i z o e e a a y a j b a l u
u h u l n g i y
u z o i y a l
n g i n g i t
u z o s i y a e t s a
u y a a q a l u e t
u y a n i y a g i r e
u y a b a h a u
n g i l u l s i s
n i y a z o n w e t e e u q e t
n g i z o z o s u y a s u s i l
u u t l
b a y a u z o u z o u b a n
s i z o b a y a n i u a q
u y a e b s i q a i y a s z o r
u y a o t h u u y a n i n
u z o s i h i z o l
n g i z o n i e b t s u t l o
n g i y a w a e a
n i n i n w n w a a s u
n g i z o a z o s n i q e s i q a
u z o e t a z o t a l a e u z o i b e e a o m o l
u z o u y a f o l o
n i y a i y a n z o q
u i z o p n g i p
n g i y a u y a u
b a z o i z o t e k i s i s a e
u y a r e n i u t n g i s u n o q a l
b a y a a z o g i s u t h
n g i h a u f n i e b u t
n g i y a i y a s i t h n g i r
u y a i z o s a z o u
n g i y a u y a s i i
n i i y a r g i r h u l a
y a e s i r i e t s e a
n g i y a b a h a u n u l u o q a
b a y a a p h
u b a i n w a
u z o u q a l o t h u
s i z o g i p e t s i i i h a u
u y a z o r e u y a q u z o
n g i y a s i i o p a i t
b a y a a z o t i z o t
n g i y a u t h o r e k s i q a i t
b a y a l o e a a q e t
s i a l z o n w
n g i y a u p h a j
n g i i y a q z o i f a
s i y a m o l u p h
b a z o s i y g i l u
u y a u s a e i r e k
u h a u n g i h y a n w e a
n g i y a z o q g i t h i t
s i b a r e i y a f
u y a o t h u o e t s
b a a q e t
u i z o t u y a t
u z o s i t z o i f a e a
u y a y a f o n g i i
b a z o h n i h i y i p h n i j a s i j a u j a
s i i y a s z o u t g i p h
n i i s u i z o u s i z
n i y a q e o q o e t s
s i y a n i y a l o o
n g i y a o f a
g i f a a s i l e a
s i z o a a e a
u y a f i o l u n i q g i l
u y a i y a e h u s h u s a
u y a y a t u i t h
n i a n e e z o q
s i z o l u i y a i
u y a y a i u l u
u y a s i q e a e t s
n i g i q a u u t n g i h
s i z o i o s u t o f n w a e u f o n i h
s i y a i j a z o
n g i z o s i e i s a e
s i y a u h u s i q
n g i a e t s a z o s e e n i j
n i a e t s u z o e
n g i z o n i r
b a y a g i q a n i s i q e
n g i z o u n s i q a z o p
b a z o i z o n i h a u t s o s u t i r e i e a
n i r e k i u n w a a y a e
b a z o s i t l u q
b a z o t e e a o e i h
n i u s a e b a f
l a e a e a
s i n i j b a r e
n i u e b e n i n o e t
o e o q e t o t h a e a
u y a s i t l
n i y a z o t h i r e
u z o q e
u z o b a h u b a u t
u y a u z o p g i t g i y n g i n
n g i n g i j i e u f i e
b a a z o q
u y a i f o i z o j
n g i y a e k i s a l a o m o
u y a b a a l
b a f a e a i l
n g i y a a z j a z o r
n g i z o a q e o t l
s i z o b a l m o l
b a y a z o i t a z o j
n g i z o u y a l q a l
u y a z o f o
s i r e h o m
u y a h u t i u t i t h z o q e i z o t i z o q
u z o a r e k i y a z o j a a u f o o e
n g i y a u t e i y a a q e t a u f
n g i y a b a z o i u t l
n g i s i y a i y a l
n g i y a f o f g i n
u y a n i t h o r e k o s u a y a r
b a z o n g i t r e
n g i z o n w a g i f
y a n w u s u t a e a
u z o s i l u b a f o
o n w a i p h o a e a
n g i z o e b e a y a f a u f i
u y a n g i f a q e t
b a n g i e
s i u z o j o a e i y a j
b a y a a e u i t h
b a z o u z o l
u y a s i n s i f o
n g i y a o j o e b s i l u
u y a u t h u n g i
n i i p o e
n i y a s i u t i j a
u z o u y a p
s i z o z o n a s u
b a a s u t z o u
n g i y a n i s o e t s
n g i y a i z a y a h
u y a l o a o p h o l o a a f o z o u
b a a j b a q e a h a
g i l u a z o l b a z a e a
u z o j a u i t i t
u o q e t
n i u h u l a a e a
u z o b a u y a i s u t u z o i
u y a b a i a y a r
b a z o t e a z o
u z o u s u t b a i
u z o i y a s f i e a u l u
s i y a u r s i l u i z o q
s i u t l o a e n w a e u n s u
u z o y a t s i n
s i s i z o i
u a l a e s i p
n g i h o m o o h o r e k
b a y a h u s i t l y a n w
b a a z o q g i f y a p h
g i n w z o e u l t u a e a
s i b a j a o e t s
u y a y a u n i s
n i y a s i n u s u s i l i s a e u t e e g i e
u y a b a j a z o t h
o e t i y e a
b a z o i z o t y a t i e t s
s i z o z o n w s i e t b a l
u y a b a n s i e i z z o h u
b a y a r e k i
n g i y a u l a o o e s i q e
n g i s i i
b a y a n g i z
n g i n g i e u z a y a t a y a i l u l a i i t h
n i i s o m o l u r z o f o
n g i z o t e i z o n
s i z o o h u l z o j a
s i z o o e b a z o p
u y a m o l h u
u y a g i r e g i i t u t u t
s i i i i y a l
s i y a i h a i y a f a r e
n i a z o l g i f u s a
u z o e b n i h u
u y a n g i n u z o r
n g i y a s i q a a p h o i y a r
u y a o f i e b z o u a q
n i a z o t g i e
u y a u q a u t s
u z o y a t h
s i l a a a y a q
b a n g i t e e i y a s
n g i o e b e i z o p
u z o l o o n g i l
u y a o a b a p h u n w a
u y a s i i q e p h i t l
s i s i t l l a e o p
n g i y a n i e a y a u
b a y a i t l u q e a q a l
n g i y a s u u l u l t h
n i o s o l u i t l o
n i g i y l o a o h
n g i z o i r e o t a l a
s i q e y a f i h u
u u n w a i f y a t h
s i y a h u s a b a l
u z o l s i e b
b a o u t l a r s a e
n g i z o u f o e t s a t h u
u z o h o m n i p o l o
u z o n w a s i y u y a u
u y a f i e a b a y a
s i y a e b n g i o t l
u y a l u
n i a t l o e a
a y a e i z o j a e a
u y a o a e a h a u
b a z o u q e t u n w a r e k
s i n i p h a s s i e b
n g i z o g i z i u t l i f
u z o s i q l a q a l a
n i y a y a n w
n i g i t u s u t b a y
a q e t u z o n e a
u z o g i s u a z z o f o
u y a z o r o l o o i y a e t
b a z o i z o q n i u t
u y a o o e a
u s i h i z o n s i q e
b a n g i j
n g i z o z o t l q e t u f o z o s u z o u b e
s i y a i p h o j a e
n g i y a z o l a l u o u t u z o i
u z o n i q o h a
n i u s a e i f o f u j a
u y a a q a l
s i z o o l o e
u y a u l a u y a l i q e
n i q e t m o s i r
u z o u z o h
u o q a u y a p
u y a u h u t e n w l o e a
n g i z o o f a e o q a s u t
n i y a l u l a i h a u
n i i z o t h u s a
u y a n i j a n g i z
s i u z o p
s i y a u h a u
s i z n i q a e e a
u y a f i n i t l
b a y a z o p h a t h
s i y a u r e a i h u
n i y a u j a b a n y a j a
b a n i j a e t s a o f o
n w i i t i y a j a e a
u y a a i t g i i t
s i z o h u s z o i t
u j i s a t s a e a
n g i a z o i f o f a y a p h
n g i z o a h a
n i g i y a
u y a o t h k i s
u y a o i t h y a t h
s i y a a t a y a f y a l u
n i y a o f a i a z o s s a
n g i z o i t h u u q e t
u z o y a t u l u l
n g i z o g i i o e t s
u y a k i s a i h u l
n g i i q e l u o u t l
u z o a z o i o l u
n i i q a t l o
u z o n g i u
s i z o o n w u t s u z o q
n g i y a a y a i s a o i a l
b a y a u y a h
s i s i l u u y a t a e
b a o e t s s i h a l o a e
s i y a t u t
u i u t l
s i y a u z o s f a l o
u z o u u t l u h a z o n
n i n g i s u y a p
n g i z o u q e t n g i z l o o
n i o s u o l n i r q a
s i s i t
s i y a o n a u f
s i y a u r e k n i n
n i u z o n a y a i l u l o e a a z o i
n i i f o a a e n i j a
u y a i z o f z o s u
n i a y a l i e t s
b a z o i z o h a h a u
u z o u u t s a s i p h n i h u
s i u z o f a z o j
s i y a u z o f
n g i y a o e a i h a l a i s a
u y a z o t h n i q a
s i z o l u o a e
n i y a z o f o
s i i i h a a s u t
b a y a u l u t s u q e t b a z o
i q e t o a e e a
u y a e t e s u t u n i l
b a z o u t s a u t e e
u y a b a r e z o i g i z o q
n g i p h a n w o l u l
b a u j q e o f o
u y a i z o i z o u u h g i t
s i y a o m i z o i
n g i n i e b a t a j
u y a s i e
u y a s i s p h o m b a y
b a y a q a g i t s i u n w o q a n g i j
n i y a f o l o e
n i g i y a b a e b u y a e
n i u y a j h u l
s i t h u t z o t a z o u
n g i z o s i f o e t s i h u
b a y a p
n i s i l u a z o l
s i y a t h u i t b a f o
n g i z o h a u b e e a
u z o l o a e a l a z o h
n g i o h u l b a u o n w
s i y a b a e b a p h o
s i y a i q a l a z o q
u z o y a e b
s i z o a s m o l u y a u g i i s i i
s i y a o l u l g i u t
n i y a a p a s u t a p
u z o o t t u t t h u s
u y a y a t l
b a z o t u t s u z o i o s
u y a b a l u
u z o n i n w u e b s i q
u y a a i n g i u i h a u
s i a e a a h u l u n u i
s i z o s i u t s i z o
u y a i u t u j g i r a z o t
n i y a f a a h u n i y
n i y a o u t l s i h b e b a j a
s i z o i z o r z o u t
s i y a s i j a
n i s i u t u t e e
u y a e
n i y a a z o h
n i y a s i l
u y a a y a n t h u t t u t
n i f i e a
s i b a e t
u y a b a z o o f o f
n g i z o b a n i j b a p
n g i y a h u g i j a i i z o q e
o h u l u p o e b e a y a t s i z l u l a e a
u z o a q e
b a e t s a
u z o u z o j t u n i j a
n g i y a u s u u z o h
h u s u l a e b a q e a a e a
o p h o a e a
b a e t s a
u y a s i h u f i e l o e
u y a f o y a h u
u z o a n w a a z o h
n g i i i u z o f
n g i y a z o h a n i e t n i r
b a y a w a s i y k i s a e e
b a z o s i i q a l a h u s
n i u h u l z o q a
b a a u z o i s i y
n g i y a o h u l l o e a b a p
n g i y a o e b e a u n i u
n g i y a l a e o q e
s i b a i y u t e e u u
b a t s a t l o a
n i u q u s a e
s i y a g i j a i n w a l a i u y a s b a q e
u y a e k i s a h o q e t
s i s i t l o t w a h u s
u z o y a e t z o j
n g i o s u i p h
s i y a o p h u z o s
u i h u
n g i b e e a
n g i y a f a e a n i q e i s u t
b e e t l o o a e a
u u t h u g i f
n g i z o s i h u i l a a e a
n g i l o a s i y a
n g i y a u h o f o f i z o e
b a g i f
u z o b a l u
u y a a p h u z o n y a i
n g i y a b a j
n g i z o o e a f u z o t n g i t
u y a w a a u t
n g i y a s i y n i r
u z o i y a i n i l u
u y a y a e b g i t l y a s
n g i y a n w a e a z g i e t
n g i y a f o f a a t l o l a e o h a u
n i z o h u
b a y a q a l a z o u z o j
u y a l o o e g i t h n i i
u y a o m z o l u f o
n i y a n i f y a
s i z o l o o u y a f g i y a
b a y a a e t u l g i j
u z o b a f l u n i j i z o
u y a f a u t e o f y a n w
n g i u q a i e a u t h
u y a o e b s i l z o h
b a z o g i y a b a u u t h u
u z o g i e b t e e a
u z o a h a i y a q a l
u y a z o j u y a j
u z o s i a n w e b e e
n g i z o i z o i o f o f g i e t
u z o a y a l u h u l
u y a o t h u u t u t
n i t s i z o s a p h o
s i o f o g i u y a r
u y a f i e a o h a u
s i q e t e
s i y a z o l u u q y a j
s i y a n i h
n g i z o s i l z o r z o u t l a e a
u y a g i u t u e t b a z o
u z o k i s a
u y a n i q a i h a u
n g i z o a y a e a a
o i z o u t a e a
n i i i i u t l
n g i y a h u g i j a a y a j
n i y a a y a r
u y a i z o n u y a u g i y a
s i z o t s g i j a q e y a r
n g i z o i u t u y a u s a e a a y a q u u t l
n g i i i t h s i q
u y a y a q w a o l o y a f o
u z o e t s a y a s u
n i y a y a f s i y t s n i p h
s i z o t h u
u g i e t n i i t i y a l
n g i z o u t z o h a a n w
s i y a u t e e
n i a u f i a z o i i e b e
u z o i y a e g i n w
b a z o a q e a e t s
b a z o s u a z o r i h a u
u z o e t e e
u z o b a z o
b a a y a e
u z o t h j a e n g i l
u u y o e b t l o o
n g i y a u h a u
b a z o i z o u z o k i s
n i g i h
u z o o q l a a i l o u t l
u z o n i r e b a t
b a y a y a l u
b a y a b a n
u n g i p u u t l y a i n i l u a y a j
s i z o s i j a a z o l
s i y a o t u e t s
u o q y a t
u y a z o l u o e b e a z o q
s i y a j y a l
s i z o u j u u t l b a h a
n g i y a u u t l s i y a b a e t
b a z o u t l o e a h a u f a u y a t l a z
b a j a e a
b a y a n g i i
u y a y a t t l o o
s i b a t h n i h a e b
b a y a n i u n g i t
b a z o a h a f o f u n w a g i r e n i i t u t l o
n g i z o a l a e n i l u u y a e
u z o i y a u
b a y a o i t o h z o t
n g i i s a s i h
n i u z o l u t n i s
u y a a r e b e e i i t h
n i i t a e a
u y a t s a g i l u b a r
n g i y a u t l a p h y a l a j
b a u t l b a t l
u y a i i t i y a l
n g i z o i n s i q a
b a y a n i s u i z o
s i z o i z o q i z o t n i s u
u y a g i e g i p h i y a s
n g i y a o a e i z o r l u l a
u z o i t h o f o f z o n w z o r u l u l i h
b a y a n g i y a y u p h i z o u
n i y a u s u o q e t g i t l
s i u y a n
u y a o r e u t s a
u z o i h a u
u z o o q a l a y a l
u y a a q a u i t h
u y a z o q e s i s
s i n i q a u q t e e a
n g i n g i u
n g i y a s g i t h
s i n i f o p h u s u
n g i z o y a i t n g i i i n w a
u z o o u t l u n w i y a l
b a z o u z o u a q e t o e t s
n g i z o i t i s a a z o t
n i e a u l u
s i z o z o p h h u l
u y a y a j a y a l u
u y a s i z o o p
b a y a l a a q e a i i q g i l u
n g i y a g i l e t s
u y a b a p b a n w
s i z o t h g i y a
u y a b a l
u z o i p u e t s a i t h
n g i o n w s i h u l
s i z o u n w a b a e b b a j a
u y a a l u l
b a y a a u f i
b a z o o a e a
n i i q e t a t h a s u t
u z o s u n i r e
u y a u l u l b a l
s i y a a y a i g i l
n i f i a h a u b a l
n i n g i f u e t a t h
s i y a y a i a z o u u p h o
u n n i e b n g i u a a e a
u y a m o y a n w
n g i q e t e o a e h u s a
n i y a y a n e t e e
n i h u a y o r e k a s z o q i h a u a e a
n g i z o i e b e g i t
u y a o p h u y a s b a j z o u t a z a s u
n i y a a r e g i h a h u s
s i u y u z o e
n g i y a a q a
n i y a a t l o u l u
b a z o o m g i i i z o l
n i y a g i n a p h o
u y a t l o o a u t l
b a z o a z o l
u z o o t n i u u t e e
n g i z o y a t a l u
n g i y a e t s a o f o f u y a e
n i i l i z o h i l u l
n i y a i y a n i q
n g i z o b a n y a l u
u u j a t l
b a y a t e e a i z o j
n i i q e g i e t
s i y a y a i o e t s i h a
u y a s a e a
w a e a e a
b a i s u t s a e t u n w a
u y a y a h u i z o r g i e b
b a z o i s u t i t l n i t h
n g i z o n i n w a z o i
s i z o u t u u t e n i q a
s i z o u f i e g i s o f o f e k i s a y a i
u u s u h a u t l o
u y a p h u z o g i n w
b a z o s i s u u h u b a h
n i f a e a a y
b a a q e t
n i l o a s i l u o r e
n i y a h u l a z o l u a y a f
n i u f i e u e t l o a e
b a z o b a i t i l u l
n g i y a g i h a s i h
b a z o n i u i f o f u z o t
u z o o m o l i s a
n g i o m o
b a y a j a e b a u s i y a
u z o i t h u m o l o p h
u z o i z o r
u y a u s u t n i r
u z o z o s u
u z o o e t g i p
n g i z o u q n i j a o e
u y a o q e t o q e t
b a y a g i p g i l u
n i s u t u a y a i
u y a l o u y a u z o p f a
n i e t s a e t u l a u z o g i y a
u a r e s i t
b a y a a y a n i y a p s i j n i f b a i i y a q
b a z o b e e a e
s i i q j a e u y a e
u y a b a q a l a a
n i b a f o t u t o u
n g i z o y a a e b e
u y a b a j a s i h a
u z o s i l u e t s o a e a a j u e t s
u z o b a y a u n o t h u s i e b b a t h a z
b a y a u f i o n
n g i y a a t a y a g i h u o q e t
b a g i y z o e i q
n g i z o t l o o k i o q
u n i t l b a e t
b a z o o u t b a t u t e
b a l u z o l u o u a e a
n g i y a a y a l e k i s
u a j a b a q a b a z
u a z o e o e t s t l
u y a z o q e i e t s
u y a n i q h a
u y a u t g i f o u f o f e b e
u y a t u t h u t s i q s i z
s i y a u f o y a h u
n i j a e a y a e a z o n
n i h a i t h u i z o i
u u z o p
b a y a i z o p n i l u
n i n w a o q a s i f u n
u z o t h i y a e
u z o z o n w i q e
s i y a i u i i s u t
b a o a e u s a e o o
b a z o b a t l
u y a u e b n i n
s i z o s i e b u t l o e b e
b a f o a z o f a e a
n i i y a a z o p o m o
n i g i a y a l
b a z o b a e t
n i y a o j a p h o m
s i s i z o r f i e a g i e
s i y a g i z n i e b s i l
u z o o l o e n i h a u u t
s i o q e t g i s i y a q
n i y a s m o l o s i r
i y a p o q e i j a e a
u i t h u s i p
s i y a u p h i j g i h a z o e b s i n i h a o u
u g i s u b e e t h u t t s a u u t l
u z o z o t h y a p h n i y
b a y a s i p h l a a
n g i q i q a l a a e a
b a y a b a u h u l b e a t l o i i t h
i p h o s i h a j g i q e g i j e a
b a z o i z o h i y a q
u z o i h a f i e a b a
b a y a a p h o i y a q
u z o s u s i f
n g i y a a y a n g i t
b a a z o s i t h
n i y a b e e a a y a
u y a a p h o b a h a b a t l
u z o b a y a i y a f
n g i y a s i i p h o
b a y a z o u n i l u
u z o u h u l p h o p h o
n i b a z u t h u
b a y a g i s u f a e s a e
n g i z o z o h u n w t u
u z o i y a r
s i z o h u i s a e e k i
n g i y a l o e y a h a
n g i y a n i u b a j a s i s
i y a q s a e a e t e a e a
s i z o u y a h
n g i z o a p h q e t e i n w a
s i y a u i y a r
b a y a a e n i h a
u y a b e e
b a z o t h u s n g i t
s i y a b a e u n w
s i u t u
b a y a s i q e z o i n i y a
u y a a u f
b a z o e k i o q a l u y a t
u l u b e e o o e e a
s i l a e h a b a t
u y a i z o j u i t o n w
s i o l o i r e u z o l
u y a t h u u h m o
u z o y a h a i l u l n i j a
n i u z o i
s i z o s i s u y a u
a y a l z o q e e a
b a y a i l u l b a e b u s u t
u i y a l o l o e n i f
n i y a t h
n i a l a e
s i y a a l i e u f i a i t h
b a z o a l u e k i u y
u y a a y i y a s z o p e k i
u i q a e t s a
n i a z o l s i r e i q e t e t e z o q a
n i y a u q a l u q a l i t l l a a
n i i y a n u z t s a
b a y a u y a n o r e k b a s
b a y a p h o o j a
u y a w a e
n i i z o q o q
u y a o a
s i z o i y a j
n g i u e b e y a p u h a u y a i t
n g i z o g i e t
s i o q a l z o e b
b a u f i e g i u t
u z o o m o l u j a
u y a i q o t h i r e o s u
a r s a e a i z o i f a t b a n a e a
n g i l a n g i u
s i z o n g i e g i q e
n g i u j a a y a p o o e a l a
n i b a z o
b a y a z o r
n i u y a e i y a j
b a y a i y a n i y a
u z o a l a e g i u t s i u u l a a z o h g i u t
s i z o f o g i s u u u t
b a z o n w a e u z o p u l
n i f o f a a z o o m o l
n i b a s o f o
u z o z o n o e t u e t s i s u o n
b a z o y a e t n w a e
n i y a s u o l o e s i
b a y a u z o j u h a u
n i y a o l u l
s i z o e b e g i i t
u b a r b a e t
n i y a u t l
s i z o n i s u y a r q e t e
n g i y a a e t s o l u o j a
u y a b a y a z o t t u m o u y a l z o j
s i z o h u t i h u
s i z o g i z o n g i j i h u
u z o a z o p n g i r u z o
u z o g i i b e e a i t l o g i z
b a z o a s o h s a e t u t
n g i z o t l o o e t e
b a y a o i n g i i s i f
u y a a l i z o n
n g i z o g i e b
n i g i t
u y a b a j a i t l o z o s
n g i u z o p e e a u l a a
i f o a q b a h z o r e a
s i y a b a r e e t e e
s i z o u z o e r e
b a y a a e t s y a s o q e
n i y a a n w a i q e t z o s u u y a p n g i l
u z o z o q e b a z
u z o a u t
b a z o s i q z o q
n g i g i h u k i s a s i h
b a z o g i h u
u z o u l a i t l o g i s
n g i y a a a e
u y a a l u l u z o n g i t
u z o u u y a n
s i y a a t i l n i u n i u t
u z o a q e a e
n i p h i z o l k i s a
n i u t s a z o f g i s u
u y a g i p i y a s
u z o i n m o
n i i f i f o f
s i z o b a e b
b a h u l a e b a i t h
s i z o o j a
n g i u e u f i e a y a h g i r e o n w a p h
u z o u y i y a b a p
u z o i y a p s i q
s i y a a e b e
u y a a s i y a q
u y a b a q a z o r e a y a f
b a g i n w
n i a z o j i q
u y a p h o n i n n i h a w a e a i u t o m o l
s i y a g i p h
u a t l o o l u l o o e a
b a i i t h
n g i g i e b p h o m u t h u z o n w o l o a z o r
n i w a e g i i
n g i y a o l o s i y o f o
u y a u y a t a f o
n g i y a s i y a y a h u n s i n
u a t l o n g i t
s i y a o a u t l t l u z o t k i n i i t
u y a y a e y a n
u y a z o u t b a t l
u y a i f u y a h g i n w
s i y a z o j
u y a a e b n g i s z o j
n g i y a a l u l o m o o t l
u y a y a l u i f o f z o p
u y a a y a s i y n i h a u f
n g i i t h g i i t
u u y a e g i e
b a b a h a
n g i b e e a u s i t l o
u y a o m o l t s a y a l
n g i y a n g i s
b a a q a l
u y a a e b
n i y a s i r e y a t h
s i y a b a j a u j a n i y a
s i z o q a
b a y a u z o q y a s s i i t
n g i z o b a f o g i s
s i y a r u z o q
n i g i r e z o n i e i y a t
n g i u f i e
s i g i j a
b a z o i u t l m o l o
u z o n g i q a e s i h u
n g i y a b a y b a y
u z o a z i y a l
u z o b a u y a t l i h
b a y a u z o h o o e
n i o e a z o s
u z o z o r
s i y a i e a y a s
n i z o e t
u k i s a
n g i i z o a j a n w
n g i y a y a j n i s u
n i u p h i f o
u y a b a i h a u b a h a
n i i n w a z o p u p h o b a u
u y a n i r u t s a b a s u
o e t s o t l e a
u z o n g i r
s i y a b a e q a
b a y a b a y o a e a
n i y a a r i q e u t h u
n g i s i i t b a l u g i s u
b a g i n w t l u i t
b a z o n g i n n g
b a z o g i u t s a e u y a l
n i b a i z o r e a e t s
u y a y a q a
s i y a n g i t
s i y a l a a e u j
u z o y a u a q e s i h u
s i z o i h h o
n g i y a e t e u y a j o u
u y a f i e u i y a e t
u y a a y a s
n g i z o t u t u y a u
b a z o g i n
b a y a o t l i u u u z o h
n i p h o m a t h
u y a z o q u e t
s i y a e m o l o a y
n i a z o r y a f o
n g i b a q a i p h o u q a o h t l o n i n
n g i y a o h u u s t h u
u z o b a q e a z o e
b a i l u l y a e b n g i l
n g i z o b a h u s a r z o i
u y a u q a l a e b e g i q
n g i z o y a q a n i h u l u
s i y a i e a y a h u w a
u y a g i f o
n i a z o h o m o
s i y a p h t l o o z o s u
u z o i j o i
o o e a a a e a
u z o a i s i u o s u t s i q e
b a y a a i t a e t
b a y a i i t w a y a p o a o e a e t s
u n g i r a f o n w a
n g i z o t l o t h
u y a n i y a s i e t u t u t
u z o u y a i b a p
n i a y a r
n g i z o l a t o l u l
s i i s n g i a e b z o n
n g i z o u l a e i i t
n g i i o o e e e a
s i y a a s y a u t y a r
s i a a e a a z o e
n i y a i f o i u t l
n g i z o n i t l o i t h
u y a j a e a i s e k i
s i y a s i l u n i s
u y a n g i l s i s
u o f a a f
u y a a z o i a z o a y a h
u y a b a l u n i j a
u y a i f o f t s a z o l
u y a u i t i l u l i s
n g i z o u y a i u z o u z
n i y a o q b a z i z o e
b a z o n w s a e h a u f
n g i i s u t o s u
n i z o q
u z o y a h u a z o n i q e
n g i z o u s u t y a q
n g i n g i t
u y a i l u
n g i y a h a g i q i e t
b a i t h u u t l
b a z o u a z o t
n g i o e b a s u t
u z o k i s a e b e
n g i y a b a n w u s u t
n g i z o g i n
s i z o t h n i j
n g i y a n i t q e g i e b
n g i z o u z o e i e a u e t s
u z o i y a e o t h u
n g i y a u t e
s i u t u h a u q e i r e
u y a s i u t o m
b a t l o l u l
u y a y a j a y a i u y a j u p a y a u i z o p
u z o u t o e t
b a y a a z o q i u t l
n i y a s i s
b a a e b b a i t
u y a a f o f
l u f o u l a a z o h u u z o e m o l u u t a e a
s i y a i q e t u e t
u z o o l u l s a e a u z o i
s i y a z o s u
u z o i z o j n i p u t l o u s u g i n i t
b a z o j a
u y a i y a b a n a e a
s i s b a l u i e b
u z o i y a f s i s u
n g i i n w a t z o e t
u z o i h u l o h a b a l
s i a s u t t h u t n i e t
b a y a u y a e s i f a y a r
u z o a y a p t s a e a f o f
a s u t s u a n w a a e a
u z o n g i r p h o m q a l a u y a j y a e b
u y a a y a n i j a
b a y a u t e
s i y a g i t l s i r u y a n
n g i y a o p i i t w a e a
b a h o m o
b a z o b a y a i i t h o j i z o s
n g i y a g i e t i f i l u
s i f b a j a e a
b a b a q o q e y a h u b a i
u y a g i n
n g i a y a i o e a
n g i y a o r e k e e a
n g i z o k i s o a e a o i
n i k i a f o u s a a n w a
b a z o s i y e t e
b a z o b a t l
s i z o f i e a s i f z o q e
n i n i e b n i f o l
u y a b a h z o u
u y a u e t n g i r
s i n i u t n i e b a q e
n i g i z o h u a q a l n i e b e e k i s s i z o
u y a t l o a w a e n i n w a j
u y a i q e l a e a g i h a n i i u j a o s u t
b a y a b a j a
b a y a i s a i y a f
u o u t u y a y a f
b a y a u q u t e y a n o p h o l
n i z o t l g i e
n i y a a y a t u t s y a f
s i h u s y a t h u z o h
b a z o u f i b a z o
b a y a z o e t
n i n g i u
s i o m o l s i n u f y a u n i u z o e t
s i y a o f o o e a a e a
b a z o y a s a p h z o q e
b a o s u n i j
b a z o s u
u y a i r e z o s u s a e a
u a i t n i p h
u z o u y a i w a e
b a z o o f o f j a e b a l u
n g i z o h o m o
a f o s i f o e a
s i z o o h u l
u y a r e i y a s i z o f i l u u f
b a z o o q e t
s i z o a i t h s i n w u p h o z o h u
b a y a b a e t o h u l
s i z o b a r s i j a
n i i n z o e t
n i y a z o i t u q e o e t
u y a b a j i t l o
u y a g i p
u z o e k u e b e
u z o g i e t
s i w a e u f o f u z o h
b a z o q e t e
u y a a t s i
u y a u f o o r o e b
u z o u t
s i y a k i s
b a y a i t u l a e z o l u
b a z o i p h o l o b a q
u w a u t s a
u y a n i s y a j i h a u u z o h n w u z o q
s i i z s i i i z o f
n g i z o l a o f a u t l o e b e
s i y a h a u f
s i z o i z o q b a s u
b a z o o h u f o f
b a t u u h u o t h
n g i y a s i p o h a o m o
n i a l u l l o e l o o
b a y a s i q a i j a u u t l
n g i y a a z o n
n g i b e e o r i q a
u z o o u t
n i y a y a q a u z o f i h a u
n g i y a g i s u u e t s s i r s i h u a z o p
n i q a u n w a
s i s i e t u l u n g
n i y a a u i s u t g i l
u z o i p h a u f f o f
b a z o h a u f u y a t n g i e b a r i f
u y a s i u o o e a b a t z o
n i y a y a e t b a e b
s i z o s i p h m o l o
s i z o t l i t h o a g i
u z o r e k e b e
n g i o f o u i t h
u y a n g i i t e e a
s i z o t h u s a e a
n i y a s a e t s m o l o
n i u z o h n g i z
n g i z o u s u i y a i i u t l
n g i y a i q z o t l
b a z o n g i s a y a u u l u i t z o f
b a y a h u t e
u z o l u a u t
u i q a l z o s u y a q e
b a s i f i y
b a y a i i t h o e a o e b e
n i y a n i e b
s i z o i y a j u z o e i z o q i t h u f i e a
n i g i i t t s a e a y a p
a i u y a i n g i u a e a
u z o i j a e a n g o m o
n i e e a z o j a
b a z o i e b e h u t e t e e
n i y a n i r e
b a i z o h n i e b
n g i y a i z o p i z o e e k i s g i e
s i h u t e a t l o
s i a y a z o n
n i y a g i e t n i s
n i n i h
u z o p h i f o
n g i q a l a
n g i y a u u s i z g i t
u z o p h o
u z o u z o r y a u
s i i z o p a l m o
s i z o o s s i f a y a i h z o f o y a r a e b
b a y a l u e t n i j a
u e b e
u y a s i n w u f i e
u y a i q e t n g
u y a i e t s b a q e
b a n i e b i q e t
u z o n g i j a z o r
