в а л л о н с к о м у
н е з а к о н ч е н н ы м
и с т р ё п ы в а в
л и ч н о г о
с е р ь г а м
н е о б о с н о в а н н ы м
т ю т и
з а р о с л а
б у д е т е _ о б л ё т ы в а т ь
и д е а л ь н а
г у л к о й
л е с о п и л ь н о
з а р о с ш е е
б р о н е п о е з д е
п р о б л е м а т и ч н ы х
т у ш ё н о е
т к н у л и с ь
с п а с и т е л и
к о с м о н а в т у
р а с к л а н я в ш и с ь
и с х о д а м и
д о л г о с т р о е
в о г н а н н ы й
с к а н д а л ь н ы м
н е к р о м а н т
и р о н и ч е с к и х
к о р ы т а м и
у н и з и в ш и й с я
б л и з о с т и
г и г а н т а м и
м е ж н а ц и о н а л ь н ы х
н е й т р а л и з а ц и й
ч ё р н ы м _ а м е р и к а н ц е м
у в е ш а е м
к о н ц е н т р и р о в а н н о й
т р у д о с п о с о б н ы м и
с о б с т в е н н ы й
к у ш а к е
с б р а с ы в а е ш ь
п о с е щ а е м о с т е й
п о л у м е т р е
п р о к а з н и ч а л и
к о р о л ь к а
в к у с о в ы е
з ы б к о м
у с л а в л и в а в ш и й с я
ц и р к у л и р у е т
к р у г о с в е т н о е
а г в а н ц е в
б у д у т _ о б х в а т ы в а т ь
у р о д л и в о г о
п р е д с к а з у е м о
к у р г у з ы м
и з о л и р о в а н
л и л и п у т а м
о т м а х н и
б л а г о п о л у ч и я м
д о к л а д ч и к о м
т о н з у р ы
с н и м у с ь
п а с т а
р а с т р а т
в з ы с к а т е л е
т р я х н у л и
ч у р б а н о м
у с а ж и в а ю
п р и д а м с я
и с т р е б и т е л ь н а
а л к о г о л ь н у ю
м и з е р н ы х
д е я н и е
к а л е ч ь т е
ч е р в о в о й
р е в и з и о н и з м у
р а д и о а к т и в н о е
т а н к и с т
б у д е ш ь _ к у в ы р к а т ь с я
с в а л и т е с ь
о т в а ж и ш ь с я
б у д е ш ь _ к р у т и т ь с я
н е в е ж л и в о
п е с ц а х
р у б а ш е к
в ы д е р н и т е
д о п и в а я
н е р а з р е ш и м ы й
с е р и й н а я
р у к о д е л ь н и ч а е ш ь
к о н т р а т а к
м а л я в к у
и н т е н с и в н о г о
о р г а н и ч е с к и й
з и ж д и т е л ь н ы м
р о к - г р у п п у
о к р и к а
п р и л а г а т е л ь н о г о
б и т н и к о в
ф а с о л ь
ч р е в о у г о д и и
э к с п о н а т ы
п о л у ч и м с я
с е п а р а т и с т а
п р и т е с н е н и ю
д о х л у ю
н е у д и в и т е л ь н о г о
п р е д ш е с т в е н н и ц е
с т а ж и р о в к и
о х л а д е л а
с п л е т н и ч а я
а к ц и з а м
ж и з н е н н о й
п р о р а с т а й
к а л а ш н и к о в
о б м у н д и р о в а н и и
б у д е ш ь _ ф а п а т ь
х р и п л о м у
г о р л и н к е
с и г н а л и з а ц и я
б ю д ж е т н и к а м и
п р и п и с ы в а ю т
п р о к о р р е к т и р о в а в
с и н о л о г и я
о ж и д а л ь н и
о т ч и м а
с п р я г а л о
э т а н о л
а н т и м о н о п о л ь н о м
э л и т н у ю
у с л у ж л и в ы й
г р у п п и р о в к е
а в т о д о р о г и
с е р е б р и м ы й
б л ю я
к о з ь е г о
д о л я м
в я з о в ы м
п р о г р а м м е
и з б ы т о ч н ы х
б у д е м _ з а т р у д н я т ь
т е с т о с т е р о н ы
к о р р о з и е й
з а м ё р з л о
с л о ж и
л а т е р а л ь н ы
м н ё ш ь с я
ш к у р к о й
а к т о в ы й
о б е с п е ч е н н о с т ь ю
в ы н у д и л а
в м а з а л о
г о л е н я х
т р о л л е й
с п я щ е г о
о т в а ж и л а с ь
н а р з а н а
б у д е ш ь _ о т г о в а р и в а т ь
а л ф а в и т н ы х _ п о р я д к а х
с р а б о т а е т
п о д д е р ж а н и я
д о б а в л е н и я х
о т в е р д е л о
к р и з и с о м
и с к о м
с м я г ч и т е с ь
р а с х о д о в а в ш и й с я
и н о х о д е й
а н т и т р о м б о ц и т а р н ы е
у б е ж д ё н н о г о
м а т е р и я м и
з а м ы с л о в а т о й
н е в о з м о ж н о с т ь
п л а т ф о р м а
д а г е с т а н с к и х
к л а с с и ф и к а т о р о в
а в и а н о с ц ы
я д р у
с и с т е м н о м у
б е р д ы ш о м
г о д и ч н о й
л о к о м о т и в н у ю
к р и в л я л а с ь
с у д е б н о г о _ п о с т а н о в л е н и я
о б у с т р а и в а й с я
с т а р о м о д н ы х
с а д и к е
а м б и ц и о з н ы м
б у д е м _ в ы б р и в а т ь
о к р у г л ы х
о т с т р а н я л о
п о г а ш е н и е
п е р е л е т а е м ы й
р о т о в о й
м а ж у щ и й
д о ж д л и в о е
с у н д у к
с д и р а л о
у с л у ж л и в ы х
с т о л п и т с я
у с и л е н и я х
н о р н ы м
у н и в е р с а л ь н о й
л е с о о х р а н е н и е
х у е л а
и л л а т и в ы
о с л о ж н и т ь с я
д е л о в и т о й
д и к о в и н н о
н а ж у ч у
н а и в н ы е
с г у с т к а
м о ш о н о ч н ы е
н о ж и к е
л е н
н а л и в ш и с ь
с п о р т и в н ы х
н а л а д о н н о г о
д е л а е м ы й
п о г р у ж а е т е с ь
н а м у д р и
б и б л и о г р а ф и и
в е л и ч а в ы х
в ы ж м у т
б у д е ш ь _ р а с п р я м л я т ь с я
в ы с о к о м е р и я м
п о н и к а л о
п о р о ч н ы е _ к р у г и
п о д в е с к а м
р ж а в у ю
т у р ч о н к е
о с в е т и л о с ь
п е р е м е н я в ш и с ь
г р у д н ы х _ к л е т о к
з а г и б а л а с ь
н е в з р ы в а ю щ е г о с я
б л а г о у с т р о й с т в а м
о б н ю х а н н ы й
в т я н и
а н г о л ь с к и м
г р и м а с а м
р и т о р и ч е с к и е
а б е л е в а _ г р у п п а
а л ь т р у и с т а х
д е в и ц у
р о д о с л о в н о
э п и ч е с к о й
в и н к е л и
п е р е г о н я ю т
л а в р о в о м
с и б о р г и я м
к о з ь е й
п р и о б щ и т е
х у д о ж н и ц а
н е о ф и ц и а л ь н а я
к и л о г р а м м у
г р у б б е р о м
к о м п р о м е т и р у е м
о с л е п и т е л ь н ы х
п о т р а в и
с а й т е
н е п о р о ч н о с т и
б у д е ш ь _ о ш п а р и в а т ь
а в а н п о с т ы
б у д е м _ б е с и т ь
р а в н я в
р а с к а ч а е ш ь
п р и с п о с а б л и в а н и е
р а з м о р а ж и в а я
п о ш а т н у л а
у п о р с т в у й
л е с о м е л и о р а т и в н о й
б е л о б р ы с ы м
п р о л е т а р и ю
о б л е п л я е ш ь
б о я р ы ш н и к о м
м у н д и р
а н т и п о д а м
б у д е т е _ о б т ё с ы в а т ь
в з б е й т е
м е л к о к а л и б е р н о е
э к с т р е м и з м ы
п и д о р а м и
б у д е т _ н а д в и г а т ь
п о д п л ы в а е т е
ч е р е д у е т е
п о с п е ш н о г о
б ю р о к р а т и ч е с к и х
с м е н ю с ь
и з р ы л и
г о в я ж ь и х
б е з б о л е з н е н н о г о
ц и р к у л и р у е т е
в р а ж д е б н у ю
к а б а р д и н с к о е
х р у п к и
в с т р о е н н ы е
л е ж а к е
о к у н а й с я
м е л о д и ч н ы х
о д е с с к о г о
в е н т и л я т о р о м
б л о х а с т ы й
п р и г р а н и ч н ы е
п о р н у х о й
п р и с у т с т в е н н о е
в р а с т е ш ь
б у д е т е _ р а з р и с о в ы в а т ь
п р е д с т а в л е н и ю
к р а с н о я р с к о м у
п р и в е р е д л и в ы х
п р и х л е б н е м
ж а р г о н о в
в о с к р е с н ы м и
б у д у т _ п р е т ь
п р о с л у ш а л и
п р а к т и к о в а в ш и й с я
о к а т ы ш е в о з а м и
о т с л е д и л
к а з у с ы
ч у д е с н ы м и
к е м е р о в с к о г о
п р а в и л ь н ы х _ г л а г о л а х
в з о р в и с ь
ф р а е р е
л а с к а я
л и м ф о ц и т
т е т р а д к а
п а т е н т н ы м и
с е в е р н ы м _ с и я н и я м
п о с т т р а в м а т и ч е с к и й
з а п у т ы в а ю
в с т р о й т е
т р о ф е й н о й
ф у н к ц и о н а л ь н о г о
к а з а ч е с т в а х
к о н с т а т и р у й т е
е с т е с т в о з н а н и е
р а з м е р и в ш и й
х р и с т а д е л ь ф и а н с к о й
с л о г о в ы х
а л е к с а н д р о в с к и й
в о л ш е б н и к о в
в ы в о д я т
у п р а в а м
т р у д о в ы е
н о в о г р е ч е с к о м
с а м о х о д н а я _ а р т и л л е р и я
т е м б р ы
б е с к р а й н и й
р у с с к о г о в о р я щ и м
у г о н я ю т
з а д ы ш у
к л я т ы й
п р и г о р и т е
д о г о в а р и в а й т е
п о с л е д н и е
ч а с о в о й _ п о я с
н е м а л о й
п р о с л е д и т ь
б у д е т е _ о т р а в л я т ь
п р и в ы к а н и я
а к р а
б е з о т к а з н а
е к а т е р и н и н с к о й
а б е л е в о с т е й
п о с а ж е н н о г о
н е з ы б л е м о й
и с т р е п л и т е
р е м ё н н о г о
н а д с т р о и т ь с я
т я ж е л е н н а
б у д е м _ п о п о л н я т ь
п р о т и в о п о л о ж н о г о
н е р а б о т а ю щ и е
г - ж а
е з ж а л и
и з у м л ё н н о г о
п р о б л е с к и
п о п ы т к а х
а р т и с т к и
н е у в е р е н н о м у
у с к о р е н и я
п р о п о в е д н и ч е с к о г о
б о р щ а м
р а ц и о н а л и з а ц и й
б у д е т _ п о н и м а т ь с я
п о р о ч н о м у
у т о м и т е л ь н о й
с ъ е з ж а л о с ь
т о р ш е р н о м у
ч е р т ы х а л и с ь
г о г о л я х
п л а т а н а м и
н е б о м
с а м о у в е р е н н о с т и
п о с л е д с т в и я м
а л к а ш у
с е р д е ч н о й
а в т о м а г и ч е с к у ю
С т р а с т н о м у _ ч е т в е р г у
р а б о ч е - к р е с т ь я н с к о е
с е р б с к о х о р в а т с к о м
у б е р е г а я
в к р а д ч и в о
с т е п н ы е
п а л е ш а н
о б л а д а т е л я
а д е с с и в н ы м _ п а д е ж а м
с м ы к а е т
с т о и м о с т н ы м
ф и з к у л ь т у р ы
б е с п р е д е л ь н о г о
о б ъ ё м а х
п р я м о л и н е й н ы й
п а х у ч е й
к о л ч а н а м
в о с п и т а н и и
в е с е л е л
к с е р о к о п и р о в а н и е
и н т о н а ц и о н н о й _ к о н с т р у к ц и и
п л ю с а м
е в р о п е й с к и х
м е р т в е н н ы
о т л у ч и в
п у л о м
с м у г л о м у
ж ё н
р е з н ы м
п р е д п р и и м ч и в
ё б а н о м у
д е д с к и е
г е н о ц и д е
з а с т ы н е т е
з н а ю щ е м у
к а л е ч а щ и й
н е и с т р е б и м о
п р о п о в е д н и ч е с к и х
з а в и с т л и в а я
в и н и т е л ь н ы й _ п а д е ж
п е р е с е ч е н и е
м о д е р н и з и р о в а н н ы е
н а х а л ы
н а к о н е ч н и к о в
п е р е л а г а е ш ь
р а с с е я н н о й
н а д в и г а е м
м и н н о г о
с в я щ е н н о с л у ж и т е л ю
б у д е м _ о б ъ я с н я т ь с я
н о ч н о е
т р у д о л ю б и в ы х
з а м и н а ю
ж а л я щ и й
п о д д е л ы в а е ш ь
в с п у г н у л
т е п л о в а т о й
з а и н т р и г о в а в ш и й
с т и с н у
п р и п и р а й т е с ь
с о б с т в е н н о р у ч н а
б у д е ш ь _ к о ч е в р я ж и т ь с я
с и н е г л а з о м
т р а н с л и т е р и р о в а в
ф а л л о м о р ф и р о в а в
и с п о л н и т е л ь н и ц у
г р и п п о з н ы е
б у д е ш ь _ п р и б и р а т ь
б е л у д ж с к и х
в з б у н т у е м с я
м я ч е
с о в е р ш и л и с ь
и з м у ч ь
н е б е с н о г о
н а б у х н е ш ь
с о е в а я
у с о п ш и й
б л а г о у с т р а и в а е т е
с х о ж и м
ш и т ь я
п р е л ю д и й
б у р я м _ в _ с т а к а н е _ в о д ы
р е л и г и и
м щ е н и я
ш л а н г б а л к а м
д о б р е й ш е е
б а к
з а п р е д е л ь н о м у
а р т и с т ы
ч е с т н о с т и
п а к е т и к
в е н с к о г о
з а т и х а в ш и й
у в о л и т ь с я
р у н у
б а ю к а е ш ь
в т о р н и к а м и
с ф е р у _ Ш в а р ц ш и л ь д а
а с т р о ф и з и ч е с к и е
к р ы м с к о т а т а р с к и х
к о р и ц е й
с в и д е т е л ю
к о ф е в а р о к
п р о с т е й ш а я
р у н е т ч и к а
м ы с л е н а
б л а г о р а з у м и я
к е р о с и н н ы м
б о я р с к о й
э р ц г е р ц о г а
н о р м а т и в н о й
ч е р в ь
д о ч е р н и е
б е с п о л е з е н
б р а ч у щ и е с я
н е о б и т а е м о е
п ч е л ы
п р и м е ч а т е л ь н ы м
п ь я н с т в у ю
у в а л ь н и
и м п у л ь с н у ю
п о м о р щ и т с я
з а в и в а н и я м и
в м е щ а е т
б е р е г о в ы м
ш е с т в и я м и
в ы п у ч и т
т а ё ж н о й
б у д е т е _ с д а в а т ь с я
о р г а н и з а ц и о н н ы м
о ч и с т и ш ь с я
в е л о с и п е д и с т о к
а т а к с и й
э м и г р а н т с к о г о
л и т о й
б у д е ш ь _ с в е р я т ь
п е р с о н а л ь н ы й
б у н к е р а
о б л а м ы в а е ш ь
б о л и в а р и а н с к о м
б р о д я ч а я
о т л о ж и т е л ь н ы м _ п а д е ж а м
о б л о к о ч у с ь
ч и н о в н и ч ь е г о
г о л ь е
й о т у н о в
о т в е с н о г о
п о д ф о н а р н ы м
п о е з д н ы м и
с л о г о м
т о в а р о м
т о в а р н ы м
б а б у ш к и н ы х
д у н г а н и н а
л о г и к е
а н т и в и р у с н ы м и
с с о р е
ш а н ц е в о й
г л а д и л ь н о й
а з е р а
н е д о в е р ч и в у ю
а н т и с о в е т с к и м
в в я з ы в а ю
к о л о н н а х
к а н е
п и з д е ж а м и
ж и д к и м
п о с ч а с т л и в и л о с ь
б у д е т _ о б р ы в а т ь
з а с н е ж ё н н о й
м л е к о м
п р о ц и т и р о в а л и с ь
в т о р и ч н о й
у г о д н ы м
л а т и н я н и н а
ш о т л а н д с к о г о
в н е ш н е г о
м ы ш л е н и я м и
н е о б р а т и м ы м и
к о б у р а м
к а т а с т р о ф и ч е с к и х
и з о б р е т а т е л ь н ы й
т и б е т с к и х
п р ы с н у в ш и й
л о б н о г о
ш п и о н а ж е м
с н а р я ж ё н н о е
п е р е р а б а т ы в а ю щ и х
с п и р а л и
б е с к о н е ч н ы м
п р е д о с т а в и в ш и й с я
б у д у _ п а к о в а т ь с я
б у д е т е _ з а с т р е л и в а т ь
п е р с п е к т и в н ы м
и д е н т и ч н ы й
б а л о в н и к у
д и к и м
к у л ь т у р а л ь н о г о
г и г р о с к о п и ч н ы х
б у д е т _ р а с с т а в л я т ь
б у д е м _ п о д с т р а и в а т ь
н е п р и н у ж д ё н н ы
л е с о п о с а д о ч н ы м и
с т у д ё н о е
г а з о п р о в о д о м
п о т о л к о в а л и
б а к с
р а з н о ч и н ц а х
о п ь я н е й
т р а н с м и с с и и
с о л ь н о
с д а в а л а с ь
м а р и м б е
р е п р о д у к т о р а м и
м а р и и н с к и м и
н е п о м е р н о м
т р а н с н а ц и о н а л ь н о г о
б у д е м _ с м а ч и в а т ь
с т р е м н и с т ы м
а с т р а л ь н а я
р а с с т р е л и в а т ь
а п о г р а ф а м и
п о х о р о н н ы й
м и н о г о в о м
д а в л е н и е м
п р о е б а в ш и й
т ю б е т е й к и
в ы к и д ы ш е
с у р к о м
С е в е р н о й _ И р л а н д и и
т ы к в е
о б в е н ч а й т е
п о р а б о т и т е л я м
к р е п л ё н о м
з а б р е д а в ш и й
б о л ь ш е г р у з н о г о
н е п р и г о т о в л е н н о г о
с б ы в а й т е с ь
в з в о л н о в а л а
а н т и ф а ш и с т ы
т а н ц о р а х
п р и б а в л я е м
б у д е ш ь _ о с и л и в а т ь
э м а л и р о в а н н ы й
и г л и с т о й
о б е д е н н а я
и з у м л ё н н о м
р а с с а ж и в а е м
в ы и с к и в а е т е
о ж е р е л ь ю
п е р и с т ы м
ц в е т о ч к о в
р а б о т о д а т е л е й
ф а к у л ь т е т а
п о й н т е р а х
р а с п и ш е т с я
с о с р е д о т о ч е н н о с т и
б р а к е _ п о _ д о г о в о р ё н н о с т и
з а м о ч н ы м и
н а д е л я л
б у д е т _ г о л о с и т ь
м е ж ч е л ю с т н о г о
п о з о л о т е
м а л о и з в е с т н ы х
р а с о в о г о
э п и д е м и о л о г и ч е с к о й
в с е м е р н о й
а н г л о ф о б а м и
э р г а м и
п о ж а р о о п а с н ы м
л о б к и
н а ё м н о е _ у б и й с т в о
б у д е м _ п е р е б р а с ы в а т ь
з а м и г а л и
с а д о в о д о в
с л а в я т
с и г н а л ь н ы е
и з у м л ё н н о е
о р а к у л о в
н о м и н а л ь н а я
д и с т р и б ь ю т е р а
з а м е ш а л о
к р е с т н и к а
б у д е м _ в о з д в и г а т ь
п е д е р а с т и ч е с к и м
о к р о в а в л е н н о м у
к а р а и м с к о й
р е н т а б е л ь н ы
с о б р а н о
ж е л н е
у м ё н
п е т у х а х
и з в р а т и т ь
у с п е ш н у ю
з а р а б о т н ы е
а с т р о и д ы
к а у ч у к о в у ю
н е и с ч и с л я е м о
о г р а д и л и
к у п о р о с а х
р а с с о л ь н и к е
д о з в о л и т е л ь н о
с е н с а ц и о н н ы м
о т к р о в е н н о с т я м и
д у р а ч и в ш и с ь
о б ъ я т и е
н а г н е т а й т е
р а с п л ю щ и в ш и й
а н т и к в а р к а м и
к р а с и т е л е й
о п р е д е л ё н н о _ н а п р а в л е н н о е _ д в и ж е н и е
м о б и л е н
л и т ы м
к о н и ч е с к и м
т ё р л о
б у д е т е _ п о к у р и в а т ь
з а т е м н и т ь
х е р у в и м а м и
к а т о р ж н ы м и
о п а л о в ы й
у с и л и л с я
б р о с и ш ь с я
о п л о д о т в о р я в
з а з в о н и ш ь
р а с п у т н а я
б у д е м _ с т а п л и в а т ь
м е с т н ы х
м и н н о й
с о з в е з д и ю
и м п о р т и р у й т е
п р и д и р ч и в о й
а б у з у с
л о г и к о й
ж ё л н
п о к а я н н о м
т р а в я н у ю
н е у д а ч н о г о
т е о к р а т и и
п р и з н а н и я
в ы ш и в а н о к
у с т а р е в а т ь
с в и р е п ы
б л а г о у с т р о е н н ы м
м у ф т у
з а п о м и н а в ш и й с я
в с е с в е т н ы м
к в а р т и р о х о з я и н о м
э н д ш п и л я х
н е о д н о з н а ч н ы х
с о в м е с т н ы м
н а с и л ь н и к и
м е д и ц и н с к и м и
д ж о к е р о в
и н д е к с а м
и н с и н у а ц и и
д и л е т а н т с к и х
п о л ы с е е ш ь
м я т е ж н о
л о в л и
р о с т о в ч а н и н а
с т а т у э т к а м
п р и м и р е н и я
с е м е ч к о м
в е л и ч а в ы м
п о н о с у
г р а ж д а н с к о е
п о д с т р о и л о
ф е д е р а л ь н ы х
н е д о с я г а е м ы е
п р и д в и н е т с я
р а з л ю б и т ь
н о с а ч е й
и с к о р к а х
п а с с а ж и р с к и е
п о д с у н ь т е
с и д е н ь е _ н а в о д ч и к а
б у д у _ н а л а ж и в а т ь с я
б у д у т _ с м я г ч а т ь
в е л ь в е т о в
п о м я т о й
к о н д е н с а т ы
п о з д н е г о
б ы ч и л
т р а д и ц и о н а л и с т ы
в о д о ё м к о й
н а ц е п л я в ш и й
т р а к т а т о м
ю б к а м и _ к л ё ш
н а ч а л ь н о е
п р и с о е д и н я й с я
п о й м и с ь
л о б н ы е
е д и н о у т р о б н о г о
р е й х и
б и б л и о т е к а р я
а н т и ч н о й
п р о г р а м м н ы м и
ч е с т о л ю б и в о
с в а д е б н ы х
т р а н с л и т е р и р у е м
ё б н у т о м
к о д и р у й т е
м и н е р а л о г и ч е с к о г о
ш л е м а м и
о б о м л е л и
б у д е м _ у м и л о с т и в л я т ь
ф о р и н т о в
с г л а ж и в а в ш и й
э т и м о л о г и ч е с к о м
о б щ и н у
б у д е т _ с м о р к а т ь
п р и л о ж у с ь
ц е с а р к а м и
с у х а р е й
д о п о т о п н о
о п у щ е н н а я
о г л у ш и т е л ь н ы м и
п о п у л я р н ы е
б у д у _ п о ч и н а т ь
и з о б и л о в а л а
п е р е д а в а т ь с я
г о л о с и с т ы х
б о к с и т о в ы м и
п р о с л е ж и в а в ш и с ь
с т а р ы м и _ д е в а м и
л и м о н а д а
т ю р и н г у
б у д е ш ь _ п о ш а т ы в а т ь
ф и з р у к а м
ж в а ч к а х
у г о л ь щ и к а х
р а з р е з
к о н т и н е н т а л е н
о т р я х н у т ь с я
З А Г С ы
ф у р у н к у л а х
ч е р е д о в а л о с ь
а в и а п о ч т о в ы е
м о н г о л ь с к и м
у д о с т а и в а я
о г у р ц а м
г о т и ч е с к о м
и н д о н е з и й с к и м и
с н е ж н ы м
р а з о б л а ч ё н н ы й
п о р т у г а л ь ц а
р а д у ш н о й
п р о с у н ь т е
к а ч н у л с я
б у д е м _ п е р е в а л и в а т ь с я
б е н з и н о в о й _ к о л о н к е
с л е т а й т е
р о д и н к е
б л а г о д а т е й
п е р е е з д
п р и в л е к а т е л ь н о с т я х
т о п о р щ и ш ь с я
з м е ё н ы ш и
п р о т е к а н и е м
с е л ь д е р е й н о й
д и а л е к т н ы й
б у д е м _ ж е л т е т ь
г л а в н о г о _ д в и г а т е л я
б у д е м _ п о в е д ы в а т ь
с т а н ц и и
б у д у т _ б р ы з г а т ь
с а л е
д о в о д и л а с ь
б у д у _ в о з д е й с т в о в а т ь
п а ц и е н т о к
о т в а л и т ь с я
н а т р е н и р у е м с я
м у ш к е т ы
б о л о т о м
п р и д е р ж и в а е м
м н о ж и м ы м и
з а п р е щ е н и и
к и н о р е ж и с с ё р а
о п р о в е р г н у т ь
н о ч н ы е
п р и с т а в а х - и с п о л н и т е л я х
д е т а л ь ю
к р а с н о а р м е й с к о е
ж е с т о ч а й ш е й
ш к о л я р о в
б р е д н и к о м
б у д е ш ь _ п р я м и т ь
к о н к р е т н ы е _ с у щ е с т в и т е л ь н ы е
к а л и г е
с ф е р а м _ Ш в а р ц ш и л ь д а
ж е л е з н а я _ д о р о г а
ш в е д с к о г о
у м и р о т в о р я л и
о з а д а ч е н н ы х
р е к л а м н у ю
н а и х у д ш а я
в д у м ч и в ы й
б у д у т _ а с с о ц и и р о в а т ь с я
п о л и э т и л е н а м и
с м а н е в р и р у й
с н а с т я м
б е з о б и д н ы м
д о п о т о п н о г о
з а п а х а л
к и н о ф и л ь м е
т е с н о й
с о ч и н и
р а с с к а з ы в а ю т с я
в о с х и т и т е л ь н а я
п р о т и с н и с ь
б у д у _ у в и в а т ь
с л а в я н и з м
п р е н е п р и я т н о м
в з р о с л е в
п т и ч н и к о в
п р о с в е щ ё н н о е
р а з ы г р ы в а е т с я
б е л о р у с у
и н т е р в а л
п р у д и к и
з а ч и т а ю т
н а ж д а ч н ы й
о д н о н о г о й
с о л н ц е с т о я н и й
в з в и з г и в а л о
у д е р ж и в а е ш ь с я
н е с в о б о д а
ш у я н
ц е р е м о н и в ш и й с я
о т в о р и ш ь
м е т а м о р ф о з е
м е с т н ы х
а л ю м и н и е в ы х
ц е л ь н о с т ь ю
н е т е р п и м а
р е п т и л и ю
а р м е н о в е д ч е с к о м у
р а з ы г р ы в а ю т с я
а р т е р и а л ь н о й
с в е ч е в у ю
п у л е м ё т у
б о л о т о
п а с м у р н о г о
и с т р е п а л
м у з е й н ы м
и з р е к у
ю г о - з а п а д н у ю
г р у п п о в ы м и
г о р д
ж е л а н н о г о
с п и с о к
к р а м п е т о в
х л ы с т е
п р и с у щ е е
д е т е к т и в н ы м и
о з а р я л
з а м е д л и т е
в о р с а х
п р о т и в о п о ж а р н ы х
о т о д в и н ь т е с ь
н е р а в н о д у ш н ы х
г у г л о ф о н а х
з а о с т р я е ш ь
р ы б ь и х _ ж и р о в
д е й с т в и т е л ь н ы м и _ п р и ч а с т и я м и _ п р о ш е д ш е г о _ в р е м е н и
р у с с к о с т ь ю
р о ж е н и ц е
н е з а в и с и м о е
в и н т о р о г о е
п р е в р а т н а я
г л я н е ц
к р а с н е л о
ш в е й н о й
б у д е т _ и н ф и ц и р о в а т ь
р е в н и в ы х
в ы у ч и в а л с я
в ы в о д и т е с ь
ф р о н т о н а м и
п о з в о л е н и е м
о с л е п и т е л ь н ы м и
б у д е ш ь _ п р и к а н ч и в а т ь
б у д у т _ р а с т я г и в а т ь
д ы х а т е л ь н о й
с о т о м у
с п е л ы х
м у ш и н о м у
н е у т о м и м о
р а с х о д о в а н н ы й
в с т р о е н н о й
у т о н и
р у к о д е л ь н и ц е й
п р и г л я д ы в а т ь
н е о д н о з н а ч н у ю
в д у м а т ь с я
о д и н а к о в ы м
а н т о л о г и и
п р и з ы в а ю щ и й
з е к а м
п р о б л е м н ы й
о т р а в л я е т с я
з а к о н о м е р н о й
а п о с т о л ь с к у ю
