E i n z e l n a c h w e i s e
E i n z e l n a c h w e i s e
E i n z e l n a c h w e i s e n
E i n z e l n a c h w e i s e
E i n z e l n a c h w e i s
E i n z e l n a c h w e i s
E i n z e l n a c h w e i s
E i n z e l n a c h w e i s
L i t e r a t u r e n
L i t e r a t u r e n
L i t e r a t u r e n
L i t e r a t u r e n
L i t e r a t u r
L i t e r a t u r
L i t e r a t u r
L i t e r a t u r
M i t g l i e d e r
M i t g l i e d e r
M i t g l i e d e r n
M i t g l i e d e r
M i t g l i e d e s
M i t g l i e d
M i t g l i e d
M i t g l i e d
U n i v e r s i t ä t e n
U n i v e r s i t ä t e n
U n i v e r s i t ä t e n
U n i v e r s i t ä t e n
U n i v e r s i t ä t
U n i v e r s i t ä t
U n i v e r s i t ä t
U n i v e r s i t ä t
F u ß b a l l s p i e l e r
F u ß b a l l s p i e l e r
F u ß b a l l s p i e l e r
F u ß b a l l s p i e l e r
F u ß b a l l s p i e l e r n
F u ß b a l l s p i e l e r
F u ß b a l l s p i e l e r
F u ß b a l l s p i e l e r s
V e r l a g e
V e r l a g e
V e r l a g e n
V e r l a g e
V e r l a g e s
V e r l a g
V e r l a g
V e r l a g
F a m i l i e
F a m i l i e
F a m i l i e
F a m i l i e n
F a m i l i e n
F a m i l i e n
F a m i l i e n
F a m i l i e
b e f a n d e n
b e f a n d e n
b e f ä n d e n
b e f ä n d e n
b e f a n d e s t
b e f ä n d e s t
b e f a n d e t
b e f ä n d e t
b e f ä n d e
b e f ä n d e
b e f a n d
b e f a n d
b e f i n d e n d
b e f i n d e n
b e f i n d e n
b e f i n d e n
b e f i n d e n
b e f i n d e n
b e f i n d e s t
b e f i n d e s t
b e f i n d e t
b e f i n d e t
b e f i n d e t
b e f i n d e t
b e f i n d e
b e f i n d e
b e f i n d e
b e f i n d e
b e f u n d e n
D e u t s c h e
D e u t s c h e n
D e u t s c h e n
D e u t s c h e n
D e u t s c h e n
D e u t s c h e n
D e u t s c h e n
D e u t s c h e
P e r s o n e n
P e r s o n e n
P e r s o n e n
P e r s o n e n
P e r s o n
P e r s o n
P e r s o n
P e r s o n
b e k a n n t e n
b e k a n n t e n
b e k a n n t e s t
b e k a n n t e t
b e k a n n t e
b e k a n n t e
b e k a n n t
b e k e n n e n d
b e k e n n e n
b e k e n n e n
b e k e n n e n
b e k e n n e n
b e k e n n e n
b e k e n n e s t
b e k e n n e t
b e k e n n e
b e k e n n e
b e k e n n e
b e k e n n s t
b e k e n n t e n
b e k e n n t e n
b e k e n n t e s t
b e k e n n t e t
b e k e n n t e
b e k e n n t e
b e k e n n t
b e k e n n t
b e k e n n t
b e k e n n
S t a a t e n
S t a a t e n
S t a a t e n
S t a a t e n
S t a a t e s
S t a a t
S t a a t
S t a a t
M e n s c h e n
M e n s c h e n
M e n s c h e n
M e n s c h e n
M e n s c h e n
M e n s c h e n
M e n s c h e n
M e n s c h
e i n i g e n d
e i n i g e n
e i n i g e n
e i n i g e n
e i n i g e n
e i n i g e n
e i n i g e s t
e i n i g e t
e i n i g e
e i n i g e
e i n i g e
e i n i g s t
e i n i g t e n
e i n i g t e n
e i n i g t e n
e i n i g t e n
e i n i g t e s t
e i n i g t e s t
e i n i g t e t
e i n i g t e t
e i n i g t e
e i n i g t e
e i n i g t e
e i n i g t e
e i n i g t
e i n i g t
e i n i g t
e i n i g
g e e i n i g t
g e n a n n t
n a n n t e n
n a n n t e n
n a n n t e s t
n a n n t e t
n a n n t e
n a n n t e
n e n n e n d
n e n n e n
n e n n e n
n e n n e n
n e n n e n
n e n n e n
n e n n e s t
n e n n e t
n e n n e
n e n n e
n e n n e
n e n n s t
n e n n t e n
n e n n t e n
n e n n t e s t
n e n n t e t
n e n n t e
n e n n t e
n e n n t
n e n n t
b e s t a n d e n
b e s t a n d e n
b e s t a n d e n
b e s t ä n d e n
b e s t ä n d e n
b e s t a n d e s t
b e s t ä n d e s t
b e s t a n d e t
b e s t ä n d e t
b e s t ä n d e
b e s t ä n d e
b e s t a n d
b e s t a n d
b e s t e h e n d
b e s t e h e n
b e s t e h e n
b e s t e h e n
b e s t e h e n
b e s t e h e n
b e s t e h e s t
b e s t e h e t
b e s t e h e
b e s t e h e
b e s t e h e
b e s t e h s t
b e s t e h t
b e s t e h t
b e s t e h t
b e s t e h
s t u d i e r e n d
s t u d i e r e n
s t u d i e r e n
s t u d i e r e n
s t u d i e r e n
s t u d i e r e n
s t u d i e r e s t
s t u d i e r e t
s t u d i e r e
s t u d i e r e
s t u d i e r e
s t u d i e r s t
s t u d i e r t e n
s t u d i e r t e n
s t u d i e r t e n
s t u d i e r t e n
s t u d i e r t e s t
s t u d i e r t e s t
s t u d i e r t e t
s t u d i e r t e t
s t u d i e r t e
s t u d i e r t e
s t u d i e r t e
s t u d i e r t e
s t u d i e r t
s t u d i e r t
s t u d i e r t
s t u d i e r t
s t u d i e r
P r o v i n z e n
P r o v i n z e n
P r o v i n z e n
P r o v i n z e n
P r o v i n z
P r o v i n z
P r o v i n z
P r o v i n z
K i l o m e t e r
K i l o m e t e r
K i l o m e t e r
K i l o m e t e r
K i l o m e t e r n
K i l o m e t e r
K i l o m e t e r
K i l o m e t e r s
g e g r ü n d e t
g r ü n d e n d
g r ü n d e n
g r ü n d e n
g r ü n d e n
g r ü n d e n
g r ü n d e n
g r ü n d e s t
g r ü n d e s t
g r ü n d e t e n
g r ü n d e t e n
g r ü n d e t e n
g r ü n d e t e n
g r ü n d e t e s t
g r ü n d e t e s t
g r ü n d e t e t
g r ü n d e t e t
g r ü n d e t e
g r ü n d e t e
g r ü n d e t e
g r ü n d e t e
g r ü n d e t
g r ü n d e t
g r ü n d e t
g r ü n d e t
g r ü n d e
g r ü n d e
g r ü n d e
g r ü n d e
W e l t k r i e g e
W e l t k r i e g e
W e l t k r i e g e n
W e l t k r i e g e
W e l t k r i e g e s
W e l t k r i e g
W e l t k r i e g
W e l t k r i e g
V e r e i n e
V e r e i n e
V e r e i n e n
V e r e i n e
V e r e i n e s
V e r e i n
V e r e i n
V e r e i n
S c h w e i z e r
S c h w e i z e r
S c h w e i z e r
S c h w e i z e r
S c h w e i z e r n
S c h w e i z e r
S c h w e i z e r
S c h w e i z e r s
G e b i e t e
G e b i e t e
G e b i e t e n
G e b i e t e
G e b i e t e s
G e b i e t
G e b i e t
G e b i e t
W e b s i t e
W e b s i t e
W e b s i t e
W e b s i t e
W e b s i t e s
W e b s i t e s
W e b s i t e s
W e b s i t e s
B i s c h ö f e
B i s c h ö f e
B i s c h ö f e n
B i s c h ö f e
B i s c h o f
B i s c h o f
B i s c h o f
B i s c h o f s
E n t w i c k l u n g
E n t w i c k l u n g
E n t w i c k l u n g
E n t w i c k l u n g
P a r t e i e n
P a r t e i e n
P a r t e i e n
P a r t e i e n
P a r t e i
P a r t e i
P a r t e i
P a r t e i
C o u n t y
C o u n t y
C o u n t y
C o u n t y
C o u n t y s
C o u n t y s
C o u n t y s
C o u n t y s
ü b e r n a h m e n
ü b e r n a h m e n
ü b e r n ä h m e n
ü b e r n ä h m e n
ü b e r n ä h m e s t
ü b e r n ä h m e t
ü b e r n ä h m e
ü b e r n ä h m e
ü b e r n a h m s t
ü b e r n a h m t
ü b e r n a h m
ü b e r n a h m
ü b e r n e h m e n d
ü b e r n e h m e n
ü b e r n e h m e n
ü b e r n e h m e n
ü b e r n e h m e n
ü b e r n e h m e n
ü b e r n e h m e s t
ü b e r n e h m e t
ü b e r n e h m e
ü b e r n e h m e
ü b e r n e h m e
ü b e r n e h m t
ü b e r n e h m t
ü b e r n i m m s t
ü b e r n i m m t
ü b e r n i m m
ü b e r n o m m e n
G e s e l l s c h a f t e n
G e s e l l s c h a f t e n
G e s e l l s c h a f t e n
G e s e l l s c h a f t e n
G e s e l l s c h a f t
G e s e l l s c h a f t
G e s e l l s c h a f t
G e s e l l s c h a f t
g e w ä h l t
w ä h l e n d
w ä h l e n
w ä h l e n
w ä h l e n
w ä h l e n
w ä h l e n
w ä h l e s t
w ä h l e t
w ä h l e
w ä h l e
w ä h l e
w ä h l s t
w ä h l t e n
w ä h l t e n
w ä h l t e n
w ä h l t e n
w ä h l t e s t
w ä h l t e s t
w ä h l t e t
w ä h l t e t
w ä h l t e
w ä h l t e
w ä h l t e
w ä h l t e
w ä h l t
w ä h l t
w ä h l t
w ä h l
e r r i c h t e n d
e r r i c h t e n
e r r i c h t e n
e r r i c h t e n
e r r i c h t e n
e r r i c h t e n
e r r i c h t e s t
e r r i c h t e s t
e r r i c h t e t e n
e r r i c h t e t e n
e r r i c h t e t e n
e r r i c h t e t e n
e r r i c h t e t e s t
e r r i c h t e t e s t
e r r i c h t e t e t
e r r i c h t e t e t
e r r i c h t e t e
e r r i c h t e t e
e r r i c h t e t e
e r r i c h t e t e
e r r i c h t e t
e r r i c h t e t
e r r i c h t e t
e r r i c h t e t
e r r i c h t e t
e r r i c h t e
e r r i c h t e
e r r i c h t e
e r r i c h t e
S c h l ö s s e r
S c h l ö s s e r
S c h l ö s s e r n
S c h l ö s s e r
S c h l o s s e s
S c h l o s s
S c h l o s s
S c h l o s s
R a h m e n
R a h m e n
R a h m e n
R a h m e n
R a h m e n
R a h m e n
R a h m e n
R a h m e n s
e r s c h e i n e n d
e r s c h e i n e n
e r s c h e i n e n
e r s c h e i n e n
e r s c h e i n e n
e r s c h e i n e n
e r s c h e i n e s t
e r s c h e i n e t
e r s c h e i n e
e r s c h e i n e
e r s c h e i n e
e r s c h e i n s t
e r s c h e i n t
e r s c h e i n t
e r s c h e i n t
e r s c h e i n
e r s c h i e n e n
e r s c h i e n e n
e r s c h i e n e n
e r s c h i e n e n
e r s c h i e n e n
e r s c h i e n e s t
e r s c h i e n e t
e r s c h i e n e
e r s c h i e n e
e r s c h i e n s t
e r s c h i e n t
e r s c h i e n
e r s c h i e n
B e i s p i e l e
B e i s p i e l e
B e i s p i e l e n
B e i s p i e l e
B e i s p i e l e s
B e i s p i e l
B e i s p i e l
B e i s p i e l
P r o z e n t e
P r o z e n t e
P r o z e n t e n
P r o z e n t e
P r o z e n t e s
P r o z e n t
P r o z e n t
P r o z e n t
A u f l a g e
A u f l a g e
A u f l a g e
A u f l a g e n
A u f l a g e n
A u f l a g e n
A u f l a g e n
A u f l a g e
E i n s ä t z e
E i n s ä t z e
E i n s ä t z e n
E i n s ä t z e
E i n s a t z e s
E i n s a t z
E i n s a t z
E i n s a t z
S c h a u s p i e l e r
S c h a u s p i e l e r
S c h a u s p i e l e r
S c h a u s p i e l e r
S c h a u s p i e l e r n
S c h a u s p i e l e r
S c h a u s p i e l e r
S c h a u s p i e l e r s
W e s t e
W e s t e
W e s t e
W e s t e n
W e s t e n
W e s t e n
W e s t e n
W e s t e
B e d e u t u n g e n
B e d e u t u n g e n
B e d e u t u n g e n
B e d e u t u n g e n
B e d e u t u n g
B e d e u t u n g
B e d e u t u n g
B e d e u t u n g
T e i l n e h m e r
T e i l n e h m e r
T e i l n e h m e r
T e i l n e h m e r
T e i l n e h m e r n
T e i l n e h m e r
T e i l n e h m e r
T e i l n e h m e r s
B e v ö l k e r u n g e n
B e v ö l k e r u n g e n
B e v ö l k e r u n g e n
B e v ö l k e r u n g e n
B e v ö l k e r u n g
B e v ö l k e r u n g
B e v ö l k e r u n g
B e v ö l k e r u n g
T r ä g e r
T r ä g e r
T r ä g e r
T r ä g e r
T r ä g e r n
T r ä g e r
T r ä g e r
T r ä g e r s
K o m p o n i s t e n
K o m p o n i s t e n
K o m p o n i s t e n
K o m p o n i s t e n
K o m p o n i s t e n
K o m p o n i s t e n
K o m p o n i s t e n
K o m p o n i s t
v e r ö f f e n t l i c h e n d
v e r ö f f e n t l i c h e n
v e r ö f f e n t l i c h e n
v e r ö f f e n t l i c h e n
v e r ö f f e n t l i c h e n
v e r ö f f e n t l i c h e n
v e r ö f f e n t l i c h e s t
v e r ö f f e n t l i c h e t
v e r ö f f e n t l i c h e
v e r ö f f e n t l i c h e
v e r ö f f e n t l i c h e
v e r ö f f e n t l i c h s t
v e r ö f f e n t l i c h t e n
v e r ö f f e n t l i c h t e n
v e r ö f f e n t l i c h t e n
v e r ö f f e n t l i c h t e n
v e r ö f f e n t l i c h t e s t
v e r ö f f e n t l i c h t e s t
v e r ö f f e n t l i c h t e t
v e r ö f f e n t l i c h t e t
v e r ö f f e n t l i c h t e
v e r ö f f e n t l i c h t e
v e r ö f f e n t l i c h t e
v e r ö f f e n t l i c h t e
v e r ö f f e n t l i c h t
v e r ö f f e n t l i c h t
v e r ö f f e n t l i c h t
v e r ö f f e n t l i c h t
v e r ö f f e n t l i c h
Q u e l l e
Q u e l l e
Q u e l l e
Q u e l l e n
Q u e l l e n
Q u e l l e n
Q u e l l e n
Q u e l l e
S p i e l e r
S p i e l e r
S p i e l e r
S p i e l e r
S p i e l e r n
S p i e l e r
S p i e l e r
S p i e l e r s
R e p u b l i k e n
R e p u b l i k e n
R e p u b l i k e n
R e p u b l i k e n
R e p u b l i k
R e p u b l i k
R e p u b l i k
R e p u b l i k
P r ä s i d e n t e n
P r ä s i d e n t e n
P r ä s i d e n t e n
P r ä s i d e n t e n
P r ä s i d e n t e n
P r ä s i d e n t e n
P r ä s i d e n t e n
P r ä s i d e n t
K l a s s e
K l a s s e
K l a s s e
K l a s s e n
K l a s s e n
K l a s s e n
K l a s s e n
K l a s s e
A k a d e m i e
A k a d e m i e
A k a d e m i e
A k a d e m i e n
A k a d e m i e n
A k a d e m i e n
A k a d e m i e n
A k a d e m i e
S o m m e r
S o m m e r
S o m m e r
S o m m e r
S o m m e r n
S o m m e r
S o m m e r
S o m m e r s
O r g a n i s a t i o n e n
O r g a n i s a t i o n e n
O r g a n i s a t i o n e n
O r g a n i s a t i o n e n
O r g a n i s a t i o n
O r g a n i s a t i o n
O r g a n i s a t i o n
O r g a n i s a t i o n
g e s e t z t
s e t z e n d
s e t z e n
s e t z e n
s e t z e n
s e t z e n
s e t z e n
s e t z e s t
s e t z e t
s e t z e
s e t z e
s e t z e
s e t z t e n
s e t z t e n
s e t z t e n
s e t z t e n
s e t z t e s t
s e t z t e s t
s e t z t e t
s e t z t e t
s e t z t e
s e t z t e
s e t z t e
s e t z t e
s e t z t
s e t z t
s e t z t
B a u w e r k e
B a u w e r k e
B a u w e r k e n
B a u w e r k e
B a u w e r k e s
B a u w e r k
B a u w e r k
B a u w e r k
K u l t u r e n
K u l t u r e n
K u l t u r e n
K u l t u r e n
K u l t u r
K u l t u r
K u l t u r
K u l t u r
B r ü d e r
B r u d e r
B r u d e r
B r ü d e r
B r ü d e r n
B r ü d e r
B r u d e r
B r u d e r s
K ü n s t l e r
K ü n s t l e r
K ü n s t l e r
K ü n s t l e r
K ü n s t l e r n
K ü n s t l e r
K ü n s t l e r
K ü n s t l e r s
V e r t r ä g e
V e r t r ä g e
V e r t r ä g e n
V e r t r ä g e
V e r t r a g e s
V e r t r a g
V e r t r a g
V e r t r a g
P o l i t i k e n
P o l i t i k e n
P o l i t i k e n
P o l i t i k e n
P o l i t i k
P o l i t i k
P o l i t i k
P o l i t i k
K a i s e r
K a i s e r
K a i s e r
K a i s e r
K a i s e r n
K a i s e r
K a i s e r
K a i s e r s
K l ö s t e r
K l o s t e r
K l o s t e r
K l ö s t e r
K l ö s t e r n
K l ö s t e r
K l o s t e r
K l o s t e r s
B e t r i e b e
B e t r i e b e
B e t r i e b e n
B e t r i e b e
B e t r i e b e s
B e t r i e b
B e t r i e b
B e t r i e b
S p i e l e
S p i e l e
S p i e l e n
S p i e l e
S p i e l e s
S p i e l
S p i e l
S p i e l
g e n u t z t
n u t z e n d
n u t z e n
n u t z e n
n u t z e n
n u t z e n
n u t z e n
n u t z e s t
n u t z e t
n u t z e
n u t z e
n u t z e
n u t z t e n
n u t z t e n
n u t z t e n
n u t z t e n
n u t z t e s t
n u t z t e s t
n u t z t e t
n u t z t e t
n u t z t e
n u t z t e
n u t z t e
n u t z t e
n u t z t
n u t z t
n u t z t
n u t z t
n u t z
S t r e c k e
S t r e c k e
S t r e c k e
S t r e c k e n
S t r e c k e n
S t r e c k e n
S t r e c k e n
S t r e c k e
A u s z e i c h n u n g e n
A u s z e i c h n u n g e n
A u s z e i c h n u n g e n
A u s z e i c h n u n g e n
A u s z e i c h n u n g
A u s z e i c h n u n g
A u s z e i c h n u n g
A u s z e i c h n u n g
H ä l f t e
H ä l f t e
H ä l f t e
H ä l f t e n
H ä l f t e n
H ä l f t e n
H ä l f t e n
H ä l f t e
a u f g e n o m m e n
a u f n e h m e n d
a u f n e h m e n
n a h m _ a u f
n a h m _ a u f
n ä h m e _ a u f
n ä h m e _ a u f
n a h m e n _ a u f
n a h m e n _ a u f
n ä h m e n _ a u f
n ä h m e n _ a u f
n ä h m e s t _ a u f
n ä h m e t _ a u f
n a h m s t _ a u f
n a h m t _ a u f
n e h m e _ a u f
n e h m e _ a u f
n e h m e _ a u f
n e h m e n _ a u f
n e h m e n _ a u f
n e h m e n _ a u f
n e h m e n _ a u f
n e h m e s t _ a u f
n e h m e t _ a u f
n e h m t _ a u f
n e h m t _ a u f
n i m m _ a u f
n i m m s t _ a u f
n i m m t _ a u f
g e g l i c h e n
g l e i c h e n d
g l e i c h e n
g l e i c h e n
g l e i c h e n
g l e i c h e n
g l e i c h e n
g l e i c h e s t
g l e i c h e t
g l e i c h e
g l e i c h e
g l e i c h e
g l e i c h s t
g l e i c h t
g l e i c h t
g l e i c h t
g l e i c h
g l i c h e n
g l i c h e n
g l i c h e n
g l i c h e n
g l i c h e s t
g l i c h e t
g l i c h e
g l i c h e
g l i c h s t
g l i c h t
g l i c h
g l i c h
B e z e i c h n u n g e n
B e z e i c h n u n g e n
B e z e i c h n u n g e n
B e z e i c h n u n g e n
B e z e i c h n u n g
B e z e i c h n u n g
B e z e i c h n u n g
B e z e i c h n u n g
B ü r g e r m e i s t e r
B ü r g e r m e i s t e r
B ü r g e r m e i s t e r
B ü r g e r m e i s t e r
B ü r g e r m e i s t e r n
B ü r g e r m e i s t e r
B ü r g e r m e i s t e r
B ü r g e r m e i s t e r s
S t e l l e
S t e l l e
S t e l l e
S t e l l e n
S t e l l e n
S t e l l e n
S t e l l e n
S t e l l e
F i n a l e
F i n a l e
F i n a l e
F i n a l e
F i n a l e n
F i n a l e
F i n a l e
F i n a l e s
e r w ä h n e n d
e r w ä h n e n
e r w ä h n e n
e r w ä h n e n
e r w ä h n e n
e r w ä h n e n
e r w ä h n e s t
e r w ä h n e t
e r w ä h n e
e r w ä h n e
e r w ä h n e
e r w ä h n s t
e r w ä h n t e n
e r w ä h n t e n
e r w ä h n t e n
e r w ä h n t e n
e r w ä h n t e s t
e r w ä h n t e s t
e r w ä h n t e t
e r w ä h n t e t
e r w ä h n t e
e r w ä h n t e
e r w ä h n t e
e r w ä h n t e
e r w ä h n t
e r w ä h n t
e r w ä h n t
e r w ä h n t
e r w ä h n
g e k o m m e n
k a m e n
k a m e n
k ä m e n
k ä m e n
k ä m e s t
k ä m e t
k ä m e
k ä m e
k a m s t
k a m t
k a m
k a m
k o m m e n d
k o m m e n
k o m m e n
k o m m e n
k o m m e n
k o m m e n
k o m m e s t
k o m m e t
k o m m e
k o m m e
k o m m e
k o m m s t
k o m m t
k o m m t
G r ü n d u n g e n
G r ü n d u n g e n
G r ü n d u n g e n
G r ü n d u n g e n
G r ü n d u n g
G r ü n d u n g
G r ü n d u n g
G r ü n d u n g
g e s t a m m t
s t a m m e n d
s t a m m e n
s t a m m e n
s t a m m e n
s t a m m e n
s t a m m e n
s t a m m e s t
s t a m m e t
s t a m m e
s t a m m e
s t a m m e
s t a m m s t
s t a m m t e n
s t a m m t e n
s t a m m t e n
s t a m m t e n
s t a m m t e s t
s t a m m t e s t
s t a m m t e t
s t a m m t e t
s t a m m t e
s t a m m t e
s t a m m t e
s t a m m t e
s t a m m t
s t a m m t
s t a m m t
s t a m m
K ö n i g r e i c h e
K ö n i g r e i c h e
K ö n i g r e i c h e n
K ö n i g r e i c h e
K ö n i g r e i c h e s
K ö n i g r e i c h
K ö n i g r e i c h
K ö n i g r e i c h
v e r h e i r a t e n d
v e r h e i r a t e n
v e r h e i r a t e n
v e r h e i r a t e n
v e r h e i r a t e n
v e r h e i r a t e n
v e r h e i r a t e s t
v e r h e i r a t e s t
v e r h e i r a t e t e n
v e r h e i r a t e t e n
v e r h e i r a t e t e n
v e r h e i r a t e t e n
v e r h e i r a t e t e s t
v e r h e i r a t e t e s t
v e r h e i r a t e t e t
v e r h e i r a t e t e t
v e r h e i r a t e t e
v e r h e i r a t e t e
v e r h e i r a t e t e
v e r h e i r a t e t e
v e r h e i r a t e t
v e r h e i r a t e t
v e r h e i r a t e t
v e r h e i r a t e t
v e r h e i r a t e t
v e r h e i r a t e
v e r h e i r a t e
v e r h e i r a t e
v e r h e i r a t e
a n g e s c h l o s s e n
a n s c h l i e ß e n d
a n s c h l i e ß e n
s c h l i e ß _ a n
s c h l i e ß e _ a n
s c h l i e ß e _ a n
s c h l i e ß e _ a n
s c h l i e ß e n _ a n
s c h l i e ß e n _ a n
s c h l i e ß e n _ a n
s c h l i e ß e n _ a n
s c h l i e ß e s t _ a n
s c h l i e ß e t _ a n
s c h l i e ß t _ a n
s c h l i e ß t _ a n
s c h l i e ß t _ a n
s c h l i e ß t _ a n
s c h l o s s _ a n
s c h l o s s _ a n
s c h l ö s s e _ a n
s c h l ö s s e _ a n
s c h l o s s e n _ a n
s c h l o s s e n _ a n
s c h l ö s s e n _ a n
s c h l ö s s e n _ a n
s c h l o s s e s t _ a n
s c h l ö s s e s t _ a n
s c h l ö s s e t _ a n
s c h l o s s t _ a n
F o l g e
F o l g e
F o l g e
F o l g e n
F o l g e n
F o l g e n
F o l g e n
F o l g e
B e z i r k e
B e z i r k e
B e z i r k e n
B e z i r k e
B e z i r k e s
B e z i r k
B e z i r k
B e z i r k
e n t w i c k e l e s t
e n t w i c k e l e t
e n t w i c k e l e
e n t w i c k e l e
e n t w i c k e l n d
e n t w i c k e l n
e n t w i c k e l n
e n t w i c k e l n
e n t w i c k e l n
e n t w i c k e l n
e n t w i c k e l s t
e n t w i c k e l t e n
e n t w i c k e l t e n
e n t w i c k e l t e n
e n t w i c k e l t e n
e n t w i c k e l t e s t
e n t w i c k e l t e s t
e n t w i c k e l t e t
e n t w i c k e l t e t
e n t w i c k e l t e
e n t w i c k e l t e
e n t w i c k e l t e
e n t w i c k e l t e
e n t w i c k e l t
e n t w i c k e l t
e n t w i c k e l t
e n t w i c k e l t
e n t w i c k l e
e n t w i c k l e
W a p p e n
W a p p e n
W a p p e n
W a p p e n
W a p p e n
W a p p e n
W a p p e n
W a p p e n s
B e s i t z e s
B e s i t z
B e s i t z
B e s i t z
S t a f f e l
S t a f f e l
S t a f f e l
S t a f f e l n
S t a f f e l n
S t a f f e l n
S t a f f e l n
S t a f f e l
H o c h s c h u l e
H o c h s c h u l e
H o c h s c h u l e
H o c h s c h u l e n
H o c h s c h u l e n
H o c h s c h u l e n
H o c h s c h u l e n
H o c h s c h u l e
u m f a s s e n d
u m f a s s e n
u m f a s s e n
u m f a s s e n
u m f a s s e n
u m f a s s e n
u m f a s s e s t
u m f a s s e t
u m f a s s e
u m f a s s e
u m f a s s e
u m f a s s t e n
u m f a s s t e n
u m f a s s t e n
u m f a s s t e n
u m f a s s t e s t
u m f a s s t e s t
u m f a s s t e t
u m f a s s t e t
u m f a s s t e
u m f a s s t e
u m f a s s t e
u m f a s s t e
u m f a s s t
u m f a s s t
u m f a s s t
u m f a s s t
u m f a s s t
u m f a s s
d i e n e n d
d i e n e n
d i e n e n
d i e n e n
d i e n e n
d i e n e n
d i e n e s t
d i e n e t
d i e n e
d i e n e
d i e n e
d i e n s t
d i e n t e n
d i e n t e n
d i e n t e n
d i e n t e n
d i e n t e s t
d i e n t e s t
d i e n t e t
d i e n t e t
d i e n t e
d i e n t e
d i e n t e
d i e n t e
d i e n t
d i e n t
d i e n t
d i e n
g e d i e n t
Z e n t r e n
Z e n t r e n
Z e n t r e n
Z e n t r e n
Z e n t r u m
Z e n t r u m
Z e n t r u m
Z e n t r u m s
T r u p p e
T r u p p e
T r u p p e
T r u p p e n
T r u p p e n
T r u p p e n
T r u p p e n
T r u p p e
M u s i k e r
M u s i k e r
M u s i k e r
M u s i k e r
M u s i k e r n
M u s i k e r
M u s i k e r
M u s i k e r s
B e g r i f f e
B e g r i f f e
B e g r i f f e n
B e g r i f f e
B e g r i f f e s
B e g r i f f
B e g r i f f
B e g r i f f
H e r r s c h a f t e n
H e r r s c h a f t e n
H e r r s c h a f t e n
H e r r s c h a f t e n
H e r r s c h a f t
H e r r s c h a f t
H e r r s c h a f t
H e r r s c h a f t
H e s s e n
H e s s e n
H e s s e n
H e s s e n
H e s s e n
H e s s e n
H e s s e n
H e s s e
S t a d t t e i l e
S t a d t t e i l e
S t a d t t e i l e n
S t a d t t e i l e
S t a d t t e i l e s
S t a d t t e i l
S t a d t t e i l
S t a d t t e i l
e k n E ä e
V e r h a g e
S c ö a u s f i e F h r n
V W r E r ä g e
S t r n c k e
s R h l U e ß t a n
E i n a T t z
F o l F e n
h c D i g s t
V e r T A g e
e r i i M h t e t e s t
s u u k O p r t
B e V ö l E e r S s g
e z c i c o t e s t
T r S ß p e n
K M m p o r i u t e n
e r s b H e ß t e
R e D u b e o k e n
P a M t f i
B e Z ö l k C b E n g
b e f E n u e t
H i V n z e
F n m f l M e n
f i n s ä t z e
S h h H e i c e r
M u B i u e r n
S m M r t e n
M t s l k k r
B r ü d e r
M e n e c h e n
K i ü g ü n t e r
b e ö t e h t
P G ä s F ä e n t e n
b p V p ä n d e
b l f M U d e s t
K l ö s s e
e r O i c h d e
b e f i g B e t
B e i s y i ö l
g l e i F h s t
P r o z H n t
e U t w b b m p l e
s F a F w e P e s t
b e k A n n t e t
e h r V c h t e t e
v K r ö A f F d R l i m h t e t
R r h M e n
e S s c h e i n e n
P d r s O n
e f r R h h t e
v i W ö D E e n u l V m h ä n
u f f f z s t e s t
V e r M a g e
L i t e r v K u r
ü b e r U r Z d e n
H e D t e
s w U d i e r e
S y h L e ö K e r
e B n t l t e n
P G ß s i d e G t e n
l u ß y e s t
b o d t ö h
T R h l E e w m e r
b e S g ä n d e t
A k P K e m i e
P ü r O e i
a n g e s c h W o s s e n
ü b e w k a h m s t
e C F W i c F F l t e t
b e D e r n t e
s k a m d t
E i f z i l n a c h w U R s
S t a S f e l
b p s t e h t
S b a z t t e i l
S t B d B m P B l
B e O s k i V l
B e P i v r B R f s t e r s
R e L R y L O k e n
E f e H c i m m
g r ü ö A e t
ü p e r L e g m e s t
S p i G v
e n t k Z Z k e l t e s t
F a m i R i e
M i n s c h e n
B e z r i e b
H D c h s c h u w e
k s U M t e s t
E i n H ä t z e
g K ü n d C n
B e i ü p g t l
T i l p p e
e s h z g e
R e F s b V W k e n
B h c ä u t u n g e n
K u l t u r
B a h d s t u n g e n
e r s O h R i H e
b e f i n u p n
G O i H e
d i e n t e n
V f r l a g e
b e f a n y w n
M u f g e n o m E E n
K a m t b t i s t e n
R e s s e
V e r l a g
G r v i d S n g e n
W e n W b y e
G t ü n d Z n g
B p i e l e n
g K z n d e t e
s Z t z u n
G i h P d u n g e n
b e s t a n d e n
e p ü i g
ü e c s r n e n
p d K a n n t e n
S c h u Z U p B r s e r
b e s t ä n d e t
v t a c K n
K ü n V m l c r
v e T O S t r a t e t e n
w a A l e n
F a p R l i e n
E H H k i c F l z n g
H p b V s c h a f t e n
e v e w p R n
F u m D U l l s p f f s ä r s
B e s i r k
K K O F e r
B r u M e r
e r s c h e i n e n
e v n i A e s t
P r o n i a z
n e ß S p n
v i r ö O z e E O r i c h t e n
W a H c e n
e i w ä r n t e s t
s c H l i e ß e n a n
B e g r i f f e s
F T p i u ö e
C o u n g y
B e g m B f f e
e i ß i g t e s t
K o m F A ä p p t e n
b ö f ä n d f t
O V g a ü i s y W i o n e n
S c l R Q t e i l
S M L g D t e i l e
V M k h i n e
s c w l i e ß a n
W ß F Q e n
n v c e t e t
S t a d t t R T l e s
M b e r n i m m t
R e O R R l i k e n
b f s t T h s t
K n B A H r
b e C V k n e
s b G Z e n d
E G n s ä t z e
D e s ä ä n d e n
s R u d n e r t e s t
e c t z i y k l e
e r w ä h n t
g r ü E d e t
A V f l a g e
s t e d i A r s t
L i t e P t t u r e n
M m t S l i P d e r
d i ä E p n
V e O e M n
W B l u ä r i o g
S o f r M r s
v e d K s t r s t e
s e C Q e n
s t a l t
R E o u b l t k
H ä l h t e
P r o v i n z
s t F m a t e n
P o l ß u i k e n
S H w u D e n
G r ü n d u n g
Q E h P t
e P A ä h U e n
F a m i l P e
g r ü n a e
B e d m E D k n g e n
g e k E r F e n
e r s c h e G y e s t
W a p p u n
C o u w G y s
T e K l A e D m m r
M e T s c h e n
U v i W e r s i t M t e n
T y u ö f e
v w ü h e i r a t e t e
e r i i c b t e t
U m i v e h u W g ä t e n
B e W m Q c h n v P g
S Z K W K s s
H u t z t e n
i i e n t e s t
F a b V l i e n
B a u b e s k e
b e f i n w e
w Z h l e
F ö n g e
u k C O G s t e n
s ß h e i e ß e a n
b O f ä n d w n
S t ß e c k e n
A k a d e W i e n
T z i g e r
u S w n t e s t
P w M v i W z
E C L T B d z
T r p p ä e
v e P C E a y V F S i c h t e n
K i u w m a t c r
T r ä g u r
b e G i A K e t
S a w l n e n
S a i i l e n
K Z m p o K D P t e n
S Q m F e r
S G a f f e l
R B p G P t i k
e n ä a y K h V l t e
e r ö V O E V n
K E y n s e
b y g t l R e t
B e i s d i e l e
n u U z e n
b e B b e h t
k ä B L z
k o m m t
P e f R T n
S c h l P s s
n e n n K n d
ü V e b n f h m e s t
W e l t ß r i w g
g e l W h ä g e
A k a P D m B e
U G P a n n t e n
P o S v t C k
K l o B V e r
g e n u t V t
V e Q l a g e
v A r c f W e n t l i f h t e
e i n i g s t
b e d e c n t e t
A k a d n V H e n
B e i s p m F l e s
b a s t e M m n
G r ü n d u n g e n
e r r w c h t e n
M i t m P P O d e s
B e W T h k f r f n g
U Z i S e G z i d ä t e n
P V ä S i r e n t
p u k z t e s t
d i e n e n
e i s c G e z ä ä n
K l ö s t e D
g l i P G
R a L m e n s
w ä Z h t
v e r ö f f ß e G F i F h t e
H B h ü O U h u ö e n
E f n s a t z
V w e o t
A u c ü e E ö n n y n g e n
v e Q l f f e m t A R c h t e
g e e F r y g t
E ä U l
s t m m n W n
S E A E u s u i p P G r n
S e s t e n
b a k a n n t e
z T e n t e n
K l o s t U r
W o v t d r T y g e n
H z k m ö t e n
k r E U H ä h m e
W e l t u r i e g e s
b u p A l n t
K ö c i s r e O c h
V e r ä a g e
H e r r E c h i f t e n
e H r i c h t e u e h
e n t w e c k e l t e n
l o F S s n
P ö o v v n z e n
C o u V S y s
e n t y i c k e l n
K u l t Q r
v e C p h i r a z F n d
R a f m e n
b e k e v n t e s t
U W t m m t e t
H ä l L S e
B T C i g k e n
e i A R f e s t
e i ü i y e
z v a m l t
S W k l K s s e s
u m M U s s e n
e n t S i ü n e F n d
K l ö s H V r
e r Q G c O w e t e
s u F m m t e
S t r n U C e
B r ü d e r n
o p e r k i m m s t
S c e E o K s
g e w ä s E t
E n t w ö c m z A n g
L i f e r E E u r
F Q m p H i e n
v e r h e i ü a t e n
g ß ü b e e
P a f t e i e n
W e l v Z r i U g e
e b s c h g i ß g n
W e b ß i e e s
S f a a t
K o m p o ä i s t e n
b f e u n d e L
e n t w l h k s l t e s t
P e n s ü n
B a u w e r k
B H r v e A k O i p C ß r s
K l l t u r e n
v H r ö f f i s t U i c h t e n
e r r i ß L ü e t
d T a a b e n
e D F h W n t
m C t z O s t
F a O m h i e n
S t r K W k e
n u t ß t e n
s c B r i r ß e n a n
P E v f H n z e n
s m S m m z n
e r Q ä t n e
e r r E k A t e t e
u i ö a f s t e s t
g k e i S h s t
C b e n d s t
e i R K g e n
R e p u b l i k e n
w ä h L e n
S K i s l y r
B i l c v ö f e
F n m i l g e n
b e s V e h e n
B r ü A v d
e T ß o g e d n
v S w ö Q f k u t O C H h t e n
P r u i e n t e
E i n W e V r a B h u e g s
B b z y u o h n z n g
V ä r D O n
e i G f t e t
B Z z ä r k
E i n W S l n A a h w e i s
W w p p e n
e r s c e i e n e
e l r i c P f e t e
e M r S c h t e t
G n ü n L i l g
g r u V d e t e s t
m H k a n n t e n
W a p p e n
B e t d p m b
d t i S v t e s t
k a m e S
e r Q ä V n t e s t
P o a i t A k e n
A u s z e i m h G u n g
b V O B e h s t
K l ö O K e M
n u t u e n
s e t O t e t
s Q h l i e ß e a n
s i R O e
u c m a s s t e
d i e M C n
F A ß E a i l B p i e l p r
n u t G f t
e r r i Z h t e t
K T t t o r
v e r h V f e n P s g c h s t
P L o E e O t e
i o e y K
L E t z t e n
S c h Q ö i ß u r n
e h p i g t e
B a U w e r k e
B g r V L A m W i n m e r n
D t a a u e s
H K c ä O c h W l e
V v b t r ä g e
D t u G e z Z e
b e k z n n t
v L v ö E r e ä K l i ö h t e s t
C i O h t t
Q Q W l l e n
E ß t L i B d n e T g
M u u i k c r n
S K C e l e r
b w f i e y e s t
s z a L m e
H T r d P c h O f t e n
g L ü n d e
s ü O d ä V r t
b B W e P n e
f i n i g t e t
P a r t f i e n
e r m A A i e n e Z
v ü r h A e r a c e
T r ä g e r
U u L z t e n
W e ß v k U e s
M g M g l i ö d e r
S Z m m f r
v e r e f f M n P l f c h t e n
ü T Z B b v h E i n
G r ü e U k n g e n
O r g E n i p a u h o n
b e f P d S e
k o m Q l n d
u o e E e s t
e f r p n h t e n
V e r l z g
G e s o l l s ä h a ö t e n
Q Q e c m i e n e
e n P w B c k l e
A u K s a g e n
V e r o a g e
w ä u T t e n
b e m e ß e e n
e d i i c h t e t e O
b ä f ä n d e
e n B w E C k g l t e n
z p i F l e
e i n i c t e n
g l T i Z h e
u S l i Q s t e s t
s n A l i d ß t a n
g m ü s d e t e n
K Z l o m e t e r n
m e r t r ä g e
g e s e Z z t
W e b s M M e
R e u F b m G k e n
P O ä s i d S r t e n
e i E H g h n
d i r n
w t h l l n d
B e d e V t u n g
S c G w v i z ü r
i L s k h i e k i B
u s n v k s t
B H v S m H f r u n g e n
e E M h c G R e
K a i s e r
A u f n W B e
n Q s n C n
v ü Z W f f e n C l Q M h
S c S a u s p ö e F i r
s e k o a n d e s t
B ü r g e r P e i k t e r
b e M O n k e
e ö U w i g k e l t e
B C s s C n
s f a c w e s t
e n t T i g k a l t e
e r M Q h i e n k B
g r ü n d e t
k o Q y ö n
b R u t ä n d e t
c p n e l e
B a R w E L k e
s b t t ä n d
i H o c O i e n
e i G T M t e
w ä O l t e n
L i t e r a t u r e n
b e f y n d e t
v e r ö d f e n p l i c h s t
K H o p o n e n
e n B w p a k l e
e r Z i F h t e t ä ö
P o R r e n t e
K ö n i M p e c A h e n
K w o i ö r e o c h
v e o v f O B y t v g k h s t
B a u w e r k
C U y n u y s
b e d ä ß d e
e c W w i n O e l t e n
e r R i c c t e n
B e t H t e n
b ä e D F t
e a t G i c P e b n
s t R d i e r
w L B F t n
P y s v O k z e n
e s H a E h t e C k n
B R d o A f ö G g
B ü B g C V m W P s t e r
Z e n t v T m
g r ü y d e t
B e k T n k s r m R g e n
B c O e i H e ü u n g e n
b e s t ä n d e
e r D i c p t e t e t
e r Q c h i e n e n
b l g t a n d e s t
n u t z t
s c m l i ü ß t a n
V O r C B n e
B ß i s p w L l e n
B ü r g H L m e i s t n r n
V d r y a g e n
W e L b r r t G g e
d v e D V
n u t z t e t
n u w z e n
W s Z p e n
T r u U f e n
R a O m Q n
H k Z R w
u m g a Z s d n
n u E z t
g A e i c B e t
T p ä V a n d e n
g l e i U h e n
e k R ä h v e
e r o W h P e t
E n t w i c v m s v g
K a n s t s e r
ü c F r n e W G h n
ä d n h ä t z e
g U l i m h t
e r ß c K e ß n t
E e s s u n
Q i n s ä t z e n
o d o h a n d e n
v V r ö f y o L i l C y h e
d i Q n S n
s u t z t e n
g r ß ü d e t e n
a E h l t
F P ß y C w l n p d e u e r
s e b z e n
e i H i ä t e
K A i s e r
B m F i U k
s y b z t e
Q u e y l e n
s e t z t e t
K s A s e r n
B v d c ß ö h n u v g
B v i t k i e l e
r e h ä R d H n
W a L a e n
S Z y m Z r
B g v a l k r Z E T g
e A R i g e n
F z ß b a e l s p i L l S r
K ö u i g g e G c h e
S H i e l m r
g l i K g s t
E b R z n l V c c h A ä g s e
T r y g B r
A O E z e i g F O u k g e n
e r b b h n u n
H ä u Z a e n
g e S b t z t
S E h l u C p z e l R r s
K U V R Q e u e r
S n t d M t e i l e s
H p c ö s o e i l e n
e r u ä u e W K n n
P a r c s i e n
B a b r i f f
e i H i h c n
e r r O L h t e s t
e r s c O Q i E e n
K U w P P r ß V R h
S Q a f f F l n
u Q U a s s e
M u R i M ß r
e n t w i k f p l t e n
B e i i v k e
s h w c m t e
S t ü a T e s
g v e ü ö h e n
F u ß b a l l t i i i l e r
e h w ä h n u n
W G p t k ö i Z g e n
n u G t r t
S n i M l U r
n ß c E V n d
K i l t a e t a r
S G r l ö s s e r
T r ä u V r n
F a m V l D e n
d i K u t
e B y w i c k l e
A k O y e m n e
T r u p Q e n
G C O i e t
b ö G a n n t
b e b t e T e t
s c h a i e ß e n a n
K o f p o n i s t e n
T l ä z e r
d v e y t e
H o K h s C t u l e n
e g n S g e
V K K a t
b B l a n d
e r y G h ß i n ö n
Z i O i h t e
W e b S i k e
b U y E n n
b e k ü m S e
B r ü d k f n
B R o i K k
g e g l ö c e e R
s ö u d i ö r t e t
D n T S R c h e n
n z n n t
g F i i a h e n
B e K r o W b e n
s t u d F e r t
S c O a u f p i e l e r
g l i p h t
g e g l D F h L n
S c ü O e i z M r
S ä h a u u f i e l ö r n
M z s i ü t r
V v r t r ä g e n
s c ä o D e ß a n
W e l H y r i e g
M T k s c h e n
A t f m a c e n
b K G t a n d e t
g l i c h e
g e d e e L t
S l r f f A l n
B e t r i e b e s
ä w n s ä t z e
S p i e l e r
b e t a n n t e t
s C e d i O ö e
M T n f u h e n
m ä m l s t
U n i v t r m i b ä t e n
Z U Q v R t
W e b F i t e
e ä ä i c h H e
M P t g l L R d
g F a n K e n
K n O s e r
V W r T A g e n
w ä h k t e s t
S t a f P e l n
M Q t g l i e d
b d f w ä n d e n
v e B a n d
B r c H z r
K u y S n r e n
B e z e i c h u z n g e n
G r D n d u n g e n
K o m p o F i s t e n
T r o m m r n
W e l t k r O e g
c e T z t
s L k b e n
M ä C o t e
K l r s s e
T r ä g e r s
b p p a n n t e s t
b F f a n d b t
M e n s c h e n
A p P d e ü e e
b M k e n n t e n
P a r t e i
Z e n t r e n
e r s c E e i a e s t
P y U U t s k e n
o e o Q t
S c h w t a z c r n
P e W s o n
S D e l V e
C ß u A t y
U K Q R r Z c B t U t
O r g a n i s M t ö o n e n
e i n D z e n
e r P ä h P e n
U n s v k Z s i M H t
B e V ö ß t u W g e n
v V r k s i r o t e t e s t
F d K Q z f l s e W e l R r
M K Q A z O r
v e r f e i r D t e
R E p p b t i k
B h g r d k f
b e f t n Q t n
v F r G e i Q C C e
g r B u d e t e
ü y G r n a h m
V O p g i n e
V e ä t r ö g e s
e e V U e
T r u p ö e n
A u f i t g e
d O u n t e t
e r g c d e i t e n d
P k d s i d ü n t e n
D e L t s c n e
U o l g d
k l m z o
v e r h e s r R ä e
d E p h t
n a t z e n
H e Q r s ö h a h t e n
v e r ä f m z W t l i c h e
S k L a F e n
M D m n c h e n
K i T O c e t n r
e r s c b i e n e k
s c h ä c e ß e a n
K u l t Z r e n
T G K ö B r n
e R r i c V t e
V K a R a g e
e b M c h d d n e
S c E o o s s
W B b s m t e s
b S M e n n t e
d i e n t
O r g o y i s a e i o n e n
v e r O e i C G t e
ü b e U ö e ü R e
B k i K E r k
A L a d r m i e n
P A P t e i e n
K l a s b e
b ö f i n d e t
s d u d v ß r t e n
k D m f E n d
B z s c d ö f e
e E s t h i e n e
d i e n t e n
B ö u d e r
G e s e m l Q o h U P t
e ß t v i c k e l t
g l w i u C e n
e d H B i c ä e F n
v e m Q m i H Z f e t
e V t w i V k L l s t
s t u t u a r H n
g m Q C t
d F a i t e n
F o n g e
e T s Z h i e n e f
v W ä s o n e n
W e d t d ä g e n
F i n a Z e
S Z Z A l e r
G e b i t t e
T s O a ß e
G v b k e t e
B e M s w f f
B ä z M r k e
s t ü u m t e s t
B c g r F Q f
C o e s B y
B f z i l c C n u R g
r ü s ü e n
ü b e r n e T e e
e B A i c h t e t e t
R a h m o n
V e k l Z g e n
H H a h s c h G G e
e ß t w i c k e l t
e i s U h i e n
B e v S l c e ß n n g e n
e r w ä ü ö e t
A g v l a g e n
S c h w E i z e r
e Z t Q i h k g l t
b e h e S n t
G o b i e t e
C E c ä t y
s G w m m t e n
K s l t u r
V e S e i n e
g l F v c h t
g e g l U E d y n
e r f ä h n t e
P o v W R i k
g l z M e Q n
i u t C t
v e r r f W G n t l d m h t e
g e Q e M z t
W D b A o t e
d i e P t e
R v m m e n
ü b f r n ä h m C t
H c H t A ä g e
s e l z t e n
u a Q s o s e
R e R K e s t
b c f d n d e
s g a R A t
H o l h i F h E l e
B t s i t z
K o u p S a y s t e n
e W D c h i e n
s t u d n F r t e n
B B v r F f f e n
S c b a u s r b e l e r
A O R H P m i e n
W s ü p p n
b c s t s h e n d
S p i e G
ü b p v n ä U m e n
s O h l i e ß e n a n
F u ß b M A i s p i E l A r
K h ß t s e n
M u z i k n r
u e B a n n t e n
Q t s m m
k ß m y e n
b e k b n i u n
E i n l e M n a c h W e h s e
H v R a ä n d e
g r ü n d e t e
v p r h e v r a t e t e s t
e C r v V h t e n
V Z b l a g
ä e r n r ä g e n
E p n n ä t z e
M i t g l i e d
e r l Z o e o P e
S t S T c k e n
B i ü n D e t e t
g e w k f l t
w D h l t
K ü n s t l P r
a t a ö d t e
K ä n s ü ä e r
n M Q z t e n
v e r ä f f M n O l i c h e n
g g e v L ü t n
H V p r s L A a f t e n
v C m h e i r a t e t e L
O b g t f k s M t g o n e n
s c b V i e ß e a n
S t r e p G e
S F n f f o l
b f f ä b d H n
S z a ß g K m i l e
g l i c h e n
F y m i h i e
S p i O l n r s
B e m W k p d r u n g
S O h l o s s
B e U ö ä f f
s ß e p A e ß e n a n
e b s E d P i n e
K a i s e r
e n t c ö o R e W n d
g P G f c h t
e y t w h c E e l t e
k e m m s t
T y u P p e
B e E ö H L B r ä e g e n
F a m i d i e n
S R a a g
u m e l s t e
u m v b G G e
T G L C p e n
v L r h M o ö H t U n
e c n i c e
w s h l Q n
b T k r v n t e t
A ä n A t e
H L u h S c h u l e n
v ö r ö f m e n t l W c h E n
W B s t e
v e r f e r B a t e t e n
S c e R u s p w i y e r
A k H H e m T e n
e r w ä y n t
b ü f r n d e n
S H s c e r
s e a m m
n A n n e n
P U r M k n e n
B e y P i c h m U ß g
K v l v m e t H r
v c r y K y M n t e s t
Q u z m l e n
k o h m M n
w o h ß
e i K i u
S t n A f f l n
B a t C ä e b
v W r ü i f e n ö l t c h t
b e f a n d
K y a s m e n
v m H h e i r b t e t e n
W e ü b ö t e
M A g a K V e d e r
v R r v y o e n p l B c h t e t
b C e w L
e r u W h n t
E i G S F W ü a c h c G ö s e n
e C s p h E S n n n
b e ß f T s e
e r V R h n t e
T G C g e r n
b K U e l n t e n
F h F E e
H e r L U c V a u t e n
M e Z s g h e n
K o D H o n Z H t
W e M s i W e
K G c n A n r i c h
o V c k e s t
e i n i g t e n
g e P P e n
B e E b s m h n ü n g e n
B z v s l h A r t Q g
k P m m S n
E r F E ü e t e t
Q u d l l e
K K n i g e e ü W h e
e r r B c M t e t
P ü t s e M t e s
u m l B s s e n
F z C i l g e n
U k w n t e n
S ä m A n s g i e U w r
ß y m l e s t
Q e t z t e
ü W D r n W h m e n
g A e i c h t
A k a l D g e n
w g R l v n
A u s z e i U h E g V g e n
G e M K e t
p n m P e
g E e i c h s t
B a u s C r k
u P A a s h e n
g l i c h e s
p ö Z n t e t
B m v ö v k P D C n g e n
K l a s s e n
A g v d e v P e n
P ä ä k i d K c t e n
e C s c h e i n e n
u m a a s s t e n
S c D w V H z t r
S t e U ß e
g e i ä E y t
B e t r y H b
B f n R e r a s D K t e r
b e s t a n d e n
K ö R P g r e k c h e
H A W f ö e n
L ü t z t e t
M ö C i b S r
e Q t d i ö k p l t
Q c n u t e n
b c k e n m M n d
s ü h R i e ß e n a n
s y G O H G ß t a n
ü b e r r i m m
ä b p f Q ä z f e t
ü o E y n e h m t
w c h B e
u v f a c s t e
W l t O e n
n T n F e n
v e i ö h k e k t l L f ö e n
K E n G g r s i c h e
K i l o m e t s r
P K r l e i
S b m m e r s
K m C F H K e i c h
A ß s z s c c Q n ß k g e n
W ß Q s d z e
D v k t O s h e n
L i n H ä t z e n
K R a p k e n
ü b e t a e t m t
A O s ö e i T G H u n g e n
G e u P l ü g c o ä c t
A C f g a s e
S h i e l d r
s e t W t e
b e k l T n
g e d i e n t
B i f s u ö f e
W e P a v c a n
s t u d i s r t e t
M O n ä c h e n
s f w z P n
K i v i V t e n
K d l o m e t H r
v k H ö Q k W n t C i S b e n
B e F r i f f
b e m t e h
G e b L o t
D P u B ß A h e n
n ö t z t e s t
v G r K W f e G t l m c h t e
b R g t B h
T r z e p e
e n y D i c k e l t e
w ß n l h n
v e B H t C e T n l W c h t e
M u s O k e r s
F a m i ß d e n
v e r h e B U b n e s t
S p y e l h r
M e e ß z a r
W f p p H n
u P r A r s t
S c v w t k z e r
W e n n E t
S n i Z s e r n
S t a Q t e n
L R m w W C t y r
w E h l t e t
M u ö C k V r
V e r g i V g
P i t t G Z k e n
P e K s R n e n
T r u f p e
s K A z B s t
S b m d n t e i l e n
P o u T t P k e n
u m f D ß p e n d
D t l y i a h e n
e i n F g l n
w ä h l e n
v t r h V i r o t e t
E i n z D E n r c S w k i s
e i n w g V n
k o o r t
T r T g e r
e r L Z h n t e
C ö a m m t e t
W G b s i t e
v B Q H O n G n t R i R h t e
v e r ö f f e f f c f c h t e s t
O Z c s e n
K M n T t l W r n
S t a C Z e l n
b H f ä v d L n
K b e r T i m m t
T e m T n e h t e r
g c e n e
W b W p e n
F u ß b a ü l s w p e l z r
g C e K F h v n d
g l i ß h
s t g ä i e r t e n
B a ß w e g k e
e n e s f c k e l n
M k s i k e r
v e V h m i O a G e t e
T e E w n o e G z r
e L r T l h t e t e t
b e g a n d
n e M B t
t i T l s t
B r ü d E W
b b S e n n y n
g e h t ä l t
s t u O i H r t e
e n c n k E v o l t e
s T u d i e r t e s t
S P S e c k e n
F D E a t e n
H H r r s Z h b f t e n
e p w v V n e
B e i s p u a l
K u l b d r e n
e y V E f n t e n
S c h o ö s s e r
g l m c k V t
B S r R l k e r ü D g e n
e r k a n n t e n
M e n s c h e n
b F D ä n A e n
K l Q s r e n
ü ü e ä ß e b D e n d
d i U W t e
S t a f T e l n
C o m m z
g e k o m m e n
f D n i i
M C s r k e r
e n V e i c k l e
e r t ö U i e n
s t a m m L n
T W u W p e n
g e s e L m T t
s t H d ß l r t e t
K e l t w r e n
s t A d ä e r t e s t
e r w D u n t e s t
H e c r s c K a y t
S d B t ä n d e n
S z i H l v r s
B P z s i c e K u n g e n
M u w i ü a r n
k a E g g t
T r ä g h r
g e f ä A d e b
S w h a n z ü a e V e r s
B i S G G D f
G l h l s t
S y T U e r
L i H e r h t Z r
A i n s ä t z e
H t c h ß k ß u B e n
b e ö E n d e t
E e n H e h n a c H w U t s
S t S e k k e n
P r g v a h z
K o P p b n i s t e n
P r o v i y z
g h p o i F e s t
e r w ä V n t e t
S t K i o s s e s
u E f E a s t e n
e r t E i o k T l n
b Z R L n n
M s E s B h
a u t z t e
V h G e l n e
H Q e T U e
u G f a s s t e s t
O r g ö t v s a t i ö n
w ä h r t e n
k ä s y U s t
w ä h G t e n
e L r i c G n S n
e S w ä h n e n
s k H d i l r e n
B e z i r k
e r r i c r t e t
e e t w i R v e m n d
s E t d t e n
B ü z ö E O R n u n g
s t a o m t e n
S R h a u s p i e n e r
b e c m G n e
e O l Q o z k e l t e
B s ü l l t w n g
u m L a H s t e s t
F U T S B e
k o m ß e n
u m c L s H e
ö r Q c h i e n e s t
R L k u b b z k
b e f a z d r n d
w t ä M ß t e
v e f ö g g e F t A i d h t e n
n K y A t e s t
i K a a h
D e u ö s o h e n
b t s e a n d e n
G G f c d W n g e n
e w r V g t e
G r o a d u n g e n
s e t z e n
a n H Z h l i e ß e n
K m a s e e n
b M s t d h e
B M f Q l s e r z K g e n
d i e Z t e n
R e O u A l U k
u e f a s s t e
v t ü g a t e n
n u y z t e t
e n t K d F k l e
A k a ä e m i e
T ä v n Z
k g m o m n
d U m m r
R L t z t
G p y e l e s
b e k a n n t e
M i t g h r D d
P R r s o n
Z u C F i t e
l B A G t
e ß w l g g B n
n e c n e n
K T a P s e
K l a T P e
K a i ä c r s
W P p m f n
v u l P e M l P b e
ü b w l z A y H e
s O h l Q e ß t a n
S w l d t M C M l e
s o m m e
B l v A D o e a t F g e n
w d ß y t e n
g w ü n i e n
K l z t ä n d e s t
T p f t r r
K R ä i g r g O i h
P a r P ß i
u C f a s s t e
S p v f z e r
s t a m m s t
S t y ü C e n
n u d f e n
W e E s i T e s
L G T F o n e n
W M b s K t e s
d R e n t n
a n g e s c ß l o s s e n
ü R n M g t
B n g O G b k
H h c h s O h w M e
Z e n t r u m
u O f a k f e
b e R ä L W e
P U r ü e i e n
b e u t a n d e s t
H w r r v c h S f t
b z d t s h
B S u w e k k
s e t z W
g r ü f ü e t e
e U ö i s t e s t
l i e n e t
K u l r U r
b K s t a n d
G Z b r t t e s
L i t e r a W u r
a u ä n e n m y n
M u s M G e r
u K f a G s e t
g l i c h s t
B e f n F e b e
K ö n l g w a i h h
R e p i b l f k
A m H z e y f n V B M g e n
e i n O g V n
K l S z t e r s
S t r e c M e n
e r s c h U e n
F i n a l e
O F g a R E B g O i a n
O v n k p
v e r G e d W ö t e t e
b L o a n n t e
a i L G h B Q P ß e n d
K D n O g r e L h h e
K F ä s v l e r n
e g s W h i e n t
T G n l ß m G m y r
L a t e ü a t u r e n
e r w ü h n s t
s e t l e n
S ß b m Q r s
H v ü U P e n
ü A W r n a h m e w
W T g p d n
W e o s D t e
n e ß r t
s t m m m t e
d i g k Z
ß S W c p i e n e s t
S M G ö t t e d l e n
b e k e L m e n
n u t z t e n
u M ö a s s t
v e w w f f e n t l i p h t e
u m f K s d ä n d
S n w a u s p b e l ß r
S t O ö c k e
v e r A e b e n t ü H c h t e n
S ß r M T S e
e A r a A h O e t
Q u e C A e n
H ä l n d e n
B e n s D n p l e
s m a m F e
g r ü n d e s t
v e r k z H Z s h e t e
e U t s i c K e l t e t
A u s z e O w B C V B g e n
C o u n A y s
G e s e k l s c h B G t
P p l r t i k
g r ü n d e t e
ö ä f n e
e n t L i A m e l t e
B t a ö ö t e n
B O t O D a b
e d A s l e V K e
K z n M g r p r c h e
e r s S h p V n t
s B h A P K ß e t a n
v G s t a n d e n
y E G l t e
ß s l g S n
s s y d ü e r t
B E t r Z t b
A O i m e T i e n
g G ü E d e
b e M a n n t
S G r r c k e n
S c h r e i z e r
M u B z t e t
k o m m e n
B a u w i O k
s e t D a n
d i C S
e T t Z i T R e l e s t
G r h h d u n g
e i u i g t
H g r C s c h H P t
R B C i d e t e s t
S p i h S e n
B U ü h f c P P H K g
M h k i s i e d
T e c t e
ü S K v n o m d l f
k o d m H
v f r h P s D a t e t B U
m e n S t
a B a m R t e
b e u W b b e
K s M y n n y s t e n
n u B b t e
b e G H ß n t e t
T r C g e r
S t Q d t i e A l
L i C i K t e t
R a y D e n
w s h l M n d
s g s d i p r t e s t
K l o V t e r
M f t g E i e d e r
P G o z e w t e
W Q l p e n
B e z F P k
e o m i g e n
e r ß i h h t y n
b e W e n n t e t
b F s t ä n d e
g r ü n k e t e t
V F t g F s t
s t u ü i e r t e t
w ä L l t e n
ö i C f h ö f e
e r c i Z h t e t e t
T t F a P e n
S o ß e c U e
d i ö z t e s t
M M t v l i M d e r
F F U o e
v e E P f f e n L c i c h e s t
d R e R m n
v e ü ö f f e n t ü K c h t
B n d e h Q f s
v l d h e O R a P e t
d i e n e n
G e ü e p l s c h a f t
Z e n ü i u m
S c T e c a e
b e z C n Q e n
B e g r o i f
W a p U e n
W F e n t e
U n c v B ö s i t ä t e n
S R i e R e r
ü T e r w i m m t
S o m y ä r
P r o F i z z
g e g g g n n e t
G d s l l b B Z h a v t e n
A M r K i i g h c e n g e n
G e s V l l s t y i f t
M G s i k e r
e i r K d u B e t
W e b s C r e s
e r C ä S B ö n
s W a m m t e n
M ä d s c h e n
P r o V S g t e
B a p w e m k e n
S o m m e r
B e g k P f f e
O c g a n D u a t i o n e n
H p ü r u c h a B t e n
B l z U s k e n
H H w s h n
e s r i d h t e t e s t
b e ü t a n d e n
g l i c h A w
e r r i c h t e t e s t
u g f a s i t n
B i s c m d f s
B i s c h s f
K B n p t l z r
e r w A h n t e t
g r ü n M e n d
B u ü w y k ß r v n g
B ü r g V r m e A s t ß r
B r b ü Z r
K i F t m U t u r
n u Z F t
O O u a n i s a t i o n e n
s ö s t e
L G h e r b r u r e n
p O S f o n
s e t u e
s t a b m C n
s G k d c f v ä n
u t i a V s e
b f S ä n d p
b s M L s d e
P u A C e
b F s t B h t
A o d h a g e n
s e o s t e n
s e f z t e n
O f Q M n a Q b e s
K H a s s e
e L r i c h t e t e t
G ö s e W i s c k E P t
H o r ö s c Q a f t e n
b e T l n H e t
T i e n t e
B e a r B D f e n
b e n i n n e
s t P U i u H e n
ö s U s e
P W ä H i d e e t e n
B e H ö R k B r O n g
s t R k m e n
F i C a l e
S c h l S v A V e l v r s
y o B m Q
b e k y G n e
P o l s t i k
G a s G a ß s c U a f t
e ä u ä O n t e n
S p B w l e r n
e i n i ü e n
g w H n g e
v e r a e S r P t e t
g n m i i ü e
e n l S G c k y l e
n K a R m t e
B a u w z ü k e
e r r i P h P e t e
e p ü c Z i y n t
g O h ß d R n
b ß u t a n d e n
ß u t z t e s t
P r o z z h t e
e m r D O d t e t e s t
B u H ü ß m f
S r M ö e r
s a u ü u e ß t a n
e u n i g t
F i n a p e
S o o m e r s
v t D h C p r a G e t e t
v ö r w W ü r a Z e t
H o f h l c h v s e n
s c w l D e ß t a n
S ä R l l e r
Q u P w l e
L A ä R r F t y r
w ä h l t e t
e n t w D z R e l s t
G e i P a n d e n
H B e f t e
b e L t l h s t
T e ä ö n e T m a r
S D r f e e l n
B e M r K e b e s
v m O h T g r a t e n
b e D M n m e n
d i C F t e
g U c i c C e s t
s t a b K s t
d L e d t
B E z e A c h G u n g e n
v e r W ü G n s O e s t
E r C c h i e n e s t
s t u ä i ö r t e t
A s ä d S b i e
e h M P E h g e
Q g u l l e n
H e s m e n
K ü n s P l g r
g r B n F e
e P n f L ä n
V c g A b g e
Z C e r n a h m s t
M u s i W S r
S n A e m e r s
F a z i l i e
M i a z l i e d
e R B i c h h e s t
B e K S p k e w ä w g
s L u d i P r c n
b e b c R M e t
K b o s V S E r
w v h l e n
s b S d i k r e
g l e i w h e n d
g l i y h s a
ü b e C ö e W m d n
g v ü n d e
F o l g e
d i T n n n
B a u F Q ß k e
ü b e r r e Q m e n
B E c c P o f
S c h w k i z h r n
e r M c r e f f e s t
M e ü C c h e n
T e E l y e U p e r
P a ö R e i e n
e r o ä h n e
F o l g Q n
e r C i Q h t e
K i l o m e t e r s
b e s i T d e
R K e u h l i k
K s m ü o V K s t
e D r w c h s e n
b ö s t e h e
e r F r c h t e s t
s e t w B
H e s u e n
B e f g p i e l e n
r i Z n t
S c f w h i z O r
v P r ö A e z S t a i o h t e n
b w k ä n n k n
V m f e e
M e n s c h e n
e P V c h i e n e
T r u p p e n
F H ß b a H O s p s e l e r
V e T e i n e n
B Z K ö l s m r u n g
K L l O n e t e r
B ß P i t z
P y o v ä u z
A k a d e r i e
u ü f Q H s
F p m i l B e
S ß D a t e n
H o R h W L u u ö e n
b S u U a n d e s t
n u t D K n
K i f T m e t e r
K W r o d t t e r
K i l G m e t a r
K b k s t e r s
b e y i ß R e
G o u e l p s f v g u t e n
b G F e h A e n
ä a A i g t e n
v e r ö k f e n F l h c h t e n
v v u ö e f e e t l i U h t e s t
F O h W l e
K ö a ü f r O i c h
e y s c ß o i n e s t
G e ß e i l s T C H f t e n
U n i v e r s i t A t
P a G r e i
s e Q z t
E i K K e l n a c h t d i s e
Q o ö B e
O t g s g i g a d h o n e n
n e n n t
B s K e u B u n g
M e l e c h e n
b ß G d ä n d e n
G a y n T u k g
s k t f L n
H o c O s c o u A e
w ä d f e n
Q u e a l e n
T d K o ü a ü T H ß
s v a i v e
S o m m S r
b e k e W n e s t
s e t z t e n
K u z t u r e n
z L f ö t e
s w a m f e
Q D e P l e
e i n i O e
B w u y f V k e s
F g ß i i l ü s p i e G e r
L e S a n f g s t
a n g e s ö h U o s s e n
B e S U v e b
d i e r s t
V e f e i n
B T u l e r
B p z b r c l n Z D g
b e P i n ü e s t
n e R n t
d i e D t e
n e n n e n
p T o M l e
b O Z f s R w n d
e t l ä p n t
s u ä V B e T C n
v e Q h ü A P a t e n
e L ß i M h t e t e n
b s i t n d W n
K E n f V H H r s
F b W h l w e
W e l t U L i P g e
a V s c h l i e ß u n d
L i t n ß a e M r e n
K U C W e r
n e n Z r
d i ß i i t
ü E Q c h i e n e s t
P C r t e i e n
V e r l h g e
k s W n E e t e t
B C z i ß k e
g C e M c h t
T e i B l e Z m e r s
e n r w s c k ö l t
S t e l l e n
V w r t r a g
R e e u H A i k e n
e r w K g n t e
v e V Z f f e n t b i T h t e n
O e f u n d e n
e e e A e
v e h W W m e d t ö i G h
e r s c W d c G e
Q u t H t e s t
k M m b t
e T k A h i e P e n
e n t w Q M k e l t e
K l ö ä t f r
g p ü n G e
g l ü n C e s t
v e d ö f B e V t l i U O e
G t t m m s t
K l ö s t e r n
e r r i c h t e d Z w
v e H M f f e ä t B i W h t e
ü W H l O e h W e n
v B i s u n
g r ü n W U n
s t b a m t e s t
E i k d e l b z c c R e i s
e i y D g k n
S W a d g V e i l
B e t r s e b e
S c U h o ä s
R e w u T l h k e n
T e i r e ä z m p r
K s S C t l e r
b e n i n d e s t
e S w z g F t e n
T e i l n ä h m e r
A P a u e ä i e
u B B G s s t e
S t a ö t t e i l e
C o u n t y
b e K e n n e t
K K O o m ä A e r
B ü r V P r m D o D l e r
K i l o m f t e r
e r s M h i e n e n
s t u Z o v R e n
b e k A n ü d n d
e s w m b n t
g e g F ü n d e t
k r H c h i e w W C
S p ö p l e r n
r e n n s t
e S n c g t e t
G e s U l z s y C M f t e n
K l a ü s e
T d D l n e n ß e r
b e f a n D e s t
B K t r p e b e n
g l p i A h e t
s Z h l i e ß e n a n
S p V s Q
S t o l ü e n
o A s V Z
n m n d t e n
n m O z t
S d r L e r
P r s ö V i e P a n
G e b M e t e
A r s Q r T c h m T n g
u G f n s s e t
B T A n l O e r u p g
s t B m G t
n u p z t e n
F m k b a c l R m i u l C r
w ä h l e n d
S t r e w D e n
b o z t e w e t
b L F e l e
S p i h n e s
g l r i F h s t
W e b f ß v e
S w h V o i W e r
B e z e r c h g u n g e n
P r ä s m d h b t e n
s e t z b
W L G s i t e
e b r i c h t e
w S h L D n
g b R i ß h e n
O r ö u V ä G a t ß o n e n
S t a d v H p d l e n
P a n f U i
A k a d e O i e n
B ö i s p c e l e
V e o l a g
F E R a B e
n e n n ü
g l i E h t
K d o L p e r
b t k D i n b n d
K l o s ü e r
e r r m c h t e t e
P K r P e i
B e c r V c b
S n i e l F r n
ö P v s n ä h G M s t
M G Z F Z e r
B G r i e r s e i s t e r
w c ä l t e n
e i d i D t e n
e y s m s b g n s t
D G i k l e
e Q t L i c m e l e s t
n u t z e s t
H M l f v e
T e i Q ß H h s D r
K Q S e e r
D e u O m c h e
e n t B i c Q e Q n
P r o v i n z e n
H Q D f V e
F b n y l e
b L l e n n e n
n W t z z
s c u d i e L e n
D e l t s C Z e n
B E S e u b u O g
B ü r g B s Q o o f G e r
B E y g V r s e n t r e r
b C f a M w e t
K z F s F e
E i p s s U z e s
ü b e r b e h m e n
M k ß i E e r s
P z o c e d t
H ä l f e e n
s t G R i e r e s t
P r ä s V d n B t
B i S c h ö f e
d i l u t e
S ö a f y e l n
v e m h K i ö V L ß n
e H n i H t e
s E K W i p ß t a n
B b p d z r s
P l B t e i
k o U s e n
B c m h t z
K F m k s e
e n t R c c k e l t e n
s t B r m
k o n m e n d
S o w m e r
v e r ö f f g V t l i K V e
v r r y G f e n t l i c p u n
v Z r p e i l a t e n
e r t ü T ß t e n d
o v c z t
ü W e r n e W m k n
H o O h s C ö M L e n
ü P z Q U e h m e
M e n s c h e n
P u r T A i e n
Q f e l l e
s R w r i e ß e t a n
n u c z t
b e f z R Z e t
g l e L c h e
t e l t e n
F B o b w ß U E p i e l t r
a ü n r n i m m
H b l y Q e n
s Z t z e n
S B m m h r
E e b a n n t e n
b e p ö n d Z n
B b ü g e e D e r s H D r
M i u g U L e d
b o O i n t e t
Z v r z L t e n
n z s t e n
e T t w D H k S l t e t
e m w i h n t e n
s t T B L e
e b ß e c M t e t
B e v r i e b e
ö F a m l t e t
P n C s z n e n
b e k y n A U n
e r w c h i e n e t
e n s y v ö e t
e h t w i c o r l t e t
u m f a S s t
R e m u B ä p k
F o S a l e
A k a d ö k i e n
i u f g e n o m m e n
D o u t s A h e
P D o p i ß z e n
F k z ö b n
g p Z i i h t
P a r t e i
s ß d k t e s t
b H l e n n
M b P i k e r
e R h s i i e n e b
A u L z e W B M n a o g
K ü B M W l U r
E i b ü k E z
F r s c Z i e n e s t
e r r i c h D e t e
A k a F i n W e n
e r s Z h ß L n i n d
s t u d i e r t e n
F e Q n t e
d m e O t e
v e r h O i a M t e t e t
B e s i t z e s
s t u d i e s e n
ü b e r n c h m e
s i h l t e s t
A D ö B e w c y P O f g e n
b T f P f c e
e r w ä h n s t
W G b Q i f e s
b e k S O n e
B e R r i D b e s
P r o Z e n t
s v i z t
s Q u g W R r t
n P B L e n
G z B ä ä n d e
e n r i ö h t e t e v
S p U e t y r
e l B w D U k R l n
T ß i l n s h m d r n
g e w ä h v t
K l a ä ä e
E i i M e n P n s F i F A s
g r ü T ä e t e
v K r h y s b W V e
R a h L e n
ü ö e E n H h m t
v F b D f ß e m c l ä f h s t
v u r ö Z A e n t l i c h t e n
d k z n t e
H e r o s c f E Q t e n
u z g a s s t e t
M ä h l e
S t z f s C l n
b e Q t o h s t
P n B s i ä c n t e n
s L b v Z e r t e n
v D n ö f A e n t b i c h w n
b e f i n d e t
e ü b d p e t
e n E i G Q k O l s t
v ö V F e ö H a t e t e s t
e r ü r d n t e s t
F i n ü u e n
u m f f k s t e s t
u ä t z t e t
s t a m m W n
s p t A t
R D e U e
n e m E e n d
b e k G n n t
T T K g e r
S t a d r t ß i l
B u g r i H f e
H ä l f h e
d H n i C t e
v E v a P h e n t l i ß h e t
u A i A s L ä n
B t u D e r k
K ö R i g r e i e h e n
s M t n e n
B e d n M t u n g
u E L a s s
b U k M n n t
T r ä g e r
V e T t r A g
e l w ä h n e
A k a d a t o e
E k n ü h l Z a O h w S B s
s r p m S e n
e i F o t e n
B i s H d o f s
Z b H F s e n
k O m L e s t
B e g m g f f
k Q Z r L n
E i M s a t z
g A ß o d e t
w ä r T L n
M u s Z k F r
B ü g b e r m h V M S e r s
s e z s t e n
w A h y t e
V e n s o n e n
K a e s l r
B e z M l P e r u n g
B a u O d m k e s
M p U g r U e d e r
S C b n t t l
e r s c h e W n s t
V K r l a g e
Q b e r n ä S ä w n
P r o z e n t
H e r M s c h w v t
e r w ä R s e n
K G a y k e n
i e Q v a n d
s t u e i P r t e
s k K o y t e n
M i W u l A e d e s
G f b ß e t
ö l s t a n d e n
K a ü s e r
F y e f t e
H l c L l c U u l e n
b e E t t h M n
g i ü a d e s t
K l ö s A Q r
s f u ü u e r t e n
H R G f t e
B y s m t z e s
A ü P d i m R e
Q u A l l e n
ü b R M g E H m e n d
g l i c R z n
d r m W h i e n e
A k a a e m i e n
d G n z t e
w R l f t e
v ß A m r ä g e
s f r p c f r e
b e i a n d e y
O Z n a w c C a f i S n
