k o l i n g a
k o l i n g a
l i n g i
l i n g a k i
k o s i m b a
k o s i m b a
s i m b i
s i m b a k i
k o m e m a
k o m e m a
m e m i
m e m a k i
k o b o n g i s a
k o b o n g i s a
b o n g i s i
b o n g i s a k i
k o t e k a
k o t e k a
t e k i
t e k a k i
k o k o m a
k o k o m a
k o m i
k o m a k i
k o k e n d e a
k o k e n d e a
k e n d e i
k e n d e a k i
k o v a n d a
k o v a n d a
v a n d i
v a n d a k i
k o y e m b a
k o y e m b a
y e m b i
y e m b a k i
k o t a l a
k o t a l a
t a l i
t a l a k i
k o y e k o l a
k o y e k o l a
y e k o l i
y e k o l a k i
k o z u w a
k o z u w a
z u w i
z u w a k i
k o k a n g a
k a k a n g a
k a n g i
k a n g a k i
k o s o m b a
k o s o m b a
s o m b i
s o m b a k i
k o f u n g o l a
k o f u n g o l a
f u n g o l i
f u n g o l a k i
k o y e b a
k o y e b a
y e b i
y e b a k i
k o y i b a
k o y i b a
y i b i
y i b a k i
k o l u k a
k o l u k a
l u k i
l u k a k i
k o s u a
k o s u a
s u i
s u a k i
k o t a n g i s a
k o t a n g i s a
t a n g i s i
t a n g i s a k i
k o l e l a
k o l e l a
l e l i
l e l a k i
k o s a l i s a
k o s a l i s a
s a l i s i
s a l i s a k i
k o p u l i s a
k o p u l i s a
p u l i s i
p u l i s a k i
k o b e n d a
k o b e n d a
b e n d i
b e n d a k i
k o t o n g a
k o t o n g a
t o n g i
t o n g a k i
k o l o b a
k o l o b a
l o b i
l o b a k i
k o y o k a
k o y o k a
y o k i
y o k a k i
k o f a n d a
k o f a n d a
f a n d i
f a n d a k i
k o k u f a
k o k u f a
k u f i
k u f a k i
k o b e b i s a
k o b e b i s a
b e b i s i
b e b i s a k i
k o y a m b a
k o y a m b a
y a m b i
y a m b a k i
k o k u t a n a
k o k u t a n a
k u t a n i
k u t a n a k i
k o y e b i s a
k o y e b i s a
y e b i s i
y e b i s a k i
k o b a l a
k o b a l a
b a l i
b a l a k i
k o z e l a
k o z e l a
z e l i
z e l a k i
k o s e k a
k o s e k a
s e k i
s e k a k i
k o m e l a
k o m e l a
m e l i
m e l a k i
k o l a m b a
k o l a m b a
l a m b i
l a m b a k i
k o p e s a
k o p e s a
p e s i
p e s a k i
k o y o k i k o f a a
o t a l t a n i a k i
u n g o a k i
o y o k l u k o m e l i
k o u l i s k o z z e l i o b a l k u f i s u i a
b a k i i b a g a k i i
k o b i s u n g a k a
k o e m m e l a
e n d e a l i i
s i a n d i n d u f a a k i
u l i s a k a i
k i o n o k a n a k i
k o o l a k o m a a
k o a k a a
i s s u a k e k a k o f a m i a k i
m a k i k i a k i
u f a k e b a o v a g o l o k u f i
k o f a n o k a k k o p a
k o o l u e m l o a
k o a n d a o m b i n a
k o k o z u a k k o t o a
u w a k g o i
k o k u t a a
k o o b o n a
i b a o v a l a k a k i
k o o l e u k a k a
l i s i u f k o k a n i a k i
k o o n i s i g i s d i y a m b a
b a l o l a k i
k o u n u k a k l e a
k o f a n d i n g a a
m b i o p u k o p e i
k o o y a m u l i s a
k u f i n g i
k o e l a k a n g a
a l a k k o f o p i
k o u k i a n g i a
k o y o k a a
k a n d e k u t a a
k o i s i l u k i a
i s i z e i
k o k a n o l b e b i k o l a
s i m b m e l i
k o g i s l u y i b a
k o t a u a o f t e k a a k i
o k o m a k i
k o s a b e u f o b e l e p e s i a
k o n d e t a n a a
o v f a n i
k o i m b i o s u a n d a a
k o l u k a o m b a
k o f a k k o l i a
z u o k u b i s i a k i
k o k e u l i s i
k o e b i s k o s u a
t e k a i m t a n a i
k o b a l a s u i o t a n a
k o n g a k l o n d o p u l e k o a
k o d i k o s e l a k i a
k o f a n d a
k o k o y a e l i f a k e n d a y o k i b i a
l u t a n g a k i
o m a k a n g i
k u n d e k o m i i
d a i
k o s u a k o t o k o t a l i z u w a k o y a a
k o k o y a d e t e k a a
e k o l i b i i
k a k u l k o m i
b o n z e l a a k i
k o o s o m k o z e a
k o e l s i m o b e k o k a a
u w a k e a u w i i
k o e k a g o l u l a
k o k e k a k a o p u l i n g k o b o a
e s k u y i k o b o i
a k i k e f a n d e a a k i
k o t o n m a g a a
k o k o f u i n g i u i a
u f a k e b a k i
k o k o m e k o l i o b e b a
k o o m b a o y e m a
k e n b o n n d a k i
m a d a k o s e k a k i
k o o l a n g o o l a a
y o k k o t e y e k a k i
k o y e m b a
o f u n y e m o k i i
k o l i
t a l i e k a k l o b a k i
k o z u y a m b a
k o o k u t z u w a a
n d e a i
k o e b a o b o n a
e m b i g a k i a k i
o n n g z e l i k o v a a k i
k u o y a m e b i i
a n g i a k i
k o a n g t a l e m b k o k u a
z u b e n e l i i
k o n a n d a
o l e k o k e s u i a k i
k o o k u t a
y o k i u f a a k i
u t a i
k o o t o i m b a
k o k o m k o y o l i n g a
b a l a l o b i k o y o i
e m u l i s i
d e o y a m u k a k a k i
k o y o k a
k o i n g s a l i a
k o a k a o b e d e i g a k e m b a a
o l i k o y i i
k o m e l m e m i k o k o a
k o i b i e a k i m e a
e k a k i
u w o l a k i
a k i a k i
k o k u i
k o p u o y e m o l u s o m b o b o i
k o b a k o b i k o f a
k o l e m e m a a
e b a p u a k i
k o e b i s o n g a a
k o m e l i l o b a a
k o a n k u f i e n d a
i b o m e l l i s a a k i
k o d a k i s e k a a
k o o b o a
k o k u k o k a o b z u v a n d a
e m a m i b a k i
k o l e k a n g y e m a
y e b i a k i
k o s i m b a
k o k e i s k o l a a
k o e m i o k i u k i a
y o k y e b a o p e s i
o y e k o b o a k i
n g i l a m b k a k a k i
i n g o s i m i
k a k o b e a
k o z e w i o t o n e k o l o s y e k o b i a
e m k o b k o y a a k i
u k a k o f u n a k i
u l g i s a o p u l i
o t o o p u i
n g m a k y a e k o l i
k o l u i
k o k u t a o y e k a
o b a l i
l a i n g a y e m b i
o l a b a k i y e b i o z u o m e s e k a k i
t e k i o y a m o f u o s i n g a f u i
y o k a t e k a o y e m a k i
o z u w l u y e k a k i
k o a n d i a
k o s u i y e b i k o y o a
e m a o l a m o m a k i
f i u a k i
o y a m k u u k a k s a k a k i
o y o o z n i o k a n a k i
k o y e b i o k o a
k o l e l a u a k a
k o k o s u l i n d e a a
b e b v a n d a k i
o t a l i g o l a w a k i i
k o k e y o k o l u a
k o s u t a l a a
k o i s a k v a n d s i m e l i a
o s i e a u t a n i s i
o y e k o b e n w i i
o z e i s b e n k u k o p e g o i
k o o y e m a
o k e n u l i s a k i
l e l i b e n a k i
b a l a s u a b e n d i
u t a n a k i
k o y e b t a n i e k a k p u l b e v a n a
k a l i s o p u l w a a
k o o l i n l u y i b i a
k o u n a n g i a n g a
k o k o v a o l a k o v a
k o n d e a b e a
k o s a m b g o l a
o b f u n g i
o y a m i
o y i b i s i l i i
n g i s i
k o k o z a
k o o f u k a n u w a k a
k o s i a k i
u f i y i p e s a i
b a k i n g i e i a k i
n d a k k o l i n g o l a k i
b a l a k e n d i
k o z e i i m b a k i
t a l a a n i a l i o n g a a k i
e l a e n d a k i
o n g i a k i
k u f i a m b i i
m e k o s e o b o n a l i s u a o l o b a k i
o s o m e m a k o k u i
k o o k e a l a k l o a
o b e b a m p e s a k i
k o n a k y o k a a
e a k i p u k a k e a a k i
k o u f i e k o l a
o v a n m b a k o p u a k i
k o o m b a o s u a
k o u k a k o s o m a
k o u w p e s i k o l o a
e b i u w i
k o p u y o k m a k i l o o k e a
a n g a l o a k i
f u n g o v a n n d e a i
k o t a n i b a a
s e k a n d e g a i s i i
a l a k n g a i
s u a u f a k a k i
k o o p u l k o b k o m e a
o l u k k a k i k o p o k a n k o v a i
o z u w o k u o v a d e a a k i
l e l a y e k o s i m i
k o b i s i o n g a
k o z u t a l i o n g i a
k o b i a m b k o z a n d a o b t a l a l u k a
k o k l o a k i a
k o o n g a b i s a a
k o o p u o b a k l u k i a
a n g a g o l i i
k o m b i k a a
s o a l i s t a l i a n d i k o k l u k a a k i
o b a l m b a k i
k o l u k a l e l k e n a
k o e i e k a k a
k o f a o b a a
k o k o y o k o o k a
k o d e a n a k a
k o e k o k u a
k o y o u n a n d i a k i
k o b e n a
k o e l p e s a o l u i s a
o b k u f y e b a a k i
k o o k u t o y o a
k o g i s a o p e s o m b i a
o k e n a k i
k o o y a m i m b a o f a n a
o l a i
z u w o l e l a k i
k o n g i e a k i y i b i k o f a a
k o t a n a g i s a a
o l e l u w a k o v a a k i
k o t a p u l f i a
k o o t a l a
k o b a k i o b e n i
a l s u a k i
a n d i i
p e o v a m b i e m b a e m b a a l i s a k i
e m p e s e s a i
w i u w i o y i b a k i
k o y a k o t a a
o m e l z e l a i
k o k o v u t a y e k o a
k o l a l o a
k o k o p e o v a
k o i s a k s i m b u f a a
k o t a l k i b i s i b e n k o f a a
e k o e k a k a k i
i m b p e s i
i n n d a k i
o n o s o d i f i s i m i
k o s a l i s a l o a
o b e u t a n a k i
b a l i i
o y o k o s a a n g i a n g i a k i
o n g i m e o b o k o l u i
k o k o l o a
m b a k a k i
k o k u e s a k i b a w a k a
l o b a o t a l a k i
k o k o v a k i b i s a a
k o o s i o m e l a
a n a e k o y e k o y e b o y o k m e i
s i o p u l k o f u i
k o b b e n d i
k o b e a
s a l i n a s o i
z e l a m b e m a k i
s o o n g i
a k a n a k i
g o o s e u k l a m i
n d e i s a k s o m i
s o m b k o y e a k i
k o n a k y o k a a
k o l i s y e m o t a n a
y e b o k u f u f v a e b i s l a k o n a k i
k o b a l i y o k a a
m e m i f a n s e k a a k i
k o m b s i o m e m e n d e a
k o b a l a k i u t o l l o b o l a i
k o o b e n s o m a
o s a l k o b e i
k o t o n o s o a
k o e b i s o k u t k a a
k o t e k a
o b a l o b o b a k l u o f o s i m i
k o y a v a n d u k i a m b i a
k o k e u w a b a l o k u a n l o b a i s a
k o f a o s a l a
k o s u a k o s a m a
o k i l o b i
k o o k i m b a z e l a a
k o e b a p e s a
m e m o k o i
k o o k o y e a
k o v a u k i u f a k a
o s o i
k o a l a a l a k o k a a
k o f a k o y i m e m a a
k o i s i e k o l a
t e k i s z e l a k i
t e k o t a l i s i a k i
m e l a a k i
o b o n i
k o l i n t o n k o t e a
k o s a l u k i o k e n e m a o b a a
o m b k o b a a k i
k o i n g e k a k e k o b o n g a
k o b a l u k i i
k o o k e s u a o b e b a
y e k o i
i s i n d i n d a i
k o k o t a a
k o s o o k o k o k o a
s a l b a l i a k i
o s e u w a k a k i
o y a b i s a i
l e k o l a i
k o i s k o b e u n a
k o o p e s a
s a l k a g i s o t e k a k i
o t o n k o f u k o l u e s a k a k a a k i
u f i k o v a u k i
t a l i u l i s i
k o s o k o b a o k a k e m a k o m a a
o t o o k o o b o n a k i
k o o l e l w a k i a
k o o t o n a
k o s a u t a o z e l a
o l i k o m i
f a k g i a k i
k o s a o v a n a k f a n a
y a l u a n g a e n d a k i
f u n a n a a k i
k u f i m e m a a k i
k o l a m o b i k o y o a
k o o l u k o m e o m o b e n o f u n o b a k a
k o o y e o b e n i b i y a m b k o s a
k a k a o m a i
n g a k i n a k i
n g i s g i s i i n g l e e k a k k o m a a k i
d a k i g o l a a k i
k o e a i n g g o l a b i s a
o t o a l a d i i
a m b i i
k o k e n d a l i a
k o u f a v a a
k o k o s i o k u f o s o m a
k o o b i y e m a
k o k e a l n a k i a
k o n g m b i e m b k a k a
k o l i n o f i s a u n g o a
k o o t o l e l m e l a
o k u m e l a l i i
k o d e a a
k o l i k o m a e k i u n i n g a a l a a k i
e n d l a k i a k i
k o g a y e b i a
k o e n d d a k a
k o f i o b o o y i e s a k a
t o n g y e k a k i
u l i y e m b a l a p u k u f i s o m e m i i
k o e m a i b u l a
k o y i
k o a m b a
i m b a p e s k u t a i
l e l k o l e a k i
t a n k o l o u t a i
k o e k a k a
k o y a m b o b e n a
k o o l e l g o l i o b a k t e k a i b a
k o o k e n a
e b a k o f u n i
k o m a l u k a k i
k o g a k k o l a
k o o l o b t a n o l u k m b a k s o i n g a
k o n a b i s a
o y a o t e k k o b e i
y o o s o k o s e a k i
k o s a i n g a e k a a
k o s a e n d e e n d a u w a
m a k i o k e i
k o z u w i a
o b e n t a n g o f u n i
o m e m n g o l a k i
k o b i s i u n g e b a k a
i b k o y i b a l a k i
k o z u u w t e k a a
l u k i t o l a k o n a k i
e a a n d i a k i
k o o l a a k a n e s a k a
k o y o i
b o u k i k e n d a k i
e n t e k i b a k o k o i
o y e k k o t a o t a l i
k o k i a
a n g i u w i i s a k a k i
g o l a k i
k o u n g o o s i m a
k o d a k a
k o m a s u a a
z e u k a k a k i
k o g o l i a
k o o l i n d a l o b a e b o s a e n d e a
m e l m e m i
l a u f a u n g i
k o l o l u y a m b a k i
a k a m b a a k i
k o s u p e s i a
y a k o b e b i m e m i a k i
k o b a l t o n u l i s a
z u w o m b i
i m o s a l i
a n o m e l o p u l i
o m a k p u w a k a k i
b a l i o z a k i
k o l o f a n d o l o b i
t o n g s e i m i
y o k a k o y e o y i o v f u a l a a k i
f u n n d a k k u f a s e k a o y o k a k i
k o o t e k s a k i a
a n g a v a n a k i
o p e s k o s o a k i
k o k o f u k o m e a
k o l a m b o t k o t e a
y o k a i
k o b a k i a n d a
i s i m b o y i k o m a i
o k o o k e s e k a i
l i s v a a m b i i
f u b a o p e b a k i
k i l i s a i n g a i
p u e n d e k o m e e k o g a f a k y e b a a k i
k o s a k a m e m b y i a
k o k e i m b i t e k k o b a a
p e s a a m b o y e k i
k o k o t e u k i a n a a
k o o s i m m b o s u a y e k s o o b e n a
k o e m i i b i a
k o e b b a k a
k o k o f k o k e f a n d a
k o t e k i a
k o b i s e k a o b a k a
i s i u n g o v a n d i
k o l a b e n k u f k o z e p e i
a n g i
k o o b e n l o b i d a a
k o s u a o l u a
f u n g a k i
k o p e s a a
e m a k e n o t o i
n a k i
k o g o l i a
a m b a y e m d a d e i a k i
k o f u n g a
k o g i s a i
k o k e k o s o b a k a
n g a k o l a k i
k o b e b i o v a n e k a f u n g l o b a a
k o b a k i k o a
k o f a k i a
k o o n g i a
e a k y a m b a k i
f a n i
k o u w k o s o o k i k o t e a
k o b a k i o k a n z u a
e m a a k i
k o z u e b a y o k i
l o b a n a k i f a n k a k a a k i
k o d a k o l u k a
u a k i
o f z e n a k i
g o l i i
s u a k m b a k a k a n a k i
k o g i s a k o k e k o s i a
w a k i i
k o o b o a
k o y o k s a a
k o y e k o m b a d a a
s o m b t a l i a k i
k o w i a
k o k o z u o n g y i a
k o e b o l e l a
k o u a k a
k o e i o y e b a
i b s a l i o l u k i
k o k e a n d a a
k o y o s a k i l e a
o s u a i b a k l a m b n a a l a a k i
u f i e m b i m b y e a k i
o l u b o o y e m i
t a v a n d a k i
k o z e l i n g a
k o l a m a k a n a
k o o y e m s a l a
s i m b a k i
k o i s a k a
k o u a k i o l e l t o f u n d e a a l a a
k o m a t a l i a
k e n d b a k a k i
v a n n g o l b a k i
u k a s a a k i b a l i
y e m o f i
g i s a e n d i n g a k k o m e i
k o b e t a l a i
t a n a y o k i k e n d i
k o n g a o b i a
a n y a m i
m e i m z e o l u y e m b i
k o k e m e l i y a m b a
k o n d e i a
o z e l o s o m w a k i
g o e a k i
a k s u a k l u k a k i
k o k u n g i u f g a k i a
b e n d b i s o l o b i
k o l i i
k o o v e m a z e a
k o n d k o p u a
a n g o l u d e i
o l e a m b i a k i
k o b a k i o b a l v a n d a
s i m b t a n b a k i a k i
o l e k o f a a k i
k o a m b o t a n e m b a k a n a
u f b a k a n d i y e b n g o i
k o k e m b i e n d e a
t o u a l i a k i
k o k i b e b e m s o m a
k o k u f i t e k s i m a
o z z e t o n a k i
k o u a k o b a a
l e l a o b i a k i
k o o m b f i a
k o g o l a o f u k e n d a
m e z u k o z e o m e a k i
k o u n g o a
u l i s u l i i
k o e m b a k a n n g i s a
k o k o y a k o s o a l i s a
o s o s i m i
t a n a k o p u a k i
k o o z e o y e m g o l a k o m e n g a k a
o y i o p u l i
k o s i m b o l i a
k o o s i m a
k o o b e b a
o m b y a m k o v k o t o o s a l i
k o o y e m s o n d e i a
k o o b e n e a b a l a
k o o y i s a k o s e o s e i m b a a
k o l i s i u t y i b k o k a a n d i s a k a
k o m e m a m e e s i a
o k u u l i s a k i
k o k o l n g i a
b i s a s i a k i
k o k a k o b a l n d s u a
y a m k o p e n d e a i
k o a n i i n g a a
o m a p u l i u k a k a l i s z u i s i a k i
k o k o l i l u k a a
p u l o f a a k i
o y a m a k i
f u n o b a k a k i
p e s a t e k i
k o p u l i o s a
u t a k o l i y e k o m e m a a k i
k o l e l a y e b a
k o a n d a s o a
k o o y e b a
k o o m b k o k o a
k o t a n a b e n a
k o z e l a a
k o o t e k a
o p e i
k o k o p e f u n g e k o a
l o b i s i a k i
k o l u k i o l u k o f u a
k o p u t a n i l u k a
k o a n d i y i b a
k o k a s u g i s a a k a a
o z e b a k i i
k o e s a k s i a
m a b a k a l a k i
o b a k i
m e l i
f a k i o y e k k o i
k o t a n g n a k i a
k o b a l o k e n a
k o l e f a k o y o k a
o b a b e b i i
k o e m b a
i m b k a i
o y i b k a n a k i
k o o y e o t o n v a a
k o p u l o k u a
b e n m e a k i
m e m k o v a i
k o k a n g i s a
i m b a a k i
k o e m b k o v a z e l i a
k o n g e k a a
k o k e u f a k u w a
k o n a k e a k i e s i a
k o e b a k e b a l u k a
u k a a k i
k o f a a k i
k o n a k d a k i o z e a
l e t o n g i
k o o t o n m e l a a
z e l e s a p e s u f i e b i a k i
m e m a i
k o v a m a k u l a
k o m i a k i
e a k i n a a k i
k o t o a k i
k o b a k t o a
k o f u k o y i n i o v a
k o t e k i a
k o o b a k t a n i a
l i m b i b a k a k i
k o b a l a
k o o m e l k o y e a
o m a o m e m i
o t a l p e s i u i i
o m e u k i i
o t o n a k i
k o a m b i z e l i i s i a
n g a o z u a k i
k o k a n o l o b n d a
k o o b e b a a
k o u k i o l i n f i a
k o o p e s s e a
o p u a l u i t o n g a k i
o s e a k i
k o a n g o t o a
o l a m a k a n o y o k i
k o y o a l i s a k i
e m b a d e a k p u a k i
y a u i a k i
n d e i a n i
k o o y o k o t e o s u a
k o s a k o s i k o l a
k o k o f s i g i s i z u w a
k o b a l i z e t a o s e k a
e n d i o k i a k i
k o k o f u a
b e b m a k b a k i a k i
n d e a k o y o z e l a i
k o s i e b a k a
k o k o k e o f u d a k a
e s i a k i
k o o m e l i s e m b i a
k o g a k i l e l a
k o o z e l o n a n g d a k a
v a n d a k i
y e n d a k o p k o m i e m b a i
k o k o k o w a k d a l o a
k o o f a n s e o l u a
k o k o p e a
g a k i a k i
k o k o k e n d m e l a a
o s u o b o a k i
k o b e o k a e l a a
e b b e n t a s e k i a k i
d a b e o s u a e m a i
m a k i
k o f k o l u e b b a l i k i i
o m o p e f i n d e i a k i
v a n l a m b a k i
k o z e l i s o u f a k m e o z u a
e s m a a l i k o a k i
k o y i b i u l g i s a a
o y o k k o z a k i
k o k e o y a m o b a l o z e l a
k o b i s a a
i b o k e d e a i
e l i p e s a g o l i i
k o w a k i s e a n a e l i o y e b n g o a
u a k i e b a i
k o m a o l o b i b u w a
k o n d e k o s e a
o m e l k o s a i
k o o t e k o p a
k o o z e l m e l a
m i l i s a t a n g a k i
a m a k i
k a f u n s u a a
l i n g k o l u i
k o t e n g o k e d e k o s o a k i
k o l k o m i
k o a k k a k o y e k a
k o f a n o b e a
k o z e o b a k e n d i i
u n g o p e a k i
a n a y e b z e k o y i
k o k o p e k o p u a
k o g o l a k e n d y o u k a o m i s u a k a
k o o k a n k o s a n g i o t a a
k o o y i b a
o z e l b e i
k o n d a k a k a o s i m o v a u k a k k a k i a
n d e o y a o p u l o s e a k i
m e l i y i b i k o m a i
k o o b e o t o t a n t a l a
k o l i e k o l a k i
k o o f u k o z a n g a o b a a
m e l a g a k i i
k o b e b i b o m e l i k a k a b a g o l a
s e k o k o a k i
o s o m o k e a m b i
k o k o f a f a n d a
i m b a a k i
s o m b o b a k p e o t a n i
k o f a n l o b a a
k o k e g o l f a n d o y i a
k o z u k o k o m b a m b a k o k u t o p i
k o d e i g o l a
k o t a n e s k o s e a
i n o z e l i
k o i s a k b e n d a
k a n b a l i i s a k i
s e i
u w a k b o o l o b i
o v a k a n g o b a m b i m e l a a k i
k o a m b z e l a i n a
k o a l i m b i a
k o k e e k o l i
e b i o k e n a k i
k a k i i
k o t a l l i s a w i a
k o v a k i
m a k s o m b i
l i n g e l k o z u a k i
k o y o a k i
k o o k b i s a a
o p k a k a i
k o k u o p e a k i
k o u a k i k o p a
o p o k o m o z o f a n a k i
k o i s a k o y e m o n g i o t e k a
e m b i e k o l a n g a a k i
s e k o v a g i s a i
a k i i
k o y i b d e a a
k o s u v a n d a
k o o t o z u w d e a k a
o l o b o v a n a k a a k i
m b i m a n g a f i a k i
k o k e a n d e a k a
k o k o k e g i s a
g a k i u k a s u a k a k i
k o o l o k a k a a
y e b i o t l o b a a k i
o y a k o l a a k i
k o l e l f u o n g o n g i a
k o s a k o l o t a n i a
k o z u k i m e l o z e l a
o y a m s u i n a k i a k i
k o k o s i u k a k y e k z u g o k o t a a
k o o v o v a n o l u k a
k o v a o l a m a
k o k o t e k i s a k a k i
k o l a u l i s a a
k o d e a g i s s e a
o b e b a k i
k o l e i
t a n i o n g m e m a a k i
u n f i a k i
u i e b i i
k o o m e l a m a
o s e k a n a k i
y e k o y e b a n a k i k o l e i
n d a k k o y a i s i
k o k e n d o y o k o b o t e n g i s n g i a
b a l a k i
k o g o l a k o b e l i n g a
o s i e k o a k i
k o o z s o a
k o e k a k d e a
k o b a l u a
k o a m b a k o t o a
o l e l u w y e m o s o m i
e s a n g o l i
k o k o v a e n d e o m b a a
i m b i m b a s e k a a k i
k o k o y i u t a a
k o k o v o y e m a l a
k o u a k i y a o k a
t o n g a k i
f i i
k o m b a a
k o k u f i a
k o i s a k k o f a m a k i u l i s a k i k a k a
m e l p u l i a k i
k o f i t e a
k o s u a k a n a k e b a s o m b a
k o b i s a p e s i a
u l i s k u a k i
o v a m e m e k i l i a k i
u a k i b e b i a k i
k o o t g o l b a a
o k i b e n d i
n a k e k k o m i i
l a n g a u n o z u w i
k o k o k f u a
k o d a k o y e k a
o f u u t a o s a l a k i
o s o m i
f a n d k e k o z u a k i
k o z e t a n a
n d e i l i n g o l o m b i l i s i a k i
o n g o s o m e m i
b o n k o p e f a e a k i a k i
k o k o p e y e m o m b a a
k o t e k a a
e b a k i s a k b a l i o k u t o m e l a k i
b a k i o y a m u l i a k i
k o o l u o f a
k o v a n s i m b u t a m e m a
k o z e o n m e m i i
u f a i n g a v a n d i
k o o s e s a l i a
k o o k e n g o l a
k o u k i g o o l e l a
k o k o m o p e s o s u a
k o l e s e k i k o s o i
k o p u i
k o d e o k u f d e i u a k i a
k a k o s o k o y i o f a n a
k o o s a i m b i o p u a
k o w a k i o t a k u t a a
a l a l u k a a k i
a l a k m e l o y o a k i
k o s a k f u n z u w a
m b i o y a m f a k i a k i
k o f u m a i
m e o n g k o f u s a b e n d b i u t a a k i
k o o l o z u w o k u f a
o m o b e b a k i
e n l o b a i
k o k e n d o l a m a
k o k a k i l i o m b a
t a l i o s w a k i
z e l i y a m e n d i
k o o m e m t a n a
k o t e k i p u l i u l a
k o e m b a k u u f a
k o y a e s a k u t a
t a n g e l a k i
k o n d i y a b i s a
t o n g k o l e k o l d i k u f i k a k i
m a d i a k i
k o a l a o m e l a
k o u n g o o t o o z u w a
t a n g n i o s e k i
k o o n g y o k a k o l u e k a k k o y l i a
a n d a u l i i
b e b s a l i a k i
o t a m b a m e l i a k i
k o k o k a i s t a n u k a
u a p e s a i m o s e a k i
a m b e m a k i
k o m a k i e n a
k o k o y i u f a k k o k a y e b a a
o y i b t a o k e a k a i
a n g e a k i i
o l i i s i e b a k a k i
k u f a e k o l i
k o o y a y i a l a
k o s e k a l i n a l a d e o l a m o l a k a
k o l o b i w a k i a
k o a n d a b o n g a
k o m b k o m i a
e k o o l o z e l i i
k o d e y e k a
k o i n g y o k k o z u a
k o s u o f a n e a k i i
k o u f a e i d a k i s o o s o n g o s u a
k o m e l a n g a a
k o e l a k o l e k o f i s i s u a k e a k a
u l k o s o t e k t o i
k o k o f a e k a k a
m b a k e b a o v a k i
u f a m e m i i
k o k o f a l a m e n d a p u o l o a
o f u n p u l i b a a k i
k o s a k k o b a
u f i l a m b p u a k i
k o a m b i a
k o o b e z e l i t a k o k u a
k o l a k n d e a a
k o k o s u n g i m i y e b a a
k o k o l o o t a l n d i a
k o o s i m a
k o y a e b i s a
k o i n g e k a k o l i a
a n d l i n g o k i a k i
b i k o p k o l i i
k o o b a a
k o f a k a
k o e a k n g a a
k o l e l e l i o t e k a k i a
k o y i b o m k a i s i a
u f i a k i
k o l a m o b o a
k o k o l a
k o b o n g u i y e a
s a l a n i m b a g o i
k o u f a o s d e a k a
b i s a o m e m l i s i
a k a n n d a i
k o o l u u f a k a
k o n d e i a n i a
l e l i s u a a k i
k o f u z e v a n a
k o o f u g i k o z e o y e m a
v a n k o p e g o a k i
i s i o m b i
k o f a o f u n b a l a a
k o t a l i d e o k a a
y a m b o m a i
k o e m i o p u a
n d b a k d e a k i n g i o k o m a k i
k o e m a l a m b a
k o t e o m o t a
v a t o n g i
k o b a i
k o b i i n g a
k o k a b e n d t a l a k o f u m b u i e k o l a
t a a k i
s u i l i s a n a i
k o k u i b a a
k o m n d e i a k i
k o u a k s u i a
i b i z e l a a k i
k o b o n g o y a t e t e a
k o b a l i e n d i a
k o k o s a k o o m a e l a k o m i o m e l a
u t k o p u y o k a n d a a k i
l u u k a k i
k o f a k i t e k a a
e l f a n d i
k o o n a n g a s i m n g o a
k o o m e l i n g k o b a
k o o m e m b a y a m b a
k o p u l u n g a n d i a
k o k o t e m b i a
e l a d a k o l a m a n a k i
v a k o s u p u l y i b a i
d a k z u w d e i
k o s a l n g a k u l i n g a l u k a a
f i o s i y i b o t o n i
k o m a b i a k i
k o o t o o s i m u a a
k o k a n f a n a
y o k i l a k i m o n g i
k o o s o m u i u n i s a k i n g i p u l a
k o i m b i a
k o o k a k k u a
o l u i
n i k o z e a k i
k o o t o f a n d s e k i a
a n d a a k i
o b o n o p e s a k a t a l i e b a k i
z u w y e k i
k o b a k i a
k o t a l i n g o a
k o o n d a k b e n k o s a
k o a l i s z u w i a
k o v a n d t e k a a
k o z u k o t e e n d e d e i i
k o l a m g i s a a
k o l a k u n g a l i a
m b i a l i k u f i y i b i k o l o i
k o k e k o b o a
k o z u w a e n d i a
k o l a k i a
k o t o p e o y i b a k i
k o y o k a a k i
k o k e g i k o b a
k o o b o n o l o b m e m a a
k o o l i o b a a n d i a
m b i g a k k o l o i n g i l a k a k i
o f n d a k f u n i
e k a i
k o o t a n u w a a
k o n a k o s e k k o l i a
k o b e n d b a l a
k o s a z u w d e a a
k o s u a k y e m b a
t e u t a o m a l u i
l o b a g a k e b a k i
k o k s i m l i s i
k o i b o y a b i s a a
k a k a a k i
u w a k o t a l i
l i a l k o l o m b a k z u w o l o g o l a i
k o k i n d a k o s a l a
k o e n o s i m a
k o o l e n g a k a n d i a
k o y i b n d a k a
k o k o t o o b o m e l a
g i b e n a k i
k o g a k a
k o o s i m k o k a k u t a a
k o o k a n k u f i u w a o b o d a k o l e l a
k o m a k i l e l a
o y g o l i n a k i i m b g o k o k a k i
o k u t b e b u i k o l i a k i
o n o k e m e m o p e s k o y i b a i
i n g o n g i s i m g i s m e o l a i
k o l i l i s s a a
l u k o n g f u n g i
k o u n g o d a k i a
k o a m b s u a k o t e u n g o e b i a
b o n a k i
k o o b a k s a o b o o b i a
a n i k e n d e a a k i
k o e i y i b a o k o b e b y o k i i m b o s a l a
k o d e s o k o z u l u k i a
k o g a o n g i k o z e a
k o t a n a y i b i a
g i s m e l a k i
k o e s k o o t o a n a a
k o w a o t o n a
k o g a k i k u f k o m e a
i n g m i l i s a a k i
k o k e n d s o m a
k o k e n k a k a l u k a o y e k a
k o b o k o s a g a a
k o o k e o k o m o l u o b o a
k o o y d e i a
k o k o v i m b u k a k a
y e k o y l i s i o k e n a k i
b i s i i b a k s a l i a k i
k o o s i m d e a k a
k o a l i s a
k o t o k o k e m b i a
e n d e o k i o k o i
k o s e k e n d s o m a
o v a n a k i
k o g a y a m o b o a
k o u k i e k o i n g s a l y i b a
k o m a k n d e y o k o y o a
l o b a a k i
k o k e u l t a n i
k o o z e k o t a o z u w a
k o u f a l i s i a
k o b i s i a
k o p e u w a a
y e b a i
a n g a a k i
o y e k o b e i
k o a k a y i b a a
k o o l e l e b i s a
k o m b i m e m i a
o m b b o n g o b i a k i
k o e m a i m a
k o z e y i i n e m b i a
k o o m b a a
k o y e b a f a e l a k a
k o o y o k e k i a
o t e z e a k i
k o t o b o n g i
k o u f a k a
o k o i
k o k e o l u u t a
k o s o m b k o l u a
k o o y i i n g z e k o t e e s i a
k o y t o f a k i l i s a l a m b a k i
t o n g a k i
k o a n a a
k o k o l i o y e b k o v a a
o k a n o s u a g o i
e k u f i i
y o k a b e n i n a k i
k o o s u u w a k a
k o v a a k i
k o k a k i o k u f a
k o s o k o m i a
k o v a n n g i s u n g o a
k o o v a n k o f u u t a n a
k o o v l a k i a
p e b e b i i
k o k e s a k a
k o o s a l e k i a
n d a o b o n a k i
o m e a k i
o k u f o k o m u l i
e n d a i
k o e b e k a k o s a a
k o k o f a a
k o f u n s i b a l i o n g a k o m e a
l a m k u t k a n m b i k o m a i
b o n a m b i i
o y e k o t o a k i
m e m i i
o l i n o l e o n g i i
k o m i i
e a k b e n d i
l u k m i a k i
k o k o p a n a k i b a k k o y l i s a
u l y e m b e a k p u l i e b a k i
k o i m b t a l a a
k o y o k m e o l i a
k o u n i b a a
l a a k i
i b a k a l a k i
k o o y a m s a k a
k o t l a m a k i
k o u t t a l o y i a
k o o z k o f u a
e a k i e l a k a k i
t e l e l w a k i
a l l o b a p e i
k o z u b e b n g a i
l u k a i
k o e a u w o t o n a
k o p u l p u o l i n g o l k i l o b n g a a
k o u l i o y i o z u y e b a i s i l a m b a
k o b e b i a
e b o b a l k o y a i
u w i a l b a l a k i
k o a l a n a k i b o a
o m a o m e d e i i
k o e k o a
k o k i o m i a
u f a k m e a k i
y o u i u f a k i
a l i t a l o m e o l e i
k o u i o k o m e b u t a n a
k o k u f a k i o k u a
k o o l e l u t a n a
u a k l a u f a k t e k a k i
k o k e o s u k o v a
o b e n a m b a i
o n g a o s o n a k i
k o o b a k l i s a
k o k o s o k o y e a
k o m e w a w a k o l a k i
a n g a n a k i
p u o v a a n i a k i
b a l a f u i s a k i
k o s o m a
o m b i g a k k o y e i
n g i s f i k o s u a k i
k o l o b t o n g a
n a k i t a n a a k i
o s o l a g i s a k o z i
y o k a i
k o o y i a n d i n d e m b i o b e e k a a
k o o k o m e n d e a
k o l u k a a
i n g i
g i k a k k o p a k i
k o y i b i o f n g a
k o n d u w a g o l a a
k o k o s u y a m a
k o y o i
u a i s a k o b e a k i
k o l u a k i s o m b i
b e n a k i o t e k a k i
k o b i s n a k i a
k o e a k o k a a
k o u t l a k i o t a l a
k o o n a m a
l i s a g i s a i
e b i l u k k i a k i
k o n i a n g a a
k a n k o u w a k a k i
k o l u k a k o z u a
z u w a a k i o l u a k i
k o n g a b e n a
k o o k o m a
k o e l a k o y e o b e a
s i m i
k o s a o p u n a a
t o n g a k i
k o i s i k o y o a
k o g a k i d a s a l i a
k u f a k i
b i k o f a i
k o m a n g a k a
s i m o z e i
k o a m b i o n g a a
k o p u o l u k a
m b a k o z e n a y a a k i
o v a n n d e i v a n d i b i k o s o k o i
a k d i e k i a k i
k o e n d i a
k a n a k i
y a o t f u n o k u a k i
l e l i d a k i a k i
l o b i k o t e a k i
k o k o o z u w a
u n g k e n d w a d e a k i
o p e s i
l i s i u a i
v a n o s o o l u k i
k o t o n o p s u i a
t o n i a k i
k o s a o l a m y e b a s e k o z u k o m a o y o a
u t o b o n i s a i
k o p u y e k o i
g o l o n g a l a a k i
k o e a s e g o m a k i o z e l a
k o e a k i e n d a a
k o k a k i l e l a
k a o t a n e k a k s e k a a
s o m b i b a k i
o l a m k o p u i
o t e o k u f o y e a k i
k o g o e k a k a
k o l e k i e k a k a
g a k k o v o n g i i
a m y e k o t a a k i
k o k o t a a
k o k o k u f u t z e a
k o g a k i a
k o o y o k g a k n d e a a n d k o p e a
k o k u a k i
g o p e s i o l a k i
k o k a k a
k o f a n d o m a a n a a
b e s u a k i
k o y e o b e a
n g t e k o t o u t a n a k i
k o y a i
o z u w o f u n i
a k i u k g i s a k o p e a k i
b i e k i a k i
a k i e m i
n a k s u n g o a k i
g o l a o n o f u a k i
d e i o f v a n d d a k k o s p e s a y a i
k o y e e s n d e i a
o v a g o l a k o s u a k i
b i s o k u g i s i l u d e i
k o k u k o p e o s a k i
k o o t z e l a
k o f a n t o n i m b y e b i o b i a
a l k o y e k o b o i
o t o n o s e k o n g a i
o f z e l i i
k o b i s b o n a
k o k o m i d i i n g a
k o o p e o n g a
o z y e m o m b m e m i o t t e k i o f u n a k i
k o m i i
d e i o t a n e k g a i
k o y e b a w a k s u a
k o m b a s e k o b i a
k o z e o l o n d a k a
p e s s o m e k o l a k i
u f i a k i
b a l i o y a m a k i
k o d e i k o b o i n g i a
k o n d e l u k a o y a m a
k o g a y e m b a
k o p e s k e n d k u f i a
o t e k a k i
f a k i w a k i i
u l o y o k b a i b i
s i m o b i
e n a n a s e k i i
k o k o t a m e m i a
k o o s i m u a k o s u a k u n g o l a
k o o m i k o k u o f a
o l e l s a a k i
k o b a k i k o y i a
e k a k g o i
e m b i m b a k a k i
y a o b o n a k i
k o t e k e b a k p u l a
k o o l a k o t a l a
k o v a n d a
k o e m b a a
g o o l i
k o s u a k i
k u t a y e k o m i
k o b o n g e n d e a
k o a l o z u b a k k o f a
d a t e k i o n g a k i
k o o y e m u n g u f o y i b a
d e b e n d a k i
k o s i m b a
o p u l e k o l e b i b a k i s o m d e a k a k i
e a k l i s u t o n g a k i
k o a n d i i n g i a
y o k a o l e m a a k i
n g i t e k a o s o m i
s a l i o l i a k i
k o k o l o m a k o b a k o b a a
o y i b p u l i a k i
e b e l m b a k a k i
k o y i i s a k a
a k a n i
k o f a k i o s e k a
k o e b k o m e b a k o v k o k e s a k i a
k o e n o s u n g o l a
o y e m o b e b o k o a k i
k o s e z u w e l i a k i
m e m n d i
k o f u n k o k a a
w a k n d i s a a k i
k o e m b i k o l o a
o y o k a k i
o t a o t a z e l k o m a i m a k i
k o o n g a o f a n k o k e o y i b i b o s i m a
k o n d k o f a a
s u a o y e k b e n a k i
o y e m o m b a k i
k o a n d a g o l a k o l o a
k o b a l a l o b a a
k o o l u a
e a k i m e m a i
o k u t s u a k s e l o a k i
k o m b a i b a z e l a
k o s a k u f i s a k i k o p e a
y i b i i
k o e s a k a b e n a
k o o p u a
k o y o o f v a n a
o l t e k i o l u k i
v a n l a m b i
k o o k e n e n d a a
k o u w l o b a a
k o l a e n d u w a p e s a a
o s a l i
o p e e k o l i
a l i s b i s i i
k o o t o n s a k i a
k o s b o u f a e b i s o y e l a u i a k i
l a k g o l a t a i
k o t a n a s i o z u u a k f a k i a
k o m o k o w a k i a k i
l i n g b a l i i
s e k i u l i e l a k a k i
y e k o b o n k o k o i
w a k i f a n d i
k o t a o l a d e a a
k o i s a k l u b o n y a m b a
k o n d o l o y o e b a a
k o k o y o t a l z u a
o y e a y i b i a k i
k o z u m e l a k i
k o o b e u t a n u f a k a
s o m b o s i m a k i
k o i m b i e m i a
k o k e u k i s o m b o n a
o l i n a m b i
k o u l i b n d e a
k o t o z u w i i
k o y e b a o k a k a
k o l o b i k o y i a
k o o b a k l o b a a
o y e k o b a l a k i
m e l a k o z p u l i a k i
e l a a k i
k o k e k a k a k i b a a
a m b i e m a k e n f a n y a m b a k i
z e a n a y e k g a k i i
k o n d e a z e a
k o o t e k k o s a k o z e e i o v a k o l o a
k o k a i
p e s i m b i
t a n g a k i
z e l a k o l i o y e b o t o n i n g i
o m e l o b a o y e k a k i
k a k i
k o s a u a k i t a n g a
k o u t z e l i a
k o o y a n a k a
k o k o l u e s i o k o a
k o e k o y n g a k a
k o o t o n n d a a
k o g i s i n g i o s i a
k o f a o k z u w i
y e m p e s a o y e b i
l e f u b e b a k i
n g o i s i i
u a k o b e o s o m i
k o g i s a k i o y a m a
a m b a e b i i
u k a f a k i i
m e m i
t o o t a n a k i
k o f a i
i n g i i
n g a l a k i a k i
u a k o z e a k i
e a t a l a a k i
k o n d e i k e n d k a n l u a k i
k o u a k a
k o e b i a
k o p u k o k a a
l u k u i a l k o f a a k i
k o w i p u l i a
k o o l u u f e b a k a
o l a z e l a i
k o k o y a u f a o s i b a l a o p u o l i a
k o k o k a a
o z e l f a k i u n g i
k o k u t a o b a
k o k o v a k o f a a
k o p e s a a l i s a
o y i b l a m b e l i
v a n d w a k i o f i
i n g a n d e i
e k o e n o b e n i
n a o f u i
k o g o l t e t e a
k o g o l i i m b i a
o n g a i
k o u n y o k a m b a a
d a k k o l a a k i
k o s a o l a m a
k o m a a
l e l a a k a i
k o l e e m a p u l i
k o k o t o a
k o a k k o b e a
k o k o s u o t o n a
k o e m b a t a n b o a
k o f u n g a
k o l e o f a u n g o a
k o u n k o m a
k o s u i
k o b a k l i s a a
k o k o l u k u k o k y e b a o z e l a
l o b i z u w o l u o l e o m a k o v a i
k o e n d e y e k a
k o g o l a o y i a
k o p u l a k i a k i
k o u n g o k o s u a
k o l e l a s u i l u k o t e l a o l o a
i s i o z e i
l o b a k o b a i
k o p e b a a k i
k o d e a k a
m e m a k o v a f a a k i
o m i o l i n a k i
k o o b e b o n a
n d e i f a k i k o b o i
s a k i a n g a a k a n k a k a i
k o f u n u t a n a
k o o b o o b o n m e m i a
k e n a l i k o y i
k o b e n d a
s a k i i
k o m a k o m b i a
e i o t e k a k i
k o u k a k k o s o y e k a
u k a k l a o k u t i
k o e s i a
k o p u l i b e b i a
k o o b a k o t o e m e l i e s a e b a k k o m a
k o s a t o n g i b a a
y o k o s u i
k o l e l i e k i s u a k a
k o s a a n a k a
k o k e t a n g i b a k a
k o k o p a
k o k o v a y e b i g o l a
z u w u f a n d a a k i
o k a n o t a n a k i
k o s a g a k a
k o o m e g i s a a
k o e a o f u n a
k o u a e k o a
k o e s a k e k i o z e l a
k o k e o m a o t e l i a
k o u f a m b o z k a n g d e u w i g o l a a
k o k o t a m e m l i s a e n d o b i a
g a o s u a i
k o o y a w a u f i a
k o b a l i a
k o l o b a u a k i a
k o o l a o m a k a
m e m a a k i
k o o y e m o p e a
o z u w o m i a m b i a k i
n a k u i e k a k a k i
k o s u a k o y e b a
k o k o p u s e k i y a m b o m b a k o p i
k o k o l o k o s o m e a m b a g a k i d a k a
k o o b a k l u k i a
k o k e o n g i a
k o a n g k o y e m e l a a
k o e n d i t a o p u l a
k o k o k u f a k a i
l a y e o k o a k i
k o y i k o z d a k n d s e z u w b o n a
k o a l a l e l a
k o l a o y i b a
k a n i
k o o l e l y i b a a
k o k e k o s o a
a m b a i s i b e a m w a u f a k i
k o e s a k e k i a
k o y o k k o s a
k o y e b i k o m i b a
k a n g a k i
k o k e n d a
k o z u i
k o e m i o b o n o p e s a
m e p u l m e m i a k i
k o k o t e w i a
k o n d i t e n g a k a
k o t a n a a
k o m e m i o s e l i s i a
k o k e e a k i i b a a
k o b i s i a
a l i l o b i l o b a i
k o d i k o f o s e k o p e a
k o o m i n i a
k o b e k o v a a k i
k o k o l a s e k a a
k o k u t a u t a n a
k o o l a k o t a n a
b a a n a k w a k i a k i
k a k o l a k a
b i s i a l a k a n d a k i
o b e o b i e k a i n g o k a n i
k u t a i
u w o p i
s i k o b a i
k o e b i s k u f i a
e m b a a k i
d a k k o z o n i
k o s o u l i s b o u k a
k o k o b s a o k a
k o l a b a l a
o t e o y e b k a n g a k i
a m l o t e i
k o k o e l a k a k i
k o z u k o k a b a k a
o l u k o s u i
l a k o z e n i a k i
k o o y e k a
k o o m b a n g i s a k i a
a l o y o k d e i i
b a k i b e b n d e a i
u w i g o l a s e k a i
k o k o l u i m b i b i s i s a a n a k a
t e k i a k i
d a k a n d a i
k o e k o b e n o k a k a
k o l a m b t a g a k m a k i a
k o o l o b k o y e o k a k k o p e e a k a
z u w a a k i
b a n a k i a k i
u l k i o p k o y o a k i
k o o l i n b o n g a
s a k o b o n y o k a y e b i
k o k o p k o l a
k o m e l a l i t a l a a
k e n d i
k o i m b i u w a
k o t o o v a n o l a k i
k o o n g i o b e n a
a n i k o z e u k i
i b a k o l a k a k i
n d a k o b a t a l i
e m b a k o k a k i
k o m a k i g i s a a
k o u a k o l u k a
k o k o y o u k w a k a
k o k e f a k a
k o n a k i m e l a k o s o a
k o k o y o o z e a k a a
v a n n d i i
o b a l k o y e l a m b i
s a l i o t e k g a k i i
k o u n g o b e o f a n a
m b a k k o m i
k o z e l a u f a k s i a
k o k o m i a
y i g i a k i
k o y l u a k i
t a n t a n i f u f u n g a k i
k o p u a k i
k o o t a n a
k a k i i
k o b i s i a
k o k u y i b a i
k o z e l a s e k a
k o s e k i p u l o s e a
k o k o s u a
b o k o t o i
s e k s i m b e i
s a l i b o n g a k i
k o a m b i a
s o m b a k i
e s o m e l u f a k a k i
k o k a k a f a n a n d o p b o n o b e b a
k o u a m e m i a
o m b o z e l i
e s a i
k u f i t e k i i
o z u w s o m i m b a a k i
k o o l i a
k o e a e b i y o o k u a
k o t e k b e b i a
k o k o k e a
k o l e l a u k a k i o t o n a
s i m b i
i m b i e n d a a k i
k o k o y a y o n d e a a
k o z e t a n a
o b e n i
m a k i o m e m i
k u t a i
k o f u n g a
u w a y e n g i s a l i a k i
b i s e m i a k i
k o l i n o f u n a
k o s e i
k o e b a k m e l i i n g i a
k o d e t a l i a
k o f a k i l e l a a m a
o z u o z e v a k o k e o t a l i
o m e y e b i o t e k i
l o b i i
k o o k o m o z u w a
k o e n e n d a s a l i a
y a u t o k o a k i
k o o l i n a
k o l u k o l u a
k o k e i b a g a f a n o k o m a
l o b i s e k i
t a o f i
k o k e o p e s i o l a m e s a k a
y o k a o m e i
o y e m o y e b u n i
k o s a n g i k o t e a
u l i u w a k i
b a m i z e l a u a e l a k u n g i
e s a i m b a i
k o z u w i a
b a k i m b i a k i
k o k o f n g o l a
z e l o m a a k i
k o k o l e o l i n s a k i a
i b a a l a k t e k n a k i k o b e i
k o o p p u l i k o f t a n g a
t a l a m e m w a k i a k i
k o k u f i o b a l a
k o a k a y o k a a
k o s a m a k k o y a
k o o m i s u a a
k o e m o y o f a k u f a
k o l u k u f a k t e k i a
p e s a i
k o w a o s a
n g o s e o s o m a k i
k o f u k o l a n g a a
o s i i
e b i a k i
a n a o b i m e m i a k i
k e n d i
k o d a k i a
m e l i o y e k o k i
k o e b k i s o m o m b a a
m e m a k i
b a e k a k s o i
k o a k a l i o b e n t e k i a
o z e l k o z u a k i
k o a m a l k o l a a
e s i o l i n t a l i
i m b a o t e s a l a k a k i
k o k a k o y a k i
k o i b a g i s i a l a
k o o b e b b e n d a
v a o b e n i b a o v a i
n g i b e b i i
k o o b e b e n d i l i s a a
k o o l a k z u w a u w a k a
w a l e k o f u u a k i
o b e b a k i
b e n d m b i l i n g i
k o k e u k a k a
o l a k a k i
t a n a m b n a k i i
k o d a p e s i f a n d y e o k a k n g a a
k o l i d a k o z a
l u k a o m i n k o s u i
l e a k a n o m e l i
k o o m i b a k k o k o f u a
k o a m d a k i a
o t o n l u o t a l a k i
k a b e b o k e n a
a m b t e k i
k o e s a k o m e l a
k o o l e e m b a a
k o k e z u w i m b a v a n d a
k o y e b i m b a k u l i a
s o m b e k o s e k i i
a n g i a m b a i
f a k o f a k i
p e s i l o b a k i
k o o b e k i a
k o o s o o l e l o n g i a
k o u n g u n g e s i k o s p e s a k i a
k o s d a i
k o y e m k a k a
k o o p e p e s l e l a k o s i o l i n a
o s i i
o y e k p u l a k i
k o u k t a a
k o k e t a s a k i a
k o n i z u w i k o l o a
k o s e k a e m i b a k i a
k o o z o m e t e y e m y e m b s o f i g a a
f a k i k a k a i
n d e i
m a u l i a k i
o m e l a n a k i
k o y e m o y i n d o z a
k o y i b a a l a s i u l i a
k o v a u n g a k i
k o z u w i o f a n b a l a
n g k o v g o l a o y i b i
k o o l a l a k d a p u l a
k o y a m b k o k a a
z u w m b a i
n i k o k a k u f i t a n i n g i s i
k a n g y o k i i
e n d e i
y o k l u k i a k i
k a n g y e b i a k i
k o k o b a a l i s a
o y a f a n o f a n i b t o n g a k i
k o s u a a
k o b a k i a
k o i n g i y a m s i s o m b a
k o t o n k u t a u w a
k o o v a l u k u l a
k o e m b a b i s a
k u t a i
k o v a e k i n d e a
k o y a l o u t a n t a n g a
l i n g a k i
k o i s v a n u t a
u w a l u a k i
u n i n s e k a s a k a k i
k o k o v a a n i k a k i f u a
u a e l i w i a m b y e k o k o y l i a k i
l e l a s i m i
e s a t a n a i
m e l o t a l k o t o i
k o b a l a n a k a
o f o b e n a k i
g o l a a k i
k o k o k o e k a e m a k a
k o b o n k o k y i b a
m e m a i
k o a l a k a l i s s o e b i s a
k o y e m a
l a m b a k i
k o b a b e b a
k o i m b a z e a
k o n g o f a k k a k i a
k o s a l i s e k a o b k i b e n d a
e k a a l i i
k o s a o s u a y i i
m e m a n d i k e n d o v n g a k i
e k a g i s a e l a k i
k o k o p e a
o b e o l a k a k i
b a l i u w i
i b d e a k i
k o l a k b a l a a
k o v a y a m b i
k o f a i n g a k i
a k n d o y e m o n a k i
o y a m o k a k n a a k i
o s a o b o y e a s o m b s a k i
o z u w i
k o t a l i a
s i m b a k o f i
k o k o b o k o m e a
o v a e n d e e a k a k i
k o k o l o a
o n o t a l i
l e b e n f u n g a k i
k o s a l e l i k a n k o y i a
u f i m b a i
t o k i i
d a l a m k o s a i
k o y i e l a k k o s i
o s e o f a n a k i
k o s a l i o k e n a
k o n a k a
u k l a m n g a k a k i
k o o k u t u k i g o l a
k a g i s a o y e k a
o s e k t e k a i
s a k p u u l e b i i
k o y o k u o v a n o f i m k o l b e n a
k e n y o i
k o f a k i a m a
k o i b a d a k i a
p e s i a k i
n g a y o k i y e m b u k o z e i
e n d e o y a m a k i
k o k o l e a
i n e k i k o s e i
g o l i i
s e k i i
k o s e k a m b i o b e n a
k o i s i s a
k o b a u n g i n a n g a
k o o t e t e k o l a a
e n d o m o y e t a n i a k i
k o u w a a
k o a l i p u l i a
o b o n i n g i b e b i i
i b a o b o n m e m a i
k o k o t o p e s i t a l a
o f u k o y i m e m a i
e l a o s i m i
k o l a m b t a n a
i s i k o m i
v a n a n m e m i i
e n d b i s i k u t a i
k o o l o k e k o y a a k i
e s o y e i
k o l i s i k o f u g i s i a
s o m b a k i
o y e b l o b a a k i
w i k o l o a k i
k o o l e d a k i b a a
e l k o t u n g o i
b a p e s i i
k o p u s o m a
f a k i m e m o l i i
k o k o n g a t a n a o m b a
k o a n g i g o l a i
k o s e o k u t i
k o i n g o v o k u a
k o b o n k e n y o k a o t a l y e b d e a k a
p u l i b a k a k i
k o y i b o k k o p e m b a
a k p e s a y e k i n g a a k i
u n b i s a i
k o g o z e l o y a m a n i a
e b a k i
k o o s i m l i s i n g i a
o z e l i
k o o t a o s a l k a k a a
k e n y e m b u l i a k i
i b i o y e n g l e l a k i
k o k o b o a
k o k o s o a n d a a
t a l a i
k o b i i n e l i a
k o l u k a
k o l o y o a k i
k o m b a k e m a k a
o b e b k o y o i
o t e l o y e b i a k i
u n g p e o t e k l a k o b e a k i
o m b i i
k o a n g k o m i a
o y o k i
k o b a k o l u u f a a
k o b o n g m e l a k o s e k o p e o b e a
k o i s a k n g o l a
k o u k i o s a t a l a a
k o b e b i b a k i p e s i a
k o a n d i m e m a a
k o u k y a m b a
p e s a i
k o m o f u l i n i
k o s i l u k i a
n d u t a n u f k o y e a k i
k o o l u i s i a
k o o l a f a k o k a a
k o l i s e k a a
y o k i o l o a k i
k o u t o p e s d i a
k o o k a k o t o b a l a
t a n e l i a k i
u f u k a n d k u t a a k i
k o d a e s a m b k u f i a
k o u k a k o v a a
k o n g a k y i b a a
k o y i b i k o k u a
e s a k a k i
p e k o l i i
k o o m e m k o l u a
k o o t o n a
o l u o y i o m b i o m b o t e k e n d e i
o t v a n d o t a l i
w a k a k i
k o t a l i o b e b a
k o s e o t a a k i
k o n a k a
k o e n d e m e m a o b e b a
k o o y e k t e k k o k e a
t e k a a k i
k a n a k i
k o o f a o y e s o m a
k o k o l k a n a
k o o p l o b i o z e l i s a e m b i a
k o d a e k o a
k o l u k i k o s a a
k o l u p e s a i
u i l i n g n g a i
y e k o i
o m s u a a k i
k o o v a o k o s o m b a
o m b i i
a m u n g i b l e l a a k i
w a k i k o t e i
u t a y i b i i
i n g i o b o o k a a m b i
k o f a n y e b i d e n a k i a
e b a p u l i i m b i i
k o o k i w a k i t e k i a
k o k o f u o m b k o z a
o y e k y a m i
k o d a k t o n u k a k a
k o t a a n g y e m b a k i
k o k e f u n i s a k s o m b a
o l u k i
k o e k a o b e f a n d a
k o g o l e s i b e b i a
o m e m o l a k o m a k i
k o m e a k i
o l i n i
k o s a e b a i s i a
k o u n e b a k a
e s i i m b i i
k o s a k i a
k o m a i
k o b e b i l i a n g a a
k o k u t a u f a k a
u t a i
k o b a k i l a k i a n d a
z e l a k i
k o l i n y o k a
o m b m e l a i
k o i m d a k i e n d i a m b a k o z a
k o k o s e k e n i s i a
p e b i u t a n k o i
u n g a k i
k o z o m a k w i i
i b a o z e a k i
o n o m a a k i
y e k v a n d n d e a a k i
z u w a o z i
s u a k o s e k a k i
o m b e b a k a k i
k o e l o f a
o k l u k a i
m e m o z e e b a k i
e s m e m a k o l u a k i
k o k u f a
t o n s i m g o i
k o u k a e s i a
k o k u f a m e l i a
k o e m b a m b a t e k a a
u f i u t a n i
k o m i d e i s a k i a
m e l a a k i
k o l e l a o z u w t e k a
t e k o v a e m i i
k o o v u f a y o k a
k o k o y s o a
o f u n a k i
k o o s a l a l i a
b e n o p u a k i
k o l i s y i b a o f a n a
y o k k o b e e s a k i
k o k o f a n g a k o s u a
s o k o k a k i
