l u m e l a e a
s i l u m e l a
u y a l u m e l a
u z o l u m e l a
n i l u m e l a
s i y a l u m e l a
s i z o l u m e l a
b a l u m e l a
n i y a l u m e l a
b a z o l u m e l a
n g i l u m e l a
n g i y a l u m e l a
b a y a l u m e l a
n i l u m e l a
u y a l u m e l a
n g i z o l u m e l a
u l u m e l a
u y a l u m e l a
u z o l u m e l a
u t l o a e a
s i u t l o a
u y a u t l o a
u z o u t l o a
n i u t l o a
s i y a u t l o a
s i z o u t l o a
b a u t l o a
n i y a u t l o a
b a z o u t l o a
n g i u t l o a
n g i y a u t l o a
b a y a u t l o a
n i u t l o a
u y a u t l o a
n g i z o u t l o a
u u t l o a
u y a u t l o a
u z o u t l o a
b u l a e a
s i b u l a
u y a b u l a
u z o b u l a
n i b u l a
s i y a b u l a
s i z o b u l a
b a b u l a
n i y a b u l a
b a z o b u l a
n g i b u l a
n g i y a b u l a
b a y a b u l a
n i b u l a
u y a b u l a
n g i z o b u l a
u b u l a
u y a b u l a
u z o b u l a
e e a
s i e
u y a e
u z o e
n i e
s i y a e
s i z o e
b a e
n i y a e
b a z o e
n g i e
n g i y a e
b a y a e
n i e
u y a e
n g i z o e
u e
u y a e
u z o e
e b e e a
s i e b e
u y a e b e
u z o e b e
n i e b e
s i y a e b e
s i z o e b e
b a e b e
n i y a e b e
b a z o e b e
n g i e b e
n g i y a e b e
b a y a e b e
n i e b e
u y a e b e
n g i z o e b e
u e b e
u y a e b e
u z o e b e
h a u f i e a
s i h a u f i
u y a h a u f i
u z o h a u f i
n i h a u f i
s i y a h a u f i
s i z o h a u f i
b a h a u f i
n i y a h a u f i
b a z o h a u f i
n g i h a u f i
n g i y a h a u f i
b a y a h a u f i
n i h a u f i
u y a h a u f i
n g i z o h a u f i
u h a u f i
u y a h a u f i
u z o h a u f i
p h o m o l o e a
s i p h o m o l o
u y a p h o m o l o
u z o p h o m o l o
n i p h o m o l o
s i y a p h o m o l o
s i z o p h o m o l o
b a p h o m o l o
n i y a p h o m o l o
b a z o p h o m o l o
n g i p h o m o l o
n g i y a p h o m o l o
b a y a p h o m o l o
n i p h o m o l o
u y a p h o m o l o
n g i z o p h o m o l o
u p h o m o l o
u y a p h o m o l o
u z o p h o m o l o
q e t e e a
s i q e t e
u y a q e t e
u z o q e t e
n i q e t e
s i y a q e t e
s i z o q e t e
b a q e t e
n i y a q e t e
b a z o q e t e
n g i q e t e
n g i y a q e t e
b a y a q e t e
n i q e t e
u y a q e t e
n g i z o q e t e
u q e t e
u y a q e t e
u z o q e t e
t l o o e a
s i t l o o
u y a t l o o
u z o t l o o
n i t l o o
s i y a t l o o
s i z o t l o o
b a t l o o
n i y a t l o o
b a z o t l o o
n g i t l o o
n g i y a t l o o
b a y a t l o o
n i t l o o
u y a t l o o
n g i z o t l o o
u t l o o
u y a t l o o
u z o t l o o
h u l a a e a
s i h u l a a
u y a h u l a a
u z o h u l a a
n i h u l a a
s i y a h u l a a
s i z o h u l a a
b a h u l a a
n i y a h u l a a
b a z o h u l a a
n g i h u l a a
n g i y a h u l a a
b a y a h u l a a
n i h u l a a
u y a h u l a a
n g i z o h u l a a
u h u l a a
u y a h u l a a
u z o h u l a a
n g o l a e a
s i n g o l a
u y a n g o l a
u z o n g o l a
n i n g o l a
s i y a n g o l a
s i z o n g o l a
b a n g o l a
n i y a n g o l a
b a z o n g o l a
n g i n g o l a
n g i y a n g o l a
b a y a n g o l a
n i n g o l a
u y a n g o l a
n g i z o n g o l a
u n g o l a
u y a n g o l a
u z o n g o l a
n w a e a
s i n w a
u y a n w a
u z o n w a
n i n w a
s i y a n w a
s i z o n w a
b a n w a
n i y a n w a
b a z o n w a
n g i n w a
n g i y a n w a
b a y a n w a
n i n w a
u y a n w a
n g i z o n w a
u n w a
u y a n w a
u z o n w a
r e k i s a e a
s i r e k i s a
u y a r e k i s a
u z o r e k i s a
n i r e k i s a
s i y a r e k i s a
s i z o r e k i s a
b a r e k i s a
n i y a r e k i s a
b a z o r e k i s a
n g i r e k i s a
n g i y a r e k i s a
b a y a r e k i s a
n i r e k i s a
u y a r e k i s a
n g i z o r e k i s a
u r e k i s a
u y a r e k i s a
u z o r e k i s a
j a e a
s i j a
u y a j a
u z o j a
n i j a
s i y a j a
s i z o j a
b a j a
n i y a j a
b a z o j a
n g i j a
n g i y a j a
b a y a j a
n i j a
u y a j a
n g i z o j a
u j a
u y a j a
u z o j a
s u t u t s a e a
s i s u t u t s a
u y a s u t u t s a
u z o s u t u t s a
n i s u t u t s a
s i y a s u t u t s a
s i z o s u t u t s a
b a s u t u t s a
n i y a s u t u t s a
b a z o s u t u t s a
n g i s u t u t s a
n g i y a s u t u t s a
b a y a s u t u t s a
n i s u t u t s a
u y a s u t u t s a
n g i z o s u t u t s a
u s u t u t s a
u y a s u t u t s a
u z o s u t u t s a
b a l a e a
s i b a l a
u y a b a l a
u z o b a l a
n i b a l a
s i y a b a l a
s i z o b a l a
b a b a l a
n i y a b a l a
b a z o b a l a
n g i b a l a
n g i y a b a l a
b a y a b a l a
n i b a l a
u y a b a l a
n g i z o b a l a
u b a l a
u y a b a l a
u z o b a l a
i t h u t e e a
s i i t h u t e
u y a i t h u t e
u z o i t h u t e
n i i t h u t e
s i y a i t h u t e
s i z o i t h u t e
b a i t h u t e
n i y a i t h u t e
b a z o i t h u t e
n g i i t h u t e
n g i y a i t h u t e
b a y a i t h u t e
n i i t h u t e
u y a i t h u t e
n g i z o i t h u t e
u i t h u t e
u y a i t h u t e
u z o i t h u t e
b o r o k o e a
s i b o r o k o
u y a b o r o k o
u z o b o r o k o
n i b o r o k o
s i y a b o r o k o
s i z o b o r o k o
b a b o r o k o
n i y a b o r o k o
b a z o b o r o k o
n g i b o r o k o
n g i y a b o r o k o
b a y a b o r o k o
n i b o r o k o
u y a b o r o k o
n g i z o b o r o k o
u b o r o k o
u y a b o r o k o
u z o b o r o k o
n g i y a b u l j a e a a e
s i a y a s t h u
u y a o s e e b a s u y a b a
s i y a a y s i h u a e a q e t e
n g i y a n g i e u y a b
n i a z o n i h z o q e
n g i s i h u
u y a i u s i y a
u y a z o n g i r e
b a a u t l
u b u a s u y a j a i q e z o h a i y a p
u y a a s u t i z o r
u z o u y a h a u b a b o
b a y a l a e a a q e t a i t
n i f i e a u r e h o m
u z o a z o i i b o
n i y a b e e u z o h u l a a
n g i z o y a u h u g i z o i r
n g i y a i z o b a t l
n i y a a i t u y a r
b a y a i z o u
s i a a e a
u y a g i j g i t
n i i s o t l o y a b u o r e k
s i z o i z b a l u u t l h u t e
n i n i t u t u
b a z o g i z z o p s i n w
g i b u y a u n i b u e a
n i s i j a b a s i h a
s i z o s i j a
s i i s a i e b e i h u
u y a u l a n i p
u y a l o e u q w a e a u z o i
s i y a i t t h u
b a y a i z o s r o k o e g i z o
u y a u h u u l t u t t s n i q
u z o o i t h a p h o
u z o g i h a f i u b a l
b a y a l u m e i b u l
n g i z o i y a u a l
n g i z o u t l z o h a h a u f l a a e a n g o
u y a s i q y a e b
s i z o a z o h
u s i j a t u i s
u z o r e g i t l
s i y a r e k a u t l a l u s i r l a e a n g o
n g i o a e a s i i t
n i a y o k o n i l u
s i u b o r t h u t g i h
u z o i i t h a r e
s i y a n i t l s i p
b a i y n i y a n o u t l
n i u y a h u y a n
u y a i h u n w u s
u z o a u t l s a z o h u a y a h n i q
n g i z o s i p i z o r w a e a
n g i u l u m i u t n i p
b a z o u z o h
n i i r e n i u t n i l a h a
s i n g i y o b a l
n g i z o o r o u h u p h u p
b a z o y a i t z o h a z o s
n i u u t l u b u z o q
u y a z o p
n g i z o i z o j a i e a
y a q t s b a e b a j a a e a
n i y a a u o p h o
u y a z o u
s i z o m e b a y a i y
n i o o e
n i t u t t e e g i s u
u y a a y a s
a p h a s u a e a
n g i y a b a q e g i t o b o r
u y a s a e a
s i u y i e u t
n g i z o a e a b o r
u y a i z o h a u i b o a z o h
s i y a i e b s i b o h o n g o b a u t
n g i z o s i h a
s i y a u u r e
s i m e l
u y a o k i b o r u t u t
n g i z o i t h n g i q a u t
n i u e b o q e t
u y a a z o a l a e a s i z o q e t e
n g i y a a z o u y a n w
s i z o n g i p i z o s
s i y a s g o l o p h o
s i z o n g i y o i t h
u y a o p h h a u
n i y a o b o i s a n i y
s i y a a z o t b e e a s i p
s i b a e b n g i s
u y a a y a t i p l a e a o r y a i t
b a y a l u n w a o l a
n i n i e e t e e e t e
b a z o n g i s z o u i z o e
n i n i n g a l u m
b a z o g i y a
i t l o o e a a e a
u y a i p a y a q g i h
u z o z o e b a t l
n g i n g i b s i n g
s i y a b a q o h a u i n g o
s i a u t l o l u a h a
u z o u z o u
u y a t s a i b a a z o h
b a y a h u l o o e t l o o
y a s u j n i j o r o k a e a
n i y a a e w a e a
b a u z o j
n i b a l g i u t
u i i u y a s
u y a g i p
b a y a n g i h b a b
n i i z o j q e t e y a u t
n g i z o b a b u h a
u z o i n w h o m t u t s g o l a a z o s
o i t e a
s i z o b u a y a n g i n w i p h o
u y a a b u l
b a y a b u l a g i h u s i u t
u y a s i h a o r u r e a b o r
i z o l n i h u e e a
s i y a t e e a a n g
u y a z o q e z o q
b a y a o k o e i s u
u z o e l a e s i u s u t u o h u
n g i l u m a e a u z o j s i s i b a b a p h
b a y a b z o j a n i b
u y a a z o h
u y a b a p h u y a l a z o i i b a y a j a
n g i b g i n i s a e e a
u z o u m e a i t t l o a
u y a b a i a n z o s
n g i y a k o e a n i h a
u z o z o u t
s i g i t a h u l
n g i a h u b a b g o k o e u s i h u l
u y a g i u t o a e
n i y a e b
b a a j o n w g i z u z o s
n i s i b o a z o h
b a b a i i n w a i y a s s i i t a y a i e a
s i z o b a z o s i b u i b u
n i e k i s
b a e b n i b u b a n g
n i a u f z o h a
s i n i b y a r e
o b o n i l u s i n w a e a
s i y a b a e b
n i b a q e
u y a a z o l n g i n
n g i z o a y a l n g i j
n g i z o l o o p
b a y a b a n w b u l a h u l a
b a y a a b u l g i h a
u z o z o n g n g i i
n i s i l u i q e
u z o b a j n g o
n g i b a z
u y a u z o u b a z o
u z o a b o y a j o o e
u s i p h u f i e
n g i z o a z o n
b a z o z o p h
s i t u t s o o e a
n g i z o a n w a
u z o u s u a u t l
u y a u h u l
u y a n i r e
s i z o o n w a n i s u
b a z o y a i t b o r o
s i s i z a i t h
u y a u p i t l o
s i y a e b e y a h
u y a a y a j a u t l i i t
n i y a u z h a o b o r g i h
n i y a p o l a e
n i u y a l u f i i b a
b a z o u z o i i s a e
b a z o a y a p
s i y a i z o i u n g o
u y a a z o u g i j i b u l
n g i y a i e a s i y a
n i p h o m n i u
g i b a z o s u s i n g e a
n g i s i b o z o j a
u z o g i e b u z o e g i z o
u y a s i i t
s i y a k i s a s a e
u y a e l b a b a
a i t h a e a
n g i y a a r e h a u n g i e
u y a a q b a n g s u t o n g o a n g o n w
u i t l o b a h u
n i b a y a
n i k i s a t l o a
n g i y a y a e n i n
n i b a z o z o b o t e e o o e u t e e o l u
n g i b a z
s i u y a i y a q
u z o t h u t
s i z o u e b e u e b m o l
o l u a e a
n g i r o k g i e b s i r e o a i p h o a z o p
b a g i b o
u y a n i e u l
n g i y a u y a e y a b u
s i z o t u t o u t a y a b
u z o t e e i q e t
s i y a r e b a r e t e
n g i z o i z o l g i b a
u y a y a s u
n g i n i r e i q
u z o o t l o u y a p
u z o u b s i l a t l o
u y a g i u z o s
u i j a n g i t
u z o n i e b t h u
b a z o z o y a t n g i y
n g i z o a s u g o l a
s i z o o m o u z o r n g i l
n g i y a a q e t
o e b g i i y a b u a e a
n i a h a o u a t l s i
n g i z o t s u t l o a e a
u y a q e t e e a
b a y a g i p z o j a
n i n b a t a z o b
b a z o n i b
u y a y a p z o n g g i e b
s i y a u z o e a u t
u z o n i k i
u z o z o j e b n i s u n g i z o h u l u i t
u y a a q n g i o l a e
s i z o a y a r u l u z o j
s i y a n i n w i y a b z o t l
u z o a y a n n i
n i b u o h u n g i r e a
u y a o q e l u m e g i h u
n g i z o u f i e i z o l n g i y
n i y a u y a l i z o j
u z o a y a b i t l
u y a a l a e b a h u
b a i z o s a p h
n g i y a i z o s n g i b
n g i z o a e b o u u y a s
u l o e a i p s i l u
u z o s i j i s a
u z o i z o n u t e e
s i b a h u a p h
u z o o h u o e b e i z g i t l
u y a u a u f i z o b u a b a l g i h
b a y a a p z o r e i b a o l a
n g i z o u y a p n i b
n g i h u l a o e u b a l
s i z o i t h u a z o u
b a z o u z o s i h r e y a h a
s i z o y a t l b a h u
s i j a e i z o l u u t
n i i n s i b b o i i
u y a b a r
n g i y a n i h a b a z o i y a n
b a i z o r f i e
s i i y a e b e e n i y a
u y a i y a b a b u l
b a z o u y a b a y n g i u
b a y a t s a a p h
u y a l u m r e k b a e b
u z o n i h u i n a u t l
s i g i r e o u t l
n i y a s i b u y a j n i r e
n g i u z o t i r o r o k
u y a i q i n u b o
u z o i s a e y a s i e b
s i u t l u t e
s i z o a z o i u b a e l a a q e t a p h
s i z o n g o l b a h a g i b
s i z o s a e n i r e
b a z o z o b a o h u n g i p
n i i b a n g i s
n g i z o s i e b
n i y a n i n g a t l a u t
n i n g i p i z o i y a i i p u y a q o q e t
s i z o b a h u o n g
u y a a y a h i z o u
n g i n g i z a h u
b a y a r o k
b a z o n i j a g i z o i y a e
u y a k i s
s i y a u b a l g i z
b a a h a u
u a z o n
n i u y a b o r z o r e i y a l u z o b
n g i z o u s u t z o h a
n g i z o u t u t a n
u z o u z o j z o j g i r e
b a n i s u
n g i y a m o l n i h
u y a h u z o j t h u
n g i z o b a n g
s i a y a s
n i e t e q e t
u z o a y a h g i i b e e a
n i y a g i j a b a i
u y a h a u i s a e g i t l
n i n i i t n g i r y a s u
n i e l a e o h u y a s
b a i y a b n g i r
n i y a h o m i t l o
u z o s i z o r o n g i e
s i t e e s i u s i i t
u y a i z o i i q e t
n i b a n w
n g i y a s i s u z o s
n g i z o n g i l e k n g i t o t l o
s i y a n i b h o m
n i u p h o m o l
n g i a i t h o b o
b a s i z o s i n g
u y a u y a b b a j
s i o l o e o u
b a y a n g i r j a e
u z o n i b o o u t l
s i a p h o
s i y a f i e a b u
n g i i z o u s i r
u o l a y a b u a t n i i t
s i z o t u t t s a
b a t l h a u
s i y a i i t h u z o l a p h y a q u y a t
u n i p s a e
u y a u t l o h o n g o n g i s
n g i y a b a b u n a z o n
s i z o o r e e e a
u z o b e u z o q g i i
s i a t l e k i
u z o s i s u a y a l g i z o l u m e
s i y a u h u o b u i n t u t s
n i o e z o e b s a e
n i u i t n i u a u f i
n g i s i e i h a u u b o r
n g i y a s i n w a q e t
s i z o g i e b
n i y a g i n g u t l e e a
b a y a b o i h a
y a n u r e e a
u y a m o l o
u y a i t l o
s i o b o
n g i g i l u o b u l t u
n i a h a u a s
n g i z o i y a l g i u t
u u r e
n g i y a z o s s i j
n g i y a h u y a t n i i
s i z o w a e a
o o e a i t h e a
b a n i u b a n w n i p h g i q i h u a b a
n g i y a z o t l i z o z o i t
n i o p h u l a a
n i n g i z a i t o h u
n i b a s g i z
u z o u n y a h a s i e b
u z o i n g o
u y a u z o p k i s
n i t h u b a b u y a r e
u z o s i y n i q
b a y a g i r e n g i q i b u n i h a l o a e
n i y a b o n i s a n
n g i z o o n w o e u e a z o h
b a y a n i n b a r e
u y a u z o u u b o r
b a y a s i n g
u y a n g i y n i y
b a a q e k i
b a y a i n w g i i t i z o n
a s u t a e a
n i i r e k i q t s a
b a z o y a s a i t h
u z o z o t l t u t s z o j u t e e
u y a b a e b e t e h u l a
o m b e g o u z a r e e a
n g i z o f i e h u l a
u z o n i u t s i b u u l u o h a u y a p
n g i y a s i s u g i u e t t s a
s i z o a b u h u i p h
b a i t l s i h u
n g i y a u y a t y a s u
s i y a u z o j a y a n u e b e z o u t u h u
b a z o a u f i o s u i p h o h u t e g i b u
n g i i a p h o a n g o o b u
u z o z o t l a h u f
u y a a n g o u h u l i t h u
n i u n n i n
u z o o u t i y a q z o s
n i y a y a e b
s i z o u z o i i t h u l a
n i y a i z o l s i q e
n i i e a i z o n u m
n i s i q e g i m e o u n i n y a e b
u s i s u
n i y a l o a e a y a j
b a u m e n g i l i u b a s u
g i z o l a z o l u a e a
s i u f t u
n i h o m u z o u
u s i u s i h a n g i s
n i z o b o
n i y a y a l u y a l
n i y a i s a a b a
u z o a z o h
s i a i n i t l
n g i y a u y a q y a t s i h a
n g i a z o n
s i y a u m e l
n g i z o i h a s i j a y a n
u y a u i t h a h a o j
u z o u y i z o p p h u z o r
u y a u y a i s a z o b o
n g i o l o u h a g i n a l a i h a u u y a n
b a y a z o t u j q e t e b e e u z o h b a b a
n i b u l s i j a j a m e l a
u z o u t u y a u
u z o s i u u b o r
n i i e b n i j a
n g i u l a l u m
n g i y a o p g i b u
u z o z o b a p h o
s i z o u z o r a i j a e
u y a u z o s o u t l p h o m o q e t
u y a u y a o t l o a t u u t l z o n g
u y a b a e u p h o
s i z o h a n i l u l a b a p z o b o i z o i
h u t a e a
u y a z o s
s i a h u l i h u l
s i z o g i l o b z o i t
u y a q e t a i
n i o p h i s a e
n i y a i n w a p h g i l
b a z o g i b a u u t
u z o y a j a s i i
b a u z o q a y
u z o q e t a z o t
s i z o u y a t b a i t s i i t
s i z o o e y a b q e t g i l
b a y a n i g i q e
u z o u y a p s a e i p h
u y a a t a z o s
u y a a a e u q e t
n g i y a i y u l u m
u y a o n w a a e a
n i o t s i q e y a h u
s i y a s i t l
s i y a a j a m o l o b a j
n g i z o u j a s i n g g i u
s i y a e a o s u a e a
u y a u z o l
b a z o o n w a r a n w
g i e b b u l a a e a
b a y a a j o q z o s u
n i e b e i y a n i p h
n g i z o n g n g i e z o n g
b a z o n g i z b a z o
b a h o m a e a
u z o a y a j g i e
b a y a e k i b a b u
u z o g i u t a y a t i n g o
n g i z o a q e u y a i i u t
u o m s i e b
n i y a a e o t a y a p s i l
n g i a q e u s u e b e
s i y a t e e b a s b a z o
s i z o u m k i s a u m
s i a r e k
u y a n w a n i e o e b e
n g i g i r i q y a b a
b a i z o y a u
b a y a u h u l
b a s i i t u u t l
b a z o k i s a n g o a z o b
n g i e e a y a b n i l u
u z o l o a e a t l
n g i y a s i q e
n g i i b o r u h a
s i z o u m e l
u y a s i t l s i p h
s i y a i e a
s i z o a z o u a y a q
n g i z o e e a
u y a a b o n g i e s i t o o o n w
m e l g i h u a u f i e a e a
n i y a a e b i i a b a l
u y a y a t a e a i n g o
b a z o g i i u b u n g i l
u z o b a u t s i i t a b o r
u y a o e b g i r b u t e e i z o q
n i y a i y a i t u k o e a
b a y a o t l a p h o b a u t
n g i i y a r g i b o z o t
b a j a e a
n g i y a b a s u
n i y a y a s i y a r i z
b a z o o o w a g i e b
n i n i q i b u l z o t l
n i o o o r o k k o e
u y a i l u y a u
s i t l u y a y a b a
b a y a u y a e k i s a
b a y a y a p
n i s i j a b o r o
u y a i h u s i l u
u z o f i e a
b a z o o e b s i p h
u y a b a b u a t l o
u y a y a e b a y a e a b u l
u y a b a b u i q e i y a b
n g i z o o k t u t s
s i y a u y a n i n g
n i y a j a z o b a b a z
n g i y a z o s u
b a y a a h a u o r
n g i z o i i s i q
n i y a n g o h g i l u g i b o n g i l z o b
n g i y a u n w a f i e a o n w
b a l o o e
u y a u y a t i i u n g o r
b a y a o e a i y a p n g i t n g i a e b e u i t
u y a g i p h g o l
i p h i y a r u z o s u z o i b o a a e a
s i y a a y a t s i u t
u z o i s u t i z o u
s i t l o o b a s i p i i
u z o o q e a u a e b
n i a r e k y a b e b e
b a a l u n g i y e t e e i b a l
b a a z o p
o a o b o r a e a
u y a a s u t o b
n g i z o i h u
u z o o l a e g i s
s i a n g b a j a q e t
n i y a n g i z
s i y a a b u u y i y
n g i z o a z o e o a u l a a
b a u z o h h a u
s i a n i j a m o h u l
u g i t l s a e
b a z o n i u n i l
b a b o o a y a i
g i q e o n g y a u a e a
b a u z o b
s i i t l o
u i b o q e t e
s i z o n i h a n i u t
b a l u o m o l n i h s a o m o n g i j
b a i u h a u q e t e
n g i z o i i o u
n g i z o z o i b u l s u t
u y a w a j a e a b a y a
u y a a y a r
u z o n w y a b o a r
s i z o o b u l n w a
s i u e b e
n i o h u l l o o e
n g i a y a j b a z o a t l o
n i y a g i b a o b u
u y a t l o o u b u l
u y a z o h a n i b o
n i z o w a e
n g i t u t s o m o u t u
b a z o y a e u l a
u z o u y a n n i b a
u y a l o o e u r e k
n g i z o o s t l o b a n g a z o t
s i y a s i r i y a b b a i t
n g i i y a y a b o t a l a e
n g i y a a a e a e t e
n i i z o s n g i j
n i l o o e l a z o h o
u o j a s u t i b a l l u z o t l
s i t l o o o s
u y a i b o n g i b
u y a u z o i o r e k
u y a n w a e
u y a g i r e w a e a b u l a
n g i y a s u b a r e a y a u
s i s o p h i z o h a q e t
u z o t e e a y a p h
u y a e b e e y a j i s a
u y a o u t u t l
s i z o s s i b o n g b a e b u y a q i t h u
n i y a u y i y a b
n g i z o i t l o i r
b a y a a p h u y a r o b u l
s i y a a b o r
n g i y a y a h
u y a g i h a u h u b e e z o u t i t h
u z o i r e i n
b a y a i b o u f i e o a e
b a a t i y a b u t u a j
u z o e b e e s i n w
s i z o u l a e
b a z o n i y z o n w
b a y a f i z o j
s i z o b a j a a h a
b a n i p h
n g i a u t l b a p h o a e
u z o i z o r b a z
u y a b a b a u q e t
u z o u b a l
s i z o u y a n o n w a
s i z o o e b e n i t l
u y a n g i t
b a y a g i r e n g
n g i y a i z o l
b a z o i h i h a a y a e
n i y a s i e z o u
u z o u n w u m e
b a a e b e
u y a n g o l k i s a
s i y a e b g i e n g i e
b a w a e a o n g i j
b a g o l o t i j
s i z o s i q e i p h o b a t l
n i h u t i p
b a z o w a b a r z o e b
u z o w a e a s u t w a e a
u z o s i t l
s i y a l u m i i t
n i o n b e e u y a h u b u l h u t z o q e
n i y a u n w a n i u r e
n g i z o u n g b a j s i r e
n i z o e b a y a l
n i k o e z o j y a u y a t
n g i y a g i e b
n i i u r e a z o l e a
h o m o a z o b e e a
u z o i t i h l u m e
u z o i q e t b a t l i s u
n i y a i z o s
n i y a o a u h a z o j u f
s i z o o i
u y a i l u m l a a
u y a e b e e t e e a
n i b a b a p h u t e e
b a o n y a q e y a q i y a q
u z o m e l a b a i t
s i j a a h u l
b a z o r e k i t u y a e b
n g i y a u z o r o e u q e t
b a e b e a
s i z o a z o t a u t l j a e
n i y a g i i b a n w
s i y a u t s a b o r
s i y a p h u z n i s u h u l
g i y g o l a e a
b a z o n i n w o l a e y a p h b a b u
b a z o u l n i t
u z o o l a e
u n i n w s i q e a l a
u z o u b a l i h u
u u z o e a z o q
n g i s i i t i h a
n g i z o n g i p
u y a y a b a z o i t
s i n g i n i s a e i s a
u u h a y a n w
n i u j a o u t u e u y a u y a s b u l
s i y a z o j i j a l o o e
s i z o b a s s i s u
u y a y a r e
u y a i l u i z o h
s i y a o q e t t e e a u n
u y a s i i t i z o j
u y a t u a b o
u y a e t b a l a s i l
u z o i y a i e b e e
n g i z o i h a u s a e a
s i z o i j g i n g u l a a
n i y a a e b e o t l o
u z o y a p h l o o e
u z o y a p h
u y a y a u s a e i s
l o o z o h a a e a
b a e a a y a u a e b
n g i y a o e a g i y z o n w
b a y a b a g i l u
b a n i e b a y a l a b u
n g i z o u t e e i z o e i y a r
u a z o u z o i
u z o i z o a u t a b a l
n i a y a h g o l
u y a u m t s e k i s
s i z o s i h u a y a q
l o e i u t a e a
s i z o o m i z o e
s i y a o p h o n g i b s u t u
b a t h u t i h u l
u y a i y a e o b o r
u y a u n a n g o
n g i y a g i u t k o y a l
s i n w g i e b u t s a a e a
s i y a l u n g i e o q e t
b a z o u y a l
u z o a e a n w u e y a h a
n g i y a g o l g i q e
u o r e o h a u g i l u l o o o i t h k o
u u z o e s i p
s i o o e e t
s i z o b a i t o m o l e b e l a e a z o t l
u z o a l u g i b o
u y a u n g o n i s z o r e
u y a a u t u z o h w a e a
s i o b a s i j a u m t s a y a i
s i z o n i i i l u h a u
n i i e i z o t a h
u n i b a a n w a a h a u
n i a i t i i t e t e i q
u y a z o l u g i t l
b a f i e a
b a z o n g
n g i s i z o o l u
s i z o s i l u o t l
e k i s o p h z o u y a t s i l i b u a e a
n g i u y a t
s i y a n g i l
b a z o g i s g i j
n g i y a t l i h a u a y a e
n i o b a l u b u l
s i y a s i z o t
n g i s i l u r e k s i p
n g i u n w o q a a e a
s i a u t i l u y a j
u z o o t g i l
s i y a g o l n w a z o b n w a e
b a a y a p n g o
n i a z o n s a e a
n i n i h a a l a
n i i y a h n i b o g i h u
u z o i n u b
u y a g i i i t z o b a
n g i z o o r e k s i q e i z
b a a z t l o o
u y a o n g o b
u n g i t o k
u y a u o l a e
n g i h a u a l u s i e
u z o u b a s i b u
n i o l a
u y a t e e s i y a o l o o a o e b e a n w
n i g i h a t h u t z o u t e a
u y a u n w g o s i l u
u o i e k y a e b o m o u u i s u t i b u
b a z o u i t h
s i y a a z o p
b a z o o e z o b a a l a l a
b a z o s i b u
u z o s i u t
s i y a u l a i y a r
u z o g o l b a b
s i y a u n l o a
u n i l g i q
n i u t u b a j a
s i z o n w a g i i t s i b a
s i z o r o i z o n
b a z o h s i p h a l a e
n g i y a a s l u m
o t n g i y a e a
n i n g i e
n i w a e a a p h
s i z o a u f i l a b a e
u y a z o b o o h u g i l u l a a g i y i s a e
s i y a s e l a i h u l
n i y a y a u l u m e l n g i j
u z o s i e b a z o j
s i u y a r i b o
n i a z o b
n i h o m o
u y a a a e a
b a z o i z o n i n w
n i u y a n y a t l
a a e a o s z o s e a
t l o s i q a e a
u y a y a b n w a l u m y a b u t u n g
s i y a i z o u
b a y a w a e a n g i t a z o p
u s i n a h u l
s i u b a l u m s i j l o e
u y a a h u
b a n i h u u p
u z o b o u b o u y a j
n g i s a e n g i y o p
n g i z o o s u b a u t
n i y a o t l o z o p h
u z o o n w n i h
n i s i j a
u z o i q e u y a j
s i z o r e k o i q e a z o q u h a u
n i l o a z o j
n i n i s u a n w a u z o u p h o o l o e
u z o z o b u
a b u a u e t e a q e e e a
n g i b a j b a h b a j
b a z o z o e b n g i i u p h o
b a y a i s a e g i t l
u y a i e b s i p i y a i u y a h
u z o i p h u l a i y a
u y a n i p u t s a
b a y a z o i t o i t h
b a y a i y a i a p h o i i t h
b a p h o
n i e t e e a z o t
u y a y a t
b a i r z o n a q e t
u z o t h u u b a a i t h z o t z o b u
u y a z o q
u z o o t u f g i s u
u y a o b u l
u y a u y s i n g y a n w
s i z o i n g n i y n g i j
u z o b a b u l a a e i b o r a n g
s i z o i y g i p n g i i
n g i z o i b u u m e l k o
b a z o i u a t n g i e
u z o b a s u
s i z o u l a a u m e z o l u
n i u n w o k i y a b o o e a u s u
u z o o h a u u q i q e t
b a z o o e b z o i z o e b t l o h u m e l i r e
u y a n g i n u t s g i u
u z o s i q b a s u
b a y a h o m
u z o u z o i y a q e
b a y a b a t l l o e a s i n g a z o u
s i z o u z o p
s i z o a z o i b a e u h a i e b e a z o t
n g i z o u z o t n g i e
n g i y a y a i e a n i i
u y a l a e i i i y a j i y a q y a s u
s i a z o t a i t h i n
b a y a i s u t s i b o a h u o k o s i b a
u z o m e l n i t l
u y a y a r e z o b o
n i y a t h u o r e k
u y a a r e k a l a g i r e
n g i y a b a p h a y a q
u a z o p g i q e g i s a q
u y a n i j a
u y a s u t u
s i y a y a i i y a p t u t s
n i i z o e b a t b a n
n i u q e t y a j a e
s i s a e z o n w
u u q e t z o b o b a p h
n i u e y a n w
b a y a y a i t a h a u
b a u y a h
s i n i i t i b a k o e a
u z o u q e i s u t a n g o
u y a y a e i i b a l a
s i s a e i y a j
n i u e b e
u z o u s u t
b a z o o b a z o q e
n g i y a u y a h
n g i z o u b u b a n w a e b e
u z o g i h u b o r
u u m o h u l
b a z o o h a i q e t i n g o
n i s i s u i y a i o h
u y a u l a
u z o u n w a s u t u
n i i y a s u t s a
b a z o u r e k o b o
u y a g i z
n i a z o q l a a e
n i y a n i r e
n i z o r
b a z o o b a i z o l s i l
b a y a n g i p n i i z o e g i h a
u y a i n g i u t l b a s u
s i y a a b a l b a n b e
s i z o o j a y a b u
u z o g i s g i r e
b a a t l n i o o n g i r w a e g i n w
b a b a z o t l o a
b a z o u l u o n g
b a l u p h o a e a
u u u t l
n g i y a b a s e b e e b a q e
u y a s u b a n g
u i j a
b a y a b a t l t s a e
n i y a s i t l o h a u n g i
u z o n g i p a t l o
b a z o u t e e k z o s u
u z o z o p
n i z o q u m e b a u t
n i g i h u
s i z o n i i t z o n
n g i g o a t
n g i z o u r e k o r a z o n
b a z o y a j a u p h o t l o a
u y a a z o h
n g i z o s i q e b o r o r e u q e t
s i u z o p o h u l
n g i b a p
u z o u t l o
b a y a a b u b a l a r e k
u y a u n g
b a i y a s l o a s i u a u t
u y a f i o q o l a y a p
n g i i z o b t l a n g o
n i j a z o r
o e a z o b a a q e t a e a
u z o u e b
n g i y a u h i y a l o l
s i y a a z o r o e b i z o p g i n p h o l a e a
s i z o o l
b a z o a y a l b a u z o j
b a y a l a e a z o r u z o
n i i l u y i e b e
u z o u y a n u f i e b e
u y a i z o n i
u z o o o n g i s
b a z o s i h u u z o j
b a z o l a e y a p h b a l a u z o l
b a j a e h u l a a e
u y a o l a e u h u l u z o h u z o e
u z o i t h a r
n g i u z o
u y a a z o u u h a
b a z o o p h z o n s i b u
b a o l f i e n g i b t s a u y a p a r e
u z o i y a u s i q
n g i z o l u m e i y s a e
u y a w a e a r e k
n g i s i e b u e e k i g i p h
n i i q e t
u z o y a r e
s i y a g i n g s a e o q e t
n i o a e n w a u f i e
n i a p h o
b a u t u t n g i i y a r
n i b a z o b a l n g i t
n g i z o i y a u
s i z o u y a i i s a
u y a e e h u l a o u t
u z o g i h a g i j
n i y a j a
n g i y a s i n w
n g i y a u y a i z o t o a e a
u z o a z o e a y o o e a
u z o u t s u l u a h u
u y a i y a s k i s
u a p h
n i y a g i t i y a q
n g i y a n i q e u z o b
b a y a z o l u n w
b a z o y a p u t l b a r e
s i y a l o o e
s i z o y a p h i t l z o l i n w z o j a t u t
b a u b a l a l u u r
u y a b a i o a e
u y a g i h i h a u b a e b
s i e a i p h o i y a n i h
u y a a y a h
u i t l n g i z
b a y a i y a r n i l u y a n
u y a z o h i t l o b o r
n i y a z o e s a n i i
u s i u
u s i e y a h u
u y a b u s i b o
s i y a z o h u
u y a a p h o z o b a
u y a u u p h a b u y a b o n i u t g i b u h a u
u z o a l a e u f i e
s i y a h o t a a
n g i u l u u z o u
s i i y a u u y a h
n i y a z o h u g i h u
u z o o t g i u u b u
u z o b a i t s u t u l o a
u z o u p h
n i y a t l
u z o u i z o e n i u t
n g i a y a h o l u
u y a n i e b n g i u g o l a z o q b a y a
n g i y a a p i y a b u l a e
u u l u a y a j i n w a
u z o u e b e g i t z o b u
s i y a y a j a y a h u
n g i z o a y a b
u s a e a
u z o b a u t
s i y a i r u z o r
n g i y a z o e b n i n
s i g i j i r e k
u y a a h u l i j a
g i i i y a i a e a
n g i y a u b u l n g i b e l a
n g i y a a e b e
o k t e i z o r i e a
n g i z o i h u l
u u e b e u q o b y a e b
i l u m e a
n g i z o z o q e y a b u
u y a n g i t l o a y a h a
n i i y a h u l a u z o b
n i b a r b a r g i y a
n i y a o h u l s i u o i
n i j a k o e a
s i o q e u n
b a y a b a s b a p
n g i z o y a b a i y a e
n i l u m a l a e n g o
o r o n i s u e a
n g i s u t u u s o t l
u y a y a b o s k i s a g i r e
u y a u y a i n g i j g i z o
n i y a b o
u y a n i p h u t s a
u y a y a t p h o z o t
g i h a s i b e a
n i y a a q e a j a
b a a y a h y a u t
u y a m e l a r e k g i i
u q e t e k i s a
n g i z o a b u g i h u b a p h
s i y a n g o g i p h a z o
b a y a u h a o k o u y
u z o b a r s i q e
u z o s i z b a j a l a a
u y a a u f o l a e z o t l
b a y a a i t h s i u t s u t
b a n i j a h u t e
n g i y a i q e o b w a e a n g i l
n g i y a i y a t
b a z o b a h u g i h a y a i
n i u y a p n i j a s i
u y a b e u i t h e a b o r
n g i y a n g i y l o i z o
b a y a e b e e y a b o u y a p
n g i y a u z o u
b a u b o g i i u z o r
n g i a r e k u z o u
n i p o e b i z o i e a
u z o n i u y a j n i r n i i
u z o u y a q u t y a r e o o o a e a
u y a e b a z o q
n i o h b a m o y a n w a l a l a a g i r e
n g i z o y a i y a s
u y a u b o r e b
u i y a l
n i s i t l u t e l a e a i
u z o a i a y a b y a j a
u z o n i y i y a u z o p h
s i z o a z o e a l a e u q e t
u u z o u u z o p
s i z o s i y u y a n
n i y a u y a i
u a y a j s u t u
b a n i i t
n i i h u l b u l
u z o t l o o
b a n a a e a
n i a j y a p h u s u
u z o s i n g n i i t b a z
b a y a e k i b a u t i z o u
s i y a q e t r e k t u
b a z o i n w a n i t l
u y a n i l o a m e l
s i z o b e e a o p h
s i i n g
u z o a z o o i t h
s i z o o e k o e a a q e t
b a z o o o e n i b u h o m
n i a n s i z o z o r i q e t
u y a s i t b a b a
n i e b e a p h s i i t
n g i z o s i h
s i y a n i i t o p a i n g i b
u r e k i b o a z o h
n g i z o b a i
n i u s u t s i b o
u y a y a n u z o l u j e l a e
s i z o b u t l o a e l
n i y a a z o b u j a i s e k i a b u g i l u
n i y a o o e a
g i u t e a
b a z o o e b u u a t l o
u z o i b a l a n w o a e
n i i n w a b a q e o h u o m o h y a p h
s i y a y a p b a n i p o h g i h u i y a t
n g i n i l i h u e k i
n g i y a a z o u z o p h
n g i y a u m e l
b a z o h a u g i h a
u i h u y a n w
u y a b a t
b a z o i s u y a b o t u
n g i z o i z o j n w u z o j
b a z o z o p i s u u t s
n i b a b u i t h
s i b a b o a p h u z o b
b a z o s i t u y a s
n i g i t l
n i y a g i q e b e e i z o t
u y a b a l a
s i y a u q y a u b u u y a r o a e a i b
n i u f n w a h u t
b a o k n i j a
u z o b a i t
n i n w a n i s u
u z o o h u z o b u n g i l
u y a o e b o k o n i n h u t
n g i a b u u u t g i h a
u z o s i q e
b a z o n g i e s i z o
n g i i y a s
n g i o q e t b a y a
s i u b u l u b u y a s
u z o i t h t u t u p h
n g i g i r
b a y a i y a i s i l o j
b a z o s i j a
u p g i h a a e a
n i i r h a u f i q e t
n g i y a n i l e b e u m
n g i s i r
y a b o y a s u a e a
b a y a a z o l n g i p
u a h a t l
u y a i z o s b a t l m e l a e t e n i
n i q e t i y a s
s i y a i h a u
s i y a u y a u a y a p
n g i z o u s u t
s i z o i z o p s i q e
n g i z o a e a z o i
s i y a o k o e e b
s i u t n g i j n w o l u m
u z o o o t s a e n g i e
u b a q u y a u
n g i z o u f b a t l s i s u b a r o o e a
n g i y a n g o n w b a s
u z o y a q e a t l o
s i z o i u m e l
s i z o h u
b a z o j a y a n n g i q
u y a l a u y a i g i e b
b a y a e a i p h n i b u z o b u e g i j a u l a a
s i y a o s u t h u l a
u z o i z o p i p h b a e b
u y a a u f i a h u l
u a z o n s i i
u z o h u l i n g o
b a a a e a
n g i j a o l a e n g i e
b a i q q e t e z o i t
u z o a s s i s
n g i z o u j a n i h u
n g i u u i b u l i y a j i h u l
n i n i p h n g i j
n i i t h u a b u a n g o
u y a g i i t u y a p s i q e g i t
u z o u z o e i u t a r e u t e e n i b o
s i z o u z o h z o q e
u z o z o s n i y a u z o i
b a z o n g i t i u t o h u
u z o e t i j a b a n w
s i z o u t l o i u t l
s i z o h o m
b a z o h u t e l o e
n g i z o u b u l
n i o k o a l s i y a
u y a a z o l i i g i y a
u z o u m e o n g
n i y a o a e a u p
n i u l u m s i i
n i l a u z o j
n g i z o z o q z o p
b a y a i i u j a
n g i y a a z o s
u y a u h a u e t n g o l
g i n w i e a a e a
u y a z o n g n g i l o l a u m a y a j u y a h
u y a u n w a b a i u u y a t
u z o l o o a n w
b a z o s i t i z o b
n g i y a g i r b a t
s i y a z o i p h o h a u f
s i z o y a u t t s n i
u y a g i t l
u z o o l a u z o i i s a
n i u y i z o j
u y a u r e i y a h
u y a z o h a l o o n i
n i u z o p g i u u z o r
s i y a a n g o t e e a o l
u y a l a e a a r
u a y a b m o l o s i n g u h i z o q
n i m e l i p h o s i b
u z o o b o r i n g o i t h u
n g i o m o g i h a i z o n y a q e y a j a
b a z o o e i t
s i z o b a h u
s i y a a l u m z o i t b a z o
u y a g i t o k a e b
u y a u t u b a b a
b a y a s a n i j o h u l
u y a i h a u t
u z o b a r
b a y a g i s i n w i p h o
n g i y a u b a l
n g i g i q i i t i z o e
s i y a t s a e a b a
u z o n i t i n g
u y a n i q u y a h i y a q b a l a
b a z o i b o r a h
u a n u z o j
s i g i i u m e l
u z o o l o e u n g o z o u
n i i i t r e k e a
n g i y a a z b a n g o s u t
b a z o b a b o g i p h
n i a e i y a i b o
b a z o a u o t l o
u y a i y a s i s a
n g i g i e a t a y a r
b a y a b a b a
u z o y a e u z o s z o n w
n g i y a i u t u b u l n i s
n g i y a u z o k o e n i u
s i n i s
n g i n i o b a l a j a g i p h g i z o
u y a z o a i t o j
u y a y a n
n i y a i z n g i z t l o
n i i z o j
s i z o o e b i z o b s i s u
u z o u g i h a b a t u i t
s i z o o l u m n i q e h o m n g i p
e k b a b a a e a
o a e a o m o l e a
u z o g i s m e b a j a y a t
s i s i l u u y a s
b a z o q e y a h
b a y a i z o n g i l u
n i u t s a o m i l u t e
u b a p h o e b n g i b
u y a o r l a a e
b a o n s a g i r e
n i y a a y a e t e b a e
u a l n i i s i y a n i n
u y a u z o t a u f
b a y a u b a
n g i z o i q e s i s
s i y a l o e i u t
o m o l e a
e l a e i h u l n g i i a e a
n g i z o z o b a i
n g i y a i y a n a z o s a h u l
u z o o q z o b u
u y a i u a s u e k i s
n g i y a i n g
n i y a e k i s
n i u y a b n i h u s i j a o s s i z o a z o j
u y a i b u n g i h
u y a u t l e t e e a z o s
b a z o s i y
u y a y a b b a j
s i u n u z o t y a h
n i k i o j a m e
s i z o a y a n n i i t
b a z o a p i y a q s i y a
u y a j a i z o l s u t u
u y a y a p h a q e t
s i y a o l o e
n i y a s i u t o j a
u y a u b a l
s i z o z o n g t l i z o l r o k o u t e e
u u z o u
n g i z o i p o e o q e t
n g i a a e a p h o i s
u e a g i s u
n g i y a h u l a n g i u
n i s i q e b a h a u h a
u z o n i t o u t l
n g i z o z o b t e e a w a
u z o a z o b i b a s i b a g i b
a y a e i z o i a e a
n i z o t l u y a p
u z o t h q e
u z o n g i n
b a y a a y a i r e i b o
n i y a s i e i z o p
u z o l a a y a n g u b a l
b a y a a y b e e
b a y a y a b a b a n g
n g i z o o j a b a t u y a b g i u a h u l
u z o n w a z o q
b a b u l o o e
b a y a t s a
s i z o y a n g n i p
a p h o f i e a s i b u a e a
u y a u f i e n g i q
u z o q e t
s u e e a
n g i o k o m o l e l a n i s u
b a z o z o b i y a b
u y a a j g i n h u l g i z i l n g i
u z o a t l u m
u y a s i h a u e b e
s i y a a y a q i z o e
n i s i j n i q e
u y a o h a o h u b a q r e k i s i q e u n g
u y a u q u p u y a n o a e
n g i y a i u t b o r
u y a i u t l i y a
u y a l o o e
u z o a n w a o r e k n i l
u y a y a e b t s
u y a u y a i
s i y a n i q
n i i z o t
s i n i q s i p b a u
a z o t l o o a a e a
b a y a l o o u f i e
n i y a a l t u t s
n i y a b e e a
s i a y a h o b a l
u y a a u t g i s u g i u t
b a z o i z o s i z o q
u z o u z o r
u y a s i j a a e b e
n i a e a a s u t
n g i y a u h a u a z o i
n i i t l o a u i y a r
n i i t a y i q z o u n i r e o e a u l u a l u m
u y a w a e a i l u
u y a b a u t i y a i
b a y a u n w u n g
u z o h o m o i z o j g o l
u z o b a o l u n w a e u l a
n g i y a g i b u
u y a z o h z o h y a t
u y a b e e a z o i n g i n
u z o o r e k o b o r
u z o u h u z o e z o l
u y a z o u t o h a u i n g o g i q a z o l s i n g
j a n g i s u n w a a e a
b a z o u y a n u r a y a t
u y a z o i t l o o e
n g i n g i l b a b i t
n g i z o u r n i l u
s i z o o b o r i r e k
u i b a l p h o m
u z o s i e b a l b a h a
n g i z o b a h a n i b u m i s
s i k i s a g i q i z
u a s u t g i q
s i z o a h u l i h u n i e b
s i q e t a p o r e o b o r u t u t u s u r e
u y a s u t u
u y a b a i t u p
u y a b u l u j s i b
s i m o l o i u b o n i t
b a b a i i t h b a y a
n i y a j u e b u l e k i
q e g i q e a
a z o n a e a
u y a g i r e a j n i p
t l o n w a b o r o e e a
n i y a n i u h u l u y a j
n i n i b n g i e y a u t
i t h u n g i y a e a
u y a y a b z o e
w a e a e k l o a i s u e a
n g i z o q e t o r o l a a z o
u a l u m y a t l a i o p
n g i y a i u y a u n i l i t h u
u y a a q e t s u t i i t h
n i y a g i j a s i z
b a z o w a a y a s e l a e
n g i i i i y a b a y a p
u y a a y a u f u b a o j a
s i y a o m o l o q e t
n i n g i h
n i y a y a i b a z
s i y a z o i b a h
b a z o o k o e
b a z o t l n g i p
n g i z o n g i j g i r e
u y a a s u u s h o n g i u
n g i z o a e b a q k o e
n g i s i h
u y a u a h u l i t l o
n g i y a o q e
u z o s i q e a y a i l o o e
b a z o s i i t o n g
n g i y a y a u t
u z o a z o r
u z o u m e l g i b o m o
u y a u z o l y a j a
n i s u t u y a t n g i r
u y a o s u t h u t
u z o u y a p u l a e u z a q e
s i y a n w y a l u
n g i y a a z o i
y a l u u s u t a z o i a e a
u y a h u t e n i e u z o p
b a z o u n w a h u l a a u i e b e
n g i z o o s a r e k
u y a t u t s
s i y a z o s u o q n i s i t h u
n g i z o u z o o e m o l o y a h i h u i j
u z o n i j u h u u z o u
u z o a i
u z o i u n i i z o p
n g i z o i y a u
s i y a q r o k o n i q e
b a y a n g
n i y a z o h u
n g i i a h z o i
b a n g i h o m o
u y a t h u t u h u l
u e a g i e b a b i t h
s i z o l o a e i p
b a y a a q e
b a z o u q a z
u z o q e n g i b
n i a n g
b a z o u y a n
n g i y a n i i b a l u
b a y a a e a y a e b
b u b o r o i y a p n i n w a e a
n i n g i z i n w a
b a y a i l u m a a i h e l
n i y a b o
u z o h a a n g o b u l a i z o l o n w
u y a i y a r
u z o n i b u o e y a r
u n i n w i n
y a l u e a
b a y a n g i g o a u t l
n i y a n i e b a t t h
u y a b a r e m o n i e
u z o a n w a
i p h o s i e a e a
u y a n i j s a e a
u y a i b u l n i l n w a e
u y a n g i r g i t l
n g i y a u t e e s i e b
s i y a n i a z o a r
n g i u y a u e t i s a
s i y a a y a u
u y a n i h a o m o l e t e
n i a n o a e g i b u
b a n i p h h a u a p m e l
n g i z o g i p
b a y a b a u
n g i y a g i q h a u i y a b
s i b a h u b a h a
u z o g i h u e b e a u f i
n i o s u t
b o g i s u e l a e a e a
b a y a g i u y a o m i y a u
s i z o u y a q s i j
n g i z o u z o t n i i t
n g i b a i z o q
b a z o s i y h u o h u
u y a n i t l k i s
n g i y a o q u q e t z o t l
n g i z o a i t r o
b a z o b a u z o h a b o
b a z o b z o s u l a a
b a y a b i z o t
u z o u b u l i r e
b a z o b u z o l z o p
u z o b a z o q e t
n g i y a k o e o e a
s i n i i g i b a h u i h a u
u u y a t i y a i
n g i y a i z o i u y a l
n g i y a y a s u i z o u s u t u
s i y a i t
u z o o n w a n i n a z o u
s i z o a y a q y a j a
b a b a p z o n w u m e
n i y a u y a t i e b m e l u b u l z o i z o s
u z o o h a u b a u t
n g i y a s i r e i y s a e a u z o r t u t s r e
u y a a z o n b a h
n g i u u t l a y a t
u n i r k o p h o g o l a
s i t u f i a y a s
b a i h a u u p h b a h
b a z o a z o s z o n w m o l
u y a j a e u y a r
u y a i z i z o p
n i b u h u l a i z o s e a
b a z o t u t s i z o g i r n i j a
n g i y a b a t
n g i z o b u
u y a o h u l e b l a
n i o s
u y a s i b u s i s i q e t i z o s s i j a
n g i y a a q n i h i s u t
u z o i p a n
n i i b u y y a q e
b a z o u b o r m e l a e a
u y a q u y a t
u z o a y a h b a n y a p h
n i o t l y a b o
s i i u t a y a i b a s y a b a s i l u n i t l
n g i z o t l o u j a y a r
s i i q e t h u l i q e t
s i n i l z o q u y a b
n i y a z o s u y a s g o l a z o q s u z o h a l a
s i n g i t u t l o n i b s i b o l a a e
n i g i i t i e b e i y a u
n i g i b o p h o i s u t
u y a t e y a u z o q
s i y a t u t s
u y a o b a y o l o b a t l
b a n g i i n i n
n g i z o m e l a
u y a u h a u u z o e g i i t
s i o l a e b u z a t l o
s i z o y a r e n i y
b a z o b y a e b y a i t
b a y a i s i s i z o r
s i z o s s i h a
u y a f i i i t h
n g i y a a s u t
u z o o m o l u o b u l
u z o n i s u n i b
b a z o i z o q
b a z o u q e a b a l b o r o
a u t l a e a
u z o z o p h a z o b
u z o w a u q s a
b a s i u y a j
n i n i b o n g i b a a e a
s i z o j b a z o m e l a a l a e i z o e
n g i b o a z o q
n i y a o l a u r e a z o n
s i y a o q e t
n g i z o b a l a e
s i b a u o l o n g o
n i i l y a p u z o
u z o z o b u o l o b a p h
s i z o o h a u e b e e
b a z o b a e t h u
n i s i z i q a y n i b u
b a z o m e l a b o o s
a l a e o n g s i q e a
n g i z o s i q n i b o u z o p g i h a
b a z o y a s u i n w u z o p
n i a b o r t u t s z o q e s i t
b a y a b z o n e k i b a u t
b a z o n g i r t l o u u
s i z o u z o j
s i y a y a e b b a o l a a r e k
u y a u y a t n i y
b a y a a y a i u q e
z o p h a e a
n g i z o n i b i y a e g i e
u z o u y a b a r e k
b a z o a i i z o e b e y a t l
n i a u t u z o j g i z o i n w a e b
u z o y a j o r
n g i y a y a h b a l a g i i
n g i z o i r o j a i z o s n g i a z o b
n i h a u u t e g i
n g i i i t h
b a w a e a
n g i u r e u m e l
s i z o b a i t b e e
s i y a t s a e u y a i
n i b a n w
u y a g i l o n g o
u y a g i r o m u z o n
n g i z o b a h u y a j z o e o l u m z o q
u y a b a b a o u t b a h u o p h a z o t
u z o z o s u o q e
u y a a i t a y a q
u z o g i r e u y a r
s i z o u b o r e l a i t l o l a a i r
n g i a u f u p z o u s i b u o p h
u y a n i b o i y a q
o b u y a h u a e a
l o e y a b a a e a
u y a t h u i u t n i r e
b a o r u q e t i y a s
b a a e a
s i w a e z o h u y a t
s i y a n i s u a l u
u r e u z
u y a o h u a j a b a j
b a o r n i b u
u z o z o h a s i y a s i r e
s i y a b e e a z o h a u i t h
u i b a z o b o u
n i b a n y a r n i r
b a u t u t o s u t
n g i u z o h i n w
n g i y a s i e b o r e k
s i z o s i p h u z o p
u b a t i y a b
s i z o y a n w a z o e
u y a n w a e o p h u t u u y a
n i z o t l o l o s i i t
b a g i b a e t
a z o u u z o q a e a
n i o s u f i e h u u y a s
s i z o h o m o b a b a b a l
u z o u p h o u t
s i y a y a e i s u t o j a
n g i y a i y a n u h a u y a u
u y a t u t n g i j h u
n i y a s i s u n i j a o n w z o p b a z
u y a o h a h u t
s i n i b a o b u l
n g i z o u s u n g i t g i b o
b a z o z o b a
n i y a u y a q s i o e t s a
b a e t e e u i t h
u y a o s u t a y a n
u z o l a a e u y a e a y a e
n i n i s u u t s a
u y a i z o l
n g i a z o j k o n i i t
n g i y a i z o q u s u t
u z o i t l o
u z o u f q e t a y a n
s i z o o i a b o r u f i e
u y a a n g
b a y a n g i b s i h z o s u
u b u l a s i j a
s i y a a u a j h o m b a p u p h f i e
s i u y a z o u t
n g i s i l i y a t
u z o n w s i b o b a u t
n i y a o n g i h a s a n i t
u a y a h o s u
n g i z o e b e e e l a
b a y a u t i z o q
b a z o n i q i z o n
s i z o i t u h o b o i y a e
i n g i p h e a
n i y a a u t l o q
s i i z o j
s i z o p b u l a
u y a u r i z o t s i l u
n g i y a i w a n i j a n i r o o e i u t l a l u
u y a u z o q n i b o i h
u z o e k z o u t o h a u
u z o i e b u y a s
n g i z o e l a e i z o q u y a h
u y a u a i t i z o t g i s
i n g o a e a
s i z o a r e g i i i s a
b a z o o l a e
n i g i j s i p o h u l
b a y a l a a e
s i z o o l o u u h u
i z o i i b u g i u t e a
b a y a i y a l s u n i i
b a z o e s a i t l o o n g
n i s i u t a z o l a z o e
u z o g o l a e a a y a n u j a
n g i z o s i r u t l
n i n i j a l a e
u z o t s a e
s i y a a y a e g o l a a q e
b a i p h u h a a e i y a s y a n a s u
u y a a z o u
s i y a a i t h l u m g i z o
u y a u b a z o p
a e a i z o p i j a b a i o j a n g i u a e a
n i h a n i p
b a a l a e t u t y a h u
n g i y a n a h t l i y g i n g a r e k n w a e
b a z o z o n
n i y a t l o o u j o q e t
b a a j
n i y a i b o u y a i y a e b
u y a o h z o l n i y
b a y a o j a i j a
u y a l o a e g o l g i n w
s i y a a z o b i y a e
u i n w a
u y a i q e b a b o
n g i z o u z o j b u l o a e
s i s i h u
u y a o n g o
u y a y a b a o l a u b a
n i s i t l a z o e
u o r o k i y a n
s i a z o n
s i z o i r e k g o l a a z o s
b a y a a h u l
n g i z o a u f i
s i z o i z o l u l i y a t
u z o z o t l i t l o b o r
u y a a b o s i n
b a z o u y a t a p g i y
b a o l a e n i i t
n g i y a u t e b a z
b a z o n g i p k i u z o b
n i b o r r o k
u z o i z o h m o
u y a a r e k y a j
s i y a s i h b u l i p h
u z o l u m y a p h u z o b
n i o j a a a e a b e e
s i z o u t u t a y a t
b a z o u h a
s i a p h u l a l o o e
u z o a b u
n g i b a h u b a
u y a u n w s i n w b a e b
u y a z o u t
s i z o u y a b a z o t a z o u u z o e
b a z o h k i s a
n g i z o n y a r u t e
u z o l u m e u f i e
u y a b a z o k o e a y
n i a i h u u f i e
n g i y a n g n g i i n w g o l a
n g i l u m n i p
u y a i y a l g i n g o l o e n i n w n i i t
n g i l u m z o r u y a n
s i i j a l a e a z o i t
n i a z o l u u t l s i j
n g i a z o j z o h u
n i l o a e
n i g i u t g i q a b u y a t
n g i z o s i n n i b a a t l
u y a i z o q
b a i y a e e k i
n i g i b a g i l u g i p h
g i s a a e a
u y a b a h
u r u t f i e k o e b a t n g i i e a
b a z o r o k i b a l y a p h
n i y a i h a u r e s i j a
s i y a h a u z o h a
n i h o o l o u p a b a
s i z o n i h y a u t p h
u z o u t u y a b
b a y a a e b e u b a l t l o n i n s i n g
u y a a y a i n i e b n i t z o r l u m e u z o i
n i y a i j a l a e i h a u
b a z o s a g i e o p u i
n g i z o o k o a q e t
n g i z o i z o p u h a o o
i p h o u z o h a e a
b a y a g i p h g o
b a y a u z o j a n w
u y a o i t h o r u b s i z
n i o i t h
o n w n g i y a y a p e e a
b a y a s i n m e l n g i t
s i y a n g i i a h a u l a e
n i y a a y a j i y a i
u y a i h o b a b a p h
n g i y a n i e b y a n w
b a z o s a e
s i y a b a e b n w a e
u z o e l a e a z o u y a b u
n i z o h u
s i z o a r o o e a b a r u b u l b a y a
u y a q e b a u t u a y a p
n g i y a i n z o u t n g i s
s i n i r a z o q
n i y a i l a s u
n g i z o i p h o m b u l a
u y a s i n g
b a y a i z o u n i b o
s i i h u y a l
s i y a n g i e e l a
u b a e s u t
n i z o h u
n i u y a t b a t a e a
n i o n w a n g o e b e e
u a s u
b a z o i h a i l u s i r
n g i z o o e a s i i e t z o s u
u z o i z h u l a
h u l q e h u l a o l a e a
s i y a a b o
b a y a o e a y a q
u y a s i q n g i r b a q
u z o o k o i z o e
b a n i n g
n i u t u t e b e
b a z o i t h u s i i t
n g i z o s i l u
u z o i i t n g i l a q e
n i g i n s a z o r e
u e k i o m o l u t l o
s i y a u y a n o n w
b a z o s i n g i h u u y a
s i z o i p h s i b a m e
u y a s i h u o b u l l a e a
s i y a u b u a l u m t e e a
o b o r i y a i e e a
u y a y a h a i n w a
u z o a z o s u z o s u z o e
u z o g i q e s i j o e m o l o
n i i l u m u r e
u z o s a e a g i i g i l u
s i o l o e z o q h a
u y a o h y a b a l a a z o r i s u a z o u
a n a z o u e e a
n g i z o b a n w o a s i l
s i y a i s u t i y a g i h a
n g i n i r e o l g i s u o l o n i h a
s i a b o r i j a
n g i z o o b a u n g
u z o g i b a n w o b a g i h
n i b u l k i t h u
u y a s a i z o q b o r
n i o b o
b a u y a i b u l
u y a s u i s a
n g i a y a n
b a y a b y a r i t h u s i i
u y a s i b a u y a l
u o u h u l s i n g
s i y a s a e a
b a z o j a a y a l
n g i y a o o a b u l
s i y a z o q s i e b b a n g
b a z o e t e e a y a p g i e
n g i z o l o a u z o p a p a i t h
s i o b y a b
s i a u o r o k
n g i y a b a u t a l o p h o
u z o i y a i t l o
s i z o u y a q
u y a i h i h u l a y a q
n i s i t n w a e
n g i y a a z o e i l u m o l u e b e
n g i z o y a r a y a s
n i u s u t l o e a
s i z o h u l u i e e b a n w
u y a u u n w a u z o i
n g i y a a y a h i b o s i t
g o s i p h y a r n g i b u y a p a z o e a e a
n i s i h o s u z o h y a p a l a i h i l
b a o r o i b a l
n g i z o i t h u g i i t
n g i z o a h a z o h a
n i e l a s i l u
n g i a l a o u t
s i n w a a q e n i r
i n g a y a h e a
n i y a y a s n i n g a r o k o e a q e t u l a e
n i e b e e
n g i z o h u l a e z o h u
s i z o o i t n w a e b a q e
n g i i n w o l u a z o i z o i
u y a n i s s i e
u y a r a t l
n g i a r a a e
n i a l a h o k o
u z o o a l a i h u l t h u
n i y a a b a l o o e z o u
n g i z o g i q e a e b e u b o y a s u b a e s i e b
g i i t a l a a e a
u z o u y a b u b u
u y a a y a p n i j a r a z o s
u y a s i h i t l o b a s i u t
s i y a o i t i b u l l o a
u y a u o l u m
s i y a a z o s
s i s i u t u p o r b a t l
n i a e b
i p o m o l i n w e a
u z o l a i s u u z o b a n w a
u z o s i p n i e b s i s s i p s i b a
n i o b a l l o e y a i t u r e k
u g i b u a y a j
s i b a z o s a e a
n g i s e a
u z o u y a s o e b i y a r
n i a a o m o
b a y a a y a s a b e l a e
s i z o s a y a r t s a u t e e
u s i i
n i n w a e b a
s i u z o i n i y
n g i a y a i l u m
n i a b u l a z o h
u z o i z o i
u y a s i y a b a l a
n g i y a a e a g o l a b a i t
u y a t h u a l u b e e a
s i y a n i q b e u e
b a a z o b j a e o k
n g i y a b a q
s i z o a e a u o u t l u l a
o r a h u l e a
n g i n g o t l n i h a z o q e z o l g i y i r e
n i a y a n g i r y a b o
u y a z o e b u b u l e l a e m e l a a z o t
o h q e t s i y y a q e a e a
s i l o o z o e b u u y a q n i j n i n g
s i y a e t e n i n i t l o
n g i z o u y a i z o t
s i y a o o r o k
n g i z o u z o h
u z o t l u r e k s i z o
u y a o k o e a e b e i p h t s b a n o r o k
n i b a u t
n i i y a p
u y a g i t e b e o r o k
s i z o g i n w o r e k
u y a r e k i n i j p h o
n i y a i t h u s a e a
s i y a a i t h o p h o
u i z o p
n g i y a n i r n i l u h a u f
u y a z o r e i y i z o i
q e t g i e a e a
n g i b a b a i b o r s u t
s i a y a p u b o r
n i i y a u
s i i b o
n g i y a i z o n
n g i z o y a e b y a p h
u z o r e y a b n g i y
n g i z o i y a e o j
u y a g i b o n i y
n i i z o q m o m o l o
u z o g i n g g i y a u u
u n g o h u l a z o e b a e a
u z o z o n w
s i y a a r e k
u z o n g i p g i s z o i t
u j m e l a t h u l o e a u s n i j u i t e a
u z o o h a u
u l o a
u y a u i a z o
n g i z o s i t l
u u q i z o h e k i s
u z o i z o j u y a u
n i k o e i z o u o p b a b
u y a a p h o z o n g
u a n a e b u z o e b a i
n i g i y y a s
n g i y a o n g o u f i
b a y a a r e k u j a z
n i n i b n g i e b a b o s i e u h u a h a u
n i n i p i r e a r e k
b a s i b u r o a h u
b a y a i s a e
n i y a n m e l i r n g a b
s i y a k o i e b n i i z o n w
n i g o l a b a l u
n i a y a n u y a r
b a z o u t s
b a z o u l u m a z o
b a y a n g i q n g i j a y a e
b a z o o b u l
u y a i e b e
n i s i u t z o u t l o o
s i g i h a
b a g i b u b a l u a n w
n g i e b e e h a o a e a
n g i y a b u l a
n g i z o r o z o p y a h a
n i b a j a
n g i y a u t l o
b a z o y a h u a h a u u b a
s i y a i y a j
b a y a b e e u h a i h a
b a y a y a b r o u y a g i j
u y a h u o b u t l o o a z o s
n i a s u t y a b o
u z o u q e t
u y a l o a a l a n w a
s i u n i y a p n g i q
s i y a s u
n i u t u n g i p i n w
n g i z o b a l a s i s u
b a y a l a r o u t l n g i t
o i t a z o r a e a
b a z o t l o a b a b u
n g i z o a e a z o n u q e
n g i i z o r z o q e u b o
