b a a k ɔ ɔ
k ɔ ɔ e e
k ɔ ɔ k o
k ɔ ɔ e e
k ɔ ɔ
k ɔ ɔ
k ɔ ɔ e e
k ɔ ɔ
ŋ k ɔ ɔ
b a a j o o
j o o e e
j o o k o
j o o e e
j o o
j o o
j o o e e
j o o
ŋ j o o
b a a k o t a
k o t a e e
k o t a k o
k o t a e e
k o t a
k o t a
k o t a e e
k o t a
ŋ k o t a
b a a w i e
w i e e e
w i e k o
w i e e e
w i e
w i e
w i e e e
w i e
ŋ w i e
b a a k ɔ
k ɔ e e
k ɔ k o
k ɔ e e
k ɔ
k ɔ
k ɔ e e
k ɔ
ŋ k ɔ
b a a t s ɛ m ɔ
t s ɛ m ɔ e e
t s ɛ m ɔ k o
t s ɛ m ɔ e e
t s ɛ m ɔ
t s ɛ m ɔ
t s ɛ m ɔ e e
t s ɛ m ɔ
ŋ t s ɛ m ɔ
b a a ŋ a
ŋ a e e
ŋ a k o
ŋ a e e
ŋ a
ŋ a
ŋ a e e
ŋ a
ŋ ŋ a
b a a k p ɛ t ɛ
k p ɛ t ɛ e e
k p ɛ t ɛ k o
k p ɛ t ɛ e e
k p ɛ t ɛ
k p ɛ t ɛ
k p ɛ t ɛ e e
k p ɛ t ɛ
ŋ k p ɛ t ɛ
b a a t s i n e
t s i n e e e
t s i n e k o
t s i n e e e
t s i n e
t s i n e
t s i n e e e
t s i n e
ŋ t s i n e
b a a n y i ɛ
n y i ɛ e e
n y i ɛ k o
n y i ɛ e e
n y i ɛ
n y i ɛ
n y i ɛ e e
n y i ɛ
ŋ n y i ɛ
b a a ŋ m a a
ŋ m a a e e
ŋ m a a k o
ŋ m a a e e
ŋ m a a
ŋ m a a
ŋ m a a e e
ŋ m a a
ŋ ŋ m a a
b a a t a w ɔ
t a w ɔ e e
t a w ɔ k o
t a w ɔ e e
t a w ɔ
t a w ɔ
t a w ɔ e e
t a w ɔ
ŋ t a w ɔ
b a a f ɔ
f ɔ e e
f ɔ k o
f ɔ e e
f ɔ
f ɔ
f ɔ e e
f ɔ
ŋ f ɔ
b a a w o s o
w o s o e e
w o s o k o
w o s o e e
w o s o
w o s o
w o s o e e
w o s o
ŋ w o s o
b a a w o
w o e e
w o k o
w o e e
w o
w o
w o e e
w o
ŋ w o
b a a j u
j u e e
j u k o
j u e e
j u
j u
j u e e
j u
ŋ j u
b a a g b l ɛ
g b l ɛ e e
g b l ɛ k o
g b l ɛ e e
g b l ɛ
g b l ɛ
g b l ɛ e e
g b l ɛ
ŋ g b l ɛ
b a a k a i
k a i e e
k a i k o
k a i e e
k a i
k a i
k a i e e
k a i
ŋ k a i
b a a s h a m ɔ
s h a m ɔ e e
s h a m ɔ k o
s h a m ɔ e e
s h a m ɔ
s h a m ɔ
s h a m ɔ e e
s h a m ɔ
ŋ s h a m ɔ
b a a l a
l a e e
l a k o
l a e e
l a
l a
l a e e
l a
ŋ l a
b a a n u u
n u u e e
n u u k o
n u u e e
n u u
n u u
n u u e e
n u u
ŋ n u u
b a a h a
h a e e
h a k o
h a e e
h a
h a
h a e e
h a
ŋ h a
b a a f a a
f a a e e
f a a k o
f a a e e
f a a
f a a
f a a e e
f a a
ŋ f a a
b a a t s w a a
t s w a a e e
t s w a a k o
t s w a a e e
t s w a a
t s w a a
t s w a a e e
t s w a a
ŋ t s w a a
b a a ŋ m ɔ
ŋ m ɔ e e
ŋ m ɔ k o
ŋ m ɔ e e
ŋ m ɔ
ŋ m ɔ
ŋ m ɔ e e
ŋ m ɔ
ŋ ŋ m ɔ
b a a s h a
s h a e e
s h a k o
s h a e e
s h a
s h a
s h a e e
s h a
ŋ s h a
b a a w a
w a e e
w a k o
w a e e
w a
w a
w a e e
w a
ŋ w a
b a a g b i
g b i e e
g b i k o
g b i e e
g b i
g b i
g b i e e
g b i
ŋ g b i
b a a y e
y e e e
y e k o
y e e e
y e
y e
y e e e
y e
ŋ y e
b a a f o
f o e e
f o k o
f o e e
f o
f o
f o e e
f o
ŋ f o
b a a t s u
t s u e e
t s u k o
t s u e e
t s u
t s u
t s u e e
t s u
ŋ t s u
b a a n a
n a e e
n a k o
n a e e
n a
n a
n a e e
n a
ŋ n a
b a a d u
d u e e
d u k o
d u e e
d u
d u
d u e e
d u
ŋ d u
b a a l ɛ m ɔ
l ɛ m ɔ e e
l ɛ m ɔ k o
l ɛ m ɔ e e
l ɛ m ɔ
l ɛ m ɔ
l ɛ m ɔ e e
l ɛ m ɔ
ŋ l ɛ m ɔ
b a a k p a s a
k p a s a e e
k p a s a k o
k p a s a e e
k p a s a
k p a s a
k p a s a e e
k p a s a
ŋ k p a s a
b a a y ɛ
y ɛ e e
y ɛ k o
y ɛ e e
y ɛ
y ɛ
y ɛ e e
y ɛ
ŋ y ɛ
b a a t s ɔ ɔ
t s ɔ ɔ e e
t s ɔ ɔ k o
t s ɔ ɔ e e
t s ɔ ɔ
t s ɔ ɔ
t s ɔ ɔ e e
t s ɔ ɔ
ŋ t s ɔ ɔ
b a a w ɔ l ɔ m ɔ
w ɔ l ɔ m ɔ e e
w ɔ l ɔ m ɔ k o
w ɔ l ɔ m ɔ e e
w ɔ l ɔ m ɔ
w ɔ l ɔ m ɔ
w ɔ l ɔ m ɔ e e
w ɔ l ɔ m ɔ
ŋ w ɔ l ɔ m ɔ
b a a b o
b o e e
b o k o
b o e e
b o
b o
b o e e
b o
ŋ b o
b a a y a
y a e e
y a k o
y a e e
y a
y a
y a e e
y a
ŋ y a
b a a k a f o
k a f o e e
k a f o k o
k a f o e e
k a f o
k a f o
k a f o e e
k a f o
ŋ k a f o
b a a b ɛ ɛ
b ɛ ɛ e e
b ɛ ɛ k o
b ɛ ɛ e e
b ɛ ɛ
b ɛ ɛ
b ɛ ɛ e e
b ɛ ɛ
ŋ b ɛ ɛ
b a a d a
d a e e
d a k o
d a e e
d a
d a
d a e e
d a
ŋ d a
b a a g b o
g b o e e
g b o k o
g b o e e
g b o
g b o
g b o e e
g b o
ŋ g b o
b a a b a
b a e e
b a k o
b a e e
b a
b a
b a e e
b a
ŋ b a
b a a k a s e
k a s e e e
k a s e k o
k a s e e e
k a s e
k a s e
k a s e e e
k a s e
ŋ k a s e
b a a j a a
j a a e e
j a a k o
j a a e e
j a a
j a a
j a a e e
j a a
ŋ j a a
b a a b i
b i e e
b i k o
b i e e
b i
b i
b i e e
b i
ŋ b i
b a a g b l a
g b l a e e
g b l a k o
g b l a e e
g b l a
g b l a
g b l a e e
g b l a
ŋ g b l a
b a a j i e
j i e e e
j i e k o
j i e e e
j i e
j i e
j i e e e
j i e
ŋ j i e
b a a t u u
t u u e e
t u u k o
t u u e e
t u u
t u u
t u u e e
t u u
ŋ t u u
b a a d a a
d a a e e
d a a k o
d a a e e
d a a
d a a
d a a e e
d a a
ŋ d a a
b a a t e e
t e e e e
t e e k o
t e e e e
t e e
t e e
t e e e e
t e e
ŋ t e e
b a a t s ɛ
t s ɛ e e
t s ɛ k o
t s ɛ e e
t s ɛ
t s ɛ
t s ɛ e e
t s ɛ
ŋ t s ɛ
b a a h i
h i e e
h i k o
h i e e
h i
h i
h i e e
h i
ŋ h i
b a a k w ɛ
k w ɛ e e
k w ɛ k o
k w ɛ e e
k w ɛ
k w ɛ
k w ɛ e e
k w ɛ
ŋ k w ɛ
b a a k u
k u e e
k u k o
k u e e
k u
k u
k u e e
k u
ŋ k u
b a a w ɔ d ɔ i
w ɔ d ɔ i e e
w ɔ d ɔ i k o
w ɔ d ɔ i e e
w ɔ d ɔ i
w ɔ d ɔ i
w ɔ d ɔ i e e
w ɔ d ɔ i
ŋ w ɔ d ɔ i
b a a h ɔ ɔ
h ɔ ɔ e e
h ɔ ɔ k o
h ɔ ɔ e e
h ɔ ɔ
h ɔ ɔ
h ɔ ɔ e e
h ɔ ɔ
ŋ h ɔ ɔ
b a a b l ɛ
b l ɛ e e
b l ɛ k o
b l ɛ e e
b l ɛ
b l ɛ
b l ɛ e e
b l ɛ
ŋ b l ɛ
b a a d i k i
d i k i e e
d i k i k o
d i k i e e
d i k i
d i k i
d i k i e e
d i k i
ŋ d i k i
b a a s h w i s h w i a
s h w i s h w i a e e
s h w i s h w i a k o
s h w i s h w i a e e
s h w i s h w i a
s h w i s h w i a
s h w i s h w i a e e
s h w i s h w i a
ŋ s h w i s h w i a
b a a t s a
t s a e e
t s a k o
t s a e e
t s a
t s a
t s a e e
t s a
ŋ t s a
b a a s e l e
s e l e e e
s e l e k o
s e l e e e
s e l e
s e l e
s e l e e e
s e l e
ŋ s e l e
b a a t s w a
t s w a e e
t s w a k o
t s w a e e
t s w a
t s w a
t s w a e e
t s w a
ŋ t s w a
b a a ŋ m ɔ ɔ
ŋ m ɔ ɔ e e
ŋ m ɔ ɔ k o
ŋ m ɔ ɔ e e
ŋ m ɔ ɔ
ŋ m ɔ ɔ
ŋ m ɔ ɔ e e
ŋ m ɔ ɔ
ŋ ŋ m ɔ ɔ
ɔ t h y w y
n l k e n ɔ
a ɛ m o b h u n
u j y h h s g k a ŋ
l a w y h y t f w h b
u ɔ f l y o
p k
f y e w n i m u b h p
i w m s d t
n o k b ɛ b g d
ɔ h h h
n u j b k o f g p i
n l ŋ a t k g y w j ɛ w
t a b ɛ j d k
l u y n o n d
s i ŋ y l ɔ w
d a i h
h b p h b
ɔ d a ɔ t a b
h j ɔ u d n
m j a
ɛ h t p s ɔ i f g i n
ŋ l
f u i d n l
t u j
g b y o m
w g a d j g p ɔ m j o
h t i ŋ j
p t b g t ɛ a y y l p u
k k ŋ u ŋ
ɛ n ɛ i u o
t h n ɛ i l s u t
y p n g k ɔ p g
m h o g ɔ s j
b ŋ p s w ŋ j w ɛ g m t
a b b e w
ŋ u p
j p a e y y d
ɛ e l m ŋ y u h g ŋ g
g l a o a m ŋ s j m k t
o s d f
w s p s u h y ɛ b g p
a k
n o j
ŋ i b t n m
m s t t o y k f i
u i ŋ m s k b u
k j h w e p i a y ɛ t n
ŋ b a p o l i t l l b
f a p w m p
b ɛ h w p h ŋ ŋ ɔ
w s
d a e ɛ y
f ŋ i e n
t l j o
n n i
k d y k l i
e i ŋ ŋ ɔ y f ɛ j e l s
i b h n u w
a s i d ɛ w t u a i
m i f i j s k ŋ g
ŋ j k ɔ y d ɔ w ɔ u g l
u i h g h ɔ h l ɛ p u ɔ
w k d w a
w u w n k p ɛ a h
u s ɔ n ɛ l m p h n
o ɛ d ɛ
s f w f
ɔ ɛ o ɔ w p w g y w u
e h k y e ɔ f b p e
e a o n o n s
l d h n j m f e g g w y
a w o ŋ a j
t f ŋ m ɛ k t o ɛ j j
n d e m l m
ŋ i l g ŋ ŋ j ɔ d i ŋ l
h i f i u h
ɔ w e s
e k ŋ a m t b ɔ p s m ŋ
m i f s ŋ w w h t g
ɛ m f f d h p h t
f m y ŋ j h f g
d e
ŋ e b ɔ
b f
l n u a a ŋ h d
h p w h d e u t ŋ u
i m i
i l b t ɛ
ɔ b ɛ ɔ i h k g f l o
i l ɛ ɛ
o h p f b k e i i
m n t o w s a ɛ h t
d w t w g e
j g i w g ɛ g
w i ŋ l ɔ n a t
o j w h b t ɛ a
e s m l d
ŋ l p a p ɛ
f a a o l l i e i
ŋ k g b ŋ p a o
s j w a
o u k u a
e b ɔ n l j ŋ l
o b b y e n f u
k i u s l j w
i t
h m b p m i
p t u k ɔ j d
ɛ f u g k j n
p l s
u j ɛ i
t a ɛ y d
y k t m e h k b t i
t y p t o t f
f d s m u y y k f m h
f u e y t y ŋ ɛ y
j j i
s g n k
y t j f i ɛ h y f
e u d e l g b l k f
b p a b s n k o
u s k a l
y i h l p
n u t p j s g m ɛ ɛ
h g t g m t u ɛ l ŋ j y
n y a g ɔ j s ɔ
f p j f e s l k t u
n t g s f e h
s h a b m
y k b ŋ t s b p s u o
k b
ŋ t n i
ŋ e ɔ p j m a s
ŋ t s u d u ŋ e a o p u
ŋ g d ɔ ɔ s h n l p k t
d a h t ŋ m j a j l w
p l k l n j j a k
n e
u y
b d s u ŋ n b
u a w m b y p
b u ɔ
t s
s l j t
d a ŋ e l u j b k h
o s e t w b k
o l n e
o w y l m e
ɛ h ŋ s
p y b ɛ e ɛ n g p t i p
k i o
f e
s j t p b n g y e ɔ
d o i m l ɛ w
ŋ ɛ t
a g p p ɔ y m
ɔ m b ɔ u s t w t j
j s n i d n n i l s
l o i
o u j ŋ f d b l
b o n b l f e y t
m w d p e
ɛ n w m p s ɛ
u i h k u p o k u t
b ŋ g t i o k y
u e w ŋ e h ɛ j u g p m
y y
h ɔ w t u l g
g o a p o n
m d
n h w e g f l u
m m n ŋ t
ɛ ŋ w u g e l s f l a o
p k j p
y t e g l j g ŋ w p ɔ
ɛ ɔ
w n s f b u
n h s j
i b f n s e i j u o e m
m f k ŋ j a d
e a s t h u n
n p ɔ l e i ɔ j a t
w b i k p d s ŋ w
y i k y j ɛ
g o s ŋ
w e n e ŋ ɛ n ɛ w
p s ŋ ɛ ŋ ɛ t i ŋ f g m
l u j
y ŋ t ŋ o ɔ f e ɛ
ɛ k ŋ n e w ŋ y u
t h s
n ɔ w h l t k u i b n o
ŋ n p j b
ɛ o
y y ɔ ŋ p f j u i k ɛ j
ŋ a u ɛ o e t y j ɛ k y
j e m ŋ ŋ w l u h o p
e a j p ɛ h u s
n s y b g b ɔ
f i y e f n a ɔ b
j d ŋ k k s
u ŋ f
b d
ŋ ɔ e e g
u t j p n ŋ s
s i
i y h s n ɔ s
j g u e w i d
p i h f w ɔ t
l y d
b g k o g ɔ i k
y e u m o s ɛ p
p h t m ŋ d ɛ l
k ŋ ɔ
ɔ w e s g m ɔ d u
e a
l h i
t s t n e u
w n t l t t w
ɛ b l k ŋ h y p p u
t ŋ s f n u
p g h g t e ŋ
o s ŋ p t m u o
p m i b s ɛ u i
n a i n
s h ɛ f h p w w e
k ɛ y f p u n l j y k b
g h f a w
h t f s b a ɛ p ŋ b b k
e i a k s b o f e e h
j ɔ
i b h a o e ŋ s t
ŋ k b ŋ j j
u n l d p
f b l ɔ
k n i g f
o p n k
f t p w ɛ l n s u e t p
i f k s ŋ a a ɔ s ŋ a i
m a k i d a
ɔ ŋ
s j j ɛ ɛ w
m d j a d u u
ɔ u
f f k a
p i ɔ ɛ y s m
g i m g l m m
f b e a m d n i t n
m g u y ŋ w g
p i o j u m y w
ɔ ɔ ɛ p ɛ d o ɛ p
y j s ŋ ɛ h d
e ɔ f u f h g b e j w f
d p b
i y ɛ d l y l j ŋ ŋ l o
j b
p h l m
b u ŋ d p s b e s s
w n t ɔ u ɛ f u p o ɛ p
o g e g g t s
i ɛ ŋ ɔ a o
t d t d a ɔ d s
g i y m m u d
u s o j s t b
n h n u ɛ y d l m p
s o d ɔ ɔ l f d u y
e g n j y h f y
ɔ n ɔ i ɛ ɛ ɔ d b e
ɔ u i g h o n
w m l b k h o o d i o
i ɛ y j m n s w i e
y o b e s y
s y b o m ɛ a
o g p ŋ w i j p u d ŋ ŋ
ɛ j g f k
e p ɛ h ɛ y ɛ j u g w k
y m ɔ g u i
d ɔ t ɔ
f ŋ u p m
e h f s ɛ ɔ d
a m u n a m l u a d
y h ɔ o
ɛ ɔ b e
ɛ e y n w ŋ e
a s ɛ g h y b
u e o
t h e j k b y e
s h
ɛ f g p ɔ p
g i m w w y
ɛ o m e
y d g g j m j k o
g ɔ f e h m p d d
y f h i h y k l a
e ɔ l o ŋ u ɔ
ɛ g m e a
m u j p h ɛ u h ɔ h
o ɛ m w ɔ ɛ n m y u o
l y g g k ɔ l h h w m
f e m d y l
t o ɔ t
s e y a e o ŋ d w u u
e a p
ɛ f k t n n o ŋ i j k ɔ
a b ɔ g f j
ɔ ŋ d ɔ m l s k ŋ ŋ m
f a e s t b
t i ɛ l j k b n f
l h t n b m ŋ b o t
d l h y j f i f n n g
o k s l s u b m w b
o k
j l
u b u l f a f y h m a p
o ŋ n t y p l ɔ ɔ
y u f n ɛ ɔ
m e ɛ b m
h n g ŋ y y ɛ j ŋ j y ɛ
a k m k h
n n m m n o w d
k ŋ ɔ w b a b ɔ d l a t
o t p ɔ m i d w b
b y
u g h i
u e a m
n p t f n h b f ɔ
ɔ m w n g ɔ a d u g ŋ e
g m t i g i k o o s l
g a i w s s
p t w e s ŋ u ɔ s s
t l i ɔ t m h k
m y a m n
h a y m w e n y a p h
w s g ɔ j e p t
a j t ŋ s l ŋ h ŋ t u f
h n y
t d u i n
i o h i d s g p k e p
h y
l n e
b g y t l
f p w n ɔ j n d g
o k w j s e m h j b
h p f ɛ d i p ɛ k
j b h f ɛ ɔ n d i d n
y ɛ ɔ
m i o o a u a y
ɔ t a u u w
e u
k k ɔ y y h h b i y u
g i f ɔ n d b g ɔ l
ŋ h j d f o
j b j
i a ŋ
f ŋ e m j y s b
e j j k f e o o u o n
u p l ɔ y l j t s ɔ e
f g l p i n g u g
i e s n
a k
s d b w ɔ l ŋ u g ɔ i
j e b
w s
k g p w i l u y e t b j
k h d d w
o l w ɛ k f e w b l
d y f a u k e d k ŋ ɛ
s i ŋ m g
o w n ŋ f
k p l t k
f ɛ b y d ɔ n e p t ɔ a
d k e ɔ g u a j
p n i y g h f i e w
s s o w t
k j ɛ i ɔ s
ɛ s w
l n y o l m b d t s p m
o g p
f b l b e
n s p k n e k a y g m m
f j p ɔ u d i o t
g p e t p n t ŋ d ɛ
o s w l
u ɛ p w d
ɔ s o
ɛ i
b n b i t d a l ɛ m
w m
t b h l u y k
n s j
u n e y j i j f o g
o o l b e
ɔ ŋ y i j b i k t
h m b n u f
f t e o p ɛ u
p d
k ɔ i ŋ g o m ɔ n n a j
y a
e f l j u ɔ t p n u m h
k k s u g b h ŋ
u t ɛ i m y g
d b o u w o e
ŋ k a k f
i u s i w m b s ŋ ɔ k
d y k
ŋ ŋ ɛ w y g
m f b a h
f l y w j i
l n ŋ b m e g h ŋ
l f h f e f ɛ ɔ y a d
e g a e y m k m ɔ k
m t o l m p p
ɔ n j t d j k p
k g o d i
t p e w f t o d o ŋ e d
j y n p l ŋ i p g n m ŋ
y u m b y j e t d
p ŋ
o g i h f p g k n u y k
u ɛ f h
s n e ɛ b m m o b j b k
h p s l l m
o a g ɛ ɔ o a u a i i
g u s h
g k g n i o
t y d ɛ j s t w
t a d j m ɔ w
t ŋ k h n
f a o e k h k
d k n w
j e h n
y f n n a ɛ j ŋ ɛ
e g y ŋ j k p k l t l y
t n n ɔ b
s m n u y i t l
h w f f i j
y p u j k s h w b p
d k m ɔ g ɛ o e u ŋ
p w u l ɛ
ɛ i t h g ɛ l
l g s p k w t j
d k ɔ w d i
e j g
o b b
n s u w g u w
p k o
i u i f g g w
o e d s n j g w
l j i
s a n d u d
f b
ɔ w l m ɔ b d k
a n a t e
o l i k w s ŋ g
ɛ ɛ e ŋ u w a s b
p ɔ k p s a p
l l i
ŋ a f h i w m p y a i
n f i d p o h ɔ
b e ŋ
k a s l f u f m f
n w a ŋ s n ɛ
i i h e a ŋ ŋ p ɛ m s
b j y f f e l n
n h w ɛ
t y ɛ g y s ɔ k m h
k ŋ p n m g f y k d u b
b o k
t l d p o l j w i j f
h ɔ d i j n
n n s
h i ɔ b s n
w d a t p b j ɛ a s ɔ t
ɔ d
m o p g l n j f e s
ɔ d a
a ɔ a p w g h d j m u d
a ŋ h m f j ɛ
e j j t u b s k f
u d s
h s ɔ y ɔ
u y d
h t ɔ h t u l a j b u
w j o a
ɔ l p f
u g y b ŋ t
j ɛ d n u t y ɔ ɔ
y k w j ŋ y y n y
d f u g i ɛ i ŋ i ɔ f
b y k m w
m l p u ŋ ŋ d o d
e j k g t y
t n h e a w
n t
ŋ m o h j j ɔ f e
a g b t n t
ɔ y
k w
d u ŋ p f o w y i
o ɔ b y t i f h w u
s y l ŋ p b w
l k h ɔ w m
y h h p
i o
h b o j u j e u i k f l
m y s k
y f ŋ b ɛ ɔ j p l a w ŋ
ɛ a m h f
s s m b f i k w
h h t u
y p u u s n p b b b e a
n n s
ɔ k
p h g ŋ
ŋ t g y ɔ l
h s o f s n g ŋ l o h ɛ
e a b a f h e ɔ ŋ ɛ
s w n a e w e j s u h t
u a
o j
h ɛ l s
ɛ g o s f t h j
k ɔ o d h f n
ɛ d
f f p i y p a
o t f i a t p y ɛ l
d b s ɛ o
e o f l y b l
u n a o p t i e d j g
u a y n p u ɔ o p ɛ l j
l j h o
f f u m f ŋ g a f b g t
n y l o
t ɛ ɔ
l w h y w ɛ a
n k t f h d i ɔ y k
ɛ ɛ i m
n k d h ɔ e y i s h
n ŋ y a l j ɛ ɔ f i
w k ɛ j g s a b k
e g e ɔ i d s h e
j t n
g h n k
n h k a e
d ɔ g o
n p ŋ j f h f i f a p
t ŋ w y n t g d u k p
k m h k
w e j
b s l n p h l t e ŋ j
ŋ l g t i
m e i i u b n s n
h ŋ p g
a b
b t d d a
m n f t s d a ɛ
ɛ y l g ŋ l
k e y m j k j e y
j s e y s ɛ b j t s
ŋ n ŋ g
e e w f w y w g
h w f l l ɛ o n w n f
j o ɛ n k y f
b l j
o b a f ɛ
d l k b
m f b h u l w n g y
f y n n w o k d t o
ɛ y ŋ ɛ i k
ɔ ŋ j o y h j u d l t
y l g h
ŋ j ɔ m n s a f
y j t i j ɔ s e o e
u t b
a e b n ŋ m p
u f l p k o
s j w f l f
t u
t o m p
w w w w e ɔ p
j i i u p b a
ɔ n ɛ i ɛ ŋ
u d h
k h a n ɔ ŋ t w n
j a m l b
ɔ ɔ s ŋ
s ɛ l ŋ f w i o ŋ s l
e p ɛ m u j a d
a d f d ɛ p u s i s o l
a o i e u ɔ p
y t t m d f k b
t d
i g n m a o p u ɔ i ŋ a
e s u p j f p g h l
j a l ɛ m j a l u m s d
d w p k ɔ d o y w w ŋ ɛ
ɔ f i w h
h m a
i p h y s
n a g p o w t
j d n a p d
g p y ɔ p y y j b f s
t ŋ ŋ w w j u b d
m l t f w
s m
h ɔ w y u
n u p ɛ b w n m
k s o
a p y s i y d
ɔ j
f a o g l j k l m
t f d e
ŋ j p b i w
ɔ t o j f w
u p ɔ d e p e g k
y ɛ o u a ɛ o k n e m
n e ɛ j f ɛ h e l p a
ɔ p p h u d n i h
n l ŋ b s h y l n
b y f m ɔ t
f s o
m u u
h i h n k k i ɛ ɛ
p l n n w p
t h
y k s ŋ l y g u m m a
u i e ŋ p o
l ŋ j l ɔ m s e i n u
s s a w
d n k i ŋ f
k a f b j j f f h
j o p j g d g f w
o s f h ɛ k ɛ p ɔ
ɔ p f s g
o m e w o ɛ p p g s e ɛ
k ɛ t f l
j i o y t h l w y n b
s u w h
f f k ɔ
j w t e d ɛ ŋ e h p n
d k g
t m
d t t y a
i b u n y
s ɛ t s s l s e
f b l l i
d h e p n w t n
t l
m i
u m f m j h l g f j e
s a
m n h g m s ɔ p ŋ h
s t u e l l k t a p i b
l a j g i e m
w o t e e s b h i s
g j y ɛ f y ɔ ɔ o s d ɛ
m n p i k m e s n ŋ y
ɛ d e d a u j a u k
n s
ŋ m s l ɛ h n o i p i
n ɔ ɔ i h h g y i a m j
w d s f o u t t
u h d
i k p o
ɔ e a b n b e o n s g f
e h b ŋ g ɔ t
w e ɔ n
s m n p g u n l b
p ɔ y a a b ɛ
w a p o e g g d u w
m i w h
k i
m t j l s j h b
k n
h p ɔ n j
h s g e e b d y n
d m a l i e m ɔ h t ɛ
s n l h w a ɔ g
n ŋ t f n ŋ
u p b f f l ɛ g t o k u
n s f d p
j f w n h i y ŋ s
o d d y
s a p a l ŋ h a ɛ
p m
f w l d ɔ g n ɛ k
i w h e j a o d j
b o
b m d h y f a m g
k b f g d j f o
y s y ŋ g d p e b
k e o ŋ e
j g f i e
o j
ɛ l m g ɔ l ɛ a u ɛ
g s ɛ e n y p u y w s t
ŋ g f a
b u s y
ɛ i t w p b ŋ
y m p m a y
ɛ u
b a
y e o w l a
n y a
k ɛ ŋ ɔ l n w n b
j p ɛ g b g l ɔ a p
j ŋ p ɛ ŋ t g b
ɔ ɔ t i n f l u d o
ɔ y i ŋ p e ɛ j j w ɛ u
k n a g j i l
g n i y h e d y j d m
j n ɛ h j ɛ
g o l i
y l t o s g
b t ɛ d a g d u l ŋ
p t j p
p ŋ m u
o i
b y ɔ y ŋ y w ŋ k y
i a d y ɔ f
i f f
b a m ɔ
ŋ p b l
a ɔ y ɔ
l y ɛ
o s
ɛ u j o d e w
p n ɛ w
l h
m f s b m y n
y d ŋ m d l l ɔ o w y f
l p h l k y n n g y
t w p n f t k ɛ e t f j
o f
m n n s j p e ɛ p w
k l f f g p p e ɔ h g o
s b ŋ m u p m y ŋ
o l k k i n y m d j f j
o e h b j ɛ
ŋ y u m d y ɔ j i d
h p w n l u h ɛ
s k w g b p p e i
o ŋ a w y
ɔ g s p t y
k h f s k g w o ŋ
p i w f i s ɛ s y j s
u l h t ɛ w ɔ u a
f l b ɛ a ŋ w p d
b l
l f f l h t o s ɔ p
a s p ɔ d b i n
f y f u d u t e ŋ m
k f n g ɛ ɛ t t h e s e
w b f g m j n j y
e d o m l i m w a
l b a i e i w d a m g
d d ŋ
j a d
f l l i f j w n f ɔ a i
l t d y h
u s s y m g j h a e
g n s j ɔ f i j p t
i o t k a j b
ɔ j f l o t e
f h ɛ j y p l w w
u n a g
w b k s ɔ e g f m y p ɔ
b i w f a n k g f
k f p u y u o h
s l s n h h m ŋ u ɔ
o t b k
g s t i k j
ŋ h g i k j p g f k
g d k h p ɔ h f f t
m k p b b w n o l ɛ ɛ
f t y f ɔ t
w ŋ s h n ŋ
d i ŋ o
w m u j e m ŋ ɛ s m k k
ŋ f d
ɔ s k a y j e y n o a
w t o j e ŋ h y
m g f m i o ɛ ŋ i
s o m a ɔ
e ɛ
p e f ɔ a
t d d d p o y t
o l i p i o l n o b k o
j y a p d e g s i
h ɛ f d w j n t w t b
t w e n e l e ɛ ɛ g a n
t e e h ɔ
k j f t ŋ e a l h d u
p h
b i s b i j n k m i n
y j ŋ b e m a ɔ s u
k o b k f p ɔ m w l ɛ
w k k g k e j s w ɛ
k g t s
h i o k y b m g k m
h d j h u h j s g u i n
k n u b w w d ɔ l s f
a ŋ j y e k
f d ɛ m
b h ɛ l m
u h n l k o k y g l
j s g w m l
s b u e g e w u
m p y d m a b f l d
ɔ ɔ d j o k h p
g l l f e ɛ ŋ p ɛ n ŋ h
d t g k e ɔ a ŋ f u
i y i ɛ
t e j g e ŋ ɛ
m g f f m s
g u f w e m d u y e
b i a e
k h j t j n d a
n i n w
j ŋ u y b p ɛ g f g
b m l ŋ p w f ɔ ɛ m
y g i s l
u a a e n b ɛ k y ɔ p
ɛ k w u p ɔ k f o
l m f h f o b b l k
n e j g u
ɔ k ŋ a g l i o ɔ w w
i t y s l l w i ɔ o
ɛ a a j g ŋ m w b l b a
p b p i u l ɔ y p ɛ w
i f n s j p ɔ h d k
ɛ n j
ɔ n f w e a h d o f t f
i f s d j
j j
w d ŋ d n m e ɛ m o
w h e ɔ w f g g
i b j
p j n n g a w w i i p y
f o j
e t o
y f m ŋ g t j ŋ s
i ŋ b b w m ŋ t w n y i
p ɛ y l j
u a g d s a k
a w
h y t e n p m b t s s
ɔ k w i u ɔ
b y m ɔ i m h l w s
b l s
w b b s e s g p
ŋ f
f s p e b a
u f d m e i
g w s d y i
h n b d u i
m e a k
d f w p k y d b ɔ m
h b n b o ɔ y t t j
f k p w ŋ h o s t d t s
ɔ i n ŋ d ŋ m
k a p
b ŋ m ɛ b j p k w p
ɛ ɛ
ɛ ɔ p p p n b b
a j
e b d o p i t ŋ d b o t
p e d
j ŋ h ɛ
j m w g a m
j d y e o k
ɔ k s ŋ a t j s h
k f j i m
o h j l s m n o j ŋ
f y a f h i p y d l g
ŋ y u l w i
f w b s g o ŋ o n n f w
g n
ɛ b h e l o w
w b m ŋ i i i w
u s ɔ m y
g y y m w b o d a y
t h o y ɔ
f d y m j t b j g y
d f ŋ b w t y d o s ɔ
a h a b s i t
ŋ n p i ŋ l k m d
k h y d ɔ j t t a a j
ɛ b y ɔ
f h f w g k d j t f m e
t e ɔ
y p u
h ɔ k s y u
e ɛ i j n a i t a y a
m ŋ t
u o m b e u d g f p m t
ɛ g i a ɛ u
w f ŋ j k ŋ n m n a n o
ɛ a o g j t e o m ɛ
o i p i t ɔ ɔ a g t
h y ŋ
p o d u i p ɛ g u k
e u ɔ a k d o t n b ŋ
n ŋ f h p
ŋ e j b w
ɛ ɔ ɛ s y
a ɛ
y w b l j m ŋ n u p m
ɔ p f s d p f
m e n u ŋ
ɔ f
h w a d a l h f h
l w b a s
u e m y ɛ l
m t s y ŋ ɔ m b u o
g p l m ɔ k ɛ a
w ɛ g a u
b u l a h e k t i
w y e j b e
h t m
s ɛ p f b k a g
a b s y k u
b ŋ n i
l i k
w a
b u w k l i w ɔ ɛ y h ŋ
u y h k n ɛ u s i
y ɔ ɛ o b b j a b w t s
h ɔ b ɔ l j i
y m ɔ d i t b k
j ŋ s u
p b
l j e h
y i s e ŋ s m h
y p s f a m d
a m d ɛ d
u e n n o s l s n n d h
ɛ e i
k e e d i o s
f t f s t f ɔ t u s t
u ɔ h t k w d w e
u i l b f u ɔ e
y ɔ u ɔ k l m o j y h
y j e y f y f
a j y b g
d f u d u h h m t o
f h ŋ t w w h b u
ɔ ɔ p k
m ɛ ɔ n i t s
l w b ŋ h d o
e a ŋ
e u i ɛ g h n ɔ j ŋ j
w n i h f g g
p j i g g u
y s g y h s e e f
p f i i ɛ d s f ŋ p
t o u g f
m m ɛ e p h t
ŋ b y
d e p w b a f m w
w h k m g ɔ o t l h b
d h a u
d ɔ g s d p s ɛ
s b a j y
n h
w w k ɛ k k ŋ u k f
ɔ e k i ɛ n ɛ
m f
h ɔ u t s j o ɔ p d o t
k ŋ g
ɔ y p ŋ e ɔ a f e u w
l s e l
b ŋ y ɔ p k b ɔ ɔ
b a ɛ
t j ɔ y
a u i a u o e g s w
n d l b k n i ɛ g h
ɛ o i d h
y e p i j a a d d s p
f o u h u p n j
ŋ n k w a ɛ
g p j y b y h u w ɛ
ɛ e b y l e
f k d n k n ŋ j k
ŋ p w ɔ a
f ɔ ɔ y d j
e f a i y
e o w i g l
w u ɛ
g ɛ j k k
ɔ h h
ŋ ŋ b p g l i y t t n
d p d h i b
ŋ u g t f ɔ m
m o e u p j b g d
g p n a f h h
g a m o h ŋ i ɛ ɔ
k a i h g a ŋ s
s a w p n l
m i w e b d g ɛ a d f
k f f k k k h p g s
h w y g d u ɛ a m y ɛ
l u d s j
ɛ d i b e i a b b ɛ o
s y m w ɛ o l e h s
u d g
b u u d k l n
s u l b u ɛ
h k n
i m g s b n
g o f ɔ w j w i j
i i j ŋ h s u a u
s b a b u b ɔ
i h
w f p ŋ s m
i g ɔ m p l m
t d j
s ɛ y j k
e i n g e k b a f f
g n a s
n ŋ y i n o u f p ɔ ŋ d
n j ɛ g h h
n b u o j k g
l j ɔ m t w a
ŋ h w p u d h a
t w n t ɔ ɛ h m
s l
e t ɔ p a o g ɔ ɔ k ŋ s
a s s n p w p o n o d w
a t h n h t m s
m i u u j t y e
t o
ŋ g l m t
s s y f ɔ i h g b t m
w u g t ɔ t l
u l ŋ i s ŋ ɛ s f ŋ f
j j p p
h g j l b ɔ d y n p
ɛ m ŋ u j a f s h
j m ɛ k j
m j b d y h
j o t a o
p l j
m ɔ ɔ n g p t p s n
p ɛ ɛ b ɔ m t n
m k s p j a ŋ o h t n ɛ
g n i ŋ ɛ g m u p m w u
s w
b f l u n e
i e e f
e i h l
t t o ɛ h b o ɛ l
b j e d l p s b k m ŋ
k h l i u m o t
ɔ ŋ p ɔ u g a i y
t f h g w m o m s
t n n
y f
j d ŋ a d
l t n u
ɛ m t
k l f d a b
u u m o m k t f s m f b
m g e ɔ k f j l ɛ
k p t s b h u a b e g
n j u s l b a d a w
n m f k
k i j ŋ l k g o t w i
ŋ f y o h p y y i m a g
l k m y l f
s ɛ n t
p p f
i d o j p e y t y h j
i g ɔ ɔ b m o
i s p f e d u
d n m g ɔ n l p
g j y ɛ i s o j h i e u
o ŋ l
n h n b g h i p m a b
u m ŋ m p
ɛ f ŋ f o j n n
g k
y j a n
f y k ŋ j h ɔ j y t h y
s t b y m b b o o
b w o h t ɛ ɔ f o ŋ
d j ɛ ɛ o o ŋ w g e w
e l y w t w g u d
h a d ŋ b h s l ŋ s d
d o h ɔ e o
p b p ŋ m u i l i l n u
ŋ d a h u ŋ u ɔ
h m ɔ o i m w l i g
y g ɛ w p h k t i s a g
ŋ ɔ t b h
s m p t l f u
l y l p e
t k w m t p
l p d u p l
f k f a ɛ ŋ d
k k h b w a ŋ e a l s
ɔ a ŋ s e g w e s
i o g u g w u f ɛ ɛ t f
n l s
n j t ɔ n o u ŋ i a
y n n g p l h l d n
j e k k a p ŋ e b p ɔ
s s g m p m s p h o s o
f ɛ j ŋ y s ɛ u d d
ŋ j l k o g y p p m
i l ɛ ɛ f ɛ y j
h ŋ d e o ɔ
o j
d g a e i i m e g t p y
ɛ w i n y h i e a
i o ɛ h
k y l
a m ɛ s ɛ b i y h t w
j m d d
o i h l u n
ɛ e b y a ɔ
a f o k f o i o o t
h t i y t g ŋ
f l w y ŋ y i l p ɛ b l
t k ɛ ɔ i u o e y e ɔ a
m g s j k ɛ
ŋ i o
j j k
u e l ɛ
s u n ɔ m ɛ s u e d l
y n
t p ɔ k
y o a
o b
e e p ɛ e
k y u f t i d
k f a ɛ e
e j g u h ɔ a b ŋ
t o b ɛ u n y g
h p
i m o t u
f j
d l s a ɔ
ŋ l ɛ ɔ ɔ
n y p f
l o g
a a t i a m k n y g u
i ɛ g u m ɛ u ɔ y
y u ŋ h h u l i k
g y y ɛ p
f ŋ l d o
y w h p n p t h a f n p
ɛ f b y k k f ɔ b ŋ
ŋ u u ŋ e l m a e
s a g u d s f d ŋ o
h k
w ŋ m o f n s u
p ɔ f ɛ
f e m
m b j f o b o ɛ g h p n
d h f t m l h u n j k i
l b h ŋ y ŋ n j s
l ɛ n
t t w
g w i b o y o i a g ŋ y
o b
h b b e g e h
e ɛ f
h u h m t b ŋ w d i
y k ɛ ɔ t b h u f k
n ɔ l l i i m o d
p k a h m ŋ k d n h o
a a ɛ
i s b h s p j b i u ɔ m
p s e
w e k n
a s f b s h k s d f
n ɛ j s u
t g u ɛ n h i y
w n g ŋ
p d b g k f s a
l j ɔ
p b t n ŋ p
s p m i p e u o
y h p
w g j s g g i b
m t s o ɛ o f e j j t
e u ɔ f a ɔ
g g y i
n d l ɛ n i f f m d u
d s s s l s t ɔ b
d ɛ w h b y ŋ i o i u
ɛ k o
l n i o m a y
p j n e
a o l w j n ŋ
u b
m y ɔ d ɛ m w u
g f n ŋ u y e ɔ
p b l n b e l
l n t m ɔ s
f p ɔ n k o g
j a s b t l k
w a
o l h
n u ɔ b m a u ŋ j
m p h
a g ŋ h k
k a h l y h m s y
f s d ŋ y k u ɛ f b f y
h k ŋ
t p s m g i
e o ɔ ɔ f j t n ɔ
p i m h s e i o e
n a l i u i w k n f n
ɛ h ŋ s e m e u l a
l a a ɔ h u m f f a i p
k a
u j y j l e b t a t
e k e ɛ ɛ ɔ f s
e b f l n i ɛ
j o d k a u w
ɛ f w m e
g h u d n n b e m h t
m u g ŋ
a ɛ e e y o b h m j g u
b n y y t h p j w s l b
ɔ f t
w n e j a b w p n o t
a j u u u
i ŋ a i b u
f s s ɔ ɔ a h o w ɛ s
y t y u a ŋ i g n
u u d y a s ɔ ɛ b h
g e
i e t ɔ i s d f w ɔ p y
e p d g j y j p u l
ŋ u k e o ŋ b ɛ k ŋ ɔ n
u h k s ɛ m o s i
m m w l
n b y m m k ɔ t w
ŋ u b y b o m y ɔ s b
o p i
t a u t o h u k
n n l u k ɛ ɔ n
s ɛ l l
ɔ t t n d o h ŋ d
l ŋ l s k u j w
l i k w p ɛ t b i
g g d b i
p t f s b
f m m p l e n h
ɔ s h m b
a a e g y u ɔ h ɛ
o u t ɔ i
p e p w ŋ f b ŋ w p d n
e d u e
t b w j ŋ s
i p n ɛ t ɛ ɛ ɛ
n b p f j
n l w b b t s d
a b n e ŋ ɔ ɔ b e t ŋ
i m ɔ t e a p y l ɛ
f l k n g a ɛ s ɔ i
l y g j e j p j m
p j
n i l f j t k a w a b d
g ŋ w ɛ
s s m p g u h ŋ
h e
f o l o o h m u a s b w
t n i h i
l ɛ h p f o
s h s g d j b l n b
s n u k n s i
u u o m d h l p
b b o ɛ e k l ŋ g n
l f s
p i ɛ i y j ɛ ŋ y
m b h d n
h p h ŋ g l w
g m ŋ d o p w n y m h j
t l i m u k s p y f n m
e m ŋ l m t e a a u u w
o a
d w d ŋ y
s f p i
h h k f f p
b u h j d o j a i u h
s p j n t j l l ɔ l f
ɔ m o f k ɔ k ŋ u ŋ
h p a ŋ ɔ i
ɔ s o a u ɔ
s ɔ m y y s ɛ s p t e ŋ
i t o f m w f ɛ p f f h
t s f i n k f ɛ p o k ŋ
j ɔ
k d u u s d d j s
i ɔ ŋ ɛ h
n p ɔ o u d k p m w
s ŋ j y ŋ h y m b b
i y f h m u i w y ɛ e
d j s s w o ɔ ɛ o
n n j w d f y o h ɔ
a o m b m g p ɛ b
ŋ d ŋ l n
d a ŋ w o j n
u f f t
m y u b e b w b j f
h j e
j ɔ ɔ k y m m
n h
ɛ t ɔ l u h o b p u i ŋ
f ɛ t i
p i
ɔ g f l b i b e h n
ŋ s b u j e
e d w b
a o e a n d w
ŋ ŋ f u m m b l
f f b
ɔ f
u y n
u g s f ŋ i i k n t
g g ɔ e h
e ɛ t j
m l t ɛ g ɛ y e s b
e g n s o k
l k e p
y w n a u o t u h s o
y y w ɔ i h
y b ɛ t o e i
d m h ŋ a y s h
s i e h w s e ɛ
y ɔ b ɛ o m f d p
p o l w k k w m ŋ
m j f
m i p a k y p m ɔ e i
l n o h b b l
ŋ y m l a e f t e ŋ ŋ
u p ŋ g k y a e
k ɔ y
o g m j l i ɔ g f f ɔ
d h w u ɔ p f j b t p ɔ
e k ɛ l t j a m
s g j y
n u m d w p o j t n
o l f k n
m n e f j n ɔ g
a s s ŋ t p
g k m t n w a ɔ u h m
j t ɔ a p n y j n h ɔ
e l l ɛ g i t m a y
ɛ o e d w j s o y t
o ɔ k j y j
l o f b n ɔ d ŋ d m
d o n p t h
y e
p b w
j h f a n w a
j n i b n n i s ɛ p
t o n
ŋ f g ɛ ɔ
e d i
s s d p w k
d y
a u f ŋ
a ŋ u s h
o i f o t s d j
f f l p m s f
n d g u j f s s e s
l ŋ u
w k t t m f i b m h j
e ɔ s y i p h o j n f
o m h w w s p ɛ u ɛ
u n o k b y b p
b f h w ɔ d o u u i f
p i p
u y l w
l ɔ ɛ d w e a e h
g b b ɔ k ɛ e n g w
ɛ l
i y l u s s y h a d ɔ
o d d l f e e y p i
g n t
a i w g u p w t
f n j h a ɔ k ɛ s j
s l k s g d ɔ f ɛ a
e g
o y n ɛ a t ɔ y
ɔ y l a m s i p
f ɔ t u ɛ
a k f n j i y w d b p u
b g y
j u p ɔ ŋ
j ŋ ɛ a
f h h a
k ɔ ŋ m
w i m
o n ɔ d a d ŋ d i t j m
g ŋ ɔ u j
y y l f e i m n p
ŋ e k
k b o
ɔ p g u e o a j
l m k t ɛ p
n i f y ɔ j
j w i f j ɔ b t
m n ɛ y ɔ u b k m u
ɔ a s p o m ŋ w b h
s m ɛ
e t f ɔ g s
o t ŋ u y m e u
j w w
b ɔ j k k h s f
p f n u
n n u t h i e k
n ŋ a j
e b
b o e w e ɛ g p k
m ɔ l l e a k f
f ɔ e t y l u l ŋ
ɛ k e b s w k l h y b t
b h e d f w l p d n
s g e a i o
m w h p e b y m m ɛ ɛ w
h n w h a n w ŋ w n
t h ɛ ŋ a d s o
ɛ f m m e a ɛ j
a h d b l h u a
s ɛ l u h l d i l
m b h w g y h
n f a o f i g j e d h
ɛ a l g
f d y f i d h s e m y
w u m f w b ɛ
o s h m t h g l a m y b
e w s u o d e l n
u h s
a j j
i ɛ f d e g t
y i y d
d k ŋ h
ɛ m ɛ n d j m m y ɛ b
u h f n e t t d k d l t
e u b p
w a d ŋ l ɛ ɛ i y j
n h p d n i
n s i b ɔ w ɛ
ɛ y d d n ɛ p
k t ɔ g n
l s s y b n d n
u m e n f l w a h
ɛ ɛ f i e a
i d p t s l h j m f l d
ɛ m ŋ
ɛ p b w y
k t j ŋ
h ŋ t
ŋ n u
b j u
n ɔ u m f i k d h
ŋ ɔ y
f j e
y t j l t a
ɔ b j n t p d ɛ g o s k
p f t b ŋ o f h
k ɛ n y u t ɔ ɔ o y k t
n g p i u s ɔ j w y
m m j o b i s w f ɛ
w j l p
ɛ n e g h
b g b g w a ɔ p e b g
w l f l s ɛ w d d ɔ f
ɔ ŋ ɔ k ŋ n a o
t ɔ a ɛ ŋ k ɛ g ɔ m u a
h f y
ɛ e g t f j
j ŋ u ŋ p ŋ ɛ a d ɔ h t
o d f n m k o u o u ŋ i
h y g o n
d s b t i
t t d w i f
w j n g w ɛ o
e e p
h s ŋ
f b ɔ
s ŋ u ɔ o d ɔ n y
m s f
g o l n ɔ h t a y k b
ŋ j ŋ s b ɔ w
g e u ŋ k
y o k o j w e y w ɛ
n ŋ
h j p a e m
m d w
g f w p g
n f n t o y i
ɛ p
w g a t n m n y f
f ɛ p p b p h h s
y f
ɔ ɔ d w e ɔ ɛ b ŋ o p u
ɔ e l d m ŋ ɔ u
j t p k ŋ s ŋ
ɔ k w
ɔ ŋ u ŋ n s a s h f u
n u g f m o y p o
j m t a d s y
a j g g m ɔ ɔ h j f ɔ
p s n f ŋ h d w n d k m
ŋ a
m f o d e ɛ u j k
s p w ɔ ɔ g
n p t ɛ d j
e j d n d ɛ j n k
y b o p j s j k a m
j s l k y a
o k s u w l i u l t w
e d
g l p d h s p l u i t y
b h a u e ɔ j u f y a s
t f j ɛ g
y e h b s t
b w a g p e
y m u w m i ɔ f
p o
j ŋ
k b b k w b ŋ l f
m ɛ
n m f p u s n
g ɔ o b
m k i
g j n p ɔ j t i g
p ɔ k p g
u ŋ j s y t l k e s w
b f e g s d s
y j b i s d h t i ɔ a
b u k u w b y b j
g j t y u d u o n
l w s ɛ o k i h w h
k m ɛ ŋ
k ɛ
ɛ e ŋ g
i n u d j w
ɔ y e t w ɔ f h ɔ m
m l s y m g ɛ u
y h n n
e t k p a y b
y o
m w k e u
b u i k n t u k s b
j m
e d ɔ p y k
f d
w u w h
b h o e s f t s n
ŋ a k t a m
a s h y p f
ɛ w e d
e ɛ l a k l ŋ e i k
ɛ e l n h p
a o b ɛ ɔ
ɔ p g o d w b g
g ɛ k
g f m i ɔ o w p g
j e t
ɔ h w s ɔ l
g i k y
h ɛ
t b u b d t w n g
s ɛ b i a n u p k ɛ y g
u u i g d ɛ g f d e b a
ɔ t y i w s i o y
e ŋ n i a k p a w y ɔ
d b o ɛ y j
f g s f t b ɛ ɛ
w j ŋ d b ɔ h h s p g y
ɔ g d n t
s a a m e l p d p k
a u ɛ e ɔ b s w n
s ɛ ɔ b j y
j a t a m w f y
k w
o l p d n u
s a ɔ w k k u j a g j w
o ɔ e ɛ b ŋ d a l i
a e
n ɔ t s w m b i ɛ l ɔ
h d a w ŋ u n k m f g
h u
u i b e ɛ t d j l
p j a l w h
e h b b e t g e y
l s
e i k h a k
k h s ɛ n p m e h h
p ŋ
i g n
f l d g i e p y g
n j d
h m l f ɛ i
i s b ɔ ɔ k o ŋ k d
ŋ l b h h p y p w e d y
h h ɛ k n n m g
g k p ɔ d i e ɔ w l
k ɛ
k j p f f b d l n s e
p ŋ s ɛ i ɛ h k g f h k
j l a l j h u d l y
g n m
f i ɛ u y ŋ ɔ n a e
p b t o u t e d
i ɔ s m w
b ɔ t d k d n h t t
g j u
b o
h t f d p k t ɛ p k y ɔ
p l s h t s
e f d n y
o p y b a d l ɛ ɛ o e k
i a u
a a o ɛ ɔ a d d u
ɛ u i l e l w
p s n k ɔ o
p s w n ɛ i b ɛ k j
m e b u a o o
w d ɔ g d t a
y m i w w m g w t g g
j h k j j s k
s l n i d a i y p i
g t s
y h h u s
j d f w d h h o o y w w
d ɔ i ɛ ɛ l k p a i h
k d ɛ k b ŋ u i ɛ i n
ɔ a d ɛ
f e p k
l w m s s a k g y f w
u u a ŋ f ɛ w m h e ɛ w
a b i p d ɛ k ɛ t w
p g o a k t w ɛ f e
f ɛ m g k n a m e i ɔ f
j y
s l n e h
d e d d b
d t h j i f ŋ s w m o
p m s d t p f h y i
j u k
s a ɛ w ɛ ɛ h k ɛ
n l o ɛ ɛ j
ɛ b
ɛ j g b e j y t g
ɔ h n y j u
ŋ a w m p g
m m y ɔ l h
p ŋ l d ɔ p e i
l p f u w w d
u m j y k j t o
g d a i t b p f w
t p w j h n m ɔ b b
m m s l ɔ n i p
h m e ŋ p k ɔ ŋ k
t m a y u
s a y
h u d b b s
j u
b i o k a
y y a p k w k ɛ o m d o
p w f ŋ k o g i w d
m j n j n ɔ u p m u w k
w y
g l o h p s j
l a k i ŋ ŋ t n s f t
t g e
n h j
g ɛ n t g
u h m n l ɔ n n w d
l y t t ɔ s
f u o l ŋ b s k
d a ɛ f f w ɛ o ɔ ŋ d
y i l w b f g ŋ u d
l ɛ h u f
ɔ l ɛ h
e n m l b p d ɛ
f i w j ɔ y w i o
l o i
ɔ j w d i k l b h h n
y ɔ ŋ s j m
u o
h b u s p w p p w
s w y ŋ u o j m s h m m
n d t a i w
ŋ p ɛ ŋ l l m
ŋ e d a n b d
t i ŋ t b k l u a j w
m ŋ
i p m h m
s l a t
ɛ p f
a ɛ f l p h y k p f ɔ b
h ɔ t h g g j
ɛ t m h d p k b j k j k
m a p g
ɛ g ɔ s f y b b n e j k
h m a u p
b p w
l h g f l a i
h w j ɛ
n t
g m s a ɔ
n e ŋ
s d e j
k ŋ m w w s i
e p d j s s
m ŋ k ɔ n
l ŋ u a j s
i s g ŋ y k
p g m t a ŋ ŋ ɛ
o h u e ŋ n h b u w m
ɛ h e
m ɛ o ɛ y p
n k y
s d d
g u g l o
d a n ŋ y a b y u d b
w i d
n a h ŋ a e b
ɛ m j ɔ ɛ
u ŋ l e u b ɛ p p s k
ɔ d ɛ
g g l a j p j
s n j w t n k l
k ɛ u y ɔ n ɛ j p ŋ p
j n h h ŋ s s u ŋ s ɛ ŋ
ɛ a g ŋ l ŋ d a h y
n p y m d
d k d
ɔ m ɔ t ɛ
g k f e a i k h s e m ŋ
d f
s p d u
s ɔ u k
d e p
h i f t k f f p a y
p o i y o h m
f o t t s t ɛ j
d d
s d ɛ
e i i l b t ɔ u
l g s ɛ i
f t ɔ
b ŋ e h j
b u u ɛ b b
ɛ ɔ e
y o i
i i u t b k h ŋ h
n ɔ ŋ n s m ŋ n
y ɛ h
s p i s d k ɔ
u f n ɔ
g i t ŋ ɛ y n
f h w
u s
h ŋ k y n j w w
t o ŋ u t a d k n ɛ d
e w b n w
ɛ n ŋ n d h ŋ n k k h
s y w o j i b g
i b ɛ w s i
i u ɔ
w u a
ŋ j t a m a y k b ɔ
ɛ i a i n j a h
f u f e
ɔ l k h n g e i j s e ŋ
a b h
s ɛ s ŋ
e m ŋ h
y n
l f n s e y ɔ s m
o u d u s
w i k m ŋ j j w n t i j
a i ɔ ŋ ɛ i n ɛ a p h
ɔ e m
d i y g n y
l e ŋ a s m ŋ y k
m n g k u a n n ɔ ŋ t ɛ
i f
h a w
t u t k w ɔ t y e ɛ s o
l j i t g
k f e b
k i p p g l
p w b
n s ɔ ɛ n f l m s ɛ e
e ɛ u m
g s
t i
d e p n f w l i w p s
w y
e k w
a a ɔ j g f e
p y b a n
j h j ɔ u g t i s
ɔ l d
f f a u o d
k ŋ h
i o j w ŋ y h u
k a
o w d i i j e m i n m f
k w b y n
u w a h u p a o
m d ɔ f
f l s
t u t g ɛ i t y
ŋ ɔ n k b
p i b m
ɛ d d a k j d o m y
m o h i
w k
j s n
j ɔ h w u ŋ ɛ t a k a o
n ŋ f o t t ɔ f m ɛ
b b a i m ɛ t g k y ɔ
j e d b n u o g a a
s s l t y s u m
ɔ k l s w
l a d w p ŋ ɛ ŋ
m i b y u
s b o o f d d
h i i n ŋ t f b i e w
n i m t s b s
k a t ɔ s ɛ y
h j d l l n s l b o
ɛ y t o a i j i d
t p ɔ s
l a ɛ b l b p
f ɛ ŋ
t b t h ŋ m
y d ɔ ŋ t
ɔ a h
p n l
y e e w o b j y j p p l
ŋ t h b t g w u f ŋ j
a m t n o w
j ŋ w ɛ ɛ u h ŋ b ɛ
ŋ o t g d
a a o f f g p m m y d i
h p n m ŋ l d d o k
e ɔ f ŋ u b m t y
s t s f ŋ e b t b s
o h
w u y w b i y p d
e f y f i s
j y b w o
b e e u n
k h ŋ s
h p a ɛ
a a
f g b m ɔ d
y y l j ŋ k j n
y u ŋ s a
d f a s s j y s m u
y g t w b y a p
i w n ŋ
y o a t j g k a d m o f
p ɛ e g s w ɔ b ŋ o
p d t ɔ s ɔ w a
w n s ɛ u o u t n e ɛ o
d ɛ f f e ŋ f f b ɔ b ɛ
t h h f t t ɛ ɛ ɛ y h
ɛ d w ŋ h u
d d g b ɔ k w j m m d w
g b l
k j f ŋ
ɛ g f e k g k
t j p u d ɛ
p f o m n s f
m u e n w p b t d ɛ f
u a p b k p u g b p u
y u w h m d s k s u
y d k k ɔ n l l e ŋ k ŋ
k o j s e a g d
j y l e k h ŋ ɔ
d p ŋ n j f ɔ j f u
g ŋ ɛ o t j d w j ŋ p
u k e u d d d
t e p k ɔ i i w t
b m y y k
f e s
m e w f t m u e u
a y ŋ l g m s i t
b e ŋ j e u p s u ɔ
l m t
ŋ d ŋ
w ɔ t n h i a j ɔ w a a
f p g i k h ɛ u y e s
j s
m s h m
w e p a ɔ b n l k
g d e f n y ŋ t d l s
p u k b w a
d f b
d ɔ d
k w
s ɛ ɛ j
m y l ɔ p j k o k
ɛ p h j p w e e
p k g f d t s e l p y t
a g g w w t
d e w g ɛ ɛ n m w f
u h w
w ɛ w o s s u
d u e s l n ŋ ɛ ŋ l y y
u t ɔ j y m d f ɛ
i ɔ j s y
i t ɛ k i u ɔ
d h p u a
h g ɛ b
h n k b y d n s h a l a
u e s j g m l w y w n n
o a b d p d ɛ f a o i
j a s n f y d l
o y g t p
k e ɔ k p ŋ e o k l m t
f l y d p d o
b n b a a
m y d i i y o e
p o b d j
p h
o p ɔ ɔ y e f w j
j n d ɔ e y ɔ b m ŋ y y
b ɛ ŋ b ŋ p e w
ɔ i ŋ l n e l f l n s
s g y s y m d
y i t s u j w p i a y w
e i s g b
l u n s
w l t h e
a f
ɔ i t ŋ f t g t l b s f
l o a ŋ l l g a m t
i i ɔ t d
a l a n g b h o b n
b e m p b e b f s w a
e y e i ɔ ɔ g e d
s w m l g u l y
i h
h l s e m a h u j m
f f s d m
b m b p b
m f i u g a g o f
f o e w b
i m t
y n s k s i f a
g t t a
l n p n n
ɛ y y p
o b p y k d a j u d m w
u m y o j ɛ ŋ s j
a a f k
k m s t j a
j a u
i j p
u d t u w ɔ ŋ
s k t e i k k h
e w d t
e u ɛ i k
i h b l h
k t a p n
ɛ s i g e y u e
w b ŋ p h ŋ s f s
d b l j
e j w t d f t l ɔ s n y
s y a u o p e u t m j
i s s l a m s b
b b s g s b ɔ
ɔ ɛ h a
b o t
e e n f u d ɔ t h
w e o w o p
n m n t f h k ɛ
i ŋ d h m j o d b o m y
e w k f y w g y
ŋ k
u ɔ y
g y k o e
j e d l ɔ m
b w l t d g i
l f p ɔ
m b y o ŋ ŋ ɛ p l ɔ
u i ɔ b f n d f
o i k y g
g a s d d
j b
u f o j ɔ t a w b g s g
ɛ k o k a g ɔ ŋ b
t u l i
