k o l u k a
k o l u k a
l u k i
l u k a k i
k o t u n a
k o t u n a
t u n i
t u n a k i
k o k e n d e a
k o k e n d e a
k e n d e i
k e n d e a k i
k o l i a
k o l i a
l i i
l i a k i
k o m e m a
k o m e m a
m e m i
m e m a k i
k o b e b i s a
k o b e b i s a
b e b i s i
b e b i s a k i
k o v a n d a
k o v a n d a
v a n d i
v a n d a k i
k o y o k a
k o y o k a
y o k i
y o k a k i
k o t i k a
k o t i k a
t i k i
t i k a k i
k o b e n g a
k o b e n g a
b e n g i
b e n g a k i
k o k i m a
k o k i m a
k i m i
k i m a k i
k o z u w a
k o z u w a
z u w i
z u w a k i
k o f a n d a
k o f a n d a
f a n d i
f a n d a k i
k o s u a
k o s u a
s u i
s u a k i
k o s o m b a
k o s o m b a
s o m b i
s o m b a k i
k o z a l a
k o z a l a
z a l i
z a l a k i
k o s i m b a
k o s i m b a
s i m b i
s i m b a k i
k o t a n g i s a
k o t a n g i s a
t a n g i s i
t a n g i s a k i
k o l i n g a
k o l i n g a
l i n g i
l i n g a k i
k o y e k o l a
k o y e k o l a
y e k o l i
y e k o l a k i
k o f u n g o l a
k o f u n g o l a
f u n g o l i
f u n g o l a k i
k o m e l a
k o m e l a
m e l i
m e l a k i
k o k a b w a n a
k a k a b w a n a
k a b w a n i
k a b w a n a k i
k o t e l e m a
k o t e l e m a
t e l e m i
t e l e m a k i
k o k a t a
k o k a t a
k a t i
k a t a k i
k o l o b a
k o l o b a
l o b i
l o b a k i
k o z e l a
k o z e l a
z e l i
z e l a k i
k o b a n d a
k o b a n d a
b a n d i
b a n d a k i
k o t o n g a
k o t o n g a
t o n g i
t o n g a k i
k o k o m a
k o k o m a
k o m i
k o m a k i
k o b a l a
k o b a l a
b a l i
b a l a k i
k o y i b a
k o y i b a
y i b i
y i b a k i
k o l e l a
k o l e l a
l e l i
l e l a k i
k o b o m a
k o b o m a
b o m i
b o m a k i
k o t e k a
k o t e k a
t e k i
t e k a k i
k o t i n d i k a
k o t i n d i k a
t i n d i k i
t i n d i k a k i
k o s a l i s a
k o s a l i s a
s a l i s i
s a l i s a k i
k o k a n g a
k a k a n g a
k a n g i
k a n g a k i
k o l u m b a
k o l u m b a
l u m b i
l u m b a k i
k o l a n i n g o l i b a l i o t e u m b i i
k o z u w i n d a
k o l i a k a
k a a b w t o n g a
t o o b k o y i i
e n d e w i a k i
z e l a d e a k o t a y o k a w a k i a k i
k a i k a g a k i i m b l e l a u m a
k o o t o n o y i b a
m b o t a n z e o m b a a k i
k o u k a k o t a n a
i m t i k k i m i e l i i
k o k e n l i a a k a n a
e a k k o b i
k o o f u n s i m i b i a
k o i m i d e i a
k o b e t u n i o k o m e k o a
k o t o l a k a b w i
y i o m b i
w i o k o o b a l g o t i n w a n i i
k o a k i a k i m i a
k o o m b i i a k g a k a
k o z m a k i i k a k a k i
k o w i k o m a o t i n a
o f o b o i
k o o f u n t i k a l u k o l i a
a l i v a t o n l u k a k i
k o b i s a i n g k o l e a
k o a n a u m b i e a k i a
k e n u m b a o m o b a k i
z u w a i
u w a k o l u k o k i
b e n a k i
k o z e y i b i k o f a i
k o a n d a o n g i k o s o a
k i b w a n l u m b i
k o o m b i d a a
k o o f e n n g a s i m a
k a t i z a l a i
k o o n g d i k a
b a k a k i
e n g i d a k i o m a k a k i
o m e l i
n g i s l e m a a k i
k a t i t o n l i s a e l a d a a k i
k o s o b w l i i k i i a k a
f u k o f u e k o e k i i
k o k o v a a t a a
o t a n o l f u n g a k i
o y l u m k o l a k i
k o z u w i i n a
i a k o b a l a k i
k o o b e n a
k o e b i a
k o g i s i i m a u w a
k o k o l a k o m i a
k o t o n g k o f a s i m a
k a n g i
k o z a l g i s a a l i s a
o t a l a g o l i a k i
k o e b o s o m n g o m i o k a i m b i a
k o k a t t e l e a
k o o y o k m e m a
k o u i i m b a
k o m b y e l i s a a
k o b a k i k o b o u m b a
l i n y e k i
k o g i z a l k o y a
k o k a n g a
k o t u o t e k k o f a e b i o n g i z u b e b a
b o m s u i m b i a k i
g o l a e k o i
l o b i a k i
k o d e u n a k b e n g a
k o n d e a b e n g l i i a
k o b w b a m b l i n g a
k o a b l e l a a
o k a n o t d e i a k i
k o o m e m a
k o z a l a n i a
k o l i n k o k o o f a n a
u m b i o t e i
n g a b e n g o t e k a k i
k o a b w a k o v o s a k o k i a
k o o k e n u w a l a a
k o z u w i t i k a
k o o l a k a
z e l o k a k o b a l i
l i i z e l i i
k o a n k o b a
k o n d i k i n o m e l a
k o a l a n d a a
y i b i o y i b o y o k a k i
o v a e k o t e k i i
b w a k o z e i
o m e m o l u m a k i
k o o v a k i m i s i a
o s a i
i n g a i
k o k o y o k o z u i n g i a
k o o z e e m i n d a k a
e a k k o l i k o s o i
k o l a u n g o k o b e i
k o k o k i n d e a
k e o l a t o n o t a n a k i
g a b w b w a a k i
n g o i
k o l u m e l a a
u a k i n d a k k o m a i
l i s a s u i f a a k i
k o k o v a u m b i i k a a
o y o l a l u k i k a k i
a t a k k o m i
o k o e k o l i
m e m i m a k i
k o z a l i m i o m b i b a l i a
m b i u m n g a k o b e n i
k o l i a t u n a a
k o s i o t o n a
k i m i i
k o b e n g s o o l u e k a k y o k i l i s a
w a n a i
a b w i k i a k i
k o o k o m z u w b w a n a
k o o t l u m b a
u n i z u w a i
k o k i o l i n k o t u t e l e a
k o b a l a d e m e l a a
k o s a k a n g a
i m i o b e n a k i
k a o l i n k e n d a
k o d e a a
k o k o k a o k o m a
m e m a a k i
k o k o y o e n g a
e l i n g o k o t e i
k o o k i m a
b a l o t a i
k o e m a k o f a w i a
k o m e l a y o k v a n a
k o l i a y i a
k o y i o l i a k o l k o m i k o y o a k i
k o k i m i o k e n a
k o i i k o l i a
o b a k a k i
k o u k a o l i n a
o s u b a l i a k i
k o y o k a
m e m i m e m a k o y o m b a s u a i
k o m a d e o t u n a
k o w a n a o y e k a
k o o m i b o m k o y o a
o k a b t i k i n d e a k i
k o n a k a
t i n d k o b k a k i
k a k o s i o l u k a
o l a k i
f a e m a k b o m a i
k o l e l a u n o m b a a
t i k a k o t a i
k o o z u z e l a f u n g m a k n g a k e k o l a
o t e l z e l a k i
k o k e n n d a
k o i m b a a n d i f u n a
l i a v a i m b a a k i
o b a k o t o i
k o o m e o k a b i n o y i a
a n d a k e n d i
o t e k a k i
n d e d e o k i e m i g a k a k i n d a a k i
k o t e i m i o l e d i k a a
o m b m e l a s u i e n d n d i i
k o b o o y i b t u a
l e m i g i s a o b o m b i s a o s a l i
k o b a l i n d a
k o t a n l i n g s i m b a
n d e i i
k o b o m i a n d a
k o g a k k i m i a
f u n k a k i
k o t i n d b e n a
k o t e l e m l i i a
o t o n u k a k a k i
a b w a d i a k i
k o y o k a d e i l i a k a
a n d i i n g i
e l a l i n g a k i
k o g i s i k o m m b a a
k o k a o f u n t e k a
k o o m w a o y o k n d e a
k o t i k a e m a k u n a k a
k o s u i a
i b w a n a l a k i i m b a a k i
s o m b o s u a a t i t u n a a k i
k o u k a k a
a b a k a b e n g i
z a l i i
k o o b a l u w a o l o t i n a
o t e k l e l a w a n a a k i
k o o n g k a k o l e g a k t e b a l i a
d e a k l o b a i
k o v a o z u i
o k t e k i u k b o m a i
u m b a o s u a o l o a k i
k o t e k a a
k o n d a k i m b i a
k o l u i m o k a
i m b e n a k i
t e k a i k a k i
k o b e n o y o a t i a
o z e o k i o t u i
g o l n d e a b a n d a k i
k o k o k e i b a a
s a o f a l u k i i
k a t a k o m a a k i
s i k e n d y i i n d o m i g i s i i
k o n d e i a
k o a n k o y e k i i m i a
k a b g o l i i
k o k o f a m b i a
o s o o n g a i
k o t a k a
i m b a z e l e k a i
o b a l k o l o a k i
k o g a e b t u n i a
e n g z e l a a k i
k o a l n g i e n d e a
k o o t i k u n g o b i s i g i e l a k o t a a
k o k a w a n i e m a k a
k o o z e i n d a
o n g i i
e k a k d i k t e l e e n g a i
w a n i o m b a k i
i b i i s a k d a o b e b o z e a k i
a n g s u a k i
k o l i a k w i a
o s o m k o k a k i
k o g o l i a a
k o t i u i i m a i n g a k i
u a z u w i z a l f a n i
k o s a l i s l i n g a
k o w a n a d a l a e n g i a
a n d k o s u a k i
z e b e b i i
u m b a k i
t o n g o f a a k i
o l o z a d a t i k i i
t u n o n g l o b i i
l i i t i n o l u k a k i
b a l u m t u u m b i
k o m e m b o m a a
n a k i w a i
k o g a k i o l e l o z e l a
k o m b a k k o f o k a b o s u o m a a
k i u a k i
k o e n g i e l e m e m a a
d e a o l u m u a k i i
k o o y o k e k o l a
k o k o k a o f a n d i a
e l i s i i
k o o k a b w i s a k a
k o f a n b e n g l e m a a
k o o s o z o f t e a
k o g a k i a l i a
o t o t u n a t a n i
k o u m b a
k o n g o o k a i k a
z a l i y i n a l i i i
k o s i m y i b a a
e b b e n a t a i
k o d i k a n d a k e a k a
b a k i e k o l i
k o d e a k a
k o o k b i s a g o o k a n a
k o o t u a l a k a b w z u w o y e s a k i a
k a b w a a n g i f a a
i n g a k a n l i n g i
o k a b n g i
k o t a n g z e l a
l a o y o k a k i
k o e n k o s u k a k a
k o b a n e l a
k o l i n g a
k o g a b a o l u m a
n d a k m e i
k o u n i k o k e t a k i a
k o l i n o z u b a n d a
k o g i k o s i k o v k o l o o b a n k a k a a
k o n g a e m i b a k b a n d g o l a
k o g a k k e n a n a
o t i w a k i a k i
l i i m b i k o l i
k o u m o k a n a
z u w k o b a w a a l a k g o l i a k i
l o b o t e a k i
k o v o s u a a k i
k o u m b i k o t o a
o t a n a k i
o m i a k i
k o o b e k o y e i k f u n g o s a l a
k o t o k a b a k a i
e b i s i
o b a n o m i v a n a k i
k o o s a l a
b a k i k i m d a k a k i
k o k o g o k i m n g i a
d i k a i
k o o m e m s a o m a t u n d e a m b i a
k o f a n a
k o n a k i a
l u k i u n d e a o f a n i
k o o n o y o k o l i a
k o u a k a
k o i a k o z a
b w y o e n d t i k a o s o n d l u k i
k o b e n k o t u a
k a e n g a a
k o k a e b o s a
i m o m e u n l u k i i
k o f a n d n a a
k o t a s a k i i
k o b e n g o y i b a
k o u n g k o l a
n i n d e a k o l a i
s a k i k a t i a k i
z a l a k o s u o z a k i
i i b i s k i m k a k i
k o o n g a
t i n k o t o i
w a n i n d i i
k o i m a v a n d s u a k a
i m a k a k i
m e m a k o k i i
o f a a k i
k o u n a e k a k a
k o e l k o t o o t i k a
k o m a k i n g o l a
o s u a a k i
k o n d i l o t e k a
t e k a i n g a f a n i
o z u w a t a k o l i s a a k i
z a l i o l o b m b i i
k o z e l i a
k o s o o b e b a
s u a u n g a k i
k o o z e l y e o t o a
b w a n u a k i a k i
k o m b i o v n i d i a
n d t i n i
o t i n k a t a k i
k o n d e a t e a
k o i n d i a
o m e m i a k i o m a k a k i
b a e k i k o f d a k a k i
k o k o t a o l e i k i a
n g i k o b e a k a o l o t a k i i
k o z u o b o m i
k o f u n z e l a u m b a a
o m b i e l a a k i
k o t o o k i m a k i
k a o l a n g o l l e l i o k e w a k a
o m e l g o l i i
m a k s a l i n a k i
o s o m e m u n g a k i
k o l i i k a l u m b o y e k w a n o t o a
k o t i k o t f a k o l u a
b i s a k i
b o m i n a k y i b i
k o o t a n u n a k a
t i o s o a k i
k o s u i b e b a
k o o y o k a
t e l e z e l i o l i a a k i
k o e k o l k o y i a
g o o k o s i m b a k i
d e a k e n g i
k o k o z a a l i o y i a
o s o m o l i k a k i
k o i b a k m b a a
b a n d o l e z e l a i
k o i s i a
k o t a n g l i a
a n g l u k a k i
o s k a b o k o m u m b n a k i n g o l a k i
k o t i k a a n g i a
k o m b a a
k o s u b o k o k a a
k o a b w a t o n g i k a a
k o l i s k o t a n g o l i a
k o o m a a
w a n f u o t l i s i i
s i k o m k o l i i
t a n g a k i
t a n d e a i
o y e t a n g b e n g i
n d e i z u w a k a t a i
k o o n g o n u w a a
b w a n o l u m a k i
m b a b a k z e k o v f u n o l e l a k i
k o k o f l u k a a
o k l i i l i a k a k i
k o m b i u n g o a
k o k a k i e n g y e k a
l a k b e b o k i m a k i
k o o y i a
k o o s o m z e l l e b a n d k o s o l o b i a
k o e b o l o m a s a k i a
k o n a k o f a o y o z u a
d a k o s u a l a k o k o a k i
g a t u n i l u a k a b a k i
k o o y e m e m a
k o o l i a a
k o i k a k z u w a l e l i a
k o t o b o l e m a o f u n a
m a k i t i g o i
k o b i s i e k o k o k a o b e d e a k a
k o e b i k o s o a
o y e a k i
k o k a k i y e k a
k o d i o l a a
k o g i s a b a l k o t a a
k o t o n g a n d i a
b i s i a k i
k o i i o m a l a k a
k o o f o b a l t o a
i b m b i o y i b a k i
k o b i s i n l i z u a
k o a n a l e l a a
a t d i k i t u n i a k i
k o o b o b i s o s a l n d e i w a n f u a
k o a l i s t e k a a
k o k a o y i u m b s i m i b a k o n b a n a
b a n d a n i a k i
a k a n u w i i
k o z a n d i k a
k o d i k i d i a
e b i s i m a k i
k o y o k i o z u w a
k o l i o n t i k a
y o k o k i a k i
k o y e k o b a k i
l u m l o b i i
b w o f a i
n d i k i
l u m b o m a k g a k a k i
b e w a k m e l a a n g y e k o i
k o k o z u n g a k b a l i a
u k i i
l o b o b o m a k i
b o m i o t i a k i
m a o z e l i
t o l i a s o m i
o s i m s a k d a i
k o o y e k a
w a e k i
u w i u a k i i
l u m b s o m b i
o f y o k i i
k o o m b a a
k o g a k l u k i a
k o a t o l a k o y o a
k o g a k i o l u k a
k o u k b a s a k a
b e b i e l i
k o b o m i t o a
k o o k a b k o s i a
k o o k e k o v k o k e o k a n o t e l a
k a t a l u k a k i
k o i k a k a k a
k o o l u m e l a a
o t o n e k a k k o y e i
l i u k a k o z e i
k o e m i e i a
i s a i m b i w a k a t a k i
w a n a a n a a k i
l i n g a k i
k o k o t e a
k o d i k a k a t i a
k o a n g i i b a e l e a
o k o a k i
a b w n d i e n g i i
k o b a k o k i m t e a
v a z a l a a k i
k o k a o t o k e n d u n g o a
i n d i o f a n i
i b o b e a k i
l o b a k o t i o m b i o f f u n g a n g k a k i
k o k o s u i n g i b e b a
k o o n g i n i a
t u n o s a a n d a a k i
k o o l i n t a n g k o s a
k o o n g a
k o m a g a k a
k o e b i s m a k a
k o w a k k a k i a
k o o z e y i o k e n a
b i s i o y e k u a k i i
k o w a k i z e l i n d e a
k o k o s i l i a
k o l o e m a a
k o i s t i k a k e n a n a k a
k o l i s i a
k o z a l i a
k o o l i n s i a
k o o k a n a
o l o b i n g a o l i n i
o t i n a k i
k o i b a a k a b a
k e b a o z u w m b i
k o b e b i u n g a
d a k i o n g a k i
k o k o l i e n o t i n a
o t i m a k a k i
m a o y o u a k i i k i i
k e i i k o s l e l a k o y e n g i s y i b a i
k o a k a n k o a t a a
a k i d a k i o f a n a l u k a k i
o k a k k o s u i
k i m a k i
m e l a n d a k i
k o t o n n g a g i s a a
i n g i o l i a k i
k o e n d e a
k o k i m i k a t u w i b a n k o f a a
k o f a i
k o k e i n g a k a b a
k o l o k o s a a
e a k i m b a s u a i
a l a k i
k o l i a k o s o t e l i m a a
k a k u n z u w i a
k o t a n o l u a t u m m e l i o k f u a
e n g a k a t a l e i
y e k i
k o o k e m a u n a k m b o f u a
k o e k o a
k o s u i
k o o k o m o l i a
a t i d a k i k a k i
k o s i i
a k i k i a k i
k o s a l z e l o s i m a
l i i a n g i i
k o t o t u n a o t u u m b a
k o d a k i s a n a k i a
o v a n i
o l a k l i m a t o n g i
y o k b e b o v a n a k i
k o k o y i a
k o k a n d i k a l a k a
k o e l e k a b w t i k a a
k o t e k i s a k o t u a
b a k i a k i
o y i u n g l o b i i
b o m l o i n g a k i
k o n d e a l i n g a
k o s a l a
e b o k a n a k i
i a k o v a n i
k a n i
o k i o t e k i
o b o m o y e k y e k o y o o t i n l e m i a k i
s a l i u w k o b a a k i
k o o y e k k o z a a n d a a
k o o m a k o b a a
o z u i i a n a y e a k i
e m a k i
g i s s i m e i n d a k i
o v a i
t i k k e n i m b i i
b o m a u n g b o m i
t i n o y u i z u w a i
k o e k o l m e o t a a
l e l e n g a k a k i
m e l a n g o i
k o k e o y i n g o l a k i
k o f u n g e m i e k o a
b i s i w a k i a n a k a k i
o t u n b e n g a n g a n g a s o l u m b a k i
k o b e b a l i s k a t a a
k o a n a k t i n b a l i m a k o s i b e n g a
k o t a k a l i s a n g a
u n g o s o a k i
i n g i i
k o m e l i d i k a a
i b e a a k i
a t k o l o a l a k a k i
k o i m b n d o y e k n d e i a
u k a e b l u m b i
k o i a k o k a b a
k o o y o a
k o o f a n w a n a
o t u t e k o z a l a k i
o t i o n g o t i k i
i a k i i k i
y o k a e b i s s i m b i
i m i i s a i k a k a k i
b e n o s u a k i
k o w a n i k a a
o m i i
k o o t a m b e i a t i a
k o o s u a a
l i s u n g i
b i s a s u a k o k i i
k o s o m a
m a k i l u m a k i
n i u k i a l a k o t u o l u k g o l o b i
k o b o k o k i i
a n d t e k g o i
k o k o z e e n a
l u k a m e m i e n a k i
w a n a k o z u o k a k a k i
o t i k t o a l i k a k i
v a n d d e a k i
i a k o k e e k o b e n g a k i
k o k i m a l e l a a
u n k o z a b i
k o a k a b l i s a
k o k o l o a
b e b i k a t a a k i
k o o z a l a
y o o k i m a k i
t i n d u n a k i
o y o l e i
k o v a n g i s i d a k a n a
k o u i u k i a
o l u m u a k i e n g a y e k i
k o e n d e a
k o o m o k e a
o t a z u w i b e n g t e l i
k o k a k a a
a l i b a a k i
k o o k o l i n a
k o t e o s u a n d a n d a k a k i
b o m i o t i k i n d i a k i
k o z a t i k a a k i
k o o k a t d e a n g o l e l a a
s a k f u n g o l i i
k o m a k i g o l i a
b i s a i
u w o k e n g o l a t u n a s o s i m b i
k o a n a k o n n g a k o t o a
k o l a k b i s e n g a n a k i a k a
t a k o k i l i n g e m a k i
k o g o l i u n i o t e l a
k o e k a o y i s a k n a k a
k o a n a l u o l o b a
k o o n g e m i a
k o k o z a a
k o k o s o a
k o t a n g a
k o e l i a n i a
o b e n k o z a y i b i a k i
a k a b a k i
k o m a g i s i o y e k a
k o l o b e i s u a k a
k o e a k i y o a
l o b i i n g i a k i
o s o m e n g a i
k o o l e l o k a n a
k o a k i s i o s o t o n k o s i a
k o e b i l e l a
k o d e a k t i n d a
a t a k o k o i
k o o s t e l a
k o b o m a o m b i a
z u w i o y i b a k i
k o s u i
e a k t o n a l i i
y o k i l a k i l e l i a k i
o l i a l e z e y o k a k i
k o i a k i l o b a
k a n i
k o k i i
k o o l m b l e l i a
u m b a i n g i a k i
k o n d e s a l i k o b o t i n a
k o l o o k e n o t e k k o k o k o m e l a a k i
k o z u w i z e l i a
k o a k a n d a l i t o a
b i o k e n t e k a i
a t k o b k o f a k o y i a k i
g o l a k a k i
k o b o m a o k e k e a
k o o f a n m e o l u k a
k o i m a k k o z a l a k i g o l a
z u w i i m e n g k a k i
k o t a n g m e m y i b i a
k a k a d e o b o m i
k a n i
k o o k a b a
k o m e b e b i a
o t a o m i a k i
k o e k k o y a
k o t a k i y o k i a
k o o m b a
k o k o f u w a n a a
s i m a t k o z e a k i
k o b i
k o i m a k a
o s a l t e l e i
k o z a l o k a b m a a
o k i a k i
t i n n g a k t u i
s o m k o b a d e i
k o l i a k u m o f a l a
k o o t e k a n i a
k o b o m i e a b i s a a
k o s a i
u a t i k a n g i
b i s i i b a k i k i i
k o m e l i z u w a a
y i b u k i k o m i b a k i i
k o e a k u k i a
a n d i w a n a g o l a a k i
k o k o f k o s i n g k o t e u m a
k o k o l a b e n a
k o a k b e n n g e m a
k o o f o s a k o m a a
l u m o v a i
k o e k o d i y e a n i a
b o m a o m i i
k o t a l e m a a
k o e n g i o t i k a
k o t i e l a b i a
u m o z e s u a k i
o l i m b i i k a w a n l e m d i k i i
k o a n g a n g a
a k a n i
k o i k a u k a k d i k a a
u w a k i m b f u a k i
e n d e o s i
k o y e m b a i
s o o k i m u n i
s u i k a k a i
g a o z a a k i
k o t i n d k o t e v a n d a
o l e u k a k m b a e b i i m b i i
k o m b i a b w a
k o l i n o b a k a
f a n d l a k k o m i a k i
k o e a k i z e k i m i a
k o m e m a a
k o a n o m b o b i a
k o b o i
i n d i i
k o i m i o f t i k a a
k o b o m a
k o u a k i t e l a
i b o n g a g i s i i
k o i k a k e k a k a
o k a k e k y e k i
i n d i g i i a a k i
t o n o k a n t a k i a k i
k o y e k o m e l i n d i k a
k o o b e n o l a k a
k o o t e l l u m b a
e a k b i s a k i
k o o s u a a n d a a
k o o l o b o n g a
a n a k y o k a g i i
k o d a k k o k e f a n d a
o t u n i
g a k i o y o k i
m a k i e m a i
k o o f a n o f u a
k o k a k k a t n d e a a
k a w a k i t e k a
k o u a k i a
m b a a k i
o v a o k e g a a k i
o z o s a a n g g o l d i k i a k i
k o z a l a s u i e a a
k o i m b a a
k o i m b a a n d u w i a
k o o l i a
k o w a k z u w o y o k a
f u n g e k o a k i
k o u n a y o a
s o z a g a k i i
o f u e k o a k i
k o k a k i k o l u a
g o l k o s a i
o s u a e a k i
k o m a i
i b b i s k a t i i b a k i
o l i n l i s i a k i
k o k o b e o z a u k a a
k o o k k o z a a
k o k o s i a l k o f a
a n d a i
k o y e o y e k s u i o y i u k i o n a l a a
k o s o m s o m b e a
k o o n g i a k a n n g i s k a k i a
k o a n i a
k o t e l e a
b a n s i o v a n a k i
k o o l i n k a k a
k o k a k i b a a
k o o l e e n d t e l o z g o k o m a
y o e l e s a l i i
k o g i s a
o s i m o m a b a l a s i m a k i
k o o b a k a
k o o b i y i b o v a y o k a
i n d o b a n a k i
t a n o s o o t o o z a l i
z a l o s i
k o o t a a k a n n d e i f a o t e k a
i m b l u y o k i a k i
k o k o t i a
k o a n a k a
i m b g o l i l i n a k i
t e k z a s u a k i
i n d i i
k o y e m e m a
u k s i m b a k i
k o i s i k e n d a
o k a b a l a k i
k o u n g o o y e n g o l o a
l u k u k a k f a a k i
k o k a k o f u a k i
y o k b a n i n g a k i
l u m b a t o s a l i
k o k a t i e k o k o t e a
k o l e m a a
k o b e n g u n a k o t i n a
k o l k e n d n d a i
k o f a n m e m n g i s a
t a n g i
k o o n g a o y e l a a
z u w a b o m e l e m i
k o s o e a e l a k a k i
k o k e g o l g a k i m e l i a
m e m i z e l g i s a a k i
n d a l a k i
k o k o k i k o l e a
k o o b a n a l o l a a
k o o k o m o n g a
d i k i a k i
k a n d i k o z a y o k a a k i
o k e n a k i
k o m e m n a k i a
o t o e l n d e i a k i
k o o v a o z e g i s a a
k o a t a k e a k i o l a k o t i n a
k a u n i v a o t a n o b o a k a b a
e n g i
k o b i s a
b i s a o n n d e i i
k o u w a k l a k i a
k o g i s a t a k a n g a
o t e k a k a i
o l a k k a k i d a i
k o i s a a
k o u a o k a k o l u n d i m e m i a
k o o m e k i u a k i k a a
k o u n i k o s k o z a a
k o k a o b a k a k i
t u n i
o v a z u o m e m i
k a b o t a n k o s u a k i
e n g b i s a k o m e n a k l u k i a k i
f a n d i
t e k o s i i
k o e k o u k a
k o o k a t k o m e a l i a
m b i a k i
k o v a n d k o m i u n i a
k a d i k o k e n z u a
k o k o z a g i s a o l u m a
k o l o b s a k i a
w a n o k i
i b o k i y o k a k i
k o a n i l o b a a
o b a n g a k o y e i
k o l a k i v a k o v a u k i y i b n g a
k o z u w a o l i e k i z e l i b a n d a
k o g i o n g t a n a
k o k o s a n i n d i a
k o i k a k i n d i a
k o t a n k o z e d a e k i a
k o g o l i o m b k o f a o t u n a
l o b k a t o f u n k a k i
f a o t e k a k i
y i o b a k n i u k a k i
k o o t u o k e a
k o k o v g a k o t o a
o k o i
l u m a k i a k i
t o n m b i i m a e i i
z a l i o l i n l e m a k o l u a k a k i
o b e b l i i i
k o b a a
k o e n g i f a n d a
u a k o f u u m b i m a k a k i
o k i l e l e l i i
k o l a k n d i k k o l a
k o o t e a
k o o k e o m a k a
l e m a o n g a a k i
n a k o v a n i
k o l e m k a k i a
k o b o m i o l a a
n d a a k i
k o k u a o t a n i
k o k o m g i s o l a k a t a t e l i a k a
i n g o t i n g o l i
l i s i l u m i
k o s o u m b a i
d a k k o z u y o k o z e i
a l i k o t a e n e m i i
e b i k i m i g a g a k i a k a u w m e l i
k o b w a b w a a
y i l e m i t a n g i
k o k o s a m b i o b a a
k o o m e m u m b i a n d a a
e n b i s a i
k o s u a k d e i a
k o o y o u w i k o s u a
k o o f u a
k o b w i m a k a
l e l a k i
k o a n g o y e b a n a
k o o t i k o f a
u a k i a k i
k o k o y o g i s i a
o b a n o l e y o k i a k i
o f u n i b i u n g i
k o o b i o f a n a
k o o v a s o m a
t o l o b i y e k o b a k o l e l z e a k i
k o i b a k o m i f a n d a
k o l u k i a
k o z e l o l i a
a l a k i n i
t a k o k a a k i
a t i i
k o y e i k d i k y i b i i
g a k l e l a b w a a k i
k o o n g b a y e k o a
k o a n i i a k a
k o l a o y i b a o s a a
k o d a k o k e b i s a y o k i a
k o m e b e b k o y i k o l o t i k i i
b a l i n d a y e a k i
k o t e s a k b a l a k i
e n i n g a l e m a a k i
o t i k d i k a i
a n a k i
k o o s a k o s i a
s a l i u a k m b a l u k k o l e i
k o k a y e k o e n g i a
k o e k o i n o k a k a
k o k a o b o m o k a k t a a
i n g i l a k a k i
g o l i g i s l e l l u k a o y i n d a a k i
k o l o m i l e m i a
l e m n i k o f a k i
o l e l z e l a s o i
k o z u w a w i t u n a
a t a k t a k i i
s i m w i u n a k i
k o o b a l g i s a a
k a n a k i
k o f a n k o b y o k i o k a k a
k o t e l e t i k a
k o t i k a e l a k e b a
n d a k a k i
k o b e u i a n g a
z e l a m a a t t a i
m e l a a k i
k o k a e i t e k y e k o o v a n a
k o i m b a n d t u n i l e l a n a k i a
a n g i e n o k a t a k i
o k e a k i
g a o b e a k i
k o y o k a a
k o w a n a
k o a t a o f u a
k o u k i k o l o a
k o z a l a o b a a
b i s a i n a k i
y e k o a k i
l i i o t i k i
n a k i o m n a y i b a k o v n g o l a k i
z e o m b t u n d e a i
k o o b a o s i a
k o k a i b o k o m s u a k a
k o o k o t i n o k i a
m a k i i
e i g a k i i
k o o s a l m e m k o l i a
k o o f a n k o v a a l i s k o y o o f a l o b i a
k o g o l a k o b a
k a k a o z e l b e b i a
k o d i k a k a n a
o z u w d i u k a l a k i k o l o b o m i
a l i s k a n d a k a k i
a k e i i
