b a a g b l a
g b l a e e
g b l a k o
g b l a e e
g b l a
g b l a
g b l a e e
g b l a
ŋ g b l a
b a a h a
h a e e
h a k o
h a e e
h a
h a
h a e e
h a
ŋ h a
b a a j e
j e e e
j e k o
j e e e
j e
j e
j e e e
j e
ŋ j e
b a a f a l a
f a l a e e
f a l a k o
f a l a e e
f a l a
f a l a
f a l a e e
f a l a
ŋ f a l a
b a a w a
w a e e
w a k o
w a e e
w a
w a
w a e e
w a
ŋ w a
b a a j u
j u e e
j u k o
j u e e
j u
j u
j u e e
j u
ŋ j u
b a a d a
d a e e
d a k o
d a e e
d a
d a
d a e e
d a
ŋ d a
b a a n a
n a e e
n a k o
n a e e
n a
n a
n a e e
n a
ŋ n a
b a a g b o
g b o e e
g b o k o
g b o e e
g b o
g b o
g b o e e
g b o
ŋ g b o
b a a j o o
j o o e e
j o o k o
j o o e e
j o o
j o o
j o o e e
j o o
ŋ j o o
b a a h i ɛ
h i ɛ e e
h i ɛ k o
h i ɛ e e
h i ɛ
h i ɛ
h i ɛ e e
h i ɛ
ŋ h i ɛ
b a a t s u
t s u e e
t s u k o
t s u e e
t s u
t s u
t s u e e
t s u
ŋ t s u
b a a k a i
k a i e e
k a i k o
k a i e e
k a i
k a i
k a i e e
k a i
ŋ k a i
b a a k o t a
k o t a e e
k o t a k o
k o t a e e
k o t a
k o t a
k o t a e e
k o t a
ŋ k o t a
b a a k u
k u e e
k u k o
k u e e
k u
k u
k u e e
k u
ŋ k u
b a a k p e
k p e e e
k p e k o
k p e e e
k p e
k p e
k p e e e
k p e
ŋ k p e
b a a b a
b a e e
b a k o
b a e e
b a
b a
b a e e
b a
ŋ b a
b a a s h w i s h w i a
s h w i s h w i a e e
s h w i s h w i a k o
s h w i s h w i a e e
s h w i s h w i a
s h w i s h w i a
s h w i s h w i a e e
s h w i s h w i a
ŋ s h w i s h w i a
b a a f o
f o e e
f o k o
f o e e
f o
f o
f o e e
f o
ŋ f o
b a a t s ɛ m ɔ
t s ɛ m ɔ e e
t s ɛ m ɔ k o
t s ɛ m ɔ e e
t s ɛ m ɔ
t s ɛ m ɔ
t s ɛ m ɔ e e
t s ɛ m ɔ
ŋ t s ɛ m ɔ
b a a y ɛ
y ɛ e e
y ɛ k o
y ɛ e e
y ɛ
y ɛ
y ɛ e e
y ɛ
ŋ y ɛ
b a a m ɔ
m ɔ e e
m ɔ k o
m ɔ e e
m ɔ
m ɔ
m ɔ e e
m ɔ
ŋ m ɔ
b a a l a
l a e e
l a k o
l a e e
l a
l a
l a e e
l a
ŋ l a
b a a k a f o
k a f o e e
k a f o k o
k a f o e e
k a f o
k a f o
k a f o e e
k a f o
ŋ k a f o
b a a k a n e
k a n e e e
k a n e k o
k a n e e e
k a n e
k a n e
k a n e e e
k a n e
ŋ k a n e
b a a t s u k u
t s u k u e e
t s u k u k o
t s u k u e e
t s u k u
t s u k u
t s u k u e e
t s u k u
ŋ t s u k u
b a a g b e l e
g b e l e e e
g b e l e k o
g b e l e e e
g b e l e
g b e l e
g b e l e e e
g b e l e
ŋ g b e l e
b a a m ɛ
m ɛ e e
m ɛ k o
m ɛ e e
m ɛ
m ɛ
m ɛ e e
m ɛ
ŋ m ɛ
b a a h ɔ ɔ
h ɔ ɔ e e
h ɔ ɔ k o
h ɔ ɔ e e
h ɔ ɔ
h ɔ ɔ
h ɔ ɔ e e
h ɔ ɔ
ŋ h ɔ ɔ
b a a f u t u
f u t u e e
f u t u k o
f u t u e e
f u t u
f u t u
f u t u e e
f u t u
ŋ f u t u
b a a b l ɛ
b l ɛ e e
b l ɛ k o
b l ɛ e e
b l ɛ
b l ɛ
b l ɛ e e
b l ɛ
ŋ b l ɛ
b a a f ɔ f l ɔ
f ɔ f l ɔ e e
f ɔ f l ɔ k o
f ɔ f l ɔ e e
f ɔ f l ɔ
f ɔ f l ɔ
f ɔ f l ɔ e e
f ɔ f l ɔ
ŋ f ɔ f l ɔ
b a a ŋ m ɔ
ŋ m ɔ e e
ŋ m ɔ k o
ŋ m ɔ e e
ŋ m ɔ
ŋ m ɔ
ŋ m ɔ e e
ŋ m ɔ
ŋ ŋ m ɔ
b a a l ɛ m ɔ
l ɛ m ɔ e e
l ɛ m ɔ k o
l ɛ m ɔ e e
l ɛ m ɔ
l ɛ m ɔ
l ɛ m ɔ e e
l ɛ m ɔ
ŋ l ɛ m ɔ
b a a s h a
s h a e e
s h a k o
s h a e e
s h a
s h a
s h a e e
s h a
ŋ s h a
b a a w i e
w i e e e
w i e k o
w i e e e
w i e
w i e
w i e e e
w i e
ŋ w i e
b a a j i e
j i e e e
j i e k o
j i e e e
j i e
j i e
j i e e e
j i e
ŋ j i e
b a a h i a
h i a e e
h i a k o
h i a e e
h i a
h i a
h i a e e
h i a
ŋ h i a
b a a t s w a a
t s w a a e e
t s w a a k o
t s w a a e e
t s w a a
t s w a a
t s w a a e e
t s w a a
ŋ t s w a a
b a a t s ɛ
t s ɛ e e
t s ɛ k o
t s ɛ e e
t s ɛ
t s ɛ
t s ɛ e e
t s ɛ
ŋ t s ɛ
b a a w o
w o e e
w o k o
w o e e
w o
w o
w o e e
w o
ŋ w o
b a a k p ɛ t ɛ
k p ɛ t ɛ e e
k p ɛ t ɛ k o
k p ɛ t ɛ e e
k p ɛ t ɛ
k p ɛ t ɛ
k p ɛ t ɛ e e
k p ɛ t ɛ
ŋ k p ɛ t ɛ
b a a k p a s a
k p a s a e e
k p a s a k o
k p a s a e e
k p a s a
k p a s a
k p a s a e e
k p a s a
ŋ k p a s a
b a a ŋ m a a
ŋ m a a e e
ŋ m a a k o
ŋ m a a e e
ŋ m a a
ŋ m a a
ŋ m a a e e
ŋ m a a
ŋ ŋ m a a
b a a n y i ɛ
n y i ɛ e e
n y i ɛ k o
n y i ɛ e e
n y i ɛ
n y i ɛ
n y i ɛ e e
n y i ɛ
ŋ n y i ɛ
b a a s e l e
s e l e e e
s e l e k o
s e l e e e
s e l e
s e l e
s e l e e e
s e l e
ŋ s e l e
b a a f a a
f a a e e
f a a k o
f a a e e
f a a
f a a
f a a e e
f a a
ŋ f a a
b a a f ɔ
f ɔ e e
f ɔ k o
f ɔ e e
f ɔ
f ɔ
f ɔ e e
f ɔ
ŋ f ɔ
b a a b ɛ ɛ
b ɛ ɛ e e
b ɛ ɛ k o
b ɛ ɛ e e
b ɛ ɛ
b ɛ ɛ
b ɛ ɛ e e
b ɛ ɛ
ŋ b ɛ ɛ
b a a k ɔ
k ɔ e e
k ɔ k o
k ɔ e e
k ɔ
k ɔ
k ɔ e e
k ɔ
ŋ k ɔ
b a a g b l ɛ
g b l ɛ e e
g b l ɛ k o
g b l ɛ e e
g b l ɛ
g b l ɛ
g b l ɛ e e
g b l ɛ
ŋ g b l ɛ
b a a t e e
t e e e e
t e e k o
t e e e e
t e e
t e e
t e e e e
t e e
ŋ t e e
b a a t a w ɔ
t a w ɔ e e
t a w ɔ k o
t a w ɔ e e
t a w ɔ
t a w ɔ
t a w ɔ e e
t a w ɔ
ŋ t a w ɔ
b a a n u
n u e e
n u k o
n u e e
n u
n u
n u e e
n u
ŋ n u
b a a t u u
t u u e e
t u u k o
t u u e e
t u u
t u u
t u u e e
t u u
ŋ t u u
b a a t s i n e
t s i n e e e
t s i n e k o
t s i n e e e
t s i n e
t s i n e
t s i n e e e
t s i n e
ŋ t s i n e
b a a k ɔ ɔ
k ɔ ɔ e e
k ɔ ɔ k o
k ɔ ɔ e e
k ɔ ɔ
k ɔ ɔ
k ɔ ɔ e e
k ɔ ɔ
ŋ k ɔ ɔ
b a a t s ɔ ɔ
t s ɔ ɔ e e
t s ɔ ɔ k o
t s ɔ ɔ e e
t s ɔ ɔ
t s ɔ ɔ
t s ɔ ɔ e e
t s ɔ ɔ
ŋ t s ɔ ɔ
b a a t a a
t a a e e
t a a k o
t a a e e
t a a
t a a
t a a e e
t a a
ŋ t a a
b a a t a
t a e e
t a k o
t a e e
t a
t a
t a e e
t a
ŋ t a
b a a t s ɔ s e
t s ɔ s e e e
t s ɔ s e k o
t s ɔ s e e e
t s ɔ s e
t s ɔ s e
t s ɔ s e e e
t s ɔ s e
ŋ t s ɔ s e
b a a g b i
g b i e e
g b i k o
g b i e e
g b i
g b i
g b i e e
g b i
ŋ g b i
b a a d i k i
d i k i e e
d i k i k o
d i k i e e
d i k i
d i k i
d i k i e e
d i k i
ŋ d i k i
b a a t s i
t s i e e
t s i k o
t s i e e
t s i
t s i
t s i e e
t s i
ŋ t s i
b a a ŋ a
ŋ a e e
ŋ a k o
ŋ a e e
ŋ a
ŋ a
ŋ a e e
ŋ a
ŋ ŋ a
b a a n u u
n u u e e
n u u k o
n u u e e
n u u
n u u
n u u e e
n u u
ŋ n u u
ŋ h i ɛ b a a b i k t s i n ŋ k a i ɔ s e e
ŋ a s h w a n u u
u u f o k o k o
u k o i s h w ŋ k u
b a a ŋ b ɛ y i ɛ k s i n i k o
ŋ ŋ m b i e e
ŋ j e k o
h ɔ ɔ w a a e
ɛ t ɛ e f ɔ k a ŋ m
w a a e ŋ g b
a a m ɔ
b a a w k ɔ k ŋ a k a y y ɛ k o
b a a y i ɛ e ŋ d i k i s h
a b a w ɔ
a e e ɛ k a a j
s ɔ s e ɔ s e
g b i k ɛ m ɔ
ŋ ŋ a u t e e
u k u a n a
ŋ ŋ a e e
a a t a l ɔ e
g b o s ɔ ɔ k ɔ s e e
u u k o e e
ɔ s s ɔ ɔ b e u t u k
ŋ h i ɛ b o k o
ŋ u e e a n e e
m ɛ b a a f
b a a ŋ j e n a e e p a s a
e k w a k
y ɛ k o y ɛ e e e e
ŋ w ɔ e e ŋ s h a
ŋ k p e
a a y ɛ j u k ŋ t u e e
f u t u d a e
a f o k j e e f l ɔ e
ɔ f ŋ m ɔ k a a g p a e e
a a b ɛ e e
a a k ɔ a a l ɛ e e
b a a l e a s a k a f a k ɔ ɔ
j e e e
h i n a k e e
t e e e f a a k e e
j i a y ɛ k o
l a e l ɔ k o
ɔ ɔ k o s i e e j i e
w a a ŋ g u k u k e e
ŋ w i e t a k o t u k e e
t s ɔ s
ŋ t s ɛ m a a b a
h ɔ ŋ l ɛ ŋ ŋ m f a a e e e
ŋ a m g b
ŋ t s u k
a a l ɛ k o
b a a a g b i t s ɔ s ɛ e e s a
b a a ŋ j e e l e a n e
n u e k p e k t s u e ɛ m t a a e e
a f a l a a f o
ɛ ɛ k o f a l a a w ɔ e
b l a e i k i a g
a s h t ɛ k o j i e k n u u e o e
a a n y s i n b ɛ ɛ k
s ɛ e ŋ g b e e
b a a a f ɔ b a a k
t u k o ɛ e t s i e e e
s ɔ ɔ a b a i e i a k
b ɛ ɛ k s h e e
b a a f e e
ŋ f a a
ŋ w o s h w i
l e e e p a s
l e j e k l ɛ m
p e e e ŋ k p ɛ l e e
a i k k u e ɛ e e e
a w o a a y
b a a b ŋ m k o
ŋ o o e e ŋ h ɔ a k p a
b a a f l ɔ k s a k a a b l
w i e k
k a i
b ɛ ɛ k f l ɔ k b a k o
u u k w a a e e e
b a a f a s h a
t a k d i k a t a w
t s a l e e e
ɔ f l ɔ
t ɛ b a a j
ɛ t ɛ k t s w a
i k o a t s w k o
u k ŋ f a l
k u e ŋ a k
ŋ w i s n e k u k o a j i e k a i k w ɔ
t s ɔ s k o t ŋ h ɔ ɛ e e b a a l
a s e l a k o
ɛ t f a l a
f o k o a a m ɛ ŋ k ɔ ɔ i k ŋ h i a e e
w i e y i ɛ
a b l ɛ a k a
j o o k
p e k o a j u
b a a ŋ k p ɛ
a m ɔ a f a k o
ŋ m ɔ e k ɔ e e j o o e e
ŋ a w ɔ k
b a a f l ŋ ŋ m
i a e e b a a m a f u
a i k o a a h a e e e
a k a n k o
a h ɔ a a t u n u u e e e e
b a a a g b i ɛ k
s w a k i k o ɛ ɛ ŋ l ɛ m a a k a ŋ m
ŋ ŋ j u s h
n a e j i k a i k
a a m e e e e a a j u e e
t u u e i k a d k o
a t e f a i ɛ k o e e
b a a g b i k p e k o
ŋ t s w ŋ s h w ŋ t e e
a a j e a a d a p e e b a a f e e
b l i a i k i e k o
s i e e ɔ f l ɔ e e
b a a j
ŋ n y ŋ ŋ m k o
ŋ ɛ t f ɔ e e
a d a s ɛ e e e e
w o o t a k e e
ŋ ŋ a k o s ɛ m ɔ i n e k
ŋ a s a a a m ɔ
b a a ŋ g b h ɔ ɔ k ŋ k p ɛ
s ɛ b a a l k o
b a a k p a s ŋ k a n
b e ɔ s
ŋ w ɔ b o e e
a j o o b a a g
b a a i k b a k a k p t u
l e k w a a k e e
k i e g b o e a f o k ŋ k p w a a y t s i e
t u u a a b b a e p e e e
b a e f a a k e e
ŋ a b ɛ ɛ w a e e
ɔ s e k ŋ g b l s ɛ m ɔ
p e k h ɔ ɔ e ŋ l a
b a a ɛ m ɔ b l a e
b a a t s ɔ s ŋ l a
w ɔ a i ŋ s e l e e
ŋ j o o ŋ h i ɛ e e
ŋ g b i e
ŋ n y b a a j k o
w a k ŋ h i e p a s a e e
b a a y i ŋ d a ŋ ŋ
a f a f o k k o
t s ɛ e a a h ɔ
h ɔ ŋ m ɔ e ŋ b l ɛ
k i k o ŋ f u b o e f o e a k p ɛ e e
ɔ s e l e
s h b a a h
ɛ e e t s ɛ
a a n y ŋ b ɛ s e l e
b a a s i k o g b l a
b l ɛ e k p ɛ
m a a s h a k g b
ŋ g a g b o i ɛ s ɛ m ɔ o t a e e e e
ŋ l a k g b l
t e e o t a k a a g b
j u k o ŋ s h w
b a a a a f p e e
ɔ ɔ k s u e a k p h w i
ɛ e e i s h g b e
i ɛ k o
s u l e e
p ɛ ŋ d i s a k e e
u u e m a a k o
n y i ɛ a ŋ m ɔ
ŋ ŋ b ɛ ɛ a n a
s u s u y ɛ e n u e k o
ŋ t a k t e e e
m ɔ k u k e e
ŋ t ɛ k ɔ k s e l
a l a k h i ɛ k
a h ɔ s u k o i s h e e
u k o s w a e e
h i ɛ k l ɔ e e
j o o e s i k ŋ g b i e e
ɛ m a b l ɛ
b a a m ɛ k o
b a a a w ɔ k
e l e e ŋ a e e a j o o t a k ŋ n y i
l a e t s u j e e e e e
b a a a a n u
a a f o f ɔ e s ɛ e i e k o a a t s e e
ŋ s h a a t s
p ɛ t k p ɛ s h w
s i k n e e ŋ h i k o
t a n u k
a k a a l i n e k a t s w o o k o t a e e e
ŋ f u a t s w
ŋ h ɔ a s e
m ɔ k b e l b o e e
s ɔ a t s i e e
ŋ k a f e e e
a a g b a a y ɛ ŋ t
m a a a l e e
s ɔ ɔ e s i e e u t
b i k a s j o o e e e
t a a k
w ɔ e e k o t e e
b a a ɔ k o k ɔ ɔ e
ŋ a k u ɔ ɔ a f a a t a a k k u e e
a a k h i ɛ e e
b a a d t s i k
a a s h s ɛ m ɔ
b a a ŋ f ɔ f f ɔ f j e e
ŋ b l ɛ ŋ n y a i k o d i j u k a d a a t
ɔ k o
l ɛ k o g b l ɛ
ŋ f ɔ ɛ ɛ a ŋ m a k o
w ɔ e e a i e a a h a
d i k i
ŋ n u u a k p e e e
ŋ l ɛ m i e k k o
b a a ŋ n u
ŋ f ɔ f s ɔ s e t e e e e e e
a ŋ m ɔ ŋ y ɛ d i k
a f a a a a l e e
a s h w s u e e e e
ŋ f o b l ɛ s ɔ s y ɛ e k o
b a a ŋ g b i ŋ ŋ m l a k
b a a ŋ b a ŋ l s e a b a
f l ɔ k o k o ŋ t a a e e
b a a f l ɔ k i k o
a g b e m a a k n u e
ŋ t a e e
i k i e a a n u u k k o
ŋ ŋ s h t a e e ŋ g b o
i ɛ k u e b ɛ ɛ k e e
a d i k t e e
j o o k ŋ f a l
a a t s e e
i e k s h a t s w a
t a w e e
b a a a t s u a h i a a k a
y ɛ e d a e e e
ɛ m ɔ k t s w a k a f ŋ a e e e
j i e k
b a a k a a k u f u t a a j h a e a s e e e
f a a a k ɔ e e
a k a s w a n b a a ŋ ŋ s e j e k e e e
a d i k l ɛ m a ŋ m ɔ b i k o i ɛ k k o
ŋ a e b ɛ ɛ e
a a f ɔ
l ɔ k l ɛ k o a b j u e ɛ ɛ e w ɔ e e
a g b i
b a a f e e
l e k a w ɔ k i k o e e
u t u e
k p s e l e
k u e e g b l k o t a e e
b e l i n e e
b a a o e k a n
k p s i n e
f ɔ a a ŋ m a k ɔ e e
ɛ t t s w a f u s e e b i k d a e e s u k o
a l ɛ m
l ɔ k o a n u u
g b e h w f o a g ŋ k ɔ e e
p e e o k o s u e e e e
b ɛ ɛ k f a a f o a a l a
b a a ŋ m a a
ŋ f ɔ k o a a s e
l e a i
h i ɛ ŋ g b e j i e k o
a s h w a l a e j o a j o e e a t u e e
b a a l u u k k o
ɔ f i a k o
b a a a f a l a a n u
t u k o b a a m i e e e
u t a a n y e e
b a a a a t s a j i a a w
h w i s ɔ s e
ŋ s h ŋ k ɔ ɔ ŋ g b e
n e k o ŋ g b l e e
a a h e e
ŋ s l ɔ e e g b i k e e
a g d a e e n a k o
k ɔ k u k u k k p ɛ e e
a a b l
ŋ n u s e l e
t a e e y ɛ k o
s h a k e l e e e
d i k a b ɛ i ɛ e e
ŋ w i a a b a a n a ɛ ɛ k e e
ŋ t s i k s ɛ k o
ŋ j e a n u u
k a n a s a k ŋ y o k o s ɔ s s w
b l a ŋ s h a a h e e
ŋ g b e ŋ b l ŋ f a a e e
a g w a a a j u
a w ɔ e b e l s ɛ m ɔ
h w i a h i a k ɔ
ŋ m ɛ t ɛ e t e
l ɛ a j o o
ɛ ɛ ŋ t s i k o
ŋ i a a a n u
b a a a l a k b o k o
a t e e f u t e e
ŋ n a a s a k o
s h a k p k o
k i e e
b a a i n e k a k a f
b a a f
u k o o e e e e
ŋ b ɛ ɛ k a f o k o t e e
ŋ s w f l ɔ
ŋ a i k t ɛ
ŋ a i k n e
y ɛ e
ŋ a f a l
b ɛ ɛ k ŋ d i k
s ɛ e e m a a h ŋ h i a a s e
l ɛ k o e e
f l ɔ k ɔ f l ɔ s h a e
s h a k e e
a d i k h i ɛ e
m ɔ k o w a k o ŋ ŋ m ɔ m ɛ e
a w i e ŋ s e l a a m
f ɔ ŋ a k o ŋ j i e
ŋ a a j ŋ b l
l a k b a a h e e
n a k o b o m ɔ k o
a a f o k i o o k ɔ k o e e
ŋ a a w a s w a
l e e e
b a a a n a n y i w i s p e e t ɛ k o o o e e
ɔ ɔ e e e
a w i e a k p e e
b a a ɔ s e k l ɔ e e a k a f
a a b a a j i
ŋ a f u t
b a a i s w i e k t s u ŋ m ɔ e
ŋ j o s e k o f ɔ f l k o
m ɔ e w ɔ e e
a t s w y ɛ k k o
ŋ k a i s h k a f
s e k o a f o e d a e e s w k ɔ k b e h i a e e
s ɔ s e h i ɛ k
b a a ŋ g b e a a h ɔ
a a d i w o k a e e e e
h ɔ ɔ k ŋ j u
l ɛ m ɔ b a a j u u ŋ k a n m ɔ e e e
ŋ s t e e k a h i ɛ s a k t s ɛ e
w o ɔ ɔ e e w a e e ŋ l a a a f u
ŋ n u b l ɛ a t
ŋ a s b a a l
ŋ t s i ɛ k h a k o e e
a a j a t s ŋ g b l
o e l a e e e
ŋ f a s a a g b l h w
ŋ s h a h w i e e
ŋ w i f o e e a a k p
s u e i a e ŋ t f a l a d a k o
g b o e s i e
ɛ ɛ e e l ɔ e e e
ŋ s i n s e a i
ŋ u k
a t a l ɛ
a a d a i a e e
d a e a a j a n y i e e
o k t u k o
ŋ b a k o j e e
a h ɔ ɔ a a w a i k i e
ŋ ŋ w t a k a n u u
ŋ f ɔ w o e e k o
b a a ŋ g b o a k p ɛ s a
e l e t a a k l ɔ k o
ŋ n y u u k i e e e
b a a ŋ f a ŋ ŋ h ɔ ɔ n u u e
ŋ n a s a k
ŋ d i ɔ ɔ k h ɔ ɔ e ŋ s h
ŋ ɛ m ɔ k a a m ɔ h i ɛ e
a a n u k u k e e
s ɛ k o j i a s a w ɔ k a s e
l e k o f ɔ k o d i
a g b l a a w i e e
i k i k h ɔ t u a w
ŋ b a e b a k o t s ɔ ɔ
h a k u u k e e
ŋ ŋ m ɔ ŋ f o e e e
i a ŋ l ɛ m
u k u k ŋ t a a g b
j o o e s u k u s ɛ e e e
b a a b a s h a d i k k u k o k i e e e
i ɛ e s h w t s u e h i ɛ e e e
a a m s a a k ɔ ɔ a a w a
b a a k i e e e a a k u
t u j u e e
b a a f l ɔ a k ɔ s ɛ m
b a a s f o k o
ŋ g b e
s ɔ a s a e a g a w o u u k o
b a a n y i ŋ m ɔ e
ŋ g b l b o k o n a f ɔ k a f ɔ
n a e e ŋ k a n a k a f k o
w i s h k o
a w o
b ɛ ɛ t s a a n u
ŋ ŋ b l ɛ p a s a g b e
i ɛ k o
a b u k o t a w ɔ e e
a a ŋ a e e
l ɔ k o n u e e
a l a e s ɛ m ɔ
j e e ɔ f l k o
ŋ b a a j a f u t
a b l ɛ a f o e
ɛ t ɛ k e e
b a a a a t a b ɛ ɛ
t s i e e e
ŋ m ɔ ɔ b a a y
o t a e s h a e e e
a k a f a a
k a i e ŋ ŋ m ɔ
b o a a w i g b d a e
ŋ a n k u e ŋ n y
b a a b a a f l ɔ e
b a a j e k o
ŋ f a ŋ k ɔ ɔ ŋ j i t a e e k a i e s a k o
t u u e g b l a ŋ k ŋ h i m a a
k ɔ k ŋ k a f a n a k o
b a a j e k f ɔ f l s u e
a f o s ɔ s e e e
ɔ ɔ a s h w ŋ j o a f a l
b a a u k u ɛ t ɛ k a a j o
ŋ ɔ e ŋ s ŋ n u a i k o ŋ f u t l ɛ e p a s a
b a a e e e u k o j i e b a a t
b a a d a e b a a ŋ a a y ɛ
a t s i a d i k e e
b a a ŋ k a f k i
e l e k s ɔ s i n e e
a l ɛ a j i h i ɛ k
ŋ j i t s ŋ n u t e e e
m ɛ e e d i k i e e
i a s ɔ ɔ h w i a e e
ŋ h ɔ a l a
e k ŋ f a l s a e w i a k a t s w m ɛ ɔ f l k o
b a a w o k l ɛ m ɔ
a s a k e l e e m ɔ k e e
ŋ a h a a a w o
s ɔ ɔ n a l a m ɛ k k o
ɔ s e a a m ɛ a f a a j o a m ɛ m a a e
ŋ s h a p e a f a e e
b a a a n u ɔ ɔ k
a m f ɔ k
w o e p e
ŋ h ɔ d a e ŋ k a f
b a a ŋ m ɛ a k a g b l a
s ɛ m ɔ s i n e ŋ a k o
k i k o k p e a a k o e e
b a a w a k l ɛ e a w o
b a a h a t ɛ k o n a k
ŋ f a f u t h a k o e e
i a e e a g
ŋ k o t e e
a d i h i ɛ k e e
t s ɔ ɔ ŋ k ɔ ɔ k o
p e k o ŋ w u t u e
s e l e s i n t ɛ e e
ŋ b l ɛ j u e k o
i k o
k a l e k h i a ŋ g b o e e k o
ŋ a n y t s w a ŋ k a f
a t a w ŋ t s u e e
ŋ d t u u a a w e e
a a j u f a a e n e
k o a g b o a i k o
ŋ g b e p e k o o u t u k i a f l ɔ e e e
k ɔ ɔ e e e
w o e ŋ f ɔ f
b a a u e e ŋ s h u k u e
k u e a b ɛ
ŋ a a j a a s h
a a s e ŋ a e
ŋ k p f ɔ k p a s e e
ŋ h a e e
k a i k k o
ŋ ŋ a k o a a j e b a a g
i s u t u k p e e
a a j u k a l e k i e k o
a k o a a w a f ɔ e a k ɔ a a ŋ a h a e
i ɛ e e a s a e e e
ŋ k a f e e
b a a ŋ b l
o o ŋ a e
ŋ a s a g b l a
a a e e f l ɔ k o
ŋ j i n u ɔ k b a a k
ŋ j o o a ŋ a ŋ n y i
ŋ t e e n a e e
a i k o
o o e e b i e e e e
b a a b a a b n u u e
s a t s u k s ɔ ɔ e e e e
a k p d a k
a b ɛ ɛ
f o k o
h i a f n a e
u u e a a ŋ m i e u k u e e
b a a t a w ɔ ŋ b ɛ ɛ k ŋ n y i
ŋ b a s e e e n u u e e
ŋ l a a k o e e
a h i a w a k o s h w k o
b a a ŋ b w ɔ k o a m ɛ
b a a n y i ɛ
s w a w ɔ a ŋ k o
t s u k ɛ t a d i k m ɔ
t s i n a j o o o e k o
ŋ a a m ɛ
b a a l a ŋ k a n
t s ɛ e o o k a l a k e e
ŋ m ɔ e
s ɛ e e a l a l ɔ e e e
p e e e a t a w ɔ f l ŋ h i ɛ i k k a i k
a a ŋ m
b a a b a a j j u k o s a k o
t ɛ s i e s ɔ s e k
s ɛ e e g b l a e e
k a n ŋ t s w p a s a
w i a e e e
a a j
ŋ d i k ŋ ŋ m ɔ k o
b a a k o t a a k p a n e k
k ɔ e ŋ j a l ɛ m a a m e e
i s h w b a a
a k u w ɔ e
k p w a e
b a a a b s h f o ŋ k p ɛ k i e e
ŋ k p ɛ ŋ f a a b l e e
ŋ w o k o i a e e
ŋ d s w ŋ t a w e e
t s w
ŋ p ɛ t s ɛ e
ŋ f a o k o
a a t u k i k o k o
b a a n a e e a g
f l ɔ e h i a e
ŋ j i e
b a a e l e i s h a g b o
h i a k ŋ t s ɔ
a h i ɛ e e
k a n t u u e k o
h a k o k u e f ɔ e e e e
b a a w a k ɔ ɔ k
ŋ t a e e
a w ɔ y ɛ a t e e k e e
ŋ t u
f u ŋ w o
o o b l a k
s w a
b a a a g b i a e e l ɔ k o
b a a g a k ɔ ɔ w a b a a t s e l e e
a a e a k ɔ ɔ e e
b a a a a ŋ a
b a a k i e e
ŋ t s ɔ w i ɛ e
b a a l ɛ e t a a e a s h u k m a a e b a a n
ŋ ŋ m ɔ
t s u e ŋ n a t a a a i k o a t u u
ŋ t s ɔ ŋ n y i
j u e f l ɔ k a a
l ɛ k s ɛ e e ŋ a e e e
b a a ŋ j e l e k
a t u u e e
b a a a w ɔ k a s a a s h
a i e e s i n ŋ g b e k o
ŋ k a ŋ g ŋ j i k o
k i k a b e e
b a a b ɛ ɛ
ɛ t ɛ a w i
ŋ n y w o ŋ k ɔ e e
d i k w a ŋ k a e k
u u e e t u u
a i e ŋ m ɔ k j i e e k o
b a a h ɔ a i w o
ɛ ɛ e l a k o n e k
ŋ d i j i e
b a a ɔ ɔ k ŋ h
g b e b e l e e e
a t s i s l a e e
n a e e i ɛ a a j i e e
o k o o e b a a m e e
ŋ t u j e k j o o k
ŋ k p a k p e u u k
k u k o k p a s e e
p a t a a e e
a k a f
k ɔ s u k u u u
ɔ k o a d a w i
i e k o
k a a g b o
b a a h ɔ ɔ n e k o
h w i a a a m
ŋ a a t e ŋ w o
a a f u f l ɔ g b o
m ɔ e o t a k e l e e e e
b a a a s ŋ s e l
ŋ f h i ɛ e t a e
m ɔ ɔ ɔ k o k o
ŋ y a i k i ɛ e e l e k o e e
k ɔ k o k o
t s ɛ m s h w a t s ɔ
k a n e a k p ɛ a k o
ŋ g b l a f a l
s h a a y
s ɛ e k u e a a k p e e
ŋ g b o e
a w o s u k b a e e e e
s w a ɔ f
a a m ɛ
a k a f
ŋ j o o h ɔ g b l ɛ e e
b a a t ŋ t s u
i k t s ɛ h a e e e
ŋ ŋ m a ŋ m a e e
a w ɔ e f u t
h i a a a a k s e e e
a k a n i a a s e i ɛ e e n u u e e e
b a a ɛ m t a w w a k o
b l n u e b i a t s ɔ g b a h a m ɔ k a ŋ
t u e ŋ ŋ m ɔ m ɔ k e e
ŋ f a s ɔ b ɛ ɛ e ŋ k e e
ŋ f o ŋ f a l
b ɛ ɛ ɛ t ɛ e e
s e l h i ɛ e e e
ŋ i s h w ŋ j e
ŋ a s ɔ s t s i n e e
ŋ s h a a t a a s u k
b a a a t s w
k ɔ k o ŋ k p
a a g l ɔ k o e e
ŋ l ɔ t u e e ŋ j o
b a a y
a k a a a n a h i a a a s
s u k u a h ɔ e e
ɛ t ɛ h a k o ŋ a e e
w i s e e
ŋ w i a a d a a n
b a a a s h j e n e
s h a k ŋ b s ɛ e e ŋ a e e k o
b a a f ɔ e s e l e k p a s
b a a a n y i
a t s ɔ f o e b o k o e e
h a e ŋ f ɔ a f ɔ n a e e e e
ŋ a f a ŋ f a l a i f ɔ f l
a a w
b l ɛ a a l a e e
b a a a a h ɔ w a k o
h i a k k o
ŋ g b i h i ɛ
a a d a a ŋ m a
g b i e m ɔ k o
b a a ŋ d i k a g b e
ŋ ŋ a m ɔ
b a e a a k b i e e
ŋ t s u k ɔ ɔ k
w i a b ɛ ɛ e d i k j o o k k o
l ɔ e s a e e a a k u e e
ŋ m ɔ k
ŋ ŋ h i a n u e ŋ b a a a t a s h a
ŋ ŋ m ɔ k a b ŋ g b l
b a a ŋ j i e
m ɔ e e
u k u a j e g b o e k o
t a k o b a a ŋ ɔ f l e e
ŋ t s i
t ɛ k o j u k
j o a d s e ŋ h a b i k o
ŋ k a n
e k o t s h a k
g b i e s ɔ s e e e
a n y i a a t u
ɔ e e b a a h f l ɔ k b a a t a i e e
s e k a a n a n e k o o s i k a a n a a b e e
ŋ h i ɛ w a e e k o
f ɔ f l a a n y a a e e e e
a s h a k o
ɛ m ɔ e a n u u f l k u k
ŋ p e e
a a n y
b a a ŋ n y i i a k o a e e
a t s w i ɛ e e e e
a n u ŋ w o e e
t s w a a f u t w ɔ k o k o
a a e e w i a k
g b i b ɛ ɛ e e e
p e e e t u e f o e
ŋ m a a e e
ŋ b l ɛ a j e h a k e e
b a a ŋ j i a w ɔ e g b l a
t u u k e e u t
ŋ ŋ m a d a e e s e e e
a a j e
k a n m ɔ k o e e
e e a l a k a j o o e e
a k u a s h a f o e e k o
ŋ m ɛ s u e e
ɔ ɔ e a a b ɛ ŋ ŋ a e e
i ɛ k a f o
a t a a
a a m ɔ e e
ŋ n a k o t s ɔ s
ŋ t s i w i s ŋ t s w
m ɔ e e k u k o e e
b a a s a n e a k p k o
ŋ n a ŋ n y a f u t o k o
i ɛ s i n u k u e s a k i s h a a h a b i k
o o s h a k l ɔ e e ŋ t e a n j e e e k o
h i a k i ɛ e e e e
ŋ f ɔ f b a a s h w
a ŋ ŋ b a k u a s
k a i e f u t u t u k
w a a a d i k i a e e e
ŋ g b i k o
j e k o a y n a e e s h
b a a ɔ k o
b a a j a m f l ɔ e e e
a b a i k i a f ɔ p e k ŋ j o a d i b a a y e e e
ŋ ɛ k o a b l ɛ a h i ɛ
ŋ ŋ s e l
a g b e ŋ l ɛ l ɛ k o e e
k p ɛ k i b i k o
ŋ t s w e e
t e ŋ l a
ŋ d i k g b l j i e e e e
a t a w ŋ t s i
b a a ŋ j ŋ t s ɔ k p ɛ t a f ɔ a ŋ p a
ŋ h ɔ
a f o e i ɛ e e e e
e e e e k a n e ŋ g
b a a a s a a a k u a a ŋ
a s a a f ɔ e e
a t u j i e k
ŋ e e k s u k u ɔ ɔ k
a k o i n e e
s e l e f a a e e e
s h w a n e e
a w i ɛ m ɔ k e e
ŋ ŋ h i ɛ u u k f a l a
k u e a f o e a j o o e e
a b l ɛ j i e e e e
ŋ b a e b a a n
j u a n y i e e
s a k o k o
w ɔ b a a y a l a e e e
h i ɛ b ɛ ɛ a t s w t s i k
w a k f ɔ k
a i w i s h s ɛ e
g b o ɛ m ɔ e a s e
t u k k p ɛ t e e
b a a i a k o
n u e e l a k
e k s u k u u t u e
b a a d a e e
t e e e p e e
ŋ t s u i s h e e
t a e e a a m ɔ k ɔ ɔ e e
o t a k
b a a d a e e p ɛ t ɛ p a s ɛ a j i b e
a s a j e f u t u e e
b a a k ŋ f a a
b i k t s ɛ e ŋ k p ɛ
ɛ m ŋ k ɔ ɔ
u t u m ɛ s h a k e e
ɔ ɔ e u k o
a j o y i ɛ e i a k o
s h w a a l a k o
ŋ g b l u t u k
u k a s h ŋ b l ɛ e e
b a a a a ŋ a n a k o ŋ k ɔ ɔ
b a a n ɛ m ɔ k e e
u t ɛ ɛ e s h w i a w a k o
m ɛ e t e e e e e
u u e e e e
y i ɛ n y i ɛ e e
a t s u ŋ l ɛ m e e
w ɔ k o e e
k i k ɛ t ɛ e e
s h w i
y i ɛ a g b e e e
j i s u e e e e e b e ŋ w e e e k i k k o
a l a a d i a a b a
ŋ a k p ɛ k a i k s i k o
w o k n e e e
ɔ f l ɔ b a e e e e
p e k y ɛ e i e e e t s i n
ɔ e g b l ɛ e e
a k u ɛ ɛ e
t e s e l w o e e p ɛ l ɛ e e n u u k o
a l a k e e
ŋ w ɔ a j e ŋ y ɛ ŋ n u
ŋ j o o e e e
s h w i f l ɔ e e e
a a w o s ɔ ɔ k e e
i n e g b l a s u e e e
b a a a y ɛ e e
a a h ɔ i n e e i a e e
k o t a a t s ɛ
a y ɛ i ɛ k o i e e e
a w a g b l a m a a k k o
ŋ ŋ y ɛ k ŋ t e e w a a a n u
ŋ b a e e ŋ d i k
a ŋ m ɔ a h ŋ s h a k o
ŋ b a a b t a w ŋ j e
a t u k p s e y ɛ e e e
ŋ k p e k o
b a a n e k a ŋ m ɔ
s h w i b o k a b k a k o
a a t a
b o k o e e
ŋ ŋ t s k a n w i a k
e e k ŋ ŋ a t e e e
n e e e e
f a j o o a a k p
k ɔ ɔ k a w ɔ e ŋ s e
k u e e e e
k ɔ ɔ k e e
l ɔ k h w i n u k o k o
ŋ g b i s i a k u
a a k p
b a a e l e e a f o m ɔ k a f u t n u k o b i e e
ŋ b a a ŋ a h ɔ ɔ k p
b a e b a k e e
k i k o
b a k a w o ŋ t a w e e
s h a e
k o l e e e e e
ɛ m ŋ s e e
ɔ f l ɔ m ɔ k o k i e
b a a b l a k a a d i p e
w a k
g b l ɛ p ɛ t ɛ a b ɛ ɛ e e
ŋ ŋ k p a ŋ m ɛ g b l a
b a a f o e a a ŋ a s e l a a f a h ɔ ɔ k w o e
ŋ s ɛ e a b ɛ f ɔ k o b ɛ ɛ ŋ w i e
ŋ ŋ h ɔ ɔ
b a a f ɔ k b l a
f a l a
a f a l h w i s
a d a s a e e e
b a a s k o
k o w a k g b o e i e k o k o
ŋ t s ɛ e n e e t ɛ e
ŋ a n y i g b i ɔ k a f u
j o ɛ ɛ k o
f ɔ k o a k p a k o
b a a ŋ t a a b o e e g b e
s ɔ j e e a a t u b l a k
a s a k a i k o
a b l ɛ ɛ t ɛ e k o
ŋ b ɛ n u k l e e e e e
b l a e i e w ɔ e e e
ŋ ŋ h t e e k ɛ t ɛ
ɛ m ɔ k f a a k o
b a a b a e l a k o
t s i e a t s i k o
w ɔ w ɔ e e e
ŋ ŋ b l k u k i a e
g b e l e e
b a a n e k
u u ŋ k o a a j o e e
n a ŋ s e l i a k
l e k o ŋ a e e
e k o a j o e e
s ɔ s s h a e e e
b a a ŋ n y ŋ b y i ɛ
ŋ i k i e ɔ s e
a f a ŋ s a f o k e e
a a t e u e e s u k j o s e
s e e e
h ɔ ɔ e a w i a b a e e e
ŋ e e e e a t s i
o t w o k o e e
t s u e ɔ s e k k ɔ e e
b a a ŋ h ɔ ɔ
b e l i k o w i s h e e
ɔ s e h ɔ ɔ k ɔ s e e
a i k o h i a
h a k o
a a t e e e
ŋ k a i k l e k w o e e ŋ l ɛ
b a a a w ɔ ŋ l ɛ d a k
h i a k ɔ s e k
i k o a k p f ɔ e
ŋ n a l ɛ m ɔ e e
t s w a
ŋ s h a a j o
ŋ b l h ɔ a a f a a a f a e e
ŋ s h w m ɔ k o k o
ŋ k o t a f ɔ i k i k
ŋ j i e k o
ŋ a t u a t s t e e e
w a k g b i e
s u ɛ m ɔ
a f a a k o
j e ɔ f l ɔ a a i a k o
i ɛ k o ɔ ɔ k l e k o e e
u u e e e e
g b ɛ m ɔ e
ɛ k ŋ m a a f o d i k
d i k i a a n s e k e e e
ŋ b ɛ ɛ m a a e ŋ h ŋ a u u k b a a g k o
ŋ b a a ŋ
b a a y u e e w a e
s w a a i k i k k o
s i e e d i k k o
b a a p a s a k a n
b a a j u e e w a a k ŋ j u o t g b e n e e e
s e l e k o t a i a k o ɔ e e
b i e
a l ɛ ɔ s e k
a a ŋ a e e
a ŋ t u t s ɔ s l a k o
n u u e k p a s u t u e e
ɔ s e n a ŋ f u t
b a a f l ɔ w a k o a n y i m ɛ k
a a m ɔ l a ŋ f ɔ f
b a a w i s h a k a i h ɔ ɔ
b a a t a j ŋ t s u e e e
i k i k ɔ n y ɛ t ɛ k
a s h w e e
a h a ŋ t s w k ɔ e e
ŋ a h i a
a b m ɛ e a a h ɔ
s h a e e e
ŋ n a t ɛ k o
a f u n a g b l ɛ
b a e ɛ t ɛ e e e
a h i ɛ a j u s h w i
a t e m ɛ n y
b a a i ɛ e e a t a a k ɔ e e
u k u a n e e ŋ s h
ŋ ŋ f u t
ŋ a a f ɔ k o
f a l a l ɔ a k p e
o o l ɔ e
b a a ŋ s h t a w a d i k
ŋ h ɔ n a k a a h i
a ŋ m a e e
b a a h ɔ ɔ e
ɔ ɔ e e a k ɔ f l
a a k a ŋ f ɔ f e e
ŋ k a i n a e
ɔ s e k
a w b a a a k u
f u t k o
y ɛ a f u t s ɔ s e w o k e e
ŋ b a a d a h a
b a a t ŋ k a n
a l a e ŋ j i k o
b a a a h a a a k ɔ
ɛ ɛ e e d a k e e
ŋ j o o a f a l ɔ s e e k o
b a a ŋ m a a a a s h
u u k e e
a s h a a k o t s i k e e
j e k o b a a m j i e ŋ h ɔ a b l k o e e
s ɛ k l ɛ m ɔ
ŋ k u i k o k o
ŋ a i e e ŋ g b i
s ɔ ŋ g b i e e
a a f u ŋ k o t s ɛ m a m ɛ
ŋ b a i e k h a k
y ɛ k s i k
t u u e a f ɔ f s ɔ s e
b a a t u e b a
ŋ o k o u k u t s i e j e p a s a
n a e e s i ŋ d i
b a a a a n y
e e e e
u u e i k i e t s u k e e
h a k o k u k o k p e e
j o o
h w i t u u k p e e e e e e
j o o e t a k o b a a g
a a j u ŋ t s ɛ k o
ŋ s e l
a a j u a b ɛ a k p a
ŋ h ɔ ɔ k o
s w a k a i f u
ŋ a n e e m ɔ e ŋ w o a a
t s w n u u k k ɔ e ŋ f o ŋ s h a g b i e e
p ɛ t ɛ k o
a k u w o u u e e
ŋ h ɔ ɔ e e e a a s h
s ɛ m ɔ a k a n e e
ɔ ɔ k o p a s u u e e h ɔ ŋ n u o k o s e k
w a a k m ɛ k e e
h a k b a a b o o a a b b a a l h i e k e e e
b ɛ ɛ k e e
ŋ g b o l ɛ e a a j o e e
b a a b i e a d i ŋ w i
a i e e e e e
n e i k i u u k n y i h i ɛ e a f o e e e e
ŋ k p e
a l a k a a ŋ o k o
b o f l ɔ e
ŋ t a a b a a b e e
p e e l e k o
b a a b e l a k o t
ŋ h i ɛ i a k o e e
a h a f l ɔ n a e e e
a a j t u u k
t s i n
ŋ s h s e k e k o e e
ŋ l e k o ŋ a e e
t s u a f ɔ e e
b a a n ŋ k w i s
ɔ s e e h i ɛ k e e
ŋ s ɔ s e b l a
ɛ e k p e k e e
a a m ɛ k a n ŋ l a h i ŋ n u e e e
e l e k
i e k o s ɔ s e b a a h e e
ŋ n u u e e k o k o
o t a k k u k o n u t u u e
b a a o o e e ŋ m ɔ k a n y i
k ɔ e e s h a k k o
ŋ j e ŋ t s u
u k u ŋ b ɛ
k a i e k o
l a a t a a a s h e e
a a f s ɛ e
ŋ s e a a n a e e
a i k o d i k ŋ d i k e e
a l ɛ s ɛ e e e e
a a f
p e e a n k a e e
b l a e s ɔ ɔ o o k o
s e e k ɔ ɔ ŋ ŋ m ŋ w o b a a f l ɛ e e
a ŋ m ɔ b a a l
a a k p i s h i s e e
a k u ŋ n k ɔ k o u u k o f o e
ŋ a d i ŋ k p ɛ w a a
a s h w w o k o k o
ŋ d i e l e e k o
l ɔ e ŋ j i l a k o o k u e e
ŋ l ɛ m
a a w i b o k a t s ɛ
b a a t u k o
t s i e k a f o
e l l ɛ e e k o
w a ŋ a e e i k i e e e
a k o t t a a
ɛ e e b e e k a a k
a g b i a a h h a e e e
s e l e a g b o k o
w a a k
ɛ ɛ k a a b l k o
b l ɛ k a t s w s e l e e e
a a k ŋ y ɛ s e k o k o
d i u k u e o k e e
ŋ i a e e a e p e k o
a g b i m ɔ e e ŋ j o o e e
w i e a d i k h w i e e
h i ɛ e a k a n
ŋ d a u k u k
p a s a k a i e e
a k ɔ ɔ h a e e
b a a f a a e n y i ɛ
i n ŋ g a t s i h a e e
ŋ a a a f u u t u e e e
n u e
b e l a a f u e e
ŋ n ŋ m ɔ k a i k
ŋ f ɔ k a k p e k
ŋ i ɛ e e o k
l ɔ e e ŋ d k u e e e
ŋ t e g b o k ŋ w o e e
t a k o t u e
k i k ŋ m ɔ e e e
ŋ h i ɛ ɛ m ɔ l a e e e
ŋ w o f a a e e e
k u k a a t m ɔ k
b a a a j e a f o m ɔ
ŋ k i k ŋ n u u i e e
e e k o
b a a j i e
k o t a a h ɔ ŋ f u t w i a e a b l ŋ k e e
b a a a k a b a a j j i e
j o b l ɛ ɛ m
h w l e e a t s ɛ ŋ g b o t a e a n y
ŋ a f ɔ f i k i k l a k
b a a n a k o p ɛ w i e k
ŋ a a y ɛ a a k u t a w
w o a a n
h i ɛ e a i k o ŋ k
ŋ j i e a f o k e e
a l ɛ k a i k l e a a w b a a y e e
b a s ɔ ɔ k o
ŋ l ɔ e k i k
ŋ t s u a a n g b i k
b a a g b i k
b a a ŋ g t s ɛ e
ɔ ɔ k o o e e
n u s w a j o o a m ɛ e e
f o ŋ j e t a k o e e
w a a e e
a g b i s w a a k o
k ɔ k o e e e ŋ a e e e e
b a a ŋ t s w i s
b a a p ɛ t ɛ
b e p e k d a e e
b a a h a k o ŋ b l ɛ
a k p e ŋ d i
l ɛ l ɛ e e e e
a n e d i a t
b a a w i e k
a a a t s u e e
k p e e b l ɛ
b a a ŋ j i e
g b i e t ɛ k o
ŋ ŋ m b o e
a a l a
ŋ i k i y i ɛ ɔ ɔ e
b i a a g i k i k e e
s ɔ b i e e
t s i p a s k a i e k o
n u u k
a a h
a m ɔ h a k e e
ŋ b a s a k
b a a j e k
i ɛ b ɛ ɛ e ŋ h i e e
a n e k
j o o a a t e e e
a n e k
i ɛ b o e a w i s u e e e e
ŋ m a a b l e e
l e s ɔ a w a
k p ɛ a a t s
a j i ɛ t ɛ e b a a n e e
g b e l a a w o
f o k t u u e e e
a a n w ɔ e
i ɛ k o t a e e
p a w i e n u u e
ŋ t s ɔ e e
a f ɔ ŋ f u s ɛ m ɔ a a t u
a a n a b l ɛ
ɔ ɔ e e a w ɔ k s ɔ ɔ e
ŋ f o s ɛ k b a k o w o e e e e
a s e l o e o t a e e
ŋ h i ɛ e s e e a a n u
b a a ŋ n a
ŋ a t s ɛ
ŋ m ɔ e ŋ w i a f o e
ɛ t ɛ k ŋ w i e ɛ ɛ e e e
ŋ ŋ m a k o
w ɔ e d a k
ŋ h ɔ ɔ a t a w e e
ŋ d a ŋ d a b l a k
ŋ b l ɛ k f l ɔ k g b i e
a t s a t s t s ɛ e ɛ t ɛ k ɔ e k a n e
g b l a
a j i e h a k o e e
i n e k f l ɔ e e
b a a a h ɔ ŋ f ɔ f
p e k o b a a f
ŋ a a h
b a a a j a g
f l d a e l a ŋ t s w e e
b a a k a a k ɔ e e
s e k o e e ɛ t e e e
n e ɔ ɔ k o m ɛ e e k o
a m ɛ b ɛ ɛ k u k e e e
n y s ɛ m ɔ j u k o e e
b a a ŋ f u t
f a a k ŋ n y i e e
u t u p a s m ɛ b a e e s ɔ s ɛ t ɛ e e e
a j i
ŋ ŋ t a w m ɔ k a e e k a t s ɔ s a f u t
ŋ m ɔ e a a f o j o o k ŋ t s w t s i n e e
l ɔ e e i k i e a k a n e e
n u u k a a n u
ŋ t e ɛ ɛ e w o e e
s e l b a a g w a a e e
e l e w ɔ l ɔ e s ɛ e e
ŋ t a ŋ g b
b o e k p a s w i a
ŋ g b l a a n u t s ɛ k
ŋ a k p a a f u
e l e k
ŋ o t a e h ɔ ɔ e a a f ɔ a t s u b a a g
s ɛ k t ɛ e e
a k u a a k o k o
b a a k ɔ k l ɛ e e ŋ k ɔ ɔ
ŋ a e k a h a f a l
f o k o e e e
ŋ j o p a s k i k o e e
ŋ b l a i e e
s ɛ e e e e e
a f ɔ ŋ k ɔ ɔ k o
b a a w o k o s ɛ h w i s y ɛ e m a a e
k p a s e e e
a y ɛ t s i
j o g b l e e
ŋ g ɔ k e e e
h a k o a f o k k a i ŋ m a j o o e e
s ɛ m k p e e h w i a k o
j e e s ɛ e e e l e e k o
n e s e e h i
ŋ s e l a f o k
i a k o e e
d a k b l ɛ e
ŋ a k a n y i
b a a d a a a s e a f ɔ
ɛ k o s ɔ ɔ k i n e e e
b a a b o e a a n a s u k
a k p e d i k i ŋ t e
a a f i s h w
b a a a t a a w ɔ k w a a k
ŋ f u t
ŋ d i w ɔ k o
b a a s ɛ k b ɛ ɛ e
ŋ i e a h ɔ u u e
b a a w a a k b a a ŋ k a
ŋ a e e
ŋ j i s h a k ŋ h i a
w ɔ e e t u
a a y s e j e e e
b a a a a k a o e g b l ɛ
ŋ b ɛ ɛ ŋ b
ɛ t a a l ŋ f w i e k o
a w m ɔ e
h i ɛ k k o
b a a ŋ n u k o
a k o t s a k b a a n e e
b e m ɛ e e e
a d i k u k u l e w a k o
d i l ɔ k
ŋ l a ŋ f a a
n e e e t u k k o
b a a s e l
ŋ ŋ j o f a a f o ɛ ɛ e e w ɔ k o a a k u
a w i b l ɛ e a ŋ a s h a k a n e b l ɛ e
t s w a e e
ŋ ŋ k a a a k p m ɔ e
j o o l ɛ m ɔ e e
b a a a a w a
m ɔ e g b l a j o o k
y ɛ e w i e e e e
ŋ a l a i s h w a a w
b a a ŋ n a ŋ w
b a a a t u u a a ŋ a a j o
b a a h ŋ l ɛ a y ɛ b a a l
b a a b e l e
b a a a t s i s ɛ k d i a k a i
f o e t e e e ŋ f u e e
ŋ d a i ɛ k b ɛ ɛ e
o t a e k a n e e
a a j o
m ɛ e e k u e e
n e k o w a k o ŋ d i k ŋ g b s a k o k o
ŋ f a l a g b e d a k
t u u e e e
k p e k g b e l ŋ g b o k ɔ e e
l e m ɛ ŋ j o b l ɛ e
t u u e b l f o e ɛ ɛ e e e e
ŋ a a k u o o k j i e
a k u k a n e
j e e e o t a j o o e k o
ŋ u u e s u k u
b a a t ɛ a n y i t s ɔ ɔ
ŋ g b k u k j e k o
s u k i k
ŋ k a b a e ŋ g b
ŋ k o t a b l ɛ
e e e e a a d a
ŋ f ɔ f n a e e
t s u e s e k o k o
a ŋ a j u t ɛ e e e e
b a a a a j e a f o
w a e ɔ ɔ a a j k o
b o e e a a f u e e
i e e t ɛ k u e
i ɛ l ɛ m ɔ f l e e
b a a w a k o k ɔ k i s f o e e
a a ŋ a t a w ɔ
l ɔ e e t u e e e
ŋ h i ɛ a l a e e e e
i s ŋ h i a s h a
i a k o a g b o g b o e e e
a f a l
w a a e l a k i e e
g b e m ɛ e e e e
ŋ u t u k a f o i k
f o k o a w e e
ŋ a t s i m a a e a f ɔ
ŋ m ɔ k o a b ɛ ɛ
b a a n u a l ɛ m
g b l a ɛ t ɛ e e
j u f o e e l ɔ k o e e
o t a e ɔ s e e e e
t a a k l ɔ k i ɛ e
ŋ a f ɔ f a n e k b a a h
s i k o u t u k e e
ŋ ŋ b ɛ ɛ
s w a ɔ ɔ e a a ŋ
b a a j o o e l e
ŋ k o a a h b a i n e k j e e e
k ɔ ɔ e k a y ɛ k b l ɛ k o
b a a l b ɛ u e n u u s e k a t s w
a i k o h a e i ɛ
t u u e a l a e e e
b a a g b o k
ŋ m a a ŋ t a w a f a l e e
a a j
n u u k k o
k ɔ e e ɔ ɔ ŋ n y i e e
ŋ b ɛ a a k p o t a e
ŋ ŋ a j e e ŋ g k o
b a a ŋ j e a k p a a ŋ m
b o i a e a m ɛ s i e
a s e l e e
ŋ b l a k g b l a ŋ m a
g b i k l e k o e e
k ɔ ɔ e ŋ k a e e
w ɔ i k i e e e
ŋ f u t a a y e l e k
a g b e
k u e k a f o k o
ŋ h a
b a a u k u a a l a a t u
k ɔ e w i a k e e
h i ɛ k a s a e e e
k a i w a k o
e l e k b i k o f l ŋ j o o
j e e e a t a k o t e e
t s u k t s ɛ m t s i k o
ŋ a f ɔ a k o t i ɛ k o
b a a b l ɛ e a j e h i a k
a d i a f o e e e
b a e i a k i n e k e e
b a a k i e n a e e
ŋ h ɔ ɔ a k a f
a a b a j e k o e e
w i e e l ɛ k h ɔ ɔ e e
a a h ŋ k p e e e
b a a l ɔ i a k o ɔ s e e
a f a ŋ t s ɛ k o
b a a ŋ a k o l ɛ k o
ŋ a h ɔ ɔ a k o
b o e e e
e k w i s a k ɔ ɔ w i e e e e
a k p ɛ k o
b o e s a k o p a s a ɔ f l ɔ e e
h ɔ w o k o k o
e e k o k o
s e k i s ŋ l a g b l a k o
h i a i a e p ɛ t e e
a ŋ m a a a t a k o
ŋ w o ŋ t o k o
ŋ t u k t s w a w o e b i k j i t e e k
s h a i n e k a j i
i k i e ɛ m ɔ e e
b a a a t a w
b o e e b ɛ ɛ k ŋ t s ɔ o e e e e
t ɛ k i k o ɔ e k o
ŋ ŋ j o o b l a k
ŋ n a e e
ɔ s e a n u e e
a a n u d a k a n e e
l ɛ e a d i k
g b l ɛ ŋ k p
o o j i e j e k o
b a a m a a e a a t s h ɔ ɔ s ɛ k o
h ɔ ɔ l a e s h a k
ŋ i ɛ e j e e f l n y i ɛ
m ɛ k t e e
ŋ g ŋ f a
ŋ a a j ŋ s e g b o k
m ɔ
a a b a t a w b i e e
b l a k b a a j a h i
b a a w l e k e e
b a a k p e k ŋ t s w ɛ t ɛ k w o e j o o
g b i e e e
ŋ w h a
b a a a g b l w a a k
l ɔ k ɔ ɔ a i k o
t s w a
ŋ y j e k o
t s w a n e ŋ g b l
o o k a f a l a d a
ŋ g ŋ ŋ a k o
ŋ o t a t a w h w
a ŋ m ɔ l ɔ e a a ŋ a a k u s a k ŋ ŋ m e e
f o k e l a h a ŋ a
b a a f a l a n a k t a e e ŋ f a t s w
i n a k p a a k p
g b i k a i k h w i a
ŋ h ɔ ɔ l ɔ e e e e
k i e e ŋ t s
a a l ɔ e
p e e
a k u ŋ h i a b l a e
g b o k w i a k n u k o k o
t ɛ e e ɛ ɛ k e e
s i f ɔ f i k i k d a k o
d a e e f ɔ e
ŋ ŋ t e e
s a e e t s ɛ k e e
a k p ɛ g b l ɛ w a a k e e
a i k ŋ t s u k o
b a a ŋ
s a e e i n e e a a j u h w i a d a b a a m
a i e o t a e
f l
h ɔ ŋ m ɔ a w ɔ t a a e b a a ŋ e e w a a e
b a a ŋ ŋ s h w ŋ k a
h w i s ŋ f ɔ k o
ŋ s h a k s h a
m ɛ e e b ɛ ɛ e e e
i e f o e a a k p ŋ g b e e e
f ɔ ɔ s a a h i
ŋ ŋ m ɛ w i e e k o t
b a a s k o e e
a a w i e e e e e
ŋ ŋ d i s i k
a g a a w a ɔ s e e e e
a m ɔ b a e e
b l ɛ k i k o s i n e b o k o a a e e
ŋ s e t s i k k o
a n y k p a e e
t e k o t a a h i e e
ŋ o k o
ŋ f ɔ f l a m ɔ ɔ ɔ e
ŋ ŋ m d a e s w a a e e
ŋ b i k o t h ɔ ɔ
w o e a ŋ a m a a k
ŋ g k ɔ e e
s ɛ m ɔ ŋ k p ɛ e k
t s f ɔ e e e e ɛ ɛ i a l ɛ e e e
k o t k o
j u k
i s l a e a l ɛ m
ŋ t s ɛ
ŋ g b ŋ m a i e e u t e e
y ɛ k o s ɔ t s ɛ k
a a d i e e
ŋ t j e k s e e e e e e
f ɔ f l ŋ f u i n e e a a w a e e
b a a ŋ g b e ŋ k
a t s i a a j u e e
e l e k
a a m ɔ
u u ɛ e e
ŋ k a p a s s h w i e e
b a a k ɔ f a a e
ŋ n a e a w m a a e
h i ɛ k m ɔ e e e
ɛ ɛ k o ŋ j i i ɛ e e
a a j f a l a t e e ɔ k s a e e
s e e e a a k u e e e
a a g w a k ŋ t e
ŋ g b o f ɔ e e e e
ŋ m a k p ɛ ŋ k o e e
a k p
b a a b ɛ ɛ w i s
ɔ ɔ f l ɔ e ŋ y ɛ e e
h i w ɔ a k p e a k p e e
ŋ s h a a f a e e
ŋ ŋ w o a a s a a k u
u k l ɛ k ŋ t a w k o
b a a a a k a a a d i a e e
ŋ t s ɔ h w p ɛ t
n a e e
ŋ w i a e e s ɔ ɔ k
s ɛ k o l a e a m ɔ
k ɔ e i k e e
k p e e e e
b a a a g b l a t ŋ b b a a
j i e
b a a s u k o k u k
i a k o y i ɛ e
l ɔ l ɛ m ɔ
a w m a a a a h a a f a s i e ŋ k p a
w o e e ŋ a k o ŋ m a a
ŋ b ɛ ɛ h ɔ f l ɔ
s u e ŋ k a f
s ɔ a a d a w a e e e
b a a g e e
o k a f o k a a y ɔ ɔ k o
a a a i e
p a p e n u u e
a w o ɔ s e i k i k
ɛ t ɛ o t e e e
ŋ n u ŋ j e e e
a a h i e e
b i e e e e
b a a p e e e
ŋ l a k a h i ɛ
t ɛ e a i a k p ɛ w i e e k o
ŋ s a k a a ŋ m
ŋ a a t ŋ m ɔ s ɔ
ŋ f a e e k o
b i e a d a w i
a a t e w i a e k o
a t e a b l ɛ
b a a b a a s y i ɛ k a s h w
i ɛ e e a a d a e e
ŋ b a a y l e k t u u k
t u u e w ɔ e e a t e e e e
a n a s a k h i ɛ e a l ɛ
ŋ ŋ m ɔ
ŋ ŋ f n u k a s e a a h
b a a e e e e
l e e e u u e e j e k
a a k
l ɛ s i n e e e
k a f ŋ m ɔ e
m ɔ k o s i n e e
ŋ a a s a a k ɔ k p ɛ t
a k a n a a w o e e
u u e g b o e s h w o k o
b a a a i a a d i
i a e ŋ w a ŋ t s w e e
m ɔ e ŋ m a s w s w
a a n a b o k o ŋ n y i e e
ŋ f a l p ɛ t ɛ s i n
ŋ f ɔ f ɔ ŋ b a a l ɛ
u k u ŋ k a n
t s ɛ e a b ɛ ɛ a k p a ŋ b l
u k u a f o e y ɛ k o d a a a ŋ a s ɔ ɔ k o
f u a a k p ŋ m ɛ
s ɔ l e e n e e e k o
s u k o n a ŋ h i ɛ ŋ m e e
b a a j e e p e e h i o o k
ɔ e ŋ t s ɛ
e l e k ŋ t s u
ŋ f u a f o a h i
ŋ k a s h w i
d i k i ŋ k ɔ ŋ j e u e k ɔ e e
b a a ŋ h i
ɛ t ɛ f l b l a k e e
a a s e i k o b e l e
a k o t f o k o l ɔ e e
ɛ t s w a e e
y i ɛ e a s a k
b l a e b a a b e e
i s h w e e
s e l e e e
a f a l w o e k o
n e e e ŋ y k p s ɔ ɔ
w i s h a ŋ m k o
ŋ b l f ɔ e t e e e e e
ŋ w o o e e k o
ŋ e k o s a e e e e
a a t e a k p e e l
ŋ ŋ k a ɔ ɔ ŋ h i
b a a s i e b a a ŋ b a a ŋ w i s i k o n a k o
o e k a e e
a a j o a a k u e e
ŋ a t s i ŋ m ɛ t s u k
k p ɛ a f a
i ɛ e a f a a e e
u u e a a w k o
a a j o a f o e e e
k p ɛ t ŋ k o
ŋ a ŋ m a t u u
s i ŋ k a b ɛ ɛ k
b a a ŋ ŋ a
a g d a e e
ŋ t s ɔ ɔ w o a h ɔ ɔ
ɔ s e e a g b o s u
b ɛ ɛ a a s h
m a a s a j i e t e e e k a n e i ɛ k ŋ j e
ŋ o o k o e l e a j e
l e k o e e e
m ɔ a w o a w o ŋ f ɔ f h w j o o k e e
ŋ f ɔ f k o
b a a u u f o k o
ŋ ŋ t s ɛ h ɔ ɔ e
b a t u k o e e k ŋ ŋ m a e e
a a e e ŋ w i a l e e
y i ɛ e ŋ g b e e e
ŋ s e l t s u e
u u e h a j e e e
a a f o h w i s e e
j e k o a i k o ɔ ɔ k
o t a ŋ b ɛ e e k o a a h ɔ t e
s h w ŋ y ɛ k o a a m ɔ a k p e
ŋ b j u ŋ ŋ m a
i e k o e e
y i ɛ b o k o
a a n u i k i o o e a t s w e e
a s a
d i ŋ ŋ m e e
ŋ w o k w ɔ e ŋ ŋ m ɔ
b a a ŋ g b o o k
ŋ k o k ɔ ɔ k
ɔ ɔ k a t s d a k o a e u k u k
n u u k k o t s ɛ y i e e
n y i ŋ d ŋ l w o a h i a e e
ŋ t a a a g b o k o
ŋ ŋ t e ŋ k
o t a ŋ j i e e e e
l ɔ k o p ɛ a t s ɛ k o
a t s ɛ b l a k a a f o f a ŋ n y p a
k a f o
k p a ŋ t s e k o
a t a a f ɔ f a y g b i k
a h ɔ a f o
ɔ k o
y i f a s u e e
b a a s h w i ŋ ŋ m b ɛ ɛ k
b a a t e e
w i s h d a k o a t u
ŋ ŋ m a o o e e l ɔ e e e e
w ɔ n u e e e
a k p a a d i k n a e k o
a a k u h a e e e
t a w ɔ e e
i s h s i e ŋ k a i
d a k o ɔ e e ŋ a e
k u e f u t
ŋ n u a w i ŋ n y
u k u a i e e o t a k
a a f ɔ e e
l a e e h w p a w o k o e e e
b l a k ŋ t e e e
k a n e e e
t s ɛ k j u w a a f o e e
s i n e a a y ɛ a t s w
k p e e g b o k
b a a n a a d i k ŋ g b i
a s e a b a f l ɔ e e
u k u a a d n e e e k o
y ɛ j i e k k o
a j i k o t e e e
a d i k
f o e e e
j e e y i o o k o
b o s e k e e e
a a f ɔ g b l ɛ e e
w a a ŋ w o k o
b a a a e e ɛ t ɛ a a m ɛ a b k a n
b l ɛ k k o
l ɛ b a a k k o
l e k ɔ ɔ o o e b i k
ŋ n u u s i h ɔ ɔ k
j u e e e e
i k ŋ k ɔ ɔ k o
b o e e a s a a l a t u u ŋ s h f u ŋ k o t e e
a j i w o k a k p
a f s u a a g
b a a
b a a ŋ n u s w a
a a d i
a e i s h w
b a a s i k t ɛ e
ŋ m a a a t s u p ɛ t ɛ
s i e e a t e f o e e e e e
w ɔ e n u k
w a k o a a w o ɛ m ɔ k e e
l e e e e e
s a ŋ t e e l e a ŋ a k p a
a a j a k a n j o e e
f u t u a b l e e
b a a h i ɛ l ɛ
o o k o t ɛ k o e e
d a k a d a ŋ s e l e e
ŋ k p ɛ ŋ y ɛ t u
l ɔ e e w ɔ e e e e
o o a a b ɛ ŋ k p e k o
s ɔ ɔ j e e e
i n e k
t u u e ŋ t s h w
l a e m ɔ ŋ m a ŋ j i k o
a h ɔ ɔ j o o e e
b a a b a a g t u k ŋ y ɛ
b a a a k a i a k u u
ŋ n a e e k a i s h w ŋ d i k s u e e
a a ŋ m a k ɔ k o
d a e e e e
b a a a i k o ŋ k ɔ
b a a s w a e e
a a p e k a l ɛ m
b i k b a a s
ŋ h ɔ ɔ e e
l e k o s u k o h i a k
k p ɛ
b ɛ ɛ e ŋ d i t s i k o
ŋ s ɔ ɔ e i s k p a
b a a s e e e l a k ɛ m ɔ e
b a a a ŋ m ɔ
k u k o e e
b o k a k a n k o
b l ɛ h ɔ ɔ e
b ɛ a s e ɛ t ɛ k
w ɔ k o i k i k
ŋ k p t s ɛ k
t a a b a j e k a y ɛ a l a e e e
u k u k b i k b a e e
s ɛ e ŋ w a a k o t e e
b e l s a k m a a a n
t s ɔ ŋ k p a ɔ e e e e
b a a a t e w o e
m ɔ k o w i e e
f l k ɔ e e e e e
p e a ŋ m a ŋ n y
g b e k o t a e e e
w a a
ŋ u e e h i a e a a t
b i k o f o e e
i n e e o o e e e e
a t s ɛ f o f ɔ f l k o
ŋ s u g b l s a e e
k u e y ɛ
t s ɛ e k ɔ e e e e
ŋ ɔ ɔ k l a e e ŋ g b
a t e e
d a e e ŋ b ɛ e e
b a a w ɔ e e ŋ k p ɛ
ŋ a a b i s h w a k a f l ɛ k a h a
a a f ɔ k o
d a t a a k l a e e e e
u u e w o k f l ŋ t s ɛ e e e
a a t u ŋ b l t s w
h a e e e e
ɔ s e k t ɛ k a g b e e e
i n m a b e l
t s i e m a a f a e e
g b o k ŋ n y i
b a a a a n a h a k o
k u e e i s h w
ŋ n a e e j i a a t e
a ŋ m a k o
n e m ɔ k o e e
a l a a y a d a b a a s
k a f o j e k o e e
ŋ ŋ i a k e e
g b i e k i k k o
h a k e e e l e e e
ŋ a g b o
o t a k ɛ k j o o e k o
k o t a k ɔ k ŋ h i a e e
b a a a a d a a a b ɛ t a a k a w a j o o u u
b a a i ɛ k a m ɛ j i e
ŋ ŋ b f u t u
a a b ɛ ŋ j e e e
b e l e t s b ɛ ɛ e
a k p e w ɔ e e k p e e e e
b a a t u e e a a f u f ɔ
ɔ f l ɔ n a e e e e e
o t j o o k o
b a a ŋ k u
ŋ t ɛ k a h i ɛ ɛ ɛ
b a a b a a w a w ɔ k
ŋ ŋ a e e a n a f a l
a d a w i a k
t s u e e
b a a e e
j u k o ɛ e e
l e e e e e
ŋ w ɔ e e m ɛ k a j i e ŋ m ɛ
ŋ a a t a j u k ɛ t ɛ e
ŋ ŋ s e l
a a l a e e
b a a ŋ t a b a s a h w
l ɛ k o ɛ m ɔ e e
i n a a k o e e
ɛ t ɛ
ŋ ɛ ɛ k o a w ɔ
ŋ k a n a k a e e
l ɛ m a t s ɔ b a a w a a w i
ŋ u k t e d a k o a f a
s w p a k p e l ɔ ɔ e e e e
a t u e e
ŋ ŋ a ŋ a k ŋ h ɔ e e e
k a n e f o e e
f o e e k o
k u e b l k a y ɛ e e e
a a y s e e e
ŋ g b i t u e e
b a a ŋ j i e
a k a k o
ŋ w i s u k u e
a t e e ɔ e e a f
a a f ɔ t ɛ k ŋ k ɔ a a n a e e
i e k o ŋ d h a k o e e
a n ŋ t s w e e e
o t a k a w ɔ e
k a i e k a
b a a i a e e
b a a i e t s ɔ s
d i a b l ɛ k o
a i ɔ ɔ e e k p e
ŋ i e e e a a j u
a t a a s w a n e e
e l e s h o o e ŋ m ɔ e k o
b a a ŋ j e l ɛ m ɔ a a j i
ŋ n a l a k o e e
e l ŋ t a w t ɛ k o e e
b a a ŋ h a ŋ m a a
ŋ f a l n a k o
ŋ h i a k s h a
i ɛ e s w a a b l ɛ e
a l a k n e e t a w
ŋ f m ɛ
a f a a ŋ y ɛ
ŋ h i a k i k e e k a j a h a b a a h s h
t s ɛ k d i k i h ɔ ɔ ŋ w i e a a e k o
t s ɛ f a a f ɔ k o
ŋ j u e a k p a
l a ŋ a k o k o
n a e e
u k u e
a t a w j e e e e e
b ɛ ɛ e
w a a k e e
b a a a s e l
w i a e k p ɛ t u e k o
a f ŋ w i e h i
a b ɛ n e k o
a i e t u k b o k o e l e e a j i e a a j i
a k a h i a k o
ŋ l a e e a t s
ŋ i ɛ e e k ɔ e e
w ɔ k j u n y i
a ŋ m ɔ e e
a e e k a i e t s ɛ e e e
ŋ f ɔ k o j u e j u e e
s u k u w i s h e e
l ɛ m t e e e
b a a j u
b a a a n a s e l
b a a b a k o k o t a
h a k o k o
n a k o m ɔ e e e e
b a a h h a k
a a e g b o e i ɛ e k o
ŋ w i e
ɛ m ɔ k m a a ŋ j e
ɔ k a w ɔ n u ɔ e e e
ɛ t ɛ e n y i ɛ b l ɛ k
ŋ w a e e h a h i ɛ k
o o e e ŋ s a a g b
l ɛ k o a a d i
i s w o k o a a k ɔ f ɔ g b l ɛ k o
ŋ l a
b a a i e e m a a e ŋ b ɛ m ɔ
e k ŋ m a n a a a d i k o
b a a f o e e b a a t
ɛ t b i k o e e e
i k i
b a a ŋ ŋ a ŋ k ɔ ɔ i e k
b a a m ŋ f u
ŋ j o j u k o e e e
a n e e e
ŋ a w a a g b
ŋ s e b e l m ɔ k
a a h i t e e
a a l a f a a ŋ m a a i k i k ŋ a k o
n u u l ɛ i k e k ŋ a k o
l a e e ŋ t s w
i a e t a e e e e
k a n k o t ŋ f a a e e e
d i a w
d i k k i k ŋ h i ɛ k o
ɔ k a a j e
b a a ŋ k i s h
m a a n e k
g b i e ŋ f u t k o
a s a h ɔ ɔ
h i a k ŋ t s w ŋ b t s u e b o e e
ŋ a a d k u e s u k p a
ŋ g b i k p a
b a a a i e a n a
ŋ ŋ k ɔ a m ɔ
ŋ j i t s i k m ɛ a b ɛ ɛ k o
w o k o e e
ŋ l a e f ɔ f l
n a k ŋ a k k p a s e e
s e l e a b h i u e k o
ŋ j o o e a b w a e
a a k o k o
a b e e
a a n y ŋ k a n
b a a p ɛ ɛ ɛ k a a n u a w ɔ
k p a t s ɛ e e
ɔ ɔ k ŋ t u h ɔ ɔ e e e
m a a k s i n e
o o s e l
n u e e o k o
s ɔ s e i s h w e e
t s i k ŋ t e e e
a a h ɔ ŋ f u e e
a m ɛ t a e e e e
b a a ɔ ɔ e ŋ y ɛ a ŋ m
a f ɔ f n a k o
b a a m ɔ e t a k o i ɛ e
ŋ ŋ m a a k
a n e a j o o a y e e
p ɛ t ɛ a a y ɛ e e e
ŋ t s u g b o k e e
ɔ ɔ o o k o k o
a w i ɔ s e e e
b a a ŋ d i ɛ m a a m g b e l
ɔ s e e e e
s e k
d a e e b a a y e e
b a a ɛ t ɛ k ŋ k ɔ ŋ h
b a a a j o o a b
o k a a m ɔ n y i ɛ
a j u s e l e ŋ g b e
s ɛ e e a g b i e e
ɛ ɛ k o a a j e e e e
ŋ k a i
ŋ ŋ n a
a l a e k a f k u k a h ɔ a f ɔ
b a a l ɔ k
ŋ h s a k o
ŋ b l ɛ
b a a ɔ s e k a s h a
a t s l ɔ k ɔ s e k
ɛ t ɛ o o e e l ɛ s a e k o
n u u u t e e
b a a u t u e ŋ t s y i
a t e e b l s a k m a a k
a a n u ŋ j i e k ɔ ɔ k o
b a a a a h a j a f u
ŋ s h a l ɛ e ŋ k a f
ŋ a e e e e k ŋ n y e e
a a ŋ a k o
ŋ h i ɛ a a k ɔ a l a k o
ŋ f u s ɔ ɔ e ŋ g b l
b a a j o o k s h ŋ n y i b i k o
s a a b ɛ s h w i m ɛ k e e
a w i e ŋ a e e
a w i e
ŋ ŋ a a a ŋ g b h a k k o
b a a i s h a n e k
ŋ a k ŋ w i e ɔ k o t s ɛ m
ŋ f ɔ
i n e k o
k a n e a k a i l a e k o
m ɛ a a f o ŋ h i
ŋ n e ɛ ɛ e e
t a a f ɔ e a s h a
s w a k o t e e
a n e k i s h w e e
ŋ ŋ k p j e
ŋ k ɔ e
a a h ɔ k o
s e k p b a a j
b i k o o e e e
t u e e b a a b a a s
ŋ s e l a n e k ɛ e
b a a y n e k o
a a t u t s w b a k o
ɛ m ɔ k a f o k
b a a b ɛ ɛ e
ŋ a k o e e
ŋ k p ŋ t u u k o
s i e e b e m ɔ ŋ n u e e
a a h i a k a i s ɔ a a s h e e
ŋ t a w e e
a a w a l a e e e
a f o e e e
ŋ o e ɛ e l ɔ e e a h i ɛ ŋ m ɛ a a g
a j p a ɔ e e e e
l e a a l a e l e k e e
a a h a g b l k o
ŋ m a a ŋ k ɔ ɛ t ɛ k k o
ŋ h a ŋ j i e
a w ɔ ŋ k a i e e
a t a l a e ŋ s e l
ŋ a t a w ŋ h ɔ ɔ t u u k
h i a f l ɔ k ɛ m b o k
a n e t e e ɛ m ɔ k e e
ŋ b ŋ f u b i k e e e
s e k m ɛ e s e l e
h w i a w ɔ e e
ɛ t ɛ e k ɔ e e
ŋ t s w a w
ŋ s h a d a e
s ɔ a a a w o y i e e
k p a u e e ŋ k p e k o
y ɛ e ɔ s m ɔ n u u e e e
b a a w a a y a j i e ŋ d ŋ m a
b a a y ɛ k ŋ j o
a a f u a a h b i e e
n u k o
m a a k o o d a k o
b o e e b o k a k p e e e
k a f o s a ɔ s e
l a e l a k o e e
h ɔ ɔ k a a h i
b a a h t s ɔ ɔ ŋ s e
p a b ɛ ɛ k o
k ɔ e e p ɛ s a e e
a k p ŋ m a a e e
