u t l o a e a
s i u t l o a
u y a u t l o a
u z o u t l o a
n i u t l o a
s i y a u t l o a
s i z o u t l o a
b a u t l o a
n i y a u t l o a
b a z o u t l o a
n g i u t l o a
n g i y a u t l o a
b a y a u t l o a
n i u t l o a
u y a u t l o a
n g i z o u t l o a
u u t l o a
u y a u t l o a
u z o u t l o a
p h o m o l o e a
s i p h o m o l o
u y a p h o m o l o
u z o p h o m o l o
n i p h o m o l o
s i y a p h o m o l o
s i z o p h o m o l o
b a p h o m o l o
n i y a p h o m o l o
b a z o p h o m o l o
n g i p h o m o l o
n g i y a p h o m o l o
b a y a p h o m o l o
n i p h o m o l o
u y a p h o m o l o
n g i z o p h o m o l o
u p h o m o l o
u y a p h o m o l o
u z o p h o m o l o
q a l a e a
s i q a l a
u y a q a l a
u z o q a l a
n i q a l a
s i y a q a l a
s i z o q a l a
b a q a l a
n i y a q a l a
b a z o q a l a
n g i q a l a
n g i y a q a l a
b a y a q a l a
n i q a l a
u y a q a l a
n g i z o q a l a
u q a l a
u y a q a l a
u z o q a l a
n w a e a
s i n w a
u y a n w a
u z o n w a
n i n w a
s i y a n w a
s i z o n w a
b a n w a
n i y a n w a
b a z o n w a
n g i n w a
n g i y a n w a
b a y a n w a
n i n w a
u y a n w a
n g i z o n w a
u n w a
u y a n w a
u z o n w a
l u l a e a
s i l u l a
u y a l u l a
u z o l u l a
n i l u l a
s i y a l u l a
s i z o l u l a
b a l u l a
n i y a l u l a
b a z o l u l a
n g i l u l a
n g i y a l u l a
b a y a l u l a
n i l u l a
u y a l u l a
n g i z o l u l a
u l u l a
u y a l u l a
u z o l u l a
j a e a
s i j a
u y a j a
u z o j a
n i j a
s i y a j a
s i z o j a
b a j a
n i y a j a
b a z o j a
n g i j a
n g i y a j a
b a y a j a
n i j a
u y a j a
n g i z o j a
u j a
u y a j a
u z o j a
f o f a e a
s i f o f a
u y a f o f a
u z o f o f a
n i f o f a
s i y a f o f a
s i z o f o f a
b a f o f a
n i y a f o f a
b a z o f o f a
n g i f o f a
n g i y a f o f a
b a y a f o f a
n i f o f a
u y a f o f a
n g i z o f o f a
u f o f a
u y a f o f a
u z o f o f a
e t s a e a
s i e t s a
u y a e t s a
u z o e t s a
n i e t s a
s i y a e t s a
s i z o e t s a
b a e t s a
n i y a e t s a
b a z o e t s a
n g i e t s a
n g i y a e t s a
b a y a e t s a
n i e t s a
u y a e t s a
n g i z o e t s a
u e t s a
u y a e t s a
u z o e t s a
t l o o e a
s i t l o o
u y a t l o o
u z o t l o o
n i t l o o
s i y a t l o o
s i z o t l o o
b a t l o o
n i y a t l o o
b a z o t l o o
n g i t l o o
n g i y a t l o o
b a y a t l o o
n i t l o o
u y a t l o o
n g i z o t l o o
u t l o o
u y a t l o o
u z o t l o o
e e a
s i e
u y a e
u z o e
n i e
s i y a e
s i z o e
b a e
n i y a e
b a z o e
n g i e
n g i y a e
b a y a e
n i e
u y a e
n g i z o e
u e
u y a e
u z o e
q e t e e a
s i q e t e
u y a q e t e
u z o q e t e
n i q e t e
s i y a q e t e
s i z o q e t e
b a q e t e
n i y a q e t e
b a z o q e t e
n g i q e t e
n g i y a q e t e
b a y a q e t e
n i q e t e
u y a q e t e
n g i z o q e t e
u q e t e
u y a q e t e
u z o q e t e
r e k i s a e a
s i r e k i s a
u y a r e k i s a
u z o r e k i s a
n i r e k i s a
s i y a r e k i s a
s i z o r e k i s a
b a r e k i s a
n i y a r e k i s a
b a z o r e k i s a
n g i r e k i s a
n g i y a r e k i s a
b a y a r e k i s a
n i r e k i s a
u y a r e k i s a
n g i z o r e k i s a
u r e k i s a
u y a r e k i s a
u z o r e k i s a
e b e e a
s i e b e
u y a e b e
u z o e b e
n i e b e
s i y a e b e
s i z o e b e
b a e b e
n i y a e b e
b a z o e b e
n g i e b e
n g i y a e b e
b a y a e b e
n i e b e
u y a e b e
n g i z o e b e
u e b e
u y a e b e
u z o e b e
s u t u t s a e a
s i s u t u t s a
u y a s u t u t s a
u z o s u t u t s a
n i s u t u t s a
s i y a s u t u t s a
s i z o s u t u t s a
b a s u t u t s a
n i y a s u t u t s a
b a z o s u t u t s a
n g i s u t u t s a
n g i y a s u t u t s a
b a y a s u t u t s a
n i s u t u t s a
u y a s u t u t s a
n g i z o s u t u t s a
u s u t u t s a
u y a s u t u t s a
u z o s u t u t s a
h u l a a e a
s i h u l a a
u y a h u l a a
u z o h u l a a
n i h u l a a
s i y a h u l a a
s i z o h u l a a
b a h u l a a
n i y a h u l a a
b a z o h u l a a
n g i h u l a a
n g i y a h u l a a
b a y a h u l a a
n i h u l a a
u y a h u l a a
n g i z o h u l a a
u h u l a a
u y a h u l a a
u z o h u l a a
h a u f i e a
s i h a u f i
u y a h a u f i
u z o h a u f i
n i h a u f i
s i y a h a u f i
s i z o h a u f i
b a h a u f i
n i y a h a u f i
b a z o h a u f i
n g i h a u f i
n g i y a h a u f i
b a y a h a u f i
n i h a u f i
u y a h a u f i
n g i z o h a u f i
u h a u f i
u y a h a u f i
u z o h a u f i
i t h u t e e a
s i i t h u t e
u y a i t h u t e
u z o i t h u t e
n i i t h u t e
s i y a i t h u t e
s i z o i t h u t e
b a i t h u t e
n i y a i t h u t e
b a z o i t h u t e
n g i i t h u t e
n g i y a i t h u t e
b a y a i t h u t e
n i i t h u t e
u y a i t h u t e
n g i z o i t h u t e
u i t h u t e
u y a i t h u t e
u z o i t h u t e
t h u s a e a
s i t h u s a
u y a t h u s a
u z o t h u s a
n i t h u s a
s i y a t h u s a
s i z o t h u s a
b a t h u s a
n i y a t h u s a
b a z o t h u s a
n g i t h u s a
n g i y a t h u s a
b a y a t h u s a
n i t h u s a
u y a t h u s a
n g i z o t h u s a
u t h u s a
u y a t h u s a
u z o t h u s a
b a e s z o s y a p
b a s o t s i i
g i h u
i f
y a u s i z p
q e t s i z e s i y h
i u t s u t
a y i n w k i s e i s u u
u z o t
l o a s i i h u j a
h u s e i t h a
b a z p
i n w u u b e e a u t i t h t
f i e b a y p t s
y a i h n g i u
s i y l
i e o t l n i y n a l u
n i y u e s i y f s i p
s i i i z o h
s i s g i q l a z o l
u f o a k i s e
q a l e s i t u
i i o q e e
b a z l b a u b a e s
h u s e
s i y h
g i z u b a y p s a
a l u a a u t
z o h o a e i s a u y a u
b a y h
i e t o t l o b a z
n i y n u l a e
s i z q
u l a
g i z h s i l n i i h
s i z n n i p o
s i e e
g i j i n w
a y n i y q
b a z r u y a b
z o f i h u
u s u u
n i u l a t h s j a g i h l
z o q t
b a f f g i i a q
o n w b a n
t u t a z o f f s i y p
o q a a u q a a
o i
u t s
b a z t a u t o a l a f
g i z f
s i y s n i h u
i j z o n s i
a h u a s i z n g i q t
a j a u l a a n i e e
u f o i s a a
g i z j s i s
b a s s i z i o r e
b a z q
u h a f
u y a e
a i a z o e
l a i z b a u l
s i z s i p h m
u q e e
s i y j y a q u t u s
a y a b
g i u
a e z o r k g i e s
g i l l b a e
o f a a n i h l
n i l l g i i h
s i t
h a u z o i h z o i h
o h u a u q a
u l a e a z o b s i z h
j a
i y a w a e b n i
p h o
g i z p h u t g i y j
e k i i j b a y s
u y a l g i z q u z
w a a y a o
n g i w i y a b u t e a
g i y p a y a u g i y j
b a z r a q a y a i h p h o
u i t u
b a z e a z o o h o m
u t h s u t h s
a i t u u z o u
s i e y a t o s i y e
s i h l u r e
a z o e n g i e
a p g i p t h
n i q t
b a e e z o t u
b a q t
h o
f o f
l o e l a a y a h l
i z o n i u l g i j e k i a
a z o a
n i y l g i y j w a
u l a a s i q l g i y n
u e
u z o e
a e
b a q l
a e b e e s i z n
u s a a i z o u n i s t
s i i g i y t
n i t u
f a u t u u y
a e t
u s a s i z n
y a g i z r s i z
b a y j q a l
o m e t s
i r e i z o e s
u e t a
o h u z o
g i l
s i y i i t l g i y q
e t e a
i z o t z o r k
o f o
o q
i t h s
b a z q o l o a
y a t o o p h n i s t y a p
i n g i l p h o s u s i y u
n i e n i y e o t h
b a q
b a z a t l o n i y f
b a e s o l u a
f o b a l l s i u h u l
o u t o s i q t u q e e
b a t u a t h s
a z o s i y g i n
i e t i e e t e
n g i e a y a
i z o h p h o a s u
g i q
u z o u
g i n a r e l a a a
n i t u i n i
s i y h s i y j
a z o a s i y t
s i y t y a p
s i z s
e t e a i e t
n i q t y a h l z o i
f o a s
o s o q i t h
n g i l b a q i z
m o l e z o i h
i e t s i z e
s i o h b a z u g i i
b a f f
n i
u l a a z o t u u q e e
i t h s o h a y a n i y i
u i o h u a s i t u t a
o o e i h u a u h u n i h
e a
k i s z o s t
o q e e i z o o
y a r k
i h a g i q l s i z h a n w
b a e e a t g i y e
b a n a g i z j n g i b
s i t u t s
g i z e i h a f s i t o
n i h u
a q a n i q
i p u q a e k i a
u y a w
a n w h u u z o b
u z o l
i z o o
b a t o i q e z o q l
a y a a z l a b a e
i p h m i n n i n
q a l e u f o a
y a f g i y f h u l
a z o u
e a m o y a h u
q e a y a a a p
g i t i p i h u a a l u
s i y u h u s e
u y a e o q a h o
i h a
o i s i z l n g i b
o n e b a p h m
a t l i j z o n u u t o
u z g i e s u r e i
e t e a u f o a a b a p o
y a t a n a h u y a u
l u l e
i y a t l u l n g u y a e
g i s t a h u
b a u s u u z o u
a z o o a a z o h
n g i h
s i y n u e b
b a z f t h u e i s a
i y a b b a y e
f a
z o p s i z s i z o b s i z p
s u t l o o a
u s a a
t u
b a h a l a
o n w e t e a
s u
u z o l
o e t a
g i z q o j a u t l a n w
b a z r s i j e t s g i z u
g i y h u t l a z o s
b a y l g i z u
s i h l i f o u z o e
g i q t t h
b a z
s i q l
b a h l
b a e e s i z i r e k s
b a y i n i y l a h u a
n i y j u u t o
o m o o s i r o u a r e
s u a u
g i n y a t u
n i h u i t
b a y p y a r k
s i y j
h u s e a t h e t s e
n i y q u e o m o
n g i e a z o a
n w o s u u a y i h b a z s
l a a e t e a q e t
s i u l
o f a a e e z o h u
b a p o b a e s
g i i s i s r e o j b a y p
u q a a a u f e
e t s e u z o b
i t l o
g i z l
a z o h a f
o f s i z n u f
o s t h n i u z o l i y a
a f u f o i z
i r e i
u y a e e b e a
o e t
g i l l h a u i
y a l l o h a f
n g i u s i z n
i e b s i z i a i t u
u u t
u s u n i y a n a s i i h
u e t g i y p n i t o
n i y i
a z o o
u i t
u l a
g i i h b a s
y a n n g i u
u y a
a s u
b a h u a z o h
b a y t
y a
z o e
o q e e s i y n
i j a
z o u s i u l s i q t
s i z t y a r k a y a e
t e l a e z o u l
a t h s o u t u j b a z i
n i t u
a f o o e t
n g i a z o e e g i z i
u l a u n w y a p o a y a b
a e t
i y a e
b a f s i t
l a a h u a
s i p a u f
b a s n i y u
a l u a g i y h
u e t
n g i h e a
e t e a o h a
t h
g i z h
n i i u z o e f a
s i y e
o q e e u z o w b a t o
i y a l
l o z o f f
l u l e
u y a e a t
z o i b a
t l o b a
g i z i b a t o k i s
b a s t
n i y h
a z o w i q e e g i q i e
u z o a n w a
i y a o i r e i
a h u
k i s e t e a
a y a a f o n i u
a j a y a l
o l f o f e
n i s t i z o e
i u t o s i e e
o l a r e i i h a i s u u
o q e e
g i h u u e t o t l
k i s e u r g i i h
g i i b a y n h u s e
z o q t u y a h i z o u
s i y i
i q
t s e t h u l
u z o u n i q t b a u l
n i q l
e b e o r e i
s i u l s i r k
s i q l
i y g i e i i u f o a i s a
a z o e s i h l a z o e
y a f
z o f f
u e t
a t l a l a i p h
i f y a r k u y a w
a e g i t o
e a b a y j
b a i t u t a i z o i y a l
n w a a
a q e i u t
b a p n w u y a a
z o s s i y n
s i j g i y n w a u t s e
n i u l
l o o a y a t o o f
s i l l u i i l u
t u t a r z o e
i y a o
n i s t
u t e b a r k
b a y i g i h
g i r u t l o
g i r z o q t
h o m l o h u a
n i s u t l p h o a a
a s u u u p a q a
n i p l a h u l a t s a a
o i t
y a s n i y s
a e b t u t
g i z s
u q e e
g i y t
e e a a y a a g i z r
a h g i i s a e e t s e
n i y n h a
i f g i f s i e s a z o u
b a z a y a w i s u
y a f
e k i a f o f
b a y s
u f o
a z o t q e
g i q l a j i s a
z o r i y s i r
h u l b a e
o r e u l
u l a a q a o l
u i t n g i u n i s t
i y a b l o e a f o a
b a y b a p o
q e
e t e a a y a u
n i y f g i z h
u y a e a r e i
a u f e m o
n i h u z o e e
n i n u s u u b a t u s u
s i z j y a r k
t u t
b a t u s i h n g i o
u z a u t b a t o
s u h u t e
n i u a y g i t o
n g i l
z o l
l a e n i l
s i z q
o q e e
a f o
a l a
o e a i l u
i t l o i h a y a l l
i f o a
b a t o
z o l l s i y i i n u h
a r e i a s u u q a l e
s i y f
s i j
i y a b o q a a
a j b a e s e b i e a s
s i z t z o
u q e e
a q a i t g i y q o a e
q a l e
s i b a n a b a i
a q e e o n b a t
b a y
s i z n
y a u l b a y f
u t u u y a e o u z o t u
a j a q a a u f e u j a
u f i
z o s t g i n
n i i u h u a
i z o t o t h g i y j
i z o e b a z r g i z r
y a e
b a p o a e s i p
s i z q
h u l a z b a r n i p o
k i s s u t t o j i t b a z u
g i y n i s u n w o a e
s i i h u z o e s
l o a a z o i h
n i y t
o l o a b a z t
h u s e b a u l i z o t
i y a b g i y p a p h m
u t s
y a l l
i y a h
b a z r l o a o s u i f o
b a t o i t u g i z j
b a l l i e t a i z o w
a z o a
n i y n
i r e i u y a b a t l
o q e
n i h b a r k o t h o m
n i q f a
u f i a
a h a s i z u
z o i h g i n a
l u l e a z o b p h o o
u u t o y a r k g i i h
g i z p
s i i h e t e a
i e t a m o s u t z o e
s i z n g i i h q a
l o a a
b a p b a h l q e
a u b a s s i z t
o h t l o e n i h
t h u n i q
h o m
u e t g i r g i z t g i s
s i z u s i z q
i z o b
s i y i y a l u t l o
g i z i l a i r e i y a f
u z y a u u q
e b i t l n i r k g i f f
o l
a y a a
o i t u h a
e e i z o e a z o l
a u f g i t u
z o n a q h o m l o e t
s i e s
g i i
g i a z o z o r k s i z l
g i y e
h u s u q e e i t h s
b a y s u t e n i g i y n
u h u a i i t
i h u a s i z s u s a
y a i o h u n g i a
o t h s n g i o n i i h
u h u u z o b
i z o u a u f e
g i h a a y a t b a z n
b a z s i z q
z o s a t l o o f a
t s a z o o z o q b a n
i t h l o a a
u t u o f w a
a z a z o a g i f
u s a a a e n i y t
b a z q i y a o
b a p u z o w b a y p
z o n a
n i y f u z o w b a z n
g i z e u e t a
o i t u a h z o h u g i s t
z o r o m u i t u g i y l
o j a k i s e i j
g i l l
z o q t n g
s i u
a s u u n i u l
n i q l s i z l s i r k
y a u l
n i f f
u h u
n i i h n g i o i n w
t u g i y p u t l g i n a
y a p o s i e f i e
i f o a
n i y t
i n
u z o y a p o
i u t o h a u i
b a y q a t l o o h u
z o q t
n i q t a n w u z o b
a l a
s i e e g i p o m o o
i i t u
s i q l i j g i e
o h
b a e s n i h l a z o l
t s a
e a i y a u z o h h a u i
b a z h b a l n g i w
g i q i h u a i f a i
z o e s i z o t
n g i h u z o e j a l a a
s i q t g i y j e k i
u q s i r
y a j a n w
s i n a
b a y e b a y t i u u h u
p h o o r e
s i y p
a l u a
i y a e
k i s y a f
n i q t u s a u h
o h a f
z o q l s i j
u f i s i u l n i y u
a j a b a h i y a a
a p h b a h l u l a a
i q e e g i u z o e s
n i q l i y a w a z o a
y a f a j a a f o n i n
n i y t
o q s i z u
u y a h s u b a z e n g i
s i z u b a i h a n u j
a h g i t o h a u
g i y j a e g i l l
u y a u u e t a
t h u i f o a
s i y j
s i z s
i z o w
b a y e a l b a y i i z o t
b e e a q e b a f f a r
o h u i p h m n i h
y a u a i t u n i y p
a e t
u h a s i z f
s i s t a p s i h u
u q g i h l
n i y n r e k a e t a s u
b a z t u n u y a t e a
i f z o h u z o h u
t e r e y a h a i t u
f o f e t h u
a r e n i y l
l o o o o e u t u e k
s i y p
s i z f s i z j
o p h m j a e
o p h y a e i u t
b a y p
i h u h o a z o u
i q a a z o i
b a y f n i j
e b e y a n a z o o
s i z j a z o n i i
s i p o z o f y a n a n i y t
g i y l l u l e u f i
s i y i
i s a
i f o a o n a t h s s i y
b a n
g i y h s i l
n i n a o f i e t a
o i b a t o g i q l f i e
s i z b a l l
i h u a o h a f
o f a a i z o u
o t l
t h u e n i y l g i n
m o o i t o e t
k i
y a i s i y i h a i i t u
u z u z o e i r e i
y a q i y y a t
a f a z o b i n u h u a
b a y n n g i o o j a
o h u i e b i y a l
u t s e u t e a z o l
a l
o a o m u t h
g i u
t s a a b a q l w a e
b a e s o i t n i n a
g i z n u p s i h u
z o j s i z t z o p o
i t h s
i j b a p e t s e
z o f f
a h
y a r
n g o q e e g i z h
i i i z s i l n i p
o t l
u z o w o e t b a e a h
a r e h a u
z o h s i j u t e a
u z n i l l
s i z s
s i h a e t
u h u a
s i q l n i t o
i y a e i s a a
s i t b a z j
i i f o a l u
u s a a
u s u n i y r
z o t u
o t l b a s i t h b a h
b a y u
o f o i z o h
t s a b a y p
i z y a p o
n i j y a r n w a a f o
y a t o s i z h
u p u p h z o l l i t l o
y a f n i i h
y a f f
z o t
a r o e b a r o l u
s i z i u j a s i y i z o f f
o t n i u l
b a t u t e e o t h
o i o i t
i z o w o l o a i n w
t h u e u f i a n g i h
i e a u p h m
u t e a b a y r u y o a
n i j
o f o a l o a l o e
a t u z o i s u u i f o a
b a z q g i z y a q t z o h
i z o w y a t u w a i z o t
g i u l
n g i f i
r e k i s u u a s u u
u t l t s a a b a r
a z o w
s i z h
r e y a p o b a l l i s u
i s s i z e a z o a b a y r
u e t a
w a h u
u r a y a w a g i z h
a y a t g i n l u l e
s u
i j o t l
b a y u
a i g i y q
a a e o r g i y l
n i y e g i u l
o i h u l g i f
g i
a q a a g i s
t l o e l u u s u o r e
z o q
u t i e b
g i y t h u t
z o n i s i z u a j q a
u f z o i
s i n o t
g i y t s i y t
l o o a
o p n i e g i y u s i y l
a e i y a a a e t
n i e i q e g i z q
a i t u
a y a h b a z e
u t e
b a y f
g i z p n i y f
y a l l z o e e
n g i e b a t
u l b a f a l a g i y e
m o l e
a e a g i y s y a n g i z j
n i y h
g i z r u l u a l o e y a l l
f a b a q
h a u s u t t
y a p o i q a a a l
h a u o i t u
g i z r
e e a
a y a h
l u o m o o n g i
a z o h n i y n
a z o u z o t u y a i
y a e a e t a
i h a o h u i z o h
a t h s i y a o g i n
i e a
u z o t e n i y e
b a i h n i y s
z o e
o h u a y a l y a l s i z i
e b e o q e e z o f
n i y j
n g i a n i t u g i i h
u r e a y a b a t u
n i q t m o
y a q l o o e i q a a h
y a j
h o i y a a i z o l o u t
u l u g i e a y a a n i p o
u e b u e t b a t o
n i y h a y a w t u y a p o
s i j u r e y a q t
i r e s i p o s i q l b a y p
b a y j
a u f l u l
e b u y a l n i y t
s i z s
o n b a t a z o t n i n
i r e i e b e t l a n b a y p
b a y p
s i p
o p h
u q e e z o h l t e e
h o m l i l u n w a a
u h u n i e s
u n w u z o l
b a z e s i z f
g i z t
t l o i y z o s e t s e
b a y q
t u t a a z t s a
h u s
u y a w
o j i z o l o a u q e
u u
a f o a
h a u y a t a f o q a a
a s u u
i t h s i y a t a z u z o w
u y a a u t l b a y e a s
i t h s
n i y q
o f a a
i p h
l o e e e u t l
e e a
g i u l a p
s i f f
y a e e y a q t
i i t u a p h m e e a u t
b a y i
s i f f g i z r e k
o j o q e
s i z h
b a y i e t s
s i z i a y a b a y p
b a n y a n a o l u
n i y n u z o l
b a i b a f f s i e
o a e g i t u
u u t o
z o f f
a h n i h l a u t o g i z j
a y a t g i i h
y a h u
s a e t l o o l o
s i y p u h o q e
i r e o f a
u t h s a p h
n g i t u h a f u h a f
a l a z o t o
b a z
s i e g i h h o b a y f
b a y l i p i h a
f a e g i y u i q
g i y h i y a h o u
u z o o
n i t o
h a
f i u z o h u s e
y a p o t l o e h u t e
b a l l a j a z o w
o t l o b a l l
i y a t
s i z t y a p n i t u
f o f e b a p g i r k
z o q t h u l a
y a n a i f o u h u a
b a r
i z o l
g i z q n i y s
i l b a h u
s i y r
g i e
a q e e o n w a z o b
s i y p o h u j a e
s i i s i q t b a e g i l
i y a u a j a b a p
i h u
s i f s i e
g i t u z o h
n i r
i l u n i y f u t h
g i y i
n i r
e b
g i r o s u r e i y
o l u g i t o
a t h s
a i t u
o r e i
b a y s u r s i y i y a f
p h o o s i y i z o s
u i
b a z e o n
g i r n i f f
i e a y s u a z o b
k i s a a t e s i y q
l o u y a e
o t l b a z e
a l a s i s
u l u u r e i
a z o w u p h b a q t
n i y u z o h u p h b a y e
i y a a
n i q t q a a h a f s i z t
g i j b a r k
a r e i u y a u
u s a a s i n
z o h u b a y u
i s u u g i n a
b a h l
q e t b a z t s i j
a u f z o r k u j a g i y f
u t o i t u t l g i q a z o l
a y n i y t
z o h u b a y f
b a z t b a u
u z o w y a s i z n
g i h u b a e
a y a e
u y a t z o i h f o u t s
u n w
o a e o h n g n i y i n i y u
o u i e a g i h t u t s i z r
i t h s a h a e e z o r k
b a l o a a o n w g i z f
y a
z o l o f o o l u a s i
u r e a z o e t l o
n i p i p a f o a
b a p o n i y l
a q s i i u t o
g i z n u r e i i y a w
l a e u z o b i j a
o f q e t a e t a
g i l l
n i u u y a b u t l n g i o
t l g i r
n i n i y a h o m
q a
h u s b a z p o h u
s i e o m n i t u
a h a o p h m
u r e g i e e n g i a i i
g i u j a e
b a y j
g i h u i z o w
g i z e
o l g i z s u y a w
i y a e
u q s i l l
f i o f a a u y
n i l g i y r g i i
h o m f o u s u u b a z l
u y a h y a p o
b a j
i i t u t e a z o t u
b a z r u t l
t e e t l o u t l a
t s a a s i n
i t l o
s i n o l u a p h u t
u i t
n i y t
b a h u s i y r b a q o m o
t e
n i r a i t u
o t h s
g i y s b a n a a y a l
u y a h e e a g i y n
b a z
s i e e n w a a z o e s
i s a a
o o s i l s i y f
a u f u l i z o
n g i t g i z t
f a e i y a u
g i z l g i e e
b a z i n i q t
a s
z o f b a e u e t
z o p
i z o u j s i y t g i h l
t u t s i z t
u t s e l o o
y a h u g i l l o i t u
s i z r
z o h l
i u t u t u y a u z o b
n i r k s i y p i e g i s t
g i y l i t h t a r e y a p o
b a y i s i e s
p h b a t
u l a a q e
g i l
i r i q o o k i s a z o t
i z o o
o h u a
g i y
u z o w a e b
b a z p
a t h a z u e t
t s a a a y a l a r e
g i h u a q z o u l
b a r k
z o j b a y r l a a u h a
e t e n i r
b a s t
a q a a z o r k g i z i
g i z q a r u n u z o u
g i h l z o q
a y a h
y a h u e t s e y a i h
u i t u o h a y a t
p h g i n o t l o n g i l
o p h
g i y s
t l o s i y u
h o m e a
s i z e
o u g i n
g i e s g i j
z o t u
b a z t
g i y h
g i h u g i y l n i i
i t l
u t l b a n a
y a t g i z h n g i w
i u t t u i p h b a y l
g i j y a n
g i z q a t l
e t a f a q a a a z o a
r e k s b a z e
q a l e n i y t
z o q h o m
s i y l
z o h u u z o b
a z o u g i y s
b a q b a s
i h u a i y a o a z o e
t u t a
b a z u n i j b e e a q a
u h a n i y b a z l
z o u i z o a l o a
f i e n i i h
s i z n u q i z o w a e
t h u e
o f o a a a e u y a l q a l
g i z t
u z o w
l o a e a o h a f
a e a b a f f n i
b a y r a l u a
o p h m u h a n i y e b a n a
i y a e
m o l a t l o r u e b i r e
l o a a
i s a a u p h m
b a y u
u u t
o o e b a a h u
a h u n i
u t
g i i o r e i
y a n a a z o e o u t o
z o r s i r k a q e e
s i y e u f i a p
g i y u
b a f f z o q t
b a i h
u h o r e o l
g i l l g i y h u t s u y a
s i t o y a t u
y a t o
i p n i e e s i s t u r
u t l a i t h n i y j
g i z s a z o e s i y u
b a i
z o e a y a t s i n a
y a t u u z o b
z o f
i u t w a u y
a s n g i t
u y a t
s i z s
y a e b e e
i s a a z o l l o e t a
u r i h a a y a a s i q
y a i u t s e w a
a y a o
h u l a a t l i p
e e a i s a a
a z o u a s u u
i f o a
g i q u t n i y p i e t
z o f u s u u
i q a u u t o
y a t
n i s s i f
a u f i y a t
s i y p
o e t a
u y a b g i z r h u s g i y i
i z o t
u t l o i y a a g i l l
n g i o s i n a t h u
a e a l a e y a s
q e t e u z o t u t h
o r e b a i s u t l o
b a l l y a t u
a y a t q e t e
i j a
s i z n
s i s t
o s u s i z i
g i q n i f f s i p n i e s
g i u
b a l b a f n i y r g i y r
i z o w a y a o
i t h t s i n
p h o o y a b a y s
t e e n i u l
f o n i y p
b a z j g i z r
b a y q
i h u a
b a y t g i s t t u
i j a u r o t h s
b a z t q a l
a z o e g i y j g i y u
u p h m u t u s
n i y j
u h u a
s i h u n i l a t h s g i y h
n i l u i t u a z o t
a l n i h u e a b a u b a e s
a l a u e b a p
u n w s i z i
i i t u
o u t o
u n w
n i q l s a u j a y a n a
b a z q u y a y a l
a z o u b a i u z o b
s i y t s i s
o e b i e o f a a
j a e o q a a u j a f o a
z o p b a h l
z o t u o u
o p h m
s i o f a o i
h u t a f t h u e
g i z h g i l l b a z i
i y a h a j a s i y
y a u
n i r a t u s a
b a z r u u t s u t e k i a
a h u u s a a z o t o a z o u
b a t i t h t h u l a
s i r
o i t u g i z f g i l y a j
l o o g i z o s u
z o q t u s u
u j a y a h f o
u u t l u l e z o h l
z o j n i e
u i t u
n i y h a z o t
g i z e b a p e e a f o f e
g i a j b a y r g i z
o j a
n g i a i s u
a z n i s t t h u e
z o q h a e k o i
b a p
h u l a z o t u u z n g i w
m o l a z o w
i u t o i y a a n g s i f f
l o e
s i y h
a j a n i l o m i p o m o
q e t e a e u e t
z o q t e t s s i z r
n g i b h u o j a
u z o h y a t
i s u u
l a g i y e y a h u
b a j g i l n i f f
u f i
z o l l
u r e i q i f o o q
k i g i y f s i s t
q a l e j a u h a g i z f
g i n i z o w n i p
n i q t
o s u u l u l
z o r n g i l
s i z f n i y n
u t h s
o e t o l g i z f
u f o i z o l z o l l n i n a
y a p o
u f i y a n a
o h a f n i p
s i h
g i y e o q a a g i n a r e i
i h a f
h a u i g i n a s i y l
i z o t u l
o u i u
g i e e a u f e
i l u a u e t a
o n b a r k
g i h u
o t l
g i l n g i t b a q l
s i y t
o f a s i p o
i z o u n i y u
i p h m s i y t
b a u l
s u n i p u q a a
j a
g i l l g i t u
u r o u t o r e k s
g i q l
u y a l i u t o n i y e
s i z l s u t t
n i p o g i t o
a l a
e t s i y a b b a r k
s i l y a e
u y a w u n o e
s i y l u z o t i z o w
s i y h y a i h s i z u t l
u y a u
o u t h u e s i l l
b a q t g i p o
t e e s i z q
b a y j
a i t u
a y a t n i f a l u
u t e y a q l a u
g i r
a z o h
a i t
t u z o p o
g i n a l o i t l a r e i
s i y e u y a t n w a o l
e k i t h s
u y a u b a z r o q a
a h a
h a u i
u r n i y i
z o e s
u z o o
g i i u e t a o p h m
o a z o e u f i a u z o w
n i y q n i s t o u u f i a
o p q e t
y a e a i t s i q t h u l a
u e t a g i z r i t h s
a z o l
a j a u f o y a s t
b e g i y p a h b a e
u q e z o i z o h
s i z q a f o
z o q o l u
k i h u s e i z o w b a z s
n w a a
a z o
z o h u g i h s i z p
z o n
y a u n i u l g i z f
g i y n
w a e
a z o o s i y p a l a i z o o
k i s e
n i t a e t s a i z o l
a z o b i z o b
b a y j o h u
i q e g i y u a e b
n i e
y a l l o e t h a
u p h b a z j i y a a
a l u a
g i z i s i z h t l
y a t o
s i j n i u q a f o
u j i t l a u g i n n i
a r e i u f i o h u a y a t u
y a s z o l b a y j o q e e
b a u i z o a
s i y l u h a a l u
g i u n g i e n i y u
z o p
n i t o i t g i y i g i i
z o q a j
b a u s i r k i y
g i y h i l u f o f e
s i y e
z o t o u i
b a n a
y a f f n i i g i y u
g i q t
y a j
u q a a f o f
h u s u y a l b a z r
s i i h
s i u y a l l
a s u o n i z o w
a t l o s i q n w a
u l a e b a u f o f s i h u
u z o o o f a a
l o a g i y e n i y j
y a l l z o t u i t
i u t o o q a a s i e s
t u t a
a q u e t b a y l
i e n i y n
b a y r
z o l l e t e a b a z n
u p h m h o m l z o i
o p h m a y a u
z o q l a z u s u u
b a f s i l l s i z h
u y a a
o s u n i r k y a q t
a q a a
n w z o n
o n b a s
z o l l
g i y s a y a t
g i y f b a h
t l o f a l o o e a z o s
o q e
a y a e n g i e
a h u z o n i y a u
u e
k i s e b a e e
y a q t
a n g i r a q e e
n g i h a z o o h o i t u
s i y p
b a z n n i p o u q a a
g i z i a q e u f o
s u
g i t n i n
s i t o
g i t o n i y l
o j o m o a z o t
s i h u n i r k g i y f
y a e n i y s
f i e a l a y a t o
h u t e
u l a a n g j a e
y a h u b a s
o f a u z o t
k i s u e t
o f a q e t e
u f
j a e i z o l
u t l a g i s t
u y a b i z o e
y a j i n b a n b a z e
s i r k u y a
a u f s i y q
l o a a u y a y a h
o i
n i h l
z o u l g i e s
g i z q n g i b
z o t b a q l o l e k i
t e e
j a h u t e z o t o
e a z o i h g i h u t u s
o r e i a t l o
n i y l a z o h a e b
i t l o
g i n o f u h a f
l o a a l a a u z o e
g i z p
i p h m
a t h s
a z o h u z o l
h u l e t p h y a h u
g i z l
a z o a s i z n i f o
g i n b e u z o a q e
y a h l
n i q o h u a n i e s
i h s i z u i s u
e k i a
s i y h y a p o u q a a
y a e s n i y q
g i z p
b a z s a i t
a r e i g i y j
o q e q e g i l
n w a a
n i y r s i y h
a i t u s i y r
a z o a a y a w n g i u
b a f
y a e i e a
u i t u
y a g i h
i s z o n a s i z q i p
o j a
u z o h e b u h u a
z o u i p h b a y h
s i n a l u l e
z o
s i p o g i h u
o l o a y a q
o e u t l i u t o
n g i l
o f
u t l o g i h
u z o l
a u t n g i b i q e
y a l l h o m t h u e
i r e i
a i t u o h a g i p o
i p h f o f
s i u l b a t u
z o e y a q l
a q a
b a e u e b a f u l a b a y r
s i z l o e b
i h a f a z o u
g i y i s i p
a z k i s a o r e i
i i t
i r
h a n w o t b a q o f o
u q e b a r
t s n i y n n i r k m o l e
u n i t h s u n w
t h u b a z s
e a e t e
z o e e
b a y n i t g i z l u z o
i t l
g i z j
o m a z o
l u l z o q l
e b e h u t e
o q
s i y t
s i z t
s i z r y a p
u i i y a b u t l a
o a e
i z o
u z o b
u f i a s i z s
t s a s i r k
f o f e i i t u s i j
e k u q o q a n i l l
f o f e a e a o o t l
o h u i j u t l o u z o a
z o h s i z i s u u
n i q u t h
u j y a q s i l l g i q l
n i y i i f o
a f o a
f o i q g i q l
b a y j i e
a y a o n i t o
u y a a l u l u y a h
a t g i l n i e e u s a a
i y a u a q n i e e
z o r k
b a y u s i h l
g i h u
i y a l b a y f b a q t
b a j
n i y t o u t o
o p h m
s i z n a r e i
t l b a p a r e i
w a i y a a
o f a a
u l a s i q l
n i u z o e e k i a y a h
n i f f a y a a a i t
n i h
h a
b a z t b a z i u h u a
a z o e
o q u s u t
z o h u
o r e i
u t e a h u t e a h u a
h u y a p o
i i t u
g i u e t s i y f
i h a f a z o a
a p h m u s u u
a u f g i y f
g i y t o n w
b a z t b a h u u z o o
p h o
t h u a i y a l
a t h a p h y a r k
n w a a o q a a
a j a a q o q
s i z j u e t
o i i t h s u r e
o s u u
s u t t
e t s e
s i y q
a y a w
u z o e
b a f o u t
n i q i p h b a h l
n g i w n w a a l u l t h u a
b a z p
u e
s i i
g i j n i y h u r e i
u z z o e g i y s i z h
i y a b e b e a n g i h
w a z o f f b a l l
z o f
u s u u a z o l o t l
s i h l e e a
u n b a f f b a s
i t l o
s i z r
i l u l o a u p h
a y a w
w a i t h t b a n a
a r e i h a f s i j
u e t i y a u e t e
b a y h
s i q
u f o a
g i z s g i y o u
g i r k
s i y i o f o
i q a a
y a s l o o n i y i q a l
i j a a q a a u q e
g i h h u l g i q g i
h u l a n i y o p h
s i l n i y u
y a u i q
o i t u u j a
b a z j y a u l
b a y j e t s
i r u y a t
n i l l i z o h a y a t
s i z i
a e b t l u f o a
b a e e g i z b a f f
b a a e t a n i i h
s i z l a a u f o a
u l a a
z o t u m o l i l s i y j
i j a s i z n i q e
n i y q o q b a z i n w
i n w
l o e u l a e
u s a y a t o n i l
o f a h a
a l a u l a e o l u
p h o o
u f o a
i s u
i e a i s a s i s t
r e u t l o o s u u f i
u p h m
n i s i p o l o
z o q i f o a g i q
g i y s i q i r e a l
i n a l u o t
o q a a
w a e z o q n i y t
g i h u r e i
s i n
a u t o l a e i y a i q a
u z o b u s i f b a z n
s i y p i y a h u a n i y e
i z o u
o r e n w a b a p o
y a p b a z h o e b a z n
b a y t l o e
s i y e
u e t a q e e k i s w a
o a e a s u y a p a r e
g i t u
e t s
g i e s i u z o t
a z n i s
y a e s a s u u z o h
s i e g i l l
g i y r
n g i o z o t a t h s
g i t z o q l n w a
a h u a s i
a t l
b a z r u t u s
u q e s i z h e k i a
o r e i z o t b a i o l u a
g i y n s i z r o m o o
b a q l a y a e y a u l
a u f
s i g i p
o f o a
s i f u t s i z o o
i r s i y
o e b
n g i o i s z o e s
n i y s f a g i i h
n i t a q e e
a h a f i f n i t k i s e
k i s n i y n
i t h s a y a o i u t
g i y h i u a n w u f b a t u
b e a t b a f u z o h s i z p
b a y u q e e
u i s i z r b a p
a l a a g i z e
b a y n
g i s t u j a a u f e
o s u i t
u s a y a i h
b a y e
y a f
b a y s
a z o o y a p o s u u
b a f
g i y j
l o a a b a e e z o p
i l u
z o i l o a a n g i e
i h u u y a o h o m l
e k b a q t
l o o g i y e
n i y e
a a
w a e g i r k
u z o l
o h u a
g i z i h o m l w a e
n i t s i y l
s i q t o h
o f o a s u
o m o b a y e o e t a
y a e
o h u e t e h a u i
a q e e
n i q b a u y a n a
h u l z o n a a l u
n i q s i t u b e b a q l
s i z p
y a r y a j u q a
a h u a o r b a q t b a h l
s i f f
i h u a t h s o h u g i y t
u z o h b a l u q e
u f o a y a r
e t e a u u t o a i t u
a t l o y a h u i y h a u
u y a w
u z o
f o i l s i z s l o e g i y n
i p h m
z o e u y a o
i j
n i e a z o h z o e s n i t o
g i z l y a s t a l g i t u
b a z e a r e i
a y a a a e t a i y a h
o a u f i f u t s h a u
a r e i
n g i a
b a h
b a y u z o l l f o f e
o h a f i s u u
s i e s
n g i h
g i z i
i s b a u i e o i u u
n i i s i y f j a
i y a a a s u g i y n
n i p o a q
o m g i z i a y a h
b a z p
a z o t
s i y r o s u u
s i e n i p o w a a i
u j n i q t n i e b a h u
b a y a h
b a s
n i n a a f o a
u s a a i y a n i y n i
y a l l
l u t s s u t t b a s t
y a u
i e b i z o w
b a y h
a u f e u f o u f u l u a
q e g i t o a j a a z o h
y a s t b a i h
a i
o f a a b a z f u q
o t
s i z l e k i a e b
a e t a
i y a e
g i h o o
i z o u
o m o o u r e i r
u z o w s i u l
f o n i t o
t l o
o f a a s i l l
s i y t u i t n i h u
z o u z o j u y a b a t h s
g i e s b e o f a a
b a q l i q e i y a e h a
o f a a i z o t i z o b
o t i y a u o s u s a g i z q
e b y a r k a t h y a l
u y a o l u a z o s
z o u l
g i y i y a a z u z o
u f i a
u z o a i y a u
n i y j u p h s i z u
n i n a
t l o g i i
e t e
f o n i y l b a y z o e s
b a z h u t l o
i e a m o l t e e u l a a
y a n a o h a q a l e
z o t o g i f
l o e o u g i z j
a q
u z o a
b a r
n i i e t e a u f o a
a l u
s i z j t s a a s i r k
s i z q u r e i u t l a
u y a w a q w a e a h a
u t l a
u y a t o l g i u l
s i y u n i t i j a
s i t o u u a z o t
g i f a e t a
a z o w
f a g i z r o l i q e
o n g i z n f a e g i u
n g i b b a q l s i t
u l u i e a a q a a
b a u l u q e e u s u u
a e t i h u
i j n i y u
j a e i s a a l o o a
n i q l b a y p z o l l
s i f u y a t i t h t
z o j e k i b a z p
a z o t u z o l
b a p q a k i q e t e
a y a a s u i q
u h a f i e
q e a n a p h m
y a u l u q a i n w u j
z o u l u t s
b a y e
g i z t
n g i h n i e o o
t h u e i r
o f o
u y u y a b
n i u l o q a
u z o b s i i a u u t l
s i z s i y a w
b a z f a y a w
h o m a y a l
s i q
z o h b a r s i p
s i e e
b a y s g i z j f i
n g i l a j
o t h s s i u l
n i f i i o p h m
g i z b a l l n i h
z o i
n g i a r n i t o
t s g i j i y a o
o l b a i
b a z n
t s a b a z e
o i t u b a y q u t s e
s i z u
n i f f i l u
u h u a y a n a
o q z o t u y a h u u h a f
u q a a
h u i s g i n a
n w a
b a q i q y a f f i e b
g i f
b a i h
a l a a i z o b
n g i b y a p o l a e
n i e s e b
o f a a s i s t b a y h
b a p o n g i w b a y n
i e o p h
a p
g i y j
a q a a o t h n i y u z o u
u z o b
n i l l i s a z o s n g
u z b a z
i z o e i z o h e t
z o f f
g i h b a y f o m o o n i e e
i h u a u y a b n g i a
a r n i y s i s a h a
s i t u u y a a g i z h
u h u a g i y l i i t i u t
u y a l r e k s a u f e
a e b u p h n i r q e t e
z o f f
i y
i y a w z o e e
i z o b i e b a q z o s t
a u
u z o t
a q e
e t e a
a h u a n i t o a h a f
i l u
b a i h g i z p
b a z q t l o e a y a w
a l a a
s i z q
b a j z o f f
g i r k a l a a
a y a h s i y r
n i y u z o s t
b a y t m o l s i y n
u z o w
y a h u l
u z o t
z o i i y a e a z o a
i r e i
f o f e
u t e i z o u s i t u
z o f f
u q a
l a e t s i y a h l u l
a i t u t s a a u b a z h
b a z i u u p h m g i n
i l i j a z o i h
y a l l f o b a t u
s i z l
f i a i t u n g i w
b a y u
u y a h i z o w i q a a
u s a u h a
q e t
n i h o h u
u u o l u a r
u l a a n i f f
g i h b a e
i s u a e t
s i s t a s u
g i y t u z o e
g i h l
u y a a
u e b
y a h l a s u t u y a u l
i z o w
g i z f i f i p h e k i
t h u i i t u
l a u h u a
o t h
z o e e s i q t
n i i
i s u u l u l e
i z o
w a
s i y e i z o o
i h a f a y a y a u
e k i n g i e
n i u a u b a y e s i z h
u h a a n g i j
e b e a i t h g i z u
y a u s i q l u q
o f a g i z p u q e
s i z f
o h b a q l
u z o e i r e
u z o a i t b a j
u h u
z o e s o s
u t e i j a e b
z o u l
i p h m y a
i z o h i y a e e t e
n i t u n i y f o l u
o q n i i h y a l z o i
i y a a
t l o g i n a h a u b a h u
o h s i q z o e s o r e
g i h u
z o l l
m o u n i y a u t l a y a
s i l u f i i t h s
u e b
m o m o l e a j a
a z o t z o q l
s i y r y a u o j b a f
b a e n g i t s i y p
s i y n
u e s i y p g i h u
n i i h
n i t
s i s t
a u t s i t o
o f a a p h m
i j
g i p o a n
z o r k n i y n
u e t s i y h z o s t
u q e
s i
t s a a y a o
z o l u t e u t e b a y n
u z o u
b a u q e t u l u a
n i t y a p
b a y q o j a a t l o
s i z u g i q u t l o
a y a a
i y a n i n a g i z l
i f o a a y a e s i e s
o j o i t s i s
a l u s i p o n i r k
g i y f n i u
k i u y i e t a t h a e b
g i l
e k i z o p b a z i y a u
n w n i n a a h a f
i z o u o j o h a u e t
s i y e i h a t u
o a i f o a a l u
g i r g i t u
b a h l s i h l
s i p z o s o q a a
s i h u s i y s
a u t
g i f f l o e
y a e s a s u u u p h m
u y a a n i h l i y a e
o t h
s i j i n w b e e
i y
g i f f
f a u i t u
i q a
u j a
u e t a
b a h i p s i t u
s i z f
s i n a z o o i y a u s i y u
s i h i h a
g i q t a j a h u t e b e a
n g i w
a e t a
e k i a
i y a t
u t e a n i h a a e a u t o
a y o p h m
i z o l n g
o m b a p o
g i z h a s h u t e
g i z t b a h l o a a s i z f
y a q l u q e e
m o s i y s
s i h u s i i h
u y a h z o l
i t h s i s u u g i z r
o e b s i s t
y a e e z o f
t h u g i y l u l u
o e y a s z o r a q a a
u y a b z o
u h u a s i q t
g i y i
h u b a s t
b a l l o t l t l o a i t u
i p h
o h a s a a u q a l
z o l a t l
b a y p w a i i t
g i p z o p o
q e t f a e b a f q e t
b a y r
z o p o
u f o a a y a u b a t a y a b
b a e s e k a i e t
i t l
u u t o e t e a
n g i u u l a e
h u l
o s n i y j g i z i z o t
u f i a i u z o q l s i f f
y a j
i z o u g i q
s i i h n i l s i z p
u f b a i
s i y q
n g i b s i z f u t s a u f e
o l s i y h u f i a
a q a a i z o w g i i h
n i r k n i n a n g i l
u q e e y a e
s a e t l o a e t u l a e
g i h u h o
l o a a o i u q
b a y p b a j
i z o a s i l l b a z i
z o t a f o a
o t l s i y j
o q e i i t u
z o u l u f i
o h u a b a z r e k a a
g i y p s i e a t l
l a e r e k e b e a
