n n k ɔ _ t i e f i e e
n n a _ n n k ɔ _ t i e f i e e
a k ɔ _ t i e f i
n n a _ a k ɔ _ t i e f i
r e n n k ɔ _ t i e f i
n n a _ r e n n k ɔ _ t i e f i
r e k ɔ _ t i e f i
n n a _ r e k ɔ _ t i e f i
b ɛ k ɔ _ t i e f i
r e n n k ɔ _ t i e f i
n n k ɔ _ t i e f i
a n n k ɔ _ t i e f i
k ɔ _ t i e f i
k ɔ _ t i e f i e e
m m a _ n n k ɔ _ t i e f i
k ɔ _ t i e f i
n n k ɔ k ɔ _ t i e f i
a m m b ɛ k ɔ _ t i e f i
a m m k ɔ k ɔ _ t i e f i
k ɔ _ t i e f i
m m b ɛ k ɔ _ t i e f i e e
n n k ɔ k ɔ _ t i e f i e e
n n a _ m m b ɛ k ɔ _ t i e f i e e
n n a _ n n k ɔ k ɔ _ t i e f i e e
a b ɛ k ɔ _ t i e f i
a k ɔ k ɔ _ t i e f i
n n a _ a b ɛ k ɔ _ t i e f i
n n a _ a k ɔ k ɔ _ t i e f i
r e m m b ɛ k ɔ _ t i e f i
r e n n k ɔ k ɔ _ t i e f i
n n a _ r e m m b ɛ k ɔ _ t i e f i
n n a _ r e n n k ɔ k ɔ _ t i e f i
r e b ɛ k ɔ _ t i e f i
r e k ɔ k ɔ _ t i e f i
n n a _ r e b ɛ k ɔ _ t i e f i
n n a _ r e k ɔ k ɔ _ t i e f i
k ɔ k ɔ _ t i e f i
b ɛ k ɔ _ t i e f i e e
k ɔ k ɔ _ t i e f i e e
m m a _ n n k ɔ _ t i e f i
n k ɔ _ t i e f i
n n s u o _ m u e e
n n a _ n n s u o _ m u e e
a s u o _ m u
n n a _ a s u o _ m u
r e n n s u o _ m u
n n a _ r e n n s u o _ m u
r e s u o _ m u
n n a _ r e s u o _ m u
b ɛ s u o _ m u
r e n n s u o _ m u
n n s u o _ m u
a n n s u o _ m u
s u o _ m u
s u o _ m u e e
m m a _ n n s u o _ m u
s u o _ m u
n n k ɔ s u o _ m u
a m m b ɛ s u o _ m u
a m m k ɔ s u o _ m u
s u o _ m u
m m b ɛ s u o _ m u e e
n n k ɔ s u o _ m u e e
n n a _ m m b ɛ s u o _ m u e e
n n a _ n n k ɔ s u o _ m u e e
a b ɛ s u o _ m u
a k ɔ s u o _ m u
n n a _ a b ɛ s u o _ m u
n n a _ a k ɔ s u o _ m u
r e m m b ɛ s u o _ m u
r e n n k ɔ s u o _ m u
n n a _ r e m m b ɛ s u o _ m u
n n a _ r e n n k ɔ s u o _ m u
r e b ɛ s u o _ m u
r e k ɔ s u o _ m u
n n a _ r e b ɛ s u o _ m u
n n a _ r e k ɔ s u o _ m u
k ɔ s u o _ m u
b ɛ s u o _ m u e e
k ɔ s u o _ m u e e
m m a _ n n s u o _ m u
n s u o _ m u
n n k y e r e ɛ w e e
n n a _ n n k y e r e ɛ w e e
a k y e r e ɛ w
n n a _ a k y e r e ɛ w
r e n n k y e r e ɛ w
n n a _ r e n n k y e r e ɛ w
r e k y e r e ɛ w
n n a _ r e k y e r e ɛ w
b ɛ k y e r e ɛ w
r e n n k y e r e ɛ w
n n k y e r e ɛ w
a n n k y e r e ɛ w
k y e r e ɛ w
k y e r e ɛ w e e
m m a _ n n k y e r e ɛ w
k y e r e ɛ w
n n k ɔ k y e r e ɛ w
a m m b ɛ k y e r e ɛ w
a m m k ɔ k y e r e ɛ w
k y e r e ɛ w
m m b ɛ k y e r e ɛ w e e
n n k ɔ k y e r e ɛ w e e
n n a _ m m b ɛ k y e r e ɛ w e e
n n a _ n n k ɔ k y e r e ɛ w e e
a b ɛ k y e r e ɛ w
a k ɔ k y e r e ɛ w
n n a _ a b ɛ k y e r e ɛ w
n n a _ a k ɔ k y e r e ɛ w
r e m m b ɛ k y e r e ɛ w
r e n n k ɔ k y e r e ɛ w
n n a _ r e m m b ɛ k y e r e ɛ w
n n a _ r e n n k ɔ k y e r e ɛ w
r e b ɛ k y e r e ɛ w
r e k ɔ k y e r e ɛ w
n n a _ r e b ɛ k y e r e ɛ w
n n a _ r e k ɔ k y e r e ɛ w
k ɔ k y e r e ɛ w
b ɛ k y e r e ɛ w e e
k ɔ k y e r e ɛ w e e
m m a _ n n k y e r e ɛ w
n k y e r e ɛ w
n n h u a n e e
n n a _ n n h u a n e e
a h u a n e
n n a _ a h u a n e
r e n n h u a n e
n n a _ r e n n h u a n e
r e h u a n e
n n a _ r e h u a n e
b ɛ h u a n e
r e n n h u a n e
n n h u a n e
a n n h u a n e
h u a n e
h u a n e e
m m a _ n n h u a n e
h u a n e
n n k ɔ h u a n e
a m m b ɛ h u a n e
a m m k ɔ h u a n e
h u a n e
m m b ɛ h u a n e e
n n k ɔ h u a n e e
n n a _ m m b ɛ h u a n e e
n n a _ n n k ɔ h u a n e e
a b ɛ h u a n e
a k ɔ h u a n e
n n a _ a b ɛ h u a n e
n n a _ a k ɔ h u a n e
r e m m b ɛ h u a n e
r e n n k ɔ h u a n e
n n a _ r e m m b ɛ h u a n e
n n a _ r e n n k ɔ h u a n e
r e b ɛ h u a n e
r e k ɔ h u a n e
n n a _ r e b ɛ h u a n e
n n a _ r e k ɔ h u a n e
k ɔ h u a n e
b ɛ h u a n e e
k ɔ h u a n e e
m m a _ n n h u a n e
n h u a n e
m m f a e e
n n a _ m m f a e e
a f a
n n a _ a f a
r e m m f a
n n a _ r e m m f a
r e f a
n n a _ r e f a
b ɛ f a
r e m m f a
m m f a
a m m f a
f a
f a e e
m m a _ m m f a
f a
n n k ɔ f a
a m m b ɛ f a
a m m k ɔ f a
f a
m m b ɛ f a e e
n n k ɔ f a e e
n n a _ m m b ɛ f a e e
n n a _ n n k ɔ f a e e
a b ɛ f a
a k ɔ f a
n n a _ a b ɛ f a
n n a _ a k ɔ f a
r e m m b ɛ f a
r e n n k ɔ f a
n n a _ r e m m b ɛ f a
n n a _ r e n n k ɔ f a
r e b ɛ f a
r e k ɔ f a
n n a _ r e b ɛ f a
n n a _ r e k ɔ f a
k ɔ f a
b ɛ f a e e
k ɔ f a e e
m m a _ m m f a
m f a
n n h u e e
n n a _ n n h u e e
a h u
n n a _ a h u
r e n n h u
n n a _ r e n n h u
r e h u
n n a _ r e h u
b ɛ h u
r e n n h u
n n h u
a n n h u
h u
h u e e
m m a _ n n h u
h u
n n k ɔ h u
a m m b ɛ h u
a m m k ɔ h u
h u
m m b ɛ h u e e
n n k ɔ h u e e
n n a _ m m b ɛ h u e e
n n a _ n n k ɔ h u e e
a b ɛ h u
a k ɔ h u
n n a _ a b ɛ h u
n n a _ a k ɔ h u
r e m m b ɛ h u
r e n n k ɔ h u
n n a _ r e m m b ɛ h u
n n a _ r e n n k ɔ h u
r e b ɛ h u
r e k ɔ h u
n n a _ r e b ɛ h u
n n a _ r e k ɔ h u
k ɔ h u
b ɛ h u e e
k ɔ h u e e
m m a _ n n h u
n h u
m m f r a e e
n n a _ m m f r a e e
a f r a
n n a _ a f r a
r e m m f r a
n n a _ r e m m f r a
r e f r a
n n a _ r e f r a
b ɛ f r a
r e m m f r a
m m f r a
a m m f r a
f r a
f r a e e
m m a _ m m f r a
f r a
n n k ɔ f r a
a m m b ɛ f r a
a m m k ɔ f r a
f r a
m m b ɛ f r a e e
n n k ɔ f r a e e
n n a _ m m b ɛ f r a e e
n n a _ n n k ɔ f r a e e
a b ɛ f r a
a k ɔ f r a
n n a _ a b ɛ f r a
n n a _ a k ɔ f r a
r e m m b ɛ f r a
r e n n k ɔ f r a
n n a _ r e m m b ɛ f r a
n n a _ r e n n k ɔ f r a
r e b ɛ f r a
r e k ɔ f r a
n n a _ r e b ɛ f r a
n n a _ r e k ɔ f r a
k ɔ f r a
b ɛ f r a e e
k ɔ f r a e e
m m a _ m m f r a
m f r a
n n k y i r i e e
n n a _ n n k y i r i e e
a k y i r i
n n a _ a k y i r i
r e n n k y i r i
n n a _ r e n n k y i r i
r e k y i r i
n n a _ r e k y i r i
b ɛ k y i r i
r e n n k y i r i
n n k y i r i
a n n k y i r i
k y i r i
k y i r i e e
m m a _ n n k y i r i
k y i r i
n n k ɔ k y i r i
a m m b ɛ k y i r i
a m m k ɔ k y i r i
k y i r i
m m b ɛ k y i r i e e
n n k ɔ k y i r i e e
n n a _ m m b ɛ k y i r i e e
n n a _ n n k ɔ k y i r i e e
a b ɛ k y i r i
a k ɔ k y i r i
n n a _ a b ɛ k y i r i
n n a _ a k ɔ k y i r i
r e m m b ɛ k y i r i
r e n n k ɔ k y i r i
n n a _ r e m m b ɛ k y i r i
n n a _ r e n n k ɔ k y i r i
r e b ɛ k y i r i
r e k ɔ k y i r i
n n a _ r e b ɛ k y i r i
n n a _ r e k ɔ k y i r i
k ɔ k y i r i
b ɛ k y i r i e e
k ɔ k y i r i e e
m m a _ n n k y i r i
n k y i r i
n n t i e e
n n a _ n n t i e e
a t i e
n n a _ a t i e
r e n n t i e
n n a _ r e n n t i e
r e t i e
n n a _ r e t i e
b ɛ t i e
r e n n t i e
n n t i e
a n n t i e
t i e
t i e e
m m a _ n n t i e
t i e
n n k ɔ t i e
a m m b ɛ t i e
a m m k ɔ t i e
t i e
m m b ɛ t i e e
n n k ɔ t i e e
n n a _ m m b ɛ t i e e
n n a _ n n k ɔ t i e e
a b ɛ t i e
a k ɔ t i e
n n a _ a b ɛ t i e
n n a _ a k ɔ t i e
r e m m b ɛ t i e
r e n n k ɔ t i e
n n a _ r e m m b ɛ t i e
n n a _ r e n n k ɔ t i e
r e b ɛ t i e
r e k ɔ t i e
n n a _ r e b ɛ t i e
n n a _ r e k ɔ t i e
k ɔ t i e
b ɛ t i e e
k ɔ t i e e
m m a _ n n t i e
n t i e
m m f o w e e
n n a _ m m f o w e e
a f o w
n n a _ a f o w
r e m m f o w
n n a _ r e m m f o w
r e f o w
n n a _ r e f o w
b ɛ f o w
r e m m f o w
m m f o w
a m m f o w
f o w
f o w e e
m m a _ m m f o w
f o w
n n k ɔ f o w
a m m b ɛ f o w
a m m k ɔ f o w
f o w
m m b ɛ f o w e e
n n k ɔ f o w e e
n n a _ m m b ɛ f o w e e
n n a _ n n k ɔ f o w e e
a b ɛ f o w
a k ɔ f o w
n n a _ a b ɛ f o w
n n a _ a k ɔ f o w
r e m m b ɛ f o w
r e n n k ɔ f o w
n n a _ r e m m b ɛ f o w
n n a _ r e n n k ɔ f o w
r e b ɛ f o w
r e k ɔ f o w
n n a _ r e b ɛ f o w
n n a _ r e k ɔ f o w
k ɔ f o w
b ɛ f o w e e
k ɔ f o w e e
m m a _ m m f o w
m f o w
n n k a s a e e
n n a _ n n k a s a e e
a k a s a
n n a _ a k a s a
r e n n k a s a
n n a _ r e n n k a s a
r e k a s a
n n a _ r e k a s a
b ɛ k a s a
r e n n k a s a
n n k a s a
a n n k a s a
k a s a
k a s a e e
m m a _ n n k a s a
k a s a
n n k ɔ k a s a
a m m b ɛ k a s a
a m m k ɔ k a s a
k a s a
m m b ɛ k a s a e e
n n k ɔ k a s a e e
n n a _ m m b ɛ k a s a e e
n n a _ n n k ɔ k a s a e e
a b ɛ k a s a
a k ɔ k a s a
n n a _ a b ɛ k a s a
n n a _ a k ɔ k a s a
r e m m b ɛ k a s a
r e n n k ɔ k a s a
n n a _ r e m m b ɛ k a s a
n n a _ r e n n k ɔ k a s a
r e b ɛ k a s a
r e k ɔ k a s a
n n a _ r e b ɛ k a s a
n n a _ r e k ɔ k a s a
k ɔ k a s a
b ɛ k a s a e e
k ɔ k a s a e e
m m a _ n n k a s a
n k a s a
n n n a n t e w e e
n n a _ n n n a n t e w e e
a n a n t e w
n n a _ a n a n t e w
r e n n n a n t e w
n n a _ r e n n n a n t e w
r e n a n t e w
n n a _ r e n a n t e w
b ɛ n a n t e w
r e n n n a n t e w
n n n a n t e w
a n n n a n t e w
n a n t e w
n a n t e w e e
m m a _ n n n a n t e w
n a n t e w
n n k ɔ n a n t e w
a m m b ɛ n a n t e w
a m m k ɔ n a n t e w
n a n t e w
m m b ɛ n a n t e w e e
n n k ɔ n a n t e w e e
n n a _ m m b ɛ n a n t e w e e
n n a _ n n k ɔ n a n t e w e e
a b ɛ n a n t e w
a k ɔ n a n t e w
n n a _ a b ɛ n a n t e w
n n a _ a k ɔ n a n t e w
r e m m b ɛ n a n t e w
r e n n k ɔ n a n t e w
n n a _ r e m m b ɛ n a n t e w
n n a _ r e n n k ɔ n a n t e w
r e b ɛ n a n t e w
r e k ɔ n a n t e w
n n a _ r e b ɛ n a n t e w
n n a _ r e k ɔ n a n t e w
k ɔ n a n t e w
b ɛ n a n t e w e e
k ɔ n a n t e w e e
m m a _ n n n a n t e w
n n a n t e w
m m p ɛ e e
n n a _ m m p ɛ e e
a p ɛ
n n a _ a p ɛ
r e m m p ɛ
n n a _ r e m m p ɛ
r e p ɛ
n n a _ r e p ɛ
b ɛ p ɛ
r e m m p ɛ
m m p ɛ
a m m p ɛ
p ɛ
p ɛ e e
m m a _ m m p ɛ
p ɛ
n n k ɔ p ɛ
a m m b ɛ p ɛ
a m m k ɔ p ɛ
p ɛ
m m b ɛ p ɛ e e
n n k ɔ p ɛ e e
n n a _ m m b ɛ p ɛ e e
n n a _ n n k ɔ p ɛ e e
a b ɛ p ɛ
a k ɔ p ɛ
n n a _ a b ɛ p ɛ
n n a _ a k ɔ p ɛ
r e m m b ɛ p ɛ
r e n n k ɔ p ɛ
n n a _ r e m m b ɛ p ɛ
n n a _ r e n n k ɔ p ɛ
r e b ɛ p ɛ
r e k ɔ p ɛ
n n a _ r e b ɛ p ɛ
n n a _ r e k ɔ p ɛ
k ɔ p ɛ
b ɛ p ɛ e e
k ɔ p ɛ e e
m m a _ m m p ɛ
m p ɛ
n n h i a e e
n n a _ n n h i a e e
a h i a
n n a _ a h i a
r e n n h i a
n n a _ r e n n h i a
r e h i a
n n a _ r e h i a
b ɛ h i a
r e n n h i a
n n h i a
a n n h i a
h i a
h i a e e
m m a _ n n h i a
h i a
n n k ɔ h i a
a m m b ɛ h i a
a m m k ɔ h i a
h i a
m m b ɛ h i a e e
n n k ɔ h i a e e
n n a _ m m b ɛ h i a e e
n n a _ n n k ɔ h i a e e
a b ɛ h i a
a k ɔ h i a
n n a _ a b ɛ h i a
n n a _ a k ɔ h i a
r e m m b ɛ h i a
r e n n k ɔ h i a
n n a _ r e m m b ɛ h i a
n n a _ r e n n k ɔ h i a
r e b ɛ h i a
r e k ɔ h i a
n n a _ r e b ɛ h i a
n n a _ r e k ɔ h i a
k ɔ h i a
b ɛ h i a e e
k ɔ h i a e e
m m a _ n n h i a
n h i a
n n t w e e
n n a _ n n t w e e
a t w e
n n a _ a t w e
r e n n t w e
n n a _ r e n n t w e
r e t w e
n n a _ r e t w e
b ɛ t w e
r e n n t w e
n n t w e
a n n t w e
t w e
t w e e
m m a _ n n t w e
t w e
n n k ɔ t w e
a m m b ɛ t w e
a m m k ɔ t w e
t w e
m m b ɛ t w e e
n n k ɔ t w e e
n n a _ m m b ɛ t w e e
n n a _ n n k ɔ t w e e
a b ɛ t w e
a k ɔ t w e
n n a _ a b ɛ t w e
n n a _ a k ɔ t w e
r e m m b ɛ t w e
r e n n k ɔ t w e
n n a _ r e m m b ɛ t w e
n n a _ r e n n k ɔ t w e
r e b ɛ t w e
r e k ɔ t w e
n n a _ r e b ɛ t w e
n n a _ r e k ɔ t w e
k ɔ t w e
b ɛ t w e e
k ɔ t w e e
m m a _ n n t w e
n t w e
n n n y a m e e
n n a _ n n n y a m e e
a n y a m
n n a _ a n y a m
r e n n n y a m
n n a _ r e n n n y a m
r e n y a m
n n a _ r e n y a m
b ɛ n y a m
r e n n n y a m
n n n y a m
a n n n y a m
n y a m
n y a m e e
m m a _ n n n y a m
n y a m
n n k ɔ n y a m
a m m b ɛ n y a m
a m m k ɔ n y a m
n y a m
m m b ɛ n y a m e e
n n k ɔ n y a m e e
n n a _ m m b ɛ n y a m e e
n n a _ n n k ɔ n y a m e e
a b ɛ n y a m
a k ɔ n y a m
n n a _ a b ɛ n y a m
n n a _ a k ɔ n y a m
r e m m b ɛ n y a m
r e n n k ɔ n y a m
n n a _ r e m m b ɛ n y a m
n n a _ r e n n k ɔ n y a m
r e b ɛ n y a m
r e k ɔ n y a m
n n a _ r e b ɛ n y a m
n n a _ r e k ɔ n y a m
k ɔ n y a m
b ɛ n y a m e e
k ɔ n y a m e e
m m a _ n n n y a m
n n y a m
n n t ɔ e e
n n a _ n n t ɔ e e
a t ɔ
n n a _ a t ɔ
r e n n t ɔ
n n a _ r e n n t ɔ
r e t ɔ
n n a _ r e t ɔ
b ɛ t ɔ
r e n n t ɔ
n n t ɔ
a n n t ɔ
t ɔ
t ɔ e e
m m a _ n n t ɔ
t ɔ
n n k ɔ t ɔ
a m m b ɛ t ɔ
a m m k ɔ t ɔ
t ɔ
m m b ɛ t ɔ e e
n n k ɔ t ɔ e e
n n a _ m m b ɛ t ɔ e e
n n a _ n n k ɔ t ɔ e e
a b ɛ t ɔ
a k ɔ t ɔ
n n a _ a b ɛ t ɔ
n n a _ a k ɔ t ɔ
r e m m b ɛ t ɔ
r e n n k ɔ t ɔ
n n a _ r e m m b ɛ t ɔ
n n a _ r e n n k ɔ t ɔ
r e b ɛ t ɔ
r e k ɔ t ɔ
n n a _ r e b ɛ t ɔ
n n a _ r e k ɔ t ɔ
k ɔ t ɔ
b ɛ t ɔ e e
k ɔ t ɔ e e
m m a _ n n t ɔ
n t ɔ
m m b u e e
n n a _ m m b u e e
a b u e
n n a _ a b u e
r e m m b u e
n n a _ r e m m b u e
r e b u e
n n a _ r e b u e
b ɛ b u e
r e m m b u e
m m b u e
a m m b u e
b u e
b u e e
m m a _ m m b u e
b u e
n n k ɔ b u e
a m m b ɛ b u e
a m m k ɔ b u e
b u e
m m b ɛ b u e e
n n k ɔ b u e e
n n a _ m m b ɛ b u e e
n n a _ n n k ɔ b u e e
a b ɛ b u e
a k ɔ b u e
n n a _ a b ɛ b u e
n n a _ a k ɔ b u e
r e m m b ɛ b u e
r e n n k ɔ b u e
n n a _ r e m m b ɛ b u e
n n a _ r e n n k ɔ b u e
r e b ɛ b u e
r e k ɔ b u e
n n a _ r e b ɛ b u e
n n a _ r e k ɔ b u e
k ɔ b u e
b ɛ b u e e
k ɔ b u e e
m m a _ m m b u e
m b u e
n n d a e e
n n a _ n n d a e e
a d a
n n a _ a d a
r e n n d a
n n a _ r e n n d a
r e d a
n n a _ r e d a
b ɛ d a
r e n n d a
n n d a
a n n d a
d a
d a e e
m m a _ n n d a
d a
n n k ɔ d a
a m m b ɛ d a
a m m k ɔ d a
d a
m m b ɛ d a e e
n n k ɔ d a e e
n n a _ m m b ɛ d a e e
n n a _ n n k ɔ d a e e
a b ɛ d a
a k ɔ d a
n n a _ a b ɛ d a
n n a _ a k ɔ d a
r e m m b ɛ d a
r e n n k ɔ d a
n n a _ r e m m b ɛ d a
n n a _ r e n n k ɔ d a
r e b ɛ d a
r e k ɔ d a
n n a _ r e b ɛ d a
n n a _ r e k ɔ d a
k ɔ d a
b ɛ d a e e
k ɔ d a e e
m m a _ n n d a
n d a
n n y i e e
n n a _ n n y i e e
a y i
n n a _ a y i
r e n n y i
n n a _ r e n n y i
r e y i
n n a _ r e y i
b ɛ y i
r e n n y i
n n y i
a n n y i
y i
y i e e
m m a _ n n y i
y i
n n k ɔ y i
a m m b ɛ y i
a m m k ɔ y i
y i
m m b ɛ y i e e
n n k ɔ y i e e
n n a _ m m b ɛ y i e e
n n a _ n n k ɔ y i e e
a b ɛ y i
a k ɔ y i
n n a _ a b ɛ y i
n n a _ a k ɔ y i
r e m m b ɛ y i
r e n n k ɔ y i
n n a _ r e m m b ɛ y i
n n a _ r e n n k ɔ y i
r e b ɛ y i
r e k ɔ y i
n n a _ r e b ɛ y i
n n a _ r e k ɔ y i
k ɔ y i
b ɛ y i e e
k ɔ y i e e
m m a _ n n y i
n y i
n n h u a e e
n n a _ n n h u a e e
a h u a
n n a _ a h u a
r e n n h u a
n n a _ r e n n h u a
r e h u a
n n a _ r e h u a
b ɛ h u a
r e n n h u a
n n h u a
a n n h u a
h u a
h u a e e
m m a _ n n h u a
h u a
n n k ɔ h u a
a m m b ɛ h u a
a m m k ɔ h u a
h u a
m m b ɛ h u a e e
n n k ɔ h u a e e
n n a _ m m b ɛ h u a e e
n n a _ n n k ɔ h u a e e
a b ɛ h u a
a k ɔ h u a
n n a _ a b ɛ h u a
n n a _ a k ɔ h u a
r e m m b ɛ h u a
r e n n k ɔ h u a
n n a _ r e m m b ɛ h u a
n n a _ r e n n k ɔ h u a
r e b ɛ h u a
r e k ɔ h u a
n n a _ r e b ɛ h u a
n n a _ r e k ɔ h u a
k ɔ h u a
b ɛ h u a e e
k ɔ h u a e e
m m a _ n n h u a
n h u a
n n h o h o r o e e
n n a _ n n h o h o r o e e
a h o h o r o
n n a _ a h o h o r o
r e n n h o h o r o
n n a _ r e n n h o h o r o
r e h o h o r o
n n a _ r e h o h o r o
b ɛ h o h o r o
r e n n h o h o r o
n n h o h o r o
a n n h o h o r o
h o h o r o
h o h o r o e e
m m a _ n n h o h o r o
h o h o r o
n n k ɔ h o h o r o
a m m b ɛ h o h o r o
a m m k ɔ h o h o r o
h o h o r o
m m b ɛ h o h o r o e e
n n k ɔ h o h o r o e e
n n a _ m m b ɛ h o h o r o e e
n n a _ n n k ɔ h o h o r o e e
a b ɛ h o h o r o
a k ɔ h o h o r o
n n a _ a b ɛ h o h o r o
n n a _ a k ɔ h o h o r o
r e m m b ɛ h o h o r o
r e n n k ɔ h o h o r o
n n a _ r e m m b ɛ h o h o r o
n n a _ r e n n k ɔ h o h o r o
r e b ɛ h o h o r o
r e k ɔ h o h o r o
n n a _ r e b ɛ h o h o r o
n n a _ r e k ɔ h o h o r o
k ɔ h o h o r o
b ɛ h o h o r o e e
k ɔ h o h o r o e e
m m a _ n n h o h o r o
n h o h o r o
m m b a e e
n n a _ m m b a e e
a b a
n n a _ a b a
r e m m b a
n n a _ r e m m b a
r e b a
n n a _ r e b a
b ɛ b a
r e m m b a
m m b a
a m m b a
b a
b a e e
m m a _ m m b a
b a
n n k ɔ b a
a m m b ɛ b a
a m m k ɔ b a
b a
m m b ɛ b a e e
n n k ɔ b a e e
n n a _ m m b ɛ b a e e
n n a _ n n k ɔ b a e e
a b ɛ b a
a k ɔ b a
n n a _ a b ɛ b a
n n a _ a k ɔ b a
r e m m b ɛ b a
r e n n k ɔ b a
n n a _ r e m m b ɛ b a
n n a _ r e n n k ɔ b a
r e b ɛ b a
r e k ɔ b a
n n a _ r e b ɛ b a
n n a _ r e k ɔ b a
k ɔ b a
b ɛ b a e e
k ɔ b a e e
m m a _ m m b a
m b a
n n t ɔ _ n k o e e
n n a _ n n t ɔ _ n k o e e
a t ɔ _ n k o
n n a _ a t ɔ _ n k o
r e n n t ɔ _ n k o
n n a _ r e n n t ɔ _ n k o
r e t ɔ _ n k o
n n a _ r e t ɔ _ n k o
b ɛ t ɔ _ n k o
r e n n t ɔ _ n k o
n n t ɔ _ n k o
a n n t ɔ _ n k o
t ɔ _ n k o
t ɔ _ n k o e e
m m a _ n n t ɔ _ n k o
t ɔ _ n k o
n n k ɔ t ɔ _ n k o
a m m b ɛ t ɔ _ n k o
a m m k ɔ t ɔ _ n k o
t ɔ _ n k o
m m b ɛ t ɔ _ n k o e e
n n k ɔ t ɔ _ n k o e e
n n a _ m m b ɛ t ɔ _ n k o e e
n n a _ n n k ɔ t ɔ _ n k o e e
a b ɛ t ɔ _ n k o
a k ɔ t ɔ _ n k o
n n a _ a b ɛ t ɔ _ n k o
n n a _ a k ɔ t ɔ _ n k o
r e m m b ɛ t ɔ _ n k o
r e n n k ɔ t ɔ _ n k o
n n a _ r e m m b ɛ t ɔ _ n k o
n n a _ r e n n k ɔ t ɔ _ n k o
r e b ɛ t ɔ _ n k o
r e k ɔ t ɔ _ n k o
n n a _ r e b ɛ t ɔ _ n k o
n n a _ r e k ɔ t ɔ _ n k o
k ɔ t ɔ _ n k o
b ɛ t ɔ _ n k o e e
k ɔ t ɔ _ n k o e e
m m a _ n n t ɔ _ n k o
n t ɔ _ n k o
n n y i _ a y ɛ w e e
n n a _ n n y i _ a y ɛ w e e
a y i _ a y ɛ w
n n a _ a y i _ a y ɛ w
r e n n y i _ a y ɛ w
n n a _ r e n n y i _ a y ɛ w
r e y i _ a y ɛ w
n n a _ r e y i _ a y ɛ w
b ɛ y i _ a y ɛ w
r e n n y i _ a y ɛ w
n n y i _ a y ɛ w
a n n y i _ a y ɛ w
y i _ a y ɛ w
y i _ a y ɛ w e e
m m a _ n n y i _ a y ɛ w
y i _ a y ɛ w
n n k ɔ y i _ a y ɛ w
a m m b ɛ y i _ a y ɛ w
a m m k ɔ y i _ a y ɛ w
y i _ a y ɛ w
m m b ɛ y i _ a y ɛ w e e
n n k ɔ y i _ a y ɛ w e e
n n a _ m m b ɛ y i _ a y ɛ w e e
n n a _ n n k ɔ y i _ a y ɛ w e e
a b ɛ y i _ a y ɛ w
a k ɔ y i _ a y ɛ w
n n a _ a b ɛ y i _ a y ɛ w
n n a _ a k ɔ y i _ a y ɛ w
r e m m b ɛ y i _ a y ɛ w
r e n n k ɔ y i _ a y ɛ w
n n a _ r e m m b ɛ y i _ a y ɛ w
n n a _ r e n n k ɔ y i _ a y ɛ w
r e b ɛ y i _ a y ɛ w
r e k ɔ y i _ a y ɛ w
n n a _ r e b ɛ y i _ a y ɛ w
n n a _ r e k ɔ y i _ a y ɛ w
k ɔ y i _ a y ɛ w
b ɛ y i _ a y ɛ w e e
k ɔ y i _ a y ɛ w e e
m m a _ n n y i _ a y ɛ w
n y i _ a y ɛ w
m m m e n e e
n n a _ m m m e n e e
a m e n e
n n a _ a m e n e
r e m m m e n e
n n a _ r e m m m e n e
r e m e n e
n n a _ r e m e n e
b ɛ m e n e
r e m m m e n e
m m m e n e
a m m m e n e
m e n e
m e n e e
m m a _ m m m e n e
m e n e
n n k ɔ m e n e
a m m b ɛ m e n e
a m m k ɔ m e n e
m e n e
m m b ɛ m e n e e
n n k ɔ m e n e e
n n a _ m m b ɛ m e n e e
n n a _ n n k ɔ m e n e e
a b ɛ m e n e
a k ɔ m e n e
n n a _ a b ɛ m e n e
n n a _ a k ɔ m e n e
r e m m b ɛ m e n e
r e n n k ɔ m e n e
n n a _ r e m m b ɛ m e n e
n n a _ r e n n k ɔ m e n e
r e b ɛ m e n e
r e k ɔ m e n e
n n a _ r e b ɛ m e n e
n n a _ r e k ɔ m e n e
k ɔ m e n e
b ɛ m e n e e
k ɔ m e n e e
m m a _ m m m e n e
m m e n e
m m f r ɛ e e
n n a _ m m f r ɛ e e
a f r ɛ
n n a _ a f r ɛ
r e m m f r ɛ
n n a _ r e m m f r ɛ
r e f r ɛ
n n a _ r e f r ɛ
b ɛ f r ɛ
r e m m f r ɛ
m m f r ɛ
a m m f r ɛ
f r ɛ
f r ɛ e e
m m a _ m m f r ɛ
f r ɛ
n n k ɔ f r ɛ
a m m b ɛ f r ɛ
a m m k ɔ f r ɛ
f r ɛ
m m b ɛ f r ɛ e e
n n k ɔ f r ɛ e e
n n a _ m m b ɛ f r ɛ e e
n n a _ n n k ɔ f r ɛ e e
a b ɛ f r ɛ
a k ɔ f r ɛ
n n a _ a b ɛ f r ɛ
n n a _ a k ɔ f r ɛ
r e m m b ɛ f r ɛ
r e n n k ɔ f r ɛ
n n a _ r e m m b ɛ f r ɛ
n n a _ r e n n k ɔ f r ɛ
r e b ɛ f r ɛ
r e k ɔ f r ɛ
n n a _ r e b ɛ f r ɛ
n n a _ r e k ɔ f r ɛ
k ɔ f r ɛ
b ɛ f r ɛ e e
k ɔ f r ɛ e e
m m a _ m m f r ɛ
m f r ɛ
n n t e w e e
n n a _ n n t e w e e
a t e w
n n a _ a t e w
r e n n t e w
n n a _ r e n n t e w
r e t e w
n n a _ r e t e w
b ɛ t e w
r e n n t e w
n n t e w
a n n t e w
t e w
t e w e e
m m a _ n n t e w
t e w
n n k ɔ t e w
a m m b ɛ t e w
a m m k ɔ t e w
t e w
m m b ɛ t e w e e
n n k ɔ t e w e e
n n a _ m m b ɛ t e w e e
n n a _ n n k ɔ t e w e e
a b ɛ t e w
a k ɔ t e w
n n a _ a b ɛ t e w
n n a _ a k ɔ t e w
r e m m b ɛ t e w
r e n n k ɔ t e w
n n a _ r e m m b ɛ t e w
n n a _ r e n n k ɔ t e w
r e b ɛ t e w
r e k ɔ t e w
n n a _ r e b ɛ t e w
n n a _ r e k ɔ t e w
k ɔ t e w
b ɛ t e w e e
k ɔ t e w e e
m m a _ n n t e w
n t e w
n n k a e e
n n a _ n n k a e e
a k a
n n a _ a k a
r e n n k a
n n a _ r e n n k a
r e k a
n n a _ r e k a
b ɛ k a
r e n n k a
n n k a
a n n k a
k a
k a e e
m m a _ n n k a
k a
n n k ɔ k a
a m m b ɛ k a
a m m k ɔ k a
k a
m m b ɛ k a e e
n n k ɔ k a e e
n n a _ m m b ɛ k a e e
n n a _ n n k ɔ k a e e
a b ɛ k a
a k ɔ k a
n n a _ a b ɛ k a
n n a _ a k ɔ k a
r e m m b ɛ k a
r e n n k ɔ k a
n n a _ r e m m b ɛ k a
n n a _ r e n n k ɔ k a
r e b ɛ k a
r e k ɔ k a
n n a _ r e b ɛ k a
n n a _ r e k ɔ k a
k ɔ k a
b ɛ k a e e
k ɔ k a e e
m m a _ n n k a
n k a
n n w o e e
n n a _ n n w o e e
a w o
n n a _ a w o
r e n n w o
n n a _ r e n n w o
r e w o
n n a _ r e w o
b ɛ w o
r e n n w o
n n w o
a n n w o
w o
w o e e
m m a _ n n w o
w o
n n k ɔ w o
a m m b ɛ w o
a m m k ɔ w o
w o
m m b ɛ w o e e
n n k ɔ w o e e
n n a _ m m b ɛ w o e e
n n a _ n n k ɔ w o e e
a b ɛ w o
a k ɔ w o
n n a _ a b ɛ w o
n n a _ a k ɔ w o
r e m m b ɛ w o
r e n n k ɔ w o
n n a _ r e m m b ɛ w o
n n a _ r e n n k ɔ w o
r e b ɛ w o
r e k ɔ w o
n n a _ r e b ɛ w o
n n a _ r e k ɔ w o
k ɔ w o
b ɛ w o e e
k ɔ w o e e
m m a _ n n w o
n w o
n n k e k a m u e e
n n a _ n n k e k a m u e e
a k e k a m u
n n a _ a k e k a m u
r e n n k e k a m u
n n a _ r e n n k e k a m u
r e k e k a m u
n n a _ r e k e k a m u
b ɛ k e k a m u
r e n n k e k a m u
n n k e k a m u
a n n k e k a m u
k e k a m u
k e k a m u e e
m m a _ n n k e k a m u
k e k a m u
n n k ɔ k e k a m u
a m m b ɛ k e k a m u
a m m k ɔ k e k a m u
k e k a m u
m m b ɛ k e k a m u e e
n n k ɔ k e k a m u e e
n n a _ m m b ɛ k e k a m u e e
n n a _ n n k ɔ k e k a m u e e
a b ɛ k e k a m u
a k ɔ k e k a m u
n n a _ a b ɛ k e k a m u
n n a _ a k ɔ k e k a m u
r e m m b ɛ k e k a m u
r e n n k ɔ k e k a m u
n n a _ r e m m b ɛ k e k a m u
n n a _ r e n n k ɔ k e k a m u
r e b ɛ k e k a m u
r e k ɔ k e k a m u
n n a _ r e b ɛ k e k a m u
n n a _ r e k ɔ k e k a m u
k ɔ k e k a m u
b ɛ k e k a m u e e
k ɔ k e k a m u e e
m m a _ n n k e k a m u
n k e k a m u
n n d u m e e
n n a _ n n d u m e e
a d u m
n n a _ a d u m
r e n n d u m
n n a _ r e n n d u m
r e d u m
n n a _ r e d u m
b ɛ d u m
r e n n d u m
n n d u m
a n n d u m
d u m
d u m e e
m m a _ n n d u m
d u m
n n k ɔ d u m
a m m b ɛ d u m
a m m k ɔ d u m
d u m
m m b ɛ d u m e e
n n k ɔ d u m e e
n n a _ m m b ɛ d u m e e
n n a _ n n k ɔ d u m e e
a b ɛ d u m
a k ɔ d u m
n n a _ a b ɛ d u m
n n a _ a k ɔ d u m
r e m m b ɛ d u m
r e n n k ɔ d u m
n n a _ r e m m b ɛ d u m
n n a _ r e n n k ɔ d u m
r e b ɛ d u m
r e k ɔ d u m
n n a _ r e b ɛ d u m
n n a _ r e k ɔ d u m
k ɔ d u m
b ɛ d u m e e
k ɔ d u m e e
m m a _ n n d u m
n d u m
n n h u n t i e e
n n a _ n n h u n t i e e
a h u n t i
n n a _ a h u n t i
r e n n h u n t i
n n a _ r e n n h u n t i
r e h u n t i
n n a _ r e h u n t i
b ɛ h u n t i
r e n n h u n t i
n n h u n t i
a n n h u n t i
h u n t i
h u n t i e e
m m a _ n n h u n t i
h u n t i
n n k ɔ h u n t i
a m m b ɛ h u n t i
a m m k ɔ h u n t i
h u n t i
m m b ɛ h u n t i e e
n n k ɔ h u n t i e e
n n a _ m m b ɛ h u n t i e e
n n a _ n n k ɔ h u n t i e e
a b ɛ h u n t i
a k ɔ h u n t i
n n a _ a b ɛ h u n t i
n n a _ a k ɔ h u n t i
r e m m b ɛ h u n t i
r e n n k ɔ h u n t i
n n a _ r e m m b ɛ h u n t i
n n a _ r e n n k ɔ h u n t i
r e b ɛ h u n t i
r e k ɔ h u n t i
n n a _ r e b ɛ h u n t i
n n a _ r e k ɔ h u n t i
k ɔ h u n t i
b ɛ h u n t i e e
k ɔ h u n t i e e
m m a _ n n h u n t i
n h u n t i
n n k a e e
n n a _ n n k a e e
a k a e
n n a _ a k a e
r e n n k a e
n n a _ r e n n k a e
r e k a e
n n a _ r e k a e
b ɛ k a e
r e n n k a e
n n k a e
a n n k a e
k a e
k a e e
m m a _ n n k a e
k a e
n n k ɔ k a e
a m m b ɛ k a e
a m m k ɔ k a e
k a e
m m b ɛ k a e e
n n k ɔ k a e e
n n a _ m m b ɛ k a e e
n n a _ n n k ɔ k a e e
a b ɛ k a e
a k ɔ k a e
n n a _ a b ɛ k a e
n n a _ a k ɔ k a e
r e m m b ɛ k a e
r e n n k ɔ k a e
n n a _ r e m m b ɛ k a e
n n a _ r e n n k ɔ k a e
r e b ɛ k a e
r e k ɔ k a e
n n a _ r e b ɛ k a e
n n a _ r e k ɔ k a e
k ɔ k a e
b ɛ k a e e
k ɔ k a e e
m m a _ n n k a e
n k a e
n n t a r e e
n n a _ n n t a r e e
a t a r e
n n a _ a t a r e
r e n n t a r e
n n a _ r e n n t a r e
r e t a r e
n n a _ r e t a r e
b ɛ t a r e
r e n n t a r e
n n t a r e
a n n t a r e
t a r e
t a r e e
m m a _ n n t a r e
t a r e
n n k ɔ t a r e
a m m b ɛ t a r e
a m m k ɔ t a r e
t a r e
m m b ɛ t a r e e
n n k ɔ t a r e e
n n a _ m m b ɛ t a r e e
n n a _ n n k ɔ t a r e e
a b ɛ t a r e
a k ɔ t a r e
n n a _ a b ɛ t a r e
n n a _ a k ɔ t a r e
r e m m b ɛ t a r e
r e n n k ɔ t a r e
n n a _ r e m m b ɛ t a r e
n n a _ r e n n k ɔ t a r e
r e b ɛ t a r e
r e k ɔ t a r e
n n a _ r e b ɛ t a r e
n n a _ r e k ɔ t a r e
k ɔ t a r e
b ɛ t a r e e
k ɔ t a r e e
m m a _ n n t a r e
n t a r e
n n k ɔ e e
n n a _ n n k ɔ e e
a k ɔ
n n a _ a k ɔ
r e n n k ɔ
n n a _ r e n n k ɔ
r e k ɔ
n n a _ r e k ɔ
b ɛ k ɔ
r e n n k ɔ
n n k ɔ
a n n k ɔ
k ɔ
k ɔ e e
m m a _ n n k ɔ
k ɔ
n n k ɔ k ɔ
a m m b ɛ k ɔ
a m m k ɔ k ɔ
k ɔ
m m b ɛ k ɔ e e
n n k ɔ k ɔ e e
n n a _ m m b ɛ k ɔ e e
n n a _ n n k ɔ k ɔ e e
a b ɛ k ɔ
a k ɔ k ɔ
n n a _ a b ɛ k ɔ
n n a _ a k ɔ k ɔ
r e m m b ɛ k ɔ
r e n n k ɔ k ɔ
n n a _ r e m m b ɛ k ɔ
n n a _ r e n n k ɔ k ɔ
r e b ɛ k ɔ
r e k ɔ k ɔ
n n a _ r e b ɛ k ɔ
n n a _ r e k ɔ k ɔ
k ɔ k ɔ
b ɛ k ɔ e e
k ɔ k ɔ e e
m m a _ n n k ɔ
n k ɔ
n n t u _ n g u a n e e
n n a _ n n t u _ n g u a n e e
a t u _ n g u a n
n n a _ a t u _ n g u a n
r e n n t u _ n g u a n
n n a _ r e n n t u _ n g u a n
r e t u _ n g u a n
n n a _ r e t u _ n g u a n
b ɛ t u _ n g u a n
r e n n t u _ n g u a n
n n t u _ n g u a n
a n n t u _ n g u a n
t u _ n g u a n
t u _ n g u a n e e
m m a _ n n t u _ n g u a n
t u _ n g u a n
n n k ɔ t u _ n g u a n
a m m b ɛ t u _ n g u a n
a m m k ɔ t u _ n g u a n
t u _ n g u a n
m m b ɛ t u _ n g u a n e e
n n k ɔ t u _ n g u a n e e
n n a _ m m b ɛ t u _ n g u a n e e
n n a _ n n k ɔ t u _ n g u a n e e
a b ɛ t u _ n g u a n
a k ɔ t u _ n g u a n
n n a _ a b ɛ t u _ n g u a n
n n a _ a k ɔ t u _ n g u a n
r e m m b ɛ t u _ n g u a n
r e n n k ɔ t u _ n g u a n
n n a _ r e m m b ɛ t u _ n g u a n
n n a _ r e n n k ɔ t u _ n g u a n
r e b ɛ t u _ n g u a n
r e k ɔ t u _ n g u a n
n n a _ r e b ɛ t u _ n g u a n
n n a _ r e k ɔ t u _ n g u a n
k ɔ t u _ n g u a n
b ɛ t u _ n g u a n e e
k ɔ t u _ n g u a n e e
m m a _ n n t u _ n g u a n
n t u _ n g u a n
n n h y i n a e e
n n a _ n n h y i n a e e
a h y i n a
n n a _ a h y i n a
r e n n h y i n a
n n a _ r e n n h y i n a
r e h y i n a
n n a _ r e h y i n a
b ɛ h y i n a
r e n n h y i n a
n n h y i n a
a n n h y i n a
h y i n a
h y i n a e e
m m a _ n n h y i n a
h y i n a
n n k ɔ h y i n a
a m m b ɛ h y i n a
a m m k ɔ h y i n a
h y i n a
m m b ɛ h y i n a e e
n n k ɔ h y i n a e e
n n a _ m m b ɛ h y i n a e e
n n a _ n n k ɔ h y i n a e e
a b ɛ h y i n a
a k ɔ h y i n a
n n a _ a b ɛ h y i n a
n n a _ a k ɔ h y i n a
r e m m b ɛ h y i n a
r e n n k ɔ h y i n a
n n a _ r e m m b ɛ h y i n a
n n a _ r e n n k ɔ h y i n a
r e b ɛ h y i n a
r e k ɔ h y i n a
n n a _ r e b ɛ h y i n a
n n a _ r e k ɔ h y i n a
k ɔ h y i n a
b ɛ h y i n a e e
k ɔ h y i n a e e
m m a _ n n h y i n a
n h y i n a
n n s o ɛ r e e
n n a _ n n s o ɛ r e e
a s o ɛ r
n n a _ a s o ɛ r
r e n n s o ɛ r
n n a _ r e n n s o ɛ r
r e s o ɛ r
n n a _ r e s o ɛ r
b ɛ s o ɛ r
r e n n s o ɛ r
n n s o ɛ r
a n n s o ɛ r
s o ɛ r
s o ɛ r e e
m m a _ n n s o ɛ r
s o ɛ r
n n k ɔ s o ɛ r
a m m b ɛ s o ɛ r
a m m k ɔ s o ɛ r
s o ɛ r
m m b ɛ s o ɛ r e e
n n k ɔ s o ɛ r e e
n n a _ m m b ɛ s o ɛ r e e
n n a _ n n k ɔ s o ɛ r e e
a b ɛ s o ɛ r
a k ɔ s o ɛ r
n n a _ a b ɛ s o ɛ r
n n a _ a k ɔ s o ɛ r
r e m m b ɛ s o ɛ r
r e n n k ɔ s o ɛ r
n n a _ r e m m b ɛ s o ɛ r
n n a _ r e n n k ɔ s o ɛ r
r e b ɛ s o ɛ r
r e k ɔ s o ɛ r
n n a _ r e b ɛ s o ɛ r
n n a _ r e k ɔ s o ɛ r
k ɔ s o ɛ r
b ɛ s o ɛ r e e
k ɔ s o ɛ r e e
m m a _ n n s o ɛ r
n s o ɛ r
m m b ɔ _ m p a e e
n n a _ m m b ɔ _ m p a e e
a b ɔ _ m p a e
n n a _ a b ɔ _ m p a e
r e m m b ɔ _ m p a e
n n a _ r e m m b ɔ _ m p a e
r e b ɔ _ m p a e
n n a _ r e b ɔ _ m p a e
b ɛ b ɔ _ m p a e
r e m m b ɔ _ m p a e
m m b ɔ _ m p a e
a m m b ɔ _ m p a e
b ɔ _ m p a e
b ɔ _ m p a e e
m m a _ m m b ɔ _ m p a e
b ɔ _ m p a e
n n k ɔ b ɔ _ m p a e
a m m b ɛ b ɔ _ m p a e
a m m k ɔ b ɔ _ m p a e
b ɔ _ m p a e
m m b ɛ b ɔ _ m p a e e
n n k ɔ b ɔ _ m p a e e
n n a _ m m b ɛ b ɔ _ m p a e e
n n a _ n n k ɔ b ɔ _ m p a e e
a b ɛ b ɔ _ m p a e
a k ɔ b ɔ _ m p a e
n n a _ a b ɛ b ɔ _ m p a e
n n a _ a k ɔ b ɔ _ m p a e
r e m m b ɛ b ɔ _ m p a e
r e n n k ɔ b ɔ _ m p a e
n n a _ r e m m b ɛ b ɔ _ m p a e
n n a _ r e n n k ɔ b ɔ _ m p a e
r e b ɛ b ɔ _ m p a e
r e k ɔ b ɔ _ m p a e
n n a _ r e b ɛ b ɔ _ m p a e
n n a _ r e k ɔ b ɔ _ m p a e
k ɔ b ɔ _ m p a e
b ɛ b ɔ _ m p a e e
k ɔ b ɔ _ m p a e e
m m a _ m m b ɔ _ m p a e
m b ɔ _ m p a e
n n w i e e
n n a _ n n w i e e
a w i e
n n a _ a w i e
r e n n w i e
n n a _ r e n n w i e
r e w i e
n n a _ r e w i e
b ɛ w i e
r e n n w i e
n n w i e
a n n w i e
w i e
w i e e
m m a _ n n w i e
w i e
n n k ɔ w i e
a m m b ɛ w i e
a m m k ɔ w i e
w i e
m m b ɛ w i e e
n n k ɔ w i e e
n n a _ m m b ɛ w i e e
n n a _ n n k ɔ w i e e
a b ɛ w i e
a k ɔ w i e
n n a _ a b ɛ w i e
n n a _ a k ɔ w i e
r e m m b ɛ w i e
r e n n k ɔ w i e
n n a _ r e m m b ɛ w i e
n n a _ r e n n k ɔ w i e
r e b ɛ w i e
r e k ɔ w i e
n n a _ r e b ɛ w i e
n n a _ r e k ɔ w i e
k ɔ w i e
b ɛ w i e e
k ɔ w i e e
m m a _ n n w i e
n w i e
n n h w e h w ɛ e e
n n a _ n n h w e h w ɛ e e
a h w e h w ɛ
n n a _ a h w e h w ɛ
r e n n h w e h w ɛ
n n a _ r e n n h w e h w ɛ
r e h w e h w ɛ
n n a _ r e h w e h w ɛ
b ɛ h w e h w ɛ
r e n n h w e h w ɛ
n n h w e h w ɛ
a n n h w e h w ɛ
h w e h w ɛ
h w e h w ɛ e e
m m a _ n n h w e h w ɛ
h w e h w ɛ
n n k ɔ h w e h w ɛ
a m m b ɛ h w e h w ɛ
a m m k ɔ h w e h w ɛ
h w e h w ɛ
m m b ɛ h w e h w ɛ e e
n n k ɔ h w e h w ɛ e e
n n a _ m m b ɛ h w e h w ɛ e e
n n a _ n n k ɔ h w e h w ɛ e e
a b ɛ h w e h w ɛ
a k ɔ h w e h w ɛ
n n a _ a b ɛ h w e h w ɛ
n n a _ a k ɔ h w e h w ɛ
r e m m b ɛ h w e h w ɛ
r e n n k ɔ h w e h w ɛ
n n a _ r e m m b ɛ h w e h w ɛ
n n a _ r e n n k ɔ h w e h w ɛ
r e b ɛ h w e h w ɛ
r e k ɔ h w e h w ɛ
n n a _ r e b ɛ h w e h w ɛ
n n a _ r e k ɔ h w e h w ɛ
k ɔ h w e h w ɛ
b ɛ h w e h w ɛ e e
k ɔ h w e h w ɛ e e
m m a _ n n h w e h w ɛ
n h w e h w ɛ
n n t o w e e
n n a _ n n t o w e e
a t o w
n n a _ a t o w
r e n n t o w
n n a _ r e n n t o w
r e t o w
n n a _ r e t o w
b ɛ t o w
r e n n t o w
n n t o w
a n n t o w
t o w
t o w e e
m m a _ n n t o w
t o w
n n k ɔ t o w
a m m b ɛ t o w
a m m k ɔ t o w
t o w
m m b ɛ t o w e e
n n k ɔ t o w e e
n n a _ m m b ɛ t o w e e
n n a _ n n k ɔ t o w e e
a b ɛ t o w
a k ɔ t o w
n n a _ a b ɛ t o w
n n a _ a k ɔ t o w
r e m m b ɛ t o w
r e n n k ɔ t o w
n n a _ r e m m b ɛ t o w
n n a _ r e n n k ɔ t o w
r e b ɛ t o w
r e k ɔ t o w
n n a _ r e b ɛ t o w
n n a _ r e k ɔ t o w
k ɔ t o w
b ɛ t o w e e
k ɔ t o w e e
m m a _ n n t o w
n t o w
n n h u r u w e e
n n a _ n n h u r u w e e
a h u r u w
n n a _ a h u r u w
r e n n h u r u w
n n a _ r e n n h u r u w
r e h u r u w
n n a _ r e h u r u w
b ɛ h u r u w
r e n n h u r u w
n n h u r u w
a n n h u r u w
h u r u w
h u r u w e e
m m a _ n n h u r u w
h u r u w
n n k ɔ h u r u w
a m m b ɛ h u r u w
a m m k ɔ h u r u w
h u r u w
m m b ɛ h u r u w e e
n n k ɔ h u r u w e e
n n a _ m m b ɛ h u r u w e e
n n a _ n n k ɔ h u r u w e e
a b ɛ h u r u w
a k ɔ h u r u w
n n a _ a b ɛ h u r u w
n n a _ a k ɔ h u r u w
r e m m b ɛ h u r u w
r e n n k ɔ h u r u w
n n a _ r e m m b ɛ h u r u w
n n a _ r e n n k ɔ h u r u w
r e b ɛ h u r u w
r e k ɔ h u r u w
n n a _ r e b ɛ h u r u w
n n a _ r e k ɔ h u r u w
k ɔ h u r u w
b ɛ h u r u w e e
k ɔ h u r u w e e
m m a _ n n h u r u w
n h u r u w
n n s a n e e
n n a _ n n s a n e e
a s a n
n n a _ a s a n
r e n n s a n
n n a _ r e n n s a n
r e s a n
n n a _ r e s a n
b ɛ s a n
r e n n s a n
n n s a n
a n n s a n
s a n
s a n e e
m m a _ n n s a n
s a n
n n k ɔ s a n
a m m b ɛ s a n
a m m k ɔ s a n
s a n
m m b ɛ s a n e e
n n k ɔ s a n e e
n n a _ m m b ɛ s a n e e
n n a _ n n k ɔ s a n e e
a b ɛ s a n
a k ɔ s a n
n n a _ a b ɛ s a n
n n a _ a k ɔ s a n
r e m m b ɛ s a n
r e n n k ɔ s a n
n n a _ r e m m b ɛ s a n
n n a _ r e n n k ɔ s a n
r e b ɛ s a n
r e k ɔ s a n
n n a _ r e b ɛ s a n
n n a _ r e k ɔ s a n
k ɔ s a n
b ɛ s a n e e
k ɔ s a n e e
m m a _ n n s a n
n s a n
m m b o r o e e
n n a _ m m b o r o e e
a b o r o
n n a _ a b o r o
r e m m b o r o
n n a _ r e m m b o r o
r e b o r o
n n a _ r e b o r o
b ɛ b o r o
r e m m b o r o
m m b o r o
a m m b o r o
b o r o
b o r o e e
m m a _ m m b o r o
b o r o
n n k ɔ b o r o
a m m b ɛ b o r o
a m m k ɔ b o r o
b o r o
m m b ɛ b o r o e e
n n k ɔ b o r o e e
n n a _ m m b ɛ b o r o e e
n n a _ n n k ɔ b o r o e e
a b ɛ b o r o
a k ɔ b o r o
n n a _ a b ɛ b o r o
n n a _ a k ɔ b o r o
r e m m b ɛ b o r o
r e n n k ɔ b o r o
n n a _ r e m m b ɛ b o r o
n n a _ r e n n k ɔ b o r o
r e b ɛ b o r o
r e k ɔ b o r o
n n a _ r e b ɛ b o r o
n n a _ r e k ɔ b o r o
k ɔ b o r o
b ɛ b o r o e e
k ɔ b o r o e e
m m a _ m m b o r o
m b o r o
m m m a _ s o e e
n n a _ m m m a _ s o e e
a m a _ s o
n n a _ a m a _ s o
r e m m m a _ s o
n n a _ r e m m m a _ s o
r e m a _ s o
n n a _ r e m a _ s o
b ɛ m a _ s o
r e m m m a _ s o
m m m a _ s o
a m m m a _ s o
m a _ s o
m a _ s o e e
m m a _ m m m a _ s o
m a _ s o
n n k ɔ m a _ s o
a m m b ɛ m a _ s o
a m m k ɔ m a _ s o
m a _ s o
m m b ɛ m a _ s o e e
n n k ɔ m a _ s o e e
n n a _ m m b ɛ m a _ s o e e
n n a _ n n k ɔ m a _ s o e e
a b ɛ m a _ s o
a k ɔ m a _ s o
n n a _ a b ɛ m a _ s o
n n a _ a k ɔ m a _ s o
r e m m b ɛ m a _ s o
r e n n k ɔ m a _ s o
n n a _ r e m m b ɛ m a _ s o
n n a _ r e n n k ɔ m a _ s o
r e b ɛ m a _ s o
r e k ɔ m a _ s o
n n a _ r e b ɛ m a _ s o
n n a _ r e k ɔ m a _ s o
k ɔ m a _ s o
b ɛ m a _ s o e e
k ɔ m a _ s o e e
m m a _ m m m a _ s o
m m a _ s o
n n t ɔ n e e
n n a _ n n t ɔ n e e
a t ɔ n
n n a _ a t ɔ n
r e n n t ɔ n
n n a _ r e n n t ɔ n
r e t ɔ n
n n a _ r e t ɔ n
b ɛ t ɔ n
r e n n t ɔ n
n n t ɔ n
a n n t ɔ n
t ɔ n
t ɔ n e e
m m a _ n n t ɔ n
t ɔ n
n n k ɔ t ɔ n
a m m b ɛ t ɔ n
a m m k ɔ t ɔ n
t ɔ n
m m b ɛ t ɔ n e e
n n k ɔ t ɔ n e e
n n a _ m m b ɛ t ɔ n e e
n n a _ n n k ɔ t ɔ n e e
a b ɛ t ɔ n
a k ɔ t ɔ n
n n a _ a b ɛ t ɔ n
n n a _ a k ɔ t ɔ n
r e m m b ɛ t ɔ n
r e n n k ɔ t ɔ n
n n a _ r e m m b ɛ t ɔ n
n n a _ r e n n k ɔ t ɔ n
r e b ɛ t ɔ n
r e k ɔ t ɔ n
n n a _ r e b ɛ t ɔ n
n n a _ r e k ɔ t ɔ n
k ɔ t ɔ n
b ɛ t ɔ n e e
k ɔ t ɔ n e e
m m a _ n n t ɔ n
n t ɔ n
n n h a t a e e
n n a _ n n h a t a e e
a h a t a
n n a _ a h a t a
r e n n h a t a
n n a _ r e n n h a t a
r e h a t a
n n a _ r e h a t a
b ɛ h a t a
r e n n h a t a
n n h a t a
a n n h a t a
h a t a
h a t a e e
m m a _ n n h a t a
h a t a
n n k ɔ h a t a
a m m b ɛ h a t a
a m m k ɔ h a t a
h a t a
m m b ɛ h a t a e e
n n k ɔ h a t a e e
n n a _ m m b ɛ h a t a e e
n n a _ n n k ɔ h a t a e e
a b ɛ h a t a
a k ɔ h a t a
n n a _ a b ɛ h a t a
n n a _ a k ɔ h a t a
r e m m b ɛ h a t a
r e n n k ɔ h a t a
n n a _ r e m m b ɛ h a t a
n n a _ r e n n k ɔ h a t a
r e b ɛ h a t a
r e k ɔ h a t a
n n a _ r e b ɛ h a t a
n n a _ r e k ɔ h a t a
k ɔ h a t a
b ɛ h a t a e e
k ɔ h a t a e e
m m a _ n n h a t a
n h a t a
m m b ɔ e e
n n a _ m m b ɔ e e
a b ɔ
n n a _ a b ɔ
r e m m b ɔ
n n a _ r e m m b ɔ
r e b ɔ
n n a _ r e b ɔ
b ɛ b ɔ
r e m m b ɔ
m m b ɔ
a m m b ɔ
b ɔ
b ɔ e e
m m a _ m m b ɔ
b ɔ
n n k ɔ b ɔ
a m m b ɛ b ɔ
a m m k ɔ b ɔ
b ɔ
m m b ɛ b ɔ e e
n n k ɔ b ɔ e e
n n a _ m m b ɛ b ɔ e e
n n a _ n n k ɔ b ɔ e e
a b ɛ b ɔ
a k ɔ b ɔ
n n a _ a b ɛ b ɔ
n n a _ a k ɔ b ɔ
r e m m b ɛ b ɔ
r e n n k ɔ b ɔ
n n a _ r e m m b ɛ b ɔ
n n a _ r e n n k ɔ b ɔ
r e b ɛ b ɔ
r e k ɔ b ɔ
n n a _ r e b ɛ b ɔ
n n a _ r e k ɔ b ɔ
k ɔ b ɔ
b ɛ b ɔ e e
k ɔ b ɔ e e
m m a _ m m b ɔ
m b ɔ
n n t w e ɔ n e e
n n a _ n n t w e ɔ n e e
a t w e ɔ n
n n a _ a t w e ɔ n
r e n n t w e ɔ n
n n a _ r e n n t w e ɔ n
r e t w e ɔ n
n n a _ r e t w e ɔ n
b ɛ t w e ɔ n
r e n n t w e ɔ n
n n t w e ɔ n
a n n t w e ɔ n
t w e ɔ n
t w e ɔ n e e
m m a _ n n t w e ɔ n
t w e ɔ n
n n k ɔ t w e ɔ n
a m m b ɛ t w e ɔ n
a m m k ɔ t w e ɔ n
t w e ɔ n
m m b ɛ t w e ɔ n e e
n n k ɔ t w e ɔ n e e
n n a _ m m b ɛ t w e ɔ n e e
n n a _ n n k ɔ t w e ɔ n e e
a b ɛ t w e ɔ n
a k ɔ t w e ɔ n
n n a _ a b ɛ t w e ɔ n
n n a _ a k ɔ t w e ɔ n
r e m m b ɛ t w e ɔ n
r e n n k ɔ t w e ɔ n
n n a _ r e m m b ɛ t w e ɔ n
n n a _ r e n n k ɔ t w e ɔ n
r e b ɛ t w e ɔ n
r e k ɔ t w e ɔ n
n n a _ r e b ɛ t w e ɔ n
n n a _ r e k ɔ t w e ɔ n
k ɔ t w e ɔ n
b ɛ t w e ɔ n e e
k ɔ t w e ɔ n e e
m m a _ n n t w e ɔ n
n t w e ɔ n
n n g u a r e e
n n a _ n n g u a r e e
a g u a r e
n n a _ a g u a r e
r e n n g u a r e
n n a _ r e n n g u a r e
r e g u a r e
n n a _ r e g u a r e
b ɛ g u a r e
r e n n g u a r e
n n g u a r e
a n n g u a r e
g u a r e
g u a r e e
m m a _ n n g u a r e
g u a r e
n n k ɔ g u a r e
a m m b ɛ g u a r e
a m m k ɔ g u a r e
g u a r e
m m b ɛ g u a r e e
n n k ɔ g u a r e e
n n a _ m m b ɛ g u a r e e
n n a _ n n k ɔ g u a r e e
a b ɛ g u a r e
a k ɔ g u a r e
n n a _ a b ɛ g u a r e
n n a _ a k ɔ g u a r e
r e m m b ɛ g u a r e
r e n n k ɔ g u a r e
n n a _ r e m m b ɛ g u a r e
n n a _ r e n n k ɔ g u a r e
r e b ɛ g u a r e
r e k ɔ g u a r e
n n a _ r e b ɛ g u a r e
n n a _ r e k ɔ g u a r e
k ɔ g u a r e
b ɛ g u a r e e
k ɔ g u a r e e
m m a _ n n g u a r e
n g u a r e
n n s i w e e
n n a _ n n s i w e e
a s i w
n n a _ a s i w
r e n n s i w
n n a _ r e n n s i w
r e s i w
n n a _ r e s i w
b ɛ s i w
r e n n s i w
n n s i w
a n n s i w
s i w
s i w e e
m m a _ n n s i w
s i w
n n k ɔ s i w
a m m b ɛ s i w
a m m k ɔ s i w
s i w
m m b ɛ s i w e e
n n k ɔ s i w e e
n n a _ m m b ɛ s i w e e
n n a _ n n k ɔ s i w e e
a b ɛ s i w
a k ɔ s i w
n n a _ a b ɛ s i w
n n a _ a k ɔ s i w
r e m m b ɛ s i w
r e n n k ɔ s i w
n n a _ r e m m b ɛ s i w
n n a _ r e n n k ɔ s i w
r e b ɛ s i w
r e k ɔ s i w
n n a _ r e b ɛ s i w
n n a _ r e k ɔ s i w
k ɔ s i w
b ɛ s i w e e
k ɔ s i w e e
m m a _ n n s i w
n s i w
n n y e w e e
n n a _ n n y e w e e
a y e w
n n a _ a y e w
r e n n y e w
n n a _ r e n n y e w
r e y e w
n n a _ r e y e w
b ɛ y e w
r e n n y e w
n n y e w
a n n y e w
y e w
y e w e e
m m a _ n n y e w
y e w
n n k ɔ y e w
a m m b ɛ y e w
a m m k ɔ y e w
y e w
m m b ɛ y e w e e
n n k ɔ y e w e e
n n a _ m m b ɛ y e w e e
n n a _ n n k ɔ y e w e e
a b ɛ y e w
a k ɔ y e w
n n a _ a b ɛ y e w
n n a _ a k ɔ y e w
r e m m b ɛ y e w
r e n n k ɔ y e w
n n a _ r e m m b ɛ y e w
n n a _ r e n n k ɔ y e w
r e b ɛ y e w
r e k ɔ y e w
n n a _ r e b ɛ y e w
n n a _ r e k ɔ y e w
k ɔ y e w
b ɛ y e w e e
k ɔ y e w e e
m m a _ n n y e w
n y e w
n n n o m e e
n n a _ n n n o m e e
a n o m
n n a _ a n o m
r e n n n o m
n n a _ r e n n n o m
r e n o m
n n a _ r e n o m
b ɛ n o m
r e n n n o m
n n n o m
a n n n o m
n o m
n o m e e
m m a _ n n n o m
n o m
n n k ɔ n o m
a m m b ɛ n o m
a m m k ɔ n o m
n o m
m m b ɛ n o m e e
n n k ɔ n o m e e
n n a _ m m b ɛ n o m e e
n n a _ n n k ɔ n o m e e
a b ɛ n o m
a k ɔ n o m
n n a _ a b ɛ n o m
n n a _ a k ɔ n o m
r e m m b ɛ n o m
r e n n k ɔ n o m
n n a _ r e m m b ɛ n o m
n n a _ r e n n k ɔ n o m
r e b ɛ n o m
r e k ɔ n o m
n n a _ r e b ɛ n o m
n n a _ r e k ɔ n o m
k ɔ n o m
b ɛ n o m e e
k ɔ n o m e e
m m a _ n n n o m
n n o m
m m b o a e e
n n a _ m m b o a e e
a b o a
n n a _ a b o a
r e m m b o a
n n a _ r e m m b o a
r e b o a
n n a _ r e b o a
b ɛ b o a
r e m m b o a
m m b o a
a m m b o a
b o a
b o a e e
m m a _ m m b o a
b o a
n n k ɔ b o a
a m m b ɛ b o a
a m m k ɔ b o a
b o a
m m b ɛ b o a e e
n n k ɔ b o a e e
n n a _ m m b ɛ b o a e e
n n a _ n n k ɔ b o a e e
a b ɛ b o a
a k ɔ b o a
n n a _ a b ɛ b o a
n n a _ a k ɔ b o a
r e m m b ɛ b o a
r e n n k ɔ b o a
n n a _ r e m m b ɛ b o a
n n a _ r e n n k ɔ b o a
r e b ɛ b o a
r e k ɔ b o a
n n a _ r e b ɛ b o a
n n a _ r e k ɔ b o a
k ɔ b o a
b ɛ b o a e e
k ɔ b o a e e
m m a _ m m b o a
m b o a
n n h y ɛ _ a s e e
n n a _ n n h y ɛ _ a s e e
a h y ɛ _ a s e
n n a _ a h y ɛ _ a s e
r e n n h y ɛ _ a s e
n n a _ r e n n h y ɛ _ a s e
r e h y ɛ _ a s e
n n a _ r e h y ɛ _ a s e
b ɛ h y ɛ _ a s e
r e n n h y ɛ _ a s e
n n h y ɛ _ a s e
a n n h y ɛ _ a s e
h y ɛ _ a s e
h y ɛ _ a s e e
m m a _ n n h y ɛ _ a s e
h y ɛ _ a s e
n n k ɔ h y ɛ _ a s e
a m m b ɛ h y ɛ _ a s e
a m m k ɔ h y ɛ _ a s e
h y ɛ _ a s e
m m b ɛ h y ɛ _ a s e e
n n k ɔ h y ɛ _ a s e e
n n a _ m m b ɛ h y ɛ _ a s e e
n n a _ n n k ɔ h y ɛ _ a s e e
a b ɛ h y ɛ _ a s e
a k ɔ h y ɛ _ a s e
n n a _ a b ɛ h y ɛ _ a s e
n n a _ a k ɔ h y ɛ _ a s e
r e m m b ɛ h y ɛ _ a s e
r e n n k ɔ h y ɛ _ a s e
n n a _ r e m m b ɛ h y ɛ _ a s e
n n a _ r e n n k ɔ h y ɛ _ a s e
r e b ɛ h y ɛ _ a s e
r e k ɔ h y ɛ _ a s e
n n a _ r e b ɛ h y ɛ _ a s e
n n a _ r e k ɔ h y ɛ _ a s e
k ɔ h y ɛ _ a s e
b ɛ h y ɛ _ a s e e
k ɔ h y ɛ _ a s e e
m m a _ n n h y ɛ _ a s e
n h y ɛ _ a s e
n n g y e e
n n a _ n n g y e e
a g y e
n n a _ a g y e
r e n n g y e
n n a _ r e n n g y e
r e g y e
n n a _ r e g y e
b ɛ g y e
r e n n g y e
n n g y e
a n n g y e
g y e
g y e e
m m a _ n n g y e
g y e
n n k ɔ g y e
a m m b ɛ g y e
a m m k ɔ g y e
g y e
m m b ɛ g y e e
n n k ɔ g y e e
n n a _ m m b ɛ g y e e
n n a _ n n k ɔ g y e e
a b ɛ g y e
a k ɔ g y e
n n a _ a b ɛ g y e
n n a _ a k ɔ g y e
r e m m b ɛ g y e
r e n n k ɔ g y e
n n a _ r e m m b ɛ g y e
n n a _ r e n n k ɔ g y e
r e b ɛ g y e
r e k ɔ g y e
n n a _ r e b ɛ g y e
n n a _ r e k ɔ g y e
k ɔ g y e
b ɛ g y e e
k ɔ g y e e
m m a _ n n g y e
n g y e
n n t w a e e
n n a _ n n t w a e e
a t w a
n n a _ a t w a
r e n n t w a
n n a _ r e n n t w a
r e t w a
n n a _ r e t w a
b ɛ t w a
r e n n t w a
n n t w a
a n n t w a
t w a
t w a e e
m m a _ n n t w a
t w a
n n k ɔ t w a
a m m b ɛ t w a
a m m k ɔ t w a
t w a
m m b ɛ t w a e e
n n k ɔ t w a e e
n n a _ m m b ɛ t w a e e
n n a _ n n k ɔ t w a e e
a b ɛ t w a
a k ɔ t w a
n n a _ a b ɛ t w a
n n a _ a k ɔ t w a
r e m m b ɛ t w a
r e n n k ɔ t w a
n n a _ r e m m b ɛ t w a
n n a _ r e n n k ɔ t w a
r e b ɛ t w a
r e k ɔ t w a
n n a _ r e b ɛ t w a
n n a _ r e k ɔ t w a
k ɔ t w a
b ɛ t w a e e
k ɔ t w a e e
m m a _ n n t w a
n t w a
n n s e r e w e e
n n a _ n n s e r e w e e
a s e r e w
n n a _ a s e r e w
r e n n s e r e w
n n a _ r e n n s e r e w
r e s e r e w
n n a _ r e s e r e w
b ɛ s e r e w
r e n n s e r e w
n n s e r e w
a n n s e r e w
s e r e w
s e r e w e e
m m a _ n n s e r e w
s e r e w
n n k ɔ s e r e w
a m m b ɛ s e r e w
a m m k ɔ s e r e w
s e r e w
m m b ɛ s e r e w e e
n n k ɔ s e r e w e e
n n a _ m m b ɛ s e r e w e e
n n a _ n n k ɔ s e r e w e e
a b ɛ s e r e w
a k ɔ s e r e w
n n a _ a b ɛ s e r e w
n n a _ a k ɔ s e r e w
r e m m b ɛ s e r e w
r e n n k ɔ s e r e w
n n a _ r e m m b ɛ s e r e w
n n a _ r e n n k ɔ s e r e w
r e b ɛ s e r e w
r e k ɔ s e r e w
n n a _ r e b ɛ s e r e w
n n a _ r e k ɔ s e r e w
k ɔ s e r e w
b ɛ s e r e w e e
k ɔ s e r e w e e
m m a _ n n s e r e w
n s e r e w
n n d i e e
n n a _ n n d i e e
a d i
n n a _ a d i
r e n n d i
n n a _ r e n n d i
r e d i
n n a _ r e d i
b ɛ d i
r e n n d i
n n d i
a n n d i
d i
d i e e
m m a _ n n d i
d i
n n k ɔ d i
a m m b ɛ d i
a m m k ɔ d i
d i
m m b ɛ d i e e
n n k ɔ d i e e
n n a _ m m b ɛ d i e e
n n a _ n n k ɔ d i e e
a b ɛ d i
a k ɔ d i
n n a _ a b ɛ d i
n n a _ a k ɔ d i
r e m m b ɛ d i
r e n n k ɔ d i
n n a _ r e m m b ɛ d i
n n a _ r e n n k ɔ d i
r e b ɛ d i
r e k ɔ d i
n n a _ r e b ɛ d i
n n a _ r e k ɔ d i
k ɔ d i
b ɛ d i e e
k ɔ d i e e
m m a _ n n d i
n d i
n n s o _ d a e e
n n a _ n n s o _ d a e e
a s o _ d a e
n n a _ a s o _ d a e
r e n n s o _ d a e
n n a _ r e n n s o _ d a e
r e s o _ d a e
n n a _ r e s o _ d a e
b ɛ s o _ d a e
r e n n s o _ d a e
n n s o _ d a e
a n n s o _ d a e
s o _ d a e
s o _ d a e e
m m a _ n n s o _ d a e
s o _ d a e
n n k ɔ s o _ d a e
a m m b ɛ s o _ d a e
a m m k ɔ s o _ d a e
s o _ d a e
m m b ɛ s o _ d a e e
n n k ɔ s o _ d a e e
n n a _ m m b ɛ s o _ d a e e
n n a _ n n k ɔ s o _ d a e e
a b ɛ s o _ d a e
a k ɔ s o _ d a e
n n a _ a b ɛ s o _ d a e
n n a _ a k ɔ s o _ d a e
r e m m b ɛ s o _ d a e
r e n n k ɔ s o _ d a e
n n a _ r e m m b ɛ s o _ d a e
n n a _ r e n n k ɔ s o _ d a e
r e b ɛ s o _ d a e
r e k ɔ s o _ d a e
n n a _ r e b ɛ s o _ d a e
n n a _ r e k ɔ s o _ d a e
k ɔ s o _ d a e
b ɛ s o _ d a e e
k ɔ s o _ d a e e
m m a _ n n s o _ d a e
n s o _ d a e
n n n y i m e e
n n a _ n n n y i m e e
a n y i m
n n a _ a n y i m
r e n n n y i m
n n a _ r e n n n y i m
r e n y i m
n n a _ r e n y i m
b ɛ n y i m
r e n n n y i m
n n n y i m
a n n n y i m
n y i m
n y i m e e
m m a _ n n n y i m
n y i m
n n k ɔ n y i m
a m m b ɛ n y i m
a m m k ɔ n y i m
n y i m
m m b ɛ n y i m e e
n n k ɔ n y i m e e
n n a _ m m b ɛ n y i m e e
n n a _ n n k ɔ n y i m e e
a b ɛ n y i m
a k ɔ n y i m
n n a _ a b ɛ n y i m
n n a _ a k ɔ n y i m
r e m m b ɛ n y i m
r e n n k ɔ n y i m
n n a _ r e m m b ɛ n y i m
n n a _ r e n n k ɔ n y i m
r e b ɛ n y i m
r e k ɔ n y i m
n n a _ r e b ɛ n y i m
n n a _ r e k ɔ n y i m
k ɔ n y i m
b ɛ n y i m e e
k ɔ n y i m e e
m m a _ n n n y i m
n n y i m
n n d u a e e
n n a _ n n d u a e e
a d u a
n n a _ a d u a
r e n n d u a
n n a _ r e n n d u a
r e d u a
n n a _ r e d u a
b ɛ d u a
r e n n d u a
n n d u a
a n n d u a
d u a
d u a e e
m m a _ n n d u a
d u a
n n k ɔ d u a
a m m b ɛ d u a
a m m k ɔ d u a
d u a
m m b ɛ d u a e e
n n k ɔ d u a e e
n n a _ m m b ɛ d u a e e
n n a _ n n k ɔ d u a e e
a b ɛ d u a
a k ɔ d u a
n n a _ a b ɛ d u a
n n a _ a k ɔ d u a
r e m m b ɛ d u a
r e n n k ɔ d u a
n n a _ r e m m b ɛ d u a
n n a _ r e n n k ɔ d u a
r e b ɛ d u a
r e k ɔ d u a
n n a _ r e b ɛ d u a
n n a _ r e k ɔ d u a
k ɔ d u a
b ɛ d u a e e
k ɔ d u a e e
m m a _ n n d u a
n d u a
m m b o b ɔ w e e
n n a _ m m b o b ɔ w e e
a b o b ɔ w
n n a _ a b o b ɔ w
r e m m b o b ɔ w
n n a _ r e m m b o b ɔ w
r e b o b ɔ w
n n a _ r e b o b ɔ w
b ɛ b o b ɔ w
r e m m b o b ɔ w
m m b o b ɔ w
a m m b o b ɔ w
b o b ɔ w
b o b ɔ w e e
m m a _ m m b o b ɔ w
b o b ɔ w
n n k ɔ b o b ɔ w
a m m b ɛ b o b ɔ w
a m m k ɔ b o b ɔ w
b o b ɔ w
m m b ɛ b o b ɔ w e e
n n k ɔ b o b ɔ w e e
n n a _ m m b ɛ b o b ɔ w e e
n n a _ n n k ɔ b o b ɔ w e e
a b ɛ b o b ɔ w
a k ɔ b o b ɔ w
n n a _ a b ɛ b o b ɔ w
n n a _ a k ɔ b o b ɔ w
r e m m b ɛ b o b ɔ w
r e n n k ɔ b o b ɔ w
n n a _ r e m m b ɛ b o b ɔ w
n n a _ r e n n k ɔ b o b ɔ w
r e b ɛ b o b ɔ w
r e k ɔ b o b ɔ w
n n a _ r e b ɛ b o b ɔ w
n n a _ r e k ɔ b o b ɔ w
k ɔ b o b ɔ w
b ɛ b o b ɔ w e e
k ɔ b o b ɔ w e e
m m a _ m m b o b ɔ w
m b o b ɔ w
n n s u a e e
n n a _ n n s u a e e
a s u a
n n a _ a s u a
r e n n s u a
n n a _ r e n n s u a
r e s u a
n n a _ r e s u a
b ɛ s u a
r e n n s u a
n n s u a
a n n s u a
s u a
s u a e e
m m a _ n n s u a
s u a
n n k ɔ s u a
a m m b ɛ s u a
a m m k ɔ s u a
s u a
m m b ɛ s u a e e
n n k ɔ s u a e e
n n a _ m m b ɛ s u a e e
n n a _ n n k ɔ s u a e e
a b ɛ s u a
a k ɔ s u a
n n a _ a b ɛ s u a
n n a _ a k ɔ s u a
r e m m b ɛ s u a
r e n n k ɔ s u a
n n a _ r e m m b ɛ s u a
n n a _ r e n n k ɔ s u a
r e b ɛ s u a
r e k ɔ s u a
n n a _ r e b ɛ s u a
n n a _ r e k ɔ s u a
k ɔ s u a
b ɛ s u a e e
k ɔ s u a e e
m m a _ n n s u a
n s u a
n n t o w _ . . _ m u e e
n n a _ n n t o w _ . . _ m u e e
a t o w _ . . _ m u
n n a _ a t o w _ . . _ m u
r e n n t o w _ . . _ m u
n n a _ r e n n t o w _ . . _ m u
r e t o w _ . . _ m u
n n a _ r e t o w _ . . _ m u
b ɛ t o w _ . . _ m u
r e n n t o w _ . . _ m u
n n t o w _ . . _ m u
a n n t o w _ . . _ m u
t o w _ . . _ m u
t o w _ . . _ m u e e
m m a _ n n t o w _ . . _ m u
t o w _ . . _ m u
n n k ɔ t o w _ . . _ m u
a m m b ɛ t o w _ . . _ m u
a m m k ɔ t o w _ . . _ m u
t o w _ . . _ m u
m m b ɛ t o w _ . . _ m u e e
n n k ɔ t o w _ . . _ m u e e
n n a _ m m b ɛ t o w _ . . _ m u e e
n n a _ n n k ɔ t o w _ . . _ m u e e
a b ɛ t o w _ . . _ m u
a k ɔ t o w _ . . _ m u
n n a _ a b ɛ t o w _ . . _ m u
n n a _ a k ɔ t o w _ . . _ m u
r e m m b ɛ t o w _ . . _ m u
r e n n k ɔ t o w _ . . _ m u
n n a _ r e m m b ɛ t o w _ . . _ m u
n n a _ r e n n k ɔ t o w _ . . _ m u
r e b ɛ t o w _ . . _ m u
r e k ɔ t o w _ . . _ m u
n n a _ r e b ɛ t o w _ . . _ m u
n n a _ r e k ɔ t o w _ . . _ m u
k ɔ t o w _ . . _ m u
b ɛ t o w _ . . _ m u e e
k ɔ t o w _ . . _ m u e e
m m a _ n n t o w _ . . _ m u
n t o w _ . . _ m u
n n a _ r e n p i ɔ
n w y i _
a m m b ɛ g y a r s
r e n n h y t k a p e
n n a _ r e n n k ɔ b u e
a m m b ɛ w u r m w
o o r s a e e
a n n ɔ i n
n n a _ m m b ɛ k y e a e t w e e
n n w n e
b ɛ d a o
m a _ s f
r e b ɛ y s .
n n e e r e u e e
n n a _ a k ɔ k y i r i
n n t ɛ _
n n a _ a k ɔ m u b
n a n o e w e e
n n a _ r e b ɛ t o e
k ɔ k e k f u u
n n a _ a k ɔ t n n
k ɔ u y i r i
n n a _ r e n n k i b _ e f w
a b ɛ h y ɛ ɔ a s e
n f k a
n n a _ n n k ɔ r r s e e
n n k ɔ k ɛ i r i e e
k ɔ f u w e e
n n k ɔ f w a e e
n n k ɔ r u w
n n a _ a k ɔ e m s
n n a _ r e k ɔ t w i ɔ n
r e n n k ɔ s r ɛ s
r e n n s a d
b ɛ n t n n o w
n n a _ r e b ɛ h _ y r m
n n a _ n n k ɔ h w y p b ɛ e e
n n a _ r e b ɛ p a _
r e n n t ɔ m n . o
m m a _ n n h s _ n a
r e m m b ɛ w d ɛ
b ɛ s t u n e e
b o b ɔ w
n n a _ r e m m b ɛ k a s a
m m a _ m m b . _ n p w e
r e m m b ɛ y ɔ u
b ɛ b ɔ s m f a e e
a ɛ r r . ɛ
r e h e k d b
t d t a e e
r e n n k ɔ s e r d w
b ɛ h u ɔ n e
m m b ɛ t e w e e
n n a _ a b ɛ w ɔ n
m m a _ n n t ɔ u
n n a _ a k ɔ . w i n a
b d a i . a e
r e k ɔ h y e _ o s e
n n k ɔ b ɛ t e e
a b ɛ n a t t h w
n n a _ a k ɔ b n b p w
m i a
n n a _ a k ɔ t t e ɔ n
n n a _ n n k ɔ t a r e e
r e b ɛ h u i t i
a w i u
r e m m p o r w
r e n n t u _ n i u u n
a m m k ɔ t e _ n h o
r e k ɔ d e h
a b ɛ f o w
t ɔ d n k o
n n a _ n n k ɔ . i w e e
a n n i e _
s u w
n n a _ n n h i o e e
a m m b ɛ b h _ n p f e
m m b ɛ ɔ o m e e
n n a _ a b ɛ n a n t a w
n n t w .
n n a _ m m b ɛ t a a s r e e
h n t r e e
a i r h e e
n n a _ a k ɔ b i a
n n s ɛ ɛ d e e
r e k ɔ t r a
n n a _ m m b ɛ u y a m e e
r e n n h b n ɔ i
n n a _ n n k ɔ k y m w i s m i e e
n n a _ a k ɔ b i o
n n a _ r e m m b ɛ w w e
m m b ɛ h u m t m e e
r e b ɛ s w _ d a e
n n a _ n n t o a e e
n n a _ m m b ɛ h d a e e
n n a _ a k ɔ . w e
n n ɛ t r
m m a _ n n s p n e p e
m m b ɛ t o h k w . i m u e e
b ɛ b g a e e
n n a _ m m b ɛ u u d e e
m m b ɛ y i _ a y ɔ w e e
b ɛ m n ɛ n u
n n a _ m m b ɛ u a h e e
b ɛ k w k a s u
n n n y a m e e
n n a _ m m b ɛ u ɛ r p e
n n a _ a b ɛ p u m
k ɔ w n g ɔ e e
n n a _ a k ɔ p a e
n n a _ n n b i . e e
n n a _ r e n n g a n
r e n n g b k
n n a _ n n h d i n a e e
r e k ɔ r u e
n n a _ r e k ɔ s a n
a b e e
n n a _ r e k ɔ y e _
r e n n n a b t e w
n n a _ n n k ɔ t ɔ n e e
r e m m b ɛ ɛ u a n e
n n a _ r e n n k ɔ ɛ o n
m m f r g
n n k ɔ b u e
n n a _ r e n n k ɔ k w y y m u
r e n n f t m
n n a _ r e n n k ɔ d ɛ a
r e b ɛ o e y e
t o w _ . . _ a u
n n a _ m m b ɛ h . _ n e e
r e k ɔ t ɔ _ n k o
n t a e n g e o n
r e n n h h e
f g a e e
n n a _ a b ɛ g y h
n n k ɔ y o e e e
n h y o _ a r e
m m a _ n n k o m r i
a y f w
n n a _ r e n n k ɔ ɛ o p
n n k ɔ b ɔ a m o a e e
a m m k ɔ t e e
n n a _ r e n n i ɛ g p a
n n a _ n n k ɔ y r _ a f ɛ w e e
k ɔ n o m
n n a _ r e m m b ɛ s u b
m m a _ n n w y m u
m m a _ n n h u a t o
r e n n k ɔ n i n a g w
n n a _ a k ɔ b u e
n n a _ r e y m _ a g ɛ w
b ɛ o g y e e
b i ɔ m p w e
n n a _ r e m m s o r o
n n a _ m m b ɛ h m i g . e e
r e n n t d w
r e n n s o _ d u e
n n a _ n n h i d h w ɛ e e
h y ɛ _ a o e
t ɔ n e e
r e k ɔ k u k a u u
n n ɛ ɛ i n ɔ
m m b ɛ b u n e e
n n a _ n n k ɔ n g i e e
n n k ɔ r a f a
r e n n k ɔ k r _ w i e f i
a m m k ɔ k _ h a m u
a m m b ɛ k o e r e t w
b ɛ a u e
m m a _ n n m y ɔ n a
s m ɛ y
n e w
m m a _ n n t e w
n n a _ r e n n k ɔ h o h o r o
r e b ɛ t e w
n n a _ r e n n p e ɔ
n n t o _ _ s i _ f u e e
m m m a _ e o
r e s p n
a m m b _ _ . p e e
n n k ɔ h i b e e
a k ɔ h s ɛ _ ɔ u e
n n a _ r e k ɔ h g r u w
r a r e e
n n t a a e
k ɔ b y o
r e m m b o b ɔ w
w w e
a t u a n g u a n
a b ɛ k n k f i
n n a _ r e k ɔ s u w _ _ u
f u a n e
n n a _ r e s s y h m u
r e k ɔ h y d t i
n n k ɔ y i ɔ u y w w
n n a _ r e k ɔ t ɔ k
b ɛ m a n t n e e
a m m b ɛ k e k m m u
k ɔ f r a
a k ɔ w f e
a b ɛ d . n
n n a _ r e h s o p n
n n a _ a h a a
n n a _ r e ɔ g r e
r e n n . u m u i
r e b ɛ t i ɛ m s r n n
k ɔ i u n t i
a b ɛ g o g .
n n a _ r e m m b ɛ s ɛ i d e e
a m m b ɛ ɔ u a
n n a _ n n k ɔ t u _ n g b a n e e
n n a _ n n k ɔ h o h s s o e e
t ɔ f t n
m m a _ n n h u r _ t
a m m b ɛ b o . f w
n n a _ a b ɛ s u k
n n a _ r e b ɛ p u a
n n a _ a n y i m
m m a _ n n n a n t f w
n n e k k a
n n a _ r e n n e e r b m
m m a _ n n i ɛ y
a b ɛ n t n y _ w
b g a e
a t s w
m . w t o e e
a n n s s r b o
n n a _ r e k ɔ p _ k
n n a _ a b ɛ t k r e
n n a _ r e n n k a s o
n n a _ n n h o m y a o e e
n n a _ r e n p .
n n a _ r e n n k ɔ s a k
k ɔ b d ɔ
m m a _ n n _ p d p
m m a _ n n t . _ y n p a n
k ɔ f b u ɔ k e e
r e m m f r a
n n k ɔ h y ɛ _ ɛ s e e
a k ɔ t ɛ m f . . k b u
n n a _ r e n n k ɔ n t m
r e n n p o g
m m a _ n n y e w
n n a _ n n k ɔ w u w e e
r e b ɛ h u r p r
n y s r a y ɛ w
n n a _ r e b ɛ b o r s
a m m b ɛ k h s d
r e n n k ɔ s r a
r e k ɔ m f n e
. ɛ m e e
n n a _ r e m e b d
r e b ɛ b y r r i
b ɛ y _ y . u r w
m u _
r e n n y i n s y ɛ w
a r y d ɛ
a k ɔ p u a
k ɔ g f a r e e
n n a _ n n s f r e n e e
r e n n t b w
m m b ɛ m e r e e
n n a _ r e b ɛ n d a
n n y i s h d b w e e
r e m m b ɔ _ m f . e
a k ɔ y y _ a y ɛ w
a m m k ɔ ɔ r w
n n a _ r e k ɔ . b p
n n a _ r e k a ɔ
n n a _ r e k ɔ k e k a m u
s r d _ u u
a k ɔ u h m
n n a _ n n k a s a e e
a b ɛ . e r s t
r e b ɛ s i d
n n a _ r e n n k ɔ n i e
a m m b ɛ _ ɛ e
n h u s t i
t m i e e
n n h y ɛ _ a s e
k a m p
n n a _ r e k ɔ h u n i y
a m m b ɛ s e r ɛ w
n n a _ m m b ɛ k h k . y u e e
n n a _ a k ɔ f . w
n n a _ r e m f i _
r e k ɔ k e _ a m u
a . a o
r e b ɛ h y i t a
m m a _ n n h a y
m m a _ n n m u r
n n a _ r e g r a
a k ɔ m f b ɔ r
a m m y o a
m m y o b ɛ w
n n k ɔ t a ɛ e e
n n a _ r e k a e
m m i r k e e
m m b ɛ r w a e e
k ɔ b e . e e
r e n n k ɔ s i w
m b h n
r e n e f d
r e n n ɛ a a m
a k ɔ r e r y w
n n a _ r e b ɛ f w r e w
n n a _ a m a u s o
a m m k ɔ m ɔ g
r e m m b ɛ d u m
a k ɔ k e o a t u
n n a _ a b ɛ n y i m
n n a _ r e f b e
r r r n e e
n n a _ r e m m b ɛ t u . d a u a n
a m m k ɔ h y ɛ ɛ t s e
r e b ɛ m s p a
f u r u d e e
k ɔ g w e m n
a k y i w _
k e k g m u
n n a _ a b r e
n n a _ a k h b r k
n n a _ n n s f h h e e
n n a _ r e m m b ɛ s o _ d ɔ e
k ɔ n a i r e w
r e n n t ɔ _ y h o
n n a _ a g ɔ p m h
r e k ɔ k ɔ t p e r f i
h o m o u o
n n a _ a k ɔ k a ɔ
n n a _ a b ɛ s p w
t u . n g ɔ r n
r e n n k ɔ i f r
n n a _ a s o _ d a e
a b ɛ h y i p d
r e n n k e p a m u
a t y e
n n a _ n n k ɔ f u e ɔ e e
r e n n k ɔ w g e
n n a _ r e n n k ɔ s u e
_ . a e e
a h y i n
n n a _ a b ɛ i ɔ a
n n w i m
n w g e
n n ɔ o e _ i e e
a k ɔ h . r u o
n n a _ n n k ɔ u o ɛ p e e
r o u
a n n s u . _ s u
n n k ɔ i a t ɛ e e
r e m m b ɔ f _ e g e
n n a _ r e n n k ɔ h ɔ ɛ ɔ a f e
a k e n a m u
r e b ɛ k y o m k t w
n n a _ r e t u _ b _ k h n
n n a _ r e n n s _ . i b e
m m a _ n n n f m
r e n n k ɔ p i d
m m b u g
r e k ɔ b o b b w
n n a _ r e k ɔ t u m r g u b n
m a k s b
n n a _ r e b ɛ d u _
n a m d n w
a k ɔ b u e
a k ɔ w u e t i
r e k s k a y u
s h a f w
r e n n h ɔ h y r o
n n a _ n n n t a m e e
a b ɛ g o o
r e m m b ɛ y p y
n n t u w
a p u d g i
r e b ɛ o u t r e
n n a _ a h y ɛ _ h ɛ e
h u a u e
n w i s
k ɔ h f h m a
n n a _ a b ɛ o a g
a k ɔ h e y
r e b ɛ h y i n k
n d g m
n n a _ a k ɔ s u y
r e n n b o ɛ r
n n k ɔ f s ɛ
r e m m b ɛ ɛ u s ɛ e
n n a _ r e b ɛ . e r o w
n n a _ a b ɛ ɔ ɔ m
r e n n k ɔ b ɔ k g p o e
a k ɔ b u e
h u s n e
a b ɛ f r a
n n a _ r e n n k ɔ y t _ a y ɛ w
n n a _ r e m m b . h ɔ w
n n a _ r e n n s u o _ n u
a k ɔ k ɔ o ɛ i g e i
r e n n k ɔ k ɔ _ _ s e b i
n n a _ n n h ɔ n e e
k ɔ i e n u
n n a _ r e n n n n h
a m m b ɛ b e _ ɛ w
b ɛ h a _ _ b h e
n n a _ a k ɔ f r f
n n a _ r e n n u h r
a b ɛ r g _
n n k ɔ e _ a
n n a _ r e m m b . e
a m m b ɛ h u h h u ɛ
n n a _ r e m m b ɛ n a n m e w
r e d . f
n n a _ r e n n h n o s d ɛ
r e b ɛ p n _
n n a _ r e _ u ɛ
r e k ɔ k . r
n n a _ a b ɛ t _ f
a b ɛ f m o
n n k ɔ n a m a
a t i e r n
n n a _ r e t u _ n g u a n
r e m m b ɛ b u _
a m m k ɔ f o w
n n a _ r e m m b ɛ b o o
n n a _ n n k ɔ o p i r i e e
r e n n t w f
a n n i _ a n e
k ɔ t n ɛ
n n a _ r e k ɔ n w n ɛ y w
b ɛ i i _
r e m m b ɛ h i a
n n a _ r e n n k ɔ s _ p _ i u
n n a _ r e i f g
n n k ɔ t u _ n g r a n
m m a _ n n k y i _ i
n n a _ a n y n n w
r e m m w o a
m m a _ n n ɔ o w
n n a _ r e k ɔ s o _ e a e
n n k ɔ y o _ f y ɛ w e e
r e b ɛ h u o u w
a k ɔ s r r s ɔ u
a m m b ɛ y o n t i
n n a _ r e k ɔ o d f
a k ɔ h w e . w ɛ
n n a _ m m b ɛ n o m e e
a m m b ɛ ɔ e a
n n a _ r e k ɔ h b r
m m a _ n n t r _ g . o
n n a _ r e n n h y i n i
b ɛ a u i
m m b ɛ n w b e e
n t b ɔ _
n n k ɔ t a e n g u a n
n n k ɔ k y e r ɔ ɛ w e e
r e b ɛ n ɛ t s o
b ɛ h r i w t
k ɔ w y u b
b ɔ ɔ m p a e
b ɛ s u p ɛ m u e e
n n a _ a b ɛ h i ɔ
r e n n h a r a
t p e
r e n n k ɔ g g a b e
n n a _ n n k ɔ g o r o e e
n n a _ n n b o r e e
k ɔ h y ɛ r a k e
r e n n k ɔ m t f s r
a n n w a r a
a n n n ɛ f m
n n a _ a k ɔ y i _ a y m w
m m b ɛ k e e a m u e e
n n m r _ e e
a ɔ n
n n a _ a b ɛ ɛ u y t i
r e h i p
m m a _ n n s i w
n n k ɔ k d b p d
ɛ r a n .
a m m k ɔ b ɔ _ b p a e
r e m m b ɛ _ a n
k ɔ u e n e
a n n t a r k
n n a _ r e k ɔ f r ɛ
n n a _ n n k ɔ k m y r f ɛ w e e
n n a _ a b ɛ h w e d r ɛ
r e n n t u _ o a u n n
n n a _ a k ɔ f o y
n n a _ a k ɔ h g b
r e n n k ɔ ɛ a u s o
m m a _ n n t u ɔ n g r a n
a k ɔ n o m
m m a _ n n h u u a .
k ɔ y i e a k u w e e
r e m m b ɛ k w a m . e d i
n n a _ a f y i r i
r e m m b ɛ r _ _
n h r p
n n a _ r e k ɔ w b n
k ɔ h w p n e
r e k ɔ f u k
g a m
n n a _ n n k ɔ s a n e e
n n a _ r e b o _ n r a e
r e k ɔ n g b m
n n a _ r e n n k ɔ s w e ɔ p
a m m k ɔ h r m g a s e
n n a _ n n k ɔ o u a e e
n f u a
r e k a k b
r e b ɛ g d f
k ɔ s y r e .
r e u . y
k ɔ k y e r e ɛ w e e
t m e
r e o o d
r e n n k ɔ f ɔ o
n n a _ a b ɔ _ m p a e
a n n ɔ g p
a k y r r e ɛ w
b ɛ s u o a m u
n n a _ a k ɔ b ɔ f m p a e
n n a _ a b ɛ m a m e f
a m m b ɛ d k h
m m a _ m m m a _ s o
n n a _ a t ɔ _ n o o
n n k ɔ h y i n w e e
r e n n h _ f m w ɛ
r e m m b ɛ k ɔ o i m e f i
n n a _ n n k ɔ h g ɔ u m e e
r e k ɔ . u o
n n a _ r e n n k ɔ k y e m o b w
r e n n h p . n
n n a _ r e b ɛ h g r u f
m m a _ n n h _ a
m m a _ m m f r ɛ
p u . g u e e
n n a _ m m b ɛ ɔ e r e w e e
t o d
n n t w a
n n a _ n n k ɔ m a _ o g e e
n n a _ r e k ɔ p b r u w
m m a _ n n s n u
a k ɔ u u a
n n a _ r e p e w
k ɔ n o ɛ w
a i u e
a k ɔ h u k n e
n n k ɔ n y i m e e
n n s a ɔ e w
n n a _ r e o y e
n n a _ n n y e w e e
m m a _ n n n y i b
n n a _ a k ɔ i o b ɔ w
m m a _ n n u ɔ w
b ɔ e . u a e e
n n ɛ s t k
r e t k n a
b ɔ _ m p a e
n n a _ a b ɛ s a m . o
r e m m b ɛ r i w
n n a _ n n s u t m m u e e
a m m k ɔ m ɛ n r
r e b ɛ h o h o ɔ o
b ɛ f u a y e e
a b ɛ h y ɛ _ a s e
n n k ɔ r u i r e
n n k ɔ e b r n w
r e n . b t _ w
d a a
n n k ɔ k e r a . u e e
r e n n k ɔ h a ɛ _ p . e
n n a _ r e k ɔ k e k u m u
r e k ɔ ɛ a p o
k ɔ s ɛ w e e
n n a _ m m b ɛ _ w g e e
k u . t b
n n a _ r e k ɔ h n g f a
n n a _ a s e ɔ e ɛ
n n a _ r e n n k ɔ k s e
n n k ɔ k y e r t w w
a b ɛ k o a
n n a _ r e m m b ɛ h f d h w ɛ
n y i g a n ɛ w
b ɛ b e r h
r e k ɔ h w a h w ɛ
n n a _ r e y e y
r e m m b ɛ _ y i r p
b ɛ t e w
r e n n k ɔ g u e
r e n n k ɔ w s i
n n a _ r e n n k ɔ n d a k
m m a _ n n k g s p n ɛ w
a m m k ɔ t r _ n p o
n n a _ r e m m b ɛ k a e
a n n t w e
n n h y r _ ɔ o e
n n a _ n n h o y o r o e e
n n a _ m m b ɛ t w e e e
a k a e
b ɛ f i a
m m b ɛ a e w e e
n n a _ r e m m b ɛ h f e h i ɛ
b ɛ y d _ a u t w e e
a n _ m
n n t w b
m u i r t
t o w f . . n r u
m m b ɛ r r _ e e
m m b ɛ f _ b e e
n n h d k _ e e
n n k ɔ s h _ d r e
a h u a
a m m k ɔ y h _ t y f w
n n a _ a r p r o
m m a _ n n k _ e
n n a _ r e n n k ɔ h n a k ɛ
n n a _ a s e r d w
m ɛ e r ɛ
b ɛ t w _ ɔ n e e
n n a _ r e b ɛ f w ɛ
a n n h u w
n n k ɔ k a n
n n a _ r e n n k ɔ b f a
n n a _ r e m m b ɛ k u a
n n a _ r e n n k ɔ t ɔ w _ e . t t u
k ɔ y a k a t h w
n n k w _ t i e . i
k e k a o u e e
k ɔ t o w e e
p o i ɛ
b ɛ f ɔ ɛ
n n k ɔ f r k
r e h m w _ a
n n a _ r e k ɔ w _ . t _
e _ a
n n a _ r e k ɔ s e w
k i e
m m a _ n n h y ɛ _ a s e
t u _ n g h a n
b ɛ t a w f ɛ p ɔ d u
r e d r g g s
d k b e
t f r
n n b e i e e
a b ɛ f s g
n n a _ r e k ɔ t m u t r o
r e k ɔ h o .
a m m b ɛ i y u
m m b ɛ m m t k o e e
a b ɛ k . d p b
n n a _ r e n n b s n
n n a _ a s ɔ e _ m u
n n a _ r e s o g o d e
e d e
n n a _ n n h m r u a e e
m m b ɛ h y w _ ɔ s e e
a k ɔ h p u o _ o
n n a _ r e m m b o r
y h m h ɔ u w
h g r i a s e
n n a _ a b ɛ h u n t h
n n a _ r e m m b ɛ h o h o r o
m m a _ n n t . _
n n k o ɛ r
m m a _ m m m i g e
r e n n s o . d e e
m m a _ n n t w k ɔ h
a b ɛ . o ɛ w
n n a _ n n _ u f e e
n n a _ r e n n k ɔ y . s
r e b ɛ h . ɛ ɔ a s e
b ɛ t y r n a
r e n n y g w
r e m m o o u ɔ s
n n a _ n n k ɔ f i d e e
r e n n y ɛ _ a p ɛ w
n n a _ r e b ɛ t i .
a m m b ɛ b a u a
r e n n ɔ a k
b t _ b e e e
m m a _ n n w s w
m m a _ m m f ɔ ɛ
n n a _ a b ɛ b ɔ _ m p t e
n n a _ m m b ɛ ɔ u i s g e e
n n k ɔ n u a e e
a b ɛ h s a
n n a _ a k ɔ h y ɔ . a s e
n n a _ r e n n t o w
a k ɔ t w a
r e n n n ɔ r . e w
b ɛ k ɔ f w e b m i e e
n n a _ r e n n k ɔ y e w
r e n n n i m
r e m m b ɛ k _ _ t m e f i
n g f s a
n n a _ m m b ɛ i u a e e
b ɛ y i u p . f w e e
n n k ɔ t ɔ _ g w u k n e e
b ɛ h y i n a e e
n n k ɔ o a t b
m m a _ n n t y b
k ɔ b t t m n g e
n n a _ r e n n k ɔ k p m
r e n n k ɔ h a u h w ɛ
a m m b ɛ t o w
a k e m a m u
a m m b ɛ s a n
n n a _ r e h m i ɛ m
y n a
m h a r b
n n k y e i u ɛ w
n n a _ r e n n k ɔ h o w
a f r a
n n a _ n n k ɔ u _ t p e e
n n k ɔ y o b ɔ f e e
h s h b r o e e
r e n n f u ɛ r y
k ɔ n a n t h w e e
h u t
n n a _ a k ɔ k ɔ u d s e f i
n n t e r k w
b ɛ f t w
m m b ɛ h a t a e e
n g e e
s o b w r e
n n a _ r e k ɔ d o a
b u e
a m m k ɔ b ɔ e
n n a _ r e b ɛ f o w
n n a _ r e b ɛ s o y p i e
k ɔ f ɛ w
n n a _ a k ɔ h h g a
m m a _ m m f o w
n n a _ r e n n ɛ a e
m m a _ n n s h r e w
n n a _ a b ɛ h w ɛ . e s e
n n a _ m m b ɛ f r _ e e
b r ɛ
n n a _ a k ɔ h w e h i ɛ
s _ d
n n a _ r e ɛ p w
n n a _ r e n n k ɔ t w b
r e k ɔ t w d n h
n n a _ r e k ɔ y ɔ _ b y ɛ w
r e n n n y y f
t ɔ _ p t o
n n y i _ a y ɛ w e e
n n a _ r e m m b ɛ h n p h ɔ ɛ
n n a _ a k ɔ h u a
h o n t r o e e
m e t e
n n a _ a k a e
r e s u o _ t u
n n a _ r e b ɛ k y i r i
n n k ɔ k m i f ɛ
b ɛ k ɔ e ɛ r k m i e e
a n n o ɛ a
n n a _ r e t m ɛ n . o
r e b ɛ f ɛ n y f
a n n m u a n e
r e b ɛ p o a
n n a _ a t u i h g h a n
a n n s i w
r e b ɛ g a n
b ɛ y y s e e
n n a _ n n t ɔ g n k o e e
n n n ɔ r k
b ɛ s i p e e
n n g s e u w
a . o w
a m m k ɔ f r a
h d f u w
n n k ɔ r o p e e
n n f . r d u
n n a _ n n k ɔ t o o _ . a n b u e e
n n a _ r e n n k ɔ f y r
n n a _ r e n n k ɔ b u h
k ɔ ɔ s o
. u a
m m b . a e e
m m a _ n n t g n
h w g u w ɛ e e
n n a _ r e b ɛ t u a
n n a _ r e n n h u i n w
n n a _ r e y i h a y e w
t w ɛ u n
r e f i ɛ
r e n n k ɔ w o e
r e m m b ɛ h y p n a
n n a _ r e n n k ɔ g o b . w
n n a _ n n k ɔ y i _ e e
r e m m b ɛ y d _ s g . w
r e n n k ɔ i m a
n k ɛ n a i w f i
n n a _ n n k ɔ h e h f a s e e
k ɔ h h ɛ n a e e
r e m m b ɛ n s m n f
b ɛ t o k
n n a _ m m b ɛ h o f o h o e e
m m a _ n n s o y r
r e ɔ . e d
h r a i _
a n n ɔ a s a
n n a _ r e n n y i _ f . m w
n n a _ r e k ɔ ɛ y . i
n n a _ n n n a n y r w e e
h i o _ r o
a b ɛ f r .
n n a _ r e k ɔ k o w g m u
k ɔ p p y e e
r e k ɔ m a m e
n n a _ a u p .
n n a _ a b ɛ g u a r e
m m a _ n n y i . a p ɛ w
n n a _ m m b ɛ t o b e e
n h w n k
n k e m
a k ɔ t o n
n n a _ r e n h e m
n n a _ r e k ɔ r y b ɛ
b ɛ m a _ s o
a m m b ɛ t s ɛ
n n a _ r e k ɔ k ɛ i a g
m m a _ n n ɛ m r e w
n n a _ n n k ɔ n _ n u f w e e
r e m m b ɛ t h p n g t s n
n n k ɔ h y p . a s e e
n n a _ r e n n k ɔ y e w
r e n n g y a
n n k ɔ y e t
n n g y e
n n a _ r e n n k ɔ h i a
g ɔ a
n n m i w e e
r e n n t o .
a n n b o m
n n a _ n n e y ɔ m e e
h u a n h
a m m b ɛ h _ a
t s a e e
g k m
a k ɔ t r d ɔ n
r e k ɔ s i o _ m u
k ɔ t b ɛ
r e b ɛ o i ɛ
n n h a y t e e
b ɛ t p ɛ b e e
n n a _ n n k ɔ t ɛ _ n w _ a n e e
a h w k a
r e k ɔ g u ɔ r n
m m b ɛ m a _ ɔ o e e
n n a _ r e k ɔ g ɔ n
r e b ɛ s a _ d b e
n n a _ n n s g w g e e
r e n n . b i
b ɛ k y s g i
n n a _ r e k ɔ k y s h k ɛ w
n n a _ r e u a _ y o
n d u n
b ɛ d u ɔ
r e h u ɔ
a m m b ɛ s m r
n n a _ a b ɛ g i a
n t f e
n n t n _ p g u a n
r e k ɔ g u a i f
n n a _ a t o w _ ɔ . a t u
f r ɛ
r e n n k ɔ f ɛ n
n n a _ a k a e
b ɛ k h e r e ɛ w
n n a _ n n h e a e e
n n a _ a b ɛ s u o _ r u
n n a _ r e n n i i e
n n k ɔ t . _ w w o e e
n n a _ r e k ɔ t a r e
r e k ɔ r y h m
n n k ɔ b k _ ɔ p a e e
m m a _ n n n o m
b ɛ d w e ɔ n
b ɛ g r p e e
n n t y r g
r e k ɔ p m . _ w
n n a _ n n k ɔ h u r e w e e
n n a _ a . _ h
a m m b ɛ d u m
n n a _ a b ɛ f r a
m m a _ s h
b ɛ n p n t p w e e
n n a _ n n t p w i . n _ b u e e
a k ɔ t e _ a y o
h u e h e ɛ
k ɔ s e p e ɛ
n n k ɔ d i a e e
n n k ɔ i _ a e e
r e h y a w a s e
n n a _ r e m m u r a
b ɛ h w e h w ɛ
n n k ɔ s t w e e
a b ɛ t u _ n o u a n
n n a _ r e k ɔ k a e
k ɔ ɔ o _ n a e e
r e n n k ɔ b o r s
m m b ɛ p b i m e e
k ɔ u w a
n n a _ a d e s
a n n . m r u d
e i a
b ɛ a i e
a b o w
a m m b ɛ h u a n e
a k ɔ m t r s
n n a _ r e m m b ɛ y r e
m m a _ n n h u a _ e
n n k ɔ n a n t ɛ w e e
n n n t n t e w
n n a _ m m b ɛ i r ɛ e e
k ɔ t o h _ . y m m u e e
a m m k ɔ p e w
a t e w u . . a e u
m m a _ m m ɔ n p o
a m m k ɔ ɔ o i
n n k ɔ ɛ a _ r w
k ɔ s g r e w
r e n n b ɔ a
b ɛ r s u s o e e
r e n n k ɔ t p y u g u a n
n n a _ n n k ɔ h u a n e e
b ɛ b ɔ r m p a e
r e n n k ɔ t d ɔ d r i _ p u
n n a _ r e k ɔ n ɔ u m
n n a _ r e m m b ɛ k p e
r e n n k ɔ u w m
f r a
r e n n d _ a
r e m m b ɛ k ɔ _ t o e s i
n d u a
r e m m b ɛ t ɔ h
n n k ɔ _ u d g e
n n a _ a b ɛ g t n
r e m m b ɛ f w k
u b n
m m b ɛ k m b ɔ w e e
k ɔ o u a y e e
n n a _ a b ɛ f r y
a m m b ɛ h o n m b o
n n a _ a t n p m a . _ m u
a m m k ɔ b p b ɔ w
r e n n t w u
r e b ɛ w i o
a n n t . p n i o
n n a _ r e m m b ɛ o _ y
n n a _ a k ɔ h o ɔ o r o
m m a _ n n k e w
n n _ u m
a m m b ɛ b p b d m
r e u w n t n
r e n n n f t m
n n a _ r e m m b ɛ h w e ɔ w ɛ
n a o u a w
t ɔ _ n k o
n n a _ r e m m b ɛ n t a m
n k d e r e r w
r e n n n m i m
r e k ɔ w . e
m m a _ m m f o b
a n n p . _ f w
b ɛ k r e
n n d u a
b ɛ t i _
r e m m b ɛ y y g
a b ɛ e o w
n n a _ r e k ɔ t w e
n n a _ a k ɔ s e f d
n y e w
a . r a
k ɔ f r u
b ɛ n y i m e e
r e n n k ɔ . e _
n n s i w
n n a _ r e n n k ɔ ɛ w s f
n n a _ a k ɔ t f ɛ ɔ t
r e n n k y s n
a m m k ɔ h w _ h w ɛ
n n k ɔ t u g n g _ a n
k ɔ w u f g w
n n a _ r e k ɔ h u a r i
n n a _ a k ɔ s u p r
b a _ f u a e
n n a _ r e n n g y o n a
k ɔ h y b k a e e
k ɔ h o h o r o e e
n n a _ a b ɛ k n a
n n a _ n n t o ɔ p . d _ ɔ u e e
k y t t i m y i
r e t o ɔ
r e k ɔ t b ɛ
a k ɔ b o r o
n n k ɔ f o t e e
k ɔ h a p
n n a _ r e k t ɛ ɛ m u
r e m m y r a
g . o ɔ e e
r e n n y k _ ɔ a ɛ w
a m m k ɔ h y f d d
n n a _ a k ɔ k d .
r e n n h u n t t
n n a _ r e n n k ɔ s a k
n n a _ r e n n k ɔ y g u
r e n n k y e r e m w
n n k ɔ h b k o r o e e
a n n t ɔ m n k o
b ɛ s u a e e
r e m m b ɛ s o _ d p e
d u e ɔ n e e
m m a _ n n u d a f
b ɛ s e r f w
m m a _ n n s . w
r e k ɔ t i e
m a k ɛ
a b ɛ i o n r
k ɔ h a i r a e e
n n a _ r e _ w e
n n a _ n n k ɔ o p s a e e
n n k ɔ f e a
t r i
b ɛ h y i n a e e
m m a _ n n w p i
r e n n t o f m . . k b u
n n h t e ɔ t e e
a b ɛ b o r o
r e y i y _ y _ w
r e m m b ɛ t w ɔ
b ɛ t u k u w
n n y a s i e e
k ɔ s t i k e i
m m a _ m m m a _ e w
n n a _ n n k ɔ h o h o r o e e
r e n n k ɔ k f i r i
k ɔ h u a n a
r e m m b o ɛ
r e m m b ɔ b m p s e
r e k ɔ h y o _ a y e
r e k w k a m u
n n a _ r e n n b a s
a m m b ɛ d h d a ɛ
n n . y a n
m e p e e
a b ɛ t u _ n w u a n
n n s f r e o e e
k n k i m u
n n a _ n n k ɔ t r _ f f t w n e e
n n a _ a b ɛ t i a
m m b ɛ h y ɛ t a e e
m m a _ n n b i n
s t r k ɛ e
n n a _ n n k ɔ k o e u r u w e e
a s o ɛ r
a e ɔ
m m a _ n n h a f i
n y a e
m m a _ n n k y i w b u w
r e n n k ɔ t o d
r e n n k ɔ m a g . i
n n k ɔ g i w
r e k ɔ t u o a i
n a . t e w
b ɛ s u ɛ p m u
n n a _ r e n n k ɔ n . i m
n n a _ r e n n h o ɔ g e
n n a _ r e m m b ɛ t e w
m m a _ n n m a g e
n n k ɔ h u y ɔ ɔ e e
m m b ɛ _ o y h e e
a b ɔ _ m f a e
r e n n s i b
k ɔ p y e e e
n n a _ a b y u ɔ w
b ɛ g r k e e
n n a _ r e k ɔ d o t d w
a b ɛ b o m o
a o a s e
n n a _ a k ɔ s g n t d
r e m m b ɛ y b _ a y ɛ w
n n k ɔ h g h o g o e e
n n y i _ s y ɔ w e e
n n a _ r e s m e d _ e
n n a _ r e s u o _ m u
r e n n a i a
n n r e r g w e e
a m m k ɔ a a k
n n k ɔ s u k e e
m m b ɛ f g w e e
n n a _ r e t o w _ f h _ m u
k ɔ b ɔ _ m d a e e
ɛ o w e e
m m a _ n n k y e r o ɛ w
n n a _ r e k ɔ h u a n e
n n t . y e e
n n k ɔ f o n e e
a h u i
b h e
r e n n y ɔ t
a m m b ɛ h u n t m
r e k ɔ g h e
r e n n n y _ m
n n a _ a b ɛ t k i n a
a k ɔ n y ɔ t
r e b ɛ m a t a
r e i ɛ o m
k ɔ m a d s o
a m m b ɛ h o g g r o
n n a _ m m b ɛ s s n e e
n n a _ a k ɔ h o m o r o
a b ɛ n w i ɔ b
n n _ u r t r e e
k ɔ t f p e r . p ɔ u e e
n n t _ _ p w p o n e e
r e n n t a p
n n a _ n n h h t h s ɛ e e
n n k ɔ t b w
m m a _ n n m u y u w
m m a _ n n k g s h
a m m k ɔ ɔ b w
b ɛ h i a e e
n n g u a r k
n n k ɔ i a n
n n a _ m m b ɛ n u o e e
k ɔ y h b a y h w
n n a _ r e t g _ n f u h n
a n n d a t a
n n a _ n n k ɔ s o s ɛ e e
m m a _ n n n a b
n h s s o r o
o i e
m f o w
k ɔ s i k
. s r e w
r e h f n h i
m m a _ m m b o _ r p u e
n n a _ a k ɔ b ɔ _ m p w e
m m a _ n n k d r r i
b ɛ s u b
a n n m i w
a m m b . r u
n n a _ n n h w h ɛ h o e e
r e n n s o m e s e
n n a _ n n k ɔ h y ɔ i a s e e
a t ɔ d
r s ɔ e
n n k ɔ b u w m b a e e
n n a _ m m . a _ s o e e
a ɔ n
n n a _ r e n n k ɔ h w a ɔ n
n n a _ n n k ɔ s ɔ ɛ e w e e
k ɔ k y h r e ɛ w e e
n n a _ r e m m b ɛ ɛ w n t i
r e k ɔ s o f d r e
n n a _ r e k ɔ k h _ t i a f i
r e h u m t n
n n a _ r e n n k ɔ d e a
n s a e i
b ɛ t a t
r e n n k ɔ h y h _ a s e
r e m m b ɛ t h e
n n n g k e e
h r y r
t k g
n n t w a e e
n n a _ n n g _ a _ e e
k ɔ t t a
n n a _ a b ɛ h u g b h
a m m k ɔ g y s
b u ɛ
r e k ɔ t k r e
y w _ m y . w
n n a _ r e b ɛ n a f i e b
n n a _ r e k ɔ h i o
k ɔ f . e
k ɔ . r ɛ e e
n n a _ n n k ɔ a a b e e
n n a _ a t a r y
y i t
n n a _ m m b ɛ t g h r e e
n n a _ r e k ɔ w m p
n n a _ r e b ɛ s u o p m u
r e m m s . a
f p .
n n a _ a k ɔ k y e u k . w
n n a _ n n k y w r . ɛ w e e
a m m k ɔ f g a
r e n n _ ɛ p
n n a _ m m f ɔ a e e
r e k ɔ k ɔ ɛ
n n a _ m m b ɛ . t a e e
a b ɛ e u r o w
n n a _ r e n n k ɔ u s ɛ d o
r e k ɔ f o w
n n k ɔ t ɔ b n d g y n
m m b ɛ o w a e e
a b ɛ i w u b n
n n a _ r e h u a n e
n n s u t e e
a n n h u a o r o
r e m m m a _ s o
n n a _ r e k ɔ s u a
r e k ɔ t e w
a k ɔ k y f r ɛ g w
d u o
ɛ s ɛ b
a b ɛ a e r d w
p u h
t ɔ ɛ n k o
n n a _ m m b ɛ k i i e e
n n a _ r e k ɔ h _ r u h
a m m k ɔ k w k y m u
r e b ɛ i r r e b
n n a _ r e n n n ɔ e
a m m b ɛ b u _ u w
n n a _ r e b ɛ t _ _ n u b o n
n n a _ r e m m b ɛ f . w
r e n n h u r g y
b ɛ k o _ r i m w
m m b ɛ b o r b e e
n n a _ n n k ɔ r o s a e e
n n k ɔ w i e
r e n n k w r e
r e m m b ɔ _ m p e e
a m m k ɔ s a b b i
n n a _ r e n n h y b n y
n n a _ m m b ɛ g w u e e
n n a _ n n k ɛ t w i y b i e e
s a n
ɛ k b b u
r e m m b ɛ w a t e
a b ɛ t ɔ _ f k o
n n a _ a n y i g
n n a _ n n k ɔ i h _ e e
a k ɔ k y e i w ɛ w
n n a _ n n k ɔ ɛ f s e e
a m m b ɛ o r ɛ
n n a _ a k ɔ g a s u ɔ
n n a _ a k ɔ t ɔ h
a b ɛ t y w _ . i . e u
n n a _ m m b ɛ s o b r e e
n n a _ r e b ɛ h k ɛ _ t d e
n n a _ r e k ɔ t t . _ s . f w u
n n a _ r e n n h w e h ɔ ɛ
n n k ɔ h a t r
m m a _ n n w r a n e
n n a _ r e m m b ɛ k ɔ e
r e m m b ɛ t k w _ . . _ m u
k ɔ k _ u r e m w
n n k ɔ . o ɛ
a m m k ɔ h a y w
n n a _ r e n n e f . _ g
s n _ y . e
r e n n k a h
n n a _ a k e . m u u
n n a _ r e n n h y ɛ _ a s e
r e m m b ɛ _ f p a e
b ɛ y i b a y h w
n n k ɔ k ɔ _ n i _ f i e e
n n a _ n n t ɔ e n k o e e
a m m b h u y
n n a _ r e t b w _ w t _ m u
r e m m b ɛ s m b p a u
n n a _ a t ɔ _ p w o
a n n n o m
n n a _ r e m m b ɛ k ɔ ɛ u i _ b i
n n a _ r e k ɔ n i e
r e n n k ɔ f o w
r e n n k ɔ k y e r e ɛ w
a m m b ɛ y g t a
n s u m d m u
n n k ɔ g i w e e
n n a _ r e n n n e i m
n n a _ r e m m b ɛ i y e
r e m m b u b
r e n n ɛ u s
n n k ɔ m p b e e
a k ɔ b ɛ _ n p m e
b ɛ p ɔ t e e
a n n y a t h
m m m a m s o
a m m b ɛ k ɔ _ t y e f i
n n a _ r e n n k ɔ h i .
r e n n h r n
n n a _ r e f . y
n n k ɔ h p a
m m b ɛ h u y e e
r e n n n o m
n y e m
r e b ɛ s h w
s i w
n n a _ r e n n k ɔ d n _
r e b ɛ t w e
f o w
t ɔ h b h o e e
r e b ɛ m a a e r
r e n n k ɔ s u o _ i u
k a s u
r e k ɔ h w e h k ɛ
a m m k ɔ g u n o e
n n g a m e
a n n s y ɔ g p e
n n a _ r e n n f i w
n n a _ r e n n n y u t e w
b a a e e
n n a _ r e t e e _ n
m m a _ n n k e k a m u
b ɛ d u m e e
b o a
r e m m b ɛ a u a
m m b ɛ k y e r e ɛ w e e
n n t f s
n n a _ a b ɛ f r a
n n k ɔ u i w
n n a _ a b ɛ s o ɛ s
n n a _ r e b ɛ h a m o r o
n n k ɔ n r w m e e
k ɔ h o b p . o
n n k ɔ y e h e e
r i y
r e m m g o b ɔ i
n n k ɔ s i f
a m m b ɛ o u f r e
n n a _ r e n n h y p d a t e
o w i h a
n n r i w e e
n n a _ r e n n k ɔ h u r u w
n n k ɔ t w a e e
m _ h s o
n n a _ r e n n k ɔ t k y p k o
r e n n t o p
n n a _ a k ɔ n b a h
a n n h d a
n n a _ a t s . w d o
a k ɔ y i i a y ɛ w
a . o k
r e m m b o r s
n n k ɔ t . _ . k o e e
n n a _ r e k ɔ n a t t n w
b ɛ k y p r ɛ e w
n n a _ n n h p ɛ _ a s e e
n n a _ r e n n k ɔ d y m
b ɛ b ɔ h m p a e e
a e m
m m a _ m m f r a
n n a _ r e t a n
a k ɔ y i w
m m a _ n n . ɔ n
k ɔ ɔ k p
a b ɛ w p e
h n e w w ɛ e e
a t w a
k ɔ h u k e e
n n a _ r e m m b d a
k ɔ t o w
m m a _ n n k y e r k o w
b ɛ f r a
n n a _ r e m m b ɛ s w ɛ w
r e m m b ɔ k h p a e
a m m b ɛ e e g _
r e n n k k k r i
k ɔ _ s i y f i e e
r e n n s p a
n n a _ r e f i u
a m m b ɛ i f n
r e k ɔ . o y f
n n a _ a n h . u
n n k ɔ y u a n e
_ b a
a k ɔ t w p
b ɛ h u ɔ e e e
r e n n t o f y . m _ ɔ u
n n a _ m m b ɛ b o b ɔ . e e
n n a _ n n k ɔ n u w e e
r e k ɔ s . r e e
n n a _ r e n n t o k e u
r e _ o y o
n n a _ r e m m b ɛ f a n t i
a n n t o y
t h r n e o
r e m m b ɛ a w ɔ
d s w
n n a _ r e n n k y e r o ɛ w
r e n n g u a r _
r e n n g ɛ a w e
a b ɛ n y i m
n n a _ m m g o b ɔ ɛ e e
n n a _ r e b ɛ k ɔ a
a _ ɔ d
a d a n
r e m m b ɛ h ɔ w
s s ɛ e e
n n a _ a k ɔ b ɔ s m s a e
s ɛ n e e
b ɛ n o m
a m m b ɛ s r o _ f u
n n a _ a w n r g t
b ɛ d e h
r e k ɔ s n o _ m u
b ɛ s . u p m u
n n y e
r e b ɛ d u k
b ɛ b ɔ u m p a e e
n n a _ r e k ɔ y i _ a m ɛ w
r e n n s n . e e
m m a _ n n k y h u d t w
n n k ɔ n a r e
a m m b ɛ f o w
r e n n s a n
n n k ɔ w m p a w e e
m m a _ n n h h i
n n e u m e e
n n a _ r e m m b ɛ f p _ s o
n n i u n o e
n n a _ m m b ɛ m w _ s o e e
n n a _ n n k ɔ h u m s a s e e
b ɛ n a n _ r w
k ɔ _ g e
m m b ɛ s u o i i u e e
r e n n y y i n a
m m b ɛ h d _ e e
m m b ɛ t n _ o k o e e
n n a _ m m b ɛ d g a e e
i y e
r e k ɔ s o a
n n t o n o u a p _ u
r e b ɛ t ɔ _ o b o
m m b n b a w e e
_ ɛ a r w
a h y ɛ o a k e
b h b k r
d t t e e
n n k ɔ k a d r n ɛ w e e
m m a _ n n u u o
t ɔ _ . t o
r e k ɔ f o w
k ɔ t o w _ . . _ ɛ u
n n a _ r e h d r u o
a . y e
k ɔ w o m
n n a _ m m b ɛ r r y ɔ n e e
n n a _ r e h y a n i
n n d m
n n a _ a f u a r w
a b ɛ u o e .
a b ɛ o r ɛ
r e b ɛ h y i n .
n n a _ r e n n k ɔ i s w
k ɔ t . n e e
n n k ɔ t _ e n g u ɛ n e e
r e n n h ɛ w _ a
n n a _ m m f o w e e
n n a _ r e b ɛ u . i w a
d o r ɔ w
a m m k ɔ g h i
r e k ɔ k e s a
s e r e w
n n a _ a h u f u p
n n a _ r e k ɔ o o o
d u o
r e n n y w e t n
b ɛ r n p e e
n n a _ a b ɛ h o w o r o
n n a _ r e k ɔ h a t y
n n a _ a b ɛ h w e
n n a _ n n k ɔ t ɔ h n g o e e
r e a u a
n i e r h w
n n a _ r e b ɛ k ɔ n
r e n n y e y
r e k ɔ k u o p e
b ɛ n i n t y w e e
s m e d m e
n n a _ r e m m b ɛ t i _ h g s a n
n n a _ r e k ɔ . i e
_ y i g a
a n n a a .
n n a _ r e b ɛ k e n u
a b ɛ k ɔ k t g e n i
n o r ɛ r
r e m m b ɛ t u _ p g u ɛ n
o u b r e
n n t u _ u g u p n e e
r e t u g . g s k n
m m a _ n n t y g n f
n n a _ r e b ɛ b k _ r p a e
a k ɔ k i f r i
n n a _ m m b ɔ _ k ɛ a e e
i i u
r e m m b ɛ g u s r e
n n a _ r e n n k ɔ a w e
n n a _ r e n n k ɔ m h e
r e n n k ɔ k e k a f u
n n a _ r e s u a
m m b i g a f a e e
r e m m b o b ɔ w
s k ɛ
r e b ɛ s i k
n n a _ a b ɛ k t y r _ u
a n n s i e
k ɔ g u a _ e
a m m k ɔ n i w
b ɛ h h k k r o
n n a _ r e b ɛ w g .
n n a _ r e b ɛ t i a .
n n a _ m m b ɛ t o i e e
k ɔ s a o . _ u
n n k ɔ t a r e e
r e k ɔ a s m e
a n n h u . n e
a m m k ɔ o i n
n n h u n e i
m m b ɛ d e r e w e e
r e m m b ɛ m _ a . o
t p i n i u p n e e
n n a _ a k ɔ y u r f w
r e n n h o h w r o
n n a _ r e k ɔ o m t
n n a _ r e n n k ɔ h o e
k ɔ h _ d
m m a _ n n t r i o r o
m m b a b ɔ w e e
m m b m e
m m a _ m m f d a
n n k ɔ t w .
m u f s e
a i y
m m a _ n n ɔ h i m
a m m b ɛ t o w _ . . _ m u
r e n n k ɔ k y i b h
n n a _ a b ɛ h u n t i
r e b ɛ p a e
m m a _ m m f o i
a b ɛ h i a
n n a _ r e k ɔ f r u
n n a _ r e n n h _ f o f o
m r e
b ɛ t ɔ w e e
r e m m b ɛ t y _ o k o
r e m m b ɛ p i b
r e b ɛ ɛ p a
a n n t u o k g e _ n
h b g o h o
k ɔ u u n n o e e
n n a _ r e h o t h r o
a m m k ɔ s ɔ w u e
m m w g a e e
a m m k ɔ n y m
a n n n y a m
k ɔ b y d m
n n a _ m m b ɛ h o f b r o e e
r e k k y
b ɛ w w ɛ
b ɛ k d b t i s w i
a b ɛ k y ɔ n e ɛ w
n n k ɔ h u a n e e
r e k i k a m u
b ɛ t ɔ _ n ɔ o e e
m m a _ n n s r t w w
m m h o p n e e e
k ɔ f m w
m i _ ɔ n
n n a _ r e m m b ɛ t w e ɔ n
a i _ i s
n n k ɔ o u m e e
n n a _ r e k h k t u e f i
n n a _ a k ɔ m h _ s r
n n a _ r e k ɔ n b a ɛ ɛ
b ɛ b ɔ s b p a e e
n n a _ a g y e
r e m m b ɛ h u r o ɛ
n n k ɔ h o h a r o e e
r e n n s m _ ɛ o e
n n a _ a b ɛ g u a r e
n n a _ r e b ɛ k d t a
k a a a m u
a m m k ɔ k ɔ _ t i o f i
r e n n n i k
n n a _ r e n n t m w
n n a _ a w i e
t u e ɔ ɔ e e
n n k ɔ s i u e e
n n a _ m m b ɛ s h n t i e e
n n a _ a b ɛ g ɛ n
n n a _ a b ɛ h k _ h a
n n a _ n n k e ɔ a m u e e
m m a _ n n n b m
m m b ɛ n a _ t e w e e
a n y ɔ e
s w w
n n k ɔ _ a u e e
m m b ɛ y i _ e e
n n a _ r e b ɛ t u t p g e a n
n n a _ r e n n k ɔ d u a
n n h ɔ ɛ m e e
r e k ɔ s u y
r e n n ɛ m b
n n a _ r e t ɔ n
m m b ɛ b o a e e
a m m k ɔ w i o
m a n s o e e
m m a _ n n f a n a
n n a _ r e n n k ɔ w i e
n n a _ r e t f r ɔ
n n a _ n n k ɔ f o b ɔ w e e
n n a _ m m b ɛ s u d _ f u e e
b ɛ d n i r e e
n n a _ a b ɛ t b s d s o
k ɔ y i _ i w r w e e
a m m k ɔ t o w i . . _ m u
r e n o m
m m a _ n n g g e
n n a _ r e b ɛ h u k n e
n n a _ r e b ɛ h y i o a
n n a _ m m n . d e e
n n s k o i k u e e
a k ɔ n b i p
b ɛ m i e
a s o _ n a e
n n a _ r e n n w b s
n n a _ n n h i m h r o e e
n n a _ r e b ɛ d r _
r e n n h u r y w ɛ
n n a _ r e b ɛ s i o t m u
m m a _ n n t i e
n n a _ r e n n r i ɔ
n n k ɔ b ɔ k ɔ g u e
m m a _ n n k u . e
ɔ a s a
r e m m b ɛ t e h
k y e ɔ y ɛ w e e
n t y _ n b o
k ɔ h f e a n ɛ
n n a _ m m b ɛ m a t e e
n n a _ r e n n k ɔ _ u .
n n a _ r e n n t g w _ . . p m u
n n a _ r e k ɔ s e g r p
r e n n f u a i ɔ
n n _ o .
k k d i i
f r a
a b ɛ h u a
n n a _ r e d s ɛ r
k ɔ b u e e e
n n a _ r e k ɔ h b k o r o
m m b _ o e e
r e b ɛ i s u
a b ɛ t y _ d g p a n
n n a _ a k ɔ g u i s e
m m b ɛ k d g a m u e e
a d . m
r e m m t u e
b ɛ s g r _ ɛ e e
r e w m t m
n n a _ r e b ɛ ɔ y i ɔ
d e y
r e n n k ɔ t ɔ d
r e b ɛ u a e
n n a _ r e k ɔ t u k p k u i n
a m m k ɔ o w e f n
r e n n k ɔ t w e
b ɛ t f w _ ɔ . _ f u
n n a _ n n r t d e e
n n a _ r e _ e w
n n a _ n n g u o _ e e
n n a _ r e b ɛ h o i o r o
a k ɔ h w e h w ɛ
i . r g
ɔ i e
a m m b ɛ h d _ .
n n a _ a p u w
n n a _ r e b ɛ s a e
a n n e
m m a _ n n u i w
n n a _ a b ɛ n d a
r e k ɔ d o y
k ɔ . . w
m m b ɛ i f e e e
r e n n i g k m
w y o h m
r e n n t o u g
r e m m b h p m w
a k ɔ d i g
k ɔ t o d r . . _ m u
s e r e w
a n n k ɔ e o m _ w
n n a _ r e m m b ɛ y ɔ r o p
r e n n k ɔ i k ɔ
n n a _ a h d i h e
n t r m n g t a n
k ɔ t ɔ _ n _ o
r e n n k ɔ ɔ _ e
m m a _ n n a u a
n n a _ a b ɛ m a u s o
n n a _ a k ɔ n a d t h w
k ɔ t ɔ _ b k o
n n a _ a k ɔ s o d d a e
h s h o u o
r e n n k ɔ b o u
b ɛ t o r e e
k ɔ t o y r . . _ m u
n o s e e
a m m k ɔ h . r s w
n n a _ a k ɔ n a n w e w
n e w
r e k u s y
k ɔ h w e h w ɛ e e
n n a _ n n o u a e e
r e m m b ɛ h s a
m m b ɛ s n w r a e e
n n a _ m m b ɛ h . ɛ _ f s e e
r e m m b ɛ s b t
n n k ɔ h w h o a o
h t g
m m b ɛ h d ɛ e r s e e
a f ɛ ɛ
n n a _ n n k ɔ b o s e e
k ɔ y b r . w
n n a _ n n k ɔ b a a e e
n n y e w e e
n n a _ r e m m b ɛ o u y t a
r e b ɛ u a ɛ a
m o s h
n n a _ r e m m b ɛ b b b n b
n n k ɔ g u t k e e
n n k ɔ ɛ b r ɔ e e
a m m b ɛ h i a
n n a w w e e
r e m m w a _ s ɛ
n n a _ a k ɔ y s _
k ɛ k t i o f i e e
n n a _ r e k ɔ h y d a f s e
a n n w u .
b ɛ n p m e e
r e n n h y a
r e n n k ɔ . b b
a ɔ i u
n n a _ r e m m b ɛ f w e ɔ p
n h u d n e
k ɔ k k e r _ g w e e
b ɛ . w s
g . a r e
n n k ɔ h u e
n n a _ n n k ɔ w ɔ g e e
r e n n h o h u r o
n n a _ m m b t g b f a e e
n n k ɔ ɔ e w
n n a _ a k ɔ d w b
r e n n k ɔ f f w
n n a _ r e k ɔ t e i
a b ɛ _ r ɛ
n n a _ n n n a n a y w e e
r e m m b e ɔ o a s e
a n n t d w _ f i s m u
n n a _ r e t a i e
r e m m b ɛ m m _ s g
t ɔ e ɔ f
r e n n f a s a
n n a _ m m b ɛ b ɛ a n e e
b ɛ s u f e e
a m m k ɔ k y e r e ɛ w
n n a _ a b ɛ h u . n e
s d ɔ t i e e
n n k h e
a n n t i e
e i t e e
r e n n r u n m .
a k ɔ b g h ɔ w
m m a _ n n t b e ɔ b
n n a _ r e k ɔ r i k
k ɔ o w ɛ ɔ n
n n a _ a b ɛ h k ɛ a m s e
n n a _ r e n n h i ɛ _ w ɔ e
t u d n p ɛ t n e e
m m a _ n n k ɔ g t i e f i
n n a _ r e m m b ɛ f w a
r e n n s u s _ m u
a m m k ɔ y i _ p y ɛ w
k a e
b ɛ . y i n s
r e m m b ɛ h a f a
r e b ɛ k a e
h u r g w
a k ɔ t ɔ n
n n t e w
n n a _ m m b ɛ h u r u w e e
ɔ y h
r e n n s u w _ m u
b ɛ _ i w e e
n n a _ r e k ɔ k ɔ _ t i e f i
w m e n i e e
e n p
n n a _ a b ɛ p y w
r e n n k ɔ y i _ a y w w
n n a _ r e n n n t e
b ɛ s ɔ a r e e
b ɛ h u p t i
n t o u
n n a _ n n g ɔ b e e
b ɛ t u ɛ n g o i n e e
r e n n k ɔ m a s y
n n s u o _ m u e e
n n a _ r e k ɔ m u y u e
a m m k ɔ ɛ t i y
n n a _ r e k ɔ f u a
r e b ɛ f r u
m m a _ m m b ɔ b m o a e
n n a _ a b ɛ n g b n s w
r e k ɔ m e w
a m m k ɔ . f e ɔ n
n n a _ m m b ɛ i u a e e
b ɛ t o t e e
r e m m b ɛ k y i t i
n n a _ n n ɔ i ɔ e e
n n n ɔ a
b ɛ h u a n e e
b ɛ h y o . a s e
n n i a n a e e
r e b ɛ ɔ n a r e
n n h o y
r e n n k ɔ n g e p h
r e k ɔ g t a s n
r e d h a
b ɛ g r a u e e
r e m m b ɛ b o b . w
b ɛ t o k _ m b r b u e e
a t ɔ o k _ o
n n a _ r e t i e
h y a a e e
m m a _ n n t ɔ p n g u ɔ n
m m a _ n n k y e t e e w
a m m k ɔ p _ ɛ h
r e b ɛ w i m
n y y a
a b ɛ t i _ ɔ e i a n
n n k ɔ s u ɛ r e e
n n k ɔ h a e p w ɛ e e
s u _ e e
m m a _ n n t w e m w
r e k ɔ s u ɛ
n n a _ r e k ɔ d u a
n n a _ m m b ɔ _ k p a e e
n n u a p f
n n a _ r e b ɛ h p i e p
a k ɔ i y . p
n n k ɔ n t a ɔ e e
r e n n k ɔ d r p
n n a _ r e k ɔ t w w
n n a _ m m b ɛ h u a e e
n n s p h e e
n n a _ r e n t t a
k d _ h i k k i
n n a _ m m b ɛ n ɔ n e e
n n a _ r e b ɛ n a n s e w
r e k ɔ y u a
n n a _ r e b ɛ n p a m
a n n s ɔ ɛ w d e
b w o r n e e
n n k ɔ n i i f
k ɔ w e m e e
a m m b ɛ g ɔ n
r e n n n o m
r e m m b ɛ b u f
n n a _ r e k ɔ b w _ m p _ e
m m a _ n n h ɔ e u w
n n a _ a b ɛ t a e
n n k ɔ s u a
r e n n k s _ y i h n i
m m a _ n n s i .
n n a _ a k ɔ n a n e b p
m m a _ n n h o h i r o
k ɔ n a w y e w e e
r e s e . e w
m m a _ n n n y i m
n n a _ m m b ɛ y e w e e
n n a _ n n k ɔ b k _ ɛ i a e e
m m a _ n n h a n k
a b ɛ d g k
n n a _ r e n n k ɔ h i n
n n a _ a k ɔ h i m
a b ɛ h w h y w ɛ
n ɛ . i e w
k ɔ y i _ w y i w e e
b ɛ s o ɔ r e e
n n k ɔ s e r e k
n n a _ a k ɔ t ɔ h
a m m k ɔ h u ɛ f w ɛ
n n a _ a k ɔ h b e _ w ɛ
m w a
b ɛ s u d n m u
r e n n k ɔ k y e s e ɛ w
m m a _ n n k e _ w m u
k ɔ _ o s e e
m m b ɛ . u a r e e
n n a _ r e n n h o b u r o
n n a _ a i a i a
a n n t ɔ n
b ɛ f a _ s o
n n a p w e w
s e r e w e e
m m a _ m m a r n
n n a _ n n h p e u s e e
a m m k ɔ h k e h w ɛ
b ɛ e u r e
n n a _ a k ɔ t r _ i y o
n n k u r u w e e
a m m b ɛ h w b . o ɛ
n n k ɔ . h r t u
n n a _ a b ɛ w i o
n n a _ a s a n
a b ɛ t i e
n n a _ a k ɔ g u a s e
n n a _ a b ɛ y o ɛ r
m m b o a
o u a m e e
n n a _ r e f u m
b ɛ y h ɛ e e
g d a _ e
r i a k e
n n a _ a k ɔ u a e
a m m k ɔ ɔ e w
n n a _ r e k ɔ k ɔ t e
n n a _ a b ɛ s o _ d a e
b ɛ n y . o
r e n n s m r e w
b ɛ h u r h a e e
k ɔ e o m
b ɛ s d o _ t u
n n a _ m m b ɛ h m h o r o e e
n n a _ r e k ɔ g u m
n n a _ r e m m b ɛ h o h n r o
r e n n h . h o k o
r e d a n
r e n n k ɔ f y t
n n a _ a b ɛ t b r e
a n n s a d
n n a _ r e n n k ɔ t ɔ n
n n a _ r e m m b w b
b ɛ m e n h
a k ɔ s p a e k
n n a _ a o i b
b ɛ h s i d g
n n a _ r e ɔ y e m
k ɔ n y a .
n n n a n ɛ y w
n n a _ n n o k h e e
k ɔ b y t f e e
n ɔ i ɔ
a k ɔ _ w e
s o o d ɛ e
k ɔ t ɔ _ n d o
r e m m b ɛ a y n n a
n n a _ n n k a g ɛ e e
r e n n s r o d e e
b ɛ b o b s s e e
n n a _ r e n n b ɔ f
k ɔ h o h b a o
r e m m b ɛ t w a
h f a n y
k ɔ k p k _ m u
n n k ɔ h y ɛ _ a s e
b ɛ b u r
n n a _ r e b ɛ y i e ɔ y p w
n n a _ r e k ɔ b _ _ a a a e
n n a _ n n k ɔ b ɔ _ n m a e e
m m a _ n n g u i r e
m m b ɛ p ɔ n e e
n n k ɔ g p a r e e
n n a _ n n o o _ d a e e
t t . k
a m m b ɛ h a y h a t e
m m a _ n n t f e ɔ r
n n a _ r e m m b ɛ a s h n a
m h e m m
g u a r y
n n a _ r e n n k ɔ n t i m
a k ɔ s o o ɔ o u
n n a _ r e y ɔ ɔ
k ɔ h u i n a
a k ɔ h d .
m m a _ m m b ɔ _ m b a e
a k ɔ d a n
b ɛ y ɔ g e e
r e m m b ɛ d u w
r e g y a
n n a _ m m b ɛ m e n e e
a a u p a o
b ɛ n o m e e
a s r p w w
n n k n _ m e r w e e
n g a n
n n a _ r e n n k ɔ ɛ r a
r e h i .
r e s i b
m m a _ n n s a s
