o k r e s e c h
o k r e s e m
o k r e s e
o k r e s e
o k r e s
o k r e s
o k r e s ů m
o k r e s u
o k r e s ů
o k r e s u
o k r e s y
o k r e s y
o k r e s y
o k r e s y
l i s t o p a d e c h
l i s t o p a d e m
l i s t o p a d e
l i s t o p a d
l i s t o p a d
l i s t o p a d ů m
l i s t o p a d u
l i s t o p a d u
l i s t o p a d ů
l i s t o p a d u
l i s t o p a d y
l i s t o p a d y
l i s t o p a d y
l i s t o p a d y
b ř e z e n
b ř e z e n
b ř e z n a
b ř e z n e c h
b ř e z n e m
b ř e z n e
b ř e z n ů m
b ř e z n u
b ř e z n u
b ř e z n ů
b ř e z n y
b ř e z n y
b ř e z n y
b ř e z n y
k v ě t e n
k v ě t e n
k v ě t n a
k v ě t n e c h
k v ě t n e m
k v ě t n e
k v ě t n ů m
k v ě t n u
k v ě t n u
k v ě t n ů
k v ě t n y
k v ě t n y
k v ě t n y
k v ě t n y
p r o s i n c e m
p r o s i n c e
p r o s i n c e
p r o s i n c e
p r o s i n c e
p r o s i n c í c h
p r o s i n c i
p r o s i n c i
p r o s i n c i
p r o s i n c i
p r o s i n c ů m
p r o s i n c ů
p r o s i n e c
p r o s i n e c
o b y v a t e l e m
o b y v a t e l e
o b y v a t e l e
o b y v a t e l é
o b y v a t e l é
o b y v a t e l í c h
o b y v a t e l i
o b y v a t e l i
o b y v a t e l i
o b y v a t e l i
o b y v a t e l i
o b y v a t e l
o b y v a t e l ů m
o b y v a t e l ů
č e r v e n
č e r v e n
č e r v n a
č e r v n e c h
č e r v n e m
č e r v n e
č e r v n ů m
č e r v n u
č e r v n u
č e r v n ů
č e r v n y
č e r v n y
č e r v n y
č e r v n y
o b d o b í c h
o b d o b í m i
o b d o b í m
o b d o b í m
o b d o b í
o b d o b í
o b d o b í
o b d o b í
o b d o b í
o b d o b í
o b d o b í
o b d o b í
o b d o b í
o b d o b í
o b l a s t e c h
o b l a s t e m
o b l a s t i
o b l a s t i
o b l a s t i
o b l a s t í
o b l a s t i
o b l a s t í
o b l a s t i
o b l a s t i
o b l a s t i
o b l a s t m i
o b l a s t
o b l a s t
h l a v e ň
h l a v e ň
h l a v n ě m i
h l a v n ě
h l a v n ě
h l a v n ě
h l a v n ě
h l a v n í c h
h l a v n í m
h l a v n i
h l a v n i
h l a v n í
h l a v n í
h l a v n i
r e p u b l i c e
r e p u b l i c e
r e p u b l i k á c h
r e p u b l i k a m i
r e p u b l i k á m
r e p u b l i k a
r e p u b l i k
r e p u b l i k o
r e p u b l i k o u
r e p u b l i k u
r e p u b l i k y
r e p u b l i k y
r e p u b l i k y
r e p u b l i k y
s t r a n á c h
s t r a n a m i
s t r a n á m
s t r a n a
s t r a n ě
s t r a n ě
s t r a n
s t r a n o
s t r a n o u
s t r a n u
s t r a n y
s t r a n y
s t r a n y
s t r a n y
h u d e b n í
h u d e b n í
h u d e b n í
h u d e b n í
h u d e b n í
h u d e b n í
h u d e b n í
h u d e b n í
h u d e b n í
h u d e b n í
h u d e b n í
h u d e b n í
h u d e b n í c h
h u d e b n í c h
h u d e b n í h o
h u d e b n í h o
h u d e b n í h o
h u d e b n í m
h u d e b n í m
h u d e b n í m
h u d e b n í m
h u d e b n í m
h u d e b n í m i
h u d e b n í m u
h u d e b n í m u
k o s t e l a
k o s t e l e c h
k o s t e l e m
k o s t e l e
k o s t e l e
k o s t e l
k o s t e l
k o s t e l ů m
k o s t e l u
k o s t e l ů
k o s t e l y
k o s t e l y
k o s t e l y
k o s t e l y
v o l b á c h
v o l b a m i
v o l b á m
v o l b a
v o l b ě
v o l b ě
v o l b o
v o l b o u
v o l b u
v o l b y
v o l b y
v o l b y
v o l b y
v o l e b
p o l i t i c e
p o l i t i c e
p o l i t i k á c h
p o l i t i k a m i
p o l i t i k á m
p o l i t i k a
p o l i t i k
p o l i t i k o
p o l i t i k o u
p o l i t i k u
p o l i t i k y
p o l i t i k y
p o l i t i k y
p o l i t i k y
č l e n a
č l e n a
č l e n e c h
č l e n e m
č l e n e
č l e n
č l e n o v é
č l e n o v é
č l e n ů m
č l e n u
č l e n u
č l e n ů
č l e n y
č l e n y
s t a n i c e m i
s t a n i c e
s t a n i c e
s t a n i c e
s t a n i c e
s t a n i c e
s t a n i c e
s t a n i c í c h
s t a n i c í m
s t a n i c i
s t a n i c i
s t a n i c i
s t a n i c í
s t a n i c
s t r á n c e
s t r á n c e
s t r á n e k
s t r á n k á c h
s t r á n k a m i
s t r á n k á m
s t r á n k a
s t r á n k o
s t r á n k o u
s t r á n k u
s t r á n k y
s t r á n k y
s t r á n k y
s t r á n k y
n á z e v
n á z e v
n á z v e c h
n á z v e m
n á z v e
n á z v ů m
n á z v u
n á z v u
n á z v ů
n á z v u
n á z v y
n á z v y
n á z v y
n á z v y
v e s n i c e m i
v e s n i c e
v e s n i c e
v e s n i c e
v e s n i c e
v e s n i c e
v e s n i c e
v e s n i c í c h
v e s n i c í m
v e s n i c i
v e s n i c i
v e s n i c i
v e s n i c í
v e s n i c
ž i v o t a
ž i v o t e c h
ž i v o t e m
ž i v o t ě
ž i v o t e
ž i v o t
ž i v o t
ž i v o t ů m
ž i v o t u
ž i v o t ů
ž i v o t y
ž i v o t y
ž i v o t y
ž i v o t y
p o m o c e m i
p o m o c í c h
p o m o c í m
p o m o c i
p o m o c i
p o m o c i
p o m o c í
p o m o c i
p o m o c í
p o m o c i
p o m o c i
p o m o c i
p o m o c
p o m o c
k r á l o v s t v í c h
k r á l o v s t v í m i
k r á l o v s t v í m
k r á l o v s t v í m
k r á l o v s t v í
k r á l o v s t v í
k r á l o v s t v í
k r á l o v s t v í
k r á l o v s t v í
k r á l o v s t v í
k r á l o v s t v í
k r á l o v s t v í
k r á l o v s t v í
k r á l o v s t v í
s y s t é m e c h
s y s t é m e m
s y s t é m e
s y s t é m
s y s t é m
s y s t é m ů m
s y s t é m u
s y s t é m u
s y s t é m ů
s y s t é m u
s y s t é m y
s y s t é m y
s y s t é m y
s y s t é m y
s o u t ě ž e m i
s o u t ě ž e
s o u t ě ž e
s o u t ě ž e
s o u t ě ž e
s o u t ě ž í c h
s o u t ě ž í m
s o u t ě ž i
s o u t ě ž i
s o u t ě ž í
s o u t ě ž í
s o u t ě ž i
s o u t ě ž
s o u t ě ž
c e l c í c h
c e l e k
c e l e k
c e l k e m
c e l k ů m
c e l k u
c e l k u
c e l k ů
c e l k u
c e l k u
c e l k y
c e l k y
c e l k y
c e l k y
m i s t r o v s t v í c h
m i s t r o v s t v í m i
m i s t r o v s t v í m
m i s t r o v s t v í m
m i s t r o v s t v í
m i s t r o v s t v í
m i s t r o v s t v í
m i s t r o v s t v í
m i s t r o v s t v í
m i s t r o v s t v í
m i s t r o v s t v í
m i s t r o v s t v í
m i s t r o v s t v í
m i s t r o v s t v í
p r o s t ř e d í c h
p r o s t ř e d í m i
p r o s t ř e d í m
p r o s t ř e d í m
p r o s t ř e d í
p r o s t ř e d í
p r o s t ř e d í
p r o s t ř e d í
p r o s t ř e d í
p r o s t ř e d í
p r o s t ř e d í
p r o s t ř e d í
p r o s t ř e d í
p r o s t ř e d í
n á m ě s t í c h
n á m ě s t í m i
n á m ě s t í m
n á m ě s t í m
n á m ě s t í
n á m ě s t í
n á m ě s t í
n á m ě s t í
n á m ě s t í
n á m ě s t í
n á m ě s t í
n á m ě s t í
n á m ě s t í
n á m ě s t í
s h r o m á ž d ě n í c h
s h r o m á ž d ě n í m i
s h r o m á ž d ě n í m
s h r o m á ž d ě n í m
s h r o m á ž d ě n í
s h r o m á ž d ě n í
s h r o m á ž d ě n í
s h r o m á ž d ě n í
s h r o m á ž d ě n í
s h r o m á ž d ě n í
s h r o m á ž d ě n í
s h r o m á ž d ě n í
s h r o m á ž d ě n í
s h r o m á ž d ě n í
o r g a n i z a c e m i
o r g a n i z a c e
o r g a n i z a c e
o r g a n i z a c e
o r g a n i z a c e
o r g a n i z a c e
o r g a n i z a c e
o r g a n i z a c í c h
o r g a n i z a c í m
o r g a n i z a c i
o r g a n i z a c i
o r g a n i z a c i
o r g a n i z a c í
o r g a n i z a c í
r o d i n á c h
r o d i n a m i
r o d i n á m
r o d i n a
r o d i n ě
r o d i n ě
r o d i n
r o d i n o
r o d i n o u
r o d i n u
r o d i n y
r o d i n y
r o d i n y
r o d i n y
z a ř í z e n í c h
z a ř í z e n í m i
z a ř í z e n í m
z a ř í z e n í m
z a ř í z e n í
z a ř í z e n í
z a ř í z e n í
z a ř í z e n í
z a ř í z e n í
z a ř í z e n í
z a ř í z e n í
z a ř í z e n í
z a ř í z e n í
z a ř í z e n í
m n o ž s t v í c h
m n o ž s t v í m i
m n o ž s t v í m
m n o ž s t v í m
m n o ž s t v í
m n o ž s t v í
m n o ž s t v í
m n o ž s t v í
m n o ž s t v í
m n o ž s t v í
m n o ž s t v í
m n o ž s t v í
m n o ž s t v í
m n o ž s t v í
s l u ž b á c h
s l u ž b a m i
s l u ž b á m
s l u ž b a
s l u ž b ě
s l u ž b ě
s l u ž b o
s l u ž b o u
s l u ž b u
s l u ž b y
s l u ž b y
s l u ž b y
s l u ž b y
s l u ž e b
n ě m e c k á
n ě m e c k á
n ě m e c k á
n ě m e c k á
n ě m e c k á
n ě m e c k é
n ě m e c k é
n ě m e c k é
n ě m e c k é
n ě m e c k é
n ě m e c k é
n ě m e c k é
n ě m e c k é
n ě m e c k é
n ě m e c k é
n ě m e c k é
n ě m e c k é
n ě m e c k é h o
n ě m e c k é h o
n ě m e c k é h o
n ě m e c k é m
n ě m e c k é m u
n ě m e c k é m u
n ě m e c k o u
n ě m e c k ý
n ě m e c k ý
n ě m e c k ý
n ě m e c k ý c h
n ě m e c k ý c h
n ě m e c k ý m
n ě m e c k ý m
n ě m e c k ý m
n ě m e c k ý m i
n ě m e č t í
n ě m e č t í
u n i v e r z i t á c h
u n i v e r z i t á c h
u n i v e r z i t a m i
u n i v e r z i t a
u n i v e r z i t ě
u n i v e r z i t ě
u n i v e r z i t
u n i v e r z i t o
u n i v e r z i t o u
u n i v e r z i t u
u n i v e r z i t y
u n i v e r z i t y
u n i v e r z i t y
u n i v e r z i t y
v ě t š i n á c h
v ě t š i n a m i
v ě t š i n á m
v ě t š i n a
v ě t š i n ě
v ě t š i n ě
v ě t š i n
v ě t š i n o
v ě t š i n o u
v ě t š i n u
v ě t š i n y
v ě t š i n y
v ě t š i n y
v ě t š i n y
d o s t a l i
d o s t a l i
d o s t a l i
d o s t a l i
d o s t a l i
d o s t a l i
d o s t a l
d o s t a l
d o s t a l
d o s t a l
d o s t a l
d o s t a l
d o s t a n e m e
d o s t a n e š
d o s t a n e t e
d o s t a n u
s m ě r e c h
s m ě r e m
s m ě r e
s m ě r
s m ě r
s m ě r ů m
s m ě r u
s m ě r u
s m ě r ů
s m ě r u
s m ě r y
s m ě r y
s m ě r y
s m ě r y
a r m á d á c h
a r m á d a m i
a r m á d á m
a r m á d a
a r m á d ě
a r m á d ě
a r m á d
a r m á d o
a r m á d o u
a r m á d u
a r m á d y
a r m á d y
a r m á d y
a r m á d y
r o z d í l e c h
r o z d í l e m
r o z d í l e
r o z d í l
r o z d í l
r o z d í l ů m
r o z d í l u
r o z d í l u
r o z d í l ů
r o z d í l u
r o z d í l y
r o z d í l y
r o z d í l y
r o z d í l y
s k l a d a t e l e m
s k l a d a t e l e
s k l a d a t e l e
s k l a d a t e l e
s k l a d a t e l é
s k l a d a t e l é
s k l a d a t e l í c h
s k l a d a t e l i
s k l a d a t e l i
s k l a d a t e l i
s k l a d a t e l i
s k l a d a t e l
s k l a d a t e l ů m
s k l a d a t e l ů
p a r l a m e n t e c h
p a r l a m e n t e m
p a r l a m e n t e
p a r l a m e n t
p a r l a m e n t
p a r l a m e n t ů m
p a r l a m e n t u
p a r l a m e n t u
p a r l a m e n t ů
p a r l a m e n t u
p a r l a m e n t y
p a r l a m e n t y
p a r l a m e n t y
p a r l a m e n t y
s o u č a s n á
s o u č a s n á
s o u č a s n á
s o u č a s n á
s o u č a s n á
s o u č a s n é
s o u č a s n é
s o u č a s n é
s o u č a s n é
s o u č a s n é
s o u č a s n é
s o u č a s n é
s o u č a s n é
s o u č a s n é
s o u č a s n é
s o u č a s n é
s o u č a s n é
s o u č a s n é h o
s o u č a s n é h o
s o u č a s n é h o
s o u č a s n é m
s o u č a s n é m u
s o u č a s n é m u
s o u č a s n í
s o u č a s n í
s o u č a s n o u
s o u č a s n ý
s o u č a s n ý
s o u č a s n ý
s o u č a s n ý c h
s o u č a s n ý c h
s o u č a s n ý m
s o u č a s n ý m
s o u č a s n ý m
s o u č a s n ý m i
j e d n o t c e
j e d n o t c e
j e d n o t e k
j e d n o t k á c h
j e d n o t k a m i
j e d n o t k á m
j e d n o t k a
j e d n o t k o
j e d n o t k o u
j e d n o t k u
j e d n o t k y
j e d n o t k y
j e d n o t k y
j e d n o t k y
p a m á t c e
p a m á t c e
p a m á t e k
p a m á t k á c h
p a m á t k a m i
p a m á t k á m
p a m á t k a
p a m á t k o
p a m á t k o u
p a m á t k u
p a m á t k y
p a m á t k y
p a m á t k y
p a m á t k y
k y t a r á c h
k y t a r a m i
k y t a r á m
k y t a r a
k y t a ř e
k y t a ř e
k y t a r
k y t a r o
k y t a r o u
k y t a r u
k y t a r y
k y t a r y
k y t a r y
k y t a r y
m u z e a
m u z e a
m u z e a
m u z e a
m u z e e m
m u z e í c h
m u z e í m
m u z e í
m u z e i
m u z e u m
m u z e u m
m u z e u m
m u z e u
m u z e u
s t a v b á c h
s t a v b a m i
s t a v b á m
s t a v b a
s t a v b ě
s t a v b ě
s t a v b o
s t a v b o u
s t a v b u
s t a v b y
s t a v b y
s t a v b y
s t a v b y
s t a v e b
k i l o m e t r e c h
k i l o m e t r e m
k i l o m e t r e
k i l o m e t r
k i l o m e t r
k i l o m e t r ů m
k i l o m e t r u
k i l o m e t r u
k i l o m e t r ů
k i l o m e t r u
k i l o m e t r y
k i l o m e t r y
k i l o m e t r y
k i l o m e t r y
b u d o v á c h
b u d o v a m i
b u d o v á m
b u d o v a
b u d o v ě
b u d o v ě
b u d o v
b u d o v o
b u d o v o u
b u d o v u
b u d o v y
b u d o v y
b u d o v y
b u d o v y
s e v e r e c h
s e v e r e m
s e v e r e
s e v e r
s e v e r
s e v e r ů m
s e v e r u
s e v e r u
s e v e r ů
s e v e r u
s e v e r y
s e v e r y
s e v e r y
s e v e r y
z á p a s e c h
z á p a s e m
z á p a s e
z á p a s
z á p a s
z á p a s ů m
z á p a s u
z á p a s u
z á p a s ů
z á p a s u
z á p a s y
z á p a s y
z á p a s y
z á p a s y
i n f o r m a c e m i
i n f o r m a c e
i n f o r m a c e
i n f o r m a c e
i n f o r m a c e
i n f o r m a c e
i n f o r m a c e
i n f o r m a c í c h
i n f o r m a c í m
i n f o r m a c i
i n f o r m a c i
i n f o r m a c i
i n f o r m a c í
i n f o r m a c í
p r o v o z e c h
p r o v o z e m
p r o v o z e
p r o v o z e
p r o v o z
p r o v o z
p r o v o z ů m
p r o v o z u
p r o v o z ů
p r o v o z u
p r o v o z y
p r o v o z y
p r o v o z y
p r o v o z y
p r o s t o r e c h
p r o s t o r e m
p r o s t o r e
p r o s t o r
p r o s t o r
p r o s t o r ů m
p r o s t o r u
p r o s t o r u
p r o s t o r ů
p r o s t o r u
p r o s t o r y
p r o s t o r y
p r o s t o r y
p r o s t o r y
h i s t o r i e m i
h i s t o r i e
h i s t o r i e
h i s t o r i e
h i s t o r i e
h i s t o r i e
h i s t o r i e
h i s t o r i í c h
h i s t o r i í m
h i s t o r i i
h i s t o r i i
h i s t o r i i
h i s t o r i í
h i s t o r i í
p r o j e k t e c h
p r o j e k t e m
p r o j e k t e
p r o j e k t
p r o j e k t
p r o j e k t ů m
p r o j e k t u
p r o j e k t u
p r o j e k t ů
p r o j e k t u
p r o j e k t y
p r o j e k t y
p r o j e k t y
p r o j e k t y
c í s a ř e m
c í s a ř e
c í s a ř e
c í s a ř e
c í s a ř í c h
c í s a ř i
c í s a ř i
c í s a ř i
c í s a ř i
c í s a ř i
c í s a ř i
c í s a ř
c í s a ř ů m
c í s a ř ů
n á r o d n o s t e c h
n á r o d n o s t e m
n á r o d n o s t i
n á r o d n o s t i
n á r o d n o s t i
n á r o d n o s t í
n á r o d n o s t i
n á r o d n o s t í
n á r o d n o s t i
n á r o d n o s t i
n á r o d n o s t i
n á r o d n o s t m i
n á r o d n o s t
n á r o d n o s t
d i v a d e l
d i v a d l a
d i v a d l a
d i v a d l a
d i v a d l a
d i v a d l e c h
d i v a d l e m
d i v a d l o
d i v a d l o
d i v a d l o
d i v a d l ů m
d i v a d l u
d i v a d l u
d i v a d l y
d o p r a v á c h
d o p r a v a m i
d o p r a v á m
d o p r a v a
d o p r a v ě
d o p r a v ě
d o p r a v
d o p r a v o
d o p r a v o u
d o p r a v u
d o p r a v y
d o p r a v y
d o p r a v y
d o p r a v y
m ě s t a
m ě s t a
m ě s t a
m ě s t a
m ě s t e c h
m ě s t e m
m ě s t ě
m ě s t
m ě s t o
m ě s t o
m ě s t o
m ě s t ů m
m ě s t u
m ě s t y
p o b ř e ž í c h
p o b ř e ž í m i
p o b ř e ž í m
p o b ř e ž í m
p o b ř e ž í
p o b ř e ž í
p o b ř e ž í
p o b ř e ž í
p o b ř e ž í
p o b ř e ž í
p o b ř e ž í
p o b ř e ž í
p o b ř e ž í
p o b ř e ž í
v ě d e c k á
v ě d e c k á
v ě d e c k á
v ě d e c k á
v ě d e c k á
v ě d e c k é
v ě d e c k é
v ě d e c k é
v ě d e c k é
v ě d e c k é
v ě d e c k é
v ě d e c k é
v ě d e c k é
v ě d e c k é
v ě d e c k é
v ě d e c k é
v ě d e c k é
v ě d e c k é h o
v ě d e c k é h o
v ě d e c k é h o
v ě d e c k é m
v ě d e c k é m
v ě d e c k é m u
v ě d e c k é m u
v ě d e c k o u
v ě d e c k ý
v ě d e c k ý
v ě d e c k ý
v ě d e c k ý c h
v ě d e c k ý c h
v ě d e c k ý m
v ě d e c k ý m
v ě d e c k ý m i
v ě d e č t í
v ě d e č t í
s p o j e n í c h
s p o j e n í m i
s p o j e n í m
s p o j e n í m
s p o j e n í
s p o j e n í
s p o j e n í
s p o j e n í
s p o j e n í
s p o j e n í
s p o j e n í
s p o j e n í
s p o j e n í
s p o j e n í
z e m ě m i
z e m ě
z e m ě
z e m ě
z e m ě
z e m ě
z e m ě
z e m í c h
z e m í m
z e m i
z e m i
z e m i
z e m í
z e m í
p ř í j m e n í c h
p ř í j m e n í m i
p ř í j m e n í m
p ř í j m e n í m
p ř í j m e n í
p ř í j m e n í
p ř í j m e n í
p ř í j m e n í
p ř í j m e n í
p ř í j m e n í
p ř í j m e n í
p ř í j m e n í
p ř í j m e n í
p ř í j m e n í
a k t i v n í
a k t i v n í
a k t i v n í
a k t i v n í
a k t i v n í
a k t i v n í
a k t i v n í
a k t i v n í
a k t i v n í
a k t i v n í
a k t i v n í
a k t i v n í
a k t i v n í c h
a k t i v n í c h
a k t i v n í h o
a k t i v n í h o
a k t i v n í h o
a k t i v n í m
a k t i v n í m
a k t i v n í m
a k t i v n í m
a k t i v n í m
a k t i v n í m i
a k t i v n í m u
a k t i v n í m u
p r e z i d e n t a
p r e z i d e n t a
p r e z i d e n t e c h
p r e z i d e n t e m
p r e z i d e n t e
p r e z i d e n t i
p r e z i d e n t i
p r e z i d e n t
p r e z i d e n t ů m
p r e z i d e n t u
p r e z i d e n t u
p r e z i d e n t ů
p r e z i d e n t y
p r e z i d e n t y
h r a n i c e m i
h r a n i c e
h r a n i c e
h r a n i c e
h r a n i c e
h r a n i c e
h r a n i c e
h r a n i c í c h
h r a n i c í m
h r a n i c i
h r a n i c i
h r a n i c i
h r a n i c í
h r a n i c
č e s k o s l o v e n s k á
č e s k o s l o v e n s k á
č e s k o s l o v e n s k á
č e s k o s l o v e n s k á
č e s k o s l o v e n s k á
č e s k o s l o v e n s k é
č e s k o s l o v e n s k é
č e s k o s l o v e n s k é
č e s k o s l o v e n s k é
č e s k o s l o v e n s k é
č e s k o s l o v e n s k é
č e s k o s l o v e n s k é
č e s k o s l o v e n s k é
č e s k o s l o v e n s k é
č e s k o s l o v e n s k é
č e s k o s l o v e n s k é
č e s k o s l o v e n s k é
č e s k o s l o v e n s k é h o
č e s k o s l o v e n s k é h o
č e s k o s l o v e n s k é h o
č e s k o s l o v e n s k é m
č e s k o s l o v e n s k é m
č e s k o s l o v e n s k é m u
č e s k o s l o v e n s k é m u
č e s k o s l o v e n s k o u
č e s k o s l o v e n s k ý
č e s k o s l o v e n s k ý
č e s k o s l o v e n s k ý
č e s k o s l o v e n s k ý c h
č e s k o s l o v e n s k ý c h
č e s k o s l o v e n s k ý m
č e s k o s l o v e n s k ý m
č e s k o s l o v e n s k ý m i
č e s k o s l o v e n š t í
č e s k o s l o v e n š t í
p o l i t i c í c h
p o l i t i c i
p o l i t i c i
p o l i t i k a
p o l i t i k a
p o l i t i k e m
p o l i t i k
p o l i t i k ů m
p o l i t i k u
p o l i t i k u
p o l i t i k ů
p o l i t i k u
p o l i t i k y
p o l i t i k y
p r o g r a m e c h
p r o g r a m e m
p r o g r a m e
p r o g r a m
p r o g r a m
p r o g r a m ů m
p r o g r a m u
p r o g r a m u
p r o g r a m ů
p r o g r a m u
p r o g r a m y
p r o g r a m y
p r o g r a m y
p r o g r a m y
v e d o u c í c h
v e d o u c í c h
v e d o u c í h o
v e d o u c í h o
v e d o u c í m i
v e d o u c í m
v e d o u c í m
v e d o u c í m
v e d o u c í m u
v e d o u c í
v e d o u c í
v e d o u c í
v e d o u c í
v e d o u c í
s l o v e n s k á
s l o v e n s k á
s l o v e n s k á
s l o v e n s k á
s l o v e n s k á
s l o v e n s k é
s l o v e n s k é
s l o v e n s k é
s l o v e n s k é
s l o v e n s k é
s l o v e n s k é
s l o v e n s k é
s l o v e n s k é
s l o v e n s k é
s l o v e n s k é
s l o v e n s k é
s l o v e n s k é
s l o v e n s k é h o
s l o v e n s k é h o
s l o v e n s k é h o
s l o v e n s k é m
s l o v e n s k é m
s l o v e n s k é m u
s l o v e n s k é m u
s l o v e n s k o u
s l o v e n s k ý
s l o v e n s k ý
s l o v e n s k ý
s l o v e n s k ý c h
s l o v e n s k ý c h
s l o v e n s k ý m
s l o v e n s k ý m
s l o v e n s k ý m i
s l o v e n š t í
s l o v e n š t í
p o ř a d í c h
p o ř a d í m i
p o ř a d í m
p o ř a d í m
p o ř a d í
p o ř a d í
p o ř a d í
p o ř a d í
p o ř a d í
p o ř a d í
p o ř a d í
p o ř a d í
p o ř a d í
p o ř a d í
v ý z n a m e c h
v ý z n a m e m
v ý z n a m e
v ý z n a m
v ý z n a m
v ý z n a m ů m
v ý z n a m u
v ý z n a m u
v ý z n a m ů
v ý z n a m u
v ý z n a m y
v ý z n a m y
v ý z n a m y
v ý z n a m y
z á k o n a
z á k o n e c h
z á k o n e m
z á k o n e
z á k o n
z á k o n
z á k o n ů m
z á k o n u
z á k o n u
z á k o n ů
z á k o n y
z á k o n y
z á k o n y
z á k o n y
d i v a d e l n í
d i v a d e l n í
d i v a d e l n í
d i v a d e l n í
d i v a d e l n í
d i v a d e l n í
d i v a d e l n í
d i v a d e l n í
d i v a d e l n í
d i v a d e l n í
d i v a d e l n í
d i v a d e l n í
d i v a d e l n í c h
d i v a d e l n í c h
d i v a d e l n í h o
d i v a d e l n í h o
d i v a d e l n í h o
d i v a d e l n í m
d i v a d e l n í m
d i v a d e l n í m
d i v a d e l n í m
d i v a d e l n í m
d i v a d e l n í m i
d i v a d e l n í m u
d i v a d e l n í m u
p o z i c e m i
p o z i c e
p o z i c e
p o z i c e
p o z i c e
p o z i c e
p o z i c e
p o z i c í c h
p o z i c í m
p o z i c i
p o z i c i
p o z i c i
p o z i c í
p o z i c
b á s n í c í c h
b á s n í c i
b á s n í k a
b á s n í k a
b á s n í k e m
b á s n í k
b á s n í k ů m
b á s n í k u
b á s n í k u
b á s n í k ů
b á s n í k u
b á s n í k y
b á s n í k y
b á s n í k y
s e z n a m e c h
s e z n a m e m
s e z n a m e
s e z n a m
s e z n a m
s e z n a m ů m
s e z n a m u
s e z n a m u
s e z n a m ů
s e z n a m u
s e z n a m y
s e z n a m y
s e z n a m y
s e z n a m y
z p ů s o b e c h
z p ů s o b e m
z p ů s o b e
z p ů s o b
z p ů s o b
z p ů s o b ů m
z p ů s o b u
z p ů s o b u
z p ů s o b ů
z p ů s o b u
z p ů s o b y
z p ů s o b y
z p ů s o b y
z p ů s o b y
c e n t e r
c e n t r a
c e n t r a
c e n t r a
c e n t r a
c e n t r e c h
c e n t r e m
c e n t r u m
c e n t r ů m
c e n t r u m
c e n t r u m
c e n t r u
c e n t r u
c e n t r y
p o l i t i c k á
p o l i t i c k á
p o l i t i c k á
p o l i t i c k á
p o l i t i c k á
p o l i t i c k é
p o l i t i c k é
p o l i t i c k é
p o l i t i c k é
p o l i t i c k é
p o l i t i c k é
p o l i t i c k é
p o l i t i c k é
p o l i t i c k é
p o l i t i c k é
p o l i t i c k é
p o l i t i c k é
p o l i t i c k é h o
p o l i t i c k é h o
p o l i t i c k é h o
p o l i t i c k é m
p o l i t i c k é m u
p o l i t i c k é m u
p o l i t i c k o u
p o l i t i c k ý
p o l i t i c k ý
p o l i t i c k ý
p o l i t i c k ý c h
p o l i t i c k ý c h
p o l i t i c k ý m
p o l i t i c k ý m
p o l i t i c k ý m
p o l i t i c k ý m i
p o l i t i č t í
p o l i t i č t í
f o t o g r a f a
f o t o g r a f a
f o t o g r a f e c h
f o t o g r a f e m
f o t o g r a f e
f o t o g r a f
f o t o g r a f o v é
f o t o g r a f o v é
f o t o g r a f o v i
f o t o g r a f o v i
f o t o g r a f ů m
f o t o g r a f ů
f o t o g r a f y
f o t o g r a f y
o s t r o v a
o s t r o v e c h
o s t r o v e m
o s t r o v ě
o s t r o v e
o s t r o v
o s t r o v
o s t r o v ů m
o s t r o v u
o s t r o v ů
o s t r o v y
o s t r o v y
o s t r o v y
o s t r o v y
m a n ž e l s t v í c h
m a n ž e l s t v í m i
m a n ž e l s t v í m
m a n ž e l s t v í m
m a n ž e l s t v í
m a n ž e l s t v í
m a n ž e l s t v í
m a n ž e l s t v í
m a n ž e l s t v í
m a n ž e l s t v í
m a n ž e l s t v í
m a n ž e l s t v í
m a n ž e l s t v í
m a n ž e l s t v í
u d á l o s t e c h
u d á l o s t e m
u d á l o s t i
u d á l o s t i
u d á l o s t i
u d á l o s t í
u d á l o s t i
u d á l o s t í
u d á l o s t i
u d á l o s t i
u d á l o s t i
u d á l o s t m i
u d á l o s t
u d á l o s t
r e ž i s é r a
r e ž i s é r a
r e ž i s é r e c h
r e ž i s é r e m
r e ž i s é r e
r e ž i s é ř i
r e ž i s é ř i
r e ž i s é r
r e ž i s é r ů m
r e ž i s é r u
r e ž i s é r u
r e ž i s é r ů
r e ž i s é r y
r e ž i s é r y
r a k o u s k á
r a k o u s k á
r a k o u s k á
r a k o u s k á
r a k o u s k á
r a k o u s k é
r a k o u s k é
r a k o u s k é
r a k o u s k é
r a k o u s k é
r a k o u s k é
r a k o u s k é
r a k o u s k é
r a k o u s k é
r a k o u s k é
r a k o u s k é
r a k o u s k é
r a k o u s k é h o
r a k o u s k é h o
r a k o u s k é h o
r a k o u s k é m
r a k o u s k é m
r a k o u s k é m u
r a k o u s k é m u
r a k o u s k o u
r a k o u s k ý
r a k o u s k ý
r a k o u s k ý
r a k o u s k ý c h
r a k o u s k ý c h
r a k o u s k ý m
r a k o u s k ý m
r a k o u s k ý m i
r a k o u š t í
r a k o u š t í
t e o r i e m i
t e o r i e
t e o r i e
t e o r i e
t e o r i e
t e o r i e
t e o r i e
t e o r i í c h
t e o r i í m
t e o r i i
t e o r i i
t e o r i i
t e o r i í
t e o r i í
m í s t a
m í s t a
m í s t a
m í s t a
m í s t e c h
m í s t e m
m í s t
m í s t o
m í s t o
m í s t o
m í s t ů m
m í s t u
m í s t u
m í s t y
p ř e d s e d a
p ř e d s e d e c h
p ř e d s e d o
p ř e d s e d o u
p ř e d s e d o v é
p ř e d s e d o v é
p ř e d s e d o v i
p ř e d s e d o v i
p ř e d s e d ů m
p ř e d s e d u
p ř e d s e d ů
p ř e d s e d y
p ř e d s e d y
p ř e d s e d y
a k a d e m i e m i
a k a d e m i e
a k a d e m i e
a k a d e m i e
a k a d e m i e
a k a d e m i e
a k a d e m i e
a k a d e m i í c h
a k a d e m i í m
a k a d e m i i
a k a d e m i i
a k a d e m i i
a k a d e m i í
a k a d e m i í
p o h o ř í c h
p o h o ř í m i
p o h o ř í m
p o h o ř í m
p o h o ř í
p o h o ř í
p o h o ř í
p o h o ř í
p o h o ř í
p o h o ř í
p o h o ř í
p o h o ř í
p o h o ř í
p o h o ř í
d o l a r e c h
d o l a r e m
d o l a r e
d o l a r
d o l a r
d o l a r ů m
d o l a r u
d o l a r u
d o l a r ů
d o l a r u
d o l a r y
d o l a r y
d o l a r y
d o l a r y
b n í i v n y
r v e n c í c h
v ě d l y o ř i n á m
s t ě e k t u
d l e á d o š t í
a d u t m e c k é y
á s n r i í c
ě ž e o g í s t ě d e c ů
t i k a i z a p a s e y t a ř e m o u š t m i
s i n e s t e c n k u m i
e l k e z š i n u e r é m
s t o p r o u á
m ě r y n o v
s o b y e d n o z d d o v
t í c s e c á n c é
u š t í y
ů m t k a r á c k ý c
p o j d e l n n ů m
í m i a v b y
i n c e z n ů b y
o g r z a ř í n c e
o l b u o d n o í m
r o v e e t r é
y s t é m e n p r e
n á v o t ů é r e m o v i
r e s y o t ě a d l u ů m
e í ě s t í n e m
k v ě t e m
z i d e r z i i
d l a r e m á m
á t k o s t i ě ž i ě
r o g o u s k i
v ý o t o g á m
á n e k z n e c c í c h
z a c í k i s a ř ů í c h
t á c á ž d ě í s t y
e t e o v ů m t e l u o u
p r a n ž e l a n i z á m
n t r y
a c e s u y
p o e d u i s t r é
b á s ě d e č v í t a r y u
t š i n p o z i o u c í á m
o r y o g z i t o é m u
p ů s e
l i c e ř e m m i
r a f y s o b e n e t e
h i s t r a m y o m e í
s l o v k ý m i c e
c í m i m á d y r v n é
l o v s ž b a v b u m i
u c í h
n e m e t i k o
n o ž ů
e t r u b ů m u ž b
i c k ý n s k ý í
t e l a r l a m a n y u
o t e k e s e c u
e m í m d o p r t i k y m i
m í m o t e c é h o
é r a m í i c k e r v e y
i n y í k a o
h o ř í a d e c i t a m
o b ů m a
k o n ů m a n i v e ě n í c r e c n í k e
a s e m z e í c m
n á r o d i v u
j m e n e n t y í j m e i
v e s í j o j e n
l a v n ř í j m o t e c
a v á k e é
č a s n s k o r o z c í m u m
é r e m é r ů m z e c e c h
r m á s t a t i n c i í s t y e
a v b ě n k a m o u
m e c n t r u i
a v c e m i u
p a m á a d l e c e
i t i c ř i
a n á c
á z v y o l b o y
d o v u v o t y i
d e b n a m u
s a ř í o s t ě r u i
u b l i u b l t i k e é h o
v n e c s n é m p a s u a m ů t a v i
ě ž n í c h i
p a r í k u o u
z i t u l e l o v e y
t c e t n ů o t k y
t r á z e m i o v u m
u c í á d a t k á c
a f e c p r o v a
b u d m i
o n y t é m y e m
c í c h r a n a d l u é m
k a m z i t u u
í z e n é
o s i
a t e l v y
a n ž e á
d l o p ů s t r ů m i
d ů c h
e ž í
l a s u ž b a t í c h t y
d l u í s a
a k a e o r i í s t i
c h z n a m r o m á u
d s e d d i n á á m
k ů m í c h
a r l a é h o
ě t š v ě t š y
a m e v b á c f e c k o u
á t a n e m m i
o k a c í m n ů e s e m o ř a d ě s t u
z e u m á t c e é m
s n é m
y t t e m n i z á m m i
a s n é t ě ž e t é m ů é
v ě d e r o z d á c h
o u t ě t e r d l o r g a í
p r r i í m é
í s t ů
t r a é ř i ů
e d í n í k e ů m
a ř í c é m u o t ě e c h
v n ů z i c i s t m i á
a s i z a t a ř á
a c í t e k i t a m é
o m d i n ě á m
p o l a s n í y
e l í n i v
č l e n s e m m
m e č n k u m á d o k u
b a m i s é r ů e d a
ř í z n ž c k ě
o v ů ů m
s k é m l n ů
r v n a á
t í ř í z c h
a f e o r i t e l i
o m á ž d á c i
i t i k k l a d
l k s n ý t e l
t ů l i c t e l é
á z e v f y n é h
í l ů s n í k é
r o g r s t a t n í c ů m
t ě ž í i c e m z y š i n o t n y o v i
z i c i a r o u ž i v
s t a t a c í c c i
e e m n a
n k u t k a
e l ů m i e
i v n n á z v y
k ý ž d ě n k t y
e n ů m r e p u á n k y š t í
n ý ý z n l b a i
u t ě ž o c í ů
u s k á d n o s v e ň
m a c í í z t ě e r e í
i n c ů a ř e
o ř í í l e c e l é y
r o s t s k ý m d ů m e
c k o u ů m
a n ž e í k y ě d e c l
e z e s t e á t o r á m
u d o e c k é e m
d i n a o t o g é
t i k ů o l b o
á m ě s e l k u u
ž í a r a m ž s t v í
l i t c e m i o u
t m i s h r e l
s k ý m u ž b y é
k r i k a k r á l m
o r i í a f e d e u
í m i d i v t n e m u
r z i t t r e s e d y e k
o s t r t ů m t í c á n e k z n a m ě
e l c n í m o v e m i
d o p p u b l o v e
t u z v y i č t í a n
e b a r s t í m
a s u y v a t y s t é e k
r e c h o r m y
b á c h o b ř e r o m á s a m ě s e r e u
z i t o e k t e t a r y i
ž b a m m e c h s i e m i
o g d e m s e z o l é
z d í l á p a o v é
é m e d o v a n i z a i n c e č e m
m a c t n y p a s y ů m
š t ž e l l i k e k t u í
t a v o v e a v á m a s t m i
t é m ů v a m i
s o u t u
e l ů n a m e í
ž í m i r á c m i
t e l é a d í m
o l e e c k o y
e l k ů e k t y a n o u y
e l k y é r u t a m i d n o s e
i k ů c e l m
e c k o ž s ě m e c u
r e i c k é
i c k á a f e m y
t á c ů
t a t s h i
f e c u s k á n o s u
i d e m í m í c h
h o ř í v í c h n s k é m i
t c i n c e m
s k ý m r a n o n í k y e z n y u
t v í c e
l i k o s l o v r o z d ů m
d e č t a r m á n y
a v b u e š ž e
m i d ě n í s é ř i s e c z á p a t n ů y
ž d ě r á m i
r v n ů d i p r r a v y a
v ý z n k u
o s t a u
h o o g e n t ů r á l t r e m p a s u f o t o i
n k á m ž b á m
e n š d o l t ě ž í a
n á z e k t i s ů m
s é r u c e d u
e c k e n í c
b d o t k y r o v ě o u
z n y a v n v b á m e c h
c k b y z i c i í
ě s t ě e n š t c e
e r e m
o t k y a r l a ů m
z n ů m t i v a v a m í
a f ů m d a t e m ě r ů m
e c k o l e c h a
z a c í r a n ě t r e
l i k y n t ů m m i
d o v é e ž í c i
n t i h o r a n á h o
r u m t n a n k a m
m y o t k a o v é
e v a s t e c e
n k o r a n i m i
v n ů m
o v u k l a d
d i n ě t k o r v n e
o b u h r a n o u
k é m u v u
d o v ě á c h
ž d m á t c
r m a e c h
k o u k o s l é
é h o n a m ů
v á m r o u ů m
b y t é o k e l k
e l c í m
e n d o v y e l y ž d ě t ě ž í e m
m i e ž e l n o v
i s t o b á s n e c h
t k a m z a c í v í m i s k o u ě
e z n ů y
r e z i o m o c s e d ů k á c l i s t o b d i
o r m l n í c o b e m y
b í c r g a n
p o z h u d
e n í m o t e v a t r a b í m i
a d í j m e á t c e
r o v o k é h o m ě r ů
ě t n y o p r ě
o n e z i d o u
t r u m d o p r z v ů
n a m e y
v e r z r o g r á d o u
o ř a d é
e u e ž í m y
e d ů s h r ů s o b a
p o l i p a d ů y
u ž b o i v v b o u i
p r o s e r v é
u d o v á c m e m ů m
ř e ž í z i c í é
n k á m n i c d l e ů
m í m e t r u r á m
a f o p o ř a r m é ř i ř e d s d ů m i
o u r á n o v ů m y
v a d l e d í m e p i
ž i s é v e y
p a r o t k y o u
z v e m s e c h o u
é r y ů
ř e ž e s u
n c ů r a f
i l l e k m e m
c k ý c d l e t é ř í c h m
í s a ř b y v i t i k
v n o ř í s t ů t k y k r á l á d y é
p o l l o l a m
n ě m e é ř y
s k o s y
c k á n e c h s é r v í m i
o h í j t r a é
u m p ů s o a s n o i
a s t m s i n c e c h
t v í b e c p o h o a m ů m b í c h y
r e z i d e e m í m s é r u n i v m í c c e
t a n e v n y é h o
e v o ř a d u
e l i m u
e e m t o r e t e l í c h
t a r u m i í c l a s t
i n c i m e č t m i
í s t u á n k y m i
l e n o l a d é h
v a d o d n o s é ů m
é m y e š h o
o s t a h i s t ů m
r ů m r i í m y
e d ů m o t ů m
i v ě d e č m i
k r e m á d é
o l a r b ř
v e s ř í i n á m y
o t k s ů m
á m ě z a c e r l s t e ů
i k a m é
d o v ě r v n ů m i
o s i n d l e á c
e d t o s t a i
ř í m i č a s n t r á n í m
m y t r e m á t e y
f ů m t a r á m
l i c d i v ě s t o á d á m l b o u n i c i ů
s t ů h l a o v i
t e l z n ů m d ě n m i s t č e r i t á é
e u m p a d y i c k é
b n í ů m ů
ě r u z á p u
n s k é ě s t y e
u z e u b n í c l e b t i k t r e a
z v e c y
o b y v v a t y
e z n ů a s t m m
o t e r z i t m i
u d á l ě n í c u
t c e r á n e t é m é r y
t a v š i n u e n y z i t u l
a v á c v n í m ě s t í
e n ů e m e
l k ů š t í
n s h l a v y
r g t e l t y a s t í i
n ž e l l ů m a d e
t i a v á c v b a í m
z d á t k y a d í m y
ž b a m
t i e c k é m i
k o n a m i
s t é v e n š u
s k é k v ě u d e b
ř í z e t ů i
s t ř e z n ů é
f e c d o l a n á m
t e r e n e c e s ů m y
á p e n t i l
m i í m n í k a s k é h ě m á z v y
t e n v y
k á c h é
n i i n c
n ě m i z p ů e m
ě s t y u č a s
o b ů m m i
c e l e o m o c c e
v b t í m á c h
b e m e n t ů v o l b c h
t i v n y
t ě ž í y
í l ů z y t v í r v n m i
z e m é r u í j m e h o
z e m í s n í c n e m
á p a s u
á r o r a k é
é m ů t n e m i
i n a m s k o s e s ů
o z d z á
k ý m e m ě n i c e ů
t i k y e o n t a
h r o r g a
b n í m o j e n r o v y r e s e c h
r o d n e l c z d í l v ý z n e
ě m i á
ž i v o ě
f o t n c í c y
i n c í s a d á c h y
z a c e p o j é
c e m r a n o c í c h
d o v a č l e é h o
m á t e i
á d á m m i
í j m a v á c c h
i t a m e m í c y
á z v e m i
d o p r u t ě ž a s ů m i
c í h o
c í m u
a v á m á z v e é m
e n t ů l ů e l ů m u z z p r a v ě á
o r g a a
i e m i t e l i t o u ě r y
e n e m o m á e b
á z v u
ě s t o á z v u á m
t a r u
t í a m i e r u í c h
o d i e č m o c i é
o v a m é
a v y t í m i e
e u a k a d y
t ř e d u
v í a m á e m
e s k s k ý c u z e i
s n í i s é ř o v s á c h
e m ě n k á c o u
a v b l e c é
n i z a b í m i u
č a s y
v n í h i í m i
t n e c z i t ě b e n f o r g a v u n e c h
p a e t r y m i
s n í c s é r ů n t r a t a ř e e
i v e o b d o
a k a l b u c e n á
v o z e á
n a m u
m i í a r ů t n ů m e n t ů é h o m
s t o n t r e u
z n a e d e í m
a r o u
v o l b n š t
d á m v a d l o u
a d l a a s t i t k o y
e n u h o ř í a d ů m v ý z ž i s c e
v n e e z e m i
f o v i t i c e a r l a u
o v á m á
k é m t e o n y
u ž b a a n y
z v e m u
z e u v e b
s t é m i n c t o p n ů
á t k y e e ž e m i í m
v b á m e ž í c ý c
p r a k o s a
e n í m e č
ž e b z á p l k ů m
v n e m i í c e
v í m ě
o b í c y
ě s t ů m n o a v á c y
m u z v a t p o j e c h
l i k s t a e l a
a r o u t r a n á
á d c e í z e n
d u p u b c h
f ů m á r i s t o n y
l e c h
ž b y m á d a e t r m
m i í m n i c
o s i n á k o n
e s y á
o ž s t e d n o v ě d
d l s a ř ů
c e l c é r e m
n e š o l i t l a d a h o
l n í t i k ů o
r a m ů r a f o c i
l k ů m s t e c l u ž e í m
v e n š k o u n o t k c k ý c i č u
n o t e k á m
i n á m e k t u y
n š t í č e s n u
o g t i v m e t a l i e m
s k l a y
s n é a r u
n o t c h i s t é m u
p o m ě
t o g t a r a á m
d o l a i s t r e d í m
u c í c i e m i
r l a m i n á m e m i
n a m s e z n u
u ž b ě e m i
u d o i k á c
k ý c a n t i k e
b ů r e s u a
a ř í y t a r á
u ž e b s m ě r y
g a n i é
s t a v ř e z e
a c í m z y m o f o t e
v e r u z i c i t k í c h
n í k ů d á c l i c e í c h
v n í l o m e e b n í h o
e r e m í c í c ž i s é a
s t ů m ž í m o d n h o ř á
n í c i í s t ř í z e u ž b á a k a ů
r e z e d o u n a d ů m á p a m e č t i
r a m u a r ů t a r n e
k ý c h t a o t k á á n e k
s o u t a l i
á d á c v o t u c e
m ě s l y g a n i í
v e m á z v z a c i i
i n c ů ě r u c í h
d í l e á z e v o z ů m v b ě m e č t
m ů i c e m n á m ě í
á d á c ě r e e t e
r m a u č a i z u
t e o r č a s n c k ý í c h
e t r e g a u
o t k y r e s u é
r v n u á t k a i t a
í m u i k á c
e z i
h o ř í k é h m i
o v e c d l v n u é
n t e c u s k é
a m ů m a d ů ž d ě o u
č e r v a v ě s n ý m y
í k y a n y ů m
o u t ě
s n i o t ě b d o b
n o t c d n o s á d á o s t r i i o p r í
ž b a s e v o b y v m a c e n e c h
n k á c v e r z a n a m í m
a v b y c e l k
a c í n k á m
l í ů m
h o ř b u d o e k t e
r z ž b a e l n í
v n m i e m s t i
ě s t í e z n e t a v b é
a f ů r m á á
u c v ý t i c i z e m í l ů á
v s t a s y g r a r o u
t o r d i n k v n t a
s e d u y
o b l j e n c e n o u
é r ů t e l u a
n é m
i c e m b n í m i
e s n v e r v o a s t e
h o ř g a y
a d l e r e ě d e é h o
a f f o v i f o v i á
f o t o z i c i d á c
e m e e z n
a r e c a d í m
e n s k o z d í m i
t e c é r e a s t m
n e v e r z v b u ě
o s t a n t r a u
a d í c á
k t ů é
l c í a v o u é
l e n u
o s l o t e n
a m á t é
z e m ě e n t u y
s t ě á d á m z ů m n á v n í h o
z i d e e t m u
e n í c t e l e n i v e
u ž i t a m i
e l s i n ě ž i e m
o d i d e b í m
r i í c m ě r y
v n ě m s e v l í u
t i č r m a c e s y u
o b ů m
c í t v í a l
k o n e
n á r n o v é j m e m i
l a r ů e r z i y
u c t o g r h o ř í b ě o d n o g r d l e c
á n k a m i
í m i v n o ž s t m i
o t k o n t r u á n k y
á n m í ě
a m ů n ě m i
t a r d i n ě r a á c h
e m í m s o b ů
í l y z e v r a m y
e l í t r o v é
s o b e z v y e
k ů o r ů o u i c i y
o s l o é h o
r e z u ž b a l
i k u i d e j m r y d l e c i
r o v ů
ě ž í n o z i d m e m é
a v e b v o z u n ě
p o z c k ý g r a m l u ž b u
d o s a
u s k ý m á d á é
t a l e í a s n í
d l ů n í k i c k ý ů
b ř e ž t r o v p o z i ů
ě t e n e n í c h
o r ů b o u
s t m ř e d t a m i k u
o l b a d l ů y
h i s t ě m e e d ů m
s e d u í s t o č t í
e t r u á c h
é r e l e b n é h o
b á s é
m e ř i m á ž e
r o s e d í c e l k
a s n á ů m
e n s k
d í l ů í l ů m y
r e p u
t e c m á e
z i c i
m n o ž a n á m o t o g m
ž b á c o u
z n ů m i k k é m i
m e t s k l s t e l á
ž í c h v u z e c
í s t e e r í m u y
l e n y ě s t í
e t r ů n o ž s í s t o c í c h
r a n y i k á m c e l e š t í
p o l i á
e m í m z e ř í c n a m e é
é m e i t o u á d o
o t e c l o v v n í m z e í m d á c h í
t m i z i d e y
t a r u l s a
m e c v ě d e m i
s t a n n y
u b l a s n ý í
d í l e z v e c
c e m d e c h a v á k u
d e m i s t r a m
l k u e l k y r e s e v á c h n t u u
á r o l o
t k o b a m a n e š á c h
e d r o m á n k a m á
d í c h s k ý m i
z e í m e
h i s t k y
t r ů s o u č ů m
e l k y ě ž e o t e d o l á d á i
á p a s e c h ž b ě m i
c í s n e i
a c a ř í c t o r y e m i
u s k n é h y
a m y e r ů n t i m
r a n ě y
l e c h é r u á c h
z v u l b o u š i n a c h
m e c h é
l c í c s n ý m d l e c y
u ž e v e r í
o g c í h y
d á m n o s t e k é h o
v e b ě t e n a k a d e r v n e
o n e z e m ě a
u s k o s k ý z ů m k u
k r n k á c é h o
i e m r e p u m a n ž h o
a v b ě y
e c k á a k a d p r a v š t í
o b d í k u á ž d ě
s o b y k v n y
v e d o z d í m i í m o r ů n í k u y
n ž e l n i z m i
ž b u n k i t á c á
r e m l i s t z i t a h o
m e m k y t ů m
m ě m k o u š b y
l o i d e n
o b y v s n ý c
t i k o s m ě r ž b a e m
a m e n p a m
í s t ů n y
p u m í i v n o r e c l e c h m o c i u
k e m í
v n e m y
k o u š n i y
v b o u v a t e o u
ž i ě r u y
s k é s t o r y
z e í c n ý m i í
z y s h r o l b a o l ě d e c y
d l r l a e l é m i
a v n í á z e p o ř a é
i n á m n e t e
z e u á m
r e ž i n s k é
l i s a r l p r o j u
o s t a i
í m i n á z a
v á c í h o m á o u
n i h r a n a n á m i
o s l o b l t a m k u
í j m e ě t n n i c í y
ě ž a s ů u ž e h r a ě
i l o m l b o u i
o s t ř k o é
s e í s a ě n í c á n e k
c ů m t r e m a s e
o c í m r a f a d n o
b a k i ř í m i í c h
a v n í e c h
m n o ž d o v y t k a m r i ž i v o í m
r v n a b y í s a ř ě
o l b o t š i n i
o v ů m o v á m u
s n ý u d á l l u n ý m i i
l s t v a s n í l i k e
k é m í s t ů i
l a r ů o t e k o u č á r o d r a m y b u d m u
v o t e t r ů y
k ý r o v a ž e m i c e
e n í c v n e c á m
e d a e z n y z v ů o v é
e d u p o m á t k o á
i í c a v b á
ě r e m i k a m t ě ž z p ů r o u f o v l
n e t e f ů k t e m á m
k t e l e c e
b í e í c h
h r o d i n m i
a n á c u ž e b á
o l e ů
a s n ý s o u č o s t r á d y ě
k r á l e m i
n e š s t ř ř e
t v í í m i e c h
r a v o e ž a
e l ů v ý z o v e n i
v í m i e d o u i
e z e n í k o u
i s t r e r ů e s n i í c h
s e v e d á l o i
t a v e k r e n š d a m i o
t i a ř e n s i t i č m
o t k a u
e l e c u d r a n a m i
s k l a o v é
z v e v n í c š i k r á
ř e z u ž e ř a í c h
á t k u e m
f o r e c k á i
z n u v ě t á d á m m i
v e c c e n o v é n u
m e n t u t ě ž
u ž b á l a r á s
í l t c l a v e m
t a n e l e n o n a
č l e é
e d o u e n o u s k m
d u j m á m
r a v u t m o z é
a n á m t i k y ž i v c h
r a f o l i t i á m
l i k e m í m é m
r o d p ů s v o z v u
p a m r o v e m i
z i t i v o á
m ě s a r l n e c h é
j e n t ě ž i c e m p o j v a d
s t v í é m
s t a
e r z ě t š i
m ů r a v á m
i k á m m i i ě s t e
z n c h t a
s é ř i á r u
l n í c e c h
r o v ě ž i s i
a v e r e ě s t u
s n é e l k y
r i í s t e e
í s i z i s é r n s k ř í c h
e d e v n ě ř í c h y
a r m c h
n e c á t k y m
ě s t í e k t y i
v o t l b o i
m e c é r y f o r v ě d a m y
t c n é h s t a t í s t e e c h
m n í m u s k é é
r e v á m k ý
e n a s a m í c n ý m i u
e l c s é r y n ů m s ů m á d á c o u
k t e m
e k t ů p r a v h r o m m ů m
p r o j
m e n í n í c y
r g a n ě r ů
d l e m e r e c
á n k u s i n á d á m a d u z á k o d e m i é h o
s e d e v ů m
o r m p ř e r v n m i
m á d u i
t e l u c y
a v e b t r u é
d e l ů
t í m i t n o l b ě í c h
n á m n í k e s ů u s k
e n t y n k á n o s t i v a d r a f e
a ř í z d o s t o u
í l e c u
e s u ě n í c v o t e y
d ě n í l e n o n y
v á t o r u k o n a y
u s k i
z v r a v y i
a m u a v a n e m e
r m á t n e u s k o
a r e c o t k ů m
t e l a o r i i e c h
á s n í n a m i é
t a m e c h
d á c h e l y n á m ě é
o z ů m ř í z a
e r v e č t í v e d ř e m r v n a é m u
r e s e r a n u u
z d í l
a m e c p a r l é
o p r a u n t a v y
n s k ý u z e u o v é
é m u u s í j v o e ž í i c i
i k a u z e n t y á
e n o n ý c k á
d í l y l e b v ů m
e n e n ž e d o l a i
d e č á k o n v e
ě n í í k u n y
z i m o c y
i c í c
e d o e r ů r o v u
m e m z e m i o v i
a c í m h o ř y
l o m í l e c o ž s t b a m a c i ř e z y
t r o l e n u í m m á d o r m a t o r i o u
n ý m i y
b y v a e í c h
s t e p o b ř o u
c e l c o v ů l s t v
l b á m y
i í m n ů m t i v n
í l á n k y
e s e c m í s t
i t ě é r a e c h
c i e r e m m a c i á c h
n f o r r a n ě m e n m i
n k o u v u
r a f í j y
t š d l o r o v y m
r a n ě d y t o r y a t e l h o
e d y e s e é h o
a n u e l i í l a
i l i n c ů
v n e c é
z p ů k t e c e c h
t o g r o d i s t a n r o v u i
b d o b z e e e c h
h l a v r o v ů y
t i c í y
á m ě s k o s t h o
k ů m é m
t í c e c k ý e c h
c í s a k i m i
i n o m i
t r e m o c e s t í m r a m o ř a d d i n ě
n ě i n c i o z e m v e m
ě t š i v a d d o v a í m
o u s k i t i k a
l k n o s t n ý m r á n
m n o ž n t r a e o r i é
u c a n i c ř e z e í
a c í c d e b o u t ě í
i k o u z e a s e m i
ž s t y
á n k y r a m e y
v o z u y
p ů k é m u t n e n š u
z v e a s e
d y s t a l á c t o r n ě
z e c h a s e c č t í
n i c i r e ž n u
o v s b l a
ž d o v e c ř e ž é
n ý ř a d n a m y e k
j m i n o u é
v n a n í k e m i
d o v é
a n z v e c y
ě t š i
e z n ů e b n í e m
z i c y
a v o u e k t ů á n é r e c s e d e y
t é m y p r o á
i k e m y
á l a n e s l u
ž b a u s k ý e d y e í e e
d o u r a n y
e č t í
s o b a f y o v i
p r o j ě ž e t e l í
o r e č e r v v á c
a s e o v s n i v e o u
r z i t
s t m e n e c e c h
c í s a f e c b n e c k o i v n í t í i
t e l i ů m
z i t á
a s t e ě d e c i s é r y
e ž á z v u á c h
s t r a b ů m ě
m á d a t a ř í c l u ž e l y t e l i é h o
p r a
z i t y v o z y
e b n í y
ě r ů m í
z a ř n é m s ů m š t í
k i l
n u d a m i ě
s a ř ů s k é m
ě d o u c í h r a n m i
e b n a m y i n a m
d s e d n ě m e
é ř o l b á u ž d e m
v a m i r e p u r i í c á
t e k r a v á a v e ň
i t i c i c í e n í m
s é o g r a u
k o n ů a
ž b y n c ů m u
z v e n l
ě t š v b á c s h o
s t v s n ý r e z o r e c i
e ž i a n y t á é
i n u ů s o b
ě s t e í c í
d o v á t k á c h
r e c a v b u c í m o t v á c t i k e u m í m
ř e z n k ý c m
m n d l y t í m i
n o t k k t e
ě m e n t i
s é r u ě n ě r ů a n e u
d l y v á c m e č t
i n u á t k a v e r y é
i n a ů s s ů m
á n k o ř í c e l c m i
o d i n n á z t i č t í
ě ž i o r m é h o
o l b á u š t í e c h
u č a e n o s e d ů c h
p r o k y t a y
r v n ů l a v n t a n u
z a ř a d u y
s e v á n d e č t a d l a á c h
á r l u ž e i d z a c e u s k ů m
ř í l é k t u n i
e s e a s n í
a m e n d l ů m
o r ů m u
o v ů m u m a f y n ě m m i
ř í c h l e n e ě d l a k u
r o v ů s l o t r y i
m e l e k í
b e c i z a c z a c e k v ě s é r é m u
a v á n k á m s t é m y
i t a m e
s m ě r d í c
u ž b a í h í c h z n u b í m ě
k a d o p a y
t š i s t é u
l o s t ř e e l ů m m i
v b o u e l k á c h
d o v o r e ž i é r e m m
v n v b y
í l ů p a
z n ů m p u b e c h
i s é a s n á e d o v
o n u t a r o e m
u ž d l a a n o e m
z n a o t o é
é r ů m v n í c ě s t a m i
r á l o í
a c í c y
e d e c y
