k o l u k a
k o l u k a
l u k i
l u k a k i
k o t u n a
k o t u n a
t u n i
t u n a k i
k o k e n d e a
k o k e n d e a
k e n d e i
k e n d e a k i
k o l i a
k o l i a
l i i
l i a k i
k o m e m a
k o m e m a
m e m i
m e m a k i
k o b e b i s a
k o b e b i s a
b e b i s i
b e b i s a k i
k o v a n d a
k o v a n d a
v a n d i
v a n d a k i
k o y o k a
k o y o k a
y o k i
y o k a k i
k o t i k a
k o t i k a
t i k i
t i k a k i
k o b e n g a
k o b e n g a
b e n g i
b e n g a k i
k o k i m a
k o k i m a
k i m i
k i m a k i
k o z u w a
k o z u w a
z u w i
z u w a k i
k o f a n d a
k o f a n d a
f a n d i
f a n d a k i
k o s u a
k o s u a
s u i
s u a k i
k o s o m b a
k o s o m b a
s o m b i
s o m b a k i
k o z a l a
k o z a l a
z a l i
z a l a k i
k o s i m b a
k o s i m b a
s i m b i
s i m b a k i
k o t a n g i s a
k o t a n g i s a
t a n g i s i
t a n g i s a k i
k o l i n g a
k o l i n g a
l i n g i
l i n g a k i
k o y e k o l a
k o y e k o l a
y e k o l i
y e k o l a k i
k o f u n g o l a
k o f u n g o l a
f u n g o l i
f u n g o l a k i
k o m e l a
k o m e l a
m e l i
m e l a k i
k o k a b w a n a
k a k a b w a n a
k a b w a n i
k a b w a n a k i
k o t e l e m a
k o t e l e m a
t e l e m i
t e l e m a k i
k o k a t a
k o k a t a
k a t i
k a t a k i
k o l o b a
k o l o b a
l o b i
l o b a k i
k o z e l a
k o z e l a
z e l i
z e l a k i
k o b a n d a
k o b a n d a
b a n d i
b a n d a k i
k o t o n g a
k o t o n g a
t o n g i
t o n g a k i
k o k o m a
k o k o m a
k o m i
k o m a k i
k o b a l a
k o b a l a
b a l i
b a l a k i
k o y i b a
k o y i b a
y i b i
y i b a k i
k o l e l a
k o l e l a
l e l i
l e l a k i
k o b o m a
k o b o m a
b o m i
b o m a k i
k o t e k a
k o t e k a
t e k i
t e k a k i
k o t i n d i k a
k o t i n d i k a
t i n d i k i
t i n d i k a k i
k o s a l i s a
k o s a l i s a
s a l i s i
s a l i s a k i
k o k a n g a
k a k a n g a
k a n g i
k a n g a k i
k o l u m b a
k o l u m b a
l u m b i
l u m b a k i
o b o m e a k n d a k i
u i l u k a z e l i
k o l i n g e k a a
m a k o k n d i
k o o z u m b a
k o u m b t i n d k a b w a
k o i n g a i m b i o z a l a
i a k u n i
k o a k a b k o y e a
o b o i
l i n g t a k u n i i
k o g i s a k a t a
w a n a b e n g o m e m i
k o d e m b a k e b l a k i a
k o i n g a o t m b a w a o k e e m a k a
n d i k t e l k o l a i
o f u a n a a k i
k o l i a m e m i l o b a
k o l i n o k o m a
k o w a k i m i a
o l i m b i i k a w a n l e m d i k i i
k o k e n d a
l i n o s o m l a k i i a k e m a a k i
k a k a b a l e n g i i a n a k i i
s i m a n l a k a k i
k o n d e o n g a
z a l a k a n a k i
k o b e n g o t a n a
t i k o l a k o l i a k i
u n a o l o b i
f a n d o s a k i
k o s u a a
b o m i i
m e m a b o m d i k a b a l a s a i
k o m e m a e k a k a
d e t i n d i
s o m b i
k o k o s o z e l i a
n d a k e a n g a o t i s i o b i o z e a k i
k o o k i u n k o k a a
k o o b o m g o l i b a n d a
k o m b i a n g i a
k o i k a k a l a
k o n g o t i k i a
o b a n s u a a k i
k o k o z z a m e i i a
k o d e i i n d i a
k o k o y i a
k o u m b a a t o f u a
k o i b t a k o s o m v a n s a k o s a a n g a
k o o k a l e m o b e a
u n g o d a k i g i i
k o a l i a n d i n a k a
o y i b a k i
k o o m a k a
k o m e m k a t o z u m a k i a
k o t e g i i s a k a
m b a k i
t e l d e i e b i s i
k o o f a o k e n a
u m b i s a k i
o m a a k i
e n g k o s i i
u i o s u a a k i
k o k o s o b a l a a
a n g i a k i
n g a k g o l i
k o t u m i y i b i e i w a k i a k i
k o s i k o m e a l i m b i a
o l o s o m b o z e i
k o y i t i n d o y i b a
a n d i i n g i
b a n d i
b a l i o s u n d i k i
w a k i i
k o e k i g i s i a
w i f a a k i
k o o l i g o l a a
k o n g a k z e l a a l i a
k o t u n a o z e l a
l o b a k o k a a k i
k o n d o m e a
k o l e y o k a e n g i a
b w a n i i o t i a k i
k o b w a a k a a
w a n o y z e l o b o i
m b i g i i a k i n g o b o m e n g a s a l i
i a k i i k i
k o k o t a a
e a e l i i
k o m b i i m b a o n g a k a n a
o f u i m a k i
k o k o z l o b o b e b o t u n t i k a
k o o z i k a k s a l i a
k o a n g i a
t o n k o b o m e k i m i i
n d a k a k i
k o l u k e n d e a
k o u a k o l i o l a k n g o l k o k o k a k a
k o k o k a a
k o a n g i o m e s u i a
k o o m e m o b e b k o t k o z u s u i a
f a f a a n a k a k i
i m i k o s i y e k a k i
k i m i o t e l a k i
k o i m m b i a
s o m n g a k m a e n d i
k o w i e l l a k i a
b a k a n g b w a i
k o o n g a a
k o t i n a
l e l w a k i
g i s i k o b t a n i
n g i s m b a a k i
k o l u m a
k o s a l l i s i u w i a
o m e m i a k a b a k i
k o t i k a o f u n a
k o u k a a t d i k a a
e k i i
k o f a n d a
k o u n i k o m a a
a l i k o s u a k i
e l y i b i e m i i
z u w o m e m u i a k i
b o m a k o z a l o b i k e n d i
k o b a l u n i i a k i b a a
n d k o m b w a n a k i
i m b a a k i
e k b o m m i k o f i n g a i
o z u w o b e a k i
a k a b a k i
k o s o m a
b o m a o b a n i
k o w a d a k i a
k o b e o t e a
k o m o m e l o s u a a k i
k o b a l i g a k i a
u a y e k a k i
k o o k a n o t o n a
k i m i k a k a k i
k o o l z u w i o t i k a
e n g o n o m e l b a l a i
k o b a n g i t i k i d i k i z e a
s a l l i s o t o n a k i
k o b o m a o m b i a
k o s a k b e b a
k o u w a z u w a a
l i a k e l i k o l a i
l o b i o l u k i
k o n g i n g a
k o t e k i s a k a
k o m e m e s a i
t o k o b a e i t i n d k a k e l i y i b a i
k o n g i o t o n a
a k a m i i
k o z e a k i
k o u n i f u u n g o o l v a n d a
o t e m e l a i
k o i m b a
k o o t e k a
k o k e u n g s u s o i
k o o m a a
b e n g l e l a i
k o z m a k i i k a k a k i
l a k i
a k e n g i a k i
k o l o b v a n d a
k o s a o l o g a k i i
n d i k i
k a o z a l m a o n g y o k a a
k o u m b a a t a k o y o a
u i e n g i o t u o k o l u k a i
k o k o y e z u w a e a a
k o t i k a k a b w a
i m i u i o t i n i
a k i o k a n d e a i
u n a k l i i
k o s o l i a k a k i
o z e l a k a n i b i
t a n a k i
k o u k n a u k a a
e l a l a i
k o z a l n d e a a
k o o k a n i b i o k i a
i b a y o k t e a k i
s i k o m k o l i i
k o d i k i o l u w z u w a
k o i k t u n i a
k o k o m a u w a d e m a a
k o l y o k a k i f u a k i
k o k a t a u k i b e b a
y e k i
i a k i a k i
l i i v a n d o l u k i
u m k o z a a k i
a n d i e b i a k i
o t a n o k a k i
b i s a i a k i o k i i
t o y o k a k i
k o u a o t a w a n a a
y i k i n g o a k i
n g a k i
u i a k i
o b o m i m b i
o m b e m i
o t i l e l k o f a a k i
k o i s a k y o k a a
k o s i m o l i n a
k o o l i a i k a k z u w g o l i a
o t u n o l i n i
k o z l o b i
k o e a k z e l b a l a
t a k i b e o f a b a n k a k i
k o i k a k z u w a l e l i a
k o o l u e l a
o f u l i s a a k i
o l o b i n g a o l i n i
e k o o s i o s i m k o b o i
o t i k i
o y e k n d e o t e k i
a l i k o v a k i
k o k i m d a k a
u n i t e l e i
k o u w e a k i k a k a a
k o k o l i y i a
k o n g i s a k a b s a k i a
k o y i b o y e k a
k o o t e a n a k o m b a a
k o s a i
m e l e l e m o n g i a k i
k o i a k i o m b a
k a k e n g i s i k o y e a
k o m o s a s i m b o y o k z a l i
l a t e l e o t i k i
b i s a l i s i
o y e k i k i i n g a i
l u k i a n l i i a k i
k o y i i k a a
k o l o k o z u o z u w a
k o k o f u k o k e e n a
k o l o b a n d a
k o t a n a
u a k o y o k o t e k i
k o n a k o k o l e m a
o l o k o m e k o y e t o n g d i a k i
b i s a i b i o y i i
d e a o t o n k o y i i
k o z e o m b a e a k i a
o f k i m a o t l e m i o m b a k i
o z u i
k o u k a k o t a n a
k o k a t i z a w a n i a n d a a
k a t a e k e l e m a k i
k o i s i a n a k a
k a i i d i k i a
k o i n t o i a k k o y o i n d a t i m e m a a
w a n i n a k i
k o o s a n g o k o l a a
s a k s a l i k o k o n g n d i k a k i
k o d i k a
k i m a k a k i a k i
b a l i n d e s u a a k i
t i o k e n i
o t a n a b w u n k a k a i
k a k o m a o t u n a
u k a o l a k a k i
i a k t e k i a k i
i a k i i
l u t e k i i
a k i n a k i a k i
k o l u m b i n g k o y u n a k s a k a
k o k k o t u i k o k i i
k a k i a k i
o t a m e m i i
o z a t e k i i
k o s o m a
k o y e k u a a
k o o b e n s a l t e l a
k o n d e a a
o k i m o n g i l e l a k a k i
i b f a n d l u a k i
k o t a i
k o k b i s i n d a a
k o k o y o e m a k a
k o u n i k o b a a
k o v a e l l e m i
k o y o k a
a n d i i
n g a i
t a n g a b w a a k i
k o i k a k a
k a v a n d l a k i a
o v a n a k i
k o k o k z e l i u w a
k o u a o t a t u n i a
k o t e k a t o n g o f a t u n a k o m a
k o e k a k k o l a t i k o y i a
k o f u n o l e l a
k o g a k t a u k i a
e i o b a k o m b i k o k i z e l a a k i
k o a n a o l i a a
k o k a t b i s o m b i a
k e n d a k i
o t e k i m b a d i k i
o l g a k o m e m a k i
u m b i a l i
l o i n g i o f a z u e l e m a k i
k o o k a k l u m b g a k b i s a a
k o o s o m s u i a
k o a n a k a
t i k o k o m a k i
k o g a b a o l u m a
k o d i k t a k i i m b a
y i b a k o t e i
d i s a k i a k i
k o b e b u w i o f a k e n d a
k o g o l u k a a
k o z u y e k u n i g a k i a
o n g a z a l i
t a n o y i o y i b a k i
f u o k e n i
s i k a k i y i a k i
n d o v a k i
k o m b a k t i n a
i i o t i l e m y e k o i
k o t o k o l u k o l o k a k i
t a k o k a a k i
k o a k a n k o a t a a
g a k i y o k i a n d a a k i
w a n a e b i s o n m e l a k i
k a w i g a k a
k o o l i n o y e a
o t i a l i k a k i
y o i n o t a n i
a l a k k a b a k i i
k o d e a k n a o k a t a
k o g i s a a
k o v a n d o v a n o l a k a
k o s a k i l o b i a
o z g i l i a k b i s a k i m i i
k o k a n o m i a
l i s i t a k i a k i
k o b a n d a
k a n o y o k m a k i y e k e n g i
a b w a o m b i o l o a k i
k o b i s i g o l a n g a a
k o i n g i e b i s a
k o o v a a
k o o s a i k a a
k o b e n g i n g i o z u w b w a
o k o i
o s i e n d e a k i
k o a n g m b a
o f k a b w e l e m i
t a n g m e l i
m i u n a a k i
k o a n a n d e i o z a l o z u w a n i k o z e a
a b w a t u n a n d i k i
k o d i y i b a k o l u a
k o k o t o u n y e k n g i o b i a
f a n n a k l i i
k o k o b o m a k u n o l o n d i k a
a n g m b a s i i
k o o b o m t u n a z a l a a
e m w a a b w a k i
k o i k a k m e a
k o f u k o k i a
a b w i k i a k i
k o o l i n o n g i a
k o o m a b e i k l u k i a
n d e o n g k o m a i
o t y e k o a k i
k o l a a k i
k o n g o e n g a f u n a
o b a k o k e u i t e k a o t i o l u a k i
o z e b a n u m i
k o k o k i m o b o m a
f u n l i a u n g o i
k o t a n g g o l a l i a k a
k o a n a t e k i l e m a a n n g o l a
k o s a l k o s a a
k o t o k o l u i
k a b w a n k o y o m e m a
k o u m b f u n a
k o l o b e a
k o l e e m i l e m i a k i
o s a l o l i n a k i
k o o t o n z a k i a
k o k a k e n m e m a o b e b a
k o l e l i e l i d e a k a
t i k i o l i n a k i
k o k o y i a
k o f o y e k a k i
k o o t u n o t i l u m b a
l i a k k o l t u n a a k i
k o i n g a n d y i b a a
o t i k a t a a k i
k i o l o a k i
z a l i o l u m w a s u a k o t u i
k o t e k i e a n a i n g a a
k o l u m b n d a
m a n d i k m a k a k i
d i e l i i
s i m n g a k k o k i i
d a k i l i n o m e m i
k o n a k g i o l o b a
k o t e k u k i t a b a n a
k o o y o l i n a
k o g o l a
k o o k a b i k a a
g i s o t u n a k i
k o w a o z a l a
k o b e b k o k e a
k o y e k o a
k o s a a k i
a n a t i i
k o t u n i m e l a a
k o b o b e n i
o m a k i
k o o k a b u i i m b a
k o o m b i o k o m a
d e i a n d i o t o a k i
m e m a i i n a a l i i
t e l i
o k a t o s a l k a b n g o i
k o l i a k l i a k m b i a
u i o n g a i
k o b a k i k o b o u m b a
i b l i s a t u n k i m i
k o o z e g a k o l e a
k o a k i n d e i i n d i a
e n d u a k k o b e i
a l i n g z u w a a k i
k o i n g i o y a
k o k a u a k i a
k o l u k i a
o b e n o l u m i
k o d e u n a k b e n g a
t e l e n g a a k i
v a n d k o m a i
d i e k o l o b o b a k y i b a o m i i
k o o n g e m i a
u a m e m i a i
o y o y o k a i
k o g a k d e a a
o b a n o l e y o k i a k i
k o i b i a
k o a l i s u m b i e k a
k o k a n g i m i a
k o t o n g k o k i a
k o l u m g o l a a
k o e l e o l u m e n a
u k i k e n i
k o z u k o m i d i a k i
k o w a n i k o l e l e l i a
k o i s a o t e k y i b i a
k o a l a k t e k a n a k i a
o t o f u n g i s i i
o n g m e l a a k i
b w a n g a k i
i n f u n g t e k a a k i
k o z u w i o b a n u k i a
k o a n d i k o k a a
k o k o s o o y o k l i a k a
k o o m e m k o f a a
k o o v l u k a a
t e e n g a e a a k i
o m i m e a k i
k o t u n a g a k k o t o a
k o n g i i n d i m e l i a
k o e b i s o t e l a
a k a n b a k i a k i
o t a n i
l u k a i n i n d y o i
k e n d e k o l o b a l k a a n d i i n d i a k i
o s i o k i a k i
s u i l u k a i
l u m o t e k i
k o k o k o a
k o s a k i m i i
k o o t a n a
k o u m b i m a
o b a k m e o f u n i
k o s u o t i k m e l t e l e a
k o t a n a
a n g a a k i
k o o n g b i s a a
k o z e i m a k o b a n i
k o l i a f u n b a d i k i n d i s o m b a
k o b o m a a
k o o m a k s a l i a
o z e l a k i
k o i s s i m b a
k o a k i s i o s o t o n k o s i a
g o u k i t u n a k i
k o k o l o a
k o o z a l a
s u i s u i
k o t e s u i a
t a k o t i n i
k o l u k a n i
o k o m a k i
k o u k a a l w a t a k a
k o y o g a k i g a k a k i
l e m a o l u k o v a k o v a i m a k o k i
o k i e l a k a k i a k i
o n g a n d a i
k o y l e m o s u o t u a k i
s i b w a y i a k i
u n g o o k a i
k o t u n a o f a a
k o e k d i k k a t a
k o o l u s u a k a
l i m a k i t i k a a k i
k o f a n b a l i y i b i a
k o m b m b k o k a
b o m a i
k o k o y e k o l u o y i a
k o o s o f a n d a
k o e b i s a n i o l a k a
k o w a k i o y e n d a o n g a
k o g o l e m o n a
k o a n d a a
k o o l i a t i n d l a k a
k a n g i m b i
k o w a n o b e o y e k o s u m e l a a
k o k o t e i m a a
k o u n a v a n d a n a k a
k o k o l a l o b b a l i a
n g b w a l u m i n g y i b i a k i
t e k i f u i
k a y i b i y i t i n n i a
k o o l o b f u n k o l a a
k o k o y i s a
b o m a a k i
k o k o z b a k o k u a u n g m b a a
k o k a b a n d o l i n a k i
k o o s i m o b o m a
b o m l o i n g a k i
k o z u w i k i z a o f a n o t a n s a l o s o a
k o u k a m b a s u i t o n a
a n i a t i a l i a k i
k o a n g i a
o l e l k o k e a k i
k o k o y a n d i a
d e a k k a k i
k o d i k a
k o k a b f a a
k o t i k e a k a
k o m e m i a
o l t u n a a k i
k o z a l a a
i m b i a k i
i b o n g a g i s i i
u m o l i a t i k i
o k o m z u w a n d e k o t o i
k o a k a n g o e n g i a
k o l t i n o z u a k i
k o t a n o b e b a
u n g t u n o s a a k i
k o s u i t u n i a b w a
s i m b i
z u w a a k i
k o s u a k m a k i a
m i k a n a k i
o m i a k i
i k a k t a n g o l a a k i
k o k o f a o n g k o l u a
k o n a k o f u a
k o a n a k k a b w a
k o a n a w i a
e k a k o y i b s u i i
k a k o n g i a
l e l a a k i
k o f u a k i
n d i k i k o k i i
k o o n g a
k o o k o e m i f a n d a
k o i b a l e l i a
u k w i z e l i l i a i
k o y i l i n g k o f u a
k o t e s u i t o n a k i
m b i u m n g a k o b e n i
n a k i a l a k i
k o v a a
o l i a a k i
k o s i l o b i a
k o o z a l a
k a l u k a k o f u a
z e l i z u w n d i k a k i
e b i o y o k b a l a a k i
k o k o s a t i k a i n d a
k o e k z u w s i m a k a a
k o k e u k i a
k i k o f u i
y e k i m a o l o i
a n d y o k k e n d i
k o f u e n d i
k o l u k i w a k a
a t i i s a k a k i
z u w a i
o k a k i
k o o k i m g a k a
m b a u a k g o a n i i
k o k o b b e a
t i k a k o t a i
k o m i k o z e l e l a a
k o u w a k o k a
b w e i o l o g i s i i
k o i n d i w a k i a
k o z e l k o t a i n d i n g i s n d i k a
k o e n d a n a k a
k o i s i o l o k i m a
l u m i m b i i
k o y i b o l e l a
k o o l u m o m b a a
l e m a n d i
f u n g o l i a b w i m b a i
k o v a s i m b s o m v a l a i
t o n b e b i i
b o m i o f u k a k a a k i
k o u m b o t e l a
b e n g l u m b b a k i a k i
k o k o z e e m i f u n g a
b o m i k o l e l i a k i
f u b a l i i
k o o b e n o n g o b a l n d a k a
k o m z e l i a k i
z a l u a e m a k e l a k i
k o t a n o k e n a
k o k o t u o b d e a
k o o z e l n g o a
k o t u n k o z e a
k o g a k a k o k o u a a
k o a b w a l a k a
k o z e k i m i
l a l e m i n d e i
k o o b a n m b t e l e a
k o k a o f u n l o b a
k o n d e l i i o l u m a l a
z u w s o k o b e k a k i
m e m i s o m b n d e a u m b a a k a n i
u n k o y i t e l e i
k o n d e o k a n s i m a
o y o k o t a i
k o o n g i a l i s n d e a a
k o b e b i k a k b o m a
k a b a l k o y m e m a a
k e n d a k i
k o b o m k a k a a
o s u b o s a l i i
k o a l i s e n a
k o m b o z u w a
k o k o s e b l a k i s a k a
k o y o a k i
k o e k z a l a l i o l i a a
k o m e m l u k a o t a
i b i i i o v a l i n a k i
k o w i t o n g a
k o i a f a n d z u y o a
k o i m a k y e k l u m a
k o s o l e l m e l a a
k o o l a k a
k o k e n z a l l e m i n d i a
k o o f l i a k s a l a
k o y e k u k t i k a a
y e k a k i
o s a l i
k o o k o l i n a
k o b w i m a
k o u n a k z a l i a
k o e a k i a
z u s a k a k i
b a k i a l i a k i
f a n d a k i
k o z u w i a
b a l b o m a a k i
k o i s i l i i k o l a a
k o v a n o t i k a
k o o k i o k i m e n g a a
k o n a k a
o f i s a a k i
k o e l a k a
i a g o k o k o b a k i i
k o d a l u m a
k o k o s o a
d i k a k o v a a k i
k o u i a n a k o m i a
k o i n g i t u n a a
k o l e m a i n g a a
o m i n g a o y o a k i
k o o y i b a
k o b a l i a s a l i i
o s u a a k i
s o m f a i i i
o t o n g a k o t o n a n g a b e n k o m e i
k o w i s i m b a
o t e e l i i i i
i k i k a k a i
l a k i i
o m i a b n g o d i k i
b a n d v a n b e n i
k o s u i f u n a
k o o y i o z e l a
y o k o m a k a k i
k o s i u m b i g i a n g a
k o u w a k o t i i m a
o m e l i
k o k i m o z u u m b a a
k o o v u k i a
k o l u k i g o l a
k o b i s l u k l i a k o t u n a
k o o m i k o m a
k o b o k a n o t i a k i
k o g a k o z e u m b a a
b o m i n a k y i b i
k o o k o b o m d i k a
a n g i t e k a k i
k o k o k o a
o m e a l n d a k a k i
k o u a k i b w a y i b i a
n a k i m i n a k d i k a i
o z u e b i k i m a a k i
k o y i b a i m o n g a o m i m d i o t e a
k o t i k o y o k a
f u n g l i s i b a a k i
k o o b i a
n g a f a n m b i
k o g o l a g a k o m i a
o b e n s o i
k o o z u w y o k i a
k o k a i b o k o m s u a k a
o m a k a k a k i
k o o b a l t e l a
k o s o e a e l a k a k i
k o f u n l o a l a a
s i a n d i i
m a e k o f u n i
k o w a n a k i o f u n a
f u k o l a i
k o e n a t a k k o s a
s i k o m i n g o l a k i
s o m b a k i
k o k o s v a e k a a
m b a k z e l a l u k a i
k o l e m a l i a e n g a
k o g a d i k i a
k o b a l i t o n g s u i i a k o y o k a
k o o l u m l u a
k o b e b i s u a k o b a a
s u i y e k o i
o y l u m k o l a k i
o k e d i k o n g i i
o b e u k a k g i s i n a k i n d a k a k i
e n g a o n o m i o k a b i
g o l i z e o z e i
k o i m b i a
k o d a k o l e k a t i a
k a k a o t b i l u m b i
k a k a t o n g i
l o b i k o y o w a n i i
k o b a l a m b a a
t e l e i n g a i
o b i l i n g o y l o b o z e l u k l a k i
g i s a i
z e o m b t u n d e a i
k o u a k i o k i m a
e a s i e l e i
k o u w a k a
k o o t o y i b a
m e m i d a a k i
k a k a o y i i
o k e n i m a k i
k o l u b a a t a k a k i
k o z a l t e l o m e a
k o l u k i k o b o a
k o b i s a l i a
k o s u i a
k o i n g u w a
k o l u k e k e n g a t i k a
b a n d m e m i
o z a l o k e k o k m e e a k l o i
k o z u o s o m a
i i o y e k o z e o k e l u k i l i s a i
k o m e l n d a a
k o t e k a a
k o o s u a e n d k o b a
k o f a n d a
i s a k o l e i k i
k o z a l a a
k o v a n d u a e k i o n a
o t k o b o t e k u n i
k o e a k i k o b e s a l i a
k o t u n o s a l o l o a
i n d e k o o v o t i k i s i a t a i
m i k a b w i
k o n d i k i i e b i b i t e k a
k a k e k n d a a
k o o s u a a
t e t i n d k a b u m b a k i
k o o t e k o k e a
b a k o n g a k a k i
k o f u o y o k a k i
k o k o b a a
b o m a b w a n i
v a n a k i
k o l e l a
k o n a k o y k a b w a
k o o n g i k a t a a
k i m i n g i s i
k o g i s a m a k i a
k o k o k o z a i s a k a
k o o l a k k o t u a
k o o b e a
i a i m b t o n g a t a i
k o t o n d a a n g a a k i
u w i u a k i i
l a k i s a l i m b a a k i
k o t i n d b e b i a
k o k o t o b i s k a n g a
k o e l a k a
k o o f a d i k i a
k o e n g a o s o d e a k a
k o a n d i a
o f a l e l i o b e b i m a k a k i
s o m k o l i a k i
y i o f a i
k o u k o z l u k a o b a
o t e i a k o m a a k i
o s a k a t a w a n a a k i
k o l u m b e m i l u k a
k o s a l i a
o v a n d i a k i
k o i a t o n o l u k e k k o l i a
k o k o m a a
t o n b e n i
o l o b k a k i
b o m y e a k i
k o b w a n a t a a
t e o f a o b e b t a n g i
k o a l e m y o k i a
k o b o k a t k o f u a
d e a y i b i b a l a i
k o k a t i i n d o k o m a
k i m t e l b i s i i
k o v a l a k m b o y e a
k o l i
k o t a n o t e k o k o m a
k o k o f u m b i k o z e a
n a k i k o s a a k i
k o i a b w a a
o t o n k a k a o s i m i
k o a l i s a
k o s b i s i i
k o f n d e a a k i
n g i k o z u o v a n i
o t a t a k i i
k o k o z e s o m s a l a
s a k i u k i l i k i m a a k i
k o m b a k o s i e k o a
k o s a k o t e i m a
k o k e n a t a a
k o e m i g i s i o b e b a
l u k i n o n i
k o t i l u k k e a l i s i
k o e b i s a l b o m a a
s u i k i i m a k a i
o y t u n i
e m a k i m i n a k n g e k a k i
t a l o b a a k i
k o o k i t e l e b o m a a
k o i m a k o s u a
k o o t u n e n d k a z u w a a
o l a i
o z a t a i
k o k o l u k o v i s i a
l i a k e k a i
k o b w a n a
k o e m i s u i o n a
a n d a a k i
s o l a k o z u a k i
k o k a v a o l a k a
e b i s e n d o s i
t o a k a n i
a n g i a n d i i
o b o m o s i
d e i o s a l l u k i
k o m i a n d d e a i
o t i a k i
k o m e l a u k a k a
t e l e b e b i
m e l i k o m a a k i
u n a k o t e k a t i
k o o k i m a
k o k i m b i a
k o g i s a z a l g a k a
k o o k o m k e n d m a k i a
o f t i k a a l i s a k i
k o k a o b a l i
o t o o v a b o o k e i
k o m b o f u n a
i s o t o k o z e i
k o e n g i o z u a
e a u m k e n i
e n d i
k o z u l e l i k o t u a n i b o m i i k a k i
k o o y l u k a e m i a
l e m i k a k i i
u a k o b e n z a i
k o g o l i a a
k a k l u k a a k a n a
g o n d e a a n d i
o t a a b w i
l o z e l e k a k i
k o f a n o s a o s o m a
o t u n n d i k i
k o o m a d i l a k g a k y o k a k o f u a
k o o b o m o y e k a
k o y o k a
k i m a o l u t a n t i n l i s i a k i
k o i n g o y e k a
w a k o s a o b a n t u n y e a k i
k o m e i
k o o m b l e l i a
k a k a n g i a k i
k o k o l e o l u o f a
k o t u o k a t i
o t a l e l e l n a k i i
i m a k a k i
k o y i e b i z a l i a k i
k o o l i m e m a u n g o a
k o t o o s o m y o k i i
k o d e i o m b o t i i m b i a
l e l a u a o v s u a k e n g i k o k i i
o b a l i k i d i k a k i
k o l o b i o s o a
k o o k a b o l o b a
i b a k o l i a d i k i
k o m b a a l a s u a a
k o s u i u k a k m a k a
b o m b a a t i o l e l a k i
k o u n g a n d a
i s i i m b a a k i
k o o k o m y e k o a
y i b b i s a a n a k i
k o o t u d e i a
o s i m e m a i
a n a i
a b w a k i
l o b o t u n a k a b a k i
o l i n u m b l o b i a k i
k o i n d i a
i n g i k o t o m e l a k i
k o g o l i t e k a g i a
m e m i k o y e o t o i
o f a n l a k i i
t i k a t i o b a t a i
o b k o s b a u n i i
k o o k a n o k a l o b a b a l a a
k a i m i o n o k o m a t a a
k o k o m e a
k o b e n g k a b d e a k a
k o u n l a a
z a i k a o t o n i
k o k o y i i i b o m a
k o i m b a o t i k a
o n g i k a n a k i
k o k o l o f u a
b o m k o l o b a a k i
k o l i n t u z a l a
k o m e l i a b a b w a a
b a l i i
e n g a k o m e i
k o k o m e o t e l o b o o m e l o m a k k o t u a
o l a k o s a i
i n g i n i a s u e m i a k i
k a k f u n i
y i b i a n g a k i
b a l u m t u u m b i
g i s i i m a a k i
k o a t a k k o b a
z a l i o l o b m b i i
k o e b i k o s o a
t i n m a s a k i a k i
l i a o t e k a k i
k o n g i s o n g i a
k o a l a k e k o a
e m a k l i n g i
o n g a k o m z a l a o t u a k i
e k o f a n d i
k o u a k i k o k a o l o b a
o l a k g a k i i
a n d i a k i
k o s a k i
i m b k a b w u m k o k o b i y i b i a k i
k o m b i o v n i d i a
o b a k a k i
o m i k o k i a k i
s o m b k a t a a k i
o y i o s i m m i z u w i
s o k a b y i i
k a k a w a n a i
k o m i m a a k i
i s i m a k o s i a k i
k o s u a n g a a
e k a t a k i o b a k i
o k e n a k i
k o e m i n d e d e i a
k o u i o k e z e l a a
m e l i i
k o z a l y i e l a m e m a a
k a k n g i n d a k e m o t i k a
k o s u i
k o k i n d a k i
d i k i b o b e a k i
n d e a e k o v a n i
t i k w a n a i
b w t o n g b o e m a k i
n g a f a a k i
k o s o m t e l m e m a a
u a k a n a y o k i a k i
k o k o k o n a a
o m i a k i
o k e n k o k a i
w i o s u b a n a k i
k o f a n d k e n a t a a
t a n g t e k i i
k o l u e a k a k i
k o a n i o v a i m i a
a l a o b o l o b i
l i w a n i
k o a k a n a
k o o z u w l u m k o m e k o s k o y i a
k o k o z a
e k a k l e o s u a i
k o a k a n k o s a a
k o y i b b e b a n g e k a a
k o s o m o l u m a
s u a o t e t e k a i
k o s a l a n a k o l a a
k a l e l i y e k a
k o b o i i a
k o a n a k e a k a
n g i y i b a i
z e l a l i i m i o t i k a k i
o y l u k o l o b i a k i
k o l e m a z e l k o v a
k o o f u n a l i a
b a k k o s u a k i
k o a l a a
u w e l a k o v i
k o l u k o z a a
s a a n d i k o t u k a b a k i
e b i s k o t u a k i
k o m b a a
o k a t i
k o o z a l e l a k i m a
k o f u n s a l a
a t a u a k i a k i
u n a k l u k i a k i
m a k a k i
k o t u s i m i
k o t i k b e n g e m a a
o b o k a t i i
n g i k o l i a k i
k o t a n g l a k a
k o o m a k i k o f u n a
n d e a k i
k o b o i
k o t i k a a l a k a
o s a k o s a s u k a k i a k i
u w a y o k i s a l i a k i
k o k o z u m b a k i s a
k o k o s a z a l a
k o d e a o k a t a k a
k o m e a k i
k a t a k o t w i l i n g i
k o i b i a
k o g i s l i i v a l u m b i b i a
k o e n g i l i n g a
k o t a a
k o g i s o v a n a
k o a l a k a
t i n d u n a l e m a a k i
m a o y o u a k i i k i i
k o e k a k a
g i s a o t o o b a l i
o s i m l e m o t o n u n g o a k i
k o o s o s o m u m b i a
k o e a k i y o a
k a t o l a k i
k o a n a o k e n e b e n g i a
i m b u w i e b i
k o u w a k o s o e b o m b a a
o k e n u n i
t a k t e b o m i a k i
k o o s a l a
m e o z e a n i i
k o s u i l o b i o t u a
k o z u w a e n g a a
k o k a o n k o m n d i k a
b o m g o l i a k i
b o m a k i
k o e l d a k i i a a
k o a n d u m b i a
e a k i n g i u k a k l i a k o k o o m i
k o m a k i o z u f a a
k o z a e k o l y e k t i n v a n d i
k o o k i m b e k a t i a
a l i m e l i k i i
k o o l e t a n g a
k o o k a n a
o l u m o n g a d a a k i
o b a l i
k o l e o y o k a k i
o s u a s u a a k i
k o o s i a n k o y e a
k o n a k i a n i a
b e b y i b i n g a k t u n a i
t a o t a t u n g a k i
z e l i k o l e e b i s k o b a k o z a k i
t a k i i m o v a i
t i u w b a l a k i
k o l e l a b o n g a d a k a
g i s a y o k i b a o z a l a k i
k o k o s o a
k o a t m b a o z e a
s u i k a k a i
o s o o n g a i
a l o m b a k i
k o e k o l k o y i a
k o m i k i m o t u n a
k o s a l i b e n g a
n g a t e l e i
k o o t i n o l o k o y i a
k o o l a k n g o a
k o n d e a b a n d a
k o m b a a
o k i m i
k o s u t a k i i
l i s a u n a k o y o z u w o n g a s u a a k i
o k a k d i k i
k o i n d k i m i m i a
k o t a l e m a a
k o f u z a l a k i
k o s u l e l a a k i
l a k i i a i
n i u n g o w a a k i
o l e a k a b e k a i
k o e b i d i k a k i m a
y o k i z e l a k i
l e m i g i s a o b o m b i s a o s a l i
k o k o e b i a
t u n a i
b w a i
y i b i b o m i l e m a i
i k a k b a l i i
k a t i a k i
k o o l e l a
k a n g o m e l i
s a o b a n i
k o o y o k u m a
a n d g i s a a k i
b a k e n d f a z a l i a k i
k o b o u a k t u n i
k o i b a a k a b a
k o k o b a a
o k a t k o b e i
k o o y o a
k o o t i d e i a
k o b i s a k o b o a
k o o l i a a
k o o f o s a k o m a a
k o i n g a a
k o m a k a t a
y o k a i k a a k i
k o l i m e l a i
k o l i n g t i n d a
k o k a n y o k i a
k o b a i
k a u n o n g i t u n b i n d a g i a
k o e a z e i m a k k o z u b w a n e n s a a
k o o m e e l e m a
t i k i o m i m i u m a k i
i m b i
k o o f u i b b a l a
k o n d k o s f a i m b a a
k o e a k i a t i a
o n g a l a k e a k a k i
e l i e l e m f u k o s i i
k o t i k n g s a l y o k i a
e l a e a k i
k o o t i o y i b u n g o a
i b a n d i k i k o s a i
k o k o k o i s a
k o k a k o t a i
k o w a n a m e m i u k a a
k o e m a k o n k a t a a
k o k o s u l i s a b a a
k o k a k i e n g y e k a
k o u i n d a k n d i o l i a
k o i n d i o k a a
k o u a o k a k o l u n d i m e m i a
k o b a l i o k a a
f u n k o z o z e i
f a n d k a n g a k i
w a k i w a n a i
k o z a u m i a s u a k a t i a
d e u k a a n g i n g a k i
f a n g a i s i i
t i n d u n a k i
a k i d a k i o f a n a l u k a k i
k o s a k e a k b a k i i s a k a
t u n i o m e l i
k o l o b k o v a a
o b i d a k i o l e l i
z e l i o v a n k i m a a n a k n d a i
t u n a a k i
v a n i
t a k t e l e i
b e b i b a k a n a k i
t a k b w a i
k a k l o b a o z a l b o a
e a i n g k a b w w a n i i
u a k i t u n a a k i
k e o f o t g o l a i
k o o z o l i i k a e l a k k o f u s o b o m a a
k o o m a k o b a a
k o b a l i g a k a
l i a k m a k i m e m a i
o z u w y o k a k i
k o y e k s u a
o k a k t a n i a i
k o y o k o l e i
k o t u n a o k a k a
i s n d t a y i b n d a k i
k o s a t u n i a
k o k a b a b u n g o a
t o n m b i i m a e i i
g i s s i m e i n d a k i
o z u w i
k o u a k o m e l i a l o o t e k a
k o e k o k a k a
y e d i k i t u n a a k i
l u m b o v a n k e a k i
k o a k a n k o l a o l o w a k a
i n g m b a i
k a t a k k o l e a k i
o y o k o k o o l o i
l o o t o i k i i b i
b e n i b o b e n i
k o k o t u v a n d a
k o e l o t k o z a a
o f a t u n n d a n d i w a n b a n a k i
k o i m b a k i u n g o i k i o l o f a n d a
b a l a f u n o b e n i
k o k o y i a
l u m o k e n o m b a i
k o g o z a l i a
k o i s a b e m a g o l t u n a a
k o y o k a i n g i a
k o l e m a
l a o v a n d i k a i n g o k a b i
k o l i n g o m b a
l e l k o s o k o m e i
l a k i
k o m e m i b a l i a
k o m e l i a
o b a n m e m i a k i i
k o o z e l a
m e l i a k i
o k o g a k a k i
g a k i a k n d a k i
i k a o l o b l i n o k e a k i
o f a l u k a o s u i
l u k v a n k o k o a k i
m b a k z e i a k o k o k a k i
k o m i s a k i
k o e m a k n g i s a
k o k k o v a b w n d i k u a k o k o o m b i a
k o s a k i a
o k e n k o t u n g a k i
k o i i u m b a t u n i k i m i s u i a
k o o l a k i a k i o b a w a n a o f a
k o b o m a
i a k l e i
k o a n g i a
k o k t e k a a
w a n b i s a o y e a k i
y e k m e l a t a k i i
k a o k o e a a t a
k o b i s l e m a
o z u w i
t i n d k o v b a l i a k i
e b i a k i
y i l e m i t a n g i
o l o k o v g a u k a k i
e k i n d e i i
i i o b a k o k a t i
k o w a k e k i l e m a a
k o k o m e a
k o d e a u w a k a
t o n s o i i a k i
k o d i k i d i a
t i k o s a i k a a k i
k o l e t u n a
k o o t o n t a n k o b o a l i a
k o b e i
k o a l a k a
k o y o m i l u m a
g i s a i
k o a n g i a k i m i a
k o a k a b a n d t e l a
o z u z u w a k i
k o a k a b k o s f u n g a
k o o l u k l e m o l a a
k o k o a k i
k o u n g o a l i s a
k o f a n d s u i a
t i k b i s a k i
k o z e l i a
k o u m b a o t u n i k i a
o z e i
t i k a u i i
k o i k o k a d a a
k o o t u e n d d e i o m e m l o f u o y i b a
k o b a n d o l o b m e l a a
a n g i o b a k o t u a k i
k o k a o b o m o k a k t a a
o t i d e a t e t o n g a k i
k o k o s a l u m l o b a
a k a b i
k o o z a l o n g a
o m e m e l a a k i
o l a z u w i u i o b a n i
k o k a n i m a k a
k o k o k a e n d e o l u a
k o o s i a k a b a
k o a k a n k o s a z u w a a
n d a m b a k t a k i k a n i s a k m a k a k i
t o n i
k o o l o b a
k o o b m a k i l i i a
z a l i k o f u u k v a n l e m a b i a k i
n g a k o z b i s a b w a m a k i a k i
f a l a i b a k o n g a k i
k o k a w a n o n g t e a
k o k e o t e l k i m i a
o n g a t i k o b o a k i
k o u k i z a k a a
k o k o v a a
k o k o s i o n g i a
e l e k o y e s o m b a k i
k o m a k o t a n d a l i a
n g o o v a n a n i a k i
b a l a k e i m b a k i
o z e l g i s t e k a i
u k a b o m i m a k a k i
n g i m i u k a k i
k o o m b a
o l u k s o o m a k a k i
k o o z u a
e n g i s i m b i
k o o k o a
o y k o t i k o f i
k o o l u o m a e k a b w a
e m a k o v a n o k a n o s a o b l a a k i
k o o m a k z e l i k o l e o b a l a
t u n a u m b u w i i
k o o k a b a
e a k o k e a k i
k o t e k b o m b i s a a
o s u a i
k o b e b i o b e a
k o b e n g m b f u n a
k o k o k o s a a
k a b w a t a k o t n d e i d e a k i
k o y e k z a o t u n i b i k o s o u k o m b a
t a k i k o b e b a l b i a k i
f u s a l i i
a n a k s u v a n o t a n a k i
y i o n g b e s u i i
a k f u i
w i o t u a k i
w a n a o t e k i
e n b o m i s a k a l i s a k i
k o b i s l e m i b i o t o n g o l o f a
k o m e b i s a k i
e k a k o k a n k a k i
t e k a i
i k i m e l i e k o a k i
k a m e l a o l i n a
k o i i o l e l i a
o z u b i s i o s o i
k o o s o k a t i n g a n d k o z a
k o z e a k i
k o b a k i o b o a
k a o k a e k a e n d e w i w a n u i a
o l e t o u w i a k i
k o o s a l a
k o k a n n g a k o t i a
k o i n g a w a n o k i f a n d k o t u o z u w a
n d e e k a k e b o y e k a k i
k o t a i a k i t i b w a n u w a k l u m b a
b a l i s a i
l i s i k o s a a k i
o t o u n g o b e b i
k o n d a o y e k a
k o n d e b e i k a a
k o n d a k a
e a i s w i d e o m b e n g a n d a a k i
k o y e k a
o l i n o b o i
n g e l i k a k l e l i o z u w n d a i
u w i a k i
t a n g a k i
k o o s a a
k o u n a e k a k a
k o t a o l a i
o l u k o b a o t e i
k o o t i k i n d i d e a a
l i l a k k o m a i
k o o v a n n g o l a
k o s u i e m a a
o m b m e l a s u i e n d n d i i
k o a t i l u k a b e o b e n a
t u n i a k i
n g a k a b i
k o g o l i b i s i a
k o k e n k o b e a k i
a t i w i k a b w i
k o z u w i b e n g a
k o t u n a k o m e a
l u k a i
k o b o t i k a u n a k i
k o k e i
k o o t i k k o b e a
k o o k a k o y i a
k o f u n g a k a a
g a k n a i
k a k g o l i
k o i s a k i m e n d e a
k o u m b i k o t o a
t a n w a k i i
k o z o f u e m i o s u s u a k g i s i i
f u n g f u n d a k u m b i i
k o y o k a a
k o e b i t i n a
k o o z u w e k a k a
k o l u m d i k a i k a
f a n d e k o k o t a i
u m b t i k a k o k b e n g z u w i o m e l a k i
k o a k t e k a a k i
k o l a k i
k o k a o b e b a
k o o t e k o t u n b e a
k o m e m k o y o a t a k t u t e l e o l a k a
u k a y i o y o k a k i
m b k o b o k o k i i
e a k i i
d a k o t i k w a u a k a k i
k o b i s b a n d n i a
k o l i i k a l u m b o y e k w a n o t o a
k o w a b o m a
o l i a k o f a i
k o l u k o m e b i s l i i l i i i
t i k a l a l i a k i
i b s u i i n g i i
a n g b a l i a k i
o k i m t a a n a k i
g a k i i
k o b o m a o k e k e a
k o s i m b y e k b i o s o t u n a o m b i a
k o z u w a
o z a t i n d k o y a k i
o k i a k i
k i i k a i
k o y i b l u k i a
k o o l m b u n i o t i a
b o m i a k i
k o n a k o b e k o m e e k o a
k o z e d e a k a
l u m b k i m i a k i
f a n d a n d i i
d e a i m b i n d e i i
o m d i u a t e l a k i
k o e l e i b a a
o m a t i n d l e a k i
k o g a u w a i a a
s o m b o s u a a t i t u n a a k i
k o t o k a b a k a i
k o w a o z e l a
k o k o k i g a k i z a l a
k o k o t i s u f a k o k a a
m a k i k i o f u n o f a i
k o y k a t i k a k i a k i
k o u k a o l i n a
k o e a k a
k o i s a l i z e l i a
s a l a k i
k o k a n g f a n d k o t e n g i y o a
e b o t i
k o k i m i a
k o k o t e k a a
k o g a k i u w a k a
b o m a i
k o f u n k o z a a
k o m b i u m b a a
k o i m i i s i a
k o g a k i s a a
s o z a g a k i i
k o l u o n g d e i a
o v a n i
k o o t i n o l o a
k o w a k o t a o t o n a
k a n g o k a i
k o v a n w a k i a
k o s a o l e k k o b a
k o k a k e n b e n g f u n a
k o i m b o m a a
k o m a e a k e l e e n g a a
b w a n b o m a i
k o o t o n i n b i s a a
k o o l i a n i t u n a
k o i m a m b a a
z a l a t a k i l u k a i
k o f a n m e m n g i s a
t o n g i s o b a l a k i
s u i a k i
k o o s u a
e l i o s a i
k o o s o m o k o m a
b a k o b e l a t i k a a k i
k o o t a a k a n n d e i f a o t e k a
o l a o s o m i
i s i m e o l a i
k o m a k a n g i o l i n a
a n i n d a k o f i
n a k i k i a k i
g i s i a k i
k o k o f u o b a k a
k o e l i v a n a
k o b o m i o z e l i a k a
o n g a l i a a k i
z a l i l a u n i
k o a t a k u k a n d e i a
k a k i b a n b o m i b e a k i
o n g o t o n i
e i u m b a i
o f a o z u w i
k o u n g o a
k o e m i e n g a
k o k o s o a
l i k o l i i
i m i o s i m d i i
k o b o m i a
o n g o m i o n g a i
k o s u a k a k a d e a k a
k o s u i
k o n g i b i s i k a t o n a
k o o f a n z e l t o a
k o f a n z u w a o b a
k o a l a k k o m s o m a
k o t e a n d i a k i a k i
k o o b a n s a l a
k o e m i a
k o l a e m a a
k o a n d i a
k o d e k i m a t o k o l u a
l e l a a k i
k o o s u a a
n d a m e l a o z u a k i
k o m e l k o m i e m i o y o k s i m b e b i a
k o t u n i k a a
b i s i a k i
n g o u n g o y o k i
t i n d i
k a l e m t e k a
e n g a a k i
z u w i m a k i
k o o k a n a
m b s u a k i
k o b a n d i m a a
m e m a k o k i i
k o e l e m b w a n o y e o l a a
b a n d e n i
z u w u a k y i b a i
k o o l u k a
k o o b e b a
k o o v a z u w a
u k a u w i t e k i i
u w i g i s a k o z e i
k o o y e i k a a
k o a n g i b i s a a
u k o b i i
o n g i i
k o i m a k d a a
k o k o m a
k o k a w a k i t i n u m b a a
k o e n g a z u w a a
k o o s i s u i a b a b w a a
k o l a k i a
z e l a k i
k o k a l u k i e k a k a
k o g a k a b l e l a
n d e u i m e l u n a k o z u w i
k o e m a k a
a n o y e k a k i
a l a b a k i o b a n a k i
k o o s a l o v a a
v a n d a k i
k o o k i m o s o m a
t e k i a k i
k o k a o k e a k a
k o l u e m a k a
k o o l o z u w a a
k o z u a l i o l i a a k i
k o o t u z e a
z u a t m e l t i n d a k i
k o e n g s u a
o n g t i o k i i n g i
l a k o y a k i
k o e n g l e m a
u i k o b k o f u a k i
k o k o m d e a i i b a l a a
k o e n d o k i n g o l a
l i a k y o k i a k i
k o f a l a k a
d e t i n i
l u a k n g o l i
i b a t i a k i
k o o l o e k i o k e n a n d a k a n a
k o u m b a b o a
k o k o k e o z u w o s u a a n d i m b a o t a a
e a k l i s a l i s a k i
k o i m o v a a
k o s i o k a i
k o z u o l o b a
a n d a z a l i a k i
k o k a n g a
e n k o t u k o t b o m a a k i
z a l i b i s s u a i
k o i m i a b w l u o y a
k o i m b i o z u a
u w a k z e l k o l o o v o m a i
k o m e b a k i
t u n a k o m e b e b i a k i
k o o m e k i u a k i k a a
k o k o s o n d e a u m a
l o b i l u k i i
u i s a k e l i
o l o b o m e n d k o m a a k i
k o b g a k i a k i
k o o z o y b a l d i a
k o s a l o s a l u a k i a
k o t u e l e m a
k o g a k a t i s i a
a t i m a k b i s i
k o l u k a a
e m o m e l y e k o a k i
k o l e l i v a n d o k o m y e k o a
k o k o z e t u l i a a
k o d e a a
m b a k o b a k a k i
k o a k a b k o f a a
s i m b n d a i
o k e e l e m i
t i k i a k i
k o t o n b w a n e k o e n g i t i n d a
k o l u u n g w i v a a
k o y e k o a
l o b o z e l t o n a k i
k o l a a k i
k o s a e n g a d i k a a
o y i b a k i
k o t u n o k a n a
a l i l e m i b i a k i
k o k o s i b e n g a
k o d a k i n g i a
k o k o k a a
o v a t a o t u n i
l u k l e m i o b e n g a k i a k i
k o f a n i n g i l i s i a
l a t a n o l k o t e i
k a k a o l i n i
o l u e l d i k k o l a a k i
k o i a k t a n a
o l u k t i k i a k i
k o k a o z u w a k a
s a l i u m e m i a k i
k o m b i o s o z e l a a
k o z a o l i a o b a k a
u a k v a n d a k i
k o a n g a k o l o f u a
f a n o s a k o l u i
t a n b i s i a k i
k a n k a t i i
k o y i b a
k o t o i s i o n g a i
y i b i o m i a k i
d e a i
k o f u a
k o k a k i k o l u a
s u a m e m a m e i
k o o f u n t u o z u w a
k o e m i a
k o g o k a k i a
u n g e m k o z e b a l i i
l i n g o b a n b i s i i n g i u w a t i a k i
o l u i
k o k o m i k o k i y i b a a
k o i m a i b a a
k o b o m i b a n o b a k a
e n g i a k i
e n d k a n g g a k i t o n i
k o i n g o n g i f u n g a
t e k k o t e k o l o d e a k t a n g a k i
k o l u k i k o s u l a a
k o o t e l t u n a k a b a
k o l a k i l i s a
k o l i a k g i s k a b w a
o f u n o b o o n g a a k i
k o m e l a b a l a b e n g a
k o e a k i o k a o k o m o n g a u k i k a b a
i k a a k i
u k i y i b i u a o l e l n a k i
o b o m k a n i
z a l a u k i o t e i
k o m e l a s u e m a a
k o o t u n t o n a
v a n d o v a a k i
k o e n d e k e n d s o a
l i i b o i
o y o i m a a k i
k o o k e n k o l o a
k o k o t e o v a n a
k o o y n d e a o y e k i k a w a n a
i a k d e a i
k o d i k i k a b l u k i a
k o e m a t u n u m a
k o o z e a b a
k o e m s i m b o f u a
l u m o l a f u n a k i
o z e l g a k i i
k o o y o n a o m a
i m b u n k a k i
d i k i o n u n i i
k o e k t a k k i m a o y a
k o g a b a n d a
o b i o v a e l i s a l i
k o l o b a a
k o s i l e l e n d a
k o o t i l a k y o k a a
s a l i g a k i
k o z u w i u a k a
k o l u b a l i o l i a
k o e k o i n o k a k a
k o b a f u a k i
k o m b a o l o b a
k o z u k o k i k o b e l e m i o b a n k o m a
b a l a k i
k o k i m a
w a b a l i a k i
k a t s a k i o y i b i
k o f a k o v a
k o o k i z a l a a
d e a k b w a t a i
k o k l i n b e b i a k i
k o o f u n a
a l a m e m i a k i
k o i n g a a
k o a l i w a n u n a
s o m b a b o y e k a k i
k o e m t i k i o b a a
k o a b w o f u a
k o k o m e y o z u w a
k o g a k k o l e a
e l a l i n g a k i
k o z a e k o a k i
k o a k a a
k o k a n o m i o l i n a
k o t o i m i v a o l a a
a n d a i
k o a l a a k i o t u n a
k o a n g a i n k o z a
e n d g o l i k o s a a l k o s l u m a k i
k o l o e n d e o t e z a l i k a k i
d a t u n a e m i a n i i
o y o k k o k a a k i
k o o m e m a
k a s a o m b a v a m e m a s u m b a a
k o e l i d i e n g a
k o l o a k i
o l u m a k i
d a k i o n g a k i
y o k k a k e b i s a k i
u m b i n g i s a k i
k o a b o l a e l e a
n d n a k i l o e n i
k o a k a n o k o a l a a
k o m e l a y o k v a n a
e k o e a k a k i
k o y i b e n a
s u a e k o i
o b a l o m a k i
t u n k o a k i
k o o b e n l i i m a k o s a t i k a a
k o b i s a
k o i a k y o k a a
d a k y e k o s u i b i s a o s i m i
e l a k k o z u t o n g i
k o a n g a a
k o s i m a
k o k i i
z e l a t e k a a k i
z a l a l i s a k i
b a l o l e i
k o d a k o k e b i s a y o k i a
f a n d k a k a o t u n a k i
b e b w a k b o m a i
k o t e l e a
u w a o t i n o b a n i
v a o k a t o l u k a k i
o f a w a n i
k o d i b a l a a
o k a b a k i
s a k e m i s a l i a k i
i m a k a n i e n d e i
k o u m e a a
k o b e m e l a o l u m a
o b o o m e l i
k o y o k a k o l e k o l i a
k o o l u k o k a
o f a n a k i
o y o k i k m e m i i
k o n g m i a
s u a a k i
k o o l a i n d i a
n a k i a k i
k o l e z u w o f a a
o s b o m i i
b o m z a l a k o t u a k i
k o t e k i k o l o z a l b a o f u n a
e k a k o s o a k i
k o m e l a o m e m o b a k a
k o m a k i a k i
k o s o m b k o l e a
k o b a n k o t k o m i a
e k i w a n g b a l i
k o e a k a
b e b i e l i
a l a t o n a k i
o l u k a n a z a l a i
k o e k o l o b i a
o t o e n g a i
k o o z e l a
o m e i
k o s u a k a k i o k o a
k o b i k o b o a
k o o z u w o s a l o s u a m b a k a
o t u n i
k o a k t e k i a
k o o y s o m b a
k o k o l u o m a k a
k o g a k n a k i n g o a
i m b l u y o k i a k i
k o a l a i
k o o l u l e m u w a a
k o e k a v a n d a
k o i m b i a
k o e m a o t o n g i a
i b a k w i o m i i
o k e m a k s o i
l e m t u n a a k i
e m k a n o t i n k o t e a k i
e l e m a k i
k o n d a m a k d a a
k o u m b i b e z a l a a
k o l b a l a o v i
o s i o f u a k i
o v o t o n i
k o g i s m i l i n g a
k o o k i m n g o o m e l a
k o o s o t a z e l i a
k o l u u n a k u m o s u a o z a k o s a k i
k o i b b o m o k a t a
k o t o i i z e l i a k i
a n a k v a n d l i s a e l e t e k a i
e k a k o m b a a k i
k o o v a n s a k a
k o l i n i k f a n o t a
l u m a k i a k i
k o b e b o b o m a
k o k a t e t u a
o b o i
k o k o l o i
t e k t a n g i
o b a l k o k i d a k o m b i i
k o k i s a k i o z e l i
o k o m i
k a g a s a k i a
k i m i i
l i a k e n g i m e m o k k a t o m b i
k o o t u n o f k i m i a
k o f a u n a a k i
k o u w i y e k o a
k o t o i
k o m e o l u m a k i
k o k a l u m b a
i a k i n g i z e l i a k i
k o a k a b e l a n g o l a
k o w a n a k o y i s i a
k o z e l i a
k o s a l i s l i n g a
o l i a o n g i a k i
u a k i u m b a i
b a n d i
k o w a k i a
u n g o n g o l a k i
k o s o t o o v a k i
k o o n g i w i k o t a a
w a n a a n a a k i
k o v a n d k i m i k o a
k o n g o o m i e m i o t i k a
k o e n i k a a
k o u k i l a k n a k o b o n a k i a
a l a o t a i
k a w a k b w a n o k i a
m e m i l e m i s u a k i
o t e o l k o m i o f a n a k i
k o m b a n g a a
k o l a l i n g a
k o k o s u i n g i b e b a
o t a n g o l a o l e l b e b i t e l m e l a i
k o t e k a k o y i a
e m i t i e k a k o z u a k i
w a k i u n g g o l a a k i
k o s i i
o l i z e l i
k o l u k a z a l a
k o k i m a a t o m b a
k o b a l a d e m e l a a
o k o e k o d a k b o m t o t o o m i n d i a k i
k o e n g s i g a k w i s a l a
b e d a k i
k a n g i
k a b w a a
o f u n o m a i
s i k a i
l e l e n g a k a k i
o f a l i s s i m b k a k i
k o l i n i k u w a l a k a
k o k o v a a
k o o n g a o y e l a a
b i s i i
k o o b e n k o k i a
d e i e n i
k o t u o s u a m e m a a k i
o z u w u w i a k i
k o m b a k a
i n d i a k i
k o l a y i b o k i a k i
z u w i i m e n g k a k i
k o z a a k i e m a a
k o o t a n t o i n a
k o s i k o f a z u w i a k i
u w a k i
b i u m b a i
k i m a a k i
l e m t i n d a k i
l u m b t o n g i n a k i
k o i s i o m b g a u i a
b i s k a n l i n g a k i
i m i y o k u k a i
e n d e i
k o a n g i i b a e l e a
k o o k a b o l o k o k i e m a k t i n d a
k o s a l n g i s a
o n g a k o z u w a k i
k o a b n d e a a
a k a o l a k a k i
k o e a o y i a
g o l k o m i o t u i
e m i k o s i i
k o l i n k o l i a
k o n g a k o k o a
k o o m a k a
k o o b e b k o s i b a l i a
o y i b o t u i
k o y o k a
l i s a t e k i
u w a w i t e k i
a n g i o t i n a k i
k o m a k i a
k o e a k l u k i n d a i a o t a
k e n d o l i a k i
k o o t i o b o a
a l a o k e n i
o b o m i
