E i n z e l n a c h w e i s e
E i n z e l n a c h w e i s e
E i n z e l n a c h w e i s e n
E i n z e l n a c h w e i s e
E i n z e l n a c h w e i s
E i n z e l n a c h w e i s
E i n z e l n a c h w e i s
E i n z e l n a c h w e i s
L i t e r a t u r e n
L i t e r a t u r e n
L i t e r a t u r e n
L i t e r a t u r e n
L i t e r a t u r
L i t e r a t u r
L i t e r a t u r
L i t e r a t u r
M i t g l i e d e r
M i t g l i e d e r
M i t g l i e d e r n
M i t g l i e d e r
M i t g l i e d e s
M i t g l i e d
M i t g l i e d
M i t g l i e d
U n i v e r s i t ä t e n
U n i v e r s i t ä t e n
U n i v e r s i t ä t e n
U n i v e r s i t ä t e n
U n i v e r s i t ä t
U n i v e r s i t ä t
U n i v e r s i t ä t
U n i v e r s i t ä t
F u ß b a l l s p i e l e r
F u ß b a l l s p i e l e r
F u ß b a l l s p i e l e r
F u ß b a l l s p i e l e r
F u ß b a l l s p i e l e r n
F u ß b a l l s p i e l e r
F u ß b a l l s p i e l e r
F u ß b a l l s p i e l e r s
V e r l a g e
V e r l a g e
V e r l a g e n
V e r l a g e
V e r l a g e s
V e r l a g
V e r l a g
V e r l a g
F a m i l i e
F a m i l i e
F a m i l i e
F a m i l i e n
F a m i l i e n
F a m i l i e n
F a m i l i e n
F a m i l i e
b e f a n d e n
b e f a n d e n
b e f ä n d e n
b e f ä n d e n
b e f a n d e s t
b e f ä n d e s t
b e f a n d e t
b e f ä n d e t
b e f ä n d e
b e f ä n d e
b e f a n d
b e f a n d
b e f i n d e n d
b e f i n d e n
b e f i n d e n
b e f i n d e n
b e f i n d e n
b e f i n d e n
b e f i n d e s t
b e f i n d e s t
b e f i n d e t
b e f i n d e t
b e f i n d e t
b e f i n d e t
b e f i n d e
b e f i n d e
b e f i n d e
b e f i n d e
b e f u n d e n
D e u t s c h e
D e u t s c h e n
D e u t s c h e n
D e u t s c h e n
D e u t s c h e n
D e u t s c h e n
D e u t s c h e n
D e u t s c h e
P e r s o n e n
P e r s o n e n
P e r s o n e n
P e r s o n e n
P e r s o n
P e r s o n
P e r s o n
P e r s o n
b e k a n n t e n
b e k a n n t e n
b e k a n n t e s t
b e k a n n t e t
b e k a n n t e
b e k a n n t e
b e k a n n t
b e k e n n e n d
b e k e n n e n
b e k e n n e n
b e k e n n e n
b e k e n n e n
b e k e n n e n
b e k e n n e s t
b e k e n n e t
b e k e n n e
b e k e n n e
b e k e n n e
b e k e n n s t
b e k e n n t e n
b e k e n n t e n
b e k e n n t e s t
b e k e n n t e t
b e k e n n t e
b e k e n n t e
b e k e n n t
b e k e n n t
b e k e n n t
b e k e n n
S t a a t e n
S t a a t e n
S t a a t e n
S t a a t e n
S t a a t e s
S t a a t
S t a a t
S t a a t
M e n s c h e n
M e n s c h e n
M e n s c h e n
M e n s c h e n
M e n s c h e n
M e n s c h e n
M e n s c h e n
M e n s c h
e i n i g e n d
e i n i g e n
e i n i g e n
e i n i g e n
e i n i g e n
e i n i g e n
e i n i g e s t
e i n i g e t
e i n i g e
e i n i g e
e i n i g e
e i n i g s t
e i n i g t e n
e i n i g t e n
e i n i g t e n
e i n i g t e n
e i n i g t e s t
e i n i g t e s t
e i n i g t e t
e i n i g t e t
e i n i g t e
e i n i g t e
e i n i g t e
e i n i g t e
e i n i g t
e i n i g t
e i n i g t
e i n i g
g e e i n i g t
g e n a n n t
n a n n t e n
n a n n t e n
n a n n t e s t
n a n n t e t
n a n n t e
n a n n t e
n e n n e n d
n e n n e n
n e n n e n
n e n n e n
n e n n e n
n e n n e n
n e n n e s t
n e n n e t
n e n n e
n e n n e
n e n n e
n e n n s t
n e n n t e n
n e n n t e n
n e n n t e s t
n e n n t e t
n e n n t e
n e n n t e
n e n n t
n e n n t
b e s t a n d e n
b e s t a n d e n
b e s t a n d e n
b e s t ä n d e n
b e s t ä n d e n
b e s t a n d e s t
b e s t ä n d e s t
b e s t a n d e t
b e s t ä n d e t
b e s t ä n d e
b e s t ä n d e
b e s t a n d
b e s t a n d
b e s t e h e n d
b e s t e h e n
b e s t e h e n
b e s t e h e n
b e s t e h e n
b e s t e h e n
b e s t e h e s t
b e s t e h e t
b e s t e h e
b e s t e h e
b e s t e h e
b e s t e h s t
b e s t e h t
b e s t e h t
b e s t e h t
b e s t e h
s t u d i e r e n d
s t u d i e r e n
s t u d i e r e n
s t u d i e r e n
s t u d i e r e n
s t u d i e r e n
s t u d i e r e s t
s t u d i e r e t
s t u d i e r e
s t u d i e r e
s t u d i e r e
s t u d i e r s t
s t u d i e r t e n
s t u d i e r t e n
s t u d i e r t e n
s t u d i e r t e n
s t u d i e r t e s t
s t u d i e r t e s t
s t u d i e r t e t
s t u d i e r t e t
s t u d i e r t e
s t u d i e r t e
s t u d i e r t e
s t u d i e r t e
s t u d i e r t
s t u d i e r t
s t u d i e r t
s t u d i e r t
s t u d i e r
P r o v i n z e n
P r o v i n z e n
P r o v i n z e n
P r o v i n z e n
P r o v i n z
P r o v i n z
P r o v i n z
P r o v i n z
K i l o m e t e r
K i l o m e t e r
K i l o m e t e r
K i l o m e t e r
K i l o m e t e r n
K i l o m e t e r
K i l o m e t e r
K i l o m e t e r s
g e g r ü n d e t
g r ü n d e n d
g r ü n d e n
g r ü n d e n
g r ü n d e n
g r ü n d e n
g r ü n d e n
g r ü n d e s t
g r ü n d e s t
g r ü n d e t e n
g r ü n d e t e n
g r ü n d e t e n
g r ü n d e t e n
g r ü n d e t e s t
g r ü n d e t e s t
g r ü n d e t e t
g r ü n d e t e t
g r ü n d e t e
g r ü n d e t e
g r ü n d e t e
g r ü n d e t e
g r ü n d e t
g r ü n d e t
g r ü n d e t
g r ü n d e t
g r ü n d e
g r ü n d e
g r ü n d e
g r ü n d e
W e l t k r i e g e
W e l t k r i e g e
W e l t k r i e g e n
W e l t k r i e g e
W e l t k r i e g e s
W e l t k r i e g
W e l t k r i e g
W e l t k r i e g
V e r e i n e
V e r e i n e
V e r e i n e n
V e r e i n e
V e r e i n e s
V e r e i n
V e r e i n
V e r e i n
S c h w e i z e r
S c h w e i z e r
S c h w e i z e r
S c h w e i z e r
S c h w e i z e r n
S c h w e i z e r
S c h w e i z e r
S c h w e i z e r s
G e b i e t e
G e b i e t e
G e b i e t e n
G e b i e t e
G e b i e t e s
G e b i e t
G e b i e t
G e b i e t
W e b s i t e
W e b s i t e
W e b s i t e
W e b s i t e
W e b s i t e s
W e b s i t e s
W e b s i t e s
W e b s i t e s
B i s c h ö f e
B i s c h ö f e
B i s c h ö f e n
B i s c h ö f e
B i s c h o f
B i s c h o f
B i s c h o f
B i s c h o f s
E n t w i c k l u n g
E n t w i c k l u n g
E n t w i c k l u n g
E n t w i c k l u n g
P a r t e i e n
P a r t e i e n
P a r t e i e n
P a r t e i e n
P a r t e i
P a r t e i
P a r t e i
P a r t e i
C o u n t y
C o u n t y
C o u n t y
C o u n t y
C o u n t y s
C o u n t y s
C o u n t y s
C o u n t y s
ü b e r n a h m e n
ü b e r n a h m e n
ü b e r n ä h m e n
ü b e r n ä h m e n
ü b e r n ä h m e s t
ü b e r n ä h m e t
ü b e r n ä h m e
ü b e r n ä h m e
ü b e r n a h m s t
ü b e r n a h m t
ü b e r n a h m
ü b e r n a h m
ü b e r n e h m e n d
ü b e r n e h m e n
ü b e r n e h m e n
ü b e r n e h m e n
ü b e r n e h m e n
ü b e r n e h m e n
ü b e r n e h m e s t
ü b e r n e h m e t
ü b e r n e h m e
ü b e r n e h m e
ü b e r n e h m e
ü b e r n e h m t
ü b e r n e h m t
ü b e r n i m m s t
ü b e r n i m m t
ü b e r n i m m
ü b e r n o m m e n
G e s e l l s c h a f t e n
G e s e l l s c h a f t e n
G e s e l l s c h a f t e n
G e s e l l s c h a f t e n
G e s e l l s c h a f t
G e s e l l s c h a f t
G e s e l l s c h a f t
G e s e l l s c h a f t
g e w ä h l t
w ä h l e n d
w ä h l e n
w ä h l e n
w ä h l e n
w ä h l e n
w ä h l e n
w ä h l e s t
w ä h l e t
w ä h l e
w ä h l e
w ä h l e
w ä h l s t
w ä h l t e n
w ä h l t e n
w ä h l t e n
w ä h l t e n
w ä h l t e s t
w ä h l t e s t
w ä h l t e t
w ä h l t e t
w ä h l t e
w ä h l t e
w ä h l t e
w ä h l t e
w ä h l t
w ä h l t
w ä h l t
w ä h l
e r r i c h t e n d
e r r i c h t e n
e r r i c h t e n
e r r i c h t e n
e r r i c h t e n
e r r i c h t e n
e r r i c h t e s t
e r r i c h t e s t
e r r i c h t e t e n
e r r i c h t e t e n
e r r i c h t e t e n
e r r i c h t e t e n
e r r i c h t e t e s t
e r r i c h t e t e s t
e r r i c h t e t e t
e r r i c h t e t e t
e r r i c h t e t e
e r r i c h t e t e
e r r i c h t e t e
e r r i c h t e t e
e r r i c h t e t
e r r i c h t e t
e r r i c h t e t
e r r i c h t e t
e r r i c h t e t
e r r i c h t e
e r r i c h t e
e r r i c h t e
e r r i c h t e
S c h l ö s s e r
S c h l ö s s e r
S c h l ö s s e r n
S c h l ö s s e r
S c h l o s s e s
S c h l o s s
S c h l o s s
S c h l o s s
R a h m e n
R a h m e n
R a h m e n
R a h m e n
R a h m e n
R a h m e n
R a h m e n
R a h m e n s
e r s c h e i n e n d
e r s c h e i n e n
e r s c h e i n e n
e r s c h e i n e n
e r s c h e i n e n
e r s c h e i n e n
e r s c h e i n e s t
e r s c h e i n e t
e r s c h e i n e
e r s c h e i n e
e r s c h e i n e
e r s c h e i n s t
e r s c h e i n t
e r s c h e i n t
e r s c h e i n t
e r s c h e i n
e r s c h i e n e n
e r s c h i e n e n
e r s c h i e n e n
e r s c h i e n e n
e r s c h i e n e n
e r s c h i e n e s t
e r s c h i e n e t
e r s c h i e n e
e r s c h i e n e
e r s c h i e n s t
e r s c h i e n t
e r s c h i e n
e r s c h i e n
B e i s p i e l e
B e i s p i e l e
B e i s p i e l e n
B e i s p i e l e
B e i s p i e l e s
B e i s p i e l
B e i s p i e l
B e i s p i e l
P r o z e n t e
P r o z e n t e
P r o z e n t e n
P r o z e n t e
P r o z e n t e s
P r o z e n t
P r o z e n t
P r o z e n t
A u f l a g e
A u f l a g e
A u f l a g e
A u f l a g e n
A u f l a g e n
A u f l a g e n
A u f l a g e n
A u f l a g e
E i n s ä t z e
E i n s ä t z e
E i n s ä t z e n
E i n s ä t z e
E i n s a t z e s
E i n s a t z
E i n s a t z
E i n s a t z
S c h a u s p i e l e r
S c h a u s p i e l e r
S c h a u s p i e l e r
S c h a u s p i e l e r
S c h a u s p i e l e r n
S c h a u s p i e l e r
S c h a u s p i e l e r
S c h a u s p i e l e r s
W e s t e
W e s t e
W e s t e
W e s t e n
W e s t e n
W e s t e n
W e s t e n
W e s t e
B e d e u t u n g e n
B e d e u t u n g e n
B e d e u t u n g e n
B e d e u t u n g e n
B e d e u t u n g
B e d e u t u n g
B e d e u t u n g
B e d e u t u n g
T e i l n e h m e r
T e i l n e h m e r
T e i l n e h m e r
T e i l n e h m e r
T e i l n e h m e r n
T e i l n e h m e r
T e i l n e h m e r
T e i l n e h m e r s
B e v ö l k e r u n g e n
B e v ö l k e r u n g e n
B e v ö l k e r u n g e n
B e v ö l k e r u n g e n
B e v ö l k e r u n g
B e v ö l k e r u n g
B e v ö l k e r u n g
B e v ö l k e r u n g
T r ä g e r
T r ä g e r
T r ä g e r
T r ä g e r
T r ä g e r n
T r ä g e r
T r ä g e r
T r ä g e r s
K o m p o n i s t e n
K o m p o n i s t e n
K o m p o n i s t e n
K o m p o n i s t e n
K o m p o n i s t e n
K o m p o n i s t e n
K o m p o n i s t e n
K o m p o n i s t
v e r ö f f e n t l i c h e n d
v e r ö f f e n t l i c h e n
v e r ö f f e n t l i c h e n
v e r ö f f e n t l i c h e n
v e r ö f f e n t l i c h e n
v e r ö f f e n t l i c h e n
v e r ö f f e n t l i c h e s t
v e r ö f f e n t l i c h e t
v e r ö f f e n t l i c h e
v e r ö f f e n t l i c h e
v e r ö f f e n t l i c h e
v e r ö f f e n t l i c h s t
v e r ö f f e n t l i c h t e n
v e r ö f f e n t l i c h t e n
v e r ö f f e n t l i c h t e n
v e r ö f f e n t l i c h t e n
v e r ö f f e n t l i c h t e s t
v e r ö f f e n t l i c h t e s t
v e r ö f f e n t l i c h t e t
v e r ö f f e n t l i c h t e t
v e r ö f f e n t l i c h t e
v e r ö f f e n t l i c h t e
v e r ö f f e n t l i c h t e
v e r ö f f e n t l i c h t e
v e r ö f f e n t l i c h t
v e r ö f f e n t l i c h t
v e r ö f f e n t l i c h t
v e r ö f f e n t l i c h t
v e r ö f f e n t l i c h
Q u e l l e
Q u e l l e
Q u e l l e
Q u e l l e n
Q u e l l e n
Q u e l l e n
Q u e l l e n
Q u e l l e
S p i e l e r
S p i e l e r
S p i e l e r
S p i e l e r
S p i e l e r n
S p i e l e r
S p i e l e r
S p i e l e r s
R e p u b l i k e n
R e p u b l i k e n
R e p u b l i k e n
R e p u b l i k e n
R e p u b l i k
R e p u b l i k
R e p u b l i k
R e p u b l i k
P r ä s i d e n t e n
P r ä s i d e n t e n
P r ä s i d e n t e n
P r ä s i d e n t e n
P r ä s i d e n t e n
P r ä s i d e n t e n
P r ä s i d e n t e n
P r ä s i d e n t
K l a s s e
K l a s s e
K l a s s e
K l a s s e n
K l a s s e n
K l a s s e n
K l a s s e n
K l a s s e
A k a d e m i e
A k a d e m i e
A k a d e m i e
A k a d e m i e n
A k a d e m i e n
A k a d e m i e n
A k a d e m i e n
A k a d e m i e
S o m m e r
S o m m e r
S o m m e r
S o m m e r
S o m m e r n
S o m m e r
S o m m e r
S o m m e r s
O r g a n i s a t i o n e n
O r g a n i s a t i o n e n
O r g a n i s a t i o n e n
O r g a n i s a t i o n e n
O r g a n i s a t i o n
O r g a n i s a t i o n
O r g a n i s a t i o n
O r g a n i s a t i o n
g e s e t z t
s e t z e n d
s e t z e n
s e t z e n
s e t z e n
s e t z e n
s e t z e n
s e t z e s t
s e t z e t
s e t z e
s e t z e
s e t z e
s e t z t e n
s e t z t e n
s e t z t e n
s e t z t e n
s e t z t e s t
s e t z t e s t
s e t z t e t
s e t z t e t
s e t z t e
s e t z t e
s e t z t e
s e t z t e
s e t z t
s e t z t
s e t z t
B a u w e r k e
B a u w e r k e
B a u w e r k e n
B a u w e r k e
B a u w e r k e s
B a u w e r k
B a u w e r k
B a u w e r k
K u l t u r e n
K u l t u r e n
K u l t u r e n
K u l t u r e n
K u l t u r
K u l t u r
K u l t u r
K u l t u r
B r ü d e r
B r u d e r
B r u d e r
B r ü d e r
B r ü d e r n
B r ü d e r
B r u d e r
B r u d e r s
K ü n s t l e r
K ü n s t l e r
K ü n s t l e r
K ü n s t l e r
K ü n s t l e r n
K ü n s t l e r
K ü n s t l e r
K ü n s t l e r s
V e r t r ä g e
V e r t r ä g e
V e r t r ä g e n
V e r t r ä g e
V e r t r a g e s
V e r t r a g
V e r t r a g
V e r t r a g
P o l i t i k e n
P o l i t i k e n
P o l i t i k e n
P o l i t i k e n
P o l i t i k
P o l i t i k
P o l i t i k
P o l i t i k
K a i s e r
K a i s e r
K a i s e r
K a i s e r
K a i s e r n
K a i s e r
K a i s e r
K a i s e r s
K l ö s t e r
K l o s t e r
K l o s t e r
K l ö s t e r
K l ö s t e r n
K l ö s t e r
K l o s t e r
K l o s t e r s
B e t r i e b e
B e t r i e b e
B e t r i e b e n
B e t r i e b e
B e t r i e b e s
B e t r i e b
B e t r i e b
B e t r i e b
S p i e l e
S p i e l e
S p i e l e n
S p i e l e
S p i e l e s
S p i e l
S p i e l
S p i e l
g e n u t z t
n u t z e n d
n u t z e n
n u t z e n
n u t z e n
n u t z e n
n u t z e n
n u t z e s t
n u t z e t
n u t z e
n u t z e
n u t z e
n u t z t e n
n u t z t e n
n u t z t e n
n u t z t e n
n u t z t e s t
n u t z t e s t
n u t z t e t
n u t z t e t
n u t z t e
n u t z t e
n u t z t e
n u t z t e
n u t z t
n u t z t
n u t z t
n u t z t
n u t z
S t r e c k e
S t r e c k e
S t r e c k e
S t r e c k e n
S t r e c k e n
S t r e c k e n
S t r e c k e n
S t r e c k e
A u s z e i c h n u n g e n
A u s z e i c h n u n g e n
A u s z e i c h n u n g e n
A u s z e i c h n u n g e n
A u s z e i c h n u n g
A u s z e i c h n u n g
A u s z e i c h n u n g
A u s z e i c h n u n g
H ä l f t e
H ä l f t e
H ä l f t e
H ä l f t e n
H ä l f t e n
H ä l f t e n
H ä l f t e n
H ä l f t e
a u f g e n o m m e n
a u f n e h m e n d
a u f n e h m e n
n a h m _ a u f
n a h m _ a u f
n ä h m e _ a u f
n ä h m e _ a u f
n a h m e n _ a u f
n a h m e n _ a u f
n ä h m e n _ a u f
n ä h m e n _ a u f
n ä h m e s t _ a u f
n ä h m e t _ a u f
n a h m s t _ a u f
n a h m t _ a u f
n e h m e _ a u f
n e h m e _ a u f
n e h m e _ a u f
n e h m e n _ a u f
n e h m e n _ a u f
n e h m e n _ a u f
n e h m e n _ a u f
n e h m e s t _ a u f
n e h m e t _ a u f
n e h m t _ a u f
n e h m t _ a u f
n i m m _ a u f
n i m m s t _ a u f
n i m m t _ a u f
g e g l i c h e n
g l e i c h e n d
g l e i c h e n
g l e i c h e n
g l e i c h e n
g l e i c h e n
g l e i c h e n
g l e i c h e s t
g l e i c h e t
g l e i c h e
g l e i c h e
g l e i c h e
g l e i c h s t
g l e i c h t
g l e i c h t
g l e i c h t
g l e i c h
g l i c h e n
g l i c h e n
g l i c h e n
g l i c h e n
g l i c h e s t
g l i c h e t
g l i c h e
g l i c h e
g l i c h s t
g l i c h t
g l i c h
g l i c h
B e z e i c h n u n g e n
B e z e i c h n u n g e n
B e z e i c h n u n g e n
B e z e i c h n u n g e n
B e z e i c h n u n g
B e z e i c h n u n g
B e z e i c h n u n g
B e z e i c h n u n g
B ü r g e r m e i s t e r
B ü r g e r m e i s t e r
B ü r g e r m e i s t e r
B ü r g e r m e i s t e r
B ü r g e r m e i s t e r n
B ü r g e r m e i s t e r
B ü r g e r m e i s t e r
B ü r g e r m e i s t e r s
S t e l l e
S t e l l e
S t e l l e
S t e l l e n
S t e l l e n
S t e l l e n
S t e l l e n
S t e l l e
F i n a l e
F i n a l e
F i n a l e
F i n a l e
F i n a l e n
F i n a l e
F i n a l e
F i n a l e s
e r w ä h n e n d
e r w ä h n e n
e r w ä h n e n
e r w ä h n e n
e r w ä h n e n
e r w ä h n e n
e r w ä h n e s t
e r w ä h n e t
e r w ä h n e
e r w ä h n e
e r w ä h n e
e r w ä h n s t
e r w ä h n t e n
e r w ä h n t e n
e r w ä h n t e n
e r w ä h n t e n
e r w ä h n t e s t
e r w ä h n t e s t
e r w ä h n t e t
e r w ä h n t e t
e r w ä h n t e
e r w ä h n t e
e r w ä h n t e
e r w ä h n t e
e r w ä h n t
e r w ä h n t
e r w ä h n t
e r w ä h n t
e r w ä h n
g e k o m m e n
k a m e n
k a m e n
k ä m e n
k ä m e n
k ä m e s t
k ä m e t
k ä m e
k ä m e
k a m s t
k a m t
k a m
k a m
k o m m e n d
k o m m e n
k o m m e n
k o m m e n
k o m m e n
k o m m e n
k o m m e s t
k o m m e t
k o m m e
k o m m e
k o m m e
k o m m s t
k o m m t
k o m m t
G r ü n d u n g e n
G r ü n d u n g e n
G r ü n d u n g e n
G r ü n d u n g e n
G r ü n d u n g
G r ü n d u n g
G r ü n d u n g
G r ü n d u n g
g e s t a m m t
s t a m m e n d
s t a m m e n
s t a m m e n
s t a m m e n
s t a m m e n
s t a m m e n
s t a m m e s t
s t a m m e t
s t a m m e
s t a m m e
s t a m m e
s t a m m s t
s t a m m t e n
s t a m m t e n
s t a m m t e n
s t a m m t e n
s t a m m t e s t
s t a m m t e s t
s t a m m t e t
s t a m m t e t
s t a m m t e
s t a m m t e
s t a m m t e
s t a m m t e
s t a m m t
s t a m m t
s t a m m t
s t a m m
K ö n i g r e i c h e
K ö n i g r e i c h e
K ö n i g r e i c h e n
K ö n i g r e i c h e
K ö n i g r e i c h e s
K ö n i g r e i c h
K ö n i g r e i c h
K ö n i g r e i c h
v e r h e i r a t e n d
v e r h e i r a t e n
v e r h e i r a t e n
v e r h e i r a t e n
v e r h e i r a t e n
v e r h e i r a t e n
v e r h e i r a t e s t
v e r h e i r a t e s t
v e r h e i r a t e t e n
v e r h e i r a t e t e n
v e r h e i r a t e t e n
v e r h e i r a t e t e n
v e r h e i r a t e t e s t
v e r h e i r a t e t e s t
v e r h e i r a t e t e t
v e r h e i r a t e t e t
v e r h e i r a t e t e
v e r h e i r a t e t e
v e r h e i r a t e t e
v e r h e i r a t e t e
v e r h e i r a t e t
v e r h e i r a t e t
v e r h e i r a t e t
v e r h e i r a t e t
v e r h e i r a t e t
v e r h e i r a t e
v e r h e i r a t e
v e r h e i r a t e
v e r h e i r a t e
a n g e s c h l o s s e n
a n s c h l i e ß e n d
a n s c h l i e ß e n
s c h l i e ß _ a n
s c h l i e ß e _ a n
s c h l i e ß e _ a n
s c h l i e ß e _ a n
s c h l i e ß e n _ a n
s c h l i e ß e n _ a n
s c h l i e ß e n _ a n
s c h l i e ß e n _ a n
s c h l i e ß e s t _ a n
s c h l i e ß e t _ a n
s c h l i e ß t _ a n
s c h l i e ß t _ a n
s c h l i e ß t _ a n
s c h l i e ß t _ a n
s c h l o s s _ a n
s c h l o s s _ a n
s c h l ö s s e _ a n
s c h l ö s s e _ a n
s c h l o s s e n _ a n
s c h l o s s e n _ a n
s c h l ö s s e n _ a n
s c h l ö s s e n _ a n
s c h l o s s e s t _ a n
s c h l ö s s e s t _ a n
s c h l ö s s e t _ a n
s c h l o s s t _ a n
F o l g e
F o l g e
F o l g e
F o l g e n
F o l g e n
F o l g e n
F o l g e n
F o l g e
B e z i r k e
B e z i r k e
B e z i r k e n
B e z i r k e
B e z i r k e s
B e z i r k
B e z i r k
B e z i r k
e n t w i c k e l e s t
e n t w i c k e l e t
e n t w i c k e l e
e n t w i c k e l e
e n t w i c k e l n d
e n t w i c k e l n
e n t w i c k e l n
e n t w i c k e l n
e n t w i c k e l n
e n t w i c k e l n
e n t w i c k e l s t
e n t w i c k e l t e n
e n t w i c k e l t e n
e n t w i c k e l t e n
e n t w i c k e l t e n
e n t w i c k e l t e s t
e n t w i c k e l t e s t
e n t w i c k e l t e t
e n t w i c k e l t e t
e n t w i c k e l t e
e n t w i c k e l t e
e n t w i c k e l t e
e n t w i c k e l t e
e n t w i c k e l t
e n t w i c k e l t
e n t w i c k e l t
e n t w i c k e l t
e n t w i c k l e
e n t w i c k l e
W a p p e n
W a p p e n
W a p p e n
W a p p e n
W a p p e n
W a p p e n
W a p p e n
W a p p e n s
B e s i t z e s
B e s i t z
B e s i t z
B e s i t z
S t a f f e l
S t a f f e l
S t a f f e l
S t a f f e l n
S t a f f e l n
S t a f f e l n
S t a f f e l n
S t a f f e l
H o c h s c h u l e
H o c h s c h u l e
H o c h s c h u l e
H o c h s c h u l e n
H o c h s c h u l e n
H o c h s c h u l e n
H o c h s c h u l e n
H o c h s c h u l e
u m f a s s e n d
u m f a s s e n
u m f a s s e n
u m f a s s e n
u m f a s s e n
u m f a s s e n
u m f a s s e s t
u m f a s s e t
u m f a s s e
u m f a s s e
u m f a s s e
u m f a s s t e n
u m f a s s t e n
u m f a s s t e n
u m f a s s t e n
u m f a s s t e s t
u m f a s s t e s t
u m f a s s t e t
u m f a s s t e t
u m f a s s t e
u m f a s s t e
u m f a s s t e
u m f a s s t e
u m f a s s t
u m f a s s t
u m f a s s t
u m f a s s t
u m f a s s t
u m f a s s
d i e n e n d
d i e n e n
d i e n e n
d i e n e n
d i e n e n
d i e n e n
d i e n e s t
d i e n e t
d i e n e
d i e n e
d i e n e
d i e n s t
d i e n t e n
d i e n t e n
d i e n t e n
d i e n t e n
d i e n t e s t
d i e n t e s t
d i e n t e t
d i e n t e t
d i e n t e
d i e n t e
d i e n t e
d i e n t e
d i e n t
d i e n t
d i e n t
d i e n
g e d i e n t
Z e n t r e n
Z e n t r e n
Z e n t r e n
Z e n t r e n
Z e n t r u m
Z e n t r u m
Z e n t r u m
Z e n t r u m s
T r u p p e
T r u p p e
T r u p p e
T r u p p e n
T r u p p e n
T r u p p e n
T r u p p e n
T r u p p e
M u s i k e r
M u s i k e r
M u s i k e r
M u s i k e r
M u s i k e r n
M u s i k e r
M u s i k e r
M u s i k e r s
B e g r i f f e
B e g r i f f e
B e g r i f f e n
B e g r i f f e
B e g r i f f e s
B e g r i f f
B e g r i f f
B e g r i f f
H e r r s c h a f t e n
H e r r s c h a f t e n
H e r r s c h a f t e n
H e r r s c h a f t e n
H e r r s c h a f t
H e r r s c h a f t
H e r r s c h a f t
H e r r s c h a f t
H e s s e n
H e s s e n
H e s s e n
H e s s e n
H e s s e n
H e s s e n
H e s s e n
H e s s e
S t a d t t e i l e
S t a d t t e i l e
S t a d t t e i l e n
S t a d t t e i l e
S t a d t t e i l e s
S t a d t t e i l
S t a d t t e i l
S t a d t t e i l
c h t r e s s c h o t e n
r n i m t z t r u m s ä n d e s t
i l i e t H e r r n
s t e s s e r n ä g e n
K u l i r k e n
e i n i e t z e
e n t l
d e r s e s
g e n u s t
l e n d C o u n
s p i r e i i s c t e
e r k e i n a
d e n h s t e i r a t
n z d e u t s a t i ö s s e r
m e i l l e
o n ö f f t e n
t l a t z e e r l c h w i e n
e z i e n
e s c a h m e n
e i e n n u
ü n d e A u f l n
r i c h a t z e n
d i e r m m s a t z n
h m t ä n s s e n
r u m d e t i e r t
ä l f t u f n ä s i n
S t r
P r g e d m t e s n
i s c l o c h e t ä g e
b e s e f u
B r ü a u f n d
e w ä e v r g e r b e r n
a m i r m e i F o l g n
v ö l k s s e t t
a a h ö f e t e h
o l g c h i e n
H e r u b l i
e r n ä n e n e h t a n n t e s t
p u b z e n d l i c
t r a g u f g
i s a t
e f i n l e
e r e n t e
i g e t f l a g b e r n
r m e t r e n n a c h k e l t f g e t e
h l e
l i s ä t z z e l n i e n e n
D e l a s t
z e n i l e m m e d
w i c o n i s s s e s
d e t t t e t
g e r m g l e s p i e t e
m m l n e a n d
o m m s T r u l t e n
g e g t e n g e d i s t ä n t
u l e n ä h l s l o s s n
s t ä n a g t e s t
e s s e l l e n
s c h e t e
e s i g e w ä u p p n
l o s s g t e s c h o s t
n a n n n t e t
p e R a h m V e
m f a s m s t n a c h ä m e e r w ä ä n d e t
e r u h t e M i f a s n e n
ä h n t d t t
s m f a S t a a e b i e e ß e a n
t l e c h i e
g r i f z e t
a n i H o c n n
e g l i r w ä h v ö l
g e s c a h e l n a e r
e z e i u f n H o c h t e s t
l l s p e u f g
t r e n d u n e n
l i c c h w e a f t e e
h e n g l e l s p i
l e s w i c k t
e t z t k e n n e n
z i t g l i a p s z t e n
n i s a i c k l n u i s T e i e r h S p i e e
g e s e u e l a s s e g r ü o s t
n n s b s i t e s t
n z e l R a h m
u e h l z t u t z t n
u w e ß b a t e n
d e m i r e i n
Z e a n g e w ä f i n t e t
h l o s ä n d e t
a d e m r ö e i e e s
e n a s s w ä h l t e
S p l a s s e s
ö l r u m e i z e
t i o n t e
e r k B e z i
i n s a k a d e m e n s e n
B r ü t e l l
b e k a b a l
e b s i i e n e t
ö f e n n
r s i n a f t r o z t e
h n t e
a h m s B r u
z e n d g s i k e
g l ö f i c k
Z e n g r ü i t i r e n d K i l o
s t u d n t e n E n e l t T r u p
g e g w i c n
i l m s t i l i e
u ß G r ü n ö f e
ü n d u t e n
g e r w r a t
K l ö s t e
r a t e n o m m
g e i g r l i k e e s c h t
s z e i s i t z r h e i d e u t g l i c s t
L i t e O r g a s t
u t z t a n s i l o
a i s t e
s i t l ö u s i k
k l e e n n s s t
S c h w h l t e s
t r u m c h e n
u e l l n ä d
ü n d e h l t u n g
e g r ü
n n s t r u m
ü b n n e g e g e i s n
t e r o z e a c h w t e s t
v i n z h w t a f a t e t e l l i n e n e
ä s i ä h l d
K l ö a g e n r e s t l o s s e r n e
ä h n s o v i n e n
i s e r s e l l l n a
e b i e f i n d
e e r g g l r s t f e l n a p p e n
t t r o z g e k o a n d e n
e t z u f n e r k d e t e s t
l t u i e r t s
i k e r b l i t a a t e
s e k o m B e z i ß t a n
e h m t r e n
t g l e r h e n
S p u p
p i ä h l e d u n e f a n e s
T r u L i t e
s p i e h t t g l i
s e t z t a f f u n d e ä n d e t
i k e r t e s t
l i e e r a
n s a n i m e
l k e r g e d i
s l u v e r e ß e n a n
m p o l s t s
K o m f f e h e s t
i e g z i r h n u e ß e t e s t ä n e s t e s
i e r s M u e r s o d
g r e i e n
S o m m i l e n t
u t z ä g e
i n i g e f o m e
t g e H o t e
l k e i l e m e n
r u e f a o u a n d
c h w e d e n d e n
g e k o n a F o k a m s
r h e s t
a m s t e z i b i
f a s s l a g m e i s
t e r r m e
n z e H e s s b e f a
d i b e s e l l e e n
l g e e i e n B i s t e t
s e l l i n i g
n i g s e
s e s t r ö f
r u p p ä h n s n
h o e e i c h e t t
t e t t e t e n
l f n o m m d e n t
f a s ü r g e i e d e r s i f e n s t e h s t
r g a i g l n e
P e r s ü n i r k ü r t e s t
a m c h o a t u r
s i t e
ä n a t i o t e
l e r n p i B i a n g e e d e s n t e ä n t e t e s t
P o i s c
h o f s h e i n a n d
c h e h e s k a m e g r ü s e r n h w e e s
l a g z i r s e s d e n t
h o f s b e f ä
d e u t f f e n t
m e s t L i h i e n
R a h ö l i m m t ä h m e
t y t y s t e h t e r h e c h n
h ö f s s e s s t
ö l k e t e h s
z t e n e i s t e
t a ü b e A u s z e ß e n a n
K l o s i r k e s t e ä g ß e s e h e n
l e s t a u s e
e l s l k e n e s
i g t e a c s e t z t
t w i c i s t t e n
e n s c e l e n e l l t e
k r i U n i f n e h a n d e n
S t a m e n s H ä l e
u d i k o c h s a s K i l o u f i r k e a n n t e
i k b e s t t e s t
g r k a m t o f s
S t r e P o l
s t e l r g a n D e u t e ß e n a n
n i m m e i s e r l m e u e f a n d
e r n o n d e s n
k e l n n e n
u l t u v i
e b e s U n a n d e n
g l e i y s a l l
o s t t e k r
e r t e e i e n e n
r s o e i r a t e
t t a t u r d
l u n g e z i r e n
P a r t g t e n e g e n e r n a
i g r t
r s t t e t
g a n t e n
a m e n
u t e l s t K a i w e i z r i e g n
d t t e l i e ß e n
a n s u t s c t
s i t n i m t e
m m s t l ö s s
c h a u T r u p
r o o m p o n
r k e c h n s t
H o c w ä h l t e n
n t e s g e r n F o l g
s p e h e t z e s e n
t ä n u d e r a n n t e
t e h t
t a d t
e n t r r t r a
ä h n n z e n
K l ö K ö n i l t u
p i e f g e i v c h w t e s n
ä h l s e r t r e h s t n s ä t d
e i z e h t e t l a s n o m m s
h l s t i e g e s
k e r s B e t r
m e n s c h l e s
f e n l n a
c k a f f t e
ä h l n n s i e ß t e n
v i m f a s
n e h m a g e n e s
h s c e s i t
l s c
w ä h t
l o s s ß e s t e s
ö f e d
g t e n z i r k r n e h a r F u ß n
l e c h l o n
i e b ä g r ä s i e c k e
B e t r i l t e t
m t e t l ö s s
f f e s t z m m e n e s t
c h s t n t y e n
m i l e n t w i c i e n e
u b l i t e t e s t
m p o
z e z e r s n s c u s t e
i m m e r ö l e i r s c
e s t ä d e n
k a n n
n s ä t a l l s
l t e s t
l ö s f ä n t
n t l i f a i e d e t
b e f a
t e s s s e r n e n d e n
n o m l a g ä h n t T r u t l i c i n e n t e
e p ä g e r w ä h n t e
h n s
c h l ö m e n e
u n g t
o z e i t ä t
n g k a m n e n
a m s e r e t t
e f a t e
p o n i e g F i e d e u t e s ö n a n d e s t
g e n a c k l e r s o
c h o f ö s s e r
F u s e r p p e n i s c h t e
Z e W e l t e l e r e n
i e l e u t z t
e d e s t l e z e s
a n g e P a r t r u t e n
a n n t s
m p h t e t e u t u t e
P a r t i e n e n
e p u b c h e n v e d
t u n h u t
e r s t c h s c n
u b l i i c h t i f s t
m f a s e i r a i g t t e n
h e n d t e
r s c B ü r g k e s i t g l e s
b i e t u w e r
e n a n e t z t t e n
i m m t i s c h h n l e
s t a n p o e
n i d u n g V e r e s s e s
i e n s t e t e n
e e i n
s p i ä s i
e n o m d e s i m m s t
r r i m e s b e n e
ü r i o n f n ä t e t
l i e ä h n s s i t e n
l t e s e h s g r e i
z e r n h e n g r a n d e n
d e n d t e t e n
h n u n c k e n e s
n s c h a h m t
n t e n e
n d e s e g l i a t m e i i l o m g e k i e n
r ä g F i n a s
a p e v ö l
i g t b a l
p i e l r ä s i n e n
l o s s e s t e
M u s K i l o
u s p s c h o n
c h e t
B r ü z e u t f t
o n m e t e u ß b t e
G e s o m m t
e d e s
t r i n s t l
r e i n e s
u n t y e r s o s t
S c h n
t a d u e l n t e n n
s e n u t ß t a n
r k e n g e n u s t
i s t e r ö f t l i s t
e r s g t e r u n g R a h m e r t e r e n
s i d h m t
g t e t ä h n t n s ä H o c l l s p s t
g l n d e s e c k e k a
O r g t e t
f l a g t w b s i t
ä n l g e n r h
k e n s t
i g e s B e v v e r ö
l u n e s c k e l n e h m s
K ü g e t r H o c a n d e s t
u d s o n e c h i e
r u n g e f ä n S t r t y g r e r i c
e i r h l ö s n e h K i e s
e r t c k l e i l n t e
i z e a l e
h e n W a p p s i t ä
V e r t k r
w i c h w e s
w ä h n i n e n n
l e s r l a r l a g t e n
a m m e h e F a m e s
i r k e ä h n t s e s a c h w g r i s
b s i t h a u s e i s e
W e b s S p i l l e n ö s s e r
m e s f ä n d
k e l t g t t ä t e l t P e
V e r n t e s t e
z e r s i n a r k e t e t
l t k r o m m t n
i t z e S o m h a f
h l t e l l e i t e
t y r a t
o z e g e s t h m s t e
g a n e d i e t w i a t z a u f i d e r e t
r u n d
i z e w i c k
o v e
e i n s s t
g e s t a f d e r n
ä l f r t r a u f n
F o l S t a a t e n
e i l g e n a
m m t t e s t
i c h H o c h o m p o
h e t s i d e g e e
ä h n o v i ö s s e r
F a m n i m m a f t e e s
m e n s W e b t r a g t e
k o w i c k f f s t e t
o c k e l s e n a n
K i r ü d A u s g e t B r t w k e r u t e n
a t i o s
a t z
h e n m m h ö f e
f f e n e f u
e r n t e i e n n s t t e n
i s p i t a a a t i o t e n
m p z i r k k e l e
h n o c h s r ö f f
h m s t u s p i
G e b i ö s s e t e
a d t u d i e s t
ö s t e n
h l e c h s c i n e n s
r t e i t i o u n t n
e r a t t e t e n d s
i e n l e t u t s r s c h n
a t e s h l e t i g s t t e n
m e i s e s
t e h s d u n g
u s i k s z e i d
e g l i u b l r g a i n e s e n
h u l e e n e n t
a m e n
k r e r ö o m e i e n e t
g e s R a
f f e s s ä t l i k e
n i l t e s p e n t e t
s z e s s t c h n u ö f e
e s e t i t i e r
e k e n
n u n i s c r r T e i l n
g e i s p e g e t
a l n i m h o f s i n e n ä t z e P e
s z e M u s i h l ö s s t
ö n e u t W a p p G e b f f i r k e a n n t e s t
m e n s l o s s e n
z e l n n g e n t
ä m e t l t k g e s c e t e n
M u s
i n d D e u
W e b s t r a e
e l t u f g e
s e l i s c h n
u p p e ö n i n
e g e n a u w u m f a t e t e n
R e t t s p c h w e
e r s t l i s m e t e ä l d e r ö f f t
o z e i c h t n i s t t
n s t l i e n h i e n s t K i l o
z i r z e s t
r o z e
e g r ü e r ö f r r s c e n
L i t Q u e l l i t t
ü n d e ä n d
g e r s e t e t
g e B ü r g r t r ö s t
T r s s t e g e e i e n
e t e n t e n
t i o n p i e l
s i k e P r o a m l t u
m p o n n
e r k e n o m m e r t e n d t
K ü n r u m r a g e n
c h s c a s s t e n
h e s
S p i ö f e
c h ö d e e n u e s
e k r ü d e t e t
e f i n e l e s e n
n e h K l ö s
ö s t e e f a n
u p y s o c h s ä t z e n
M e e z i t r a ä n d e
r h n s ä t
n n s t n
u l e n a l a n d e s t
E i n a u f g
u f e h m t r ä g e B a u w
t a f f u d t e
u ß a s e n
t e h s E i n s t
B e v a u w e
c h s i e n t
i c k a d e l f t e
n d m e r s
e h e ä n d e
r e c k
e k t l
e n a f f e l t e
s e n e i p o n i r k e s
a d e m e d i n i g t t
l e i c e r e i t e n
t w i c K i l o m i t z e
t ä n F u ß b a n n t e s t
l ö s t c h e s t e n
i m m s a n n t e n
n n e s h m s t k r i
e ß t z i r k G e b
e ß e n n
e t e G e b m i e n t e t e n
b i t r i G r ü n d
h m e t e n
a u k a d e
u l t u c h a
i g t e z i r k h n e n
u m s ä n d e c h e n t e
ü n d u P o a u w e t
h e i r H o o f s h s c h K l a s t e
k e n e s t S t a d P o l r t o v t
r i e d i l e
e r h T e i r i c K l o
l s c h l a g
a m m
E n m t e f a s t e n
e v h a f
e h e
a n i s g l r ä g e e
n e n d s c h l n d u
s e r s s s t
H e s s e d e s
r a t u l a n n e s
ü n s t u d
e f a e s e l l f t e
a m e n d
i l e b i
g e s u d i s e t z
r a g e t a d t l e i e
o n i s c h a n e t i g s t e s
t a d t n
i d e s e e s
i n a l e
s t a n e n
r i c t r u
z i r k h i
P o l i n
a f t e n o l g e
m i a h m t s
ö s t e
t a f f G r t
ö l k e b s b s u n e r n ä e d i n t w n
g l t e s s t e s
S c h a ä n d e
g l r o p p e e v t
r n i m c h t
r e c e m S p i t
R e p a n s c e n
n e h u w e r n g e n e n
ä l f t e s s e
s t e t ß b a n t w ä t z e n
g l e l s t
i e r s f a i e n e n
a f f t i o r r
ä h n ü n d b s e n
t a f k e l t t
r t e i m m s t ä l f t t e n
t r u m B e t e h e t
ü b s i k e k e r ö f e
n a n n t
K i l m m s g l i
a s s P e r a n d e n
i n s ä t e
a f t b e e k e n t e
s i t ä
e l n d K l g e r m
l s c e i c h e n
i n a l T r u r g a i g e t
c h a u f n e
c k e l s ä e s
w ä h z e u f n e u t s s
F i n a B e A u s
r n e g r ü t g t g l
t w i m m
E n g l i r r s ö l d e m i s
a u f ß e n d n u t e n
W a p p t
K u l t h o
l s c k e r n
ä h n e e n
e t e o z e e n
l t g t e t Z e n t e n
i e d F o t z t o l g e
t k e n e t
G e s l f t e b e f i
P e m m t e n
a t u e t e r g r i f
e n n s m m e n
h i e n S t r s t ä n B e u t
e t z t ß b a n a c a f t t ä n d e
g l m t e t t e s t
m t e a n i s w e i s i e n
a p p e n
i l n e
a t e s H ä l f S t t e n
a c ä t t e n
h l ö e s i t i e n
e n s c h e i n t
f s d e u z t e n
r ä s i p u
b s k r i e g e e i
r ü d e l e
r ü d e K l e d i e t e
e r s c e s i c h u f ä n d t a m n n e s
e r a t r u m s e n
ß b r s i
K l a s W a p S t r e t z e a s s e
ö f e n h e a r n s ä t t
t r ä g i m m t e
n n s s t
E i m e n Z e n n s e n
e d e r ä n d w i c
B e s i e t e s t
n g e s i k e s t e s e s
r i e g e n
h e i n i g s a n d
f e s s c h ö
a n g t g e s
r g c k e
ü n s H o t u i l n e r l a e
i e b e ä l f t s
e r s c s o n t
r e i n t a m m s t
s g t e h m e r i u t ß t a n
e z e t a s t
r n a e r u n i s a t s t
h e i n e s s b e f u
a m e r e t s t l e l s W e s F o l g
a l l e c k e
r g s c h i r r i s t
k l u n h e i t ä t i r a s t
i e l t
m e r s t e t
a s c h e s s
ö f f e M i t
n d u n l t e t e s
K l o o m m l l s p ä g e n
a g e t
g l o n i s c h a i s c h a f i t ä
e i e r ä g e t e n m p o u p t e
O r g g e e i m m e n o m u f l n e n
f l
g l h o f s t
e n t e t e n d s t u d
g e o v i R a h m K l ö t
ä n d r w ä h
a n g e e n
e u T e g r ü t k r
S t e r t e s i n e n
i e n e g l i c f e l n e n
s o n e i l n e t a f f s t e r n
e h e i s t e a l l s
t z t e e
t y s
n t l i
S o m s e t z A u b s i
e i n i o z e d
g l a t e r s c h t
e n o m d t t e
e r k f a s s i k n n e n
y s e g e s e t e s
f a n s i k e s s e e n u t s t g e
r n o s s e n
M e n e l e n o m m t e n
i s p k e r n t e t
ä n d e a a t e e n
e i n e h m
w e i s P o l c h F u
h e t r a t e
p e n s K ö a f t e
l s c m m e t y g e s e ö s s e r
u m s n d e s e n
C o u n e d e s t
i r k e M i t k e l t e
t u r ä n d e
p p k a n u b l C o u n s t
B e z i b l a m e n n
c h e s ä l f h s e n
l ö s s n d e t
a u w e B a u w n
B r ü ä g e r
s ä t s p i e e r h e o l g e g l i c
W a p p e f u n i e e n
e r e i v e r p p z t e s t e s t
T r u p e n
e h e t
m m s t ö s s e e s
n u n g n i
e r l s t u d n i g t e
a i s e r h t
s p i T e i l
ä h n H o c e n
H e s k e n n e l s t l o B a u w a n n t e
l i k ü b e r a i s u n d e n
H ä h i e n r i c t e s t
i f f e ö n n
a u s p s t l e e n
E i n z r a t d
u e e l s f e l n
c h i e t
c h u
v i o s s t ä n d e s t
K l ö s ö f f e e n
c h a u f n z e s t r a t u a n n t e t
h a f t k a n
h m e t u n g e s
h u l t ä n T r ä g
g e o z e i e n e t u d t
d e r n r s c h i t
g t e t t e s t
f e s i n s ä r m e i n
e i r a
c h i t g l u n g t e
e d e s
M i t g K ö e
n u n g u ß b G r ü n g a n
e g l i e n
n a l h n s t g e g r
t g l i t e n
a d e t e s z e n
e r r u ß B e s i
e l t k e i n K l ö s
a t i o b a l l l o s s e n
g e e n a h s a t z e s
L i t e
h n t e e l e
U n S p i O r r ü n
B e g r n e h u t u n e n s c e n
n t l i e h m i e n e n
l t u k e r n t y s
h e s h ö n e n
n t r e
u n g u l e b e n
s a p i s t e ß t a n
i t z e e t r i t
r i c S t r
o l g e B ü r g u d i e
a n d i c h s
e i l e e n
o m r t
n e h s
l g e a u f g i e n e t
l f t e e
g e r u t z d e n B e v ö ä g e
u s i c h e e n
e n s c f n e i n e n s t
g e k t g f e n l k e ä n d e
b l i P o e s
g e r n t
e n t r e r s c s
t u T r u p a a t e h t
a t e W e s i s t n
g e ä h l t t
e t e n l i k n
e n s c r t e U n S o f l a g k e n n
B r ü n i g s r e i n
k a d
g l k o m e n d a h m t
e z e H ä l f e s i t n
a f i l n e k ä m n
V e r e h i i c h
e ß e n a h m e
c h e t n z e l s
n d e t e f ä n i e n
t u r e g r i t e h e e h m e c h e s s
n a n v e e n
h n u o z e n e b s t e
i o i e n s f u n d
F a m i r o z e
S t e n n s s e n
s s i t l s p i ß a n
z e r n g t e t t
u t s o ü d e
w i c k a l l s s s t e n d a n d e n
n t l t t e s
B a u w e
m t e s u s z
i z e r k e l t d e a n n t e n
e h s t t e r e i t a n e s
k e l n l t e n
t r u e n
ä m e n o m m e
m p a m m
e n n i n s a r s i t
K l o n e n d i s e r i n e h w e i e
D e u t O r t e
l t e t t
t ä n
i s a t a a t a h m e n
i s a t S p i e n
G r P a e r w ä s c h u u l e n e n
b e k r w t
i z e u d e r K i l o
i c k k ä
K l ö s z e r e n
i c k o m p a u s p d
e w ä h i t ä
r t e i e n
P o l
t ä t e t e n
r s i
s s e r g t v e H e s s c h u u r e s
l n a z e l n i e r n
s e t z e r k e n t r e e n
r s i i e t e
c h t e l l z e
s p e d i k l e e
e r r t e l k ä m
A u
c h e n n t t
B e v ö t
o l g e e n n e s t g t e
z e n l i e n g t e g t e t e g r r s o n
F i n a
e r e s
p e n l e r n e l e e n
u d e r n o m K u l t u d e r t
e r ö
e f u n
e l e h l e t r s
e t e t s s t e a h m
e s t a e n
l g e L i t h w e e n
P e g a n k o m e l t k o u n
l i k e i c h ä s i d t
t e h s t l i c
u r e e s
f t e n
i l o h i s i k ö f f n
M u s t e n
a l l s e h s t f l a g B e z e i n z e r e s n
m i e n
r g a n t e l l e n
s o n B ü r g e n
l i e ß w e r r ä s
i g s t h l i
g r i i e r e
f ä n d e i r e r n a
m m e n s e s t s i d
t z t e l l e n e r k ä m e n
z e r s c h e
r t e i e s s e
n z e n
i s t l u n n t e e n s t ö n i g p i e s t
m f a s k e l s g r i d e t e
e d e s i e n s s t e h U n i v
i c h o m p o
ä g e n i n a l h l e s
r e s M u s i
i v u n t
a n g e e l l e p u b l o s s e n
r o z e w e i t e r t
P o l i t i o n a u w e a n d e t
a t i M e n s r t e n
m e n d
f ä l e i
l s p g t e s e
t i o n S p u n t y e t n
a u f n i g e
n g e n
f i n d s a t e t e n
a t e r o z e e h t ä g e
e i i e t t u n g s t g e t
s t a m k ä m e ä g e
i e n s t
g l i c t e
ä h l t
t w r n i m t u n g e n
E n t k a k ä m e e ß e a n
r ö z t a a t a c d
i f f e s
o f s
d e s u e l
d e s t a n d e t
n t y s K l ö s
w ä h n l i c e n
m e s t i k e n
C o u n a t i
r k e s t s c h
a r c h u l b e n
S t e e n
t r s s e t
e h e s t ä n d i e n
t u r e e n o m r w ä h m e s t g
o v i n e r l a m e t e t
g l a a t e s t e t s t
ä l f t c h t n
e l s t r u m s i l n e z e t e t z e e n
t a m e n
i s a e n
e i s p
d e r n B ü r p p e n
T e i ä h l T e i Q u a m e k a d e t e
ö s t e
l f K l ö c k l u B r u
h n e t u s i k t e t e n
B ü o f s a l e i e d e t e
s i t e t e t
a t u e s t
s t l e e i l e l n a d
o m m e w ä K u l
P r ä s ü n d e e ß e s s t
r w ä H o c
s t ä w i f s t e
n s a t W e l l l e n
r ö f f
e i l e a c c h l
B r u t z t t
u ß b e n n e t a d t
e i z k r i l f t e t e t e t
e n t w ä n d e t
e z i i g r g e g a n n t e n
l t k
k a m t o n d
r m e t r ä S t r K ü n t
e z ß b a l
o m m e l o s
e n t l m t t e t e n
h w e a n d e n
z t e s h l o s n
s t g a m s t r n i e n
t e r h e u h m e n
a r t e i s t i s p o n e n e d e u
o m e l t e h m t
l a g e e t z h m s t t e t e t
e g r ü l o m e r u p ö f f
k e r e r t
w e r k n d b e k e e s t ä e l l e t
a n n t t e s t
h n e t h s c t
G r ü n o n e r e n n t l i e s
t g e a g e s g e t i e n e n
l a s l l s t e s t
g t e n n u n i v e r t
r ä g i s p t e n
h m s i l n e e n
s t e n n
e s i ü d e r
i s p ä h m e
A u f l ä s d e u t t
t r e n n e t P r o v
i c h t u m s B e v ö s t
e n t s s t e e r ö t a f
e n u m s t c h e n
ö f f e u s z e
s a t i n
i c h s a m m s i t i
i s t h s g l a i s t
n t w i d i i c k l e t e t
e c k e e n e n e z e i n
o m m t t e t e n
p u b l e i e i s t w ä h n z t e n ö s s e r
K l
e i l e t r a t e
S p i ä n d e p u b ä n d e
K a B r ü i t g ö n i t e
d i e r e n
e t z e s e u m f t
l t e s r e t n t w e n
a u s U n g e g m e r n
z e r s t e h s
r g i c k h o f s e s
t g u p p u s i k
s e l n
g l i c n e t e u t s
o s s c h l o t e
a n i w ä e e i ü n d u
b l i k r i t i o
n s c h
a t e d e r n b s v e r
g e d i t
i g e s c h e i
i s t K a ß e t p o n i n
h n e t e h m t n
o l i i l n
k e r n i e n e n
e k o t e s t
ä m h n e n g a s a t z e n
e n a p e n s
r t e s t e
v e S p i e H e s s e i n t c k e n t e n
n n e n
ä h n e
e i z h l e s
W e s e n d s a t t
h a f t r u p p e
e n t l b e f h n e e n
a t i i s t e s t g
g a c k s
K ü s s e t
l i c m m t e e t
s e t r i a t ß t a n
s e r s
r l a g l e i m m s t
t z t s c h
g r e i l
l g m m s t E i t e s t
h ö f f e l i t g l
i e r
i n a
a r a a l n e s t
E i n s i t e e s e l t z t e t e t
