u t l o a e a
s i u t l o a
u y a u t l o a
u z o u t l o a
n i u t l o a
s i y a u t l o a
s i z o u t l o a
b a u t l o a
n i y a u t l o a
b a z o u t l o a
n g i u t l o a
n g i y a u t l o a
b a y a u t l o a
n i u t l o a
u y a u t l o a
n g i z o u t l o a
u u t l o a
u y a u t l o a
u z o u t l o a
p h o m o l o e a
s i p h o m o l o
u y a p h o m o l o
u z o p h o m o l o
n i p h o m o l o
s i y a p h o m o l o
s i z o p h o m o l o
b a p h o m o l o
n i y a p h o m o l o
b a z o p h o m o l o
n g i p h o m o l o
n g i y a p h o m o l o
b a y a p h o m o l o
n i p h o m o l o
u y a p h o m o l o
n g i z o p h o m o l o
u p h o m o l o
u y a p h o m o l o
u z o p h o m o l o
q a l a e a
s i q a l a
u y a q a l a
u z o q a l a
n i q a l a
s i y a q a l a
s i z o q a l a
b a q a l a
n i y a q a l a
b a z o q a l a
n g i q a l a
n g i y a q a l a
b a y a q a l a
n i q a l a
u y a q a l a
n g i z o q a l a
u q a l a
u y a q a l a
u z o q a l a
n w a e a
s i n w a
u y a n w a
u z o n w a
n i n w a
s i y a n w a
s i z o n w a
b a n w a
n i y a n w a
b a z o n w a
n g i n w a
n g i y a n w a
b a y a n w a
n i n w a
u y a n w a
n g i z o n w a
u n w a
u y a n w a
u z o n w a
l u l a e a
s i l u l a
u y a l u l a
u z o l u l a
n i l u l a
s i y a l u l a
s i z o l u l a
b a l u l a
n i y a l u l a
b a z o l u l a
n g i l u l a
n g i y a l u l a
b a y a l u l a
n i l u l a
u y a l u l a
n g i z o l u l a
u l u l a
u y a l u l a
u z o l u l a
j a e a
s i j a
u y a j a
u z o j a
n i j a
s i y a j a
s i z o j a
b a j a
n i y a j a
b a z o j a
n g i j a
n g i y a j a
b a y a j a
n i j a
u y a j a
n g i z o j a
u j a
u y a j a
u z o j a
f o f a e a
s i f o f a
u y a f o f a
u z o f o f a
n i f o f a
s i y a f o f a
s i z o f o f a
b a f o f a
n i y a f o f a
b a z o f o f a
n g i f o f a
n g i y a f o f a
b a y a f o f a
n i f o f a
u y a f o f a
n g i z o f o f a
u f o f a
u y a f o f a
u z o f o f a
e t s a e a
s i e t s a
u y a e t s a
u z o e t s a
n i e t s a
s i y a e t s a
s i z o e t s a
b a e t s a
n i y a e t s a
b a z o e t s a
n g i e t s a
n g i y a e t s a
b a y a e t s a
n i e t s a
u y a e t s a
n g i z o e t s a
u e t s a
u y a e t s a
u z o e t s a
t l o o e a
s i t l o o
u y a t l o o
u z o t l o o
n i t l o o
s i y a t l o o
s i z o t l o o
b a t l o o
n i y a t l o o
b a z o t l o o
n g i t l o o
n g i y a t l o o
b a y a t l o o
n i t l o o
u y a t l o o
n g i z o t l o o
u t l o o
u y a t l o o
u z o t l o o
e e a
s i e
u y a e
u z o e
n i e
s i y a e
s i z o e
b a e
n i y a e
b a z o e
n g i e
n g i y a e
b a y a e
n i e
u y a e
n g i z o e
u e
u y a e
u z o e
q e t e e a
s i q e t e
u y a q e t e
u z o q e t e
n i q e t e
s i y a q e t e
s i z o q e t e
b a q e t e
n i y a q e t e
b a z o q e t e
n g i q e t e
n g i y a q e t e
b a y a q e t e
n i q e t e
u y a q e t e
n g i z o q e t e
u q e t e
u y a q e t e
u z o q e t e
r e k i s a e a
s i r e k i s a
u y a r e k i s a
u z o r e k i s a
n i r e k i s a
s i y a r e k i s a
s i z o r e k i s a
b a r e k i s a
n i y a r e k i s a
b a z o r e k i s a
n g i r e k i s a
n g i y a r e k i s a
b a y a r e k i s a
n i r e k i s a
u y a r e k i s a
n g i z o r e k i s a
u r e k i s a
u y a r e k i s a
u z o r e k i s a
e b e e a
s i e b e
u y a e b e
u z o e b e
n i e b e
s i y a e b e
s i z o e b e
b a e b e
n i y a e b e
b a z o e b e
n g i e b e
n g i y a e b e
b a y a e b e
n i e b e
u y a e b e
n g i z o e b e
u e b e
u y a e b e
u z o e b e
s u t u t s a e a
s i s u t u t s a
u y a s u t u t s a
u z o s u t u t s a
n i s u t u t s a
s i y a s u t u t s a
s i z o s u t u t s a
b a s u t u t s a
n i y a s u t u t s a
b a z o s u t u t s a
n g i s u t u t s a
n g i y a s u t u t s a
b a y a s u t u t s a
n i s u t u t s a
u y a s u t u t s a
n g i z o s u t u t s a
u s u t u t s a
u y a s u t u t s a
u z o s u t u t s a
h u l a a e a
s i h u l a a
u y a h u l a a
u z o h u l a a
n i h u l a a
s i y a h u l a a
s i z o h u l a a
b a h u l a a
n i y a h u l a a
b a z o h u l a a
n g i h u l a a
n g i y a h u l a a
b a y a h u l a a
n i h u l a a
u y a h u l a a
n g i z o h u l a a
u h u l a a
u y a h u l a a
u z o h u l a a
h a u f i e a
s i h a u f i
u y a h a u f i
u z o h a u f i
n i h a u f i
s i y a h a u f i
s i z o h a u f i
b a h a u f i
n i y a h a u f i
b a z o h a u f i
n g i h a u f i
n g i y a h a u f i
b a y a h a u f i
n i h a u f i
u y a h a u f i
n g i z o h a u f i
u h a u f i
u y a h a u f i
u z o h a u f i
i t h u t e e a
s i i t h u t e
u y a i t h u t e
u z o i t h u t e
n i i t h u t e
s i y a i t h u t e
s i z o i t h u t e
b a i t h u t e
n i y a i t h u t e
b a z o i t h u t e
n g i i t h u t e
n g i y a i t h u t e
b a y a i t h u t e
n i i t h u t e
u y a i t h u t e
n g i z o i t h u t e
u i t h u t e
u y a i t h u t e
u z o i t h u t e
t h u s a e a
s i t h u s a
u y a t h u s a
u z o t h u s a
n i t h u s a
s i y a t h u s a
s i z o t h u s a
b a t h u s a
n i y a t h u s a
b a z o t h u s a
n g i t h u s a
n g i y a t h u s a
b a y a t h u s a
n i t h u s a
u y a t h u s a
n g i z o t h u s a
u t h u s a
u y a t h u s a
u z o t h u s a
n i z o i t i z o l y a l u
b a y a a l b a u o l
b a z o o r n i s
n i y a t y a u y a r u y a n
u z o u p h o o u i z g i l u z o l i h u
b a z o a z o n g i p u s a
u y a o q o t h n i h u
b a e t e e t l g i p o e t z o t o e a u e b e
n i a z o p q a
u z o a z o q a e a
b a y a o s u g i z u l a s
n i s i n s u t u y a u
e t s a f a o h a e e a
n i z o u u z o j u t u
n i s i q e o t a z o u
n i y a o p h u e t e t e z o p
b a b a e b
s i y a a n w u e b e a a a z o h
s i y a u y a p
n g i o a e u y a r
b a u t l o
u z o a y a s s i h a y a r
b a q e t e b a u t n i n
n i i s u b a s u i p h o s i j
u y a g i j a y a j a
u y a t h u s s u t u
u z o u e i q u s a e
s i o s u
u z o i s a e u q
n i u y a p s i i
n i y a s i e t l o e a
u y a u h a u a y a u u y a h a z o u
y a t l n i h a e a
u y a a s u s a
u u h a n i r e
u y a b a h u a i a t
u y a n i h u s i t l u z o r
b a a f o i p h
n g i n i e b o q e t
s i z o b a l m o l
a z n i u i z o i o t l o a a e a
u i z o p y a p h i h a y a q a
b a y a a h u l n g i t i h a u
n g i h u t
u y a a i t h i n w z o q
s i y a a y a o u a a e z o q a
u y a o s b a h u
s i z o u y a f
n i u s a e a e b i p h o
n g i z o u f o f u q a a z
u y a u l a e n i y a p h o
n i i y a h i t l u p h o
u y a u t l o g i q e y a f n i u t
u z o y a h u t l u h a a z o e b e e y a n w
s u t u a e a
u u l a e a l a e
n g i z o u l a e i i t
n i y a s a i s a e t s o t h i y a u i z l o a e
s i i e t s i s a e
b a a r i r e k o q e t
n g i u z o e a u f i z o h a
u y a b a h z o u
n i l a a n i f b a q e g i p n i q a y a l
n i i r e k i t h u s i e t
u y a u t l o s u t b a l u
n i y a l o z o p h b a e b
n i y a u f i e n g i p
u z o a t l n g i n b a h
b a y a u t l o n i p h
z o t z o q n g n i h g i p h o a i t e a
s i o h a u
b a z o n i u t t s u z o
u y a o t h u n i s y a l
z o r g i j a e a
b a i n g i s u g i z
b a y a a h a a q a
n i u f i e
b a z o q y a t l
b a y a g i n t u t
n i y a s i l
n i y a j s i r
s i y a i i l a e
u y a i q e i s a y a o p h i y a j u f b a f
u y a u r a u t l a a
n i b a i t
n g i i y a s a y a l
n i y a u s n i t l s i s u
u s i u i t h i y a u
n i n g i y y a t
b a e t t s n g i n
n i t h u i z o i z o t l i y a r g i e
s i z o l u l a w a z o
u f o s i j
s i u z o
u a h u
n g i y a z o l a l u o u t u z o i
u z o o l o g i i
u y a o t h u u y a n i n
n g i z o o u t n i i t i y a h
u z o s i s u
n i u u t l n i t n i q a
b a a l u i y a e
u g i u
n g i y a o f o f n i q n i n
b a z o h a u f
y a f o e e a
u z o z o u o e t s
u y a i n w n i q e
n g i z o g i s u
n g i z o a t n g i h u e t s
b a y a n g i p
u z o g i q o s u t
b a a y a l p h o
b a y a u z o q
b a z o f a e s u
s i y a t h o u t l z o e b
n g i z o p h o o n w y a t l
s i i y a s z o u t g i p h
n i a l a e a e t s
u z o a y a u e b
n i y a s i u t
s i y a a u o u t l b a f o
u z o u z o l
b a z o g i t a y a l
u z o n i t l g i q y a e h o m o
u y a o p h o u t
u z o u r e i j a z o s u s i u o f o f
u y a a u f i
n g i z o t h a i i l s i
u y a s i h a o o
n i g i q e b a y l a a e
u o i r e k
n i p h o a s u t
s i z o o h a z o h u
n i y a i s a o q a l b a i g i y t s o p h o l o e a
n g i u t u s i z o
u y a i i a y n i n w u h u n g i r f i e
u y a g i t l o m o n i i t
u y a a q a l
u z o a z y a l u
u z o a z o e e e a
b a z o s i q u j t e e a
u y a u y a i a e a o r e
n i b a p h a z o h
u y a o h a y a i t
s i g i r a z
b a z o o q a l b a q e
n i y a u e t u z o q n i u s i l
s i y a b a t h i z o l o u t l y a f i l u l z o q a
u y a e b n i p
u y a f i e a g i t l
u z o e t e e s i n w
n g i y a b a i n i y a
u y a o f o f b a t l z o j
u y a n g i q
n i y a o h a u
m o l o u h e a
n i y a r e o l
u y a g i h n i p i h a u
u t l o g i r e e e a
n g i a t h o e l a e a
u z o i s u h b a z
s i u t u a e a w a o r e k
n g i i u y a u
s i o a s i n
b a y a u t e
n g i a y a l h u t u t l o
n g i b a f a l a
n g i y a s i u k i s a
b a z o s i p u y a f
s i h a f a e a e a
u z o b a i t z o h a
b a u y a i e k
n g i z o g i y
n i z o q y a l n i p
u a e b a e q a l a
s i y a s i h u i y o f a
u z o a y a r b a l u y a u t
n g i y a i z a y a h
u i z o l
n g i i z o h
s i z o t l o o a t h
u z o b a i u l a a i z o t
b a z o u s a e
s i a z o l
n i n g i f a q e
n g i a y a q o p h t l o b a t h a z o h
n g i q a l a i h u z o l u
n g i z o i y a i s u t n g i t u t s
b a z o n i e a h a
u f o i u t l g i p
u z o i z o n a y a p
u y a s i t l a t l o
s i y a u t e f i s i j a
u y a i z o t s i u t
u y a t u b a i t
u y a i q a
b a u q a l o p h o
u l u l o p h a e a
s i n a e s i u e a
u z o a s u t
b a i y a s i q a l
b a a e t s g i y a
n i b a j b a u s i j u t e y a e o h u
u y a i t l o p h
n i n g i q f a e a a e b o i t e t e e
n i y a u y a t i q e t
s i z o y a f o u h a u e e
s i y a b a r e
b a b a q a s a a z o n
s i y a o u y a i
n i y a n i y g i q a s i l
b a b a y n i t
n i f o t u t o i t z o p h i q a a e a
n g i s u o f a e
u z o u q a l o t h u
n g i y a u y a e i z o u
u y a n g i h a q e e t s q a l a z o r e
n g i u l a z o u t
u n w a n i f i q e t t l s a e a i z o i
u z o s i e t
u z o i t h u m o l o p h
s i y a o h u l
b a e t b a r e b a l e a
b a z o z o q s i e t a y a e
u n i u i y a f u t h i z o f
s i z o n g i f i h u l
b a u f o u z o f o f o f n w o f o a t l o
b a y a r e k i
u z o u e e b e
n g i z o s i i t e e u l a
n i u z o h u z o s
u z o b a y k i u q e t
n i y a a i t s u y a e b
n i f a u h a g i s g i t l
u z o b a t h e t s a o s s i l u
b a y a w a e t e e
n g i z o i i t h
n i u q e
u y a s i e t
b a i s u l u l e b a h u l a a i p h o
n i b a h a l a a s a
n i a i i h
n g i y a o q e o l
b a z o o p h o l o o e
n g i z o u j a h u s a
u z o i z o i g i r s i z
u z o s i h a f i e a
b a a s u t a z o r
n g i y a s i e u n u z o e
u y a f i e a o h a u
b a y a t g i l u a q
b a z o t h g i u t
u y a a l u l a y a u
i e b a e t s a e a a s u u h a u e a
s i b a z i e a b a f o z o s u
b a y a p h o a y a r
n i y a u z o q
u a r b a l u
s i o r e u z o f z o t
n i a r e b e
n i z o q
n g i y a i r e k
u z o i h b a j a a f o f
n g i y a u t u t s
u z o i y a q o o e a
u z o f a e n i o n n i u
u y a i s u t i z o i
y a q a z o h u a e a
n g i h a u o q
s i u s a y a j i y a t
n g i y a g i u t h u o f o
b a z o n i e b s a l u l
n i y a t h u t
n i y a n i s i h a j a y a u b a s u j a s i h u
b a y a y a s u a n w
n i y a i u s i r u y a j
s i i e t s o u t
u y a u h u i i u p h o
n g i y a i u t l s i l u s i e
u o q e t
s i y a s a e a i z o t
s i b a t h u f o f
u y a p h b e
u z o f i h u l a u y a n b a h u t e
u y a i p h o s i e b
n i y a j a e a o m o
n i u u u e b
n i o e b e
s i z o o q a y g i e t
s i y a i s u t a u t l
n i y a s i f o
n g i j a b a h u
n i y a s i l s i h a
b a y a u p h m o a l u
u y a y a i h a u f
n g i z o u u f i e a
h a u u f i e a j a a e a
s i y a o r e k t l o a u h a u
n i i i i u t l
b a y a s i t l i e b e
s i y a i z o i e e a g i h
u u u t o m o
n g i y a n i l y a u s i e t
n i n i y a n g i q a t h
b a z o n i t i y a p
u z o b a s z o j a g i l
s i z o t e e a
n i u s u t a t l i e a
u z o a y a p t s a e a f o f
u z o s i t l i y a n u q a l
n g i i h e b e e s i n w
u o l i y a p u j
n i y a h a u f s i j
u y a l o e s i p h
u z o z o t u y a i
s i y a u z o e u y a
n i y a b a i
n i u y y a u t s i j
u y a y a t h b a f a u f
n g i u z o j w a g i r
u z o s i h a
n g i a y a t a l
u z o t h u u u t
n i y a a p a z o l n g i y z o r e u e s i q a
b a g i y z o e i q
b a y a u l a e u z o i i i b a s
s i y a i l u l o
b a z o o h n i l
u g i t l r e u h a u
b a y a o n w z o f o
n i a y
s i z o u z o l u n a y a
g i q a e a
n i y a o e b y a p h s i r e o u u h u l
n g i s i f o a y a h e b
u i t l b a i z o h a
b a y a g i r e g i s u
n i i l i z o h i l u l
s i z o z o p h g i t h u e
u y a s a e a a z o y a t
b a j a e a
n i o j g i j a l u l u l
n g i s i s n g i j n i i t
z o t l n g i a e a
u z o n i a z o n b a z
u y a o l u h u s a a z o j
b a z o o t h u n w s u g i l
n g i y a n i u b a j a s i s
b a b a j a z o n w j a
a z o n i y a j a a e a
b a n g i j
u y a s i j a
n g i y a z o n w b a j
s i o o e z o j a o q a n g i p i z o t
n i i u t g i j a u t u
s i y a z o i s i f o
u z o e k i s g i f o g i q a a t h
u y a u z o u
s i z o g i y a h u l
s i n i j b a r e
u y a h u l b a f
s i z o g i u y a i t
s i y a u t e e
s i z o u y a l z o f
u y a a y a p m o l o
n g i a z o e
n i s i l u
s i z o o h n i q a a a e
n g i z o u t u t n g i f
n g i i l u a i a h a s a e a
n i o p h o f o i e t s
u y a y a f o u z o i
b a y a n g i h u z o f e b e
u j a e a h u s a
u y a a t h u a q z o h
s i y a u h a n i h
b a z o a a e a
u z o n i s u z o s u
u z o i e n w z o j a
n i q a a e a
u z o b a l
u y a a r e k z o q e
u z o n i e b i z o j a y a r s u t u a z o l
n i s i q a i y a q n i j i z o s
u y a n i q a i h a u
s i g i u t
u z o u p h o t h a z o l
u y a l a a e o l u
n g i z o l o g i e t
u y a s i z o m o l
u y a b a r n i t l
b a y a i p i e b
s i y a o l u i z o n
s i z o i g i u q n i q a n i q e
n i y a a e b e g i n
u y a o u t l
s i y a n i i t y a e b b a s
g i n i r i z o r a a e a
b a z o a e t s i f
u y a i z o h y a b a e t
u z o g i h a y a u g i i t
u y a j a u y a q i h
n g i u y a l
n i y a n w u q a
u y a g i j u z o j
u y a n i u t y a e b u l a a
s i z o h u t e k i
u a y a j n g i i a y a t
u y a z o s u n i i z o t
n g i y a y a j n i s u
u y a s a e a
b a z o t b e e a p h o
n g i z o i y a e n i f
b a y a t e e e k i s i s a e
s i g i q s i q
b a u l u g i h u s i q e
u z o u t u t e e
u y a n i p h i f o f
s i z o a y a l i y a q
b a z o g i j a s u u z o u n i l
u y a l o e n g i t
u u t h u g i f
u y a l o e a i f o f
s i z o a z o n a f
s i i y a n o h a u
u y a a l i z o n
s i y a e b e e
s i h a u f
s i y a b a f o i h u
u y a e e a l a e a
n i s i q b a j a
s i y a a h a l a a e u q g i t l i z o q
b a z o p h s i s u
s i i y a j
u y a s i h b a i t h o
u e t e a y a j n g i n q a l i n w f i
s i l u l a n i t h
n g i y a t u t y a l g i e t
n i i y a l a l a u z o h
u z o u y a h i y a r f i e
b a y a u j a l a e
t u y a s i y a n g i t e e a
u y a u e b e n i l
s i z o f a l a e a
u z o u z o r g i s u
n g i y a o j o e b s i l u
u y a u y a
u y a n i q a u z o f s i p h
n i y a s i j a t l u z o t
b a g i r g i e t
n g i s i r e y a u
o a e a r e k i e t s a a e a
n g i z o z o r e
n i i q a l o l
u y a y a r e a h u l
n g i u y a l u u s i j g i r
n g i y a i y a j
u z o b e e a o m a e a
u z o n g i t
u u n w a i f y a t h
u y a b a j a b a r q a l
b a z o p h
n i a i s a a a e a i z o j
u y a o s i p h o i y a s
u o s u t y a h z o u t n i h a n o f o
u z o a h u l t u t g i q
n g i s i h b a t l
u y a i s a n g i p i f o f
b a z o a y a u p h o s i s n i e t u r e
u y a n i y a g i r e
u y a b a f a e b
s i z o f i e a s i f z o q e
n i o q e t b a n i y a s
n i y a a s u a n z o f o
b a z o y a s u y a n g i e
n i y a f i e
b a i s u t s a e t u n w a
n i i z o t e e a
n g i z o a t h u a y a p s u
u y a y a i
u y a u s u k i s
s i z o g i q e l a a l o e
n g i y a l o e a y a q
u y a n i l o p h o
n g i y a b a y b a y
n i o i t h o h u y a h
u y a u u t t h u t a p n i h
n g i z o e b e e u n w
s i f i e q e t
b a y a a y a t
n g i a z o q t h u t i i t
n g i z o f a e a j a e a
u z o g i z o n i u l a
s i z o i y b a u l a a p h o o i a t h u z o j
l u l a e a
n g i u z o j a i t
s i y a h u l
b a z o w a e a u z o i
u z o a u z o h a n i u t
u y a u r e e b e e
s i y a i y a l i e n i j
n g i y a s i q a y a n i z o p
s i o e g i p h
b a y a e b e u z o s m o l u z o j u h u l u l u l
n i y a u j a
u z o n i p h
g i u a e a
b a z o a y a l y a h a a t h u z o n z o u t u n w a
n g i z o i n s i q a
u z o u e i z o q t s a
u y a u z o s u i s e a
u u z o u a f a y a s
n i y a g i r e a f
s i z o g i q
s i z o b a l u
u y a z o q u e t
i i u p e a
u y a b a u t z o q a u y a f
b a z o o f a e o q a q a l
u y a y a q e t l o
u y a u q e b e s i u t
b a b a p u q s u
b a q a l a z o n w a z o r
u y a u e b e y a h u y a e
b a i y a s i q e t b a y a
u y a a y a f u y a r
s i y a i p h u e b e
n i t h a y a e g i e
s i y a u t b a e
n g i z o f i e a o a e t u t f o f a
s i u y a s
s i z o a z o i u e t s
u y a l a a i e t i y a u s i u
u y a i l u l y a q e u q e t
n g i z o k i s b a p g i e a y a u f a e a
s i y a s i h u i s u t
n g i z o z o t l q e t u f o z o s u z o u b e
a y b a t h e k i a e a
n i y a q a l i z o r s i q e
n g i z o u e b z o u a l
n g i z o n w u h u i i u u t z o r e u e b e
u z o o e a i y a e i l u l
s i p h o m i z o f b a z o
n i o p o e t s
n g i y a b a l a h u l g i b e
z o e a z o l i z o p e a
n i a y a u a j
a y a t y a s u a e a
b a a a e a s i n o s
b a z o u l a a
n g i a p h z o q a a l n i s u u y a p
u y a i y a b a n a e a
n i i q a t l o
n i u y a n h u t s i q a
n g i i y a p b a n w u l u z o e o l b a y
u z o o h u
u z o i n a n w a a j n i j
u z o u y a l o s u t l a e a
s i z o a z o i y a t h
n g i g i h u k i s a s i h
y a q e h a u z o l e a
s i y a o t u e t s
n g i y a t s f a e
u y a t h u
s i y a b a u t
n g i y a e e a u l a n g i z
b a z o a y a f u z o i s u i z o t s i z o
u y a a y a s o p u y a e u t s a t h
s i z o i y a j
n g i o u t u t e g i n w
u y a u z o l z o r e
s i z o s t e e a a q e b a f o
b a z o a t h u i f o f
b a p h o u f o f
b a z o s i y e a t h u
n i j a a i t h
s i s i y a a z o q
b a a z o n s i p u y a j
g i q u f o a n w e a
u y a u r e y a e t
u z o s a f o f
u y a u s a e y a h u
u o q a i l u
n i i y a i z o t
n i u y a q f a e a o o e a i t n i t h
u u t h u r e n g i
u z o b a u a h u i h u l
z o i t i u t z o n n i f o e a
u y a s i u t
n i y a n w a e y a s
u b a n t u
b a i e b e o p h n i j
u z o s i h i z o l
n g i y a n g i h i z o q n g i h
b a z o o s i p h
n g i n g i j n w a n g i h
n i g i q s i q u q e
u z o f i a p o m o n g i q
q a l n i r e u z o r y a t a e a
n g i y a e b h u s a u f i
n i a q e i y a q
u i e t s
u y a b a t l o t h u
b a z o a t u z o h i z o f
b a y a u h a o q e a z o j
b a n i h a b a z
b a z o u j a r e s i h u z o i
u a z o t
b a y a i n s i y a
s i n g i q z o u t u f i
s i s i n h a u
u z o o f a
n g i z o a z o u u l a o q i i t
h o m s i s u a e a
u z o s i j t u
n g i z o z o n
b a y a n g i h a l a
u y a g i e
u z o a z o r i u t l b a l
n i y a u t u y a h u
n g i o e b e i z o p
u z o z o e
n g i g i s o t l o s i i i h u l
s i a y a t u p o e
u z o n g i y n g i i
b a a a e n i t h h a u f
b a z o u h a a y a e
s i u e i z o t
u y a g i j u f o s u t
n g i y a e t e e o j a s i s u
b a a e t b a u t b a n w
n i y a o n u t u t
u z o i f u n w a g i f o
u y a b a h
u y a a q o r
u y a i z o t g i t a z y a i
b a y a g i u y a i y a f
u y a u y g i s n g i u
u y a g i j a n i
b a y a u t e n i n w u y a r y a n y a t l i q a
s i z o s i e
n i y a z o h l u i q a a u
s i y a s i f o a e a
u z o f a e i i t z o q e n i h u g i a f o f
n g i z o u q e t u f o
n i o m g i q y a n w g i h u i j z o n w
b a n n i l u a e a
u y a n i p b a q
n g i h o m o o t h n i
u y a a t a z o p s i s u
n i i z o a z o t
s i y a k i s a f u y a r
b a z o y a l u
i t h h a u f a e a
s i y a l a a z o u
b a z o s i y e t e
u z o u z o u a z o n
u r e k i a e b g i s n w a i y a i
u z o l o o t s i j a m o
s i z o u n a i t h g i y a u r e k z o s u
u y a a f o u l e e s i z
b a y a s a l o g i j i z o l
n g i y a f i e b a e s i q e
u b a j a
n g i y a s a e a a h
b a z o u j a z o l
n i t h o t l
u y a b a q e f o
u y a z o r e z o l n g i f
b a z o y a i t b a r e
u u z o s
n g i y a l o e y a e t i e a g i u l o e a
n i t s a e
n i y a u z z o e t b a i
b a y a n g i a t l o
n i y a i s s a e h u e t s a o r a y a n
n g i z o u j i l
b a s a e a z o u
u y a o u t t e o l o
u z o o f a e g i p
b a o u t b a q e
n g i z o s i j a a z
u n i q a b a s n i j
u y a i y a j g i t l
n g i y a a i t h
n g i z o g i h a o u o f a e o q e t
n i y a h a u f o n w l o e
u z o i y a f
b a y a a y a t
u l a u i t
n i o u t l g i s
n g i y a g i u o r
u z o y a u t s z o e y a p
n i n g i u e b a f o f
b a b a l i f o
b a y a s u t n i p s i y a
n i a q o s u t a z o u z o h
n i t h u n w a e
u y a o p h j a u f f i e a
b a y a a h a u i t u f i e
n i y a i y z o n i y a n
n g i o q a n g i s
b a o e b e b e e a
u z o s i u t n g i h u s a a h h a u f u y a
n g i y a b a q e i s u t u f i b a e u z o j o p h o
n g i z o s i z o l a a e
o e b l o o u f i e e a
n g i y a a z o h a f o
n g i u y a h u f o f
b a y a a n a h u l
s i b a r j a e
u a i i s o l u l
s i z o o m i f o f
u y a b a y y a e b b a h u
n g i y a h u s a
n i i j a u z o n
n i a e a n i e q e t e
n g i y a l a e a i y a f o q a
n i y a z o l u n i s u y a h u
u y a n g i q i i t h b a t
s i u u t l u l a a
n i i t l n i t l i h a
s i z o s i z o z o r e
n i u s u t o u t l
n i y a l u l a e b a u t
i s a j a e a e a
n g i n i s g i n
n g i l a e e a
n g i y a u t
n g i z o s i q e a u n i h a
n g i y a i n w n i h a q u i
g i l u a z o l b a z a e a
b a y a u y a u
i z o j i y a j e a
u z o b a y
u u r e k a z o r
b a z o b a n u y a h t u t s
u y a o l o e
a y a h o h a n i r a a e a
s i u t u u h a u
n i a e t s u z o e
s i i y a l i z o s
s i y a o q a u y a f
b a a s u t l a e t e i s u z o f o t h u
n g i y a n i e a t u l
u y a u h u l u z
u i e t s p h
u b a l u s i r b a z
n g i y a u e b o n w
n g i o f a e o a e o q e o t h g i l u
n g i z o g i s u n i u n g i p t h u t s a e
n g i y a g i s u u e t s s i r s i h u a z o p
n g i y a g i q a u s a e s i i t
n g i z o b a e s i f o a f o
b a o p b a h
b a u q a l f o f
u y a o p n i w a f a e a
u z o t l i y a h
u z o z o q e u l u l
u y a y a h t l o a g i e
n g i y a a h a g i n b a y a
n g i y a u y a l g i t b a j a
n i g i l u y a e t
u y a a q a l i f o f i q a l
u a q a n i f o
u z o h u l a y a
b a l o a s a e a
n i b a z o y a t i z o t
b a z o b a n w i y a u u n
n g i z o a h u a e u h u l
u y a o q e t o h a u
b a n i r t s g i s u
u y a n g i y u f i
s i s a n a z o f
n i q a l z o l u
b a z o u t u t a i t o n w
b a y a g i j
s i b a e b
n g i o n n i i t
o j a a e a
n g i y a u i h u s u e b e
u f o f a l u l a
a e a a q a b a l u a e a
b a z o r e k o f i h a u
u y a o e t s s i i i e b e i z o p p h
n g i a t h
u y a z o r b a j i s u
n g i o s z o h u
s i b a i o e t s o p h o
n i n i s u
b a n i e b a z o f
n g i z o n i h a
n g i a n w a z o u o m o l
n g i u z o e n i t h
n g i b a b a q a o l u l z o t h
u s a e a g i h u
n i s i j a
e t e u l a a u h u a e a
y a e b u n o q a l g i p b a r u h u o q e a
s i z o i z o i i s u t t s
s i z o n g i n
u y a o n w a
u z o a y a j
s i z o y a e b i p j a a n w a
s i i z o i n i q n i e b r e e t e e y a l u
n g i z o a u t l
b a z o i n w a i z o r g i s
n g i y a s i t o e a
b a u s h a u m o l g i n h u l n g i q
u o i t h a t l o
b a z o b a t h u e l o i f o f
u z o g i t l
o s l o o e u s a a e a
s i y a o n a u f
b a z o s i n a q n i t h
n g i z o h o m u s a e
b a y i n a e a
n g i z o o q e a e u l a
s i y a s a e a a r e
n g i l o o e u s u t
n g i y a n g i i i y a p
u y a u i t h o s u
n i y a z o f o
u y a y a q e u j a
b a y a z o f o p h o
i t l o g i u t a z o s s i q b a r e a e a
u z o n g i u s u
b a n g i p y a l u e e
b a z o o l u s a
u y a s i e t
o f a e z o t l e a
n i y a g i o a e i y a r
u u t h u o j k i s a
n g i y a u n w a u t l g i j a
u z o b e e a q e u z o n
s i g i u t y a q e
u u s a t l o
u y a a f o u t u y a s a y a h
s i g i z u t h u
n g i z o a z o i o i
n g i z o o i t u y a f l a e a
b a z o i y a r a h a g i z o
n i y a l o a u q a l
s i y a u z o j a f o f
u z o g i y u f o f u s u t
b a y a a n w y a r e
u z o u y a u
b a y a u e b b a y a
u y a a p h o o l o u t s
n i y a u t s
u z o a s u n i t l o o e u t u n i l u u t h u
u z o s i j a z o j a
u o a b a r
n i u t u t
n i a j a i z
u y a n i t l j a e a
u z o r e
u y a l a e a n g i u o u t l
b a y a z o u t
e t e e u z o u g i z a e a
n g i y a p h
n g i z o n i q a g i t
s i u z o f b a z s i f o
s i y a g i p h
u z o g i t h i h a i s u t n i b a j a
u u t s a a e t
s i z o u f i e
s i u z o h f i e b a h u
b a y a n g i z b a i o p
s i y a s i u t n i i t a z o q
n g i z o y a l u z o p g i z a u i l o q a
a t h a a e a
u y a o f a u t u
b a y a b a z u i z o i t
b a z o a z o i
n i u t h u e k i z o j
u h a u f q a z o p
u z o o i h a u f y a l
s i z o a y a j b a p h
b a n w a e i z o p i z o u
a z o l s i j e a
n i n i t l o l o e o r
n i s i q i y a
b a r e k i a e b e
b a z o q a l w a e a u y a n
s i y a g i i t b a s u
s i t l o o o i t y a j a u f o f
u y a z o p o t l s i z o
n i y a n g i f l o e n g i f
n i m o l z o l b a p h
n g i z o n g i y i r e
s i z o s i j l o o a t l o
u y a u y a i a s u s i p
n g i z o n i r g i p
b a z o i j u t u t u s u n i h u u t l a y a
s i y a o o i f o a s u t
n g i w a e a a e t
s i z o l l o o e
u z o u t e e i j a i q
u z o o m o y a t o h q a l a
u y a z o q a b a l t l o
u z o s i l u e t s
n i y a y a h u z o l u a y a j
u b a z o s i f o o l u l
u z o t e e a o r e a e t o e a a z o s
n i y a l l o e
n i u n w a i z o o r z o l
u z o n i h u b a s t e e
n g i y a u s u t o h a u
n g i y a i r e
u e t s s i l n g i t
s i z o z o h u z o h
b a z o b a e t
n g i g i e e t s a
u z o y a n a y a q y a r e b a f t l o o
u z o i z o o u t b a e b
l u f o u l a a z o h u u z o e m o l u u t a e a
b a i s a y a q a u l u
u z o u z o f a y a p z o q e s i h t h u
u y a u e b e
n g i z o i z o h i f o i z o i
n i u y a r b a l u h a u a i t h
n i u z n i n
n i a z o h o e b e g i j
s i y a g i q e i z o i i i
n i o f a y a t h
n i a f u t u t u y a
n g i z o z o h u e t u s o o
u z o o h u
b a s u t u b a n w
s i z o u t e g i i t z o t l y a o q e t b e
s i i t h u a q a l
n g i i q e t e t s a z o i
n i i z o t
b a n i i t
u z o u z o r
n g i o u t l a s u
l o e a o o e a a e a
n g i y a o t h u n i e t n i s o i f a i r g i p h
s i y a i j n i p
s i o o e a q a l
u z o a l a h o u r e
n i i z o i z o a u t l
u y a u t s p h o
n g i o f y a n w u y a t
n g i a z o u i z o n
n g i n i q i t h
n g i y a o p b a h
u y a o f o n i s u
n g i i s u t l o e a o m o l
n i a y a t o h a u h u l
n i y a g i r i f o
s i a f o f s a i f o
u y a s u t u z o l u s i q e
u u y a t i y a h y a e z o h n i l u
n g i g i j a i t i z o i
u y a o e t s
b a z o i z u y a l i q e t
s i y a a u t y a r
u y a i f o i z o j
o t h u e a
b a z o i l u i z o f
u z o u t h a l u
n g i z o i r n i i t
u a r z o j q e
u z o i e t w a e a a y a n
u y a u l u l b a l
u i y a f h u s a u z o e
n g i z o b a j a i i t h
b a z o i s u y a r n g i z
s i y a l u l i y a l n i i
u y a u z o t g i f
s i i q e b e e a n i h
b a y a a y a h
n i y a o i t h u y a e
b a z o h o m o
s i z o u y a l b e e a z o e t
n i y a n i r e
n g i z o l o e a m o l o
n i y a i z o u
b a y a i f i e b e
s i i p
s i z o p h u p u y a r i n
u y a u p h o o t l u n w a
s i z o u i t e
b a z o y a u t
b a y a z o e b u z o t
n g i j a e a b a l u
u y a a y a e a z o n i t
i p i y a l a e a
u y a n i e t b a l
u y a s i t u t s i y a i z o t
b a y a i y a i g i j
b a y a e t s a
n i u e b e i z o p i y a i l u l a n i n
n i y a y a q a u z o f i h a u
n g i b a y o e t
u z o f i e a b a e
b a t l o o u y a r
n i b a i y a n y a e n g i z
n i u z o r o i u q a l
s i a a e a a l n g i n
n g i u z o s l a a y a r
n i s i e u f i e
u l o a e u y u n w h u s
u u y a r n g i t
u z o i u t l n i j
u y a a q e t s i l u s a e
n i y a a t l h a u
n i i e n g i z l u u z o j a e
u z o o j i r e g i q e
n g i y a s i p h b a t w a e
n i y a p i h a u s a e a
b a z o b a h a n i h u n i h a
u u z o r a f o
n g i y a b e e a a e a h o m n g i e z o s u
n i y a o j a t l u p h a n
u u e a r e n i h
u t h u a l a i z o q t s o u s i f
s i y a a y a l
n g i z o n i r e
s i y a t h u t u y a r b a i t s i u t b a y
u z o u h a u n w s i r e
n i a u b a p g i u t i z o l h u s a
u y a f i e o f o f g i r e
s i z o z o p h h u l
s i z o s i n w
u z o q
n i s u q e b a f n i u t
a z o i h u y a n w e a
u y a e e h a u f
n g i z o a z o q o a e a
n g i y a p h p h o m g i n i n
n i y a a f o f u y
n i z o r e o o u h
n g i z o g i q e a l a u h a u
b a y a n i n w i t h
b a z o t h u r e k i b a r
b a a s a e a g i l
n g i u l a a b a i u j
u y a a i t g i i t
b a y a f i y a q i y a a y a t g i y a s i q e
u n i q u q a
b a o l b a e l a e a
n g i z o n g i f n i e t y a p h
n i z o i t
b a b a t l b a u
n i n w a s i l u u e b e
b a b a n t l o a u s
b a z o a s u a q e t i z o l y a t h u p u t l
u n i q
u y a i z o b a f o e e a
u z o s i t n g i u
n g i y a z o e b o h g i f o
b a h u l a a e a e a
n g i b a r e
n i u s b a t h
b a y a i y a r i y a l b a h
n i s i n a e a
n g i z o s a e n i r e t e e
u y a s i t o a e
b a z o u t l o a y a h
s i z o u y a r
n g i z o n w
b a l a a e o n
u y a g i h a a j a
u y a r e k i u t s
u y a a l g i u
n g i z o t s a u q u s u t a t h a t u i t h
b a y a u z o l u y a i a y a q
s i h u t n i h a j a e a i q e t
s i y a n g i u y s a e
u y a y a j a t e e a
b a y a o h l o o e
u z o i y a r
s i y a e t e e
i h b a r s i u t o e e e a
u a f g i e o p h o
s i y a s i i t s i y a t l
u y a a z o l o e b b a q a a u n w o i u t
n i z o f y a r
u y a q a l f i e a u i o e t l a a e
u z o a s a i t u f r e
u z o a n w a
u y a h z o p h a e a
u y a t h u h a f i s i e
u y a o s i y a e a r e k
r e k i g i f e e a
u z o r e n i n w g i h u
b a y a y a n a l a
b a y a q b a z n w a
n g i y a a h a e e m o l u e t s
b a z o u f i e o o e n i p h
u g i t l i l u n i y a
n i u f i
b a u y a h i n w a z u y a u
n g i y a g i p a h a u
b a y a g i f o e g i l
s i g i a l u s n w u f o z o q
u z o i f o g i n w e t i z o u
b a y a z o s a e b e
n i b a y
u a a p h o m
n i o t l m o e b e
u u y a u u n
u y a u z o e s i t h
n g i i y a l s i y a n w
u z o y a i t u t l o g i j
b a a r u y a q
n i y a i t l a p u n w a b a u t
n i y a i y a r o s n g i h
n i y a i z o e a n w a
u z o o n w b a
u b e e a i y a n
n g i z o s i y
n i i y a f a p h o u f i
u y a n i s n i n w u q
u z o o j b e e a
s i n g i g i z o b a t h
u z o b a h u a t h u
u y a o t b a t l i e t o t h u z o l u
b a l u i q a e a
u z o y a t h
s i y a i y a p a q
s i z o a a e a
u z o r i s u t o n w a
n i k i s a
u y a w a e
n i y a u s u t b a j a
u y a u n w i y a e z o p
n g i i h s i p o q a l
s i z o y a l z o u t i s a e
b a z o u t l b a y
b a y a i y a p u z o f
n i o m g i t h g i q e
u z o u p h b a f u z o s
u y a i t l o
n i b a u o a e n i q a u s u t u f i e
n i b a z o t l o o l o e
u z o k i i z o q
u y a l o a e a y a q u j a
b a z o s u h a u z o u t
n i y a s i i b a s u
n i u s u n i y i y
u y a z o u y a l u
b a y a i h u l n i l u
n g i y a i r u r e
n g i z o b a z o i u
n g i z o a y a l
b a y a n i t l n g i h
u y a u h u o u t l a l u
n g i z o f o y a p h
n i i p o e
b a n i p h g i t a f
n i y a i y a i z o f a y a p
n g i u z o r
u y a u z o o q
b a z o h o b e e a
n g i y a i y a q t u t s
b a u y a l g i n w
u y a g i p
s i i q e u t u t i q e
u z o i e a g i i t
n i u y a t
s i y a e k s i q e a h u l
n i y a g i j s i q a l i z o h l a a e
u y a i i t h s i e t
u z o o h u
n i s i n w
n i a y a l t l o o n i n
a y a l z o q e e a
n i i j a u y a u
s i y a n g i r f o f a
n i y a i q u r e k z o f a y a f
s i y a i z o f y a e b
s i y a o a e a i z o t u y a s
u z o u z o q e b a z
b a z o i t h f a u q
b a y a k i g i t l
s i u y a h g i l u o l o e
n i s u o e a a z o i
u z o o h a u i e t s
b a z o o a e a
b a y a u q a l
u y a n i j n i a u a r e
n i i h g i t h y a n
b a a z o f z o h u
n g i z o a z o l y a n w i z
b a z o o l o a q a l
u z o a z o n o f
n i u p h o o e b f a
u y a s i t l n i l u i y n i r e i i
u z o b a u t l o o i h
s i q e e a
u y a s i r y a l l a e
n i s i t h a y a i s i y a
s i y a g i h u n a y a h
u y a u u t l
n g i y a a t a z o q
u y a i y a i
n g i z o g i j
u z o r e k i o f o f
b a y a h u l a l a
n i u q a l n i u t
i u t o t g i t h e a
s i y a r e u e i h a u
n i i s u t y a r
u z o e t e e
s i y a t h u s z o e t u s a e b a e t
n g i n i y a i t b a y a
n i o h s i h a
b a y a i p h u y a r
n g i z o a i t o e l u l g i n
n g i y a h u l s i t l a a
n i u y a i o m o a y a e
n g i u y a u f o f i y a q
n i n i t b a j i f o
u s i q a u n w a
n g i z o q e t l n i p
u a z o q a a e a
s i s i t l b a f w a z o h
n g i y a s a e a g i q e
u b a s s i z o a h a u
u z o g i h u n g i q
u n i e t i p h o o s
s i y a u z o j a t h u y a i
u y a u l n i n w e k b a h u u e o l o a h
u y a h u s a b a t b a z
s i z o n g i f a y a q
n i y a n g i s a i t h
n i a f o f s i s u
n i o f o f a l a e
b a z o n i p h s i s u h u o q a i t
a z o q a u t l b a p h a j o q e t a e a
s i i p u y a q i l i t h
n g i y a b a b a i a h u l
b a p h u l a
s i p h o m i y a a y a h
u z o o l u l
i s a e e a
s i y a o l u l g i u t
n i a e t g i e t
s i z o a e u y a a u t o a e u z o s s i e t
u z o n g i s i z o f n i y a
n i y a n i u t y a u t u z o s
n g i y a o l u l i l u l
n i u t u u y a i g i e t
s i y a i z o h
u z o y a j
t u t s e a
s i u z o l n i l u u p h o i r e k t l o a
n i u p h o y a j
s i g i p y a s u
n i y a i z o u o t h u a t l o
b a y a l u l a a z o n
u y a i y a p a i a f o e k i z o q a
b a y a g i n u u t
b a z o u i t h u l a e
n i i e t s
s i z o i l a n y a u
u y a o h u t h u t
n g i y a h u g i j a a y a j
n i i h u b a t h s i t l
n i f o f a i l u q e t
b a y a s i l u z o e u j n i e b e i p u f i t
s i g i p i y a h f o f a
u y a h u o u t l a r e
n i y a w a e a o p h
n g i z o u z o u s i i
u y a l a e u z o n
s i y a f i s i y a b a q e
s i y a o e b e a t l o
u z o b a z o n i q b a n
n i o q a y a u
b a y a m o l o
s i i u t n g i t
s i y a l a a e u u t o t l o
u y a s i h i r e k i y a t
s i z o a e b a u t l u y a
n g i i n w a p s u t u
n g i o o o i g i e
s i z o l o o
n g i n g u f o s i h u y a l
n i l a e s i f o a r e k
s i y a h o m g i t h
n i y a b a y a o u y a i y a s
b a n i h a b a y a t h u t
n i l o e a o q
b a b e e h o m u t u
b a a i g i p h
u y a u q e t
b a z o b a s u g i y
n i g i i t t s a e a y a p
n i u y a q z o s u
u y a i y a q
n g i y a g i h a
u y a a q e t i p h
u z o k i p h
n i y a i f o a l u u l a
n i n i q y a t l u e
a z o h o h u l e e a
n i i l u h u g i u t i t l o u h a
u z o a h b a j l a e n i l i s u n i p h h a u
n i y a i u y y a l u
u y a g i i t l a e a n g i j
n g i n g i u
n i y a p h q e t e y a q a
n i o t h u z o r u t l o a r e n i e o u s i f o
n g i y a h
u y a n i l q a
n g i n i s i l a q a
u y a t s q e t e
b a z o h n i h i y i p h n i j a s i j a u j a
b a y a u l u l t s
b a z o g i q a y a l
u y a b a f o n i j s i
b a z o r e k i
u z o i t l u q e t u f o f
s i y a o a e t s a e j a e a
b a y a z o e e b
b a u y a j u h u
s i y a i u i i s u t
s i z o h a p h b a j a e b
u y a a l u s u t u
u y a b a j a z o t h
n g i o n w p h o
b a a l u z o t l
u z o t h u l o e a
n i y a i q a a y a p n i s u
s i z o z o e b o t o e t
s i y a i t b a h u
u y a u y a i u t
b a z o n g i z a z o h
s i g i l u o o e i h a a z j a e a m o
w a u p h z o j b a e a y a p a e a
n i i y n g i n t e
u z o s i n s i f o i s u g i e b e k i a z o t
n g i z o s i r e b a f o y a r e u z o n
u y a i h u l n i o i t h u r e u u o t h
u y a i y a t
u z o s i q a u l a a
n g i z o s a e u f i q a
u y a b a l u n a p h
s i z o i q n g i r
u y a l o a o f a e
u z o i z o e l o e i t l
u y a g i u a q a
s i u y u l o h t h u t
n g i y a u s a e
b a y a b a t o t h u
b a y a i i t h u y a l
n g i z o a r o r g i w a e a
b a a q e
b a i q a l i r e k
b a y a i s u u n
n i z o j a u n g i r e
b a y a o i n g i i s i f
n g i z o f o o t h u a f o f
s i s i n w k i s n g i i
n i u q o m u z o u y a t
n i g i q a u u t n g i h
u g i q a a p h s i q
u y a i y a f i y a r b a h u
b a z o u y a l i h u a y a q u y a l
n g i y a u y a q n i i t g i q
u z o a z o f o s u t t e u f i e b a h a z o l u
n g i y a h a n i q a l o a
n i t u t i e b p h
b a h a u f
u z o a a e a o a e
u g i r n i f o
u z o a y a n n g i z i r
b a b a y a a y a
s i y a i q o m
n g i y a i e t s l u l a
u z o n w a e i y a l s i t h
n g i y a i z o p a q a l b a z o
s i t h u t f a u f o
u i t l o a z o h
u s i s o f o f
n i y a b a u o r o f a
b a e t s a
s i y a g i y g i f o t u
b a o u t a z o u b a e
u y a z o q u l a a i z o t
b a i s u t
n g i y a e t u f o r e k i o m o
a t h i z o t y a s a e t s e a
s i z o y a t l o
s i z o o n w a u n w a
b a a e t s z o r e
n i y a i z o l
u y a a h u l q e t
u z o u y i y a b a p
n i i s a e o f o i y a n
n g i y a s i i p h o
n i u h a u z o u i z o q
n i i z o e a z o s
s i z o o f o f s i i t
u y a m o l q e t e i z o r
u l u l e a
b a z o a h u g i j a b a p h
u z o z o i t b a e b g i
u y a n i q e
n g i z o i y a q q a l a a l
n g i z o a a e l o o e
s i u z o p a e t
n i j a e o p s i h
u z o a i t h u y a q
n i o i t o f a o l o s i j a u f o
n g i s u u p h o b a h o h
u z o b a u t u z o u
b a y a y a q q e t u e t a e a o j a r e
s i y a o n w
b a f o i t l i y a n i r u t l o i t a e a
u q e a q e y a q e
b a z o o l u o f o f b a j
s i b a j a o e t s
b a y a b a n o e b u f i
s i y a y a p h i z o e a e b z o u o e a
n i a j a h a u f o u
b a z o i y a s
b a z o s u u l a
n i n g i z s i j f a e a
n i l a a a y a p
b a y a u l a e u y a r u y a u l a
n g i y a i y a n a e b u y a n
b a y a n g i i
n g i z o u f o a s u
u z o l u l u y a l
u y a o h a u i h
n g i y a y a l t l o y a t e t e e
n g i o o e a
n i u n w z o q e j a g i u
u z o y a r e f o f
s i z o a e n g i u u s u s a
s i y a u h u l t l o o
n g i y a i z g i p t h u
b a z o u y a e a t h u s i t
u y a a r e n w a p h o
u z o u z o q u t
n g i k i s a f i z o u n g i z
s i z o o h a u t s a
b a n g i n n i e
b a i e t s i h u l
n i j a e o n t s a e
u y a g i r s i z o i s a u s u t g i q
u y a g i t a t l u n w a l a l a e
u z o a i t h
s i y a b e e e b e a a e
n g i y a o f o t h w a e a i z o l b e e
b a y a t e e a g i e b
u z o a y a t u q e t
u y a u y a q a h
s i r e a e a
n i y a u z o i u s u
n g i y a s i t s q e t o s u o a e a o o i z o i
s i t s z o n w
b a z o b a e t
b a y a t l a e b e
s i z o i t z o q a a t h u z o h u
s i u l o e t
f a e a u u t l a e a
n g i s i q a n i l u a y a n
n i y a y a n w o h u y a f
s i z o a y a q s i p
k i s a a l a e a e a
u a y a l a y a u
g i t l n i h a a a e a
n i i z o f b a h a n i i
s i i z o h a z o l
b a i z o r i z o s n i s
u z o y a p h n i q a
s i y a a t h u l u l a
b a b a q o q e y a h u b a i
b a z o a f o f n i p h z o n
n g i y a h u g i j a i i z o q e
s i a u i n w a i h u
u z o o o e a
n g i z o i s a q a n i f f i
u y a a u f i
u y a l u l a h a g i
u z o l a e a z o l u n w
b a y a i i t u y a p t u t s a a a a g i q a
n g i y a y a q e n i y a a y a r
n g i i e b e
b a h o m o a y a q
u z o y a u t i y a t
n i z o f o
n i a q e t g i i t
b a a y a r
u y a h a o j a
n i y a i z o i y a l
b a o q a l u z o r a e n i h u a s u a p h o
u z o h a u f u h i e t n i f o z o i
u b a i n w a
n i i h a u f a e a
u y a n i p s i q a
n g i q y a f a a e a
u y a i h a u u i t
b a z o n i i t i q e o h u l o l u
b a g i j a z o q a
n i y a b a s s i h u a z o r
n i y a u t s a o h u
u y a t e i e t
n g i z o u y a i u z o u z
n g i z o z o l o q a a e a
s i z o o m o l s u t
b a o o e a f o
n g i z a e a
b a g i f o
s i z o n g i
b a y a b a y a z o h
n i y a z o e a t h
u y a l o o e
b a y a i t h u p h o m
n g i y a s u t o j u f i e y a i t
u y a n g i q i t h p h o i l s u a h
s i w a u q a u z o n y a q
n i n g i y o n n g i i
b a a j o i t h g i z o o n w i h u l
b a y a g i q e o t e b e e
s i z o e t s i e b e
b a y a g i r e a e a
u z o a h a u y a t h
n g i a h o r u l u z o j a
s i z o h a n i s
s i z o a t u r e k
s i a z o j
u r e k o e b e e a
s i h a u z o h a f o f a
u y a q e y a t h u s
u z o i l u s i s i y s i z u y a n
b a z o z o s u
u u h a b a e b a i t h
b a a e t s
u z o a u t a z o s l a e a
u z o s i h a j a
h u s u l a e b a q e a a e a
s i i e t s o e t s
n i i y a s i y a
n i y a u z o p o h u
s i z o a l u
b a y a o n w i z o t l a a
u y a u h u l
n g i z o o h u l a i t h l a e
u y a z o n f i
b a a q a l k i s a
b a y a o s s i q a
n g i z o y a h u a f
n g i z o u y a r b a p h
u z o s i r e o h a u
b a z o n i p i z o u b a e b g i s s i y
s i a z o n
o f u s a e e a
i u t l z o l z o e t a e a
s i e t s z o l i y a u
b a z o i z g i q a u j g i q i e t
n g i p h i s u j b a u n i y u r z o h
s i z o u p h o s i p
u z o s i y n i t l
b a z o o r e
s i y a o a e u e b e
i t l o l u a e a
b e e a q a l a e a
b a z o n g i p o m h o m o
u h a e e a
s i y a z o s u i n i
n g i y a b a z o o e a
u z o n g i l a p h i s a
o m o l z o j a e a
s i y a u i y a r
b a y a u p u z o e
s i i t u y a n i q a
n i a e a
u y a o i t i e b e n g i r
u z o u f u z o q t h u t
n i y a b a t l i z o t y a q e g i e n g i n
u z o i t z o t a z o r
u y a i l i h y a
u h u t n g i r l o a e
b a y a b a s z o h u o a
n i y a s i j a a y a i
n i y a i q a
b a n i u
n i e t s z o i t
u y a o l i e t
u y a y a t l n i f o f a
n g i z o u q e t s i e b q a l
n i y a p h o s i z o
y a i a u z o p h u t s o t h e b e a e a
u y a i y a i l a e a
n g i z o u t s a o i t h
n i u i t u u t l i p h o
s i y a y a s u o m o i q a t l
o t h u y a r o l e e a
n g i u z o r i q
b a y a u y a f a y a p o f a e
u y a a y n i e
u h u s i y a e l o o e
u z o i y a h n i i g i s u
u i q e t i z o u u z o s b a i t u h u
u z o t e e a u y a h o e t l o e a a e l a e
n g i u y a q u e b
n g i z o b a y a
s i y a i o l u l n i h a
n i y a t
u z o y a f o
s i z o l o o s i r e i z o u
b a l a a e
u y a b a q e i z o p a q e t
n g i z o n g i u
n i z o e b i z o e n i t l
n i b a t s
u z o a h a q e i y a n
b a y a j a w a e s i e b
b a z o u h a y a s e e i z o f
u y a i y a q u y a r
b a y a l u p h o n g i f z o p i j
s i e b y a i
b a i l u l y a e b n g i l
s i y a g i j
u y a a l o e i z o u t u
b a b a y h a l a a e
u z o i z o r
n g i z o y a q a b a y z o n w
u y a m o l o o q
s i y a a l a e t y a t
n i y a i z o f
u y a g i u t i n w
u y a f a e b e e b a u
n i g i l u f a y a p t l o o i f o
n i a y a h n i q e o q y a l u
n i y a a h a u
n i y a o u a q e t i e a i t h y a f i y a i
s i o j s i j
u y a o u t l
n i b a t
n i t h u s n i r e n i i
u y a u y a n n g i l i e a
s i y a o t h o s u t f i m o
s i s i h a o e a g i e b
b a i y a h a z o u u s u t
n g i y a o p h i y a u b a y a
s i u h u a u t u z o r
n g i y a g i q e i s f o f b a y a
s i s i n w g i i
n i u t u t u t s a
u y a u y a s
s i z o o q e y a i t
s i y a n i l
b a z o y a s u b a i z o t h
u z o h a u
n i a y z o s u o m u e t a f o e t s
s i u q a l
n g i z o a z o i o q a
n g i e b s i n w i n b a r e
s i n i t l u t s a l a e
u y a n g i r
u j a o f o f t l o o e e a
s i y a z o e b s i p h
n g i y a s i i t y a t l t s a e
u z o e k i s a y a t z o u
n i s i r q e
n g i z o o t h u
n i i u s n i n w i u t
s i z o n i e b u t e
u y a b a q a a z o q i z o s
n g i z o t h u t b a q a l o a
b a y a z o t a r e
n g i z o i q a l i j a i n w y a r e n i s u
u z o i h a u b a l
b a y a a z o f u z o n
u z o o p o t h a t l o
u y a g i l s i e b n i r e
n g i y a i y a i a h a u m o l o b e e a
s i y a l o a e
s i z o p h o m o f u p
n g i y a n i f o l u
u g i e e k i o m o y a u i z o e y a e
u y a a y a n y a n w s i e b
s i u y a z o t l
b a y a f o b a i s a e h u l a t s s i j
u z o a a e a g i i t n i q e f a e a i e
b a y a o l o l o o e
u i z o t a a e
n g i z o m o l a y a u s i e b
n i y a n i n w f i e a l o a
u z o n i q i t l o a p a i t h
u z o s i h u i p h
n i y a u y a p y a i t
s i z o u t o i t h
b a i y a h
b a e k i s h o m o
s i i f b a t o q j a
u u p h o z o q s i s u
b a e b b a n i y a e a
b a z o u f i e
s i z o n g i r s i h
n g i y a u z o j n w a e
n g i a e b e n i p
s i y a e b a o e t s
s i y a u s u t
n g i z o i u t l l o o u y a s u p h o
u y a a h u l h u i t l
u y a f o f a a n o l o e u h a u
s i y a n i i
u y a u r e a h a u i y a h
n i i h u l u u t u t s
y a j a a e a
u y a o l o e u l
b a s i r e
b a o t s i h a
n i y a o q a g i n w a b a s u
n i f a e a
n i z o n w t e o q a
n i u z o p o n w a
s i y a n g i l o l u l
u y a a n w a n i n b a y a
a a e a m o l o e a
s i y a o q i e b e u f o n g i s
n g i z o i r e k n i q a o e b
u l o a e b a s
u y a q a l a o p h o
b a o u t o i t h
u y a r u t l o n w a e
s i b a h s i t l
u y a h u l a n g i q z o h
e e a a e a
u y a g i h u n g i p a u t n i n w
n i u y a s n i h a
u y a a e b
u y a g i s s i e i e b e
u u j n g i y q e t e
b a y a h u i z o q
s i y a i j a a e t y a l h u t z o u i s a e
b a z o s i y g i l u
n g i z o l a u p h o m o l
n g i y a g i z o z o p
n i a y a p n g i q
s i f b a j a e a
b a z o t e e a o e i h
s i y a s i j a q a l o f o f
u y a a i n i t b a u f i e
s i a t l o
b a z o s i z o i j a o n w a
s i y a h u l o i t h i n
n g i y a i h u l i z o h
u z o b a s u g i p h
b a y a u t l i z o l
b a z o a q a b a f m o k i s a u z i t l
n i y a a h a u u n w a i z o i u e q a l
n i y a h u t e i p h o
b a y a u i t h s i h
s i z o y a i m o e k i s
u l u l a
n g i y a i e a n w a l o b a q a z o s u a i t e a
b a z o n g i e
n i o i t o i t h a z o
n i m o l o u y a j
u y a a z o t
b a z o u y y a l u u t e e
b a y a w a n i q e
u z o u y u r e l o o e o l
b a y a u s a a n a h a a f o f g i e t g i j a
u z o y a q w a e a r e k i p h o
u a a n i p
u z o z o n w
u z o a p h o u z o r
u y a s i q e
u z o o l u f o f y a j a
u z o g i j a u y a l
u z o i l z o q e u y a p
n g i a y a l
u t l o a s u t
s i i t h u u t s
u z o a z o i n i e b
s i z o n g i i
n g i z o l u l a i z o l
n g i z o h u q e t
s i z o o p o p h u s u t l o
n i i f o a a e n i j a
n g i z o s i t l a e
s i a z o q p h o z o i t
n i u t g i t n i p a e a
n g i y a u t s a
n i y a z o t h t l o a l
u y a u l s i p
b a g i j
n g i z o g i y a z o n w i f o
z o i i q e e a
n g i z o s i y n i e b u t s a
b a y a i y a u n g i e
b a a e b u z o n
n g i y a s i r u j a a u f i
u z o b a e t u r e p h
u y a l o o o o e a
u z o y a t a i t h
s i z o z o i t u z e b e
n i i h u t s
b a u p h o i y a s u r e
n g i i f g i t a a e a
u y a g i u i n w
u z o u h g i h a
n i a u t l s i h u u t h u r e k a y a j
n i i r l o a e
b a f o a z o f a e a
b a y a s i i t u y a i
u y a t e e s i j a i e b
n i y a s i r e y a t h
u y a y a f g i h u
u y a i e t z o r e
u y a o r e i y a e g i q a z o f o u p h u t s a
u z o i h a u q a l a o m o l
u i y a s e b e j a
n i b e z o n w a l u
u y a a u f
b a z o l o e a l o i r a z o e
u y a k i s a f a e
b a y a l u u e t s
u z o a z o m o q e t e o i t a y a n
u y a i y a l u p h y a t
n g i y a i z o t
s i z o r e k n w a e
u z o a z z o s u i
n g i z o i s a e h u t g i n
s i z o p
n g i n i e b a t a j
n g i y a s i e b y a h a
n i n g i h o t l o z o t l
n i y a a l a s i p y a l u
s i y a a z o s i z o t o l u l
u y a a h g i e u h r e k i
s i b a j a
n i n i q e t s
u y a g i j a
u y a u y a i i q a l a t h u
b a z o o t l n g i i u t h u
n g i a r e k u p h i z o s
b a z o u t u a y a i h u t
s i y a i y a g i q a y a n
n i y a u r e k l o o
u y a s i n w g i r e n g i t
u y a o h a u h u s a
b a y a h u o f o f b a r
u y a i l s i r g i e b
u s i t l u l a e
s i z o u t i z o l
n i o i o e a
u y a i p u y a l i e
b a z o i u l a e
s i y a i t h
n g i z o g i j t h u s g i e
b a a h a t e e
b a a q e t n i i t i z o e
b a a y a j g i q e
b a y a j a i e b s i q s i i
s i a h a u a u f i
u z o u z o e i j i t t h
s i z o t f a u q e
n g i t h u s t h u s i s a f o
z o u e a
n g i a q e b a t l
u z o i z o j n g i u
g i h a e a
u y a a a e b a t e e
u y a s i e a r a y a e
b a z o s i e t
u y a l u l a
n g i n i r e
u y a m o l g i y s i p g i y a
u z o i t i y a k i
u z o u t l o o o a h i z o j
u y a f o f
n g i z o y a r j a e
u z o t e e i j
n i i y a f m o a q e t
s i z o f i y a l t e e
s i z o a t s i z o y a q
s i z o f a e a o m o l
u y a i z o j a p q e t o q a l s i h l u l
u y a y a r e a y a l
b a z o a u t l i n f o b a u
b a y a s i f o a y a e
s i a e a s i q
u h a e e a
u z o s i e u z o l n g i r
n i y a q a
s i z o s i e t s n g i q s i s u
b a y a a n i j u s
n i i z o j b e a s u
s i y a f a o f o f i i t
s i u t s
n i o p o a e a i h u
u z o o q a l a y a l
n g i z o i h a u g i h u y a r
n i y a e e a i s a e z o p
u z o u r e s i u o e t o n b a l u i j i t
n g i y a b a t h a y a h
b a y a y a p h
b a a r e k
n g i y a z o t l o n w a o e b
s i y a o s u q z o j a y a u
u y a i e b e
u z o s i e o h u l n g i y
u y a b a e f i e a
u y a u f o
u y a i u t l u t l o t s
u y a i l u l a z o s
n g i y a u z o j o s z o t h
n g i y a u l a o o e s i q e
b a z o i q e s i q a
u y a s i e b e n i j
n i y a i z o u
b a y a z o i t
u z o o o e n i h
s i y a n g i t
u z o l a u r e k
b a z o a u t f a e a e b e
n i o t l o l o e a y a e
b a y a m o l s i i
s i b a q a g i s
u g i r s u t u
u y a n p h o
n g i z o o m o z o r e
n i y a l u l a u z o t
n g i y a f a i z o t a y a j
s i z o z o h a a t l i e t
s i i y a j n i e b l u
u y a o t l a e u h a u o s u
n i s i h a
u y a a l u l i s u e t e e
u o t o m b a h a
b a y a z o r e z o p h i z o r
n g i z o z o p h n i l f a e
n i l o o n i i a u n g i h i j a
u z o u z o n i y a e u s u
u i s u t
n i g i u t b a y a
b a a h a b a z o i l u
u z o g i q e
u y a n i i b a f o
b a a y a p y a e b
s i z o n i n w n g i j
u y a z o f o
u y a a e a s i z o
s u t a h u l o o e e e a
n i n i f o o h a u
n i e e z o s s i u t
s i z o n i p h
u y a s i h u r e g i e
u y a a z o n
s i z o a s b a
u z o i n z o e t
b a z o u n w
u y a o p h o
n i y a s i f o a y a t u z o i
u z o g i p h n g u t l o
n i y a y a e t b a e b
u z o a u t i h a u a r i h a
n i t s u z o q
s i o f o g i u y a r
u y a u s a e f a e a
n i e t s a a h a i t h u
b a z o o n w y a f u t s a l o a
s i y a u r e k w a e a y a n w
u y a f i o l o e o u r e k
u z o a z o r z o u
u b a u
n g i i y a h
s i o q t u t s e k e t
u e t s a n i h u
b a y a u t z o e z o t h s i n w l a a u h
n g i z o n i u t o u o l u
u y a e t e e y a u r e
s i y a i h i s a e n g i
n g i y a n g i r f i e
n i y a s i u a y a j i s u
n i z o p n i y n i i
u y a u r e f i e a n w
u g i h u
b a y a p h o o j a
u y a g i i n i f o g i l
n g i y a z o h u o f o f
n i y a s i f o l u l s i e
n g i i z o s l o a n w a
b a n i l o e t g i j q e t
n g i y a a y a q b a j a
n g i z o i s a e y a h u
i t h a a e a
b a a h u l
b a y a u f o f u p
b a u y a i
u y a n g i z
u z o a q a l
s i y a n o f o
n i y a g i n w y a i z o i
s i o m o l u f i b a l u
b a y a h u z o s b a r e
s i y a u z o u o j m o u z o q
n g i i e b a z o r
b a z o a y a l
u y a a a a l a a z o r
b a y a a r e k
n g i y a i q z o t l
n i h a u i z o t f i e a
u y a e e u n w a z o r
n i u z o t
n i o r j a e
s i y a u z o f
l u l o p a e a
u z o t b a y
b a y a o t h u
n i h o
b a y a n i i i y a q n g i q y a f u y a s o a
b a z o q e t e y a a q a l
s i y a y a i o e t s i h a
n i e t e e
s i z o f o f a o f a y a s
n i g i t l i t l o
n w y a u a e a
b a z o e a j a e a q r e k
n g i y a w a e a
n g i y a b e e e t s a b a p h
n g i a f o t s
u z o b a p h
u z o a z o h o e b
n i y a i y a j
u y a a j a t l o a
b a y a z o s i z o r
u o p h o b a j
s i a u f n w
u z o t h b a f o
n g i z o o i z o i
n g i u i t u s u u t u t
n g i a y a s
n g i z o z o r e y a p h y a p h s u t
b a y a o l u n i n w r e
u z o b a r e
u y a z o n w g i q e
n i y a b a e b
s i z o a z o a z o r
n i y a t e e a g i h u
b a z o u t u b a t h e t s a
s i y a q a l a q e t u y a q b a e t i u t
u y a o e a o h u t e e
b a z o s i l u i r i e b t h u b a z o l o
n g i y a n g i s u t l u z o f
u a z o j o n w a u z o u
n g i y a b a q a o f o i e a
n i y a j a i s a e o s u
n g i y a a y a n g i t
n g i y a y a e b z o f o
u y a n g i t i z o u
u y a a t
s i a l a g i j
n g i y a a z o h g i f o e b e
u a h u l
b a y a o f f i e g i h u
n g i z o y a n s u t u i y a
n i y a n i h u i y a t a s u
s i z o a h a o e a z o q a
s i z o i y a u
s i a y a n i j i f g i y o e a
u y a i r e k a z o r
u z o u f i n i q u z o u
n g i a e t i i t h
n g i y a i s u g i q e
n g i z o i e b e q e t h u
n i o l u l h u l
n g i e e g i t h a y a o m o
b a y a q e g i f u e i u t l
b a z o e k i n i l u z o q e
n i s i y a u e b
s i y a z o u i s y a f
u y a r e n i u t n g i s u n o q a l
b a z o i h a i l u l
u z o s i i a y a q t s
n i l u n i l u u u
u b a q o h a y a h u
b a z o s i n w
u z o o o e i y a q s i p
s i y a p h o m o j y a h a
u y a g i h u l o e
s i z o i h u y a u t
u o u t u y a y a f
s i z o a z i u y a r
b a y a o o e a g i r e
b a z o b a j a a z o u z o f o i y a h
b a z o o f o p h o t l o o s i h a i u t l
b a y a n i n j a e n i q h u l a
s i y a a e a o q a l k i
u y a n i p
n g i z o n g i i
s i y a o h u n i t h
n g i z o i p a l a e y a f o
u t e a e a
u z o z o q a o q
u z o u l a i t l o g i s
u z o b a t b a p h a q a l i z o s t h u
n g i y a u y a
u z o z o u b a z a j a j a n i q a u t s o e b e
b a n i h a
n i b a f o a r e
b a y a n i r e i l u
n i y a s a u y a h i s u
u n g i u
u z o b a e b i i t a i t h
b a z o n g i e b e o p h o
s i g i y a
s i z o s n g i i o f a p h o
s i y a o i t t u
o h a u a e a
b a a y a f z o q n i q e
n i y a y a i i z o u
n i y a a y a r a e b e
u z o a a z o r e
n g i t e l o e a
n i u p i p i p h o
u y a y a r o h a u u u t l
u y a f i e o h a
n g i y a s i l y a h a
n i u f i e u e t l o a e
u y a i n s i u t a z o f y a n i l z o i a y a n
s i z o z o r l o a e
s i z o q e t i p a l a e
b a y a a n w o h a u
u z o y a l i z o s
b a z o s i e z o t l a e t
u z o b a q a
b a i e a i s u t l a a q a
n i y a g i p f i e a
u z o u s i e b a t l y a u
b a l u u z o p e a
u z o z o p h o p h
u z o s i i t
u y a n w a e a u y a l
s i y a n i n w l o e u y a q
b a a y a r l a e a i y a r
n i f i e a
b a y a p h
b a z o u t s a u t e e
n g i u q a i e a u t h
b a y a p
b a z o i y a e b a f o z o t h
n i y a b a f o t l o o i y a f
a t n i u t e a
u y a g i j o f u u t
n g i z o n i r e
s i t s a e a f o f a s u n i j a z o t l
u y a o i a u t l y a e a r g i n w
u z o s i q u z o i
b a z o i t s i r e
n i a r a e a
u y a o t l a e a s i z o
n i g i q e u z o f
n g i z o u n s i h a
u g i e t a a e a
u z o u l y a r e
n i w a n w
b a z o a y a q b e a r e k u z o t y a u i y
k i o q e l o o u l e b e i y a f a e a
n g i z o b a e
n i y a o l o n g i z e k i s m o l o o h u l g i h a
s i a z o i a s u t
u i z o t z o p p h
u z o z o h u a p o r e g i r e s a e a o e t
n g i z o g i z o s i u n g i r
n i f i e
u z o l o e a o q e t
n g i z o u z o s s i s l o e a e t s s a e a
u z o h u s a n i i
n g i z o n g i y i z o u
s i u t k i a y a y a o t l o a z o t a e a
n g i a e a b a i
n i y a y a l
u y a f o f a
n i y a j u z o i
s i z o o f t h u s z o
s i z o y a s o q a l l o a e
n g i z o o e b e a z o f
s i z o u s a e
n i y a b a p h
n g i h a g i h u n i y
u y a i t h u u q e t
u y a i p g i z
n i l u l n i n f o f a t h
s i s u t z o h u
b a y a i y o e t b a t l h u t e
n g i y a g i r i s u t n g i h
b a a z o s u j
u y a i z o s s i t o t l
n g i y a r e o f o a i i s a u q e t u t h u
u y a u u t l
u z o a i t h s i f o
u y a n g i l
u y a t s o o e r e k s i q e
u y a i z o f a z o o i s i i t y a p g i q e
u y a y a a r e k
u z o i y a n i l e b
n g i z o o p h b a t s i h a
n i b a e b i s
u y a o f a e u h a u z o e t g i q a
n g i y a o e a
o m o y a h e e a
u y a z o i t u p h a a e a
s i i r o f o u z o h g i t l
n i n i n s i p
u l u a e b e u t s a
s i z o n i r e y a q e i z o l u y a t
n i y a o h a y a q a y a j
n i f a e a
n i s u
u y a g i q o h a z o s
z o j a a e a
b a y a g i t u r e
u z o a p h o h u l
u y a a z y a n w
u o f a b e e a
u z o f a e a s i p
u y a y a j a a i t
u y a a p h o m o l u t e e
s i y a u t u l u q a
b a y a y a s u o m o l i f o f u y a i
b a u z u q a f i e a i s a
b a y a i h u l h u l a
n i a y a q
u y a u s u t u p h o a e a o i t u z o s
n i u y a f o t h s i j a
n g i o n w i z o q
u y a z o p n i q a a p o m o s i r e f o f a
s i z o u t u t b a t h
s i z o s i z o u z o l
u i y a t i r a z o n
u y a o h u
n g i y a s u k i i u
n i y a o n w a a q e k i s b a q a n a q e t
n i y a u j o s u i s a e t s
u n i q e o a a f o f
u y a a n b e e a
n i y a a n w a n i i u q a l
b a s i e t
n g i r e i u t m o b a t h
n i g i q a
n i n i e i z o p
u y a b a z o n g i l
n i o j a
s i n i t h i t h u t u t s t s
n g i y a a y a r u s a e
b a y a b a u t n i h a o q e
u y a o i t h u h u z o j
n i y a i y a t z o f n g i u b a t b a f o
n i u z o i a l u i z o n i z o o h u l
n g i y a g i s z o f o i z o u
n g i y a z o r u p h o e b e o e b z o e
u y a i l u o e b
s i y a n i f z o h u
a u n i r e a
b a z o u u g i p h u e
n g i y a u t e
n i y a r e u p h i u t l
b a z o s i j a a l a a y a f
s i y a o s u t f i e a
b a z o e b u l t s a e
s i y a i t l o g i i t
u z o i r e a l a e
n i b a h u
b a y a s i p h l a a
u i z t l o o u j a
b a s i n
b a u z o r a q a n g i l
u z o n g i h i h u l
s i u i t h u y s i l
u z o h o m o h a
i y a t u t e a e a
n g i z o i n w g i i t u f s i u
s i y a i z o a a e a g i t h i y a
b a y a a z o h u y a i
s i z o n g i o o e a z o p
n g i i z o f s i r a i t h
b a i e b u y a e o e a
b a y a l a e a f i
s i z o a e b n i t l b a q e i h a u
s i y a b a i t
u y a e b e o a e
b a a l a u y a s i y a i
u y a g i e i q e t
i q e e e a
n i y a g i i z o t
b a a y a p l a e
n i y a u r a y a n
n i f o f a a z o o m o l
u z o a e a b a h a u z o j
n i s i z o e k i
b a t s a t l o a
b a y a o e t s
u g i l u b a j z o r e
n g i z o a i t
b a n i s u a i r e n g i n
n g i e a i e g i r
n i t u g i y z o h t e e
u y a t h a e b s i u t w a e a
n g i y a i t l o o t h i h s i t l
s i y a z o u h u u t l
n i j a e a y a q a
u y a i t h a e t w a e a y a s h u s a z o p h
u a y a l i t l y a p
u y a o r e s i t s i z
s i z o a i i z o q w a
u z o o o e a f a e a
u y a s i n w u f i e
n i i s u t t h u s i i t h
n g i y a y a j a h u e b e
b a a y a n i r e
u z o s i t l n g i u n i f o
n i n i t u t l
b a z o y a n
u y a a q a e a l u
n g i y a y a s
n g i y a y a h h u l a
s i r e h o m
n g i z o b a j n i t
b a y a h u s a
n g i y a o h u z o f
u z o a l u l
b a y a u f o f g i t h
u y a y a p h g i y a
n g i a r e k
u y a r e g i i e b
n i y a u t l o
b a s i e i e b u q e
u y a l o a
u z o n g i z
u y a n i t l a t l o
n i o e t s u y a u
s i y a u u t l u h u l u f o
b a z o g i y a u t l u t e
b a y a b a n w u s u t u f b a f o i y a e o m o l
u y a h a u f s i e b e t n i q
n g i u e t s i i t h s i h u
b a s i j a q e t o l o e b a u t s i j a a r
n g i z o h a o i t h a j
n i y a n i e a r e k z o s u
n i n i e t a z u y a p
u y a s i j a
s i w a e a i y a
u z o a z o j o f o f
s i y a i q o f n i y
n i i q s u a h u l i q a l
s i y a o f a a h u
u y a b a h
b a z o i s u t n i h
b a z o u t l o e a h a u f a u y a t l a z
u y a o l o e i y a e
s i y a z o h u l o o
s i m o i n u i h o i h u l
n g i y a a e t a r e
u z o b a q e b e e b e e
u z o u u i n w a i h t h u t
n i y a e b
u o a e a y a u t
b a z o i r e o p h b a f i z o p
u a s q e t
s i e t n i q e
n i y a n g i u o u b a p
s i y a a u f a s u t
u z o b a l u p
n i o f a s a
s i z o i y a z o r e
s i a f b a h u o m o l
u z o f o f a y a t l g i r
n g i s i y a i y a u
n i y a a y a q b a r e o f o f y a t i y a e
s i z o b a n i s n i u t
i e b e i t e a
u z o o m o n i y a q e t
o p h n i s u f i e a a e a
b a y a n i s u m o l
b a z o i z o f
n i y a o p h o a y a e n g i z
u z o a z o h a y a t
b a z o n g i
n g i y a b a h z o l a n w a
n i y a l o o a s u g i t h b a e b t e u e b
n i n i t h a u
i e b a p e a
s i y a a r a e b g i u
n g i z o f a e a s i s j a e a
u y a r e k i z o t l q e
u y a o a b a p h u n w a
b a y a h a u i z o n
b a i f o o m o
n g i y a u u t l o f o o t l o
n g i y a j a e
s i y a n g i q
n g i z o i l u l
b a s a e a u i t h u y a q
n i y a y a l
n i u z o j
n i y a u h a y a n
n i i j a
u y a g i i y a j a h o a h a u b a h
s i y a o p h u z o s
s i y a i e a y a h u w a
n g i b a f y a u t
b a i l o h u o u o e b e
n i i q e t a t h a s u t
u y a z o s u n i n f o f
s i s i s u z o j
n g i z o r e k a s l o
n g i z o u z o h t l
u z o i z o t i e a o f a e
s i z o i z o s
u y a o e t n i p h
n g i z o o i y a i t a r e n g i h
u y a h u s z o r
u z o z o i b a
b a z o i q e j a e a
n i y a y a j o q e u u t
s i z o p h o f a e
u z o u y a p b a z o
z o u z o q a e a
n i h u s a y a f
s i z o i i o l u
b a z o b a i
b a y a n i i t a j z o l
b a z o y a i i r e
b a y a a i t a e t
n i j a e a
u z o l o e a n g i i t e e a
s i t a z a h a u a e a
n i u t s a s i t h
n g i z o a h u a q e u r e
u y a g i j g i y
s i u z o s
u y a y a p
s i q a l a o h a b a s u
u y a s i p g i y a
n g i z o o m u h u l f o b e e
s i y a u z o q
u z o u h a u i y a l
n g i y a f o o l u l
s i b a z o u z o u y a s
s i o t h i y a i
u z o s u t u h u s a
n g i y a g i s u t h u
s i y a o f a e t e e a
u y a u z o e
b a a l u l s i l u
u y a i y a j
b a y a b e e a z o t u z o h a y a z o i g i q e
u z o o t l o a h u l
n i g i q a i z o q y a h
s i u u y a t l
u z o a a j a e a i z o u i t i s a s i
s i o u t l
u y a u h a u y a q a
s i y a u y a r
u z o z o t i e b e
s i y a a i t h z o r a h a
b a i l u b a h u i n w a i y a e g i q e
s i z o a r e k g i e n g i j
b a y a g i q a n i s i q e
s i y a a y a l e t u y a l
u y a e k i s f a e a t s s i e t w a a s u t
u l a e a e a
n g i y a o a e i z o r l u l a
n i y a t l o o u y a t b a l u e t e
n g i z o a r s i f o
u l a e a e e
n g i z o n g i u n i n w
n i o e t s
u z o o u y a e s i n w a z o r
n i e t e y a s
s i s b a e t u t l o
n g i y a a h u l i f o f
n g i z o a u u z o e
n g i o j a y a l u
s i u f h a b a l
s i y a i s b a z o
s i o t l o n g i i
n i y a y a u t i j a
n i i f o b a q i e
e b e e a e a a t l o u t u s i z n i f a e a
s i y a o h u i z o r g i n
u y a u z o s t u t o p h o
u y a s i e o p g i h a
n g i z o n g i r s i y n i j
n i y a z o h u i y a f
u y a i p p h o m
u y a i y a l f o f
z o t i q a a e a
n i z o p n g i h a p o u t t u t
n g i z o u t o f o f k i s a q a
n i s i q s a u q a l
u y a u z o a y a l
s i y a f a a n w a i y a s
n g i i y
n g i u y a h u z o q
s i z o b a q a
u z o u n w g i f o
b a z o i n e e a a y a r
u z o n g i p g i p k i s b a r e n g i s i y a e
s i a l u a h i f o f a p h h o m i h a u
n i g i h u e b e e
s i z o u z o h s i f o q e
n i n i u t
u i f o f
s i u n w a
n i z o i y a i n i e b
s i z o i h u t h z o h u o i t i r e y a h a
s i z o y a t
b a z o b a q s i p h
u y a a t a e o n o t l o u t u t
n i z o h
n g i z o o i t h u t s
n g i y a i y a s u j s i e t
b a y a u y a u r e
u y a i y a i i q e t r e k i n g i u
u o q e u n w
b a y a q a l a z o u z o j
n i o u e e n i p
n g i y a i f o z o s
n g i z o a e t s s i y n i f o
u y a r q e t i z o i e a
u z o o l y a r g i z o
u y a s u t e e a
u y a h a u i t l n i n w
s i z o a s u l o a e u e t g i q e u r u f o
n g i z o a h b a n u h u
n i y a e z o r
s i y a l u l u q e a a e a
n i u y a j g i e y a n i q
b a u y a r o i i q e t
n g i z o s a e a u t h u j a e a
u y a a p u z o r
n g i z o l a e a
n g i s i r e
b a y a a y a u
s i y a a l u l
n g i a e b e e
u y a i u t n i t l i r
s i z o t h u
u z o n i l u u y a n b a e
u m o l p h o
u z o f a i z o j b a u a q a s i e b a t l o
s i z o h o m u z q e t y a j a
u z o n i q o h a
b a y a a z o f o g i i
n g i y a b a u t i z o z o n
n i y a n g i f a p h o y a i s i q a s i l u
b a a y a r
n g i u n w e b e b a z o o f a a t l o p h
u y a l o s i r b a e t
n g i z o a y a f g i z n i n
u y a a l u a l u l b a t
s i z o n i t h b a h a
u y a a e a i p h o i q
u y a n i p h y a u z o r
n g i y a n i y o n w b a n
s i z o a s a t l u i t h n g i i
u y a y a p h i z o u
u y a o t h i s u o m o i z o h
n i n g i n g i f
s i z o a q i n w a u e t s
u y a o r e a h u l u q e t
n i g i j a
b a r e k i a y a t
b a z o z o u t u z o u
b a o i t h
n i y a h u k i n i n w
b a z o y a q g i e t
u a z o l o e k i s
b a y a b a s u z o l
b a g i t l b a f
s i y a i y a i o s a e a u h
u z o u e t s
q a l b a y q e i y a u a e a
n g i b a j t s a u t e e
s i b a r e a t l n i l u
s i o t h u s i i t s i e b a t g i l
s i z o e t i z o o u u h u l
u s i y a
u y a r e k i
u z o i s u z o n
s i y a i p h o o n w m o l o
n g i y a n g i p
n g i u q o n w
n i y a u z o l u h u l u q a z o h u
n g i z o n g i h a z o e
s i z o u s a e t h u t
s i z o n i j a y a e t
n i y a f o w a e
u y a y a n w a e b e
n i p h n i h u o e t
u q e o u b a n w a e a
b a y a u q a l y a e b
u f u s a s i h u e a
n i o l u l n i t i h a u
b a b a p h e t e p h o m a p a z o n h a u f
n i y g i p h e a
b a a a e u y a h y a r e
b a y a n i i t s i q a s i h a
n g i z o t l o
u y a a q a l
n g i z o a e a y a r i r e k
s i i y q e t o t h
b a y a e b e s i i
u y a i z o r a r o a e a
b a z o i r i i o i n i s u
u z o a z o q b a i
b a f o z o f o b a y a e e a
b a j a a e a
b a z o a f a z o j
i z o n h u t e e a
s i z o o j a
s i z o a e t g i q a y a f
b a z o g i f n i s u
u z o g i z i u t
b a z o b a y g i t h s i i
u y a z o j a
u z o u n
y a f o o u a a e a
n g i z e e a
u z o u l a a u q s i z o
j a e t l o a t l a e a
n i n g i i n
n i i z o r z o h a
u y a y a u t o i t
u y a y a u t
n g i z o i r e k o u t a s u
b a y a j a e u z o q
n i y a g i e b a q e t e
n g i y a i y a l l a u h
u o l u l i s a a n w a
n i y a a h u l s i l u
o q a l t h u s e a
n g i a u f i i i t l o o
n g i z o e a i n w a m o l o
n i y a f o i s z o q
u y a u j h a
s i z o o e t s
s i y a b a s
n i t h s i t l
u y a i u t u j g i r a z o t
n g i y a h u t u t s s i u t g i p w a e a
n g i u z o p s i e
n i y a t t h a z o p o q a t e e n i p h a r e
n i b a n w i y a p
a q e i z o e a e a
s i y a u e t s o s u t
s i i z s i i i z o f
u y a n i e a y a s
s i y a n i j a
n i y a a u f i o e t s
u y a i z o h
n i y a b a s
u y a b a i t l a e
u z o n g i l u z o j
n g i z o s u t t h u s i i t h
b a z o t l o g i j u z o u
s i z o u z o t y a i
b a s i e t
n g i z o l o o e k u z y a l u
b a y a l a a e i f
u z o e t s a
n i o f a e u r e k t l o o
n g i a e a p h o
n i n g i u g i z n i h
b a z o n i p g i f
u y a i z o t b a t h o j
n g i z o i t i s a a z o t
n g i z o n i t u z o t
b a o f f o f
b a l u g i h g i n w e e a
b a y a i z o i u u
u g i i t n i t h
u y a y a j y a r
s i y a t h e t e
n g i y a e b e
b a g i t l
s i a f o f
b a y a o h a u u z o t a j
b a g i f o
n i y a i i t u s a e u j a t h u s
n g i z o g i h a e o l u
b a y a z o h u r e n i r
b a i h a u u s b a r e
u y a u h u a y a i
n i y a y a p h z o s p h o h a
b a s i j a o f o f
u z o a z o i o l u
b a z o s i j a q e t e l a a e
b a l o e t u t
n g i y a o e a n g i s l a a e f i e a i t
s i z o b a y a
s i y a a z o h u y a l
s i q a y a n a z o i u s a
s i z o y a p h i q a a y
n i b a q a u s u o l u l
n i y a a t l z o i
n i b a i t o u t n g i u
s i z o u h a u g i j a
n g i y a z o e s i q a
u z o a f o l a e a
u z o u u t l
n g i y a u s u s i q i z o q
u y a f i i q
o n i p h o a e a
n g i y a a u t n i q f a e
n g i z o t e e a h u s
n g i z o z o j a
s i z o n g i s o f a y a n o t l o o h u l
n i i t l o j z o j a j a e a
b a z o a e i t h i y a r
b a b a q a o l o e a y a f o f
n i b a q a u q a l
n i y a s i p h n i f
u z o u y a s s i l
b a y a l u l a y a i t
s i z o m o l o
n i o l s i q e u t e e
n g i z o i q s a e a i t l o
u a e a q e t a z o f
b e e a a a e a
u z o y a r b e e a
n i y a l o e a
b a y a t e e s u t b a i t
n g i y a i r e u y a l
u z o l s i e b
b a y a h u l o e a b a q
u y a s i n a y a h
s i u h t u t b a p h
n i i h u
u y a u e i h a u
u y a a z o p g i r e
u z o b a e b o i
n i i z o t
u z o o h u l o m o t y a h u
u y a f i e t u o l u l
g i e b g i r a y a j a e a
s i g i l u g i q e i t h
u y a i y a h t e e
u z o n i r
n g i z o a j q a u u t l
u y a i y a j
u y a e b e e o r e k
n g i y a a h a z o r n i l
u y a a n w a w a e a
n g i z o i e z o f t s n i j u l u a y a n i p h o
u z o y a u t
n i y a n g i t g i p h
n g i p h a n w o l u l
a s u t y a n o e b a e a
n i s i t h u z o e
s i y a e b g i q o n i z o q
u y a z o n a j a
n g i z o a f y a n w u n g i z o i n w o i t h
n g i y a q e t b a t u n w
s i y a f i o r n i e b
n i y a t h u t i j a
n i l o a b a i t
s i z o u n w a b a h a z o l u s i f o y a s z o n
i h u l g i u i t o f e e a
b a z o s i q a y a p h
u y a o f a l a
n g i y a i i t f o f a
s i y a u y a i
n g i z o u h z o l u u e b
b a u y a j
s i u z o q l a
u y a w a a u t
s i y a u u t s i p
s i y a l a a e t s j a e
b a h a i t l o e a
n i n w a q e o q o r e k
n i y a h o m o a f o f u z o q
s i s i z o i
n g i z o y a j a u p h o
n g i z o i s a t l o a o n w a
n i a y a i
u h u b e e a t u t s
s i z o e e u l a
s i z o y a l u o i t h
s i y a i y a s t s i z o f
s i z o u p h o
u z o z o j a z o t s i z
b e e t l o o a e a
s i a j a j a a l u l b a u a z o r g i p h
b a y a o l t e u z i h a u
s i g i q e l o
b a z o a l u z o t h u t
b a y a u q e j a
o u u y a t a e a
s i z o z o s u
b a a h a g i q a o p h y a r u j b a f
b a z o u f i u p h z o r e
u z o o t h u t h u t
u g i t u l u o p h y a j
b a z o o a e a i t h n g i p h
u y a a i t s i q e
u z o u e u h a u a t h
n g i z o n i s i e b u z o n
u y a b a h a n i y h a a y a q
b a z o n g i l b e u h a
b a z o s u t u
n g i y a i n w a z o e t
u z o i e b u f i e
u h u l a
n i y a g i e b t u t s
u z o z o h
s i z o a e b e
b a s u u h a u
b a f a e a e b e
n g i a p b a n w o a n i p h
b a z o o n w a i i t h
u y a u z o f u s a e
s i n g i l a y z o r e a z i y a s i e
b a y a a p h
n g i i u t l z o t
n i y a u j r e y a n
u z o n i n w l a e
n g i z o u t s a g i i t
b a y a u h a h u s u y a s
u z o l a e y a u h
u h u l n g i y
s i y a e b z o j a i r
u h t s a u f e a
u y a g i e b u y a e n g i t
a l a e h u t e a
n g i s i t l j a a l u l
u o t l p h o o u
u y a u t s a a q a b a i
u a z o s
n i g i n
u y a o u t s i e b i z o p
b a e t e a y a l
b a z o e e a
u y a a y i y a s z o p e k i
n g i y a y a u y a e t e k u z o j
u u t i f o f a e a
n g i s i i z o f
s i z o a u f i
n i q e t s i t l
u z o a z o r
s i y a y a q k i s s i s u
n i y a y a j a t h u u z o h
n g i t u t s
s i z o y a i n g i u u y a f u q e a z o e
u u h a
u y a s u
u z o s i i
n i y a b a n w
b a h o a h y a f s i l
b a z o u s i y o t l u y a u
s i n i e b r e k i a z o i
n g i z o z o r e
u z o o m o l i s a
n i b a e i q k i o f a e z o e i s u t
u y a s i h n i s u
n i n i s n g i l
b a z o u e b s a e a n i e b i n w i i u u t i z o e
s i y a u f
b a y a a y a h
b a n s i l u u e b e a e a
s i a u t g i n w
b a y a a y a h s a
n i y a n g i h a q e t i z o j
n g i n i q e u r
u b a j
s i y a r e
n i o p h o u r i h u
b a y a y a j i z o q o e b e
s i n g i i
s i y a q a i e u y a n
s i y a o h a u z o q z o s u
u y a a z u t e e z o h u
u z o b a e o u t g i i t
n i n g i u l a e a
s i z o i e a i z o s
u y a n g i n i p
b a y a a q a a s u t i z o r
u z o u y a r a q a n i q e
s i z o u t s a o q e o m
u n n i e b n g i u a a e a
s i y a i l u l n i h u
s i l u e a
u y a a h a g i u b a u t
b a i t h u a s
n i u p h u s u
u z o u t e u l a a a t h u z o e t
u y a o l u l g i i t
n g i g i j s u t u t u t
u y a o u t l h u l a o s u
n g i z o z o h
n i s i n w
u y a y a q
n g i z o i n w a y a i i y a i
u y a s i q e z o q e
n g i y a o n w a t u t s
u z o q e h u s b a z o
s i u z o l
b a g i q s u t u
u z o i y a f
n g i i t h u h o m
u z o b a t h a n w a n g i s n i e b a l a
n g i y a a r i t l u q e
u z o i r e a e b o e a p h
u y a a u f g i i t
n i a j n i p s i h a
b a i z o n i s a e
n g i z o u y a l a y a p
n i i z o p
n i h a f o f i y a l i q e t
b a z o a r u z o f o f o f
o t h u i z o q a e a
u z o y a n w b a e b e k i y a h u
n i g i t u z o h
s i i t l o f a z o p h y a u t u t e e
n i g i f i e b a y a u
u z o u u n g i f
b a n i t a q e u z o t
u z o u n u i u l u l b a i
s i y a u l z o s
u y a q a l i n w i e t s
u z o y a f o
u y a n i f i s
u y a s i f u n
s i y a u s a e
s i z o b a l n w a
b a s i e t u t e g i e b
b a u n w h u t
b a a u t i q e t
s i y a u j u r a a e a
s i s i n w a b e u l a e
u y a t l s i z y a e t
s i z o i u t h b a a y a r n i n
n i y a s i y a t e e a u h u b a t h
b a z o u y a r
s i t h i y a f j a e a
s i y a b a s i s u i y a f
n i y a z o i
n g i y a b a r b a q
n g i y a f o f o f a e b a y
u y a t l o a u q g i
u z o u r e k
n i y a i z o u
n i f i e i e t i y a l a a
b a a y a t o e t i t i i o e a o r e k
u z o l
n i a y a j y a t n i t h
n i y a w a a h u t s a y a r e
u y a s u t u
s i z o u s u h
n g i y a u z o u
u z o g i u o u t z o q e
n g i u l a a a e b i y u t s a i h u o q a a z o f
b a z o o e t y a l b a f
u z o b a u t i z o
n g i z o u p h o t s i s t s a e
s i z o z o i i p h o t l o
s i y a h u l a
u z o w a e u l
b a y a l a a e y a p
n g i y a z o f u h u l
z o q a z o e t e a
n i a f o f n i i t
n i h u l u r o p h o t e e a
b a z o z o e a y a o a e a z o u i y a h
u y a f i e a u z o j
n g i a f n i n a t l o
b a y a u z o h i n w a l u
u y a g i j
n g i y a k i s g i z o
n g i y a y a f t e e u r s i z
u y a s i q n i f o g i t l
u y a i h u a u f i u l u l
u y a u z o n l u s i u g i h u t n i e
b a i u
b a i z o u
b a i z o f z o i
b a y a u s u t y a f z o s
u g i s s u g i s
n i y a u f o f u y a l
n i f o h a a n n i i a e a
b a g i q a y a e b
b a z o e t
s i z o y a l u
n i b a f o
u y a g i q a
n i y a u i y a u p h
u y a y a j z o f o a e
n g i i l u
u y a n g i u a l u l
u z o b a f o g i n h o s a y a i t a z o s
n i y a y a p h s i p q e q a l
s i y a l o e a e k i s i z o u
z o f o a y a l n g i e o f o f a e a
u u t s a u j a i z o u
u i t u y a r z o q e e a
n i y a u z o j l o o
n i a h a h u t e f o f a
u y a p h o p h o m
u y a u f i e l o o u t s a t u y a q u z o i
u a l a e s i p
b a z o f o a l u l a
b a z o o u t l u z o f y a e
u y a u r e u h u l
s i z o o h o p i y a i
b a z o s i t l u e b e
u z o l o a y a u t
u y a i q a b a i t
b a i h a a y a s b a z
n g i y a i h u i q e b e u y a q a l u o t h u
b a a e b e a e t
s i y a u r e k
o f a i y a l o n i q e a
n i y a u y a u
s i s i l u u y a t a e
o e t s b a p e a
n g i y a w a u u t b a s u
b a l o a e s i r s u f a e a
n i n i q a i u t l
n g i a u f i u f i e
s i z o f a e a
n i b a e s i p o h u i z o j u y a t i z o r
s i z o o e b e u l u b a h
u y a a j a s a e a i y a p
n i g i t h
b a t u t i n w a
s i z o a y a n b a z a q a l n i r
n i s i f o h o m
b a u p u e t u e t s
u z o u p h o a u i e b t u t
n i n i h u o a e k i u y a s
u y a g i r n g i z z o j a
u y a a u f
t e e a b a e b a n n i n w b a u s a e a e a
s i z o b a q a a t
s i y a s z o l y a t l a e b e
n g i y a n i i t n g i y
b a z o s i z o n g i h
n g i z o i r e k m o u p h i z o i
n g i n e t e e e a
n i s i u t u f
u y a i y a t u z o q b a j a
u y a b e e
u z o u u y a n
n i y a s i e t s i h u
n i i z o p s u t i j a
u z o i z o n
n g i z o g i f q a l a y a h
n g i u t l o
n g i z o a q e o t l
s i i z o q
n g i y a a n w o f o f
s i z o u q i y a
u y a n i i i z o u
s i y a u r s i l u i z o q
s i y a i r u q a o u t l
n i u t e e a
u y a u y a f o j e t o f o f
n i n i t i y a r
b a y a i y a i u i t h
n i i y a n u z t s a
i s u h u s i t h u e a
n g i z o n g i e g i e
u y a g i f o o t h u f o
n i y a s i s u y a n u z o t
n i g i h
b a t b a r n g i t e a
n g i z o g i e b
b a y a a p u h a
n i e k i i z o e
n g i j a e
b a y a t h u s s i t
n i y a i y a i
u y a u u t g i h a
n i u f o f u y a f
i t h u y a j a e b e u l a e u y a n s i p e a
n g i z o a y a s u z o u
n g i y a z o h z o i n i h
b a y a a h a u s u t
n i i h a u g i b a n w
u z o e a u r e k
s i z o u f i e u e b e b a
s i y a y a j a o e t
n i b a y a
u z o s i h a o s
u z o g i e a h a
n g i z o b a l s a e
b a z o o q e s i t h u t h u
b a y a o t l i u u u z o h
u y a u e o i o r e k
n g i y a u y a n s i e t e e a
n g i z o y a r e
n g i a l u u z o j o j z o l a f o f
u z o s i l b a n n i t i z o p y a i
n g i y a g i e b
u y a i i g i z o n i r e
u z o a e b e
n g i y a i t l r e k i
u z o i l s i z g i h a
n i u y a n
u z o t s a g i i i z o f
u k i s a h a u z o s u
s i z o o r a z o e u z o r
u z o y a t u l u l
s i g i l u i s u t i s u t
s i u e b e i r e
u y a a y a h f a t s a s i e b
s i z o b a t h
b a z o i i t h i u h u t
n g i y a q a l a
u y a l o e a u f o f m o
u y a t h u t
u y a o e a i u t l e t
n i y a u t a h u
u y a a j a i z o u i h e t s
n g i z o s i t s i y a
u z o e b e e
n i u z o s i z o j
n i y a z o h a l o a e u u t
u z o o q e s i r e
u y a a t h u
u y a u u y a q n w a e s i r e
s i y a o a e n i t g i j y a p h
n i z o j i h a l u
b a y a a y a n u h
u y a i q e t a y a j u z o u
b a z o g i n w a a e a n i r e
b a z o u z o u a q e t o e t s
u y a h o u n w
s i z o u y a e b a t
b a y a z o p h a t h
u u p h n g n i f o z o u
n g i y a o o e a s u t u
s i y a h u l z o e b i z o f
b a z o u l u l g i q a f o f
u z o a u n i t u t
n i a s u m o e t s a a y a j
n g i z o t g i l u e b
u y a l o e i u t l
n g i t u t s n i j
n g i y a y a h h a u u t
n i u z o l u h a
b a l o e u y a r i y a
u z o z o t h y a l w a
u z o y a s
n i u r e k a z o e
u z o a u f i i y a f
n i u h u l
u y a u l a y a i
s i z o n g i s u l u z o t h
b a z o u u t l m o
u y a o h u
n g i y a h a g i s u
n g i y a n g i i o h i y a i
n g i s i u t h u l a u t
n g i i y a u q o q a
a z o s a z u l u l e a
n g i z o i y a h
n i s i l u a z o l
u y a w a e u t s a
n g i b e e o r i q a
s i u y a u y a i b a s
s i z o u f s i z t e
b a y a a t l o u z o e
n g i y a u t s u p a a
b a y a a l o a e
u y a y a s u g i e b b a t l
u y a h u s h o m o s i
n g i y a g i t h
n i y a y a n w u z o s
u y a a n w o l e b i y a j
s i z o n i r e s i j a
n i k i o n n i e t
u a z o f u y a t
n i a y a h n i r e
b a y a f z o e t
u z o n i e t i z o t
s i y a u z o s u q a l
b a z o i f o a u t t l o o
u y a y a q e a t h
u y a u n t u t a n w a n i u t s i q e
b a z o n g i r e i y a i
s i y a i y a i u f i
b a i z o f u t u t z o h a e k i y a e z o t h
n i a f o f t l o a
n i q a l a h o m u e b n g i p h o s i t u p h o
b a z o i z o u b a l u
n i y a g i h h u t u s
u y a b a q a z o r e a y a f
n i a y a q y a l g i z o
b a u i s i j s i t
s i y a u h u u f o f u h
u y a o f o n i s u n i r e o o e e b e e
b a y a q e t o e t s u z o r
u z o t s a y a s u l a a e
n g i n i y u q e t
b a y a b a e b
u y a w a e a o t u e q a l
s i y a a y a h i q a
u y a u z o s l u l y a r e
b a z o i z o i o f a r e
b a z o z o q a i e a i u i f
s i s i s
u z o z o r i n w a
u z o s i e t
u y a s i n w n i f o a z o l
s i z o e b e e y a q e
s i z o s i r o f a e
u z o u t u t h u s a t l o o a t h u
u y a y a h u z o j
s i y a n g i r y a n w
u y a o f o f s i y a i z o u o f u q e t
u y a a z o r t u t i q e t i y a f
b a z o w a n w a e i y a j
n g i z o r e b a r e u z o t n i j s i j z o h a
b a a u t l z o r n g i h
n g i n i t l a z o u i y a r b a e b a u i h a u
s i z o y a p h
s i z o h u l a a z o s
b a z o y a t h u s a s a t l
b a o a e u s a e o o
s i b a t h u y a f y a f
s i z o u s u t
u y a o i n g i s i z o r
n g i z o a q a l i e b e
b a u z o n
u y a w a a y a h
n i t l o s z o p f i e a
s i z o z o f s i r e a e b e
n g i a z s i e b
n g i z o g i q e n i j
u y a a t h g i e b
n i y a i f o f
n g i z o u z o l
u y a l a a g i z o
u y a o j a f o f t e e
n g i y a o t l o
n g i y a s i i t n i r e
n g i z o j a e a
u y a g i h u b a f o o n w u u t
n i a z o l s i r e i q e t e t e z o q a
s i z o g i y a a y a e
s i z o u n w a a s u a y a f
n g i s i s s i t i y a r
u y a i y a q b a n w z o r e n i p h o n w a
u z o n g i q a y a l
n g i y a u z o q i z o r
n i y a n z o u t
u z o s a e s i f
n g i y a u z o p
s i y a b a j n i h a n g i
n g i y a o n w i h a u y a u
s i a p u s u a j a
u y a s i j a o u t
r e k i s i t l b a a e a
b a z o t h l a e a i y a
b a y a o n w
u y a z o s u
s i y a a z o t e t e
u y a z o r z o q u l i e b s i p y a h n i i
u z o y a q e u e o a e o e a
a e b e a u t e a
n i y a a z o t a y a e
n i y a g i i s i r u u t l
n g i o j a n i e t n i a h a u
n i s i h a f a e
s i z o t h g i y a o a e
b a g i y a a y a t f i
s i u y a r o l u l z o e
b a a u f i a z o f b a l
u y a u y a a h u
s i y a u p h p h o m u j
b a u f a i t
s i z o i i z o h
s i y a a t i l n i u n i u t
n i b a e t u y a q
n g i z o u l u l
s i y a o q a n i i y a p
n i s i i y a i b a p
u z o h u i p h o a y a n
u y a y a t l u e b
u t s a z o s u
u y a a j u u t s i e t
n g i z o o o e
n i y a a n o u n i l
b a s u t
s i z o t l o a i q a z o i
n i j a e a b a y a g i t h
s i o e a y a p n i e t
n i y a u z o p
n g i z o b a e b
u y a a s u b a z o
y a i t e a
s i y a u z o i o u t l
u i j i y a s o e a i z o p
n g i z o a q a z o s g i i s a e
b a g i t h i j a t e e a u q a
b a y a i e t s z o t h
u y a u t s a k i s a e b o a n g i t
i h u o f a e e a
n g i y a s i i i u t l u l a
u z o b a n w
n g i y a u n o i t f a e a i z a e t s
b a z o i z o j b a q
n i y a b a y o q a l i t h u z o s
s i y a y a g i q a
s i s i f o h u t e r e k i
n i y a b e e a a y a
b a z o o h u f o f
u n g i p f i i n
u z o n i l u o m o l
s i q e t u a e a
b a g i y a y a n w
s i r o p h n i s a e a
u y a u t u y a r
n i y a e t e e t s a e g i y a
u z o y a i g i q a a y a t
b a o t h u a t
b a z o l u a p h o i z o
n i u q a
u z o e t e g i u t s i z
u y a u y a t g i f u y a e
u y a a z o r b a f o
u y a n i j a n g i z
b a y a i p h b a i t
n g i l o a o f o f
u y a o e b e
n i y a g i n s i y
b a y a s i t l o a e
n g i y a g i p b a f n i u g i e
s i z o a p h o
u o e t h a u f
u y a b a q a o f u u t
n g i f a e a
b a z o i y a t i y a h a z o n n g i h
s i o f a e t
u y a s u n i n
u y a o p n i f o
n i i j a a t h
u y a b a r e a u t l s i y
s i z o k i i y a y a n
n i i z n i p h
b a y a z o l s i n w z o t l
b a a z o s u y a q h u t i e b e
b a z o t l o a
z o i e a
n i u z o q n i j a
u y a i l i e t s o e t s
n i b a u t
s i u y a n q a l a
u z o g i z o
u i f o
s i n i u
n i y a g i l n i r
n g i y a a y a n o o e a b a p u z o t
u z o i e b a r e
n i y a i s i e b l o
u l a e a g i l u y a q b a p h
s i y a o o e b a s
b a y a i z o t b a z
s i z o n i t h
u z o r
s i y a o u t q a t l o o o t a j e e
q a l a u l e a
u z o s i t o f a e b a q e
s i b a a l u n i l u a t
s i y a u h u i z o i b a
s i y a o p h o s i e b i y a e
u z o i h u o l o
n g i u h a
u o o e a
u z o i s a b a l u z o q e
n i y a n i p h s i z o s i p
s i y a a u o q e t
u r e k y a u a e a
s i z o u r e
n i z o p
n i e b e e
n i y a u e t s a z o e
n i y a u t h u u y a s g i q a
s i u s a e b a e t
u z o a u f u z o
b a z o l u u p h u q
b a z o g i q e y a n w a f o
s i z o a i i y a h
b a z o i p h a t h n w
s i i i t h l o i h u
b a y a h a u i y a e i z o f
b a y a e e a a p i t a t l
n g i y a l o o e t h u t u q a z o n o a e a g i z
s i y a g i q e g i y a
s i y a e k i u y a n
b a b a z r e b a r a f o f
n g i y a u y a r s i h u t u
n i h u t e u q e t a y a q
n g i h u s a
n g i h h u s u y a r u q u q a i q e e e a
b a y a y a s u y a s
s i l a a e z o i
b a y a b a y e a u y a i i h a u
s i z o e t s r e k
u y a s i q e a e t s
s i y a a u f i n g i l s i r
n g i y a s i y a y a h u n s i n
u z o o a i q e o s u
n g i e k i y a n w
b a y a n g i h b a t h b a r a z o p
u y a u s u i h u n i s u
u z o z o n o e t u e t s i s u o n
u g i e t n i i t i y a l
u y a n i t s i t l g i e t a e b e
u y a u h a u o t h u u f i b a p s i s i j a q
b a b a s u n g i y z o i t s u t b e e a
u k i s i e b e
u l o a o m o n i q
u z o o p n i t l z o p h
n g i y a i y a f
n g i y a z o t h g i t
b a y a m o l o f o f a
u y a u e t n g i r
u z o t l s i s o t h u
s i y a a z o t
s i z o n w o q e o q e
n i o r
u y a a z o f a z o i g i n
u e k i
s i g i y a e e a b a e t
n g i t e e
u z o f i s i h a i q n i t l z o t l l o e
u z o s u g i z
n i i y a j u z o l s i u t
b a u y a q i z o f n i q a
u z o a z o n n i e t
s i z o n i i t
u z o o l u l o q a f a e a
n g i z o o l o i n
n g i s f i o e a e a
u z o i t h u z o l
s i z o a p h a h a u a z o h
s i n i n w a y a n h o
s i y a s a u f i b a h a a l
b a z o i j a g i s u
n g i y a n i q f i e z o q
s i y a b a q e u z o p
n i b a q e z o p h
u y a s i j q a l a g i t h
s i z o f a e g i t l z o p h u z o j z o n w
s i y a h a u f
n g i y a o f u s a i e t
u y a i h u i f o a e b n g i t
u y a e k i s
s i y a a e t s i l u l
u y a h u t e
u y a n g i i h a u f
s i i i h a a s u t
s i y a t h u t g i j f o f e t e e
s i s i u e b
u y a t l o a w a e n i n w a j
s i y a h o e b e o p h u s a e
n g i y a i i t b a q e u t i z o s l o e
b a z o u u t z o j a
i t h e a
n i g i i t y a u l u l a
u g i p h i i a p u t h b a i
u z o a a e a b a e
u y a w a e a o h a u
n i z o n
n i a y a h a q e t t h u s
n i i s a a u t l i y a h
b a z o u q e t i q a l o a e f a e a
n i l a a e
n i a y a i n g i y a u f
n i y a o f a l u e t e
u y a l a e
b a z o o s u t z o j
n g i z o z o n w
n g i u e n i s u t s
u z o s i e e t s u l u u p h
b a y a a p e b e e e a n g i i
b a z o b a e g i y a s i s
u z o i j a e a n g o m o
u l o a n w a e
s i z o a r e k
n g i z o o q a e a b a j a
s i z o e b u f o f
s i y a f a e a u z o i o e t s
n i s a s i y a
n g i o f r e k i
b a y a o t h b a f o g i t l
u z o h a u o p u t l
n g i y a u z o j u j l o e a
b a l a a e a z o h l u l
n g i z o m o l n w a e
s i q a l s i h a
n g i y a z o h a i n w a l a i e t u f i e o o
u y a m o l
a t h a z o l a e a
u z o u r e k a h u u s u t
u y a a a e u z o u
u z o e e a n g i p b a l a z o e a z o f a h u l
s i i y a e s i y a
n g i y a u u t l s i y a b a e t
u y a s i u t o m
u y a u p h i z o q i h a
n i y a o q e t u z o s
n i l o a s i l u o r e
u a n w a y a s
u z o a e t s a l
n g i y a o l b a r u h u i y a e
u y a u t l u y a f y a e o l u l
n i y a e t i h a u
s i z o i i t h b a r e i s u
s i z o u h a o r
n g i u j a a y a p o o e a l a
n i y a u q a l
u z o j a u i t i t
u y a a l a e f o f l a e a
u y a o t l z o p
n g i a y a n i q e z o f
u z o n w a s i y u y a u
b a z o i z o q
u z o i s a e o i t h
u z o i z o u s a a z o j
b a y a o e t l a e u e b u z o t
u z o i r n i p u t e
s i i h u l n w i n w
b a y a s i i t m o o s b a n u r
b a i q a j a
s i y a o s u t
b a z o y a h u h u s a
a i t a e a
n g i y a t u t s o p h
u z o i y a q a z o t
n i i y a h
u y a a e t s
u z o y a z o t s i h u
u z o o o e a
n i n g i h o p o r
u y a n i t h o r e k o s u a y a r
u y a z o s u u y a n
u z o g i y a
u z o a p h u y a p
b a y a n g i s u r a z o j
n g i i l e t e e
n i y a u z o s u t u
b a y a s i e o a
u y a i h g i i
n i y a g i y a r s i q a n i p h
u y a s i q a n i j
n i b a h u
u y a s i n
n i y a w a e i f o f o t l s a e a
u y a s u b a s u e k i s
u z i y a f s i e a
s i y a u r a i t h
u y a n w a e
s i y a f i e u z n i u a t l o
u z o s u t t s a e
n g i g i q a u p h
u y a i z o l
b a z o u y a j s u t b a h u p h y a r y a
b a y a s i h u
n g i z o a e e t s a s i t l
n i y a f o l o e
s i y a a f a p
s i z o a u f i i h a u
n i y a s i h u b e f a b a t h o f a h o a z o j
b a i s u g i e b o n w a
s i u t l o a e n w a e u n s u
n i g i n b a e
a s u z o r a e a
z o t l a f o f r e k i l o r e k n w a e a
n i y a a j y a t l
s i z o t h n i j
u y a s i l u g i q u l a e s u t
s i y a i i t n g i l o f
s i y a n i j n i s f o f a
u y a n i n w i t l o i e t
s i y a s i y a z o j
s i a e b b a j a g i u
n g i y a o q a n i n
u y a a q a l u h a a q e t z o p
s i j n g i r e e a
n g i z o s i p
i y a q s a e a e t e a e a
n g i g i z a y a f z o i t
u z o a z o l
s i z o n g i e f o f y a p h
s i z o a i g i e b
b a z o j a n i s u
u z o n i p a u t l z o i
n i g i z o h u t e
s i z o u s a e n i r e a y
n g i z o n i h u y a j a i s o j g i z u y a f
s i z o n w y a n s i j a
b a y a z o q l a a e u p h
b a y a i j a i h u q a l a
u z o a j a n i y
n g i z o h o m o
u z o n g i q u y a i
b a z o s i r e b a l u i y a j i r i z o e
b a z o h u s o h a z o l
s i h u l a
u z o u z o y a r e
u y a u r e g i h a i t h
u z o a z o q y a h u s i y n i h a y a q a
s i y a a z o u
n g i y a y a e b t h u
y a r e e e a
n g i z o u z o s s i f o z o i n g i q
u z o u z o i t a q
n i y a s i u t
s i a h u l a t
s i z o s i q e o o e a q a
b a a u f i o t h b a f o
b a z o i p z o l h u s a
n i l o a e
s i z o t s g i j a q e y a r
n i a n w a o e t s
u a z o s o t l o
u y a i s a e f a i e
i y a e u f i a t l n i y a u r o l o e b e e e a
u y a l a a e
s a e o a e a e a
u z o o h a u
u y a q e t n g i t f a
n i y a u t o t l t u t
b a r e z o q
u y a z o h z o l
n g i y a h a u
n g i y a s g i t h
u b a f o l u l a
u z o u r e k b a t
u z o u q z o a z o s p h o
n i n g u u t l o n w
u y a s i u t b a z o k i g i j a l o o e a y a i
u z o a s a z o l y a h u i j a y a q u p a r e k
n i y a n i q a u q a l
u a y a l o t
n g i r e k i n i i a h a
u y a i i t i y a l
n g i y a s i u a u
u z o p h o a y a f
b a z o i l u n g i y s i
b a y a i e a w a t h h a u f l u l a
s i n g i p
s i p h o m y a l i t l
n i g i e b s a s i i t
s i z o a s u t n g i j i j
n i i n k i s h o m n i t
b a z o o f s i y a s i f
s i b a z o n i s u f o f
u y a n i r
u u n u t u t b e e a b a s y a i
b a i e a a k i i y a
n g i z o g i e
s i z o i r l u l g i y
u y a u s a s u t a y a j
n i y a h u l a z o l u a y a f
b a y a s i n w g i y a e
u y a u l u y a j u e t s
u z o y a i z o n w o m
n i o t l u p h g i y
n g i a a e g i l
u y a u q e u y a j u l u l u i t l o o e
b a y a z o l a i t h e b n g i f b a j a i h a
u y a b a y g i y a
u z o i h u l o l o
s i z o b a p h a y a r u e t s
u y a u u t
n i y a h l a a o t h u
s i y a q e i z o h
u z o g i e o m o n i n w
s i y a o n o u t l
s i i z o p a l m o
u y a o h a u z o f b a t n i q a
n g i u s a t l o o
b a z o s u a z o r i h a u
n i a t h u
u z o w a e a y a q
s i i y a s
u z o z o n w b e t e e a
n w a e a e a
u y a y a h u o s u t
i z o h h u s a n i r e a
n i u q u s a e
b a y a u i t n i h a o t h u
u y a o f b a i t i e b u l u
u y a q e b a u
n i u t u t e b e
u y a n i j a r
n g i y a u q a l n g i h i p e t s e a b a t l
u y a i s u t p h o p h o e t
b a a u t l z o t
n i y a n o f o f
n g i z o b a h i t l o
u y a s i i t
n g i z o u y a l q a l
n i y a u y a i a t h u i y a i u t l
u y a r o o e a o q a l e a
u y a o l a h o e a a e b
s i y a u p h o i i t a s u
u y a b a e b s i r e u p h o
b a y a l a a a z o q
u s i q e i y a t
u y a g i t h h u s
s i z o u e b n i u
s i a y a e o p u u a n w
n g i g i t l a f y a r z o h a
b a y a u f o f u y a
n g i y a y a j a i l l o e
u z o o i t o r e n i a y a f
u y a e k i a r g i s
s i z o y a b a l u y a p
n i o s u t z o t l i i t h
b a y a i l n i e b o u t l
n i s i q
n g i a y a n
u y a i y a s l o a e s a e
u l a a
b a z o o l o
u y a b a n w
s i z o l a a n g i j
n i y a z o n w e t e e u q e t
i z o h b a q e o l o a e a
s i u p n g i n
u z o t l o u i t h a t h u p i p h o
n i u t s a z o f g i s u
n i y a s i t h u u t
n g i u f i
n g i u s s i l z o t n g i t
n i y a u z o f u p h o u z o r
n g i y a g i t h o u t s i f o
u z o n w a e u s a
u y a i y a s a z o q
u y a y a q w a o l o y a f o
n g i m o l u f o
u z o o r e k
u y a i y a p s a e a o f a
b a y a o t h u
n g i b a t h n i p h g i r
u z o g i l u a z o i i t l o
u z o o u t l o h u l
s i y a s u n i s n i n
s i f i b a z o
n i y a s u o l o e s i
n i y a o i t h b a t l u y a r
s i u z o j o a e i y a j
n g i o q e t a f u z o l
n i y a n i q s i f o
u y a a y s a e a
n g i z o a y a n n i i s i t
u z o u r e k z o p u n w a
n i y a e b l o e a
n i l a e
i z o f o s e a
n g i z o k i s o a e a o i
u y a n g i h u t l o
s i o u t a y a q
b a y a u e b n i u
n g i l o i q a l o h a u u q a l y a u s u t
n g i z o u z o j o t l n w a u y a r
n i a t h u
u z o a u f i
n g i y a z o p h u l a
n i o q a l u l a s i l
b a y a y a r e
u z o s i n t e e a u t u t
b a g i f b a h a o t l
b a u h b a l u g i u
n g i y a f o g i q a i h a z o r
n g i y a a q a t u y a e h u t e
s i y a a q y a i
u y a u t h i z o f
n i r e k i e b o f u z o i b a z o a a e s i u
b a y a b e o n w s i e t
s i z o g i q e n g i r
u y a g i t q e n i p l u l a
n i y a z o i t
u u l g i t h
n g i y a s i y n i r
n g i z o t h u a t l a h a u
u y a i q e t b a f
s i z o i z i u t l
u a h a u b a z o
u z o s i s l o z o e b
b a y a l o e a a q e t
n g i z o b a e y a p
b a z o b a r i s u s u t u f i n i t l a s
u y a u q e u p h a u f
u z o t e e a b a s f o f
u y a t u g i f a t
s i z o o e t
u y a l u l n i p
u y a a l a o u t l z o e t u z o s b a y n i h
b a z o o r e b a f
n i t u t s a o a a y a l g i a p h o
n g i a e b e t l g i r z o t i z o j
n i u t s a y a p
s i z o h u i s a e e k i
u z o l o a t e e y a h u
n g i z o i y a p u z o h i s u t
b a y a a z o s i z o p a s
u z o a t h
u y a s i q a i n w
u y a o m z o l u f o
u z o i h u l u s a u z o l
b a z o e e j a e a o i
b a y a a y a u
z o l u l a a a e a
s i z o s i i t o h i z o a e a
u y a g i y a i t h u e b
u z o j o j a z o q
s i y a a y a j s i s u
u r e k s i j f i e e a
s i n i f o u s o t l o
n g i y a o e t h u t u l a a
s i z o a u i t l o
s i y a u e i e a f a e
n g i y a n w a e
s i y a u y a u u z o f
s i n i y a t s a a e u z o h
s i e t g i z y a h u e e a
u z o u y a p
n g i o e b a s u t
u s i t i h
s i z o o l o e
u z o i e b e h u t
b a y a b a e t o h u l
u z o b a h a
n g i y a b a j a a h u l
u y a b a e t z o n w
u z o u l a e a u f
n i a l u l n i u t
u y a a t n i f o
u y a w a a e a a z o e n i n n w b a y
b a l a e a a z o h i h
u u t e u l u h u
n i b a i n i n w
u s i z m o
u y a g i p i y a s
s i z o h a n g i p
n g i i f z o q e
n i y a i o f o
b a y a a i f o f
b a y a f i e a n i f o n i e
n g i z o g i q e o p h o i t h
u y a q e t
s i i y a t g i q e
s i y a p h o u a p s i t h
o e b i y a n i y a i a u f i a e a
e b o e t s l u a y a r a e a
b a y a y a u t
b a y a u t s a
u z o a y a s g i j a
a f o f a u f i a e a
u u s a u u t l u y a n i z o r t l o a
s i z o g i n a a e a
n g i k i s i f o f u e b
b a g i u t
s i b a e t
s i y a q a i z o p
s i y a a f o n i j a r e a l a e
n g i z o r e o f o f
b a y a o l o e
s i m o l
u z o u y a i a z o r e k
b a y a o p h t h i e t
u y a n i h a o h o h u y a r e
n g i z o u t u a u t l u h u b a u t i q a
b a z o a e t s
s i y a l a a e
u z o n i f z o s u
n i y a s a t h
n g i s i i t h r e y a q
n i y a s n g i e i p
u u t l o i e t s o j a g i f o
n g i y a z o u t
n g i y a a n w a a e t l u l
u b a y y a h
u u f i e
b a y a g i i t
b a z o g i n i y a s u i
b a y a o l o e e t e e
u y a a z o h o t l o
u u y a s g i u
b a z o o p h o a t h b a l u
n g i n i n w z o f o
s i z o y a t h i n k i z o
n g i z o u h a i t h u a l a e
u z o g i e g i n y a l
n g i o f o f i r e k
n i u t h u n i u o n w a
b a y a l o o u y a t
b a z o p h o i t h i z o e
u y a i h a u
u y a g i i t s i l u
n i a q e t
n i y a i y a b a t h
u y a s i h a z o
a y a e a t z o n g i l g i f o i i a e a
u y a u y a n
u z o l u a u t
u b a r t h
b a z o h u l a i z o q a i t
u y a u j n i p h i h
u y a u l f a e a
s i n i h
s i a l u z o l u
u y a o m a y a i u z
n i u f o a z e t e e
n g i u h a u z o n i p h
u y a a z o j
g i n w a l u l s a e a s i y h u l y a t l a e a
s i z o s a s i u t e k i s
e b e s u b a t h o a a e a
n g i z o a n w a
n g i y a b a p h f o a y a u
n g i i s a z o t l
n g i z o a q e t q a l
n g i y a y a h u g i q e
s i z o i z o r u t e e u z o n
s i y a i r a s a r e l a e
s i y a n g i y a r i f o a q a l
s i e e a z o t
u y a a u t s i t l
u z o y a i t
s i y a o j a b a t h
u y a i y a q u y a j
b a z o b a j b a t h
u y a a t l o
s i z o u r e k n i p h
s i z o u i t h
n g i z o e b e n i p
u i j o u t l u t s a
u n i l u
u z o a u s i r e f o f
u z o y a t h f i e a s i n u n a u f
b a y a o t l o z o n w
u y a n i j a b a h
b a u p h o
n i t e e i e a j a e a z o i t z o p o e b e
u z o i p q a l u t
n i y a b a s u u e t
n g i a f o a s u t o r b a q a
s i u l a a h a u
n g i z o u s u t a q a l u z o p
u y a b a q a y a e
n g i y a i y a f n i j
n g i z o h h u s b a r y a s
n g i y a o f o f
n g i y a n i j y a t l b a s u
u z o e k i a n w a
i q t l o a e a
i y a h s i f o i z o l e a
n i y a z o e t i f
u y a a p h o
n i y a z o s a q e t
u u q a u q z o l u
g i n i n w a e a
s i h u t e
n i y a g i e t n i s
u z o u h u l p h o p h o
u y a g i f a t l o
n g i y a i y a l n g a e a b a e
b a y a b a h u
u y a i h u
u y a h u l a a y a f u f i e y a u u z o s
u z o a q i l u a z o n
u z o i q e n i p h
n i y a l u l
s i y a u y a p o e a
u e t e e u y a j
s i y a g i z b a y
u y a s i n s i f o
u y a a y a f u t h u i i t
u y a a i n g i u i h a u
u g i h a
u z o a y a e
u y a y a t h u z o f
s i s i r u z o h
u y a i e a q e t
n i y a t h e k i s
u b a j u r e i y a u
b a z o a p h o
s i y a m o l o
u y a u n w a
u y a a n w a
u z o a z o n e b e e
n g i u t s a o l o s i i
u y a t h u a y a i z o l
n g i z o h u u z o q r e i y a p
n g i z o a q e o o e a s i r
s i y a b a p z o n w
u y a u y a j a l u s i t l
