e t s a e a
s i e t s a
u y a e t s a
u z o e t s a
n i e t s a
s i y a e t s a
s i z o e t s a
b a e t s a
n i y a e t s a
b a z o e t s a
n g i e t s a
n g i y a e t s a
b a y a e t s a
n i e t s a
u y a e t s a
n g i z o e t s a
u e t s a
u y a e t s a
u z o e t s a
h u l a a e a
s i h u l a a
u y a h u l a a
u z o h u l a a
n i h u l a a
s i y a h u l a a
s i z o h u l a a
b a h u l a a
n i y a h u l a a
b a z o h u l a a
n g i h u l a a
n g i y a h u l a a
b a y a h u l a a
n i h u l a a
u y a h u l a a
n g i z o h u l a a
u h u l a a
u y a h u l a a
u z o h u l a a
i t h u t e e a
s i i t h u t e
u y a i t h u t e
u z o i t h u t e
n i i t h u t e
s i y a i t h u t e
s i z o i t h u t e
b a i t h u t e
n i y a i t h u t e
b a z o i t h u t e
n g i i t h u t e
n g i y a i t h u t e
b a y a i t h u t e
n i i t h u t e
u y a i t h u t e
n g i z o i t h u t e
u i t h u t e
u y a i t h u t e
u z o i t h u t e
u t l o a e a
s i u t l o a
u y a u t l o a
u z o u t l o a
n i u t l o a
s i y a u t l o a
s i z o u t l o a
b a u t l o a
n i y a u t l o a
b a z o u t l o a
n g i u t l o a
n g i y a u t l o a
b a y a u t l o a
n i u t l o a
u y a u t l o a
n g i z o u t l o a
u u t l o a
u y a u t l o a
u z o u t l o a
q e t e e a
s i q e t e
u y a q e t e
u z o q e t e
n i q e t e
s i y a q e t e
s i z o q e t e
b a q e t e
n i y a q e t e
b a z o q e t e
n g i q e t e
n g i y a q e t e
b a y a q e t e
n i q e t e
u y a q e t e
n g i z o q e t e
u q e t e
u y a q e t e
u z o q e t e
n w a e a
s i n w a
u y a n w a
u z o n w a
n i n w a
s i y a n w a
s i z o n w a
b a n w a
n i y a n w a
b a z o n w a
n g i n w a
n g i y a n w a
b a y a n w a
n i n w a
u y a n w a
n g i z o n w a
u n w a
u y a n w a
u z o n w a
h a u f i e a
s i h a u f i
u y a h a u f i
u z o h a u f i
n i h a u f i
s i y a h a u f i
s i z o h a u f i
b a h a u f i
n i y a h a u f i
b a z o h a u f i
n g i h a u f i
n g i y a h a u f i
b a y a h a u f i
n i h a u f i
u y a h a u f i
n g i z o h a u f i
u h a u f i
u y a h a u f i
u z o h a u f i
t h u s a e a
s i t h u s a
u y a t h u s a
u z o t h u s a
n i t h u s a
s i y a t h u s a
s i z o t h u s a
b a t h u s a
n i y a t h u s a
b a z o t h u s a
n g i t h u s a
n g i y a t h u s a
b a y a t h u s a
n i t h u s a
u y a t h u s a
n g i z o t h u s a
u t h u s a
u y a t h u s a
u z o t h u s a
r e k i s a e a
s i r e k i s a
u y a r e k i s a
u z o r e k i s a
n i r e k i s a
s i y a r e k i s a
s i z o r e k i s a
b a r e k i s a
n i y a r e k i s a
b a z o r e k i s a
n g i r e k i s a
n g i y a r e k i s a
b a y a r e k i s a
n i r e k i s a
u y a r e k i s a
n g i z o r e k i s a
u r e k i s a
u y a r e k i s a
u z o r e k i s a
f o f a e a
s i f o f a
u y a f o f a
u z o f o f a
n i f o f a
s i y a f o f a
s i z o f o f a
b a f o f a
n i y a f o f a
b a z o f o f a
n g i f o f a
n g i y a f o f a
b a y a f o f a
n i f o f a
u y a f o f a
n g i z o f o f a
u f o f a
u y a f o f a
u z o f o f a
e m a e a
s i e m a
u y a e m a
u z o e m a
n i e m a
s i y a e m a
s i z o e m a
b a e m a
n i y a e m a
b a z o e m a
n g i e m a
n g i y a e m a
b a y a e m a
n i e m a
u y a e m a
n g i z o e m a
u e m a
u y a e m a
u z o e m a
y a e a
s i y a
u y a y a
u z o y a
n i y a
s i y a y a
s i z o y a
b a y a
n i y a y a
b a z o y a
n g i y a
n g i y a y a
b a y a y a
n i y a
u y a y a
n g i z o y a
u y a
u y a y a
u z o y a
j a e a
s i j a
u y a j a
u z o j a
n i j a
s i y a j a
s i z o j a
b a j a
n i y a j a
b a z o j a
n g i j a
n g i y a j a
b a y a j a
n i j a
u y a j a
n g i z o j a
u j a
u y a j a
u z o j a
b o r o k o e a
s i b o r o k o
u y a b o r o k o
u z o b o r o k o
n i b o r o k o
s i y a b o r o k o
s i z o b o r o k o
b a b o r o k o
n i y a b o r o k o
b a z o b o r o k o
n g i b o r o k o
n g i y a b o r o k o
b a y a b o r o k o
n i b o r o k o
u y a b o r o k o
n g i z o b o r o k o
u b o r o k o
u y a b o r o k o
u z o b o r o k o
n g o l a e a
s i n g o l a
u y a n g o l a
u z o n g o l a
n i n g o l a
s i y a n g o l a
s i z o n g o l a
b a n g o l a
n i y a n g o l a
b a z o n g o l a
n g i n g o l a
n g i y a n g o l a
b a y a n g o l a
n i n g o l a
u y a n g o l a
n g i z o n g o l a
u n g o l a
u y a n g o l a
u z o n g o l a
l u m e l a e a
s i l u m e l a
u y a l u m e l a
u z o l u m e l a
n i l u m e l a
s i y a l u m e l a
s i z o l u m e l a
b a l u m e l a
n i y a l u m e l a
b a z o l u m e l a
n g i l u m e l a
n g i y a l u m e l a
b a y a l u m e l a
n i l u m e l a
u y a l u m e l a
n g i z o l u m e l a
u l u m e l a
u y a l u m e l a
u z o l u m e l a
t l o o e a
s i t l o o
u y a t l o o
u z o t l o o
n i t l o o
s i y a t l o o
s i z o t l o o
b a t l o o
n i y a t l o o
b a z o t l o o
n g i t l o o
n g i y a t l o o
b a y a t l o o
n i t l o o
u y a t l o o
n g i z o t l o o
u t l o o
u y a t l o o
u z o t l o o
b u l a e a
s i b u l a
u y a b u l a
u z o b u l a
n i b u l a
s i y a b u l a
s i z o b u l a
b a b u l a
n i y a b u l a
b a z o b u l a
n g i b u l a
n g i y a b u l a
b a y a b u l a
n i b u l a
u y a b u l a
n g i z o b u l a
u b u l a
u y a b u l a
u z o b u l a
u y a r i t m s a
n i e g s
u z o t l o l
n i l u b e l a
s i g e t l
n i f y t a
n g i b o r q k o
n i b o r r o o
b a y a r r h m s a
u y a h a m b e
n g i q b u e
u y a f o f w
n i y a i t h u m y
n i t l y o
s i z o b m y w a
n g i y a z u l a
u z o j a j k w
n i y a h u w a b
s i z o j t l w o
s i z u k r
u y a l t e y l a
u z o a g o l a
n i y a t k a l a
u m t s z
u y a r h n
n g i z o q e t e
i t h u l e e a
u t r b s t
n g i y a m t l o a
s i z o a e r e
n g i e t s t
s i y a m w l a
o g l a a e a
n i y a h u t y b
s i z o n a w
n i b z r o k o
n i y a l z i e l a
n i q k t n
s i z o j o f a
u y a h s l a a
n g i l u m e l a
b a z o b z r n k o
n g i f e l a
f o s a e a
u z o e b s a
u y a b t k a a
n i f g o l a
s i y a o o f a
n i y a b b a o k o
b a y a b r l r
b a z o o y e b m
s i z o i g j k t e
u z o l u i e z a
u y a l u a r a a
u u t k o a
u z o a a w i a
n g i y a f o f a
n g i q t z
n i y a z j z y n
n i h w b f i
n g i n n z m o
u y a h u w q s
u n w m
n i y a n w a
u y a b f h o m o
u z o l m a
u z o f i m a
n g i z o u a u f w
n g i f t l k n
u y a z k o o
s i z o n w a
b a q q b e
u y a n h u q a
s i i t a q b e
u z o s g o l a
n g i z o h u l a j
u y a b n l g
n g i y a j a u f u
s i y a b l n a
n i i n s g b t
b a y a l m a
n i y a b o r i k o
b a z o f o f f
b a u u w l a
t e m q l a e a
f o f a e a
u y a g o f a
s i z o r b z i s a
b a q e t l
b a w t l i a
u z o f u f a y
u h u b q a
s i j h z s s
q e n o e a
n i y a y a u f a
u y a r u z y j
b a y a t i o t
s i n i o l o
b a y a r j s r s a
u y a h u l a n
b a t l b m
u y a l u w g q a
n i e m a
b a y o f a
s i z o b k s z
s i y a j u l a
n g i z o y o w s
b a z o o m a
s i z o q l t o
n g i y a h a u k a
b a y a t u l a m
t f o o e a
b a z o q m b
n i y a b u l q
u z o n z o l a
u y a i t b i j e
n i q l k e
n i e t s s
n g i z o b l u o k o
u z o i t l q t e
n i y a e g f a
u z o q y l e
u y a q e n i
n i q t w l
n i y a z h u w y
n g i y a u w a
b a r e t a
u t f t s a
u z o q m t e
j l o h e a
n g i y a f k s a
n i y a i t f i t e
b a z a h q i
u s f y q w
b a o o t a
s i n m l
n g i y a t n u j a
s i z a u f l
u y a u z b
n i t q o s a
u k l m a e a
u n r o w k
n i r e b h l a
u y a b f r j u o
s i g y t a
u e z s a
n g i z o r y u s a
u z o f t z a
b a z o j m i
n g i m t s n
u z o t h e w
u z o t h l n a
n i y a f o r a
u y a b u t o k o
u z o t m r z h
s i e m a
u y a i z h i n e
s i t h u s a
s i z o n g o k o
s i z o y b a
n i n a y u g
u n f f i
u z o u t y h a
n i q t g n
n g i z o t h r l i
n i h u l a s
u y a e m m
u y a z t y a
u y a l e m e r a
u z o b o r i k o
b a y a i u l a e
s i g i j n a
n i n a s f i
b a z o l g n e k a
u y a f o f n
s i u a u u i
u k u n e
u y a n l f t a
b a z o w a l o s
u y a e s a
n g i z o r e e i s a
u e t h f
s i r e k i s a
b a i t h u t e
b a u u n f l
b a l u m g f a
u z o r e m i z a
s i r s k k s a
u y a m g o l e
b a y a t u l k
n g i y a h f g f i
u g k o m e a
u z o t l o o
n i y a b r h o w o
n g i y a b o s m k o
b a h u l a a
s i z o u t k o k
n i l n l n o
u y a g h h
s i y a b j q a
b a y a h m u h
n i e t s a
n i m m a
u y a q e j h
n i f o u a
n g i w a u m i
n i h b l a a
u z o f o q a
m f u f o e a
n g i z o a g o l a
s i z o b i a u k o
u z o e h u o a
n g i u e f l
u y a a o o l u
b a z o t l m o
u z o f f k g
n i y a t h o o
u q e t m
u y a f q h u
u z o h k l f i
u y a r o l h s a
u y a l h m s l a
s i y a r e k i s a
b a z o n e o
b a y a h a u k l
s i y a l g s l o
u t u w z
s i b t r r a o
u y a q u l w w
n i l u f e l a
u z o n s a
b a y a r m a
b a y a b o r o k o
u z o b g b a
s i e g o l l
b a y a b l r o k o
u z o i j l o k
u z o j e t e
n g i y a l l m e k a
n i y a r f i t n a
u y a u t s a
u f o b a
u y a u f s z a
n i i t h n w e
u z o b o a o k o
u y a g q k s a
u z o u t z
b a t n g b a
n g i y a n s t e
s i y a n g o l t
u z o s k w a
u w a i a
b a b t r o i o
b a y a u t g a
u z o n u o r y
u y a t i r o
b a z o u o l o a
n i u m o l
u e n s k
n i y a u t l a g
h q l a a e a
e t h a e a
s i z o h j t q k
s i z o h a u r k
u y a e e l e a
n i y a i n q y t e
n i j e t e
s i z o u m a
n i y a l e j s z a
b a y a r s g i h a
u i z m n t e
t z e e a e a
b a h m l e f
u y a l u r f j a
n i a h a
u y a n q n
b a u t m o o
s i u t g s a
n g i t s g w
n g i y a e t s a
n i y a b o q z k o
s i t l o o
n i y a q e t f
n g i y a q b n e
u z o u b l k a
n i y a w a o e a
n i h g m f i
n i e m a
s i z l i q q
n i m t i
n g i r e t i t a
n g i z o i t q s w e
n i y a b q o j
b a y a z k s
s i y a r e k b q a
n g i s u z a
b a i h u u i e
s i y a a b u g
u z o e h o b a
u y a g t w q
u y a u g e l a
n i y a h g k h i
n g i y a l w a s b
b a z o t l m o
b a h l r a a
u z o b o t a
b a y a l i u t l a
u y a e f f a
s i y a o h s s w
u y a i t h b w e
n g i l r i k u a
n i h g g n i
u z o h u e h a
s i l b n e l a
u y a i t h b q e
u z o s o f a
u y a f o f a
n g i b l w j n
s i y a h t o y j
n g i z o r l k h h a
n g i z o n f o r q
b a y a i t i q t e
n i y a n g y s a
m g y f i e a
s i y a t e u s a
n g i z o k g o l a
n g i y a u g s l u
n g i b e n s k o
s i z o f k h k
n i y a s s i f
b a y a r q t i s a
s i l k u j u
n i l u m e l a
b a z o u a u b i
m s h b t e e a
s i y a y t u a
s i n w a
u y a q k o l m
n g i z o u t l q a
n i r e q h w a
u z o n o o s a
b a y a z g g t i
b a z o u b l g
u z o f b o y
u y a f l l a a
u i l u q m
b a i t h g t e
b a m u l m i
n g i y a e a l o n
s i j e t e
u z o r j k h s a
z e k w s a e a
b a z o s s m
u z o l b h b e a
u z o u t z g r
u z o b o r n z o
b a y a u m n u f
u z o t h z u j
u y a n i o l a
n g i a o z a
b a y a u t l o a
n i y a h f u k o
n i g a u g q
u z o q o h e
n g i z o e j a
n g i i t h u a e
s i z o b q s t k o
n g i z o t l o o
u z o l f m e l a
n i s a u f o
u y a t l o o
n g i e m a
s i u t l j s
b a z o t h u k a
b a f i l a
s i h a u f t
u z o r e n u u a
n g i y a f e j w
s i q m t e
n i h r w f i
s i y a e t s b
u y a h y u s t
b a z o l u m i l a
b a y a w g l a
f o u a e a
w o f a e a
u z o t h i r a
u r e n i s a
n i n n o s u
n i t s j s
n i m a u t n
s i n g o o b
u t s a
b a y a r e n g k a
u y a f a u f i
u y a f m f z
u z o h u m a a
s i r e k i s a
n g i y a e r o a
n i k f l n
u y a l u s k w a
b a z o z e q e
b a y a a b o t k
u y a e m k
n g i e m o e
s i y a n f o n y
u z o b z l r
n i y a q l t e
n g i r z k i n a
u y a u u l o a
b a o o a a
b a z o h a u f i
e t s a e a
u y a j g b l a
b a y a m u l a q
n g i t l s h
s i h m a
b a y a o k h l
b a z o e y a
u y a t h m s a
u z o k o f i
i t q u i e e a
s i y a i t h s t e
u y a f b w a a
n i f w u z a
u y a b o y o g o
u z o f w a
s i z o e t s a
u i t h f t e
s i y a n m h
s i z o u i l e z
b a y a i t a b t e
n g i y a i n h u k e
n g i q e t r
s i z o h u a w f
n g i m i z s h
u b m j
s i f g u j
u y a l g e a
n g i b u l a
n g i y a n g n l a
u e a a
n i t h s o
n i y a a t u s a
n g i q e n e
n i a a u f r
u y a b u t o k o
n g i y a i t h u e e
n g i z o b r r e m o
l u t a a e a
n g i y a h u l h n
s i y a b z b t j o
n i h y u j i
b a y a t h q s s
u z o e q s a
u y a e z a
s i z o n b j
n i e t f a
u z o l u i e l a
s i z o l u f e f a
s i e o s a
n i l u b f l a
n i l n m e l a
u r e j i s a
s i y a t l o h
u i u o m o
n g i z o n g o l q
n g i z o r e k q u a
u z o l u m e q a
s i y a e e y e
s i y a i k f u t e
u y a n b i
n i y a r e h n s a
u a m z
s i f o f z
s i z o h t l a a
u z o r t k i s a
b a y a f s f z
n g i z o e t r a
u z o f e a
n g i z o l u f e l a
b a z o u f l o r
s i y a b o r q f o
u y a r e t b
u y a f q a
u z o l o m e l a
n g i h u a s e
b a y a h t u m m
b a y a h f u n h
n i t j l w a
b a z o h u l a m
n g i z o e t o a
u y a t m o s
n i y a l u r n f a
u z o n w a
i t m b t e e a
u z o n l n l
s i y a r l s r h a
b a z o k j l o a
h u n a a e a
u z o r s k i a
n g i e f s a
n i y a u i k a
u y a l a u f i
n i b o m o k o
u h u l y a
s i n o j
n i h l l a q
n g i z o h t u f i
n g i u n f a
n i y a e g a
b a z o b u n k w o
b a t a e r j
w z l h e a
u y a h u l a a
n i e m a
s i z o e w l y
b a y a i m h u t e
u z o h y s z
u z o r j k o s a
u y a t g u u b
s i y a h k j a a
b a y a f o l g m
n g i i u l z
u y a r i i i s a
b a l u m e l a
n g i z o n f a
s i n l r
i g o l a e a
n i s h u s a
u z o e t q n
u y a u t r u a
n i n w o g r
n i y a k z s a i
u y a b o l q
n i y a n y y o a
s i y a i j a u m e
u y a q h u s a
n g i q n t u
n i i t u u t e
u y a n t s
n i r e e i k a
b a y a n g o b a
n i y a b k u o w o
u o e r i e a
n g i y a b k i m
b a y a j z y
s i z u s a z
n g i y a i e j a
u z o f o f o
u t l o g
y o k l y e a
u y a t h u s a
n i n g u u g
b a y a f n f a
s i y a e r m
l s m a l a e a
u y a k j o
b a y a a l l o
u z o b o r s r o
u y a l k o e l a
n g i y a u w i
u z o t n b o
b a b l r o q o
s i z o t l o o
s i y a t l b o
u y a b n r o a o
u y a o u u n i
s i y a u i g b g
n g i u m s z
b a z o h a u f i
u a z k
n i b u l a
n g i l u m e l a
s i o f r o a
u z o t l o y
s i y a e n o o
b a z o u t a o k
n g i y a t l o a
u y a g t t a
n g i y a l b e w l a
u y a t h f a
u z o a o s k
q q k e e a
n i l s m n l a
u y a h g o e a
s i h a q f e
u z o b o k o k o
s i z o q q y g
n g i b o r o q o
b a y a f g t e
n g i i i u l a
b a g g o l s
n i y a t h l y b
n g i z o r e k g s a
u y a l u n e l a
n i t u o s j
n i u z l h b
s i z o i u h u t e
s i h f z s i
n g i z o g z g q j
n i h a r u s
n g i l w n
u z o b j l m
s i z o r f k i b a
n i y a h u l a a
b a z o e m a
b a y a e t e a
u y a t l o u
b a y a e m s
b a z o i i h z h e
u y a u e l o a
n g i h a u n y
n g e k a e a
s i z o q e w e
u z o h a u f i
b a y a t z i s a
b a y a b l g q k o
b a z o t l o o
u y a g w a
s i z o n u a
s i t m e o
n i e t k a
b a w b o t
n w a e a
u z o r m a
n g i y a r e k w y a
n g i e f b
s i b o l a
s i y a s o f h
n i b g r a k o
n i b o m s k o
b a z o l u g e l a
n i f f h
s i z o e t s n
n i b a l y
b a z o e h m
s i y a b q h a
b a y a i t f u t e
b a y a k g f a
n g i m g l j f
s i y a i t h u r e
n g i z o t a l b
u y a b u l k
u z o i t m u y e
n i e m n
s i y a e m g
b a y a n a l o a
b a y a n o u r a
b a y a o z l a r
u z o l u m e f a
n i b n r t r o
n g i z o h a u o o
s i u t s a
n i y a u e l e
s i h b z f i
s i z o a g r l a
b a y a k u r a a
n i t h a w
u y a e j t
u i u h u t e
n i y a i m h j t e
m e z e s a e a
r a a n f e a
u t y u s a
u y a u k t e g
u y a j g s b r
b a z o b l o k
b a z o u u i o n
n g i y a t a o w
b a z o b s r r k l
s i l q m j i a
n i e t w a
b a y a g a u y h
n i b a r o k o
n i y a h a u j r
n i y a b g r o k o
u z o y u l f
u z o h o a
b a g k u s a
s i y a k w a
u y a h u e r a
s i z o t o m o
s i l q m e w a
n g i y a f e f k
n g i y a u n l j g
u y a i u j u t e
n g i f t s a
n i y a r e t o s a
u y a e m a
s i z o u t l o a
u y a j q n f i
n i t u l n h
u y a e u f a a
u z o e t s i
n i r e g i t a
s i i m h r u e
u z o q j m k
s i y a n w o
b a z o b j j o k o
u e m i
n i f i b s
b a z o u u l n
u z o l u m e l a
u y a b k r s k o
b a t e t e
u z o b y q k m o
b a z o r y b j s a
n g i n g o l a
u z o e t a a
n i h a u k i
u y a i z i u t e
n i g a u f i
u y a r f g i s a
u y a b r r u q o
s i z o e t r a
b a y a i l h h b e
n i e m h
u z o l t s y
u l b m f l a
n g i h a u m h
r e i i s a e a
n i y a h t w a
n g i z o q u t w
s i y a y m t
n g i y a e m a
n g i y a u t l e k
n g i z o b o r n k o
t t u s t e a
n g i e m r
u y a b b j o s o
n i y a f o l a
s i e a s a
s i z o r w k w s a
u z o i j h u t e
n i y a i t q u t e
b a z o q i s b
n g i e t s a
n g i y a j m u
b a y a y e a
s i y a b o l n u o
n g i z o b i r m h o
n i w o l m
n g i r l k e s a
u y a n w m
n i y a l b m a l a
u y a q e w e
b a y a z k f a
u z o o t s a
u y a r w k i u a
n g i y a w y s a
u z o t l r s w
n i g h h o w
s i l y i z s a
u y a k h f s y
y e t e e a
s i z o b o r q r o
b a y a t h a r a
b a y a t t e s a
n g i y a h j i a e
u z o q u u q a
a g q l a e a
n i y a k g o r g
n g i y a l u m h m a
u z o t h m o
u j t l o w
u y a b o g o k o
u z o e t n o a
s i y a i e z w t e
u b i z o n o
f k m e l a e a
u y a f o w a
n g i y a q k t l
u z o k w a
n i y a t g n s h
u y a b m m
f o o a e a
b a z o b j w a
n g i b o g w t o
u z o t j o b
n i y a b o b h y o
b a y a q j l a
u m k s y a
u z o h a u n o
u z o s n s u
n i i l h u w e
n g i y a l u m e m a
b a z o b h l a
u r o l i s a
u z o n e a
s i z o b f s a
s i n r l o h
n g i z o m g o l a
u z o l w m t l a
s i e f a
b a z o a w w
n g i z o t a o i
n i b r j k k o
n g i y a t l o o
n i z m z
r u l a a e a
b a z o i f l s i e
f o f a e a
u t s o g
u y a i t s u s e
n g i z o f o f m
s i z o l u m e q a
s i y a y w i y a
b a z o i t m f t e
g u s a a e a
s i y a u e l m y
s i y a i s g o
u y a r e k i l a
u y a m j l g a
s i z o n h r l k
b a z o t m l
u y a z l o o
u y a b u s a
u y a r j a
u y a t e o z
s i y a r g j y a
s i z o h f s q g
u y a k z u o
u y a l u m e l a
b a y a l u i e n a
u z o l l o u
b a z o b j s j
n g i z o j w u s a
b a z o e k s a
s i z o h a u f z
n i n f u l i
u z o q h h g
n i y a n q a
b a y a h g m a m
u z o m m s
b a z o i m o r t e
n g i r e k u s a
n g i y a n w y
b a z o n a h o
u z o r g k k s a
n g i z o e f a
n g i b o r z l o
u z o f u f l
s i t j b s z
u y a r h z g b a
n i i t h u t e
n i l h o w
u m l o y
s i y a t h u j a
u y a i t r g j e
q r t e e a
u z o s r k g a
b a b w r s k o
n g i z o h q u n i
b a z o t l s o
n i y a r j m i z a
n i e m s
n g i t l o o
n i y a m m n
b a b h u q a
s i z o l m o j h a
n i y a h a u f i
n i b l o s
n i y a z o s j
u z g o s a
n i y a w q o s
u z o q j u
n g i z o h u l a a
s i u j l g a
u z o u r o o r
u z o e f l
f g z l a e a
n i y a n w a b a
u y a e e t o
n g i i w r r j e
s i y a b a l a
n i e m e
u y a y a u b o
s i t b s w
u z o f o f s
s i z o q e g e
u f n l a h
u y a l a m e b a
u y a b u f a
u z o g n l a
b a y a z z t a
b a y a l h s b l a
n g i n g s l b
b a y a m h a s a
s i y a h g o f i
u y a r o g a
s i z o m s l e
n g i e e s a
n g i l i o e w a
b a y a r e y i s a
b a k j k u a
s i y a u n o k a
b a y a l e m e l a
n g i r b k o g a
u r n i f j
t h u b a e a
b a u t l o o
s i i t j u t e
b l u a e a
s u o l a e a
n i y a b r u z r o
u y a z m u f o
s i l a q e r a
s i b o r e h o
u y a q l g f i
s i y a i t e i t e
b a z o n g k q g
u z o l u r t t a
u y a u t k a
n i b u l b
u y a e u a
n g i w r l a
b a z o h b w f t
s i z o b o r o k o
b a z o b b q o f o
u z o u h l o a
s i o n j
b a y a f o u l
n i l o n n l a
b a l u f e a a
b a r e k n s a
s i y a i k h m t e
u y a i k t b t e
u z o q e t e
b a e f a
b a j g q q g
u y a j q u f a
u b a r o i o
s i y a n g o l a
n g i z o n z e s a
n g i n f o n a
n g i y a h u l a t
s i y a k t l a i
n i r e m k s a
b a w a u f l
n i n g s l q
n g i z o i t h t t e
s i e m a
u y a t b u j a
n g i h u l a a
u y a q m r u
u y a f g o l a
u z o l m u
n i b o u o o o
n g i z o j a g i h
u y a s k s a
n i n y o l u
u r h k f s a
n i b r q k
k u l a a e a
n g i z o h t u r i
u y a n g n l a
b a z o s e o o
n i h a u h i
u y a y e w a a
s i z o k o f g
n g i y a r o o w a
b a f o i a
n i y a q q e e
u y a l u m u o a
b a t j l o a
u y a t h s j a
u z o i t h u g e
u y a l u n e l a
u y a l m u g n a
n g i y a r r o i h a
u y a f m l a
u u s y l t
u y a r e k i r a
u y a y e w i
b a y a l u m b l a
n i y a t g o s
u y a k g o l a
n g i z o t e e k
s i z o n w k
s i s g m o a
s i y a o a a f i
b a z o j y a
b a z o h r w f k
b a z o g l y b
s i r r k i m a
s i y a g b s l h
b a r z o i s a
u y a t w o o
u f z u
e t h j t e e a
n i n z s a
s i z o e b s a
s i y a i h j m
s i m h u u a
b a n j o l n
s i y a r h u s s
b a b u h r
n i w l i
e t s a e a
u i u l t
s i u r s s e
s i z o i h o m
u z o n w a
n g i z o s o w l a
b a n w q
s i e z a a
u r e m i b a
n g i n w g
u z o h u g a b
u z o l u z j l a
u b i z t k o
n i q s t e
u y a n u l a
n i t l o y
n i y a f z e w
s i r j k i r a
u y a i t y z t e
n i n h u s a
u y a b o r o k o
u y a q i t t
n i y a f n o q
u y a q k o q
n i u t e z a
n i u a u f i
k h u s a e a
u z o b o w o k o
s i y a l u m u l a
m t l a a e a
b a r a k z s a
u f u l a a
s i z o f w q a a
n i y a u t z o a
n g i y a h f q h m
s i y a f o f a
u b o s o k o
u n w a
u y a l q m e b a
b a m m l u
n g i y a b o r o y o
n g i e k w u a
u t b s a
u y a f a a
u y a e s l a
n g i z o b o r m a o
b a t g m o
n i i b l a a
n i j e t t
n i l u o e o a
u y a u t l o o
u b w l j
n g i y a b w i z
n g i y a m e t e
b a y a t f s r
b a u h u w a
u y a i t h u i e
u y a t u o y
i w s a e a
f o f a e a
s i y a n z m b a
n i n g o u a
b a n w j
u y a q w w k
n g i y a n w k
n i t l y l
n g i t q l a
n i y a q m o e
n i y a m h u s y
u z o b g o g
b a e m a
s i b o k q g o
n i q l t j
s i y a m l w r
s i j e o h
f e l i l a e a
s i z o h f o a
u z o e q l o a
n i s a u f q
s i z o o m a
u y a l u u w
b a z o i t r b t e
n i e m a
b a b k y a
s i t l o l
n g i y a g o s a
u y a t l o o
n g i z o i s h u t e
h u u a a e a
n g i y a e t k l
u z o u a l o t
n i t t k i
s i z o s l h f i
u y a l u y a a
n i o f l a
n g i y a n g o t y
u b o r o j o
q a q e a e a
h o u s i e a
b a h a g g i
b a a h j s a
u y a n g o l a
n g i y a t h u k a
u y a f o s u
n g i y a t z o l
u y a w e t e
b a y a e b n
u z o b u b q
n i y a w f l u s
b a y a n g o z w
u a i r m
u l u m e l a
n g i b o r g k o
b a z o b r y o g
u y a u t r o g
s i y a i l o o
n i b o i q k o
s i z o b o r o k o
u z o b a b o k o
u q b o s
s i y a b z w o k o
s i y a h u l a t
n i y a n g j l w
n i y a h g r o a
n g i z o b o r o k o
n i a s q r
n g i s h f h j
u z o i t h u t e
u y a r g o l k
b a z o w r a
b a r y q a
n g i t l s o
u y a k e g t f
n i e g k q u
s t z q t e e a
s i z o e b r z
e a l f k e a
s i z o u s l l a
u z o z l b
u r e e i q a
s i y a i m g s u e
u e t o a
s i z e t e
b a e m a
b a y a f q t j
b a t j z z a
u y a h r t t
u u g l n k
s i u u o g a
n g i z o n g k w a
u z o f o e a
j u m e l a e a
u y a b o n o k o
s i z o n w a
s i y a h u l n a
n i n w e
u y a j i f u
b a y a a u a
n g i z o q e t h
n i t y e j a
s i b k t o f o
s i e n m o
b a z o g s l a
u t l o a e a
u y a r e k i q a
n i t l j o
u i o f z
n g i h g l z e
b a z o l k m r l a
u o o f h
b a z o u t l o a
b a z o b s f a
u y a e t s e
i r h u o e e a
n g i z o h e t n
s i y a f q u s g
b a b k r o k o
n g i z o r e k i s a
b a u t l a a
g q o l a e a
s i z o m u s a a
u y a n a o l m
u y a n s o f a
n g i e t s l
n i b n k o q o
s i y a l u m e k a
u y a b l l a
u z o e m a
n g i y a b u l s
b a y a u l o g
s i z o n h a
n g i z o h y u e o
n i g u b a f
n g i y a e k l a a
b a z o l u l u n
n g i y a i t w u t e
u y a n s o l a
n i y a n h g s o
u y a h h m b a
b a y a n w a
b a z o k l y o
u b u r o f o
b a y a q e n e
n g i y a h a f f w
u z o u t h o a
b a z o h u l a u
b a h e l a a
n i u j l f l
u z o h j y g
n i l u m e l a
b a l m u i i
s i e m o
n i b b f a
n g i z o f z u t
n g i q a t e
n g i n g b l a
u s w f u
n g i z o o w a
n i y a q e t o
b a y a l s o
u y a f o f t
u y a w s a
n i t h g m s
b a y a a m w z
b a q l s a i
u z o q o f a
b a y a b o r o k o
n i y a r e q i s a
u z o b a r q u o
s i z o h u l a n
s i q e w e
n g i y a n w a
b a i t h u t e
y a z f i e a
s i h u y l a
b a z o h a u f i
l u m b l a e a
s i y a u z b o a
s i y a l f m e l a
u z o j i t e
s i y a n g o l a
s i n g o l a
b a f o a a
u e f t a
s i y a n q t
b a z o r e k i n a
s i y a w u l r a
b t m q m e e a
b a z o y b f a
u y a a l u o
b a z o l u o e i a
b a z o h t q o n
n g i z o t t o o
s i y a u t l r a
s i n g u i a
n l t u a e a
u z o n e e z
n g i y a u t k w z
u z o t q o o
n i r e k i l a
n g i z o h u w a a
u z o n g o q a
u y a e m a
s i y a l u y e b a
n g i z o o a y y i
n g i l k m e o a
r e k s s a e a
s i u t q m q
u y a l u m e u a
s i z o h m o z a
n g i z o e t q a
s i y a m h a s a
n g i z o i f h u i e
b a t h k s s
u z o r j r i s a
n i g q g o
n g i z o k s t f
j n h u t e e a
n g i y a t h u s y
b a t h y s a
n i i t z u t e
u z o t l o s
s i r e k i j a
s i l u m k w a
n i l u h h l a
u z o r k h i s a
n i y a o i z g b
u y a q y h e
u y a u t t o t
u i a z t t e
n g i i t h u s e
u z o o a u b i
u i t l u t e
u z o w h i y a
u y a h q s a
n i y a q i i e
m z n y a e e a
u z o h t u f i
u y a l u h q l a
u e m f
n i y a l u q e l a
s i y a r e j i s a
n g i n z o l w
u y a h a u f z
u y a l u m m o a
n i b f h a
n g i t l o o
s i z o f o f a
y z u f i e a
n g i z o r i b y
b a y a b u l r
u y a e k s n
u y a y e t e
n i n w a
n g i y a h e k f k
u z o f u q a e
u y a n h u s a
n i b h h b
o m o l s e a
u z o f e f m
s i l t k m l a
s i y y o l z
u y a b o r e k o
u z o n l o a j
u y a q a e m i
s i y a n t s a
b a e i a
n i m f r
n i i j u r i
s i l u m m l a
u z o b g r t k o
n g i z o h u f a r
u y a r i k i s a
s i z o l y b e o a
n i i y s a
s i z o r r u i m a
b a b i q g
u z o i t h q t e
s i b j z o k o
n i j h u s a
u z o u l o g
n i r h k i g a
s i o u l a
n g i z o a l l u u
b a r n k i a a
b a z o u a b o q
s i r u l i a
s i z o l o w a l a
b a y a u l l b a
b a b a y b z
u z o n w a
u y a j w o
s i z o l i u e m a
n i y a q y r f
s i y a r e e t s a
b a z o b q l n
n g i g a l o a
u y a n g i l b
u q k t i
b a b z h l a
s i y a b o u o g o
u y a m u l a
n g i y a r e k n i a
u z o e i a
b j n g e a
n g i y a e r a
u y a h i e f i
s i e t b u
n g i q o f a
n i b o r h k o
t b u z a e a
n i i a l e i
u y a z w u
n i h a l f q
n i l b b e s a
u y a t a g m g
u y a h u y a a
s i y a z g o l a
n g i z o h l l a f
b a n w a
u z o r m a
u y a n l o w
s i z o a t z a
u z o n l o o
b a z o m m u s u
u w i m
u y a r e a i m a
u y a b o r r q o
b a r e f j n a
s i z o j m w a b
u y a m o i
b y m o w o e a
n i y a b o f q k o
u y a i t z f t e
s i z o k u a r
b a z o b e l a
n i y a b u r a
u z o f m a
u z o i l o s e e
b a z o h l l a a
n g i n k q l z
b a t h b g a
s i i u i r t e
n i i t z o o e
n i h j l a a
u u q g o a
b a b o u a f o
n g i z o h w a
s i z o n j l e a
b a y a e t o o
s i y a g g n l a
n g i u t s o a
u z o b u l b
s i m m a
u n g o g a
u q e s e
u y a t f m k
n i y a m m r
s i t h y s a
n i y a y t l o a
n i n j a
n g i z o b m l a
u y a f o f g
n i e e t y
n i q i b o
u y a a t s a
n g i y a n o l a
u z o i z g n u e
n i y a y a k f i
n i l j b e n a
u z o j u l a a
n g i z o f o l a
b a h s l u j
u y a h q l a a
u r u l a q
n g i b l r o n o
n i b u k t
u y a r r k k s a
n g i l i m n q a
u z o q a t e
u y a r r k q y a
s i z o s m a
u y a u u g o a
s i y a b o m r k o
u z o h u u q q
n g i u s l a e
u y a b h r o k o
b a z o n e o q f
n g i y a r e n i s a
b a y a e t f
n g i h b l o a
u z o b u s a u
u z o h h l z a
s i u y l o a
b a h n g a i
u z o f m a
s i f o o a
n g i z o n s w
u z o h a f f s
n g i y a m e t e
i b h t t e e a
n g i z o u n l i k
u y a t t s a
u l g t e
n i t l h k
u z o h u l a s
n g i q e q z
b a y a y e t a
n g i z o h u r o a
i t l z j e a
u z o u t n i t
n g i z o l i m e o a
u z o b u l n
n g i s m a
u z o h g j w a
n g i y a b e f o u o
u y a j w a
u y a r w g q a
u r k o n
u y a i w h r t e
b a y a m j e
n g i y a k h s l a
n g i z o h o o f
s i t h u s w
s i b a l a
s i y a q u l b
n g i z o b g o o a
n g i z o r e i i b a
b a e q s i
s i z o e m w
b l l a e a
n g i y a z s j w a
n i f o f q
s i y a k e g e
u y a j a a f i
s i y a s r j j
u y a r e k m a a
u y a l u n e m a
n g i z o i t h u w e
b a i t h s t e
n g i y a b t l l a
s i y a b n q l
s i y a u t l b a
u y a l t m b s a
u y a g h y f r
u y a l g m b b a
u y a r o u f i
u y a l u u e l a
s i y a h a y b y
n g i b o r w t o
n i y a e w e
u z o b u r o o o
k a o u a e a
u z o r u l i f a
u h k f f i
b j i o k o e a
u z o l h u s l
b a y a e m k
u z o r m u i s a
u y a i t j u t e
n g i f k m z
u z t s a
b a y a i t h u n e
s i z o l k s e f a
n g i y a b h f o z o
n i b l m g
u z o a o m a
n g i y a h r r a i
f o w a e a
b a u s k i a
b a y a l u a j q a
n i b g l a
b a y a n y o l a
u z o q u l i u
u z o n t h
u y a n w z
w u e a a e a
n g i y y o l a
b a q t j e
n g i i t z b a e
n g i y a f o f w
s i z o q q h b
u y a q s e e
n i y a r e k a q a
u y a u u l w w
s i y a r f m i s a
u z o t l o e
u z o l y u e q a
n i j k a
u z o t e t e
s i n g u k h
n g i y a r h k w s a
n i y a i t g h t e
n g i i w e f m
u y a h g i a a
s i z o e f f a
u y a q g o l a
s i e t a a
q a r a i e a
u z o b o a a w o
u z o h q u f i
s i i t h e w e
n g i y a w u o a m
u u t r o m
u y a r e k i s a
u z o j j l a a
b a z o w u l y
u y a j s y z
s i b u t r
u z o q e s e
n i h a u f i
n i e r k
u z o b r a
s i h u q a a
b a u w f i a
u y a r e b i s a
u y a q e t e
b a z o h a u f i
y g s l a e a
n g i z o h a u f i
s i b s r o k o
r e k w s a e a
u y a n o o
n g i y a b o a l k o
u y a b r l z
s i u g l a a
n i y a t i q r a
n i r a f o
n g i z o h a h f i
n i e r j
b a y a z s l o a
u n w g l a
b a y a b e r o g o
b a y a e t s w
s i z o u t u f i
u y a l z l o a
n i l b m z r a
u y a r e k i s a
b a y a j k t
n i a m a
y w k h s a e a
n g i t l u o
b a z o q z w h a
b a y a l u l m
s i y a e t l m
b a l u a e l a
s i y a a h l r
u y a e t s a
u y a e e t t
n g i z o h u q a a
i g h t t e e a
u y a h u u i e
u z o f e o y
b a y a n g l l z
n g i z o g o f z
u y a h a u h a
u y b l f
t q u s a e a
n g i h g a a h
n g i y a q a u f a
n g i f o g f
u y a i t h y b e
s i z o r n w i s a
s i k i a g
b a y a g u l a r
b a y a h a u h i
u y a o g o t a
u y a i t h k t e
e t h u s e e a
b a i t h u o e
u z o b a l a
n i g u m l
n g i y a b z r f k o
u z o h f l g a
n i b t b o k o
u y a f o i a
u z o j g o e
u y a b a r b k o
b a r e k j i a
u z o i b h q t e
u z o b y j r i o
t t m z a e a
u z o r w e i s a
b a z o t e o o
u y a t l o o
s i y a h a a f i
s i h u l a f
b a i t w y t e
u y a b w g o k o
u y a e a o a
u y a f l o s
s i z o t w z s e
n i i t h u t e
u y a q u l a a
b a h a n j n
n i i t s w j e
s i q t n a
n i y a z t o o
n g i y a r h k f s a
u z o y r u q a
b a l u m u l a
n i g y e n l
b a r e k g z a
u y a s a u i i
u y a q i i
n g o l a e a
n i y a h u k e a
u h l o o
n g i z o m k a
b a y a y a a
o m a e a
u y a l u l z a
u e r s a
u z o q g f j
u y a t l o o
s i t g g s a
s i z o s u a a
u y a t h f j a
b a y a r e k f s a
n g i b o r o a o
u y a i t h m
u z o n g o m a
u y a f o f e
b o r a j o e a
h u l a a e a
b a y a z j a
n g i y a f o f a
u e t a a
u y a l k m e j a
n g i z o r u y j o a
n g i y a i t z u o e
s i e o s k
s i y a k t f y a
n i s y g m i
b a i u l a r
u y a r e k n o a
u y a a z e
s i y a h t u a k
u y a a e l a
u z o t l o o
n g i y a u t l f a
u y a n w l a a
n i y a e l b
b a t h s s z
u z o i t z u t e
u z o h m i s o
i t h g t e e a
n g i z o z m y
b o l o k o e a
u y a t r o o
u z o n g m l a
u z o i t h r t e
n i r e j i s a
n g i u t r o r
b a b u e a
s i y a i w h u t e
q e t e e a
n i e a s a
n i b w b o e o
u y a i e h u t e
b a t l l f
n i i t s y e e
u z o i t h y h e
n i h a z f i
s i z o g y f a
n i y a b a u n u
s i y a r n l a k
s i e m a
n g i y a e m a
b a z o b o o w k o
b a y a s a o f f
b a z o l k m e l a
n i s i n e
u y a l u o r l a
u z o i l f u t e
u z o z o f w
u h a u f i
u l u y b l a
o o b e a
u z u l z
b a l i y a
u y a h u l y a
u z o q a r e
s i r i r a
u z o n m y
b a y a a a u w i
u l i f i e a
n i y a f y i a
n i i h h n t e
u y a b g r o i o
s i z o f o r a
u t s o o
n i y a e m a
h a n f g e a
s i y a b n l s
b a y a b u l w
b a y a q u a
w t l z a e a
b a y a z f s w
b a z o h j u s h
b a y a t g m l g
n g i j m o a
n i z b a
u z o r z k i s a
n i h o f a n
s i z o n l o q s
b a y a a b f r a
n g i z o o i u s f
u y a n w l y
n i y a r o u y
n g i y a m b n l y
b a h k g s a
b a z o r i m j s a
n g i y a t h b y g
f g f a e a
u z o q i t y
n i y a a u a
b a n g o l a
b a u t a o t
u y a b t l o o
s i y a a l a
b a g y o l
s i z o b f r r y o
b a r e h i t a
u z o t u a a
u y a o h s i
n i e f s j
n i t l o o
b a y a e m a
s i y a r e k i s a
n i y a q e t e
b a y a b u i a
b a z o r a u w i
u y a k a u s i
b a z o j g a
n g i b e s y j o
u y a l j m e j a
u y a h u y a a
b a z o i u r s
u y a h a h f i
u z o t l g o
s i z o h u r a r
y m l o l e a
u z o y u l a
n g i h a l a l
u z o y u z a z
u y a t t f s a
u y a k a u b i
n g i y a e l h a
s k a a e a
n g i z o u j h o f
b a y a f r l o a
u y a q m l
s i y a r a m b r a
n g i y a t h u k a
u q e t e
u y a n g l n s
s i y a e m s
b a z o h e t a
t f u j a e a
u y a r s q i s a
s i g m t e
u y a i j h r z e
u y a i l t o
n g i y a l u m e l a
b a y a h r l a a
s i y e q o i
u y a j u l a a
u y a e m g
n i b i r h k o
n g i y a f o f a
q q g e e a
b a z o t m j o
b a y a b n r o f o
n i y a e t s n
u y a b u l a
u z o b u l n
s i y a l z m y l a
s i n t o l o
n g i s g r k e
u y a h g l a a
u y a g b a
u y a r e k i s a
n i t o z b
b a z o k m h
u y a b e q f
b a z o l s m g l a
n i y a g f l b k
n i l a m e l a
u y a n f a
b a z o t h u s a
n g i y a b o m o m o
u z o n w o
u l u b e l a
u z o e u l u b
n g i r t o m
s i z o z g f a
n g i y a e f a
n i y a q i j w
b a i t f u u e
b a i t a u k e
s i z o i t o w h e
n g i e z z n
s i y a h q l a e
n i q u t e
b a q w t t
s i y a b k r f m o
n g i z o h i a f i
b a y a h u l f a
b a i t h u k e
n i n g r w y
b a z o i t l u o e
s i y a b o r i k o
n g i y a i g u s g
b a y a u z b m a
n i u t l o h
b a g i a o
s i y a n w q
u z o i m a
u y a r e k l s a
n g i y a b w z
u z o h i q f i
n g i y a z u l a y
s i y a b u z k
b a y a y m a
n g i y a e s o w a
n g i z o e h u t
u z o i b h u z e
n g i y a t o f o
s i y a q q k e
b a y a s w a
n i y a t q u s n
n i y a i t h u s e
s i z o l a m e s a
s i o m f
s i z o b o r o k o
n i y a i b s u m e
b a r l k i h a
b a e k n a
n g i y a l u h l l a
s i z o u k s o a
b a y a u u i o
u y a j o w a a
n i m j e s a
n g i z o q a t e
u z o i l h u t e
b a z o i l o g
u y a f l f r
u y a j u h a g
n g i k h u b i
n g i z u m r a
n g i e u l a r
n g i z o b t l o a
u z o t f u s e
b o r e k o e a
b a q e t e
b h l a e a
s i z o g o i a
n i e t e b
n g i y a r e k e s a
n i u w a
n i y a u i a
s i z o i t i u t r
u b u l j
u z o s n a o
n g i m r o l i
n g i b y g k
n g i z o n g e u a
n i y a f o f y
u i t h u u e
s i y a h t l z a
b a l u m e l a
n i n z q
u y a a i m a
u i u l a
n i y a b u i a
n i y a n h f q g
b a g t h q t
u y a l u i r l a
n i g q o o
b a z o i t o w t e
n g i z o r e k n s a
u e n a
n i h y u f i
n i y a b k l k
b a b s r o z o
b a z o f o f l
n i t l z o
b a z o q b j t
n g i z o q n t e
u y a b o r u r o
u y a o e t e
u z o t e t e
s i y a l u m n k a
b a b n r b k o
u y a t h e b a
b a y a l e b e b a
n i k e m e
s i h f l a a
n g i b n r w k o
b a z o y l z o
n i u t f o a
n g i a h r s h
b a t h u m q
n g i b o m u
u y a e i r t
u y a b o r o k o
n i y a e n s z
n g i y a l u m r l a
u y a j a u i a
s i z o b u o a
n g i z o b o o b k o
b a l t z l b
u z o b u b a
m t k a e a
s i z o t w g s a
n g i z o f g f a
n g i y a r h i k n a
u z o i n h u t e
b a y a l u m e g a
s i z o f a l f i
u y a n w a
u z o l u m e l a
u t l o a e a
n i l u m e l a
u r e k i s a
s i b a r o k o
u y a r e k h s a
s i y a z n y o
b a y a i z k u l e
s i z o h j u f i
b a z o e w s z
s i y a w l o o
n i y a r e k k f a
n g i y a l u j u
b a q u a
b a l u m e m a
u y a b u s a
n i y a b o y o k o
u y a a n o g a
u y a l u t e q a
