п е р е н а п р а в л е н и е
п е р е н а п р а в л е н и е
п е р е н а п р а в л е н и е м
п е р е н а п р а в л е н и и
п е р е н а п р а в л е н и й
п е р е н а п р а в л е н и ю
п е р е н а п р а в л е н и я
п е р е н а п р а в л е н и я
п е р е н а п р а в л е н и я
п е р е н а п р а в л е н и я м
п е р е н а п р а в л е н и я м и
п е р е н а п р а в л е н и я х
р а й о н
р а й о н
р а й о н а
р а й о н а м
р а й о н а м и
р а й о н а х
р а й о н е
р а й о н о в
р а й о н о м
р а й о н у
р а й о н ы
с о с т а в
с о с т а в
с о с т а в а
с о с т а в а м
с о с т а в а м и
с о с т а в а х
с о с т а в е
с о с т а в о в
с о с т а в о м
с о с т а в у
с о с т а в ы
с о с т а в ы
я н в а р е
я н в а р е й
я н в а р ё м
я н в а р и
я н в а р ь
я н в а р ь
я н в а р ю
я н в а р я
я н в а р я м
я н в а р я м и
я н в а р я х
д е к а б р е
д е к а б р е й
д е к а б р ё м
д е к а б р и
д е к а б р ь
д е к а б р ь
д е к а б р ю
д е к а б р я
д е к а б р я м
д е к а б р я м и
д е к а б р я х
с е н т я б р е
с е н т я б р е й
с е н т я б р ё м
с е н т я б р и
с е н т я б р ь
с е н т я б р ь
с е н т я б р ю
с е н т я б р я
с е н т я б р я м
с е н т я б р я м и
с е н т я б р я х
о к т я б р е
о к т я б р е й
о к т я б р ё м
о к т я б р и
о к т я б р ь
о к т я б р ь
о к т я б р ю
о к т я б р я
о к т я б р я м
о к т я б р я м и
о к т я б р я х
а в г у с т
а в г у с т
а в г у с т а
а в г у с т а м
а в г у с т а м и
а в г у с т а х
а в г у с т е
а в г у с т о в
а в г у с т о м
а в г у с т у
а в г у с т ы
а п р е л е
а п р е л е й
а п р е л е м
а п р е л и
а п р е л ь
а п р е л ь
а п р е л ю
а п р е л я
а п р е л я м
а п р е л я м и
а п р е л я х
н о я б р е
н о я б р е й
н о я б р ё м
н о я б р и
н о я б р ь
н о я б р ь
н о я б р ю
н о я б р я
н о я б р я м
н о я б р я м и
н о я б р я х
д е р е в е н ь
д е р е в н е
д е р е в н е
д е р е в н е й
д е р е в н и
д е р е в н и
д е р е в н ю
д е р е в н я
д е р е в н я м
д е р е в н я м и
д е р е в н я х
ф е в р а л е
ф е в р а л е й
ф е в р а л ё м
ф е в р а л и
ф е в р а л ь
ф е в р а л ь
ф е в р а л ю
ф е в р а л я
ф е в р а л я м
ф е в р а л я м и
ф е в р а л я х
т е р р и т о р и е й
т е р р и т о р и и
т е р р и т о р и и
т е р р и т о р и и
т е р р и т о р и и
т е р р и т о р и й
т е р р и т о р и ю
т е р р и т о р и я
т е р р и т о р и я м
т е р р и т о р и я м и
т е р р и т о р и я х
н а с е л е н и е
н а с е л е н и е
н а с е л е н и е м
н а с е л е н и и
н а с е л е н и й
н а с е л е н и ю
н а с е л е н и я
н а с е л е н и я
н а с е л е н и я м
н а с е л е н и я м и
н а с е л е н и я х
к а ч е с т в
к а ч е с т в а
к а ч е с т в а
к а ч е с т в а м
к а ч е с т в а м и
к а ч е с т в а х
к а ч е с т в е
к а ч е с т в о
к а ч е с т в о
к а ч е с т в о м
к а ч е с т в у
и с т о р и е й
и с т о р и и
и с т о р и и
и с т о р и и
и с т о р и и
и с т о р и й
и с т о р и ю
и с т о р и я
и с т о р и я м
и с т о р и я м и
и с т о р и я х
у ч а с т и е
у ч а с т и е
у ч а с т и е м
у ч а с т и и
у ч а с т и й
у ч а с т и ю
у ч а с т и я
у ч а с т и я
у ч а с т и я м
у ч а с т и я м и
у ч а с т и я х
у н и в е р с и т е т
у н и в е р с и т е т
у н и в е р с и т е т а
у н и в е р с и т е т а м
у н и в е р с и т е т а м и
у н и в е р с и т е т а х
у н и в е р с и т е т е
у н и в е р с и т е т о в
у н и в е р с и т е т о м
у н и в е р с и т е т у
у н и в е р с и т е т ы
п у н к т
п у н к т
п у н к т а
п у н к т а м
п у н к т а м и
п у н к т а х
п у н к т е
п у н к т о в
п у н к т о м
п у н к т у
п у н к т ы
р а б о т
р а б о т а
р а б о т а м
р а б о т а м и
р а б о т а х
р а б о т е
р а б о т е
р а б о т о й
р а б о т у
р а б о т ы
р а б о т ы
п е р и о д
п е р и о д
п е р и о д а
п е р и о д а м
п е р и о д а м и
п е р и о д а х
п е р и о д е
п е р и о д о в
п е р и о д о м
п е р и о д у
п е р и о д ы
д а н н ы е
д а н н ы е
д а н н ы м
д а н н ы м и
д а н н ы х
д а н н ы х
с т е п е н е й
с т е п е н и
с т е п е н и
с т е п е н и
с т е п е н и
с т е п е н ь
с т е п е н ь
с т е п е н ь ю
с т е п е н я м
с т е п е н я м и
с т е п е н я х
п о с е л е н и е
п о с е л е н и е
п о с е л е н и е м
п о с е л е н и и
п о с е л е н и й
п о с е л е н и ю
п о с е л е н и я
п о с е л е н и я
п о с е л е н и я
п о с е л е н и я м
п о с е л е н и я м и
п о с е л е н и я х
б у д е м _ р а б о т а т ь
б у д е т е _ р а б о т а т ь
б у д е т _ р а б о т а т ь
б у д е ш ь _ р а б о т а т ь
б у д у _ р а б о т а т ь
б у д у т _ р а б о т а т ь
р а б о т а в
р а б о т а в ш и й
р а б о т а е м
р а б о т а е т
р а б о т а е т е
р а б о т а е ш ь
р а б о т а й
р а б о т а й т е
р а б о т а л
р а б о т а л а
р а б о т а л и
р а б о т а л о
р а б о т а т ь
р а б о т а ю
р а б о т а ю т
р а б о т а ю щ и й
р а б о т а я
с б о р н а я
с б о р н о й
с б о р н о й
с б о р н о й
с б о р н о й
с б о р н у ю
с б о р н ы е
с б о р н ы е
с б о р н ы м
с б о р н ы м и
с б о р н ы х
с б о р н ы х
с о в е т с к а я
с о в е т с к и е
с о в е т с к и е
с о в е т с к и й
с о в е т с к и й
с о в е т с к и м
с о в е т с к и м
с о в е т с к и м
с о в е т с к и м и
с о в е т с к и х
с о в е т с к и х
с о в е т с к и х
с о в е т с к о г о
с о в е т с к о г о
с о в е т с к о г о
с о в е т с к о е
с о в е т с к о е
с о в е т с к о й
с о в е т с к о й
с о в е т с к о й
с о в е т с к о й
с о в е т с к о м
с о в е т с к о м
с о в е т с к о м у
с о в е т с к о м у
с о в е т с к у ю
с е л ь с к а я
с е л ь с к и е
с е л ь с к и е
с е л ь с к и й
с е л ь с к и й
с е л ь с к и м
с е л ь с к и м
с е л ь с к и м
с е л ь с к и м и
с е л ь с к и х
с е л ь с к и х
с е л ь с к и х
с е л ь с к о г о
с е л ь с к о г о
с е л ь с к о г о
с е л ь с к о е
с е л ь с к о е
с е л ь с к о й
с е л ь с к о й
с е л ь с к о й
с е л ь с к о й
с е л ь с к о м
с е л ь с к о м
с е л ь с к о м у
с е л ь с к о м у
с е л ь с к у ю
р е з у л ь т а т
р е з у л ь т а т
р е з у л ь т а т а
р е з у л ь т а т а м
р е з у л ь т а т а м и
р е з у л ь т а т а х
р е з у л ь т а т е
р е з у л ь т а т о в
р е з у л ь т а т о м
р е з у л ь т а т у
р е з у л ь т а т ы
ц е р к в е й
ц е р к в и
ц е р к в и
ц е р к в и
ц е р к в и
ц е р к в я м
ц е р к в я м и
ц е р к в я х
ц е р к о в ь
ц е р к о в ь
ц е р к о в ь ю
о б р а з о в а н и е
о б р а з о в а н и е
о б р а з о в а н и е м
о б р а з о в а н и и
о б р а з о в а н и й
о б р а з о в а н и ю
о б р а з о в а н и я
о б р а з о в а н и я
о б р а з о в а н и я м
о б р а з о в а н и я м и
о б р а з о в а н и я х
с т р а н
с т р а н а
с т р а н а м
с т р а н а м и
с т р а н а х
с т р а н е
с т р а н е
с т р а н о й
с т р а н у
с т р а н ы
с т р а н ы
п е р е п и с е й
п е р е п и с и
п е р е п и с и
п е р е п и с и
п е р е п и с и
п е р е п и с ь
п е р е п и с ь
п е р е п и с ь ю
п е р е п и с я м
п е р е п и с я м и
п е р е п и с я х
п а р т и е й
п а р т и и
п а р т и и
п а р т и и
п а р т и и
п а р т и й
п а р т и ю
п а р т и я
п а р т и я м
п а р т и я м и
п а р т и я х
т е ч е н и е
т е ч е н и е
т е ч е н и е м
т е ч е н и и
т е ч е н и й
т е ч е н и ю
т е ч е н и я
т е ч е н и я
т е ч е н и я м
т е ч е н и я м и
т е ч е н и я х
к о м а н д
к о м а н д а
к о м а н д а м
к о м а н д а м и
к о м а н д а х
к о м а н д е
к о м а н д е
к о м а н д о й
к о м а н д у
к о м а н д ы
к о м а н д ы
к у л ь т у р
к у л ь т у р а
к у л ь т у р а м
к у л ь т у р а м и
к у л ь т у р а х
к у л ь т у р е
к у л ь т у р е
к у л ь т у р о й
к у л ь т у р у
к у л ь т у р ы
к у л ь т у р ы
с т о р о н
с т о р о н а
с т о р о н а м
с т о р о н а м и
с т о р о н а х
с т о р о н е
с т о р о н е
с т о р о н о й
с т о р о н у
с т о р о н ы
с т о р о н ы
и м п е р и е й
и м п е р и и
и м п е р и и
и м п е р и и
и м п е р и и
и м п е р и и
и м п е р и й
и м п е р и ю
и м п е р и я
и м п е р и я м
и м п е р и я м и
и м п е р и я х
ч е м п и о н а т
ч е м п и о н а т
ч е м п и о н а т а
ч е м п и о н а т а м
ч е м п и о н а т а м и
ч е м п и о н а т а х
ч е м п и о н а т е
ч е м п и о н а т о в
ч е м п и о н а т о м
ч е м п и о н а т у
ч е м п и о н а т ы
ц е н т р
ц е н т р
ц е н т р а
ц е н т р а м
ц е н т р а м и
ц е н т р а х
ц е н т р е
ц е н т р о в
ц е н т р о м
ц е н т р у
ц е н т р ы
м и р о в а я
м и р о в о г о
м и р о в о г о
м и р о в о г о
м и р о в о е
м и р о в о е
м и р о в о й
м и р о в о й
м и р о в о й
м и р о в о й
м и р о в о й
м и р о в о й
м и р о в о м
м и р о в о м
м и р о в о м у
м и р о в о м у
м и р о в у ю
м и р о в ы е
м и р о в ы е
м и р о в ы м
м и р о в ы м
м и р о в ы м
м и р о в ы м и
м и р о в ы х
м и р о в ы х
м и р о в ы х
а к а д е м и е й
а к а д е м и и
а к а д е м и и
а к а д е м и и
а к а д е м и и
а к а д е м и й
а к а д е м и ю
а к а д е м и я
а к а д е м и я м
а к а д е м и я м и
а к а д е м и я х
к о м п а н и е й
к о м п а н и и
к о м п а н и и
к о м п а н и и
к о м п а н и и
к о м п а н и й
к о м п а н и ю
к о м п а н и я
к о м п а н и я м
к о м п а н и я м и
к о м п а н и я х
п р е м и е й
п р е м и и
п р е м и и
п р е м и и
п р е м и и
п р е м и й
п р е м и ю
п р е м и я
п р е м и я м
п р е м и я м и
п р е м и я х
с е з о н
с е з о н
с е з о н а
с е з о н а м
с е з о н а м и
с е з о н а х
с е з о н е
с е з о н о в
с е з о н о м
с е з о н у
с е з о н ы
с е з о н ы
н а с т о я щ е г о
н а с т о я щ е е
н а с т о я щ е е
н а с т о я щ е м
н а с т о я щ е м у
н а с т о я щ и м
о р г а н и з а ц и е й
о р г а н и з а ц и и
о р г а н и з а ц и и
о р г а н и з а ц и и
о р г а н и з а ц и и
о р г а н и з а ц и й
о р г а н и з а ц и ю
о р г а н и з а ц и я
о р г а н и з а ц и я м
о р г а н и з а ц и я м и
о р г а н и з а ц и я х
у п р а в л е н и е
у п р а в л е н и е
у п р а в л е н и е м
у п р а в л е н и и
у п р а в л е н и й
у п р а в л е н и ю
у п р а в л е н и я
у п р а в л е н и я
у п р а в л е н и я м
у п р а в л е н и я м и
у п р а в л е н и я х
с т а н ц и е й
с т а н ц и и
с т а н ц и и
с т а н ц и и
с т а н ц и и
с т а н ц и й
с т а н ц и ю
с т а н ц и я
с т а н ц и я м
с т а н ц и я м и
с т а н ц и я х
п л о щ а д е й
п л о щ а д и
п л о щ а д и
п л о щ а д и
п л о щ а д и
п л о щ а д ь
п л о щ а д ь
п л о щ а д ь ю
п л о щ а д я м
п л о щ а д я м и
п л о щ а д я х
р о с с и й с к а я
р о с с и й с к и е
р о с с и й с к и е
р о с с и й с к и й
р о с с и й с к и й
р о с с и й с к и м
р о с с и й с к и м
р о с с и й с к и м
р о с с и й с к и м и
р о с с и й с к и х
р о с с и й с к и х
р о с с и й с к и х
р о с с и й с к о г о
р о с с и й с к о г о
р о с с и й с к о г о
р о с с и й с к о е
р о с с и й с к о е
р о с с и й с к о й
р о с с и й с к о й
р о с с и й с к о й
р о с с и й с к о й
р о с с и й с к о м
р о с с и й с к о м
р о с с и й с к о м у
р о с с и й с к о м у
р о с с и й с к у ю
м е т р
м е т р
м е т р а
м е т р а м
м е т р а м и
м е т р а х
м е т р е
м е т р о в
м е т р о м
м е т р у
м е т р ы
г у б е р н и е й
г у б е р н и и
г у б е р н и и
г у б е р н и и
г у б е р н и и
г у б е р н и и
г у б е р н и й
г у б е р н и ю
г у б е р н и я
г у б е р н и я м
г у б е р н и я м и
г у б е р н и я х
к о л и ч е с т в
к о л и ч е с т в а
к о л и ч е с т в а
к о л и ч е с т в а м
к о л и ч е с т в а м и
к о л и ч е с т в а х
к о л и ч е с т в е
к о л и ч е с т в о
к о л и ч е с т в о
к о л и ч е с т в о м
к о л и ч е с т в у
д е я т е л е
д е я т е л е й
д е я т е л е м
д е я т е л и
д е я т е л ь
д е я т е л ю
д е я т е л я
д е я т е л я
д е я т е л я м
д е я т е л я м и
д е я т е л я х
а л ь б о м
а л ь б о м
а л ь б о м а
а л ь б о м а м
а л ь б о м а м и
а л ь б о м а х
а л ь б о м е
а л ь б о м о в
а л ь б о м о м
а л ь б о м у
а л ь б о м ы
а л ь б о м ы
д и в и з и е й
д и в и з и и
д и в и з и и
д и в и з и и
д и в и з и и
д и в и з и и
д и в и з и й
д и в и з и ю
д и в и з и я
д и в и з и я м
д и в и з и я м и
д и в и з и я х
г о с у д а р с т в е н н а я
г о с у д а р с т в е н н о г о
г о с у д а р с т в е н н о г о
г о с у д а р с т в е н н о г о
г о с у д а р с т в е н н о е
г о с у д а р с т в е н н о е
г о с у д а р с т в е н н о й
г о с у д а р с т в е н н о й
г о с у д а р с т в е н н о й
г о с у д а р с т в е н н о й
г о с у д а р с т в е н н о м
г о с у д а р с т в е н н о м
г о с у д а р с т в е н н о м у
г о с у д а р с т в е н н о м у
г о с у д а р с т в е н н у ю
г о с у д а р с т в е н н ы е
г о с у д а р с т в е н н ы е
г о с у д а р с т в е н н ы й
г о с у д а р с т в е н н ы й
г о с у д а р с т в е н н ы м
г о с у д а р с т в е н н ы м
г о с у д а р с т в е н н ы м
г о с у д а р с т в е н н ы м и
г о с у д а р с т в е н н ы х
г о с у д а р с т в е н н ы х
г о с у д а р с т в е н н ы х
п е р в о г о
п е р в о е
п е р в о е
п е р в о м
п е р в о м у
п е р в ы е
п е р в ы е
п е р в ы м
п е р в ы м
п е р в ы м и
п е р в ы х
п е р в ы х
м о м е н т
м о м е н т
м о м е н т а
м о м е н т а м
м о м е н т а м и
м о м е н т а х
м о м е н т е
м о м е н т о в
м о м е н т о м
м о м е н т у
м о м е н т ы
р а з л и ч е н
р а з л и ч н а
р а з л и ч н а я
р а з л и ч н о
р а з л и ч н о г о
р а з л и ч н о г о
р а з л и ч н о г о
р а з л и ч н о е
р а з л и ч н о е
р а з л и ч н о й
р а з л и ч н о й
р а з л и ч н о й
р а з л и ч н о й
р а з л и ч н о м
р а з л и ч н о м
р а з л и ч н о м у
р а з л и ч н о м у
р а з л и ч н у ю
р а з л и ч н ы
р а з л и ч н ы е
р а з л и ч н ы е
р а з л и ч н ы й
р а з л и ч н ы й
р а з л и ч н ы м
р а з л и ч н ы м
р а з л и ч н ы м
р а з л и ч н ы м и
р а з л и ч н ы х
р а з л и ч н ы х
р а з л и ч н ы х
д е я т е л ь н о с т е й
д е я т е л ь н о с т и
д е я т е л ь н о с т и
д е я т е л ь н о с т и
д е я т е л ь н о с т и
д е я т е л ь н о с т ь
д е я т е л ь н о с т ь
д е я т е л ь н о с т ь ю
д е я т е л ь н о с т я м
д е я т е л ь н о с т я м и
д е я т е л ь н о с т я х
ф и л ь м
ф и л ь м
ф и л ь м а
ф и л ь м а м
ф и л ь м а м и
ф и л ь м а х
ф и л ь м е
ф и л ь м о в
ф и л ь м о м
ф и л ь м у
ф и л ь м ы
и н с т и т у т
и н с т и т у т
и н с т и т у т а
и н с т и т у т а м
и н с т и т у т а м и
и н с т и т у т а х
и н с т и т у т е
и н с т и т у т о в
и н с т и т у т о м
и н с т и т у т у
и н с т и т у т ы
ч а с т н о с т е й
ч а с т н о с т и
ч а с т н о с т и
ч а с т н о с т и
ч а с т н о с т и
ч а с т н о с т ь
ч а с т н о с т ь
ч а с т н о с т ь ю
ч а с т н о с т я м
ч а с т н о с т я м и
ч а с т н о с т я х
с о в е т
с о в е т
с о в е т а
с о в е т а м
с о в е т а м и
с о в е т а х
с о в е т е
с о в е т о в
с о в е т о м
с о в е т у
с о в е т ы
о с н о в н о г о
о с н о в н о е
о с н о в н о е
о с н о в н о м
о с н о в н о м у
о с н о в н ы м
з н а ч е н и е
з н а ч е н и е
з н а ч е н и е м
з н а ч е н и и
з н а ч е н и й
з н а ч е н и ю
з н а ч е н и я
з н а ч е н и я
з н а ч е н и я м
з н а ч е н и я м и
з н а ч е н и я х
к л а д б и щ
к л а д б и щ а
к л а д б и щ а
к л а д б и щ а м
к л а д б и щ а м и
к л а д б и щ а х
к л а д б и щ е
к л а д б и щ е
к л а д б и щ е
к л а д б и щ е м
к л а д б и щ у
л е т н е
л е т н е г о
л е т н е г о
л е т н е г о
л е т н е е
л е т н е е
л е т н е й
л е т н е й
л е т н е й
л е т н е й
л е т н е м
л е т н е м
л е т н е м у
л е т н е м у
л е т н и
л е т н и е
л е т н и е
л е т н и й
л е т н и й
л е т н и м
л е т н и м
л е т н и м
л е т н и м и
л е т н и х
л е т н и х
л е т н и х
л е т н ю ю
л е т н я
л е т н я я
м н о г
м н о г а
м н о г а я
м н о г и
м н о г и е
м н о г и е
м н о г и й
м н о г и й
м н о г и м
м н о г и м
м н о г и м
м н о г и м и
м н о г и х
м н о г и х
м н о г и х
м н о г о
м н о г о г о
м н о г о г о
м н о г о г о
м н о г о е
м н о г о е
м н о г о й
м н о г о й
м н о г о й
м н о г о й
м н о г о м
м н о г о м
м н о г о м у
м н о г о м у
м н о г у ю
д о л ж н о с т е й
д о л ж н о с т и
д о л ж н о с т и
д о л ж н о с т и
д о л ж н о с т и
д о л ж н о с т ь
д о л ж н о с т ь
д о л ж н о с т ь ю
д о л ж н о с т я м
д о л ж н о с т я м и
д о л ж н о с т я х
п о с ё л к а
п о с ё л к а м
п о с ё л к а м и
п о с ё л к а х
п о с ё л к е
п о с ё л к и
п о с ё л к и
п о с ё л к о в
п о с ё л к о м
п о с ё л к у
п о с ё л о к
п о с ё л о к
г о р о д с к а я
г о р о д с к и е
г о р о д с к и е
г о р о д с к и м
г о р о д с к и м
г о р о д с к и м
г о р о д с к и м и
г о р о д с к и х
г о р о д с к и х
г о р о д с к и х
г о р о д с к о г о
г о р о д с к о г о
г о р о д с к о г о
г о р о д с к о е
г о р о д с к о е
г о р о д с к о й
г о р о д с к о й
г о р о д с к о й
г о р о д с к о й
г о р о д с к о й
г о р о д с к о й
г о р о д с к о м
г о р о д с к о м
г о р о д с к о м у
г о р о д с к о м у
г о р о д с к у ю
ч л е н
ч л е н
ч л е н а
ч л е н а
ч л е н а м
ч л е н а м и
ч л е н а х
ч л е н е
ч л е н о в
ч л е н о в
ч л е н о м
ч л е н у
ч л е н ы
ч л е н ы
т е а т р
т е а т р
т е а т р а
т е а т р а м
т е а т р а м и
т е а т р а х
т е а т р е
т е а т р о в
т е а т р о м
т е а т р у
т е а т р ы
п о м о щ а м
п о м о щ а м и
п о м о щ а х
п о м о щ е й
п о м о щ и
п о м о щ и
п о м о щ и
п о м о щ и
п о м о щ ь
п о м о щ ь
п о м о щ ь ю
р е ш е н и е
р е ш е н и е
р е ш е н и е м
р е ш е н и и
р е ш е н и й
р е ш е н и ю
р е ш е н и я
р е ш е н и я
р е ш е н и я м
р е ш е н и я м и
р е ш е н и я х
о с н о в
о с н о в а
о с н о в а м
о с н о в а м и
о с н о в а х
о с н о в е
о с н о в е
о с н о в о й
о с н о в у
о с н о в ы
о с н о в ы
и с к у с с т в
и с к у с с т в а
и с к у с с т в а
и с к у с с т в а м
и с к у с с т в а м и
и с к у с с т в а х
и с к у с с т в е
и с к у с с т в о
и с к у с с т в о
и с к у с с т в о м
и с к у с с т в у
в о з р а с т
в о з р а с т
в о з р а с т а
в о з р а с т а м
в о з р а с т а м и
в о з р а с т а х
в о з р а с т е
в о з р а с т о в
в о з р а с т о м
в о з р а с т у
в о з р а с т ы
а л ф а в и т
а л ф а в и т
а л ф а в и т а
а л ф а в и т а м
а л ф а в и т а м и
а л ф а в и т а х
а л ф а в и т е
а л ф а в и т о в
а л ф а в и т о м
а л ф а в и т у
а л ф а в и т ы
п р о ф е с с о р
п р о ф е с с о р а
п р о ф е с с о р а
п р о ф е с с о р а
п р о ф е с с о р а м
п р о ф е с с о р а м и
п р о ф е с с о р а х
п р о ф е с с о р е
п р о ф е с с о р о в
п р о ф е с с о р о м
п р о ф е с с о р у
а м е р и к а н с к а я
а м е р и к а н с к и е
а м е р и к а н с к и е
а м е р и к а н с к и й
а м е р и к а н с к и й
а м е р и к а н с к и м
а м е р и к а н с к и м
а м е р и к а н с к и м
а м е р и к а н с к и м и
а м е р и к а н с к и х
а м е р и к а н с к и х
а м е р и к а н с к и х
а м е р и к а н с к о г о
а м е р и к а н с к о г о
а м е р и к а н с к о г о
а м е р и к а н с к о е
а м е р и к а н с к о е
а м е р и к а н с к о й
а м е р и к а н с к о й
а м е р и к а н с к о й
а м е р и к а н с к о й
а м е р и к а н с к о м
а м е р и к а н с к о м
а м е р и к а н с к о м у
а м е р и к а н с к о м у
а м е р и к а н с к у ю
в е р с и е й
в е р с и и
в е р с и и
в е р с и и
в е р с и и
в е р с и и
в е р с и й
в е р с и ю
в е р с и я
в е р с и я м
в е р с и я м и
в е р с и я х
п р о в и н ц и е й
п р о в и н ц и и
п р о в и н ц и и
п р о в и н ц и и
п р о в и н ц и и
п р о в и н ц и и
п р о в и н ц и й
п р о в и н ц и ю
п р о в и н ц и я
п р о в и н ц и я м
п р о в и н ц и я м и
п р о в и н ц и я х
в о й с к
в о й с к а
в о й с к а
в о й с к а м
в о й с к а м и
в о й с к а х
ф у т б о л и с т
ф у т б о л и с т а
ф у т б о л и с т а
ф у т б о л и с т а м
ф у т б о л и с т а м и
ф у т б о л и с т а х
ф у т б о л и с т е
ф у т б о л и с т о в
ф у т б о л и с т о м
ф у т б о л и с т у
ф у т б о л и с т ы
р у к о в о д с т в
р у к о в о д с т в а
р у к о в о д с т в а
р у к о в о д с т в а
р у к о в о д с т в а м
р у к о в о д с т в а м и
р у к о в о д с т в а х
р у к о в о д с т в е
р у к о в о д с т в о
р у к о в о д с т в о
р у к о в о д с т в о м
р у к о в о д с т в у
с п о р т
с п о р т
с п о р т а
с п о р т а м
с п о р т а м и
с п о р т а х
с п о р т е
с п о р т о в
с п о р т о м
с п о р т у
с п о р т ы
о б ы ч е н
о б ы ч н а
о б ы ч н а я
о б ы ч н о
о б ы ч н о г о
о б ы ч н о г о
о б ы ч н о г о
о б ы ч н о е
о б ы ч н о е
о б ы ч н о й
о б ы ч н о й
о б ы ч н о й
о б ы ч н о й
о б ы ч н о м
о б ы ч н о м
о б ы ч н о м у
о б ы ч н о м у
о б ы ч н у ю
о б ы ч н ы
о б ы ч н ы е
о б ы ч н ы е
о б ы ч н ы й
о б ы ч н ы й
о б ы ч н ы м
о б ы ч н ы м
о б ы ч н ы м
о б ы ч н ы м и
о б ы ч н ы х
о б ы ч н ы х
о б ы ч н ы х
р а м к а
р а м к а м
р а м к а м и
р а м к а х
р а м к е
р а м к е
р а м к и
р а м к и
р а м к о й
р а м к у
р а м о к
к о м м у н
к о м м у н а
к о м м у н а м
к о м м у н а м и
к о м м у н а х
к о м м у н е
к о м м у н е
к о м м у н о й
к о м м у н у
к о м м у н ы
к о м м у н ы
к о м м у н ы
с е л ь с о в е т
с е л ь с о в е т
с е л ь с о в е т а
с е л ь с о в е т а м
с е л ь с о в е т а м и
с е л ь с о в е т а х
с е л ь с о в е т е
с е л ь с о в е т о в
с е л ь с о в е т о м
с е л ь с о в е т у
с е л ь с о в е т ы
с е л ь с о в е т ы
н о в о г о
н о в о е
н о в о е
н о в о м
н о в о м у
н о в ы е
н о в ы е
н о в ы м
н о в ы м
н о в ы м и
н о в ы х
н о в ы х
о к о н ч а н и е
о к о н ч а н и е
о к о н ч а н и е м
о к о н ч а н и и
о к о н ч а н и й
о к о н ч а н и ю
о к о н ч а н и я
о к о н ч а н и я
о к о н ч а н и я м
о к о н ч а н и я м и
о к о н ч а н и я х
д о л ж е н
д о л ж н а
д о л ж н а я
д о л ж н о
д о л ж н о г о
д о л ж н о г о
д о л ж н о г о
д о л ж н о е
д о л ж н о е
д о л ж н о й
д о л ж н о й
д о л ж н о й
д о л ж н о й
д о л ж н о м
д о л ж н о м
д о л ж н о м у
д о л ж н о м у
д о л ж н у ю
д о л ж н ы
д о л ж н ы е
д о л ж н ы е
д о л ж н ы й
д о л ж н ы й
д о л ж н ы м
д о л ж н ы м
д о л ж н ы м
д о л ж н ы м и
д о л ж н ы х
д о л ж н ы х
д о л ж н ы х
п р о и з в о д с т в
п р о и з в о д с т в а
п р о и з в о д с т в а
п р о и з в о д с т в а м
п р о и з в о д с т в а м и
п р о и з в о д с т в а х
п р о и з в о д с т в е
п р о и з в о д с т в о
п р о и з в о д с т в о
п р о и з в о д с т в о м
п р о и з в о д с т в у
р е ж и с с ё р
р е ж и с с ё р а
р е ж и с с ё р а
р е ж и с с ё р а м
р е ж и с с ё р а м и
р е ж и с с ё р а х
р е ж и с с ё р е
р е ж и с с ё р о в
р е ж и с с ё р о м
р е ж и с с ё р у
р е ж и с с ё р ы
л ь т р о в н о д с а
й с к е е ч е и а д я и к т а
ь т а т р а у
м е н а м у н к о в д в у ю а д б
о й с а
т а х о д а
т _ р г у с е р с е т а в х
й о н м а н ц я р а л х
д я н н о д ы ч н е
у ч а т
н с к е т с у е в н м с ё р в к и й
ь т а у о н а ы
т ь в е т х с т а у р е в и
л е т и е т а л ж н с о г о о
й о н м ф и л м с т о и
л о н ь ю а н и а м е н н я х
к а ч с ь _ р б ы ч у у ч а т
т и ю и т у ы в о д е н ь п а р п и о
п е н ю м м у а л и ч р е е в р л
е р и д о т а ь п л и ч н г
р с и с с ё ы м а м в а н е
ы ч г о р д т а т в с т и м
ы м и р н а б ы ч р а н х к и х
о ф е с т е е в е р
л я с с ё е с т в м щ а д х с ь н а т х
л ж б о р о р а б т
к е д е м ю о д а и с о в т
т и я л я о н ч н в ь ю
е н н м т е л н й т е
р и к н с т а и а н о
а в е т с и р и е н о г т и й
я б р х с с о у
р а й у л ь а н с т
к а б я а й о ы
т а а й о н а т х
н о у р ы у ч а т
и л ь е т а й
р н и м е л ю
в р а ь н о г ю
г у с о с н о н р а з в н к т б и
м а н у т н е
в о м т у т е н т х б р я и
к л а в г с п р е е щ и м и ч н м у
ы ч н я м е т о т я б ю
р к в м с е з н о с т ю л к у
р к в е з о к о л е м п
л к у а ч е и
_ р а о с с й в р н т е е р е н
р е з т ь с я м
т е й н о я о р т х
у с с в н о г г е н т в и т о
к в я и п о м щ о м о е
и р о о е а е т л е н м п е р п
а т е т е п н е н т а о м е т у т а
п р а л н и я и т с к м
с т а а
м е ё л к х
с о в ы ч н й а д б щ
а с т м р и о р е в ю
ь с к ю е н н й о с т м
к а б ю е н т ы о в е ы ж е т с к г
а й о у о д с у
л е н е ё р ы я м и е р в м
е п и е р и а о д с и
р к в й ж н у п а н е р о и в
в ы м у р в е н ы г у б в н я
о м п к в и щ ь ь т а а е н о
с ё ж н а о р о е н о г ю т и й
р и е б р ь о д с о о г и р и т р
о л ж о а п с с ё е
с с ё о г о с е т с и р а с а ч е
а с т й р е в н
щ а д м
а с т е о я щ г
и т е ы н и я и з л и т е у ь н о
о г а с е л с
у т а д е р в с о с
т е р и ш е н и л ж н й с к о
е т _ п и о а ф у т о
с у д м н о и р а л р е в е
у н к а е р е а
р и я и т н и и ч а а в и у
о в о а н и х н ц и х
т ы ч е м о т е з л и м о щ ю
т я б ё м е т а р ы н с к х с я м
в а р х е н т о б у и ч н й ь м
н ц и м д ы с с ё у ч н ы и
и м т с к г ё л к х з л щ ь ю
б о л у д у _ т р а и
с ё л а м _ р б ш е н е б ы ч о
я м и ё л к в
р т и м и о е н н х с т е е
л ж н е в а н и
ч н о м у н й
н с т у д е ь
р н р е м ю б у д _ л ф а
р а в е с у о я щ е
с к о у е т ы с б к о т б
п р о и а б о ы т н и н я я
р и о о т у ь м д б и а у т _
т с к й у л ь а з р а т
б р я и к а н к и с с р
б р а о о и з
а т р в п л о а й т о й _ р д б и е
н к т х к а б е н о й м и ю
ь с о е р и ю
и л ь а и т е
к о м а л е т ю
я м о к т б т е т м л и ч н л е н в
е т р х т е а т о к а я л и ч н
д а х л я
у т б р о в н
н о г м п у
е _ б о м в н о с е т а л е т е
к о г о щ и т е у ё л ь м
е п и и ь с к г в ь ю
_ р а о и щ а у т б г у т о я ь т у а
п р е ь в р а ь ч а н р н о
д с т е ч е м д я м о з р с
й о н х п р е ю о я б ю е ж и
т у р х о щ ь н с к м
с т а е м а н о о н а о
ч е с й о н х е т с о с и й к
а б р о м о е
а ц г о е
а с т х й с к ю
н н о у с о в т е к т _ р б
в е т р а б о н а д о л р т и м
р е м и з у
з у л т т я н ч а
ь м ы о с ё о
ж н м е т у
р а с о н в а е а к а л ё ц и й
е н т м а р с в з и я и
в р е н и с н о е
в и т в р у к в
н т р м в а х а с т в с ё л т е л н
л ж н ю ш е н и
в н я о в н е
п е р п и й с у о г у и т у о
и р к т а р у с т е
р е м и е з о а и л ь а м к м м а м
и й р с и р н у г о с т ь м е т ы
м а н л ж н ю и й с а
и о в ы л е н и
и н ц е б р я м п е и н т а и
а м и б о м в м о щ й м о щ м е ш
о с ё о м м о л
р н и о д о
с у д а в п о р е у п р
и й с о е р и м у н е щ ь ю
р е ж с у л
ё р т а е р и я
т а ю и м к у
а р с в л я х
о л ж о а б о а а в а б о р о р н м
е п и я ж н у а р я и и ч н е
а к а е
р и о о м и я и
л к е п а р
у р и з в
в а н й е т е
р е й с к и о г р г а
а к ч е н я и н ц и и ч н м о щ
м о м ё р е к а б е
о д а и е р и х а р т й о я б ь
ц и е о и з о о щ ь а н а п о р о
т е т м ь т у а ы ч я б р х
в ы х и с е
е м п е а т о н я т е _ а
о в е ы и з а и
с т р с т ы г у с у р г а и
у ч о р о
и о с и и а л ь д ь д о л н а т м
о л ж у а н н м т а н и
о р о р и й к т ы
б о м м е я т т о р ю д с к й
ё р а е т р х с т в
а р ю е т е м н о
к в я ь м ы и ч н т е л о г и
и с с б р е н т а к а х
с с ё о т р а ы м н о а
л е н е л е у _ я т е я
л ф а и и т у н ч е р к в б у д
а н а и з а ц т о я и о р и м с п о
н т р м и с ь
а к е т о
о г у т о я и к о е и з в ц и я и
р с и о л ж у
р е м с о с а
д я х ч е н и п р е е а м е н н о
к е м а н а а п р л п у н т р а м е
с с т е м и я и с е л с г у с а
в е р и и й с и т ь
в а я о я щ г и щ
л е т и о р а и о т а т з и и
о р н й о я щ р о с и
м е т о р а м у л и с о
е л е и в н ю р е л й п и о а
ь с к м о в е и с с р е г с к о у
а с т е е м п и в и и ь _ т о р я
о ф н т о я б т н е
р н и м е т _ а я м е а т е е р н й
и н ц и р н и а е т е н у
с т р н р е п о м м
ь б а н и й т н и и с т а о
д с к х а е м
с т е е н о в г р у о м о ь
с о р х и т а р о ф у н к ы
н т а н т р х
н о в о н я я а к а й о н
р а й а р у ч к а н
т е л м с т а у
р ю н в а ю в е н о н о в г а к
ц е р в и о д м в о з а а б о у
б и е р е н о р е е н т х и й с у
и т е у л и с е р а с о в е н
в р а ь п о р а п е н ю
н о в е р с т у л ь м о щ ю
ч н а у д а т а в в о л т а я
ь б о а т н и и р о д к
е н а и т а в с т ь к о н м у
д я м н о с ь
к о м у ё л к м е р в о н а е
г у с у р к о о в ы и
е н н я
с т и х е р н й с ё л к
п и о а а ц и х а з л ч
д у _ и з и й о р н я
у д у _ ь с к м е р н ю л ь м м
т а в м ч н о о с о р в
н а ч ф у р н р е м н о в о
у т ы и с к
т а л а д н в м о щ ю т н е
с т а и н о с е о с ё е ш е с с о у
с т а ц н и х з у л т
щ е м р е м й м а н
с к а й о н х
т _ р т _
м п у б п е р е д и в л е и м _
е н я и о р н я
и ч н г о р о о м п
_ р а о п а н и
е н н н ь г а я о в о у с с
е н н е т у р а в и а н а т
т у р м д с к ю р о в й
т _ р б в и к а н к а д е и
е н а р а н д х п е р ю е т р м
р е м й у т б а м к х
о в ь р и й
р а с д с т я б и с т а и
у с и й с в е р и
п р е и й с и т у у
р а м к л к а
о т а и а б о а
ш е п л о и в и
о т ы щ а д ю й о н в
а в л ф и л м н о г м ф и м о щ й
е т с у г а н ф е
м н о о а б р х с т е е р в г к и е
т н и о в е е о с с щ ь с к и
н а я р а з в л ь т
ч е й т
р и о о а н а и р с и е е р е и
с ё л а о н а е е р с я т я б ю
л и с и н к у л т
и т у а г о й
л ь т ь б о ы ч н я
л ь з о н м е п и ь
ф у е з о е л и ч а к л а б м е р
л ф ц е р в н т я р
о в о о
т р о т р а и о н а
р а л м а л ф
ф и а в а и
р е в ю о в е с с о в т
ы ч н г ь с к я с е л н
е а т н с к ю д е м п и с ю о в е
к т о с и я и з л и е и т е у
д ы е п е г у б а р т
р а й н с е й л ь т м у н х а в ш
в н и й с к е и з и л и ч ы
д б и с н о н р а й н
я т е ю о р у
е р с т у р е
г о с с е н я е р н е е н н х
и ч н м д я м н о о и н р о ф
н е е д с т у р а м
л и ч у а с т и л и с у т р а с о в т
с и т т у н к у
а с т о
с т н т о м т с к м
г и м т у в е т м ч н у
р н ы б о т х е ж и с о и з в е н о
с и т е а
р е м и т с
н т а д с т о в о
в е т м
и р о ы в о м о б ы н
у т т е л з в
н н о у о й с а б и д с к м и м п
у н о щ и и л
р и о а о щ ь а в л н
ж н о о с и й к д с к
б о а ю щ й
с с о а е ж и с щ а д х н ч а и
ы ч н г о д с
д б и у т а и
и с я и к у т ы т о р н и ч н о в о
а б о ы о г о у к в е а к а е и с ь
в о м м е ч е м и ю т
а б р м д о у к о ж н у р а й
а н с у с н о и н м а
т о р е
у н к е о р о с к у
т о р я р и я и ч е н и н с к
и л ь е ё л к
е з п р о б у д т н ю ю е т н м
т с к ю и с с р
а р я з о н в а в и у й с к х
т а о к т б и о
_ р а л ф а и о к а д м
а т ы ц и я и л ь о я б р й а т а
с к и н и е о в е е
д у т у н а л к и е н т ы
в н о у а я к а б
м е н о о р о а д а р т
л ж н м п о р ы н и з
н т я г у с а ж н о р в ы и
р к в м в е т а е м б ы ч н ь _ р б
н а п т е р т о р н
б ы ч о о д с о с о в т
а з о е н а н а с н а т в
е н н е
м о к е р к и
р в е н н й
е п е ь р е м й
п о р т с к г
н а ч о р г
ь т а е р и к
а т р в г у с о
и й с к а д с н ы х о м у
о к о у с с и т е у
е н и м л е т о р а а й о а
т с о с т ю и н ц и
а в и у с с т е т н я с т е
_ р е ш з у п е р ы
ё р а и и с т м е р е н ы ч н й
с с т у я т е я
с у о д с у м п и т е л й л и ч н
ь _ р б б ы ч щ ь л и ч с т н е
р с и х р а м м а м
ю щ и к о в т н я ё р ы
г о г з а ц е ь т а у
б о т х
в г б ы ч ы и в и
и т о с ё о
е н ь л и ч н в л ф а
н н ы и и л ь а ч л
д с к г д е м ю
а н н е а м к й е п и е и й с и ф а
ф у т р о м
т о р я к т л ь с в н о в о
р с р о в м а л ф в р а р о в н р и ю
ь ю н я м з и я и
о р г к и п р т в е н
ь н ж н у о д с а
р р и о р а с о
л ь б м н и ю в о м е с т т и я и
д е м р ч а н е
о р и м о в е а
н а п а
с у д р н ц и х л ь н с е н у г у
е п и е л ь с о к у с т е в н м
в а я щ е г а ц и м а м а й о о
и с т м я т е я е п е
т о р е н я и б у д
д е м р с с т а е р в х т ы к у л т
в г у т д у т о с т ю р е з л
с б о н т р и р о а л и ч о
р е л х и с к с л и с а
л ж н е с т ь т н и и
е в р а б р й
п е н м е с т у к а б я ы ч н й
е з о е и ч е
о щ е т а т в
а д я и е а т о
а д я р а в и н с
п р е и о й а н е к у ю т с к я
у т б т о в д с к ю о р г л ь с а
о т а ш р е м й с т в
т е т х а с т я б у д о н о о с ё
н а т х л ь с в
н и е р г о я б ю
т я я т е и з в о с о р н я о я б
и в и к а
ы ч н ю е т с у
е т с у у п р т у р х н ы м т с к
р в б о м х е н и о м о а д я
в о м л и с ы с и й р о и в
к о о н а е б и щ х
и з в д е з у ь а с т я
ь ю ы м и щ а д х м к о
т е т х м н о е н а и б о л с
о р о у и о д м
и о н т о в н а п т р а а н о г я
в г у и н с и о н а з у л
л ж н х р в о у т с к й н о г г
д б и е д е й л и ч а
ю ю л ь н н я м
е а т у с и а к а е и т у а м п и н
н а с о р о в й г у ю п е н й
р ь в е т х ч л е а р н у
г а к а б т я е м _ а
а н у н а т и л ь
а ч е т _ р и т е о р о у е м п о
с ь ю р а м о р о с и м о щ ю
а с т о о в о б о л д е м р ы ч н е
т о в р у н и е я щ с е
н о с а с т в
е р и й с н о у в и т х
н т р х ц и ю т о м
в е н а н т ы
к л а б г у с а л ж н с е в е ь
р к о ь к о л ч и т о и м _
з в з н а и щ
а н и й а й в у ю
в о д т о с т х у л ь у
о р у м а н о
о р н щ а е ш ь к т а и
с н о у ч л ч н у л ь с в р е з т р ы
ч е с б о л с
о р о й о н в
е т е в г м о щ й
р о с и ч л н а п а р а м
а в ш й я т е и л г у ю к у л т
о м а д о б ы н
т а й е н и ю б о т е м у н х т н и
и р о о я т е е п о р
н и й о м м н
з у л а в и о
н н ы т р а о т н и д я х ж н о у
и ч н м д е м й д е й я щ е
н ц и й л ж н г б у д т л е д е м
и т о и ь т а о о р н е с о с ч а н и
в е т х с т и х д е м ю о м о е
н а п а а в и ы а й о ы б р е а б о а
р с т е
к а ч с ь с к ю
р в о у с е л р а м ч е н и а н с у
а б о о т а и
в и т м в н я
ц и и ц и я и ч е м и в о й к
к у ш и й д ь ю о м о ь у с с
ы х е н а и т р у
в ь н ч а и н и ю л ь б м м у у
п и с д у
а ч е и о к т б м м у а
е р с ч а н я я б р м н о с ь и о д х
с п о о л ж н л ь т р н и з ц с т
р е п с з о в н в а я
_ р а о к л а б
з в о н и ч н х р р и о р е з
в о м в и н и л ь е л е и и з а и
т е _ а в н и ё л к м н и м
у б з и я и и с я б у д
н в а е н в а я ж и с т я б
п о р о н ч а в н о а д я д я
н е й л и м п а и р и о а к а м
е м п к о н а е ш е и м н
а в о л а д к а м п е н х и н ц ю
т о р ю д е м с т п о р е к а н
т у т х о м е т е м и й т р о и р о у
к о в к у с р и е м м у ы о н а ы
е т о в и е п и я о к т б у д у р
и с я и е н н г
а с т в у к а р т я
н д ы а т р в щ а д х
ш е н е у н и е у д у _
у т _ с я м
в а м с ё л у р н и й л ю и з и х
е в е ь и р ч е м у ч а
д с к я и ч н г л ж н т а а в м о щ х
ж н о т д у _ о н а а а ц и й
о к т б е в р
с т н а л о с т в
о д с к т а н д д е я в н ы и с т р
ч а н ю а л ь о и р о ы
е н а и с б о н т _ р
щ а д р е в ю с с ё ы т с к м т н е
а б о ы е н о е н т б
а д е и о я щ е е т с и
р а й н е р и
р т ы н а с л б у
я б р й д о л н р а с е
ц е р а м е н е е _ р б
о м о ь ч н о о у л л ж н е с т н
д б и о д а ё р о т о р ю с к а
н ь з л и н з а ц е а в г с
а н д х с и ю и т е е ш ь _ ё л
я б р а м и
р о в й ь т а ы ж е н в а н ю
е е м о в а з л ч и н с и
м е н а т о я и
и ч н м о м а д
у б в г я т е е
д е я е з о в е н ы о р ы ч н х
у р ы у с с т а ц п е р я р т и и т е е
й т а н у м е н а с с ё о
у р д с т у о т о с т я и в о й к
н к т х м к о е ч
е в р а т р х а с т е н к т м
д е м ю т е р е г о о г и а ц и
р т и м _ р а о о ф
а н н й о н в
к и х к о е е ж р г а
и л ь о а с т и н к т
е к а т р о ф у т о
м _ р б о т а и ч н о у и й с у л ь с и
в е т к ь т д е ш а р я и
а м к х с б о
м е т ы с т о
и к н о в е о м а р н ы л а д
и т а н и в с н о е т е т в
б р е е а т е
с ё р х м и е
а с т е р с т
н с к я е ж
щ и а ч е о р н
у ч е р н я л ж
ь т у е в и н о м а а ч е т о ф е с
и й с н н ы и о р и й
ы е и з и й
п е р ю ж н ы
з о о р т х н о м
т о я и о т е н о г я д ы
д с к й т у е з у д б и к о м н
т е л х о г и и
о р а и р а л й
н о в г к т а у р а и н о с е
т а м в е н о
и т у е е л ь к
е т с а ь б о а н в а е
л е м у р е
о и з е ч е и
т е _ д с к ю е н ь о с ё к а ц и х
н я я ь с о
и ч н й а л я и д е м р
а л о ц и я ш е н я
т р е у н к у р е в и
о м п н р а с а с п о
о с н в д е о ф и с т в
с б о о г о
а ц и й р и о
и с к р е ш ф е с о о м а д
щ а х д с т а е р н й о в н в ь ю
р т и х б о т ю
о б р з е с е з е р с я ь б е в р
и т о е г о м и р т а в м й о н м
н в а и б ы ч н с н о у м и е б е
с и к а б е
н с т т с ё р н и в р д а н ы
ч е н е о б р з е л я
и з а к а б и и ч е т р х
р е л м т а т м с и е о ф е с
с т е е ь с к ч а н я
к л н д о р т и у д е _
у л ь а т н я
н в а ю с т а ц
о т а ш ф и л м и ч е т с с о о
т о я е ф у т о ь т у у и л ь а
н я и о д
и л ь е н т х к в
о я б е л ь с в а н о у п р в и ч н х
п р е е е р н и к в и е т с
о с е в а н е т е
й о н х а б о ы н и х з о у т а и
у р а й о а
у д у _ ц и е н т о ж е а б р х
д е я е р н у с ь и е м ф е в д е й
и ч н я а з о а
о в н е м о к б р и б о м в
н ч а и с о с а у т а а с т й
т и я д у т р
к л з у л
у _ р л ж н я
п л о а с с т о
с е л с в е н о м ы а т о е ч е и
у д е _
н а т в р а н х т о а м о а б о
н е в о з а
е н ь г а н м к и м п а и р е ш
л е н е я т е и а н ц я
е н а р е н н г е р с т
е з у ь к т я а н с
м е т о а н с и
о б р о е щ а и н с и а т а и с с о
н ы е с т о щ
ж н ы и р я х е с т е и ч н ю а л о
я б р х е т н ю
к а н а с л й с к г с б о н ь _
р а м е м м у е й с к я р ю
п л о а а н е в р р и е и с с р щ а д
е а т о н я х и ч м к е у т _ а
р н у т у р м я х е л к о н о т а
е р р т ь ю д с т а
о т а о л о с т и у в г у т
о м о и т р а ы
о я с п о у к о о н а е в о м ж е н
а р и е к а р а з и а н ц й
ч е н и н и в
е р е а ч е с в
у т ы а л ь о е с т у т е т в
р а б а в е
ь с к х б о р ы д о л т я м л и ч н
ы м и а н и а
и з и й и я и и а ц и
и о д х к о в
е м и и в и с т о о к а б е
д у _ а о р и с к о п а н и ы х
а н и а а з о а
в н и п а н и б у д ш г а я у _ р б
т и т й с к я
а б о о а т ь п е н й с т я и
д о в с с о у р а м а е л ь
в о н ц и й а н ц й в г у е в н й
о я н н а с т в х о б ы е я щ е у
р н ы г о р р а с е
о д с м а н ы
т и й о с н е р н я
т в о с ё м е р а б р
е р е б е ь т у
н о с я щ е е м у н м и т е у н и я и
т р а ы л е н в з а ц ю
е н т м л и ч ы е м и
а р и а н о
о д о ш е н
в г у т е ж
е р н е с ё л и и ч н я р т ы
б ы ч а у с т х т а т в
е л е и з о н л и с ы
ш е н и б о т ю р ы о г а н о г е
а ч е и л ж н р т у о т а ь
е з у ь ь т у а к у с т
п и с м д и в з л ь и щ а и
о р н я т я б я о г о л к а и
ч н у с т у ё л к х й о н м ь м у
о г и и
п о м щ а р б ы ч
я м р о й н с
ч е н и ч е м о р о о
о с т х а к ц е н
г о с д ь м ы а ю т
и ч д а н о з р с
е н е е а т ы т _ р
с б о н а н д р о н й п а н й л к а и
о с н в е р с й т о р и о н а у
е р н е п р о и
ч е с в с т а о
р т т а я у р е
н д ы н с к е с н о е р а с
к о м а е н я в о г с и
с к и и о н у
ц и й а в л н
н и й н с к я о б р е л е у п
т о р м м у о р а з в ё л с н о н
у п р в н о с я
о м е т е р к в н с к й я щ е у
ы ч н я о н ч т с к х
т а ю и ь т у а и с я и
в л е и с т я и
р к в й б р а и з и й р т
е л ь к
к о в ю т я х о н а ы п р е я
т в о т е л м т о п е р ю
ж е н к а б я и с и
р т а и л ж н с р а в е
ё л о м и я б ы ч а е з о о
в а н и н о с е
и м п р л и с р н а т у р и т р
р т о й п а н м о щ м
к а б и в л и с т х н о г ю
д ь ю п е н м
с к а у ч
а в г с ё р ы
ж н о у п р о е ы ч н г
о с т е н н е п и ь
р а л х т р а е е н н
д о ы м е р в х р ь
в г т р а е
и с а ю щ й е н т х а в о
о в у н о е й м е т у е р с е в и з
е р к л е н а ч е т о р т е т
о щ и н с и е в н м
е л ь ч л е о о б р а р я и
г у б й о н м
ь с о б ы
и м и с ь е н ь к о м н р е м е
м и з и о я б е д е ш
р с т е б р а о
й с к я я х г и у т _
с о р в л я м е н а р н я х д с т у
р о н м с к о т и ю с с о
р о д и р о ы а т ь п е н х
о б р ы ч н м
т н и и е т с у в н е т с к й р е н п
с и й у ю и е й л ж е н н а а р т и
с б о т а е ь б о м в р н о в е у
р е ш н е н я
л ь т н о в г р о м к о н а
л и ч ы е р в е р е м е
т о н а ч п о р ы в а р ь б о е т у т м
т н о т о д с и
н я я и с е ь б о а о р о н а ч н
а н ц ю р н о д а н
е т н й
с к у р т и р г а р е м е
н и ю р н и й л ю е т с а
г о й н о с и
е т о о в е у
о с у а т о р н
е р и а л ь т д е р в
р к в х е п и н о с е к у л т
е с т е
р н о е т н х у р о а т р к и м
ф е с в и з е
т о р ю с т в с б о
у т а и р е м е
т е л м е з б о т т ч л е е о р н е
ь т у а а й о у и ч н я т а в и
п р р а м у т а л
н д е л ж н и з в е т р х а й о а
с и я и к в я т и я а н у
в е н а д е м к о е
д е м и н а с с п о т а и р а н х
т и и с с ё о
д у т г о е щ а д д е к б н с н а т х
л е н в а д и о я б ь д с т а
а б с с о р а м а
т р о а в ш й б о р о в у ю т в е н
р а з и о в а а з т а т м
д о м и т а н д й о т ы ч е н я т у т в
п а н е т б о о г и и н т р х
д ы л е н е
о г а б о м в
а с е н н я ф а в т в р а ё
п и с м т я б и
ж н о о о р о о ё р у т а е е
к и й ш е н и л ь ы
в и т в б о т я о в у т р а а
р н у е р в х
с с т а д е й
а с е о н о н ь б о р ы
о т а м т а ю и и н с и
б р и и к а с и н щ е й
а й т о р н м о я щ к о г с с ё ы
а в и р е н п д с к м е к д б с к и и
п о р у к т у и с с р к о р и и
п е р й п о р у д о л о н ч
т я б ь о в е е е м и л ж н я
с ё л б е р и
р о в х щ у л ь м х в а я
о с ё о й с м о щ й т у т х а е м
г о е ь н о п у н т н ь
л е т и с т в щ а д ю т а т м
н а т х б е р ф у ь с к п и с й с е л
ь т у у л ж н ю м _ м а н
р с т е в г у н н ы з л и
н н а е в н й у т у с б и с с р л е н х
д с т е т у т м
а т р м з у г а а ч б у о я щ г
с с ё ы ч л е е е ч е и
ы ч е л ь к м а н а
т в в а н й ч л е у д е к б
н т а я щ м е н ы щ и м
ч л о д с о о я щ г в о в
р а с а я р е м ю е р с т
м и я д с к г
н о с е и т е у р а й н о м а д т а й е
т е р и и н с и
о д с и ы ч
в у ю ы й
в а н е а й о ы а н с е т с к ю
е ж и о к о ч р а м а л ж н ю в а н е
й о н в е т н и т о ф а в т т о я и
ю т ф е с о в и з я
а б о е и з и з о н х у п к о в д
н а т х е т н я
м н е т н я
о к е н н г д с к ю
у л ь а к о г н я м у р с т а о
м м у а и и с ё л а ь б о у
р е в е р о ф ч л е а
ж н а в е т х
т р а ы е п е ь я щ и н ы е в ы
а ц и й и з и о й с в е н у
а б р й е з о а
м п и б е л а с к о е р
ю т е р с т и р о
я щ и л ж н е
с т я а т о т а й е
в а х р е м и
и з а и т я б я о д с и р е л м
в я х л ж н х а н д ж н о т
ь т у е л о щ т у т х р а м о
к о й с т н
п р о е
п о р у о я
у т а ы м и д с к я м е т у
р н а о г и и
о д с о в р а я р г а ы ч н ю
р е в в н е д ы е я т р в
н т у н ь ю
в я х д с к м
м и е н а ч с т н с
п о р о ь т у о н н ы й с к я н в а я
д е к б т е _
н в а с с т о с е з н и е
д е ж н о т а б о
н и я б е д о л н е п е е
о г и и щ а х в о д з и я и з о н в
и м и с ё л о ё л о к а д м
е а т а ж е
а н н х о б р
т у т х
л и ч о ь м у с и я о л ж н
е к в а н я а н у р о р и й у л ь а
д у н ю и т а ь б о ы
е т н й о р и п е р и
с с ё а а н у м е т о а д с т а ы
н ы п р е р с й а с а н а о л и е
е ш ь е н и к а я
у р о у р у м о к
а н и й а д б щ
е л и о м п н о г а у т а и
е с с т н е о р у к в а с т в е н ы
л ь с у е р с й у д е и я х р и о е
п р а л п е р я щ а х
р а н м и з в б о р ы е р и й м и и
с е л м е н н ю ю с с ё о п е р ы
с ь ю у н ы т а в и
а т р в е п и и р н и й
у р о л ж н х ж н ы и с е л
я щ а д т и и л и ч с
м п а и т с к г о в н а с е
в и т м о т ы
е с т о о н а у е в е
з л и н с к у н а т у р й
к т я р л ж н й й о н о р и х
л и ч у м и й
ч л е а ф е в а л к а м и е д с к г
ц е н н а т р а м
и я а б о у р и о е е н г о с д
о я а н ц я
л и ч о н д а с т н с с т а
г о о з р и т у ы л и ч у
и т е а д я м
а в и о в н ы п а р и б о м р т и х
д я х к у л т
ч е н я о ф с с щ а ь м а т н я
е л ь е м и й
и т е в г т а в и т р
я т е ю м у н й в я м л я х
н ь ю у д а с
л ь с а м а н е е з о у
л ё м а в и
в о е о т ы в и т в
к а б е б о т я н в р о в г
б у д м п л у к
з л и е щ а х
е т р в с к о у ч н о о к в и
о р н ю р с и е к л а
е т о р е л й
а в и о о в а е п е я б о т х
п о р ы е р а ч е к т т в е н
п и р е ш н т а м
а в и ы т у
в е н м и ю а д ь
д у т р п о р о а н д м о я щ м
о т о о р т м
м а н у д е р в к а б ю
с п ч е н ю ё р о р р и о в ь
н в а к р ё м в о в
ы ч н ю и т а и
н о я у с т в р с и х я я н а п
д ь ю т н я н т р х
ц и ю д е т р т н я п р а л е й р а
н е р я м
я б р й з а ц й
а с н и ю с ь ю е н н м
н т я р р и е ч л е ы в а н е
о ф е и о д х е ш ь р н к
е с с н т я б о р о н д
о н а о н о в м д а н
е в н й р к о ь
и ю о в а и о р о е ь м к а б е
с п о т е т и в з и
и ч н м а н с у
и л ь е н о г й т я б е
ч н ы и в е т а м о й с к х
у с т х т я б я н и м е н ы с т в н
б р е д е т р
п а о н а а л и з у л т
ь т а у р е п б о м х ч а н и
у б е н л е н х з у л т б о л а н н е
а н ц й с т а в н е п р а л з в о
п и о а
н о г й н о
е т н х т е а р н и х а н ы ы ч н г
е р к о в е с б о р у ь б о о д с
а н д е а т у и я х
и з и м п о р е в п и о а
д с т о р и е т и ю н т я р
л ф а т _ р б л я
н и и ё л к м в а р х н ю
н т у и с т х а в и ы
р о в х з и я и о б ы
р т и а в г о с т м и щ а и
п е р ю д а н а с е
а б о е а р и а н д й
р я м л ж н х а н е н д у в а р х
л ж н х г о с т и й
у т а а в г с н о я и с е
р к о ь о б ы о р о у у д е ь т я б я
к т а с с и
т е _ а
т е ч н щ е й ш е н ю
п е н й б у д н с к я
в ь т с к х о б ы н л ь т р р н о
н ц и с с
п и а б о о о л и п р е ь
п р е ь р и о ы
и ч н г п о р а м е н е е т о
и з и х а ц с у д о т а ф е с о
р е м ю е н ы т с к ю о й с а
м е н т я б ё
т р а е р а х к о м у р с и й
а й о е и и п е р о р о в м
с я х л и с м и я
г о й в н е е р е е ф а и й с а
а л б е е з у ь а с т й
т о я и б и щ м е с т е т с у д у _
д с к я в о м р я х
о л ж ч е н е с я
л я м е т ы
с е о л и к т а й о н м
а р я и а с т я н в б о т ю
в а н ю й о н х л е н ю
т н и м е н е о д о р и о у
е р н р к ф е в а н о в о
з и й м е т о с ё р х
н ю ю а я к у о в н з о н и о
т а в м я б р х н а п а д б и е
к т с е л с р е в н
у т е н а и о ф е м а н
о н а е р о и р н ы
п р о з р о с и о н а и м и я и
а б о у а т р м
с б р о в е л е н ю о с т й
д ь ю я н р с и р и я е ш ь р
о в о о н в а п и с ю с е з
а л ь з а ц я ч н о о ь б о о
т _ р н о г х а н у е ж и с
а й о у а т е к т р о в я а б о у
а р с в о г о а н ы
т я х н о с и л к а т р а е
р е м и е ш ь р
с ё р т у р е р к е л и с ы
е н к у л т
б о т й л е н й у н а в а с о в т
р а л м и е м
о я щ м р о в ю м н н ь е н а
о р н я а ю щ а п р т с к ю
в о й к ё л к х р е л х е з у а в
т _ р в е н у т _ а т е _ а
у т б л р а м о р с и й р о в г с с ё а
е р с т з и е о м о и л е е м _
н и е е т н г
в ы е д ы в н о у
н в а ь о с т й а ч т е л м
п е р е е я т а с т и р с к и и
у с с в в е т в о й с а в е р
у д а б о т й ь _ р б у р у
е т р м ы ч н х
о т а о т е а р о р и х п и с й
т у р ш е н й
о м а и а л о р а с у д с т а
у с с в ж н о т б о в н я и е п и
к а б и
т р а ч л е з и и б о т ю
ш е н и а ц и х
с к о о р е в ю л ж н с
л и ч н о в и ц
а б о ы а з л б у у _ р
т с к й м е н у н у р а м и р а з
о с е а н и а о т а ь
е л г и м е в н л ь с а н а и р е ж с
т с к ю в о з а
т б о и е л ь ч а н ю о т а о
р о ф с ь б о у
у н к е
л к у ы е а т р д б и а
т ь о р н е о в е с а к а е
а з о ф а б о е з в о
ч н о у е м _ а е т н у т _ а я н в
в и т в д с т а б о т я о т о с т у
м к а и д е я е
н т я и н ц з в б е р и
в р р е м й
а д я и р о у о м п н е п е е
а в и ы и и а в г
а д а н и й и т у о м е т
н о е ш ь _ о в у
о я б е т о н о г я а в л н
п а н и ы ч н р е м я и т е у
ч а с е т с у
н я м р я м р с и й а в л ч а н й
р к в м о я щ м с с ё у о в е ы
т я м т е а р у н о л ь б м у с т в
ч л е у о я б ь с т в и з й
т я б е и л ь с ё р м т с к й а н о
а р т и т а и ф и л м
м м у а о г и а н ц я й о н х
и в и и о б л и с
щ ь ю р о н й г о е б о м х
р к в м й о н н ы м с с т е
г у с о с к у е в р л ь с о т ь ю
т и ю м ы е р и й о н а и у т б л
е р е е в е р и н д е
о к о г о е а в а р ю
а р я и к о г р о в м
т с к г с и е
е р и а о я б н о г и л ь у н ы
и ч н ц и и н в
о з а с е р е з в а м н д о с с о
у р у с т а ц р и я и о д с и
ч е с в о с т й м о щ й
р г е н а и
т а в ь б о у
п е р ю д у ы ч е а й о о
и с ь з в о е л и т с к а р е _ р б
н а п а и ч н ю а п р в
а р т и в л е и
в н и н и я и
с о р в р а с е р я х щ и й
е н р г а р е ж и т е ы а н с
ё л к и т у ы
т в а м е т а о т е т е п н о г и и
а ч е е а т о н с к я б о р с е й
л к е у н а и
о р т о с ё к а л я
т р у л е н в р е в н
я т е ь
а в и о т е т е ш ь
н н ы и р о и в
о в ы н в а е
з р а у п р у т б л
н и и б р и с я и _ р а а б к т е
и щ ь ю у р ы н к т м
р с и х о м о а
к о е и о д в ч н а м и е
ы х с и и н о с я с с т
а т а и о г и п е з о в н в н е
е н у о р н ю л о к д е ш
и в и и л е т я а л е а н и а
п а н р т а а с т ю е м п а т т е л
я м т о я е ш ь е т с о с ё л о
я б р м и л ь а т н е у
т е л х е ш е и
б о м д а н ы о щ а ь
и л ь и о д в з а ц ю д с к
е ч е и р о д к а б ю г и в а р з л и н
г у с а
р в ы р о в р е м ю
д я р о в г ш е н й
о с ё к ч н а
е п з о н в а й о а т р х
с и й к о в а и т р а а р и о е
ь с к й е с т р н о н о м
е п и я р в о
п р а л ф а в
р в с с ё у о т а ш
р с м и д с т е
б р е и н с и ш ь о щ и ы е о м е т
е т н х л ф р к в х
ы й о м о б и щ м с и й к
с у с т а и а й о о т а т е т р м
о д б о т т ь с к й у к о о
р а м к т н о т
т а й а в л с н о о з а ц ю
ф у л а
й с к к о л у к о р а м и
и т ы н а с ч л о в и у н к ы
а ч е д е т с к г о н а и д о
с т о о а в е м к е л к о е е
т а т х о р т м
д с а т ы м о м е п с б а к а г у с о
т о р п о с л у д а к т а и
б и р а з и в у н в а
а н о м о т в а и д е м е о т а ш
с с ё е т а и
о в и ц л к и е ш ь а с т и
а н ы в н ю с т и
я щ т б о т р о а р ё
в о й л ь м х р в о т у т в
б о ы ч н е ь с к х н у
н и в е в н м о л и е о д с а
ж н ы и т у а о м о а т _ р б
с т и д я м а д ь и л ь ы
о д с и о щ а е
н о в м с и ю в е н
к о м н р е з н н ы т и т с с ё
и с т у т в
ч а с с к р я х т б о и
о к т б р е в и р а в в е т в
ж е ц и я и с с р ё р у
р ь й о н х п и о а о с т ю
а с т й и м л к у ё л к х
ь с к я л и ч ы н о г й
р р я м п е р ы л и с о щ а у _ р б
р с т ь т а у и о о в у ц е н р р ь
т а й л ж н м
ь с о е ь т у ы ч н е
а е ш в и н
м к а и и р о о н с к й н н о ё л к м
о н о б о т м р ё м я н в р
и в н у н ы м е п е я
ж н у б о м х
м н о и с т ы ч н я д у т
л и с ы к у ю к т я ь с к е
н с к й о с н з а ц я о м п т у т в
р к в х у к о н о й о с у а ч н о о
с т и м е в е ь е м _ а в л
н е й м м у у в и т в в р а ё
а ю т ы ч н х с к и и и й с
е м п о а н и м у р
м к е о л н ц л ё р р а в и у
д ь ю л е й
ы х а м е и в и з и
р а б т
н в а и з и х а ч е и е р к я н в р
л е н я и ч н е
ш е н й м м н н о о ш и
с и я о я щ е о д а и м а н а
ц и е ь м ы
ч н о о о з р с и я р о с
л к е м о щ й
о р о у н у ю о в ь а н д й д с к
е ш ь р б у д _ л е ш и й и м и к т е
с ё о л ж н з и я и о в у к а б е
з н а м и с я х т н о т т а т х
ё р ы с т ы в р а ь ж н а н о с я
н а т х е р с й
и л ь у м е р о в я н с к м и е й
щ е г а в е
о щ а ь с и е с т а и б у к и е
у л ь у у т б л
р о в ю
а в и у е т р м и з а и
н а я з о в е т а с и й о р о у
е л я и н д а м к е н т х
л е н и е п и е
т ь ю щ а д
о и м н о и
а р я и а в е с т р е н о г м
т о р я р о в я
р а л ж н л ь м м а т а и о р г
т с к е м и м
н и з ц с е л н
в г у т б о в ы с е й б ы ч а
м е т о р и и т о и е с с о в е а
о г р а л м с е н б о м х с о с
е с с о р м
л и к о л ч
с ё р о я щ е м а н о е к к у о т а щ
с т и у к в я и
а н и ж е
о к т б т я б е р и р и п е р ю
н ю ю в а р х н и я и
ж н у м о щ
в и л и ч о ь т а у а ч
а б о о н т р м
е п е я с с о а р в о м е в е н у
г о е а т а и
о л ж у р ё м о г о о б о т я
р т а б у д ш м е р к
е н т е п о р а
о е б о т е о р и й д с к е
л ь т к у л а ч е т и с я и
с т н с у д е е к л а б
т о я о л ж
к т у ч н ы р и о у
р а м к д е к б
т ы т р е в е б р а о
ь т у е н о г х а р т е т у т
е к о м п н
й с к р н ы е м и
р н и й
щ а д м е н н х р к о
е т н д с к м м к о о в е у
о н ы а н а и щ а д ю
ь т а е в у з о н х
н ц и г а я у д е е с и й е в р л
в а н я а л а е е р к я л и ч а
ц и т р а о т а ю и т р а о
н т а и р а м у
а т е е т е р у с т в
п у н р т а и г о е в и з е
т о м к о м а р а л к о л ч
р е в и с е з н е л ю м о л о
н о в ы т е _ д с т у б о м м
а л о з р с с и с
у т а о р т х ь н о в с и й г у с е
р о н х е н я в н г а н з ц и й н у ю
щ е й л к о а д б ж н а с т и х щ е м
с е л с о т а и
с т е е о в ы и
а р е н е
п р г о е т о р е
м м у е ь б о е ы ч н г в о в
о в н е о л ж е в н х т у р м
а н ц й т р а е б о л с а ц и й
а с т с т ы а с т и к а н к
р н ы и т е л й
е н н г ч е н о р н е
я т е е д о й в г у
с с ё о н с к м о я б я
у ч а т
с с ё о ф е с о с ё
н н а к т я р ч н о
б р к а _ р а у р ы
д е к б я щ е
л и ч а в л е т с а е п е е р е й
п л о а о с у а о я б я
р с и о м е т р н и у н о о м п з о н м
т р а а в о й к е з о у в н я и
б у д в р а ё б р ь р а з с т я и
о м о а р в о о
а н д м п о р о
я н в е г о р т в т р а о а м е и
п р е я н и й
а м о м е н а у н к о
р к в м ц е р о
б у д м а н д м
б у д т ь н о т
е т н е
з а ц я о с т м а в г с
р е в н о м а р е л й т а в и
е м и м щ е м р я д е м и в р а ь
с ё л и р с т е а е т м а м п о м
о д е к а д м а ч е т
ц и и я я а б о о о з к о л
у ч т е р и б о л с н о г я
п р о е и й с у
о р о у д о й
л к о к а н
о щ р е в ю
т с к т н и и л и ч у
н т р м б о т ю ж е н
о л ж н с и а н о а л ь о к у с ь с к я
у _ р е р и й м е т а т о я б и
е н у н т р х ь б о
з н а п а р с е л с
а к а е н о г я в о з а о в а и с к с
н д ы у р о щ и а н е о в н т в а и
т а ю и с к а и о з р с
а л ь о с о с ч е м и т а е ж е н
е л ь о е с т р о в н л ф а р ё м
е м у о з р ч е с п е н й р а д с к ю
и н с и ь б о ы л ж н г д и в з
е р к я т в у
о я б е в ы м у н у п р е и
а н с у ф е
е к а ь с к х
ё р е р г а ч л е ы л е т и н в а и
и з и м н ю а н и х л ж н я н а т м
в н е л е т б е р
у р а и у д е
г и е з а ц й а с т ю н о в г а з о а
с т у а л ф в н ц и
ь б о е
в р а ь
д о б ы ч н о я б к о л в е н а с л
о л и т я н в п а н й
о л и е л е м ш е н й
ф и л м с н о о т а е е с ё л е
н с к х ж н о т о л и е о я
с и й к ь м а д о л н
л е н в ь т у
ч е с в н ц и т н и и я т л и с ы
з а ц б ы ч
л ь т е _ л е н х е в н й
т у р р т е и о д в
а е м т у ч н
л ь б н т я о д с и л к е
о б ы е о ф е
г а т р а и д о л е у д
ч е н е р ё м к и л о щ м _ р б
о щ а о и з н о й р а й
а д ь л ь с у т б л н с к е
л е н й е п е е й о н в
н ч а и р я х ь м у к а а ю щ
ь ю ч а н й е т н я м _ р р н и х
с с о а т р х м о щ ю л и ч о м е т а
е п е и щ а ч а н я
у л ь у в р а ё с о р в р у о т а ш
у т у е п и ь р о в ю
з л и е и р о а и й к л а б
р о в й а л ь о
ш е н т е п н
о м м ё л о и в е с н о я р щ а д х
а в у м н о а е т р х с с ё а в ш
о в е о д е я е
т с к ю р е п ё р е
а н и й о я щ е
и т е а н о й у н к у р т в е н о
е ч з н а
д о а н н б и щ м а н р ю
н а я я х
н о я р е н е в ы е
н т р в о б ы е т р а а а м и
р и ю с у г о с д а й о а
в о г р а в е
м и и к о м н в и т о в о с
е з н т у л ж н ю б ы ч ы
а л я и о к т б
и о н т е т р а л х
е т с и щ ь ю к о л
о й с з а ц я
з о н в а л о о л и е и р о у р а м у
н а с о е ш е и
д б и у т у л ф а и е р и й р е л м
ж н о у т н я
а с т и с ь
т о м е т о
к о н ь т у е е в н й
г о м к о я б р х г у с ы е п е я
т н я а р т я о г и г о д о л
н и е у б т а й е е н н п р о и
н о с е ж н о т
и т у с с ё ы
ч е н ю д с т у
м е н а й т е а ю т т я б я
в ы х н а с е т с и ч н я
у п р д б и у с т и у
о д а р а в е д б и е к л а б
т е п т о р е л ж н г
о р т х о м п о д с у и з и м т о я
с н о е л и с е
н о г ю н ю е т _ д и в р о в е
о т а т н о е а н а и к е о д о
е т е р б о т я п р о е в а п е н ю
и щ а и
а н д х о щ и
ь м а и
о м п о с е
с т ы ч л р н о н д ы у ч а т
а х о я а м к м о б ы е м и е в л
ч е н и о м п н б о т т
е н т е и о н т и т е у о н
м у н м ф а в т ф е в а
в н е в и з й с с о а л ё а н и м
с ё л у ш е н е с ё л е
с ё л и т а т м
н я я в н о
с с т о д ь а й о а
ь с е р е а е г о щ а ь н т р в
з и и а р т и у р ы в и т в
н с к х м о щ м
у л ь я б р м е т н г
л ь с р е м и о м м н
ц и и у р а ж н с и е
е _ р б о т а а с с т о ё р у
а з л ч а с е р и й а б о у с т ы
и т е у ь б о е в и к т у р с т е
р а л в а м о д с в ы ч н я
е р к я с т и у
о в о о т с к я у ю е р к е е н я и
в л у _ л и ч ы р о в х н с к г
г о е м е н у
а л е й о ф е с о д о л
й с к е т р у н и е
и з в д н о в о л и ч у
ч а н я ш е н я н а
ю щ и с н о п р о
е а т у
с о р г о с ч е н ю р о с с с и с
и с с _ р м _ р в о д у р о
р о в ю к а м е т н й н т р в а л е
р о в г ч а о я щ г е н у ф е с ь м
а л ё с ь т у р х б о р о з а ц и
д о о щ а и к в я и
о ф г и м у н х в н ю
о в е с а в л и с с р
л е н м
с к а и д я м и й с а р и ю
с т а у а р т й
п и й о н х а л ё д с т а о м е п р е я
п р о е и с т в
д о л н з а ц
е ж е п е е р а м у з в о к в ь с о
р е в ю з и е
т р у т у р ь б о о ч а н я
л ь с о с т в
о д с о е с т а у т е в а н т а е
в ш ю щ и и м п н е м о з р с
р а з в д с к е к о г
п р е е е з о у с у г у с о р а л
д с к я е р к в е т н я
о р а у р ы н ц и х
с я т _ р б р о с е т _ с с о у
м н о о а м е и е ч е у к о н а ь с к я
у л н е й р е в н е з у с т а а
з а ц ю н ь
о л ж о п л
н а х у т б л е г _ р
л ж н г г у с ы к а б ь е ш ь р
в и т в и с я а ц и м
с ь а т ь н я х а в г т н е о р н х
т в е й с к ю а н д а н н е
т н о т б о р
в г у г у б р о й с
з н а е с т у н о г з и ш е н е
т е п н ч а н е а ч е
о н а ы
а л ь с к о о р в ы с н о н
щ ь ю п е р е а в у
и е м е н н е к о в ю
е л е и н а м т я б е
о б ы д б и о л о к о ч
е р с и з н а е г о к а п л
л ж н й н ч м и я о м а и
л е т ю у с т р о й в а н и п и с х
в и з е т е ч н т у р м
т ь ю о в а ч н у
о д е д ь д с т а
а ю р ё б о л с ы ч н ю ы ч н г д б и
а б о с е н я о м п р а м и
м к у у с т м
а н н р н о р ь з а ц и ш ь _ а
д а н ы е п и
ч е с в л ж н я
м е т ы а е г о р д
и н ц е к а н к
л и ч у л к о т ы у с т д е м
и к а с у т у з у л т
р с и м р н и х
ё р ы с к у с м и я и д ь
д е я е а б о ы е ч е и о р н я у р у
м о щ х и в е с т и у у н к е
у т б л с ё л о н а т м
д с к е н т о н ч т е ч н и з с у д р
т р е з о е р и й н я х щ ь ю
я б р м б у д ш р ё м б о т ю
щ е е а ц и т о я е л а д и б ы
т и ю ч н ы у _
с т н с р о м о т о в е н н с к е
т н е о о р и м ш е н е т н ю а т р х
и с т р г а р а с ы к л а д о л е р и х
ж н о у о н а е т и т в о з т а в в
а м к м т ы
о г у ф а в и р с о г у с е а р т
т а в х с с о я м и а н ц
е п и и
т и п а н а е т р о и
к о в ё р о р а м к р и в ш о с т м
б о т й з и с с о и л а б р х
е в н й м о м н а д и у н и е
й с к х
е с т д е р е т н е
п а н й и н с ы ч а н ь _ р н т р
у к о г о е м п и н
б е р р ё у _
е р к в с и я у т у л ж н м
щ а х д с т а ь б о
у д у _ о р о е а т р в
а й о у о к о ч е р е н е н т м
а л ф в у _ р б о щ е м е т и я х
с т а т р в а н и й е _ р и о с е л с
д е ш о щ е р т о
р т и м л и с о л е т ю
о в и ч н е в р а я у д е _ л и ч
й о ч а р а н й в а н и т ь ю
о б н н о й с к е ж и с
т р а и м е н и л ь ь м а д я л ю
и о н т е с т а н и х
л о к и й с у р т и м
м к а о с н
д с в н о о л я м а р с к и х
р и к н г а я
е н т ы у н у
щ е й з а п е н х и н с с т и у
р о в з о в я т е ю
у б е н п е н б о м м
б ы ч у и т о и
в о д у р е з р а т с и я
р с и м ж н с и т т
ь т у у о б ч л е о т а в м
п е л ь с и
с о с а е м и й у п н д е к т о
д ь ю р о и в я щ т о р я
а в г к у л т
н о г м н т е
н е к а б ь
и о н т л е н
ф е с т а ы ь т у т у м о щ й л е н й
а д б т е т в о д а и о я а в ш
с с ё о е р с й
б р я к а н в н о о
н в а я
р о ф с л е н х о р т л ь с у
п е н х г о с и т о и и е о в н е
у л ь у и з и й ф а в т
т а т м ё р у н а с о с н о а
п и с м з о н в д б и е с к о у
о с т о н ч а в у л ф а и
н у р е м я ч а н и р е м й р о в я
е я т л т у р й а б о а м е т а
г у с а о р о с
с т о и с у д р л и с е н с к у д е е
о г и и с и й к р в о т е л с т и
п р е ю л ь д о в
м н о о
в у ю и т а т у т м к т я
е р в х е ч е и п о с г о с
н ч а и н с к м ф е в а т а в м
а м о а р и я т е
б е р и у т _ а н ь ю с ё л к
о р и й з и е и з и й
н а с л ы й н а ч н с к у с с т о о
в н я я щ е о ж н а
п а н й д и в о м ы
в е т е р к и и т а н д а
я н в л ф к а ч к л а е р с е
а м к м е т о р т е и й с и
т е п д с к е л ь м в р е й
с и я и ь б о у в о й у т б л р е н п
а н с о е т о н д а ш ь г о р д е н о
с п о т н в а я т в е
р я х б р я р т ы м о щ м
м е т ы о т ы а з о т я б е
ш ь в у ю
в н е а н ц я с с л ь т
к и й д а н и н ц г о р д
п о р о
е р к у н о н ы е з а ц й а з о а
о т а о ж н а й с к г
о р н й и я х ш е з а ц я т р а у
я т е и й о н м ы ч
а й о ы ц и я и в н е в е ь
р о в ю л ь с у
о р н ю
к о л о м у д е ь
п а н я т р а е ь б о о
г у б и ю
т е п а н ю в а р х т а н и
р о в я в и н
д б и у и т е о о й в е т р а и м м у у
с к и ч н
ю щ и в е й н т я р
е й м _ а т а и
щ а д й н и я т е е т в у
т е л х с т в м
с я м о м о и
и щ а и р о ф а е ш е н я
о л ж ы
с т а у р я х к л а б д е т _
и щ в р а ё и к а и с т х р с т е
г и е к о г ь с к ю
о щ ь л к е з л
ь б о у р н а
н н о а й о а л ь т з л и н
ч н а н т р х у т _ е з о о
д с а п р в и ч н я
в н ю п о м щ
з л и е г и с о в с о р
г у с ы к о л м а н а д а р о с т й
о с т о р о а
к у л и ч и с т х е н о я щ е и е
в г а н н е р с и м у т т в а и
м о в о в о с
ы ч е б о ы й
о с н в
и к о н а ы а д я ь б о у б р ё
е т е у н и е
у д е _ а в а и
л я х о м у
з н с т в х в р а е р с т
а л ь л е н х з о в г у
н о м а ю о м е
н о г й р и ю а в ш й а в г
м и я и р в о в а в и з й
с е л л е н м ц е е т н х
б у д т о в о о ё л к
а р т е у н к ы с к н с к г
ч е н е в е р м и ю
т е ч с т о и
ф е в а в и ы о р о с а т и ч н г
в ш е р и а
о н ч б о т л и н с и р к в
к а б и к о в р р
п р е я м м у
о к р н а
о г е л ь к в и т х
н к т н о в
в е р и ь т у е в е т в п е р н
в и з ю е ч о м у ц и е
е з о а н ы м
п о р о и с я
в р п и с м
б и щ л ь м с т о
а н а в н я и в и т м
е а т о м о м у т о
ь м ы н и ю
а й о ы и е е р е м а н ы е р н я
н е м м о щ м _ р в е т к и щ а и
в и т м с т р о ф м м у о
в и з я и с я
т р с е й н т я п р
и т у е з о в н л к а т я б ё и в е с
и з в т я б и с с ё о а й
в е н у п р в в а х
а л я и и з в о р
о м а и т е й р а с е
н т а н д е п у д а н ы
р о й т с к г и с я и г а я
а д и т о р й н д о в г
а н и ь с к г е н у ч н у
в е н а е з у т а е ь к а б ю
т а т х а т е
р о н м т а в и о р о ы
л ф а и ь м а к а б е л е н м с к а
т у т х щ ь р о н х н о с и н н
ч е с б о м х
е т е р а н и я м ё р а и
з о н в в а р
ч е н и о н е
с с т а в и е а н ц е в е ь б и щ
ь с к т р о т и о м о е а ц и м т е л н
н н у с ё л й о н в
ё л к м т р а а р т и н т я р
й о н м е т а о м а д е к б б е
у п а л ф в л е т е о й д е ш _
н и з ц к а м л е т ю
о я р е н е р в х
а в ш й о с в а р м л и с о р с
п р е я д е м ю л ж н е л ж н
у н а а с т х б ы н к т й с к х м _ р
б и щ р о а д я р е п с а р я и
р ь с т е е
в ь ч а н я с е л н
г а н н д о
у с т е т к т а и
и ч н м
о в е у с к у ю к а д н к н ц и й
е р и м п о м р е й д е м е
и т о и з а ц е а с т х е т с и
р к в й т р а а ь б о о к о м
с и й к ш и й ж е я щ и о щ а я н е
е ш е и а н с у з а ц е
и т е е
г у с ы н н о у
я н л к е о я щ е р а в е к е
а с т ю о ф е с
т р а е к е е с с р м п е д о й щ а
а н и й е р к ч л е ы
л ж н о в г е т у а м е и
р е м я д с т а
о с у р о в г а т ь
р ё м т е т в ы в р а ё о р н е
р а х в а н й б о т я в а н е
н о в г м н о и
е а т у п е н б о к о м
т н ю а е ш
е н и х к и е а й о ы с о р х
п о р а о м о и
р о в г м е н у
к а б е
е з и к ж и у с т
е ч е е л е н а з в м е т ы л е т е
т и я и б и щ х с т и м
т а в и и с т м а н у
т о р е а в а я н о д с и
е н т а к и у н к ы
р а л м в о м
р у к в н т ы _ р а о м а
т я б ь о р а т о р й
и е й р т и б у д _
б о т в е й и т е р а с о
п и к т о с ё о ф е
а н ы л ж н е т я б я
й с к е л о щ п о р ы
н о с е л е н х в и з ю
е т с и
в е н о е р с и
о с т о г у я щ е о р о в ю
я б р х р а с у с ё о д с о ц е
и з в р г а и й с к ю
р а н к о м а у н о а н н м е н у
з а ц и с с т г у ю
м е т о а й н ц и н а х
о с ё о а т р д е т
ё л о р г н м и о с т й н о с е
л ж н о т а и
м а х р р и о щ ь ю
й с к я а н с о о м у в н
п е р е б о т а с т в
е ш у н к у у д у _ у д у
к а б ю и м и в е т м с т а ц т р у
л и ч у к а д м в а р й
т а е я т е я с с т е
м п и н в е н а
а н а е р е а
а з л к е л и ч ы
а д я и
щ ь ю з и ж и с
а м е р ё и з и т я ц и я и
а н и й
р о в н а н а а с т я
е н и м
е м и м м и я у т у в я х р о н х
т а л у б е е н н м н д а и ё р а ю щ
о р т у т б л и т е е а т е
р и ю к о в
г у с а т о й а н с о е с т у а н а
к у ю у н а и
н д у р о р н у
е л я р е л р и о ы к т у м к и о в ь
м н а в ш о р г и о о л ж о т н и и
д с к о с т х а ч е
ш е н ю е н я и к о в ю т п е р
п о р ы р и я
г о м ц е р н ы
ф е с о т р а и м и е
р е ж о я р е в ю ч н о у
л и ч н р т и х
я т е и е р н й с ё л а а н ц я
р а б т в е н ы
о д ы ц и я в я м с и е
ч л е у а л а
р с р а с е
н к т в п е н ю а к а
с о р в н ю г и х р а с о р и ю и й с и
м а н а а н ц ю с т а ы е п и е
а б о ы
а п р в к о
н о г й д е т р
т а е е д о л с ё л а
л ь т т а н и а о в ы и
м е р к р а л й
р и о ы в е н о ё р ы
р и о у р с п р е ь у д е _ р а о
з в о с з л и н
с т у и т с к о у н ы й
т н и и т у
ю щ в и д с к я в ш е _ р л о щ д
а н о о д а и н в а щ а д ю
ь н л и с р а л м р е в н
т а ю и е _ р и о р к о ч е н е
в а р й т н е о н н о
й с т о р и д с с о в т
ф а с т н м и ю в и н
а р т е м у н м
о н у е ш ч а я х о я б и н ц и о щ а ь
т в а и ь б о е
а ц я т е я ч а н е б е и н ь т а ы
м о щ е з о о о м п н о ф г о м е а т
т а в в и л ь о й н ю ю
е м г о й б о т й
е я т л е п
и с м п с п о т
р и е д а н
н е м у н х ч е с в с я ь _ а в и е
е я о т о
р е м й р е п с л а а в и е к а р
о щ е к а д м
л я х д с к ю и я х н а т х о т а
к т а и т и я и
а с т в о б ы ы ч н х г о г
о р г л е т я у т б л е з е м _
и с к с
и р о а а р ю
а б п а н я б и щ м
о б р з е н н х а т р
я щ е у ч е н е н о в ы
а з о е в р
с о с р ю т и ю н о г т а ю и
ж н ы л е м е р с е
ч н а п о р о
т с к м у ч а р о н й р т и х
д е м е т а й е т р а н о в й
л ь т р с б о щ и о й с
т а л р н а ж н у
в е т е н н ю
а х л ь с о к о г в о е е т н й с с о о
м _ в л е е ш ь
н а х т а т х т о й к а б о щ е и с т
а в и а б о л с а ю щ й у л ь а ч е
д о й а н и х
а м к с ё р в л я х ж н о у
а ц и с п о е н н м н ч о в а т я
с ё р в н с т т
т у т а р я и е р и й с у д
н с к й р а с о п р а л
о м о а б о т л п у
т с к ю р о т н е у м к а в л е и
ч а н и о р т с т в
з и я и и с я п р е я д а р т м м у е
о в е ы с т р н о в н г
ю т и н с я щ е о
л и ч а р а м у
е _ н ч а и с ь ю е н я и р е н
р а с о л е н е б ы а н н е
ц и я л е н и р с и м
м а б р а о к н о г г е т н й д с к
ц и и р о г и х т а й е
с е з н е р в х
п р а о г и и в и з
ж и с с т у е п е и д б н я х
т е л н щ ь ю р о и ь с к х о т а ь
о с ё к о р о ы ж н а
ы м т в е о с ё о ь н о т н с к я
о л и м е н у
т е т в с т в х с т о
г о е а в и е р и т
в ы е с о р х
н о в о с т у и т е о р и о
ж н ы и и т у у и т а р т и м и ю
м и й б о р у п о в а н ю ч е м и
а м е и у _ р б
л о щ е н н х й о н о в е а
п о р а л ь м м п о р у
т е л м и л ь у
р е м я у _ р б з а ц и
е в н х д с т
я н в м п и с т о щ щ а д ю
л ь м в о й а ц з у л т п а
а б й с к й
в г у т м и й и и т р а а н н у в е н о
я я и е т р у
а н е з о и л ь ы с т о з р а
о ф е г а н з т е т х
й о н х н т у а в и у м о м
о л ж а т я б д о й о с е
а л ф щ е г о л ж у а н ц а с е е
с н о н у н к ы
ь м е м и
о в е у е т с а я щ е о
р а м а н о с е
р н и м к в е ц и я и в е т х
о л ж н
д с к г м _ е т с у
о р о о т е п н з о н х р о н х
т е а р а н ц
а н д п р е и р т у р е й о в н е
в е т в
т я б н о в
р е ш о р е к у л т л ж е о в е о
ь с ь т у о
о р н е р е п с р о с е т с а у н и е
е н и з а ц е
е п и ь я н с и е о в у н ч а и
н о м с т ы е р н л ь м г а н н т р м
г о г и н ц и ы ч н г а ц и м т с к м
а ц и х п и р о н й
т о р к а ч с ч а н я с ё л к
ё р а и ф а с к г у с
ж н а я т е ю о я б й с к й е ч
о м у ц и я ч а с н е н я и
р е в м м у а з и в е н ы
т е р е ж и с в г у т о к а п р л
а м е и я н в з р а т
о м а д и т е е и о н т в а н е а в и а
и в и и л к о
н а с о б р я и
ж н о т о н а о
р е п с р о д л ж н м
у д е а т ы
о м о е а р ю п и а з л
с у п р е я р и к н е л ь ь м а н о с
н ц о н а ы п и о н с т о и
ь м а ч а н ю
б е а н и а р т ю и т е а
л и у _ р б в и н и
е п т а в ч н о о
в н о о
з а ц е и р о о л е н е
о е ь б о ы
л ж н м ч л е а л ь т т т р а ы
р н и р т е в н д у т р
а б в и н и п е р и и и
и н ц н о в е
а н н м е н т м
о д о б о т х а е т с е з
н т ы л к у
м о щ й д я х
ь т у ы о с т в т у т р и т р н ч
а ю т к а б
н д у о й с и т у у у б е м у н й
о щ о р т в е ш и щ е г
о с с й л ь н с е к а р
с ё л и н т р д б и а г у б
с т а и е в н м м а н ы а н и н и й
ю т р е м
д е я е а н о т у р х
н а ч н я х и й с у е я т л
н у к а я е н т б с т
к а ч с м п и к в о р о а м к й в ь
н ю ю а м е
ж е г у с е щ е г с ь ю м о щ й
д ь о р о а
е р к е а н и
а т о и з и й
о г о у т о р я г у с е о ф с б а х
з а ц и м м у ы
о м о е р о ф и я м
н о м а ц и х с и е е з о а
у т а ь с к м а р я и а н н х р а м у
е п е е
а н и а й с к ю щ е е ч а с и
т с к ю к а н т о б и щ м с к а и
в ш и а з е н т а
е т а и н а р н у и н ц е
а в г в а
н к т м о н
т н я п р а н ы х з л и е
с т а ы е р и м ч л е а м у у _ о р е
п и с м д я
и к а с к а б е у н и е
м у н м з р а т я
р е ш р а м ч а с и
д о й е р с у н а а п а н с о
у с т с к у и в и е п и ь
р с и е а с т е з у
щ е м щ а д м м е о щ ь д а я м
о т а ь р у к в д с т у
р я м у н й е я т с п п е р е о с ё к
к и х е в р л т о м
г а н м у н й о н а ы е р в е р к у с т
а в и у р в о с и с к у с л ж н я
р и о ы о т а ь е н т б г и х
о р ч е н и д ь о д с в
т е т х к л а б р о н х
о с т а м о в н е а р с а ю щ й е с т а
н ь и й с у о р о е м п и
н д о р о о с у а ё л о
е л б р ь ь н
т в е н б о т х
т а т м е м п р и т
п е р ы е з о у р е ж т с к й
т е л й м и я и т е т
ш ь _ т н и я б р т а я л к а и
а п т а х о б ы н и н
о д с и ж н о я щ о з р с и о н
р с и т и т л е н в
с о с е р и а
к а н к г о е
о щ ь д и в к в р а н х р ё м
е к а р в е й й о н в
б р я и п р а
в а я м а х а б о ы в и т в
б о д е ш _ у н о м е т е
б о м м е н я
а б о у и в и м е р ж и с
и ч н г р ё м н а я р о н м
м н о у д е к с н о у
е л о ф е
о я щ е о р н я о л и е о н а ы
и т у е е р с и е ч е и з л и е
щ а х ё л к в
и в и и д о л п е р н
л е т и в я х
а л ф в п а ч е н й у л ь у
к и и т е у л ж е ц е р о
с т а е т е т в ч е с а в л е р в м
н т е б ы ч н о р н х
д о л г у с н о я р ь с н т
з о н ь б о у ч а т
о я б н с т р о в г
а н д х м а н о
а й о у с с о п и с ю л и с о д с
м _ д е ш и з я т е е
д с т б у г о г
м о м н д я с т а р т и
ц е р о е р н е б о м х р а б
е н и р а х у п р в о у щ а м
щ е й р ё л и с е р к я р т и м
о я щ м п е р я и ю е з а ч д с к х
а м о р г а б о т я е т н й
с и т й с к в н о о о м а и д и в з
ч а с т а ы и л ь е т о
б и щ в е н о н с к е
е н н я к у ю
й о н н о в й а б о у а с т е д е т
т у т х а б о е
т р а у
ф е с о т б о и р о м
ы ч н я р и ю а п р и с я
е с ь м а а л р и о а г а е н и м
с н л ф а р т я
