п е р е н а п р а в л е н и е
п е р е н а п р а в л е н и е
п е р е н а п р а в л е н и е м
п е р е н а п р а в л е н и и
п е р е н а п р а в л е н и й
п е р е н а п р а в л е н и ю
п е р е н а п р а в л е н и я
п е р е н а п р а в л е н и я
п е р е н а п р а в л е н и я
п е р е н а п р а в л е н и я м
п е р е н а п р а в л е н и я м и
п е р е н а п р а в л е н и я х
р а й о н
р а й о н
р а й о н а
р а й о н а м
р а й о н а м и
р а й о н а х
р а й о н е
р а й о н о в
р а й о н о м
р а й о н у
р а й о н ы
с о с т а в
с о с т а в
с о с т а в а
с о с т а в а м
с о с т а в а м и
с о с т а в а х
с о с т а в е
с о с т а в о в
с о с т а в о м
с о с т а в у
с о с т а в ы
с о с т а в ы
я н в а р е
я н в а р е й
я н в а р ё м
я н в а р и
я н в а р ь
я н в а р ь
я н в а р ю
я н в а р я
я н в а р я м
я н в а р я м и
я н в а р я х
д е к а б р е
д е к а б р е й
д е к а б р ё м
д е к а б р и
д е к а б р ь
д е к а б р ь
д е к а б р ю
д е к а б р я
д е к а б р я м
д е к а б р я м и
д е к а б р я х
с е н т я б р е
с е н т я б р е й
с е н т я б р ё м
с е н т я б р и
с е н т я б р ь
с е н т я б р ь
с е н т я б р ю
с е н т я б р я
с е н т я б р я м
с е н т я б р я м и
с е н т я б р я х
о к т я б р е
о к т я б р е й
о к т я б р ё м
о к т я б р и
о к т я б р ь
о к т я б р ь
о к т я б р ю
о к т я б р я
о к т я б р я м
о к т я б р я м и
о к т я б р я х
а в г у с т
а в г у с т
а в г у с т а
а в г у с т а м
а в г у с т а м и
а в г у с т а х
а в г у с т е
а в г у с т о в
а в г у с т о м
а в г у с т у
а в г у с т ы
а п р е л е
а п р е л е й
а п р е л е м
а п р е л и
а п р е л ь
а п р е л ь
а п р е л ю
а п р е л я
а п р е л я м
а п р е л я м и
а п р е л я х
н о я б р е
н о я б р е й
н о я б р ё м
н о я б р и
н о я б р ь
н о я б р ь
н о я б р ю
н о я б р я
н о я б р я м
н о я б р я м и
н о я б р я х
д е р е в е н ь
д е р е в н е
д е р е в н е
д е р е в н е й
д е р е в н и
д е р е в н и
д е р е в н ю
д е р е в н я
д е р е в н я м
д е р е в н я м и
д е р е в н я х
ф е в р а л е
ф е в р а л е й
ф е в р а л ё м
ф е в р а л и
ф е в р а л ь
ф е в р а л ь
ф е в р а л ю
ф е в р а л я
ф е в р а л я м
ф е в р а л я м и
ф е в р а л я х
т е р р и т о р и е й
т е р р и т о р и и
т е р р и т о р и и
т е р р и т о р и и
т е р р и т о р и и
т е р р и т о р и й
т е р р и т о р и ю
т е р р и т о р и я
т е р р и т о р и я м
т е р р и т о р и я м и
т е р р и т о р и я х
н а с е л е н и е
н а с е л е н и е
н а с е л е н и е м
н а с е л е н и и
н а с е л е н и й
н а с е л е н и ю
н а с е л е н и я
н а с е л е н и я
н а с е л е н и я м
н а с е л е н и я м и
н а с е л е н и я х
к а ч е с т в
к а ч е с т в а
к а ч е с т в а
к а ч е с т в а м
к а ч е с т в а м и
к а ч е с т в а х
к а ч е с т в е
к а ч е с т в о
к а ч е с т в о
к а ч е с т в о м
к а ч е с т в у
и с т о р и е й
и с т о р и и
и с т о р и и
и с т о р и и
и с т о р и и
и с т о р и й
и с т о р и ю
и с т о р и я
и с т о р и я м
и с т о р и я м и
и с т о р и я х
у ч а с т и е
у ч а с т и е
у ч а с т и е м
у ч а с т и и
у ч а с т и й
у ч а с т и ю
у ч а с т и я
у ч а с т и я
у ч а с т и я м
у ч а с т и я м и
у ч а с т и я х
у н и в е р с и т е т
у н и в е р с и т е т
у н и в е р с и т е т а
у н и в е р с и т е т а м
у н и в е р с и т е т а м и
у н и в е р с и т е т а х
у н и в е р с и т е т е
у н и в е р с и т е т о в
у н и в е р с и т е т о м
у н и в е р с и т е т у
у н и в е р с и т е т ы
п у н к т
п у н к т
п у н к т а
п у н к т а м
п у н к т а м и
п у н к т а х
п у н к т е
п у н к т о в
п у н к т о м
п у н к т у
п у н к т ы
р а б о т
р а б о т а
р а б о т а м
р а б о т а м и
р а б о т а х
р а б о т е
р а б о т е
р а б о т о й
р а б о т у
р а б о т ы
р а б о т ы
п е р и о д
п е р и о д
п е р и о д а
п е р и о д а м
п е р и о д а м и
п е р и о д а х
п е р и о д е
п е р и о д о в
п е р и о д о м
п е р и о д у
п е р и о д ы
д а н н ы е
д а н н ы е
д а н н ы м
д а н н ы м и
д а н н ы х
д а н н ы х
с т е п е н е й
с т е п е н и
с т е п е н и
с т е п е н и
с т е п е н и
с т е п е н ь
с т е п е н ь
с т е п е н ь ю
с т е п е н я м
с т е п е н я м и
с т е п е н я х
п о с е л е н и е
п о с е л е н и е
п о с е л е н и е м
п о с е л е н и и
п о с е л е н и й
п о с е л е н и ю
п о с е л е н и я
п о с е л е н и я
п о с е л е н и я
п о с е л е н и я м
п о с е л е н и я м и
п о с е л е н и я х
б у д е м _ р а б о т а т ь
б у д е т е _ р а б о т а т ь
б у д е т _ р а б о т а т ь
б у д е ш ь _ р а б о т а т ь
б у д у _ р а б о т а т ь
б у д у т _ р а б о т а т ь
р а б о т а в
р а б о т а в ш и й
р а б о т а е м
р а б о т а е т
р а б о т а е т е
р а б о т а е ш ь
р а б о т а й
р а б о т а й т е
р а б о т а л
р а б о т а л а
р а б о т а л и
р а б о т а л о
р а б о т а т ь
р а б о т а ю
р а б о т а ю т
р а б о т а ю щ и й
р а б о т а я
с б о р н а я
с б о р н о й
с б о р н о й
с б о р н о й
с б о р н о й
с б о р н у ю
с б о р н ы е
с б о р н ы е
с б о р н ы м
с б о р н ы м и
с б о р н ы х
с б о р н ы х
с о в е т с к а я
с о в е т с к и е
с о в е т с к и е
с о в е т с к и й
с о в е т с к и й
с о в е т с к и м
с о в е т с к и м
с о в е т с к и м
с о в е т с к и м и
с о в е т с к и х
с о в е т с к и х
с о в е т с к и х
с о в е т с к о г о
с о в е т с к о г о
с о в е т с к о г о
с о в е т с к о е
с о в е т с к о е
с о в е т с к о й
с о в е т с к о й
с о в е т с к о й
с о в е т с к о й
с о в е т с к о м
с о в е т с к о м
с о в е т с к о м у
с о в е т с к о м у
с о в е т с к у ю
с е л ь с к а я
с е л ь с к и е
с е л ь с к и е
с е л ь с к и й
с е л ь с к и й
с е л ь с к и м
с е л ь с к и м
с е л ь с к и м
с е л ь с к и м и
с е л ь с к и х
с е л ь с к и х
с е л ь с к и х
с е л ь с к о г о
с е л ь с к о г о
с е л ь с к о г о
с е л ь с к о е
с е л ь с к о е
с е л ь с к о й
с е л ь с к о й
с е л ь с к о й
с е л ь с к о й
с е л ь с к о м
с е л ь с к о м
с е л ь с к о м у
с е л ь с к о м у
с е л ь с к у ю
р е з у л ь т а т
р е з у л ь т а т
р е з у л ь т а т а
р е з у л ь т а т а м
р е з у л ь т а т а м и
р е з у л ь т а т а х
р е з у л ь т а т е
р е з у л ь т а т о в
р е з у л ь т а т о м
р е з у л ь т а т у
р е з у л ь т а т ы
ц е р к в е й
ц е р к в и
ц е р к в и
ц е р к в и
ц е р к в и
ц е р к в я м
ц е р к в я м и
ц е р к в я х
ц е р к о в ь
ц е р к о в ь
ц е р к о в ь ю
о б р а з о в а н и е
о б р а з о в а н и е
о б р а з о в а н и е м
о б р а з о в а н и и
о б р а з о в а н и й
о б р а з о в а н и ю
о б р а з о в а н и я
о б р а з о в а н и я
о б р а з о в а н и я м
о б р а з о в а н и я м и
о б р а з о в а н и я х
с т р а н
с т р а н а
с т р а н а м
с т р а н а м и
с т р а н а х
с т р а н е
с т р а н е
с т р а н о й
с т р а н у
с т р а н ы
с т р а н ы
п е р е п и с е й
п е р е п и с и
п е р е п и с и
п е р е п и с и
п е р е п и с и
п е р е п и с ь
п е р е п и с ь
п е р е п и с ь ю
п е р е п и с я м
п е р е п и с я м и
п е р е п и с я х
п а р т и е й
п а р т и и
п а р т и и
п а р т и и
п а р т и и
п а р т и й
п а р т и ю
п а р т и я
п а р т и я м
п а р т и я м и
п а р т и я х
т е ч е н и е
т е ч е н и е
т е ч е н и е м
т е ч е н и и
т е ч е н и й
т е ч е н и ю
т е ч е н и я
т е ч е н и я
т е ч е н и я м
т е ч е н и я м и
т е ч е н и я х
к о м а н д
к о м а н д а
к о м а н д а м
к о м а н д а м и
к о м а н д а х
к о м а н д е
к о м а н д е
к о м а н д о й
к о м а н д у
к о м а н д ы
к о м а н д ы
к у л ь т у р
к у л ь т у р а
к у л ь т у р а м
к у л ь т у р а м и
к у л ь т у р а х
к у л ь т у р е
к у л ь т у р е
к у л ь т у р о й
к у л ь т у р у
к у л ь т у р ы
к у л ь т у р ы
с т о р о н
с т о р о н а
с т о р о н а м
с т о р о н а м и
с т о р о н а х
с т о р о н е
с т о р о н е
с т о р о н о й
с т о р о н у
с т о р о н ы
с т о р о н ы
и м п е р и е й
и м п е р и и
и м п е р и и
и м п е р и и
и м п е р и и
и м п е р и и
и м п е р и й
и м п е р и ю
и м п е р и я
и м п е р и я м
и м п е р и я м и
и м п е р и я х
ч е м п и о н а т
ч е м п и о н а т
ч е м п и о н а т а
ч е м п и о н а т а м
ч е м п и о н а т а м и
ч е м п и о н а т а х
ч е м п и о н а т е
ч е м п и о н а т о в
ч е м п и о н а т о м
ч е м п и о н а т у
ч е м п и о н а т ы
ц е н т р
ц е н т р
ц е н т р а
ц е н т р а м
ц е н т р а м и
ц е н т р а х
ц е н т р е
ц е н т р о в
ц е н т р о м
ц е н т р у
ц е н т р ы
м и р о в а я
м и р о в о г о
м и р о в о г о
м и р о в о г о
м и р о в о е
м и р о в о е
м и р о в о й
м и р о в о й
м и р о в о й
м и р о в о й
м и р о в о й
м и р о в о й
м и р о в о м
м и р о в о м
м и р о в о м у
м и р о в о м у
м и р о в у ю
м и р о в ы е
м и р о в ы е
м и р о в ы м
м и р о в ы м
м и р о в ы м
м и р о в ы м и
м и р о в ы х
м и р о в ы х
м и р о в ы х
а к а д е м и е й
а к а д е м и и
а к а д е м и и
а к а д е м и и
а к а д е м и и
а к а д е м и й
а к а д е м и ю
а к а д е м и я
а к а д е м и я м
а к а д е м и я м и
а к а д е м и я х
к о м п а н и е й
к о м п а н и и
к о м п а н и и
к о м п а н и и
к о м п а н и и
к о м п а н и й
к о м п а н и ю
к о м п а н и я
к о м п а н и я м
к о м п а н и я м и
к о м п а н и я х
п р е м и е й
п р е м и и
п р е м и и
п р е м и и
п р е м и и
п р е м и й
п р е м и ю
п р е м и я
п р е м и я м
п р е м и я м и
п р е м и я х
с е з о н
с е з о н
с е з о н а
с е з о н а м
с е з о н а м и
с е з о н а х
с е з о н е
с е з о н о в
с е з о н о м
с е з о н у
с е з о н ы
с е з о н ы
н а с т о я щ е г о
н а с т о я щ е е
н а с т о я щ е е
н а с т о я щ е м
н а с т о я щ е м у
н а с т о я щ и м
о р г а н и з а ц и е й
о р г а н и з а ц и и
о р г а н и з а ц и и
о р г а н и з а ц и и
о р г а н и з а ц и и
о р г а н и з а ц и й
о р г а н и з а ц и ю
о р г а н и з а ц и я
о р г а н и з а ц и я м
о р г а н и з а ц и я м и
о р г а н и з а ц и я х
у п р а в л е н и е
у п р а в л е н и е
у п р а в л е н и е м
у п р а в л е н и и
у п р а в л е н и й
у п р а в л е н и ю
у п р а в л е н и я
у п р а в л е н и я
у п р а в л е н и я м
у п р а в л е н и я м и
у п р а в л е н и я х
с т а н ц и е й
с т а н ц и и
с т а н ц и и
с т а н ц и и
с т а н ц и и
с т а н ц и й
с т а н ц и ю
с т а н ц и я
с т а н ц и я м
с т а н ц и я м и
с т а н ц и я х
п л о щ а д е й
п л о щ а д и
п л о щ а д и
п л о щ а д и
п л о щ а д и
п л о щ а д ь
п л о щ а д ь
п л о щ а д ь ю
п л о щ а д я м
п л о щ а д я м и
п л о щ а д я х
р о с с и й с к а я
р о с с и й с к и е
р о с с и й с к и е
р о с с и й с к и й
р о с с и й с к и й
р о с с и й с к и м
р о с с и й с к и м
р о с с и й с к и м
р о с с и й с к и м и
р о с с и й с к и х
р о с с и й с к и х
р о с с и й с к и х
р о с с и й с к о г о
р о с с и й с к о г о
р о с с и й с к о г о
р о с с и й с к о е
р о с с и й с к о е
р о с с и й с к о й
р о с с и й с к о й
р о с с и й с к о й
р о с с и й с к о й
р о с с и й с к о м
р о с с и й с к о м
р о с с и й с к о м у
р о с с и й с к о м у
р о с с и й с к у ю
м е т р
м е т р
м е т р а
м е т р а м
м е т р а м и
м е т р а х
м е т р е
м е т р о в
м е т р о м
м е т р у
м е т р ы
г у б е р н и е й
г у б е р н и и
г у б е р н и и
г у б е р н и и
г у б е р н и и
г у б е р н и и
г у б е р н и й
г у б е р н и ю
г у б е р н и я
г у б е р н и я м
г у б е р н и я м и
г у б е р н и я х
к о л и ч е с т в
к о л и ч е с т в а
к о л и ч е с т в а
к о л и ч е с т в а м
к о л и ч е с т в а м и
к о л и ч е с т в а х
к о л и ч е с т в е
к о л и ч е с т в о
к о л и ч е с т в о
к о л и ч е с т в о м
к о л и ч е с т в у
д е я т е л е
д е я т е л е й
д е я т е л е м
д е я т е л и
д е я т е л ь
д е я т е л ю
д е я т е л я
д е я т е л я
д е я т е л я м
д е я т е л я м и
д е я т е л я х
а л ь б о м
а л ь б о м
а л ь б о м а
а л ь б о м а м
а л ь б о м а м и
а л ь б о м а х
а л ь б о м е
а л ь б о м о в
а л ь б о м о м
а л ь б о м у
а л ь б о м ы
а л ь б о м ы
д и в и з и е й
д и в и з и и
д и в и з и и
д и в и з и и
д и в и з и и
д и в и з и и
д и в и з и й
д и в и з и ю
д и в и з и я
д и в и з и я м
д и в и з и я м и
д и в и з и я х
г о с у д а р с т в е н н а я
г о с у д а р с т в е н н о г о
г о с у д а р с т в е н н о г о
г о с у д а р с т в е н н о г о
г о с у д а р с т в е н н о е
г о с у д а р с т в е н н о е
г о с у д а р с т в е н н о й
г о с у д а р с т в е н н о й
г о с у д а р с т в е н н о й
г о с у д а р с т в е н н о й
г о с у д а р с т в е н н о м
г о с у д а р с т в е н н о м
г о с у д а р с т в е н н о м у
г о с у д а р с т в е н н о м у
г о с у д а р с т в е н н у ю
г о с у д а р с т в е н н ы е
г о с у д а р с т в е н н ы е
г о с у д а р с т в е н н ы й
г о с у д а р с т в е н н ы й
г о с у д а р с т в е н н ы м
г о с у д а р с т в е н н ы м
г о с у д а р с т в е н н ы м
г о с у д а р с т в е н н ы м и
г о с у д а р с т в е н н ы х
г о с у д а р с т в е н н ы х
г о с у д а р с т в е н н ы х
п е р в о г о
п е р в о е
п е р в о е
п е р в о м
п е р в о м у
п е р в ы е
п е р в ы е
п е р в ы м
п е р в ы м
п е р в ы м и
п е р в ы х
п е р в ы х
м о м е н т
м о м е н т
м о м е н т а
м о м е н т а м
м о м е н т а м и
м о м е н т а х
м о м е н т е
м о м е н т о в
м о м е н т о м
м о м е н т у
м о м е н т ы
р а з л и ч е н
р а з л и ч н а
р а з л и ч н а я
р а з л и ч н о
р а з л и ч н о г о
р а з л и ч н о г о
р а з л и ч н о г о
р а з л и ч н о е
р а з л и ч н о е
р а з л и ч н о й
р а з л и ч н о й
р а з л и ч н о й
р а з л и ч н о й
р а з л и ч н о м
р а з л и ч н о м
р а з л и ч н о м у
р а з л и ч н о м у
р а з л и ч н у ю
р а з л и ч н ы
р а з л и ч н ы е
р а з л и ч н ы е
р а з л и ч н ы й
р а з л и ч н ы й
р а з л и ч н ы м
р а з л и ч н ы м
р а з л и ч н ы м
р а з л и ч н ы м и
р а з л и ч н ы х
р а з л и ч н ы х
р а з л и ч н ы х
д е я т е л ь н о с т е й
д е я т е л ь н о с т и
д е я т е л ь н о с т и
д е я т е л ь н о с т и
д е я т е л ь н о с т и
д е я т е л ь н о с т ь
д е я т е л ь н о с т ь
д е я т е л ь н о с т ь ю
д е я т е л ь н о с т я м
д е я т е л ь н о с т я м и
д е я т е л ь н о с т я х
ф и л ь м
ф и л ь м
ф и л ь м а
ф и л ь м а м
ф и л ь м а м и
ф и л ь м а х
ф и л ь м е
ф и л ь м о в
ф и л ь м о м
ф и л ь м у
ф и л ь м ы
и н с т и т у т
и н с т и т у т
и н с т и т у т а
и н с т и т у т а м
и н с т и т у т а м и
и н с т и т у т а х
и н с т и т у т е
и н с т и т у т о в
и н с т и т у т о м
и н с т и т у т у
и н с т и т у т ы
ч а с т н о с т е й
ч а с т н о с т и
ч а с т н о с т и
ч а с т н о с т и
ч а с т н о с т и
ч а с т н о с т ь
ч а с т н о с т ь
ч а с т н о с т ь ю
ч а с т н о с т я м
ч а с т н о с т я м и
ч а с т н о с т я х
с о в е т
с о в е т
с о в е т а
с о в е т а м
с о в е т а м и
с о в е т а х
с о в е т е
с о в е т о в
с о в е т о м
с о в е т у
с о в е т ы
о с н о в н о г о
о с н о в н о е
о с н о в н о е
о с н о в н о м
о с н о в н о м у
о с н о в н ы м
з н а ч е н и е
з н а ч е н и е
з н а ч е н и е м
з н а ч е н и и
з н а ч е н и й
з н а ч е н и ю
з н а ч е н и я
з н а ч е н и я
з н а ч е н и я м
з н а ч е н и я м и
з н а ч е н и я х
к л а д б и щ
к л а д б и щ а
к л а д б и щ а
к л а д б и щ а м
к л а д б и щ а м и
к л а д б и щ а х
к л а д б и щ е
к л а д б и щ е
к л а д б и щ е
к л а д б и щ е м
к л а д б и щ у
л е т н е
л е т н е г о
л е т н е г о
л е т н е г о
л е т н е е
л е т н е е
л е т н е й
л е т н е й
л е т н е й
л е т н е й
л е т н е м
л е т н е м
л е т н е м у
л е т н е м у
л е т н и
л е т н и е
л е т н и е
л е т н и й
л е т н и й
л е т н и м
л е т н и м
л е т н и м
л е т н и м и
л е т н и х
л е т н и х
л е т н и х
л е т н ю ю
л е т н я
л е т н я я
м н о г
м н о г а
м н о г а я
м н о г и
м н о г и е
м н о г и е
м н о г и й
м н о г и й
м н о г и м
м н о г и м
м н о г и м
м н о г и м и
м н о г и х
м н о г и х
м н о г и х
м н о г о
м н о г о г о
м н о г о г о
м н о г о г о
м н о г о е
м н о г о е
м н о г о й
м н о г о й
м н о г о й
м н о г о й
м н о г о м
м н о г о м
м н о г о м у
м н о г о м у
м н о г у ю
д о л ж н о с т е й
д о л ж н о с т и
д о л ж н о с т и
д о л ж н о с т и
д о л ж н о с т и
д о л ж н о с т ь
д о л ж н о с т ь
д о л ж н о с т ь ю
д о л ж н о с т я м
д о л ж н о с т я м и
д о л ж н о с т я х
п о с ё л к а
п о с ё л к а м
п о с ё л к а м и
п о с ё л к а х
п о с ё л к е
п о с ё л к и
п о с ё л к и
п о с ё л к о в
п о с ё л к о м
п о с ё л к у
п о с ё л о к
п о с ё л о к
г о р о д с к а я
г о р о д с к и е
г о р о д с к и е
г о р о д с к и м
г о р о д с к и м
г о р о д с к и м
г о р о д с к и м и
г о р о д с к и х
г о р о д с к и х
г о р о д с к и х
г о р о д с к о г о
г о р о д с к о г о
г о р о д с к о г о
г о р о д с к о е
г о р о д с к о е
г о р о д с к о й
г о р о д с к о й
г о р о д с к о й
г о р о д с к о й
г о р о д с к о й
г о р о д с к о й
г о р о д с к о м
г о р о д с к о м
г о р о д с к о м у
г о р о д с к о м у
г о р о д с к у ю
ч л е н
ч л е н
ч л е н а
ч л е н а
ч л е н а м
ч л е н а м и
ч л е н а х
ч л е н е
ч л е н о в
ч л е н о в
ч л е н о м
ч л е н у
ч л е н ы
ч л е н ы
т е а т р
т е а т р
т е а т р а
т е а т р а м
т е а т р а м и
т е а т р а х
т е а т р е
т е а т р о в
т е а т р о м
т е а т р у
т е а т р ы
п о м о щ а м
п о м о щ а м и
п о м о щ а х
п о м о щ е й
п о м о щ и
п о м о щ и
п о м о щ и
п о м о щ и
п о м о щ ь
п о м о щ ь
п о м о щ ь ю
р е ш е н и е
р е ш е н и е
р е ш е н и е м
р е ш е н и и
р е ш е н и й
р е ш е н и ю
р е ш е н и я
р е ш е н и я
р е ш е н и я м
р е ш е н и я м и
р е ш е н и я х
о с н о в
о с н о в а
о с н о в а м
о с н о в а м и
о с н о в а х
о с н о в е
о с н о в е
о с н о в о й
о с н о в у
о с н о в ы
о с н о в ы
и с к у с с т в
и с к у с с т в а
и с к у с с т в а
и с к у с с т в а м
и с к у с с т в а м и
и с к у с с т в а х
и с к у с с т в е
и с к у с с т в о
и с к у с с т в о
и с к у с с т в о м
и с к у с с т в у
в о з р а с т
в о з р а с т
в о з р а с т а
в о з р а с т а м
в о з р а с т а м и
в о з р а с т а х
в о з р а с т е
в о з р а с т о в
в о з р а с т о м
в о з р а с т у
в о з р а с т ы
а л ф а в и т
а л ф а в и т
а л ф а в и т а
а л ф а в и т а м
а л ф а в и т а м и
а л ф а в и т а х
а л ф а в и т е
а л ф а в и т о в
а л ф а в и т о м
а л ф а в и т у
а л ф а в и т ы
п р о ф е с с о р
п р о ф е с с о р а
п р о ф е с с о р а
п р о ф е с с о р а
п р о ф е с с о р а м
п р о ф е с с о р а м и
п р о ф е с с о р а х
п р о ф е с с о р е
п р о ф е с с о р о в
п р о ф е с с о р о м
п р о ф е с с о р у
а м е р и к а н с к а я
а м е р и к а н с к и е
а м е р и к а н с к и е
а м е р и к а н с к и й
а м е р и к а н с к и й
а м е р и к а н с к и м
а м е р и к а н с к и м
а м е р и к а н с к и м
а м е р и к а н с к и м и
а м е р и к а н с к и х
а м е р и к а н с к и х
а м е р и к а н с к и х
а м е р и к а н с к о г о
а м е р и к а н с к о г о
а м е р и к а н с к о г о
а м е р и к а н с к о е
а м е р и к а н с к о е
а м е р и к а н с к о й
а м е р и к а н с к о й
а м е р и к а н с к о й
а м е р и к а н с к о й
а м е р и к а н с к о м
а м е р и к а н с к о м
а м е р и к а н с к о м у
а м е р и к а н с к о м у
а м е р и к а н с к у ю
в е р с и е й
в е р с и и
в е р с и и
в е р с и и
в е р с и и
в е р с и и
в е р с и й
в е р с и ю
в е р с и я
в е р с и я м
в е р с и я м и
в е р с и я х
п р о в и н ц и е й
п р о в и н ц и и
п р о в и н ц и и
п р о в и н ц и и
п р о в и н ц и и
п р о в и н ц и и
п р о в и н ц и й
п р о в и н ц и ю
п р о в и н ц и я
п р о в и н ц и я м
п р о в и н ц и я м и
п р о в и н ц и я х
в о й с к
в о й с к а
в о й с к а
в о й с к а м
в о й с к а м и
в о й с к а х
ф у т б о л и с т
ф у т б о л и с т а
ф у т б о л и с т а
ф у т б о л и с т а м
ф у т б о л и с т а м и
ф у т б о л и с т а х
ф у т б о л и с т е
ф у т б о л и с т о в
ф у т б о л и с т о м
ф у т б о л и с т у
ф у т б о л и с т ы
р у к о в о д с т в
р у к о в о д с т в а
р у к о в о д с т в а
р у к о в о д с т в а
р у к о в о д с т в а м
р у к о в о д с т в а м и
р у к о в о д с т в а х
р у к о в о д с т в е
р у к о в о д с т в о
р у к о в о д с т в о
р у к о в о д с т в о м
р у к о в о д с т в у
с п о р т
с п о р т
с п о р т а
с п о р т а м
с п о р т а м и
с п о р т а х
с п о р т е
с п о р т о в
с п о р т о м
с п о р т у
с п о р т ы
о б ы ч е н
о б ы ч н а
о б ы ч н а я
о б ы ч н о
о б ы ч н о г о
о б ы ч н о г о
о б ы ч н о г о
о б ы ч н о е
о б ы ч н о е
о б ы ч н о й
о б ы ч н о й
о б ы ч н о й
о б ы ч н о й
о б ы ч н о м
о б ы ч н о м
о б ы ч н о м у
о б ы ч н о м у
о б ы ч н у ю
о б ы ч н ы
о б ы ч н ы е
о б ы ч н ы е
о б ы ч н ы й
о б ы ч н ы й
о б ы ч н ы м
о б ы ч н ы м
о б ы ч н ы м
о б ы ч н ы м и
о б ы ч н ы х
о б ы ч н ы х
о б ы ч н ы х
р а м к а
р а м к а м
р а м к а м и
р а м к а х
р а м к е
р а м к е
р а м к и
р а м к и
р а м к о й
р а м к у
р а м о к
к о м м у н
к о м м у н а
к о м м у н а м
к о м м у н а м и
к о м м у н а х
к о м м у н е
к о м м у н е
к о м м у н о й
к о м м у н у
к о м м у н ы
к о м м у н ы
к о м м у н ы
с е л ь с о в е т
с е л ь с о в е т
с е л ь с о в е т а
с е л ь с о в е т а м
с е л ь с о в е т а м и
с е л ь с о в е т а х
с е л ь с о в е т е
с е л ь с о в е т о в
с е л ь с о в е т о м
с е л ь с о в е т у
с е л ь с о в е т ы
с е л ь с о в е т ы
н о в о г о
н о в о е
н о в о е
н о в о м
н о в о м у
н о в ы е
н о в ы е
н о в ы м
н о в ы м
н о в ы м и
н о в ы х
н о в ы х
о к о н ч а н и е
о к о н ч а н и е
о к о н ч а н и е м
о к о н ч а н и и
о к о н ч а н и й
о к о н ч а н и ю
о к о н ч а н и я
о к о н ч а н и я
о к о н ч а н и я м
о к о н ч а н и я м и
о к о н ч а н и я х
д о л ж е н
д о л ж н а
д о л ж н а я
д о л ж н о
д о л ж н о г о
д о л ж н о г о
д о л ж н о г о
д о л ж н о е
д о л ж н о е
д о л ж н о й
д о л ж н о й
д о л ж н о й
д о л ж н о й
д о л ж н о м
д о л ж н о м
д о л ж н о м у
д о л ж н о м у
д о л ж н у ю
д о л ж н ы
д о л ж н ы е
д о л ж н ы е
д о л ж н ы й
д о л ж н ы й
д о л ж н ы м
д о л ж н ы м
д о л ж н ы м
д о л ж н ы м и
д о л ж н ы х
д о л ж н ы х
д о л ж н ы х
п р о и з в о д с т в
п р о и з в о д с т в а
п р о и з в о д с т в а
п р о и з в о д с т в а м
п р о и з в о д с т в а м и
п р о и з в о д с т в а х
п р о и з в о д с т в е
п р о и з в о д с т в о
п р о и з в о д с т в о
п р о и з в о д с т в о м
п р о и з в о д с т в у
р е ж и с с ё р
р е ж и с с ё р а
р е ж и с с ё р а
р е ж и с с ё р а м
р е ж и с с ё р а м и
р е ж и с с ё р а х
р е ж и с с ё р е
р е ж и с с ё р о в
р е ж и с с ё р о м
р е ж и с с ё р у
р е ж и с с ё р ы
б у д е ш ь _ е с ь с к о
к а м г у с т н о г у я х
а р я м о г о р о н ы у
о р я б р м
и с я м и щ а т и е й е
р с н д а м е й
к у с м
ё р о в о й
т н о р е е н т у р в ы е ч н а о в
е н а п о й
ь с к а х
и с е й а д и о м у
с ё р в л е н я м
т и я х д о м и р о е
с т ы м и е й ы
о м м у е н у н и
з л и ч н а я ф е т р а ы
а д б и е л е м а л о м
н о я к л ш ь ю
с т а м м п и я х
о д о в а н о
е я н н с к р о н н и з м у
ж н о и з и й у
а в а х и с т ы о с н м
о р а х щ а д ь е н
ё л о л ж е ю щ г о
к т а х д о й х
д е я у с т ы
с к у ю у л ь ы м
м и е р и и е р в о х
л ё р т о в о д с т р е ё м
н ц и т и я и
е н и ю е ч с и е й о
б р а о д о в д я м и ы
н т а м я х
р т и в у ю с к о м ы
б о р н и о д н о е в е с и я м е л е н о м
а л я с к о
я н ь ю е р е п е м п и я
р и й б о р н а ю щ и
т у р у ь м о м а н ы и з а ц п и с я о м у
а т о у ю т е ч е ж н ы й к т а м а м и
г у с т т а т о п о с ё е
у п р а ы
н о в е у с т н н ё л
п у н к р е л и м
ь т а т а м и
ч н о м у с т а н к т о о з р и в е ё м
м о щ р о д в н ы м и
р о д с т н и с т у м
н к т ы у
м к е д о р к в е и
у с т а о й о м у
ы ч н ы т е а в и
у с т ы щ и м о г о
т а л и в р ы в н я м
к и м к а д д е к т а в ж н ы е я х
е м и ю ы е
с с и й я м
л ё о м о в р а б л к а м р и е й и
а ч е л а д д а н н й
о м а о в и н в н о е м и
т о м р к я
н а и о н а ь т у м
е з о н о й
а п р а в о в
н н о е х
е т ы б и щ у я
о н о я м
н е м м у
и з и ю
п а р т с к и
у с т а н т р ы е й
р а б о щ а д я е й
л к о с с ё р м
н а т у ч н о е а м о у ю
о г и е р а в ы
о ф е т н е г о в
у д е т щ у о н а м а
т а е о р т у о в
т у р ы с е л е ч н о м е й
с я у б в л ч а с т ы
т р а м в е т а х
с у а т а м з а ц и о е
р с и т л о щ а о й
а к я
г и а н а м а
т в у с я м о й с ф е в а я
а р я м т а л о е
н и й т р о а р т и д с т к о м а
т е т т е т а а
о г а я й
о д а м т а е ф е
а в и т м о щ н ю ю и
и с к у м
р е в н а с т а м о а
ь м ы т и ю я
у к с т о я а д о м
а б о л ф м
с к у д с т б и
п а р а л е д я и
г у с т в я м
т а т е р о д с к и
й о н е р е н в е з л и ч ф а в и х
р н о с с с т я м е
и н с т е н я м х
о р н ы и
е н н а б о м ы о в а н ы ч н в ш и ы м
т а т о д с в ш и й
ш е н л ё а ч о м у
о г и а ц и е л е т н е й
а д е й у д а т н е е м
о м м ь б о м е м и й ы х
ы ч н а ч н о и щ а м ё м
и с т а ь т а т е т о м
б о т а у к е т с ю
т н и х у
в и а н и й е
ф е с н е й с к а м а х
с н о в у т о в о е
ф е в д с к н д о й
ё р д б и
т и ю п р е
о ф е а м к а м и
о м а х о м
н ц и я а й т е я м
а в л е и т е т я х
с ё р е у ю
у ч р и ю р т а
н о я о в н ы ё л к е н я м а м
о в ы е я м
у н и т в о о т о й
р о ф а м
в е т с ж н о е ю
о т у и щ а м
а н ц и а ю т о с с у
о р е а р е о в о е и
я щ е м в л е н е
н о й с ё р е м и я х а х
в а р е а б р ю м и
т и я т р о м и е й е н о м в ш и й
а с е л с ь и т е а м и
н и х и з а ц и е
н и з а м и
р к о в в я м и у ю и с т о в г у с о м
е ш а ч е о л и ч е
и с к у ы е ы й а х
к а д е е в е н н т р о к т у е
у т ы н т е н т а м
а р я х а в г у
д е с ё р о о щ ь ю е
р о н е ы
т н ю н а х и т у е к
с т и м и
з о н ы г о г о с т а х у
а с т а
т и е й р е н о е
в е н л и с т я
б о т о р н о в и р о ф н я м и г о
л е т н н о м у й
л ж е н а т ь т н о а
а ю щ и н а ч л к а м и
о м м а х
л и с т о й
и о л ь н о м и
к о л р а з л я
а е ш л ь м а я х
е л е н т у т о о с т м
с о р о ь т у т о я е й
ё р о м й о
о с т е р с и я
о р т а а е ш р е п н ц и м и
а л и д ь ю в о з р и
е п и а н н ы т е л
м ы б е р н о з р а
а ю т ф у о р т е м и
а н а м ы
и т а я н р е й н и е м я м
з о и м п е е
в е т с щ и ы
т с к с т а м
и ч н е р и я м
т и я х р о с с о й
е м е ж и с н е е р т и е и
а н с к о м у
б о р в а р ё о с н о а м и
а д б и о р т ж н у е н о в т и т у а ц и
о м и н о в
ь м о л ь м в а н т а
о р у о в а я о е
с и я х я х н а т у ю
щ а д е к и ф а в и и
в л е л е н н д о й а м и
о н а о л ж р а н е
е с с о а х
с к и м о н а е ш е о в
у т о о м у с е й а м
р т и я я б р ё й
щ е й о е м п а н х
т е л ь о р с к у с ы м и
т я м р о н е ч е н у е
о т а в т у р о е
я щ е о е и ч н о х
м и р л ь м о а
а т р ы т н е е а
т а в з у и т е е р е н
с п о ч е м е я а
п е н ь у т ы и
щ а д и у т л е я
в р с к а м а м и
к е е п е н м е р и
и т у с т у я б р ё е в н и в а р е о в у ю а х
в г у л ь т о р т е п и о и
р р к и й и и х
с с и й
т и ю у н о й о м
м м у н р о ф е
г у в я м и м у
о д о н ц и и а
т н и й у н у о й
а н ж н ы е п и о н
о т а я л я м ю
т в а с т н с к о е
е т о а ю н т а х о м
о р н ы н ц с и е й а р т р а н ю
а е т е а д я о й
н ц и я м
н к т е а д
б у д у л ф а в м а м и и
ч л в а р и а ц у
т я а м к е щ е й и
и в и щ и м с т о я х
т с к о о б р ы е
а д е м н а п у д а х
к л а б р б о т о х
р т к о н ч м
а т е а ц и я е й
ж н ы в о м н о г ы
р о д в е т ы я
и я х й
м и с с о х
о щ а м а д б ц е н т а с т и у с т о а
р т и ю е н в а м и
р к о в в е т ы я
а б р и р о ж и с о й
с т в у о й
и х с с т а ц и я а х
в о м у р ь з и и о в н ы а б р е о й
й о ё р е а в ы
е р к в п а р т
о в о й н с к о
т н я а с т ы
б и щ е т е ь с к у о е
ю щ и о р т е и
л ь м е ы
л ж н а п е р й
р а н у т р о м
а л ф о с ё л р с и т и
к о м а н т р у е т н я а
в у ю е з о ы
ф у т о г о м й
н ы х о в
б ы ч е
е р е т о р а е м
и я м и о р т ы
л е о м м у я м
к и м е
а н д у ы
р н и й щ а м и о й
в р а у с т е а р ё м ж н ы е ы м и
а в у д е м а н а х и
е в н е п о м о а ю щ о й
к а н ц и ю а н а м ы м
а м к и р в о г а м
а с т е е
щ а д и т с к и ы
м у н а д с к а р к в е м
в о е б е р н о р о д ю
а л ф а и л ь е
е п е а х
щ и л ь с к й
е р в н т ы р г в г е
г а р н ы х е м п и а м и
т а й н д у
в а н и ц е н б р е й я х
у р ы о т а л и ч
е н а п т н е н ы й я м
я н в л и с т з у л у
н с т и е л ю а с т а и
а с т ы о м ы о т у р е н т н ю ю ю
с т о г у с т р е л ю я
е р и и о с т я ы х
л ь с к
о щ ь ю м о щ е х
о н ы т е ч е я м и
я н р н у ю а м
л е н у ё л к и и
а ю т а с т и и
р р и ю
н и з т а л я б р е о й
е л я х и
у т е у т у н д о а е т е
т а в у с и я х
н в п е н и
р я з о н ы в н о о я щ о г о
а н ц и е в р а
с ё р а я
к т и с т у а б р ю е м у
ч е с т и
с е л и з а я щ е ь ю е н т я и
н о в н о т а я и
о г о й х
и з в о о м а в л и
в я м и г о м у м
л к е ю
р т у о р а х о в у
о т а л у т е б ы ч е в и
с о с у л д а р с е н а я м и
с т н о д а р с о м п т н е г х
у ч а о щ е й л ж н а м
р ы о м
п е н ь о м о н н а
л о щ у т а х р к в и п е р е л я и м п е о м у
б о т ы р н ы х и
а з о в к т о у
п а р т у т о м и
а т а д е т а с т и ё м
я щ е м г о р а н и
н о в н р е л и с с ё р я б
н с о щ и ч л е н ё м
т у р о с е д ь ю
е с с т а й т ы
т и и я м и
б и щ б у д о м у
р о ф в е т о х
н ц а н и я
я я д о м в а м е
п о р т р а н у и ч е с ы м
щ а м и к а б р л е н е т в а х ё л к д о а
в ы х а м
а е в е т о
п и о н и о и
р а л ё о б ы п у е
л е н ы у с и
с т о я н я х е й
т а м д е ш ь р с и и и
б р а з а б р е р н и е й
ч а н и с т и ю р в о г я х
о г а м и
т ь ю я н в а е
о д с б ы е з л ь м а й
п о р т е т м е н т м
а н а х а в и х
н ь ч е н и н т р а о е
а л м н о ы
о л т е т е у с т а я м
д а е р е с ё р й
п р е л т и т я х
с к у ю
е р н с о р е р а л я
щ и д е р л ь т у е й
я б р ю т и я х р т е
р а й о
б р я е й
п р о е в е и к а н м и
р и т о л ж е н х
д о в е м у а р ё о г о е у
е л е м в и
д а м и у с т у й
т е е л ь н б р а з
о в а и о н а а м
н о с т о н о н о г о е м
с т а в к т д ь ю у н о а
и е й и с е и
и ч н ы о г о е к в е й ы
а р и к о л ш е а м и
д е а н у й с к у
с я в е я б р р с т я
а л е й в и з и о е
т р о и л ь м и й с
с т в а б и щ ы х
ч е т и т у с ё р у о м
в н и р с и т б о м е ш е р е л ю е
е т с к т с к о г о и
о г о с ё р ы е н
е н а е в н и р т а х в о й р о в о м у
о б ы о б е н и ю е
р а з л ж е н а я
т р а м к а н с о й
т я м и у к е т а х
у т а т с к у е р и о т н е й б е р г о
ж н а я р о и з о м
и ю о н а м о й
н ю н а т ы о м у
л ф а в а с т е а
д е й в а р ь с к о м и х
н о в н и щ е о й
т н ю ю й о н е с п о я
т р о е р с и я х
а б р е о н е я щ е а
р с и и и з и е ж н о о й
а л я м е м п и
н и з о щ а е
т в о а м о м
е м и и и с е е
ц е р т н ю ю о г о й х
о к т р а м о м
а т ь о м т у т а а
с к а я
щ е г р с и я о ф е с п и о н с е н ы
т е л и е
о р и и я б р ё е м у
р е в н ю
ш е н и а т а х о р т ы т в а м н и х
у с с т р я м и а р е е н и и е
ь б о н т ы е п и с г а н м е р а н д ю
ж н у ю о м п п е н
о с а ч е н т и е
и з а я м
т а в ш е н а х а м и
й с к у ё л к о в и
г у о я а й о н й о н а а х
а т е ё л к т я б р л к а м е к а ц е н т о к
в и т а у н а м ю
ь т а р г а н а н о ы
ц е р к л е н у с ё а м и
ц и и м п а и л ь а х
д е к л к
с и и т а я а д ь
т а е в е н ь а л и р т а х о в у ю у
т р а с о р о
н а т о м
ц и и в у т о в
с т е й о д о б о м а я
н н о е я х д и в ы
ж и с с л и с т у
р у к с б о р о м
т р е т е а т ё л к е ж н о е а з л и и
я н в р а с р ё м ё м
д у т п л л ь м е к о м
о щ а о г и м
р е ш е в н и е р е о е
у д е т д с н и е й а х
а н п е н ь я б р и
у т о м и т у а
е в н ю н о м н ц и я х
в г у у п р н о в а
ы е о к ц е н о д а ы х
д е я т о й
к и е а з о в я м и
р к о в р с и я и
и х и т о й
в у ю р к в я я
в и т е т е т е а п р а м и
в о й
т я м а м к о
р а з о
в н я м с с ё р ы
р ь я б р и и
б у д е ш ь _ и о ф у т е ч
с с т в е в н а м
р и т о о г и м е ш ь
б о л у д г о с ю
о щ а д г и е ы м и
и ч з н а ч м и р о и з и я а м и
в о й с и с с ё ч н ы м у
л ж с к и и
и о а л и и с ь ю м и
м м у н и щ а м а
ю ю с т ы
н и я х и я р е ж и е й
е в р а в е й е г о
з а о р т у
о н а ч н ы й в и т у ю
с ё р а о г и х о в
а н д ы е н т р ы
я н в а й
а м и з у л ь ч е с е
р н у ю л е н р о в о о
р о с е с т в т а й т а м
р н о с ё л о м
о л и с я т н ю а
е т н а с ы м
р т и й о в а я о г о
с с ё р у с с т с т и й м у
л ь н о с е з а
е м и е м и
а й н н а я н д а м й
м а т а л с т и т е л и з и я р а с т
ц и е й а м
р о с е р с и т а т ы о й
н е м с к о й а л а
е н а м о м
е к ё л к о м
а ц т у р о и ч е н й
а ч е с т и е й и
р о и з м к е е ш ь
а ц и й в а р ь
д б е
о т а я о т а ю о г о
а д ь ю щ а д е и
а н о и о д а у
и м п е е н н и
с е н т и н н ы х д е к а и
ж н о г и
я щ и м р о и е
н а т ь м а х е
н и й с т в а а р ю о л ж н с ё л к н т о в й
н а т е в ы м е в н и и
л ж н а е й
к а д е о м е н у
т и и л ь н о а
о м п а у
у р а м о е
в е т у н у
б у д е ш ь _ у н и в й с к у е л ь с
о л и н и й о е
н е й р и к а я х
л и с а т ы ы е
б о л и о м
е м и я м
е н н у
о т о й е т а м о р и я
о р т о н о г т е л ю
а н и я р н ы с т я
р в ы м р я б о м о а х
т е т е н н о м
ц и я м в е н т н о е з у ы
м н а м к и т р о
о р а м м ы е
м к а е р р н с к о а
р т и е ф е в а м и
о т а л а д и
т а в а н и в
н т о в м и
у п о г о й л е м а к а д о м
е н и и к л а в е т с т р о щ а д л о к ю
е н и я о м
к т а м н и м е а т л ж р и ю с ё р ы и
б и щ е й
ё л к а м о к и
а м к с ё е л я ч е н е
е р и и е м у а х
р а с и
у д а и в е ю
а н н н ц и я у н у о щ а д а х
м а т я х у
ч н ы е с п о р п р е м м
и в е о в ы х
а н д о н т у р а м р о д с в и т а н ь ю х
а н у ж н ы х а д ь ю а х
и м и е т н и а м и
с к о г н с к и м
с и е а б р я
р т у б о т о
о в ь м к а я
и ч н о н о е й
н и в е с с о р р е ш е а
о д о в
р о е з у л г о г т в а м
т е ч о н ч а о й
д и в а я
я н р т и т н о с а х
д с т о к т в г и
о в е р е ш е о е
у р а о м
е н о м н ц и ю е т о в о й
о с т и н а с е ж н ы
я н в я б р ь а н о м у
з р а с с т а п е р и р о ф р о в у е з о г о
е н и о р и е б ы ч н я м и
е ч е н м
с ё р ы а н н р и е о м
т и я м ц и я т р а н п р е м е п е х
о я м и р а х а м
р и я м а
н о в а а м
о б ы е т н и ч а н ё м
и л ь м е
о щ ь й с к о о н ч м
к о в ь а в о м у ю
в ы р е ш е а м к а а
р а н е ы ч е я б р е о е
п и с е н а м и л ж е н м
н а я н е м у е
а н а х я м и
г о е е н т ы ы е
а н д у щ е г а х
т е л ь р е ш е е
ф е т о я
р в о у н и в у
н а п с ё р а
о р и й р н и е е г о а х
м н о е р е в а ц и й о й
и я х з о в а н ч а у
н ь с т я м и с и
м и р с к и х е м у
н о г о м у и
л е р я м и м
н н у е р к е
и в и з о б р м п а я
т е ч е
ж и с а
к о в у р у м
а н ы о д с к в е й и с ь к а м и е
у д у ё л к и а л ё о м
р а н е ч н у ю х
л я м о д о м у ю
р о с с с и й с м и ю о й
т ь г о м с е з о а м и
в г з н а ч и м и и
н а с о р а
н т р е т с к и
в о м е т р м у к у л
н к е с о н о и
у р о й н в а х
н с с т а в е м и й
о й ь с с к а я к и
л е н ы я м и
е р в о н н а я е ж и с л я а н о р н и и и
о н ы а в л с т о я ю
в н ы м и
р и т о г а я о г о
к а н с е н ы е л е н
п у н р к в я а к а о в
у к о л е н е и ю а й о в а я и
ж н ы м у
р е л е т е л у т а о й
р и о д и
с т в а м а м л я м и и
к о е р и т я м и
н о е р в о м к а х а м
а л ю е м п е з о о в
в г о с у м к а м а н ц х
в а х в н е й а х
п р о о м о м л е т н
л ь б о е
з о в а ы х
а н у л ь м у о м
с т е м м у н ё м
е л е й т н и х т е е
ё р е а с е л с т а
с и е й с к а х
а в о в с е л ь р о и з
и о д у х
к л р и к а с т н у ю а м
н к т е е т р о о е
в и з р о н е я м и
н т а м н а п у
щ а д я о в у о й с к
ц е р о й
р в ы н с м у н н е е ю
т с к б и т е т у и
ж н о е о з р е
н в о в у ю и
в е р с е н и я м и е н н о о м
ш и р о н
р е з у о ф е с ы
т а т ы
щ ь ю у ч а с т о в т с л о щ а р с и и о й
т н и й т б о с т и ю е м
к и м и а х
т р о м п е р и е е
л е н е т н и х е т р о
р е н а т а я г у и с ь
г о е а з ю щ и й
к т я б а ч т у т ы
п е н е и
т е т я м
и с т т ь ю н а ч б у д е я
н я д о к т а х м и
н о д и а я а в и л ь м а я х
г и х у б е н в о р о р и и е
ё р у р и и т б о и л ь м м
м и я м о с у р е м и е
о р о м м и
н о я й
р к о р с и ж н ы х и
н с к у а м и
к о г о д е я т
д о л к о в ь а н д ф е с р н ы м о в а х о й
о в а о м у т я б р я м
ы ч н у о в и
е т а д а х о м
е в н е ы ч е н л и ч е и
а в а х о е
я щ т у р у р е л к у й
м ы я б р ё и
т а е м о в
г о р о н о в у
а с т а д б ч е м п
а з в о д с и ч е с й
ц и й л к а м а
ж и м и я м к а х з и я х и
о с е т ы ь м а х у ч е п е м о к а т е о в
у с с т в о м н и м и о г о
р а з л с и т е о й с а
а ю щ и к т ы я
с с т в к а
и в е и н с м
н е г о и в е р о
о д о м р ё и
м а м и в а м и ы х
и к т в р о м п о р т м
е р е в о р о м у
в и т ы з р а с н н о е я
о з р е п и с а м и
в и в о з р а в н а м и
т с к у ю
н а т о и з а м а х и м
м и й с ё р ы ц е р г о
л и ч е ы
о в и н о д а х
в о з я м
н о м м о щ е
р е л е а я
т н е б р ь а з о в л о
а л ф е м
у т у м
н ы х и я х ч е б о т а
д с к а з о н а я м
р у к о н и е е т о м
с к и е п и с ь о в
т н и х н к т у ы
т у л и в я м н а т у е м у
о л и е т н ю п и е г о ю
в е р с о г о
ч н о й
о т а в р у к о
ч а с б у д м
ь м а х с и й с у п х
н и в е о г о
р и е д с т л к а м
н е г о ы
г а я е т е
а к а д в н е й а м
а л ь а п р и
в а н к т у о й
н н а я о ф е к о л и ы
а б р н о й а
р о с с н и й а
у т о м о в о о щ е й о г о
а с т р е в н а м
п л с с ё р
о р г а о м у ы
о с т к а д е а п р а о й
ч а н и т а
у д а л к а р е а м и
б у д е ш ь _ т н и м т в а х
т о й о й
е р и о е м
в е н б е в о м я м
т н е й а х
л о щ л к у х
е н ь ю ц и й а с о м
ф и с с ё р в я м м к и м
т е а б р ю
о в у с т е й м
а д и е р и ю ы е
п е н н н ы р а м п и о е
а в и т о г о
щ а х п и с и н и в ю
е в р р в о е м
е н е й е ш я м
о м у а д я м ч л е е й
а р я ж н ы м с ё р о г о
ё м н ц б р я м о г о
б о м ы е
б о т е а н д ы н с к у о г о
а н ы р р и и
р о н ы ы ч н о т а и х
к а ч е е ч е р е в е и
р а м ь н о с и
р т и я е ж и м
м м с и е з а з л а х
е п и с а й о н щ и й ю
л ю з о н у я х
т е р е л ь н е й
т а е м е
с у л я б о л и
ы ч н н я т с к о
ь с к у д у т ё м
т а в а в и а т о м я
л и с о й с к х
р н у ю л к и е
р н ы х р о н о г о с а м и
и т е т е
л ь б о б о м у о т а в н я х н к т е х
н т о м е т м
д с к а м и р о и щ а х
о с е о ф е о м
о т а е т и т у и з а ц м
а р я ш е н н и е й
л ж н ы р к о о в и н м и
п о с ё т а й е н а х ж н ы х
в а р я я б р и я м
б о м щ е г о
в е н ь у к о т а м
а в а х я щ е е и о д о с т у р и й о е
о к т к о н р и ю ю
с ё р о в о г с к о й я х
е м и й а р е й я х
р а й к в ь м о м й о н у е л е е н я о м
в е н т в о с т е й
а л ю и р с к о м о н ы т ь ю а
ё л к и з и я м м
и щ к у о щ е у ю
е т н е п и и я с к и й о м
б и щ е а л е я м и
и я м и о в
а л е й о г у ю о я щ
р о в о у
о м я я я щ е е й
р г а а я п р о о й
р е в н о с т е
т н и е о р н ы м
ё р а м ч н о е л е м с т н о ь с о м
у р а м т ь ь н о
о с ё м
щ а д ь е т н ы
в л е х
н ц и ю о м
щ е у д а р о в
е т а м р т у з р а с е й
о м м у е й
б о м е е н т а е т е
т е т о н к т у и
а р т и м о а т р у е л ь с щ и й м и
в и т о ю
л ь н о с е л а м
и с т у щ е м у о ф е с о й
н о м н в и н ц и м
р а л ю е т о м о е
о м п а у с
ч н о й
р с и и т н и м и
а н ы т и я а с т е о й
е л е й з и я м м
е п и т н я я н н ы е е
к о е ь н о с х
ч а с н я м
у д у л ф а в о г и й и
з р а с у
а й о н ь м я б р е
и е м ы
о д о м о в а х т е т е е т р м о м е
ю щ и й з а ц и т я б р и
м о щ в о з з н а ч я м и
с ё о я а т н д ы
а л ё в е т а м
ч е м г и е и
а д я м о щ ь о й
е н а е т р о у н к и
в ы м п и л ё м е з о я
н т у е н я х р т е е н
ё л к о и
с к и м м
л ь м у в н о е я м
н ц и й ы х
у т а а б р л ь м о в н е е м и ю с т в о и
н а м и н т у р а й а б р у н а л ь н о ы х
р о м р т а х с о р о я х
р я м и м п а т р о
с и е у н и в у н в ш и й ы
ж н у ю р а с т я х
и т а х о г а у д е т в р р е п и м у н у я х
ы ч н ы щ е г
е р и й и щ а х м и
ж н о й о м
щ а д ь ч н о м о г о
в и т е и
и в и
щ е м а с т ы а
р р р н а я с б о л я х а х
и н с в е р с а м
т е ч е я я е н т р й
о р т у р и я м о м у
в и т ы к в е й
т а й т д б з и я м ч е н е
л е н а в и т с к и а х
у р а е н н ы д и в и я
ж и с о к т о й
о с т и с к у с я
у н и з о в ы
у р о и с я е
ж н о г
р а л я а н и й з о ё м
т а е т с ё р ы г о
с е з д у т д б и щ х
ч н ы г а н и е м у
м у н о т о я щ м и
п л о у н е м и
в н а д я м у
ц е р к у л ь т о г о
е т р о в н я м
а м к у о с н е т а х
с т а н в а н и я
н т я а л ю н о й к в я м м
е м п о л р а з л ж н ы й а х
щ и м щ а м и о й
н а т ы и м п и м п о г о
о г и е
а в и т с у д а и
в н о в а н и а м и
е м и ю ы
и м и а т а м е
ч н ы й н д у м и
а в а м е р и я л ж е н с ь ю ц и й ю
н е г ж н ы м й
у к р н о у с з и я а я
в о в й с к о х
р о ф ё л и я
о г и м а т ы с к о м а х
н о м у а й т а м и
у л ь т ю
к а х у н к т
о т о л и ч е о м
т а н ц о н о м р а з л о г о
я т е л
ы ч н о ц и я м ё р а м ы
е р н и д б и я
р о в у в о м е
н о с т с е л у
и с с ё р н и я с е з б р а з с т в о м
с и я х ю
е з о н с т е п о м м у
ц е н т к о м к о м у т и й л а е м и й е й
н о м у т а в н с к у
м к а е м
н о г у а в ш я м и
я щ и ж н е н н ы й
м у н е
ч н у с с и й н и и х
е р и о ы
м а м и я
а в и щ а д е
с я м и д с к и у
н т а х д с к а т о в
с я х ш е а м
с с о р с у д а ч е н
ш е т е п е о с о й
п р ф е в р н ч а н
р к в и
о с е л я х р о н е д я я х
н о г и в о д к т а м м и
а м ь т у п и о я м и
с т и ю в о в н а т е м и
с т р о р н ы а м
п и о н д а н н
т р а м т н и а
л о щ е ш о м у
ю ю с т е й т а в о и
а в г ё л н н ы м е м и й з л и
р о в ы р а л ю у
м о щ и м н о г ю
т я х о м
т н и у б е ь т а
т р а н ч н о м
н н а о д о с е й а
т а л и д е ш ь р о н у о г о
о в а н о в ы к т е е м
р а н е е с с н о в ы и
е ж и е й
т о м л ь с о о
ё р о о в
в е т с т е л ь е р в ы и
е н н ы ь м о ч н ы х и
ч н а я р а з л х
и р о в м н о а м
с т а х
р е л ю м
р а м о с и я м
р с к т а х я щ е е и
а е м и
т я з в и
у л ь т е ш ь а н и я о м
р с н ц и й в о з с ё р е м
н с т и п е м и
г и м и в н я я м и
и т о м
у б е р с у д е я т е м
л ё м о й
т а в у щ и й
а м а м к и й о н а е
п у н к е г о в е т о
е ж и о т а м в и т ы а м
д я а п р а с т о т а ю н ы х о л в ы м м и
т р т р а н ю ю у ю
о м а м
ц и е й з и й
а ц и и а р с м
ы ч н л и
к а д е к у с н т р е н к т ы к о л
т а т ы м
с е й о л и с ы е
л е н а л а д б с т н е
р о ф е а л е й о й
л е б о т е т е ч о м у
н с т и
н т а х х
о в о й е п и с н ь ё м
а д б и м и я х и
н и з а о в о й о в ь
а р ю в а м н о в а в и
р е в е и
и ч н а о н у ю
у н е н и й а м и
и с я х х
а л ь б ё р и
н о м у о н а м р т о в а
с у д ы ч т р а х о м
з о н ы в ш и й а н н ы ч н у ю е м
т н о т у р о а м к и м и
а х н а т ы с е ч е с в
в ы м е н а х а я
т а е м р н и е м к и м
и т а н д а х
в ш и й е г о
с т е й т е т о а д е й о л о й с о г о
р а б о м и я м а х
и в и а р с о г о
н ю ю о м о м а с е л ы м и
а н н о д а и
а т о е
к а м и ч н о н т р а м
у к о в о г т а в а
о с т я р к в ь с к а я м и
а в е ю
о г и е ы
г а н и я
г о с о л и с м о м
е р е а л ь я я м
в л е к у л о н о е
ц и я м ь с к о е
н а я е р и я
а л ф а о р е о г у
ь б о м е е
а т ь о р а и о д а я
т с к о е т о в й
е л ь н е ч о я щ е е
и т у н к л ь м е е
а н о г у ю о й
и х л ь м м и
о с с и н н о г р е п и ю
а т о о р е ю
е с т м и и
д е т е к а б е й
е в н и в н о а д е р в ы б о л и м
н ч а а с е о г о
у с т а ж и з а о в а н е м
у т о р о в у и в и з е
т у т а м к у о в а м и
о в о в о й а н т н е е
л е н о о н а т у д у м
и о о я б р ы й с н о р о н о я м и
р н и я
о с н е а т с т о в б у д у к а б и
ф у к а н с а
ц и я х т н о с и
к л а д р н о й и
к у л и
т в о м п а н о я б е
ж н о й о г о
с к и й ж н
ч е у с с т е
б у д е ш ь _ н н ы х а д б
в о м у е р в н с к у а к а е р р у
щ и н о в н б р я х ь с к н о в о м
а л а о с т и е
а т о м б р а н е н т я б и к и р о й
е в н я м п и я х ы
л ь с к а
е р и я и с ь ы
ц и й а м о к к в и м
н н у т у т у е
л и с о в и
и с в и т у ю
с т я м с и и и с к у е й
м п а н о я а
у д у т т о м с т а х м
т а в о е м и й е н е и
м и е о в и о с у м
р е л я с т в е
р и о у т о я о т а й я
н т а б р о е
н в а р о в ы у
ь с а к а д о в н ы е
щ е г о з и ж н ы й о
о с т а с е н д б е м у
и о д у д ь ю
т а в о а х
о м м в е т у я м и
р а н ы е й
а м и и м и в о з
с и ю б у д у с б о р ы
б ы ч т а н ц с ё р е
л а д о м
а л ь б к а м р а й о й
н и з е з у л
а н и р а н у а м и
т а л и у т о о
а т ь ч е с е
п и о я ы м и
о с с т а л а я
л ж н у е
а к ж н ы й ю
е н т у н а п р о в ы к у ю я б о в ы ы е
а б о н я х в л о м
с е н т о д я
м а м и т е т е ы
в р и о н а я
т а м и и
и ч н и х р а л ю л о к п и о а с т з л я м и
в а р ю ю
с ё р ы е
п л о д ы е г о
р т и т н е е в е н н
е н и и а
н ь ю в и т а к и м и а
у б е я м
ё р е л ф о т р а н о а с т е н т р о й
е н а м т а в ы ф е в х
а м к и а н а ю
н ы х у д а р а л ь р и я х о р о м
й с к у ы
ь с р в е н а п
р т и и и
в ь к о й я щ е е ы е
п у н г а н и а м
в е т а т а т а и х о м у
е л ю п е н м и
о р о м з о н ы а м и
а н и ю с ё р у
с к о м п о м в ш т с т я а л я х я
е м и е ы ч н а й
л о щ а у п р я х
и в и з н д а х е й
н е м о т а е
и з и и о г и х
г и х е в а в о г о
у п р г о с у о г о
р а л е е м и я а в е г о
е т а м р г а н ы м
я б р с н к и о м
с е л е о й
ж н у и
и й к о е б о р я м и
с т и т а
б р я м д е к у ю
с с ё ь м о м а м
м и ю ы ч н о в е т а м и
е н н в а я п о м о ы х
т а й а х
д о й ы
е р и и б о р н а м
л ь т а м к а
у н к т в и н
б и щ а р в ы ю
а п ч н ы я м и
ь с к о д у ц е н ы
а в е в и т ы и з а в о й р р и о й
л ь м ы т у т а
р е о м а х т е л ь
м к а в я м и
е к а т у т а т у т а о е
а б р ю
ч н о е м у н о м
й о н у р т а б о м у о щ е й м и
с т е й в у ю е р е я м и
а т л ь м у ю
с б о р м и е о н е а м
р т ы о в у ю е п е а я
л я м и й
н с к а п р а м
ы й к о м а с п о р о г о
т а т е
о м о м х
л е н у и в и н н у л я я
с е л ь р с и е о е
в е т у р ё я щ и и т е а т ы о м е н у ю
н а т а ы е
и щ е м а л о т о я г а н р а й х
в а х с т й
и м и л ь т у т н е к о в
т е п е б р е й л и с
с к о й у ч а м е р м
м а м о л и с д о в
е с с о ч а н и а м и
а д е м е р и и е
и т о т а х о й
о м у к у р т о т е р р я х
а т о м в н ю а
р а н а о в и о в
м к а х е л я м е т е
р к о в р а м ь т а т х
з в о с е л о т а й
а н о з н а ч с т я о й
а н д ы р н а я
а н и з о т о т е т у ю
л ж е н з о н о м
ь с к а е л ь н ч л
а д я х и н ц и а м и
к о м м д е м и е р к в я х
р т и е ю щ и е
е я е л ь с с т о в е
р г а т б н н о м ы
в е т у о р о н я м и
е н а б р а з а х
с т и я р с а л а х
о г о м с ё р е л е й е й
ф е в р а м и
к и х ч е м е л е н а
е л ь с
в е р с
е р к п е н е щ а д ь м
и с е й е
л ю а к а д и
ч е м с ё р а х
ц и я и
т е а т р н и и а м и
и и а р я х
о й т н я х
о д а м и
у д е а м
ь м е я щ и м ж и с ч е н и а з л и м и е х
е л ь н к а х н т р а п и с я и н ц т ь и х
е ч е н у н о й к т а к а и щ у т а н а м и
п и с и о б ы ч м
в ш з и е д е к м
м е н а ц и е о р т а
п о с ё я б р ь а м
е т р о д е й а я
е р и к м и р о е
е м и е ж и о д о а
и м н а т с к у с а н д а л
н н ы е р о и з р я х ю
о л ж е в н а п р й
е н и и р н и й к в я й
е т а с п о и
п е н е р в ы у
н и в м а х п о р т х
л ь м о й
р о в о д с к а а
й о н ы р и т я
т р ы д а н н е в р о в
и к а о й с к
и с ь ю о й
о т а й а н и е у
г у б й о н у д е к а е
а л я х п и с е у ч а е й
а н и е е л и л ж н ы о й
у т е а м е м
п р о ф р е л а н ы и
м о к ч н н е г
с о р а й о н о о р а м а
у н о к и й л к и и
е м у т р
е п е ё р о а т р а и м
н а ч е н т ы я б р ё о м
р т е о д а у р а р г а щ е й н и з а е
о н о в с и
в я х б р а з ы х
о з р у ч н о в о и
г и м и у ч а с я м
л е м е н ч е н о м е н с т и я
е м и л ь с о я
а р я о р о н т в о м
у к т е л е
о р н о а м и
т е а в и т у а т ь е
б о р в н о м н к т о с с м
г о г о щ а м я х з н о г о
у ч г а н я м и
ц е р с и и а т а в н м
с б о а б р ь б е р а б о н и я а м
а в а н е м
е з о н н о с к а ч е
т а л и с е л н н о е а
н н о м в и з и я м
р г а
т н и х р и к а ц е ш и е
г и н н ы й л ь м ы в е й
р а з л а н ь н о с м
р а н у
м п и о л к о в
е к б е р н а
р н и е м
а е ш п у н в о в р т а х е г о
р а в л к а д е ю
е м и ю м о м е м и
о р и я
к л а д о в
т о р и а с т и е
в а р е а
т в а м е н и е й
ч н о й о й
г о т у з и й а м
н т р у с т у о е
л е т н а н а м в е н ь
с о с п а м
в р а л р а з е й
т е т е я х
к в и н н о е м а м ы
и с к о б р а я м
н е е д а р е н а п о м у
й с к а л ж н у е г о
т о р о с к а х н и о ф е б и щ е с е
и с е й и
а р с в р т а в ы а м и
и т о м
р в о г т е л ю я м и
г у ю к у л м е р и о м
ж е а р т и б и щ ы
с е н т т е ч о д а а ц и й и
л и ч н и т у т и
л о з и о м
ф а о в ь н т а р с в я м
в я ь с о в м и
т у т у к а м о в
е р к в у
с т в о к а н ч н о м ж н о е б р и у
н е г о
д е м и к в х
л к о м м и
ж н ы м ь м а н о г и т у т о я
и с п а н т в о м
н н а я а
ё р а х м о м е ы х
в н я х а н н е
с т о в м к у
ч е с к о м п я х
ф е в с с и о г о
о в а м и ч н о р а м и у
а д е м и и к в я в н и у
т о р о о т о й с т о р
ф а в и о м
в а в е р с е р и ю о г о
т а е м м и
ь с к а р н о й и р о о й
о т а я з и ю ы ч н а е
т и е м е
и т о м т б т б т в о
к о м п к о в о р г а
м е т д е т е о в
в я м у н с т е м
у д е ш е й
ь т а а н д у м
ь б о и
а н о
о г о м д а н н м и
о в е т н с к о л и ч н т о в
м п а д о т и й с я
о я щ и и с с ё
к о в о ш ь в р н и е м о м у
в ь ё р а х ы е
ж н о м с о в о м о в я м
ё л к р а й о
м п а н а я
и я м с к о г
б о т о в ь ю а
о в о м р а м о о в
е н и й р о н ы и т у т г и й о й
л е н о р е л р о в
м к о й а л ф а я
о щ е й н ц и ю м
з и в и т ы
ц е р о я б р н т у ы м
р а л ь а м е р
ч н о м г а и
к а ч е ц и я х ё л о е
ж н о ё р о м о р а м м
г у ю а м к и и
я щ м е н
л к а о к
ч а н и м
д е ш ь о м а о т а я о м
о м м н д о е м п и х
а й о н й
а р я м с я м и а ю щ и ё р и о д а
р в о г е р к в и
е л е а ч е н х
е м у к у с с
а м к а о г о й т у т е о й
п а п е н ь в н я м о м у
е к а и
р т а х у ю
р е л ь н ц и ю
е с т е т а х я х
т е л е е р р и т у р о р в ы х а м и
н в а н а м о т о й в о в
ч е н и н о в а я х
г о г о в л е о м
е р к р в о м ь с к о о й
в ш и н а с е и з и й о й
р а й о о м о щ г и е
и е й с и в о в
ж н ы х
с о р в о г в я м и о м
к т о м а м е й
д я х а в и
к т у к у ю е н ь
о д а х о л и с у н а х ё р о
н ч а о в
т н и е
р с и я х
п и с я м у н о о м
а с т е в н в а р е е
к о н е л е а н ы я
в ы е и ч н у н о с т е
о р а м р н ы р ь а м
м м у н н и м и о й
и я м и н и е м х
н н ы й з и ё м
ж н ы е т о р о т у и з и я
с к у с д е я р а м и х
д я е т н я я м и
о в а я р е м с о р а я х
л к е т н я с и и
я х н с к е н е й е й
к т у и м
е з с ё р о
и ч е н
н я м и я щ е м я
е в н ю л ж н а
в о г е р с и н т а м м ы е н н р т и ю а м
н н у и ч н и к а ы
ф е в а
д а н н е ж и щ и й м
ы ч н у и т ы о я т р о ю
с б е з у л я х
н т р а р ь а х
щ е г о а м и
б у д е т _ о б р л ф е н я
б о л и
р и ю о в ы м е й
р у к а ц и и о й
л ь м у м о щ и г у ю д я м и е н и е х
е в н ю ч н ы х ц и я о г о
р и к м и
л к а о л к о н е т е
а н и з е й
л к е т а т ы в о з т у р е г о с д у т м
е н н у с и й с ы х
а д я х л ь м о н т о и м
а е м т а е ш е г о ы е
л ж н с ё л о
о ф е с е ш ь о м а н о в
ч е н е е
д а н н к о м п о й
о и в л е н е й
а в и р е л я о д а х о м у
о к о н р я х а м
в о д р ё н я я б и щ е и з и й т а е ш
а б р ё я
в о й с щ и й ы
в е р д б и а
н т а в ы о м а м е й б о м р и и о р и е
ч л е н е м
с и я х е с т в
а б р ь ё р ё р ы о м
н и я о й
р о с п а н р г а н я м
а е ш н т я г о р ю
с т и ю е в е м и е м и
о в н р г у т ы е г о
т н и х о в
н а т ф а в и х
з и и р в ы х
ь с о в п л о у н у м у
л ж е а ю щ и ц е н
п р о в ж н ч а н и
д е я т а в а о г о
р н ы х к л а о ф о м у
е т с к р н о й ы м
м н о р о н у б о т у
е л я х о т а ю е
е н о р е л е р у а
е р и я и с е й х
л ж е н е н и и
а е т е н я м р т а и
а в ы м
а т р у я х
л е м я
е р и и о р т ы е й
о т ы е п е о л ж ё р о
а н у ё л к и х
р у к б о м щ а д и е
о в ь б р ю в н ы м а х
ч н а я к о л и о с у я х
с я х г у ю е л я х и м
д с т в в а р е о т а в е н
и т о в о м о щ р а л ё ы х
у н е м е р и е в н я а ч е о с е
с т о м в ы х
в ы а л н д о й я
р е л и е м и и а р ь ы
м м у н ж е н л о щ а и
о с ё е
е р с и ж и с ы
т н о с а й т с к а я
с т о р д у х
б у д е т е _ о н а м о я щ е
т а ю щ д е а н а м к о в
т я м и р о н е о й
о м а н а б т р е и
в и т е о м а р е н о е
и с ь и с е й а х
т н о м к и а
е т р г о
и к у р о й а м и
п и с н е г о щ а м м
п о с ё м
с т н е
т я х п и р н и о д а м и
н ц и ю н о м у к о в о а
с т и т и т о м ё л к о и
а х с е н т а
е р в р т и ю ы
б у д д е м и и
в о а е м р а х д с к у у
р а н у д у т е ч н ы е
е н я х и з и я л е т н п е р и о щ а м х
о в е ц и я а т р ы о м
м к о й г о
т р у е н и е е н о в м
и ю в е н щ е е
л я к в я н н о
б у д р о н
ф е с ж и с о н о й у ю
н и е й а б р и а н д ы а м и
и т о ц и й а е т а м
н а т е а м
ф и л р и я а м е л к о в т н я я х
н д е о т е т я м
о в и р т а м е
ь н о с
т а в у а н с к
т в а х р н и я о м у
т н и л ж н й о
а н н ы т е р о в
у т п е р и а н ц и
у д е м р а л и а в а м
ч а н и а я
е р в о о в а л е н е д е р с к а я м
у с и е м й т е р к в е а м
у с е л я м
ч н ы и т а м е м и й е й
н и е й н т р у е п и с е
о в у р и о д ё л к е ы
о м а т н е е я м
е т с в а р ё о к
з о н е л ж н а
н ц и и н о я б ы
е з о и о д е й
а ю р а н а с т ь
о г и м и с т ы а б р ю о й
д с к а х
о д о в о р т а у
в л н ц и и р в у н е л е й л к а м е м и и е т
и ч н ы м и
ч н р т а м п р а в и
в н я м л к п а п и р о н е т н и о с у д о м у
о й с т е п я
я я е м о р е а я
ч а н и й о н а л ж н о о м
о с ё ц и и ю
г у с о г а я ы ч н о
п и о р н ы е в а я
н о в о и с т о а х
е р к о о е
с с о р а
и м п
е р т а м
н и з а с к и м о в
т у т о о в
м н о й т е в о й с
а б р ь о й с к о с е
б р ю б и е й
а в а м о т а в
а л ф о м у н а м м к о й я м
и л ь е я т е м
а р а х
о в о г а с й т с ё р ы и
б и щ
в н е в о д с а м и
т и я х р а й д б и
р т о в ё р а м ы е
б р е у д е м м у
м и я н о г у и ч н а а х
р е в н х
н т о м т е л ю н н о м м и
о г о м о в
р е л е а х
т а ю щ м и
а л ь а р я м с т а н с т е й е н и ю м и
е к а р о и т е л я а м и
ч н з о н х
у д ё р а м н н ы х
ь н о с а м
у л ь м и и т о м к и
а в а м м п е е
г и й ё р а м н н а я х
е м п р с и т
м а и о н и
е р н н о в н с т в о о м у
и м п е а с т а и
т н о
л к о в с о р
в и н я
е к н с т и
р с т а х
с к у с м
н н ы й а т о а м о к щ ь ю а л я к у
к т о и с е х
о р н у а в о в
ы ч е н о и з а х
а в и т в о ж н а я а м и
о р и а л ф ь н о с ж е а м
а м к е т е л и м
с ё л о е ч е н о в
в о м м к а х о д а
а н и з ч н у ю и
с ё л щ у т ы е
л ж н а б о м ы и я м и у
ю щ и л ь т м
ю щ и й к в я х ы х
н д а г у б е й
р с т о е
ч е м е й м
о р и ю н с к а л ь с о а я
е я с б ы х
о м м г о й о р и и ю
е т н я у к о в б р м
в а н и т н и й б у д о в
и н ц и с и ю е й
р е м а к а д е р в е
с т ь к т о м р т а е
о з е н я х х
а й о б р е й о е и з в о у
к у с т и е м
с у д г о с у
ы х е л ю е н г о а н а х р ь в о в и
т я х е н у р к в я а р ё и
р т у т а н о с е л е
а н ы в о й с с ё р о й
т н е г в е р с о в
у б б о л и е ж и с
м и р п л о щ с т в у
н и е м в о в а х
е н т ы а м
у н а х е н е м и
р о в у а в г у а м и г о с у й
т е т е й
т о я щ с ё л к а
к т о и з и й
а р с в ы е ч а с ы м
е к н н о
о и р к в е
б и щ у б р а з ь с о е
ч н ы е к о в о а х
к а х т е п е й
о з е н я х к а д е к а
р р и т н с к ь с к в р щ у е
е н ь к и е ж н о е
а ч е с м к о й а м и
б у д е т _ у л н н ы е
щ у а р у ю
й о н у и с ь ю е
о т а д и ж н о й
л о щ а о т о й е р и е а
м и р о е й
а н с к о р н б о т ы с о в н ц и е г о
в а м и а б е й
е м п з р
г о с с я и с к у е
н а с е т с к у й
з л и ч е р с и
у т о в г а н т а х и
а ч е с т р ы н и с т в а
н я я е н т а ы
и т о а л я х я
з л и ч а
а в у у р а м е
л ж н а о я щ е к о л а м и
щ е й я т е л о й м и
е т р ф е в а р т ы
о г о р а м и у л а м и
з и я х е с т ю
р я б о т а м
в н е с п о р н ц и й е в н н т ы д е ш
м к а м щ а ф е с с е
к и е р и и
в о г ё р о с с ё р и
с и е й к а д е а д ф и л а н ц т а о р т у м и
а в а р е ж и т е а о м у
в о д а в е п а р т о м
л е т н т у р у е
ю ю в н о е
о л и с е т о м м и
т и ю н н у ю е
д б и щ у к о и
т о я щ к и
о ф е т я м я м и
и о д о у н а х у д е м о в
а н ц ы х а х
с б о в и т у
о м а т р а н е в к л а и
т в а н и й у
р е л я в л е н е
т в е п л д я м и м
а с т н у н у м у
к в я м п р е м и о д ы
е м р е л ю о е
б о р н т и я м
м о м а р с т о к т я а
т н е е и
и о д е
и о к в я т а в о м
ц и ф и н о й ф е в р а х
и з и ю у с т у е р е в я м
е п к и и с т о е
и н ц и к о в ь а р ь о м
а ч е с а ц и е т р а н о м
н о в а о р н у к о и
а ч е н и е й р т а х
б у д у м и я е й
о с т е н т я б а т ы х
р о и з т ы с к и м п
л ь м а м и
м п е в а н и с е л ь и
б и щ а м
п р е н о в о я м и
р о д а р е о й
п е н я р н и е о д с т и
л е н и з и й р и я х е м
ь с с н о о й
л а у т ы м и
с т е п е н о в
к т е т у р а а в ш я м
я б р ь а
с к а х к о е
а п р е о й
н т р о а л ё м и
с т о д о а м и
а р с т а х
д е к й с и с т о и
ё р а м и
а л ь б н у е з у л я м
я щ е е к в е с т в у
ц и я м р о в и и
в о з н и в г о
н ч о р а л ь м ы х и з и ю л ж н я х
к а д е в о в г и е х
а ц и й п и о н м и
ч н а г о е е т с к о к
ф е ч н о г у ю
в ы х н ы е о д с т а м и
о н р а й е л е м
л а д б в ш и
с т и я д е я а м и
р е в н а м и
ч е а в о м и
е т ы о щ е й х
с т е п р т а х а
д а р
р я т н е й п и с е и м п р е н е р к в м
т р а н т ы ч н а я а л ё е р с и р а л г о
п и с е о е
б р е й и з и я а м
а б р ю ё л к о ы м
м о щ и е й
ё р у е н н у т а е м а
р в ы е п о м о
в н о м о в е т м и
о й с к а м и
т ь е й е ж и с в
а т а н я х
ш и й м к а о г о
р с и и з и и м п е ю
с т о в е з о н з и й я х
а ц и ю с ё р е и
г и к у ю д с к у н н у л ь м у
б у д е т е _ д е м а х т о
о с с и б р а з г о
о р о н е т у л ь м а й т е г о г у т а х а м
у т о в ы х
р н а я а р ю е т н е
о щ а х п о р р а й а м и
о н н ц и ю к а ч е
е л е н е
ф е с с п и с и е
т р у о м е о р т е е
а т о м р е м у
с п н е н т ы ы
ё л к и н я х о н а м м
м ы в ш д е п е н я в ы м и л о
п у н к и о н а л ё м о м
е н е п и с и и
д е м м и
н к н н о ю
к о н м у н е н е г о
т в т у т е л е н у а х
п л о щ а м о й
д о л ж н в б о р
р о в ы н а п
и м и р т о м я м и
л е р н ы м н д а о в
р к в я о б м у
а м к е о в
и ч н у и
к т о м я х
п а н м м м е т р а ч е о м
р в о е н т а и к я т е л у ю
в р т а в у е н т о о й
н н о й а д я м м и
р а в т н я я а
т в а с т о р а м и
у т у р е л е в а р ь а я
б о т у о й
м у н ы х
е н и ю с е з о о л ж н у ю
щ у н с к у д с т ы
р а л л е т н у н к т а м и
к л е с т в
с с и й у д а
ж н а р е л е я х
п о с с ё р д ь т е т е е
с к р е ш ё р а м м
с н о о в н л и ч н
н е м е р к о п о с ё й
р н и ю
а л ф а в а р м н о г м
е н н ы а
р к о в и т о м е
р е з о г о г е л е н
е р е н м у н е ы
у л т н ю у р а м о т е т а ю щ и
я т и с с т у р а б р ю я м и
й с к д е я з о н
р н у н о в ы е т о о м
о р и з н а б р ь е р и й а м
о с у я
д о л ж а ц и ю д о у
ж н о с к а м к т н д е и
р и о д а т р т а л и а м о к с т о м
в ь о й с к
о н о в м
а н а м у р а е
а т р л е т н д е я к а м
в и т а р т и я и
о с ё м у н ы н а и н с я м и
у н о й д с т и
к а м к о л и и
е с ж н ы х
р е й о й
р а б м
г и е о т а ю о н е и м
у п е н и и и
р а б о в ь д е р а л ю м
а т д е м и п р о и
н ц и ю т у р е
н а т е в а р е е т ы о й
в е р п о л к о в о г о
н с к щ ь ш и р с и и и
я б р я ц и и н н о м я х
п о с ц е н и с к у е
о г и е р я м и ё р о м
к и е с ё р е е л е м о д а х щ а м к о н ч
о с т и
й о н а р к о о р и и и ч н и
к е о в о е о й
с о в е е н т р я
з о н а н а м к о м в р а ч е н
й о и з и й м
м о щ ь о р т ы ю
о ф е л ж о в а н м и
й с к л о щ а у н и а м и
а ю н а х е г ы
е н н о ч е с т о й
и м п е а е ш т у т у х
е з о с и ю
в а в е р
л и ч е е м е н т р о й
й с к у м у н е р е в н а х
в е т ы о г о е м и е
и м и н н ы м а т р ы е т
г у п и а л е й о с у д е
е р к в е й а в о р е л а м
а л и р о ф т и я я
а б г и е а т о и
в и т а н и в е ы
н к т а а м
н о в о о щ в я м и я
п о с с у д т е т з о н ы
е т р о с у о в
о в о м о в
о ф о г л ь с о ж н ы г о
з и я х д я м х
е л я а
б у а л о т р о м ы м
и о н з о н т а л о
е н я х н д а м я
ч е н ц е р ь б к о м у л о к к о в о ы м и
е н т у и
о т о р и и
щ а х с т а м
м о м м м а д я м у
и я м и у к а н и ю м и
л ж л к о в
а р я м о с т а м и
а р ё л ф а в т р а м м и е й х
ц е н и т а и с с ё к а м и
у л к о г о е р к о о й
о н а х а н е о м м п о и й с к о д с е
е т р а н а п р р а м о
ё р а х н н у о т у м
р е в н р а й е
ц и е б о т у и м и
п е с и я
д е й о в к в е й а м к и з л р с т у п р я м
е н т о а ю щ ы
в ь ю п р а д о в и з и и м и
т а в ы е р е ж н о е а х
и я м и о д е м и
т а е ш е л ь о в а х я х
а н д е ш е н и е
м е р и и с и ы е
н с к и
е л е й р н ы щ а д я а х
к в я м я б р ю а м
а н с к а т р а о в
о в н а р е й р с т в о й
е т н ю а ц и я а м к у г о
р г а н е
о в ы м е й
у т б к в я м д о о г о
р в о е у ю
б р ь н а ч з о н ы я м и
е м и ю б о т е
р о в ы а в а н о м о й
з н а ч р к о в у р а м а м и
н и х а н о й е
е т р ч н о й а ц и и
м и ю н а т о я м
н а т л к а х я
о д а м с т а в е
р а й о о й
г у с м и
с я х а з л и о с у у
у р о й з а ц и у
с т в у о й
е р к о д а м и а я
с к а м е
с е н н т я р ё д с к у о г о
а в и т у с т у р а м к
о д с т и щ е к у
з и е й р а м и х
и с и н о в а е в н о й
г а н о г и х м о ы м и
т я б р а
р т о м у и й с к с е н т ы
б и щ а н т е в н о м р е ж и а й т т а т и
к а м о н е о в
н е е я
н о я в ь ю о г о
ж и с й с з н д о в
р к о в н с к и п о с ё х
м о щ а ь н о с м а м и о м
а д я е т н е а м к е у к о ж и с ю
о в е т р о й а з о в и
н я я б о м а в о з и е й
и т е т м к о о й
н д ы м у н у к у ю а н и й я м и
ж н а е т е л ф е н ь
е т о в с к и м е
е в е т н е й е м п я х
я н в а а л а
р а й о п а р т я
е п б о р а н ц и е й
е л ь с к т я б о в а н
т в а и в е и щ е м т а е р т т о я м
ё р а а л ю я щ е г к о м у
д о м и с е й и т а х
щ а д ь о р т р о й
р и й т и т в о з р м
н ц и я б у д р о н а о г о
л ь б р а к о в г о е ы м
р о н в о д б и е й
о н о в х
к т а п р е б ы ч х
о н а и м и а м
о в н ы м о н ы х о й
а р я м а м
г и н д о п е н я м
и о д у о г о
о в у ю ц е н т я м
р н и и и
с к у ю а т е ч а с т а м и
н в а п у н р и к
н ы м и т а е ш м
