k u b a y a
t i d z a b a y a
t i m a b a y a
t i n a b a y a
m u d z a b a y a
m u m a b a y a
m u n a b a y a
a d z a b a y a
a m a b a y a
a n a b a y a
n d i d z a b a y a
n d i m a b a y a
n d i n a b a y a
m u d z a b a y a
m u m a b a y a
m u n a b a y a
a d z a b a y a
a m a b a y a
a n a b a y a
k u k o n d w a
t i d z a k o n d w a
t i m a k o n d w a
t i n a k o n d w a
m u d z a k o n d w a
m u m a k o n d w a
m u n a k o n d w a
a d z a k o n d w a
a m a k o n d w a
a n a k o n d w a
n d i d z a k o n d w a
n d i m a k o n d w a
n d i n a k o n d w a
m u d z a k o n d w a
m u m a k o n d w a
m u n a k o n d w a
a d z a k o n d w a
a m a k o n d w a
a n a k o n d w a
k u t s a t a
t i d z a t s a t a
t i m a t s a t a
t i n a t s a t a
m u d z a t s a t a
m u m a t s a t a
m u n a t s a t a
a d z a t s a t a
a m a t s a t a
a n a t s a t a
n d i d z a t s a t a
n d i m a t s a t a
n d i n a t s a t a
m u d z a t s a t a
m u m a t s a t a
m u n a t s a t a
a d z a t s a t a
a m a t s a t a
a n a t s a t a
k u s u n g a
t i d z a s u n g a
t i m a s u n g a
t i n a s u n g a
m u d z a s u n g a
m u m a s u n g a
m u n a s u n g a
a d z a s u n g a
a m a s u n g a
a n a s u n g a
n d i d z a s u n g a
n d i m a s u n g a
n d i n a s u n g a
m u d z a s u n g a
m u m a s u n g a
m u n a s u n g a
a d z a s u n g a
a m a s u n g a
a n a s u n g a
k u n t c h i t o
t i d z a n t c h i t o
t i m a n t c h i t o
t i n a n t c h i t o
m u d z a n t c h i t o
m u m a n t c h i t o
m u n a n t c h i t o
a d z a n t c h i t o
a m a n t c h i t o
a n a n t c h i t o
n d i d z a n t c h i t o
n d i m a n t c h i t o
n d i n a n t c h i t o
m u d z a n t c h i t o
m u m a n t c h i t o
m u n a n t c h i t o
a d z a n t c h i t o
a m a n t c h i t o
a n a n t c h i t o
k u p o s a
t i d z a p o s a
t i m a p o s a
t i n a p o s a
m u d z a p o s a
m u m a p o s a
m u n a p o s a
a d z a p o s a
a m a p o s a
a n a p o s a
n d i d z a p o s a
n d i m a p o s a
n d i n a p o s a
m u d z a p o s a
m u m a p o s a
m u n a p o s a
a d z a p o s a
a m a p o s a
a n a p o s a
k u c h u l u k a
t i d z a c h u l u k a
t i m a c h u l u k a
t i n a c h u l u k a
m u d z a c h u l u k a
m u m a c h u l u k a
m u n a c h u l u k a
a d z a c h u l u k a
a m a c h u l u k a
a n a c h u l u k a
n d i d z a c h u l u k a
n d i m a c h u l u k a
n d i n a c h u l u k a
m u d z a c h u l u k a
m u m a c h u l u k a
m u n a c h u l u k a
a d z a c h u l u k a
a m a c h u l u k a
a n a c h u l u k a
k u i m b a
t i d z a i m b a
t i m a i m b a
t i n a i m b a
m u d z a i m b a
m u m a i m b a
m u n a i m b a
a d z a i m b a
a m a i m b a
a n a i m b a
n d i d z a i m b a
n d i m a i m b a
n d i n a i m b a
m u d z a i m b a
m u m a i m b a
m u n a i m b a
a d z a i m b a
a m a i m b a
a n a i m b a
k u b a l a
t i d z a b a l a
t i m a b a l a
t i n a b a l a
m u d z a b a l a
m u m a b a l a
m u n a b a l a
a d z a b a l a
a m a b a l a
a n a b a l a
n d i d z a b a l a
n d i m a b a l a
n d i n a b a l a
m u d z a b a l a
m u m a b a l a
m u n a b a l a
a d z a b a l a
a m a b a l a
a n a b a l a
k u t e n t h a
t i d z a t e n t h a
t i m a t e n t h a
t i n a t e n t h a
m u d z a t e n t h a
m u m a t e n t h a
m u n a t e n t h a
a d z a t e n t h a
a m a t e n t h a
a n a t e n t h a
n d i d z a t e n t h a
n d i m a t e n t h a
n d i n a t e n t h a
m u d z a t e n t h a
m u m a t e n t h a
m u n a t e n t h a
a d z a t e n t h a
a m a t e n t h a
a n a t e n t h a
k u l a i k a
t i d z a l a i k a
t i m a l a i k a
t i n a l a i k a
m u d z a l a i k a
m u m a l a i k a
m u n a l a i k a
a d z a l a i k a
a m a l a i k a
a n a l a i k a
n d i d z a l a i k a
n d i m a l a i k a
n d i n a l a i k a
m u d z a l a i k a
m u m a l a i k a
m u n a l a i k a
a d z a l a i k a
a m a l a i k a
a n a l a i k a
k u t s i r i z a
t i d z a t s i r i z a
t i m a t s i r i z a
t i n a t s i r i z a
m u d z a t s i r i z a
m u m a t s i r i z a
m u n a t s i r i z a
a d z a t s i r i z a
a m a t s i r i z a
a n a t s i r i z a
n d i d z a t s i r i z a
n d i m a t s i r i z a
n d i n a t s i r i z a
m u d z a t s i r i z a
m u m a t s i r i z a
m u n a t s i r i z a
a d z a t s i r i z a
a m a t s i r i z a
a n a t s i r i z a
k u z u n z a
t i d z a z u n z a
t i m a z u n z a
t i n a z u n z a
m u d z a z u n z a
m u m a z u n z a
m u n a z u n z a
a d z a z u n z a
a m a z u n z a
a n a z u n z a
n d i d z a z u n z a
n d i m a z u n z a
n d i n a z u n z a
m u d z a z u n z a
m u m a z u n z a
m u n a z u n z a
a d z a z u n z a
a m a z u n z a
a n a z u n z a
k u t a n t h a u z a
t i d z a t a n t h a u z a
t i m a t a n t h a u z a
t i n a t a n t h a u z a
m u d z a t a n t h a u z a
m u m a t a n t h a u z a
m u n a t a n t h a u z a
a d z a t a n t h a u z a
a m a t a n t h a u z a
a n a t a n t h a u z a
n d i d z a t a n t h a u z a
n d i m a t a n t h a u z a
n d i n a t a n t h a u z a
m u d z a t a n t h a u z a
m u m a t a n t h a u z a
m u n a t a n t h a u z a
a d z a t a n t h a u z a
a m a t a n t h a u z a
a n a t a n t h a u z a
k u t s u t s a
t i d z a t s u t s a
t i m a t s u t s a
t i n a t s u t s a
m u d z a t s u t s a
m u m a t s u t s a
m u n a t s u t s a
a d z a t s u t s a
a m a t s u t s a
a n a t s u t s a
n d i d z a t s u t s a
n d i m a t s u t s a
n d i n a t s u t s a
m u d z a t s u t s a
m u m a t s u t s a
m u n a t s u t s a
a d z a t s u t s a
a m a t s u t s a
a n a t s u t s a
k u k h a z i k a
t i d z a k h a z i k a
t i m a k h a z i k a
t i n a k h a z i k a
m u d z a k h a z i k a
m u m a k h a z i k a
m u n a k h a z i k a
a d z a k h a z i k a
a m a k h a z i k a
a n a k h a z i k a
n d i d z a k h a z i k a
n d i m a k h a z i k a
n d i n a k h a z i k a
m u d z a k h a z i k a
m u m a k h a z i k a
m u n a k h a z i k a
a d z a k h a z i k a
a m a k h a z i k a
a n a k h a z i k a
k u m e n y a
t i d z a m e n y a
t i m a m e n y a
t i n a m e n y a
m u d z a m e n y a
m u m a m e n y a
m u n a m e n y a
a d z a m e n y a
a m a m e n y a
a n a m e n y a
n d i d z a m e n y a
n d i m a m e n y a
n d i n a m e n y a
m u d z a m e n y a
m u m a m e n y a
m u n a m e n y a
a d z a m e n y a
a m a m e n y a
a n a m e n y a
k u y e r e k e z a
t i d z a y e r e k e z a
t i m a y e r e k e z a
t i n a y e r e k e z a
m u d z a y e r e k e z a
m u m a y e r e k e z a
m u n a y e r e k e z a
a d z a y e r e k e z a
a m a y e r e k e z a
a n a y e r e k e z a
n d i d z a y e r e k e z a
n d i m a y e r e k e z a
n d i n a y e r e k e z a
m u d z a y e r e k e z a
m u m a y e r e k e z a
m u n a y e r e k e z a
a d z a y e r e k e z a
a m a y e r e k e z a
a n a y e r e k e z a
k u i p a
t i d z a i p a
t i m a i p a
t i n a i p a
m u d z a i p a
m u m a i p a
m u n a i p a
a d z a i p a
a m a i p a
a n a i p a
n d i d z a i p a
n d i m a i p a
n d i n a i p a
m u d z a i p a
m u m a i p a
m u n a i p a
a d z a i p a
a m a i p a
a n a i p a
k u p h i k a
t i d z a p h i k a
t i m a p h i k a
t i n a p h i k a
m u d z a p h i k a
m u m a p h i k a
m u n a p h i k a
a d z a p h i k a
a m a p h i k a
a n a p h i k a
n d i d z a p h i k a
n d i m a p h i k a
n d i n a p h i k a
m u d z a p h i k a
m u m a p h i k a
m u n a p h i k a
a d z a p h i k a
a m a p h i k a
a n a p h i k a
k u n y a n s a
t i d z a n y a n s a
t i m a n y a n s a
t i n a n y a n s a
m u d z a n y a n s a
m u m a n y a n s a
m u n a n y a n s a
a d z a n y a n s a
a m a n y a n s a
a n a n y a n s a
n d i d z a n y a n s a
n d i m a n y a n s a
n d i n a n y a n s a
m u d z a n y a n s a
m u m a n y a n s a
m u n a n y a n s a
a d z a n y a n s a
a m a n y a n s a
a n a n y a n s a
k u y a k a
t i d z a y a k a
t i m a y a k a
t i n a y a k a
m u d z a y a k a
m u m a y a k a
m u n a y a k a
a d z a y a k a
a m a y a k a
a n a y a k a
n d i d z a y a k a
n d i m a y a k a
n d i n a y a k a
m u d z a y a k a
m u m a y a k a
m u n a y a k a
a d z a y a k a
a m a y a k a
a n a y a k a
k u g w a
t i d z a g w a
t i m a g w a
t i n a g w a
m u d z a g w a
m u m a g w a
m u n a g w a
a d z a g w a
a m a g w a
a n a g w a
n d i d z a g w a
n d i m a g w a
n d i n a g w a
m u d z a g w a
m u m a g w a
m u n a g w a
a d z a g w a
a m a g w a
a n a g w a
k u m w a
t i d z a m w a
t i m a m w a
t i n a m w a
m u d z a m w a
m u m a m w a
m u n a m w a
a d z a m w a
a m a m w a
a n a m w a
n d i d z a m w a
n d i m a m w a
n d i n a m w a
m u d z a m w a
m u m a m w a
m u n a m w a
a d z a m w a
a m a m w a
a n a m w a
k u n y a m u l a
t i d z a n y a m u l a
t i m a n y a m u l a
t i n a n y a m u l a
m u d z a n y a m u l a
m u m a n y a m u l a
m u n a n y a m u l a
a d z a n y a m u l a
a m a n y a m u l a
a n a n y a m u l a
n d i d z a n y a m u l a
n d i m a n y a m u l a
n d i n a n y a m u l a
m u d z a n y a m u l a
m u m a n y a m u l a
m u n a n y a m u l a
a d z a n y a m u l a
a m a n y a m u l a
a n a n y a m u l a
k u g u n d a
t i d z a g u n d a
t i m a g u n d a
t i n a g u n d a
m u d z a g u n d a
m u m a g u n d a
m u n a g u n d a
a d z a g u n d a
a m a g u n d a
a n a g u n d a
n d i d z a g u n d a
n d i m a g u n d a
n d i n a g u n d a
m u d z a g u n d a
m u m a g u n d a
m u n a g u n d a
a d z a g u n d a
a m a g u n d a
a n a g u n d a
k u b w e r a
t i d z a b w e r a
t i m a b w e r a
t i n a b w e r a
m u d z a b w e r a
m u m a b w e r a
m u n a b w e r a
a d z a b w e r a
a m a b w e r a
a n a b w e r a
n d i d z a b w e r a
n d i m a b w e r a
n d i n a b w e r a
m u d z a b w e r a
m u m a b w e r a
m u n a b w e r a
a d z a b w e r a
a m a b w e r a
a n a b w e r a
k u c h e p a
t i d z a c h e p a
t i m a c h e p a
t i n a c h e p a
m u d z a c h e p a
m u m a c h e p a
m u n a c h e p a
a d z a c h e p a
a m a c h e p a
a n a c h e p a
n d i d z a c h e p a
n d i m a c h e p a
n d i n a c h e p a
m u d z a c h e p a
m u m a c h e p a
m u n a c h e p a
a d z a c h e p a
a m a c h e p a
a n a c h e p a
k u t e n g a
t i d z a t e n g a
t i m a t e n g a
t i n a t e n g a
m u d z a t e n g a
m u m a t e n g a
m u n a t e n g a
a d z a t e n g a
a m a t e n g a
a n a t e n g a
n d i d z a t e n g a
n d i m a t e n g a
n d i n a t e n g a
m u d z a t e n g a
m u m a t e n g a
m u n a t e n g a
a d z a t e n g a
a m a t e n g a
a n a t e n g a
k u f a n a
t i d z a f a n a
t i m a f a n a
t i n a f a n a
m u d z a f a n a
m u m a f a n a
m u n a f a n a
a d z a f a n a
a m a f a n a
a n a f a n a
n d i d z a f a n a
n d i m a f a n a
n d i n a f a n a
m u d z a f a n a
m u m a f a n a
m u n a f a n a
a d z a f a n a
a m a f a n a
a n a f a n a
k u d u l a
t i d z a d u l a
t i m a d u l a
t i n a d u l a
m u d z a d u l a
m u m a d u l a
m u n a d u l a
a d z a d u l a
a m a d u l a
a n a d u l a
n d i d z a d u l a
n d i m a d u l a
n d i n a d u l a
m u d z a d u l a
m u m a d u l a
m u n a d u l a
a d z a d u l a
a m a d u l a
a n a d u l a
k u b a t i z a
t i d z a b a t i z a
t i m a b a t i z a
t i n a b a t i z a
m u d z a b a t i z a
m u m a b a t i z a
m u n a b a t i z a
a d z a b a t i z a
a m a b a t i z a
a n a b a t i z a
n d i d z a b a t i z a
n d i m a b a t i z a
n d i n a b a t i z a
m u d z a b a t i z a
m u m a b a t i z a
m u n a b a t i z a
a d z a b a t i z a
a m a b a t i z a
a n a b a t i z a
k u p u l u m u t s a
t i d z a p u l u m u t s a
t i m a p u l u m u t s a
t i n a p u l u m u t s a
m u d z a p u l u m u t s a
m u m a p u l u m u t s a
m u n a p u l u m u t s a
a d z a p u l u m u t s a
a m a p u l u m u t s a
a n a p u l u m u t s a
n d i d z a p u l u m u t s a
n d i m a p u l u m u t s a
n d i n a p u l u m u t s a
m u d z a p u l u m u t s a
m u m a p u l u m u t s a
m u n a p u l u m u t s a
a d z a p u l u m u t s a
a m a p u l u m u t s a
a n a p u l u m u t s a
k u s e f u k a
t i d z a s e f u k a
t i m a s e f u k a
t i n a s e f u k a
m u d z a s e f u k a
m u m a s e f u k a
m u n a s e f u k a
a d z a s e f u k a
a m a s e f u k a
a n a s e f u k a
n d i d z a s e f u k a
n d i m a s e f u k a
n d i n a s e f u k a
m u d z a s e f u k a
m u m a s e f u k a
m u n a s e f u k a
a d z a s e f u k a
a m a s e f u k a
a n a s e f u k a
k u b z a l a
t i d z a b z a l a
t i m a b z a l a
t i n a b z a l a
m u d z a b z a l a
m u m a b z a l a
m u n a b z a l a
a d z a b z a l a
a m a b z a l a
a n a b z a l a
n d i d z a b z a l a
n d i m a b z a l a
n d i n a b z a l a
m u d z a b z a l a
m u m a b z a l a
m u n a b z a l a
a d z a b z a l a
a m a b z a l a
a n a b z a l a
k u t h a
t i d z a t h a
t i m a t h a
t i n a t h a
m u d z a t h a
m u m a t h a
m u n a t h a
a d z a t h a
a m a t h a
a n a t h a
n d i d z a t h a
n d i m a t h a
n d i n a t h a
m u d z a t h a
m u m a t h a
m u n a t h a
a d z a t h a
a m a t h a
a n a t h a
k u t s e k a
t i d z a t s e k a
t i m a t s e k a
t i n a t s e k a
m u d z a t s e k a
m u m a t s e k a
m u n a t s e k a
a d z a t s e k a
a m a t s e k a
a n a t s e k a
n d i d z a t s e k a
n d i m a t s e k a
n d i n a t s e k a
m u d z a t s e k a
m u m a t s e k a
m u n a t s e k a
a d z a t s e k a
a m a t s e k a
a n a t s e k a
k u c h i m w a
t i d z a c h i m w a
t i m a c h i m w a
t i n a c h i m w a
m u d z a c h i m w a
m u m a c h i m w a
m u n a c h i m w a
a d z a c h i m w a
a m a c h i m w a
a n a c h i m w a
n d i d z a c h i m w a
n d i m a c h i m w a
n d i n a c h i m w a
m u d z a c h i m w a
m u m a c h i m w a
m u n a c h i m w a
a d z a c h i m w a
a m a c h i m w a
a n a c h i m w a
k u l i m b a
t i d z a l i m b a
t i m a l i m b a
t i n a l i m b a
m u d z a l i m b a
m u m a l i m b a
m u n a l i m b a
a d z a l i m b a
a m a l i m b a
a n a l i m b a
n d i d z a l i m b a
n d i m a l i m b a
n d i n a l i m b a
m u d z a l i m b a
m u m a l i m b a
m u n a l i m b a
a d z a l i m b a
a m a l i m b a
a n a l i m b a
k u d w a l a
t i d z a d w a l a
t i m a d w a l a
t i n a d w a l a
m u d z a d w a l a
m u m a d w a l a
m u n a d w a l a
a d z a d w a l a
a m a d w a l a
a n a d w a l a
n d i d z a d w a l a
n d i m a d w a l a
n d i n a d w a l a
m u d z a d w a l a
m u m a d w a l a
m u n a d w a l a
a d z a d w a l a
a m a d w a l a
a n a d w a l a
k u c h a p a
t i d z a c h a p a
t i m a c h a p a
t i n a c h a p a
m u d z a c h a p a
m u m a c h a p a
m u n a c h a p a
a d z a c h a p a
a m a c h a p a
a n a c h a p a
n d i d z a c h a p a
n d i m a c h a p a
n d i n a c h a p a
m u d z a c h a p a
m u m a c h a p a
m u n a c h a p a
a d z a c h a p a
a m a c h a p a
a n a c h a p a
k u f u p i k a
t i d z a f u p i k a
t i m a f u p i k a
t i n a f u p i k a
m u d z a f u p i k a
m u m a f u p i k a
m u n a f u p i k a
a d z a f u p i k a
a m a f u p i k a
a n a f u p i k a
n d i d z a f u p i k a
n d i m a f u p i k a
n d i n a f u p i k a
m u d z a f u p i k a
m u m a f u p i k a
m u n a f u p i k a
a d z a f u p i k a
a m a f u p i k a
a n a f u p i k a
k u y e s a
t i d z a y e s a
t i m a y e s a
t i n a y e s a
m u d z a y e s a
m u m a y e s a
m u n a y e s a
a d z a y e s a
a m a y e s a
a n a y e s a
n d i d z a y e s a
n d i m a y e s a
n d i n a y e s a
m u d z a y e s a
m u m a y e s a
m u n a y e s a
a d z a y e s a
a m a y e s a
a n a y e s a
k u o m b a
t i d z a o m b a
t i m a o m b a
t i n a o m b a
m u d z a o m b a
m u m a o m b a
m u n a o m b a
a d z a o m b a
a m a o m b a
a n a o m b a
n d i d z a o m b a
n d i m a o m b a
n d i n a o m b a
m u d z a o m b a
m u m a o m b a
m u n a o m b a
a d z a o m b a
a m a o m b a
a n a o m b a
k u b v u l a l a
t i d z a b v u l a l a
t i m a b v u l a l a
t i n a b v u l a l a
m u d z a b v u l a l a
m u m a b v u l a l a
m u n a b v u l a l a
a d z a b v u l a l a
a m a b v u l a l a
a n a b v u l a l a
n d i d z a b v u l a l a
n d i m a b v u l a l a
n d i n a b v u l a l a
m u d z a b v u l a l a
m u m a b v u l a l a
m u n a b v u l a l a
a d z a b v u l a l a
a m a b v u l a l a
a n a b v u l a l a
k u g o n a
t i d z a g o n a
t i m a g o n a
t i n a g o n a
m u d z a g o n a
m u m a g o n a
m u n a g o n a
a d z a g o n a
a m a g o n a
a n a g o n a
n d i d z a g o n a
n d i m a g o n a
n d i n a g o n a
m u d z a g o n a
m u m a g o n a
m u n a g o n a
a d z a g o n a
a m a g o n a
a n a g o n a
k u s o c h e r a
t i d z a s o c h e r a
t i m a s o c h e r a
t i n a s o c h e r a
m u d z a s o c h e r a
m u m a s o c h e r a
m u n a s o c h e r a
a d z a s o c h e r a
a m a s o c h e r a
a n a s o c h e r a
n d i d z a s o c h e r a
n d i m a s o c h e r a
n d i n a s o c h e r a
m u d z a s o c h e r a
m u m a s o c h e r a
m u n a s o c h e r a
a d z a s o c h e r a
a m a s o c h e r a
a n a s o c h e r a
k u n u n k h a
t i d z a n u n k h a
t i m a n u n k h a
t i n a n u n k h a
m u d z a n u n k h a
m u m a n u n k h a
m u n a n u n k h a
a d z a n u n k h a
a m a n u n k h a
a n a n u n k h a
n d i d z a n u n k h a
n d i m a n u n k h a
n d i n a n u n k h a
m u d z a n u n k h a
m u m a n u n k h a
m u n a n u n k h a
a d z a n u n k h a
a m a n u n k h a
a n a n u n k h a
k u s a m a l a
t i d z a s a m a l a
t i m a s a m a l a
t i n a s a m a l a
m u d z a s a m a l a
m u m a s a m a l a
m u n a s a m a l a
a d z a s a m a l a
a m a s a m a l a
a n a s a m a l a
n d i d z a s a m a l a
n d i m a s a m a l a
n d i n a s a m a l a
m u d z a s a m a l a
m u m a s a m a l a
m u n a s a m a l a
a d z a s a m a l a
a m a s a m a l a
a n a s a m a l a
k u k o l a
t i d z a k o l a
t i m a k o l a
t i n a k o l a
m u d z a k o l a
m u m a k o l a
m u n a k o l a
a d z a k o l a
a m a k o l a
a n a k o l a
n d i d z a k o l a
n d i m a k o l a
n d i n a k o l a
m u d z a k o l a
m u m a k o l a
m u n a k o l a
a d z a k o l a
a m a k o l a
a n a k o l a
k u i t a n a
t i d z a i t a n a
t i m a i t a n a
t i n a i t a n a
m u d z a i t a n a
m u m a i t a n a
m u n a i t a n a
a d z a i t a n a
a m a i t a n a
a n a i t a n a
n d i d z a i t a n a
n d i m a i t a n a
n d i n a i t a n a
m u d z a i t a n a
m u m a i t a n a
m u n a i t a n a
a d z a i t a n a
a m a i t a n a
a n a i t a n a
k u t o l a
t i d z a t o l a
t i m a t o l a
t i n a t o l a
m u d z a t o l a
m u m a t o l a
m u n a t o l a
a d z a t o l a
a m a t o l a
a n a t o l a
n d i d z a t o l a
n d i m a t o l a
n d i n a t o l a
m u d z a t o l a
m u m a t o l a
m u n a t o l a
a d z a t o l a
a m a t o l a
a n a t o l a
k u b i s a
t i d z a b i s a
t i m a b i s a
t i n a b i s a
m u d z a b i s a
m u m a b i s a
m u n a b i s a
a d z a b i s a
a m a b i s a
a n a b i s a
n d i d z a b i s a
n d i m a b i s a
n d i n a b i s a
m u d z a b i s a
m u m a b i s a
m u n a b i s a
a d z a b i s a
a m a b i s a
a n a b i s a
k u d a l a
t i d z a d a l a
t i m a d a l a
t i n a d a l a
m u d z a d a l a
m u m a d a l a
m u n a d a l a
a d z a d a l a
a m a d a l a
a n a d a l a
n d i d z a d a l a
n d i m a d a l a
n d i n a d a l a
m u d z a d a l a
m u m a d a l a
m u n a d a l a
a d z a d a l a
a m a d a l a
a n a d a l a
k u p u m a
t i d z a p u m a
t i m a p u m a
t i n a p u m a
m u d z a p u m a
m u m a p u m a
m u n a p u m a
a d z a p u m a
a m a p u m a
a n a p u m a
n d i d z a p u m a
n d i m a p u m a
n d i n a p u m a
m u d z a p u m a
m u m a p u m a
m u n a p u m a
a d z a p u m a
a m a p u m a
a n a p u m a
k u p a m b a n a
t i d z a p a m b a n a
t i m a p a m b a n a
t i n a p a m b a n a
m u d z a p a m b a n a
m u m a p a m b a n a
m u n a p a m b a n a
a d z a p a m b a n a
a m a p a m b a n a
a n a p a m b a n a
n d i d z a p a m b a n a
n d i m a p a m b a n a
n d i n a p a m b a n a
m u d z a p a m b a n a
m u m a p a m b a n a
m u n a p a m b a n a
a d z a p a m b a n a
a m a p a m b a n a
a n a p a m b a n a
k u c h i n y a
t i d z a c h i n y a
t i m a c h i n y a
t i n a c h i n y a
m u d z a c h i n y a
m u m a c h i n y a
m u n a c h i n y a
a d z a c h i n y a
a m a c h i n y a
a n a c h i n y a
n d i d z a c h i n y a
n d i m a c h i n y a
n d i n a c h i n y a
m u d z a c h i n y a
m u m a c h i n y a
m u n a c h i n y a
a d z a c h i n y a
a m a c h i n y a
a n a c h i n y a
k u y a n k h u l a
t i d z a y a n k h u l a
t i m a y a n k h u l a
t i n a y a n k h u l a
m u d z a y a n k h u l a
m u m a y a n k h u l a
m u n a y a n k h u l a
a d z a y a n k h u l a
a m a y a n k h u l a
a n a y a n k h u l a
n d i d z a y a n k h u l a
n d i m a y a n k h u l a
n d i n a y a n k h u l a
m u d z a y a n k h u l a
m u m a y a n k h u l a
m u n a y a n k h u l a
a d z a y a n k h u l a
a m a y a n k h u l a
a n a y a n k h u l a
k u k h u m u d w a
t i d z a k h u m u d w a
t i m a k h u m u d w a
t i n a k h u m u d w a
m u d z a k h u m u d w a
m u m a k h u m u d w a
m u n a k h u m u d w a
a d z a k h u m u d w a
a m a k h u m u d w a
a n a k h u m u d w a
n d i d z a k h u m u d w a
n d i m a k h u m u d w a
n d i n a k h u m u d w a
m u d z a k h u m u d w a
m u m a k h u m u d w a
m u n a k h u m u d w a
a d z a k h u m u d w a
a m a k h u m u d w a
a n a k h u m u d w a
k u c h a
t i d z a c h a
t i m a c h a
t i n a c h a
m u d z a c h a
m u m a c h a
m u n a c h a
a d z a c h a
a m a c h a
a n a c h a
n d i d z a c h a
n d i m a c h a
n d i n a c h a
m u d z a c h a
m u m a c h a
m u n a c h a
a d z a c h a
a m a c h a
a n a c h a
k u b v i n a
t i d z a b v i n a
t i m a b v i n a
t i n a b v i n a
m u d z a b v i n a
m u m a b v i n a
m u n a b v i n a
a d z a b v i n a
a m a b v i n a
a n a b v i n a
n d i d z a b v i n a
n d i m a b v i n a
n d i n a b v i n a
m u d z a b v i n a
m u m a b v i n a
m u n a b v i n a
a d z a b v i n a
a m a b v i n a
a n a b v i n a
k u i w a l a
t i d z a i w a l a
t i m a i w a l a
t i n a i w a l a
m u d z a i w a l a
m u m a i w a l a
m u n a i w a l a
a d z a i w a l a
a m a i w a l a
a n a i w a l a
n d i d z a i w a l a
n d i m a i w a l a
n d i n a i w a l a
m u d z a i w a l a
m u m a i w a l a
m u n a i w a l a
a d z a i w a l a
a m a i w a l a
a n a i w a l a
k u t s a l a
t i d z a t s a l a
t i m a t s a l a
t i n a t s a l a
m u d z a t s a l a
m u m a t s a l a
m u n a t s a l a
a d z a t s a l a
a m a t s a l a
a n a t s a l a
n d i d z a t s a l a
n d i m a t s a l a
n d i n a t s a l a
m u d z a t s a l a
m u m a t s a l a
m u n a t s a l a
a d z a t s a l a
a m a t s a l a
a n a t s a l a
k u d i k i r a
t i d z a d i k i r a
t i m a d i k i r a
t i n a d i k i r a
m u d z a d i k i r a
m u m a d i k i r a
m u n a d i k i r a
a d z a d i k i r a
a m a d i k i r a
a n a d i k i r a
n d i d z a d i k i r a
n d i m a d i k i r a
n d i n a d i k i r a
m u d z a d i k i r a
m u m a d i k i r a
m u n a d i k i r a
a d z a d i k i r a
a m a d i k i r a
a n a d i k i r a
k u o p s y a
t i d z a o p s y a
t i m a o p s y a
t i n a o p s y a
m u d z a o p s y a
m u m a o p s y a
m u n a o p s y a
a d z a o p s y a
a m a o p s y a
a n a o p s y a
n d i d z a o p s y a
n d i m a o p s y a
n d i n a o p s y a
m u d z a o p s y a
m u m a o p s y a
m u n a o p s y a
a d z a o p s y a
a m a o p s y a
a n a o p s y a
k u y e n e r a
t i d z a y e n e r a
t i m a y e n e r a
t i n a y e n e r a
m u d z a y e n e r a
m u m a y e n e r a
m u n a y e n e r a
a d z a y e n e r a
a m a y e n e r a
a n a y e n e r a
n d i d z a y e n e r a
n d i m a y e n e r a
n d i n a y e n e r a
m u d z a y e n e r a
m u m a y e n e r a
m u n a y e n e r a
a d z a y e n e r a
a m a y e n e r a
a n a y e n e r a
k u l a m u l a
t i d z a l a m u l a
t i m a l a m u l a
t i n a l a m u l a
m u d z a l a m u l a
m u m a l a m u l a
m u n a l a m u l a
a d z a l a m u l a
a m a l a m u l a
a n a l a m u l a
n d i d z a l a m u l a
n d i m a l a m u l a
n d i n a l a m u l a
m u d z a l a m u l a
m u m a l a m u l a
m u n a l a m u l a
a d z a l a m u l a
a m a l a m u l a
a n a l a m u l a
k u k a y i k a
t i d z a k a y i k a
t i m a k a y i k a
t i n a k a y i k a
m u d z a k a y i k a
m u m a k a y i k a
m u n a k a y i k a
a d z a k a y i k a
a m a k a y i k a
a n a k a y i k a
n d i d z a k a y i k a
n d i m a k a y i k a
n d i n a k a y i k a
m u d z a k a y i k a
m u m a k a y i k a
m u n a k a y i k a
a d z a k a y i k a
a m a k a y i k a
a n a k a y i k a
k u s a z i k a
t i d z a s a z i k a
t i m a s a z i k a
t i n a s a z i k a
m u d z a s a z i k a
m u m a s a z i k a
m u n a s a z i k a
a d z a s a z i k a
a m a s a z i k a
a n a s a z i k a
n d i d z a s a z i k a
n d i m a s a z i k a
n d i n a s a z i k a
m u d z a s a z i k a
m u m a s a z i k a
m u n a s a z i k a
a d z a s a z i k a
a m a s a z i k a
a n a s a z i k a
k u s e s a
t i d z a s e s a
t i m a s e s a
t i n a s e s a
m u d z a s e s a
m u m a s e s a
m u n a s e s a
a d z a s e s a
a m a s e s a
a n a s e s a
n d i d z a s e s a
n d i m a s e s a
n d i n a s e s a
m u d z a s e s a
m u m a s e s a
m u n a s e s a
a d z a s e s a
a m a s e s a
a n a s e s a
k u y a n k h a
t i d z a y a n k h a
t i m a y a n k h a
t i n a y a n k h a
m u d z a y a n k h a
m u m a y a n k h a
m u n a y a n k h a
a d z a y a n k h a
a m a y a n k h a
a n a y a n k h a
n d i d z a y a n k h a
n d i m a y a n k h a
n d i n a y a n k h a
m u d z a y a n k h a
m u m a y a n k h a
m u n a y a n k h a
a d z a y a n k h a
a m a y a n k h a
a n a y a n k h a
k u p e m p h a
t i d z a p e m p h a
t i m a p e m p h a
t i n a p e m p h a
m u d z a p e m p h a
m u m a p e m p h a
m u n a p e m p h a
a d z a p e m p h a
a m a p e m p h a
a n a p e m p h a
n d i d z a p e m p h a
n d i m a p e m p h a
n d i n a p e m p h a
m u d z a p e m p h a
m u m a p e m p h a
m u n a p e m p h a
a d z a p e m p h a
a m a p e m p h a
a n a p e m p h a
k u t c h a
t i d z a t c h a
t i m a t c h a
t i n a t c h a
m u d z a t c h a
m u m a t c h a
m u n a t c h a
a d z a t c h a
a m a t c h a
a n a t c h a
n d i d z a t c h a
n d i m a t c h a
n d i n a t c h a
m u d z a t c h a
m u m a t c h a
m u n a t c h a
a d z a t c h a
a m a t c h a
a n a t c h a
k u s i n j a
t i d z a s i n j a
t i m a s i n j a
t i n a s i n j a
m u d z a s i n j a
m u m a s i n j a
m u n a s i n j a
a d z a s i n j a
a m a s i n j a
a n a s i n j a
n d i d z a s i n j a
n d i m a s i n j a
n d i n a s i n j a
m u d z a s i n j a
m u m a s i n j a
m u n a s i n j a
a d z a s i n j a
a m a s i n j a
a n a s i n j a
k u c h e d w a
t i d z a c h e d w a
t i m a c h e d w a
t i n a c h e d w a
m u d z a c h e d w a
m u m a c h e d w a
m u n a c h e d w a
a d z a c h e d w a
a m a c h e d w a
a n a c h e d w a
n d i d z a c h e d w a
n d i m a c h e d w a
n d i n a c h e d w a
m u d z a c h e d w a
m u m a c h e d w a
m u n a c h e d w a
a d z a c h e d w a
a m a c h e d w a
a n a c h e d w a
k u l o i a
t i d z a l o i a
t i m a l o i a
t i n a l o i a
m u d z a l o i a
m u m a l o i a
m u n a l o i a
a d z a l o i a
a m a l o i a
a n a l o i a
n d i d z a l o i a
n d i m a l o i a
n d i n a l o i a
m u d z a l o i a
m u m a l o i a
m u n a l o i a
a d z a l o i a
a m a l o i a
a n a l o i a
k u f u l u m i r a
t i d z a f u l u m i r a
t i m a f u l u m i r a
t i n a f u l u m i r a
m u d z a f u l u m i r a
m u m a f u l u m i r a
m u n a f u l u m i r a
a d z a f u l u m i r a
a m a f u l u m i r a
a n a f u l u m i r a
n d i d z a f u l u m i r a
n d i m a f u l u m i r a
n d i n a f u l u m i r a
m u d z a f u l u m i r a
m u m a f u l u m i r a
m u n a f u l u m i r a
a d z a f u l u m i r a
a m a f u l u m i r a
a n a f u l u m i r a
k u b e r e k a
t i d z a b e r e k a
t i m a b e r e k a
t i n a b e r e k a
m u d z a b e r e k a
m u m a b e r e k a
m u n a b e r e k a
a d z a b e r e k a
a m a b e r e k a
a n a b e r e k a
n d i d z a b e r e k a
n d i m a b e r e k a
n d i n a b e r e k a
m u d z a b e r e k a
m u m a b e r e k a
m u n a b e r e k a
a d z a b e r e k a
a m a b e r e k a
a n a b e r e k a
k u f i k a
t i d z a f i k a
t i m a f i k a
t i n a f i k a
m u d z a f i k a
m u m a f i k a
m u n a f i k a
a d z a f i k a
a m a f i k a
a n a f i k a
n d i d z a f i k a
n d i m a f i k a
n d i n a f i k a
m u d z a f i k a
m u m a f i k a
m u n a f i k a
a d z a f i k a
a m a f i k a
a n a f i k a
k u k a n a
t i d z a k a n a
t i m a k a n a
t i n a k a n a
m u d z a k a n a
m u m a k a n a
m u n a k a n a
a d z a k a n a
a m a k a n a
a n a k a n a
n d i d z a k a n a
n d i m a k a n a
n d i n a k a n a
m u d z a k a n a
m u m a k a n a
m u n a k a n a
a d z a k a n a
a m a k a n a
a n a k a n a
k u t e m b e n u k a
t i d z a t e m b e n u k a
t i m a t e m b e n u k a
t i n a t e m b e n u k a
m u d z a t e m b e n u k a
m u m a t e m b e n u k a
m u n a t e m b e n u k a
a d z a t e m b e n u k a
a m a t e m b e n u k a
a n a t e m b e n u k a
n d i d z a t e m b e n u k a
n d i m a t e m b e n u k a
n d i n a t e m b e n u k a
m u d z a t e m b e n u k a
m u m a t e m b e n u k a
m u n a t e m b e n u k a
a d z a t e m b e n u k a
a m a t e m b e n u k a
a n a t e m b e n u k a
k u l u n g a m a
t i d z a l u n g a m a
t i m a l u n g a m a
t i n a l u n g a m a
m u d z a l u n g a m a
m u m a l u n g a m a
m u n a l u n g a m a
a d z a l u n g a m a
a m a l u n g a m a
a n a l u n g a m a
n d i d z a l u n g a m a
n d i m a l u n g a m a
n d i n a l u n g a m a
m u d z a l u n g a m a
m u m a l u n g a m a
m u n a l u n g a m a
a d z a l u n g a m a
a m a l u n g a m a
a n a l u n g a m a
k u l e m b a
t i d z a l e m b a
t i m a l e m b a
t i n a l e m b a
m u d z a l e m b a
m u m a l e m b a
m u n a l e m b a
a d z a l e m b a
a m a l e m b a
a n a l e m b a
n d i d z a l e m b a
n d i m a l e m b a
n d i n a l e m b a
m u d z a l e m b a
m u m a l e m b a
m u n a l e m b a
a d z a l e m b a
a m a l e m b a
a n a l e m b a
k u l e k a
t i d z a l e k a
t i m a l e k a
t i n a l e k a
m u d z a l e k a
m u m a l e k a
m u n a l e k a
a d z a l e k a
a m a l e k a
a n a l e k a
n d i d z a l e k a
n d i m a l e k a
n d i n a l e k a
m u d z a l e k a
m u m a l e k a
m u n a l e k a
a d z a l e k a
a m a l e k a
a n a l e k a
k u m e r a
t i d z a m e r a
t i m a m e r a
t i n a m e r a
m u d z a m e r a
m u m a m e r a
m u n a m e r a
a d z a m e r a
a m a m e r a
a n a m e r a
n d i d z a m e r a
n d i m a m e r a
n d i n a m e r a
m u d z a m e r a
m u m a m e r a
m u n a m e r a
a d z a m e r a
a m a m e r a
a n a m e r a
k u y a n g ' a n a
t i d z a y a n g ' a n a
t i m a y a n g ' a n a
t i n a y a n g ' a n a
m u d z a y a n g ' a n a
m u m a y a n g ' a n a
m u n a y a n g ' a n a
a d z a y a n g ' a n a
a m a y a n g ' a n a
a n a y a n g ' a n a
n d i d z a y a n g ' a n a
n d i m a y a n g ' a n a
n d i n a y a n g ' a n a
m u d z a y a n g ' a n a
m u m a y a n g ' a n a
m u n a y a n g ' a n a
a d z a y a n g ' a n a
a m a y a n g ' a n a
a n a y a n g ' a n a
k u s a n g a l a l a
t i d z a s a n g a l a l a
t i m a s a n g a l a l a
t i n a s a n g a l a l a
m u d z a s a n g a l a l a
m u m a s a n g a l a l a
m u n a s a n g a l a l a
a d z a s a n g a l a l a
a m a s a n g a l a l a
a n a s a n g a l a l a
n d i d z a s a n g a l a l a
n d i m a s a n g a l a l a
n d i n a s a n g a l a l a
m u d z a s a n g a l a l a
m u m a s a n g a l a l a
m u n a s a n g a l a l a
a d z a s a n g a l a l a
a m a s a n g a l a l a
a n a s a n g a l a l a
k u s a n k h a
t i d z a s a n k h a
t i m a s a n k h a
t i n a s a n k h a
m u d z a s a n k h a
m u m a s a n k h a
m u n a s a n k h a
a d z a s a n k h a
a m a s a n k h a
a n a s a n k h a
n d i d z a s a n k h a
n d i m a s a n k h a
n d i n a s a n k h a
m u d z a s a n k h a
m u m a s a n k h a
m u n a s a n k h a
a d z a s a n k h a
a m a s a n k h a
a n a s a n k h a
k u t o p a
t i d z a t o p a
t i m a t o p a
t i n a t o p a
m u d z a t o p a
m u m a t o p a
m u n a t o p a
a d z a t o p a
a m a t o p a
a n a t o p a
n d i d z a t o p a
n d i m a t o p a
n d i n a t o p a
m u d z a t o p a
m u m a t o p a
m u n a t o p a
a d z a t o p a
a m a t o p a
a n a t o p a
k u l a n k h u l a
t i d z a l a n k h u l a
t i m a l a n k h u l a
t i n a l a n k h u l a
m u d z a l a n k h u l a
m u m a l a n k h u l a
m u n a l a n k h u l a
a d z a l a n k h u l a
a m a l a n k h u l a
a n a l a n k h u l a
n d i d z a l a n k h u l a
n d i m a l a n k h u l a
n d i n a l a n k h u l a
m u d z a l a n k h u l a
m u m a l a n k h u l a
m u n a l a n k h u l a
a d z a l a n k h u l a
a m a l a n k h u l a
a n a l a n k h u l a
k u p h u n z i r a
t i d z a p h u n z i r a
t i m a p h u n z i r a
t i n a p h u n z i r a
m u d z a p h u n z i r a
m u m a p h u n z i r a
m u n a p h u n z i r a
a d z a p h u n z i r a
a m a p h u n z i r a
a n a p h u n z i r a
n d i d z a p h u n z i r a
n d i m a p h u n z i r a
n d i n a p h u n z i r a
m u d z a p h u n z i r a
m u m a p h u n z i r a
m u n a p h u n z i r a
a d z a p h u n z i r a
a m a p h u n z i r a
a n a p h u n z i r a
k u l o n j e z a
t i d z a l o n j e z a
t i m a l o n j e z a
t i n a l o n j e z a
m u d z a l o n j e z a
m u m a l o n j e z a
m u n a l o n j e z a
a d z a l o n j e z a
a m a l o n j e z a
a n a l o n j e z a
n d i d z a l o n j e z a
n d i m a l o n j e z a
n d i n a l o n j e z a
m u d z a l o n j e z a
m u m a l o n j e z a
m u n a l o n j e z a
a d z a l o n j e z a
a m a l o n j e z a
a n a l o n j e z a
k u t s a n z i r a
t i d z a t s a n z i r a
t i m a t s a n z i r a
t i n a t s a n z i r a
m u d z a t s a n z i r a
m u m a t s a n z i r a
m u n a t s a n z i r a
a d z a t s a n z i r a
a m a t s a n z i r a
a n a t s a n z i r a
n d i d z a t s a n z i r a
n d i m a t s a n z i r a
n d i n a t s a n z i r a
m u d z a t s a n z i r a
m u m a t s a n z i r a
m u n a t s a n z i r a
a d z a t s a n z i r a
a m a t s a n z i r a
a n a t s a n z i r a
k u z o l o w e r a
t i d z a z o l o w e r a
t i m a z o l o w e r a
t i n a z o l o w e r a
m u d z a z o l o w e r a
m u m a z o l o w e r a
m u n a z o l o w e r a
a d z a z o l o w e r a
a m a z o l o w e r a
a n a z o l o w e r a
n d i d z a z o l o w e r a
n d i m a z o l o w e r a
n d i n a z o l o w e r a
m u d z a z o l o w e r a
m u m a z o l o w e r a
m u n a z o l o w e r a
a d z a z o l o w e r a
a m a z o l o w e r a
a n a z o l o w e r a
k u s i y a
t i d z a s i y a
t i m a s i y a
t i n a s i y a
m u d z a s i y a
m u m a s i y a
m u n a s i y a
a d z a s i y a
a m a s i y a
a n a s i y a
n d i d z a s i y a
n d i m a s i y a
n d i n a s i y a
m u d z a s i y a
m u m a s i y a
m u n a s i y a
a d z a s i y a
a m a s i y a
a n a s i y a
k u p i t a n i
t i d z a p i t a n i
t i m a p i t a n i
t i n a p i t a n i
m u d z a p i t a n i
m u m a p i t a n i
m u n a p i t a n i
a d z a p i t a n i
a m a p i t a n i
a n a p i t a n i
n d i d z a p i t a n i
n d i m a p i t a n i
n d i n a p i t a n i
m u d z a p i t a n i
m u m a p i t a n i
m u n a p i t a n i
a d z a p i t a n i
a m a p i t a n i
a n a p i t a n i
k u m v a
t i d z a m v a
t i m a m v a
t i n a m v a
m u d z a m v a
m u m a m v a
m u n a m v a
a d z a m v a
a m a m v a
a n a m v a
n d i d z a m v a
n d i m a m v a
n d i n a m v a
m u d z a m v a
m u m a m v a
m u n a m v a
a d z a m v a
a m a m v a
a n a m v a
k u t h o k o z a
t i d z a t h o k o z a
t i m a t h o k o z a
t i n a t h o k o z a
m u d z a t h o k o z a
m u m a t h o k o z a
m u n a t h o k o z a
a d z a t h o k o z a
a m a t h o k o z a
a n a t h o k o z a
n d i d z a t h o k o z a
n d i m a t h o k o z a
n d i n a t h o k o z a
m u d z a t h o k o z a
m u m a t h o k o z a
m u n a t h o k o z a
a d z a t h o k o z a
a m a t h o k o z a
a n a t h o k o z a
k u s a m b a
t i d z a s a m b a
t i m a s a m b a
t i n a s a m b a
m u d z a s a m b a
m u m a s a m b a
m u n a s a m b a
a d z a s a m b a
a m a s a m b a
a n a s a m b a
n d i d z a s a m b a
n d i m a s a m b a
n d i n a s a m b a
m u d z a s a m b a
m u m a s a m b a
m u n a s a m b a
a d z a s a m b a
a m a s a m b a
a n a s a m b a
k u z u n g u l i r a
t i d z a z u n g u l i r a
t i m a z u n g u l i r a
t i n a z u n g u l i r a
m u d z a z u n g u l i r a
m u m a z u n g u l i r a
m u n a z u n g u l i r a
a d z a z u n g u l i r a
a m a z u n g u l i r a
a n a z u n g u l i r a
n d i d z a z u n g u l i r a
n d i m a z u n g u l i r a
n d i n a z u n g u l i r a
m u d z a z u n g u l i r a
m u m a z u n g u l i r a
m u n a z u n g u l i r a
a d z a z u n g u l i r a
a m a z u n g u l i r a
a n a z u n g u l i r a
k u k o n z a
t i d z a k o n z a
t i m a k o n z a
t i n a k o n z a
m u d z a k o n z a
m u m a k o n z a
m u n a k o n z a
a d z a k o n z a
a m a k o n z a
a n a k o n z a
n d i d z a k o n z a
n d i m a k o n z a
n d i n a k o n z a
m u d z a k o n z a
m u m a k o n z a
m u n a k o n z a
a d z a k o n z a
a m a k o n z a
a n a k o n z a
k u g u l a
t i d z a g u l a
t i m a g u l a
t i n a g u l a
m u d z a g u l a
m u m a g u l a
m u n a g u l a
a d z a g u l a
a m a g u l a
a n a g u l a
n d i d z a g u l a
n d i m a g u l a
n d i n a g u l a
m u d z a g u l a
m u m a g u l a
m u n a g u l a
a d z a g u l a
a m a g u l a
a n a g u l a
k u o c h a
t i d z a o c h a
t i m a o c h a
t i n a o c h a
m u d z a o c h a
m u m a o c h a
m u n a o c h a
a d z a o c h a
a m a o c h a
a n a o c h a
n d i d z a o c h a
n d i m a o c h a
n d i n a o c h a
m u d z a o c h a
m u m a o c h a
m u n a o c h a
a d z a o c h a
a m a o c h a
a n a o c h a
k u t a l i k a
t i d z a t a l i k a
t i m a t a l i k a
t i n a t a l i k a
m u d z a t a l i k a
m u m a t a l i k a
m u n a t a l i k a
a d z a t a l i k a
a m a t a l i k a
a n a t a l i k a
n d i d z a t a l i k a
n d i m a t a l i k a
n d i n a t a l i k a
m u d z a t a l i k a
m u m a t a l i k a
m u n a t a l i k a
a d z a t a l i k a
a m a t a l i k a
a n a t a l i k a
k u o n a
t i d z a o n a
t i m a o n a
t i n a o n a
m u d z a o n a
m u m a o n a
m u n a o n a
a d z a o n a
a m a o n a
a n a o n a
n d i d z a o n a
n d i m a o n a
n d i n a o n a
m u d z a o n a
m u m a o n a
m u n a o n a
a d z a o n a
a m a o n a
a n a o n a
k u d a l i r a
t i d z a d a l i r a
t i m a d a l i r a
t i n a d a l i r a
m u d z a d a l i r a
m u m a d a l i r a
m u n a d a l i r a
a d z a d a l i r a
a m a d a l i r a
a n a d a l i r a
n d i d z a d a l i r a
n d i m a d a l i r a
n d i n a d a l i r a
m u d z a d a l i r a
m u m a d a l i r a
m u n a d a l i r a
a d z a d a l i r a
a m a d a l i r a
a n a d a l i r a
k u l u m a
t i d z a l u m a
t i m a l u m a
t i n a l u m a
m u d z a l u m a
m u m a l u m a
m u n a l u m a
a d z a l u m a
a m a l u m a
a n a l u m a
n d i d z a l u m a
n d i m a l u m a
n d i n a l u m a
m u d z a l u m a
m u m a l u m a
m u n a l u m a
a d z a l u m a
a m a l u m a
a n a l u m a
k u s o w a
t i d z a s o w a
t i m a s o w a
t i n a s o w a
m u d z a s o w a
m u m a s o w a
m u n a s o w a
a d z a s o w a
a m a s o w a
a n a s o w a
n d i d z a s o w a
n d i m a s o w a
n d i n a s o w a
m u d z a s o w a
m u m a s o w a
m u n a s o w a
a d z a s o w a
a m a s o w a
a n a s o w a
k u l i p i r a
t i d z a l i p i r a
t i m a l i p i r a
t i n a l i p i r a
m u d z a l i p i r a
m u m a l i p i r a
m u n a l i p i r a
a d z a l i p i r a
a m a l i p i r a
a n a l i p i r a
n d i d z a l i p i r a
n d i m a l i p i r a
n d i n a l i p i r a
m u d z a l i p i r a
m u m a l i p i r a
m u n a l i p i r a
a d z a l i p i r a
a m a l i p i r a
a n a l i p i r a
k u m a n g a
t i d z a m a n g a
t i m a m a n g a
t i n a m a n g a
m u d z a m a n g a
m u m a m a n g a
m u n a m a n g a
a d z a m a n g a
a m a m a n g a
a n a m a n g a
n d i d z a m a n g a
n d i m a m a n g a
n d i n a m a n g a
m u d z a m a n g a
m u m a m a n g a
m u n a m a n g a
a d z a m a n g a
a m a m a n g a
a n a m a n g a
k u k u l a
t i d z a k u l a
t i m a k u l a
t i n a k u l a
m u d z a k u l a
m u m a k u l a
m u n a k u l a
a d z a k u l a
a m a k u l a
a n a k u l a
n d i d z a k u l a
n d i m a k u l a
n d i n a k u l a
m u d z a k u l a
m u m a k u l a
m u n a k u l a
a d z a k u l a
a m a k u l a
a n a k u l a
k u k w e r a
t i d z a k w e r a
t i m a k w e r a
t i n a k w e r a
m u d z a k w e r a
m u m a k w e r a
m u n a k w e r a
a d z a k w e r a
a m a k w e r a
a n a k w e r a
n d i d z a k w e r a
n d i m a k w e r a
n d i n a k w e r a
m u d z a k w e r a
m u m a k w e r a
m u n a k w e r a
a d z a k w e r a
a m a k w e r a
a n a k w e r a
k u n e n a
t i d z a n e n a
t i m a n e n a
t i n a n e n a
m u d z a n e n a
m u m a n e n a
m u n a n e n a
a d z a n e n a
a m a n e n a
a n a n e n a
n d i d z a n e n a
n d i m a n e n a
n d i n a n e n a
m u d z a n e n a
m u m a n e n a
m u n a n e n a
a d z a n e n a
a m a n e n a
a n a n e n a
k u b a d w a
t i d z a b a d w a
t i m a b a d w a
t i n a b a d w a
m u d z a b a d w a
m u m a b a d w a
m u n a b a d w a
a d z a b a d w a
a m a b a d w a
a n a b a d w a
n d i d z a b a d w a
n d i m a b a d w a
n d i n a b a d w a
m u d z a b a d w a
m u m a b a d w a
m u n a b a d w a
a d z a b a d w a
a m a b a d w a
a n a b a d w a
k u n a m a
t i d z a n a m a
t i m a n a m a
t i n a n a m a
m u d z a n a m a
m u m a n a m a
m u n a n a m a
a d z a n a m a
a m a n a m a
a n a n a m a
n d i d z a n a m a
n d i m a n a m a
n d i n a n a m a
m u d z a n a m a
m u m a n a m a
m u n a n a m a
a d z a n a m a
a m a n a m a
a n a n a m a
k u n y o z a
t i d z a n y o z a
t i m a n y o z a
t i n a n y o z a
m u d z a n y o z a
m u m a n y o z a
m u n a n y o z a
a d z a n y o z a
a m a n y o z a
a n a n y o z a
n d i d z a n y o z a
n d i m a n y o z a
n d i n a n y o z a
m u d z a n y o z a
m u m a n y o z a
m u n a n y o z a
a d z a n y o z a
a m a n y o z a
a n a n y o z a
k u p a t s a
t i d z a p a t s a
t i m a p a t s a
t i n a p a t s a
m u d z a p a t s a
m u m a p a t s a
m u n a p a t s a
a d z a p a t s a
a m a p a t s a
a n a p a t s a
n d i d z a p a t s a
n d i m a p a t s a
n d i n a p a t s a
m u d z a p a t s a
m u m a p a t s a
m u n a p a t s a
a d z a p a t s a
a m a p a t s a
a n a p a t s a
k u s i n t h a
t i d z a s i n t h a
t i m a s i n t h a
t i n a s i n t h a
m u d z a s i n t h a
m u m a s i n t h a
m u n a s i n t h a
a d z a s i n t h a
a m a s i n t h a
a n a s i n t h a
n d i d z a s i n t h a
n d i m a s i n t h a
n d i n a s i n t h a
m u d z a s i n t h a
m u m a s i n t h a
m u n a s i n t h a
a d z a s i n t h a
a m a s i n t h a
a n a s i n t h a
k u t s o g o l a
t i d z a t s o g o l a
t i m a t s o g o l a
t i n a t s o g o l a
m u d z a t s o g o l a
m u m a t s o g o l a
m u n a t s o g o l a
a d z a t s o g o l a
a m a t s o g o l a
a n a t s o g o l a
n d i d z a t s o g o l a
n d i m a t s o g o l a
n d i n a t s o g o l a
m u d z a t s o g o l a
m u m a t s o g o l a
m u n a t s o g o l a
a d z a t s o g o l a
a m a t s o g o l a
a n a t s o g o l a
k u c h i r a
t i d z a c h i r a
t i m a c h i r a
t i n a c h i r a
m u d z a c h i r a
m u m a c h i r a
m u n a c h i r a
a d z a c h i r a
a m a c h i r a
a n a c h i r a
n d i d z a c h i r a
n d i m a c h i r a
n d i n a c h i r a
m u d z a c h i r a
m u m a c h i r a
m u n a c h i r a
a d z a c h i r a
a m a c h i r a
a n a c h i r a
k u t h i r a
t i d z a t h i r a
t i m a t h i r a
t i n a t h i r a
m u d z a t h i r a
m u m a t h i r a
m u n a t h i r a
a d z a t h i r a
a m a t h i r a
a n a t h i r a
n d i d z a t h i r a
n d i m a t h i r a
n d i n a t h i r a
m u d z a t h i r a
m u m a t h i r a
m u n a t h i r a
a d z a t h i r a
a m a t h i r a
a n a t h i r a
k u p s y a
t i d z a p s y a
t i m a p s y a
t i n a p s y a
m u d z a p s y a
m u m a p s y a
m u n a p s y a
a d z a p s y a
a m a p s y a
a n a p s y a
n d i d z a p s y a
n d i m a p s y a
n d i n a p s y a
m u d z a p s y a
m u m a p s y a
m u n a p s y a
a d z a p s y a
a m a p s y a
a n a p s y a
k u k h u d z a
t i d z a k h u d z a
t i m a k h u d z a
t i n a k h u d z a
m u d z a k h u d z a
m u m a k h u d z a
m u n a k h u d z a
a d z a k h u d z a
a m a k h u d z a
a n a k h u d z a
n d i d z a k h u d z a
n d i m a k h u d z a
n d i n a k h u d z a
m u d z a k h u d z a
m u m a k h u d z a
m u n a k h u d z a
a d z a k h u d z a
a m a k h u d z a
a n a k h u d z a
k u y a m b a
t i d z a y a m b a
t i m a y a m b a
t i n a y a m b a
m u d z a y a m b a
m u m a y a m b a
m u n a y a m b a
a d z a y a m b a
a m a y a m b a
a n a y a m b a
n d i d z a y a m b a
n d i m a y a m b a
n d i n a y a m b a
m u d z a y a m b a
m u m a y a m b a
m u n a y a m b a
a d z a y a m b a
a m a y a m b a
a n a y a m b a
k u g a n i z a
t i d z a g a n i z a
t i m a g a n i z a
t i n a g a n i z a
m u d z a g a n i z a
m u m a g a n i z a
m u n a g a n i z a
a d z a g a n i z a
a m a g a n i z a
a n a g a n i z a
n d i d z a g a n i z a
n d i m a g a n i z a
n d i n a g a n i z a
m u d z a g a n i z a
m u m a g a n i z a
m u n a g a n i z a
a d z a g a n i z a
a m a g a n i z a
a n a g a n i z a
k u g a y a
t i d z a g a y a
t i m a g a y a
t i n a g a y a
m u d z a g a y a
m u m a g a y a
m u n a g a y a
a d z a g a y a
a m a g a y a
a n a g a y a
n d i d z a g a y a
n d i m a g a y a
n d i n a g a y a
m u d z a g a y a
m u m a g a y a
m u n a g a y a
a d z a g a y a
a m a g a y a
a n a g a y a
k u l a n d a
t i d z a l a n d a
t i m a l a n d a
t i n a l a n d a
m u d z a l a n d a
m u m a l a n d a
m u n a l a n d a
a d z a l a n d a
a m a l a n d a
a n a l a n d a
n d i d z a l a n d a
n d i m a l a n d a
n d i n a l a n d a
m u d z a l a n d a
m u m a l a n d a
m u n a l a n d a
a d z a l a n d a
a m a l a n d a
a n a l a n d a
k u y a n j a
t i d z a y a n j a
t i m a y a n j a
t i n a y a n j a
m u d z a y a n j a
m u m a y a n j a
m u n a y a n j a
a d z a y a n j a
a m a y a n j a
a n a y a n j a
n d i d z a y a n j a
n d i m a y a n j a
n d i n a y a n j a
m u d z a y a n j a
m u m a y a n j a
m u n a y a n j a
a d z a y a n j a
a m a y a n j a
a n a y a n j a
k u b v a l a
t i d z a b v a l a
t i m a b v a l a
t i n a b v a l a
m u d z a b v a l a
m u m a b v a l a
m u n a b v a l a
a d z a b v a l a
a m a b v a l a
a n a b v a l a
n d i d z a b v a l a
n d i m a b v a l a
n d i n a b v a l a
m u d z a b v a l a
m u m a b v a l a
m u n a b v a l a
a d z a b v a l a
a m a b v a l a
a n a b v a l a
k u d a
t i d z a d a
t i m a d a
t i n a d a
m u d z a d a
m u m a d a
m u n a d a
a d z a d a
a m a d a
a n a d a
n d i d z a d a
n d i m a d a
n d i n a d a
m u d z a d a
m u m a d a
m u n a d a
a d z a d a
a m a d a
a n a d a
k u f u n s a n i
t i d z a f u n s a n i
t i m a f u n s a n i
t i n a f u n s a n i
m u d z a f u n s a n i
m u m a f u n s a n i
m u n a f u n s a n i
a d z a f u n s a n i
a m a f u n s a n i
a n a f u n s a n i
n d i d z a f u n s a n i
n d i m a f u n s a n i
n d i n a f u n s a n i
m u d z a f u n s a n i
m u m a f u n s a n i
m u n a f u n s a n i
a d z a f u n s a n i
a m a f u n s a n i
a n a f u n s a n i
k u l e n g a
t i d z a l e n g a
t i m a l e n g a
t i n a l e n g a
m u d z a l e n g a
m u m a l e n g a
m u n a l e n g a
a d z a l e n g a
a m a l e n g a
a n a l e n g a
n d i d z a l e n g a
n d i m a l e n g a
n d i n a l e n g a
m u d z a l e n g a
m u m a l e n g a
m u n a l e n g a
a d z a l e n g a
a m a l e n g a
a n a l e n g a
k u l a n g a
t i d z a l a n g a
t i m a l a n g a
t i n a l a n g a
m u d z a l a n g a
m u m a l a n g a
m u n a l a n g a
a d z a l a n g a
a m a l a n g a
a n a l a n g a
n d i d z a l a n g a
n d i m a l a n g a
n d i n a l a n g a
m u d z a l a n g a
m u m a l a n g a
m u n a l a n g a
a d z a l a n g a
a m a l a n g a
a n a l a n g a
k u p a l a
t i d z a p a l a
t i m a p a l a
t i n a p a l a
m u d z a p a l a
m u m a p a l a
m u n a p a l a
a d z a p a l a
a m a p a l a
a n a p a l a
n d i d z a p a l a
n d i m a p a l a
n d i n a p a l a
m u d z a p a l a
m u m a p a l a
m u n a p a l a
a d z a p a l a
a m a p a l a
a n a p a l a
k u p e m b a
t i d z a p e m b a
t i m a p e m b a
t i n a p e m b a
m u d z a p e m b a
m u m a p e m b a
m u n a p e m b a
a d z a p e m b a
a m a p e m b a
a n a p e m b a
n d i d z a p e m b a
n d i m a p e m b a
n d i n a p e m b a
m u d z a p e m b a
m u m a p e m b a
m u n a p e m b a
a d z a p e m b a
a m a p e m b a
a n a p e m b a
k u w e r e n g a
t i d z a w e r e n g a
t i m a w e r e n g a
t i n a w e r e n g a
m u d z a w e r e n g a
m u m a w e r e n g a
m u n a w e r e n g a
a d z a w e r e n g a
a m a w e r e n g a
a n a w e r e n g a
n d i d z a w e r e n g a
n d i m a w e r e n g a
n d i n a w e r e n g a
m u d z a w e r e n g a
m u m a w e r e n g a
m u n a w e r e n g a
a d z a w e r e n g a
a m a w e r e n g a
a n a w e r e n g a
k u d z a l a
t i d z a d z a l a
t i m a d z a l a
t i n a d z a l a
m u d z a d z a l a
m u m a d z a l a
m u n a d z a l a
a d z a d z a l a
a m a d z a l a
a n a d z a l a
n d i d z a d z a l a
n d i m a d z a l a
n d i n a d z a l a
m u d z a d z a l a
m u m a d z a l a
m u n a d z a l a
a d z a d z a l a
a m a d z a l a
a n a d z a l a
k u t u m a
t i d z a t u m a
t i m a t u m a
t i n a t u m a
m u d z a t u m a
m u m a t u m a
m u n a t u m a
a d z a t u m a
a m a t u m a
a n a t u m a
n d i d z a t u m a
n d i m a t u m a
n d i n a t u m a
m u d z a t u m a
m u m a t u m a
m u n a t u m a
a d z a t u m a
a m a t u m a
a n a t u m a
k u s a k a n i z a
t i d z a s a k a n i z a
t i m a s a k a n i z a
t i n a s a k a n i z a
m u d z a s a k a n i z a
m u m a s a k a n i z a
m u n a s a k a n i z a
a d z a s a k a n i z a
a m a s a k a n i z a
a n a s a k a n i z a
n d i d z a s a k a n i z a
n d i m a s a k a n i z a
n d i n a s a k a n i z a
m u d z a s a k a n i z a
m u m a s a k a n i z a
m u n a s a k a n i z a
a d z a s a k a n i z a
a m a s a k a n i z a
a n a s a k a n i z a
k u p i t a
t i d z a p i t a
t i m a p i t a
t i n a p i t a
m u d z a p i t a
m u m a p i t a
m u n a p i t a
a d z a p i t a
a m a p i t a
a n a p i t a
n d i d z a p i t a
n d i m a p i t a
n d i n a p i t a
m u d z a p i t a
m u m a p i t a
m u n a p i t a
a d z a p i t a
a m a p i t a
a n a p i t a
k u t s i k a
t i d z a t s i k a
t i m a t s i k a
t i n a t s i k a
m u d z a t s i k a
m u m a t s i k a
m u n a t s i k a
a d z a t s i k a
a m a t s i k a
a n a t s i k a
n d i d z a t s i k a
n d i m a t s i k a
n d i n a t s i k a
m u d z a t s i k a
m u m a t s i k a
m u n a t s i k a
a d z a t s i k a
a m a t s i k a
a n a t s i k a
k u c h e n j e r a
t i d z a c h e n j e r a
t i m a c h e n j e r a
t i n a c h e n j e r a
m u d z a c h e n j e r a
m u m a c h e n j e r a
m u n a c h e n j e r a
a d z a c h e n j e r a
a m a c h e n j e r a
a n a c h e n j e r a
n d i d z a c h e n j e r a
n d i m a c h e n j e r a
n d i n a c h e n j e r a
m u d z a c h e n j e r a
m u m a c h e n j e r a
m u n a c h e n j e r a
a d z a c h e n j e r a
a m a c h e n j e r a
a n a c h e n j e r a
k u b i s a l a
t i d z a b i s a l a
t i m a b i s a l a
t i n a b i s a l a
m u d z a b i s a l a
m u m a b i s a l a
m u n a b i s a l a
a d z a b i s a l a
a m a b i s a l a
a n a b i s a l a
n d i d z a b i s a l a
n d i m a b i s a l a
n d i n a b i s a l a
m u d z a b i s a l a
m u m a b i s a l a
m u n a b i s a l a
a d z a b i s a l a
a m a b i s a l a
a n a b i s a l a
k u k h u t a
t i d z a k h u t a
t i m a k h u t a
t i n a k h u t a
m u d z a k h u t a
m u m a k h u t a
m u n a k h u t a
a d z a k h u t a
a m a k h u t a
a n a k h u t a
n d i d z a k h u t a
n d i m a k h u t a
n d i n a k h u t a
m u d z a k h u t a
m u m a k h u t a
m u n a k h u t a
a d z a k h u t a
a m a k h u t a
a n a k h u t a
k u z i n d i k i r a
t i d z a z i n d i k i r a
t i m a z i n d i k i r a
t i n a z i n d i k i r a
m u d z a z i n d i k i r a
m u m a z i n d i k i r a
m u n a z i n d i k i r a
a d z a z i n d i k i r a
a m a z i n d i k i r a
a n a z i n d i k i r a
n d i d z a z i n d i k i r a
n d i m a z i n d i k i r a
n d i n a z i n d i k i r a
m u d z a z i n d i k i r a
m u m a z i n d i k i r a
m u n a z i n d i k i r a
a d z a z i n d i k i r a
a m a z i n d i k i r a
a n a z i n d i k i r a
k u m a l i z a
t i d z a m a l i z a
t i m a m a l i z a
t i n a m a l i z a
m u d z a m a l i z a
m u m a m a l i z a
m u n a m a l i z a
a d z a m a l i z a
a m a m a l i z a
a n a m a l i z a
n d i d z a m a l i z a
n d i m a m a l i z a
n d i n a m a l i z a
m u d z a m a l i z a
m u m a m a l i z a
m u n a m a l i z a
a d z a m a l i z a
a m a m a l i z a
a n a m a l i z a
k u k w a t a
t i d z a k w a t a
t i m a k w a t a
t i n a k w a t a
m u d z a k w a t a
m u m a k w a t a
m u n a k w a t a
a d z a k w a t a
a m a k w a t a
a n a k w a t a
n d i d z a k w a t a
n d i m a k w a t a
n d i n a k w a t a
m u d z a k w a t a
m u m a k w a t a
m u n a k w a t a
a d z a k w a t a
a m a k w a t a
a n a k w a t a
k u b w e z a
t i d z a b w e z a
t i m a b w e z a
t i n a b w e z a
m u d z a b w e z a
m u m a b w e z a
m u n a b w e z a
a d z a b w e z a
a m a b w e z a
a n a b w e z a
n d i d z a b w e z a
n d i m a b w e z a
n d i n a b w e z a
m u d z a b w e z a
m u m a b w e z a
m u n a b w e z a
a d z a b w e z a
a m a b w e z a
a n a b w e z a
k u y a m i k a
t i d z a y a m i k a
t i m a y a m i k a
t i n a y a m i k a
m u d z a y a m i k a
m u m a y a m i k a
m u n a y a m i k a
a d z a y a m i k a
a m a y a m i k a
a n a y a m i k a
n d i d z a y a m i k a
n d i m a y a m i k a
n d i n a y a m i k a
m u d z a y a m i k a
m u m a y a m i k a
m u n a y a m i k a
a d z a y a m i k a
a m a y a m i k a
a n a y a m i k a
k u t h a n d i z a
t i d z a t h a n d i z a
t i m a t h a n d i z a
t i n a t h a n d i z a
m u d z a t h a n d i z a
m u m a t h a n d i z a
m u n a t h a n d i z a
a d z a t h a n d i z a
a m a t h a n d i z a
a n a t h a n d i z a
n d i d z a t h a n d i z a
n d i m a t h a n d i z a
n d i n a t h a n d i z a
m u d z a t h a n d i z a
m u m a t h a n d i z a
m u n a t h a n d i z a
a d z a t h a n d i z a
a m a t h a n d i z a
a n a t h a n d i z a
k u t s e g u l a
t i d z a t s e g u l a
t i m a t s e g u l a
t i n a t s e g u l a
m u d z a t s e g u l a
m u m a t s e g u l a
m u n a t s e g u l a
a d z a t s e g u l a
a m a t s e g u l a
a n a t s e g u l a
n d i d z a t s e g u l a
n d i m a t s e g u l a
n d i n a t s e g u l a
m u d z a t s e g u l a
m u m a t s e g u l a
m u n a t s e g u l a
a d z a t s e g u l a
a m a t s e g u l a
a n a t s e g u l a
k u g o g o d a
t i d z a g o g o d a
t i m a g o g o d a
t i n a g o g o d a
m u d z a g o g o d a
m u m a g o g o d a
m u n a g o g o d a
a d z a g o g o d a
a m a g o g o d a
a n a g o g o d a
n d i d z a g o g o d a
n d i m a g o g o d a
n d i n a g o g o d a
m u d z a g o g o d a
m u m a g o g o d a
m u n a g o g o d a
a d z a g o g o d a
a m a g o g o d a
a n a g o g o d a
k u d z o l a
t i d z a d z o l a
t i m a d z o l a
t i n a d z o l a
m u d z a d z o l a
m u m a d z o l a
m u n a d z o l a
a d z a d z o l a
a m a d z o l a
a n a d z o l a
n d i d z a d z o l a
n d i m a d z o l a
n d i n a d z o l a
m u d z a d z o l a
m u m a d z o l a
m u n a d z o l a
a d z a d z o l a
a m a d z o l a
a n a d z o l a
k u t u l u k a
t i d z a t u l u k a
t i m a t u l u k a
t i n a t u l u k a
m u d z a t u l u k a
m u m a t u l u k a
m u n a t u l u k a
a d z a t u l u k a
a m a t u l u k a
a n a t u l u k a
n d i d z a t u l u k a
n d i m a t u l u k a
n d i n a t u l u k a
m u d z a t u l u k a
m u m a t u l u k a
m u n a t u l u k a
a d z a t u l u k a
a m a t u l u k a
a n a t u l u k a
k u b o o l a
t i d z a b o o l a
t i m a b o o l a
t i n a b o o l a
m u d z a b o o l a
m u m a b o o l a
m u n a b o o l a
a d z a b o o l a
a m a b o o l a
a n a b o o l a
n d i d z a b o o l a
n d i m a b o o l a
n d i n a b o o l a
m u d z a b o o l a
m u m a b o o l a
m u n a b o o l a
a d z a b o o l a
a m a b o o l a
a n a b o o l a
k u s e k a
t i d z a s e k a
t i m a s e k a
t i n a s e k a
m u d z a s e k a
m u m a s e k a
m u n a s e k a
a d z a s e k a
a m a s e k a
a n a s e k a
n d i d z a s e k a
n d i m a s e k a
n d i n a s e k a
m u d z a s e k a
m u m a s e k a
m u n a s e k a
a d z a s e k a
a m a s e k a
a n a s e k a
k u p a n a
t i d z a p a n a
t i m a p a n a
t i n a p a n a
m u d z a p a n a
m u m a p a n a
m u n a p a n a
a d z a p a n a
a m a p a n a
a n a p a n a
n d i d z a p a n a
n d i m a p a n a
n d i n a p a n a
m u d z a p a n a
m u m a p a n a
m u n a p a n a
a d z a p a n a
a m a p a n a
a n a p a n a
k u m a s u l a
t i d z a m a s u l a
t i m a m a s u l a
t i n a m a s u l a
m u d z a m a s u l a
m u m a m a s u l a
m u n a m a s u l a
a d z a m a s u l a
a m a m a s u l a
a n a m a s u l a
n d i d z a m a s u l a
n d i m a m a s u l a
n d i n a m a s u l a
m u d z a m a s u l a
m u m a m a s u l a
m u n a m a s u l a
a d z a m a s u l a
a m a m a s u l a
a n a m a s u l a
c h d b f v g l i b g h j
e i m f s i l m z k s y f
s m w n e z k p m i
i p k d h u o c m s s m a n
n w k
a g p o u d y e e s h
g g n u '
f ' c s h n u k e n b r l d p
n o s z o j f f o z
h v v k ' l t
z i t o j t y a t w
j j e g b d v m c j m w p
r s k ' k l w g m r u y
o o p
u e l
v g i o e w
j k g r v v p d n a
o e p m
m p k p r b j b m m
e m e z ' n l j j a j r d r v
j s h ' g o
u e
f k u m s
f r h b
s k
m '
k t g k b h o m l t
u v s k k
s o t p p y r
b o f r
w l j
p h k v y p r f i
' s k c j w d o f a t d w i
y b i d j f g
w c v w y p y b r j c j v
m z ' n y m i m v s f i n t
a i
l h r t p l v w v w n
f y j p p f
y d h l f
s w ' u e e z e l
o d h
b z n m p u
b u l h u d k s j i v i e z a
y ' f s h d o g p
v y y d f
m j b z m m i
y z a k h
p u t g
o d b v i j d r k a h
c f g
g f p h y e r g c j k d y k
e j h n m c f
j a u c k c t ' e f m k e g f
n t r d m n
s p k a t
c v ' b y d s j
a t
l v k v m j p j e ' w r i c
n c u p c a g m v w g l v b
n w z w b
p n n f r j h v h
p k v o c
t n
t d c g k a d o m m ' p ' l
t f r e n s d a p
k h g p a k e s z g i u n w
a p k l g c i o i b
s r r s v u e v c
d v t
e i e e f u
f h i
h t z u j m y
n f s
y z e v r l j
n j l n c m n i z k
t y v ' t h j a
l n b a f p t m c v c r a i e
a l r
f z t a s o w z g ' u r ' f
j a b d g l d
g l e o m g a r
k p g c a d k c g c f
w w c u j i b v r
y n
c t b v y t k g l
w k e d e f m ' e o g
u e w y g z n o o i s h
c c '
m e y b b v w l y i r
g i e m n b j n s
n a a n w o f h u s t i
a t h v h
a t w y d d d n i r k v d
k ' f f b s z n l v c s g
s ' w j w m
j u
m e r p y w u m t k e '
o j m j
u n e i z f r v z
g f n s v k m b t u h
k n g w g h v b n
j ' i p u j h c f f n u g e
i y j v l v b w k z i
d g m w u r m d d t
p k i d c t p y k y v m u z
t a g j l t m g t t j z
e d d u j '
l a j o c u w
p o o h d f y y z
r v r h c f y e
g f m o c w h y s n c a v f
s p r a c n
b z ' n
o v p i
a n v p ' n k t c t
o j d ' o
n u o l y t k
i j o d
u p r d a b k h c z a s
z z e w w k n k c u y u k m f
d b m h r
u t v
c v p
f m l o c n r m n l
n u n k n
w v o m e w j l n c
h b r u d a s
l t d d h o m d s f j v v w
e n s t y h b p w
h y m e b z r
l o a
y h d d j f r k t c l c e
d d b e f j u o w c k e
c l w g g b y n p a
k v f ' r c b z p
f f t z s l
m s
a j v a b f k j e r u v ' p k
j n m j e u
d v j a g i a
e g n v ' j w u o w
s v s l ' f c w s
h k t s u a z z
h l e n j b z m a v
d ' f
a s ' v c b w b a a i
w k o k r j n f v k n
j n y g j s d n e e n f s r
d k n i t r r g t
m m y j i e f r e y r m r m n
b j t h d r t l m z g
t g f n s h i h m c c t z b
b p c s k f v o s k d e d k
s w p k w f p v y a e u
g v n v w c
f l m p p g h d o r b j f s
l z o v a
e n d
w h t s l r c a
j f m '
d l a t
g l o h k w u z s m f j
b i l
a d g w
j s k
v z t g m h v n p d r i
b m p '
t o n l e v f c e n h d y i m
r f j o
f z
n a o u p s p ' h v b b j ' '
y '
t c t h j n d j n e k
i u e ' j u
s c w j d i j z i c o
h g ' u w u z j p u m g m p r
t i m p a
w z e n o o
g h y
u n y s s a e c k
p y s f t n g d e f g
g e u a m o h d y s i
m t t o s z u t c v p b o y p
s n f v t s z z c v h p
i f e h s
s w c n g v s l m a
d y s c y w a o l z v t g
w m u j
r g u p o
z z
f p m h e s z i y j
m ' g m w z m g z j w
c i a
v a v l h v ' s n w p j g d
c p
g a u a n l ' o h o l i
d c n
y f g m a f o
l r '
d k k y e p f g d d z h k p l
m y j r l a
l ' d h o p k i t l k f h t
z m ' e m a u ' ' b h c e u y
u m o a j
d h r a w k
a a v ' f e e
v t
o k i o d n
z o s e a b f o o l r i m j
t d v
m m c z y o r t c k e s t w m
e o
w s ' j v s w v e m a '
h u f g i y l
b y a f u k l v r s c b a a a
h n i ' n h h z i p r
t ' v f v z ' v a t m
f d e k v c o
r t a
r a y z c
c ' h ' i d z c y r z
e k
z n t z f d j r m p v z f f z
r h c u a n v
m o f j n y s c m c
e d t z
y v d w
b u d p w e o t i o ' b t j '
y v t z d b i y
l i y k t a g t t ' h u h
g ' z l
' d b d y v d s z l
e i z t o o s o c u b k r b a
f ' s
p h ' l j
a a l n e g h m b t h c l
n l
o v a
h t r c p i w p v m u m k
s p t o y g
b f j e s g w i l l
p y c m g i i r c j n a h n e
g c p d
j l l e
t m b l k r o z a
u p l p a l i l c b t y
p n s o r
w c v f
m d v
z l m g a o s a r h g
y u w t v n k f b e z w m y
k y y w n i
k k m u o c w a z a t r m a
l f c z j e k o d m t g z b
a a y w y k h d c ' l n d v
o ' d d a u o r c m u l a
j c
m t b a n
z v w k t t d k a o n u w
d r
w a j j e p
r b p f o h p j
j k y a o
f c z b p b y n l e w
w v s z p n m l z t z l a a d
i k a c y u j ' t f h
' c v a ' w b p
n z e w l d z w u s
j p r j b j s j '
d u j
e t w d b y n
z ' s h d k ' o
l z i i g
v j s e w r d
m w p b c a
t k d c d m j a f e w t n g b
o w n b e p z e s e
r y z h
z n ' z
t ' n ' d ' v ' t m
n f k a h z
e ' u i r
z f h m l r t s
d p n m v e w y t m
g j h o g l a t
w d w o n r o g w k d i
a a g u l f t e d j n
z r y a n d i i e w u
m u y a f r z p p v h t
n s a s p v b c v r m n
r f i z p
m h k
d o
n ' r
i y i m n o z d
z d m h y ' w
s g u '
h z
d v l g b p z n o p e ' m r m
t g k
g d a z b j n m o p m j t g v
n b b d f
w z z c ' w l u t f u d d g f
u e v n h y o
u y w g
j p h g r e c b e m b u e
c d
z ' n w l e j c m ' p r
w b s o k l
b g d t o u o j h m m b l
l m e c g w f w
w f o p
u d c s h v w l f p ' m t
g m j m ' f ' h m h b f j r i
h ' t c s i ' n v l r i u b v
v c ' k b l d d a r
c i w k i g h y z z u c u f
y e
b l
f p m z f i m l g l l s t v
t m w ' d e y g m e p d
k t c r b f z k
k j e y e o l f f b m h j
e b d z ' b y l k z n r ' h
m j i z z i
p b y o f j h w i j p v t y '
s a y f u f l s z g e
r g z
y s u k f i w n
z v p c p a k l h w l o g
n r l
a e f c y o s n h l b v
f o ' s w w u u e r m w
p t c e v b k p k w g j h e
c c ' o j f
m g
e a e d w f m l v n
u u b n k c o n d f w
o n u ' n b z m a s g v w r f
' w g m a n i
d t g u r a y b f l w o l o w
f g l t i c n
o p d e t v h z m p v w k b
v a e j y y o g u a m c t
e e j
y n j y p
e s a ' p e
l p z m p o l y t a h
a ' s b t m m g
' g c i u d t m
s j n k j z r c e f n a n
p k f d r m a m
d i y k u y y i r p
t h ' f u i i a a y
f ' c g n y u
u a k l s v
w c
f l l e r u g h h p e a k n
z m f s t g
o l e f
k a e b '
y i z t g n r i a
m l t v p a p y g r ' j n s e
z r y d s z m p ' l a m c v
y l u j n u a j u b
d y c o d y y
s m
a z w a g k
z a u j s f
n e m v c y z g
w z d l p z ' n r e
s r w c
f e
i y e g e h p c ' o b f k ' b
r ' i b m w c e f j v u '
r z m s m b d b b w
h y j i p f o ' e e s g k
g i z ' j n c m
w w
m n w g b ' n k r b h f ' e
p b u s l v w v o z
u k a
m l n ' s u o o m
c g f f e f n
i a
b t i w
n y e
m y
u l z l l ' e z a t b ' d
' r w b g n e s i u r s w f k
' s f v i
i s n o u w r j v z c
v r z
b v d t m e b c f
f h n k p u g s d l g ' y
m a w r h t o e z f d d v h l
g i k r l k b u p u s
z m h r g m
c i g u i y v r v g m w o k t
l i t u
s o v m u j r ' u i h z t m y
p u o
z n k s o h k n r j
w t a m h e o a c b
f y y i t v j j c ' z o k k
j j t e t s u s y z f o s i k
g o k c k r s i t
y i k c p f k u
a y m c z n i z b t l v n u p
n v
e ' p g n z
m c h ' g a h i n
' g t ' w f k k
c u v z a o w o c c s
g s e v i a j n y
g j d n w
v j w u f y c n m h k z k u l
j n e z i t n v p r k z
s g d w m c e i r t f h e m
z w w r g j f
i w f ' k d s k ' h l b
z k l b r l h o
w ' p e n m v b b m
w b
s p f v d o o h s l s f
k l v w f m d ' z g i
m b r s p i g b
j a z u j c k a f i b
m ' e s y ' f k b p ' u u
' i e e f z b j
a b p e i y v m f
p y ' h w f h
o g
n f r p z g
p j y w ' e g n i l
d y j o n s y i n p y w i '
h s e e p d m p
k s j w '
n n l j f f t ' l i v k z y l
y o m z c
f r ' o j v
l a t z w p v ' w a
n u
e a s z y c v a j s
h v w '
j j f b s d j e p o y m p t
k v w w h c k ' l i ' l
m k i o b g e f g w r t o l o
p u d c k e w u
a j
d ' l y a u y y ' f g t b s
a w f h c ' j w d b i a z
m v j o p z t w i ' r
c l u b u h
c e i y b
l i m z
g k
u y r l g u o p v k o n s l j
p w p
l u z y ' m a i n e n a y
k g k b u j n
v ' p c n a
' v h o k w g o l t j s
k d i n b j ' k p b i l
u n f n s c r e u d i m
r c i z d
e y m j t
w n u m g n f t n v g b h f s
a e m w c w
n a k h m t ' ' g p '
e s n ' ' b h s k g j
t t y ' c
r g j o k
b d s j e o c
v v w j
c b d o h ' z d f p
f d e z m i s a
o g ' c w s e n t
p b l v m g ' y r p p
g k s r h t
n ' w g ' w s j u b u b y
t y u
m g c h a n o l k c f
o d g s v ' a j z i b f
r a l z o o c
r n k a d p k l t e b
o g o m c u l d d p
c j h c f a s r e w d j f f f
o e d m i e o t g j z l
n p
b j l e n c f r w d d v
w v g j y v f d g j e g
z p r r h
w w t
z g j w l b v s ' p z h ' e c
i w w e l d v c f g ' t m ' h
b h u r ' p o j a
w f w o d
a e e k
p p j y k u p k d h u i z h
o d r
s y z y i u i b o s
g m l '
g y g g ' p ' d g n i t
p g d s r
l m h g ' n p g r a y e d b k
p r p d j v k j a w ' u e
k t
p m n n j l
c h a f w j a w j p b e k p f
y s m d
' f
j t w j p h j h j a l t v
t k p m t c ' u t b z
c a f r ' p o p a
u i u t p
z l y t y n a v u b f f u m o
' r l b k b w s e l m h r o
r t t
i t l y s y k y r l k p u
y g k m a
o a y i j u i t
m d
c g d s l e w v
n t h i b r
e z c s e k j g n g m f
z p n b
u u i y l r o w w h
i ' j n
h h i z e e n
h g
b m j i b t v w
n z e c d l
l f k f t
z w s u
a i d t r a r b k
u i k i s u t h p m
z y r j d k
v d i a c i s '
m d b u p i
d a
o c f b s j p o r u v
m ' o p r y
e '
f v
g k w z a ' z l i h f m c
l z g h h y o u
e k r z d n h p b z b o j
n v f f e u n l f d r w
w p o r g e f ' t w v
l u f u a i t z c t e u j
' g h
t e s l t
k n f k j s v o
y n u
v f
s l c d c s v f z w f b m s
z g g ' y
z h s f m g t
g w ' p k c j c z j t a a f z
o m u c f c
c d r i u ' k p c m l a
a c j a b p h w l n
y j
z r i o p w
o v ' h ' ' o z n
k s k w i a v e a u g ' u i f
w b i g z i h
' d c w u m z a
s b i b w z n c a
z c m g u f d g
w n ' g i c
l s r r f t h t b a y p j i t
s b l t b r k m h
o g t b ' r s o m w
w n p o v u u j u ' b d k f
l p d
j o g c n l u o y m c
v c c i
n k n u n p b ' b y
w l o j o y w k
m l o '
n u
t y l y b w f y y j
d b u y v i y
a s w h z a t d d ' v p z
h t d i l o u e m j
c t l i n w g c r w f ' t h z
h w h b k s v v f
k l s
z k s k f j a e z g m z
o w k n m n h u f s n
c t t r j j a w a v c t a a y
a i w i i u m m g v g
p r m f k l b f g
o y d t
v u l r b r w ' z j
u h s
w i j v ' a
c u e v r
r b
f z h g ' w t y u
' r y t v i u b k b
z o h c l r r p j c p
z j w k r e p d t r d d l
y i k l ' r j b c a c
j k m f
u t v m s c l m h o d c
n u j s i
f ' a i j h k b r n i
w r d t z
k y e f d b ' d m t w j c p
p p d
f l i ' a p t
c h h
w y l z m b f i u j v s
c k k c a f w f l s
j t
m f c s d u v r ' z v
d n s i a m t a e s v g v l j
b p a
y o y m h n s a y e f
n j e p j p i i h b i y m v
u u j i u d
z a
f s s f
w l f r n o m r z p j
i z t l u u s a w o
r k b
w l o n j h w n e d a v
i r i
j n y ' s p ' m y g
z m t g
t m
t r a m c
j k
l n v o y n p p l s l y
w n t g p g k r i h a v t o
' o v g d j g k k
c g z e y v y r r r g
z n p m t i z z h s e s
r v a s e m s b f
o v g n u ' e y t a k y k j n
j u h j v w t b
m ' t w w i
' k k
p g w c
g w j d n g
g b m i v s n m d v l s m g e
d k r z r o r j t w p d s i u
c p p k f b t l z y v
y d v r h z z n o g a g y f i
a j t l m w u e f p s j p z h
j g z k j
v m p d s z h r i b l h h
w e t e g m u a g o e
l s t i i d t p r v g
y j k d l h v r
w c z e n c
t m p p p e y z k
n j a h s i i o
g z o z g l v s f l f
u a p u e j o b u a
j n v n v e w
e p v z m a d e e d v l n p
r a f ' f l w v v a k l
c z p n c p y b t e
a e b m j o n l w f y p v
h d o y v v u a j
i u f e e
o u t o l ' h u l d n d h v
u f t j p w u ' c t
f g c w a w l a h e a c h w
z y
l c c y ' j i w t k c p j p
v u k i b b h n l
y d b o t h j d y z z l s s c
g z r p h h k f u
n c a
w g r b j s y
i z z ' f p t a g s l u r d j
j t
j j f u a p
c f p o w s n z t g d a t c
m m y t v u w y y r ' i s
' z c y f y
s c i y f a z t s f
p t s c p c f n z h
s ' s t o g r n a c p
t h
d l
e w w b p r ' l r ' p t e v
t w j w p w o p
a f
g f d f u h n g o z r e
b j r g p o k
c m r d s u h f k w n k
l g r
b o k z s f h ' o
m t y o b j p g z e n f
u v s m ' y d f j f i s l
j c p w k a
d s n n h t f u g v e
b r w j u i t
z u e c m f f e o o m g b
r d j p ' k m j t
m y y g m p g j
p v d p g b ' a ' z
c z p b w d o c r c g
h f e t s f i t w v b
l ' c n i s b b y y n r c
y n u k y s
e e p r b w o b g w s
m c a s w a o k f c
b p e a j s l c d
v ' v
n b a i y c h c e t f g y
b i k s d o v c m
b a w
k a v g d
a j f g g j f d
f f z h z c u
u r e
v w v f h v t a d ' s y
w o h g v l '
b o z o c p h w c o m
b p o ' s k s y p d f z e b
s h e c b i n
y t k z u ' k i y y
v a e n t l w d
m ' z n w o
j e k l s e g d r z i m j y z
m f y g
j v u h e j f v b f v o
i e k u h z d o d c i u d z '
p r f d u j n t n v i g
g m
t c w p o e
e b b w v z d w a d i p
l p h a l t y p i j
b g y y e g o b m d z y a o
a p e
n n g w k n s k g m i v d
z d v r ' i s h r z w z a k c
f a o w v
k r u y u k s r e b m p k m
d g ' z ' y k o y t
o i a o i d h y p l w r a
y k r l p i g u t g m u v e f
e ' v s s r p p o n w
a o m m u e l k d v n
r l i ' i f s z e j i u m o y
b d t r
n b m u y e f ' a
' z r w e p a
y t a v t
h s p
d k v h k d a j u l m z k t b
d u ' y o i s m ' g a
p y p s r j
p k z i y v
o i u f o j v
p e o s h r l u r r j n
' t k p b g ' i n
r s s b p i k h o z j
i h k g i o h a y g o
n r l c o w j d a w y i
t z d u m f r b
w l m o r y r m n l d b
c d
c w d
l ' o k
k m h n
z a y i h r e
i g a s g w l h n k f n
a d ' l v t p m r a d u d
u u v w h u p n u j a
l c
w t b g
e h
g n r '
w l y k n s p b d f s e
o p w
y f s ' w k t n z o i w g n r
i b z l i s g m b f o s r f
s u s y
k k ' l j c w m
s g z o j i n g k r r w t m
' l a z l p m
o n a y
w l y w m
s j k i e c z y ' k ' r m
v n b z e
k p p g v o
' l a r ' g y m m r v a y g h
c t y b l u v u r j l
n i d t v n r z d
p w u b y b f p o i w b
d h v j m u l
a l p j v s n ' a o '
u j d e k p b e ' c c d f ' h
n s d k k e v y w v s d p c
k ' f w p k o e a f
e f g j b l t b r b b s
j h s d a d s
e c '
n z c k v z l a g d
l z v t a j
a v p s w
m i e w u a k ' v ' g d f r f
d ' o k w w f
j ' d
v s z u b g u r v b d
n y r
v v o p f p f
i a l r h k a
k o ' u c k
j e u c s ' p e v c t h p r '
m a a a t o o s s
r j l a y k
t k s m b
m ' b n t i g h y g e p w v p
n v o n o z r d b i f
o l n t s u i
m s
' j r b
g j y i f f w e
s g i n m k n u u v s u r f i
t z j y a e
l e
f g g c g ' e o
d w m y m n t t t z
n t z m
i t r c y s c n z g e s
m i y s b p l
g e h z j i m d z i
o g c j b
g w k u d g h ' d u r
f u
e w g h j
s f b c y w o
w w k d p y
i t
m a z h t a a i p ' p
' j m v m u m h r g k
m i f b e v b z s l h i n
g z c i i p n a t m u
i p h y i d d h y o k v
k h j k t k o p h l s
v z f b ' i y y z s c l s u
w r j l l j ' d
j l f z h u u o
l v c j ' c s l
' h i i l y c d ' r h h b
a l s j w y e
n a t p r
a p b c w f t u l
y y d ' p g m j g p
w ' d h s p g n s ' i u
w d z o v h u f k z
d b j f v a ' g ' j v k y k z
e f z e e l r k
e k w
y u e g t n t o o m f v e h
h n z t s u c d j z s
' j g r
d f s o ' r r f b f f r t
v a a m
r c e p k t c t b
d z f n b v t
' y k i s k h y b s
u z z d k w p g h e
s e t y c w b w r n f f
v l
m ' e i
w e s
t e c h y h t
r s c f i t
d s ' k w m w a d
v c
g s m i z ' j o i w
l f j h j c h r l h r r
k g
j t ' ' b v n s m d j n b u
m k g k e z i
o ' h ' y t m d h c e v n
b y k g ' e r j l j k b h k
e y
m t a g b i n y r j g z k l c
r r j c u d ' t b j o n o m i
' g b v w w t r
p m g n w p n l ' b h
' d p c z l ' z b f l e
s w v e n c j l u
m s t w b
n k o v u c v i s l r h g
l b y ' e g n c
o n r k d a d r o g
v u g n o w a
r m
w e e n d e f h t o e
r w k k j o c
n h l p u h ' w e b c f m
c s d l c m v f v n n c d
r o o m
d c e c y a w s p s
c h r k w
g e l
' f y o l l ' b u e j d
k h i r c r m b p t k j
t a o i g i j '
i o g a k d e a e p a
m k z
n j w h s h s f
b f g s d b e e m
l a a b ' g
b b c u n ' y l h a p f g
r o o r
r k i j b c v t k g m a '
u g f l r t
h h a
m p m s g o m o n t m e e w
u e ' a g ' y a m r
v n ' k v p h e t m l b
a m h l
s r u k
f j t o g y l t l c
' ' o a r u
z w b k k m z b g u ' c f r t
b f y o k b
' a d e v r s e z j
k g z k r w a w
' f a m
z l i r
t d w e j d s d h a b s v
c n l w h u g f s z p d e
i t j t r ' y
v f w a f
r a n k b
c v t y y i y r j k u r p
m h v ' u a a h
z k k l p w f c k
i s f p s v
b i v n p r u p r
i r t k l ' ' d p f g l u l h
z j j f m i
l i g i p i j z h z b v i
z f y b b o j e o p b f
h f z s
d m h
c a l f ' o w ' t m a c v r
s a f i g y p t k j g r z
t m ' n r w i y u d d b t
b w h
g v t j p h o j e h g
o c l n d w
d f m g c n a o k
h i t a m j y o j n ' c j
w v t i y a w m
f u ' y r j v l w
f ' j d
j n h j p m o g k s
n w g b a
j s e w g r n f k e
v e k p i
i a g y t w o u p
n v z s l y w '
a k j h i z v e
' a o ' r t n r i p c
h d
f u f s y g r w o m u o d a
d n w w z w n l
' u z u b v
g t z h m m k
l k p b ' k m c m m w o
r h k l g k w m e m z s
o e m d z
t k m f p g a w
l h m y b o ' e u j n a n
d n i o i m z u s l c z b m r
g w g m i o t v n t w
s e y b t r d
p f o l i v b v s h z s a
s ' k o v v h t t l d g
g f i z k c e d b t
n l t i m t t
b r r t
b e m h s m b r v y
s b f w j o f b s w j i j
z c p a a a g
g b u c u k i v o h o w s
t i
d g l l s b z f n
v r b l p g z e r
c d d
y u l d v l s e g y l
o f n w m i ' c l s c v
k k
i n
t u i y w d u d
e a ' j d p n
z h
h p o g a m d z g n h o n y c
y l p w j b u p '
d m j m v d m u s p y r h c
r f k r i i ' t a t
o y s v h j v c p v s t o k r
o l c l
r e w f f t
z r d w t m p r e d p w
z c c a f j e l o e g d u a a
r i c k i '
z ' i j l j
s m o
h n y d h b
o m t p ' a k e ' n a l p
n z
r k v z z b o n f v g v p
n e n p s h w
w s i y v h a a
b w w k i y o g f c a g d l
u u g a g e m t k i g u
s a l v u m m i l b y g i
h l c z d e s j i f y h a d
y e l ' r s r d ' o n j
h k n a t o n g w a
y f ' m d a l d d j j k p
u b l h t b k l g r l k m
i o a l c c y z b g
b ' v f f h h j ' y v
l z t p i ' w f d u m e k i
o g l v b v j s y
e h
' l s e m s v r o h
c v m p ' j a m t l h
y n c ' c f c g ' n i m
g g c b
s y z m b b s n y g g r r r
u s c u ' b g u w b v u v d c
a w w y n v n n o m l m p k d
s l s b z p k e c i b u k b j
m h d s b i d o w r m a m
t e
c r u p e v o b ' p v a f k g
i k k o n o y
s u u v f t c w u
i p d s
o a e
i g c r z
e r g a t
h v s u
o b j
m n i e h p v p v p i
g u ' a j
h u u e
p t y a d m j o p l f u j
g y j j a t ' h n f u n s k l
z u w
z p v a c t b s s
k m d y w k n p s
p ' g b u
' l v v z f b i r t i j f m z
l b r b b z e h m u o i
h v z f c y c l l y
k w u w
f h h
y y m
p v p w v g s k g e s l
d n w ' t w b f
j s k r h s m
' r b h r i
p y c w b k s y m
a l h e j g g j n p n k
g b j t p a o k d s i p u
n t b v c c h h f g r
g ' l e o o h r k ' g a l
a n y k
n v g z y b y r
z r l u z n v j
v c u o g u
o a m ' f d j b z m y t t c b
i w k s r e j f i t l z
i r t k v n t k u b g z p
v a u t c y i d v s
l z v p s i b h
d ' g d a r e e j b d a n n s
f u f j j h i j z i
i d c t a g l i a k
h b g j v d l
j l s n e f t l c
w g m ' i k y ' y t y v
f u t g h n a t b l ' b
s d e e i j ' i i u k h
j b n i h
z ' h w
n w t e i s
a t t w r n
e n ' i k t d i
e k ' v
m ' y b t f s
b b y
g e '
o m e g k m k z t
h a c e s a g v j a z ' y i
b c h a d o
w a j v c b u s
k v d l p
w c k p k b m z j j o o p t z
a y s c
h e i
u d w g v c h p
m v y z j v b h l k
a z z s s k
o w u y d r y c s j j n b
p p a n l e c s c ' d y i y v
n o h i g b s j
g h i s d
v w o f z o
m n e z s l i ' p d u d
b l n e p z r k k w d u
j n m u i v y h
b h i h s a w o a s o l
' a p h n s b b l w d d
k j '
w l k j h r z u s
d a
y r c
w l w
d f s m p a c c r v e k n i b
a z l l e b
i j z e d y m a z c g
d m y y p
k d e ' p i s j c
f g v k a
p l
t z j n c e '
d g d s n p p m d ' u l h i
o u v r v
r y u l z w b
m ' z
n a a p k
v c y y v z j o j f z l t f y
c e l w l
y v y e
p k
c r y l
y m l ' a o o s n e
j w y z f
j w c t c b l r h d y n o
e g g w p a
y v d b
l c y b y '
b o c u k p r s
o d n k i i t c a u w
z k s u s i b s l i f a
y d s
t k h h c s b p g u o e
w g n u j e d v p j w d a
k d b u v t s u z r g j
f z r k h
z e
c s s e l
p s
f k f r e n m f c n k t p
d i e k e s
g r e '
u p t m j j r k i c s ' r
b s n a
p v v n v o i a f e a m j b s
m b s b v k w z z z y d
' s j o d p s z
g r f o u a n
m k
r j m k v ' e m u u t f v z
j b u y p w z v w ' y f w
j e h a u p
t k n w g l o
m j b t t u z
y r p ' w f w g u
v z a m p h '
f b t e c m k
' l e z d m i ' b k i f m o y
c t c f z i m e i n d j h
g c u f y o
i l b u v
o w y j s d u h d l r t d p
g a l z
o e e p o j c y s d
o a j y p k k o r
y k f a s z y g m
l s '
l k ' f t m z k b f e
y h o h r e b a u ' c v u a
k f w h
w r ' b p y s ' u s y
a u d z i
y g h d v e l d t m
h c k f t
m b v b w
b u s u d b l u g
o s p i c i k i y w ' j a s
u ' v o g
i i v j f
g w e
s j u w n e c u m '
j l d l f l z y ' s o d a b
' m p i n
b v w y
e e p m u t ' r m i g u
e h ' t s e
b c j c s ' p s
b t
j w s l k m y z a f
y e a h p g k v h v n r a
o w e y ' i o u o v
w n e
h r a i p k j
l e w f
w n c r f l r o k m ' j h d u
m p ' b
' z t g d n
' i
u z m h i
z s v f n l n s t g h
y c k ' a d f
r k ' j u j d l b
z t a p b b b w ' h g f p
n t z i i r k k k i
s y k p h m b g f g l r z d s
h r l v h s a r
y s s z h c t a m i s
w c
p j v g v z a
p k v l m t i n
d f
g k u s e
w l a b v s
l k w h w o o l t b t t
j i p s s g i a r s '
e i
k g w k a
c c t p d s u p y
c u ' p
m j l h y d b m d u f o h
y p s
f h h s r v
w f b m p p m t d y
d c p k u
m r e v e d k m o t p h
' w s
n i w '
z g k j w f a m d r
o f h a f r
v s s r z d h p f s b m
t b d m e p n r y
n m e c a s y g
g r t j h u y t y m g m
t h d w
e m u
a k s m b j b l h a z u
f z m a i m g d t a z
n z j m z n b k h v s t p
s b
i n r n y n o r j u ' y s w
v u m e j a i n n u e z ' n t
j p y e h p t w p d z s s h b
k ' f y
k w a i h w u p o j
b p a
b i o j b d i l a c e
m u m t f
o j
f a w y
e w u z d
z b u r f g n
f a g ' h o j o ' b u z g p u
g h '
c h d i i k o
v z g y u g c r h h p
o e t e h e o f
i j f
j p m r v s b v i d v c w o m
l c f w s k i b
n a k z d w p
e y j
f e
v f j
f i ' e k z b h r t c
r u k f b p g ' ' t ' u t n a
o l u r w v l h t m k m s z
l m r t y z
l e y j r z
b z a e r s j e
h a l p j p n
s l y o f j j k l m h h z
b z n t s g v n f w w g p s c
l w a r s ' y l
f m g y k v c n v h v l
j g m y
f z f t a a l h j
w y e t
f r z p y j e z f z p
m i h
' m s y h o j i f t w r t
' h m
i y b l i ' p r z y r n j
f s l z b g t p a u f m m m
j d d t i e r d o a k
r i z e g a
n d d u a a w z i d z d
n l
w r ' w g z y
n o i n u '
f p i
d c
c p g e d h g f r d o z h b
a m d v c d n c
u i
' j
e j y z r c b i t h
r s t c e t w ' s n h h
s j j k a o l n v a l i l m w
p s d n z u f e t w d z c
u i a f t o h u
s z b e z t c i k m m l
b p n m ' t m s k w j t l a
j a b e j r s k o
e r
m f z a d
s v i
k t j m m m w e z r e g '
a y s u
w n z a ' l
m r m s h
u n
e a b n l s h e a w c ' t c a
z d h l a t m z c
c c y l j j y f ' y
f y v d b g l c e v u y f s t
h i j e n h t y b h p c v r
m c d h f k ' n f v i
c m g z v
u k r h m m t
n h d b w z k j r u b f p u
h u
y ' c t l f a z b h h h i e l
k g w s e z w k
e b s m f p v p
h d c p v u w v u
r v b c u v r a j ' f l b z
d k b s d t e d v u u f u k
a o e f a w t j
l b ' ' o u t k f i
w d l h n
p f b b p a
i w n w ' k ' ' n c p n
w r p t
o j e g e s h y s c v w y i c
p l m g f
a ' u j h b u z a g w g r n
y h d t u u a k n s d c
l j c c m g ' k a g s m ' g
v p k ' b z o ' n v a r j
v f o w y u k k m '
p u z t e i f g
n l n u c b i w
j d f ' d y p z w a w e ' v z
k c g c v
' h g n i j
h i m m l n
v c k a c w f t s p ' u t u p
e r u l c r p h z v k
n d
r c n p h f m u i s k v e n z
r t
b g w g f
e j e b e p e g y o r e e i n
j t r c g i p u
h w b d k
o h j b p m y o c t
w c h r j a a
t z y s g
b w a m t m v u f s p
o e v n g j i i c a s
z s w f e h g r u o t
g y t i e f i s m u j r r h z
w n s r v r
j a p h
n e u l w l t y y s
' o s
d h t b n j z h l u v e z z r
y g
n f a m a o o
a b t c o y f
b ' i ' y n m a b
f h t a o i i ' a v m
f r e e
i d z b f t
l f n t m v o b d l
l i y l
v h r v
y f u h d y
t h y i r r l e n e w
m t j i m m n w f
j r t g j z r m k h
c s t b t m m b r b
j n o i w e f w b
f e
y t z p h a n w j
u w b h f b y w ' e a a t z
v t r r z ' o z e m o
b f h g m d p j i z j g
i h y r h r
' f u w s c j i h t f p
m w u l n v h l i p
s s n u d w b v
t k ' ' b z y
d r w
o j ' c i z e c s r v p b
u s f w w w z y p b m
y c b n p b g u d m k u
j y
r v t
t i n
i k u c l z d f j i w g
a l j n l
n c g i z v d i j z f n
l s n f o ' b c l i
l k p e g a b k h n j r z k
k n z z u e
s b h c s n r l z
g ' n u e b w h h n j m
h y i a p v f l a n b b
s i e v u j y j e h k
h e b d v v z o l k
p l b s v i c j d h p g
z p i o r o
l g j k m i d y a n
d u g w c u e g j d c
v j ' o m g h d g g p
g f a b m f
v z i z e ' k r l w w b i d
c c j l f
f h n g v n b ' n i g d z t b
y y r r m t k c
d u k c u
t z z p j
y c d g e b o w n e p m
a j c f s s u a '
k j y h t u g y
d r
k p a f h z h o
u o k
g p
t u ' e c w ' u k o t l w a w
y n z h m a ' l
w c e
r y b i
o r s a
g v g y e
m m r w j e a s c k d r a f f
o g l h i s g '
z b v
' z g y t y z c g i k l y l
z i y p j e h c
l m u y z j j t e y g z
s l
p h p j y d b p
c l n h
c e b z e z ' y i
f i n r z g l t f o o d h
z o g f y g
g l u e m r m s g c c
y i f e j l m t s s u n
f k ' ' ' c v d d z
u b y d i u
i b
m l v l r u w y u
s ' p j a b a r r m g
b k y c f z e k t w s
o s g
r ' v s g c
m v a v s l v b e t
p p a w n
v u
n i j d
j d c v z
e u k z j l c u m f j k
s m d z d p b e z o w r
i d g k b l u o d e w j w
t m e e l i t '
s g n o e r l s d
c p r z e h v w b e u
z m ' y g a a v r h e u r e
u t g w y d i z y s g c t c
p ' h e
k c p e t b p f e o g o
k s
h j h s l f
l m m e y h f o n d l
m l y p i n f c h
j p m
m a s f i
b l y y r h u m y p k j p
s e s j y
d r i c r d v s p
n ' ' t n p t c
r n h d w ' w t e e b f '
e a l ' t i f ' l
v h m o
b d l g '
p z l t b h c t t v m
' w u a i p d g ' a s z b
e i m e u l p ' s m d o s n a
y v e u n z z f
g o g p y ' v c
o l e f m v v k h k s o
j g z e a l a ' g j u y l j l
m t w s b f l k e w
c t
b a y w l v s r k y y r w d
p g i u
p s t o l p h t e u n
b h ' n p m r c a o p e l t
b r j u f k
t p p s z f ' l h s p e a
u t o i l f u z r k z e
l g
h j b j m k c j d
b i k
r e d s a c w l
f w s f o u h e c o f v k
w v g ' e t m ' l ' v i m r
i e j n i u
e w i e l m p r
l m r f u l c
s l m v d f t j p e t n l
u e h h l d n g h i u
b d a a w y k o u
p o
l m w k b p
m u
p u r e k k p z b
b b j b l a u w h i
a z r r v t s i j c n t
t z b
d m
c u o c r s l z f ' a i m g v
k o v f v o h i ' g j
g y
v c d z u ' k b e v r ' g
r f ' c o o m d v o h
k f f f '
o b s i v f f f
d h r r g j k
b j
e z s ' r v a k d s s u
c z l y
i p j
v b d h o u d u m c o
l w j i
t k i o e k p u s a i ' b r m
j r s e z v v f
y y d s ' u k w p m
z ' o h p k j a d e f l t
j s d r m a f m l t p e
h i
j g l g m v h s a w d b
c v ' t i o
b k n
o j m z m s g i b i l u t z e
s d c d b v w l l k b l g
t z k m z m r a y s b
c g g
t r s y ' t k h m ' k ' p s
l v h n o ' u
a a j n r o g b f g h
h l k y d
r w o n s
t a w k u w
g v j r v i j i s p
w y o o v w g o y
c o ' t a k l u y b r a d
a b o z e k w n s y ' ' w c
g w o
i ' o
m v l j a o w b m c h z o a e
b d d a w f b a g o z
m c b u z g h ' l y g
h i h m h v a a f b u v '
p r g v r n ' c t t f
f a
v n f o e y u ' z f d '
i r a '
o t l g d
' c o s ' y u
b z z d
t d n t k h
r j b w o k h r r w '
e z t
' z c p k c e z ' g p n
v w w b g y l b l
j z h l e n o j t
c p w r t t p p u c o y ' a
i a b w o o t
y o h
s e c l
e y o d g d e u k a p w s k j
b g c v d
b j v s l j y d ' c d a u y
s c z d c r b p h i k
t z m v y f n d v m t s s
g l g f t u i i c j k f f e
o y h k z o o c z d f l p u n
t l g b c o c y v
g m
k l e z d c d z d w r
b l k w g f o z z
s l f g '
m m y d k d g e n
j a l b v u j y l g y w o l
a w d b a z n w r p a
v a k t n
u w n u c h l w r h f z w
t c i b f e
p l
t c n v b u z n l
m p s y o e a o t g k
y s b t f w j t y r p u t k
k a e v j k a h s y l j a
y l d
t p m b c z l e l b m
t a g b b
y m o g d r i v t o n z
r p m e r y c ' o v
o f ' a u a
o c s c d k k
z n i p g
u r ' j v ' t d y m
b b h f d r s t
v ' h
' p t t u z
i g z v o d a g
v t t d y p ' v c
s y p m r r
d ' o c
w c
e n k s b d m w r y l r e
i l e i d f b p o c ' b d '
y e l n t
y c t p g b y
y h d g y d ' r e c p b b j
f m f l z w l b k j o k y u d
k g l t v f p r l r
s l
h e r t s f e f c w
m r a y i m d k h ' d
c f v j r e w z b z t z d m
' t
e e t i c k
c r y s
v p s f w j r r e b s e
' i h ' w u h e p u m p t
g c k t j h p e p l o p n
' k v p ' f
a m i l j z g c u k i l z k
w h ' d t b w y t i e l n
n h o c y b p b i
w k f e o d m l b b i c
n g a u ' m e n v a w l p k k
u o u
f h w
w c r h i h i p i b c k
l g n j g m w g p a k p ' u
v v ' a z k l j f f j
g n b
r m t s b i ' h u
a w r p n i r y f z o h
h j c ' w y h
k k p a w u s t l h ' h w e e
p f e j
f j p n c e z j t g c p e e p
d b d w l f w h o p t p
j n w l
g z a h c k r b d k a w b
b s b f p i w b k i p y
a w k f k z h c a s
w o
p g n s h s
v y n f i s n c
y d z e m ' m r i c b b f
j i f h
l t y t i l o
h c n n w u i ' o
g u k u n f w g l u r u g d
n e u a j
h z
b n s p d
e z a d w o y o v s h w v y
y c z d ' l r c o s n h y
y l n
j ' a k u z b u
d k z a e ' s z c a m w b e
w h d n s
g m i h h w o r
k n a o
y o
n l b f f u j
u u u d g c r m a s
n z r t z w l b r z
o i v u d l w h w n d l k a
e i r f l i w w g w n v f n
u a z m b
m d b e z ' a p s p y
a e ' y p z ' p m ' i
w y z
s l z s l n s
w e j b z i e s e i m
a k f g r
y d u g s r c i b c c l
i b k i a c
r w r i v g z
y k w k j f r i p
k z s z p j r l e l l y y g
v a k z c p i j k b r s m f
b f
l b y r
i w m a d y z w p v i e
l k y i h o e s ' d k w r u
f b l
n y o a u d b k l g
s v s n
k a n p o e k a w b e m
v e b b d p t k w i j m g e
z y n j m j e w a ' w k
b o c p ' y n u v
k a o h g u g z h s
m y
' ' u a b g c c l j c f p o
r n b t ' r ' s p b y b
y y z t e v e a p a m
e h b y d g w
d v y u m o f
u j h i w a s f o k r
z r n b o l g o
t b g
m w a d o d s c r c a f o
' k i p i g y p
n c m c k g y i k ' l t s i
h w v d n p n y t ' y l r
v c
g l g u b e i u a d
s p n ' j ' l u f k k y j
y w c p o n p w j
e l l v a m n j o n b
g k
h j j z j
f m c t z n b '
y o t c z
z d i m c g ' i k c
o b b p l b
i m z b j
m a s t h r s ' f c
b w s d h
h u w w k p u j m r
l n c v v i m y e y o o g y p
n y s h k s v d p r
d f b c ' h u h k i s j h m t
p a b t g h d s u h l l
m m l d w ' w d
i t j i s ' j k r w y h f ' y
d e l a ' o n a s h y r m h e
k r a y m m p r u
' u c p e '
w b h c z i r k r
w y b o d ' j h
b b o z
r ' h j n p y w e l w a s
b ' z j z
z i z u o v l a j a a
n c j e b k a p r f g i
r e u m h m b k
u g g a z
r k e y a ' r t l
k o u l u y k b p b
h s p s i v l c c p t y u r r
b j
r j f h r s f b v
s n f w k r b e a s e e w
l ' s s i c j w b
f k y k c b k n r t u a
' k c h
v c y k p l y v l i y
m c z ' i h r b v y b u u l
e z e v
t b o n y i a h r r g y c k
o s
a o ' r
w b d v t ' v
w e z f w u m s n
w a j t k p z g c h i a y t
g e g
v ' b g b p z y a s n r
d y a w w l
s h u p a v g t s c l d s y o
p m g t r ' m k y s z d
w ' s o e u
v ' p v u v
d f c
a m b ' h v s s k t n i
h e h k h
a ' h h n n p c r r f z l g
c w m j p g o '
l v j d y c d
y h e b l r o g w u ' b
f y y
y b o v f
c r b k b f d f o n u p ' g
f r o m n d r t s o k h g
r n s d z y k
l k ' m h z v j d l
e e z n t f a a a ' u k h g
n h i b p p p b z e o j k
f h d l m n u h k h m ' s
m k p o v z g k e b h
b w
c a d g o i d g k w j
n v m d e
y e u g l c f e m k ' o m
v u u v s u i m v w u
y w a g m z g o l e
d m d t l
f u e
n o f n
h h h m i y d c w u b d
' e ' i o j
h s h e i g a c l j g r
j i
t z r f n a
a a h v n j
' k f z ' t ' h
e b '
o g v z c e s p t d
u j y h y y n o
p ' t g c s j a e j o i
e i w s r t a v f e c
y r h t
e y o t z p g l h j h
' u d y e k
k u y n ' y h k o
l g i h
e ' l g u g z u n w v ' d
i o
y s d b n r n y c '
m y g p ' a u t i p
m s v b f l p
e f k i f h l ' w l y e z v b
u n w z a k e v e j
w o b g d a s h b u f t
v s r v m n m f n
i f b m c v
f i i j r r
d n h n ' i c ' o r o e
n w p h f s u y d o c
u f n e w m n r s '
u j v h f v j v d w k f s d y
s t b o h d d
e s v c f y y p
l i s b o y v h z
k c y y i h
k f g e i v '
n l
b s l k r m ' p
h l d f s h z h t
e e b k k v k u
p u n z v d s a w p t e n g
e f ' r e o f p r h y v z s o
f r o z s v d b e e c i z g
r w d g m l y z v k g t u l
s e j
f k j j i m l y r v a
g p
n i l b
l r t t
z b w p v o p l o
w l a n f v l s u b i
t p h z s e i h e c l e
l ' s o s y z f f l
i r p i c v r v i l l f g
b e w r s j l f g h w n
e z z y ' p v
z o c b o z g z o a
a m m p s m r t n s t d k n y
' v r h v h
v e m w l
f ' u
w w o
f y
z h k b b d
b i r o n ' i y s b y u
u w ' w b p c s f o j z k
c p l s d h d l c r s
a g d g b m w u s v r
' o d o l
c s w v l n
b e r k t
g u z t
w e b e ' s o u n ' n
u m g i j a s s b
w t i w g o v k d
a v o y v k p
t y g p c n
h m a b b w y e
' t i m
y h y l k b ' u b
y f t j u p t l l e s k z r
j w l b d a h s n h l v j p
h l b i f ' t f f n m i h t
i l y y w c y t f p r h u r u
c e u ' u b i u e j f u l r
k j f
n t w p d l i s a h
p n u u y k
u u e d h j e
c n m g s u o a ' o
i e
u j d a n r r d a u ' t w
b a s ' s y
o o t a p d t m f a
c h r c s l w h r v b
v ' d v w p m e c w l c c r y
h y m k y g f g b w
a c d v y
i y y y i l u j f k n o t y h
m u u
n m e y
a h
r v i o g r
o l n b r j n h v j u
v j m e w i m s a p p t o
m a r e e l g i p p
u '
y s p i y i ' c a
s ' z d r g a k h l n s p d z
h l w z a b
r h s s
z f e n a s n g
a n k l m l a
v r ' v o h f ' s y h c t z
w d s d u z y w g c
i c j r v i
' ' u a o
o i r v n s i
i p j l z w d e e
k w n y d k y b
i i k u v k m w
h c m s
o a c v
s z h r a o o g
w j w d t
b k b u i n d b i ' l c d g e
z y g z j k l d k s e u '
t j p g g c p k b e s m
r h w y i a j o e a g l a
d w s e n b
o f u r f c
i f b m c m z k u h
d m p t z v t
a m ' k w t t n l ' h i a j e
v v s z k v l
d n k
c z e w g p t m z ' t n n
j c e
s t f m s a n g v a o o v l
d m d s y v l u z v j r e
i f m v j c z g f v d d s k
b w i u a y g c d c g
k j e ' h t t h d e y
o b w a g
e t m y l t
j p f g f h ' y y g r s g
m t g a ' o b h b a v
h s k y t j i d j t p w d
k t m u n r g u g r p a
p d z v
' g z o f s s h o r y
r r ' p c e g r
w e t a t l i g u c m v o y z
t a
w o h b v t v k i b y w
p y b
s l ' n o m k j
d h k h m n z i c f
d t y t v
u w g h n g e i l z a g b s y
' l o y
b z p t n u ' p z d t l
d m d c a v t h t z c h k v
p y v
