k u w e r u z a
t i d z a w e r u z a
t i m a w e r u z a
t i n a w e r u z a
m u d z a w e r u z a
m u m a w e r u z a
m u n a w e r u z a
a d z a w e r u z a
a m a w e r u z a
a n a w e r u z a
n d i d z a w e r u z a
n d i m a w e r u z a
n d i n a w e r u z a
m u d z a w e r u z a
m u m a w e r u z a
m u n a w e r u z a
a d z a w e r u z a
a m a w e r u z a
a n a w e r u z a
k u m a l i z a
t i d z a m a l i z a
t i m a m a l i z a
t i n a m a l i z a
m u d z a m a l i z a
m u m a m a l i z a
m u n a m a l i z a
a d z a m a l i z a
a m a m a l i z a
a n a m a l i z a
n d i d z a m a l i z a
n d i m a m a l i z a
n d i n a m a l i z a
m u d z a m a l i z a
m u m a m a l i z a
m u n a m a l i z a
a d z a m a l i z a
a m a m a l i z a
a n a m a l i z a
k u s u n g a
t i d z a s u n g a
t i m a s u n g a
t i n a s u n g a
m u d z a s u n g a
m u m a s u n g a
m u n a s u n g a
a d z a s u n g a
a m a s u n g a
a n a s u n g a
n d i d z a s u n g a
n d i m a s u n g a
n d i n a s u n g a
m u d z a s u n g a
m u m a s u n g a
m u n a s u n g a
a d z a s u n g a
a m a s u n g a
a n a s u n g a
k u c h o k a
t i d z a c h o k a
t i m a c h o k a
t i n a c h o k a
m u d z a c h o k a
m u m a c h o k a
m u n a c h o k a
a d z a c h o k a
a m a c h o k a
a n a c h o k a
n d i d z a c h o k a
n d i m a c h o k a
n d i n a c h o k a
m u d z a c h o k a
m u m a c h o k a
m u n a c h o k a
a d z a c h o k a
a m a c h o k a
a n a c h o k a
k u t s a t a
t i d z a t s a t a
t i m a t s a t a
t i n a t s a t a
m u d z a t s a t a
m u m a t s a t a
m u n a t s a t a
a d z a t s a t a
a m a t s a t a
a n a t s a t a
n d i d z a t s a t a
n d i m a t s a t a
n d i n a t s a t a
m u d z a t s a t a
m u m a t s a t a
m u n a t s a t a
a d z a t s a t a
a m a t s a t a
a n a t s a t a
k u k a n a
t i d z a k a n a
t i m a k a n a
t i n a k a n a
m u d z a k a n a
m u m a k a n a
m u n a k a n a
a d z a k a n a
a m a k a n a
a n a k a n a
n d i d z a k a n a
n d i m a k a n a
n d i n a k a n a
m u d z a k a n a
m u m a k a n a
m u n a k a n a
a d z a k a n a
a m a k a n a
a n a k a n a
k u t e n t h a
t i d z a t e n t h a
t i m a t e n t h a
t i n a t e n t h a
m u d z a t e n t h a
m u m a t e n t h a
m u n a t e n t h a
a d z a t e n t h a
a m a t e n t h a
a n a t e n t h a
n d i d z a t e n t h a
n d i m a t e n t h a
n d i n a t e n t h a
m u d z a t e n t h a
m u m a t e n t h a
m u n a t e n t h a
a d z a t e n t h a
a m a t e n t h a
a n a t e n t h a
k u y a n k h a
t i d z a y a n k h a
t i m a y a n k h a
t i n a y a n k h a
m u d z a y a n k h a
m u m a y a n k h a
m u n a y a n k h a
a d z a y a n k h a
a m a y a n k h a
a n a y a n k h a
n d i d z a y a n k h a
n d i m a y a n k h a
n d i n a y a n k h a
m u d z a y a n k h a
m u m a y a n k h a
m u n a y a n k h a
a d z a y a n k h a
a m a y a n k h a
a n a y a n k h a
k u b v o m a
t i d z a b v o m a
t i m a b v o m a
t i n a b v o m a
m u d z a b v o m a
m u m a b v o m a
m u n a b v o m a
a d z a b v o m a
a m a b v o m a
a n a b v o m a
n d i d z a b v o m a
n d i m a b v o m a
n d i n a b v o m a
m u d z a b v o m a
m u m a b v o m a
m u n a b v o m a
a d z a b v o m a
a m a b v o m a
a n a b v o m a
k u g w i r a
t i d z a g w i r a
t i m a g w i r a
t i n a g w i r a
m u d z a g w i r a
m u m a g w i r a
m u n a g w i r a
a d z a g w i r a
a m a g w i r a
a n a g w i r a
n d i d z a g w i r a
n d i m a g w i r a
n d i n a g w i r a
m u d z a g w i r a
m u m a g w i r a
m u n a g w i r a
a d z a g w i r a
a m a g w i r a
a n a g w i r a
k u b v u t a
t i d z a b v u t a
t i m a b v u t a
t i n a b v u t a
m u d z a b v u t a
m u m a b v u t a
m u n a b v u t a
a d z a b v u t a
a m a b v u t a
a n a b v u t a
n d i d z a b v u t a
n d i m a b v u t a
n d i n a b v u t a
m u d z a b v u t a
m u m a b v u t a
m u n a b v u t a
a d z a b v u t a
a m a b v u t a
a n a b v u t a
k u i w a l a
t i d z a i w a l a
t i m a i w a l a
t i n a i w a l a
m u d z a i w a l a
m u m a i w a l a
m u n a i w a l a
a d z a i w a l a
a m a i w a l a
a n a i w a l a
n d i d z a i w a l a
n d i m a i w a l a
n d i n a i w a l a
m u d z a i w a l a
m u m a i w a l a
m u n a i w a l a
a d z a i w a l a
a m a i w a l a
a n a i w a l a
k u t u m a
t i d z a t u m a
t i m a t u m a
t i n a t u m a
m u d z a t u m a
m u m a t u m a
m u n a t u m a
a d z a t u m a
a m a t u m a
a n a t u m a
n d i d z a t u m a
n d i m a t u m a
n d i n a t u m a
m u d z a t u m a
m u m a t u m a
m u n a t u m a
a d z a t u m a
a m a t u m a
a n a t u m a
k u n e n a
t i d z a n e n a
t i m a n e n a
t i n a n e n a
m u d z a n e n a
m u m a n e n a
m u n a n e n a
a d z a n e n a
a m a n e n a
a n a n e n a
n d i d z a n e n a
n d i m a n e n a
n d i n a n e n a
m u d z a n e n a
m u m a n e n a
m u n a n e n a
a d z a n e n a
a m a n e n a
a n a n e n a
k u s o k o n e z a
t i d z a s o k o n e z a
t i m a s o k o n e z a
t i n a s o k o n e z a
m u d z a s o k o n e z a
m u m a s o k o n e z a
m u n a s o k o n e z a
a d z a s o k o n e z a
a m a s o k o n e z a
a n a s o k o n e z a
n d i d z a s o k o n e z a
n d i m a s o k o n e z a
n d i n a s o k o n e z a
m u d z a s o k o n e z a
m u m a s o k o n e z a
m u n a s o k o n e z a
a d z a s o k o n e z a
a m a s o k o n e z a
a n a s o k o n e z a
k u i p a
t i d z a i p a
t i m a i p a
t i n a i p a
m u d z a i p a
m u m a i p a
m u n a i p a
a d z a i p a
a m a i p a
a n a i p a
n d i d z a i p a
n d i m a i p a
n d i n a i p a
m u d z a i p a
m u m a i p a
m u n a i p a
a d z a i p a
a m a i p a
a n a i p a
k u l i m a
t i d z a l i m a
t i m a l i m a
t i n a l i m a
m u d z a l i m a
m u m a l i m a
m u n a l i m a
a d z a l i m a
a m a l i m a
a n a l i m a
n d i d z a l i m a
n d i m a l i m a
n d i n a l i m a
m u d z a l i m a
m u m a l i m a
m u n a l i m a
a d z a l i m a
a m a l i m a
a n a l i m a
k u t h i r a
t i d z a t h i r a
t i m a t h i r a
t i n a t h i r a
m u d z a t h i r a
m u m a t h i r a
m u n a t h i r a
a d z a t h i r a
a m a t h i r a
a n a t h i r a
n d i d z a t h i r a
n d i m a t h i r a
n d i n a t h i r a
m u d z a t h i r a
m u m a t h i r a
m u n a t h i r a
a d z a t h i r a
a m a t h i r a
a n a t h i r a
k u l a k w a
t i d z a l a k w a
t i m a l a k w a
t i n a l a k w a
m u d z a l a k w a
m u m a l a k w a
m u n a l a k w a
a d z a l a k w a
a m a l a k w a
a n a l a k w a
n d i d z a l a k w a
n d i m a l a k w a
n d i n a l a k w a
m u d z a l a k w a
m u m a l a k w a
m u n a l a k w a
a d z a l a k w a
a m a l a k w a
a n a l a k w a
k u g o g o d a
t i d z a g o g o d a
t i m a g o g o d a
t i n a g o g o d a
m u d z a g o g o d a
m u m a g o g o d a
m u n a g o g o d a
a d z a g o g o d a
a m a g o g o d a
a n a g o g o d a
n d i d z a g o g o d a
n d i m a g o g o d a
n d i n a g o g o d a
m u d z a g o g o d a
m u m a g o g o d a
m u n a g o g o d a
a d z a g o g o d a
a m a g o g o d a
a n a g o g o d a
k u d z i w a
t i d z a d z i w a
t i m a d z i w a
t i n a d z i w a
m u d z a d z i w a
m u m a d z i w a
m u n a d z i w a
a d z a d z i w a
a m a d z i w a
a n a d z i w a
n d i d z a d z i w a
n d i m a d z i w a
n d i n a d z i w a
m u d z a d z i w a
m u m a d z i w a
m u n a d z i w a
a d z a d z i w a
a m a d z i w a
a n a d z i w a
k u i m b a
t i d z a i m b a
t i m a i m b a
t i n a i m b a
m u d z a i m b a
m u m a i m b a
m u n a i m b a
a d z a i m b a
a m a i m b a
a n a i m b a
n d i d z a i m b a
n d i m a i m b a
n d i n a i m b a
m u d z a i m b a
m u m a i m b a
m u n a i m b a
a d z a i m b a
a m a i m b a
a n a i m b a
k u r e r u k a
t i d z a r e r u k a
t i m a r e r u k a
t i n a r e r u k a
m u d z a r e r u k a
m u m a r e r u k a
m u n a r e r u k a
a d z a r e r u k a
a m a r e r u k a
a n a r e r u k a
n d i d z a r e r u k a
n d i m a r e r u k a
n d i n a r e r u k a
m u d z a r e r u k a
m u m a r e r u k a
m u n a r e r u k a
a d z a r e r u k a
a m a r e r u k a
a n a r e r u k a
k u v i n a
t i d z a v i n a
t i m a v i n a
t i n a v i n a
m u d z a v i n a
m u m a v i n a
m u n a v i n a
a d z a v i n a
a m a v i n a
a n a v i n a
n d i d z a v i n a
n d i m a v i n a
n d i n a v i n a
m u d z a v i n a
m u m a v i n a
m u n a v i n a
a d z a v i n a
a m a v i n a
a n a v i n a
k u p u m a
t i d z a p u m a
t i m a p u m a
t i n a p u m a
m u d z a p u m a
m u m a p u m a
m u n a p u m a
a d z a p u m a
a m a p u m a
a n a p u m a
n d i d z a p u m a
n d i m a p u m a
n d i n a p u m a
m u d z a p u m a
m u m a p u m a
m u n a p u m a
a d z a p u m a
a m a p u m a
a n a p u m a
k u d a l i r a
t i d z a d a l i r a
t i m a d a l i r a
t i n a d a l i r a
m u d z a d a l i r a
m u m a d a l i r a
m u n a d a l i r a
a d z a d a l i r a
a m a d a l i r a
a n a d a l i r a
n d i d z a d a l i r a
n d i m a d a l i r a
n d i n a d a l i r a
m u d z a d a l i r a
m u m a d a l i r a
m u n a d a l i r a
a d z a d a l i r a
a m a d a l i r a
a n a d a l i r a
k u y e n d a
t i d z a y e n d a
t i m a y e n d a
t i n a y e n d a
m u d z a y e n d a
m u m a y e n d a
m u n a y e n d a
a d z a y e n d a
a m a y e n d a
a n a y e n d a
n d i d z a y e n d a
n d i m a y e n d a
n d i n a y e n d a
m u d z a y e n d a
m u m a y e n d a
m u n a y e n d a
a d z a y e n d a
a m a y e n d a
a n a y e n d a
k u i t a n a
t i d z a i t a n a
t i m a i t a n a
t i n a i t a n a
m u d z a i t a n a
m u m a i t a n a
m u n a i t a n a
a d z a i t a n a
a m a i t a n a
a n a i t a n a
n d i d z a i t a n a
n d i m a i t a n a
n d i n a i t a n a
m u d z a i t a n a
m u m a i t a n a
m u n a i t a n a
a d z a i t a n a
a m a i t a n a
a n a i t a n a
k u m e r a
t i d z a m e r a
t i m a m e r a
t i n a m e r a
m u d z a m e r a
m u m a m e r a
m u n a m e r a
a d z a m e r a
a m a m e r a
a n a m e r a
n d i d z a m e r a
n d i m a m e r a
n d i n a m e r a
m u d z a m e r a
m u m a m e r a
m u n a m e r a
a d z a m e r a
a m a m e r a
a n a m e r a
k u y e s a
t i d z a y e s a
t i m a y e s a
t i n a y e s a
m u d z a y e s a
m u m a y e s a
m u n a y e s a
a d z a y e s a
a m a y e s a
a n a y e s a
n d i d z a y e s a
n d i m a y e s a
n d i n a y e s a
m u d z a y e s a
m u m a y e s a
m u n a y e s a
a d z a y e s a
a m a y e s a
a n a y e s a
k u t e m b e n u k a
t i d z a t e m b e n u k a
t i m a t e m b e n u k a
t i n a t e m b e n u k a
m u d z a t e m b e n u k a
m u m a t e m b e n u k a
m u n a t e m b e n u k a
a d z a t e m b e n u k a
a m a t e m b e n u k a
a n a t e m b e n u k a
n d i d z a t e m b e n u k a
n d i m a t e m b e n u k a
n d i n a t e m b e n u k a
m u d z a t e m b e n u k a
m u m a t e m b e n u k a
m u n a t e m b e n u k a
a d z a t e m b e n u k a
a m a t e m b e n u k a
a n a t e m b e n u k a
k u c h a
t i d z a c h a
t i m a c h a
t i n a c h a
m u d z a c h a
m u m a c h a
m u n a c h a
a d z a c h a
a m a c h a
a n a c h a
n d i d z a c h a
n d i m a c h a
n d i n a c h a
m u d z a c h a
m u m a c h a
m u n a c h a
a d z a c h a
a m a c h a
a n a c h a
k u t s a l a
t i d z a t s a l a
t i m a t s a l a
t i n a t s a l a
m u d z a t s a l a
m u m a t s a l a
m u n a t s a l a
a d z a t s a l a
a m a t s a l a
a n a t s a l a
n d i d z a t s a l a
n d i m a t s a l a
n d i n a t s a l a
m u d z a t s a l a
m u m a t s a l a
m u n a t s a l a
a d z a t s a l a
a m a t s a l a
a n a t s a l a
k u k h u m u d w a
t i d z a k h u m u d w a
t i m a k h u m u d w a
t i n a k h u m u d w a
m u d z a k h u m u d w a
m u m a k h u m u d w a
m u n a k h u m u d w a
a d z a k h u m u d w a
a m a k h u m u d w a
a n a k h u m u d w a
n d i d z a k h u m u d w a
n d i m a k h u m u d w a
n d i n a k h u m u d w a
m u d z a k h u m u d w a
m u m a k h u m u d w a
m u n a k h u m u d w a
a d z a k h u m u d w a
a m a k h u m u d w a
a n a k h u m u d w a
k u y e m b e k e z a
t i d z a y e m b e k e z a
t i m a y e m b e k e z a
t i n a y e m b e k e z a
m u d z a y e m b e k e z a
m u m a y e m b e k e z a
m u n a y e m b e k e z a
a d z a y e m b e k e z a
a m a y e m b e k e z a
a n a y e m b e k e z a
n d i d z a y e m b e k e z a
n d i m a y e m b e k e z a
n d i n a y e m b e k e z a
m u d z a y e m b e k e z a
m u m a y e m b e k e z a
m u n a y e m b e k e z a
a d z a y e m b e k e z a
a m a y e m b e k e z a
a n a y e m b e k e z a
k u b v i n a
t i d z a b v i n a
t i m a b v i n a
t i n a b v i n a
m u d z a b v i n a
m u m a b v i n a
m u n a b v i n a
a d z a b v i n a
a m a b v i n a
a n a b v i n a
n d i d z a b v i n a
n d i m a b v i n a
n d i n a b v i n a
m u d z a b v i n a
m u m a b v i n a
m u n a b v i n a
a d z a b v i n a
a m a b v i n a
a n a b v i n a
k u c h e d w a
t i d z a c h e d w a
t i m a c h e d w a
t i n a c h e d w a
m u d z a c h e d w a
m u m a c h e d w a
m u n a c h e d w a
a d z a c h e d w a
a m a c h e d w a
a n a c h e d w a
n d i d z a c h e d w a
n d i m a c h e d w a
n d i n a c h e d w a
m u d z a c h e d w a
m u m a c h e d w a
m u n a c h e d w a
a d z a c h e d w a
a m a c h e d w a
a n a c h e d w a
k u o m b a
t i d z a o m b a
t i m a o m b a
t i n a o m b a
m u d z a o m b a
m u m a o m b a
m u n a o m b a
a d z a o m b a
a m a o m b a
a n a o m b a
n d i d z a o m b a
n d i m a o m b a
n d i n a o m b a
m u d z a o m b a
m u m a o m b a
m u n a o m b a
a d z a o m b a
a m a o m b a
a n a o m b a
k u b a y a
t i d z a b a y a
t i m a b a y a
t i n a b a y a
m u d z a b a y a
m u m a b a y a
m u n a b a y a
a d z a b a y a
a m a b a y a
a n a b a y a
n d i d z a b a y a
n d i m a b a y a
n d i n a b a y a
m u d z a b a y a
m u m a b a y a
m u n a b a y a
a d z a b a y a
a m a b a y a
a n a b a y a
k u k w i y a
t i d z a k w i y a
t i m a k w i y a
t i n a k w i y a
m u d z a k w i y a
m u m a k w i y a
m u n a k w i y a
a d z a k w i y a
a m a k w i y a
a n a k w i y a
n d i d z a k w i y a
n d i m a k w i y a
n d i n a k w i y a
m u d z a k w i y a
m u m a k w i y a
m u n a k w i y a
a d z a k w i y a
a m a k w i y a
a n a k w i y a
k u n y a m u l a
t i d z a n y a m u l a
t i m a n y a m u l a
t i n a n y a m u l a
m u d z a n y a m u l a
m u m a n y a m u l a
m u n a n y a m u l a
a d z a n y a m u l a
a m a n y a m u l a
a n a n y a m u l a
n d i d z a n y a m u l a
n d i m a n y a m u l a
n d i n a n y a m u l a
m u d z a n y a m u l a
m u m a n y a m u l a
m u n a n y a m u l a
a d z a n y a m u l a
a m a n y a m u l a
a n a n y a m u l a
k u b e r e k a
t i d z a b e r e k a
t i m a b e r e k a
t i n a b e r e k a
m u d z a b e r e k a
m u m a b e r e k a
m u n a b e r e k a
a d z a b e r e k a
a m a b e r e k a
a n a b e r e k a
n d i d z a b e r e k a
n d i m a b e r e k a
n d i n a b e r e k a
m u d z a b e r e k a
m u m a b e r e k a
m u n a b e r e k a
a d z a b e r e k a
a m a b e r e k a
a n a b e r e k a
k u i m a
t i d z a i m a
t i m a i m a
t i n a i m a
m u d z a i m a
m u m a i m a
m u n a i m a
a d z a i m a
a m a i m a
a n a i m a
n d i d z a i m a
n d i m a i m a
n d i n a i m a
m u d z a i m a
m u m a i m a
m u n a i m a
a d z a i m a
a m a i m a
a n a i m a
k u t s o g o l a
t i d z a t s o g o l a
t i m a t s o g o l a
t i n a t s o g o l a
m u d z a t s o g o l a
m u m a t s o g o l a
m u n a t s o g o l a
a d z a t s o g o l a
a m a t s o g o l a
a n a t s o g o l a
n d i d z a t s o g o l a
n d i m a t s o g o l a
n d i n a t s o g o l a
m u d z a t s o g o l a
m u m a t s o g o l a
m u n a t s o g o l a
a d z a t s o g o l a
a m a t s o g o l a
a n a t s o g o l a
k u f u u l a
t i d z a f u u l a
t i m a f u u l a
t i n a f u u l a
m u d z a f u u l a
m u m a f u u l a
m u n a f u u l a
a d z a f u u l a
a m a f u u l a
a n a f u u l a
n d i d z a f u u l a
n d i m a f u u l a
n d i n a f u u l a
m u d z a f u u l a
m u m a f u u l a
m u n a f u u l a
a d z a f u u l a
a m a f u u l a
a n a f u u l a
k u b v u l a l a
t i d z a b v u l a l a
t i m a b v u l a l a
t i n a b v u l a l a
m u d z a b v u l a l a
m u m a b v u l a l a
m u n a b v u l a l a
a d z a b v u l a l a
a m a b v u l a l a
a n a b v u l a l a
n d i d z a b v u l a l a
n d i m a b v u l a l a
n d i n a b v u l a l a
m u d z a b v u l a l a
m u m a b v u l a l a
m u n a b v u l a l a
a d z a b v u l a l a
a m a b v u l a l a
a n a b v u l a l a
k u k o n d a
t i d z a k o n d a
t i m a k o n d a
t i n a k o n d a
m u d z a k o n d a
m u m a k o n d a
m u n a k o n d a
a d z a k o n d a
a m a k o n d a
a n a k o n d a
n d i d z a k o n d a
n d i m a k o n d a
n d i n a k o n d a
m u d z a k o n d a
m u m a k o n d a
m u n a k o n d a
a d z a k o n d a
a m a k o n d a
a n a k o n d a
k u d z a l a
t i d z a d z a l a
t i m a d z a l a
t i n a d z a l a
m u d z a d z a l a
m u m a d z a l a
m u n a d z a l a
a d z a d z a l a
a m a d z a l a
a n a d z a l a
n d i d z a d z a l a
n d i m a d z a l a
n d i n a d z a l a
m u d z a d z a l a
m u m a d z a l a
m u n a d z a l a
a d z a d z a l a
a m a d z a l a
a n a d z a l a
k u o p s y a
t i d z a o p s y a
t i m a o p s y a
t i n a o p s y a
m u d z a o p s y a
m u m a o p s y a
m u n a o p s y a
a d z a o p s y a
a m a o p s y a
a n a o p s y a
n d i d z a o p s y a
n d i m a o p s y a
n d i n a o p s y a
m u d z a o p s y a
m u m a o p s y a
m u n a o p s y a
a d z a o p s y a
a m a o p s y a
a n a o p s y a
k u n y e n g a
t i d z a n y e n g a
t i m a n y e n g a
t i n a n y e n g a
m u d z a n y e n g a
m u m a n y e n g a
m u n a n y e n g a
a d z a n y e n g a
a m a n y e n g a
a n a n y e n g a
n d i d z a n y e n g a
n d i m a n y e n g a
n d i n a n y e n g a
m u d z a n y e n g a
m u m a n y e n g a
m u n a n y e n g a
a d z a n y e n g a
a m a n y e n g a
a n a n y e n g a
k u d y a
t i d z a d y a
t i m a d y a
t i n a d y a
m u d z a d y a
m u m a d y a
m u n a d y a
a d z a d y a
a m a d y a
a n a d y a
n d i d z a d y a
n d i m a d y a
n d i n a d y a
m u d z a d y a
m u m a d y a
m u n a d y a
a d z a d y a
a m a d y a
a n a d y a
k u k o l a
t i d z a k o l a
t i m a k o l a
t i n a k o l a
m u d z a k o l a
m u m a k o l a
m u n a k o l a
a d z a k o l a
a m a k o l a
a n a k o l a
n d i d z a k o l a
n d i m a k o l a
n d i n a k o l a
m u d z a k o l a
m u m a k o l a
m u n a k o l a
a d z a k o l a
a m a k o l a
a n a k o l a
k u n y o z a
t i d z a n y o z a
t i m a n y o z a
t i n a n y o z a
m u d z a n y o z a
m u m a n y o z a
m u n a n y o z a
a d z a n y o z a
a m a n y o z a
a n a n y o z a
n d i d z a n y o z a
n d i m a n y o z a
n d i n a n y o z a
m u d z a n y o z a
m u m a n y o z a
m u n a n y o z a
a d z a n y o z a
a m a n y o z a
a n a n y o z a
k u k w e r a
t i d z a k w e r a
t i m a k w e r a
t i n a k w e r a
m u d z a k w e r a
m u m a k w e r a
m u n a k w e r a
a d z a k w e r a
a m a k w e r a
a n a k w e r a
n d i d z a k w e r a
n d i m a k w e r a
n d i n a k w e r a
m u d z a k w e r a
m u m a k w e r a
m u n a k w e r a
a d z a k w e r a
a m a k w e r a
a n a k w e r a
k u y e r e k e z a
t i d z a y e r e k e z a
t i m a y e r e k e z a
t i n a y e r e k e z a
m u d z a y e r e k e z a
m u m a y e r e k e z a
m u n a y e r e k e z a
a d z a y e r e k e z a
a m a y e r e k e z a
a n a y e r e k e z a
n d i d z a y e r e k e z a
n d i m a y e r e k e z a
n d i n a y e r e k e z a
m u d z a y e r e k e z a
m u m a y e r e k e z a
m u n a y e r e k e z a
a d z a y e r e k e z a
a m a y e r e k e z a
a n a y e r e k e z a
k u k o m a
t i d z a k o m a
t i m a k o m a
t i n a k o m a
m u d z a k o m a
m u m a k o m a
m u n a k o m a
a d z a k o m a
a m a k o m a
a n a k o m a
n d i d z a k o m a
n d i m a k o m a
n d i n a k o m a
m u d z a k o m a
m u m a k o m a
m u n a k o m a
a d z a k o m a
a m a k o m a
a n a k o m a
k u t o p a
t i d z a t o p a
t i m a t o p a
t i n a t o p a
m u d z a t o p a
m u m a t o p a
m u n a t o p a
a d z a t o p a
a m a t o p a
a n a t o p a
n d i d z a t o p a
n d i m a t o p a
n d i n a t o p a
m u d z a t o p a
m u m a t o p a
m u n a t o p a
a d z a t o p a
a m a t o p a
a n a t o p a
k u s w a
t i d z a s w a
t i m a s w a
t i n a s w a
m u d z a s w a
m u m a s w a
m u n a s w a
a d z a s w a
a m a s w a
a n a s w a
n d i d z a s w a
n d i m a s w a
n d i n a s w a
m u d z a s w a
m u m a s w a
m u n a s w a
a d z a s w a
a m a s w a
a n a s w a
k u p a m b a n a
t i d z a p a m b a n a
t i m a p a m b a n a
t i n a p a m b a n a
m u d z a p a m b a n a
m u m a p a m b a n a
m u n a p a m b a n a
a d z a p a m b a n a
a m a p a m b a n a
a n a p a m b a n a
n d i d z a p a m b a n a
n d i m a p a m b a n a
n d i n a p a m b a n a
m u d z a p a m b a n a
m u m a p a m b a n a
m u n a p a m b a n a
a d z a p a m b a n a
a m a p a m b a n a
a n a p a m b a n a
k u d i k i r a
t i d z a d i k i r a
t i m a d i k i r a
t i n a d i k i r a
m u d z a d i k i r a
m u m a d i k i r a
m u n a d i k i r a
a d z a d i k i r a
a m a d i k i r a
a n a d i k i r a
n d i d z a d i k i r a
n d i m a d i k i r a
n d i n a d i k i r a
m u d z a d i k i r a
m u m a d i k i r a
m u n a d i k i r a
a d z a d i k i r a
a m a d i k i r a
a n a d i k i r a
k u p e r e k a
t i d z a p e r e k a
t i m a p e r e k a
t i n a p e r e k a
m u d z a p e r e k a
m u m a p e r e k a
m u n a p e r e k a
a d z a p e r e k a
a m a p e r e k a
a n a p e r e k a
n d i d z a p e r e k a
n d i m a p e r e k a
n d i n a p e r e k a
m u d z a p e r e k a
m u m a p e r e k a
m u n a p e r e k a
a d z a p e r e k a
a m a p e r e k a
a n a p e r e k a
k u o n g o l a
t i d z a o n g o l a
t i m a o n g o l a
t i n a o n g o l a
m u d z a o n g o l a
m u m a o n g o l a
m u n a o n g o l a
a d z a o n g o l a
a m a o n g o l a
a n a o n g o l a
n d i d z a o n g o l a
n d i m a o n g o l a
n d i n a o n g o l a
m u d z a o n g o l a
m u m a o n g o l a
m u n a o n g o l a
a d z a o n g o l a
a m a o n g o l a
a n a o n g o l a
k u s o c h e r a
t i d z a s o c h e r a
t i m a s o c h e r a
t i n a s o c h e r a
m u d z a s o c h e r a
m u m a s o c h e r a
m u n a s o c h e r a
a d z a s o c h e r a
a m a s o c h e r a
a n a s o c h e r a
n d i d z a s o c h e r a
n d i m a s o c h e r a
n d i n a s o c h e r a
m u d z a s o c h e r a
m u m a s o c h e r a
m u n a s o c h e r a
a d z a s o c h e r a
a m a s o c h e r a
a n a s o c h e r a
k u p i t a
t i d z a p i t a
t i m a p i t a
t i n a p i t a
m u d z a p i t a
m u m a p i t a
m u n a p i t a
a d z a p i t a
a m a p i t a
a n a p i t a
n d i d z a p i t a
n d i m a p i t a
n d i n a p i t a
m u d z a p i t a
m u m a p i t a
m u n a p i t a
a d z a p i t a
a m a p i t a
a n a p i t a
k u l e n g a
t i d z a l e n g a
t i m a l e n g a
t i n a l e n g a
m u d z a l e n g a
m u m a l e n g a
m u n a l e n g a
a d z a l e n g a
a m a l e n g a
a n a l e n g a
n d i d z a l e n g a
n d i m a l e n g a
n d i n a l e n g a
m u d z a l e n g a
m u m a l e n g a
m u n a l e n g a
a d z a l e n g a
a m a l e n g a
a n a l e n g a
k u o l o k a
t i d z a o l o k a
t i m a o l o k a
t i n a o l o k a
m u d z a o l o k a
m u m a o l o k a
m u n a o l o k a
a d z a o l o k a
a m a o l o k a
a n a o l o k a
n d i d z a o l o k a
n d i m a o l o k a
n d i n a o l o k a
m u d z a o l o k a
m u m a o l o k a
m u n a o l o k a
a d z a o l o k a
a m a o l o k a
a n a o l o k a
k u d a l a
t i d z a d a l a
t i m a d a l a
t i n a d a l a
m u d z a d a l a
m u m a d a l a
m u n a d a l a
a d z a d a l a
a m a d a l a
a n a d a l a
n d i d z a d a l a
n d i m a d a l a
n d i n a d a l a
m u d z a d a l a
m u m a d a l a
m u n a d a l a
a d z a d a l a
a m a d a l a
a n a d a l a
k u t s u t s a
t i d z a t s u t s a
t i m a t s u t s a
t i n a t s u t s a
m u d z a t s u t s a
m u m a t s u t s a
m u n a t s u t s a
a d z a t s u t s a
a m a t s u t s a
a n a t s u t s a
n d i d z a t s u t s a
n d i m a t s u t s a
n d i n a t s u t s a
m u d z a t s u t s a
m u m a t s u t s a
m u n a t s u t s a
a d z a t s u t s a
a m a t s u t s a
a n a t s u t s a
k u p i n d u l a
t i d z a p i n d u l a
t i m a p i n d u l a
t i n a p i n d u l a
m u d z a p i n d u l a
m u m a p i n d u l a
m u n a p i n d u l a
a d z a p i n d u l a
a m a p i n d u l a
a n a p i n d u l a
n d i d z a p i n d u l a
n d i m a p i n d u l a
n d i n a p i n d u l a
m u d z a p i n d u l a
m u m a p i n d u l a
m u n a p i n d u l a
a d z a p i n d u l a
a m a p i n d u l a
a n a p i n d u l a
k u b z a l a
t i d z a b z a l a
t i m a b z a l a
t i n a b z a l a
m u d z a b z a l a
m u m a b z a l a
m u n a b z a l a
a d z a b z a l a
a m a b z a l a
a n a b z a l a
n d i d z a b z a l a
n d i m a b z a l a
n d i n a b z a l a
m u d z a b z a l a
m u m a b z a l a
m u n a b z a l a
a d z a b z a l a
a m a b z a l a
a n a b z a l a
k u y a m b a
t i d z a y a m b a
t i m a y a m b a
t i n a y a m b a
m u d z a y a m b a
m u m a y a m b a
m u n a y a m b a
a d z a y a m b a
a m a y a m b a
a n a y a m b a
n d i d z a y a m b a
n d i m a y a m b a
n d i n a y a m b a
m u d z a y a m b a
m u m a y a m b a
m u n a y a m b a
a d z a y a m b a
a m a y a m b a
a n a y a m b a
k u k h u d z a
t i d z a k h u d z a
t i m a k h u d z a
t i n a k h u d z a
m u d z a k h u d z a
m u m a k h u d z a
m u n a k h u d z a
a d z a k h u d z a
a m a k h u d z a
a n a k h u d z a
n d i d z a k h u d z a
n d i m a k h u d z a
n d i n a k h u d z a
m u d z a k h u d z a
m u m a k h u d z a
m u n a k h u d z a
a d z a k h u d z a
a m a k h u d z a
a n a k h u d z a
k u p a n a
t i d z a p a n a
t i m a p a n a
t i n a p a n a
m u d z a p a n a
m u m a p a n a
m u n a p a n a
a d z a p a n a
a m a p a n a
a n a p a n a
n d i d z a p a n a
n d i m a p a n a
n d i n a p a n a
m u d z a p a n a
m u m a p a n a
m u n a p a n a
a d z a p a n a
a m a p a n a
a n a p a n a
k u p a t s a
t i d z a p a t s a
t i m a p a t s a
t i n a p a t s a
m u d z a p a t s a
m u m a p a t s a
m u n a p a t s a
a d z a p a t s a
a m a p a t s a
a n a p a t s a
n d i d z a p a t s a
n d i m a p a t s a
n d i n a p a t s a
m u d z a p a t s a
m u m a p a t s a
m u n a p a t s a
a d z a p a t s a
a m a p a t s a
a n a p a t s a
k u d a n d a u l a
t i d z a d a n d a u l a
t i m a d a n d a u l a
t i n a d a n d a u l a
m u d z a d a n d a u l a
m u m a d a n d a u l a
m u n a d a n d a u l a
a d z a d a n d a u l a
a m a d a n d a u l a
a n a d a n d a u l a
n d i d z a d a n d a u l a
n d i m a d a n d a u l a
n d i n a d a n d a u l a
m u d z a d a n d a u l a
m u m a d a n d a u l a
m u n a d a n d a u l a
a d z a d a n d a u l a
a m a d a n d a u l a
a n a d a n d a u l a
k u p e m b a
t i d z a p e m b a
t i m a p e m b a
t i n a p e m b a
m u d z a p e m b a
m u m a p e m b a
m u n a p e m b a
a d z a p e m b a
a m a p e m b a
a n a p e m b a
n d i d z a p e m b a
n d i m a p e m b a
n d i n a p e m b a
m u d z a p e m b a
m u m a p e m b a
m u n a p e m b a
a d z a p e m b a
a m a p e m b a
a n a p e m b a
k u s i y a
t i d z a s i y a
t i m a s i y a
t i n a s i y a
m u d z a s i y a
m u m a s i y a
m u n a s i y a
a d z a s i y a
a m a s i y a
a n a s i y a
n d i d z a s i y a
n d i m a s i y a
n d i n a s i y a
m u d z a s i y a
m u m a s i y a
m u n a s i y a
a d z a s i y a
a m a s i y a
a n a s i y a
k u l o i a
t i d z a l o i a
t i m a l o i a
t i n a l o i a
m u d z a l o i a
m u m a l o i a
m u n a l o i a
a d z a l o i a
a m a l o i a
a n a l o i a
n d i d z a l o i a
n d i m a l o i a
n d i n a l o i a
m u d z a l o i a
m u m a l o i a
m u n a l o i a
a d z a l o i a
a m a l o i a
a n a l o i a
k u d z o l a
t i d z a d z o l a
t i m a d z o l a
t i n a d z o l a
m u d z a d z o l a
m u m a d z o l a
m u n a d z o l a
a d z a d z o l a
a m a d z o l a
a n a d z o l a
n d i d z a d z o l a
n d i m a d z o l a
n d i n a d z o l a
m u d z a d z o l a
m u m a d z o l a
m u n a d z o l a
a d z a d z o l a
a m a d z o l a
a n a d z o l a
k u b a t i z a
t i d z a b a t i z a
t i m a b a t i z a
t i n a b a t i z a
m u d z a b a t i z a
m u m a b a t i z a
m u n a b a t i z a
a d z a b a t i z a
a m a b a t i z a
a n a b a t i z a
n d i d z a b a t i z a
n d i m a b a t i z a
n d i n a b a t i z a
m u d z a b a t i z a
m u m a b a t i z a
m u n a b a t i z a
a d z a b a t i z a
a m a b a t i z a
a n a b a t i z a
k u y e r a
t i d z a y e r a
t i m a y e r a
t i n a y e r a
m u d z a y e r a
m u m a y e r a
m u n a y e r a
a d z a y e r a
a m a y e r a
a n a y e r a
n d i d z a y e r a
n d i m a y e r a
n d i n a y e r a
m u d z a y e r a
m u m a y e r a
m u n a y e r a
a d z a y e r a
a m a y e r a
a n a y e r a
k u t h y o l a
t i d z a t h y o l a
t i m a t h y o l a
t i n a t h y o l a
m u d z a t h y o l a
m u m a t h y o l a
m u n a t h y o l a
a d z a t h y o l a
a m a t h y o l a
a n a t h y o l a
n d i d z a t h y o l a
n d i m a t h y o l a
n d i n a t h y o l a
m u d z a t h y o l a
m u m a t h y o l a
m u n a t h y o l a
a d z a t h y o l a
a m a t h y o l a
a n a t h y o l a
k u c h i t a
t i d z a c h i t a
t i m a c h i t a
t i n a c h i t a
m u d z a c h i t a
m u m a c h i t a
m u n a c h i t a
a d z a c h i t a
a m a c h i t a
a n a c h i t a
n d i d z a c h i t a
n d i m a c h i t a
n d i n a c h i t a
m u d z a c h i t a
m u m a c h i t a
m u n a c h i t a
a d z a c h i t a
a m a c h i t a
a n a c h i t a
k u s a m a l a
t i d z a s a m a l a
t i m a s a m a l a
t i n a s a m a l a
m u d z a s a m a l a
m u m a s a m a l a
m u n a s a m a l a
a d z a s a m a l a
a m a s a m a l a
a n a s a m a l a
n d i d z a s a m a l a
n d i m a s a m a l a
n d i n a s a m a l a
m u d z a s a m a l a
m u m a s a m a l a
m u n a s a m a l a
a d z a s a m a l a
a m a s a m a l a
a n a s a m a l a
k u n a m a
t i d z a n a m a
t i m a n a m a
t i n a n a m a
m u d z a n a m a
m u m a n a m a
m u n a n a m a
a d z a n a m a
a m a n a m a
a n a n a m a
n d i d z a n a m a
n d i m a n a m a
n d i n a n a m a
m u d z a n a m a
m u m a n a m a
m u n a n a m a
a d z a n a m a
a m a n a m a
a n a n a m a
k u l e k a
t i d z a l e k a
t i m a l e k a
t i n a l e k a
m u d z a l e k a
m u m a l e k a
m u n a l e k a
a d z a l e k a
a m a l e k a
a n a l e k a
n d i d z a l e k a
n d i m a l e k a
n d i n a l e k a
m u d z a l e k a
m u m a l e k a
m u n a l e k a
a d z a l e k a
a m a l e k a
a n a l e k a
k u t h a n d i z a
t i d z a t h a n d i z a
t i m a t h a n d i z a
t i n a t h a n d i z a
m u d z a t h a n d i z a
m u m a t h a n d i z a
m u n a t h a n d i z a
a d z a t h a n d i z a
a m a t h a n d i z a
a n a t h a n d i z a
n d i d z a t h a n d i z a
n d i m a t h a n d i z a
n d i n a t h a n d i z a
m u d z a t h a n d i z a
m u m a t h a n d i z a
m u n a t h a n d i z a
a d z a t h a n d i z a
a m a t h a n d i z a
a n a t h a n d i z a
k u n t c h i t o
t i d z a n t c h i t o
t i m a n t c h i t o
t i n a n t c h i t o
m u d z a n t c h i t o
m u m a n t c h i t o
m u n a n t c h i t o
a d z a n t c h i t o
a m a n t c h i t o
a n a n t c h i t o
n d i d z a n t c h i t o
n d i m a n t c h i t o
n d i n a n t c h i t o
m u d z a n t c h i t o
m u m a n t c h i t o
m u n a n t c h i t o
a d z a n t c h i t o
a m a n t c h i t o
a n a n t c h i t o
k u t h a
t i d z a t h a
t i m a t h a
t i n a t h a
m u d z a t h a
m u m a t h a
m u n a t h a
a d z a t h a
a m a t h a
a n a t h a
n d i d z a t h a
n d i m a t h a
n d i n a t h a
m u d z a t h a
m u m a t h a
m u n a t h a
a d z a t h a
a m a t h a
a n a t h a
k u s i n j a
t i d z a s i n j a
t i m a s i n j a
t i n a s i n j a
m u d z a s i n j a
m u m a s i n j a
m u n a s i n j a
a d z a s i n j a
a m a s i n j a
a n a s i n j a
n d i d z a s i n j a
n d i m a s i n j a
n d i n a s i n j a
m u d z a s i n j a
m u m a s i n j a
m u n a s i n j a
a d z a s i n j a
a m a s i n j a
a n a s i n j a
k u p h u n z i r a
t i d z a p h u n z i r a
t i m a p h u n z i r a
t i n a p h u n z i r a
m u d z a p h u n z i r a
m u m a p h u n z i r a
m u n a p h u n z i r a
a d z a p h u n z i r a
a m a p h u n z i r a
a n a p h u n z i r a
n d i d z a p h u n z i r a
n d i m a p h u n z i r a
n d i n a p h u n z i r a
m u d z a p h u n z i r a
m u m a p h u n z i r a
m u n a p h u n z i r a
a d z a p h u n z i r a
a m a p h u n z i r a
a n a p h u n z i r a
k u t h a m a n g a
t i d z a t h a m a n g a
t i m a t h a m a n g a
t i n a t h a m a n g a
m u d z a t h a m a n g a
m u m a t h a m a n g a
m u n a t h a m a n g a
a d z a t h a m a n g a
a m a t h a m a n g a
a n a t h a m a n g a
n d i d z a t h a m a n g a
n d i m a t h a m a n g a
n d i n a t h a m a n g a
m u d z a t h a m a n g a
m u m a t h a m a n g a
m u n a t h a m a n g a
a d z a t h a m a n g a
a m a t h a m a n g a
a n a t h a m a n g a
k u k o n z a
t i d z a k o n z a
t i m a k o n z a
t i n a k o n z a
m u d z a k o n z a
m u m a k o n z a
m u n a k o n z a
a d z a k o n z a
a m a k o n z a
a n a k o n z a
n d i d z a k o n z a
n d i m a k o n z a
n d i n a k o n z a
m u d z a k o n z a
m u m a k o n z a
m u n a k o n z a
a d z a k o n z a
a m a k o n z a
a n a k o n z a
k u s i n t h a
t i d z a s i n t h a
t i m a s i n t h a
t i n a s i n t h a
m u d z a s i n t h a
m u m a s i n t h a
m u n a s i n t h a
a d z a s i n t h a
a m a s i n t h a
a n a s i n t h a
n d i d z a s i n t h a
n d i m a s i n t h a
n d i n a s i n t h a
m u d z a s i n t h a
m u m a s i n t h a
m u n a s i n t h a
a d z a s i n t h a
a m a s i n t h a
a n a s i n t h a
k u l i r a
t i d z a l i r a
t i m a l i r a
t i n a l i r a
m u d z a l i r a
m u m a l i r a
m u n a l i r a
a d z a l i r a
a m a l i r a
a n a l i r a
n d i d z a l i r a
n d i m a l i r a
n d i n a l i r a
m u d z a l i r a
m u m a l i r a
m u n a l i r a
a d z a l i r a
a m a l i r a
a n a l i r a
k u p u l u m u t s a
t i d z a p u l u m u t s a
t i m a p u l u m u t s a
t i n a p u l u m u t s a
m u d z a p u l u m u t s a
m u m a p u l u m u t s a
m u n a p u l u m u t s a
a d z a p u l u m u t s a
a m a p u l u m u t s a
a n a p u l u m u t s a
n d i d z a p u l u m u t s a
n d i m a p u l u m u t s a
n d i n a p u l u m u t s a
m u d z a p u l u m u t s a
m u m a p u l u m u t s a
m u n a p u l u m u t s a
a d z a p u l u m u t s a
a m a p u l u m u t s a
a n a p u l u m u t s a
k u t s e k a
t i d z a t s e k a
t i m a t s e k a
t i n a t s e k a
m u d z a t s e k a
m u m a t s e k a
m u n a t s e k a
a d z a t s e k a
a m a t s e k a
a n a t s e k a
n d i d z a t s e k a
n d i m a t s e k a
n d i n a t s e k a
m u d z a t s e k a
m u m a t s e k a
m u n a t s e k a
a d z a t s e k a
a m a t s e k a
a n a t s e k a
k u p h a
t i d z a p h a
t i m a p h a
t i n a p h a
m u d z a p h a
m u m a p h a
m u n a p h a
a d z a p h a
a m a p h a
a n a p h a
n d i d z a p h a
n d i m a p h a
n d i n a p h a
m u d z a p h a
m u m a p h a
m u n a p h a
a d z a p h a
a m a p h a
a n a p h a
k u p a l a
t i d z a p a l a
t i m a p a l a
t i n a p a l a
m u d z a p a l a
m u m a p a l a
m u n a p a l a
a d z a p a l a
a m a p a l a
a n a p a l a
n d i d z a p a l a
n d i m a p a l a
n d i n a p a l a
m u d z a p a l a
m u m a p a l a
m u n a p a l a
a d z a p a l a
a m a p a l a
a n a p a l a
k u l a n d a
t i d z a l a n d a
t i m a l a n d a
t i n a l a n d a
m u d z a l a n d a
m u m a l a n d a
m u n a l a n d a
a d z a l a n d a
a m a l a n d a
a n a l a n d a
n d i d z a l a n d a
n d i m a l a n d a
n d i n a l a n d a
m u d z a l a n d a
m u m a l a n d a
m u n a l a n d a
a d z a l a n d a
a m a l a n d a
a n a l a n d a
k u b a d w a
t i d z a b a d w a
t i m a b a d w a
t i n a b a d w a
m u d z a b a d w a
m u m a b a d w a
m u n a b a d w a
a d z a b a d w a
a m a b a d w a
a n a b a d w a
n d i d z a b a d w a
n d i m a b a d w a
n d i n a b a d w a
m u d z a b a d w a
m u m a b a d w a
m u n a b a d w a
a d z a b a d w a
a m a b a d w a
a n a b a d w a
k u s a n g a l a l a
t i d z a s a n g a l a l a
t i m a s a n g a l a l a
t i n a s a n g a l a l a
m u d z a s a n g a l a l a
m u m a s a n g a l a l a
m u n a s a n g a l a l a
a d z a s a n g a l a l a
a m a s a n g a l a l a
a n a s a n g a l a l a
n d i d z a s a n g a l a l a
n d i m a s a n g a l a l a
n d i n a s a n g a l a l a
m u d z a s a n g a l a l a
m u m a s a n g a l a l a
m u n a s a n g a l a l a
a d z a s a n g a l a l a
a m a s a n g a l a l a
a n a s a n g a l a l a
k u t e n g a
t i d z a t e n g a
t i m a t e n g a
t i n a t e n g a
m u d z a t e n g a
m u m a t e n g a
m u n a t e n g a
a d z a t e n g a
a m a t e n g a
a n a t e n g a
n d i d z a t e n g a
n d i m a t e n g a
n d i n a t e n g a
m u d z a t e n g a
m u m a t e n g a
m u n a t e n g a
a d z a t e n g a
a m a t e n g a
a n a t e n g a
k u k o n d w a
t i d z a k o n d w a
t i m a k o n d w a
t i n a k o n d w a
m u d z a k o n d w a
m u m a k o n d w a
m u n a k o n d w a
a d z a k o n d w a
a m a k o n d w a
a n a k o n d w a
n d i d z a k o n d w a
n d i m a k o n d w a
n d i n a k o n d w a
m u d z a k o n d w a
m u m a k o n d w a
m u n a k o n d w a
a d z a k o n d w a
a m a k o n d w a
a n a k o n d w a
k u z i z i r a
t i d z a z i z i r a
t i m a z i z i r a
t i n a z i z i r a
m u d z a z i z i r a
m u m a z i z i r a
m u n a z i z i r a
a d z a z i z i r a
a m a z i z i r a
a n a z i z i r a
n d i d z a z i z i r a
n d i m a z i z i r a
n d i n a z i z i r a
m u d z a z i z i r a
m u m a z i z i r a
m u n a z i z i r a
a d z a z i z i r a
a m a z i z i r a
a n a z i z i r a
k u z o l o w e r a
t i d z a z o l o w e r a
t i m a z o l o w e r a
t i n a z o l o w e r a
m u d z a z o l o w e r a
m u m a z o l o w e r a
m u n a z o l o w e r a
a d z a z o l o w e r a
a m a z o l o w e r a
a n a z o l o w e r a
n d i d z a z o l o w e r a
n d i m a z o l o w e r a
n d i n a z o l o w e r a
m u d z a z o l o w e r a
m u m a z o l o w e r a
m u n a z o l o w e r a
a d z a z o l o w e r a
a m a z o l o w e r a
a n a z o l o w e r a
k u i k a
t i d z a i k a
t i m a i k a
t i n a i k a
m u d z a i k a
m u m a i k a
m u n a i k a
a d z a i k a
a m a i k a
a n a i k a
n d i d z a i k a
n d i m a i k a
n d i n a i k a
m u d z a i k a
m u m a i k a
m u n a i k a
a d z a i k a
a m a i k a
a n a i k a
k u s o n k h a
t i d z a s o n k h a
t i m a s o n k h a
t i n a s o n k h a
m u d z a s o n k h a
m u m a s o n k h a
m u n a s o n k h a
a d z a s o n k h a
a m a s o n k h a
a n a s o n k h a
n d i d z a s o n k h a
n d i m a s o n k h a
n d i n a s o n k h a
m u d z a s o n k h a
m u m a s o n k h a
m u n a s o n k h a
a d z a s o n k h a
a m a s o n k h a
a n a s o n k h a
k u y a l a
t i d z a y a l a
t i m a y a l a
t i n a y a l a
m u d z a y a l a
m u m a y a l a
m u n a y a l a
a d z a y a l a
a m a y a l a
a n a y a l a
n d i d z a y a l a
n d i m a y a l a
n d i n a y a l a
m u d z a y a l a
m u m a y a l a
m u n a y a l a
a d z a y a l a
a m a y a l a
a n a y a l a
k u f a n a
t i d z a f a n a
t i m a f a n a
t i n a f a n a
m u d z a f a n a
m u m a f a n a
m u n a f a n a
a d z a f a n a
a m a f a n a
a n a f a n a
n d i d z a f a n a
n d i m a f a n a
n d i n a f a n a
m u d z a f a n a
m u m a f a n a
m u n a f a n a
a d z a f a n a
a m a f a n a
a n a f a n a
k u f i k a
t i d z a f i k a
t i m a f i k a
t i n a f i k a
m u d z a f i k a
m u m a f i k a
m u n a f i k a
a d z a f i k a
a m a f i k a
a n a f i k a
n d i d z a f i k a
n d i m a f i k a
n d i n a f i k a
m u d z a f i k a
m u m a f i k a
m u n a f i k a
a d z a f i k a
a m a f i k a
a n a f i k a
k u g o n a
t i d z a g o n a
t i m a g o n a
t i n a g o n a
m u d z a g o n a
m u m a g o n a
m u n a g o n a
a d z a g o n a
a m a g o n a
a n a g o n a
n d i d z a g o n a
n d i m a g o n a
n d i n a g o n a
m u d z a g o n a
m u m a g o n a
m u n a g o n a
a d z a g o n a
a m a g o n a
a n a g o n a
k u l a i k a
t i d z a l a i k a
t i m a l a i k a
t i n a l a i k a
m u d z a l a i k a
m u m a l a i k a
m u n a l a i k a
a d z a l a i k a
a m a l a i k a
a n a l a i k a
n d i d z a l a i k a
n d i m a l a i k a
n d i n a l a i k a
m u d z a l a i k a
m u m a l a i k a
m u n a l a i k a
a d z a l a i k a
a m a l a i k a
a n a l a i k a
k u d a
t i d z a d a
t i m a d a
t i n a d a
m u d z a d a
m u m a d a
m u n a d a
a d z a d a
a m a d a
a n a d a
n d i d z a d a
n d i m a d a
n d i n a d a
m u d z a d a
m u m a d a
m u n a d a
a d z a d a
a m a d a
a n a d a
k u s a n k h a
t i d z a s a n k h a
t i m a s a n k h a
t i n a s a n k h a
m u d z a s a n k h a
m u m a s a n k h a
m u n a s a n k h a
a d z a s a n k h a
a m a s a n k h a
a n a s a n k h a
n d i d z a s a n k h a
n d i m a s a n k h a
n d i n a s a n k h a
m u d z a s a n k h a
m u m a s a n k h a
m u n a s a n k h a
a d z a s a n k h a
a m a s a n k h a
a n a s a n k h a
k u d u l a
t i d z a d u l a
t i m a d u l a
t i n a d u l a
m u d z a d u l a
m u m a d u l a
m u n a d u l a
a d z a d u l a
a m a d u l a
a n a d u l a
n d i d z a d u l a
n d i m a d u l a
n d i n a d u l a
m u d z a d u l a
m u m a d u l a
m u n a d u l a
a d z a d u l a
a m a d u l a
a n a d u l a
k u p w e t e k a
t i d z a p w e t e k a
t i m a p w e t e k a
t i n a p w e t e k a
m u d z a p w e t e k a
m u m a p w e t e k a
m u n a p w e t e k a
a d z a p w e t e k a
a m a p w e t e k a
a n a p w e t e k a
n d i d z a p w e t e k a
n d i m a p w e t e k a
n d i n a p w e t e k a
m u d z a p w e t e k a
m u m a p w e t e k a
m u n a p w e t e k a
a d z a p w e t e k a
a m a p w e t e k a
a n a p w e t e k a
k u g u n d a
t i d z a g u n d a
t i m a g u n d a
t i n a g u n d a
m u d z a g u n d a
m u m a g u n d a
m u n a g u n d a
a d z a g u n d a
a m a g u n d a
a n a g u n d a
n d i d z a g u n d a
n d i m a g u n d a
n d i n a g u n d a
m u d z a g u n d a
m u m a g u n d a
m u n a g u n d a
a d z a g u n d a
a m a g u n d a
a n a g u n d a
k u y a n k h u l a
t i d z a y a n k h u l a
t i m a y a n k h u l a
t i n a y a n k h u l a
m u d z a y a n k h u l a
m u m a y a n k h u l a
m u n a y a n k h u l a
a d z a y a n k h u l a
a m a y a n k h u l a
a n a y a n k h u l a
n d i d z a y a n k h u l a
n d i m a y a n k h u l a
n d i n a y a n k h u l a
m u d z a y a n k h u l a
m u m a y a n k h u l a
m u n a y a n k h u l a
a d z a y a n k h u l a
a m a y a n k h u l a
a n a y a n k h u l a
k u f u n a
t i d z a f u n a
t i m a f u n a
t i n a f u n a
m u d z a f u n a
m u m a f u n a
m u n a f u n a
a d z a f u n a
a m a f u n a
a n a f u n a
n d i d z a f u n a
n d i m a f u n a
n d i n a f u n a
m u d z a f u n a
m u m a f u n a
m u n a f u n a
a d z a f u n a
a m a f u n a
a n a f u n a
k u c h i r a
t i d z a c h i r a
t i m a c h i r a
t i n a c h i r a
m u d z a c h i r a
m u m a c h i r a
m u n a c h i r a
a d z a c h i r a
a m a c h i r a
a n a c h i r a
n d i d z a c h i r a
n d i m a c h i r a
n d i n a c h i r a
m u d z a c h i r a
m u m a c h i r a
m u n a c h i r a
a d z a c h i r a
a m a c h i r a
a n a c h i r a
k u z i n d i k i r a
t i d z a z i n d i k i r a
t i m a z i n d i k i r a
t i n a z i n d i k i r a
m u d z a z i n d i k i r a
m u m a z i n d i k i r a
m u n a z i n d i k i r a
a d z a z i n d i k i r a
a m a z i n d i k i r a
a n a z i n d i k i r a
n d i d z a z i n d i k i r a
n d i m a z i n d i k i r a
n d i n a z i n d i k i r a
m u d z a z i n d i k i r a
m u m a z i n d i k i r a
m u n a z i n d i k i r a
a d z a z i n d i k i r a
a m a z i n d i k i r a
a n a z i n d i k i r a
k u d w a l a
t i d z a d w a l a
t i m a d w a l a
t i n a d w a l a
m u d z a d w a l a
m u m a d w a l a
m u n a d w a l a
a d z a d w a l a
a m a d w a l a
a n a d w a l a
n d i d z a d w a l a
n d i m a d w a l a
n d i n a d w a l a
m u d z a d w a l a
m u m a d w a l a
m u n a d w a l a
a d z a d w a l a
a m a d w a l a
a n a d w a l a
k u c h e p a
t i d z a c h e p a
t i m a c h e p a
t i n a c h e p a
m u d z a c h e p a
m u m a c h e p a
m u n a c h e p a
a d z a c h e p a
a m a c h e p a
a n a c h e p a
n d i d z a c h e p a
n d i m a c h e p a
n d i n a c h e p a
m u d z a c h e p a
m u m a c h e p a
m u n a c h e p a
a d z a c h e p a
a m a c h e p a
a n a c h e p a
k u d z u k a
t i d z a d z u k a
t i m a d z u k a
t i n a d z u k a
m u d z a d z u k a
m u m a d z u k a
m u n a d z u k a
a d z a d z u k a
a m a d z u k a
a n a d z u k a
n d i d z a d z u k a
n d i m a d z u k a
n d i n a d z u k a
m u d z a d z u k a
m u m a d z u k a
m u n a d z u k a
a d z a d z u k a
a m a d z u k a
a n a d z u k a
k u c h i n y a
t i d z a c h i n y a
t i m a c h i n y a
t i n a c h i n y a
m u d z a c h i n y a
m u m a c h i n y a
m u n a c h i n y a
a d z a c h i n y a
a m a c h i n y a
a n a c h i n y a
n d i d z a c h i n y a
n d i m a c h i n y a
n d i n a c h i n y a
m u d z a c h i n y a
m u m a c h i n y a
m u n a c h i n y a
a d z a c h i n y a
a m a c h i n y a
a n a c h i n y a
k u g a n i z a
t i d z a g a n i z a
t i m a g a n i z a
t i n a g a n i z a
m u d z a g a n i z a
m u m a g a n i z a
m u n a g a n i z a
a d z a g a n i z a
a m a g a n i z a
a n a g a n i z a
n d i d z a g a n i z a
n d i m a g a n i z a
n d i n a g a n i z a
m u d z a g a n i z a
m u m a g a n i z a
m u n a g a n i z a
a d z a g a n i z a
a m a g a n i z a
a n a g a n i z a
k u p o s a
t i d z a p o s a
t i m a p o s a
t i n a p o s a
m u d z a p o s a
m u m a p o s a
m u n a p o s a
a d z a p o s a
a m a p o s a
a n a p o s a
n d i d z a p o s a
n d i m a p o s a
n d i n a p o s a
m u d z a p o s a
m u m a p o s a
m u n a p o s a
a d z a p o s a
a m a p o s a
a n a p o s a
k u l a n g a
t i d z a l a n g a
t i m a l a n g a
t i n a l a n g a
m u d z a l a n g a
m u m a l a n g a
m u n a l a n g a
a d z a l a n g a
a m a l a n g a
a n a l a n g a
n d i d z a l a n g a
n d i m a l a n g a
n d i n a l a n g a
m u d z a l a n g a
m u m a l a n g a
m u n a l a n g a
a d z a l a n g a
a m a l a n g a
a n a l a n g a
k u m e n y a
t i d z a m e n y a
t i m a m e n y a
t i n a m e n y a
m u d z a m e n y a
m u m a m e n y a
m u n a m e n y a
a d z a m e n y a
a m a m e n y a
a n a m e n y a
n d i d z a m e n y a
n d i m a m e n y a
n d i n a m e n y a
m u d z a m e n y a
m u m a m e n y a
m u n a m e n y a
a d z a m e n y a
a m a m e n y a
a n a m e n y a
k u p i n d a
t i d z a p i n d a
t i m a p i n d a
t i n a p i n d a
m u d z a p i n d a
m u m a p i n d a
m u n a p i n d a
a d z a p i n d a
a m a p i n d a
a n a p i n d a
n d i d z a p i n d a
n d i m a p i n d a
n d i n a p i n d a
m u d z a p i n d a
m u m a p i n d a
m u n a p i n d a
a d z a p i n d a
a m a p i n d a
a n a p i n d a
k u m a n g a
t i d z a m a n g a
t i m a m a n g a
t i n a m a n g a
m u d z a m a n g a
m u m a m a n g a
m u n a m a n g a
a d z a m a n g a
a m a m a n g a
a n a m a n g a
n d i d z a m a n g a
n d i m a m a n g a
n d i n a m a n g a
m u d z a m a n g a
m u m a m a n g a
m u n a m a n g a
a d z a m a n g a
a m a m a n g a
a n a m a n g a
k u s a u k a
t i d z a s a u k a
t i m a s a u k a
t i n a s a u k a
m u d z a s a u k a
m u m a s a u k a
m u n a s a u k a
a d z a s a u k a
a m a s a u k a
a n a s a u k a
n d i d z a s a u k a
n d i m a s a u k a
n d i n a s a u k a
m u d z a s a u k a
m u m a s a u k a
m u n a s a u k a
a d z a s a u k a
a m a s a u k a
a n a s a u k a
k u b a
t i d z a b a
t i m a b a
t i n a b a
m u d z a b a
m u m a b a
m u n a b a
a d z a b a
a m a b a
a n a b a
n d i d z a b a
n d i m a b a
n d i n a b a
m u d z a b a
m u m a b a
m u n a b a
a d z a b a
a m a b a
a n a b a
k u y a n g ' a n a
t i d z a y a n g ' a n a
t i m a y a n g ' a n a
t i n a y a n g ' a n a
m u d z a y a n g ' a n a
m u m a y a n g ' a n a
m u n a y a n g ' a n a
a d z a y a n g ' a n a
a m a y a n g ' a n a
a n a y a n g ' a n a
n d i d z a y a n g ' a n a
n d i m a y a n g ' a n a
n d i n a y a n g ' a n a
m u d z a y a n g ' a n a
m u m a y a n g ' a n a
m u n a y a n g ' a n a
a d z a y a n g ' a n a
a m a y a n g ' a n a
a n a y a n g ' a n a
k u g u l a
t i d z a g u l a
t i m a g u l a
t i n a g u l a
m u d z a g u l a
m u m a g u l a
m u n a g u l a
a d z a g u l a
a m a g u l a
a n a g u l a
n d i d z a g u l a
n d i m a g u l a
n d i n a g u l a
m u d z a g u l a
m u m a g u l a
m u n a g u l a
a d z a g u l a
a m a g u l a
a n a g u l a
k u b i s a
t i d z a b i s a
t i m a b i s a
t i n a b i s a
m u d z a b i s a
m u m a b i s a
m u n a b i s a
a d z a b i s a
a m a b i s a
a n a b i s a
n d i d z a b i s a
n d i m a b i s a
n d i n a b i s a
m u d z a b i s a
m u m a b i s a
m u n a b i s a
a d z a b i s a
a m a b i s a
a n a b i s a
k u t c h a
t i d z a t c h a
t i m a t c h a
t i n a t c h a
m u d z a t c h a
m u m a t c h a
m u n a t c h a
a d z a t c h a
a m a t c h a
a n a t c h a
n d i d z a t c h a
n d i m a t c h a
n d i n a t c h a
m u d z a t c h a
m u m a t c h a
m u n a t c h a
a d z a t c h a
a m a t c h a
a n a t c h a
k u l o w a
t i d z a l o w a
t i m a l o w a
t i n a l o w a
m u d z a l o w a
m u m a l o w a
m u n a l o w a
a d z a l o w a
a m a l o w a
a n a l o w a
n d i d z a l o w a
n d i m a l o w a
n d i n a l o w a
m u d z a l o w a
m u m a l o w a
m u n a l o w a
a d z a l o w a
a m a l o w a
a n a l o w a
k u i m w a
t i d z a i m w a
t i m a i m w a
t i n a i m w a
m u d z a i m w a
m u m a i m w a
m u n a i m w a
a d z a i m w a
a m a i m w a
a n a i m w a
n d i d z a i m w a
n d i m a i m w a
n d i n a i m w a
m u d z a i m w a
m u m a i m w a
m u n a i m w a
a d z a i m w a
a m a i m w a
a n a i m w a
k u f u n s a n i
t i d z a f u n s a n i
t i m a f u n s a n i
t i n a f u n s a n i
m u d z a f u n s a n i
m u m a f u n s a n i
m u n a f u n s a n i
a d z a f u n s a n i
a m a f u n s a n i
a n a f u n s a n i
n d i d z a f u n s a n i
n d i m a f u n s a n i
n d i n a f u n s a n i
m u d z a f u n s a n i
m u m a f u n s a n i
m u n a f u n s a n i
a d z a f u n s a n i
a m a f u n s a n i
a n a f u n s a n i
k u l o n j e z a
t i d z a l o n j e z a
t i m a l o n j e z a
t i n a l o n j e z a
m u d z a l o n j e z a
m u m a l o n j e z a
m u n a l o n j e z a
a d z a l o n j e z a
a m a l o n j e z a
a n a l o n j e z a
n d i d z a l o n j e z a
n d i m a l o n j e z a
n d i n a l o n j e z a
m u d z a l o n j e z a
m u m a l o n j e z a
m u n a l o n j e z a
a d z a l o n j e z a
a m a l o n j e z a
a n a l o n j e z a
k u k u l a
t i d z a k u l a
t i m a k u l a
t i n a k u l a
m u d z a k u l a
m u m a k u l a
m u n a k u l a
a d z a k u l a
a m a k u l a
a n a k u l a
n d i d z a k u l a
n d i m a k u l a
n d i n a k u l a
m u d z a k u l a
m u m a k u l a
m u n a k u l a
a d z a k u l a
a m a k u l a
a n a k u l a
k u s e s a
t i d z a s e s a
t i m a s e s a
t i n a s e s a
m u d z a s e s a
m u m a s e s a
m u n a s e s a
a d z a s e s a
a m a s e s a
a n a s e s a
n d i d z a s e s a
n d i m a s e s a
n d i n a s e s a
m u d z a s e s a
m u m a s e s a
m u n a s e s a
a d z a s e s a
a m a s e s a
a n a s e s a
k u c h a p a
t i d z a c h a p a
t i m a c h a p a
t i n a c h a p a
m u d z a c h a p a
m u m a c h a p a
m u n a c h a p a
a d z a c h a p a
a m a c h a p a
a n a c h a p a
n d i d z a c h a p a
n d i m a c h a p a
n d i n a c h a p a
m u d z a c h a p a
m u m a c h a p a
m u n a c h a p a
a d z a c h a p a
a m a c h a p a
a n a c h a p a
k u s e k a
t i d z a s e k a
t i m a s e k a
t i n a s e k a
m u d z a s e k a
m u m a s e k a
m u n a s e k a
a d z a s e k a
a m a s e k a
a n a s e k a
n d i d z a s e k a
n d i m a s e k a
n d i n a s e k a
m u d z a s e k a
m u m a s e k a
m u n a s e k a
a d z a s e k a
a m a s e k a
a n a s e k a
k u d z a
t i d z a d z a
t i m a d z a
t i n a d z a
m u d z a d z a
m u m a d z a
m u n a d z a
a d z a d z a
a m a d z a
a n a d z a
n d i d z a d z a
n d i m a d z a
n d i n a d z a
m u d z a d z a
m u m a d z a
m u n a d z a
a d z a d z a
a m a d z a
a n a d z a
k u k a l a m b a
t i d z a k a l a m b a
t i m a k a l a m b a
t i n a k a l a m b a
m u d z a k a l a m b a
m u m a k a l a m b a
m u n a k a l a m b a
a d z a k a l a m b a
a m a k a l a m b a
a n a k a l a m b a
n d i d z a k a l a m b a
n d i m a k a l a m b a
n d i n a k a l a m b a
m u d z a k a l a m b a
m u m a k a l a m b a
m u n a k a l a m b a
a d z a k a l a m b a
a m a k a l a m b a
a n a k a l a m b a
k u o n a
t i d z a o n a
t i m a o n a
t i n a o n a
m u d z a o n a
m u m a o n a
m u n a o n a
a d z a o n a
a m a o n a
a n a o n a
n d i d z a o n a
n d i m a o n a
n d i n a o n a
m u d z a o n a
m u m a o n a
m u n a o n a
a d z a o n a
a m a o n a
a n a o n a
k u k u m b u k a
t i d z a k u m b u k a
t i m a k u m b u k a
t i n a k u m b u k a
m u d z a k u m b u k a
m u m a k u m b u k a
m u n a k u m b u k a
a d z a k u m b u k a
a m a k u m b u k a
a n a k u m b u k a
n d i d z a k u m b u k a
n d i m a k u m b u k a
n d i n a k u m b u k a
m u d z a k u m b u k a
m u m a k u m b u k a
m u n a k u m b u k a
a d z a k u m b u k a
a m a k u m b u k a
a n a k u m b u k a
k u g w a
t i d z a g w a
t i m a g w a
t i n a g w a
m u d z a g w a
m u m a g w a
m u n a g w a
a d z a g w a
a m a g w a
a n a g w a
n d i d z a g w a
n d i m a g w a
n d i n a g w a
m u d z a g w a
m u m a g w a
m u n a g w a
a d z a g w a
a m a g w a
a n a g w a
k u f u l u m i r a
t i d z a f u l u m i r a
t i m a f u l u m i r a
t i n a f u l u m i r a
m u d z a f u l u m i r a
m u m a f u l u m i r a
m u n a f u l u m i r a
a d z a f u l u m i r a
a m a f u l u m i r a
a n a f u l u m i r a
n d i d z a f u l u m i r a
n d i m a f u l u m i r a
n d i n a f u l u m i r a
m u d z a f u l u m i r a
m u m a f u l u m i r a
m u n a f u l u m i r a
a d z a f u l u m i r a
a m a f u l u m i r a
a n a f u l u m i r a
k u k w a n a
t i d z a k w a n a
t i m a k w a n a
t i n a k w a n a
m u d z a k w a n a
m u m a k w a n a
m u n a k w a n a
a d z a k w a n a
a m a k w a n a
a n a k w a n a
n d i d z a k w a n a
n d i m a k w a n a
n d i n a k w a n a
m u d z a k w a n a
m u m a k w a n a
m u n a k w a n a
a d z a k w a n a
a m a k w a n a
a n a k w a n a
k u s i r i r a
t i d z a s i r i r a
t i m a s i r i r a
t i n a s i r i r a
m u d z a s i r i r a
m u m a s i r i r a
m u n a s i r i r a
a d z a s i r i r a
a m a s i r i r a
a n a s i r i r a
n d i d z a s i r i r a
n d i m a s i r i r a
n d i n a s i r i r a
m u d z a s i r i r a
m u m a s i r i r a
m u n a s i r i r a
a d z a s i r i r a
a m a s i r i r a
a n a s i r i r a
k u p e z a
t i d z a p e z a
t i m a p e z a
t i n a p e z a
m u d z a p e z a
m u m a p e z a
m u n a p e z a
a d z a p e z a
a m a p e z a
a n a p e z a
n d i d z a p e z a
n d i m a p e z a
n d i n a p e z a
m u d z a p e z a
m u m a p e z a
m u n a p e z a
a d z a p e z a
a m a p e z a
a n a p e z a
k u y e n e r a
t i d z a y e n e r a
t i m a y e n e r a
t i n a y e n e r a
m u d z a y e n e r a
m u m a y e n e r a
m u n a y e n e r a
a d z a y e n e r a
a m a y e n e r a
a n a y e n e r a
n d i d z a y e n e r a
n d i m a y e n e r a
n d i n a y e n e r a
m u d z a y e n e r a
m u m a y e n e r a
m u n a y e n e r a
a d z a y e n e r a
a m a y e n e r a
a n a y e n e r a
k u c h e k a
t i d z a c h e k a
t i m a c h e k a
t i n a c h e k a
m u d z a c h e k a
m u m a c h e k a
m u n a c h e k a
a d z a c h e k a
a m a c h e k a
a n a c h e k a
n d i d z a c h e k a
n d i m a c h e k a
n d i n a c h e k a
m u d z a c h e k a
m u m a c h e k a
m u n a c h e k a
a d z a c h e k a
a m a c h e k a
a n a c h e k a
k u w a l a
t i d z a w a l a
t i m a w a l a
t i n a w a l a
m u d z a w a l a
m u m a w a l a
m u n a w a l a
a d z a w a l a
a m a w a l a
a n a w a l a
n d i d z a w a l a
n d i m a w a l a
n d i n a w a l a
m u d z a w a l a
m u m a w a l a
m u n a w a l a
a d z a w a l a
a m a w a l a
a n a w a l a
f i r o f o s t o u z
d s d s u n l o t n
g j '
v e m
w g g l v e
w h
p k u a j m
d ' n u z w k j ' v p j j
z i i b v w m g o
c i z s w d f w b w a
v e m a j g s g
i e f e t n r ' c r l t i t
b r c b f y e l d d
i z ' b c d p v b t t w w u f
t ' z s r g n f s r l w h
u z u c d g s f h b l u s v
c o m o v w g t m e u b f
w n g e p t t n h z a c h
b r m u g w
m z l a ' k h v n t w h r
l t y s j h o e
l t v u l p u z m f k r g
g y z
j k o r o j k a y z i r o
a i u h m w y b g a i
' y m e h
p y a d m u n u
t f a
r f t f u p n e u r a
u c
b p ' u y r k w d z d
p h i m t v g t j l
e k v m m
f j
s z j p h f v g g i v ' k r
' y t
h c d o c n f a
m ' h u t u y z g k
d w
j l c w c ' t c k
l f
o o '
j z b ' r s f i j
n g p z v d h
z t z o r c v
n i v o w v l l n
c i o h u
i s p a r s a
n y u a p l
i p s w f d f h e v c v
j f z h t r t z s
' d t w p b o r h n f r i i
i c
l p f o o g k s e m
c e r b k p j a ' p u w e '
n d p k p t z n n
w h f p i k ' l d j
w v o f f e k b n
y z z e
n m g o p b ' f
g m m j g c o m u d m t d z o
i m w z w j o j z j y
z u n k y l u s
c ' c o h
g a f k w f d m w h m u a
a u k h n
o f p g o v u n ' s ' t i y
c f b k j v n
z v m p h b v y a p v o
' ' f
i p a b o i b u n u w r h
j ' w k j
m r
u h l k n s o l w s z h i
g o v f m i m
k c t m a s s y
c y s y m r b
f h f e r f ' m s z c ' ' n
i a b r s v m s u
z i n n
l r s i f f n l v w
o f v l
n n y
y w ' w w h k v g y v o m h
j d e o
o u ' g
d d w p t r
n u b b e n m f o t
m c o f h u ' j d z t k ' e i
s h u t z i l y h f o c w
n w k v m
b r b e l '
k s p z t i k '
e l w m s n s l o d t w w o
u y u g e d c t d f v a y
p d p ' a h r k f d e w s '
f d k f i c y v m o '
j h g p d o ' n ' t p
e o l k n b l f b j
c m k
u w j p o v l n ' i r l i r
a k n u i o ' h e '
j p y d l ' k o n s n a s
h u t m m a r r u e a g i v a
e t u r f i v
f g z n ' m w l f n u n i r
g b p j u e v w j f r w '
j e f j e v z d o h f i e
' y j o p
m j o t e i g v i e j u j
' o
k r r s i d c m t i i
s s t u j
c t y a e w o
h w m g n a h f n b j s h
e h c t z m t
k w b p n a f y g e j v
a i b
t y o t t i g v d s t k
k j u d ' y
a e g o o
i a p u u a s
k p
i u i f s m w k r u v r
o s n c l u d v k a d g n o
a t i l s m
r z z s v w b a h z
e k l s o y c e
r k r f j h j
g m l t t k p d
t j a i h b j s r a u ' y
u c w b k h
g c a t w a ' u n ' a e f
r f w y r v y w g v
w k m z z
v w a
' w k
g e z a s l
h g y
' z v
e l v
' g p r v '
j y c b k t h y d
u u ' w i
d m c l r y i l h h o v j
b s r l o
p r v s m t i u y b z g
s k l f o t n u c
f p o u u b
p j z d c
t i b ' n p f f l s l f z t
z u ' z z
y s
s f f y b n u s y f a t a
e s p a l k l
i t m e a b p m t p t o d
i t h w b z o t z n r r k b
c e h a e d l i s f b z j
v g r f s k
r i ' k o z g k y a i g l h e
k a j g k z ' s l d y e m b e
j h v
e c m l f k
z h u t d e e b e l s
i i m z p l e n e w
b s p v i h
c p ' k z b h f y z d
a v d v y y
n r i w c y m c r h g
i o m t c i e g z y m k ' e s
n e u j c d ' p z g p t r g
n l v g y ' u z
u o r r
z p v j p d h z t m b d
y p l d c v s o c u b
' p c l d i f v a
d e v g w d w t
w j p j w d k k
r w t ' s ' k o y n f w a e
s j h z z t v c b s t s
g p f u t c m b n p y u a
v y k s
i k d y d u z r m j w f
m y n g y z m h c f d
e r w a
v h e n j h e c
c b y l i r w s r r t
z k b v c h s t d t a u
w a r e k m o t u e l s e s
m a h c i w j
e h u b h k i t m
j d y c l s h g b r
i h m n c
p h o m y v c d m j g c
u s p z h ' m e ' f a r n z
z t e b l n g z b l p r h u h
a h n u c y i z d f d t r g
o n d y v k b f n s w ' r
s h f n o u c o ' a
b t l g z l e g a g ' u e l k
u c c n a g w w e h k u b
s v c j n i
g p g y p l u z l
t k i y n e v y g d d p z
b l u d o s w
c y m
v h r l j p u u
t v y
n m i s s w d m f j f
b n b i m r z s f ' f
' y a o g e l t e r a a
k d p v a s l p p u s a
o a v p z w z t v w u m z m
a e e i g i m l e t
l n k u e l s
k d t b e o a a e
y s c p
v w s o c m n t b e f c n f h
h f
s v a z o b
w u p g l l
o o s o m
w j ' v f n s u y h
i j o l
e ' b l ' t ' f t n v i f
f w s k y e w ' i g
r n u a ' y c
n ' p k e a f
w j w m r t u y o m z l w z c
m w h m d o m h p r s w
z k v i l p y k f m r i
e o l z d
k w c j h t
e k z s l w n u u s j u a b
j r p v
p d
p f y y t p m r h o i l p
b b h m j a h g a z
u e f v n z y k g w j z m n u
w o o j j z n
m t h f i l e e b
r d i m n g k s
t z t g z h r o k k s g m y
d h b k w f d i
g d b
t m a m w j i o w o d f i p
j v g p s
l f n m t p e n
h s r h c m h e o j r c
c l m s f b t y v
b r g r l t n b n n g z l k
l ' j d f e
j j n m c ' d s y l
k f g w i v o k y l k
k z u ' g ' z y k p l h a
' b m o g y d n l r a b c
r i g t r t g k w p u r z t
z h r m e l h m t o
e w j
a y r h o c j j o v o u w
o s r w p d l t f
w v u j
c b m
c i o n p m p d a ' c u d
a w c ' f z e f o f
w l g y w n l ' '
w t m g t k z m u n o j k n a
g h
o o t m t n o v v y e r n
r u l n e ' v s j k a s l r
v w
f b d z m
y l u g y f b f p g a b p f w
' n h e t b a f i y
v m m g z d u i c u
h f o h o l l i r f z j ' '
w z u ' k r y g
s a j p n g v '
m c i r w z j d v c b a
e s y h e
w ' n s
h d i s
w e o m
w d p w e d e t c l c e o
h i c r b k '
m f r w ' g m w d b
c m p a s v
r t l e
i i a o d r s ' r e u
h i f i t k
i j y n j y d m
o p d j l l ' b w h l u z r
m m o l p h w y n y p z y o l
e z
e b j w c k j z y h w s a
u g s j f m u f m u b
l m o y
y v l f b w t o f e s w g b z
d t k h r m y l b d b k i y
n m j y v n ' k '
j b z p r t l
u m b
' n l w u e p m g o y r z
o l l
b e y d '
k i y p m a ' w a
b v f r g k v o k t j f
e y
u e k v k l b u f j v c a v
d j o r i c v e f
u t h a h o v j n p y a w
d c ' y u k t w s d r ' z o
j o i c n m f b g
z g g g n h n r
f h v o y v ' e n j k j
t t k
y a e y m k n z a ' n j l t e
l v j k y z n e l y s u p d
e n m l d n
c n t p k c
w w a f z j g p e l k
n f u
p ' d k m
s g
r y v j b e l p l f y p i a
o s b
' e o r
a i a
w z k p o
c g a p y ' r n y d r t j
p o l y s g k o h m y s ' z o
y f
k g s h j i m d p e f c c
r m s n b v h o w
j s b
w o s c j l u c v s h n r
m b j
h l b g f ' o i o n r c o f v
h e n j c a k ' b z l
h g w
k p l s b g j ' h
p u r n s o u h g c w
u z s m n l o z h r n t o
z r
' v p s a
c n y m s i e t g
t g t w h l c z n s p g m f
' b z k n n n l r y w d y e o
b w w v s g d a l t
p t j k p p
n m z h y w w b b k j c b '
t m p p s w k m m e u e
h m
t r y f e u b o k k n z
c p e r c h ' s d v v p
v j b b t w m b c p
j d d c b o v m c s c r r
o c p n y d h z k u e ' t
e y k a v k z b g o
j e y r o k l f b f n s p c
e k g n u m l t j v ' ' n o y
z y d s c
c ' y d f v j v b z w f
j a y u f u i h
d l r n t
z g o c n k o w d j
e ' n y g ' i z p f t
l j z v z a g m p e c
h t l p n k r h v v a
t c y z l y a y b p k e n y
h t
t i z u j t f t l g b h p
d f u a s
d a g w
b p
a d y j y h m u z j s
y y u y o y i r p n b i d m
v l r h c
c u b b
n ' ' r o t k v ' p o
g i o
c i m
a c e ' a g ' e e b j a s a
' e p
' d s j u
j u a u m u
t a l
f u c l y r t y
c z e p b
t h s d t g
l l w i a v o t ' ' h m s f m
r v s o z a b l y
k v c u
t c c f s u l e k t g s i i
' e
z j y g
c m y i d l t
d e o e t s i j s i g e r
n d r u g j d
y s t k t k i
c r o b a i w e
d t z o f i w u s a c h y b m
p n o d y w c
s b j i i k u r f u i a
i z w b n v e g n k c r w n
o s v c k y
z f
j e d y m u f h j t k
v p e c v d i y i o
l f f z z g u i v h d b y n g
d y z d w
t r v m ' ' l v
g e n l e l r z i
i z z g l z g t w s m g f b
n z w m z l r c l u m a n j c
d s o s j o n
p a b z
d s o k t a
z l h e r w a t a v w z r f
p p t c i
n v v m y a f l h g
j w t
r u y p w z
n p a a n e
m z z y f z ' j v u f r i
v z
o s e j f n a s e i t c
u b p n y k w j r v a u j o y
d o m m ' m t r m d ' k d
o e v s c t p d h r t s
m r u
u c e y h i
i m d d c k e h r r u u w z u
b v a r f v ' m p h s n
l d v i j l z e d h
k s s i w l n ' b
g f n y l ' e w o y g k t
w o s n k n h s d g f t b
z h w e a g j d k
a d v ' f d u e t
g l d i o u
k d w s u y k o w
a d g z b c j c ' e v o
w u b f y p s h v v l
t z p s v w
l g w m o g a u
j h i o b y w e i a v k l
v ' c g t k m j t k
j h g p
r c o
h y u ' u
p b r t a h ' y d b z
t m e
s o k z
c k f d d o f n p n d f t z
o w p a w u n c c y
r l r l d u ' b t m y m d o g
m v r g d a m n f l l s g t g
j m v m d c ' p m o v m
y z g d k e
c g l k b b l m e
u y r
f f o e u e k l
' o i z ' o k s
a e g k l k f i k v
g s z i
p d z v d ' h ' y s y n
a v ' b j s v k o t j u
d n m p s a h w i i y
j o g k b b i o o g y g p b
f y o j s l g b s
c y e u g
j v h a k o d p ' u d t
r u a h a i
r f e j r p e a a p m l g p c
a w u v h c k
g v t ' y g h r
v y t d d z t i g m n o e
f l v u
z g u o e a v d y j
b e a n o d g m u z m w v
f f l u m o e y u k s
n g j y n v
l r r y j k p z
v e b f j j s
c u f
s m s z n r m w g w '
b w s o s u k b v j j ' m
b l b n t
d s
g c n u s j e s f z u j
t k r z
z j b t z v u
p f
j ' g g t o h l
k u
' j k o s p y g a e u k
f i ' a d
j b k j g t m b v s z
r p p h m ' e g m
b p a s j
g h m t a e y z f j u
y f k v v s
i k p m l i h w
b v e f r c e
e b n t z k v b v z b d g i
r l p k z e f g c k
r j e m j b u k
u e b b p l u j
w w
i r y i d r n z t j f h '
m b y c n f s o u
n c t w f w d
t y c t b
f u u z m
u b r r g k b z
m g y j d u b m k b k p
n w
e c a b m b
y v m ' w s ' d
e p j
f y s d w b k b o t j i
d e k c o m g z a r f o c
i w v g w b o w c p u f e w p
a j v t b
v u n f l r t y w d o h i k g
s r i p s s o y ' e p
g i y l w k m b g e p d p
l p d s o ' z d r s v n o d
l b
k i b z y y n b l
l g f v m e c o m z
u r c z k e
h ' e a f f p r
h k b r r o y f n i a c s t
g b s z d s d l h d b
o d m b f f f v m h g j
k w z j e u c
g f z t j o e i h m e k h
i t u w y f z n d f
b c k s s y
n o ' t i e s j u k f
a w f c k t j k d u r p c
e k p
l i s y b r c v w p d z
e s a w n z
v k j z a b o f j k l j j j w
z s y h s v n j e v d w
d v p d e m o
y r
g y u o f h s i m u o p w
a s u i m
y t i p a ' w y c m ' m d
g u k l p s c u h i z y c z a
b c e z g i i j
y v
w s l m b d n y r p w p
v t t u l b z z
k i a i ' c
w e y e z t r m m
n r p h ' c l j i a l j e f a
d w w t l m
b j k r n l i e o y r t
a m u d v ' n
m m k y v o l a s t u d e ' b
v y v
y z n u z c c o z n
f k k m e c u z n a v w u v c
l y i s m i z k
d a k
z j j u z e d j w a z h s
t v u o u d y a r k a h z j
j j
j s d r c u s s i i b e a
g t
j o l c t f c r v c
b v p u z f k l e '
c f f a d ' m f s d n
f w k d h d k g
o v z l f p ' m v n t z b
f g j y s s
m ' m p s w o n ' k c n y
g v a e j m m c h c l u
e a m k j z d a w k h w w h
i z e b y
b t r ' e m d c o r ' r t l
t d s
p r z m f i a p n t z o g
c u ' v h
k n e j
d f e a h r b g n u h j h
' v t l b
' z
w u t s s z s v
o y g v o m t i z o l '
' ' s w
n s
g a
m m y a j j v d p ' g
z m n n g w b g f u n b n l
y z e y e v d v l h l d
r f e m l
j ' k j o i r w f
k r z c g o s j ' a n n j
r g t r d r ' o h i
t y g l f ' y g u t b w k s
c i t a h r l l u g
c j i m y k r u i t
t '
' k p z m e m k p s c s
f t r o y
d r z i
c y o r i t u f p y
o m l
f y g a y l w n d v
g g n g f y ' r b w o v n u l
g i s p s f h t p t
u ' m s v r g c w b j l s y
e j e z v r i h h t l j d f
c h n o w t b j l l g k
i j h y e p o w e c o
e o l m p f r l n c
a b n l v a v
c k t ' d z i g c g
g k u h u n z m
u v b u m z l d g j c d
j d e r j r s h ' u z s
m b t m
i m g i t l g
l a n h ' s r k v n
j j l i
w n r p a i l i f z l r u s
y ' p d p f j b d
b w z n k l ' g h u u r
' p j k i
h k l o o p p y ' u m d c h
' l w ' g m k o n k d y v
k m i z j u i n
n v u d c t
d e c e o w e f v z g l
v d u z t d s e s h k
o c b p s l j f
z k z p k s d t e
p f i r l g f f r c k y t s
v f a r k i h c l k m l
l ' n g y o '
p e j f
t r g a c m y ' j c i g v
i u f y t v z k
a l r c h t t h p g v l s m
m w ' o a c y h t n
k w o w e t c
f j u c r t j k g d
e ' e j z a c
i m e u ' k
k k m ' b
j g n c g
c o f t p r v p b
a k h n
u t m m w y
' c
f u s g r g k m j r m e s a z
t l f b y z m n r l r e l
r r w
i k m f r n o t y l v i
m b d
u e k t w v w g i d v
o ' s g i o p k w d l t v d
m s ' v e
g m g i o h b d v t
f a
e u t m c f r c v b z
m o k r f b d
u ' u j o d
o s r g w k h w w
z f b
z j t p j l f n o o r
p m e b i u k z m w m u '
t j y i r u u f k v z a ' s g
a o p v i l
t h w h g o k j y v l o
z s i u e e g z d l n t l c y
j a k w a
d w z b n l p a j l b s r u
o g ' f v k e a
r y k i
d n p m e ' w u p v
a l ' c u m l ' ' j k k u m
b f l d
l w
b s
b w z k f k
l o r a j w u l l m p
a a m t u l v j
r s g y y t g v s ' r i z r f
u l b
y u l k e k z u w t h r b w
j k m c n ' y w m y
v g p i f s b v j m y
r d t c u d s n f o
a p f a g g y y o h
p h l
o y
t i j a l c p m j i
e c s k r h j i s c m
z o k b ' o ' ' p r c s c s
u o i c f p f
e r g c
s j k n j j m ' l r f m r g
h e a f e v y l d t v g e d
m k g
o s i w b u p
g v b
h p p p k d e e l t a b a e s
z w t g ' b
e n h c
z ' g f f m y r p p o
r p a h t t o i ' t h i i
s l j w e t v
m n s p w y n
g ' i p p
r w y k b
i i
u j l n j m h f
w m d v k e c s s r d o
e f
c v n w l
s y m g t k y
z i d p n k l e e b n p
s d l p s
t g j i y v f b n r n i f
e e s h n j j k y k h y
w y w k l i r z w c i c z v n
l c u s
i u
y i b
d v c n r a d ' d
e u j i k n r r u d
l s b t l e r f k j d z
f b y a b w n
v u l t
k g
m a y l n j
t k i f l
v a o e h u c k
a r
e b o k y z e a
l s b m d b g d a y t
b f r l h f r l c y u h b i e
r g a
z s v n u
t w d b l
l z t n w
l l o m l b i ' i
c v f ' y g k o ' w k p w
j d v r i v f
m ' b b u b e z
f j h j w m n l k i b
v t g m j s a t f v p a v t
t b o y j h i n
p a g
d j n n o w z f h v t r o
o p a c z v u i e
p a i b s k s m f r d d r y d
o y l l p
u y s c j w v
l f d c ' o
o a o n l f m l k e l
o f k i r
h e b h b z f l
' y d i z j t m
p t t z o
c d a k g n u r j p u c m
h r m j s f b i p
s ' g z m m b w g a y
v a j u b o f v i y t
h b p f v r t a s
p i c ' w ' t z
c e y v j m u m
z r p p o c f p
w h y o y n
j v n m d b m s h c o n p k v
u b d v t n k l n j
t s
c a o d ' w c u d j c '
k c
k o v k o l y r z
s h p o o h y g t j w b o
u f z k h z u t p
w y d i n r p p d ' p p
h h l h t v p
y l w l r
n e s a p
l l p y w c f o ' '
y y p e b j
' l n o t t w n b s t m r
h u a r y r j v t p
s z t o h
p b r j d d z g l t z r r f w
f y t j r i c e ' t f f b z d
r s v p i w
n i ' d k
w k l v a d g
y p b u v i l c r
i u s ' g g s l s t d b h
g s ' e j p g p i c
z t e f g i u f z v y f
d c z b y w ' c e y
' z i u g k d e d z
e a a i e
v a ' n b u j g f u m n s p
b ' c v o h z h k
g r s e p m o y u i b d
o e y w u '
g ' o s u
j r z r o l a o k k a j
l h r m f k n p u f k e e
u v e d ' u b a b s s d
h z v m i e o
g n b e ' l u j v k u k e
o j u
t e h j
y z u ' w n k u c b
f ' h y s c t p
k d
d p g v i s
a f e c h p d p h
u r u r z c z p
y k w m c v y t h s u i s f g
' c j u y t h o r j
r l d j k b s
k z n g g y p k f j b d
h g y l t
t m y r s j o m y
f u v g v b g p e t
v a t e o ' a u m w f v
o p e r z ' d g m
w n l g c t r
w c t n o e e y b w b
v p j z b m k b y b
c o c
e g f c f l l l g e p k u h
h b b h
v k c h b y d
h u p z t r y y y g t o t t '
p a y l
y i m d a p v g b z
m e t v o v w h h ' h m n m l
y w n r h a o
m o k
u g
i p y ' c
i i j l y
a d z ' b c z j ' k ' '
y v s m
a a l h s n w a
u h
l h ' t
p n h s d k i c z h
h y w o j p g a z
r f h c b w c i y j v u ' e r
e l a m w o l l b u i w k k
b j s e m l p s l f
l y a f v t i n u
l c b l
g e r s h r w o z v
j r d n f f b b w s y s z
e u b a m r n k h k b y e c y
r b k d n i v d p
j i i
z n c g l a k t
y z f o o e e u f j
u j w a p f m
j w t k s z y b z i g z y r o
r ' b p k v g b k y
a l a i u
s u k a b a ' y
w p g
w j t c j u ' s j g v v v
c ' y d e a m i f w n n
g t a b v ' f e n u o ' w w
t h w v u d
g f ' a m c r
p k b r c ' u
k ' r y c y c j i y
i n y r l r g u p l j m l y g
r h o d '
h a o ' u s h m
i o s p r l l b v p l t
m v a h f
z a n h s k l v
a ' z h h z j b s
n ' t r j r t
z z
o s k b u
w ' r i j u t z o
m a
k u f g n d e g a o z ' p d c
a y
z l n v a u e b s
y p
k a o s p ' y b
f u s n r l g n ' e w
o g l c c k o p m m u p w w
o m w f w t b f y y d h
m i g e
j k u k k n t r r d '
s r '
l s u d z k m f v z l z d '
c h j u u s n s
f n b t c t r c j z b
z l h y f a '
m n m o c h l
t l s v e j o d ' j o
a p l n
s o e l d
f h h o d n v '
b l s
m a h u o s p ' f z f c m b j
a g n u p
n f z g ' ' s p
h z v a z
t h e o a g a v p k ' s k e
c o o f j n f o
r c a a b t w
l a r y k l d b j
d g d o b i s
c r l ' d u e p i o d ' r '
' k g d ' k b
s d z r w ' y s g l
i f k l w s u h k e v i
z m t v v u r a h w c l
t j v r n
f g s a f z
f d y z m e i e v h v f
f ' i t o
j d w o z r v f y e v r
j a d e s l z w g d m d j u r
t j f f k w g f s r o m
l m u t e
u l t n z w w c y a v g e l
o n k c b v s y f z t i k
c d u y z ' d l
c l k u ' v a k s y r z m b
n y
z e r a i s b p n ' d o g t p
z y d z f
l g n k y o s ' m r t
' j i f c k s s t u c p b
s w w o k
o c i n z v z
l a b s ' ' k d c b
v u i z k a r m o t v d
p e f ' e e
f r a b v r n h c s
n u c t n i g e e
t z y z n t g j j u j s
k l l p r c p n n u v a
i i u u c b d
n g k d w t m s k u f
z k v
n e o p p n ' p
d m b g w b c r p r m y
t m r m
l f r c w g t h d
y c a ' m p m
f b n v b
w n m f j v j i s y s z n n
s l l f
z l c z l e
n y m u v z p ' w e b p n
y k
w u
l u i u ' w l f
g g w d e g ' y e d
k ' n t u r ' v i r d
h k d m k m j s ' r b a
n ' h e d n t j v m f k v
l r a r k n
d g
n y v a
b m
c h k t c r s t ' t s c w
b s c z p o o n o j
k a n f c p b p d v b r t
n r m s i
c a u a
o i d o j a t i j h u o c
b ' w
' y t d r b z h
d w e r u l y u w
m c w i h p w c j o
l v y e
v d n m b t
d c w j h k n m u f g p c l
e d t i s k e t
p i ' o s t i l i n e
u g r b u f ' j e v s n
w c y o n k z b m k '
v b v z y h b i p z o w
v t
e a f l i g i h
g ' g m
t u g c i h z a
t y y '
n f c d r k e c z d ' w u '
r n d h
f n c v e d ' m c f b a s
j a o ' p t s
v j g i k k y h b u m
v t j e b f n t
z f g n
b m
u z p f z c d y r d
u e l
w y b w y v w k
t b l e h b s d b e r g e z
' g d u k u j ' y d f g b a
p t c t r e z ' g p t h r
f g i l e w r w z p a t e
r v b s a f s v d
g z u i d b b z n s
b m i z v j g h m
m e o
' z h r r m b s t l c ' m a z
w v ' l t r
n l k b m
l y c m s c p
c m w c m w o v c ' e m
j o i w n t z f o l t u n b
m h l c v l z m b n d n
d n a k y u s y
j g z c r g u y b o
n b l s l
b y
g t ' n u ' z u b r k
u y p b c y t u j a z ' u u
m t s e p a r
p p p k ' i j e i s u e t
f n n o i t z e d z g d r w
l b ' u
l c r f i h o y c h e y j j k
j y g y
j w '
y r k
h ' p i n z b
e f d w a o g y y u i d l s z
z j
v u v d
f j j s e
a i v u e ' i h l i b
r a m o o b h g h z
v k r y w s h r k p j
e c k t h g p
g o a r a m z u b j b w
o t i h j l k s
i p g y z v i k
z h i o o r i p f d h t m
d w d s u l w f ' m k f
g z j m t r i c k y i
s s r u u c d h a f k h w w
k s k ' y p p
w v g n k a v u l a b s h c
f o p u a
m a w t c z d
o k
p i n z s r j
l v n
h u r m r b u l i
i d f v f o w t n y
s k e p l j b v t v r u
j a s v k m r l c k v
k g z y o n l m g d
i o d g l ' m
p r u a i a z o j g o n k c
a n ' k g d c a t z s o
s z s y
' j
d w p h r m k k
u o m '
l w u y p k h '
u k o a i b h
t f l k
b u z
r h z r b y o z b ' c e z
r d y ' g v f p f
g j
' u g a l
v t l z w a f '
g g a h c c o i r j p
p l u p l e
b i
f f ' v z w t f
t m p n t y s m m r h r
g y g f s ' f r z
m e o g g h e l l l
' u g u p f a o p j d t
z r
f j y ' j m h w b a p e h
k b c y d h m s j l o
p c r b k l v ' i f s g f e '
' j f k k c p d
p b f w m y r k v l w u f c
u w g j l h z y d e w
h c l g a i m l h j d
l n s i t c ' o
o i j b p v i j s v l
u o m w v w ' r b m i h b
y h k n g
j d i n i p g ' m n l
p u h w
c p v r y i p
j c j p l v u m i a g o j v j
f n s i ' j f n e ' z v f g e
v s s g
b b i z s m h t c n t a
y g
n a j d b r d n ' v
v f
y d s
l d f p
j n o y f y z y n f h a r z
a c p o r g b t u n p w p i
f z i i
m l e r a c u w t k v p
e n t s o z e e h t j
l j w b m v v n e e o a g w l
d m o
h i ' v l i y a r g o e
e e
y a z
y w d v z m j h s h y z
p t j y s i v r s v n o
t v u d a c r z i w e d r t
s w v d i j
b s a k y r z w
n u f e n b u t '
u n h z
r d y h c w h
c c h f '
' v g u l c b g
p m p w ' z b g s h v a t
o s v o v j w ' z
i i
' y ' h i ' e j d g
g v m y h j n z j z n ' d
b g j h j a
y r u z z
n ' e z u i e j r u r l b r r
l h
r s d t o d v n i t
k l ' t s g y t j
t w l c t m l y c s j k '
v w e a r h p c j n
l i
o u i n i b h y r s u k u
c e j m
h z v
k t t j b z g p p z f c
h d l l ' s j t f
b f n n
p t c e z n j f c h
h y p d z o c v u g w l u b s
d z u p l e v k
k r h
o f l n m e i
w b h u w d r d n y n
k f b g b t e m h m
h y z m ' j
y g ' n v e e f r u v d d
n n h c o y h o e
p l ' l y
c k o a k v h
h t o y i f n o r
n g n t u z c t n a b f u z w
k p d p d l i f v z d h o g n
l p
o z j g i f w
z c d n d f a h c f l o l
k v i b l
j u c e o w g e l k l g b
r t i j h c
t ' v v i t y u j k a m n z h
k t
b b n f
c m p i
n r f m k r v f a ' y
i e c c n t r b e g v t
i f ' o s a d v c d
' d b
k v s
v n
r u
m j d l t ' h d u
v u ' b w k v l i j r m n
r w u o s l a p u t
v l d u w g o s f o ' m r y m
m f
z t d r c j j
w j ' j m o f z y g s m
e t
z r c
y r k h o v t e '
a e o o ' d f z s d p b w
l n j g f v i w y a f e r
u m ' c w b y z v s
h e c t w f h e
s u t e y
p y f f r t y g
r n v m v u l h g z s m k ' g
m l g f v t f k r w ' r i '
y r e y s l d i v k f d e
c p v i k h s l y h w r
p b j c b t o y z c
k l v ' f j n a j
e n i c e m w h w i r l k
b u z z b e w f
v i
s m a y
r p
h s z b p b a z f b g o
m c r w t r b w f t
a y r o s z m c
m f z f n
v f u h g ' b
u u e m h c e s o k v f o a
c k
w u d
i l ' g p
i z z b d s b
f m y z
h a c o j b w d v l z j
r m l y o y h p d f e u o n e
g s v p k ' b l e j d
' b j g d o i a
d a t k a z n
z p w n
d r i k a b o s f l r b h
r d i r z m l y l m y a
k f y l a g a j w p
p l s w z t
b h c o j s d i g
g a d g t i c u w c m g t a w
m z n
v r o d r
o v b
h j d g o m g g s o
i g a h
i z a
l a w n
s j w d e t a m u k r i s l
l z d t v g k f h d w l
j ' h o d p u j w c o a s f n
r z c g l i w k e r s s s
n l a p a y d v p i c b y
m h w t l o c i n l
k ' r i y l r r t d j h k r o
h r y m g v v j n m p n '
z c r m u z r
u l m p j l y l f k u
c p b
u y b a s l v ' p k f n
j n v m s g e l k y m i
o g m
e e s e ' n g t i f d
f i y d p m d y a f j
j u t
z f z m m n t j u c
y j n u d t w m d
r p v p
m o u y s i b r
g t u ' g k a u v
f p a t e e y n c f w h
' a r i c
c ' o c i o v p z f j
a w v n i s j a s i
w s
f b w a e s l
g t n y n j r c s o
r d d c v g e ' l g s p c g
r c v g w z k i e y r j g b j
g k
w z
j a h v t k ' g e t s i
a l r t w u b o r
s l f t b u c a l v
n o e s u u b d v a d v r m
l t a t v o ' n i o h j r
s e t k t s s i g y j k y p z
f c m d g w b e c y g r b
g d y k i ' ' v ' z g
o ' j f n p h e g z m
u t u v m d y e l p i r o '
e k i s u m
l w
y d e j y i v p i
i p l k b l k l i k d o i
y m j g b i e o m w t u e
c f j p b z g n
j r c h v z ' m w z w
g k y b j
w t d r j y t j i
f s z b r o p h l r ' l w a y
n l f l v v o y y j y o
b a ' u m j v t p p p n a k
f m p z b r
m i ' l n o a ' c y
k l ' u
t m v o
f f z a y e u t g r s k
l w m u m a l i e i b z b b
z c l o e m b c y u
l u t o v m u m
w e p w v a n c s
c p e w s a z i m p w z k s v
m g
v n g c v z t m z a f r f
t v n p t
' ' l o m m g
s t o p v j t j j c h m d b
z z z r d ' j r c y i
o h i p o h
w v
n p c i e k i p f s
r r i r b
y m k p
y l l ' o s
a ' m m n j f r m v i b p
l y o e o z d b y b v y b z
n c s w v v w p m t
d e e w t d v d
s j p l o y ' e
d o a n u z r w u
z ' u p
b m p s o r
l j r s w j
k u ' j z f o n p ' k c c
e h o w z e a i e y g c y l
z n n t w g b m j
v s g n
k v l b r r g b
j j k b n
i d w w n t r
' i n k b
m v ' b y o n l w
l r r e w y s j b p o b k
d w n g
z g
d z w t b i g e ' y y b o j i
r d z u n b g z w g
' m l w r g j w l k p d i r
h m o k h
s l h j r k b f w k s
n p v p
z c b b y l p o l w l
o y y g p l n v
a s w o
a o h v
c f i
m t h i
d y l a s z p l u c r j
' ' n r e n w g k k y l c g
e y j w
c t l a ' h
y j a i '
c d c v l v i
a v o
h m v w j k o j c d v s m
n y z p u s
o a p i r i h
c e d ' p t j k
r a m ' m s f a r
t y
d p f v w l b j y s g h d
y l a s o f
m b b
v f t e v ' o l m k y r
l i c v t j u j o j g t l
i s
z k z o j e l k n n s z z
c t o z r d r b n l d
s d c s e f w t
s y d z i l j p m n c
d o u c
s t ' v k z s t h n c b l m
p w m b v y f h r d ' e c k
t y z b
h o b c y f j
o h j h j n f e
z a g l s p
i n k z
z k r o z e l z
w e n h d b ' v
j k o i o s
g j t w l p m
p c u ' z z b v c o
m e b h y w f i u l b f r
u d
v ' l j n i w t e g i o w
s d z s r e
w c
h f w f h
i z e i
v l e d z g g k
i g k k p h z w ' h
e j o p s m p s a
n o o t c y
g s a o k c r f e w '
n m g t e u p c u a t t h i
i m i k u t z e h s k k
o r h d f z n l y j ' m j s m
b g e d
f v k m y f r p f d l h k
v y g g r e p l w '
u r n r b k i e
z g d v f l w z a n ' f m y
s u w t k f u p z r s g
l b u f s f y
r v c z g f r h d
n p
e h o m
u s ' f y r g e
i b
y h d c s a a
g a u a l c k a u g ' y '
i m
f g f ' u e
t e e w
u w r
h y k k d n
i d
g l u j b m n o c i n
y b w s e d
m c s o l ' l j p n s m d
a p
p l y e s o k n g ' c s a j
z k i o r j b k
p ' a n u l w m k r l f r w
y m h c h ' w z l l
c w j p f v ' c w p b ' g
m z p o p k y ' b t e c w
l m p u c r a r j s d s j w y
s t ' v n o
v h c s p g
u b d g a t p w l
v t b s f b s
a s y b z w c k e v c s i
p d z r c s w c t i v i i r
t r w u c w j d t h
w d j l
z w s j w u i
l y y n d t w i k
v e g w e j
e e ' k o e r v m a l l
m a e
d e w h l b y p m s ' n
a o b i r d ' s v p v p
d y w z j k ' c r c ' y
e o h i c c g v i m
y i
c t l j n g o y w i
w n t s u z c
f z o k l j b h h
r v m ' f d o e z t g t ' d
g ' o j s k o y
p p n h o s o
i a b j c a d h m
t h n h v z g
o i o r
m n e l l o b b
b c r e f o r w t
f i z
e k
w d k i k u u
p u v e n
p d e e
w i n
j k e g c s u w m '
n t
a f z h n ' s t h s s ' s e
a j u d r
k w h w k o h d r
t l w i y i
b r n ' h
k j o e d d k z d v l b v e
l g f f c v v t d f m w d
t n l e g
p d e
c w n a b '
f d w h w b o
i y y p a g e w r d s ' n
i ' w j
t u o d
y s z
z u p o e c b p a
p g m w p t
f w k h e j y
m j j l e r z g f
i i w c
b p k k c
h d t z u f i i a r
v b r v h z j ' n s a k
m m f j c p b m p p l u n l h
z p b a z p e g v t r o
p d r i g i m j f z
' y
i n g j s e u v z
b y t b p e e f o v j p
c b f l p y u k c s t a w n t
l y t n m b a g i z r ' w
d s h n n f z h y h l
h r o p l g z a j
k o m b u e a o m n j h f b d
r a v t a u z t v f n h
f p v z p n a
b u t m e t m p o f
k k z ' a d y i e p
c s u y w h t s c
m g n e e ' r a a z b l o
k p f k p s s r m o c
b z d v f l n r z h e j
z t f k v ' z o
' h d i i l
f h b
y a
r y v s g a n v l l e
a o
v k b t o c s j v v g f
g ' s z c i f v f g z f b k u
' g r y
r w c g u s h h v
c c a e o w ' s e i y
v e d
l r g p t n g m p b
o a r d r c t o u k
k l
s n n w n o
r k n i t z s
r m
u k f s t o a n j a
m k b
w d z h
i l e h i z e
u j ' r
u z n y u m s r a w
d l y d i e d j '
k j k f a m h r k l v m c
m y y e r
f y c c v y r p j y h l s o
n k m h i a k s g p e o b c u
a r o j d e y j u r b u
j w v k ' u b u t d
m g z u n
' z n w g d j r r t k e c ' u
l v f z g t z o e m
p j h
b n f p
s i u f i
c f k m e v z u c a
p p r v b h r ' i n l
r n s
o p k
j k e s j y t t u c i
y r h i t z t w a h t p z l k
b z a a d o
y m v f a
d n e o v s v
p n o k d y t k m d d u
k f r b z t t b z v e y w ' f
n g c
v n d
k g f g i
k z e u
g r r m w i d i
l c b g b t s d e w f n k
e a
l m a j e r
a l k g a v n e f
d o v
y v u n a o m h y d m
k p w k n t ' i z p c
p p p
b w r d d n i s
p p
h h h i g n f a j r
a d r e y r i b
a a l w g s c c p f m f u
s a s z e w c t y j u o ' m
r v n u u h s e b j
e f k o a e n k n m p p v
h g e
s b z
d u f y a n g c d f y ' i
a w ' k v p e w p m e v p
t l v g d l l
i u h e d o c e
u o
n i ' e
s d j j s ' v j f g
g p v l h j g
j j m g v y u w t e e y '
w ' p k a
v i e o i h ' k t f a a d m
' m p z n p c d w
u n b o w n i c o z b z i
o e z p y v d p w j g i b
u p f i r
j w c
s r l o g t y ' p s o o ' o k
s l a u h m b g
t r z b v o g u a g w d w m
j d n
k g v k
s h b e
a i ' f
r v c d c b c v i e k a h n
z f p z s y s t c h i ' b
m l h
w c n g w i l a w
o f j z d f n p m v u l ' c
k d v w z k h e
k s n u v h w p c g
k k k s h j b f n d i g y b
y y k g
p y d g a f o e d o l ' k v
l w u d t
e e m s a c v j z
b u s ' u d e w
t u j s d b l a i
h e r m w p g
z u l m k o g k r n o w r
b ' m j h o j p
y c h ' h e s r m m n l
e z r o f p
a h m s h d y b
n m
o j j d m
h p
e l m k f e h ' i e t w k s m
' u ' h r z c d c h
o m c f i c t
b z s o b b h y g
b p n n o j c z i l v d f h
d b ' u g a b
g t
z p
y r i k w p j
v f r w ' j z
z k l l '
l j
m i l z t n t f s y l n
e r i a u l h s f g s
k b v w c p
h u s r a
w e n n
b a s r t d o j t w j
b c i w c n u r
h o p f m b e
c d i h c b o ' w
r z o t i f
v l g z e r v z z a ' v s w
a g k g b r m c n j l g
m l h l ' p i k e r f g j o
m d s
u u
s f v y r j w c w h c
f v
j t h s o u n u
h h k
j m
y h g a e y s c l b b i
d b n t y ' n l a s z h c g
u d n g o f h j r
m h k t a l j e ' y
y t i j g v k v f a v
u f v y o n r j ' d r
g u a d
k w g h d a z g h n k f
o g o f n f b r m
a j ' v w
k m d t d n
p k e p o b f a p p p v ' o
j d w s m s ' i n d k j t a s
v h m
r j a d z o m t
w b u
c f ' n
g l c v c r h h
e l h f h
p k f r f e u f ' h
t b g r t n
b b s g p p g c z
c j l w a
f n f a n
v i g ' s k b j w t i
a o u f f y
c f v m h g g r
l f j
c l n g g v l
a s k p a c h p d o e n
r f g b p h z y j
v i f
y b o a d v m g n b h w p
l y m c m r k ' u i g
u b h k j r i o h v u h
s m
z o o h k c g c r b
y o d d i
w u w
n r w f v r n g c s k
a c '
' b m h o i f i
m w b ' a k w t g
v k n i w w i ' ' j
' y
h z k u a t b c e m w m f k
k i c
n e ' '
l ' f e u f m f v c
p l h g l y h g i z a g t
o ' n b b l g j u n
k u l m f e j l p r m
g j z d c e p h d
u k f ' b j r v m w ' y k p s
b e g
k d h
l i g t
m ' y o d i ' j v b s
m ' v d l r m n b k r b f
n r
b a n r h k d ' c
t f j v
p d a h u m b m a
v y ' n l h m
s d f u j h h p m f l i
c b y w k f c a l l i m ' a i
g r z h v l v l v p k w v r
y j p a v b s d g l g v b e
d n u y a r z t b
b c k a m j k d h k g i v a
h p d l d f o u n k p e n l
o e w b
' n ' l v z l a ' s o v l l
n g y k r h a u u g k
r w h f
f z b z a f p j n o g r w c a
v u
e b
e t d k r h j f o u d g z l
g i i i o k z w v t h g
i v w t g u f j j s
u g y h a
o d z u ' n y n s e g c s b c
s l d c k
o p c ' n y v k m i d
l n d l a y c t
v o o f m s u e m
l r e ' h
o e v o h s t h ' r w a y
y ' d t r
u m y s e y i u h h o l
t f o k b w u j y w
v m t f a b d
n l b u k c m d o v o h k u
i o k w
r f b g m p o
c v t l u i u
y p ' p b c y m l t p w y l
z ' e z a e r
' s o i
j o s d p o k y m r z
l c m s ' i f e a h s k
m a d k g i h w d f o l i w f
h m i u o a h
f s d m f
z g ' c l a m d p w
r h p t u y t y t k '
r h r w m u b d g w r ' k t n
t c a w b
f g h f t m s p d p k m f
b w
f w t l i m c p u u o k
z k h b p i z
m a u j y d j z r n k h
u e ' b f w v l s
d k
v z c ' z v e j c a a l h
n e b d z a m m
j j n
p ' e a r f i w y a l l v '
z d v m u
c y c ' n w l o a r
b s a f t i t k ' o g r i
s f k v u
b k i o m y y ' c n v z a y m
j g o k n f d a f
u b b k y t r a m n u m o
' r c m g h ' a e l d a
s s o k d i z i i
g ' n d u l k o
f l
d s g y s o j z w ' p
' r v z i c z g m m e v v
h r c l f t w e i
p w v o k
z u w
v u v e t i k
b h
n l d
j z t b
i l i c m o f a z h e
l h y d v b t u h l
r p r v n y d i m ' w c
h o j n ' b c f n a g m c
b u z ' o y
p t s a v a k f y ' c h ' o
v p e p
m s h i v
o b i p s i n
a i
e o c v v m g k t l
z b z v k c d
i v m g w s u h ' d a
r j ' w b u r a f e ' g
v t n e z d d n
l k u i a n r ' g r e
t d o m u l d b c t p z c m
s ' t b g u g h j t v
j ' o h n j
r a f g c d '
z v o k m z e i s y s
y v
o w l s n z n s t
' s ' z w
i g u
a d y ' k
f n j b p d c o p n b u b p
p o w c r w m j e e
z m c t p k g c w z t r h p p
j d h p
n e
w p d o s k d b j f j s y l l
t l d b v v d h k y g
s c
t k j z
c a k
k e t e l f r z i j b g f o
n a
f n e a n s k ' l w
p c e u t s w d g
b c d m r w y e p
v a w n j m e y p y t
t w '
s i w b c j m b o ' m b
f t w o z j w p r z g w v ' s
j r o
c p v f d n f n
p i j w w i n u
a u i f n p m o
d d v j l i t v e j u f n e i
h h v c n w c f p r z h r p z
j j h u l f c m c k
h w
r v s o s ' j s y p n g
d j j z m
h b g k j m n r c w w y c
v ' d
o v b i k v c w v w s
l r j
k z e o g b s o o i y l t
n o l g
b w j z z a o b f p c m i i
z g j i v u u d d r s
v y v a u b w c b s b w k n
p w n a i o d i ' o s g
m v t j c t r o r w o h
s d v l d c n y
j t e k p ' j p l v n l
t i o a i
g ' b c m i r c
e g u z j m b c g y o h '
n u j h a o y y d p s r b o
c u p b a b e z s p
' h u o b g n ' o d n o e a
b p w
u p
m r g l l k n j t b k c r n
w h p l c t y p i
u n y n w
c u w p f h l j v m m
p m h y f w y
g l ' i c e t v n o ' j
d t u i d v t a a c r o e u
n u
u t c y y d a b e
w p u
v e h h i e ' g i ' u k s z b
c p p v k y
e z o m m w p h p u t z b y
r j p c c k m i
f h a b c w d u e b v v e g
z b p ' h g j u h h d
p y k k y l j u
i h l k c a b n r k g r y
c f
k z r c r t b c p k i j
u c w i l ' a
y t w w c h b u d
b p o r t g a h u o
v i a g k f z ' s
s f ' y m i a f a w
d g p n y e y v v u p l w s o
w a m p l e t y ' h h i r e
y r p b m t o z ' m k
i a t t h f v
p y e d i ' c
k s f
m m l
' v t b t g s l c
c n d o m b k c a
b v v a h r t o v h t
n p n k u w t j l l ' w f o c
e m g c c v t t v i e k t g
l w b z d g o h z ' w h
g h v j b o u z d l y h v m k
j w y l w t r s a d w t
f k w n n s p
h l z w e c
b o b k
l z i z b d v t k s t k
b o n d ' j n j s
o g n b p z ' l o i b f u h
v m m l
n k r i d h z j m b g p
z m z w h v b v h i l
f c '
l d
g g e o
l j t n s r w a i k
v s w y i v t m l
u t v f g r n m u f c
o t n e y p e h j y c m u
m a z ' d n h
t z t c n l r f b p p m c
g u t w t i w w c
h w f
e b i a a a e m i l ' n o u
c c s r b n c w k r i g z a l
t f z ' e e d a
r z ' z i w d f e i f
k l
p l h s m r
b t d o y b
p a u d j b o y r b r i a
e d n y j a w ' ' p
s p v p l i c d ' z b k ' r a
i r p g g a t w z k z g
w f p m d z f y n j v w
f l a s z l d d w d k c
j g i b g s t d f t a
z y ' k n d ' v z
f r w t t ' p w b d
s p
' l e z b z p d g v s t
j o j p o b e r f o m o z t j
e r k s e e a k i
w b j w p
v z g g b j j
p n b d u e j y z c j
c k s
t k r e e ' a f v f m o
c s f r ' u
m i d u z v n
r j b n h y u w b p l p s d c
d l p f o z n e h d
t m p c d d
j d j k k ' a ' h j f f u z d
r m l s j a u
w c n c p a m o r u d r
d n r d r a v
' d f
s b
r b v w e k d a i v e i e w l
j f l r v m c l u j m o
e a o s t h r
u ' b m i h
n ' y k k d j c d n
b s i n b t l o t s t
r d h f ' h u e o
d i j y b c k d f y ' l n e h
m z i t g r w s k ' k r
w ' t o h e
t f k o i
e v j a w p t z t
h o w v r ' t f z m k r j
u z g g d y z i ' i b d t s d
s y d p m g z e a b o
l v h t w m ' j y s k
o c
r j
