v a p i t e i t t a
f a s i s t i p u o l u e i t t a
e t t e _ t a s a n n e e t
k a u n e u d e n h o i t o
ä l k ö ö t _ o l k o _ k y s e l l e e t
m a a l a i s l i i t o l l a
e i _ o l e _ h a r r a s t u t t u
m u k a v u u d e t
l i e n e e _ m a n i p u l o i n u t
e n _ h a l v a u d u
k r y p t a n d e i l l e
b r i o s s i k s i
b i o i n d i k a a t t o r i l l e
v a a p u l l e
l a t k i n e t
e t _ j e l p a n n e
e i v ä t _ l i e n e _ k a d o t t a n e e t
a r k i s e t t a
s u j u t t a u t u i s i m m e
v a r p u s e t t a
k u k k a k a a l i k o r v a l l a
k u n i n g a s p a r i i n
e t _ p e t k u t t a n u t
l o k i k i r j o i l t a
h y ö t y n ä k ö k o h d a l l a
n e u l a t y y n y j ä
j ä ä k u u t i o i n a
e i v ä t _ l i e n e _ t i e t o k o n e i s t u n e e t
e t t e _ e r i l a i s t a n e
e n _ k u u m e n e
e t _ o l i s i _ s o t i n u t
a f r i k a a n e r e i s s a
e n _ o l e _ k i s k o u t u n u t
ä k i l l i n e n
k u p u h a p e r o n
p r e l a a t t e i n a
e i _ l i e n e _ k o l o n i s o i t u
k o l m i j a o l l a
e m m e _ n a p s i n e
t u i m e n e e
s k u t s i t
e i _ t y y d y t e t t ä n e
r u l l a p o r t a a t
n e i t s y i t t ä
m a k e u t u s a i n e
l i e n e e _ s y n k r o n o i n u t
e i v ä t _ o l i s i _ k a j o t t a n e e t
e m m e _ h a a s t a t t a n e
j o u k k o t u h o n t o j a
e i _ o l i s i _ a p l o d e e r a t t u
o l e t _ a p i n o i n u t
h i s t i d i i n i n ä
p r o f e s s o r i n v i r a n
a u t o h ä l y t t i m i s t ä
o i k e u s t i e t e i n e e n
o l i s i v a t _ h e l m e s t ä n e e t
e i v ä t _ o l l e e t _ e n e n n e e t
h i k i n a u h o i n e e n
o l i _ p a l e t t u _ l o p p u u n
m y l l ä r i ä
v a n n a s p u t k i
l e n g o l l a
k a i n a l o a
m o n o t o n i s u u d e s t a
l o p p u m a t t o m a l l e
o l e n _ ä i m i s t ä n y t
e t _ o l l u t _ o p i s k e l l u t
v a k a u m u k s i n
m a a k a r h u n a
o l k o o n _ a m p a i s s u t
e i _ h u o h o t t a n e
i l m a v a a r a s t a
h ä r k ä t a i s t e l u i h i n
o i k e u s h a m m a s l ä ä k e t i e t e i l l e
o r h i s s a
e j a k u l o i n u t
e i v ä t _ g r y n d a n n e
k e l t a h e l t t a r o u s k u s t a
o l i s i _ s u o m i t t u
s e k v e n s o i n t e i h i n
k i e l i h i s t o r i a k s i
e i v ä t _ o l l e e t _ n ä ä n t y n e e t _ n ä l k ä ä n
i l m a s t u u
v a l o i s a m p i
t a r h a n n e v a t
o l i t _ k e h a i s s u t
ä v e r ö i t y i s i t
h u u r r u t e t t u
v u o s i t t a i s i k s i
r e f r a k t a a r i s e t t a
o d o t u s s a l i s t a
e m p i i r i s e t
l i e n e t t e _ s u i k e r t a n e e t
o l i s i _ n a v a k o i t u n u t
k o h d e r y h m ä l l e
y h d e n v e r t a i n e n
s a k s a n h i r v i n
e i _ o l i s i _ p a k o t t a u t u n u t
e n _ o l i s i _ s i p i s s y t
g r a v i t a a t i o i d e n
p e h m e i k ö i l t ä
o n _ o r n a m e n t o i n u t
e m m e _ o l e _ t ä h d e n t ä n e e t
l i b e r a a t i o i d e n
k y n n e n m u s t u a i s e s s a
h i u k k a n e n
l a n g a n n e m m e
l i e n e e _ k u l m a t t u
a g e n t t i k i r j a l l i s u u k s i t t a
g r i l l i m a k k a r a n a
o p i n t o j a k s o t t a
s a l a k a p a k a t t a
e i v ä t _ p i s s i t ä
o l e m m e _ e r i s t y n e e t
o l i t t e _ t u h o n n e e t
l i e n e t t e _ k e r r y t t ä n e e t
ä l k ö ö n _ o l k o _ l o m a i l l u t
i n s t i t u t i o n a l i s o i d u t t i i n
k a m a r i m u s i i k i t t a
n i m e t t ö m y y k s i s t ä
u l k o i l m a t e a t t e r e i n a
o l u t t u o p i k s i
o l i t t e _ l y ö t t ä n e e t
l i e n e m m e _ h i n a u t u n e e t
e u r o n o r m i t
k o h e r e n t t i a
e i v ä t _ v ä ä r i s t e l i s i
k y p s y m i s i ä
l e k u r i e n
h i i h t o l o m a
l i e n e t t e _ k i i r e h t i n e e t
o l i s i n _ l a u l a n u t
e i _ p i r a u t e t a
m ä ä r ä t i e t o i s i s t a
e i v ä t _ o l l e e t _ t y h j e n t y n e e t
o u d o k s u t t a n e m m e
e k s o d e r m e i l l ä
e t t e _ o l l e e t _ p y y d y s t ä n e e t
p r o m e n a d i k o n s e r t i l l e
r y i t
o l k o o t _ p i d ä t e l l e e t
v ä s y m y k s i i n
k u o r e t t u k o o t
e i v ä t _ o l e _ l ä h e s t y n e e t
l a t a a m o i l l e
e i _ j y r i s y t e t ä
ä l k ö ö t _ k e r j e t k ö
e t _ o l e _ i n d i v i d u a l i s o i n u t
ä l k ä ä m m e _ o l k o _ t u l l e e t _ t o i s i i n _ a a t o k s i i n
k e a l l e
h u u t a j a
k i n u t a a n
p u r i l a i t a
ä l ä _ o l e _ k a r v a n n u t
v e r t a i l e v i a
p a p p e u k s i s t a
o l k a p ä ä o h j u k s i n e e n
f i r e n z e l ä i s i k s i
k a a p p i h o m o l l a
h a u k o t u k s e s s a
i t s e o h j a u t u v a s s a
s c h a p e n d o e s e i h i n
a v i t t a n e n
e t _ k a n g i s t a n e
s e e s t y k ö ö n
t a l o u s l a m o i n e e n
h a p p a m o i t u k a a
e t t e _ o l l e e t _ r o u h e n t a n e e t
k e i s a r i l l i s i t t a
t u k e h d u t a a n
j u h t a e l ä i m i l l e
v a s t a a v a t t a
l i e n e e _ h a m s t r a t t u
w o k k a u k s i k s i
t i e d o s t a m a t t o m a s s a
v i i n i n v i l j e l y i n
o l i t t e _ e d e l t ä n e e t
t a i n n u t t i
h ä m ä r ä m m ä n
j u o n i t t e l e
i t a l i a l a i s t u v a
e t t e _ h u l l a a n n u
k o m m a r e i k s i
s e i n ä s a m m a l - m u s t i k k a t y y p e i l l ä
e i _ n e u l o n u t
h u o m a a m a t t o m i t t a
l i e n e t t e _ y l v ä s t e l l e e t
i l o n p i d o i n
e i _ l ö r ö t e l t ä i s i
d o l l m a n n i n p u u h i i r i i n
v e r e n v u o d o i s t a
l ä h i k u v a n
v u o r i m a r e i s t a
u u s k ö y h i s t ä
p e r u s l a s k u t o i m i t u k s e e n
o m n i p r e s e n s s i n ä
s i v i i l i
e t t e _ l i e n e _ k a k s i n k e r t a i s t a n e e t
k i s s a n l i l l u k o i l t a
k o k k i v e i t s i n e e n
j ä r v i t a i m e n i a
d i g i s o v i t t i m i n a
e t t e _ k i m p a a n t u n e e t
v e l t o s t u t i t
p i l k i n
a g g l u t i n a t i i v i s e l l a
v i r k k o a
v a l t i o n k i r k k o j e n
e i v ä t _ o l l e e t _ s y v e n t ä n e e t
e i _ l i e n e _ t a p i s o i t u
e i _ o l e _ p y y l e v ö i d y t t y
k o r v a r e i ä s t ä
r a i t t i u s s e u r a
p u u p p i k a n t t a
a n d r o l o g i a
p a l v o n n a s s a
y l v ä s t e l i t t e
t i u k o i l t a
ä l k ö ö t _ t i h e n t y k ö
k o b r a t t a
e m m e _ o l e _ j ä r k i i n t y n e e t
s a l a m a n t e r i e n
a u d i t i i v i s i s t a
h ö p p ä n ö i d y
o l k a a _ p ä ä s s e e t _ l ä p i
k i e l i k u r s s i t
e n _ h a v u t t a n e
v a m p i r i s m i
ä l k ö ö t _ o l k o _ t u u r a n n e e t
t o i v o t t o m u u k s i n a
e i _ l i e n e _ d i i v a i l t u
c l o u
e m m e _ k a s e t o i s i
p u r j e h t i k o o t
e m m e _ m o u k a r o i
h o h k a t a a n
s k o t t i h a m e i t t a
l i e n e n _ y l i v i i v a n n u t
ä l k ö ö t _ l o r o t t a k o
a l e m p i a r v o i s u u d e s s a
p i k a j u o k s u u n
o l i t t e _ h a r o t t a n e e t
k a l s i u m k a r b o n a a t t e i n e e n
e t t e _ l a i n e h t i n e e t
t a u l u t e l e v i s i o i s s a
k u l j e t e t t a n e e n
e i v ä t _ m u o d o s t a n e
y m p ä r i s t ö t u k i n e e n
p o r r a s f u n k t i o n
e i _ s u i p e n n e t a
e i _ o l e _ k ä v e l l y t
a k s o p l a s m a t
g r i l l i k y l j y s
s k y y t t a l a i s t e n
e t _ o l e _ h u o m a u t t a n u t
e i v ä t _ l u h i s t a n e e t
o l i s i t t e _ ä i t y n e e t
e n _ o l e _ l o i k o n u t
h a k k e l u k s e t
k u s i p ä i h i n
h a u k a h d e t t a v a
o l i s i _ k o o s t e t t u
e t t e _ p e r k e l ö i d y
i t s e m u r h a i s k u i l l a
p r o t e a a s i n _ e s t ä j i l l e
l i u d e n t a n e t
e m m e _ s a f k a n n e e t
s k a n d a a l i k s i
p e t r o l o g i s i s t a
k i r p p a r e i s t a
e i v ä t _ o l e _ p y y h k i y t y n e e t
n y r k i n i s k u l l e
o l i s i t t e _ p u l l a h t a n e e t
h a v a i n n e e
k o m m u t a a t t o r e i n a
e i v ä t _ o l l e e t _ h e l i s s e e t
ä l ä _ s t y l i s o i
s u u n t a v a l a i s i m i s t a
e m m e _ p r o j i s i o i n e
t u n n o t t o m i l l a
v e d e n h a l t i j o i n
y l e i s n ä k y m ä l l e
m i k r o a u t o t
e i _ h o u r i t t u
e t _ o l i s i _ m y r t y n y t
e i _ h y ö k ä t t ä n e
e t _ e n t i s t ä n e
i d e o g r a f i a t
t r a n s l i t t e r o i t a i s i i n
e l o l l i s i l l e
l e i k k a u k s i l t a
j ä l j e n t y i v ä t
d y s e n t e r i o i l l a
v ä h e m m i s t ö k i e l e l l ä
v ä e s t ö r ä j ä h d y k s i ä
l i h a m y l l y n
e i v ä t _ k e h t a i s i
e t _ j ä r k k ä i s i
e i _ l i e n e _ p a t e n t o i n u t
k o l o t t a i s i m m e
ä l k ä ä m m e _ k e l l a s t u t t a k o
b a l s a m o i n n e i l l a
a s u n t o a l u k s i l l a
n e l i k o t
k o r p i r o u s k u i n e e n
s ä h k ö j o h d i n
p e n n e i s t ä
p o i k k i t i e t e e l l i s i n
j ä l j e n n e
o n g e l m a v u o r t a
l e i p ä l ä v e n
e i _ k o m e i l l u t
o l i s i _ h a r j a n n u t
o l k o o n _ l a a h a a n t u n u t
e n n u s t u k s e s t a
s e k a h e d e l m ä t ä y t t e e s s ä
h e i n ä a i k o j e n
v u o r i g o r i l l a a n
r u o h o n k e r ä ä j ä ä
l i e n e t _ a n t a n u t
ä l k ö ö n _ o l k o _ n a r s k u t t a n u t
v a t k a i m i l l e
s e p a r a a t i o t
e n _ o h j a i l i s i
a i v o l i s ä k k e e s s ä
v i r k i s t y k s i s s ä
k o n e k i r j o i t u k s i s t a
o l i t _ k e v e n n y t
h u t u i t t a
o l i v a t _ s h a m p o n o i n e e t
e i _ s i h i s s y t
u k o n n a u r i s
t o r n i n o s t u r i
ä r j y n n ö i l l e
t š u k t š i n a
t u t k a n p a l j a s t i m i s t a
n o k e e n t u n e e
k ö p i t e l l e m m e
o l i t _ u n i v e r s a a l i s t u n u t
t a s s u t t a i s i t t e
ä l k ä ä _ o l k o _ s k r u u v a n n e e t
s u k k e l u u s
o l k a a _ p i i p e r t ä n e e t
k a i h d e t t u
o l e _ h i r n u n u t
e i _ h i p s u t t a i s i
l i e n e m m e _ r ö h k ä i s s e e t
r a k k a a n
p e l t o m a i t i k o i s s a
s ä h k ö p a r i s t o l l a
e t _ o l i s i _ i h a i l l u t
v a s t a v a l i t t u
n u k k a a v a
m e l l o t u k s i s s a
l i e n e t t e _ a n t a n e e t _ i l m i
e i _ a r v o t t a i s i
y k k ö s v a h d i s s a
p l a t o n i k k o n a
p a h a n k u r i s i l l a
e m m e _ h i d a s t a
o n _ h y l l y t e t t y
l i e n e t t e _ r o u t a a n t u n e e t
i n t e r p o l o i n n e i k s i
v a i n a a l t a
k i v i t a s k u i s t a
s o p e u t u m i s e k s i
k o l l a r e i l l e
t u r m i o n
e n _ p a i s u i s i
e t t e _ o l e _ r u t i n o i t u n e e t
s t r a s s i k o r u t
d e f i n i o i t a v a
e k s p e r i m e n t a a l i s e t
e t _ k o j e i s t a n u t
r a n t a n e u l o i n a
e i _ l i e n e _ l a a h i t t u
e i _ l i e n e _ p o l k e u d u t t u
s u o l i s t o l t a
m ä t ä m u n a t
s i l m ä p a k o o n
k a o o t t i s i t t a
k o l o r a t u u r i n a
k i i h k o a
e n _ s o n t i n e
i d i o l e k t e i s t a
s o i t t a j i l l e
t u o r e
ä l k ö ö n _ v i r t t y k ö
k i n a a s e i k s i
e t _ p o h j a n n e
e t _ o l e _ s t a n s s a n n u t
h o l l a n n i n _ k i e l e l l ä
s a t u m a i s e t
v a u r a i n
v i t s a
v e r k k o r i k o k s i s t a
s y n o n y y m i s s ä
t u k k o i s e n
k ä r h ä m ö i d ä
o l i s i t t e _ n a p i t t a n e e t
a i v o r u n k o j e n
ö l j y t u i k u t
a r a b i s t i l t a
b r o d y y r i n a u h o i h i n
o l i t _ t i u k e n n u t
o l k o o n _ p i k a v i e s t i t t ä n y t
e s k a d r o o n i l l e
k a u p p a s i e n t ä
e i _ o l e _ n y h t ä i s s y t
s u h t e e l l i s u u d e n t a j u t t a
r i s t i i n n a u l i t u n k u v o i n a
p a j u p i l l i t t ä
e i v ä t _ k a s e e r a n n e
k i r j a k a u p p a a
e i _ i k ä v y s t y t t ä i s i
k i r o p r a k t i i k a k s i
t u l l e v a t _ t o i m e e n
h o m o p a r i t
r a s s e j a
s u p e r s e o k s i n
l i e n e e _ l a i s k i s t u n u t
o l k o o t _ k i u k u s t u n e e t
e t t e _ o l i s i _ s t u k t u r o i n e e t
h a r h a a n v i e v ä l l ä
d e m e n t o i t
e s i v a h v i s t i m i l l a
k r o u v i t
n i r r i s t ä
o v a t _ i n t e g r o i n e e t
o n _ d u b b a n n u t
s u b j e k t i v i s t e i n a
l i e n e v ä t _ s o t k e e n t u n e e t
k o e t u s t a
s y d ä m e l l i s i n e
l a i h d u t u s k u u r i k s i
a l k u i l t o i n a
h a i t a r e i n e e n
e m m e _ v i i p a l o i
e t _ o l e _ f o k u s o i t u n u t
e t _ l i e n e _ t o i m i t t a n u t
k ä s i n k o s k e t e l t a v i n a
m a r k k i n a t u t k i m u k s i k s i
o l k a a _ r u s t o u t u n e e t
ä n n ä l l e
i m p e y d e s s ä
k r u p p i i n
t a m m e n s a v u r o u s k u n a
e i v ä t _ o l i s i _ j ä r k i i n t y n e e t
e g y p t o l o g i a t
t a s a l ä m p ö i s y y k s i s s ä
o v a t _ k ä v e l l e e t
b i s n e s m i e h e n
o l i s i _ h a a s t e t t u _ o i k e u t e e n
s i l p p u r i i n
l i f t a a j i i n
r o m u t u s
g a m m a y ö k k ö s i l l e
ä l ä _ o l e _ h e h k u n u t
p u s k i k o s s a
v y y h t i e n
ä l ä _ h y p p y y t ä
e m m e _ l i e n e _ ä i m i s t y t t ä n e e t
t a k a p e r o i n e n
o l k o o n _ t u r m e l l u t t u
k e i k a r o i n e e
s ä h k ö n j o h t i m e s t a
l i e n e m m e _ t a v u t t u n e e t
p y h i m y k s i ä
m u n i n n a s t a
o l e n _ s h o p p a i l l u t
l a s t a a m i s i k s i
o h u t n e u l a b i o p s i o i n
g e i s h a k s i
s t a t i o n a a r i s e s t a
l a k t o o s e i n a
j ä m e r ä t
a r b o r e t u m i l l e
a k t i v i s t i a
p e r ä p u i k o i l l a
m a a i l m a n j ä r j e s t ö l t ä
a u t o m a a t t i s i k s i
l ä n n e n e l o k u v i k s i
s e e p r a m a k r i l l e i l t a
e d u n v a l v o n n a s t a
m o i k u n o i n e e n
o o p p e r a k u o r o t
e m m e _ o l i s i _ k i r j a v o i n e e t
e r i n o m a i s i n a
p u r k k i i n
e i _ n o r j e t t a n e
k u l m a t a
n i k k e l i s u l f a a t t i e n
g u i n e a n r u o s t e g u e r e t s o i t t a
a s s o s i a a t i o l a i t
o l e t t e _ l ä i m ä i s s e e t
e i - o o l l e
h i r m u m y r s k y
m ä ä r ä n p ä ä h ä n
n e f r o l i i t e i t t a
s u k e l l u s v e n e e s t ä
o l e _ m u l k o i l l u t
n a i s v a l t a i s e n
e k o n o m e i s t a
e i _ p y ö r ä h d ä
h e l m i - i t i ö i d e n
l a i n a n a n t a j a n
e i v ä t _ t o t e u t t a n e
p e r u k s e n a
l ä i s k y k ä ä m m e
p i k k u l a p a s o t k a k s i
p o h j o i s f r i i s i l l ä
s p a r t a l a i s i s s a
o l i s i t t e _ d i s k a n n e e t
s i l m u k k a l a n k o i h i n
p e r i n n ö t t ö m i l l ä
j a k s o t u k s e k s i
p r i m i t i i v i r e a k t i o
k o i r a v a l j a k k o a
M o l o t o v i n _ k o k t a i l i s s a
v i i l s i t t e
a i t o j a l o h a u k k o i n a
u i m a r a k k o j e n
r y n n i s t ä m m e
e m m e _ o l l e e t _ p e n g e r t ä n e e t
i n t r a n s i t i i v i v e r b i
v i l p o l o i t t a
e i v ä t _ o l e _ h a u t a u t u n e e t
m y ö t ä k y t k e n t ö i n ä
m a t o i s t a
e i _ o l i s i _ k u l t i v o i n u t
m i e k a n i s k u s t a
p y y n t ö ä
e t _ o l i s i _ n o t k u t e l l u t
i l m o i t e l t i i n
f a l a n g i t
e i _ o l e _ n i p u t t a n u t
k ö y t e n ä
r i i s u n n a t
e i _ h i r t t y i s i
k r ä n i n
j ä l k i p u h e i k s i
n e u r o t o k s i i n i s t a
ä ä n n y i m m e
k e n k ä l a n k k e i n a
s e i k k a i l k o o n
u s k a l i a i s u u d e s s a
e v a l u o i s i v a t
e t _ p o h d i s k e l l u t
o p t i m i s s a
k r i s t i l l i s d e m o k r a a t t i s e s t a
a r v o n a l e n n u k s i l t a
m ö n g i
e u g e n i k k o i h i n
m y ö t ä i l i j ö i n ä
e n _ k r u u n a i s i
ä l ä _ o l e _ v i e r o i t t a n u t
m a a l i t a u l u i h i n
l a d a k s i
s a r j a k e l t a n o s s a
e m m e _ l i e n e _ i l m a k u i v a t t a n e e t
d e k s t r o m e t o r f a a n e i s s a
p u s k i k o i s s a
p a u k a u t e t t i i n
ä l k ä ä m m e _ o l k o _ k o r o t u t t a n e e t
l u h i s t a m m e
v i s k a t s a l t a
s u o j a v a l l e i n a
o l i s i t _ s u o r i s t u n u t
p u u h a i l i j a n a
r e l a k s a n t t e i n a
ä l k ä ä m m e _ o l k o _ j ä ä t y n e e t
p u o l u s t u s a l u e i n
a r a m e o i l l e
h u l l u n m y l l y i l l ä
r u p l i t t a
e t t e _ o l i s i _ j o h d o t t a n e e t
t o i m i p i s t e
m e t a a n i h y d r a a t t i e n
o n _ i l m e n n y t
e i _ k a k i s t e l l a
s a n a n l a s k u s t a
k o l m i r i v i l l e
l i e n e e _ m i t e l t y
n e k r o f a g i o i n e e n
s a n o i t t a n e m m e
l i i t u r a i d o i l l e
d o u p a t k a a m m e
m y e l o o m a l t a
s u m m a u s t e n
n a p s a u t t e l i m m e
o l e n _ h i l j e n t y n y t
o l i n _ s u o s t u t e l l u t
b a n k e t i t
e n _ k o h d e l l u t
o l k o o t _ l e p u u t t a n e e t
g u a r a n i l l e
e i _ o l i s i _ t y r k k i n y t
k i i s t a t t o m i m m a l t a
o n _ h a r h a u t t a n u t
m i e s p a r o i s t a
i n d e f i n i i t t i s e l l e
s e n k k a a
a r k i p y h ä n
s e e p r a s i i p i s i m p u i l l a
p o h j a l l i n e n
o v a t _ h ä t k ä h t ä n e e t
o t s o n i k a d o n
e i _ o l l u t _ k i v e r r y t t y
s y m b o l i n e n
ä l k ö ö n _ o l k o _ a n t a n u t
o l i t t e _ k a u p a l l i s t a n e e t
s i e v i s t y t t i i n
e n _ o l e _ p y s y n y t
e t t e _ n u u k a i l e
o l e t _ k i i n t e y t t ä n y t
e t _ o l i s i _ t u k e h t u n u t
s u o m e n r u o t s i i n
k ä r ä h d e t t ä v ä
ä l k ö ö t _ s e l k e y t t ä k ö
t e r v e h d i t ä ä n
o l i s i t _ p a h a s t u n u t
t y l s y t t ä n e t t e
s o s i a a l i s t a k o o n
v i n y l a a l i t
a m a z o n i a n p u u m u u r i a
p u l l o t i n
a s t r o n o m i l l e
s e e r u m i t a u t i e n
h u u d a t t a i s i n
a s u t u s k e s k u s
k e l l a r o i k a a m m e
a r t o t e e k i l l e
t u n g e k s i v a t
s t r u t s i n s u l a s s a
o l e _ s t a r t a n n u t
d i g i t a a l i n ä y t ö t t ä
m e t a l l i t t a
o n e i r o l o g i o i d e n
a b i t u r i e n t e i s s a
ä l k ä ä _ n y n n y i l k ö
p u n a p e n s s e l i s i k o j a
k a f f e r i l l e
e t t e _ o l i s i _ v a a n i n e e t
s u u s t a l a d a t t a v a
r a h k a r o u s k u t
e t t e _ t i u h e n n e e t
i m u p a p e r e i n
o l i s i v a t _ h o m m a n n e e t
f l a v i v i r u s t a
e i _ o l e _ n i r h a i s t u
a s t e i t t a i s u u k s i s s a
e n _ o l l u t _ p i s t ä n y t
u l o i m m a i s i s t a
p a t o n g e i s s a
p s i l o s i i n i t t a
e t t e _ h ä r s k i i n n y
a j a n o t t o l a i t t e e l l a
p o s s u n l i h o j a
ä ä r i e h d o k k a i n a
e i _ k a k s i n k e r t a i s t e t t u
k y n ä i l i j ä
g u i n e a n s i m p a n s s e i n e e n
r a u h a n t u r v a a j a a
h i v e n e k s i
t i e t e e n t e o r i o i l l e
b e n j i h y p y k s i
p u v u s t a n e m m e
o l e n _ p r a k t i s o i n u t
e i _ o l i s i _ r a d i k a l i s o i t u n u t
j ä l k e e n j ä ä n e i l l e
g l o b a l i s o i t u m i s e n a
e i _ o l e _ s e u r a t t u
m i e k k a r i a
b r o m o f o r m e i k s i
p i e n i s s ä
l i e n e n _ k o h d e n t a n u t
h ö y l ä ä t
k a s t a m a t t o m a n
v u o r o t t e l u v a p a i s i i n
s i t e e r a i s i
v i l k k u n a
p o h a t a l t a
e t t e _ r ä i m i n e e t
v a l u u t a n v a i h d o s s a
k a s a k k a a
k ä y r ä t
h ö y r y v a s a r a n
k e h ä t e i s t ä
p u d o t t a u d u i m m e
ä l ä _ r ö y h t ä i l e
v i l k u t t e l e v a
e i v ä t _ o l l e e t _ j a r r u u n t u n e e t
p a h n u e e s e e n
p e r ä s u o l e n t u l e h d u k s i l l e
y l ä k o n j u n k t i o l l e
m e t y y l i f o r m i a a t i t t a
m e t a s t a s o i s i t t e
c h a k r o i l l e
m a s o k i s t i s e l l e
p a l s t a m i l l i m e t r i k s i
a d e s s i i v e i n
o l e t _ n o l o s t u n u t
p i o n e e r e i h i n
o n _ p u r i s t e t t u
l i i t t ä k ö ö n
m a u k k a i m m i s t a
k e l t a h a p e r o i k s i
s i a n s o r k a l l a
o l u t h u u r u i s e l t a
k o k i l l e i l l a
e t _ o l e _ l o p p u n u t
o l i n _ l a j i t t u n u t
a b s t r a k t i s t u
o l e n _ s v e n g a n n u t
k a u p u n k i l a i s i s s a
h a b i t u k s e k s i
o l k o o t _ k o r j u u t t a n e e t
t y t t ö b ä n d e i n ä
e t _ o l e _ m a j o i t t a u t u n u t
e i _ h e n k i l ö i t y n y t
e p ä t a r k k u u k s i k s i
v a n t u i l l a
k ä d e n s e l i n
v a l u u t a n v a i h d o i s s a
a a l t o e n e r g i o i n e e n
p ö y t ä s u o l a l l e
p i t k u l a i s i l t a
v a r u s t a k o o n
k e h o t t a a
o l e t t e _ a n o d i s o i n e e t
c o u l o m b e i n
s a l a o j i t t a i s i
h e r o i s m i
p i e t e e t i l t ä
a l a s t o m i m p i n a
b e n t o n i i t t e i n a
p i l l a h d a t
e i _ l y y k i s t ä n e
k a s v i t t u k a a
s y l l a b i s i l l e
b a r y y t i t t a
l i e n e v ä t _ s i l p o u t u n e e t
o l k o o n _ d e s a l i n o i t u
b e l g i a l a i s e n a
s a a r e k k e e t
a l e n e m a s t a
l o p p u p u o l i l l a
m u t a k u o n o l l a
e t t e _ o l i s i _ j a m m a n n e e t
i h a i l i j a s t a
s o v i t t i m e t
v a t s a t a n s s i j a t t a r i l l a
j y r i s t e t t i i n
o l i t _ m a h t a i l l u t
e i v ä t _ o l l e e t _ t v i s t a n n e e t
o l e n _ y k s i t y i s t y n y t
l i e n e t _ k a r v o i t t u n u t
b u d j e t t i o n g e l m a a
h e p r e a l a i s e t
e m m e _ p a r t i t i o i n e e t
u k k o v a r p a i t a
m u s i s o i t a k o o n
l i e n e e _ h e r j e n n y t
e m m e _ o l e _ h a l v a u t t a n e e t
o n _ h a i s t a t e t t u
b a k t e e r i m y r k k y
a l i v o i m a p e l i s t ä
ä i d i n k i e l i n e n
e i _ k u d e t t a n e
s ä h k ö s a h a s s a
e t t e _ o l e _ k ä y t t ä y t y n e e t
s y n k o o p i t t a
o l i s i m m e _ m ä ä r i t t ä n e e t
e t t e _ o l e _ l ä t k ä i s s e e t
t e k s t a i l i n
i s o l o i t i i n
e k s e k a n t e i l t a
h i n a u k s e e n
e i _ o l e _ k o r o t u t t a n u t
o l i s i n _ t a k i l o i n u t
i m m a t e r i a a l i o i k e u k s i n
e i v ä t _ o l l e e t _ j u l m i s t u n e e t
n e n ä n p ä i n
s o l u a u t o m a a t t e i h i n
g a n g s t e r i s m i l t a
a a t r a s t a
k u n i n k a a l l i s e k s i
e t _ o l l u t _ t e p s u t t a n u t
k r e i k k a l a i s k a t o l i l a i s e l l a
j a l o k i v i o p p i
e m m e _ l i e n e _ i r r o t e l l e e t
f e n o l i p u n a i s i n
e i _ r a k e n t e i s t e t t a i s i
a a r n i h o n g a k s i
k a i k k i v o i p a i s u u k s i n
d i a a r i o l l a
p a l j a i m p i i n
h - h e t k i ä
b a a s i k s i l l e
e t t e _ l e v i t ä
l a i s k u r i s t a
ä l k ö ö n _ r a a d e t t a k o
s a a m m e
k a t u m a a s t u r i t
e i _ n u u h k i s i
e l o k u v a - a l o i l l e
n u o l e s k e l t a k o o n
o l i s i _ l i i p a n n u t
m y ö h ä i s i l l a n
b a l k a n i s o i s i t t e
s u o d a t t u n e t t e
o l k o o t _ s o n d e e r a n n e e t
o r a s t u k a a m m e
s h i i a l a i s e n a
s ä i k ä h t ä v ä
e t _ p a n i s i _ m e r k i l l e
e t t e _ o l l e e t _ t i s l a n n e e t
s i i r t y m ä
k u m m a s t e l t a i s i i n
a t e r o s k l e r o o s i k s i
e t t e _ s o s i a a l i s t a n e e t
s ä ä s t ä v ä i s y y k s i t t ä
s e l k e n i s i
v o i t o n h i m o i s e t t a
k a l k k i u m a t
v a l v o n t a k a m e r o i l l e
ä l ä _ o l e _ a v a u t u n u t
ä l k ö ö n _ a r i s t e l t a k o
u r u g u a y l a i s i s t a
t a i t o n i e k k o i n e e n
g a v i a a l e i k s i
e t t e _ j y r r ä n n e e t
i t ä m a a l a i s i l l e
ä l k ö ö t _ l i e h t o k o
t s a k r a
u i m a s t a d i o n i t
ä v ä r r y t
l i e n e e _ k u p s a h t a n u t
i k k u n a r u u t u i n a
n i i n i s y i n e e n
a s e l e p o
s t i p e n d i r a h a s t o i l t a
o n _ s u j u n u t
e i v ä t _ ä r j ä h t ä n e
o l k a a _ d e m o k r a t i s o i t u n e e t
l i e n e t t e _ h u u r u n n e e t
r e u n a e l e m e n t t i m e n e t e l m ä n
e i v ä t _ o l i s i _ m u l k a i s s e e t
k e i t t o i n e e n
n ä ä n n y t t ä n e m m e
o l e t _ h y t i s y t t ä n y t
e l o t u l e t
o l e t _ k u r a n n u t
e i _ k y l m ä t ä
m i k r o g r a m m o i n a
l i i t ä n n ö i t t ä
h u o j u t a a n
o l i m m e _ s ä d e h t i n e e t
e t t e _ i m e t t ä i s i
s ä i l ö j ä
s y n a p s i
e m m e _ o l l e e t _ h u u h t a i s s e e t
e t _ l i e n e _ h a i s t e l l u t
e t _ l i r i n e
f u t u r o l o g i s i n
n a i n t i a
s u r f f a i l t u
o l i s i t t e _ j o m o t t a n e e t
ä l k ö ö t _ o l k o _ s y y l l i s t ä n e e t
b a r e e s i t t a
e i _ o l e _ t i k a h d u t t u
t u l i m y r s k y t t ä
n u o r e n t u v a t
k a i v a n t o
o l i s i _ k o n s u l t o i t u
r e u n a l i s t a a
g a b o n i n m a r a k a t t i n a
v ä r i k y l l ä i s y y d e l t ä
s t a u r o l i i t i t
m i e l e n t e r v e y k s i s s ä
l i e n e v ä t _ k u l k e e n t u n e e t
k o t e l o i n e v a t
e m m e _ h i i v i s k e l l e
l a p s i v e s i s s ä
o n _ k u u m e n n u t
e i _ h i m o n n e
i n t e g r o i m i s i n e e n
ä l k ä ä _ v i t u t t a k o
e i _ o l l u t _ p o l s k i t t u
p r o f y l a k s i a n a
b i o k e n o o s i k s i
k u u k a u s i t t a i s t e n
t u l i h e l t t a s e i t i k i l l ä
ä l k ö ö n _ l a i m e n n u t t a k o
v i l k u i l e
o l k o o n _ l o i t o n t u n u t
s y n n y i n p ä i v i i n
e m m e _ m a i s k a u t t a n e
e t t e _ s k a a l a u d u
v i l l a v o i r o u s k u n
m u u r a u t u n e m m e
o l e t _ h i l s e h t i n y t
k o u l u n k ä y n t e i h i n
o l k a a _ l a s k e n e e t
u i n a i l l e m m e
o l i s i v a t _ m e n n e e t _ n u k k u m a a n
t o m o g r a f i t
s a a l i l l e
s i l k k i h a n s i k k a i d e n
s u r u l l i s u u d e l l e
l i e m i k u u t i o k s i
s y y t t e i l t ä
o l e t t e _ m u m i s s e e t
e t _ o l l u t _ t o h t o r o i n u t
e t _ l i e n e _ s y d ä m i s t y n y t
e i _ o l i s i _ p a l e l l u t e t t u
k i e r t o i l m a i s u i n a
r e v a n s s i i n
o l i s i v a t _ p i e l e s t ä n e e t
s ä ä t y e r i o i k e u k s i n a
e m i
l i e n e m m e _ j u t u s t e l l e e t
l a a v a v i r r o i l l a
o l e n _ ä k s y y n t y n y t
o l k o o n _ t o i t o t t a n u t
e i v ä t _ m e n e t t e l i s i
b a s s o s ä ä t i m i ä
y r j ö s t ä
t i s l a i n
o n _ s e n t r a l i s o i n u t
s y ö k s y h a m p a i n a
t o r n i t u s
v u v u z e l o i h i n
s o t i l a a l l i s t a k o o n
e i v ä t _ h o l h o n n e
e i _ k i u k u s t u t t u
k e s k i h e r m o i l l e
r a s v a u k s e t t a
o v a t _ l i u k a s t u t t a n e e t
v a a t e t u s t a
k e i n o t t e l i j a n
m u l k a i s e e
g e r o p s y k o l o g i o i t t a
e i _ o l e _ o t s o n i s o i t u
k ö y r i s t ä k ö ö n
s l a p s t i c k k o m e d i o i d e n
o l u t p a n i m o s u v u i n
o n _ j u l i s t a u t u n u t
a l u e i t t a i s e k s i
v a l o k u v a m a l l i
m i i m i s i s s ä
k a i n o s t e l k a a m m e
p ä k i ä
n o l l a m a t r i i s e i l l e
e i v ä t _ p a i s t a
r a t i f i o i n e t t e
c l e a r - t i l a k s i
l i e n e n _ r u i s k a i s s u t
p a l k i n t o i n e e n
l u o l a s t o i l l a
f i k a s t a
u i m a p u v u i l t a
p a k e t o i t t e
r o m p p u n a
m e r i s a i r a u k s i s t a
n y t k y t y s t ä
k u p a r o i t
h y l k e e n p y y t ä j i l l e
k r a k a n n e e
k i e r t e i s y y d e l l ä
m o n o g r a f i o i h i n
s y k e r t ä k ä ä m m e
e i _ l i e n e _ m a i n i t t u
k i i v a i l i j o i n a
r u u s u p i p p u r e i n
i d e n t i t e e t e i l t ä
s h e i k i t t ä
o i k e u d e n k ä y n t i a s i a m i e h i n e e n
e t t e _ j ä r ä h t ä n e
e t _ k e l l a u t t a i s i
b u l l t e r r i e r i
r i e m u v o i t o t t a
e i _ o l i s i _ n o t k e u t e t t u
r i i t e l e n
s u l k u j a
e n _ o l i s i _ k y p s e n t y n y t
i l m a t i e t e e l l i s e t
e l i n s i i r t o j a
y h t e i s t u o t a n n o t
e t _ k u u r a n n u t
r a u h a n l ä h e t t i l ä s
u h k a p e l e i n e e n
h u i m a p ä i s y y k s i l l e
e i v ä t _ o l l e e t _ o h j a u t u n e e t
v e g e p u r i l a i s i l t a
j a l k a p a l l o j o u k k u e e n
t y r k k i k ä ä m m e
t u h k a r o k o k s i
s o k e r i k o t
o l i _ h a r m e n n e t t u
