k o y o k a
k o b o n g i s a
k o z a l a
k o p e s a
y a m b i
k o t e l e m a
k o m i
l i a k i
l e l a k i
l i i
t a n g a k i
k o l u m b a
k o s e k a
k o k o l a
k o b o n g i s a
k o y e k o l a
k o z e l a
k o f u n g o l a
k o t a n g i s a
k o k a b w a n a
k o m e m a
k o t a n g a
t u n i
k o s a l i s a
k o y i b a
y e b i
b a n d a k i
k o s e k a
t i k i
m e m a k i
s i m b a k i
k u t a n a k i
k o v a n d a
f u n g o l i
k o f u n g o l a
k o p u l i s a
k u t a n i
p u l i s a k i
l u m b i
k o b e n g a
p e s i
t a n g i s i
k a b w a n i
f a n d a k i
y e m b a k i
k o l u m b a
k o l e l a
t i k a k i
k o y a m b a
t e k a k i
k a k a n g a
y o k i
k o t o n g a
k o k a n g a
k o b o m a
b o m a k i
l o b i
t e k i
l a m b i
t a l a k i
k o s o m b a
p u m b u i
k o b e n g a
t a n g i s a k i
k o s u a
t o n g i
p u l i s i
y a m b a k i
k o l a k i
y e k o l i
k o z a l a
k o m e m a
t a n g i
b e n d i
y e k o l a k i
y o k a k i
k o t i n d a
t o n g a k i
s e k a k i
k o k u f a
k o i n a
k o s i m b a
f a n d i
k u f a k i
k o p u m b u a
z e l i
y e b i s a k i
z u w a k i
k o i n a
b o m i
z u w i
k o y e m b a
k o m e l a
k o z u w a
k a t a k i
k o b e n d a
y i b a k i
k o b e b i s a
k o b a n d a
z a l a k i
k i m i
b a l i
k o v a n d a
k o y e b i s a
k o k a t a
k o k e n d e a
t a l i
s u i
k a k a b w a n a
k o t a l a
b e b i s i
k o l i n g a
k o t u n a
k o l i a
i n i
s e k i
k o t i n d i k a
k o l e l a
k a t i
k o t a l a
k o y e b a
k o p e s a
k o t a n g i s a
k o z e l a
k a n g a k i
k o b e n d a
k o m a k i
s o m b i
b o n g i s i
k o p u l i s a
k o k u t a n a
l u k i
l i n g i
k o f a n d a
k o b a n d a
k o k e n d e a
b e n g i
b e b i s a k i
k u f i
k o f a n d a
k e n d e a k i
k o b e b i s a
t i n d i
s i m b i
k o k u f a
i n a k i
k o y o k a
k o b a l a
k o t i k a
k o t u n a
l u k a k i
k o t o n g a
l a m b a k i
m e l i
s a l i s i
l e l i
b a n d i
k o t i k a
b o n g i s a k i
