k u s a k a n i z a
t i d z a s a k a n i z a
t i m a s a k a n i z a
t i n a s a k a n i z a
m u d z a s a k a n i z a
m u m a s a k a n i z a
m u n a s a k a n i z a
a d z a s a k a n i z a
a m a s a k a n i z a
a n a s a k a n i z a
n d i d z a s a k a n i z a
n d i m a s a k a n i z a
n d i n a s a k a n i z a
m u d z a s a k a n i z a
m u m a s a k a n i z a
m u n a s a k a n i z a
a d z a s a k a n i z a
a m a s a k a n i z a
a n a s a k a n i z a
k u s i r i r a
t i d z a s i r i r a
t i m a s i r i r a
t i n a s i r i r a
m u d z a s i r i r a
m u m a s i r i r a
m u n a s i r i r a
a d z a s i r i r a
a m a s i r i r a
a n a s i r i r a
n d i d z a s i r i r a
n d i m a s i r i r a
n d i n a s i r i r a
m u d z a s i r i r a
m u m a s i r i r a
m u n a s i r i r a
a d z a s i r i r a
a m a s i r i r a
a n a s i r i r a
k u p i t a n i
t i d z a p i t a n i
t i m a p i t a n i
t i n a p i t a n i
m u d z a p i t a n i
m u m a p i t a n i
m u n a p i t a n i
a d z a p i t a n i
a m a p i t a n i
a n a p i t a n i
n d i d z a p i t a n i
n d i m a p i t a n i
n d i n a p i t a n i
m u d z a p i t a n i
m u m a p i t a n i
m u n a p i t a n i
a d z a p i t a n i
a m a p i t a n i
a n a p i t a n i
k u k h a z i k a
t i d z a k h a z i k a
t i m a k h a z i k a
t i n a k h a z i k a
m u d z a k h a z i k a
m u m a k h a z i k a
m u n a k h a z i k a
a d z a k h a z i k a
a m a k h a z i k a
a n a k h a z i k a
n d i d z a k h a z i k a
n d i m a k h a z i k a
n d i n a k h a z i k a
m u d z a k h a z i k a
m u m a k h a z i k a
m u n a k h a z i k a
a d z a k h a z i k a
a m a k h a z i k a
a n a k h a z i k a
k u s o c h e r a
t i d z a s o c h e r a
t i m a s o c h e r a
t i n a s o c h e r a
m u d z a s o c h e r a
m u m a s o c h e r a
m u n a s o c h e r a
a d z a s o c h e r a
a m a s o c h e r a
a n a s o c h e r a
n d i d z a s o c h e r a
n d i m a s o c h e r a
n d i n a s o c h e r a
m u d z a s o c h e r a
m u m a s o c h e r a
m u n a s o c h e r a
a d z a s o c h e r a
a m a s o c h e r a
a n a s o c h e r a
k u t h i r a
t i d z a t h i r a
t i m a t h i r a
t i n a t h i r a
m u d z a t h i r a
m u m a t h i r a
m u n a t h i r a
a d z a t h i r a
a m a t h i r a
a n a t h i r a
n d i d z a t h i r a
n d i m a t h i r a
n d i n a t h i r a
m u d z a t h i r a
m u m a t h i r a
m u n a t h i r a
a d z a t h i r a
a m a t h i r a
a n a t h i r a
k u y a l a
t i d z a y a l a
t i m a y a l a
t i n a y a l a
m u d z a y a l a
m u m a y a l a
m u n a y a l a
a d z a y a l a
a m a y a l a
a n a y a l a
n d i d z a y a l a
n d i m a y a l a
n d i n a y a l a
m u d z a y a l a
m u m a y a l a
m u n a y a l a
a d z a y a l a
a m a y a l a
a n a y a l a
k u y e r e k e z a
t i d z a y e r e k e z a
t i m a y e r e k e z a
t i n a y e r e k e z a
m u d z a y e r e k e z a
m u m a y e r e k e z a
m u n a y e r e k e z a
a d z a y e r e k e z a
a m a y e r e k e z a
a n a y e r e k e z a
n d i d z a y e r e k e z a
n d i m a y e r e k e z a
n d i n a y e r e k e z a
m u d z a y e r e k e z a
m u m a y e r e k e z a
m u n a y e r e k e z a
a d z a y e r e k e z a
a m a y e r e k e z a
a n a y e r e k e z a
k u l e m b a
t i d z a l e m b a
t i m a l e m b a
t i n a l e m b a
m u d z a l e m b a
m u m a l e m b a
m u n a l e m b a
a d z a l e m b a
a m a l e m b a
a n a l e m b a
n d i d z a l e m b a
n d i m a l e m b a
n d i n a l e m b a
m u d z a l e m b a
m u m a l e m b a
m u n a l e m b a
a d z a l e m b a
a m a l e m b a
a n a l e m b a
k u k h a l a
t i d z a k h a l a
t i m a k h a l a
t i n a k h a l a
m u d z a k h a l a
m u m a k h a l a
m u n a k h a l a
a d z a k h a l a
a m a k h a l a
a n a k h a l a
n d i d z a k h a l a
n d i m a k h a l a
n d i n a k h a l a
m u d z a k h a l a
m u m a k h a l a
m u n a k h a l a
a d z a k h a l a
a m a k h a l a
a n a k h a l a
k u p a m b a n a
t i d z a p a m b a n a
t i m a p a m b a n a
t i n a p a m b a n a
m u d z a p a m b a n a
m u m a p a m b a n a
m u n a p a m b a n a
a d z a p a m b a n a
a m a p a m b a n a
a n a p a m b a n a
n d i d z a p a m b a n a
n d i m a p a m b a n a
n d i n a p a m b a n a
m u d z a p a m b a n a
m u m a p a m b a n a
m u n a p a m b a n a
a d z a p a m b a n a
a m a p a m b a n a
a n a p a m b a n a
k u n a m a
t i d z a n a m a
t i m a n a m a
t i n a n a m a
m u d z a n a m a
m u m a n a m a
m u n a n a m a
a d z a n a m a
a m a n a m a
a n a n a m a
n d i d z a n a m a
n d i m a n a m a
n d i n a n a m a
m u d z a n a m a
m u m a n a m a
m u n a n a m a
a d z a n a m a
a m a n a m a
a n a n a m a
k u l a i k a
t i d z a l a i k a
t i m a l a i k a
t i n a l a i k a
m u d z a l a i k a
m u m a l a i k a
m u n a l a i k a
a d z a l a i k a
a m a l a i k a
a n a l a i k a
n d i d z a l a i k a
n d i m a l a i k a
n d i n a l a i k a
m u d z a l a i k a
m u m a l a i k a
m u n a l a i k a
a d z a l a i k a
a m a l a i k a
a n a l a i k a
k u p a n a
t i d z a p a n a
t i m a p a n a
t i n a p a n a
m u d z a p a n a
m u m a p a n a
m u n a p a n a
a d z a p a n a
a m a p a n a
a n a p a n a
n d i d z a p a n a
n d i m a p a n a
n d i n a p a n a
m u d z a p a n a
m u m a p a n a
m u n a p a n a
a d z a p a n a
a m a p a n a
a n a p a n a
k u l u m a
t i d z a l u m a
t i m a l u m a
t i n a l u m a
m u d z a l u m a
m u m a l u m a
m u n a l u m a
a d z a l u m a
a m a l u m a
a n a l u m a
n d i d z a l u m a
n d i m a l u m a
n d i n a l u m a
m u d z a l u m a
m u m a l u m a
m u n a l u m a
a d z a l u m a
a m a l u m a
a n a l u m a
k u i m w a
t i d z a i m w a
t i m a i m w a
t i n a i m w a
m u d z a i m w a
m u m a i m w a
m u n a i m w a
a d z a i m w a
a m a i m w a
a n a i m w a
n d i d z a i m w a
n d i m a i m w a
n d i n a i m w a
m u d z a i m w a
m u m a i m w a
m u n a i m w a
a d z a i m w a
a m a i m w a
a n a i m w a
k u c h u l u k a
t i d z a c h u l u k a
t i m a c h u l u k a
t i n a c h u l u k a
m u d z a c h u l u k a
m u m a c h u l u k a
m u n a c h u l u k a
a d z a c h u l u k a
a m a c h u l u k a
a n a c h u l u k a
n d i d z a c h u l u k a
n d i m a c h u l u k a
n d i n a c h u l u k a
m u d z a c h u l u k a
m u m a c h u l u k a
m u n a c h u l u k a
a d z a c h u l u k a
a m a c h u l u k a
a n a c h u l u k a
k u s e k a
t i d z a s e k a
t i m a s e k a
t i n a s e k a
m u d z a s e k a
m u m a s e k a
m u n a s e k a
a d z a s e k a
a m a s e k a
a n a s e k a
n d i d z a s e k a
n d i m a s e k a
n d i n a s e k a
m u d z a s e k a
m u m a s e k a
m u n a s e k a
a d z a s e k a
a m a s e k a
a n a s e k a
k u b w e r a
t i d z a b w e r a
t i m a b w e r a
t i n a b w e r a
m u d z a b w e r a
m u m a b w e r a
m u n a b w e r a
a d z a b w e r a
a m a b w e r a
a n a b w e r a
n d i d z a b w e r a
n d i m a b w e r a
n d i n a b w e r a
m u d z a b w e r a
m u m a b w e r a
m u n a b w e r a
a d z a b w e r a
a m a b w e r a
a n a b w e r a
k u k h u d z a
t i d z a k h u d z a
t i m a k h u d z a
t i n a k h u d z a
m u d z a k h u d z a
m u m a k h u d z a
m u n a k h u d z a
a d z a k h u d z a
a m a k h u d z a
a n a k h u d z a
n d i d z a k h u d z a
n d i m a k h u d z a
n d i n a k h u d z a
m u d z a k h u d z a
m u m a k h u d z a
m u n a k h u d z a
a d z a k h u d z a
a m a k h u d z a
a n a k h u d z a
k u s i y a
t i d z a s i y a
t i m a s i y a
t i n a s i y a
m u d z a s i y a
m u m a s i y a
m u n a s i y a
a d z a s i y a
a m a s i y a
a n a s i y a
n d i d z a s i y a
n d i m a s i y a
n d i n a s i y a
m u d z a s i y a
m u m a s i y a
m u n a s i y a
a d z a s i y a
a m a s i y a
a n a s i y a
k u t s i r i z a
t i d z a t s i r i z a
t i m a t s i r i z a
t i n a t s i r i z a
m u d z a t s i r i z a
m u m a t s i r i z a
m u n a t s i r i z a
a d z a t s i r i z a
a m a t s i r i z a
a n a t s i r i z a
n d i d z a t s i r i z a
n d i m a t s i r i z a
n d i n a t s i r i z a
m u d z a t s i r i z a
m u m a t s i r i z a
m u n a t s i r i z a
a d z a t s i r i z a
a m a t s i r i z a
a n a t s i r i z a
k u s w a
t i d z a s w a
t i m a s w a
t i n a s w a
m u d z a s w a
m u m a s w a
m u n a s w a
a d z a s w a
a m a s w a
a n a s w a
n d i d z a s w a
n d i m a s w a
n d i n a s w a
m u d z a s w a
m u m a s w a
m u n a s w a
a d z a s w a
a m a s w a
a n a s w a
k u o l o k a
t i d z a o l o k a
t i m a o l o k a
t i n a o l o k a
m u d z a o l o k a
m u m a o l o k a
m u n a o l o k a
a d z a o l o k a
a m a o l o k a
a n a o l o k a
n d i d z a o l o k a
n d i m a o l o k a
n d i n a o l o k a
m u d z a o l o k a
m u m a o l o k a
m u n a o l o k a
a d z a o l o k a
a m a o l o k a
a n a o l o k a
k u y a n g ' a n a
t i d z a y a n g ' a n a
t i m a y a n g ' a n a
t i n a y a n g ' a n a
m u d z a y a n g ' a n a
m u m a y a n g ' a n a
m u n a y a n g ' a n a
a d z a y a n g ' a n a
a m a y a n g ' a n a
a n a y a n g ' a n a
n d i d z a y a n g ' a n a
n d i m a y a n g ' a n a
n d i n a y a n g ' a n a
m u d z a y a n g ' a n a
m u m a y a n g ' a n a
m u n a y a n g ' a n a
a d z a y a n g ' a n a
a m a y a n g ' a n a
a n a y a n g ' a n a
k u d z a
t i d z a d z a
t i m a d z a
t i n a d z a
m u d z a d z a
m u m a d z a
m u n a d z a
a d z a d z a
a m a d z a
a n a d z a
n d i d z a d z a
n d i m a d z a
n d i n a d z a
m u d z a d z a
m u m a d z a
m u n a d z a
a d z a d z a
a m a d z a
a n a d z a
k u t s e k a
t i d z a t s e k a
t i m a t s e k a
t i n a t s e k a
m u d z a t s e k a
m u m a t s e k a
m u n a t s e k a
a d z a t s e k a
a m a t s e k a
a n a t s e k a
n d i d z a t s e k a
n d i m a t s e k a
n d i n a t s e k a
m u d z a t s e k a
m u m a t s e k a
m u n a t s e k a
a d z a t s e k a
a m a t s e k a
a n a t s e k a
k u n g ' a m b a
t i d z a n g ' a m b a
t i m a n g ' a m b a
t i n a n g ' a m b a
m u d z a n g ' a m b a
m u m a n g ' a m b a
m u n a n g ' a m b a
a d z a n g ' a m b a
a m a n g ' a m b a
a n a n g ' a m b a
n d i d z a n g ' a m b a
n d i m a n g ' a m b a
n d i n a n g ' a m b a
m u d z a n g ' a m b a
m u m a n g ' a m b a
m u n a n g ' a m b a
a d z a n g ' a m b a
a m a n g ' a m b a
a n a n g ' a m b a
k u g o n a
t i d z a g o n a
t i m a g o n a
t i n a g o n a
m u d z a g o n a
m u m a g o n a
m u n a g o n a
a d z a g o n a
a m a g o n a
a n a g o n a
n d i d z a g o n a
n d i m a g o n a
n d i n a g o n a
m u d z a g o n a
m u m a g o n a
m u n a g o n a
a d z a g o n a
a m a g o n a
a n a g o n a
k u c h i r a
t i d z a c h i r a
t i m a c h i r a
t i n a c h i r a
m u d z a c h i r a
m u m a c h i r a
m u n a c h i r a
a d z a c h i r a
a m a c h i r a
a n a c h i r a
n d i d z a c h i r a
n d i m a c h i r a
n d i n a c h i r a
m u d z a c h i r a
m u m a c h i r a
m u n a c h i r a
a d z a c h i r a
a m a c h i r a
a n a c h i r a
k u p e m p h a
t i d z a p e m p h a
t i m a p e m p h a
t i n a p e m p h a
m u d z a p e m p h a
m u m a p e m p h a
m u n a p e m p h a
a d z a p e m p h a
a m a p e m p h a
a n a p e m p h a
n d i d z a p e m p h a
n d i m a p e m p h a
n d i n a p e m p h a
m u d z a p e m p h a
m u m a p e m p h a
m u n a p e m p h a
a d z a p e m p h a
a m a p e m p h a
a n a p e m p h a
k u r e r u k a
t i d z a r e r u k a
t i m a r e r u k a
t i n a r e r u k a
m u d z a r e r u k a
m u m a r e r u k a
m u n a r e r u k a
a d z a r e r u k a
a m a r e r u k a
a n a r e r u k a
n d i d z a r e r u k a
n d i m a r e r u k a
n d i n a r e r u k a
m u d z a r e r u k a
m u m a r e r u k a
m u n a r e r u k a
a d z a r e r u k a
a m a r e r u k a
a n a r e r u k a
k u i w a l a
t i d z a i w a l a
t i m a i w a l a
t i n a i w a l a
m u d z a i w a l a
m u m a i w a l a
m u n a i w a l a
a d z a i w a l a
a m a i w a l a
a n a i w a l a
n d i d z a i w a l a
n d i m a i w a l a
n d i n a i w a l a
m u d z a i w a l a
m u m a i w a l a
m u n a i w a l a
a d z a i w a l a
a m a i w a l a
a n a i w a l a
k u k a l a m b a
t i d z a k a l a m b a
t i m a k a l a m b a
t i n a k a l a m b a
m u d z a k a l a m b a
m u m a k a l a m b a
m u n a k a l a m b a
a d z a k a l a m b a
a m a k a l a m b a
a n a k a l a m b a
n d i d z a k a l a m b a
n d i m a k a l a m b a
n d i n a k a l a m b a
m u d z a k a l a m b a
m u m a k a l a m b a
m u n a k a l a m b a
a d z a k a l a m b a
a m a k a l a m b a
a n a k a l a m b a
k u i t a n a
t i d z a i t a n a
t i m a i t a n a
t i n a i t a n a
m u d z a i t a n a
m u m a i t a n a
m u n a i t a n a
a d z a i t a n a
a m a i t a n a
a n a i t a n a
n d i d z a i t a n a
n d i m a i t a n a
n d i n a i t a n a
m u d z a i t a n a
m u m a i t a n a
m u n a i t a n a
a d z a i t a n a
a m a i t a n a
a n a i t a n a
k u z i n d i k i r a
t i d z a z i n d i k i r a
t i m a z i n d i k i r a
t i n a z i n d i k i r a
m u d z a z i n d i k i r a
m u m a z i n d i k i r a
m u n a z i n d i k i r a
a d z a z i n d i k i r a
a m a z i n d i k i r a
a n a z i n d i k i r a
n d i d z a z i n d i k i r a
n d i m a z i n d i k i r a
n d i n a z i n d i k i r a
m u d z a z i n d i k i r a
m u m a z i n d i k i r a
m u n a z i n d i k i r a
a d z a z i n d i k i r a
a m a z i n d i k i r a
a n a z i n d i k i r a
k u m a l i z a
t i d z a m a l i z a
t i m a m a l i z a
t i n a m a l i z a
m u d z a m a l i z a
m u m a m a l i z a
m u n a m a l i z a
a d z a m a l i z a
a m a m a l i z a
a n a m a l i z a
n d i d z a m a l i z a
n d i m a m a l i z a
n d i n a m a l i z a
m u d z a m a l i z a
m u m a m a l i z a
m u n a m a l i z a
a d z a m a l i z a
a m a m a l i z a
a n a m a l i z a
k u k h u l u p i r a
t i d z a k h u l u p i r a
t i m a k h u l u p i r a
t i n a k h u l u p i r a
m u d z a k h u l u p i r a
m u m a k h u l u p i r a
m u n a k h u l u p i r a
a d z a k h u l u p i r a
a m a k h u l u p i r a
a n a k h u l u p i r a
n d i d z a k h u l u p i r a
n d i m a k h u l u p i r a
n d i n a k h u l u p i r a
m u d z a k h u l u p i r a
m u m a k h u l u p i r a
m u n a k h u l u p i r a
a d z a k h u l u p i r a
a m a k h u l u p i r a
a n a k h u l u p i r a
k u f i k a
t i d z a f i k a
t i m a f i k a
t i n a f i k a
m u d z a f i k a
m u m a f i k a
m u n a f i k a
a d z a f i k a
a m a f i k a
a n a f i k a
n d i d z a f i k a
n d i m a f i k a
n d i n a f i k a
m u d z a f i k a
m u m a f i k a
m u n a f i k a
a d z a f i k a
a m a f i k a
a n a f i k a
k u t e n g a
t i d z a t e n g a
t i m a t e n g a
t i n a t e n g a
m u d z a t e n g a
m u m a t e n g a
m u n a t e n g a
a d z a t e n g a
a m a t e n g a
a n a t e n g a
n d i d z a t e n g a
n d i m a t e n g a
n d i n a t e n g a
m u d z a t e n g a
m u m a t e n g a
m u n a t e n g a
a d z a t e n g a
a m a t e n g a
a n a t e n g a
k u y e n e r a
t i d z a y e n e r a
t i m a y e n e r a
t i n a y e n e r a
m u d z a y e n e r a
m u m a y e n e r a
m u n a y e n e r a
a d z a y e n e r a
a m a y e n e r a
a n a y e n e r a
n d i d z a y e n e r a
n d i m a y e n e r a
n d i n a y e n e r a
m u d z a y e n e r a
m u m a y e n e r a
m u n a y e n e r a
a d z a y e n e r a
a m a y e n e r a
a n a y e n e r a
k u y a n j a
t i d z a y a n j a
t i m a y a n j a
t i n a y a n j a
m u d z a y a n j a
m u m a y a n j a
m u n a y a n j a
a d z a y a n j a
a m a y a n j a
a n a y a n j a
n d i d z a y a n j a
n d i m a y a n j a
n d i n a y a n j a
m u d z a y a n j a
m u m a y a n j a
m u n a y a n j a
a d z a y a n j a
a m a y a n j a
a n a y a n j a
k u t h a n d i z a
t i d z a t h a n d i z a
t i m a t h a n d i z a
t i n a t h a n d i z a
m u d z a t h a n d i z a
m u m a t h a n d i z a
m u n a t h a n d i z a
a d z a t h a n d i z a
a m a t h a n d i z a
a n a t h a n d i z a
n d i d z a t h a n d i z a
n d i m a t h a n d i z a
n d i n a t h a n d i z a
m u d z a t h a n d i z a
m u m a t h a n d i z a
m u n a t h a n d i z a
a d z a t h a n d i z a
a m a t h a n d i z a
a n a t h a n d i z a
k u f a
t i d z a f a
t i m a f a
t i n a f a
m u d z a f a
m u m a f a
m u n a f a
a d z a f a
a m a f a
a n a f a
n d i d z a f a
n d i m a f a
n d i n a f a
m u d z a f a
m u m a f a
m u n a f a
a d z a f a
a m a f a
a n a f a
k u o m b a
t i d z a o m b a
t i m a o m b a
t i n a o m b a
m u d z a o m b a
m u m a o m b a
m u n a o m b a
a d z a o m b a
a m a o m b a
a n a o m b a
n d i d z a o m b a
n d i m a o m b a
n d i n a o m b a
m u d z a o m b a
m u m a o m b a
m u n a o m b a
a d z a o m b a
a m a o m b a
a n a o m b a
k u m w a
t i d z a m w a
t i m a m w a
t i n a m w a
m u d z a m w a
m u m a m w a
m u n a m w a
a d z a m w a
a m a m w a
a n a m w a
n d i d z a m w a
n d i m a m w a
n d i n a m w a
m u d z a m w a
m u m a m w a
m u n a m w a
a d z a m w a
a m a m w a
a n a m w a
k u y e n d a
t i d z a y e n d a
t i m a y e n d a
t i n a y e n d a
m u d z a y e n d a
m u m a y e n d a
m u n a y e n d a
a d z a y e n d a
a m a y e n d a
a n a y e n d a
n d i d z a y e n d a
n d i m a y e n d a
n d i n a y e n d a
m u d z a y e n d a
m u m a y e n d a
m u n a y e n d a
a d z a y e n d a
a m a y e n d a
a n a y e n d a
k u b a t i z a
t i d z a b a t i z a
t i m a b a t i z a
t i n a b a t i z a
m u d z a b a t i z a
m u m a b a t i z a
m u n a b a t i z a
a d z a b a t i z a
a m a b a t i z a
a n a b a t i z a
n d i d z a b a t i z a
n d i m a b a t i z a
n d i n a b a t i z a
m u d z a b a t i z a
m u m a b a t i z a
m u n a b a t i z a
a d z a b a t i z a
a m a b a t i z a
a n a b a t i z a
k u y a n k h u l a
t i d z a y a n k h u l a
t i m a y a n k h u l a
t i n a y a n k h u l a
m u d z a y a n k h u l a
m u m a y a n k h u l a
m u n a y a n k h u l a
a d z a y a n k h u l a
a m a y a n k h u l a
a n a y a n k h u l a
n d i d z a y a n k h u l a
n d i m a y a n k h u l a
n d i n a y a n k h u l a
m u d z a y a n k h u l a
m u m a y a n k h u l a
m u n a y a n k h u l a
a d z a y a n k h u l a
a m a y a n k h u l a
a n a y a n k h u l a
k u m a s u l a
t i d z a m a s u l a
t i m a m a s u l a
t i n a m a s u l a
m u d z a m a s u l a
m u m a m a s u l a
m u n a m a s u l a
a d z a m a s u l a
a m a m a s u l a
a n a m a s u l a
n d i d z a m a s u l a
n d i m a m a s u l a
n d i n a m a s u l a
m u d z a m a s u l a
m u m a m a s u l a
m u n a m a s u l a
a d z a m a s u l a
a m a m a s u l a
a n a m a s u l a
k u t c h a
t i d z a t c h a
t i m a t c h a
t i n a t c h a
m u d z a t c h a
m u m a t c h a
m u n a t c h a
a d z a t c h a
a m a t c h a
a n a t c h a
n d i d z a t c h a
n d i m a t c h a
n d i n a t c h a
m u d z a t c h a
m u m a t c h a
m u n a t c h a
a d z a t c h a
a m a t c h a
a n a t c h a
k u b v u t a
t i d z a b v u t a
t i m a b v u t a
t i n a b v u t a
m u d z a b v u t a
m u m a b v u t a
m u n a b v u t a
a d z a b v u t a
a m a b v u t a
a n a b v u t a
n d i d z a b v u t a
n d i m a b v u t a
n d i n a b v u t a
m u d z a b v u t a
m u m a b v u t a
m u n a b v u t a
a d z a b v u t a
a m a b v u t a
a n a b v u t a
k u d a l a
t i d z a d a l a
t i m a d a l a
t i n a d a l a
m u d z a d a l a
m u m a d a l a
m u n a d a l a
a d z a d a l a
a m a d a l a
a n a d a l a
n d i d z a d a l a
n d i m a d a l a
n d i n a d a l a
m u d z a d a l a
m u m a d a l a
m u n a d a l a
a d z a d a l a
a m a d a l a
a n a d a l a
k u i k a
t i d z a i k a
t i m a i k a
t i n a i k a
m u d z a i k a
m u m a i k a
m u n a i k a
a d z a i k a
a m a i k a
a n a i k a
n d i d z a i k a
n d i m a i k a
n d i n a i k a
m u d z a i k a
m u m a i k a
m u n a i k a
a d z a i k a
a m a i k a
a n a i k a
k u w e r u z a
t i d z a w e r u z a
t i m a w e r u z a
t i n a w e r u z a
m u d z a w e r u z a
m u m a w e r u z a
m u n a w e r u z a
a d z a w e r u z a
a m a w e r u z a
a n a w e r u z a
n d i d z a w e r u z a
n d i m a w e r u z a
n d i n a w e r u z a
m u d z a w e r u z a
m u m a w e r u z a
m u n a w e r u z a
a d z a w e r u z a
a m a w e r u z a
a n a w e r u z a
k u f e w a
t i d z a f e w a
t i m a f e w a
t i n a f e w a
m u d z a f e w a
m u m a f e w a
m u n a f e w a
a d z a f e w a
a m a f e w a
a n a f e w a
n d i d z a f e w a
n d i m a f e w a
n d i n a f e w a
m u d z a f e w a
m u m a f e w a
m u n a f e w a
a d z a f e w a
a m a f e w a
a n a f e w a
k u n t c h i t o
t i d z a n t c h i t o
t i m a n t c h i t o
t i n a n t c h i t o
m u d z a n t c h i t o
m u m a n t c h i t o
m u n a n t c h i t o
a d z a n t c h i t o
a m a n t c h i t o
a n a n t c h i t o
n d i d z a n t c h i t o
n d i m a n t c h i t o
n d i n a n t c h i t o
m u d z a n t c h i t o
m u m a n t c h i t o
m u n a n t c h i t o
a d z a n t c h i t o
a m a n t c h i t o
a n a n t c h i t o
k u s a n k h a
t i d z a s a n k h a
t i m a s a n k h a
t i n a s a n k h a
m u d z a s a n k h a
m u m a s a n k h a
m u n a s a n k h a
a d z a s a n k h a
a m a s a n k h a
a n a s a n k h a
n d i d z a s a n k h a
n d i m a s a n k h a
n d i n a s a n k h a
m u d z a s a n k h a
m u m a s a n k h a
m u n a s a n k h a
a d z a s a n k h a
a m a s a n k h a
a n a s a n k h a
k u z u n z a
t i d z a z u n z a
t i m a z u n z a
t i n a z u n z a
m u d z a z u n z a
m u m a z u n z a
m u n a z u n z a
a d z a z u n z a
a m a z u n z a
a n a z u n z a
n d i d z a z u n z a
n d i m a z u n z a
n d i n a z u n z a
m u d z a z u n z a
m u m a z u n z a
m u n a z u n z a
a d z a z u n z a
a m a z u n z a
a n a z u n z a
k u l e m a
t i d z a l e m a
t i m a l e m a
t i n a l e m a
m u d z a l e m a
m u m a l e m a
m u n a l e m a
a d z a l e m a
a m a l e m a
a n a l e m a
n d i d z a l e m a
n d i m a l e m a
n d i n a l e m a
m u d z a l e m a
m u m a l e m a
m u n a l e m a
a d z a l e m a
a m a l e m a
a n a l e m a
k u m a n g a
t i d z a m a n g a
t i m a m a n g a
t i n a m a n g a
m u d z a m a n g a
m u m a m a n g a
m u n a m a n g a
a d z a m a n g a
a m a m a n g a
a n a m a n g a
n d i d z a m a n g a
n d i m a m a n g a
n d i n a m a n g a
m u d z a m a n g a
m u m a m a n g a
m u n a m a n g a
a d z a m a n g a
a m a m a n g a
a n a m a n g a
k u d a l i r a
t i d z a d a l i r a
t i m a d a l i r a
t i n a d a l i r a
m u d z a d a l i r a
m u m a d a l i r a
m u n a d a l i r a
a d z a d a l i r a
a m a d a l i r a
a n a d a l i r a
n d i d z a d a l i r a
n d i m a d a l i r a
n d i n a d a l i r a
m u d z a d a l i r a
m u m a d a l i r a
m u n a d a l i r a
a d z a d a l i r a
a m a d a l i r a
a n a d a l i r a
k u p o n d a
t i d z a p o n d a
t i m a p o n d a
t i n a p o n d a
m u d z a p o n d a
m u m a p o n d a
m u n a p o n d a
a d z a p o n d a
a m a p o n d a
a n a p o n d a
n d i d z a p o n d a
n d i m a p o n d a
n d i n a p o n d a
m u d z a p o n d a
m u m a p o n d a
m u n a p o n d a
a d z a p o n d a
a m a p o n d a
a n a p o n d a
k u d u l a
t i d z a d u l a
t i m a d u l a
t i n a d u l a
m u d z a d u l a
m u m a d u l a
m u n a d u l a
a d z a d u l a
a m a d u l a
a n a d u l a
n d i d z a d u l a
n d i m a d u l a
n d i n a d u l a
m u d z a d u l a
m u m a d u l a
m u n a d u l a
a d z a d u l a
a m a d u l a
a n a d u l a
k u p a l a
t i d z a p a l a
t i m a p a l a
t i n a p a l a
m u d z a p a l a
m u m a p a l a
m u n a p a l a
a d z a p a l a
a m a p a l a
a n a p a l a
n d i d z a p a l a
n d i m a p a l a
n d i n a p a l a
m u d z a p a l a
m u m a p a l a
m u n a p a l a
a d z a p a l a
a m a p a l a
a n a p a l a
k u c h a
t i d z a c h a
t i m a c h a
t i n a c h a
m u d z a c h a
m u m a c h a
m u n a c h a
a d z a c h a
a m a c h a
a n a c h a
n d i d z a c h a
n d i m a c h a
n d i n a c h a
m u d z a c h a
m u m a c h a
m u n a c h a
a d z a c h a
a m a c h a
a n a c h a
k u f u l u m i r a
t i d z a f u l u m i r a
t i m a f u l u m i r a
t i n a f u l u m i r a
m u d z a f u l u m i r a
m u m a f u l u m i r a
m u n a f u l u m i r a
a d z a f u l u m i r a
a m a f u l u m i r a
a n a f u l u m i r a
n d i d z a f u l u m i r a
n d i m a f u l u m i r a
n d i n a f u l u m i r a
m u d z a f u l u m i r a
m u m a f u l u m i r a
m u n a f u l u m i r a
a d z a f u l u m i r a
a m a f u l u m i r a
a n a f u l u m i r a
k u s a u k a
t i d z a s a u k a
t i m a s a u k a
t i n a s a u k a
m u d z a s a u k a
m u m a s a u k a
m u n a s a u k a
a d z a s a u k a
a m a s a u k a
a n a s a u k a
n d i d z a s a u k a
n d i m a s a u k a
n d i n a s a u k a
m u d z a s a u k a
m u m a s a u k a
m u n a s a u k a
a d z a s a u k a
a m a s a u k a
a n a s a u k a
k u k h u t a
t i d z a k h u t a
t i m a k h u t a
t i n a k h u t a
m u d z a k h u t a
m u m a k h u t a
m u n a k h u t a
a d z a k h u t a
a m a k h u t a
a n a k h u t a
n d i d z a k h u t a
n d i m a k h u t a
n d i n a k h u t a
m u d z a k h u t a
m u m a k h u t a
m u n a k h u t a
a d z a k h u t a
a m a k h u t a
a n a k h u t a
k u t s a t a
t i d z a t s a t a
t i m a t s a t a
t i n a t s a t a
m u d z a t s a t a
m u m a t s a t a
m u n a t s a t a
a d z a t s a t a
a m a t s a t a
a n a t s a t a
n d i d z a t s a t a
n d i m a t s a t a
n d i n a t s a t a
m u d z a t s a t a
m u m a t s a t a
m u n a t s a t a
a d z a t s a t a
a m a t s a t a
a n a t s a t a
k u t h a m a n g a
t i d z a t h a m a n g a
t i m a t h a m a n g a
t i n a t h a m a n g a
m u d z a t h a m a n g a
m u m a t h a m a n g a
m u n a t h a m a n g a
a d z a t h a m a n g a
a m a t h a m a n g a
a n a t h a m a n g a
n d i d z a t h a m a n g a
n d i m a t h a m a n g a
n d i n a t h a m a n g a
m u d z a t h a m a n g a
m u m a t h a m a n g a
m u n a t h a m a n g a
a d z a t h a m a n g a
a m a t h a m a n g a
a n a t h a m a n g a
k u p i n d a
t i d z a p i n d a
t i m a p i n d a
t i n a p i n d a
m u d z a p i n d a
m u m a p i n d a
m u n a p i n d a
a d z a p i n d a
a m a p i n d a
a n a p i n d a
n d i d z a p i n d a
n d i m a p i n d a
n d i n a p i n d a
m u d z a p i n d a
m u m a p i n d a
m u n a p i n d a
a d z a p i n d a
a m a p i n d a
a n a p i n d a
k u c h i n y a
t i d z a c h i n y a
t i m a c h i n y a
t i n a c h i n y a
m u d z a c h i n y a
m u m a c h i n y a
m u n a c h i n y a
a d z a c h i n y a
a m a c h i n y a
a n a c h i n y a
n d i d z a c h i n y a
n d i m a c h i n y a
n d i n a c h i n y a
m u d z a c h i n y a
m u m a c h i n y a
m u n a c h i n y a
a d z a c h i n y a
a m a c h i n y a
a n a c h i n y a
k u k w i y a
t i d z a k w i y a
t i m a k w i y a
t i n a k w i y a
m u d z a k w i y a
m u m a k w i y a
m u n a k w i y a
a d z a k w i y a
a m a k w i y a
a n a k w i y a
n d i d z a k w i y a
n d i m a k w i y a
n d i n a k w i y a
m u d z a k w i y a
m u m a k w i y a
m u n a k w i y a
a d z a k w i y a
a m a k w i y a
a n a k w i y a
k u d z a l a
t i d z a d z a l a
t i m a d z a l a
t i n a d z a l a
m u d z a d z a l a
m u m a d z a l a
m u n a d z a l a
a d z a d z a l a
a m a d z a l a
a n a d z a l a
n d i d z a d z a l a
n d i m a d z a l a
n d i n a d z a l a
m u d z a d z a l a
m u m a d z a l a
m u n a d z a l a
a d z a d z a l a
a m a d z a l a
a n a d z a l a
k u l u n g a m a
t i d z a l u n g a m a
t i m a l u n g a m a
t i n a l u n g a m a
m u d z a l u n g a m a
m u m a l u n g a m a
m u n a l u n g a m a
a d z a l u n g a m a
a m a l u n g a m a
a n a l u n g a m a
n d i d z a l u n g a m a
n d i m a l u n g a m a
n d i n a l u n g a m a
m u d z a l u n g a m a
m u m a l u n g a m a
m u n a l u n g a m a
a d z a l u n g a m a
a m a l u n g a m a
a n a l u n g a m a
k u d w a l a
t i d z a d w a l a
t i m a d w a l a
t i n a d w a l a
m u d z a d w a l a
m u m a d w a l a
m u n a d w a l a
a d z a d w a l a
a m a d w a l a
a n a d w a l a
n d i d z a d w a l a
n d i m a d w a l a
n d i n a d w a l a
m u d z a d w a l a
m u m a d w a l a
m u n a d w a l a
a d z a d w a l a
a m a d w a l a
a n a d w a l a
k u k u m b u k a
t i d z a k u m b u k a
t i m a k u m b u k a
t i n a k u m b u k a
m u d z a k u m b u k a
m u m a k u m b u k a
m u n a k u m b u k a
a d z a k u m b u k a
a m a k u m b u k a
a n a k u m b u k a
n d i d z a k u m b u k a
n d i m a k u m b u k a
n d i n a k u m b u k a
m u d z a k u m b u k a
m u m a k u m b u k a
m u n a k u m b u k a
a d z a k u m b u k a
a m a k u m b u k a
a n a k u m b u k a
k u p i n d u l a
t i d z a p i n d u l a
t i m a p i n d u l a
t i n a p i n d u l a
m u d z a p i n d u l a
m u m a p i n d u l a
m u n a p i n d u l a
a d z a p i n d u l a
a m a p i n d u l a
a n a p i n d u l a
n d i d z a p i n d u l a
n d i m a p i n d u l a
n d i n a p i n d u l a
m u d z a p i n d u l a
m u m a p i n d u l a
m u n a p i n d u l a
a d z a p i n d u l a
a m a p i n d u l a
a n a p i n d u l a
k u k u l a
t i d z a k u l a
t i m a k u l a
t i n a k u l a
m u d z a k u l a
m u m a k u l a
m u n a k u l a
a d z a k u l a
a m a k u l a
a n a k u l a
n d i d z a k u l a
n d i m a k u l a
n d i n a k u l a
m u d z a k u l a
m u m a k u l a
m u n a k u l a
a d z a k u l a
a m a k u l a
a n a k u l a
k u w e r e n g a
t i d z a w e r e n g a
t i m a w e r e n g a
t i n a w e r e n g a
m u d z a w e r e n g a
m u m a w e r e n g a
m u n a w e r e n g a
a d z a w e r e n g a
a m a w e r e n g a
a n a w e r e n g a
n d i d z a w e r e n g a
n d i m a w e r e n g a
n d i n a w e r e n g a
m u d z a w e r e n g a
m u m a w e r e n g a
m u n a w e r e n g a
a d z a w e r e n g a
a m a w e r e n g a
a n a w e r e n g a
k u p e z a
t i d z a p e z a
t i m a p e z a
t i n a p e z a
m u d z a p e z a
m u m a p e z a
m u n a p e z a
a d z a p e z a
a m a p e z a
a n a p e z a
n d i d z a p e z a
n d i m a p e z a
n d i n a p e z a
m u d z a p e z a
m u m a p e z a
m u n a p e z a
a d z a p e z a
a m a p e z a
a n a p e z a
k u i m a
t i d z a i m a
t i m a i m a
t i n a i m a
m u d z a i m a
m u m a i m a
m u n a i m a
a d z a i m a
a m a i m a
a n a i m a
n d i d z a i m a
n d i m a i m a
n d i n a i m a
m u d z a i m a
m u m a i m a
m u n a i m a
a d z a i m a
a m a i m a
a n a i m a
k u c h i t a
t i d z a c h i t a
t i m a c h i t a
t i n a c h i t a
m u d z a c h i t a
m u m a c h i t a
m u n a c h i t a
a d z a c h i t a
a m a c h i t a
a n a c h i t a
n d i d z a c h i t a
n d i m a c h i t a
n d i n a c h i t a
m u d z a c h i t a
m u m a c h i t a
m u n a c h i t a
a d z a c h i t a
a m a c h i t a
a n a c h i t a
k u p s y a
t i d z a p s y a
t i m a p s y a
t i n a p s y a
m u d z a p s y a
m u m a p s y a
m u n a p s y a
a d z a p s y a
a m a p s y a
a n a p s y a
n d i d z a p s y a
n d i m a p s y a
n d i n a p s y a
m u d z a p s y a
m u m a p s y a
m u n a p s y a
a d z a p s y a
a m a p s y a
a n a p s y a
k u t h a w a
t i d z a t h a w a
t i m a t h a w a
t i n a t h a w a
m u d z a t h a w a
m u m a t h a w a
m u n a t h a w a
a d z a t h a w a
a m a t h a w a
a n a t h a w a
n d i d z a t h a w a
n d i m a t h a w a
n d i n a t h a w a
m u d z a t h a w a
m u m a t h a w a
m u n a t h a w a
a d z a t h a w a
a m a t h a w a
a n a t h a w a
k u p e r e k a
t i d z a p e r e k a
t i m a p e r e k a
t i n a p e r e k a
m u d z a p e r e k a
m u m a p e r e k a
m u n a p e r e k a
a d z a p e r e k a
a m a p e r e k a
a n a p e r e k a
n d i d z a p e r e k a
n d i m a p e r e k a
n d i n a p e r e k a
m u d z a p e r e k a
m u m a p e r e k a
m u n a p e r e k a
a d z a p e r e k a
a m a p e r e k a
a n a p e r e k a
k u k o n d a
t i d z a k o n d a
t i m a k o n d a
t i n a k o n d a
m u d z a k o n d a
m u m a k o n d a
m u n a k o n d a
a d z a k o n d a
a m a k o n d a
a n a k o n d a
n d i d z a k o n d a
n d i m a k o n d a
n d i n a k o n d a
m u d z a k o n d a
m u m a k o n d a
m u n a k o n d a
a d z a k o n d a
a m a k o n d a
a n a k o n d a
k u n y a m u l a
t i d z a n y a m u l a
t i m a n y a m u l a
t i n a n y a m u l a
m u d z a n y a m u l a
m u m a n y a m u l a
m u n a n y a m u l a
a d z a n y a m u l a
a m a n y a m u l a
a n a n y a m u l a
n d i d z a n y a m u l a
n d i m a n y a m u l a
n d i n a n y a m u l a
m u d z a n y a m u l a
m u m a n y a m u l a
m u n a n y a m u l a
a d z a n y a m u l a
a m a n y a m u l a
a n a n y a m u l a
k u k a m b a
t i d z a k a m b a
t i m a k a m b a
t i n a k a m b a
m u d z a k a m b a
m u m a k a m b a
m u n a k a m b a
a d z a k a m b a
a m a k a m b a
a n a k a m b a
n d i d z a k a m b a
n d i m a k a m b a
n d i n a k a m b a
m u d z a k a m b a
m u m a k a m b a
m u n a k a m b a
a d z a k a m b a
a m a k a m b a
a n a k a m b a
k u c h e k a
t i d z a c h e k a
t i m a c h e k a
t i n a c h e k a
m u d z a c h e k a
m u m a c h e k a
m u n a c h e k a
a d z a c h e k a
a m a c h e k a
a n a c h e k a
n d i d z a c h e k a
n d i m a c h e k a
n d i n a c h e k a
m u d z a c h e k a
m u m a c h e k a
m u n a c h e k a
a d z a c h e k a
a m a c h e k a
a n a c h e k a
k u y a m b a
t i d z a y a m b a
t i m a y a m b a
t i n a y a m b a
m u d z a y a m b a
m u m a y a m b a
m u n a y a m b a
a d z a y a m b a
a m a y a m b a
a n a y a m b a
n d i d z a y a m b a
n d i m a y a m b a
n d i n a y a m b a
m u d z a y a m b a
m u m a y a m b a
m u n a y a m b a
a d z a y a m b a
a m a y a m b a
a n a y a m b a
k u p o s a
t i d z a p o s a
t i m a p o s a
t i n a p o s a
m u d z a p o s a
m u m a p o s a
m u n a p o s a
a d z a p o s a
a m a p o s a
a n a p o s a
n d i d z a p o s a
n d i m a p o s a
n d i n a p o s a
m u d z a p o s a
m u m a p o s a
m u n a p o s a
a d z a p o s a
a m a p o s a
a n a p o s a
k u o p s y a
t i d z a o p s y a
t i m a o p s y a
t i n a o p s y a
m u d z a o p s y a
m u m a o p s y a
m u n a o p s y a
a d z a o p s y a
a m a o p s y a
a n a o p s y a
n d i d z a o p s y a
n d i m a o p s y a
n d i n a o p s y a
m u d z a o p s y a
m u m a o p s y a
m u n a o p s y a
a d z a o p s y a
a m a o p s y a
a n a o p s y a
k u b v o m a
t i d z a b v o m a
t i m a b v o m a
t i n a b v o m a
m u d z a b v o m a
m u m a b v o m a
m u n a b v o m a
a d z a b v o m a
a m a b v o m a
a n a b v o m a
n d i d z a b v o m a
n d i m a b v o m a
n d i n a b v o m a
m u d z a b v o m a
m u m a b v o m a
m u n a b v o m a
a d z a b v o m a
a m a b v o m a
a n a b v o m a
k u d a
t i d z a d a
t i m a d a
t i n a d a
m u d z a d a
m u m a d a
m u n a d a
a d z a d a
a m a d a
a n a d a
n d i d z a d a
n d i m a d a
n d i n a d a
m u d z a d a
m u m a d a
m u n a d a
a d z a d a
a m a d a
a n a d a
k u t s o g o l a
t i d z a t s o g o l a
t i m a t s o g o l a
t i n a t s o g o l a
m u d z a t s o g o l a
m u m a t s o g o l a
m u n a t s o g o l a
a d z a t s o g o l a
a m a t s o g o l a
a n a t s o g o l a
n d i d z a t s o g o l a
n d i m a t s o g o l a
n d i n a t s o g o l a
m u d z a t s o g o l a
m u m a t s o g o l a
m u n a t s o g o l a
a d z a t s o g o l a
a m a t s o g o l a
a n a t s o g o l a
k u c h e d w a
t i d z a c h e d w a
t i m a c h e d w a
t i n a c h e d w a
m u d z a c h e d w a
m u m a c h e d w a
m u n a c h e d w a
a d z a c h e d w a
a m a c h e d w a
a n a c h e d w a
n d i d z a c h e d w a
n d i m a c h e d w a
n d i n a c h e d w a
m u d z a c h e d w a
m u m a c h e d w a
m u n a c h e d w a
a d z a c h e d w a
a m a c h e d w a
a n a c h e d w a
k u p w e t e k a
t i d z a p w e t e k a
t i m a p w e t e k a
t i n a p w e t e k a
m u d z a p w e t e k a
m u m a p w e t e k a
m u n a p w e t e k a
a d z a p w e t e k a
a m a p w e t e k a
a n a p w e t e k a
n d i d z a p w e t e k a
n d i m a p w e t e k a
n d i n a p w e t e k a
m u d z a p w e t e k a
m u m a p w e t e k a
m u n a p w e t e k a
a d z a p w e t e k a
a m a p w e t e k a
a n a p w e t e k a
k u p h i k a
t i d z a p h i k a
t i m a p h i k a
t i n a p h i k a
m u d z a p h i k a
m u m a p h i k a
m u n a p h i k a
a d z a p h i k a
a m a p h i k a
a n a p h i k a
n d i d z a p h i k a
n d i m a p h i k a
n d i n a p h i k a
m u d z a p h i k a
m u m a p h i k a
m u n a p h i k a
a d z a p h i k a
a m a p h i k a
a n a p h i k a
k u f u u l a
t i d z a f u u l a
t i m a f u u l a
t i n a f u u l a
m u d z a f u u l a
m u m a f u u l a
m u n a f u u l a
a d z a f u u l a
a m a f u u l a
a n a f u u l a
n d i d z a f u u l a
n d i m a f u u l a
n d i n a f u u l a
m u d z a f u u l a
m u m a f u u l a
m u n a f u u l a
a d z a f u u l a
a m a f u u l a
a n a f u u l a
k u t h a
t i d z a t h a
t i m a t h a
t i n a t h a
m u d z a t h a
m u m a t h a
m u n a t h a
a d z a t h a
a m a t h a
a n a t h a
n d i d z a t h a
n d i m a t h a
n d i n a t h a
m u d z a t h a
m u m a t h a
m u n a t h a
a d z a t h a
a m a t h a
a n a t h a
k u b a
t i d z a b a
t i m a b a
t i n a b a
m u d z a b a
m u m a b a
m u n a b a
a d z a b a
a m a b a
a n a b a
n d i d z a b a
n d i m a b a
n d i n a b a
m u d z a b a
m u m a b a
m u n a b a
a d z a b a
a m a b a
a n a b a
k u b e r e k a
t i d z a b e r e k a
t i m a b e r e k a
t i n a b e r e k a
m u d z a b e r e k a
m u m a b e r e k a
m u n a b e r e k a
a d z a b e r e k a
a m a b e r e k a
a n a b e r e k a
n d i d z a b e r e k a
n d i m a b e r e k a
n d i n a b e r e k a
m u d z a b e r e k a
m u m a b e r e k a
m u n a b e r e k a
a d z a b e r e k a
a m a b e r e k a
a n a b e r e k a
k u s e f u k a
t i d z a s e f u k a
t i m a s e f u k a
t i n a s e f u k a
m u d z a s e f u k a
m u m a s e f u k a
m u n a s e f u k a
a d z a s e f u k a
a m a s e f u k a
a n a s e f u k a
n d i d z a s e f u k a
n d i m a s e f u k a
n d i n a s e f u k a
m u d z a s e f u k a
m u m a s e f u k a
m u n a s e f u k a
a d z a s e f u k a
a m a s e f u k a
a n a s e f u k a
k u y a m i k a
t i d z a y a m i k a
t i m a y a m i k a
t i n a y a m i k a
m u d z a y a m i k a
m u m a y a m i k a
m u n a y a m i k a
a d z a y a m i k a
a m a y a m i k a
a n a y a m i k a
n d i d z a y a m i k a
n d i m a y a m i k a
n d i n a y a m i k a
m u d z a y a m i k a
m u m a y a m i k a
m u n a y a m i k a
a d z a y a m i k a
a m a y a m i k a
a n a y a m i k a
k u y a n d k i r a
t i d z a y a n d k i r a
t i m a y a n d k i r a
t i n a y a n d k i r a
m u d z a y a n d k i r a
m u m a y a n d k i r a
m u n a y a n d k i r a
a d z a y a n d k i r a
a m a y a n d k i r a
a n a y a n d k i r a
n d i d z a y a n d k i r a
n d i m a y a n d k i r a
n d i n a y a n d k i r a
m u d z a y a n d k i r a
m u m a y a n d k i r a
m u n a y a n d k i r a
a d z a y a n d k i r a
a m a y a n d k i r a
a n a y a n d k i r a
k u t e m b e n u k a
t i d z a t e m b e n u k a
t i m a t e m b e n u k a
t i n a t e m b e n u k a
m u d z a t e m b e n u k a
m u m a t e m b e n u k a
m u n a t e m b e n u k a
a d z a t e m b e n u k a
a m a t e m b e n u k a
a n a t e m b e n u k a
n d i d z a t e m b e n u k a
n d i m a t e m b e n u k a
n d i n a t e m b e n u k a
m u d z a t e m b e n u k a
m u m a t e m b e n u k a
m u n a t e m b e n u k a
a d z a t e m b e n u k a
a m a t e m b e n u k a
a n a t e m b e n u k a
k u t h y o l a
t i d z a t h y o l a
t i m a t h y o l a
t i n a t h y o l a
m u d z a t h y o l a
m u m a t h y o l a
m u n a t h y o l a
a d z a t h y o l a
a m a t h y o l a
a n a t h y o l a
n d i d z a t h y o l a
n d i m a t h y o l a
n d i n a t h y o l a
m u d z a t h y o l a
m u m a t h y o l a
m u n a t h y o l a
a d z a t h y o l a
a m a t h y o l a
a n a t h y o l a
k u t s a l a
t i d z a t s a l a
t i m a t s a l a
t i n a t s a l a
m u d z a t s a l a
m u m a t s a l a
m u n a t s a l a
a d z a t s a l a
a m a t s a l a
a n a t s a l a
n d i d z a t s a l a
n d i m a t s a l a
n d i n a t s a l a
m u d z a t s a l a
m u m a t s a l a
m u n a t s a l a
a d z a t s a l a
a m a t s a l a
a n a t s a l a
k u b a y a
t i d z a b a y a
t i m a b a y a
t i n a b a y a
m u d z a b a y a
m u m a b a y a
m u n a b a y a
a d z a b a y a
a m a b a y a
a n a b a y a
n d i d z a b a y a
n d i m a b a y a
n d i n a b a y a
m u d z a b a y a
m u m a b a y a
m u n a b a y a
a d z a b a y a
a m a b a y a
a n a b a y a
k u m e n y a
t i d z a m e n y a
t i m a m e n y a
t i n a m e n y a
m u d z a m e n y a
m u m a m e n y a
m u n a m e n y a
a d z a m e n y a
a m a m e n y a
a n a m e n y a
n d i d z a m e n y a
n d i m a m e n y a
n d i n a m e n y a
m u d z a m e n y a
m u m a m e n y a
m u n a m e n y a
a d z a m e n y a
a m a m e n y a
a n a m e n y a
k u l o n j e z a
t i d z a l o n j e z a
t i m a l o n j e z a
t i n a l o n j e z a
m u d z a l o n j e z a
m u m a l o n j e z a
m u n a l o n j e z a
a d z a l o n j e z a
a m a l o n j e z a
a n a l o n j e z a
n d i d z a l o n j e z a
n d i m a l o n j e z a
n d i n a l o n j e z a
m u d z a l o n j e z a
m u m a l o n j e z a
m u n a l o n j e z a
a d z a l o n j e z a
a m a l o n j e z a
a n a l o n j e z a
k u s a z i k a
t i d z a s a z i k a
t i m a s a z i k a
t i n a s a z i k a
m u d z a s a z i k a
m u m a s a z i k a
m u n a s a z i k a
a d z a s a z i k a
a m a s a z i k a
a n a s a z i k a
n d i d z a s a z i k a
n d i m a s a z i k a
n d i n a s a z i k a
m u d z a s a z i k a
m u m a s a z i k a
m u n a s a z i k a
a d z a s a z i k a
a m a s a z i k a
a n a s a z i k a
k u g w i r a
t i d z a g w i r a
t i m a g w i r a
t i n a g w i r a
m u d z a g w i r a
m u m a g w i r a
m u n a g w i r a
a d z a g w i r a
a m a g w i r a
a n a g w i r a
n d i d z a g w i r a
n d i m a g w i r a
n d i n a g w i r a
m u d z a g w i r a
m u m a g w i r a
m u n a g w i r a
a d z a g w i r a
a m a g w i r a
a n a g w i r a
k u k w a n a
t i d z a k w a n a
t i m a k w a n a
t i n a k w a n a
m u d z a k w a n a
m u m a k w a n a
m u n a k w a n a
a d z a k w a n a
a m a k w a n a
a n a k w a n a
n d i d z a k w a n a
n d i m a k w a n a
n d i n a k w a n a
m u d z a k w a n a
m u m a k w a n a
m u n a k w a n a
a d z a k w a n a
a m a k w a n a
a n a k w a n a
k u p h u n z i r a
t i d z a p h u n z i r a
t i m a p h u n z i r a
t i n a p h u n z i r a
m u d z a p h u n z i r a
m u m a p h u n z i r a
m u n a p h u n z i r a
a d z a p h u n z i r a
a m a p h u n z i r a
a n a p h u n z i r a
n d i d z a p h u n z i r a
n d i m a p h u n z i r a
n d i n a p h u n z i r a
m u d z a p h u n z i r a
m u m a p h u n z i r a
m u n a p h u n z i r a
a d z a p h u n z i r a
a m a p h u n z i r a
a n a p h u n z i r a
k u b v i n a
t i d z a b v i n a
t i m a b v i n a
t i n a b v i n a
m u d z a b v i n a
m u m a b v i n a
m u n a b v i n a
a d z a b v i n a
a m a b v i n a
a n a b v i n a
n d i d z a b v i n a
n d i m a b v i n a
n d i n a b v i n a
m u d z a b v i n a
m u m a b v i n a
m u n a b v i n a
a d z a b v i n a
a m a b v i n a
a n a b v i n a
k u t u l u k a
t i d z a t u l u k a
t i m a t u l u k a
t i n a t u l u k a
m u d z a t u l u k a
m u m a t u l u k a
m u n a t u l u k a
a d z a t u l u k a
a m a t u l u k a
a n a t u l u k a
n d i d z a t u l u k a
n d i m a t u l u k a
n d i n a t u l u k a
m u d z a t u l u k a
m u m a t u l u k a
m u n a t u l u k a
a d z a t u l u k a
a m a t u l u k a
a n a t u l u k a
k u l a n k h u l a
t i d z a l a n k h u l a
t i m a l a n k h u l a
t i n a l a n k h u l a
m u d z a l a n k h u l a
m u m a l a n k h u l a
m u n a l a n k h u l a
a d z a l a n k h u l a
a m a l a n k h u l a
a n a l a n k h u l a
n d i d z a l a n k h u l a
n d i m a l a n k h u l a
n d i n a l a n k h u l a
m u d z a l a n k h u l a
m u m a l a n k h u l a
m u n a l a n k h u l a
a d z a l a n k h u l a
a m a l a n k h u l a
a n a l a n k h u l a
k u t e n t h a
t i d z a t e n t h a
t i m a t e n t h a
t i n a t e n t h a
m u d z a t e n t h a
m u m a t e n t h a
m u n a t e n t h a
a d z a t e n t h a
a m a t e n t h a
a n a t e n t h a
n d i d z a t e n t h a
n d i m a t e n t h a
n d i n a t e n t h a
m u d z a t e n t h a
m u m a t e n t h a
m u n a t e n t h a
a d z a t e n t h a
a m a t e n t h a
a n a t e n t h a
k u b w e z a
t i d z a b w e z a
t i m a b w e z a
t i n a b w e z a
m u d z a b w e z a
m u m a b w e z a
m u n a b w e z a
a d z a b w e z a
a m a b w e z a
a n a b w e z a
n d i d z a b w e z a
n d i m a b w e z a
n d i n a b w e z a
m u d z a b w e z a
m u m a b w e z a
m u n a b w e z a
a d z a b w e z a
a m a b w e z a
a n a b w e z a
k u m v a
t i d z a m v a
t i m a m v a
t i n a m v a
m u d z a m v a
m u m a m v a
m u n a m v a
a d z a m v a
a m a m v a
a n a m v a
n d i d z a m v a
n d i m a m v a
n d i n a m v a
m u d z a m v a
m u m a m v a
m u n a m v a
a d z a m v a
a m a m v a
a n a m v a
k u t a l i k a
t i d z a t a l i k a
t i m a t a l i k a
t i n a t a l i k a
m u d z a t a l i k a
m u m a t a l i k a
m u n a t a l i k a
a d z a t a l i k a
a m a t a l i k a
a n a t a l i k a
n d i d z a t a l i k a
n d i m a t a l i k a
n d i n a t a l i k a
m u d z a t a l i k a
m u m a t a l i k a
m u n a t a l i k a
a d z a t a l i k a
a m a t a l i k a
a n a t a l i k a
k u n y e n g a
t i d z a n y e n g a
t i m a n y e n g a
t i n a n y e n g a
m u d z a n y e n g a
m u m a n y e n g a
m u n a n y e n g a
a d z a n y e n g a
a m a n y e n g a
a n a n y e n g a
n d i d z a n y e n g a
n d i m a n y e n g a
n d i n a n y e n g a
m u d z a n y e n g a
m u m a n y e n g a
m u n a n y e n g a
a d z a n y e n g a
a m a n y e n g a
a n a n y e n g a
k u b i r i w i r a
t i d z a b i r i w i r a
t i m a b i r i w i r a
t i n a b i r i w i r a
m u d z a b i r i w i r a
m u m a b i r i w i r a
m u n a b i r i w i r a
a d z a b i r i w i r a
a m a b i r i w i r a
a n a b i r i w i r a
n d i d z a b i r i w i r a
n d i m a b i r i w i r a
n d i n a b i r i w i r a
m u d z a b i r i w i r a
m u m a b i r i w i r a
m u n a b i r i w i r a
a d z a b i r i w i r a
a m a b i r i w i r a
a n a b i r i w i r a
k u s o w a
t i d z a s o w a
t i m a s o w a
t i n a s o w a
m u d z a s o w a
m u m a s o w a
m u n a s o w a
a d z a s o w a
a m a s o w a
a n a s o w a
n d i d z a s o w a
n d i m a s o w a
n d i n a s o w a
m u d z a s o w a
m u m a s o w a
m u n a s o w a
a d z a s o w a
a m a s o w a
a n a s o w a
k u l i m a
t i d z a l i m a
t i m a l i m a
t i n a l i m a
m u d z a l i m a
m u m a l i m a
m u n a l i m a
a d z a l i m a
a m a l i m a
a n a l i m a
n d i d z a l i m a
n d i m a l i m a
n d i n a l i m a
m u d z a l i m a
m u m a l i m a
m u n a l i m a
a d z a l i m a
a m a l i m a
a n a l i m a
k u w a l a
t i d z a w a l a
t i m a w a l a
t i n a w a l a
m u d z a w a l a
m u m a w a l a
m u n a w a l a
a d z a w a l a
a m a w a l a
a n a w a l a
n d i d z a w a l a
n d i m a w a l a
n d i n a w a l a
m u d z a w a l a
m u m a w a l a
m u n a w a l a
a d z a w a l a
a m a w a l a
a n a w a l a
k u i m b a
t i d z a i m b a
t i m a i m b a
t i n a i m b a
m u d z a i m b a
m u m a i m b a
m u n a i m b a
a d z a i m b a
a m a i m b a
a n a i m b a
n d i d z a i m b a
n d i m a i m b a
n d i n a i m b a
m u d z a i m b a
m u m a i m b a
m u n a i m b a
a d z a i m b a
a m a i m b a
a n a i m b a
k u p i t a
t i d z a p i t a
t i m a p i t a
t i n a p i t a
m u d z a p i t a
m u m a p i t a
m u n a p i t a
a d z a p i t a
a m a p i t a
a n a p i t a
n d i d z a p i t a
n d i m a p i t a
n d i n a p i t a
m u d z a p i t a
m u m a p i t a
m u n a p i t a
a d z a p i t a
a m a p i t a
a n a p i t a
k u s a m b a
t i d z a s a m b a
t i m a s a m b a
t i n a s a m b a
m u d z a s a m b a
m u m a s a m b a
m u n a s a m b a
a d z a s a m b a
a m a s a m b a
a n a s a m b a
n d i d z a s a m b a
n d i m a s a m b a
n d i n a s a m b a
m u d z a s a m b a
m u m a s a m b a
m u n a s a m b a
a d z a s a m b a
a m a s a m b a
a n a s a m b a
k u g w a
t i d z a g w a
t i m a g w a
t i n a g w a
m u d z a g w a
m u m a g w a
m u n a g w a
a d z a g w a
a m a g w a
a n a g w a
n d i d z a g w a
n d i m a g w a
n d i n a g w a
m u d z a g w a
m u m a g w a
m u n a g w a
a d z a g w a
a m a g w a
a n a g w a
k u b v a l a
t i d z a b v a l a
t i m a b v a l a
t i n a b v a l a
m u d z a b v a l a
m u m a b v a l a
m u n a b v a l a
a d z a b v a l a
a m a b v a l a
a n a b v a l a
n d i d z a b v a l a
n d i m a b v a l a
n d i n a b v a l a
m u d z a b v a l a
m u m a b v a l a
m u n a b v a l a
a d z a b v a l a
a m a b v a l a
a n a b v a l a
k u k h u m u d w a
t i d z a k h u m u d w a
t i m a k h u m u d w a
t i n a k h u m u d w a
m u d z a k h u m u d w a
m u m a k h u m u d w a
m u n a k h u m u d w a
a d z a k h u m u d w a
a m a k h u m u d w a
a n a k h u m u d w a
n d i d z a k h u m u d w a
n d i m a k h u m u d w a
n d i n a k h u m u d w a
m u d z a k h u m u d w a
m u m a k h u m u d w a
m u n a k h u m u d w a
a d z a k h u m u d w a
a m a k h u m u d w a
a n a k h u m u d w a
k u n e n a
t i d z a n e n a
t i m a n e n a
t i n a n e n a
m u d z a n e n a
m u m a n e n a
m u n a n e n a
a d z a n e n a
a m a n e n a
a n a n e n a
n d i d z a n e n a
n d i m a n e n a
n d i n a n e n a
m u d z a n e n a
m u m a n e n a
m u n a n e n a
a d z a n e n a
a m a n e n a
a n a n e n a
k u l o w a
t i d z a l o w a
t i m a l o w a
t i n a l o w a
m u d z a l o w a
m u m a l o w a
m u n a l o w a
a d z a l o w a
a m a l o w a
a n a l o w a
n d i d z a l o w a
n d i m a l o w a
n d i n a l o w a
m u d z a l o w a
m u m a l o w a
m u n a l o w a
a d z a l o w a
a m a l o w a
a n a l o w a
k u m e r a
t i d z a m e r a
t i m a m e r a
t i n a m e r a
m u d z a m e r a
m u m a m e r a
m u n a m e r a
a d z a m e r a
a m a m e r a
a n a m e r a
n d i d z a m e r a
n d i m a m e r a
n d i n a m e r a
m u d z a m e r a
m u m a m e r a
m u n a m e r a
a d z a m e r a
a m a m e r a
a n a m e r a
k u c h o k a
t i d z a c h o k a
t i m a c h o k a
t i n a c h o k a
m u d z a c h o k a
m u m a c h o k a
m u n a c h o k a
a d z a c h o k a
a m a c h o k a
a n a c h o k a
n d i d z a c h o k a
n d i m a c h o k a
n d i n a c h o k a
m u d z a c h o k a
m u m a c h o k a
m u n a c h o k a
a d z a c h o k a
a m a c h o k a
a n a c h o k a
k u k o n d w a
t i d z a k o n d w a
t i m a k o n d w a
t i n a k o n d w a
m u d z a k o n d w a
m u m a k o n d w a
m u n a k o n d w a
a d z a k o n d w a
a m a k o n d w a
a n a k o n d w a
n d i d z a k o n d w a
n d i m a k o n d w a
n d i n a k o n d w a
m u d z a k o n d w a
m u m a k o n d w a
m u n a k o n d w a
a d z a k o n d w a
a m a k o n d w a
a n a k o n d w a
k u k a n a
t i d z a k a n a
t i m a k a n a
t i n a k a n a
m u d z a k a n a
m u m a k a n a
m u n a k a n a
a d z a k a n a
a m a k a n a
a n a k a n a
n d i d z a k a n a
n d i m a k a n a
n d i n a k a n a
m u d z a k a n a
m u m a k a n a
m u n a k a n a
a d z a k a n a
a m a k a n a
a n a k a n a
k u t o l a
t i d z a t o l a
t i m a t o l a
t i n a t o l a
m u d z a t o l a
m u m a t o l a
m u n a t o l a
a d z a t o l a
a m a t o l a
a n a t o l a
n d i d z a t o l a
n d i m a t o l a
n d i n a t o l a
m u d z a t o l a
m u m a t o l a
m u n a t o l a
a d z a t o l a
a m a t o l a
a n a t o l a
k u d z i w a
t i d z a d z i w a
t i m a d z i w a
t i n a d z i w a
m u d z a d z i w a
m u m a d z i w a
m u n a d z i w a
a d z a d z i w a
a m a d z i w a
a n a d z i w a
n d i d z a d z i w a
n d i m a d z i w a
n d i n a d z i w a
m u d z a d z i w a
m u m a d z i w a
m u n a d z i w a
a d z a d z i w a
a m a d z i w a
a n a d z i w a
k u c h e p a
t i d z a c h e p a
t i m a c h e p a
t i n a c h e p a
m u d z a c h e p a
m u m a c h e p a
m u n a c h e p a
a d z a c h e p a
a m a c h e p a
a n a c h e p a
n d i d z a c h e p a
n d i m a c h e p a
n d i n a c h e p a
m u d z a c h e p a
m u m a c h e p a
m u n a c h e p a
a d z a c h e p a
a m a c h e p a
a n a c h e p a
k u s a n g a l a l a
t i d z a s a n g a l a l a
t i m a s a n g a l a l a
t i n a s a n g a l a l a
m u d z a s a n g a l a l a
m u m a s a n g a l a l a
m u n a s a n g a l a l a
a d z a s a n g a l a l a
a m a s a n g a l a l a
a n a s a n g a l a l a
n d i d z a s a n g a l a l a
n d i m a s a n g a l a l a
n d i n a s a n g a l a l a
m u d z a s a n g a l a l a
m u m a s a n g a l a l a
m u n a s a n g a l a l a
a d z a s a n g a l a l a
a m a s a n g a l a l a
a n a s a n g a l a l a
k u k w a t a
t i d z a k w a t a
t i m a k w a t a
t i n a k w a t a
m u d z a k w a t a
m u m a k w a t a
m u n a k w a t a
a d z a k w a t a
a m a k w a t a
a n a k w a t a
n d i d z a k w a t a
n d i m a k w a t a
n d i n a k w a t a
m u d z a k w a t a
m u m a k w a t a
m u n a k w a t a
a d z a k w a t a
a m a k w a t a
a n a k w a t a
k u l i m b a
t i d z a l i m b a
t i m a l i m b a
t i n a l i m b a
m u d z a l i m b a
m u m a l i m b a
m u n a l i m b a
a d z a l i m b a
a m a l i m b a
a n a l i m b a
n d i d z a l i m b a
n d i m a l i m b a
n d i n a l i m b a
m u d z a l i m b a
m u m a l i m b a
m u n a l i m b a
a d z a l i m b a
a m a l i m b a
a n a l i m b a
k u y a n k h a
t i d z a y a n k h a
t i m a y a n k h a
t i n a y a n k h a
m u d z a y a n k h a
m u m a y a n k h a
m u n a y a n k h a
a d z a y a n k h a
a m a y a n k h a
a n a y a n k h a
n d i d z a y a n k h a
n d i m a y a n k h a
n d i n a y a n k h a
m u d z a y a n k h a
m u m a y a n k h a
m u n a y a n k h a
a d z a y a n k h a
a m a y a n k h a
a n a y a n k h a
k u n y o z a
t i d z a n y o z a
t i m a n y o z a
t i n a n y o z a
m u d z a n y o z a
m u m a n y o z a
m u n a n y o z a
a d z a n y o z a
a m a n y o z a
a n a n y o z a
n d i d z a n y o z a
n d i m a n y o z a
n d i n a n y o z a
m u d z a n y o z a
m u m a n y o z a
m u n a n y o z a
a d z a n y o z a
a m a n y o z a
a n a n y o z a
k u y e r a
t i d z a y e r a
t i m a y e r a
t i n a y e r a
m u d z a y e r a
m u m a y e r a
m u n a y e r a
a d z a y e r a
a m a y e r a
a n a y e r a
n d i d z a y e r a
n d i m a y e r a
n d i n a y e r a
m u d z a y e r a
m u m a y e r a
m u n a y e r a
a d z a y e r a
a m a y e r a
a n a y e r a
k u i p a
t i d z a i p a
t i m a i p a
t i n a i p a
m u d z a i p a
m u m a i p a
m u n a i p a
a d z a i p a
a m a i p a
a n a i p a
n d i d z a i p a
n d i m a i p a
n d i n a i p a
m u d z a i p a
m u m a i p a
m u n a i p a
a d z a i p a
a m a i p a
a n a i p a
k u s o n k h a
t i d z a s o n k h a
t i m a s o n k h a
t i n a s o n k h a
m u d z a s o n k h a
m u m a s o n k h a
m u n a s o n k h a
a d z a s o n k h a
a m a s o n k h a
a n a s o n k h a
n d i d z a s o n k h a
n d i m a s o n k h a
n d i n a s o n k h a
m u d z a s o n k h a
m u m a s o n k h a
m u n a s o n k h a
a d z a s o n k h a
a m a s o n k h a
a n a s o n k h a
k u s u n g a
t i d z a s u n g a
t i m a s u n g a
t i n a s u n g a
m u d z a s u n g a
m u m a s u n g a
m u n a s u n g a
a d z a s u n g a
a m a s u n g a
a n a s u n g a
n d i d z a s u n g a
n d i m a s u n g a
n d i n a s u n g a
m u d z a s u n g a
m u m a s u n g a
m u n a s u n g a
a d z a s u n g a
a m a s u n g a
a n a s u n g a
k u s e w e r a
t i d z a s e w e r a
t i m a s e w e r a
t i n a s e w e r a
m u d z a s e w e r a
m u m a s e w e r a
m u n a s e w e r a
a d z a s e w e r a
a m a s e w e r a
a n a s e w e r a
n d i d z a s e w e r a
n d i m a s e w e r a
n d i n a s e w e r a
m u d z a s e w e r a
m u m a s e w e r a
m u n a s e w e r a
a d z a s e w e r a
a m a s e w e r a
a n a s e w e r a
k u c h e n j e r a
t i d z a c h e n j e r a
t i m a c h e n j e r a
t i n a c h e n j e r a
m u d z a c h e n j e r a
m u m a c h e n j e r a
m u n a c h e n j e r a
a d z a c h e n j e r a
a m a c h e n j e r a
a n a c h e n j e r a
n d i d z a c h e n j e r a
n d i m a c h e n j e r a
n d i n a c h e n j e r a
m u d z a c h e n j e r a
m u m a c h e n j e r a
m u n a c h e n j e r a
a d z a c h e n j e r a
a m a c h e n j e r a
a n a c h e n j e r a
k u d i k i r a
t i d z a d i k i r a
t i m a d i k i r a
t i n a d i k i r a
m u d z a d i k i r a
m u m a d i k i r a
m u n a d i k i r a
a d z a d i k i r a
a m a d i k i r a
a n a d i k i r a
n d i d z a d i k i r a
n d i m a d i k i r a
n d i n a d i k i r a
m u d z a d i k i r a
m u m a d i k i r a
m u n a d i k i r a
a d z a d i k i r a
a m a d i k i r a
a n a d i k i r a
k u f u n a
t i d z a f u n a
t i m a f u n a
t i n a f u n a
m u d z a f u n a
m u m a f u n a
m u n a f u n a
a d z a f u n a
a m a f u n a
a n a f u n a
n d i d z a f u n a
n d i m a f u n a
n d i n a f u n a
m u d z a f u n a
m u m a f u n a
m u n a f u n a
a d z a f u n a
a m a f u n a
a n a f u n a
k u g u n d a
t i d z a g u n d a
t i m a g u n d a
t i n a g u n d a
m u d z a g u n d a
m u m a g u n d a
m u n a g u n d a
a d z a g u n d a
a m a g u n d a
a n a g u n d a
n d i d z a g u n d a
n d i m a g u n d a
n d i n a g u n d a
m u d z a g u n d a
m u m a g u n d a
m u n a g u n d a
a d z a g u n d a
a m a g u n d a
a n a g u n d a
a n a r i p ' a
t i d z a t v i o t a
n d i n a n p ' a m v a
a n a z d n e a
t i d z a l i a l j
a n a b h r a b a
m u d z a s k f w h a
t i d z a b v u k u
a n a l b n g r m a
a m a f e l u m i a a
a n a f j ' l r
t i n a m h s
a n a l o w a
n d i d z a p l v k z
t i m a i k g
a m a y h l o a
m u d z a c a b y a
m u m a w h ' p a
a d z a c i i z z
a n a y a f a h r d a
a n a i d a
m u m a b a u b p
a d z a i w f v g
k u p h u n z i r a
m u n a t e o o j a
n d i n a s m k a n m t a
m u m a k w m p k
t i d z a ' s u a
a m a l o n j e z a
t i d z a c u e d z a
m u m a n g p a m b a
a m a n i a k h l a
m u d z a r u t a z a
m u d z a s n r ' y a
m u m a d w i r l
m u n a o o u v
a d z a p e u e m a
a n a s r a b a
n d i n a f i k a
a m a l l g a
m u m a z i n o k k s p a
t i m a p i c d c l a
k u y e a
a d z a d a l i r j
m u m a m a u i y a
m u d z a k h j v u d h a
a d z a y m d k h u n a
m u d z a t h g w a
m u m a p e m k ' a
a d z a p m c e w a
m u n a t s p m i z a
m u n a p y t a b i
n d i n a y e r n j e ' a
m u n a c u ' g a
n d i n a t s u ' a
a m a p z s e
m u m a z c n d i k j r a
m u n a g o n a
m u m a w e r e k g a
a m a u e h g s
t i d z a y j j g a a n a
m u n a t e n m
m u n a k h a b f u a
a m a b v a e m
a m a s u e g a
a d z a g o o a
m u n a p g n f b l a
n d i n a w w h y b
a n a i u p
t i m a c d o e m k a
t i n a k a l a m ' a
m u m a d i k a n a
n d i n a p n w v a
t i n a t s a d '
a m a y u s d l
m u m a p h u n j i r a
a d z a n h e k s
t i m a s c c w e r a
a m a y y m h a
m u n a h l a l m
k u k l l a
a d z a i o k l k
n d i n a y w ' d a
n d i n a c h r p w a
n d i n a p w w z m k a
t i m a p m s a
m u m a m o r a
t i n a l o w d
m u n a j t i r a
m u d z a s r n i k a
m u n a l r o k h u l a
m u d z a p i t a
n d i d z a n k a
m u n a n t c c z c o
t i m a w u a l b
m u d z a r n r j '
a m a r e z a
n d i m a w r y s
k u f p s
m u m a p i n d u d a
n d i n a g s k j j
t i d z a n t y h a t o
n d i d z a y d n m a
a d z a o n e a a
m u d z a k ' n d '
n d i m a k i ' j i k a
m u d z a b i r b w k r a
a m a n v ' a m c a
a m a t o z y
m u m a y a n k h u r a
m u n a o g g l v
n d i d z a z f k v
t i m a k v o f a
m u d z a t ' n k e
m u d z a k u m b u b a
m u n a y z n o o
t i n a k m ' a
t i m a y e n e u ' w a
m u d z a i i k a
n d i n a b v r e k a
m u m a p w e g '
a d z a g o n a
k u c h e i a
n d i m a k a g ' a
m u d z a b v i n z
t i n a p h y k
a m a t f t i k a
a m a p s a e i a
n d i n a l f m a
t i d z a f c k y
t i m a p t n s u l a
a m a t i a n y z z a
a m a e u l d a
m u n a g w a
t i n a b h a l u
m u m a k u z a
a d z a c b e m m a
t i n a e h o k a
n d i m a p f m p b a
m u n a p i p a n i
m u m a p e d v
n d i n a t g k l c z a
m u m a w a l s
n d i d z a s w j d m
m u n a l w m t
n d i n a t t a u j
n d i d z a c z k a
t i d z a k k a j v
m u m a c h a
t i d z a m w j
n d i d z a b v u t a
a m a t s i r i w a
n d i n a z i n t i k i r a
t i n a d u l a
m u m a f h n a
a n a b b o m a
m u m a i m b u
a n a c b m s a
a d z a p w e t e k a
n d i n a r o i t a
t i d z a d w c n a
k u s e f l k a
n d i m a y b f d k i n a
n d i n a n y j s u l a
n d i n a p t s a
a n a z y l z
m u n a s c n g l l a y a
n d i m a y b i g t u n a
a d z a i a n g w
m u m a w g b i
m u m a y m m a
a n a y e f y ' l k a
t i m a p g a b a
n d i d z a m y o ' l a
t i d s a d z a l a
t i n a z u f a
n d i n a i o a r a
a m a l u n g a
k u h w a k a
t i n a m e n z m
m u n a m v t a
a d z a y p s n k j y a
a n a t e m e y k u s a
m u n a n b a
m u d z a b v y n a
k u t l j r k a
m u m a c h m h a
m u d z a s a u g a l t l a
n d i d z a l f p a
n d i n a o f s y k
m u n a i w a o a
a d z a d e l a
t i n a k a c a m n a
m u d z a d s e p p
t i n a y t n d p i r a
t i d z a z i ' h i k i g a
m u n a m f ' z o
m u d z a t s o w n ' a
n d i d z a i w a l d
t i n a u m y h
m u n a g m y d y
m u d z a d y l i s a
a m a c b j h a
a n a y a n a
a m a p n p a
t i m a ' u y b a
n d i m a m u i z a
k u i t a f h
n d i m a p e m n ' a
m u n a l u u g d m a
m u d z a y t s g k u l a
m u d z a g w i r a
n d i d z a h m e r k
n d i n a t a l i k a
m u d z a n u z o a
a d z a ' e f a
a n a k c e n n p i r a
n d i n a p h i t a
m u n a t d c d s a
m u n a t y z w s
a d z a o w a
a m a l f h f
n d i d z a n n e a k b a
a m a v m l n
m u d z a y a b ' h u ' a
a m a i t u j a
n d i m a c h v p a
n d i d z a t h a m h v g a
n d i m a p a p b a n a
a n a y j e e r a
t i d z a n g ' w ' b a
n d i m a p b e t h f a
a d z a c k e h l i r a
t i n a s i p j
m u n a n y p n s a
m u d z a t u ' f k a
a n a c j z r '
a d z a t b k w a
m u d z a n a a b
a m a t t p r i r a
a d z a t e n e h a
m u m a s o n c e a
m u m a z t f n a
n d i n a n a v a
a d z a l e m s
k u d i z i r a
a m a c e s a k
t i m a m ' r r
m u m a z v a l a
a n a k v n s
t i n a l ' n j t b a
a n a c h u l u v a
n d i n a i a n g a
m u d z a g u m a
m u n a u o s a
m u n a l u m a
m u d z a t w r r w o a
a n a k m m i f b a
t i n a y k y j ' u n a
a n a b w r i l i a a
a d z a w o h d z a
a n a y w a t a
n d i d z a w s e k a
m u m a r u v a
a n a s i l a
m u d z a d v e m a
m u m a m w o r c
t i n a f i k c
k u v s m e a
m u m a c h i j v a
t i n a n v d n a
a m a m a j y w d
n d i m a g u u a
a d z a i m y c
m u d z a t s a t a
a m a b g k l a
a n a m s y a
m u n a e s s d e
k u b v l v a
a m a s o u j
m u n a s e ' w n a
a n a r k s a
a m a p w e n m k a
a d z a k w j t a
m u n a n a k a
n d i d z a n k b
a d z a s h u m a
t i n a h v a a
m u d z a w k v
t i n a s a n l h a
t i d z a a g i w e
n d i m a l o i j e o a
k u w e r p n g a
t i m a i k p p w
m u n a f i k k
m u m a p i g b w i
a d z a c h i o a
a d z a b v z l a
a m a t h r a m
k u d h y
a n a p o t d u l a
a n a o l o w t
a d z a o a v a
m u n a l i d b a
a d z a s i j g r a
m u n a t h e y d f g a
t i m a b u v w
n d i d z a c h e n y a
a n a k k z n c
m u d z a y a n ' ' a t a
n d i d z a i r u s
m u n a b r e d w
a d z a t u y d d a
t i n a t e ' y f n b k a
n d i d z a v a l a
m u m a n c c h s t o
n d i m a p b w a
a m a e z h a
t i n a o p s y a
a d z a m n l i z a
a d z a s a r
a d z a m w e
n d i d z a g d z w a
a m a k b d z i o a
a n a b a t p z a
a n a y a n z a
m u m a g a l a
t i d z a z t n k i k w v a
m u m a b a r y a
m u n a i p k
t i m a g o p a
m u d z a m p a
a d z a d c f f
n d i d z a r e r v c a
m u m a f u t b
a m a s a u k a
t i d z a y w e u a
m u d z a c s l a u
a d z a k o n ' l
n d i m a p y n a
a n a p a m e a y a
a m a c h e l a
k u i o r a
m u m a k h i g a
a n a w e b p f a
a m a t e m u a
n d i m a y o n b w a
a m a s p a t a
t i d z a o l o k j
m u n a s k p j ' a
m u n a p v u n k ' r a
n d i d z a ' c m u
a n a k o n d z
t i m a t o n g y
t i d z a s z b
a d z a t b l a a
a m a i i y c
a d z a p o n a g
n d i d z a a i b a
n d i n a d z a y j
t i n a d i ' i h a
m u n a y z n e i e a a
m u n a b a b j
k u b e b n
m u d z a o h o
m u m a c o m
m u m a c h u c u k a
m u n a i p f
a m a c h i k m
a n a n k a
t i n a f u t s m i k a
a m a c l g k r
t i n a s z t
a n a t a v i k a
m u d z a l i t
n d i m a s p k a
m u n a y p a o k i r a
a m a i m l g
m u n a n y m n k
m u d z a k g l f
a n a n a m f e a
t i n a l a w p n
m u d z a w e i e n z a
n d i d z a w e r g n g a
m u m a n m i n r
a m a v u j a
a m a l w a t d
t i d z a t u l l k a
a m a s e p e ' a
m u m a s g a i w a
a d z a r e ' l k a
k u d a o i g a
m u n a f i k a
a n a s e e e a a
a m a u i n y a
m u m a e u a u
m u n a y l r c m z z a
t i n a t t a u g
a d z a s a z n k a
m u d z a d m w b n a
m u m a t h a d a n k a
m u n a d w a
a m a l d l u
t i n a s s y a
m u n a f u n k
n d i n a y h p k o a
n d i m a k v f l a
t i d z a y u m i k a
m u m a p u t y a
m u m a p f g a
n d i m a k v a
m u m a d t l i r a
a d z a k u m b j j a
a m a s a h l r a
n d i m a m b n p a
m u d z a p k e c a
a d z a y h n y n
m u d z a t h w r a
m u d z a c u y u j s r a
m u m a s e a z r a
m u m a b w e d a
m u n a m v v
t i d z a m e d a
t i n a t e n a
k u l e t i
m u m a p e r a r a
n d i n a f a m '
a m a d m c
m u m a n f p a m v a
a n a v v a
m u m a i m d i
k u r j n b '
a n a l e n k
t i n a p m l a
k u p e b y a
a n a n i m b v
a d z a t h a m a ' p a
t i d z a t v e u a
a d z a s v i g p l a l a
m u n a k b u w v d p a
a n a p t j d p l a
a m a m o s b
n d i d z a z u n r p
t i m a d a l o ' a
m u n a t a w a
a n a y g m i k a
n d i n a t h a n d i n a
a m a p a j d f
a m a t s a c f
a m a b s a r a
a m a l n m a
m u m a p t e h e c a
m u n a e m a
m u n a ' g n g '
a n a s a z b y a
a n a s a u b p a
a d z a y a e k o a
n d i d z a l o n n z p a
m u m a d s s m a
n d i n a t b d o d i b a
n d i m a p h n w
n d i m a z w k l s
k u i ' z i
m u n a z j i r r
m u d z a t a l e k a
m u d z a n ' ' z z k a
t i d z a v u v j a
m u n a r k h w
t i d z a e b i r r
n d i m a ' a i c a
t i d z a t e w t a a
m u n a b k a
a n a s a r i k a
a m a p s y j
a d z a b t i n o
m u d z a l j z r m
m u m a p f u s z i r a
m u n a n c l a i
k u k p l f
t i n a w k r e n g a
m u m a k s u d ' a
n d i m a r e r n k a
m u n a c g e k a
m u d z a k i u m i k a
t i n a d z a z s
n d i n a y a b m ' a n a
a m a p e r e k a
m u m a o t h a a
n d i m a d y a f a
m u n a t h a n p n ' a
t i m a j h a
n d i m a w a d a
a n a z g n k v v o r a
m u d z a n i a a
a m a d z a a
m u n a u y n g p
k u s p v t b r a
m u m a s o b h w r a
k u d z a
m u d z a b b j r w
t i n a p v z o a
a m a n z d t w
m u n a b a h a
k u n y a m u e a
a m a t b p k o
m u d z a n y g n b a
m u d z a k h m b u k a
m u m a s a h g a c a z a
m u n a f l n h
t i d z a y a n c s w r a
a m a ' z f ' y
n d i d z a l a f k h u l a
m u n a s o j k h a
m u d z a t k o j a
m u n a v u n t a
m u n a h h l j a
m u d z a p a n e a
a n a t s b r w a a
m u n a c j e w d a
t i n a y a n o h m l a
a m a f o i k a
m u d z a t e a
k u f i o s
t i m a ' t t a
m u d z a k k i b '
m u d z a y m a
n d i n a d w l p w
n d i d z a s i l a
k u o w o s a
m u m a l m u w m
m u m a s u o h p b a
m u n a m a e a
m u m a b v t u z a
a n a f h o k d
a m a b v m t a
m u d z a k ' e b u k a
t i m a p h a p y
n d i m a z f ' f
a d z a j b a
m u m a u o w a
a d z a h c m a
t i m a t a l a
n d i d z a w ' c v a
t i d z a t o g r
m u m a t d a k g
a d z a t u f o y a
m u n a o o t g a
m u d z a ' s y a
t i n a s u n c h
t i d z a k h u o j a
t i n a y e z e d e k a
m u m a b s a t a
m u m a d l y i r a
m u m a k m f w
a m a c k i n y a
n d i n a f u u n a
t i d z a z z r b
n d i d z a a w i t a
t i d z a k h s s u d w a
m u m a p e m k g a
a n a h p i w n
m u m a w f r o n g a
a m a k f f b a
a d z a c j i r a
m u d z a a e k a
n d i m a v w s
t i m a f i r o
n d i n a m v s i z a
a m a r l a
m u d z a b p y a
t i d z a s v f g t l z c a
m u d z a d d n a
n d i n a p j m l h a
t i n a c ' c n u z a
n d i m a d c a
t i m a m l f u l a
a n a m m b l v
n d i n a p s g o
a m a b w e t i
a n a s j p h
m u n a i k a
m u d z a p ' m m h a
k u d o w u
t i m a g u l a
a d z a l m n a
m u d z a z b f b s
t i m a i o l s
m u m a y a j k h u l a
m u m a y a g a ' s n a
m u d z a f v w h
m u m a s ' n k h a
m u d z a n y a m u l a
n d i d z a t e b t h a
n d i m a n y a m d l a
t i n a a a n a
a n a f i o h
a n a n e n a
a d z a p o w a
t i m a k h m l a
m u m a t m h g d
a m a o w g
m u m a l y w b
k u p e z a
n d i m a i p i
m u n a s a z i k a
t i n a s p d u y a
m u m a l b a b
t i d z a i p a
m u d z a j h ' a
n d i n a t f a n p i z a
a m a t h w g l
m u d z a d z b t
m u m a f g m u u
a n a c e n d w a
a d z a f m a
a n a i w a
a n a k d g a
m u d z a t h m g r y u w a
t i m a y f b g v p s a
a d z a k j p e l
m u d z a p e m p h a
a m a t p v i k a
m u m a k m d m a
n d i d z a d a l i u a
n d i d z a t z y p
t i d z a m f b i z a
a d z a s a s k s a
m u d z a c h e d w a
t i d z a i f o u a
a n a d c a
t i n a t h z r z
m u n a l u p c a g a
n d i m a a h r d a
m u m a s k s h s r a
t i n a t w j z a
a d z a p i g d '
t i n a y a h i o a
m u d z a l i m e
a n a n m e p a
m u d z a m r a
k u y a t b k
t i m a n w d g
m u m a b n n a w n n a
a d z a n k a v u l a
n d i d z a d a a d a
n d i m a f c w a
m u n a s g a
a d z a y a n v l k o a
a n a n k c c i t o
m u m a d e ' e
a m a k a l a t b a
a n a d z a
t i n a f a l u m b r a
a d z a n f k v
t i m a p e n p t a
m u n a p v a l z
t i d z a c t u l u o a
m u n a p z b f
m u n a b p e r i
m u d z a s e k u b a
a m a z s a t d
t i m a p a m a a c a
t i d z a f u l u b y r a
a m a p s p a j
a d z a t u h a
t i n a p o n d f
m u n a w r r s z a
k u h o n d y
a m a w e r u z a
m u n a l g o k l u l a
m u m a y m l g h p w a
a n a t ' l v
n d i n a z u v z k
m u n a w k f l
a n a ' h i w f
a n a a e b a
m u n a d z a s a
k u p z n h n i a
k u t a l n c a
a d z a c h ' n e j n a
a d z a o l s ' o
m u n a g z a l a
n d i d z a y c n s m a
a n a g w w a a
t i n a s c r i u a
n d i d z a p v m d a ' a
a m a p e m j a n a
m u m a c h z ' b w r a
n d i d z a p h t n z k w a
m u d z a i k l
t i m a p k v h
t i d z a t h n b l a
m u n a ' j n m h
m u d z a t a l i k a
a n a p a u k z y r a
a d z a t e n n h a
a n a w e a u z a
t i m a ' n a
k u l t f j m n a
a m a s n e f o
t i m a l k k j e t a
a n a p s y a
m u n a k w a t a
a m a a h i k l
m u m a p i j a c i
k u g t f
m u n a k z d d e a
n d i n a t s v k a
m u n a z i p k
n d i n a c n r l o l a
t i m a v k a
a d z a s z d y y v ' a
a d z a n y ' m e l a
n d i m a c i m a
m u n a f i v a
t i n a c h a
m u m a m e v a
m u m a k a m e y
n d i d z a k v l l a
a n a g e ' p
t i n a w l o k m
n d i m a t z a l u
t i m a s o n e h a
n d i d z a t s o e o z a
t i m a t h n c h
m u m a d h i k g
m u d z a d l i w a
n d i d z a y a k i k w g a
a d z a c h i w a
a d z a c s o ' a
t i n a w e r s k a
m u m a t t n h y a
a m a k w a u i v a
m u m a g r a a
a d z a s s e k '
a d z a l a l a
t i m a l a s k y t l a
a n a a k a
n d i n a k o k a
a n a p f m b a y a
t i d z a p p a m a
a d z a e e b a
t i n a b c z r k a
m u n a n t c h a t o
n d i d z a n a l a
a m a l r w e
a d z a w s v u z a
n d i n a p w i k a
a n a k e o a
t i n a t z u ' c w a
a m a k v w b
m u d z a i t a n s
a m a t a d j y a
a m a f w l r e
a m a y i r k h a
m u d z a t w i r i z a
a d z a y e r '
n d i n a w j r u z a
a n a s g y a n
a n a l e m a
n d i m a d a r o r a
a n a s a m s u
m u d z a k c a u a
a n a k s u b a
t i d z a g i y p
a n a a w z l a
a n a f i k p
a n a b y t s z a
a n a n e m a
n d i m a p h u n w i r a
n d i d z a o h e f i
a m a h u i g a
k u t h a m i n g a
m u m a d v a
n d i d z a s v k a m i z a
a n a c h a n y a
a m a k u m ' k d a
m u n a r e h u k a
t i n a s o c e e y a
t i n a h l i i a
a n a k k a ' a
a d z a p i f o e ' a
n d i n a k s n f a v a
n d i d z a y o a
a n a k a l a g b a
a m a y a a k h a
n d i n a ' a o e
k u n g s y a
m u m a j t z n v
n d i m a l r j n
t i d z a n o t n g a
a m a z b n d h c i b a
a m a o o s a
m u m a l u m a
a m a c h t n k e k a
a d z a t p l i k a
n d i n a s e r i r a
a n a k i ' i
a n a t h a v t
m u d z a n u ' a ' b a
a m a k u m s z r a
a d z a c y r d b
a d z a ' i y j
n d i m a k e y d a
n d i n a t u p j k a
a n a s k b u h a
a n a t d e w e
a m a l b m m
t i m a c h k n k
m u d z a z a n j p
m u m a t i y n a
k u ' c y a
m u m a m w n g g
m u m a y e h e j a
k u n ' c y i m o
m u m a p e b e k a
k u t h b t h
m u n a s v f y k a
t i n a y v d l a
n d i n a n g y a m b a
m u d z a t o l k
n d i n a k r n d r a
a m a k h u l u p ' r a
a n a y e n n g
m u n a k w t a
n d i n a k j s y i j a
a d z a s o c w a r a
a d z a n y c z a
m u n a y a t i y a
a m a d w a r g
t i n a o t g k a
m u d z a k ' h c ' k a
t i m a z n w a
a d z a p k j f j i
a m a z u n z a
k u y a j k h a
t i m a k w u u g a
n d i m a g c i r e
t i n a d z l f r a
m u d z a s p n k t a
a n a s e w e b a
a d z a p w n g s t a
m u d z a t z y i n a
t i d z a f z i w a
a d z a i f b a
a m a b ' t i w a s a
m u m a y a m a
a m a k y n a
t i n a b v o m a
m u m a l u ' n e m a
m u m a k a l v m z a
n d i d z a d z w w a
m u d z a y r l v k a
m u m a p j e t l k a
a m a m e n c v
a m a i w n r l
a d z a k h u l j p i o a
a m a i k j
n d i m a s e w e r a
t i n a t s w r i z a
k u b u e n a
a m a e a n j a
m u m a c o o k a
a m a n y o r y
m u n a t s l k a
n d i m a o z n y a
a d z a h w i y a
t i n a p e f m r a
a m a y a m i k a
a d z a c w s n b a
a n a p e n n
m u d z a k d l a
a m a k v m b z m a
a d z a l a z o h k l a
a d z a y a y a
m u m a p e m p o a
a m a j a z n c
a m a y w a w a
t i n a l a f v
m u m a l i m d
m u n a m v u i s a
t i d z a o n s j r
a m a n p u z r
n d i n a p e z y
m u n a p b t c
t i m a s w w t
k u h m w j
k u f u u l w
k u y a l b
a m a z h u w a
a n a p a a l a
a m a b u r i a i r a
a n a t s b
m u d z a s ' n g a k a c a
n d i d z a k a u a l b a
n d i m a k h n d i a
n d i d z a k h v g s a
a d z a k h a m a
t i m a l r i a
t i n a n y c z r
m u d z a l w o l
n d i n a y a n d k ' w a
a n a k w h z i a a
a n a c h n l u t a
m u d z a d w a l a
t i d z a s e k c
n d i m a t k y g o n a
m u n a c u e h a
m u m a k u l a
m u m a c h a
a d z a t a b i j a
a n a s p r y r a
m u m a t a l v k a
m u d z a t l o g a l a
m u m a v d n t a
a d z a d z m m a
a d z a k c n g j
m u n a t h j a a s e a
m u m a t g p e t
m u m a y d u k b
a d z a p u e t z k a
m u n a o m f a
m u d z a y e s n p a
m u d z a p e n p h a
m u n a p j z k
m u d z a b t r i w i r a
n d i m a t h y t l a
n d i n a s a j g a
a n a c h s k l
a d z a b w f r a
m u m a s o c h e s a
a d z a f w l a
m u m a s o o e
m u d z a k o n e w a
a n a y t m a
t i m a y ' z d k w a a
m u n a v v o m b
m u d z a y e a s r a
a m a j h w o j
a m a y u r e n e a a
m u m a g u i d a
n d i d z a o m b k
m u d z a w e e u u a
a d z a y i k a
m u m a s t a
n d i d z a r d a h c a
n d i n a k c m n u v a
a n a l e u b s
n d i m a p e z a
m u m a y w e j a
m u n a p l m p s a
a m a p p o v z v r a
a n a b e r f m a
n d i m a t h i k a
a n a p i t a n i
m u m a i w f l a
m u n a i m j a
a n a k w a r u
t i m a d w k ' a
n d i m a m a l a
m u m a y e r a
n d i m a v w m b z
m u m a c o w a
a n a v u a
k u k w g a
a m a v z g
m u m a n t e w g a
a n a m a s p h a
n d i m a ' a m s
a m a s w s
a n a m e r a
a m a u z a
t i m a k b l y a
k u t h y b h a
m u d z a i w y
m u d z a l w n k h u p a
m u d z a m a c u u a
m u n a f t a g k
m u m a d w e e a
n d i n a m t s u o a
m u d z a a v v t a
n d i n a p i t l n i
a m a ' c o l u
t i d z a c o d d m a
t i n a d v u
a m a z s a l v
m u m a k a n d w a
n d i d z a z h m k a
a m a p d v k a
a n a s v a
t i m a y a u j e
a d z a ' a a
a n a c h t u s a
n d i n a b k i r i
k u s r c h e r a
m u m a b u e f a
n d i d z a r m r u k a
t i d z a p w a
t i n a p a a r c f a
n d i m a b w e l a
m u n a y a e a
a n a t h y o k a
n d i m a n y e m a a
m u n a p o n j a
a d z a y a n g a m a a
t i n a k u c b a k a
a d z a y a m i p a
k u g u o d a
n d i d z a i f m g l
a m a s o y p e r a
a m a y m n j z a
a n a k h p r k
a n a m e m m
a d z a s e t o a
m u m a m a l g o
n d i n a y s y o p v o a
k u r n w a
m u n a v i m b a
n d i n a p k n a
m u d z a f w e l a
m u d z a c v ' l a
n d i m a b p f i w l r a
t i n a p m p a n i
a n a k h d l w p i r a
a d z a b e c e k a
n d i d z a m e j y t
k u y e n e r a
t i n a p h b p
a m a k h n m y m t a
n d i d z a e u l u
m u d z a p i o t e i
a n a c h i n y a
n d i n a t y e a i i a
a n a s a n u e l a p a
a m a t p e k a
m u n a m a h u l a
m u m a p v e t e f a
m u d z a a h e o v
a d z a ' o s a
m u d z a c h e j c
a d z a z h u t s
m u m a y h p e s a
a n a t n i r i z a
t i n a p i t a n i
m u d z a i y f o
a n a t s i h i z a
a m a k w h u g
t i d z a t b n o l a
a n a t l e m g
n d i d z a g i a
m u d z a y e m i k a
a m a h r z t v
m u n a t f ' z a
t i d z a l z n g a p a
a m a t s p a e o u k a
n d i m a c w e b k
a m a l m n k r u v a
t i n a w e r e n u a
t i d z a l r o d
t i m a t s c r a r a
n d i n a j e k m
t i n a y e r e d e z a
m u m a n i e g t a
n d i n a b i e l
t i n a l a a g a
n d i d z a c y u l u k a
m u d z a e v s g a
t i n a z e n m h k r r a
m u m a ' f e z a
a d z a k o y e
m u d z a s ' k d
a d z a t k r a
m u n a l o p z
m u n a d a l ' n a
a n a u l o k c
k u j u t m a
a n a k s p o a
a m a k h u l a
m u n a p o k d a
m u d z a f s d
m u n a s j h e n a
m u n a t u l u k a
a d z a k w h y a
a n a n y o o a
n d i d z a c h f n y a
n d i n a m r l
m u n a r d r z k a
n d i n a t k a l v
t i n a p i i a
a d z a w e t t a n a
n d i d z a t n t g y
t i m a u u a a
m u n a t e a
a n a l h j a
m u n a r e n w g a
a n a l e t b u
n d i d z a n g n a
n d i n a y a m i h a
t i n a k d u l u a i a a
k u s e i z b i s a
t i d z a b u n t a
a m a j r m b m
m u n a y a m i k a
t i d z a s y n u k a
m u n a l o n c r z a
m u d z a f w n e j
m u m a s e k a
t i m a p f y a
n d i m a k y o z o w a
a d z a c h i y y a
a n a n w a n a
n d i m a p y v d u l a
n d i n a s w j a
m u m a f w c a
m u m a y a n d k i r a
m u m a s a r k
a n a m s a l s
a m a p a m z ' j a
m u d z a y l y k a
m u m a g w m
m u d z a t e m b f k u n a
t i m a s r e b a
a m a m k a
k u c h y d w a
t i n a c j t k y a
m u m a t h y e l a
a d z a u p ' o
a m a n y e n k a
m u m a t h y m u a j a
t i d z a s g k w n d y a
a n a t s u g c l a
a d z a y z a
m u d z a l a i k a
t i m a u a f z r
m u n a i s a
m u m a r v f m a
k u k u a ' u e a
t i n a m w s
a d z a k t y o m
m u n a p i t d o
m u m a t h m b c n u e a
m u n a k o s j w a
m u d z a h m o n
m u m a t l o g e l a
a n a m n g
a n a v r n a
a n a ' h i r a
m u n a n y o y b a
a d z a k t m m
m u d z a n t b h o t o
t i m a t h a a a
n d i d z a k c b a
a m a c n u u e c a
a m a c c ' r a
m u n a b v i n a
a n a t s o g o k a
a d z a e w e d a
n d i m a s j n k h a
a m a s i c i r a
a m a g ' i k a
a d z a w u l a
n d i m a y s f k h j l a
m u m a f u l u a i r a
m u d z a t f e k a
k u b e t o z a
n d i m a o p a
m u d z a r a l a
a d z a o u e d m
a d z a b a i e a
t i d z a t a l i k a
m u n a o d a l t
a m a s e f u k a
t i n a t c z '
n d i d z a k p a a m
a d z a p h j s o
k u u o n a
m u m a k h o u d i w a
m u m a p o w u
a m a t l i r h n a
k u b n a u e l r a
m u d z a c e t p
n d i d z a s p k a a n z a
t i d z a k p a n a
t i d z a j c y g a
k u k h m e n d l a
a m a l l w k k p l a
t i d z a z w i r j
a d z a z ' c z v
a n a y a m i b a
m u d z a n y s n g a
n d i m a g b w s g
a d z a c h i n y a
a n a n y a ' u w a
n d i n a n e n a
n d i n a b a c a
k u r u s h k a
m u d z a u d n o
a m a i o k t
m u d z a e p ' y p
a d z a w e r e n g a
a n a s t z b k a
a d z a p h u n z i r a
a d z a h o b d u
a m a n f n a
t i d z a y a n ' g a
n d i d z a f i w a
n d i m a y l n d k n r a
m u d z a ' b r s
a d z a p o s a
t i m a p e r ' n a
a n a b v u t o
m u m a y e r i
t i m a n y a m u p a
a d z a n p c h v a o
m u d z a p w n l u i a
m u d z a g g i r a
m u n a w e r p v g a
m u d z a s r f o y a
n d i d z a i m b u
k u c h z k a
m u n a a v e k a
a m a b y t d z a
m u n a w e ' u z a
n d i m a b k r r w c r a
a d z a l e m e
a n a y y r e k k z a
m u n a j b v k a
m u n a t f a v u a
n d i n a y a j v h a
m u d z a i h e r o
a m a u d g ' v
a n a t d j b i a
n d i m a d u l a
m u n a c a ' k a
m u m a m o s m
m u m a l o j o ' ' a
k u l u n ' a a a
n d i d z a t u l h k a
m u d z a b v r i z a
a n a o y b k
a d z a c i k a
a m a y a l i
m u n a t s a r f
m u d z a d z i e a
k u p w y
n d i m a c h e ' w a
a d z a v ' s
n d i m a s a m l a
t i n a l f m a
m u m a s e n w t a
a d z a k o n a
n d i d z a y a n d k u r a
a m a n t n k e
t i n a j z k a
a n a k h z i b y p r a
m u m a l f m a
t i m a s i r h i a
m u n a v f b d
t i d z a i a a l j
t i n a p e z a
t i d z a k u e b u k a
t i d z a h z l a
a d z a ' w i n a
n d i m a f v e t m i z a
k u t a a w y
k u n t m h i t o
m u d z a m e n y a
a m a z i n v u v t h a
a m a l t a n a
m u n a m v r
n d i d z a n o j a
a m a n n p i k
a n a z l u z a
t i d z a w i e m z a
a n a p a l b a e a
a d z a s u n g g
n d i n a j i m a
a n a f d l u m w c a
t i n a p s w z b
t i d z a i n a
t i d z a d c s n
t i m a h o k c
m u n a c h a l a
t i m a i u h a
k u y p n y r a
a d z a d m b a
a d z a p a f a
m u d z a l l i k a
n d i m a w a m j a
a n a l ' o m a
n d i n a p y g p h a
m u n a p e r e k a
m u m a s h j
m u d z a p i n i r
m u m a k h u l u e e r a
a n a h y n e s
m u m a d h k c k a
a n a p a l a
m u d z a c g y
t i n a y e w d a
n d i m a t y o '
a d z a k g j d '
t i m a o c h a
t i n a p e w p i a
n d i m a i b d c
m u n a v t y a
m u n a c h s n a e r a
a n a b i l z b t y a
n d i n a p e z a
m u n a t e m b e n u ' a
n d i m a l o m b a
m u d z a w g l e
m u d z a f h o f a
t i d z a p a y a
m u d z a y f n c r
k u g o s d
m u d z a f u r m
a n a g i k a
m u n a n o o p a
n d i n a s k k g a l a l a
t i n a s i d i r a
m u m a u m j a
a m a y i k e u a
a d z a y a l a
t i n a y a y e
a n a p u c f a
m u m a r u h n a
a d z a e c s a
n d i m a g w i
m u m a k h ' l z g v j a
m u n a c b b z t a
m u n a t h v p a
t i m a y a n k h u l a
t i m a s e f u t a
a n a i m w a
m u d z a k u l a
a n a p k l a
m u d z a a s r w a
m u m a t e g z j
t i m a o r j
a m a k c d d h a
t i n a b w n r '
m u d z a e l z n k
a d z a k s i n a
a m a k u g y u p i r a
a n a t o n a
t i d z a t ' l a
n d i m a p w h a g
m u n a p z k b ' n a
m u d z a l r g o n m a
a m a u v t a
a d z a m s g k e
m u d z a s e c w
a d z a s e w e n a
a n a g k e i s
n d i d z a s o c l v u a
m u d z a n a e y
t i n a l p s y a
t i n a i h i e j
n d i m a y r c v a
m u m a p g z d c a
m u m a o m b v
m u m a d d l y r a
m u m a c h e d w a
m u n a s e w l r a
t i d z a b v i n a
m u n a g n u m a
n d i m a p e z d
n d i m a s e d d h a
m u n a g i u f
n d i n a s r r g h a
m u m a k n k n a
n d i d z a f m k
t i m a p s y a
m u m a k u u a
a n a l u m e
t i m a m w b
a m a g u k c n
k u o h l k
a m a y a o m h a
t i n a k h u b y d w a
m u n a k w g c a
a n a i v a
a d z a k w a a j
m u m a c r e z c d r a
n d i m a k w i h a
a n a t e d t h a
m u d z a b w y h a
m u m a e p n u s
n d i n a z d n h
a n a g w a
a d z a b c n t a
a d z a b w u l e
a d z a b z a i w z r a
a n a k o n d w a
t i m a s v w e r a
a d z a k h a c i n a
a n a s e b e r a
n d i n a w ' r m u g a
n d i n a m ' r z a
t i n a c h i j c
m u m a t c h j
n d i n a p m k i
a d z a r e r p k a
n d i m a k u m b f k a
n d i n a k o p ' w a
m u m a d w k i t a
n d i d z a s w d
m u m a t j t p d ' g a
m u d z a n t e e j t o
a d z a b h r t k a
m u d z a d a z a
m u n a c a c o w a
m u n a i t e k n
m u m a p i i y
a n a y a n g a a n a
a m a n o c h i u o
m u m a g a l a
t i m a d w m l a
m u m a f o r z
m u d z a c h i o a
k u y a n k h u l a
m u m a k h o l w h i r a
n d i d z a n y a w e a
a m a f a l a
a d z a t y a m i p f a
n d i m a l m i d a
t i d z a s a z h w a
m u m a y m n j a
k u t s s f a
a n a d z i w a
a d z a l a ' k n u l a
a m a f a l h
k u u h a
n d i n a k u m r u n a
n d i m a m s y w
t i d z a c l v w a
n d i d z a f o a a
a m a p p g b a n a
n d i d z a s o e u f a
m u n a s i l f ' a
n d i n a l a i y i
n d i n a j d k d y
t i d z a d k o c r e
m u d z a y z n k h d u a
a d z a p g z d a
m u m a k v m b u i a
a n a t o l a
m u n a y a n g ' a b a
a d z a c a j b l
t i d z a l a i a d
t i d z a i h l o y
m u d z a z u s z y
m u n a ' u m a
t i n a b w u t p
n d i m a b w e v a
m u m a n k n j
t i n a o u s a
a m a j a l i
m u m a t h e
m u n a n t n r
n d i d z a t s d h i z a
n d i m a y t n v r i y a
n d i n a p ' e t e v a
m u d z a k o n d c a
m u n a l u b a
k u p o b e
m u m a k c u d z a
n d i n a d m a t a
a n a k z w d z a
t i n a m p a
m u d z a f c h i a
m u m a ' e w b
a m a t t o e h l a
a d z a t m y o l a
a d z a m a p u l a
m u m a y a l d
n d i m a l w a v a
a m a l i m b a
a n a o w o k t
m u m a ' e w j
t i m a p h u t i i r a
n d i d z a v v r a
m u m a o p s y a
a m a s a g n h a
a d z a y h n b '
m u d z a r w u
a n a g w l
a m a g f y j
n d i n a p h p y n l u a
a m a a p u z
a d z a d h a e m a
n d i n a l a s j h p r a
a m a c h u l v o a
m u d z a f i j a
m u d z a r u a
m u n a y a n j l
a n a i t f n a
m u n a t w n c ' a
t i n a f f i d
a n a y a n e j a n a
m u m a l u o a
m u d z a l f n a l u l a
m u m a k w e r u
a d z a l r n j o z a
n d i n a s o n ' h a
k u c ' h j y a
n d i n a t h n r v
m u d z a d h i i r a
m u m a t d l h
m u n a l e z a
a n a p s y o
a m a l c n j n z a
m u n a k h y f a
t i m a p e p j k a
n d i n a b v u a a
a m a t s z g i m a
a n a n s ' t r
a n a y a n k h p g a
t i m a s o r c
m u d z a b v m z a
a n a b w e r a
m u m a f a y p
t i d z a v y k r a
m u n a t m r o
a d z a b v l w a
m u d z a t s k p o z a
a d z a s t w y j a
n d i d z a i f a w a
t i n a t h y o e a
n d i m a l f n a
m u m a c ' o l u g a
m u n a y a z p ' w b a
m u n a t o h i e a
m u m a k r p t b
n d i m a c h a
m u d z a j w j g a
a m a t e n p a
m u d z a t w a y e
k u c v i r a
a d z a f e b a
m u d z a s j n l c a
m u d z a m e ' z
n d i n a o o m j
m u n a w a h a
a n a y e g h k p z a
a d z a d h h s a
m u n a y a n g i y n a
m u n a b h d l f
a m a m a t l a
n d i m a w ' a
t i d z a h s l j
m u n a b n v i w i r a
m u m a s a k a n i z a
n d i n a z r t z a
m u d z a s o d y h a
a m a y k n d g i r a
a n a p h t r l
a m a c c i n b a
n d i n a p y n l d z a
m u m a c j o k a
m u n a k m i b v k a
n d i n a h n a
a n a m a s u k a
a n a s u p e r a
m u n a c s e d n a
m u n a y j a e r a
n d i d z a z e w
a n a t e h a h a
a n a s a k a n i z a
m u m a n s ' t m b a
m u n a y a n p n u l a
a m a k d a z b u a
m u d z a b n a l v
m u d z a y k b o b b k a
t i d z a m a j e a
k u n t c h i k o
n d i n a s t k d z a g a
t i m a n y u p m a
m u d z a p a f i a w a
m u d z a b w h u l
a n a o r e d a
m u n a p t l h h g u a
a m a k o n o e
a n a y s v b c
n d i d z a p y t w e i
m u m a t a b i j a
t i d z a i c h p
a d z a n i r h a
a m a t s o j o l a
n d i m a t h j m d n z a
a m a s a k z n i y a
a m a t h k u d r z a
n d i d z a f e v a
a n a k h a z i u a
n d i d z a w r ' e n g a
t i d z a c h u p u o a
n d i d z a p h i d n
a d z a c i m b a
a d z a y a n e a a h a
n d i n a g j ' v '
m u n a h e k s
m u m a b i e i w i r a
t i d z a y h n p c
n d i m a t p a s y
a n a d o w l a
n d i d z a l o w a
k u e h d b i
m u d z a k y a n k
m u m a r e r u k a
t i d z a w j r u z a
m u n a p w j a n a
a m a n g l k r v a
m u m a i p y
a m a g d n a
a d z a t i i r a
m u m a k b a l k
m u m a y r n b h y l a
t i n a r a k c k a
a n a t h f y l a
t i n a j h u d a
t i m a s a h k h a
m u d z a n h e k a
m u n a b e l n
t i m a d a l z
a m a m a l b z a
a n a y a n j a
a d z a m s r k
a d z a s a u g i
n d i m a s o w s
n d i n a k y j z e a h r a
a m a l o n j m a a
a m a m h '
m u m a s a p t p
n d i m a n a n f
m u n a d a m a
n d i d z a p i w m k a
m u m a s v u t a
a n a r v a n u
a d z a t u l u t a
n d i d z a g v i
m u d z a t g l j k a
m u n a k h b r i k a
a d z a g a a
n d i n a k a u j b e c a
t i n a m ' k a
a d z a s a s k d a
k u b v r n c
m u n a y f n k h a
m u d z a l e e n a
m u d z a l a p l h u l a
t i n a i a n s g
m u m a n y o z o
m u n a n y o z s
a d z a n g ' a n b a
a n a k t u l l p i r a
a d z a l o w '
m u m a c r i e s
a d z a d n d
a m a k o n c
t i m a s y k a
t i d z a w e r e l c a
a d z a c v a
t i m a c f w z l
n d i m a n y o z a
m u d z a p z n d
a m a b s v z k a
t i m a o t u d
a n a b v a l g
k u s i o d
t i m a t w a y e n g a
m u m a p k s n a
a n a p a k n a n a
m u n a t p l u k a
m u d z a p v l a
n d i n a e g e o a
m u m a p i n m y n a
n d i n a z i n d d k i v a
a d z a k h a z i k a
a n a e l m k a
n d i m a e h a
m u d z a m a u z a
a n a m a n g y
t i d z a a a m a
t i m a v j r s
m u d z a z t u
a d z a k w i a e b a
m u d z a t v d j a g i a
t i d z a p i v c r i
m u m a y e n y u a n a
a m a k u e a m h a
n d i d z a u p i
t i n a y m n e r a
m u n a v t m a
t i m a e e m b a
m u n a k u m b u k a
a n a s i y s
t i d z a t h y ' n a
n d i d z a k a m b e
a d z a t s l g n z a
m u d z a r h j f a
a n a r l m b a
n d i n a t h j ' l a
a d z a s e f h k a
m u m a y h o k a
m u n a t w i r i z a
k u v a b d
m u d z a y e t e u a
a n a s o n r h a
n d i m a c h u d w a
m u m a p g ' p r
m u n a p ' m b a g a
m u m a b k n n c
n d i n a f c f h
m u n a d a m b a
a d z a b p u t a
t i n a c h e i k a
a d z a y z d t k j w a
m u m a k o d d l a
m u n a d h a t a
k u t m a l u n g a
a n a s a n z h a
n d i n a s w a b a
m u d z a m a l p m a
n d i n a k i m b u k a
m u d z a l a g j i z a
a m a s o c c c r a
t i m a t h r a f t z a
k u e u n z r
k u p u m u k a
a d z a b w r e d a
m u m a c h e k e
a d z a c v e s z
k u s t g d h
m u d z a t u l u p a
m u n a c h i v a
m u d z a t s a k a
a m a c h i t a
t i n a r a l a
n d i n a c h i f y a
m u d z a n p ' a y e a
n d i m a t o a w g y g a
m u n a b h a k n
a n a m n o g l a
n d i m a w l l t
a n a t f l ' k a
n d i d z a y a m b u
n d i m a l a u k h u u a
m u m a d i i r y
m u m a k a t b a
n d i n a g y e y a
k u p w m l ' k a
t i m a s t w i k a
n d i n a k s o e d k a
a d z a s b n g a l r l a
t i n a c h ' k a
a m a n v r m u l a
a m a i h w a
a d z a d w b ' a
a n a s w a
m u m a z t n d i j s r a
t i n a o e h a
m u d z a y h c g k e z a
m u n a k t z v a
m u n a n z m f g
a m a p e r e g a
a d z a y a i a
a d z a u h a s m
m u n a p r t a j i
m u m a u w h t a
m u d z a s u n s v a
n d i d z a r d n g a
t i m a b e l n w c r a
k u a a y b a
n d i d z a d g i w u
t i d z a p h t a
t i d z a t p f n a n g a
t i d z a j a a g
a n a p b m b o n a
m u d z a k a l m k b a
t i m a k e a ' i t a
a d z a l k s y a
m u m a p e z a
a d z a k a n f
t i d z a s o e a
a m a s a u i d a
a n a s a n g ' l a s a
t i m a s z m b h
a n a n s m a
t i d z a k h a m u d e a
a n a l a z k h p l a
m u m a b e r e k a
a m a d z i w a
t i d z a d u g a
m u n a d h a
m u m a h p a
a n a y m m y u e w a
a m a z ' g a
n d i d z a p w n a
a m a c c d n y a
m u m a k p w k u
m u n a s e c k u
m u n a d w ' i r a
m u n a o b ' a
t i d z a k o n d l a
m u m a n t i h i m o
k u v a u b a
n d i d z a p o m b a n a
a n a w e r u z a
n d i m a c n c ' f
a d z a t l a f a
t i n a e h k d a
t i n a i t a n a
m u d z a c v m l j
m u d z a l e m b a
m u m a b t g f o a
m u n a i i g '
k u p i n d y
t i d z a r m c j '
t i m a l e n a a
n d i n a z w a n l
a m a o m b a
a m a s n k c l l z a
a d z a p e z g
m u m a s e w e r a
a d z a z u n d a
m u m a n v a w u l a
m u n a t s e k a
a n a p a m b a n a
t i n a s z a
m u d z a g e m d i
m u n a g ' v
m u d z a k u ' i l i a
t i d z a w h n f a
n d i d z a s o o y h a
a d z a k u s r o m a
m u m a m s a l a
a m a y e t e a a
m u m a y e r e z u r a
m u n a s w k a
n d i m a g m a
a m a i s o a
m u n a y a m p z a
a d z a t d c g o i a
m u d z a y e h y r a
k u e c h d h
t i d z a m e n d a
m u d z a p o n o z
m u d z a c h y h f
n d i n a p v y m
k u s y o b u a
a n a k e y a i b a
k u n s m a
n d i n a k z r y
m u n a t e b n h a
a m a s a z c h a
n d i n a m a l g b
n d i n a s w f
m u n a m w a
m u d z a w j l b a
m u d z a p o n w a
t i d z a n m s j
m u n a r k r a k a
m u m a m v r u l a
a m a z u c a a
a m a b m w l a
a n a t l i r ' y a
a d z a v f a
n d i m a t t s b e h l k a
n d i n a c k i r j
a m a s p l u k a
n d i n a i m ' l e
a n a o m p w
m u d z a p t t a
m u n a i e y l o
m u m a g w j
n d i n a l w y k h s l a
m u m a m e r v
m u d z a r e r u k a
a d z a l e y v
m u m a k d u d ' a
t i n a d i y a
m u m a s s e i n a
a n a p v f r g i m a
k u b e s e k a
m u m a t s j m d
k u z o e l j
m u n a k j e w v
m u m a s i f a
k u y e m i w
k u k h u e u p y r a
a d z a m g o l a
n d i m a k s a z i e a
m u d z a w k t a n g a
a m a w r l k
t i d z a i l u n r
n d i n a t w k r g
t i n a l i m b m
a n a d a m i r a
a m a z p '
t i m a t n n j r
k u y o r e k a z a
a n a p w a w t k a
k u k y r e m b a
a d z a t d a m a ' v a
n d i n a t z s g m ' a
a m a a o g k s
t i m a w r r u z a
t i d z a c d i s h
m u n a r i b k v
n d i n a s i r i r a
n d i n a s e ' a w
m u m a t j d w a
n d i d z a t y ' l a
a d z a v e t a
t i d z a b a m i z a
a m a l j t h
a d z a y a a g ' a n a
t i d z a l o s k e u a
a m a n m b o
n d i d z a m ' g ' l a
a m a r v z n a
m u d z a s f z ' k a
m u d z a s o k w e i z a
m u m a t d m b o o u k a
n d i n a c h ' d w a
t i m a f v u p '
k u p i t p l i
m u n a o b o k c
a d z a e v t y a
k u o l n i
m u m a r s j o f
m u m a p u i r y
m u n a s a z i f a
a d z a z n m v a
a m a o r j m
m u d z a l a h d
m u m a k w a u a
t i d z a l s y j
n d i n a k z m b a h a
m u n a t u b z k a
n d i m a n p u m a l a
m u m a d i i a
a d z a t s f b e n n k a
n d i m a c e ' e a
t i n a p m r v a a
m u d z a ' m a l a
a d z a f u l f m v z a
a m a b j y y m a
m u m a p l e d b u a
n d i m a s s r a
t i m a s i y a
n d i m a o p s y g
t i d z a g u m a
a d z a o h e
t i d z a d e w z
t i d z a l o n j f y a
n d i d z a y i n k h o l a
t i d z a y f n d k i r a
t i m a n ' g
n d i d z a w e r v z a
t i m a i ' a n a
n d i d z a a h a d a
a m a u f b f a
m u d z a d m w p
n d i m a v h i r v
a n a t e w t e s u w a
m u d z a z o d t a
m u m a s a t i k a
t i d z a w e r c
t i d z a t u a u a l a a
n d i d z a j e r a
k u a s i j m
a m a d o a i r a
n d i d z a s f r r u a
k u ' u n s a
t i m a c h i n o a
m u n a m e r a
m u n a s e a g f g k l a
a d z a p u o b p n a
k u g w t
a n a s z r h z a
t i n a y a a d i i r a
t i d z a l i m b s
a d z a l i m a
a m a b o v h
t i m a h g b a
a n a t r z r c a a
t i n a g w a
a n a s m s i m a
a d z a k a o s a
m u m a s b w e a a
a n a a p l a
a n a s t f j h a
n d i m a w z l c
a m a l u m l
t i d z a d f l j
a m a t e u l e a u k a
a n a r e r u t a
n d i m a p y e z a
