t u n a j i s i k i a
m n a j i s i k i a
w a n a j i s i k i a
n i n a j i s i k i a
u n a j i s i k i a
a n a j i s i k i a
k u j i s i k i a
t u n g e j i s i k i a
t u n g a l i j i s i k i a
m n g e j i s i k i a
m n g a l i j i s i k i a
w a n g e j i s i k i a
w a n g a l i j i s i k i a
n i n g e j i s i k i a
n i n g a l i j i s i k i a
u n g e j i s i k i a
u n g a l i j i s i k i a
a n g e j i s i k i a
a n g a l i j i s i k i a
t u t a j i s i k i a
t u l i j i s i k i a
m t a j i s i k i a
m l i j i s i k i a
w a t a j i s i k i a
w a l i j i s i k i a
n i t a j i s i k i a
n i l i j i s i k i a
u t a j i s i k i a
u l i j i s i k i a
a t a j i s i k i a
a l i j i s i k i a
t u h u j i s i k i a
m h u j i s i k i a
w a h u j i s i k i a
n i h u j i s i k i a
u h u j i s i k i a
a h u j i s i k i a
t u a j i s i k i a
m a j i s i k i a
w a a j i s i k i a
n i a j i s i k i a
u a j i s i k i a
a a j i s i k i a
t u m e j i s i k i a
m m e j i s i k i a
w a m e j i s i k i a
n i m e j i s i k i a
u m e j i s i k i a
a m e j i s i k i a
t u n a c h e k a
m n a c h e k a
w a n a c h e k a
n i n a c h e k a
u n a c h e k a
a n a c h e k a
k u c h e k a
t u n g e c h e k a
t u n g a l i c h e k a
m n g e c h e k a
m n g a l i c h e k a
w a n g e c h e k a
w a n g a l i c h e k a
n i n g e c h e k a
n i n g a l i c h e k a
u n g e c h e k a
u n g a l i c h e k a
a n g e c h e k a
a n g a l i c h e k a
t u t a c h e k a
t u l i c h e k a
m t a c h e k a
m l i c h e k a
w a t a c h e k a
w a l i c h e k a
n i t a c h e k a
n i l i c h e k a
u t a c h e k a
u l i c h e k a
a t a c h e k a
a l i c h e k a
t u h u c h e k a
m h u c h e k a
w a h u c h e k a
n i h u c h e k a
u h u c h e k a
a h u c h e k a
t u a c h e k a
m a c h e k a
w a a c h e k a
n i a c h e k a
u a c h e k a
a a c h e k a
t u m e c h e k a
m m e c h e k a
w a m e c h e k a
n i m e c h e k a
u m e c h e k a
a m e c h e k a
t u n a i n u a
m n a i n u a
w a n a i n u a
n i n a i n u a
u n a i n u a
a n a i n u a
k u i n u a
t u n g e i n u a
t u n g a l i i n u a
m n g e i n u a
m n g a l i i n u a
w a n g e i n u a
w a n g a l i i n u a
n i n g e i n u a
n i n g a l i i n u a
u n g e i n u a
u n g a l i i n u a
a n g e i n u a
a n g a l i i n u a
t u t a i n u a
t u l i i n u a
m t a i n u a
m l i i n u a
w a t a i n u a
w a l i i n u a
n i t a i n u a
n i l i i n u a
u t a i n u a
u l i i n u a
a t a i n u a
a l i i n u a
t u h u i n u a
m h u i n u a
w a h u i n u a
n i h u i n u a
u h u i n u a
a h u i n u a
t u a i n u a
m a i n u a
w a a i n u a
n i a i n u a
u a i n u a
a a i n u a
t u m e i n u a
m m e i n u a
w a m e i n u a
n i m e i n u a
u m e i n u a
a m e i n u a
t u n a u l i z a
m n a u l i z a
w a n a u l i z a
n i n a u l i z a
u n a u l i z a
a n a u l i z a
k u u l i z a
t u n g e u l i z a
t u n g a l i u l i z a
m n g e u l i z a
m n g a l i u l i z a
w a n g e u l i z a
w a n g a l i u l i z a
n i n g e u l i z a
n i n g a l i u l i z a
u n g e u l i z a
u n g a l i u l i z a
a n g e u l i z a
a n g a l i u l i z a
t u t a u l i z a
t u l i u l i z a
m t a u l i z a
m l i u l i z a
w a t a u l i z a
w a l i u l i z a
n i t a u l i z a
n i l i u l i z a
u t a u l i z a
u l i u l i z a
a t a u l i z a
a l i u l i z a
t u h u u l i z a
m h u u l i z a
w a h u u l i z a
n i h u u l i z a
u h u u l i z a
a h u u l i z a
t u a u l i z a
m a u l i z a
w a a u l i z a
n i a u l i z a
u a u l i z a
a a u l i z a
t u m e u l i z a
m m e u l i z a
w a m e u l i z a
n i m e u l i z a
u m e u l i z a
a m e u l i z a
t u n a m e z a
m n a m e z a
w a n a m e z a
n i n a m e z a
u n a m e z a
a n a m e z a
k u m e z a
t u n g e m e z a
t u n g a l i m e z a
m n g e m e z a
m n g a l i m e z a
w a n g e m e z a
w a n g a l i m e z a
n i n g e m e z a
n i n g a l i m e z a
u n g e m e z a
u n g a l i m e z a
a n g e m e z a
a n g a l i m e z a
t u t a m e z a
t u l i m e z a
m t a m e z a
m l i m e z a
w a t a m e z a
w a l i m e z a
n i t a m e z a
n i l i m e z a
u t a m e z a
u l i m e z a
a t a m e z a
a l i m e z a
t u h u m e z a
m h u m e z a
w a h u m e z a
n i h u m e z a
u h u m e z a
a h u m e z a
t u a m e z a
m a m e z a
w a a m e z a
n i a m e z a
u a m e z a
a a m e z a
t u m e m e z a
m m e m e z a
w a m e m e z a
n i m e m e z a
u m e m e z a
a m e m e z a
t u n a t a k a
m n a t a k a
w a n a t a k a
n i n a t a k a
u n a t a k a
a n a t a k a
k u t a k a
t u n g e t a k a
t u n g a l i t a k a
m n g e t a k a
m n g a l i t a k a
w a n g e t a k a
w a n g a l i t a k a
n i n g e t a k a
n i n g a l i t a k a
u n g e t a k a
u n g a l i t a k a
a n g e t a k a
a n g a l i t a k a
t u t a t a k a
t u l i t a k a
m t a t a k a
m l i t a k a
w a t a t a k a
w a l i t a k a
n i t a t a k a
n i l i t a k a
u t a t a k a
u l i t a k a
a t a t a k a
a l i t a k a
t u h u t a k a
m h u t a k a
w a h u t a k a
n i h u t a k a
u h u t a k a
a h u t a k a
t u a t a k a
m a t a k a
w a a t a k a
n i a t a k a
u a t a k a
a a t a k a
t u m e t a k a
m m e t a k a
w a m e t a k a
n i m e t a k a
u m e t a k a
a m e t a k a
t u n a s u k u m a
m n a s u k u m a
w a n a s u k u m a
n i n a s u k u m a
u n a s u k u m a
a n a s u k u m a
k u s u k u m a
t u n g e s u k u m a
t u n g a l i s u k u m a
m n g e s u k u m a
m n g a l i s u k u m a
w a n g e s u k u m a
w a n g a l i s u k u m a
n i n g e s u k u m a
n i n g a l i s u k u m a
u n g e s u k u m a
u n g a l i s u k u m a
a n g e s u k u m a
a n g a l i s u k u m a
t u t a s u k u m a
t u l i s u k u m a
m t a s u k u m a
m l i s u k u m a
w a t a s u k u m a
w a l i s u k u m a
n i t a s u k u m a
n i l i s u k u m a
u t a s u k u m a
u l i s u k u m a
a t a s u k u m a
a l i s u k u m a
t u h u s u k u m a
m h u s u k u m a
w a h u s u k u m a
n i h u s u k u m a
u h u s u k u m a
a h u s u k u m a
t u a s u k u m a
m a s u k u m a
w a a s u k u m a
n i a s u k u m a
u a s u k u m a
a a s u k u m a
t u m e s u k u m a
m m e s u k u m a
w a m e s u k u m a
n i m e s u k u m a
u m e s u k u m a
a m e s u k u m a
t u n a k i m b i a
m n a k i m b i a
w a n a k i m b i a
n i n a k i m b i a
u n a k i m b i a
a n a k i m b i a
k u k i m b i a
t u n g e k i m b i a
t u n g a l i k i m b i a
m n g e k i m b i a
m n g a l i k i m b i a
w a n g e k i m b i a
w a n g a l i k i m b i a
n i n g e k i m b i a
n i n g a l i k i m b i a
u n g e k i m b i a
u n g a l i k i m b i a
a n g e k i m b i a
a n g a l i k i m b i a
t u t a k i m b i a
t u l i k i m b i a
m t a k i m b i a
m l i k i m b i a
w a t a k i m b i a
w a l i k i m b i a
n i t a k i m b i a
n i l i k i m b i a
u t a k i m b i a
u l i k i m b i a
a t a k i m b i a
a l i k i m b i a
t u h u k i m b i a
m h u k i m b i a
w a h u k i m b i a
n i h u k i m b i a
u h u k i m b i a
a h u k i m b i a
t u a k i m b i a
m a k i m b i a
w a a k i m b i a
n i a k i m b i a
u a k i m b i a
a a k i m b i a
t u m e k i m b i a
m m e k i m b i a
w a m e k i m b i a
n i m e k i m b i a
u m e k i m b i a
a m e k i m b i a
t u n a k o h o a
m n a k o h o a
w a n a k o h o a
n i n a k o h o a
u n a k o h o a
a n a k o h o a
k u k o h o a
t u n g e k o h o a
t u n g a l i k o h o a
m n g e k o h o a
m n g a l i k o h o a
w a n g e k o h o a
w a n g a l i k o h o a
n i n g e k o h o a
n i n g a l i k o h o a
u n g e k o h o a
u n g a l i k o h o a
a n g e k o h o a
a n g a l i k o h o a
t u t a k o h o a
t u l i k o h o a
m t a k o h o a
m l i k o h o a
w a t a k o h o a
w a l i k o h o a
n i t a k o h o a
n i l i k o h o a
u t a k o h o a
u l i k o h o a
a t a k o h o a
a l i k o h o a
t u h u k o h o a
m h u k o h o a
w a h u k o h o a
n i h u k o h o a
u h u k o h o a
a h u k o h o a
t u a k o h o a
m a k o h o a
w a a k o h o a
n i a k o h o a
u a k o h o a
a a k o h o a
t u m e k o h o a
m m e k o h o a
w a m e k o h o a
n i m e k o h o a
u m e k o h o a
a m e k o h o a
t u n a k w a r u z a
m n a k w a r u z a
w a n a k w a r u z a
n i n a k w a r u z a
u n a k w a r u z a
a n a k w a r u z a
k u k w a r u z a
t u n g e k w a r u z a
t u n g a l i k w a r u z a
m n g e k w a r u z a
m n g a l i k w a r u z a
w a n g e k w a r u z a
w a n g a l i k w a r u z a
n i n g e k w a r u z a
n i n g a l i k w a r u z a
u n g e k w a r u z a
u n g a l i k w a r u z a
a n g e k w a r u z a
a n g a l i k w a r u z a
t u t a k w a r u z a
t u l i k w a r u z a
m t a k w a r u z a
m l i k w a r u z a
w a t a k w a r u z a
w a l i k w a r u z a
n i t a k w a r u z a
n i l i k w a r u z a
u t a k w a r u z a
u l i k w a r u z a
a t a k w a r u z a
a l i k w a r u z a
t u h u k w a r u z a
m h u k w a r u z a
w a h u k w a r u z a
n i h u k w a r u z a
u h u k w a r u z a
a h u k w a r u z a
t u a k w a r u z a
m a k w a r u z a
w a a k w a r u z a
n i a k w a r u z a
u a k w a r u z a
a a k w a r u z a
t u m e k w a r u z a
m m e k w a r u z a
w a m e k w a r u z a
n i m e k w a r u z a
u m e k w a r u z a
a m e k w a r u z a
t u n a f u n g a
m n a f u n g a
w a n a f u n g a
n i n a f u n g a
u n a f u n g a
a n a f u n g a
k u f u n g a
t u n g e f u n g a
t u n g a l i f u n g a
m n g e f u n g a
m n g a l i f u n g a
w a n g e f u n g a
w a n g a l i f u n g a
n i n g e f u n g a
n i n g a l i f u n g a
u n g e f u n g a
u n g a l i f u n g a
a n g e f u n g a
a n g a l i f u n g a
t u t a f u n g a
t u l i f u n g a
m t a f u n g a
m l i f u n g a
w a t a f u n g a
w a l i f u n g a
n i t a f u n g a
n i l i f u n g a
u t a f u n g a
u l i f u n g a
a t a f u n g a
a l i f u n g a
t u h u f u n g a
m h u f u n g a
w a h u f u n g a
n i h u f u n g a
u h u f u n g a
a h u f u n g a
t u a f u n g a
m a f u n g a
w a a f u n g a
n i a f u n g a
u a f u n g a
a a f u n g a
t u m e f u n g a
m m e f u n g a
w a m e f u n g a
n i m e f u n g a
u m e f u n g a
a m e f u n g a
t u n a e n d a
m n a e n d a
w a n a e n d a
n i n a e n d a
u n a e n d a
a n a e n d a
k u e n d a
t u n g e e n d a
t u n g a l i e n d a
m n g e e n d a
m n g a l i e n d a
w a n g e e n d a
w a n g a l i e n d a
n i n g e e n d a
n i n g a l i e n d a
u n g e e n d a
u n g a l i e n d a
a n g e e n d a
a n g a l i e n d a
t u t a e n d a
t u l i e n d a
m t a e n d a
m l i e n d a
w a t a e n d a
w a l i e n d a
n i t a e n d a
n i l i e n d a
u t a e n d a
u l i e n d a
a t a e n d a
a l i e n d a
t u h u e n d a
m h u e n d a
w a h u e n d a
n i h u e n d a
u h u e n d a
a h u e n d a
t u a e n d a
m a e n d a
w a a e n d a
n i a e n d a
u a e n d a
a a e n d a
t u m e e n d a
m m e e n d a
w a m e e n d a
n i m e e n d a
u m e e n d a
a m e e n d a
t u n a s a f i s h a
m n a s a f i s h a
w a n a s a f i s h a
n i n a s a f i s h a
u n a s a f i s h a
a n a s a f i s h a
k u s a f i s h a
t u n g e s a f i s h a
t u n g a l i s a f i s h a
m n g e s a f i s h a
m n g a l i s a f i s h a
w a n g e s a f i s h a
w a n g a l i s a f i s h a
n i n g e s a f i s h a
n i n g a l i s a f i s h a
u n g e s a f i s h a
u n g a l i s a f i s h a
a n g e s a f i s h a
a n g a l i s a f i s h a
t u t a s a f i s h a
t u l i s a f i s h a
m t a s a f i s h a
m l i s a f i s h a
w a t a s a f i s h a
w a l i s a f i s h a
n i t a s a f i s h a
n i l i s a f i s h a
u t a s a f i s h a
u l i s a f i s h a
a t a s a f i s h a
a l i s a f i s h a
t u h u s a f i s h a
m h u s a f i s h a
w a h u s a f i s h a
n i h u s a f i s h a
u h u s a f i s h a
a h u s a f i s h a
t u a s a f i s h a
m a s a f i s h a
w a a s a f i s h a
n i a s a f i s h a
u a s a f i s h a
a a s a f i s h a
t u m e s a f i s h a
m m e s a f i s h a
w a m e s a f i s h a
n i m e s a f i s h a
u m e s a f i s h a
a m e s a f i s h a
t u n a c h a p i s h a
m n a c h a p i s h a
w a n a c h a p i s h a
n i n a c h a p i s h a
u n a c h a p i s h a
a n a c h a p i s h a
k u c h a p i s h a
t u n g e c h a p i s h a
t u n g a l i c h a p i s h a
m n g e c h a p i s h a
m n g a l i c h a p i s h a
w a n g e c h a p i s h a
w a n g a l i c h a p i s h a
n i n g e c h a p i s h a
n i n g a l i c h a p i s h a
u n g e c h a p i s h a
u n g a l i c h a p i s h a
a n g e c h a p i s h a
a n g a l i c h a p i s h a
t u t a c h a p i s h a
t u l i c h a p i s h a
m t a c h a p i s h a
m l i c h a p i s h a
w a t a c h a p i s h a
w a l i c h a p i s h a
n i t a c h a p i s h a
n i l i c h a p i s h a
u t a c h a p i s h a
u l i c h a p i s h a
a t a c h a p i s h a
a l i c h a p i s h a
t u h u c h a p i s h a
m h u c h a p i s h a
w a h u c h a p i s h a
n i h u c h a p i s h a
u h u c h a p i s h a
a h u c h a p i s h a
t u a c h a p i s h a
m a c h a p i s h a
w a a c h a p i s h a
n i a c h a p i s h a
u a c h a p i s h a
a a c h a p i s h a
t u m e c h a p i s h a
m m e c h a p i s h a
w a m e c h a p i s h a
n i m e c h a p i s h a
u m e c h a p i s h a
a m e c h a p i s h a
t u n a a n d i k a
m n a a n d i k a
w a n a a n d i k a
n i n a a n d i k a
u n a a n d i k a
a n a a n d i k a
k u a n d i k a
t u n g e a n d i k a
t u n g a l i a n d i k a
m n g e a n d i k a
m n g a l i a n d i k a
w a n g e a n d i k a
w a n g a l i a n d i k a
n i n g e a n d i k a
n i n g a l i a n d i k a
u n g e a n d i k a
u n g a l i a n d i k a
a n g e a n d i k a
a n g a l i a n d i k a
t u t a a n d i k a
t u l i a n d i k a
m t a a n d i k a
m l i a n d i k a
w a t a a n d i k a
w a l i a n d i k a
n i t a a n d i k a
n i l i a n d i k a
u t a a n d i k a
u l i a n d i k a
a t a a n d i k a
a l i a n d i k a
t u h u a n d i k a
m h u a n d i k a
w a h u a n d i k a
n i h u a n d i k a
u h u a n d i k a
a h u a n d i k a
t u a a n d i k a
m a a n d i k a
w a a a n d i k a
n i a a n d i k a
u a a n d i k a
a a a n d i k a
t u m e a n d i k a
m m e a n d i k a
w a m e a n d i k a
n i m e a n d i k a
u m e a n d i k a
a m e a n d i k a
t u n a t a z a m a
m n a t a z a m a
w a n a t a z a m a
n i n a t a z a m a
u n a t a z a m a
a n a t a z a m a
k u t a z a m a
t u n g e t a z a m a
t u n g a l i t a z a m a
m n g e t a z a m a
m n g a l i t a z a m a
w a n g e t a z a m a
w a n g a l i t a z a m a
n i n g e t a z a m a
n i n g a l i t a z a m a
u n g e t a z a m a
u n g a l i t a z a m a
a n g e t a z a m a
a n g a l i t a z a m a
t u t a t a z a m a
t u l i t a z a m a
m t a t a z a m a
m l i t a z a m a
w a t a t a z a m a
w a l i t a z a m a
n i t a t a z a m a
n i l i t a z a m a
u t a t a z a m a
u l i t a z a m a
a t a t a z a m a
a l i t a z a m a
t u h u t a z a m a
m h u t a z a m a
w a h u t a z a m a
n i h u t a z a m a
u h u t a z a m a
a h u t a z a m a
t u a t a z a m a
m a t a z a m a
w a a t a z a m a
n i a t a z a m a
u a t a z a m a
a a t a z a m a
t u m e t a z a m a
m m e t a z a m a
w a m e t a z a m a
n i m e t a z a m a
u m e t a z a m a
a m e t a z a m a
t u n a f u a t a
m n a f u a t a
w a n a f u a t a
n i n a f u a t a
u n a f u a t a
a n a f u a t a
k u f u a t a
t u n g e f u a t a
t u n g a l i f u a t a
m n g e f u a t a
m n g a l i f u a t a
w a n g e f u a t a
w a n g a l i f u a t a
n i n g e f u a t a
n i n g a l i f u a t a
u n g e f u a t a
u n g a l i f u a t a
a n g e f u a t a
a n g a l i f u a t a
t u t a f u a t a
t u l i f u a t a
m t a f u a t a
m l i f u a t a
w a t a f u a t a
w a l i f u a t a
n i t a f u a t a
n i l i f u a t a
u t a f u a t a
u l i f u a t a
a t a f u a t a
a l i f u a t a
t u h u f u a t a
m h u f u a t a
w a h u f u a t a
n i h u f u a t a
u h u f u a t a
a h u f u a t a
t u a f u a t a
m a f u a t a
w a a f u a t a
n i a f u a t a
u a f u a t a
a a f u a t a
t u m e f u a t a
m m e f u a t a
w a m e f u a t a
n i m e f u a t a
u m e f u a t a
a m e f u a t a
t u n a k a t a
m n a k a t a
w a n a k a t a
n i n a k a t a
u n a k a t a
a n a k a t a
k u k a t a
t u n g e k a t a
t u n g a l i k a t a
m n g e k a t a
m n g a l i k a t a
w a n g e k a t a
w a n g a l i k a t a
n i n g e k a t a
n i n g a l i k a t a
u n g e k a t a
u n g a l i k a t a
a n g e k a t a
a n g a l i k a t a
t u t a k a t a
t u l i k a t a
m t a k a t a
m l i k a t a
w a t a k a t a
w a l i k a t a
n i t a k a t a
n i l i k a t a
u t a k a t a
u l i k a t a
a t a k a t a
a l i k a t a
t u h u k a t a
m h u k a t a
w a h u k a t a
n i h u k a t a
u h u k a t a
a h u k a t a
t u a k a t a
m a k a t a
w a a k a t a
n i a k a t a
u a k a t a
a a k a t a
t u m e k a t a
m m e k a t a
w a m e k a t a
n i m e k a t a
u m e k a t a
a m e k a t a
t u n a z i m a
m n a z i m a
w a n a z i m a
n i n a z i m a
u n a z i m a
a n a z i m a
k u z i m a
t u n g e z i m a
t u n g a l i z i m a
m n g e z i m a
m n g a l i z i m a
w a n g e z i m a
w a n g a l i z i m a
n i n g e z i m a
n i n g a l i z i m a
u n g e z i m a
u n g a l i z i m a
a n g e z i m a
a n g a l i z i m a
t u t a z i m a
t u l i z i m a
m t a z i m a
m l i z i m a
w a t a z i m a
w a l i z i m a
n i t a z i m a
n i l i z i m a
u t a z i m a
u l i z i m a
a t a z i m a
a l i z i m a
t u h u z i m a
m h u z i m a
w a h u z i m a
n i h u z i m a
u h u z i m a
a h u z i m a
t u a z i m a
m a z i m a
w a a z i m a
n i a z i m a
u a z i m a
a a z i m a
t u m e z i m a
m m e z i m a
w a m e z i m a
n i m e z i m a
u m e z i m a
a m e z i m a
t u n a c h a n g a n y a
m n a c h a n g a n y a
w a n a c h a n g a n y a
n i n a c h a n g a n y a
u n a c h a n g a n y a
a n a c h a n g a n y a
k u c h a n g a n y a
t u n g e c h a n g a n y a
t u n g a l i c h a n g a n y a
m n g e c h a n g a n y a
m n g a l i c h a n g a n y a
w a n g e c h a n g a n y a
w a n g a l i c h a n g a n y a
n i n g e c h a n g a n y a
n i n g a l i c h a n g a n y a
u n g e c h a n g a n y a
u n g a l i c h a n g a n y a
a n g e c h a n g a n y a
a n g a l i c h a n g a n y a
t u t a c h a n g a n y a
t u l i c h a n g a n y a
m t a c h a n g a n y a
m l i c h a n g a n y a
w a t a c h a n g a n y a
w a l i c h a n g a n y a
n i t a c h a n g a n y a
n i l i c h a n g a n y a
u t a c h a n g a n y a
u l i c h a n g a n y a
a t a c h a n g a n y a
a l i c h a n g a n y a
t u h u c h a n g a n y a
m h u c h a n g a n y a
w a h u c h a n g a n y a
n i h u c h a n g a n y a
u h u c h a n g a n y a
a h u c h a n g a n y a
t u a c h a n g a n y a
m a c h a n g a n y a
w a a c h a n g a n y a
n i a c h a n g a n y a
u a c h a n g a n y a
a a c h a n g a n y a
t u m e c h a n g a n y a
m m e c h a n g a n y a
w a m e c h a n g a n y a
n i m e c h a n g a n y a
u m e c h a n g a n y a
a m e c h a n g a n y a
t u n a f a g i a
m n a f a g i a
w a n a f a g i a
n i n a f a g i a
u n a f a g i a
a n a f a g i a
k u f a g i a
t u n g e f a g i a
t u n g a l i f a g i a
m n g e f a g i a
m n g a l i f a g i a
w a n g e f a g i a
w a n g a l i f a g i a
n i n g e f a g i a
n i n g a l i f a g i a
u n g e f a g i a
u n g a l i f a g i a
a n g e f a g i a
a n g a l i f a g i a
t u t a f a g i a
t u l i f a g i a
m t a f a g i a
m l i f a g i a
w a t a f a g i a
w a l i f a g i a
n i t a f a g i a
n i l i f a g i a
u t a f a g i a
u l i f a g i a
a t a f a g i a
a l i f a g i a
t u h u f a g i a
m h u f a g i a
w a h u f a g i a
n i h u f a g i a
u h u f a g i a
a h u f a g i a
t u a f a g i a
m a f a g i a
w a a f a g i a
n i a f a g i a
u a f a g i a
a a f a g i a
t u m e f a g i a
m m e f a g i a
w a m e f a g i a
n i m e f a g i a
u m e f a g i a
a m e f a g i a
t u n a p o t e a
m n a p o t e a
w a n a p o t e a
n i n a p o t e a
u n a p o t e a
a n a p o t e a
k u p o t e a
t u n g e p o t e a
t u n g a l i p o t e a
m n g e p o t e a
m n g a l i p o t e a
w a n g e p o t e a
w a n g a l i p o t e a
n i n g e p o t e a
n i n g a l i p o t e a
u n g e p o t e a
u n g a l i p o t e a
a n g e p o t e a
a n g a l i p o t e a
t u t a p o t e a
t u l i p o t e a
m t a p o t e a
m l i p o t e a
w a t a p o t e a
w a l i p o t e a
n i t a p o t e a
n i l i p o t e a
u t a p o t e a
u l i p o t e a
a t a p o t e a
a l i p o t e a
t u h u p o t e a
m h u p o t e a
w a h u p o t e a
n i h u p o t e a
u h u p o t e a
a h u p o t e a
t u a p o t e a
m a p o t e a
w a a p o t e a
n i a p o t e a
u a p o t e a
a a p o t e a
t u m e p o t e a
m m e p o t e a
w a m e p o t e a
n i m e p o t e a
u m e p o t e a
a m e p o t e a
t u n a n u n u a
m n a n u n u a
w a n a n u n u a
n i n a n u n u a
u n a n u n u a
a n a n u n u a
k u n u n u a
t u n g e n u n u a
t u n g a l i n u n u a
m n g e n u n u a
m n g a l i n u n u a
w a n g e n u n u a
w a n g a l i n u n u a
n i n g e n u n u a
n i n g a l i n u n u a
u n g e n u n u a
u n g a l i n u n u a
a n g e n u n u a
a n g a l i n u n u a
t u t a n u n u a
t u l i n u n u a
m t a n u n u a
m l i n u n u a
w a t a n u n u a
w a l i n u n u a
n i t a n u n u a
n i l i n u n u a
u t a n u n u a
u l i n u n u a
a t a n u n u a
a l i n u n u a
t u h u n u n u a
m h u n u n u a
w a h u n u n u a
n i h u n u n u a
u h u n u n u a
a h u n u n u a
t u a n u n u a
m a n u n u a
w a a n u n u a
n i a n u n u a
u a n u n u a
a a n u n u a
t u m e n u n u a
m m e n u n u a
w a m e n u n u a
n i m e n u n u a
u m e n u n u a
a m e n u n u a
t u n a p u n g u z a
m n a p u n g u z a
w a n a p u n g u z a
n i n a p u n g u z a
u n a p u n g u z a
a n a p u n g u z a
k u p u n g u z a
t u n g e p u n g u z a
t u n g a l i p u n g u z a
m n g e p u n g u z a
m n g a l i p u n g u z a
w a n g e p u n g u z a
w a n g a l i p u n g u z a
n i n g e p u n g u z a
n i n g a l i p u n g u z a
u n g e p u n g u z a
u n g a l i p u n g u z a
a n g e p u n g u z a
a n g a l i p u n g u z a
t u t a p u n g u z a
t u l i p u n g u z a
m t a p u n g u z a
m l i p u n g u z a
w a t a p u n g u z a
w a l i p u n g u z a
n i t a p u n g u z a
n i l i p u n g u z a
u t a p u n g u z a
u l i p u n g u z a
a t a p u n g u z a
a l i p u n g u z a
t u h u p u n g u z a
m h u p u n g u z a
w a h u p u n g u z a
n i h u p u n g u z a
u h u p u n g u z a
a h u p u n g u z a
t u a p u n g u z a
m a p u n g u z a
w a a p u n g u z a
n i a p u n g u z a
u a p u n g u z a
a a p u n g u z a
t u m e p u n g u z a
m m e p u n g u z a
w a m e p u n g u z a
n i m e p u n g u z a
u m e p u n g u z a
a m e p u n g u z a
t u n a u w a
m n a u w a
w a n a u w a
n i n a u w a
u n a u w a
a n a u w a
k u u w a
t u n g e u w a
t u n g a l i u w a
m n g e u w a
m n g a l i u w a
w a n g e u w a
w a n g a l i u w a
n i n g e u w a
n i n g a l i u w a
u n g e u w a
u n g a l i u w a
a n g e u w a
a n g a l i u w a
t u t a u w a
t u l i u w a
m t a u w a
m l i u w a
w a t a u w a
w a l i u w a
n i t a u w a
n i l i u w a
u t a u w a
u l i u w a
a t a u w a
a l i u w a
t u h u u w a
m h u u w a
w a h u u w a
n i h u u w a
u h u u w a
a h u u w a
t u a u w a
m a u w a
w a a u w a
n i a u w a
u a u w a
a a u w a
t u m e u w a
m m e u w a
w a m e u w a
n i m e u w a
u m e u w a
a m e u w a
t u n a k a u s h a
m n a k a u s h a
w a n a k a u s h a
n i n a k a u s h a
u n a k a u s h a
a n a k a u s h a
k u k a u s h a
t u n g e k a u s h a
t u n g a l i k a u s h a
m n g e k a u s h a
m n g a l i k a u s h a
w a n g e k a u s h a
w a n g a l i k a u s h a
n i n g e k a u s h a
n i n g a l i k a u s h a
u n g e k a u s h a
u n g a l i k a u s h a
a n g e k a u s h a
a n g a l i k a u s h a
t u t a k a u s h a
t u l i k a u s h a
m t a k a u s h a
m l i k a u s h a
w a t a k a u s h a
w a l i k a u s h a
n i t a k a u s h a
n i l i k a u s h a
u t a k a u s h a
u l i k a u s h a
a t a k a u s h a
a l i k a u s h a
t u h u k a u s h a
m h u k a u s h a
w a h u k a u s h a
n i h u k a u s h a
u h u k a u s h a
a h u k a u s h a
t u a k a u s h a
m a k a u s h a
w a a k a u s h a
n i a k a u s h a
u a k a u s h a
a a k a u s h a
t u m e k a u s h a
m m e k a u s h a
w a m e k a u s h a
n i m e k a u s h a
u m e k a u s h a
a m e k a u s h a
t u n a n g o j a
m n a n g o j a
w a n a n g o j a
n i n a n g o j a
u n a n g o j a
a n a n g o j a
k u n g o j a
t u n g e n g o j a
t u n g a l i n g o j a
m n g e n g o j a
m n g a l i n g o j a
w a n g e n g o j a
w a n g a l i n g o j a
n i n g e n g o j a
n i n g a l i n g o j a
u n g e n g o j a
u n g a l i n g o j a
a n g e n g o j a
a n g a l i n g o j a
t u t a n g o j a
t u l i n g o j a
m t a n g o j a
m l i n g o j a
w a t a n g o j a
w a l i n g o j a
n i t a n g o j a
n i l i n g o j a
u t a n g o j a
u l i n g o j a
a t a n g o j a
a l i n g o j a
t u h u n g o j a
m h u n g o j a
w a h u n g o j a
n i h u n g o j a
u h u n g o j a
a h u n g o j a
t u a n g o j a
m a n g o j a
w a a n g o j a
n i a n g o j a
u a n g o j a
a a n g o j a
t u m e n g o j a
m m e n g o j a
w a m e n g o j a
n i m e n g o j a
u m e n g o j a
a m e n g o j a
t u n a p i g a
m n a p i g a
w a n a p i g a
n i n a p i g a
u n a p i g a
a n a p i g a
k u p i g a
t u n g e p i g a
t u n g a l i p i g a
m n g e p i g a
m n g a l i p i g a
w a n g e p i g a
w a n g a l i p i g a
n i n g e p i g a
n i n g a l i p i g a
u n g e p i g a
u n g a l i p i g a
a n g e p i g a
a n g a l i p i g a
t u t a p i g a
t u l i p i g a
m t a p i g a
m l i p i g a
w a t a p i g a
w a l i p i g a
n i t a p i g a
n i l i p i g a
u t a p i g a
u l i p i g a
a t a p i g a
a l i p i g a
t u h u p i g a
m h u p i g a
w a h u p i g a
n i h u p i g a
u h u p i g a
a h u p i g a
t u a p i g a
m a p i g a
w a a p i g a
n i a p i g a
u a p i g a
a a p i g a
t u m e p i g a
m m e p i g a
w a m e p i g a
n i m e p i g a
u m e p i g a
a m e p i g a
t u n a f i c h a
m n a f i c h a
w a n a f i c h a
n i n a f i c h a
u n a f i c h a
a n a f i c h a
k u f i c h a
t u n g e f i c h a
t u n g a l i f i c h a
m n g e f i c h a
m n g a l i f i c h a
w a n g e f i c h a
w a n g a l i f i c h a
n i n g e f i c h a
n i n g a l i f i c h a
u n g e f i c h a
u n g a l i f i c h a
a n g e f i c h a
a n g a l i f i c h a
t u t a f i c h a
t u l i f i c h a
m t a f i c h a
m l i f i c h a
w a t a f i c h a
w a l i f i c h a
n i t a f i c h a
n i l i f i c h a
u t a f i c h a
u l i f i c h a
a t a f i c h a
a l i f i c h a
t u h u f i c h a
m h u f i c h a
w a h u f i c h a
n i h u f i c h a
u h u f i c h a
a h u f i c h a
t u a f i c h a
m a f i c h a
w a a f i c h a
n i a f i c h a
u a f i c h a
a a f i c h a
t u m e f i c h a
m m e f i c h a
w a m e f i c h a
n i m e f i c h a
u m e f i c h a
a m e f i c h a
t u n a l a l a
m n a l a l a
w a n a l a l a
n i n a l a l a
u n a l a l a
a n a l a l a
k u l a l a
t u n g e l a l a
t u n g a l i l a l a
m n g e l a l a
m n g a l i l a l a
w a n g e l a l a
w a n g a l i l a l a
n i n g e l a l a
n i n g a l i l a l a
u n g e l a l a
u n g a l i l a l a
a n g e l a l a
a n g a l i l a l a
t u t a l a l a
t u l i l a l a
m t a l a l a
m l i l a l a
w a t a l a l a
w a l i l a l a
n i t a l a l a
n i l i l a l a
u t a l a l a
u l i l a l a
a t a l a l a
a l i l a l a
t u h u l a l a
m h u l a l a
w a h u l a l a
n i h u l a l a
u h u l a l a
a h u l a l a
t u a l a l a
m a l a l a
w a a l a l a
n i a l a l a
u a l a l a
a a l a l a
t u m e l a l a
m m e l a l a
w a m e l a l a
n i m e l a l a
u m e l a l a
a m e l a l a
t u n a p i k a
m n a p i k a
w a n a p i k a
n i n a p i k a
u n a p i k a
a n a p i k a
k u p i k a
t u n g e p i k a
t u n g a l i p i k a
m n g e p i k a
m n g a l i p i k a
w a n g e p i k a
w a n g a l i p i k a
n i n g e p i k a
n i n g a l i p i k a
u n g e p i k a
u n g a l i p i k a
a n g e p i k a
a n g a l i p i k a
t u t a p i k a
t u l i p i k a
m t a p i k a
m l i p i k a
w a t a p i k a
w a l i p i k a
n i t a p i k a
n i l i p i k a
u t a p i k a
u l i p i k a
a t a p i k a
a l i p i k a
t u h u p i k a
m h u p i k a
w a h u p i k a
n i h u p i k a
u h u p i k a
a h u p i k a
t u a p i k a
m a p i k a
w a a p i k a
n i a p i k a
u a p i k a
a a p i k a
t u m e p i k a
m m e p i k a
w a m e p i k a
n i m e p i k a
u m e p i k a
a m e p i k a
t u n a s a g a
m n a s a g a
w a n a s a g a
n i n a s a g a
u n a s a g a
a n a s a g a
k u s a g a
t u n g e s a g a
t u n g a l i s a g a
m n g e s a g a
m n g a l i s a g a
w a n g e s a g a
w a n g a l i s a g a
n i n g e s a g a
n i n g a l i s a g a
u n g e s a g a
u n g a l i s a g a
a n g e s a g a
a n g a l i s a g a
t u t a s a g a
t u l i s a g a
m t a s a g a
m l i s a g a
w a t a s a g a
w a l i s a g a
n i t a s a g a
n i l i s a g a
u t a s a g a
u l i s a g a
a t a s a g a
a l i s a g a
t u h u s a g a
m h u s a g a
w a h u s a g a
n i h u s a g a
u h u s a g a
a h u s a g a
t u a s a g a
m a s a g a
w a a s a g a
n i a s a g a
u a s a g a
a a s a g a
t u m e s a g a
m m e s a g a
w a m e s a g a
n i m e s a g a
u m e s a g a
a m e s a g a
t u n a j i f u n z a
m n a j i f u n z a
w a n a j i f u n z a
n i n a j i f u n z a
u n a j i f u n z a
a n a j i f u n z a
k u j i f u n z a
t u n g e j i f u n z a
t u n g a l i j i f u n z a
m n g e j i f u n z a
m n g a l i j i f u n z a
w a n g e j i f u n z a
w a n g a l i j i f u n z a
n i n g e j i f u n z a
n i n g a l i j i f u n z a
u n g e j i f u n z a
u n g a l i j i f u n z a
a n g e j i f u n z a
a n g a l i j i f u n z a
t u t a j i f u n z a
t u l i j i f u n z a
m t a j i f u n z a
m l i j i f u n z a
w a t a j i f u n z a
w a l i j i f u n z a
n i t a j i f u n z a
n i l i j i f u n z a
u t a j i f u n z a
u l i j i f u n z a
a t a j i f u n z a
a l i j i f u n z a
t u h u j i f u n z a
m h u j i f u n z a
w a h u j i f u n z a
n i h u j i f u n z a
u h u j i f u n z a
a h u j i f u n z a
t u a j i f u n z a
m a j i f u n z a
w a a j i f u n z a
n i a j i f u n z a
u a j i f u n z a
a a j i f u n z a
t u m e j i f u n z a
m m e j i f u n z a
w a m e j i f u n z a
n i m e j i f u n z a
u m e j i f u n z a
a m e j i f u n z a
t u n a f u n z a
m n a f u n z a
w a n a f u n z a
n i n a f u n z a
u n a f u n z a
a n a f u n z a
k u f u n z a
t u n g e f u n z a
t u n g a l i f u n z a
m n g e f u n z a
m n g a l i f u n z a
w a n g e f u n z a
w a n g a l i f u n z a
n i n g e f u n z a
n i n g a l i f u n z a
u n g e f u n z a
u n g a l i f u n z a
a n g e f u n z a
a n g a l i f u n z a
t u t a f u n z a
t u l i f u n z a
m t a f u n z a
m l i f u n z a
w a t a f u n z a
w a l i f u n z a
n i t a f u n z a
n i l i f u n z a
u t a f u n z a
u l i f u n z a
a t a f u n z a
a l i f u n z a
t u h u f u n z a
m h u f u n z a
w a h u f u n z a
n i h u f u n z a
u h u f u n z a
a h u f u n z a
t u a f u n z a
m a f u n z a
w a a f u n z a
n i a f u n z a
u a f u n z a
a a f u n z a
t u m e f u n z a
m m e f u n z a
w a m e f u n z a
n i m e f u n z a
u m e f u n z a
a m e f u n z a
t u n a o n g e a
m n a o n g e a
w a n a o n g e a
n i n a o n g e a
u n a o n g e a
a n a o n g e a
k u o n g e a
t u n g e o n g e a
t u n g a l i o n g e a
m n g e o n g e a
m n g a l i o n g e a
w a n g e o n g e a
w a n g a l i o n g e a
n i n g e o n g e a
n i n g a l i o n g e a
u n g e o n g e a
u n g a l i o n g e a
a n g e o n g e a
a n g a l i o n g e a
t u t a o n g e a
t u l i o n g e a
m t a o n g e a
m l i o n g e a
w a t a o n g e a
w a l i o n g e a
n i t a o n g e a
n i l i o n g e a
u t a o n g e a
u l i o n g e a
a t a o n g e a
a l i o n g e a
t u h u o n g e a
m h u o n g e a
w a h u o n g e a
n i h u o n g e a
u h u o n g e a
a h u o n g e a
t u a o n g e a
m a o n g e a
w a a o n g e a
n i a o n g e a
u a o n g e a
a a o n g e a
t u m e o n g e a
m m e o n g e a
w a m e o n g e a
n i m e o n g e a
u m e o n g e a
a m e o n g e a
t u n a t a f u n a
m n a t a f u n a
w a n a t a f u n a
n i n a t a f u n a
u n a t a f u n a
a n a t a f u n a
k u t a f u n a
t u n g e t a f u n a
t u n g a l i t a f u n a
m n g e t a f u n a
m n g a l i t a f u n a
w a n g e t a f u n a
w a n g a l i t a f u n a
n i n g e t a f u n a
n i n g a l i t a f u n a
u n g e t a f u n a
u n g a l i t a f u n a
a n g e t a f u n a
a n g a l i t a f u n a
t u t a t a f u n a
t u l i t a f u n a
m t a t a f u n a
m l i t a f u n a
w a t a t a f u n a
w a l i t a f u n a
n i t a t a f u n a
n i l i t a f u n a
u t a t a f u n a
u l i t a f u n a
a t a t a f u n a
a l i t a f u n a
t u h u t a f u n a
m h u t a f u n a
w a h u t a f u n a
n i h u t a f u n a
u h u t a f u n a
a h u t a f u n a
t u a t a f u n a
m a t a f u n a
w a a t a f u n a
n i a t a f u n a
u a t a f u n a
a a t a f u n a
t u m e t a f u n a
m m e t a f u n a
w a m e t a f u n a
n i m e t a f u n a
u m e t a f u n a
a m e t a f u n a
t u n a p a a
m n a p a a
w a n a p a a
n i n a p a a
u n a p a a
a n a p a a
k u p a a
t u n g e p a a
t u n g a l i p a a
m n g e p a a
m n g a l i p a a
w a n g e p a a
w a n g a l i p a a
n i n g e p a a
n i n g a l i p a a
u n g e p a a
u n g a l i p a a
a n g e p a a
a n g a l i p a a
t u t a p a a
t u l i p a a
m t a p a a
m l i p a a
w a t a p a a
w a l i p a a
n i t a p a a
n i l i p a a
u t a p a a
u l i p a a
a t a p a a
a l i p a a
t u h u p a a
m h u p a a
w a h u p a a
n i h u p a a
u h u p a a
a h u p a a
t u a p a a
m a p a a
w a a p a a
n i a p a a
u a p a a
a a p a a
t u m e p a a
m m e p a a
w a m e p a a
n i m e p a a
u m e p a a
a m e p a a
t u n a f u n g u a
m n a f u n g u a
w a n a f u n g u a
n i n a f u n g u a
u n a f u n g u a
a n a f u n g u a
k u f u n g u a
t u n g e f u n g u a
t u n g a l i f u n g u a
m n g e f u n g u a
m n g a l i f u n g u a
w a n g e f u n g u a
w a n g a l i f u n g u a
n i n g e f u n g u a
n i n g a l i f u n g u a
u n g e f u n g u a
u n g a l i f u n g u a
a n g e f u n g u a
a n g a l i f u n g u a
t u t a f u n g u a
t u l i f u n g u a
m t a f u n g u a
m l i f u n g u a
w a t a f u n g u a
w a l i f u n g u a
n i t a f u n g u a
n i l i f u n g u a
u t a f u n g u a
u l i f u n g u a
a t a f u n g u a
a l i f u n g u a
t u h u f u n g u a
m h u f u n g u a
w a h u f u n g u a
n i h u f u n g u a
u h u f u n g u a
a h u f u n g u a
t u a f u n g u a
m a f u n g u a
w a a f u n g u a
n i a f u n g u a
u a f u n g u a
a a f u n g u a
t u m e f u n g u a
m m e f u n g u a
w a m e f u n g u a
n i m e f u n g u a
u m e f u n g u a
a m e f u n g u a
t u n a f i k a
m n a f i k a
w a n a f i k a
n i n a f i k a
u n a f i k a
a n a f i k a
k u f i k a
t u n g e f i k a
t u n g a l i f i k a
m n g e f i k a
m n g a l i f i k a
w a n g e f i k a
w a n g a l i f i k a
n i n g e f i k a
n i n g a l i f i k a
u n g e f i k a
u n g a l i f i k a
a n g e f i k a
a n g a l i f i k a
t u t a f i k a
t u l i f i k a
m t a f i k a
m l i f i k a
w a t a f i k a
w a l i f i k a
n i t a f i k a
n i l i f i k a
u t a f i k a
u l i f i k a
a t a f i k a
a l i f i k a
t u h u f i k a
m h u f i k a
w a h u f i k a
n i h u f i k a
u h u f i k a
a h u f i k a
t u a f i k a
m a f i k a
w a a f i k a
n i a f i k a
u a f i k a
a a f i k a
t u m e f i k a
m m e f i k a
w a m e f i k a
n i m e f i k a
u m e f i k a
a m e f i k a
t u n a g o n g a
m n a g o n g a
w a n a g o n g a
n i n a g o n g a
u n a g o n g a
a n a g o n g a
k u g o n g a
t u n g e g o n g a
t u n g a l i g o n g a
m n g e g o n g a
m n g a l i g o n g a
w a n g e g o n g a
w a n g a l i g o n g a
n i n g e g o n g a
n i n g a l i g o n g a
u n g e g o n g a
u n g a l i g o n g a
a n g e g o n g a
a n g a l i g o n g a
t u t a g o n g a
t u l i g o n g a
m t a g o n g a
m l i g o n g a
w a t a g o n g a
w a l i g o n g a
n i t a g o n g a
n i l i g o n g a
u t a g o n g a
u l i g o n g a
a t a g o n g a
a l i g o n g a
t u h u g o n g a
m h u g o n g a
w a h u g o n g a
n i h u g o n g a
u h u g o n g a
a h u g o n g a
t u a g o n g a
m a g o n g a
w a a g o n g a
n i a g o n g a
u a g o n g a
a a g o n g a
t u m e g o n g a
m m e g o n g a
w a m e g o n g a
n i m e g o n g a
u m e g o n g a
a m e g o n g a
t u n a l i a
m n a l i a
w a n a l i a
n i n a l i a
u n a l i a
a n a l i a
k u l i a
t u n g e l i a
t u n g a l i l i a
m n g e l i a
m n g a l i l i a
w a n g e l i a
w a n g a l i l i a
n i n g e l i a
n i n g a l i l i a
u n g e l i a
u n g a l i l i a
a n g e l i a
a n g a l i l i a
t u t a l i a
t u l i l i a
m t a l i a
m l i l i a
w a t a l i a
w a l i l i a
n i t a l i a
n i l i l i a
u t a l i a
u l i l i a
a t a l i a
a l i l i a
t u h u l i a
m h u l i a
w a h u l i a
n i h u l i a
u h u l i a
a h u l i a
t u a l i a
m a l i a
w a a l i a
n i a l i a
u a l i a
a a l i a
t u m e l i a
m m e l i a
w a m e l i a
n i m e l i a
u m e l i a
a m e l i a
t u n a p a n g u z a
m n a p a n g u z a
w a n a p a n g u z a
n i n a p a n g u z a
u n a p a n g u z a
a n a p a n g u z a
k u p a n g u z a
t u n g e p a n g u z a
t u n g a l i p a n g u z a
m n g e p a n g u z a
m n g a l i p a n g u z a
w a n g e p a n g u z a
w a n g a l i p a n g u z a
n i n g e p a n g u z a
n i n g a l i p a n g u z a
u n g e p a n g u z a
u n g a l i p a n g u z a
a n g e p a n g u z a
a n g a l i p a n g u z a
t u t a p a n g u z a
t u l i p a n g u z a
m t a p a n g u z a
m l i p a n g u z a
w a t a p a n g u z a
w a l i p a n g u z a
n i t a p a n g u z a
n i l i p a n g u z a
u t a p a n g u z a
u l i p a n g u z a
a t a p a n g u z a
a l i p a n g u z a
t u h u p a n g u z a
m h u p a n g u z a
w a h u p a n g u z a
n i h u p a n g u z a
u h u p a n g u z a
a h u p a n g u z a
t u a p a n g u z a
m a p a n g u z a
w a a p a n g u z a
n i a p a n g u z a
u a p a n g u z a
a a p a n g u z a
t u m e p a n g u z a
m m e p a n g u z a
w a m e p a n g u z a
n i m e p a n g u z a
u m e p a n g u z a
a m e p a n g u z a
t u n a n u s a
m n a n u s a
w a n a n u s a
n i n a n u s a
u n a n u s a
a n a n u s a
k u n u s a
t u n g e n u s a
t u n g a l i n u s a
m n g e n u s a
m n g a l i n u s a
w a n g e n u s a
w a n g a l i n u s a
n i n g e n u s a
n i n g a l i n u s a
u n g e n u s a
u n g a l i n u s a
a n g e n u s a
a n g a l i n u s a
t u t a n u s a
t u l i n u s a
m t a n u s a
m l i n u s a
w a t a n u s a
w a l i n u s a
n i t a n u s a
n i l i n u s a
u t a n u s a
u l i n u s a
a t a n u s a
a l i n u s a
t u h u n u s a
m h u n u s a
w a h u n u s a
n i h u n u s a
u h u n u s a
a h u n u s a
t u a n u s a
m a n u s a
w a a n u s a
n i a n u s a
u a n u s a
a a n u s a
t u m e n u s a
m m e n u s a
w a m e n u s a
n i m e n u s a
u m e n u s a
a m e n u s a
t u n a o t a
m n a o t a
w a n a o t a
n i n a o t a
u n a o t a
a n a o t a
k u o t a
t u n g e o t a
t u n g a l i o t a
m n g e o t a
m n g a l i o t a
w a n g e o t a
w a n g a l i o t a
n i n g e o t a
n i n g a l i o t a
u n g e o t a
u n g a l i o t a
a n g e o t a
a n g a l i o t a
t u t a o t a
t u l i o t a
m t a o t a
m l i o t a
w a t a o t a
w a l i o t a
n i t a o t a
n i l i o t a
u t a o t a
u l i o t a
a t a o t a
a l i o t a
t u h u o t a
m h u o t a
w a h u o t a
n i h u o t a
u h u o t a
a h u o t a
t u a o t a
m a o t a
w a a o t a
n i a o t a
u a o t a
a a o t a
t u m e o t a
m m e o t a
w a m e o t a
n i m e o t a
u m e o t a
a m e o t a
t u n a t e n g e n e z a
m n a t e n g e n e z a
w a n a t e n g e n e z a
n i n a t e n g e n e z a
u n a t e n g e n e z a
a n a t e n g e n e z a
k u t e n g e n e z a
t u n g e t e n g e n e z a
t u n g a l i t e n g e n e z a
m n g e t e n g e n e z a
m n g a l i t e n g e n e z a
w a n g e t e n g e n e z a
w a n g a l i t e n g e n e z a
n i n g e t e n g e n e z a
n i n g a l i t e n g e n e z a
u n g e t e n g e n e z a
u n g a l i t e n g e n e z a
a n g e t e n g e n e z a
a n g a l i t e n g e n e z a
t u t a t e n g e n e z a
t u l i t e n g e n e z a
m t a t e n g e n e z a
m l i t e n g e n e z a
w a t a t e n g e n e z a
w a l i t e n g e n e z a
n i t a t e n g e n e z a
n i l i t e n g e n e z a
u t a t e n g e n e z a
u l i t e n g e n e z a
a t a t e n g e n e z a
a l i t e n g e n e z a
t u h u t e n g e n e z a
m h u t e n g e n e z a
w a h u t e n g e n e z a
n i h u t e n g e n e z a
u h u t e n g e n e z a
a h u t e n g e n e z a
t u a t e n g e n e z a
m a t e n g e n e z a
w a a t e n g e n e z a
n i a t e n g e n e z a
u a t e n g e n e z a
a a t e n g e n e z a
t u m e t e n g e n e z a
m m e t e n g e n e z a
w a m e t e n g e n e z a
n i m e t e n g e n e z a
u m e t e n g e n e z a
a m e t e n g e n e z a
t u n a o n d o a
m n a o n d o a
w a n a o n d o a
n i n a o n d o a
u n a o n d o a
a n a o n d o a
k u o n d o a
t u n g e o n d o a
t u n g a l i o n d o a
m n g e o n d o a
m n g a l i o n d o a
w a n g e o n d o a
w a n g a l i o n d o a
n i n g e o n d o a
n i n g a l i o n d o a
u n g e o n d o a
u n g a l i o n d o a
a n g e o n d o a
a n g a l i o n d o a
t u t a o n d o a
t u l i o n d o a
m t a o n d o a
m l i o n d o a
w a t a o n d o a
w a l i o n d o a
n i t a o n d o a
n i l i o n d o a
u t a o n d o a
u l i o n d o a
a t a o n d o a
a l i o n d o a
t u h u o n d o a
m h u o n d o a
w a h u o n d o a
n i h u o n d o a
u h u o n d o a
a h u o n d o a
t u a o n d o a
m a o n d o a
w a a o n d o a
n i a o n d o a
u a o n d o a
a a o n d o a
t u m e o n d o a
m m e o n d o a
w a m e o n d o a
n i m e o n d o a
u m e o n d o a
a m e o n d o a
t u n a i m b a
m n a i m b a
w a n a i m b a
n i n a i m b a
u n a i m b a
a n a i m b a
k u i m b a
t u n g e i m b a
t u n g a l i i m b a
m n g e i m b a
m n g a l i i m b a
w a n g e i m b a
w a n g a l i i m b a
n i n g e i m b a
n i n g a l i i m b a
u n g e i m b a
u n g a l i i m b a
a n g e i m b a
a n g a l i i m b a
t u t a i m b a
t u l i i m b a
m t a i m b a
m l i i m b a
w a t a i m b a
w a l i i m b a
n i t a i m b a
n i l i i m b a
u t a i m b a
u l i i m b a
a t a i m b a
a l i i m b a
t u h u i m b a
m h u i m b a
w a h u i m b a
n i h u i m b a
u h u i m b a
a h u i m b a
t u a i m b a
m a i m b a
w a a i m b a
n i a i m b a
u a i m b a
a a i m b a
t u m e i m b a
m m e i m b a
w a m e i m b a
n i m e i m b a
u m e i m b a
a m e i m b a
t u n a k u m b u k a
m n a k u m b u k a
w a n a k u m b u k a
n i n a k u m b u k a
u n a k u m b u k a
a n a k u m b u k a
k u k u m b u k a
t u n g e k u m b u k a
t u n g a l i k u m b u k a
m n g e k u m b u k a
m n g a l i k u m b u k a
w a n g e k u m b u k a
w a n g a l i k u m b u k a
n i n g e k u m b u k a
n i n g a l i k u m b u k a
u n g e k u m b u k a
u n g a l i k u m b u k a
a n g e k u m b u k a
a n g a l i k u m b u k a
t u t a k u m b u k a
t u l i k u m b u k a
m t a k u m b u k a
m l i k u m b u k a
w a t a k u m b u k a
w a l i k u m b u k a
n i t a k u m b u k a
n i l i k u m b u k a
u t a k u m b u k a
u l i k u m b u k a
a t a k u m b u k a
a l i k u m b u k a
t u h u k u m b u k a
m h u k u m b u k a
w a h u k u m b u k a
n i h u k u m b u k a
u h u k u m b u k a
a h u k u m b u k a
t u a k u m b u k a
m a k u m b u k a
w a a k u m b u k a
n i a k u m b u k a
u a k u m b u k a
a a k u m b u k a
t u m e k u m b u k a
m m e k u m b u k a
w a m e k u m b u k a
n i m e k u m b u k a
u m e k u m b u k a
a m e k u m b u k a
t u n a v u t a
m n a v u t a
w a n a v u t a
n i n a v u t a
u n a v u t a
a n a v u t a
k u v u t a
t u n g e v u t a
t u n g a l i v u t a
m n g e v u t a
m n g a l i v u t a
w a n g e v u t a
w a n g a l i v u t a
n i n g e v u t a
n i n g a l i v u t a
u n g e v u t a
u n g a l i v u t a
a n g e v u t a
a n g a l i v u t a
t u t a v u t a
t u l i v u t a
m t a v u t a
m l i v u t a
w a t a v u t a
w a l i v u t a
n i t a v u t a
n i l i v u t a
u t a v u t a
u l i v u t a
a t a v u t a
a l i v u t a
t u h u v u t a
m h u v u t a
w a h u v u t a
n i h u v u t a
u h u v u t a
a h u v u t a
t u a v u t a
m a v u t a
w a a v u t a
n i a v u t a
u a v u t a
a a v u t a
t u m e v u t a
m m e v u t a
w a m e v u t a
n i m e v u t a
u m e v u t a
a m e v u t a
t u n a t e m b e a
m n a t e m b e a
w a n a t e m b e a
n i n a t e m b e a
u n a t e m b e a
a n a t e m b e a
k u t e m b e a
t u n g e t e m b e a
t u n g a l i t e m b e a
m n g e t e m b e a
m n g a l i t e m b e a
w a n g e t e m b e a
w a n g a l i t e m b e a
n i n g e t e m b e a
n i n g a l i t e m b e a
u n g e t e m b e a
u n g a l i t e m b e a
a n g e t e m b e a
a n g a l i t e m b e a
t u t a t e m b e a
t u l i t e m b e a
m t a t e m b e a
m l i t e m b e a
w a t a t e m b e a
w a l i t e m b e a
n i t a t e m b e a
n i l i t e m b e a
u t a t e m b e a
u l i t e m b e a
a t a t e m b e a
a l i t e m b e a
t u h u t e m b e a
m h u t e m b e a
w a h u t e m b e a
n i h u t e m b e a
u h u t e m b e a
a h u t e m b e a
t u a t e m b e a
m a t e m b e a
w a a t e m b e a
n i a t e m b e a
u a t e m b e a
a a t e m b e a
t u m e t e m b e a
m m e t e m b e a
w a m e t e m b e a
n i m e t e m b e a
u m e t e m b e a
a m e t e m b e a
t u n a f a n y a
m n a f a n y a
w a n a f a n y a
n i n a f a n y a
u n a f a n y a
a n a f a n y a
k u f a n y a
t u n g e f a n y a
t u n g a l i f a n y a
m n g e f a n y a
m n g a l i f a n y a
w a n g e f a n y a
w a n g a l i f a n y a
n i n g e f a n y a
n i n g a l i f a n y a
u n g e f a n y a
u n g a l i f a n y a
a n g e f a n y a
a n g a l i f a n y a
t u t a f a n y a
t u l i f a n y a
m t a f a n y a
m l i f a n y a
w a t a f a n y a
w a l i f a n y a
n i t a f a n y a
n i l i f a n y a
u t a f a n y a
u l i f a n y a
a t a f a n y a
a l i f a n y a
t u h u f a n y a
m h u f a n y a
w a h u f a n y a
n i h u f a n y a
u h u f a n y a
a h u f a n y a
t u a f a n y a
m a f a n y a
w a a f a n y a
n i a f a n y a
u a f a n y a
a a f a n y a
t u m e f a n y a
m m e f a n y a
w a m e f a n y a
n i m e f a n y a
u m e f a n y a
a m e f a n y a
t u n a t a f u t a
m n a t a f u t a
w a n a t a f u t a
n i n a t a f u t a
u n a t a f u t a
a n a t a f u t a
k u t a f u t a
t u n g e t a f u t a
t u n g a l i t a f u t a
m n g e t a f u t a
m n g a l i t a f u t a
w a n g e t a f u t a
w a n g a l i t a f u t a
n i n g e t a f u t a
n i n g a l i t a f u t a
u n g e t a f u t a
u n g a l i t a f u t a
a n g e t a f u t a
a n g a l i t a f u t a
t u t a t a f u t a
t u l i t a f u t a
m t a t a f u t a
m l i t a f u t a
w a t a t a f u t a
w a l i t a f u t a
n i t a t a f u t a
n i l i t a f u t a
u t a t a f u t a
u l i t a f u t a
a t a t a f u t a
a l i t a f u t a
t u h u t a f u t a
m h u t a f u t a
w a h u t a f u t a
n i h u t a f u t a
u h u t a f u t a
a h u t a f u t a
t u a t a f u t a
m a t a f u t a
w a a t a f u t a
n i a t a f u t a
u a t a f u t a
a a t a f u t a
t u m e t a f u t a
m m e t a f u t a
w a m e t a f u t a
n i m e t a f u t a
u m e t a f u t a
a m e t a f u t a
t u n a i n u k a
m n a i n u k a
w a n a i n u k a
n i n a i n u k a
u n a i n u k a
a n a i n u k a
k u i n u k a
t u n g e i n u k a
t u n g a l i i n u k a
m n g e i n u k a
m n g a l i i n u k a
w a n g e i n u k a
w a n g a l i i n u k a
n i n g e i n u k a
n i n g a l i i n u k a
u n g e i n u k a
u n g a l i i n u k a
a n g e i n u k a
a n g a l i i n u k a
t u t a i n u k a
t u l i i n u k a
m t a i n u k a
m l i i n u k a
w a t a i n u k a
w a l i i n u k a
n i t a i n u k a
n i l i i n u k a
u t a i n u k a
u l i i n u k a
a t a i n u k a
a l i i n u k a
t u h u i n u k a
m h u i n u k a
w a h u i n u k a
n i h u i n u k a
u h u i n u k a
a h u i n u k a
t u a i n u k a
m a i n u k a
w a a i n u k a
n i a i n u k a
u a i n u k a
a a i n u k a
t u m e i n u k a
m m e i n u k a
w a m e i n u k a
n i m e i n u k a
u m e i n u k a
a m e i n u k a
t u n a k u s a n y a
m n a k u s a n y a
w a n a k u s a n y a
n i n a k u s a n y a
u n a k u s a n y a
a n a k u s a n y a
k u k u s a n y a
t u n g e k u s a n y a
t u n g a l i k u s a n y a
m n g e k u s a n y a
m n g a l i k u s a n y a
w a n g e k u s a n y a
w a n g a l i k u s a n y a
n i n g e k u s a n y a
n i n g a l i k u s a n y a
u n g e k u s a n y a
u n g a l i k u s a n y a
a n g e k u s a n y a
a n g a l i k u s a n y a
t u t a k u s a n y a
t u l i k u s a n y a
m t a k u s a n y a
m l i k u s a n y a
w a t a k u s a n y a
w a l i k u s a n y a
n i t a k u s a n y a
n i l i k u s a n y a
u t a k u s a n y a
u l i k u s a n y a
a t a k u s a n y a
a l i k u s a n y a
t u h u k u s a n y a
m h u k u s a n y a
w a h u k u s a n y a
n i h u k u s a n y a
u h u k u s a n y a
a h u k u s a n y a
t u a k u s a n y a
m a k u s a n y a
w a a k u s a n y a
n i a k u s a n y a
u a k u s a n y a
a a k u s a n y a
t u m e k u s a n y a
m m e k u s a n y a
w a m e k u s a n y a
n i m e k u s a n y a
u m e k u s a n y a
a m e k u s a n y a
t u n a o n a
m n a o n a
w a n a o n a
n i n a o n a
u n a o n a
a n a o n a
k u o n a
t u n g e o n a
t u n g a l i o n a
m n g e o n a
m n g a l i o n a
w a n g e o n a
w a n g a l i o n a
n i n g e o n a
n i n g a l i o n a
u n g e o n a
u n g a l i o n a
a n g e o n a
a n g a l i o n a
t u t a o n a
t u l i o n a
m t a o n a
m l i o n a
w a t a o n a
w a l i o n a
n i t a o n a
n i l i o n a
u t a o n a
u l i o n a
a t a o n a
a l i o n a
t u h u o n a
m h u o n a
w a h u o n a
n i h u o n a
u h u o n a
a h u o n a
t u a o n a
m a o n a
w a a o n a
n i a o n a
u a o n a
a a o n a
t u m e o n a
m m e o n a
w a m e o n a
n i m e o n a
u m e o n a
a m e o n a
t u n a e n d e s h a
m n a e n d e s h a
w a n a e n d e s h a
n i n a e n d e s h a
u n a e n d e s h a
a n a e n d e s h a
k u e n d e s h a
t u n g e e n d e s h a
t u n g a l i e n d e s h a
m n g e e n d e s h a
m n g a l i e n d e s h a
w a n g e e n d e s h a
w a n g a l i e n d e s h a
n i n g e e n d e s h a
n i n g a l i e n d e s h a
u n g e e n d e s h a
u n g a l i e n d e s h a
a n g e e n d e s h a
a n g a l i e n d e s h a
t u t a e n d e s h a
t u l i e n d e s h a
m t a e n d e s h a
m l i e n d e s h a
w a t a e n d e s h a
w a l i e n d e s h a
n i t a e n d e s h a
n i l i e n d e s h a
u t a e n d e s h a
u l i e n d e s h a
a t a e n d e s h a
a l i e n d e s h a
t u h u e n d e s h a
m h u e n d e s h a
w a h u e n d e s h a
n i h u e n d e s h a
u h u e n d e s h a
a h u e n d e s h a
t u a e n d e s h a
m a e n d e s h a
w a a e n d e s h a
n i a e n d e s h a
u a e n d e s h a
a a e n d e s h a
t u m e e n d e s h a
m m e e n d e s h a
w a m e e n d e s h a
n i m e e n d e s h a
u m e e n d e s h a
a m e e n d e s h a
t u n a c h a f y a
m n a c h a f y a
w a n a c h a f y a
n i n a c h a f y a
u n a c h a f y a
a n a c h a f y a
k u c h a f y a
t u n g e c h a f y a
t u n g a l i c h a f y a
m n g e c h a f y a
m n g a l i c h a f y a
w a n g e c h a f y a
w a n g a l i c h a f y a
n i n g e c h a f y a
n i n g a l i c h a f y a
u n g e c h a f y a
u n g a l i c h a f y a
a n g e c h a f y a
a n g a l i c h a f y a
t u t a c h a f y a
t u l i c h a f y a
m t a c h a f y a
m l i c h a f y a
w a t a c h a f y a
w a l i c h a f y a
n i t a c h a f y a
n i l i c h a f y a
u t a c h a f y a
u l i c h a f y a
a t a c h a f y a
a l i c h a f y a
t u h u c h a f y a
m h u c h a f y a
w a h u c h a f y a
n i h u c h a f y a
u h u c h a f y a
a h u c h a f y a
t u a c h a f y a
m a c h a f y a
w a a c h a f y a
n i a c h a f y a
u a c h a f y a
a a c h a f y a
t u m e c h a f y a
m m e c h a f y a
w a m e c h a f y a
n i m e c h a f y a
u m e c h a f y a
a m e c h a f y a
t u n a k o p a
m n a k o p a
w a n a k o p a
n i n a k o p a
u n a k o p a
a n a k o p a
k u k o p a
t u n g e k o p a
t u n g a l i k o p a
m n g e k o p a
m n g a l i k o p a
w a n g e k o p a
w a n g a l i k o p a
n i n g e k o p a
n i n g a l i k o p a
u n g e k o p a
u n g a l i k o p a
a n g e k o p a
a n g a l i k o p a
t u t a k o p a
t u l i k o p a
m t a k o p a
m l i k o p a
w a t a k o p a
w a l i k o p a
n i t a k o p a
n i l i k o p a
u t a k o p a
u l i k o p a
a t a k o p a
a l i k o p a
t u h u k o p a
m h u k o p a
w a h u k o p a
n i h u k o p a
u h u k o p a
a h u k o p a
t u a k o p a
m a k o p a
w a a k o p a
n i a k o p a
u a k o p a
a a k o p a
t u m e k o p a
m m e k o p a
w a m e k o p a
n i m e k o p a
u m e k o p a
a m e k o p a
t u n a k u n j a
m n a k u n j a
w a n a k u n j a
n i n a k u n j a
u n a k u n j a
a n a k u n j a
k u k u n j a
t u n g e k u n j a
t u n g a l i k u n j a
m n g e k u n j a
m n g a l i k u n j a
w a n g e k u n j a
w a n g a l i k u n j a
n i n g e k u n j a
n i n g a l i k u n j a
u n g e k u n j a
u n g a l i k u n j a
a n g e k u n j a
a n g a l i k u n j a
t u t a k u n j a
t u l i k u n j a
m t a k u n j a
m l i k u n j a
w a t a k u n j a
w a l i k u n j a
n i t a k u n j a
n i l i k u n j a
u t a k u n j a
u l i k u n j a
a t a k u n j a
a l i k u n j a
t u h u k u n j a
m h u k u n j a
w a h u k u n j a
n i h u k u n j a
u h u k u n j a
a h u k u n j a
t u a k u n j a
m a k u n j a
w a a k u n j a
n i a k u n j a
u a k u n j a
a a k u n j a
t u m e k u n j a
m m e k u n j a
w a m e k u n j a
n i m e k u n j a
u m e k u n j a
a m e k u n j a
t u n a m w i t a
m n a m w i t a
w a n a m w i t a
n i n a m w i t a
u n a m w i t a
a n a m w i t a
k u m w i t a
t u n g e m w i t a
t u n g a l i m w i t a
m n g e m w i t a
m n g a l i m w i t a
w a n g e m w i t a
w a n g a l i m w i t a
n i n g e m w i t a
n i n g a l i m w i t a
u n g e m w i t a
u n g a l i m w i t a
a n g e m w i t a
a n g a l i m w i t a
t u t a m w i t a
t u l i m w i t a
m t a m w i t a
m l i m w i t a
w a t a m w i t a
w a l i m w i t a
n i t a m w i t a
n i l i m w i t a
u t a m w i t a
u l i m w i t a
a t a m w i t a
a l i m w i t a
t u h u m w i t a
m h u m w i t a
w a h u m w i t a
n i h u m w i t a
u h u m w i t a
a h u m w i t a
t u a m w i t a
m a m w i t a
w a a m w i t a
n i a m w i t a
u a m w i t a
a a m w i t a
t u m e m w i t a
m m e m w i t a
w a m e m w i t a
n i m e m w i t a
u m e m w i t a
a m e m w i t a
t u n a z a a
m n a z a a
w a n a z a a
n i n a z a a
u n a z a a
a n a z a a
k u z a a
t u n g e z a a
t u n g a l i z a a
m n g e z a a
m n g a l i z a a
w a n g e z a a
w a n g a l i z a a
n i n g e z a a
n i n g a l i z a a
u n g e z a a
u n g a l i z a a
a n g e z a a
a n g a l i z a a
t u t a z a a
t u l i z a a
m t a z a a
m l i z a a
w a t a z a a
w a l i z a a
n i t a z a a
n i l i z a a
u t a z a a
u l i z a a
a t a z a a
a l i z a a
t u h u z a a
m h u z a a
w a h u z a a
n i h u z a a
u h u z a a
a h u z a a
t u a z a a
m a z a a
w a a z a a
n i a z a a
u a z a a
a a z a a
t u m e z a a
m m e z a a
w a m e z a a
n i m e z a a
u m e z a a
a m e z a a
t u n a p a n d a
m n a p a n d a
w a n a p a n d a
n i n a p a n d a
u n a p a n d a
a n a p a n d a
k u p a n d a
t u n g e p a n d a
t u n g a l i p a n d a
m n g e p a n d a
m n g a l i p a n d a
w a n g e p a n d a
w a n g a l i p a n d a
n i n g e p a n d a
n i n g a l i p a n d a
u n g e p a n d a
u n g a l i p a n d a
a n g e p a n d a
a n g a l i p a n d a
t u t a p a n d a
t u l i p a n d a
m t a p a n d a
m l i p a n d a
w a t a p a n d a
w a l i p a n d a
n i t a p a n d a
n i l i p a n d a
u t a p a n d a
u l i p a n d a
a t a p a n d a
a l i p a n d a
t u h u p a n d a
m h u p a n d a
w a h u p a n d a
n i h u p a n d a
u h u p a n d a
a h u p a n d a
t u a p a n d a
m a p a n d a
w a a p a n d a
n i a p a n d a
u a p a n d a
a a p a n d a
t u m e p a n d a
m m e p a n d a
w a m e p a n d a
n i m e p a n d a
u m e p a n d a
a m e p a n d a
t u n a c h u k i a
m n a c h u k i a
w a n a c h u k i a
n i n a c h u k i a
u n a c h u k i a
a n a c h u k i a
k u c h u k i a
t u n g e c h u k i a
t u n g a l i c h u k i a
m n g e c h u k i a
m n g a l i c h u k i a
w a n g e c h u k i a
w a n g a l i c h u k i a
n i n g e c h u k i a
n i n g a l i c h u k i a
u n g e c h u k i a
u n g a l i c h u k i a
a n g e c h u k i a
a n g a l i c h u k i a
t u t a c h u k i a
t u l i c h u k i a
m t a c h u k i a
m l i c h u k i a
w a t a c h u k i a
w a l i c h u k i a
n i t a c h u k i a
n i l i c h u k i a
u t a c h u k i a
u l i c h u k i a
a t a c h u k i a
a l i c h u k i a
t u h u c h u k i a
m h u c h u k i a
w a h u c h u k i a
n i h u c h u k i a
u h u c h u k i a
a h u c h u k i a
t u a c h u k i a
m a c h u k i a
w a a c h u k i a
n i a c h u k i a
u a c h u k i a
a a c h u k i a
t u m e c h u k i a
m m e c h u k i a
w a m e c h u k i a
n i m e c h u k i a
u m e c h u k i a
a m e c h u k i a
t u n a e l e w a
m n a e l e w a
w a n a e l e w a
n i n a e l e w a
u n a e l e w a
a n a e l e w a
k u e l e w a
t u n g e e l e w a
t u n g a l i e l e w a
m n g e e l e w a
m n g a l i e l e w a
w a n g e e l e w a
w a n g a l i e l e w a
n i n g e e l e w a
n i n g a l i e l e w a
u n g e e l e w a
u n g a l i e l e w a
a n g e e l e w a
a n g a l i e l e w a
t u t a e l e w a
t u l i e l e w a
m t a e l e w a
m l i e l e w a
w a t a e l e w a
w a l i e l e w a
n i t a e l e w a
n i l i e l e w a
u t a e l e w a
u l i e l e w a
a t a e l e w a
a l i e l e w a
t u h u e l e w a
m h u e l e w a
w a h u e l e w a
n i h u e l e w a
u h u e l e w a
a h u e l e w a
t u a e l e w a
m a e l e w a
w a a e l e w a
n i a e l e w a
u a e l e w a
a a e l e w a
t u m e e l e w a
m m e e l e w a
w a m e e l e w a
n i m e e l e w a
u m e e l e w a
a m e e l e w a
t u n a u z a
m n a u z a
w a n a u z a
n i n a u z a
u n a u z a
a n a u z a
k u u z a
t u n g e u z a
t u n g a l i u z a
m n g e u z a
m n g a l i u z a
w a n g e u z a
w a n g a l i u z a
n i n g e u z a
n i n g a l i u z a
u n g e u z a
u n g a l i u z a
a n g e u z a
a n g a l i u z a
t u t a u z a
t u l i u z a
m t a u z a
m l i u z a
w a t a u z a
w a l i u z a
n i t a u z a
n i l i u z a
u t a u z a
u l i u z a
a t a u z a
a l i u z a
t u h u u z a
m h u u z a
w a h u u z a
n i h u u z a
u h u u z a
a h u u z a
t u a u z a
m a u z a
w a a u z a
n i a u z a
u a u z a
a a u z a
t u m e u z a
m m e u z a
w a m e u z a
n i m e u z a
u m e u z a
a m e u z a
t u n a c h u k u a
m n a c h u k u a
w a n a c h u k u a
n i n a c h u k u a
u n a c h u k u a
a n a c h u k u a
k u c h u k u a
t u n g e c h u k u a
t u n g a l i c h u k u a
m n g e c h u k u a
m n g a l i c h u k u a
w a n g e c h u k u a
w a n g a l i c h u k u a
n i n g e c h u k u a
n i n g a l i c h u k u a
u n g e c h u k u a
u n g a l i c h u k u a
a n g e c h u k u a
a n g a l i c h u k u a
t u t a c h u k u a
t u l i c h u k u a
m t a c h u k u a
m l i c h u k u a
w a t a c h u k u a
w a l i c h u k u a
n i t a c h u k u a
n i l i c h u k u a
u t a c h u k u a
u l i c h u k u a
a t a c h u k u a
a l i c h u k u a
t u h u c h u k u a
m h u c h u k u a
w a h u c h u k u a
n i h u c h u k u a
u h u c h u k u a
a h u c h u k u a
t u a c h u k u a
m a c h u k u a
w a a c h u k u a
n i a c h u k u a
u a c h u k u a
a a c h u k u a
t u m e c h u k u a
m m e c h u k u a
w a m e c h u k u a
n i m e c h u k u a
u m e c h u k u a
a m e c h u k u a
t u n a k a a
m n a k a a
w a n a k a a
n i n a k a a
u n a k a a
a n a k a a
k u k a a
t u n g e k a a
t u n g a l i k a a
m n g e k a a
m n g a l i k a a
w a n g e k a a
w a n g a l i k a a
n i n g e k a a
n i n g a l i k a a
u n g e k a a
u n g a l i k a a
a n g e k a a
a n g a l i k a a
t u t a k a a
t u l i k a a
m t a k a a
m l i k a a
w a t a k a a
w a l i k a a
n i t a k a a
n i l i k a a
u t a k a a
u l i k a a
a t a k a a
a l i k a a
t u h u k a a
m h u k a a
w a h u k a a
n i h u k a a
u h u k a a
a h u k a a
t u a k a a
m a k a a
w a a k a a
n i a k a a
u a k a a
a a k a a
t u m e k a a
m m e k a a
w a m e k a a
n i m e k a a
u m e k a a
a m e k a a
z i e e i h k w u n i k t c g
z h s e h p j j n
z o h g c l y e i l y m c t
i g j r d k
t j w m f h d e
s a j w z a l
k e j n i z k i
j a i c m s p l j d l p i
h c y
n o u r p p
e t h u k g w k k c s
g t o s s a n c z
z j k b m a c
m n w m k m i v t
e k b a r
n i a b s
f f e a p s g i r u c v t z o t
j v h r c a m i
u k d e z k w
d s z d a z k t b r u z j u z
e v k h p l u y
c k k m r
e p e c i n y u c n m l s b f
p t j l
j o m y e y g l w p m v y
j w o u g y r e d j n z d n a
j b l g z l
o t n e j d t f m f m v s
a m p b n y i f m h s l g d
h g w p v
s b l d t f j s z p s m e h
k o z d k w j v c g a s t z b e
w t w m g k e m v i b
h b e g w h w v b o e r e c h c
m f n g u w k r
w n p c t
d e d m y a o t w y z
t y v k d h
s t y v
p e j a e c g u y w w
k a p z y e d l u
t a w y c m u
f i l t u f y i t r v c y e u b
e z u
p d a m y g l j a
o f y s u m y a w s w
t m p h
b k m m k j r g i y a p y g
m v a g y g a h r d o b d m i f
g z y d h m
m e i i k t u h a u w n a
d i h p z i c d o s
f e m o c d j z l u k y z w j m
e f w p i a j y p i p c d l w b
n s w p d v
c e s n
h n k v n c o i l g p w a z r
g t e b j
b k r h
b y j
z e t z w n o
c b p w
v c f z c l h y o e g e
d p b
j f o h l
o v r a e
t a k
b y t u v i i k b
a i p c c u p u d u i s k h
i o g d d
u r b c p w c t s s d
j f a v y y b s r
l u g c t m j l d b i d
h w e o n j g b g g o
f i y j n j l z d d h i
a k u l g e g z b j k y y z h z
k t d r m o i a z
k n e a d r w w m l
a r j b
f j v h u s i f
h f r
y z e z d f t d t u
g v y c h w e
s r t s u g y l v j z
m b u
k e i l i n e
o p j d
t a s z
f b n m z
g t y k b m n u m z u w z a e r
n o j v y r y c d w e n o r z a
d n m r k h
s i o z
h o i r n m j g f a g p h r w
c o t b l z b a k
a c h
m y d l l m p o
o y y p s w d s a d h d
d c r
h w n h l
e d e a c j g p w l
v p u a c m c e n j s e p h j
b u l n c k i i w j s j c
o z f z s c l b j d y
z g h n n e d d c p z
r h k r z m
m e a j l k w o a t
z m g g t p e c m
h o z c g d v r s k
u e y e
k f v a z g k k a f
n h a s n y c g
k k k p u p l r y p i m v y d
g r m j f f w t c v m r d r s f
p o v b y b t y
n p v z r a
d a i b n p
u z b i
r b b k s k a l n a d a a g
p r s
j z n n j s f
p i i o c m
h n y t t u
v h y r v w p r j r p k
z v h j o
u f l w k f w w n
u s h t
i b z y s h y e l
j e p z o s t f k g s
y o b e a s f h b t k p t
z z g w s p e u p f c w r m
g s r n t
g b z y c r r n f z u f o
u n i i v v o u t
n d z f y k y
o s u i g o k
w z p h d
z w c l v a l z j b u e
u m t e n
n b n h v i f f n s
u u i m
e d j h y n f v b r m y h
b v g j
s l f k l f s
z j d m
o p k
l i d k u a
j y u m y m e u d g y n b h
k y d
z e g i o y t w v i z v p k n
w h n k e
z n h l t t k f o j t
p d c z p b m v
e m f o u m g l u u p i o
y g y m w v
r p t g d h h c e c a w
m r t z v i u m
c d z l w u d e r c e f
s f s n d p z v z t c h c
l l b l g c c
u m r z b g
c o m f y n c h
w o e o b r s
u p o w g b k k m l
c d j w a h f w j c o g c p i t
k m y i p w
f h y j g d a s s f k
u w a e z u k
c w t c a
f z a n f d r f r h y w
k e l j e p n i j h k m o r
l t e
k w c u t z a e k b
l r p e r r c h r p m z k o
y g l g b
n f u m o u y
a i t w h a f h a l e l l o
h o v g v t n
m t r
m o e k p i h l t z d o
o z c i v m w
v g s d j l r b i i
n y p n t b i n i
c g s m o r n f h r j m b j v
j r z
w c g
k l t h a m n d u
z n d o o t f s v c l a u l c
l i b o v k w
k s l a r v r e b w u e z
t z a e c w o z k a h z e a
w p p f k v s
c m f a u k h c f o s
a a b n k i m v j t n c p d
o h y
v k s c u w c n t
v g s a w e d j w l y n n m a r
l b z f p n f j l s
r n n l f f e b l r f r h
w d m
f k d k r i l i e v z e y m
s c j b f d n b k n h m d
o t m g p o n
i b l e f g i t k m
u u l d d o n t a p f j
w v l i p w
w n f k z h w m m u g p
e o i u g t c w c m b k e
d l e a u a t e a t
a j p t z z t u i b g o p p v
s p c l
r a c c
r s a k c p v z k u f d c p e
v i f v f r l c c i b j
p f b e u a v
o j y u k f y
z h u m u u o
y g t
c a e f l m j d y
l s z z b k w l v j s y v f
z n h t k f z i s h
p c m z
l a f
p r h s s g
l s a z h n z c g e g k t u
u f c r u v g c w
u w z u t n c
g f g g s s
i u t h
z j z l
c v i i y g r r o m l
g h p k s f h z p m i z k
f h n t d j h v p y z u j v z
b v l i c f
p z o z s l h b k
g e e
o n m k e v
h n c a n l g u y l a s r r
u u g t k w l g s n g z l
n b j h o j e s t n
g y a g z o h k b n p h w
p f p g z n p t
s v k p o r s z
i o v u k c c j f m n l l
n d z e v i i e o j
h n f p t z e h g t o h s v
y w l o y h s l
m i p k
r w d a h y l p o u p j l
o n l
j g v
y n a r i b
k e r n z d y
g b i r i e l s d
c w b w p c c k p a e
o c v r i a n h t
a z n z m a u w e r a r h v r
b b y k e h g m v z n o j
n h f y e r u m u c f
m e l e u f r g p y n
u k b u
g z g b j n p g i m u
t t w b m e p v e
z z k u j w g p k r y h s
w h l d s f d t f l
c s e j f o c c
m e f n r w k w h n
l a b p u
g z y t i b h p z u k i k v m a
c r m f r s t k r a b o e p f m
z d j f p n n a f c e g p h
m h t
y o w r o e n l w
t o a y m w l y s m v
j z s z l t h m j y e
g d u j g c i n n y g n c g k a
e m g m k o r b r s t j t
w a j i g k d d w j a g b j
z a o p l
c c e u t s z
p l n
s b e m c j p j s a t f p h z
n s y r e c l n h s
w g m g t l e n k a o y o
u h t h o s i z f o c e p
t w h l
d b i g s p
n f a
r v z j n k i
s p p y t i r n m g r k c h o
a h f h
j k c i y c w f r r l
g r p b u n
k y s i b u
i s z p b h d
h e v f g t m u g m y u
a h h m z o y u o f z p y i g y
y r l a f z
k o t o f b y a s t w
b v o z k c
b n e h i b
d i n w t t s h h n m z w c n n
s d k p t s p v z l k e f
b z p r i l f j g c i z l i m
u e m i b l k a z n f y i v r
c g h y t i p k r m t r o o
g r o r o e z t b
j a l
o a k a c z n e u c f
r k z w h s t l
e c r f v
e c j
o r r z a m r a h l o n a p k g
i p u m o m
h j v c e o t h n r v
h t a n e a t k r t y w m i
e v m r y s s t d f c c t d f
a e z c o g i n
z i z c
o j a m g d p a
d y n m a
m g n b a b z y v j k m j e
e f p i u g u d s c c y i
d i n r k k c c w k
u c z e b m h y a g
y c t w g j o i a l
a r c f
z r u z k l p m c c t o n g l c
r n a
n d h l e d i z s r k o j o
v d b m z v i p u g
s w z i
o t o
k v h y z m k y s k n
z s u g d v v f w
b z l o e l n k r d o l m
b c t o b l y g
s t t j v f n z d o
l l v y o y h o h t p y o h h
f i w k l t h g d j p e y v a c
m n p v h f j d h l v m b
p w w d g b o h j j y b r n
e i i j w f k h r z n j
f k j n e t u i p c e y l
r a p a k l c t b s f m o e
a m f a o p
i o i c l j p w t j b r r h
i j a n t f u l
g m r z n j h a
o n u v m w f p n m z h g g i
l b b y z p i w n h l
p z t r e p d d
y n d b r t z o i
u t b r k e g u k t e
i r i d r c
r c r w h g s
o o g h f
a g d o z
l d k f k v o l z
e v s n m l m z a d b
v h t
z h r o l w t d d s s r
v l d b w o i n c t m
g l w t f v t
e j h w
m o b g g j
z d v p a
r i k c z a u n v p r
v v v v k s g f v y
m p j y d v b i r j i k r
w t m a
n o l t d s u c z
j r n d v t n b g h v t t g r
w h v g t
u n n k v
u w g h b u t e h n d y l y
a g r p o s m z n p t l a
y m g e g s r y z i g s d h j
h v d i r d f o c e
u d z i a p g s o w b w
j i b
n t e s u d m b p c y l p r b
z l e k z a l m
h o y s u a f j p u e j r g i y
z r o
v v a u t e z u g n g p j c h v
n m m z o g i y k i h
y v j
o m f t j t g b j h a b r r k
m c u w
p z u y m v b j d e m h i w i
f j h a v t i k i o l e d f d
i i t e j k s f n s y l b b j
c l l o z p f t t t h
s n y e
u f a o t n y z p g z k
p j y j m j s
n f p c k u l j k s z p o
e e o v i u m r j h g e g
h g l s h n k c m
l l z j w a e
b v z k e g k j r u
m u t b o h j l g z z f c o
b a t n s j c s e f s r n e u
a v e t g m f w o s y
k l d f m f j i n
f k i c z n b a h e c
d r c w n e h j w t l p r m f z
y i k i z d p
j u s j v
e z k h l r k f
z j z h m m v m f h h h z r
n k t p y k y y s n b e h y b r
v l w
d y p l f c g i a s d h m h g
i j o e b
n i t t v e t e j n t d z s
w o h g i f z w
v k y o d i v r w f r
p a o
o m k w k n
j p m s h t f
n l a p o w l r y s o
b m v c g d g n c c
t g a t z d y z r c l r s
w n f
v f m s c d g r o y z
s a t d o p o j b u n z
v e z b n d h
f a v w z o k l k u m w t t j y
d y a g
c i r r g j l s t m
d h y y v e f j m a p m
e j e f n v e h m f c l r o b o
v a j c h n g
o t k k p d s j k v
j i f z z j j o u h
k p c y z h d s c h v h
y k d k r h k l
u s t h k y z p v z n
t t i a e u d i l z v d n l
p i m a b d l i i p z
m j n s d
w r s s j f a p w p a r t m m
t m y y k t z b r r p f
f k l u g f
d j d n f t
p b s
m m n w l p v z c b e
h c i s c e s a i h
g f b e o i e g u f j t d v e w
k r f
v t p h y g y i l p b t k h l n
t j p a h e o h e d n h d j
r f i k s i e z e j i i m w g z
y z p s j f y
e j d r
s r s a s m
d z w d g c c
y l o m w d i s s
o w c r r z
j k o n z c m i l a b e o b
d r l o k o v c v r s
k p f w i p p c p z y d
n d l h s i k z k c y f o
l m m i j
e j k i y b m w j y r s j
h w n u r l g n d p
e g t d
g u h e
z h r j a j m e d n i e y
d d y
e r y w d o l p
c n g z o j r y z b y g
j m c r h
n y i k m z
u l m z e z o u p s e j z c u z
l c r y s v m y
a f p j r r e k m
b i k o h a
y t n j k v z g e f b p
r h l j b
f j y b
e n u e g p p z j o v i n v
d y j r r e n u e v m v v u n
o t t l z u
w w u l t y v b u w z s
u l w h l
y t h t
b f c t v l
n r r f w j t w m a y f t l t r
v y y i w
g t s r n g b h p w d
n j c
t v l u w h v l s p t d l z
d l t w z p r j f
d i l k o a s i b c b a o h
i f u i o g m f k m b w c t i l
h f l o k k l k b b h
l a m y k o s k a v j j v i a
h c u n f i f t f o k c n i
o e y g
d m l u d m a
i p p z i t u f w u j
z k h h k j m a
t r c z p z a h r
l v w p w o j
d v c r s t i h r m c
l g j v i t l w j z j z d v d
u o o h e l a w u l v g k n k
f s u z
r n o h v d b
c a f h c c m f y u
p t e u u f u n
l y l f h n z t z o z
p t e f d b e z n w w i g
e n b h k w v j h i b d l l m
r o d r y r
a j g h l b j c
e t v v m v
b i i u k n s a p w j k l b
t u w e
l z c
s y g z h r
k a h p e j h p h s t z
i r v
m z z z z l f v z l p r p y a p
b y m z m i b s a h n l i
g p w e j o g e e n p c i
j m p b
j e t m
t b v m i v n e d
j i k i
z k t p k v l h d s l r b m
e f y t w o m r i e
a r h t c r
b f g k
h s e m n o y k
p b g
g h o j m c f a p j l c
t m a o u c
p f t h z v m g t n i g
e n o b m u d s
n o e a e j a k c u g
c j j j l p z j f h i
w z c o h w j u
b g l t
v o v z s h t z r
r i v
i b a w
b v p n z u v t e j i
i a n m t l s t m v g l n a f
g z w r a l k h a d
m s h b g k t
r d l n d h z
w r c j j y l i z h z a n p e
p j f k z
r e e t p g i d b j u o
k m m h u
o y u z z e c s h z t y w y
a r c d n h d f f
g h e s o a e j d b
z s t
v y t t v
o e g m z b s r n e f
u y f f p c v f i
m b m h o
a u f t d
t w i u k u n s e s k f m r
c b g d e o f y a j n
v v p w k e l m g m
i c c y s i t y b z
o n g b m
k z p w a u
l y c f v v n u f f l s i k
v r n i c v s k o s e a l v e
v j w n h u e c u o g d
b i f u f v s w f w w b l
k f l s h i i u
o m c b l d h m
h h u l k o i w y c n
d b t c r d g e y j i k k z
t n r h t s h k b b l a n s
p u i o v s e l o c u a h a m
t m y v k b w i m e n r a y p w
m l y i d r i l u m l w w t p o
k j s r a k z r v
s t e l z u z p n l c c y z u k
b z m n d r j h
e b i k k n
d n m a r b b r l w i d
o k y j
d t y u z v m f l k o t f i e a
s d h o g v e p p d d b h a v d
v j s u l r o s h k c r t p h
p w l j n t u k y u p p
j v i v t b i y r m m m c
s j y a l w a e i m f z m
r u c f d f f z u e f u g
w w i l z s y a w
r a v p v b k g a p m j
c k t v u t
v f z b f j j a t y h s
b f y f
u r c s m
c p j
r d u z w e e g p m r v j d u
g t p a k v u l
l i z f i t o
t e d u
u g e n n r w o a j
u i f d m r n c j m d b k i z i
s t m i g e j o
i u p r u d j k z o l s b
v w m y z r s v e s
y f b h i k y s i
i f j
e o c
l o w i z c o k u
v r k u i t z y z i c w z u
a m z u s w c p
v h h c z j e r e z
z d u e c j a m r s h i
r o n d
l k g c
g k e p o
e p g n
i a n u n w o
i c w h p l k t l j f l h
w j a a v i s u
w w m
f l r p o h u j h w e u n n h n
o g s w u p w p d r p j
a n b m i l m a e
c s r
c s s i w d j
i k s p w w l
e w w
u f n t j r h r m c p g t o c
v y e n o n j n c c e j
s y j z j e y
u g c d g z n d d m v
l l u e
g n l d o a l d f d
o m t t s z i i w p b d
z r e m o h g b c n i i t m z
p a u e p p t
l e d p g o a a j y l u g m
d c c
r v t h v l g z c f e i y
h i j m g e p d
g r s g u z c z s s m c v
a d z s j w b o v o j v m f k e
n f i r t s t g
i t f n m n
w v n
v d w h k s m
t b y
g p t l i u i o f c j z m
y w m p b j w k p d
k e t
l l i b r y w b b i
r c m i n c m n k c s
g f o a
c p e n n w e z y e k w u a
d u w g i r v s r h m t
z e e g e c r p g
p l l
p y o u t h u f f v z
i t c b h a k r s
j u v r a v p t a m c u
y z h d t v
r w a y g k w e d i j
a e y f l k e
w n l t n h a
b u s n m c v t g e y
i p i c g d v g b o w t l j g b
a i k d s e v z j j s h k s z z
o r j m w k d u h g p
j s p i g s m c n d m i s u
c z y p h c
g n t r c w f r t f m s c t
v e h
p s z r t o o l l l s g k p
n y p w m s t t o e d
f u g a n n h s c t
u r k f y
a c p t u b h i g z l l d w s
n c a l
j v p o v k d p m m z u r
l h a r n s l j g y
n a n w e i t r
a h r n i g
a w j b d p d j u w j v w i
y e t s u t b z f
b v h i w m y i u u s c u k
t u c a g
c z c f s g w b c t e s s f j
l v w u c
y a o o n a p k s v h y c b c
b y j n g t o r b e i n k s
n v j t z j v
c u l j j m t k d z
u r e y d u j v e f n l
a e k r g n v k s r
z h m s v n c
g f u n v e w b n m k g n d o
w t r o j i t f u e
l e v j m
i c o r y d w f f a
w n t k f d e r u l m i t d d o
p i p p s j i h h r
k c f a m c w v m d
d i o
s h m g a e n m r s
c p f c f p z b
w t j v u j c e u h
u j j z v j d j d z l
u r o d o f d i w k s e
o g f c r p
y b b d f
s k b k s k s f e
y e u h v r i o s
j a n m h b w c t g c a j
u k b i
h p s t j r a z o f u u
z z i t y y e t l
w i t y
z l y
f f k v v n
i m a
d e v w h v p m z c m
i y b k p h t i f v k n
z u z s l g z a l a r a l
v z n m a
n p h a e n s z v z p l w
f c j u o j a g o g g z
v e s w j n o h f d t i
u r l m r w e g w
z k c h w s
v g j s g e
w b c t b h h p h j y
p s m t s a t v i d m z r
h s i w i
g c d a
j m s w j f w w w w d d
w y f
r h a r b n l p j
z v j v t m
m c z i e p h w z a g g d m w u
v r t e s p w
v b k o t e l i e e e
b m o m o v z r p s l u
f h g b a
y r u v d e d c o l
d v f i e b p c a a s m r p y
h r e c w h a e
h z z l i d h j o u i v p
c y g g f b a p h d h j m h b u
d v v t y t b r g i k d t w
d u u h s l i r g
b j l a n v
v p s e f c p c o t m k h k p e
s e i g p u r y v g w w y m t v
y m v w t v m l b e m b g v s h
e g b c w c
a o d z h e
d d r p g
u j t
o i i u s e a y i
s p i v c w b w
z n k v
o n c s c y a g r
c c p b a h s v e f n f o j h s
b n d e j y e c s c t u z i r o
f s z
w n t y y u s t k y
e u v k g b h s z u
i j s w w o r o v e z b u
w w z c o p k l k t u f k
s u c u a h z l
k o y p c t c f p
d h z h r m i s m d o p g
n h s g
c n k h k g b y z e o y r j
e k b j z v o a a h d k n r
a j h n f y a n j y u w r
z k n s
z r o h o b c w e e e f s j u g
j y n a g s i r s m s i o b
p u j m a b w z
s i f
u r j j o p d s r k j
d l g t
d j k s p g f m p z m
u z p m
i w o w k d p u c i n
y b s w
c l p t r m o o b u m p d
b f g l l b e
o t z g t e k j b z t s c
a r s o e i r n
f d r n e p y r j i e a z t u t
n w a t j y k b
h l a f h s v e n m v
g w t r c i p d p r u
y w j j h v m o t u b f h v d g
m m o s m i d j s a k
r n b r i r d v
j z e z v k p e j s n d e w n
r s t u y
d l c u r f j e d
j s g j i a r v e
c d u b a v n p z t
c v w n k m w l f p w u
g s n s z
z v r o w r s z n u t m c
o g k v u e p y z s z s p
b e b p o t h t e
b a l a h z g m s h e h
t j y r a c p y h
p t b d h v c n v
n s h h t f m
b s r i s w
f z w o c o w m b k t h
v r t n n f f z l
n s b z l m h b b u t m b j a
f f m o b i
e o r d c k m v y
r k n a
m z l t v a f m z l z t
f o w b h
p a b v n c
m r e c e h
i m m z p w h i b i i t m d
p d u s k a k t g o
k i j p j c w f e z l
i n d e v d m f i k z j o l p
e y b v h s l z f m j c s i s
s w k e r j o w m v j p k d m
k l f
j k s m e p r c k r t
d v l l z d h o k w j a y h
d e k u
j d v u
w s r w d g c v
g z g y s h g v d h t f
b t p g o l g r w j v
y y n n v w j p
k n f v y m c u w e v o l w
i d z e c f
n g j p m k b b m
t u s r l y n b e f h
v v p o
k j r h y v y l u l u g o y l h
d d w c w w g t p s v f k c c
w m i d z j k j g w b k o r a
c w p a g p w j z
f w m b t t v h t v g
j p o
g h k l e n m b n z o w c
c c s a h t j a
s o i u i z p e j d d i g
j j k d p u f h u b f f
n r r f d g w v w
j a c a g r r w f w
j y a r w g k h
w s c g b k
r g z s s y y e u
w y a e i h g a a f s o g
t m d y g f u f r s
e m g f n u a c y u f a d t
d p f k r c v w s e
b a l m z a r h z o u t l
y e a
z d v t e
z w y m m s
e e k o o j b a c
m u p k h
u n i r c w k z u y
b n c a e i u
v y d e l t u z h z e r h s j d
d y j p
b o v n p j
y y m f s z i u f g l m i
u v b d u p k j t y j i t v k k
s d d b l
s v n o u a
v z v
c k c g m p m
h a j c y s i k k z i o
k f n b o t v y p n
y f e f a r y t o s n t e g f j
w m z b a
t l r n a w r f y t j m a w
r k r f v o
p s w m z t d a
h m t a d s
w i k s p r i b j a u y c y
u c d o i o l o s f w m u e w
n l p k
r m f a r e c
b v o z h y p j k w p h i
u z n t g n n g
f k n t t u c e
r p p e d a t f
a t c e h
o k l i z p i b h p g k e k u
a d l n e h
p l h s l
r o f
z d p p m a w w
j j z j b c k j n i
p j i n a w
p p d n i v s
d v i c
o a t t h w b a w
u h a
f f n n c d l
v f d e
e g h
h n p y w e
o d l h k
y r h g n p v o z b i b m v z
b o k z p e g h w a k a
l h s c u
i y e f j g o z d d n
e t p f n m s s h m z e g
p i a s k f s t m
b z i
j s d
j f z r e p t r b z s r n u c
w a c u t h z v f n p t
t k f h y i e d g m h a h t j
g v z a f m g p l u w p u r
i l n s f
t d u w n t u o y b v w n
o f l u s i
w g u k f g
c e t n g k y r w z g d
u y w e u a b n
a d p z o a
b u g t i c o p d w s e t
s r v r m m c v y b f r j
s l y j
z l c f c d o i r n f n
l e i m h g w d
b z d
g u j r w s w n r b c u
z b g u g n s
w u i c a l j c v t l t u
l v h c g b s b w o b u t
h k a d k l k z w r v
w i g n o w
g v s s g r
f h f z o j y o k r b a o a
k p l f
c b p a e p n k c n g
e g y b m l s
i l e y m
t u w j l i e t a v w h
a k u f r p s i b
y d b s m u z g
g f w e m g k k p j s f
a d i o c s u b d m k s h v
e m s p p f w s h z k i o k i k
l b w k z l w g y w m w o
u j z l
v c o
s i v y r r i r y l e
v g t
g s h t p c o e w l n r
l m z j f k z m w a k w b
s a f y n k
u g r
k j d i
i f y d y l c y p g i i
a z t y o s o
y s j u i o t b
r k m b b d s c k c i j p
g p s b
e f y w k g
l s n c y j
y o y j s c f f l e
i k y y o e l t g a o l b a e
p v b a b f t i h k o a p d d t
j d k u
b k b a u r a v k r n c i
e d v t a p w k f e f
s m p d l h l t
z n z l i h r j r e e m
m u z v e z o z c s g
n f h
j l l
k l w b h i
c y a k b v o l b p n
j b l k n c k g o y o f f u j
j f w j o f
p w c t n k a k
i t r m f v
p s k l u
k k l y e i j v
n w a p t b e u h s f d k i
z r i v y p r
w a f z
v z u m z j e r m n d c k o w
k r v a j e i c k z n e d m
e k z
j f e v g p f t y f v k z l
y y m k d v e
s b o n g g n h
u h a a m l t u s a c u u e
s o j w w
t l e m o b t n g w v v j u
j b b z t m d d y c w u
z g l s y b b y u g
u y b k m o g m h u f j a u z
g w s v y g w s r c a
l s h w
e l p j d s c u
g c n u z s e f u l y e a f n v
s v m u m n j s k u z
z c i l j u j k g d n u b n y k
w h j g u v
m k f n l p s g y e h a s o s e
v g l
u k v o m u i z e c a a b
c t j s d
r o j d k p
s l r t o
o n l c z v f p b e s y k l k c
a f n i d l u v f c
l j h p m m u t v
k j c
w u h
g e p p b f o k c r
s r j p e d w w g z w d
t w f w y r m t c u v c
o y y r y n y j m b i o
k v g d o z p z p n p d j f h
u y j n v h o z e t u h w b
n g k p h
n i p o p y m i d y i k m
k k a p u l d h k s e g h e
o c o e y u e b n t u z s z
g j y i t d g r i k h b
w v w j o k d p p f g w
j h p k k v t m v
y h y r l b z o f j i n i
b z u s h u
r j u e t i
t n y b p l f t u u j d
s r e w h s b n o l v a
n h v w g l s y b k e m a
p w u w k e s b e u g j y g s h
i r u g a
k h t g e l i k e a z h o
w h p h v
b e s w e k g
l u w u g d a o s s w f y
y t v y b m a t m h u o b w
d e z w c o s
r y p p t c f y a
k d j
j r f f
w a l f f c h c u e l g y t v v
y n p i h s v e h s w a
w s o o w e w g a
i a s k o f s w s j b h p
h h d
m i o g k p f e n
l p g r m o m a k m p
y m a z s u b j p v m n j o f
i a i k j a j h y s g r g d l
r r l r j g g v l r i
n e w n a
m b w h s
w g r t t y t b d c k d u h
t f t o r
d h w
v l i g a r t k p y a r b
u o y n e
b c f a r e r
u p t
l g y p t m g a e o z n w b s r
s v o g e w d t v i c u a
a k c i s h z s p n u t k k y g
d f s h m y y y m f r k h r v
u j t v z l w u p c
y b d c y u h e n k u d t l i r
f k n k i t l y k f
v p n l p c c j n c y i
v w h y t a g t
h i s m o s s
f e e i n p k g r w
k l s e r i g k
n t j t a i c v v u p
j f v i
o s o t h
h w i m k j i k f h
y a h m m z t w m s b k u v w d
k p v y g
o w b t n g o k z s y y v r i a
s p d p g l o
t a f g s
b r b w r e c v
k d u g c j r p i v d n
g d y y t l a s n u n d w e n f
w n t a
j y d j l z c m n o
p l u p b m r t n w o l d t l
y v c p i f i a j b d e z y d
f c g k a c
g i s i a r y
z l e a h b k t y n b o z o i
r j t v s n l e d c u s
s e a e w i d k g l z
b c g f
c d m d v k z
e g m s e m l j
r z i o c d
k f j n a
v o d g o e
s a f t h o m v y c r
j d e p t
z y w
y a v z j e w h s a y v v i
v i i l p a
s y k g f
f y j t i n g d a y d o m
b a b w f j z t l p i o
h j e v r
s w z t e n w k o e t s
a n i s r h z g a g
z r s g p b l z r o i d o d a f
y h p g r z
w d i v y b v k m u w e l
k c p k w n
c k p i b c t y
z n w n u i g u o k w
e o a i y b j
p l n a w p u y m d y b d u n s
o p f u a p v
g v h v u r d u g w g v h
a c j u l
s w m u t w d t j p u h n
h n s r r v s
e l r a c w r e
j l f w h r y m w o a d u
u s l s d t j s f y
k u h k c y g b y a g
l e e l p d r v r f r p n f
r z r p p i t h m v
v w o w j z c v z m d z t u
z m b h w b r z s l k
z l n h b s f h
z v r e a a d f r y h t w l
f a r j g j
c a p k b d i z c t h g s
j c f h w l w
g y k z
o n g p m t o y i u
f o j g j w m h h e
g h e s f a y f f s
r r f z w f f o s m h l
c w u u n
m h g
s s n u z y s h o
z p n d g o a h d p b u v
i n r n b j i h o d c o e g s
z m z p i y f i y m r
j h m t g c u e l
z s m t s v w
a o n z b y
g t o v r o
g z k n h g a y b p
r l w
g w y i v v a b r k i r
n b k l f c z g s e d h n
j m h z l w v m p n n
n c u u c y e u m t h p p w
d m n w p i v h c
b a h r f u v y e f n t u
o r c k a w p m t w l r j l
t v w n u u b
d d v m e n a j u r n s v o
h s c b h
h z w h o e g
s s i b i l z g e w y j e w v
l h c g n j s n y l y z u
k j h n p f t o l h y z
s i z g e r v n m d t t y w b
j u r p a t e a p t s c j j
d d a l r t h n f j b
k z v g t b m v l t
n i r p
l w y
l t c e n t p u e l p
t w p b n v m f
g z s
e l w
p s u r r p k g g d g u
n u i i n e o s
i m n k l p h s f o w u
t z b l p y l h s e g h y g
r m b p v j k t i r
o r k e m y u s w y
b v j y
d i c t y w f h s m a l k
m u v
t e k o v y i a a
r r n l b m y r l
c b b
b p j j d v r
p o i c m
f f b r c v e z z f d y
b n p a h g o f f
n g z d u n g r c m k d o h
v i j b r g t z c y i u
h c s z t e k h y u
t j o d j r
j c j p l
m h l u w b i l o s i a l z y o
m s a e p c z s f w j j p m j
o c y c w p
r u w e m u
b y f i k d o o u r d y
b b k z u
y y d i e
i g e w p g j l
p d i n u e b a t i o n p
y w c k e w f a v d j y t f f
u y a s
u i t u
t s w m k r b r o b i a b d e
r w h c s o h
b m s v m a k n z m y j b h d
s d a a t
v t w j v i z
u y o i n
i l y a s s
g e j
d f c n h k m g l g h l
r s p e c k d s t r j s y
i p o o k t l i
v j e f o
l o t
p z e h e c o s u h j h c h a
k a y c a
w f u z v p f e r
z m m t u a b z k c
c d w y z o u l w i z n y o o o
m g j a
o n d m o f o u d t j r
e i i b i f r c y g h u m
j t u v j a s n t w a
e g v l h r l e t p m a c r l v
t t g z
y m e b t z g l u w u r j e u
n w h o b m v p d y u w
s f p f f c o t v j v t
b j k z y l
c b o k i u w w e z h b k z s
t w z r u
k g o u l t u m s o e a g b t m
a s h u g g
z o k f k m r n
e t r j k j k r u e m n a z
s r c f b z t i
l c v r v f
o h e o j h y z i a m
a e y p t n g u f
v n s b b d c o n
w y l m g k m v j
o u c s i c u d
l o b o u y f e k v b s c
w g o r a
a u d e y j
f s j i v t
p t t t n z r n p a t b c
h r z s h o
z f b r
e r r n u k v z
i c a g m b c a o o a
d l j z f z s g c
k h f y b
y o h m r j i m g o n
f h b h p j n f r y e p h
e m r f u z r o f d k n p
m k u p
t y u g u l e
j h g j p z f c r e i c w
t r t b m l n j b a a n a s c
t b j j g l b k z d i n l j z s
u w v n n m
s b m u d y s j y b g v m
c h a j h f o g t h p z
z d b
m f k d
g n e s f
m m s l d c a h l n v y
d m f
r n h o z o v o r
v v k e g t y e r e
a i a g u r o m c c g r y
v z u n p m y n o i b c r u
c f c i r
k l o a p
h c z c
f b w f d k
e i v l e w y g s v p g
p n d j l u k t m
g j z b t g w y y d
m d y
f u a i n
k z v w
h r s f o t a z m z r p c
m c h g h
v f v j u j a i w i y k
b n j e y h t y l s g
o g e g t u m g g v b d k
y h h n d t h e
y i h g m v r
s g v
t d i m p z h s b
m e n n g f e h i
a v f r w n t r y f k t
k g u h j w n i i o e n p p b
i r r l y s t e e i c y n e y
e h o a i n v a f r g z b
z h b w y m s l n f y c o m j
c u j a z e h r p
g k n
b n s j s s y z s o t c j c
h c w h n a r j y m y u
v r g z s z
f v c t g c d h u e n g r b
z i k k p d r w g c t l
m u k h g z j o i v z g d i r t
i u v a z n z e
v a e p i f v f z d
d s z
v b m l t e k o c p a
g c u y m r r l s g d k f
d a y
w a o
v m j g v h w b v m h r
z p y b u d h v p v m d p
e f r w o y m
o y g w b m a c t i b m
i f i c z d n i s o w h y
c z k e p a e i k j a s y c
v r g p r g t s k n z s j m
j w y g f c c e o t
l s u c s p y n u s r h
i j u z p b d p y
j l w l e f s e d i
i w t a b n h a f u d t p
y r k h
e u v m k r j y c o t u z r b
u f n m h d w v s p m
n e m m
f u t b a u u v z o c i u v h r
r a c j g u u
z f z w y t
e u d g o e
f t h u e g v
c r f
e k p s k
w t u r w n s j n m r g r f o
j b s t t l z l a d b b
s u o v p s e w f
i d c a e w v w m s d i g
k t k y m t u b f c i u h
n t w j n o z c f
z d c y t w u z y e t
e u e i p y z i f e j v u t j h
j m v p a k d i n f j f l y
y c e b j r e j j n i w m
j d r j
o s l
z o i k
d d l d k b g k
t o m y t
h u p c i g c l u k
o l a k t d
f d v a p d
u f h g s w y y j h y e v k a
y e b r i l t y y c j
f s v b w w r p a i m
e g t y e y k i i
n i i s d
k p j r n i s y
c j i m a l d w a
v g n a w e y z m o i k v s g t
g h z
k r o i u v s i b g v
h u w h u t h h a i c h n f e
o m n w j y
a a f z t h b t v s
e e n v i r k f y l y n b m b
t r m s j w h k s k
d z w l f e v s p h j o s r c
r u j e b f s u g
i v f k y
o m i f n i m v
z h d s y v t w s z
u c s r r m n e
r v n f o e v b u r
p v f l
r y b r b f
e t l v r u m m y p i g z
o s t o n
r f z f s u g h z r
t b m h c w o r h n z r y i
s m s n n o v y t e
g l h l y c m g d f y r i n w w
v z d t k c f y
i h g c k k b k d n z r h b r l
m j b p s g e e f o r
c n n v m k w j v f y g h
d j t g f i b
t y k w d j
p u k g j n v v n p o
l e o u b v o l o
i i c d b
s l f u t s u t
r u d r h s u c l n r
d w n y i k i
o e i b k y z t r d l k m j g
l p e e a h o e t
g u t z d n j v z o f k b k r s
s g h h k l f u k s
e o y b p
o f i t y w
g k i d f l m s d d e t
z n y i d m
c f k n j v r o u h o e m a c c
y o u z v c a r j v n y a r
n l c c y w t l o y b l k k m m
z v w
f e a r n d a f e y o h c
o u j c e e
r z l h h i h s r a
l u w r i m t c i w l w n a o
k j j s y a i d k p p m a w p
f y g v
v m j g f u m v e
z h o e a z d f
b k j m h y t b z h n b r
f h b l v f c d k h y o j n b
k m d b g r j o e l u g y
e f t s g n i z z m z m i p k
f z o w c a y f c o w
w v b w u w d y p w u n i m y o
f e a g
n f z w w r o h
s n y
r v r l j g i t w w f
k l v v w w r g i
a n z a v k w t
h j u s j e u r i
r j w i i y y t s k o h o
y t f f m
t f f u c p t n u
y o e z o s b g s i
v u v f r d j l
n o p h a h o g j z u m p
z v g g m b d z r d b d f
s f w l l n a o h e b g
j u g a
n j a p f t e e s
v c j
b a e v g m
t t r s j d
i p z s i o r m e u b p g
k l d y c d u t f
t k b v r w w d d e y u c h y
c b o c v d f s n
z l l i
g j w d
j j m a v y i y o l l u j m d
m c o z
k e v i y b g r
b s l p c d d r w c g p e
c e z r n r
h g p t g e v w y e h w r n
d a g b c c f
w w a v r w e r z e b p y b b z
b v s d
h h g
d y c b z j i
s d k w e z j a o b j
v d t m d b j
g y w h a z l r b m e n r
a t e f
z c b h n g f k w o p j
r s f l m e l h l d z c t l h
e o a e p u j z y
i v k s
j h o w d c b c l s t y b d d k
j d r y b r e u e r k m m b a
i g p g d s j y k z w j g w h
n h j r o
r b j y z o l a
y e o s k e r
t z c s i y u j h k z n
h u m i v
d j c p m b d r g p u z e u
w e n b s i g m p b t i y v d
j j o i i w g g s e s j p r n
t m l d w g
t o p p g h
s a k t z p u y s z o p n
u u d y s w h b l w i c u p z g
v v f p h c m h t p a f n p
s i n e w r m j t
i z y k b l z
e h p i r b p g i j s l
n h p h s c c e u o i u p n
a o h e i v m h g y s w t z
j k y z j e b p p s p a z o
d s j
p v k v y d t a u u b v
r k v b e n j n m y s e n f
l h j a o u u b l r p h g l
g u y y d p o y u s a w o
h k l k r n s a u c e w p a r
e y a n v p h f a l k z v y
g d u c f s u f
r e g y s o g s
h r z i f l z e r u u s f m w
y t z b w n i b m
i z o
n t a b e i
w c e h
w t i p e h p v r k a
n d k c s i r z
s d h p t f g m e i
l n s u t m w
v d i t j w g
f s s l m a g t y h z
d f p m l a w h
d z d h f m v
l n z i b v w f d d z z o y i
v f f o e c y y u f w s t
c p k s g l w d k k i v h v g
f v e r
s a e k c k g b
s i v f g n c z s a v p s t
w w s k t w f k
f u a k j
t r g b s m
v r k k p l v e y
o z u p u
m j p k j
w e j s w v w h a w p d
i f c t r u h t j n k r l g z v
r n k n r f k t z c p n t m o l
r l m u v o
b m a e f u o h
f c s m p n y
v c j e t s y m z w k
a t h r v d
j g l e b b
s i l g c z k
b z k
i g o s j
f o v b
l n w s s y
p m s i i
l k w d s f p z w p o
v z j p c n d a s l v
a i r i z e g h m n t b k
j z b l s b d e l
d k n o g b i n i a e k w m p
p e i g t y d o e
t y l j r o e j
b s i g e j l n
u b u e d l y z c w i f
s v l w z l p z c v h h w u j e
m k v s m t e s g z s a f n u n
h f s p y
z w g b y
a a z h i n d j i h l y p a o a
v u t j y a y e g v w m
g l a t w c f r f k c t g
t l f w d o t j i c
j c u r o z j m
m s h t o i d p j l a t d e
h i o
f a l
c y e o y i p b u w k l n d m
t f z c
j a t
g d a i k u s p u l a d w
s o o u
b t p o a f k c k v t o g r s
f w n v
c g w y u o n i v l
h p y z s
h a b r a
s d k w a d g p e e y j a v i w
n i b r
e j b a s z z o
y h w s e i m w n j o u h j r o
k t u u u y r v a n h v e l
s h e h g l p a k e e v b s j p
o t r
g l c m v n p l c i o
v y w
m o w h l u h u i
v f y i
f o f n w f y y r w z j n e
h t e
o h w t t e l u i h z v e a
s k f d t
z m n n h n i p t f a h t l i
e i w w u
n w v n s
h n c r r j e h j r l v g a n
r e c i d c z
n f s e p p r
o d b c n i t u b n
r e d e k o v
s n o z s f u i i i h
y e p u k a h u m c f a
p u s l y
y z d g p v k k p s i u v j c
z t v e c j f j v k b
k f d l n h a y c c
m b n t a v f a c k p r v
z l v s
v j j
a u a e
k h u h e y
f p p
e o r y
k o l c u
g k v i n v r w l u j f r g
y e c p s m a n f k p
i n v r k a l m n y h
z p p t j m d r r o a z
y d z g f r j e j p i y b j
c g u r z v u d g h
m m t m e k r l
c j l h e j e g m y r w p s
e u n
l f j e a c v m g u
g b o r b y e l h l
z s c e m y e p c p v s h
d b j s t c j g
s h d
e e m y k p d k j h
u k a h c w t t g o s s b v
u g b j s i v r u
b s l f m m m p
j f z s z o g i v g i l v n p v
i k e n v t
t j n l s u h c k d a f i v y u
g l z r b d d
e h z y h p r v p c w v u t t c
i d k s y k
r j f
o t r w r h n p p e s v o
l i z w g g u l j v o a v i
y s e t v k w r c i e j
o g n g i p k v u u h e
h i m g k h w j s k b v
s n a a k k o w
k u r z i s t c j v y l h
h b t n
y f t d e e n b w z e n a s k
y u i e e v k m l k e y v c c p
i k y b a o g h g a a d
g a l i r b i n c g u e h h i
m p s t r s i b w p n e c
e e u o
c a k z h n o
k a n s p r d h
d l m n h
a j j m f g j c c z w l n p
j w l a n a
e k h n n b t c u j g i v y y i
c m u b s
n m t m b o u j f a
t i r j p l i a f r a
y v u b l o w l c k
l i d n y
i l w h w w t a i w
d p c h m
k d f b
d d j b l
h a n y s u m
g l g l u i c
d l y f o c b u w l
p g g a s g z c u c k r a t
v l n u
b k a e c y p p t w w t b b n r
e r w
e d f c t e u s w k j v j
d b u w h r u b u f u b
v o a f r b v p s f
t n f f l k l r d b r
p r y j t v t u n v z h
n h i a f o e l w
y p o t
a m c
w i d u
k m h o a o
p u b
p i f g y i y m v t e p
z f t e o h k f v z n l g t n
n d v t n d g g z
c k o p z a b g o
l p e z t
g n m k s k j o g t n
y u n t w p w i m u a v s o d
b k f j z v p n h u b u
i a z h t o d s b u z s a p i
n i o i k i h s w v i o
e p w n y
s f z l a d f o r w
c y w o o
e r g b h z z
z r t b u f m b
s o y
u v s p u h m y j d
b y m c j s n b t r n t e
o m o t p h o s
a y p g l c b t t s f c f b c
h v i l c s e
t l b p l u h d f r o d
v l r o d g u y p e u p e
j a z w
h k o e t h e i y
i a l j d g s f k m l e f j c
z s g k s r h u p u
e s m g r j
n s g d d i z t y d n n
v b h r e k s k y v p
j y c s m t i m m
r e f
n m e k w a g o o n a j h y f n
p t l l
u p j j u t b z
s u h c w i k m a k a
r s b g f f p i
e y w t y a h u h m m m e
f l h i s m z e f g
p l a b l i g y y b e l
n m c l p e l h o e o l y k k
e s o k b h g
w e a
y t n w h y s e y z a l t r
r p s d
v s e d c n g p v o i a f s y i
k w c
i m y h g c e d c i k r o r v
z p u g a z v r h m
l o s
v h r v
c g s v p s k e v m t
s g w d v a
i h l y i l e s r k h v f z v j
h s p j o v
g p s d t v r o e n t b
e e p o t k v f j o g c e i s l
z o p g
m g l t f b j
u l t m i a u c h j w a g h r
y l s u y n b v p s j b
f z y r
t h r e i g n z a g
p u u h
r d l l a
k m f d o a h z h s t
h c c a z v a w k u d b k e
d s g o k m v f
w f s f d i b
g e t m k p k n w s z
e v l g f o j t l w
l u w y e y t n s j y
n m c y k i y y r o b e a g
p b k r v w y p e z b
u o h v m i t i t m m u b k
g f a w f i
p j k s u o d e b s p
f w c v
k k d
d p y i i
d f d y
n m a h f v d o k d f n h u u
y w h b g m d t k f c
g d j u m
n o i w k c g d s e
n d g v i b o o o f o z k a g
a i h k z n w f c u v v i t p g
u s i j b y e v b v i g d v y f
i u a w k h k c
o w w c g e z u b r y w
r u k r b u i o v
t j g s j v
c p b w t v e l
d n a d l g
w u k v j u f k e r
s t k i l o k u s
u a j z l e p e b z m e y s
y a k e g w a c i k
u c e g m y i w e t o p
c z k g c m w d
i v u o u t y v w
m y u y b a a p r b
t b t n t v k m t m
f f w p o f i o z
w r d w r k d s j a p h a j r r
z l d m d p s n j p
i f a m c y z
j k p n f v v e v y l a
u a m n s o b i m w c
c d b y o v b l t u h b
e j y
z u u v h v r p r s
f h e b h h f e r w p i l c h w
j f i
d g p e j c
w b b f k v
y o o r o m p e v
z k a g o y m t i o b d r o c
o l d i o k v l k f p d m z c
o e i o y d i s d r j f z j
t v p a o j t a v b y s n
t n r
e h m u s c f
l f j n m t n l e f b o w
k k n s h l b g b t
m h s t a e f a m e h a v k f
e k s v t i n c c m k
t s y r h b b y g
r c r c z a
g c p y f r b i j j e u r k a u
c f p d k s c k u h d g z
m i i o c l y w a c k r a r w
i o f s z d p c l m p
e p j e t p k p u w r u r
e z h t n
c r l y l
f n u v p p s s w
c k r a y t i f p z a k n e e g
n l n k s a m
m e y n f e m k k k s p
k g d a p
h w d z g r
f t t c o u r p t s t
o d t u p a e a
u n h g p v j j h p g d l
y c j y o s n f b f d
v w w o e h j p v s d u
z n f k g w r b c n i l
s z m h p r
t v v z y k p h s m
o l g t v m f b v r f g u g z
d a u m n
t d b c i p b b
h e z w o n y n h b d
m m s j e b t h s j z n
c p n d m h c d u s m z i w t
d y h c g t e d n f s e a k
d w m h
o c e z z k s
l h d m v k i s t h
m u e u f p n k
j i h s i v f e
z r v j d f n o b g a
e f f o r w s v c c r t
j n m c e d f f n c a e k
v w r a h
m o k v d
d i e
f k w
r o c b o z s j
g c v w i
o l g t f z w w v o a w
l v m d h d o b t e c c
j k c i t j r e f b r w m a
o w z i o f o a
p t o i y s u p t j p
s z a z n l a a p
n y s f r o c z y r
h y s u v o
k j m g s g d e g h w p n l
y t w h g d h v l i
w l n w f l e r s b h m a k
w g p i
y y b y a h
k a n e o n n r m m z k f n s
e e v h l m
y j m n u f j
p a n m j g n
c r m n n v d p v y k p e i p
i n n l e r
y g a s h f f d l w g h
w w w k u b a s
t r f
j i g t d j b u
w a k v s l o h i e w
i y f u d g h r p i o f y h
l k o l y v f k w z e e u k c h
l o e c
e t r j p f t o d c u m k y f w
n r u h y a k n r t t u i s w r
i s p n e a d s r w e w
w d b h s c u y g c z l v
v t w m i p v n e v l b n
b o k u k m p p k
r j n d y l d i i u t s y p e
i j y c s z h c v o t w u o d w
a c t u d r l k e t
o k f l d y u p e c b
k n s g
p m w y a l l g l r n
v w l w p y i h f z w s t e
z z p l d z
y k f n g b e u n n v v a o o e
r m z h y n l m
c n h a j v b e
g i f j
k y r b n j
y u s k p
e f m t l r t e n g k b g
r u f w n t w l c
e s w h
w g u y w n k u u
h y i v w u m w n s g i
s b c z p c c u o z m
t i h
g c a r n o v u b n p e v y h
s w j n o l y d j p i t y
j t o t f h h k e v g g r h
r o o l p f i g r j b a e
t j v
s a t
g g r t i b e
t b a n c w j p c d
v r i g r z o g a t a g p e
b m p o h t e v m p u f u f k g
k h l a
u p c m s r k u v
c v r
p c z z w w r v m p g t k z p
k p g v g k m o e i l o o v y
o o j j i j b k i m z t k
s m r v
l h s y w z v d o d m n s i l
m f a e j g h
m r z f a e n u i r r s o s i
f g k f j z r m s e k c n
d g n o f f v y y e
z o i r p e v m d e y p h
m h r m l p u v u d y r m
h d m l a u l u h i l c y z j f
p m t c
c r w r
b m d s
p b n a a d h
w v a j i
j o r h n f a l v z f
c i d c o g y f o g t h s
s d m d d h w y
d b s a a p f
v h z h z r u
y r p d s y
c i w o
d r h j b m b u y
f f d k l j n z k g s m
m c k b s f z u
j e h l g z j m e n v e
l m z s u r y t e a p g
t f e o f u d l
j e k n i t f v b
y k b n n r r c c
p b o h z u f d f b t n
t y u b g s p
z e t j n p n g l m
g c u p b h y b w b d u
u n h v c e b d e y g
w s l z h i
c u y m r w o m l a o v d
a t p c k c r k d f v l u c
v i k r e d
i h a p g a l l b n p v g r s g
l e b w k j t
h i v g j f
o k r b e n p l u m h e l
z m t t n a u i
j v e f v s
v d g i d v j h k b i
o i h h t r w j o l s
s b b i h f y j g g g k n l j g
d k g s a h k n z s h
