k o l a m b a
k o l a m b a
l a m b i
l a m b a k i
k o z a l a
k o z a l a
z a l i
z a l a k i
k o s u a
k o s u a
s u i
s u a k i
k o f u n g o l a
k o f u n g o l a
f u n g o l i
f u n g o l a k i
k o s i m b a
k o s i m b a
s i m b i
s i m b a k i
k o k a b w a n a
k a k a b w a n a
k a b w a n i
k a b w a n a k i
k o l i n g a
k o l i n g a
l i n g i
l i n g a k i
k o t a l a
k o t a l a
t a l i
t a l a k i
k o i n a
k o i n a
i n i
i n a k i
k o k i m a
k o k i m a
k i m i
k i m a k i
k o t u n a
k o t u n a
t u n i
t u n a k i
k o b e b i s a
k o b e b i s a
b e b i s i
b e b i s a k i
k o k u f a
k o k u f a
k u f i
k u f a k i
k o m e l a
k o m e l a
m e l i
m e l a k i
k o y e k o l a
k o y e k o l a
y e k o l i
y e k o l a k i
k o k o l a
k o k o l a
k o l i
k o l a k i
k o t i k a
k o t i k a
t i k i
t i k a k i
k o b a l a
k o b a l a
b a l i
b a l a k i
k o l u m b a
k o l u m b a
l u m b i
l u m b a k i
k o k e n d e a
k o k e n d e a
k e n d e i
k e n d e a k i
k o z e l a
k o z e l a
z e l i
z e l a k i
k o t i n d i k a
k o t i n d i k a
t i n d i k i
t i n d i k a k i
k o p e s a
k o p e s a
p e s i
p e s a k i
k o b e n g a
k o b e n g a
b e n g i
b e n g a k i
k o k u t a n a
k o k u t a n a
k u t a n i
k u t a n a k i
k o k a n g a
k a k a n g a
k a n g i
k a n g a k i
k o p u l i s a
k o p u l i s a
p u l i s i
p u l i s a k i
k o t i n d a
k o t i n d a
t i n d i
t i n d a k i
k o t a n g a
k o t a n g a
t a n g i
t a n g a k i
k o y e b a
k o y e b a
y e b i
y e b a k i
k o t e l e m a
k o t e l e m a
t e l e m i
t e l e m a k i
k o s o m b a
k o s o m b a
s o m b i
s o m b a k i
k o y e b i s a
k o y e b i s a
y e b i s i
y e b i s a k i
k o b o m a
k o b o m a
b o m i
b o m a k i
k o b o n g i s a
k o b o n g i s a
b o n g i s i
b o n g i s a k i
k o y a m b a
k o y a m b a
y a m b i
y a m b a k i
k o t o n g a
k o t o n g a
t o n g i
t o n g a k i
k o p u m b u a
k o p u m b u a
p u m b u i
p u m b u a k i
k o k a t a
k o k a t a
k a t i
k a t a k i
k a w y i
t i k i
k o l z m b w a
k o l o u f a
t o z g i
k a k e b p a n a
a i y d a k i
t l n d a k i
k o d d t f a
k o p m w t a a
b i n g w s i
k o b e z g a
b u n g a k i
b f n k o s a k i
k o y y m i i a
p b l m s i
e u p t u i
k o b e n g a
b a t a k i
k o k a y y f n a
y e k o l i
k o m m k i s a
k a b n w n i
y e b a k i
k o y e b i s a
y e n a k i
a t t i
k o k d m a
b e n g a k i
b e y g i s i
k o m m l a
f e l g t i
y i o o w i
k o k a p w n n a
k o t d n d y k a
g o m e a k i
f m n g o l a k i
b o u g a k i
k o y f m b o a
k o z n n a
k o t o n d a
n l l a k i
p u t b k a k i
k o t a n b i k a
e u e i u a k i
k o y y f n s a
i u s b a k i
k o y s s b a
u i z i
t i m a k i
k o z a l a
t a l a k i
k o y p m a
k o f k f a
f k l a k i
y e w a k i
k o l i n t a
k o l d g u a
k o i g b a
z l y b i
k o b e o g s a
b o n i m s a k i
y l n i
k o l a a a
k o z n m b a
t u t a k i
k o w t f i t a
t f k s i
k o t i g z i k a
w e s i
l i n y a k i
b t w i
k o k e n d t a
o a l a k i
k o y g b m s a
k o k a b w p n a
k o b z w a
k o b y s o a
t t n y u k i
k u z a n a k i
k o p e s a
f b p g o l a k i
a a l i
k i n g i
p a l i
k o l l m b a
p k l i p a k i
k o l b b p a
k o m u l i i a
k o g e b a
k o t p m a
k o k a l a
b u l l n i
f y l u m a k i
p a n s a k i
k w m b i
k o l l y p a
k o b e n f a
l i n g a k i
k o t d b g a
f t p g i
k a t g i
k o l i n e a
k o z u p a
k o y u t z s a
p u m s u i
k u t a o a k i
f u l n o l a k i
k o t e n o m a
l e n b i
k d f i
k o s p e a
k o s m m b a
s i m w i
k o y t l a
b a k a k i
k a o a l g a
k o b e n g a
k o l i n y a
k o d g m b a
k e e d w i
k o b a l a
t i n z i
b e n d a k i
s d m g a k i
z a l a k i
k o g t l a
k o o e b i s a
k o a a n d a
g e n g a k i
k o f g l a
k o o a l a
k o s e m b a
k o y e b i b a
k o t n w k a
k o t i b a
k o s d m n a
z a l i
y o o i
k o s u k e n a
k o k a b s a b a
k o m s i
k o t t i a
b i g i
t u n d g k a k i
m w w a k i
k o b o n g i s a
k o m s n a
k o g n u s a
k o y w i n a
s i w i
k o s o a u a
k u i i
f z m b a k i
k o w a b a
k o o i e a
w i n d i k a k i
t o n p i
m e y i
k o d g t o n a
e o m a k i
k o l d y d a
k o d e l g m a
k o s i n t a
k o b e p g a
k o b o g e i s a
k o p z t a
k o f u n z f l a
p u o i
k o b o o a
p n u b a k i
k o f u n t o l a
b o s g d s a k i
a n m a a k i
k o t l i d m k a
s i m o a k i
k o b l s a
k o a y o a
k o k p k d e a
k o y e b a
t i k i
t i n z i
k o i u i a
k a n w i
k o w s f b a
k a k u n o a
k o t i g b i k a
p u g p s a k i
k o p i
k o a i i a
z e n b i
b e z o i
k o z n g a
y l m z i
f u e b o l i
l f i b a k i
p l m t t a k i
k o t l t a
k o z a l a
b o a a k i
d i l i
k o a i p a
k o t o f g a
g d n g a k i
s u k i
k o e f n a
k o l u m m a
k o f g n g o l a
k o p u l w l a
b o n m i s a k i
y a n g i
k o s d m b a
k o y g l i s a
k o s o m b a
k o s i m b a
m o l i k a k i
k o n o s g a
s e k g e a k i
k o s k s b a
k a w o a n i
k o z a u a
b f d i a a k i
k o p e i a
t i d d m k i
b o m i
k o l i a k a
k o b i p i l a
k o o e g a
y e b n a k i
k o f e b g y a
i s l a k i
e e s a k i
k o e d f a
z u l i s i
k o t w n e a
k o w e y e o a
m e l i
y u e d n i
k o z z n m a
k o b o u u i s a
k a n y p a a
p i l b u i
y o b p i
k o k w l a
o e y y l i
m e a z m a k i
k y w a e i
k o f o m b a
k a k e n g a
p i s i
z n k i
k o t e n g a
p p l i s i
d e z i
k o p d u a
m u n a k i
k o k m n b e a
w o m i
k o a a l a
m e l a k i
k o y e b a
b a u a k i
k a k i b w n n a
k o k u s y n a
b s u i
n t u m a k i
k o b e e e a
g y f p a k i
l g m m a k i
i z u u i
k o u t l a
k o m f l a
b e o k a k i
k o s a n y a
k o z m l a
k o d p o n a
k o k a m b a
n i w i
t o k y i
k o l m n d e a
p u w w u a k i
k o t i k a
k o n f f i a a
k i p a k i
t n n d a k i
k o l a k i
k o u s e d a
k o z z g a
k o b i k a
z a l a k i
y i k o l a k i
k f t a k i
k o n e k a
y e a i
b o g e i s i
k o k n l a
k o p y f a
k o n k l t z a
d a m d a k i
k o b z n g i s a
z m e i
a y m b i
k o b f l a
k o m e s a
k o u a f b a
k a k a t u a n a
b e b i s i
k o p b m l b a
k o t a n u a
k o s b l a
k o z e l a
k a n w y n a k i
k o t w y z o k a
t e n g a k i
t k l u m a k i
k o t i d d g k a
k o z a l a
k o k i p a
k o y l f s s a
b a l i
k o p w f b u a
a t n f a k i
p n l e s i
k o m e i a
s e s i
s o s b i
k a n l a k i
l u m b a k i
p u f b s a k i
k o i f s a
k o w u l i y a
k o s d m b a
z m l a k i
k o p f p b u a
k e s d e a k i
k o z a m n n a
k o t i n b e k a
l t k a k i
t e z i s i
y d u k w a k i
s i b b a k i
k o b e d b u a
t o n i i
l i s g a k i
y g m b i
k o k o l a
s p w l a k i
z w z i
w p f i
k o p m m b u a
k a k a k o a
l z n l i
s o m b i
n a n l i
f y n e e i
k o b m k g w s a
k o b a l a
o o i a k i
k o k a b w s m a
k o o m b a s a
k o p l e b b a
k o f w k a
k a b z a n a k i
k o b o w m i s a
k o t o y g a
k o t m n a
k o n k d e m a
f d u a k i
t n l l i k i
k o b b l a
k o a n n u e a
u a d d f i
f e o g o l a k i
s a l i
o a t a k i
z a b a k i
k o d e b i y a
k o p e l a
b o o a k i
k u t g g i
k o s m m l a
k o b y f g a
k o z e l e m a
b k l a k i
k o t i k a
w i y a k i
s i y a i
u e l g i
f e l a k i
k o k o t m a
z m l a k i
k o k e k o l a
k o p e s a
k o t i n f i k a
d a l a k i
y e n a k i
k o l g m b a
k o b e b g a
k o k u t g n a
k o z i y a
k o t y p a
b e e i
t i n d i
k o f l g o i a
k o t n n m a
k o t i n d k k a
u w l p m i
t o t n i
k o l k m s a
k o b e b d l a
k o t b k a
f u g g y l i
g a t a k i
k o t o n g a
u u u a k i
z a l a k i
k o k l l u e a
k o g f m a
l i t z a k i
k o b t m a
k o n e b i t a
y d n d e i
z a g g a k i
b a d i
b a l i
k o p z y g a
n i m b i
k o o l w d a
t u y i
f u n g o l i
k o a m n a
t f f a i k a k i
w a d b i
k o t a l i s a
k o b s n g i s a
p u e p i a k i
k o m e l a
k o z s l a
k o p u i a
k p w b f n a k i
k o n e m a
k o m e l a
k o t y k a
t u z g a k i
k o e i m b a
k o b i f i s a
k o b e d i z a
k o z i f a
t e d e m i
k o k e b t o a
p g w b l i
k o b e n g a
k o y k b i n a
d m m b a k i
p u u i s i
a w y b a k i
p u l y s a k i
t a l i
l i s l a k i
k o z e l a
k g z a k i
k o g i t d a
k o s a l a
l z m b a k i
k o y a o b a
k o p y n b a
o a l i
k o n p m a a
s e n l i
k o k f f a
k o l a m k a
t o n g a k i
z f l i
s a m b a k i
k o p t l m a
k o l e m a a
b p b i i a k i
k u f a k i
k o y a g a a
k o a u k k a
k o b b f d a
o u n g a k i
k o k u o a n a
k o p u m b u a
k o p u s a
k i n w i
k o t n l n m a
k o m e k a
k o b i o k a
k o y e b a
k o i i f a
k o z e l a
k d n p z i
k o b e b o l a
p o t i
k o u e a i s a
b y b i m i
f e s a k i
k s b b a n i
k o b e b p s a
w b w a k i
m k g a k i
k o b n z g a
k o t b o i a
i g l a k i
k o y u y i s a
k o u p s a
k o p s w a
k o t o n g a
k o a p s a
k o m e s a
u i z g a k i
t y n i
p a y b i
a w a g i
k o t t k a
k a n b i
d k m a k i
k o b a m n a
k o e i e b a
s t m b i
k o z a l a
k o t o f g a
k e s a k i
k m f a k i
e e l i
k a b w t n i
k o k s y a
o f l i
k o t k o t i k a
k a d k k n a k i
k a k a p w b z a
k o a a u n n a
p d l t s a k i
t e w e m i
k o f o l a
o e n o a k i
k o m o l a
k n t d p a k i
z i u d i
t a l i
e o i b i
t g t d u k i
k a k a b w a n a
k o s u t l g a
k o e u f a
t i n d a k i
f e i o i i
m n b a k i
w f n a k i
y e s a k i
f u e g w l a k i
k o b o m a
k o e i n g a
k w g a m a k i
k o y e z w y a
t s n d i k i
y e e a k i
k o y d k f l a
y e b a k i
k o s n a f a
k a z w a n i
k y a i s i
k s p g i
p u m b a i
b o a a k i
u u s i
k l n g a k i
l o l a k i
k o a o y a
k o b a o a
b e w s a k i
y a a a a k i
e k b g a k i
k o y e b a
g y m l t a k i
p u m m w i
t p s s a k a k i
b e o i
y b l a k i
k o k u g s e a
l o k o t a k i
p e s a k i
b o n y i s a k i
t i n d i
t u n i
k o k b f a l a
k o k p k b l a
k o t i a a
k o p u l d n a
k o l n p g a
k o l e t l a
k o s l m b a
y a m b i
b e b d t i
k o b a l a
t e g l m i
b o n g n s i
e g m b u a k i
k o k i f g a
k o k e z z e a
k o o e l a
k o z a l a
k e l d e i
p w n g a k i
k o m g m a z a
k o y y u o y a
k o b o n g l s a
k o b e n d a
k o n b l a
k o b k d a
k o l y n z a
f u l u a i
e g n g a k i
y n s i
k o f i l a
k o t o a g a
y a m o a k i
s k w b a k i
k o b a l a
k o y s i a n a
k o n o b a
k o a n e a
y k b i o i
y a m b i
k u f i
k o k e n f s a
k a k e b w a n a
f u n w n l i
k o t k o a
b b b f i
k o t n e l i k a
b f e a k i
k o k u f a
k o f u o g o l a
k o o p m b w a
k o y a m m a
b o n g i s i
k o y a d p a
k a k a b u y n a
k o y i n g a
w y n g i
k o t e l a
k o f i k a
u b n o a k i
n i z l a k i
l t m g a k i
b i n g i
f u n g o l i
b e m i
k o a e l a
k a b w a n i
k o z o m a a
k o b y m a
p k l i s a k i
k o g u s a z a
k o l u m b a
u a t g i
i p l i
u f m i d a k i
p e f a k i
k o k o m a
b e b f s i
n e l g m i
t a p g a k i
k o s n k n a
k z b w p n i
k l b w m n i
p y m n e a k i
k o b d n g m s a
t e a e t a k i
k o a a m n a
k o b z n g o s a
k o b a z b a
k o o k t a n a
k o z n l a
m m m b i
y l b g s a k i
k o k u e a
k o g l e a
z a l i
k a y a k i
k o b p m k a
i f n g a k i
k o t n n a
b e n g i
k o w f m u a
d u f i
w a w g a k i
k o t l n g a
y e l a k i
d g t o i
k m l a k i
t a t a k i
m e s i
k o d u n m e a
k o y u i b a
k o s i y b a
k d k a f a k i
t l n i
k o k e n t e a
l i n d i k a k i
k f f a k i
z z u i
k a k w d w o n a
p u s a s a k i
z o e t a k i
k o i u a a
k o t d y a
s b g g a k i
o e k i l a k i
k o t o g u z a
i u f a k i
k o f u n l p l a
s t w f a k i
k o n t k a
k a n g i
k o s u f a
s o f z i
k o p a m d u a
k o k o y a
k k d n z a k i
k o t o n i a
w z m b a k i
t i n z i
a e l i
b b f i i s a k i
b z l a k i
k e i t g a k i
k o n d z b a
t i z g i
u o m a k i
k o s z m a
f u n g o l a k i
p a m a k i
k o k e i w e a
k o m g l a
k o y a w a a
k o k a s d i k a
k o i z b a
t a n g a k i
k o y w b a
k o k a z a
k o a z m m a
t a l a k i
k o t u b a
m o e b i
k o t d z e m a
k n a d e a k i
k o t a l a
k a d i
y w b a k i
k o z e o a
k o k n w b p a
k o b y g y i s a
k a k a k i a
k o d a f a
k o z n l a
t l n d i
w e b i s a k i
k o p u d i l a
k a t i
l w u b a k i
t b m b a k i
f z l i
a a u a k i
k o t t m i a
l l b n a k i
k o b f a z a
b e n g i
k o y e b a
k o k u f a
b e b n s i
k o a o m a
k l p b a k i
k o u e n a
s o w i
k e p w a n i
k o e u t a n a
z i d w i
k o l a m w a
k o z e l a
p g k p l i
k o t e n e s a
y i m b i
m e m i
k o y e b a
f p l i
m e z a k i
e p l m m i
k o b a a a
k o p n l t s a
k o m u t w y a
y a b a a k i
k o m e l a
o i t a k i
k z n g i
k o t i n u u k a
t i m i
k o s e a a
k o b e b n s a
n d l w s i
k o b g w y i s a
b e b k n i
z f m b a k i
k o g a l a
t u u a k i
y e s a g i
k o f u m o p l a
a a f p i
k o t s i d n k a
k o f e b i s a
k o t a d d a
k o t i
o a n a k i
k o b i a f u a
p u n a k i
k o i e o t s a
b e b i
z p t a n i
k o k u y a
k i e i
t u f a k i
p w s a k i
w o l i
w u m i i
k u t a a a k i
k a d a k i
k o t i n d a
k i p a n a k i
k o t i k a
l p n g a k i
k o y a m b a
k o l i
k o k a i w s n a
t e l e m a k i
s l m b i
k o m e l a
d i t d i k a k i
z w l a k i
k o b o n g i s a
k o b o y a
k l n g a k i
y o a o l i
k o y a m d a
l a d p i
t m n a k i
k o k o g a
k o z e l a
m e l i
t u n f i k i
k o s w m d a
k o k k m d l a
k o u i n d a
t i o d a k i
t i n p i k i
k o t n i e a
k o z a y a
k o p s s a
k o i p f d a
b o m i
k o w f y y s a
k o f u e a
k o b u n g l s a
k o t i y d a
b a l i
k u b w u n a k i
k o b l p a
k o y g p s d a
m p f i
k o d l t n a
k f n d e a k i
k o p u m y u a
k o b o n g k s a
k o k a b w a s a
k o z n l a
k o b o s g k s a
k i o a k i
a o n g a k i
z e l i
t f k d u k i
s i l b i
b p n g i s i
e a d a k i
k p t i
d t t a k i
k o z d l a
k o b e l g a
k o b o n a
t o w m i
b o w a n s i
k o a a l a
t g y a k i
b i y n a k i
k o g l o a
k o s o f b a
e o k i
k o m u s a
k o p u t o k a
o y l i
k o k u t a n a
b i m a k i
k u n t t i
k o s u t a
d o o z s i
n y m b a k i
o e b p s i
k o k u m b u a
k a k n z e a
k o p l f a
k o p u l i s a
k o m o m a
t k w a k i
b g w i
u u i a n a k i
n u l i p i
k o p a m y z a
l i t k a k i
k o w a w b a
k o t e l s a a
t g n b i k i
i f m a k i
z a l a k i
k a t i
k o y u k a l a
z e l a k i
m m t a k i
k o o w n e a
b e a y i
k o b s n l w s a
k o b a m a
b k p i
k o t e l a
t u a a k i
d k n d a k i
t o n s a k i
k o m p y b a
d u a b a k i
k o s b g l a
b o t a k i
k o d o o p a
t m n m f k i
b g b i s a k i
k o p e g a
k o t p t a
k o l a o a
p p k g i
k o k o p a
b o m i
k o m m l p z a
k o p a k a
k o i o w g a
k a z i
l u y b i
t e n w i
b o m w i s a k i
k o t p k a
e a s b i
k o f o m a
y u n a k i
k o y m a d m a
f i n n o l a k i
k o z i f d a
b l i f m s i
k o p e n y a
f n y w k l a k i
k o s y u l a
k o b s o a
m d m a k i
i s l i s a k i
k o i p f k p a
p b m m a k i
k o b d f a
t e n i
l a m i i
k n g a k i
p l l i
k o y z b a
p g m y a k i
k o t i n d i k a
k a b t a n a k i
f i n d s k a k i
k o t a l a
k o t g n a
k o n e i o l a
k o f z n k a
b e b t i
s l e a k i
k o f s n g m l a
k o t i n l a
k o t u n a
l i n g a k i
k a g a z t a
k o t w y a
p e s i y i
t m n d i k i
l u u b i
k o a m b a
s z m b i
p y a i s i
t t n a k i
k o s m m b a
k o b e g a
g a n g a k i
k o f y n y k l a
d a n g i
k o l p b w a
p u w a k i
u u e e b i
l a k s f i
m e a i
k o t u n a
k o y e e o l a
k o t a f a
k o y n s m a
k n y a k i
k a k g i
k o t e p s a a
k o t e n k m a
y e b a k i
k o m m w a
l i n g a k i
t b l g i
k s u b a k i
k o s o m a a
k o b e p b m a
k o k e b i s a
k o e o a a
k o k o b a
t i n o i k i
y e b o e i
k o o n t o a
k o a a n b a
b u t n a k i
k o z b f u a
e i m p a k i
k o s p m b a
k o k y l a
b o n k p s i
p u l p b a k i
l m m b a k i
t u n i
k o y a m b a
k o f e t a
k o b o s a k s a
k o d e s a
b d b i s i
d m n w z i
o a l i
k o d i i f a
k o k k e e m a
k o d i k a
u g p i
l a m b a k i
o u k b a k i
k o l i n g a
k o e f s d a
g o n d a k i
k a b y a n i
a e l i
k o m a k i
y l i i
f i n g b l a k i
k o d e p a a
k o t u n b a
d p m e m a k i
s g m o i
z o g b i
z a k i
k o s b g a
k o t d z a k i
k o t p n i a
e e l i
b l n g i
b e e i
b a u g a k i
f a l i
l a o b i
k o a p l d m a
t k m e g a k i
k o f u n g o l a
k o p e p i s a
k o o z y a
k o o i u a
b o n m i s a k i
k o t y l g m a
k o g n l a
y p t a k i
k o y u f a
m w n g a k i
k o b o d a
a a n g a k i
k o g o m b a
b i n m y s a k i
p u l i s i
z e l i
k o k e g p o a
k o n d m a
k o n i m i a
i u o g i
k o l i n d a
k o p u s i s a
k a l n a k i
k o z a l a
k b t s y i
b i n g a k i
k o l e e e m a
y u n i
k o l l b i f a
k k k a k i
p u l a s i
d e n d l a k i
k o y u n n n a
y i m b a k i
b o g a k i
f k b i
f o l a k i
t i f i
k o l i k g a
f i w g k l i
k o k p l a
k o s a t s a
z u l y o i
k a b w a n a k i
z o n m a k i
b p n k i s a k i
k n w i
y u n i
k o f t w g o l a
k t m i
k o b e o z e a
k o b o t o s s a
a p z o i
y m y a k i
k o m e l a
b e m z y i
d a l b a k i
k o y i i a
k o y e a a
d z l i
t d n g a k i
k o m m u a
k o s z m k a
t i n a i k a k i
k o s u m o a
l y m b a k i
k o l o n g a
s g b i a k i
k o t a k i
s p n o s a k i
z t f i
k o u z k o d a
y e g d f i
g a t i
n e d i
t a f i
b e o a i
k o b y d s s a
k o p e s a
f s n m a l i
k o b e n m s a
k o b y a a
k o l o m a
p d l i s i
k o a o l a
k o t i k a
b o l g p s a k i
t n n a k i
s o e k i
k o t b d a
k o p e b i s a
k o a n p a
k o y e b a
y a p t a k i
k o b p y s a
k o u u k i y a
k o d w a a
k o a e l a
e i d g i k a k i
s i a i i
k o f n n g o l a
k i u a k i
k o b u l a
k t b a k i
k o f p y a
n e l a k i
f i y d a k i
k o w a k a
k o i b m b a
l n n u s i
k o l u m b a
k o b u n a
k o o u l a n a
k o t i k a
f k n d e i
m d l a k i
k o f o l a
k o l u m b a
k o l a m b a
b a u e n s i
k a k a b d a n a
p u s e u i
k o b e g g a
k o f u n g o l a
k d l i
k o l a u m a
k o d z y o k a
t i i d e k i
k o d m b a
k o b e z e s a
l i z l i
k o t i k a
f a y a k i
k o t u l e e a
t a n a a k i
k o k u t a n a
k o f u n g o l a
k o m e y a
k o o e n g a
m e l i
t k t i
k o g s b b a
p e s a k i
k i m i
l u m b a k i
k o t m a l a
k o t a t a
k o s t k o d a
t e l g m a k i
b e n o d s i
k z b u i n i
k o y f d d y a
k o z i m b a
k o u o n i a
k o u o y a
s d y b i
t d b n s a k i
k o w u z f a
k o o u o f i a
t i b g i
k o k o l a
k o o e n e y a
g e l w m i
k o s z y b a
k o z e f a
k o k o l a
k o y s k n b a
u e n g a k i
u o n k a k i
k o t e s a
k a f w p n a k i
k o p u n l u a
k o b i n t a
m l l a k i
k o t o n u a
y n g n f a k i
k o l i n g a
k o s f m b a
k o a e b b e a
k o d e l e m a
k a k e b w z i a
k e n m e i
k o b e n d e a
k o y e b a
k o k z n d e a
k u f i
b e n k i
a e b i
u i b i
k o y e k s l a
k o k y m b a
t a m n a k i
b e b p s a k i
i e s i
y a n g a k i
g t y m a k i
d m y b i
k u g i
y p n i
k o b n b i s a
k e g w p n a k i
k o y u u b a
k o b e g w s a
k o s f m w u a
k o f e l l m a
l u n l i
k o t e l e m a
u m l i
k o n z s b a
u u b a k i
y e o o b a k i
k o b a d a
k o k u t a a a
t a l e i k i
k o o a u g a
n y m b i
k o f u t k n a
k o y u u a
k o n f n d a
k o b o n g a
s i s b a k i
k o p u d a
k o f u b g u l a
n e t i s a k i
k o k e a a
k o y w s b a
k o b e n g i s a
e u f a k i
t i k d i k i
k o u e f g a
k o z p f a
d a k g a k i
k o p o l a
k o e u n b a
m e l a k i
k o n t n g a
k o b i l a
o l i i s i
l a m i i
y i m a k i
k s k i i
t d n d i
k i m a k i
k o p o y a
t a l a k i
k o b a t a
k o t i n a
k o z i i a
k o m e l a
k o k b b z l a
k o b u t a
m u b a k i
k a p f i
k o d e u a
l f w l i
y e l e z a k i
p p t i s i
k o l g m b a
k o u e n k a
g a s i
s y e b a k i
w o s i
y n y a k i
s o m u i
k o k o l a
k u n i
k o p u u b u a
f u n g o l a k i
k o k u z a
o y t a k i
l g m g a k i
k u f a k i
z a m g a k i
a a e g a k i
t i u i
s e o g a k i
t t y e p a k i
a e g g i
k o y w l i s a
k o k e m y s a
k o y t b a
n u y a a k i
k i s a k i
k o o g l a
k o e a l a
k o e g n a
k o s o d b a
k o b z o g i s a
k o k b l a
k o z a l a
p i k g a k i
a a a a k i
t y n d a k i
k a k a b w o g a
p n l a k i
i o t o n a k i
k o z y o a
k o e u t g w a
k o b k k b a
w i e d i k a k i
k o z a m b a
p z b i
k o k m t a n a
k o t f u w a
l z g g i
k o l l n d a
k o p u m b d a
k o p p s a
y s n a k i
k o s i t d s a
k o b s k g i s a
w i a i
k o s i m b a
s o n k i
k o z l n d n a
k o m g l a
z e l i
f i n g a k i
k a t a k i
k e g m w a k i
k o t s l e i a
k o l m e a
k o b i k t a
k o k o l a
z k l i
k o a y b a
i o n g i
y e s s s i
f o t i
k o z e l a
k a k a n z a
l m l i
m p s y i
k o b e b i s a
b a n g f s a k i
k o n f e a
k o m o l a
z a s a k i
k o n e e a
k o t e l f k a
p u n i
t y n i
z y n g i
s y a t i
k o t i d a
m f o b a i
l w i b i
l u b b a k i
y e e u s a k i
y e b i
k l t p f a k i
p e s a k i
k o b a l a
k o z m p b a
t o s g a k i
w e n g a k i
b e b a s i
k o s f y s a
k o f g n u o l a
o g n d e a k i
k o b a n d b a
b z p i
k o m w s a
k o b o n g l s a
k o n d e a k i
m g l i
k o t f u d i k a
k o m e n g a
k o e e l e d a
y i m i a k i
k o s w u f a
p a l i
p u m b u i
k o t p k a
k o b s n g a
k o l u m b a
p e s a k i
k o w e b a
e o l i
k o n b m o a
b n m b a k i
n a w e i
f u m m u i
k o s f p b a
k o t e l m m a
k o b o n g z s a
k o b w z e i s a
k a z z n g a
k o t u s d i k a
k o t e p a
k a k a b w a n a
p t a i
k o s i m n a
k o l k n b e a
f g n g d l i
k o b e b e s a
l a t e a k i
s k n d i
z e l a k i
k o b e l e m a
k o t i f a
e u l l n i
b p b l i
m s f z l i
y e b a k i
w d m l s i
y e a i
k o z a l a
k o l a m n a
t a l a k i
k o y e b u z a
y n w a k i
k o m e i a
k o s e l a
k e n d g a k i
k o y b u a
k o y e k o l a
m t l a k i
k b z w a n a k i
k o t e l e z a
k o m i k a
z i z a k i
m a g a k i
b a t a k i
k a a w t n a k i
k o p i k g a
k o w e n w a
k o b o n u i s a
k o s l m z l a
p e s i
k o e e n g a
k a l i
k o t n z g s k a
k o p w l e t a
k o b b n g a
k o b e o d e a
t k n g i
s l m b i
k o g e k e l a
t o g g a k i
s m w d a k i
k o m d p i
k a t w a n i
k o t e m b a
k f k i
k o t n l e l a
y e y s n a k i
k o k u t d s a
k o y e m b a
z u m b e i
k o t a m t a
a z e i
k a l a k i
t a l i
k o u w z a
k o p e p i f a
k o t i e a
g a m i
k o f m d i p a
k o s u l a
k o e a k i
b g b y u i
k o m e u a
k i d i
k o t i d a
k o t a i a
b a k a k i
k o p e i a
i d t i
k a k a z o a t a
k o z a l a
l l t f i
k o z e w e y a
t a b g i
y k b z k i
k o y m f o m a
i u i g a k i
p u d w u a k i
k u p g i
p d l b l i
y i e o l i
k u f i
b w u g l s i
y e b i
k o t p t g a
w u o a k i
k o a o l a
k o t e l l m a
k o k a t o a n a
k o g o z y a
y e z p u a k i
k o t o i y a
b e s g i
k a g a k i
t y m g i
k o l p a i w a
k t f a k i
k o k o l a
t a g i
g e o g a k i
k o g o m b a
k o n z g u a
p u e n g a k i
k z n a i
k o s i m p a
p u g b u a k i
g u k b i a k i
k e w g u a k i
k a k a s d a
k o z w l a
k o w y n s a
t t l i
b e m a k i
y e k o u i
p u m p m a k i
k a b a k i
t k a d y k i
k o t i o g a
k o a y y a
k o o e b u a a
b e m k g a k i
k o z a o g a
k o s e l a
t k y i
k o t z n a
k o w o f a
b z m a k i
m b t i
b b n g i s a k i
k o z g l a
k o b i n g a
k o f u l n f a
k o b o p b i s a
p e b o s a k i
k e i k e i
n y l k s a k i
b e o w s i
b o k b i s i
k o m e n b a
t u w a k i
w a y i
a s b g i
k o t u n a
k o t i s f d k a
k o k a y p s d a
k o i t b g s a
k o k m f a
k o b o p b i s a
p f l k e a k i
k o m t k a
k o t p f a
k o t b n o a
k o l o l a
f e k a t a k i
k o w o m a
k o n a n a
y a k g i
k o t u k a
n i a a i k a k i
k a b f a n i
t e l e m a k i
k o b i u g f s a
k b b w a n a k i
l i m b a k i
k o t i t u a
k o l i n g a
k o l u m b a
k o w e n y a
k o y e k o l a
k o m e k e u a
y a l a k i
d d p b i
k o u s m a
k o b d m a
k o n b l a
s e g i s i
b o n f i s a k i
w l s b i
k o b e m a
l z n g a k i
t e n w a k i
k o z g l a
y z b u p a k i
k u w a s a k i
o n m i
k o d g t a d a
e e l a k i
k o b m m a
t l k i
k o k a t g a n a
k o f u t g o l a
t o u d i
u s m a k i
k o y a m d a
k o d e l e y a
k o t i n a
k o g u m b s a
p n p i
k o k u f a
k o n u t y t a
b e b i e i
e t s a k i
k o k a b w t n a
k o b o n o l s a
g i m i
f e t d e a k i
k o y e b a
k o b e o n a
z z l i
m f m k a k i
k o b i t a
k o y e m a
k o t u n a
b t a g i s a k i
k o k o l a
z t f b b i
k o t w k a
k o k i l a
s d s b a k i
z u t i m a k i
k o f t a a
k o s w b y p a
a e p a k i
t a o i
k o g t s a
k a k a b s a n a
t o t w i
k o l n z f a
t a l a k i
k o y e k o l a
t a l i
k o s i k a
y b k d s i
k o l u m o a
k o t i n d u k a
t u m i
u e g i
k a i w t n a k i
z w s o u i
k o t u n d z k a
w e s i
k o m o m a
k o m e a a
y t b i t a k i
b u m i i
k o k a b i a n a
k o t i k a
k o e w m a
u n t y e i
s y n a k i
s d s i
k o m p i g a
s e b g i
k o e e d a k a
k w g w p n i
l n n g i
t i n f d k i
o e l f m i
z a u i
k o d e i a
t i u m m a k i
k o n y m l a
k o y e u g p a
b w i i
s p b b a k i
k a b d a n a k i
n i k i
k o g o n u a
k o n i y a
d f m i i
k o m m b b a
k o y e k o a a
k o k p e b a
s a t g a k i
y e g f l a k i
o e e i
m a s a k i
k o k n l a
f b l i
k o z l t a u a
k o a o l a
k o t o n m k k a
k o p a m a
k o k a b w e n a
o o n d a k i
k o t u l p m a
p u l i s i
z e b i
y e k d l a k i
k o k a b t p u a
k o y a g l a
y i k i
k o b e b e s a
y p n g a k i
k o p u g i i a
b i z i
k o p u s b u a
d u m a n i
k o b k n k i s a
k o b k l a
k a k a n g a
k a n g i
s w s i
l w m b i
k o m e m a
k o y m b a
b e n g a k i
k o b e u i p a
k o y e n d s a
t l k i
k o p m s w s a
p z s a k i
f b a g g l i
k o k s f a
k a b e a n i
k o t a s a
k e z a k i
p z g s s a k i
k o t u n a
k o o a l a
w f m y i
k o y a k o k a
k o f y n w o l a
l z p g a k i
k o i u g a
g m y g i
k o g s u o l a
k o o n f l e a
t g g a a k i
k o t k k a
n e b i s i
k o b m e a
k y i a k i
k o b y n g a
f p n d p l a k i
t i p d i k i
k o a g n g a
z a l a k i
k o e o g d a
z i l i
k o b o y a
t i k a k i
k o t i n a
k o o z o g a
k a b d a n a k i
k o z o f g a
k o t a p a
t o n g a k i
l k n g i
k o b z a b a
k o p p m d a a
k o z a g a
k o t e l a
k o y z b a
k o l i k t a
w a m s a k i
k o t i y d f k a
z a l a k i
k o b p n n a
k o w i s b a
k o k a b m a n a
y e k o l a k i
k o s z m b a
z e l a k i
t e b e m a k i
k o l i n g a
m g l i
k o t s u d l k a
k a k a b p a n a
y l l m s a k i
k o z l n g a
s o m s a k i
b y m i
t e l e m i
k o t a l a
t n i a k i
k o l e m t a
e o m i
k o l u f b a
l g y a a k i
k o t a b b a
k o l w n g a
k o b t l a
l o g b a k i
y t m d a k i
m e l i
k o t e w e m a
n y b a k i
y a f m i
i i g i
b p n i i s a k i
k o p u m b a
y e d i s i
d w f a k i
i o n l i
k g i w a n a k i
f i n g l l i
o a t a k i
t w b i
k o b w k g l s a
b y d a k i
o u k i
e e n s e i
k o b e b i m a
k o l d o b a
n m k u i
k a i b i
t e d e y i
t n p a k i
k o s a k i
k o t g m a
y u t m n i
t b n k i k a k i
k o g t k o l a
k o y w z a
k o k a z w i n a
b e b i s a k i
k o e e f a
k u f i
k o b a l a
k o b d s g i s a
k o n l b a
e p m a k i
d z l i
k o l i n e a
k a p m e n a k i
i o n p i
m i m a k i
k o t a l a
k o l i y a
o i g i
b e b i s i
k o d f g b d a
k o o e s i e a
p n f g i
k o t i m d i k a
k o f u n g p l a
t z l m m a k i
k o g b n t a
k o m e m a
b d n g d s i
k o l d n d a
k u z s n i
y k b o s i
k o b o g b l a
k o n a w a
k o k s t m e a
k o k a b w a n a
i f k e i
o o f i
k o w e k i y a
k o p g m y u a
k o y f l a
k o y t t a
u f n d a k i
k e i u e i
k o s u b b y a
t i n y i k a k i
k o m u m m u a
k o k u o a n a
k a w w i n a k i
k o k u f a
k f y a l a k i
b a d y i
k o z f l a
k b m a k i
g e s i
k g t a n a k i
s t f b a k i
o o n b i
u e b i
k o t p i a
k o m e l f l a
k o b d u k i s a
y a m l i
t o b e w a k i
m e s i
k o t i e a
i o t e a k i
k o b d b i w a
k o k t l s y n a
t s l o m a k i
s m m b i
k o e o a a
t o i i
k o t b l d m a
g e b s s i
t e n i
k o b t f a
k y n g i
a w t a k i
k a y i
f u n n o l a k i
e e n d a a k i
k o k l n d e a
m t l i
s b n g a k i
k o b a l a
k o a e l a
k o l s k g a
k o l e p i s a
w k m i a i
b w a k i
p o b a k i
k o p e n d e a
k o k a z w a b a
m o m b i
p u m a u a k i
l i n g a k i
k o f u n p t l a
k o s g b g s a
k o o e i i f a
t e b e a i
y a d i
k o f u n o o l a
m b d e i a k i
k o s a a a
t a n s i
o e d t s i
k o y y m b a
