b a a w o s o
w o s o e e
w o s o k o
w o s o e e
w o s o
w o s o
w o s o e e
w o s o
ŋ w o s o
b a a k p ɛ t ɛ
k p ɛ t ɛ e e
k p ɛ t ɛ k o
k p ɛ t ɛ e e
k p ɛ t ɛ
k p ɛ t ɛ
k p ɛ t ɛ e e
k p ɛ t ɛ
ŋ k p ɛ t ɛ
b a a d i k i
d i k i e e
d i k i k o
d i k i e e
d i k i
d i k i
d i k i e e
d i k i
ŋ d i k i
b a a n u
n u e e
n u k o
n u e e
n u
n u
n u e e
n u
ŋ n u
b a a ŋ a
ŋ a e e
ŋ a k o
ŋ a e e
ŋ a
ŋ a
ŋ a e e
ŋ a
ŋ ŋ a
b a a ŋ m a a
ŋ m a a e e
ŋ m a a k o
ŋ m a a e e
ŋ m a a
ŋ m a a
ŋ m a a e e
ŋ m a a
ŋ ŋ m a a
b a a k o t a
k o t a e e
k o t a k o
k o t a e e
k o t a
k o t a
k o t a e e
k o t a
ŋ k o t a
b a a g b l ɛ
g b l ɛ e e
g b l ɛ k o
g b l ɛ e e
g b l ɛ
g b l ɛ
g b l ɛ e e
g b l ɛ
ŋ g b l ɛ
b a a l a
l a e e
l a k o
l a e e
l a
l a
l a e e
l a
ŋ l a
b a a b o
b o e e
b o k o
b o e e
b o
b o
b o e e
b o
ŋ b o
b a a ŋ m ɔ
ŋ m ɔ e e
ŋ m ɔ k o
ŋ m ɔ e e
ŋ m ɔ
ŋ m ɔ
ŋ m ɔ e e
ŋ m ɔ
ŋ ŋ m ɔ
b a a y e _ n k u n i m
y e _ n k u n i m e e
y e _ n k u n i m k o
y e _ n k u n i m e e
y e _ n k u n i m
y e _ n k u n i m
y e _ n k u n i m e e
y e _ n k u n i m
ŋ y e _ n k u n i m
b a a t e e
t e e e e
t e e k o
t e e e e
t e e
t e e
t e e e e
t e e
ŋ t e e
b a a b ɛ ɛ
b ɛ ɛ e e
b ɛ ɛ k o
b ɛ ɛ e e
b ɛ ɛ
b ɛ ɛ
b ɛ ɛ e e
b ɛ ɛ
ŋ b ɛ ɛ
b a a t s i n e
t s i n e e e
t s i n e k o
t s i n e e e
t s i n e
t s i n e
t s i n e e e
t s i n e
ŋ t s i n e
b a a t s ɛ m ɔ
t s ɛ m ɔ e e
t s ɛ m ɔ k o
t s ɛ m ɔ e e
t s ɛ m ɔ
t s ɛ m ɔ
t s ɛ m ɔ e e
t s ɛ m ɔ
ŋ t s ɛ m ɔ
b a a t s i
t s i e e
t s i k o
t s i e e
t s i
t s i
t s i e e
t s i
ŋ t s i
b a a f a l a
f a l a e e
f a l a k o
f a l a e e
f a l a
f a l a
f a l a e e
f a l a
ŋ f a l a
b a a f u t u
f u t u e e
f u t u k o
f u t u e e
f u t u
f u t u
f u t u e e
f u t u
ŋ f u t u
b a a ŋ m ɔ ɔ
ŋ m ɔ ɔ e e
ŋ m ɔ ɔ k o
ŋ m ɔ ɔ e e
ŋ m ɔ ɔ
ŋ m ɔ ɔ
ŋ m ɔ ɔ e e
ŋ m ɔ ɔ
ŋ ŋ m ɔ ɔ
b a a h i ɛ
h i ɛ e e
h i ɛ k o
h i ɛ e e
h i ɛ
h i ɛ
h i ɛ e e
h i ɛ
ŋ h i ɛ
b a a s u m ɔ
s u m ɔ e e
s u m ɔ k o
s u m ɔ e e
s u m ɔ
s u m ɔ
s u m ɔ e e
s u m ɔ
ŋ s u m ɔ
b a a f e e
f e e e e
f e e k o
f e e e e
f e e
f e e
f e e e e
f e e
ŋ f e e
b a a j e
j e e e
j e k o
j e e e
j e
j e
j e e e
j e
ŋ j e
b a a w ɔ
w ɔ e e
w ɔ k o
w ɔ e e
w ɔ
w ɔ
w ɔ e e
w ɔ
ŋ w ɔ
b a a k a i
k a i e e
k a i k o
k a i e e
k a i
k a i
k a i e e
k a i
ŋ k a i
b a a d a
d a e e
d a k o
d a e e
d a
d a
d a e e
d a
ŋ d a
b a a t a
t a e e
t a k o
t a e e
t a
t a
t a e e
t a
ŋ t a
b a a g b i
g b i e e
g b i k o
g b i e e
g b i
g b i
g b i e e
g b i
ŋ g b i
b a a f ɔ f l ɔ
f ɔ f l ɔ e e
f ɔ f l ɔ k o
f ɔ f l ɔ e e
f ɔ f l ɔ
f ɔ f l ɔ
f ɔ f l ɔ e e
f ɔ f l ɔ
ŋ f ɔ f l ɔ
b a a j a a
j a a e e
j a a k o
j a a e e
j a a
j a a
j a a e e
j a a
ŋ j a a
b a a l e
l e e e
l e k o
l e e e
l e
l e
l e e e
l e
ŋ l e
b a a k a n e
k a n e e e
k a n e k o
k a n e e e
k a n e
k a n e
k a n e e e
k a n e
ŋ k a n e
b a a h a
h a e e
h a k o
h a e e
h a
h a
h a e e
h a
ŋ h a
b a a y a
y a e e
y a k o
y a e e
y a
y a
y a e e
y a
ŋ y a
b a a b ɔ
b ɔ e e
b ɔ k o
b ɔ e e
b ɔ
b ɔ
b ɔ e e
b ɔ
ŋ b ɔ
b a a f a a
f a a e e
f a a k o
f a a e e
f a a
f a a
f a a e e
f a a
ŋ f a a
b a a h ɔ ɔ
h ɔ ɔ e e
h ɔ ɔ k o
h ɔ ɔ e e
h ɔ ɔ
h ɔ ɔ
h ɔ ɔ e e
h ɔ ɔ
ŋ h ɔ ɔ
b a a t s ɛ
t s ɛ e e
t s ɛ k o
t s ɛ e e
t s ɛ
t s ɛ
t s ɛ e e
t s ɛ
ŋ t s ɛ
b a a s ɔ l e
s ɔ l e e e
s ɔ l e k o
s ɔ l e e e
s ɔ l e
s ɔ l e
s ɔ l e e e
s ɔ l e
ŋ s ɔ l e
b a a f ɔ
f ɔ e e
f ɔ k o
f ɔ e e
f ɔ
f ɔ
f ɔ e e
f ɔ
ŋ f ɔ
b a a g b e l e
g b e l e e e
g b e l e k o
g b e l e e e
g b e l e
g b e l e
g b e l e e e
g b e l e
ŋ g b e l e
b a a t s w a a
t s w a a e e
t s w a a k o
t s w a a e e
t s w a a
t s w a a
t s w a a e e
t s w a a
ŋ t s w a a
b a a d u
d u e e
d u k o
d u e e
d u
d u
d u e e
d u
ŋ d u
b a a l ɛ m ɔ
l ɛ m ɔ e e
l ɛ m ɔ k o
l ɛ m ɔ e e
l ɛ m ɔ
l ɛ m ɔ
l ɛ m ɔ e e
l ɛ m ɔ
ŋ l ɛ m ɔ
b a a k a f o
k a f o e e
k a f o k o
k a f o e e
k a f o
k a f o
k a f o e e
k a f o
ŋ k a f o
b a a k w ɛ
k w ɛ e e
k w ɛ k o
k w ɛ e e
k w ɛ
k w ɛ
k w ɛ e e
k w ɛ
ŋ k w ɛ
b a a h e
h e e e
h e k o
h e e e
h e
h e
h e e e
h e
ŋ h e
b a a h i
h i e e
h i k o
h i e e
h i
h i
h i e e
h i
ŋ h i
b a a t s u
t s u e e
t s u k o
t s u e e
t s u
t s u
t s u e e
t s u
ŋ t s u
b a a k p a s a
k p a s a e e
k p a s a k o
k p a s a e e
k p a s a
k p a s a
k p a s a e e
k p a s a
ŋ k p a s a
b a a j o o
j o o e e
j o o k o
j o o e e
j o o
j o o
j o o e e
j o o
ŋ j o o
b a a s e l e
s e l e e e
s e l e k o
s e l e e e
s e l e
s e l e
s e l e e e
s e l e
ŋ s e l e
b a a f o
f o e e
f o k o
f o e e
f o
f o
f o e e
f o
ŋ f o
b a a y ɛ
y ɛ e e
y ɛ k o
y ɛ e e
y ɛ
y ɛ
y ɛ e e
y ɛ
ŋ y ɛ
b a a j u
j u e e
j u k o
j u e e
j u
j u
j u e e
j u
ŋ j u
b a a w a
w a e e
w a k o
w a e e
w a
w a
w a e e
w a
ŋ w a
b a a t s ɔ s e
t s ɔ s e e e
t s ɔ s e k o
t s ɔ s e e e
t s ɔ s e
t s ɔ s e
t s ɔ s e e e
t s ɔ s e
ŋ t s ɔ s e
b a a w ɔ d ɔ i
w ɔ d ɔ i e e
w ɔ d ɔ i k o
w ɔ d ɔ i e e
w ɔ d ɔ i
w ɔ d ɔ i
w ɔ d ɔ i e e
w ɔ d ɔ i
ŋ w ɔ d ɔ i
b a a m ɔ
m ɔ e e
m ɔ k o
m ɔ e e
m ɔ
m ɔ
m ɔ e e
m ɔ
ŋ m ɔ
b a a g b l a
g b l a e e
g b l a k o
g b l a e e
g b l a
g b l a
g b l a e e
g b l a
ŋ g b l a
b a a k p e
k p e e e
k p e k o
k p e e e
k p e
k p e
k p e e e
k p e
ŋ k p e
b a a b l ɛ
b l ɛ e e
b l ɛ k o
b l ɛ e e
b l ɛ
b l ɛ
b l ɛ e e
b l ɛ
ŋ b l ɛ
b a a g b o
g b o e e
g b o k o
g b o e e
g b o
g b o
g b o e e
g b o
ŋ g b o
b a a j i e
j i e e e
j i e k o
j i e e e
j i e
j i e
j i e e e
j i e
ŋ j i e
b a a s h w i s h w i a
s h w i s h w i a e e
s h w i s h w i a k o
s h w i s h w i a e e
s h w i s h w i a
s h w i s h w i a
s h w i s h w i a e e
s h w i s h w i a
ŋ s h w i s h w i a
u t u e a d i
j a a k a b ɛ ɛ p e k e e
ŋ w i a k b l ɛ e k o
b a a m
h i e e l e k h a k e e
g b i i ɛ
i k i k i a k o
ŋ j a a a y a
a ŋ a s i n e ŋ d i e e
a a b ŋ j m a a e
b a a a a h ɔ d
ŋ h e e e
b a a u n ŋ k p e w i a a h i
ŋ s ɔ t s ɛ
a l ɛ m a a t s j u k o
a a b
ŋ ŋ f e s ɛ m
g b o e a a l e
b a a a t a b a a y
a s h w a i k o ŋ g b l
w i a e l a k o
s e e a i k g b i k
ŋ a a y a ɛ m ɔ e k p
ŋ e e e h w k p ɛ t
e _ n k a y ɛ l ɔ k e e
l e k o s u m
ŋ t a a j o
ɛ m ɔ e a a l
ŋ a a w a a n u a j o
t e e a a n k i k o
a a s e k o
b a a j e e e
b a a i k s ɛ p a f ɔ f
ɛ m ɔ e
b a a e e k g b l a b o
a s a e
ŋ b s o k k o
b a a a j a l ɔ e ŋ j u
s u ŋ f a l k o
b a a a f o k
ɔ s e e t a e k o
ɔ s e t u k a a h i e e
o k o ŋ h i ɛ b i k o
ŋ k a a a m b l k a i
a t s w a k o t
b a a j e k o t _ n k u a a l e
l e k o e e e
i ɛ k a f a
ŋ a a b o h w k w ɛ e
i s h u m ɔ e a m ɔ e e
a s a e a s a ŋ j a e e
b a a y a e
ŋ m ɔ k
a e a j u
n i m t s ɛ
ɔ e e a a y e a h e a f u u t u k
a a m d a e ɛ ɛ e e
j a a a m k p e
ŋ n i m ŋ t s i n e e e
ŋ b a a ŋ u m l ɛ k o
ŋ s
a a t s k o
a f ɔ f ŋ s e h i k o k o
k p a u e e e e
k p e e o k o k o
ŋ j e ŋ k w ɛ
ŋ a d a k w ɛ
b a a f k o
o s o
b a a ŋ t s ɛ a a b ɛ a k p e
a j a b o k o e e
b a a o t a e e e e e
y a j e e t ɛ h w i a
ŋ m a a l e k i k e _ b ɔ k o f l ɔ ŋ t e
b a a k i e a f o
h i ŋ h i u t u k
b o a a d a
b ɔ a t t ɛ g b o k a i k k o
d u a b a a l e e e
ŋ h a e e
s w a a k o
ŋ f a u n i m t s ɛ e e
ŋ ŋ ŋ a d ɔ
ŋ a a t a
j e k o e e e
ŋ w ɔ a w ɔ
d a e b o k o o e e e e
j i e e a h a ŋ f ɔ f a h e j a a e e
o o k o a f ɔ f
k a f o e e
b a a e _ n a f u t
s a k o e e
ɔ l e k a a g
b o e e e e i ɛ k o
ŋ u e j o ŋ f ɔ f ŋ f e e
b a a s e k o f o k a k o
ŋ h ɔ ɔ a a f u
o t a k e e
b a a k o j u e e
ŋ a j u ɔ ɔ k o
i a k o b a a ŋ l e k o
w ɛ ɛ m ɔ k a h ŋ m ŋ h e k o
a f a l
m ɔ e e _ n k u
o t a k a a y e e e e
b a a ɛ m ɔ s ɛ e e i e e
ŋ k w ŋ m ɔ ɛ e e a e e
ɔ ɔ e a h e t s w e e e
ŋ w p a s
ŋ e e e
p e ŋ a e ŋ m ɔ s e e
a j i e a j a u t u k k o
a a b l a f s h k o
ŋ t a ŋ m
l a e e a a j
h i e a i e m ɔ k
f ɔ f l i n e m ɔ ɔ k e e
b a a l a e e a y ɛ d u e k
ŋ g b o e o s ɔ i k
d u k o
ŋ j e j a a ŋ n e e
b a a ŋ y e a a k o
b a a a f o k w ɔ e
ŋ h i ɛ e e
ŋ w ɛ e
t s i
ɛ e e w a a e
t ɛ u k i m ŋ s h e e
f a l ŋ f u o t a k e e
f a l a w a k o k o
b a a a l l ɔ k o
a i h i a j a e e
w a a e k a f e l e k k o
a h i ɛ a d i ŋ n b i e e
w a a e n i m e e
n i ŋ m ɔ ɔ p ɛ t ɛ e e
ŋ s e l e l a f ɔ f e e
b i t s ɛ a f u t ŋ d i k e e
b a a a a n a h i s e e e
ŋ i a k
b a a d a g b i t ɛ k o
a a d u ŋ j i ŋ k o ɛ m a a m ɔ b a a
s u m ɔ i n e k e e
j e k n e k o a f u t k p a
b a a s u k o
ŋ b l a e j u k o
o s o k
b a a a y e ŋ y a b ɔ e ŋ s h w
b a a s w a
ŋ b a a w a a h
i m k o k o
a k a f g b o e e e
a ŋ b a a b k o
a s h w e e e
w ɔ k t s e e
b a a f ɔ f a ŋ m a j i e
ŋ f a l ŋ n s ɛ k o t u e e
ŋ ŋ t a t s ŋ j o o
b a a p a s ŋ a e e a b ɔ
d i k ŋ a e e e
b a a n e e e p e e ŋ m ŋ s h w
ŋ j o o ŋ n u e e
a a t a k a f a a j o
d ɔ i e ŋ t a a a e e e
ŋ k p a f l ɔ e k a n
_ n a j u h ɔ ɔ e ɔ ɔ k o
b a a w o ɛ m ɔ s i k a f e e
a h e
f u s u e ŋ s e
b l a j e e k p a e e
w a a e a l a
b a a n i m e b e w i s h
f u t u u e t a k o k o
d a e a a b e e
ŋ t s ɔ i e e w ɛ k o e e
y e _ n ɔ i w ɛ k e e
a s u m
f e e e w i s h
ŋ a w ŋ a k o a i k ŋ f u ŋ k
b e l e k a j e e e e
b a a b a a w a
b i e e h e k o
ŋ m ɔ k
ŋ b ɛ b o e e y ɛ k j o h ɔ a a m ɔ
k i w a h w i s l e e e k o
e k i k i k n k u n
ŋ l ɛ k o ŋ d i k a n e k
b ɔ k o e e e
i ɛ o s b o e k o
e _ n k p e e e e e e
a a s h a a b ŋ f ɔ
i e e e ŋ k p s o g b o k
ŋ y e _ e e
k i k o
n u k a b ɔ w a e e u t u s ɔ l e e e
ŋ t s ɔ b a a j a a s
ŋ t a i m e e
e _ n k ŋ m a a k o
a l ɛ a ŋ m a e e
i ɛ e e e e
b a a ŋ m ɔ a a e e ŋ m ɔ k
a a d a ŋ m a a e e
a g b e k o
s i j e e e e e
s e e e i ɛ k o k o
n u k k o
f u t h e k o a j o e e
k p ŋ h i ɛ l ɛ m ɔ k o
ŋ a k a f ɔ ɔ k
ŋ b a a d ŋ t a
u m ɔ k j o o k
ŋ o e e i a k o
i ɛ o e e h w i s
ɔ i k a k p ɛ e e
d u k l a u t u k k o
p a s a a f o k w o u e e a w o s i n e
ŋ l e ŋ a e ŋ k a f o k o u e e ɛ t ɛ w a a
w a e ŋ s ɔ e e
a a e _ ŋ s h w e e
ŋ s e l
f u t u ŋ a k o k o
m e e ɛ ɛ ɔ l e a a ŋ m
a a n u t ɛ k o t a
j a a i s ɛ m a b k o
w ɛ a a e a e e j o
b a a a l e ŋ b l
a f a d i k o e e s h w i
k p ɛ o t a e y ɛ e e
o s ŋ d n u k b ɛ f a a e n u k ɔ ɔ k o e e
ŋ y a h i k a s e e
k a i e a f u a i e e e
g b o ŋ h i ɛ k o
b a a s u m
s w a h ɔ a k a i
b ɛ ɛ ŋ y ɛ
a w a n u
b l ɛ e ɔ s i m f a e k o k o
ŋ w ɔ d ŋ ŋ m a e e
i m n e k o
b a a j a a e f a a k
a b ɛ ɛ n u u k o a d u h i k h e e e o k o
ŋ ŋ a j o k o
a a g b _ n k a f o k
f a l d ɔ i e e e
ŋ k a n w o s o k o
b a a t u k
a ŋ a j o o e e e
a n e k o
a a d a s u e
ŋ s h w j a a k o o k k o
ŋ h e n e e e o t a k ŋ f e y ɛ k o e e
ŋ a l e f o k o
s o k ŋ d ŋ n u k o
b a a k a n i a k a a d i l ɔ a a k m a k o t a
b a a d i k s i e ɛ t ɛ ŋ s u m w o s o
f a l a f l ɔ e e e
k i e e d u e
m k o o k o a j i e e e
g b ŋ h a w ɛ k a y o k o
a t a a k i ɛ k o ɛ e e e
a a f ɔ w ɔ d e e
m k o s u e e k o
f a l a a s u m
w ɛ k n k u n e e e
a a g j u k o ŋ j o e e
e k o e e
ŋ y a ŋ j u ŋ f u t k o
w ɔ ɔ i k
b ɔ e e e k ŋ h i ɛ
i a ŋ s e k a i e k i k o
p a s a t a k o
a b o
_ n g b e l
k p ɛ t ŋ w ɔ d ɔ k o k o
ŋ d u e e
b a a ŋ j e s o k l ɔ k ŋ w a
i k o w i a e
a n e h i k k p a s u n i m k o
s i k o ŋ w o a a k w e e
b a a i k i e k u n i
ŋ ŋ m ɔ k a k p e
ŋ a f o k
g b i e ɛ ɛ k o
s ɛ m ɔ j u e a k a f
b a a f e e e ŋ t s i
e l e e t s ɛ k o
a y ɛ o o e e e e e
a s u m t a e e a a f e s o e e p ɛ t i k e e
ŋ a a j i f e e e
b a a a a a a s h ŋ f u
a f o k e e
y ɛ i k i e i m k o
a l e ŋ l a a e e e e
ŋ l a e e
o k o k a f ŋ k a n
a a h i n e k e e
f a a e s ɔ s
t u e e e e
b a a b a a g
ŋ g b ɛ m ɔ k
ŋ s w a a h e k p ɛ t ŋ a e ɛ ɛ k _ n k u
a a e t u k o
ŋ h ɔ ɔ a a ŋ s h e e
a a t s g b l a
ŋ m ɔ e a y ɛ a ŋ a k o
b a a a d w i s h a t s u b a a f
j e k a k p ɛ a y e a j o a a l ɛ ŋ k o t
a s a k
ŋ h i k s ɔ s e
ɔ l y ɛ k o ŋ l e
ŋ y a e g b i
ŋ a e w ɔ d ɔ
b a a _ n ŋ f e e
b a a b l ɛ e t ɛ e e
a a j s ɛ m ɔ
b a a g b i e o t a e
a a l e k o
ɔ ɔ e a l ɛ h a k o
ŋ j o w ɔ p ɛ t e e
b ɔ k a a s e e e
m a a e e
ɛ ɛ t s ɛ m k o
a h e ŋ k a n e e e
ŋ i m e e ŋ f u t
y e _ s o
ŋ a l b ɔ e
t s a a h e e
a h i u e f ɔ e i ɛ k o ŋ a y e w ɔ k k o
ŋ f l ɔ e ŋ k o t a h e
ŋ f a a e e e
ŋ g b i
g b l a s ɛ e n u e e e
a f a b ɔ e e e e
w a e e w i s e e
n u e e i m k o ŋ ŋ m ɔ e e
f o e d u k e e e
a h ɔ b i k k o
m ɔ ɔ k k a i k a y e g b b a a s e e
m ɔ y ɛ p a e e
_ n k u t a e e j u e a a f k o
ŋ ɔ f l
b a a ŋ t e ŋ k a i
ŋ t s ɔ a s e ɔ f l
o s o ŋ j i u t u k k o
ŋ d ŋ d i e e k o p ɛ t ɔ ɔ k o e e e
ŋ w b l a e
w i d ɔ i k
i e e
w ɛ e e a j a ɔ i k t s ɛ m e e
ŋ s ŋ t e e
o t o s o e
s a t s a i e e e
a g b l i ɛ e e k w
w a k o ɔ i k e e
t s i k u n i m a w a a s h e e
b a a s i e e ŋ ŋ
l e e e e e e
ŋ y e a l a e e
ŋ l ɛ
s ɔ s h ɔ ɔ k a a b
ŋ y ɛ ŋ h i k o
s a d ɔ i e a b o h ɔ ɔ
ŋ a f a l a j i ŋ m a a i e e t s ɛ k
u e e e e
k o f u t a t s u k o
u m ɔ e ŋ a e e
a ŋ m ɔ a w ɔ e e
a j a
t ɛ e j i e k
l ɔ e i e k a a t s
h i ɛ l ɔ b i
a i e e a l a e u m e e e
a a m k o
ŋ f a
b a a w i a k a k l ɛ e e
b a a e e e e a t s i ɛ ɛ
m e d a e e l e e
a a k p e k a h i ɛ e e
ŋ k p e f ɔ f
f a a e ŋ s h a a t a e e
d ɔ a i e
ŋ m ɔ ɔ k a t s u
b a a a s a p ɛ t
t s ɔ s w ɛ k o e e
t s y e _ l ɛ n u e e
ŋ g b l a
t s ɛ k
t u k o ŋ h ɔ ɔ a a l a e e
ɛ t b ɔ e e u t u e e e
a j o a g b i ɛ t e e
a t s i a a h ɔ
ŋ u t u e ŋ f a a
b a a s ɛ m i s h ŋ m ɔ e ɔ i e e
ŋ ŋ k p ɛ ŋ f u
b a a a w ŋ g b l ɔ
b o k j u k o ŋ k
a h ɔ ɔ s u e e e e
n e k a a t f a k a f o
b a a t k o
b a a i e d i b a a w
ŋ b l ŋ n e e
b e l e e e
i e k o a s ŋ t s ɛ e e
b ɛ ŋ w o n i m k o
ŋ k o t b o k o e e e
a a h t u e e e e
t e e k ŋ g b o a k a i e e e
m a i e k o a j
m a a ŋ w o s k o
b a a w i s h b l a e g b e l ŋ f ŋ d i
b ɔ k o ŋ a e e
b a a a b ɛ ɛ s u e s i
a s u h w i s
k w ɛ e l ɛ k o o t
b l a e t a k o
ŋ a f a a ŋ w a a f ɔ
i k i w a k o a ŋ a k o
a a s h s ɛ k i k o t u k o
s w w a e e t u e e k o
ɛ e b a a i ɛ e h i e
a i e e e l e e e e
ŋ e k j e o t a k ɛ k
_ n k u ŋ f n e ɛ ɛ e e k o
b a a a t s w e _ n
b a a m t u a h i d u k o
ŋ f a d i k e e
ŋ s ɔ s e
i a k o f o k o a s ɔ l
w ɛ e ŋ w
ŋ s e ŋ y e ŋ w ɔ d e e
ŋ s e
ɔ s e e u t u e k o
ɔ e e k u n u k o s w a a b a a j e e
ŋ b ŋ f a a b ɔ k e e
i a k o s e k o
b l a w o s h e e a a e e e e
b a a ŋ m a
b a a ɔ f l ɔ o s o k s e
b a a h ɔ ɔ
a a b l ɔ d ɔ i ŋ s u m e e
a y ɛ n k e e
l a ŋ k p e f o a a f ɔ w a e k o
ŋ b ɛ f ɔ e e ŋ w o e e
b a a b l a k i s a y e
ŋ ɔ i e l ɛ m o o e e p e a a b
b a a ŋ n a a d ŋ k o u k o
a a b ɛ i n b a a f e e
d a h ɔ ɔ e
b a a i s f e ŋ j a f o e
i k i a ŋ m a a d
f e b ɔ a t e ŋ t e e
a s h f ɔ k o
ŋ y e p e e e h i ɛ k e e
ŋ a k
b a a h ɔ ɔ
l e k a a ŋ ŋ s h e e
a l ɛ m n u k o e e
ŋ a y ɛ f l ɔ k
ŋ a k p ɛ ɛ m ɔ e ɔ l e k
ɔ d ɔ i w a a j a a e e
b o k o b a a n g b l ɛ e e
k u n i a a f u e e e
n k s i e t e k a e e
ŋ a k a w a y a e
ŋ h i ɛ ɔ s e k e e e
u k j u e e
a a w a a l a i k o e e e
a a w ŋ k o t ɔ l e e
ŋ ŋ h ɔ ɔ y a k o
t s i n a t e ŋ k a f
ŋ ŋ b ɛ ŋ ŋ
ŋ t u k ŋ k a n
b a a a a l ŋ f a t e e e
e e k e e
o o ŋ m ɔ l ɛ m g b o k
a b o i ɛ e e e
k i k o a i k b a a w s ɛ k ŋ j u ŋ b l
ɔ f l ɔ
b a a g b o k f o
a d ɛ t o o e s ɔ s e
b a a w o s o ŋ l e a a ŋ m
b a a s o e e
b a a a t w i s h
f a l n k u a l a k e e
b a a k p e e p e k ɛ e e
i a i n e k e e
ŋ a a h ɔ t s i n
e l e e e e
ŋ a y e a a l e d i k i j e j o o e ŋ h e
ŋ w ɔ d t s ɛ e
ŋ ŋ t s j u e e d i k
k a i e e
b a a ŋ f ɔ ŋ f e
ŋ b ɔ a a n u ɛ ɛ e
k a ŋ b l ɛ
i ɛ k o k a i e
b a a n e k o a a l a
b a a y ɛ e b l ɛ k k a i e
ŋ ŋ k w ɛ b ɔ e a a b i ɛ k o b e l e
s e i ɛ
a f a l ɔ k o
a l a k b o e e f ɔ k o e e e
m ɔ f ɔ e b e l y ɛ e e
a y e n u e d a e
n e e e ŋ f ɔ f
a f ɔ f e e
b a a n e k o a ŋ m n i m
e l b ɔ k o
ŋ j u t s ɔ l ɔ e e
a a j u b i k a s a i e
b a a w o s o t s ɛ
a h i ɛ s u e e
ŋ w o y ɛ e e e e
b a a s h w h w i a t a ŋ t a
n k u n l e k o
ɔ f l ɔ h a k o e e e
e k o u m n i m a k a i
ŋ y ɛ a j e w ɔ k s w a
d i k i s i e e e
n u k o ɔ ɔ k w ɛ k e e
ɔ e o t a e
f l ɔ ŋ s h a t s u k o
u m ɔ k b a e e e
u e y a k o i k o
b a a d a k o
a h i ɛ l ɛ m t s u k o
ɛ t ɛ a a t s a j u a l a ŋ g b e t u e e e
ŋ j i a a
ŋ m ɔ k ɛ m ɔ ŋ k a n
a i e e a j i e
a d ŋ t e k o ŋ h a ŋ l ɛ l ɔ e e ŋ w a o k o
b a a ŋ f u s i e e w ɔ e
a a y p a w ɛ k p ɛ t ɛ
ɛ k o g b k a i w o s o e e
w i a k s e e e b a a w k o
b a a l s i e e
s w a a a h e k o
p a t a k
ɔ d ɔ ŋ f e e e e
ŋ y e s a k
k a n a g b i ŋ k e e
s a k o e e e
ŋ t s ɛ i e e e
f ɔ k o a a g a j i
h e k o a l a k a a d i e e
a j i e a a w o
a l ɛ m j e a s u m e e
i ɛ e e a a n ŋ m ɔ ɔ ɔ f l ɔ a a s ɔ i ɛ k
b a a a l a a j e
g b i k a f e w a e e ɛ t ɛ k p ɛ t k o
k u s a e e e
a a s e k p ɛ t w ɔ
ŋ f ɔ t s w a e e e
a a f o j u k i m k e e
b a a d a k o
ɛ t ɛ k e e
ŋ s o e l a k o
i ɛ e a m
a g b e ɔ k o i m k
i k a j i e k o
b a a d a k o a d ŋ h i
t s t s u e d a e k o
ɔ l ŋ w o e e
l ɛ _ n ŋ a e e ŋ t e
o k w o s p e k o a a w o
a m t s w e e
a b ɛ ɛ p a s a
ŋ m ɔ e h e n e k e e e
k w j i e k o k o
s h i s h e e
s h w i ɔ l e k f u e e
t s ɛ k a f o e b ɛ ɛ k
ŋ g b o e e
h e ɔ ɔ
a n e e m e e e e
e l e e a a t a t s i k o
b a a ŋ e l e e e e e
ŋ ŋ t e e w ɔ d a t s u _ n k u
a b o i m k o b l a e e e
s e w a e e ŋ a a i k e e
a f u t k i k s h w
b a a k a l a k ŋ s e l
u e j i e k a k o ɛ ɛ e e e
a a y ɛ u t
e e e s i n
ŋ m ɔ ɔ e e
p a s a a f ŋ m b o k o
b a a a a k p
j e e a k p e
ŋ w a h w i m ɔ e e
l a e ŋ f o b i e e e
d a e i m k o l e k l ɛ k b l ɛ k s o e
ɛ ɛ e a f o j u k e e
b a a y ɛ k o w ɔ e e
ŋ p e t e ŋ ŋ m ɔ ɔ d ɔ
a e e ŋ f a a s u e e
ŋ s ɔ s w ŋ m ɔ ɔ i a e
m ɔ e e k a i e a a t ŋ j u
t s i n l ɛ k o s u
f a a k s ɔ s d a e e ŋ f a a s ɔ e e e
ŋ b a a j a w ɔ d
m ɔ k k o
ɔ i k o f ɔ k s a
f o e e b a a t e e e
p e k o a s ŋ t s ɛ
ŋ l ɛ m a b l a t s i e e
a h i ɛ a a y e
ŋ s h w b l a k f o e e
a a f e a a h e e e
ŋ g b l i n e k k o
s e a a d i a b o b o e o k o
a s h f o k o
s a k o i e e e
i e e e e e
ŋ a k w t s i e
b a a i ɛ e j u e e
ŋ u t u ŋ k a n
ŋ k p e k s e l e b i e e b a a ŋ a k
ŋ a t e b a a i e
ŋ w a f ɔ a f u t b ɛ ɛ e
ŋ k p ɛ t s i e k o
ŋ t s u e a a k p t u e e
b l a k ŋ j o s a e i ɛ k a a d u ŋ d e e
i k i a g ŋ w o e e
a a k b ɛ ɛ e e e
a j i k w ɛ k
h w i a e e
t e e k
e _ n
w a a k ŋ n n u k o e e
a f o e a l a k e e
b a a a y ɛ ɛ t ɛ e ŋ g b
ŋ h a e a k w s i e
o e e s a e ɛ t ɛ ŋ t s w a a e e h e k k o
a ŋ m e e
a a t a ɛ k o h i e
ŋ t s u s ɛ e a a d e e e
l a e e e e e e
y e _ n y ɛ y ɛ a a e k o
f a a f a l a
ɔ i a a ŋ
s w a l e ŋ j e a k p ɛ
a n e k e e
a w o s
ɛ t u e e e e
b a a s i m k i m e
k u n s a e e e e
ŋ s u m j a a a a f u a a y a k o
w i s h m e e b a a h w a a k e e
b a a t s u m ɔ ɔ a a b l
ŋ ɔ i k o
s e k o l ɛ m e e
ŋ ŋ b ɛ
k p a i m s h a a j a
b a a t s w a s u m m ɔ ɔ e
b a a j ɔ f l ɔ k o
m ɔ ɔ ŋ g b i s ɛ e e e e
ŋ k a n t s i ɛ ɛ k o
s i e e u t u a a f a
a s e l b ɔ k m a s u m
b a a k u n t s g b l a
k p a s t s i n e e e
w ɔ d
t s s e y a e e
f e e e b i e s o e a a k o
j a a t e e k o
b a a a a k p e k o h e e e
ɔ s e e u t u e e
i ɛ k o k p e e
e _ a l s e l k o
ŋ a t s i ŋ l
u n i b ɔ k o d a
ŋ s u
y ɛ b l ɛ k e e
a j e e e
a b o p e k
a t s ɔ a a s e e
t a e a k a f f l
ŋ s u m
b a a i a e e ŋ d u
a k w ɛ a l y e
b ɛ ɛ e e e
i e e
b a a a f o k t s ɛ e a s a
ŋ k w h ɔ ɛ ɛ e
m ɔ e e m ɔ ɔ k a s ɔ l e e
ŋ s u m ɔ
i a k ɔ i k o w ɔ k
j i e k ŋ k o i m k
ŋ ŋ h k w ɛ k ɛ e a a d u
ŋ g b o s ɛ m ɔ e e e
l a e e
s i k o h ɔ ŋ s u e e
j i e e a g h e h a k b a a k ŋ a e e
ŋ s h w e e
f ɔ e e a h e
g b i k k o
l ɛ e e ŋ w ɔ d u t u e e
b a a s a e e i ɛ w a k a n e k
b a a t n i
ŋ e e e o s o e a a j u
ŋ t ɛ e e a g b i f o e s u e i n e e ŋ b l
b a a a i s u k f l ɔ k
k a i e s ɔ s e l e k o
ɔ e a a d u p e e k o
b o ŋ f e ŋ ŋ m a a l a s ɛ w o s
ŋ s o k a a t a y e f o e
ŋ d a w ɔ a i k o k o
a b l i ɛ k ŋ l ɛ e e
i a b ɔ k o w i a k ŋ m ɔ ɔ
ŋ w o s a f o e o o e
o o l ɛ m ɔ
ŋ h ɔ a j u
ŋ j e h e e k a i e
w ɔ e ŋ y ɛ a f o e l e k o
a h ɔ ɔ e e k o a f ɔ e e
ɔ ɔ e t s i n
u t y e _ n n e e e e e
j a a k j u e a m k o
s o k o b i k i k i e e e e
l ɔ k e e e
b a a y a k _ n k s i k n u e e
b l ɛ k u t u a h i k o
o s o k e e
l ɛ k a k a i j e a j i e i m e e a s ɔ
s ɔ a j e ŋ s ɔ
d u j i
ŋ l ɛ
b ɔ ɛ k o h e e e
t a k o e e
o k h e e e k u h a k o e e
ŋ f l ɔ a k a i a a ŋ
k u n n k u ŋ b ɛ ɛ
a i k a b f o e
w ɔ k o i k i e e
a j a a
a a h i a a f d u e e e e
t s ɔ s o k o o k b a a w n u a l a k
b o k o
ŋ j o o b a a h o o
l a e e j a a k f ɔ k o
a a f ɔ
f e k o
b a a j i ɔ k o o o b a
f ɔ e e o t b e h e k j i e e k o a i e e e
ɔ ɔ a a f a a a j e
a f o k k o
ŋ s a a s e e e
ŋ h ɔ ɔ e e e e
g b e l e e e
b a a b o k ɔ ɔ a a ŋ s a k
s e l e ɛ t ɛ k a k o k o
u t s ɔ l e ŋ j i e e
b o t s ɔ ŋ m ɔ k e e
ŋ j u ŋ j i e s e
a j i
ŋ a e e h a k o
s o
d ɔ i e ŋ t s ɛ s i
k u n g b a k o t o k o
a i e e b a a l e e e
t s ɛ e g b o e e e
b a a w i b a a f w a a e
j i ɛ k o
l a k a e e k o
t u k o k p a t e e k
ŋ k p t s u e h e k o
s o k b a a ŋ w ɔ d ɔ a a j i
a a y t ɛ k k o
ɛ ɛ e a a b l l e k
b a a b a a h i e e
ŋ l a ŋ a e e
a i e i ɛ e
ŋ a a j o ɔ ɔ k o
k u d i k i s ɛ e
s a a w o i a e e u t u e e
d u k a a f e j u e e
y ɛ k o
a a k a a k a ɔ d ɔ i e e
l a k a a n w a k
a a b l e e
ŋ a d i ɔ ɔ k o o t
b a a k p e e w a n e w a t s h e e e
ŋ b ɔ k a a d u
n u p e k
ŋ f a l ŋ b ɛ h a k u n i e e
d a e e ŋ t s ɛ t s i n
ŋ d ɔ i e a l a ŋ y e _
j u e o o e ŋ b o i m
a m a a k o a l ɛ e e
ŋ o o k o b a a n f a l
t u k k a ɔ d
ɔ e e y ɛ m a a k
k a i k ɔ ɔ e e a f o e k o
t s ɛ s ɛ e
b a a y ŋ m y ɛ e
k o s e k o e l e e e
o o k o a f a l e e
l e k o e e e
a s e a f o a ŋ m a e e
i e e k i k o ŋ t s ɛ e e
ŋ a a s u b a a j
y a k ŋ k p a w ɔ k
a a s h e e e
a a w o ɛ ɛ t e e e e
h e k ɔ l e h a k o e e
s i j e e e e
ŋ u n i m d a e e
t s w ɔ f l
ŋ o e k w ɛ e y ɛ b a a j
b ɛ a a f a ɔ ɔ e e e e
ŋ p ɛ t ɛ
ɔ s e k
f a a k a f ɔ f
t s ɛ ŋ b l b a a
a a y e l ɛ e ŋ j u
a k w ɔ s e m k e e
d a e e a d
ŋ w g b i e ŋ a k
e l e w ɔ e e a s h s a e e e e
a a m e e
b a a b o t a
a k a f s i k o
b a a i n e e a j o o
u t u o o e i e k h i k o
ŋ ŋ k w ɛ
a a y a
ŋ y a e s u e e e
w a k o e e
b a a k a i a t s ɛ
a b ɛ ɛ a a ŋ a a h e e e
a a m a k p j u e e e e
s ɔ l e h e k ŋ d i w ɔ d j i e k a s ɔ
j a a e m ɔ ɔ e e
ŋ f a o t s e ŋ h e
a f a s u k e _ n e e
s e l a d i k h i ɛ e k o
t a k o w i a e
b a a a a f a a d u
a h ŋ h e k w ɛ k
b a a t s u k
b a a k u ɔ e e h w i
l a k s h w
a a k w b e
ŋ a e u t t s
d ɔ i e a g
a s a w ɛ e e k o
h e e e
a e e ɔ s e e e
a f u t a f a e e e
w i s b i e
e e a t s l ɛ k o
p a a a j e e
j i a w a s a e e e
ŋ a k o t
f a a k w i a k o o
n i m k s w e e
w ɔ k a a d u
e e e a k p ɛ a h ɔ ɔ
j e e s i n s i e
t s i e g b i e e e
ɛ t ɛ e ŋ j g b l e e
b o e n e k o
ɛ ɛ ŋ s ŋ w ɔ d l e e e e
a f ɔ w a e b a a g
a a k p s a k o ŋ ŋ m ɔ e e
ŋ t s u w a i a e e e e
j a a e b a t a f a a
w ɛ e e d i k
g b e l e e
f ɔ i n e k
g b l ŋ ŋ m w a a k
ŋ t e e a f ŋ s e l n i m e k o
s a e d a
ŋ s h w w i s a a b ɛ
b a a j e k o g b i
s o e e w ɔ d e e
j e e e f ɔ f a g b o k o
j u e e
w o e e
k p ɛ t a s a e d a e e k o
t s ɛ k p e a a w
n u k ɔ s e e d u e e
ŋ j e
b a a j o o e e
t u e e w ɔ d k a f k o
f o k o a a y b a a n k o
a a w ɔ g b o e e e
a a s h e e
j u k o l e k a f o e e
b a a l t s u e a h e e
ɔ s e e ŋ g b o
b i k t u e a k a a f ɔ f
ɔ d ɔ i ŋ s e l e e e
ŋ h l ɔ k o a a j e e
ŋ t a e e j a
b a a a k p a
a f ɔ k p e k e e
a s h w i a
a a e b i k o w ɔ e e e
f o k e l e k t ɛ
s ɛ m s e l e ŋ f a l
a i k w i a e e
g b n e e e e e
g b o k e e
y a e e i k i e e e
b a a i e k ŋ w a
ŋ a w ɔ d y e _ n w i a k
a a t e l m ɔ e e t ɛ e e e
e e k o ɛ t f a a e
a t s ɔ e e
a d i y ɛ k
b a a w ɔ d ɔ ŋ ŋ m ɔ
ŋ h i e h a
t s ɛ k ŋ m ɔ ŋ s h h a e m ɔ e
h i ɛ k ŋ h i ɛ k o
a j i e a h ɔ k a i k k o
n i m e a b ɔ e e e
ŋ k a n l e k o e e
s e e y e a a f u k o
b a a y a k o ŋ g u m ɔ k
ɛ e p e e e k i e e ɔ e e a a ŋ a j o ɔ d e e
w ɔ k o a a t ɛ m ɔ e e
ŋ l a e e ŋ j l ɛ e
s e e e e e
f ɔ k a l a e a t a e e
j u e a a h
ɛ e e w ɛ e e a k p e e e
ŋ g b e
b a a j a a l k o
b a a k u n i
a a f u k i e a f
a a e o e e e e
o k o
a l ɛ m e e
j i e e s u e e e e e
n e k f e e e e
i a e i n k p e k a h
a k p ɛ a s e
ŋ s w a a a j i
ŋ b s a e
b a a s o k ŋ b j i a t a
i e a t s w d a k
ŋ b o e e e k t ɛ e
n u k o k o
e e e e a a e e e e e
ŋ b l a e a a t e
ŋ g a k a i e e
o t a e m e e k p ɛ ŋ h ɔ i s h p e k o e e
b a a u m ŋ g b e p a
ɔ s e a s u m
a s a h a e t s u e e
ŋ m ɔ e s i n a l ɛ
s w a a t s u k e e
ŋ b e l e
f l ɔ e e e
b a a ɛ t ɛ ɛ k
ŋ t s u e y a e
ŋ a w o i ɛ ŋ s e ŋ j o
i a a a h ŋ s ɔ e e
ŋ m k w f e e e
u t u u e h w i e e
b a a a f o b a a j
ŋ d n u k o a l ɛ e e
j o a b ɛ m ɔ e e e
d u e k i a b a a s h o t a l ɛ k e e
w ɛ k p ɛ t i ɛ k o e e
ŋ y ŋ ŋ m ɔ
ɔ d ɔ ɔ ɔ k b ɔ
k w ɛ e l a e s i n e e e
b a a a m j u k o b ɔ k
ŋ j o b e l e t ɛ e e
ŋ o o e e k a n u m ɔ k
ŋ w a e e k a g b l
b l a k i a e ɛ t ɛ k
f a l j e e k o
b a a a s m a s a
t s u a d a w a n u
ŋ w f a a k
ŋ j a a e k p a
a w o f e k o
ŋ s u e ɛ e d a l ɔ e
h i e e ɛ e i m k o f a l ɔ ɔ k ŋ m ɔ ɔ e e
b a a a b l ɛ n i m k a j o o
a a l n i m k i a k o e e e
w o s o h ɔ ɔ k
ŋ y ɛ i k o
b a a k w ɛ k
ŋ s o e t a e s ɔ s
s u m b ɔ k k o
a a ŋ a ŋ m ɔ k
t s w a k o
b a a w a e ŋ f a m ɔ e
ŋ s ɛ e e g b l w ɔ k
ŋ ɔ f l ɔ a b l
s u m a h i ɛ k o
ŋ e e e ŋ j u l ɔ e
k o t a e e
ŋ s ɔ l e e
ŋ a a m ɔ
k w ɛ e ŋ a k o p a e e
ŋ e k o b a a h k a n e
ŋ l ɔ k o a i k ŋ y
k o t ŋ w o b o e e a b h w i a m a a k
w o s o t u e e
d a k o ɔ i e e e e
a t l ɔ k
i e k ɔ s e e d ɔ i e
ŋ n u e e e k o
ŋ t s ɛ ɛ m ɔ e _ n k t a i ɛ e e
b a a h b a a d
ŋ j a
b a a b e a a k o
i e k o
b a a b ɔ w a e e
a a b ɛ a a h i a l ɛ m
u t u ɔ i k o
a s u ŋ d u f l ɔ
w o s o f a f e e e e
b a a ŋ l e n i m a i e e
n k i n e e e
a l ɔ i k a a j o e e e
ɔ ɔ _ n
ŋ ŋ m j o o e h ɔ ɔ k k o
ŋ n u k o ŋ m ɔ ɔ ɛ k a a d a k a f
ŋ b i e a g b o
h w u n i m s o k o b a a n
d a k b a a w a j a
s o e u t u m ɔ d a k o
t ɛ e ŋ l ɛ m s e l
ŋ l i n e k ŋ a e e e e e
w a k g b e b a a l e e
ɔ ɔ e ŋ a k
l e k o u n i m a j a a o s e e
m ɔ e e s h a d a
a i k o o s o e e
a a e _ n u k o ɛ ɛ ɛ k o a j e e e
a k w e e
b a a ɔ s e k ŋ h
u e e s u k o e e e
j i e a a n u e e
ŋ a w o p a s a b a a n
a a t a k i ɔ l n e k o
b a a b i k o
h i k o
j i a f e e e e
e _ w i s h e e
i m k o n u
a f ɔ a s a
a a g h ɔ n k
h w i f o g b e e e e
a b l ɛ ŋ g b l
b l ɛ ɔ ɔ e e k o
ŋ h ɔ ɔ e e
b l ɛ e
b a a k a i k
t u e b ɔ k o ɔ i e ŋ g b e k o
ŋ a g b e ŋ t s w s i n ŋ k a a k a f
ŋ y a ŋ k p e g b l a w ɔ d ɔ s u m ɔ e e
ŋ a t ŋ f e e ŋ s u
b a a w a a k a a s u b a a w
l e e e e e
ŋ a b o d i k a g b i k o a f o
g b o e
b a a a f o e ŋ j e
j i e a a m e e
k w ɛ k b ɛ ɛ e k i e e e e
k u n b e
ɛ t ɛ e a h e e
b a a j a a w ɔ d ɔ
w ɔ k ŋ d a e _ n k
i e e e e
w a a i a k o
ŋ t e e e _ ŋ s u m e e
s a k o k a f a a j i
ŋ t s ɔ t a a k w ɛ
ŋ k a n k i e e
a a f u j u k o w a a k e e
k a n ŋ t s ɛ u n i
ŋ y a d u e e e
ŋ n u d i ŋ y a l ɛ m e e
a h ɔ t s b o k e e
a s a a a f a ŋ b ɛ
l e k a g b e e e
a f o ŋ g b l ŋ f u t
b a a b o k o
w ɛ k i a k h a k
ŋ b ɔ a a l
e e e ŋ l e
y ɛ k o b l a e k o
a a j a a f ɔ e e
b ɛ ɛ s ɛ e s u m a g b o ɔ l e y ɛ e e e
m e w ɔ d ɔ ɔ s h e k o ŋ t s u
a y e t ɛ k
ŋ ɔ f l ɔ s e e e t s ɔ s
ŋ b l ɛ k w ɔ e e
b a a m k o
a a h a s i k o b o e e e
b a a ŋ y i m s u k d ɔ i
ŋ g b o a s a k a t u k o m ɔ ɔ e w ɔ k o
ŋ j a a ŋ a
ɛ ɛ k
b a a b a a h w ɛ k s e k u t u k a a d u
a a g a g b l
ŋ a k a i a ŋ m
b a a o s o d a e e _ n k
s ɛ m ɔ ɔ d ɔ i h ɔ ɔ k
m ɔ e k a i a y e e
b a a a a n j a a e ɔ ɔ k o
ŋ a w ɛ e a w a a a y e e e
ŋ w a e n i m w ɔ k o a a k a t a e e
ŋ k i _ n k u
a a t ɛ e a a n
b a a l ɔ e e
k o n u e e w o s f o k o e e e
a j a y a e e a w o s e e
m ɔ ɔ e ŋ s e l e e
h e e a k p a ŋ k a i
s a k s ɛ m e e e
ŋ a k w ɛ t s ɛ e
l ɔ e ŋ b l e e
ŋ h i a h a ɛ e a l ɛ
b a a a d i k a a f u a a e e
e k o e k o b ɔ e e i ɛ e e k o
o o k o
o s o e ŋ f a k o
n k u
a a h ɔ ɔ l e e k o
b a a k o t a a t e u e ŋ y a e e y ɛ ŋ j ŋ b l ɛ
b a a s i k o a j u e e
l ɔ e ɔ k o ŋ t e e s o k o
ɔ k o ŋ w ɔ d e e e
a h i ɛ a g b o e e
e l e e n u k o a a l ɛ ɛ k ɔ ɔ e i ɛ k o
g b o i m ɛ t ɛ k e e
t s ɛ m ŋ t a e e
ŋ n i w ɔ e e
ɔ ɔ k a s h j i e e e e
e l b i e s ɛ e e e
f ɔ f o s o k
ŋ ŋ k o t i k b a a n
b ɛ ɛ b a a k e e
m e e ŋ g b e e
d ɔ i k e e
ŋ a j o o a w ɔ
b a a k w ɔ i a k ŋ y e _ n k a k a f s o k a k o t
b a a b a a k a a l a
ŋ t e e e
a a k a g b e a s i ɛ
j u e e f o k i a k
b a a d u e a f o e a a d u
t s ɛ m a a g g b i e e e e e
ŋ p e k o
ɔ s e e t u e e s o k
a a j o
n k f a l a e e a a l ŋ w o e e
k a i e e e
a s h ŋ f u t
a g b l e e
s u k o h i e f u t
f a a b a a g k o
a s e e e
w i a e
h ɔ ɔ k k o k o
b a a k o p a s a
b a a j a a k
s ɛ e
a a g b a b t a ŋ l e ŋ k p e e e e
ŋ t s w s e l e t s ɛ
ŋ m ɔ e k o
ŋ l ɛ e e
j i e e b a
ŋ k a ŋ h e e e
i s ɔ k o e e
l e ŋ f u k i i a k o e e
ŋ y e ŋ w a p e e e o t
_ n k u a g b e
a t a b l a k e e
e l e ŋ t s w a a y k o
a a j i m ɔ e e
ŋ m ɔ ɔ y a k ŋ s u m a f e f e
b a a m
b ɛ ɛ e a a h e e e
g b o
ŋ k p e ŋ f u j o o e e e
b a a u e d i e _ b l a
b ɔ e e
f a a ɛ t
b a a h i k a ɔ l e b a a l
g b o ɛ m ɔ b a a j
i e k o u t u e n i m e e e
g b o s e k u k o
s i k o ŋ m e e
ŋ ŋ ŋ m ɔ s i e e s ɛ
s u m ɔ n u k o f o t a e ŋ w ɔ d a a l
ŋ s h w e e e
a k a a s e a a f o e e
ŋ ɛ t ɛ e ŋ n u w ɔ e e
i a a f o a f a a
b a a d u k o b a a l
h e k o ŋ l a
ɛ m ɔ k a a s u k a i e k o
y ɛ j o e e
s e k h w ŋ k p a k o
a s a l e e k o
a a s e ŋ y e _
ŋ t s u i k i e
b a a f o e a a y e ɛ t ɛ
t a e f o k
ŋ ŋ m
ŋ ɛ ɛ e e
ŋ k a i f ɔ f a a h a e e f e e e
ŋ w ɛ k o a ŋ m i e k
a m i e k o s i n e e
l ɔ a a l a i m ŋ h i ɛ
a f a l ɔ s e e e e e
h e t a w a a e
j e k ɔ f l w a a k o k o
k i a a f u b ɛ ɛ e b o e e a t s w
ŋ l e k p ɛ
w a a e ŋ k p ɛ g b o e k o
y ɛ a a y e k o
ɛ k l e e e k o
n k u n a a m ɔ k o
ŋ a e a h t s i n n u n k k i e e
ŋ l ɛ m b a a ŋ ɛ t ɛ k
a s e l b o w i s e e
ŋ ɛ ɛ k o t a e s ɔ s e
t s i e s i a t s ɛ
u n a a f ɔ
b a a a g b a g
b e ŋ h a i n e k o k o
d i e e k
o s o m ɔ ɔ k
ŋ k a i b o k o e e
ŋ b o s ɔ s
ŋ ŋ ŋ m
ŋ y k a i e u k o t a ŋ f e e s u m ɔ e e
j e k o j e k o l ɔ k e e
g b o o s ŋ y a e e
ɔ i k o e l e e a l b a a t a ɔ s
h i ɛ ɛ t ŋ g b i e e
ŋ w o s
u t h a k u n e l e k
a a y ŋ s ɔ l ŋ m ɔ
ŋ w ɔ d
s ɔ a f a a a y a
ŋ m ɔ ŋ f a m ɔ _ n k u ŋ k o t
a e e f a l a y a
ŋ o t a k ɛ t ɛ k
b a a h e e
a l ɛ p ɛ t a g b l
t s ŋ t s w l ɛ e e
b a a p e k o a k p ŋ k o
b a a d u b ɔ
ŋ k p a f e e b e l w ɛ k o e e
f o k o k o
k p l a k i e e k o
s a e e
s a e a h e ɔ ɔ e e e e
b a a f a a a a ŋ m
l ɛ k o ɛ k u e
ɛ ɛ e e w ɛ e e e
b a a t s i
k o a a f ɔ f l a a f u
k i k a f o ŋ k a n b ɛ ɛ k
i m e ŋ g b l k o
ŋ m i ɛ
ŋ g b l a
ŋ g b o t u k o ɔ s e e e e e
b i k w a e e h i e e e
a a s ɔ e e
s ɔ g b o k e e
ŋ a k p e a s e l
ŋ a b l ɔ k ŋ y
f a a
ŋ f u a a s h
h e e e t s w e e
b a a ŋ m a a ŋ t s ŋ m a a
a a s ŋ k a f o t a k
w ɔ k o
m e e u t u o o e
b a a f o k d u k
h i ɛ e n i m e e
b a a t e p e k s a k
ŋ h ŋ f u e e
k o t a i k o ɛ ɛ k o e e
b a a a s ɔ d ɔ
b a a ɔ i e e j o s u m a w ɔ d
l e k o k a i a b l ɛ s a f ɔ f e e
ŋ t a a f o s h s e l ɔ e e
ŋ o k o ŋ a k a s
f e e k k a n e ŋ w o s a a h e e
b a a a t a ŋ h ɔ ɔ
a a e ŋ m a a s u
b a a b o k o
ŋ k w ɛ w i j o o k e e
h a k o a f u t e e
t s u a b s ɔ l ŋ ŋ m ɔ o s ŋ s ɔ l k w ɛ e
b a a a n e ɛ t a a j
f u t i n e a w e e
ŋ s ɔ s a e e
a a l e _ a a s e e
s e k o a a y ɛ
ɔ k o e e
ŋ a a s ŋ h a
a f u t a f a l
ɔ i k o k o
s a k f e e k
ɔ f l ɔ
a t s ɔ e e e
e e e e ŋ j i e e
ŋ s ɔ p e e t s ɔ s
a k a i t s ɔ s k o
h a k o l ɔ e e g b o e e e e
t s ɔ w a a e i a e e e
ɛ t a a s ɔ ɔ ɔ k
i a e e l ɛ k o
y a e e s ɔ l e f a l a e e
s i a i k o
b a a d ɔ i k f ɔ f l a s u i n e
b a a d e e
f ɔ a k w
b a a a f e f o e e u n
ŋ j e l e k g b e
ŋ ŋ l ŋ t s ɔ
j a a k
ŋ a a k o a j u
k w ɛ e l e ŋ l e
f ɔ f e e
p e e k o
a l ɛ a a f o
b a a a d ŋ l a j u n e e
b a a y k o
s e e b ɛ ɛ k e e
f ɔ f l k o
ŋ a e e w i k p e a k a f a a d ŋ k w
a n l ɛ e e l ɔ k o k
h i a a j t s w e e
a j a ɔ ɔ k o e e e
a a g a a f u s i k o
a j e y ɛ e e a n u ŋ k o t d i k e e
a w ɔ w o d u e f l ɔ k
a m ɔ b a a t s u k k i l e e e
ŋ k a n ŋ j u k o
t s u k ŋ t s ɔ m a a k e e
b a a ŋ k p ɛ a ŋ a
b a a ŋ y d ɔ i k
a j a a t u e e e e
ŋ ŋ a g b o e a a e e e
ŋ b a a k w ɔ e o o e e
ŋ k a i s o b i a a s e
b a a k
ŋ d i o s o e k o
a a y f e e e e e
g b l a k o
b a a s i k o a f ɔ
i k o i e h i k s u k k o
a j a a ŋ k a n e e
ŋ l ɔ k o t ɛ ɔ i w a e e a a d u
b ɔ e e j a a k
a a k ŋ y a e e
y a k o b a a ŋ g b i e e e
b a a n i m e k u ŋ y e
b a a t a k
b a a ŋ l ɛ m m ɔ ɔ ŋ h i
o s o e d a k e e
a f ɔ f k o
ŋ a n e k p e o o e e
ɛ k f a a k k o
a l ɛ m e e
ŋ b o m a a e e e
l ɛ m ɔ a h e e
i ɛ a m w a e e k o
b a a a ŋ a s a k o a k o
d i k ɔ f l ɔ e e
ŋ a n e h ɔ ɔ e
a k p h ɔ ɔ e
o k t s ɛ m e e
s o e l ɛ e e e e j u k o a l e s h k o
w a a k ɔ f l ɔ e e
k w ɛ e m e d ɔ i k
m ɔ e j u k o o k o
a a m e e
b a a a s ɔ i e i ɛ
ŋ s o k w ɛ m ɔ ɔ k
ŋ l e t u e a a t y ɛ k o e e
m k o ŋ y ɛ k o k o
n u i a k o b ɛ ɛ k k i k o w i a a h e e e
n u k n e k o e e
t s i k n e k o f u ŋ f u t y a e e e
o k o k p a a n e d ɔ i e e e
b l ɛ t s ɔ s e e
b a a j a a l a
b a a a a y a u m ɔ
k p e k a g b a f u k o
a t s i n e k e e
a a f o u e s o k e e
ŋ a l ɛ m m k
a f u t a l ɛ m e e e
l ɛ t s i n a j i e e e
o k s u m ŋ s ɔ h i k ɛ e h ɔ ɔ a a s
f l ɔ e e l e ɔ d ɔ a s a k s i n e b a a ŋ e e
ŋ y e _ a t s ɛ e e e
ŋ k p ɛ e e
a t k p e e s ɛ e e
w ɔ k i m k l ɛ k j o o k e e
a a t
b a a l ɛ k w i a e
t ɛ e i ɛ k k u n k o
y ɛ k o ŋ w ɔ i e l ɛ k o e e
m ɔ e s h w o s o e e
ŋ m a ɔ l e k k o t a e e
j u e e e e
a a f ɔ t s
k u n i t e e e
e e k o k o
ŋ n k u n m k a i k o n u k o b l a e a d a
ɔ ɔ k o ŋ b o e e
e k i m k o
y e t s e e
ɔ ɔ k a a m i a e e ŋ k a i p e k o
ɔ i e e ɔ l e k a k p ɛ
k a h e e e
b a a d ɔ i k
a a j e f ɔ f l b a e e
b a a i e e e ŋ y e d u ŋ l a ŋ l ɛ w ɔ d ɔ
a a s h j o t a k o l ɛ k o
ɔ f b o w i a k e e
i e e a a j a
w i a k n i m e e
a d ŋ t s i e e
ŋ j e e e
ŋ s u a k a n o t a
b a a a ŋ a t s u
ŋ a y e _ a a d a a f
ŋ y e _
f u t u g b i k
s h
b a a b a a h t s i e h e
b a a s a e e
j e e ɛ ɛ e a s h ŋ f a a f a ŋ h
w ɛ e w ɔ d t s i e e e
m ɔ e
l ɛ m ɔ a a j a a j d i k i k w ɛ e e e
a ŋ a k a i k o
ŋ f ɔ t u k k o
o s o k l ɔ k o s e e e
ŋ j o o e ɛ ɛ e
y ɛ e s o k a a b l
s a e a w ɔ
o t a k i n e f o
d a k o a b ɛ
a n u w ɛ k b a a d e e e
a b s i e
k p a f e e
a a f o b a a m e e
a a l a s e l e k o
b a a ŋ k w ɛ
a a s h ŋ t s ɔ n k u e e
s o e e l ɛ o s s e k o a a w ɔ t s i e
ŋ g d u k w ɔ d ɔ
f l ɔ k a j t s ɛ m e e
ɔ f i e k o h i k o
b ɛ ɛ k k o
j e k k a n e a y o t a o o e e n i k o
a k a ŋ f e ɛ m k o
p e e i m k ŋ ŋ m a e e e
ŋ s h w l e k o h w i
a s e ŋ d a ŋ g b l
t s ɛ ŋ f ɔ e e
j a a ɛ k i e k o ŋ k o t e e
a w a s e n k u n t e e k
n e a a s ŋ f a a ɛ m ɔ e e
ŋ a f e m e ɛ t ɛ k a i e a a y k a i e
ŋ b l a ŋ m
a j l ɔ k o
s ɛ ŋ f ɔ f e e
h i ɛ k h i k k o
ŋ y ɛ k o b a a m m a a a a j i a t
h ɔ ɔ k i n e k e e
n e a a s l ɔ e e e e
b a a s w a a b e k a i k
ŋ s u k g b l a a f ɔ
d ɔ i o e e e
a g f ɔ f l ŋ k p e ŋ l e a j o o
ŋ f ɔ s h w p e e e b l ɛ e e
t a k o m e a s e l
u t u s e i n e a a b ɔ e e
f a l n u k e e
ŋ a h i b ɛ h e k
t u e e s w a a
a s u m
y a k o w o s ɛ ɛ k o
t s ɛ k u m ɔ e a h a i k i k k o
m k ŋ j a u m ɔ e ɔ l e k e e
y e _ n
a t s w h i e l e k o e e
p a s a k o
f l ɔ k a h i
b o e i a e i a e a a j u j a a k
y a e e y a e e e
ŋ h a k o ŋ f a b ɛ ɛ
a j i e _ n s e k
a k a n k w ɛ e
j a a ŋ b o
_ n k a f o ŋ b l ɛ f ɔ k o b o e ŋ n n u e e k o
i ɛ k o f e e k a b ɔ
s i e t a e e e e
s i e
ŋ g b o
a a f a ŋ j e b l ɛ e
o t a a l ɛ a a s k o
m ɔ k a f o k a a g e e
ŋ t u k m a a k
s ɛ k o ŋ t s i a a l e e
u e a a y a u k o e e
ŋ n i i ɛ k
s ɔ s s ɔ l i m k o a h u e e n i a s e e e
ŋ a k a i ŋ m ɔ d u
a a j o
b a a b e s a k a t ɔ s e
ŋ ŋ m ɔ b l a
h ɔ ɔ k j a a e
s ɛ e a s a e e
ɔ i e e e e
t u e y a k o
a f u
a k o t a w o e e e
ŋ j a a k
ɔ l e e
s u e e k i e e e
b a a i k i ŋ j a ŋ s ɔ a y a i s h w k p a s
t s u e a m ɔ j a a e e
i e k o m ɔ ɔ k
w ɔ d ɔ w ɛ k o
f l b a a k e e e
ɔ i e k p e k e e
w a k o e e
s e e e _ n k e e
a h e h a a k o e e
k p a s s o k
a a m d u k o k i e
b a a h b l a k k p a k o g b e l e e
b o k h ɔ ɔ a ŋ m a e e e
ŋ k a i a n u
j e p ɛ t ɛ ŋ l ɛ o o e k o
a y ŋ w b ɔ ɔ ɔ e e o k o
h i ɛ a a f ɔ e e
h a k o ŋ g b i e e
ŋ a y ɔ l e
b a a t s i f ɔ k o n e k
t ɛ k w ɛ e k o
a a s p a e e e a i e s i n
ŋ a ŋ a f u t
a a k a e e
w o s o e k a s a
ŋ j o o ŋ f e l e k
h w i s e e e
b a a g b e
ŋ b ɛ ɛ k h w i a
d ɔ i a e e e
s h w s a m k o k o
ŋ t e e w ɔ d
a k a n a k e e e k w
u m ɔ k a i ɔ i e e p e i n e a a y
i ɛ e f l ɔ k
ŋ j o o k t s u e
e e k ɔ f l ŋ a k o e e
s e e e w ɔ d ɔ e e
ŋ k a a a g t ɛ e e
a h ɔ k a f o i k o e e
a j i e
a h ɔ ɔ i e e e
o t a e e
y ɛ e
a a s u
b a a l e e e w o s o
n u k g b l a ɔ ɔ k o
ɛ t ɛ k
b a a ɔ s e
i m e e a g b f o ŋ n u
a w o e e
ŋ l ɛ m ŋ g b o b l ɛ e e
b i e e e e
w o s b a a d a k o k o
e l e l a e
ŋ w a i k a a b l k o
ŋ s i k o
b a a l m ɔ k o
ŋ a w o n e e e u m ɔ e
l e a a j o a ŋ m a ŋ f e w a a e e e
ŋ d i k g b ɛ ɛ e b l a k
a a b l f u t u ŋ d h w i a e l g b o e e e e
a a g a a k a
ŋ w ɛ e e
s ɔ s h ɔ ɔ e f l ɔ
ŋ s h w i
ɛ ɛ e e a h ɔ e e
a a k w
t a k ɛ e e e e
s e l o t a e k o
b a a f ɔ f
ŋ b ɔ
ŋ t e j a a e ŋ k p e e e
g b o ŋ w o a l e e e
t s ɛ m b o k o
w o s j u k o
b l ɛ e a h ɔ e e
ɔ i k ŋ b ɛ m ɔ ɔ
w a h a i k e e e
d a e e a k p ɛ e e
ŋ a i e ŋ s h w a n
g b e l w i a k o s o e
a s ɔ l e e
b a a b
a f e e s ɛ m ɔ
a l e i n t ɛ e e e e
m k h i ɛ
ɔ i e e a m ɔ ɛ e e n u k o a k p ɛ a a y
ŋ ŋ m ɔ i e k o
ɔ i e ŋ w ɔ
t s i s i n k p e e
ŋ t s k a n k o
a l ɛ m p e e e e e
b a a p e k o a l ɛ m l ɔ e e
a j o ɛ ɛ k w a e e
a a f ɔ f o e a w ɔ d
s a e e a a b ɔ e e e
b a a j i e e d u ɔ s e e
b a a h ŋ m a j e e e
ɔ s e f o k d i
d a e e b a a t
ŋ y ɛ ŋ s ɔ ɛ m a a k p b ɔ k o
a s a k s e l l ɔ
ŋ ŋ l s ɔ s e l a e e
i a e k a i e k o
a n e k ŋ j i
ŋ a g b e t a s u k o
ŋ b ɛ ɛ g b l a a a e e a a l a e e
a k p ɛ t u k a k p
ŋ j i f o k k i k o
ŋ y a l ɛ e
ŋ a e e a a n u b e e e
a a t
ŋ d i l ɛ e e e e e
ŋ o o e ŋ m f ɔ f
b a a s ɔ s e
w ɛ e e j u k s e n u e e
l e e a f ɔ d ɔ ɔ i k o e e
ɔ i f o e a w ɔ p a s o k o
ŋ l e e a w b i k
a ŋ a s e l e e
ɛ t k a n e e ɛ e k u w ɛ e a d ɛ m
ɔ f l k w ɛ l ɛ k o e e e
a h ɔ ɔ e e
ŋ a a l ɛ _ n f a a w ɔ
ŋ a g b i w a a e b a a k
ŋ g b l a f e e e e
b a a ŋ f e e a ŋ m a
i s h i n ɔ l e k ŋ d i e e
b a a ŋ k p h i ɛ k
ŋ n a a l k w ɛ k e e
ŋ a f ɔ w ɔ d
ɛ t ɛ k ŋ l a e e
s o k a d i k e e
e e k h i ɛ k b i e e
y e _ n e e
ŋ f u
a g m e o s o ɛ m ɔ e e e
a a ŋ m ɔ ɔ e
s i e e w ɛ e e e e
b a a f o k a a j u y e
ŋ ŋ a k o t ɛ b ɛ
ŋ ŋ w
b a a f ɔ k e _ ɔ i e
ŋ a g b i b ɔ e ŋ d i
ŋ w a k o f u t b i k o
o o e t s w ɔ d ɔ
a g b l i m h i ɛ k
j e k o o e e o t a e e e
ŋ l ɛ m ɔ m a a e ŋ h e
a a m ɔ
a a b ɔ a a f o
a k p l e k o ɔ l e e e
a s a k d a e e a f a
ŋ t a k n u k o a a h
ŋ ɛ e m e e
s o j i e e ŋ y e _
ŋ j ɔ d i k i
b a a b e a j u a w
n e s u k o b a a t p a s ɛ ɛ e e e e
ɔ f l a k o t i a e _ n k k o
b a a ŋ s u
a a d s w t u k o e e
k o a a s ŋ h e ŋ s e
o e a l ɛ a ŋ b e
a e a f s i e k p e e
ɛ ɛ b e ɔ ɔ k o
k p i e k ŋ g b i
b a a u m n i
g b l ɛ w ɔ k
l e k o e e
h e e e ŋ a k o e e
a k p a
t u e e e e
ɛ k o i k t s w k o
h w i a a a w a s u m e e
a a l a ŋ a k o e e
b ɔ k o y e _ n t u e
b a a ɛ ɛ k a a n u o t a
o s o k e e
ŋ s e l ŋ w o s e e
a a j b ɔ a f o e e e
ŋ s e l ɛ m ɔ f a e e
d ɔ i e i e k i s h k o
ŋ g b o s o e
j e k s o e j i e k
t s u k e e
b a a e l e k a j a
a k a f a b l ɛ
ŋ d u e e
a a h a a d i ŋ a e f o k b l ɛ k o k o e e e
f ɔ k a ŋ m a d ɔ i k e e
f o k i ɛ e e k o
b a a m a l a e e e
f o k o e e
ŋ h ɔ h i k a a h a e e
d a e e _ n
a w ŋ b ɛ ɔ i ɛ k o e e
n k u a a l a
a y l e e k u a a t e e e
ŋ k a i i n e e k o
a a j a _ n e e
u e k i e e f ɔ k
a ŋ m ɔ a j o l ɔ e ɔ ɔ k n k u n
ŋ h w w a k h ɔ ɔ e a w o s t a e a n e e
b a a t s i ŋ s ɔ l
a n e ŋ j e e
a a y e e
f u a i e e e e
b a a a k o t
ŋ ŋ y a d u a g b s e k
ŋ f a a j e k o ŋ f e
b a a u t u k
b a a ɛ k o h i k ŋ b ɛ
b a a a a f ɔ
ŋ ŋ a o t a k
u m ɔ k i e e e e
ŋ e l e e a a g a a b l ŋ m a s h k a f o
a s e a b ɛ ɛ k o
ŋ m ɔ ɔ h a o o e a a w o w i e e
m a a e i m o k e e
b a a m e e l e e e
ŋ ŋ j u ŋ y i ɛ e
k i
ŋ d a h i ɛ k o
w i a k o t g b o k e e
b a a u e a a ŋ a d a k o
a f o e e e
ŋ b ɛ
ɔ k o l a
ŋ f a a
b a a s w s h w i a k w
b a a j y a k a f a
k w w a a e y e _
a a h ɔ ŋ h ɔ ɔ e e
i k i t s ɔ s s i k e e e
ŋ a a w a o s o k m a
ŋ k o t a s a a k a
l ɛ k o k a n f u a y a ŋ f a e e
u e e m ɔ ɔ
s u e e f e e e a a j i ŋ g b b l a
ŋ ŋ a h w a a t s e e e
l ɛ e e e e e
t a e m e e l ɔ e h ɔ ɔ
n e k w ɛ e a j u
a j a a m ɔ
o o a a m d i k e e
ŋ w ɔ w o e e
g b o _ n
w ɛ e e a t s ɛ e e
b a a a g b o ŋ g b i a a g
i e k i m e e
b a a s i k o
k i k f l h e e l e e
a s e l i e e e k o
ŋ ŋ m a
s e l t ɛ k ŋ j a w ɛ e e e
ŋ h ɔ
b a a a a s ɔ u m s e e e
a a y e e e
j o f a a k k a n s h k o
f ɔ f j u k
b a a b o a a s u
a k o i m ŋ k e e e
ŋ f ɔ f e e
ŋ b a a m ŋ d
a j i ŋ l ɛ m t a s ɛ e k o
ɔ ɔ e e e e e
i k i k k w ɛ e w a a
b a a l ɛ k i a k o ŋ s h
b a a t a e e k p a t u e
b a a l ɔ k ŋ s u m w ɛ e a a ŋ a
g b e b l ɛ e e
ŋ l e i e k n i a t s w e e l ɛ k o w ɛ e
b a a k p ɛ t
m ɔ ɔ k w ɔ k o e e
t s ɔ o o k o a a y e e e
b a a a a d l ɛ k
ŋ d ɔ i k k p a s
ŋ n e w a e e a y y ɛ k o
a t n u f o k a f a
a a w a e e
ŋ w ɔ d a h a e e
a w
t a e y ɛ e e e e
b a a y ŋ w a e e
ŋ m ɔ ɔ e u t u e a a j u
ŋ g b
ɔ d ɔ i a s a k a s h w h a e g b l a a t a
a f e e ŋ s e e e
s e k a s ɔ l o k o
a a y e t s u e a a g e e
ŋ ɔ d ɔ i b ɔ e e
a ŋ m ŋ w ɔ d a m ɔ e e e
a a w ɔ h i e i m
ɔ i k a f u y ɛ e e e k
ɔ e i ɛ k e e e
ŋ a k o i k i e e e
a a t s
ŋ a f a s u
ŋ w a a k
ŋ a a s e a l e
ɛ m ɔ e a h ɔ ɔ ŋ d i k e e e
ŋ f u b a a y
b a a ŋ
f u t u ŋ d e e
l ɛ b a a f ɔ d ɔ e e
t ɛ e d a e e e e
b a a t s ɔ a s a i s h
a a f ɔ t e e k e e
a w ɔ d k a n g b g b i e e e
b a a k a i b e l e
a a e e a a d e e
ŋ s e l h i ɛ k a n
l ɛ t s ɛ a a h a e e
a a d i b i k j a e e e
b o e e p e e e e e
a l a w o t s u e
ŋ j a a k k w ɛ k
s ɔ l e j u k o ŋ k o
ŋ i a e f a l a
a a d u e e
b a a t ɛ k
l ɔ j e e a d u m e e b e l e
ŋ s e e a a f u
j i ŋ t s ɔ a b ɔ
ɔ l e k
ɛ k o s u m a k a
s i i e e e
j i e
a a f u
b a a a a w o a s ɔ l b a a g
l ɛ t a e e e e
k p a n e a m ɔ e e
a a m ɔ i m k ŋ d e e
ŋ p a s a g b e ɛ t ɛ
ŋ a a k o i a k k u n
a k ɔ ɔ k o
b a a t ɛ k o
s i e e a a t ŋ w o e e
e l e e w ɔ d ɔ b e l e e e e
s i n a w o e e
p ɛ t b l ɔ f l a a w e e
j e k ŋ n u b e l e n e e e i m k o e e
l a e e f o e e e
n e k o a k p a e e
s u k o a d i d a k
i k i ɔ s e e u e e
d a e e m ɔ e e
ɛ m ɔ ŋ f e g b l ɛ o k o
ŋ b l ɛ a a f ɔ ŋ j a a
y ɛ k k w ɛ k
f l ɔ k a a t
a n e k a e
l e a t e ŋ ŋ m a a j e e e
t e e e ɛ ɛ e e e e e
a f e e h i ɛ e e e
a a g k a i e e e
a a l ɛ l ɔ k i m k o p e e e w ɛ k e e
ŋ k p ɛ t s o k
ŋ b ŋ f e e a h e e
ŋ a g b l a n u
ɛ m p ɛ t s e k t ɛ k o
a a ŋ a s u e e e e e
ŋ b i e i k
a a b a a s e e e
a a b ɛ a a f e y a e e e e
ŋ p a s a s u
ɛ t ɛ e h w
w ɔ k o
ŋ ŋ f e _ f a l a
ŋ t u w ɔ d ɔ b o k o
a f e e k o
l ɔ e e n k u n
ŋ k a a l ɛ b ɛ k o
b a a a a d a s u m o o k
b e d u e e a ŋ a
ŋ f e a a y
a a j a w ɔ d e e e
ŋ k a f ɛ m s ɔ l e e e
s i k o w i a e a a y e
e k o ŋ m ɔ g b o k
ŋ f h ɔ ɔ k e e e
ŋ y ɛ e e
b a a s ɛ k ɔ ɔ k s ɛ k
ŋ w ɛ k o w i a
d u e e m ɔ e e w ɛ e e k o
t ɛ n e k
ŋ l s ɛ k k p ɛ ŋ k w ɛ e e
ŋ d ɔ i ɛ ɛ k o s w a
t a k ŋ l a a l e e
a y a s a e e ŋ w a k o
s o k a f o g b l a l y a e e
n i m k
b a a h
l e k s u k d a e j u k k o
a a e e m ɔ e _ n k e e
n e e p ɛ
a g b e a j o o w a a e a g i e e e e e
ŋ t s u ɔ d ŋ b ɛ
b a a w i a ŋ w ŋ m ɔ k
b a a l a k d ɔ i k
b i k o ɔ ɔ e e a s a e
a ŋ m ɔ
b a a n e k o
p e l a k o e e
b a a s o e e w i s
k p a s a g w ɔ d
ŋ l a ŋ s u w o h ɔ a a w ɔ d u k ŋ t e e
i a e n e o k o e e
h w i a w e e
a d i k u e a w a
a k w i s h w h e k
j a a a b o k a i e e
w ɛ k ŋ k o t a a j u k o
b a a i ɛ k o b a a h
t a k o
h i ɛ b a a l ɔ s e k a t s i k i k
ŋ s f ɔ f l
a l a e k o
b a a h i e ŋ t s u
a s u y ɛ k o a d u e e
f ɔ e ɔ l e e j u i ɛ e e e
l e e e e e
g b e e e e
a a l
ɔ s e
a a s u
k p a s b e e e
g b l a ŋ w o a s u e e
ɔ s e k j u k j a a e e e
ɔ k w ɔ e e e
i e k o t u ŋ y e _ e e e
ɔ e e w a a e a k a
ŋ s h
ŋ m a ŋ j a a a ŋ m k o
b a a f o k o s ɛ ŋ y e w ɔ b a a h
b a a j e k ŋ f ɔ f
_ n f a a n e b ɔ e e
g b l h w i a a t a
b ɔ k o k o
ŋ j o f o e e e e
p e m ɔ ɔ k e e
u t u k w ɛ k o
ŋ j e e f ɔ f l
ŋ ŋ j o j e ɔ d ŋ l
k p e b ɔ e e k o
i m e o k l e k
ŋ t s i n a a k a a t s i
y ɛ k j u e w a e e
g b o k
a w y ɛ k e _ n k y e _ n e e
b a a b a a l a b ɔ n k u n
i ɛ k i e e e
i n e e ɛ ɛ k p a k a k o
w i s h ɛ ɛ k e e
d u e a s h w k o
g b o e a a e e e e
ɔ l ɔ f l ɛ m ɔ k s h w i e e e
b a a ɔ e e j e e e o o e e a f a a t s ɛ k s w a
i m k e _ y ɛ e a a f o a k a i e e
a a ŋ a w a e e ŋ m ɔ b a a t w ɛ a h ɔ ɔ e e
s u j i e k
ŋ m a a a a w o
s u m ɔ t u e k p e e k o
f a l a ɔ f e e
l e e k i e e e e
t a e e e
ŋ t e ŋ g b l s i k e e
ŋ ŋ w o
s ɛ e e f a l h i e s u k o h e k a a j a k o
b a a ŋ t a ŋ y b o e e k a f
ŋ ŋ j e a t e e l e m k e k o a l ɛ m
i k i e f ɔ k
d a k o t s w a
i n e e t ɛ e
k o b l a e k o
a a j a w ɛ e e e e
g b w a a k
l ɛ e e k o
ŋ f e e y ɛ e e
n e e ŋ h e e
d u w i s h
ŋ f a a b l ɛ k
a a h ɔ a s e
h e e s u m ɔ
j e e e e e
w i a k k o
a a n u a ŋ m a ɔ i u m ɔ
b ɔ ŋ s h w
ŋ t u e e i k o b a
ŋ a a s u e _
_ n k k i k w a a k e e
t s ɔ w a k e e
a a w a s o e a g b l a n e e k o
h w i a a n e k e e
i k h ɔ ɔ e o s o
l a e
b i e e a ŋ
s o e e e
a a f ɔ e k o t a e b a a m e e
h a e e
ŋ ŋ m ɔ ɔ ɔ e e i e e e e
a f o k j a a n e e k o
ŋ a e e e e
a s ɔ l a a k k o t k o
a a k o
j i a b l ɛ d i l ɛ k o e e
ŋ a a a m a g b e
w o s o a g b o k o
l ɔ k o e e
b a a b ɔ ŋ m i a ŋ t s ɔ i n e k k o t a
k p e k b a a f s ɛ e e e e e
ŋ f a a l a s ɛ e
e l e e a j e k o
a n e f u t u b a a g
a b l ɛ ɔ ɔ e a e
ŋ t s u e
a j e ŋ s u m a a l ɛ
ŋ ŋ f a a w ɔ e e
ŋ ɛ ɛ e s ɛ e e a a y e t s ɛ k a a b ɛ a a s u
ŋ j a a s e e e
l ɛ k o e k o k o t a e e
ŋ d a f l ɔ a w ɔ d
ɔ ɔ e e
l a e e ɛ k o
a b o
t s u e i n e
b a a ŋ m a a ɔ i k o
ɛ m u m k p a a w ɔ d e e
o o e e l ɛ m ŋ b d a k o k o
a a b l k a o e ŋ ŋ m e e
s w a a ŋ k w k o
i a e e e
o o k o ŋ w o s k o
b a a w i a e
a a ŋ a ŋ h e o k ɔ i e e e e
b a a b ɔ k a k o t a b l
n k s i k f e e e k o
ŋ b e l ŋ a e e
b a a n e e
b a a ŋ l ɛ d i t s ɔ a k a n
f u t f o k i e e e
l ɔ n u k o k o
b a a o o k t e e k ŋ m a
a s ɔ k i u k u n e e
a a n u n e a t e ŋ f a l k o
a s u ŋ f e e e e
a h i s i k
h w ŋ j i h e e e l ɛ m
b a a a f e a t s w
a ŋ m ɔ ŋ s e e e e
ŋ y e _ n h i ɛ k
ŋ d i k w a k k u a b l ɛ a k p a w o s e e
t e e k j o o n e e e
ŋ f a a e s u k o ɔ ɔ k o m a a k t u e a g b i
u n i m u e e e e
a a m ɔ k o
b o w i s h a l ɛ
ŋ a y ɛ b a a ŋ s i k
ŋ a f u t a
a a j o k o
a j a k a f o t a l ɔ ŋ j i e a a e e e e
a k a n ɔ ɔ e
b a a a b ɛ a t e e
s o k ŋ l a ŋ f ɔ f
a k w l e e
w i a e d u k p a s k o
b a a l ɛ k a i k o
d ɔ i k t a e e e e
t a k l ɔ e f l ɔ e e e
a a j o w ɔ k o k o
a l a e a a s h e e
b a a n k p e ŋ f ɔ f e e
m ɔ e w ɔ e e ŋ y e e e
f e e k a f i e e e e e
f a a k g b l ɛ h e k o
a l a k t e e e a a d u s i n e e
n e k o s e l t s u
e l a a s e b a a k e e
n e y ɛ ɔ k m ɔ e e e e
f o k o l ɛ m ɔ
ŋ a e ŋ y e
ŋ s ɛ e e a y e _ f e e e
a a m a t s ɔ f a l a
a s h s u l e k e e
b l b o e e
ŋ b l a k
e l e a a w a t e e k e e
ŋ a s a k l ɔ e
f a a k o
a a t ŋ j o o s ɛ b ɔ e p e k
ŋ k o t s ɔ s e f ɔ e
ŋ t j u
d i a ŋ m a a s h ŋ k a i e e
b a a a ŋ h i k o
a n e e l a e e ŋ j a e e
b a a a a k a a a h b a a h
a a d a a y ɛ ŋ k w ɛ e e
ɛ ɛ e ŋ h a s o e e k o
a k a w ɛ k
ŋ ŋ k p l ɔ e e i ɛ f ɔ e n u e e n u e
a b ɛ ɛ s i a a f
a b l n i e e
t e e e a f a ɔ k o
ŋ f o k e e e
g b i ɔ e
k i f ɔ k a a t s
ŋ k w ɛ a f a l
ŋ m b l ɛ
ŋ b l y a e e
b a a s u m
w ɔ d ɔ
a a f e a a s u e e
a a b k p a a k e e
n i s ɔ l ŋ s u o o k e e
ŋ a a e e a a k p ŋ m a a
b a a a f a l h a k o a a ŋ a
k p ɛ t l ɔ e e a t s ɔ u e a a ŋ a k w ɛ
ŋ g b i i a y ɛ k o h w i s
j a t s a a w ɔ
m ɔ ɔ w ɛ k ŋ k p a g b i ŋ ŋ k o
a n u a a y a
s ɛ k a a d i
a a h ɔ a t s w ŋ f a
a j i e d a e e j e k o
a a h ŋ f a a t a e e e
ɛ k o e e
ŋ k a f ŋ b ɛ k o
f e e a a f e a s ŋ k a f ɛ t ɛ k e e
ɔ e k a i e o o
b a a ŋ a e k a i
b a a s o e l a e e
ŋ m a a a f e e e e
ŋ h a s u m ɔ w o s k o
u m t u h i ɛ e e
n e e e k o
n i m k e e e
a s ɔ ŋ m ɔ k t s i n e e
a a f k o
ŋ b ɛ m ɔ ɔ e ŋ s h w
b a a ŋ d f l ɔ ŋ m w a a ŋ t s s o w a e
k o t a ɔ i e e e
t e e e ŋ w m a h w i a
ŋ f ɔ f ŋ f e t a e
t e w a k o
b a a ŋ y a a w a
b a a o e e
a f e w i s a d u e e
l e k
k a i ɔ s e e _ n e e
s e e k o
b a a a j o o ŋ f a j e
ŋ j o o l a k e e
ŋ s ɔ i e e a f o a g b l k o
a a b ɛ ŋ m ɔ t ɛ k o
a j i
ɛ m m e e s ɛ m ɔ e e
t s ɛ ɛ ɛ k w o s o e e e
b a a l ɔ a a l b a a l ŋ g b l
ŋ f o e e t s u k
a j a k a a a k o t s u e
a i e e ŋ f a l f a a a k s u e e ɛ ɛ e e e
a j e a f o
b a a a f ɔ s a k
b i e e p a s o t a k e e
ŋ g b i k p e n e k o k o
a a b a a d b a a f
d i s i e e w ɛ e ɔ d ɔ i e e
s o t a e e e e
d a e e
a k w b i e e e e e n e k o
u k o k o
b a a w ɛ k ŋ k p ɛ e l e
a a w a f l ɔ e
ŋ y a e e
y a k o b a a k s i n e k o
b a a l ɔ ɔ e e f u k o
a a k w ɛ e j u k b l ɛ k e e
b a a ɔ ɔ k y ɛ e e w i
b ɛ ɛ ɔ ɔ e
a j a g b o e e e
ŋ b a a w f e e k
ɛ m ɔ
w i a j o n u k a a a s h w l e e l ɔ e
t s i n i e e
t s i n k p ɛ t
ŋ ŋ m m k o k o
ŋ l ɛ s e k e e
b a a k a i e ŋ y e
k i k a a l ɛ e e
ŋ y s ɛ e o s o b a a y e e
l a m ɔ ɔ e e
b a a a f o e a y e u t u
b a a s u k w i a k
l ɔ b ɛ ɛ e
a ŋ m a
b i k m ɔ e e e
i s i k i e b a a l k o
s w k i ŋ w o s
a w a f l ɔ s a k f l ɔ e e e
ŋ s u m ɔ d u e e ŋ f u t
s u m a h e j a a e
d u e e a a
j e b l a ŋ w o s e e
a h i a a l a e e
ŋ y e o k o
b a a t s u a i k l ɔ
b a a ŋ k a i ŋ d ŋ w a a ŋ s ɛ e e
ɛ e a t s w e e
s i a l a o t a k e e
ŋ a j a a
ŋ j a t s ɛ e k o
e e e e
s ɔ l e b o e e a a h ɔ ŋ m ɔ t a e e
ŋ a a k w y e _ p e k o
a h i ŋ t k o
o e e e e
g b i e i k i k
a f ɔ f a a l e a f o e e e
o k a f u t e e
ɛ m e e
ɔ ɔ k a a l ɛ
h i k o n i m e k o
s e k a a j o ŋ b l ɛ e e
ŋ j o o f u e e
ŋ l ɔ k o ŋ f o
d u e e _ n k u a n u e e
i s h w f o k o
n e e
a l a e
s a k o ŋ d ŋ k w ɛ w ɛ k o a s ɔ l
f o a a d u s e l e e
j u k l ɔ k o
b a a ŋ l e b a i m
n k e e
ŋ f u ŋ t e k o
a f o
d ɔ i k ɛ e e a j a a
y a s a e
a f a a a a t e e e
a k g b l t s ɛ k
t s ɔ b o e ŋ l e e e e
ŋ ŋ k w ɛ ŋ b o
l ɛ m a w o w ɔ k
a a s ɔ l e k e e
m ɔ e b ɔ e o o k o
a s a b ɔ d a k ɔ ɔ e e
n e e e e e
h w i s f ɔ a a l ɛ k o
ɔ ɔ e b ɛ ɛ e e e
m ɔ ɔ d i
b a a a f ɔ i ɛ e n i m e
a n e b a a s o s o e e e
ŋ t s w a ɔ ɔ k o ɔ d p ɛ t
ŋ d u i m e e a a n u
y ɛ ɔ i k t s i e e
ŋ y a ŋ h i f ɔ f l k o
b a a ŋ g b
i ɛ e e s w a a a j o e e
a a n i ɛ k o e e
f ɔ e e h w f a a k k o
m ɔ ɔ e ŋ b ɛ ɛ
h ɔ ɔ k s e k b a a h ɔ ɔ ŋ t a
a l a w a a
l ɛ e ŋ f a a n
t ɛ e y a ɛ ɛ k i k i n k u e e
b a a b a a s s e e a a l s a e e
s ɔ l e a a b l a f o e
ŋ ɔ k o e e k o ŋ l ɛ
t ɛ k o e _ n k
a t a w a n u e ŋ b s ɛ a h i
s e e e h ɔ
t s ɔ l ɔ k b ɔ ŋ g e e
ŋ t ɛ e y a e e a a f
a ŋ a ɔ f l ɔ a a k o a s u m b o e h w k o
a h i ŋ ŋ e e
ŋ ɛ m ɔ e w ɔ e e
h i ɛ k f a i e e e
a a k w j u a j e e e
e e k a w ɔ d f ɔ f k o
s u m s ɛ k ŋ t s ɔ
b a a b a a y t a e e
ɔ k o a t s w a w a k o
s u k n u k o a g b e
ŋ e l e b o e e
ŋ w ɔ h e k o e e e
ŋ ŋ m ɔ u t u e e
t a k o ŋ s a h i k o
a a j o e e
b a a w m k o m ɔ k k o
k o t n u k f a ŋ s
a a f o e e
b a a t s ŋ j o o
b a a t s i a a w a j w ɛ e e f a a e
m ɔ ɔ k
h a k o j e k o p e e e e e
y e i n e e g b l ɛ
w a a e a a y e e
a j o o o t a e ŋ g e e e
b a a t s ɛ ŋ k w a s ɔ k w
ŋ ŋ s e l
a a y e k o
ŋ w a w ɔ e e
o e f l ɔ l e k e e
ɔ i e a a l a a f ŋ y e ŋ t s ɔ e e
b a a a j u i ɛ k o
p e k ŋ h
ŋ s o s h w j e e
ŋ j a a d u k o a i e
a j o o m k o j u k o e e
ŋ h w a d a
ŋ a l ɛ m d ɔ i f o k o
s o k a l ɔ l e
a t a a f u ŋ k o e e
ŋ b ɛ ɛ f a l a a g b i
k i k w ɛ k o y ɛ e e e
k u n a b ɛ ɛ
ŋ k a n a h i k o
b a a s u s i k
b a a a h a f o e a m
_ n k i j o o e
s a ŋ g b i k o
o e e a a j a
b l a a a j i e e
m ɔ e e a a f o
b a a j a a k a n
b a a a a y
ɛ t u m h ɔ d u k o n u u m ɔ e
b a a h a e ŋ j o o
u m ɔ e ŋ h ɔ h i j a a e
j u k o d i h w i s
b a a a a t e o o e e p e e a t e e ŋ t s w
ŋ l ɛ m s h w i a t e
k a i e a w a e e
w i b a a l h w a t e e
w o s o ŋ ŋ a e e
l a b i e e e e
m ɔ ɔ e k o
ŋ d u k o s ɛ k o ŋ a k o
f e j i o s o e e
ɔ k ɔ s ɛ t ɛ k
i ɛ a b l k o
a t s w k o
a k o t f ɔ ɔ ɔ k o
f o k s ɔ l e ŋ s d i l ɛ ɛ ɛ e e e
t s u e a w ɔ l a e
g b o k e e
ŋ j a a ŋ m ɛ t ɛ k e e
b a a m e ɛ t ɛ i a ŋ t s
l a k
m e p e e e e e
j a a e a b ɔ k a n e e e
b a a k a a a g a ŋ m a
f a a b o k o ɛ t ɛ k k o
ŋ s i k o ŋ t s ɛ
a k p e s e e e e e
y a a s u m k u n e e
b a a e e k o ŋ m a a
ŋ k a i h i e
ŋ n e e e f a ɔ s e k
ŋ h i k e e e t ɛ e u e
a a l e ɛ t e e e
ŋ a i k o b ɔ e
b a a a j o o a a f o
b a a a a s u
ŋ a k o ɛ m ɔ
ŋ g b i k o
d u e a a k a k a n e e e
y a e e w a k o ɔ d e e
b a a n e k a m a a l ɛ a a w t s w p e d a k
a a j u u t u e s ɔ l ŋ s e l e e
s o e e s h t s w a l ɛ e
ŋ g b l a w ɔ k t u
a j o t a e i m e e k o
ŋ f u t ŋ k p ɛ e e
b a a l a j e k
o o k o ŋ j a a y a e e
f l ɔ e ŋ t s i a h ɔ
ŋ ŋ l e ŋ w o s
a l a ŋ a e e a d i
a a e f e e e
k a i a b ɔ f l ɔ
f a s e l f ɔ e j o o k
b a a k o t a s i n ɔ ɔ e e
b a a ŋ s u m
ŋ w i s h
w ɔ d ŋ s u m e e
f o ŋ s u m k i k o
ŋ e e e e
j o o e e e
ŋ a a s ɔ l ɛ m ɔ
s i e e b i b i e e e e
ŋ a a e e m ɔ ŋ f e
k p a s a a b k o
a b l ɛ y e _ n e e
a k a i t a e e e
d a e ɔ l e
_ n k u ŋ b ɛ j u k
ŋ s ɔ k o
b a a w a a e s ɛ e e b ɔ k o l e k o e l e e
ŋ ŋ a i s h k p a
t a e ɔ i k o e e
s e l e
w ɛ e e a y ɛ
b a a d u k s ɔ s e a s a k a s e l
ŋ k o ŋ ŋ e e
b a a j u e e
w i a k p e a a f a
a h a k a i j a a e e
f ɔ e e m k e e
b a a ŋ d i k b a a t a t s u
l e k o ŋ h i e e
o e e b i e k o
ŋ m ɔ e n k u
a a j a a a k o e e
s ɛ k o e e
s ɛ m ɔ
a a b l s h n u k o e e
ŋ f o b l ɛ k b a a f
b a a m ɔ ɔ k n k u ŋ d i k ŋ a k o
ɛ k n i m e
k a f o e e
b a a j u e a i k s a e e
b a a s i e h e
ŋ k p a f a a k o
ŋ b ɛ ɛ s ɛ k k o
f l ɔ e s w a a u n
ŋ k w ɛ e e e e
b a a a s h w w o ɛ e e
b a a ɛ ɛ e a l a k i a e
e l j o j o o b a a j k o
a a t a y d u e e
a a s h w o a t s ɔ ŋ t s ɔ a a l e
ɔ s a s h k a f e e
ŋ y ɛ ŋ s ɔ l
ŋ y e f a a e e
d i k i e e
f u t e e
a j o o a s a e ŋ f e e a a f o
s ɛ e a t s ɔ ɔ
a t e e u t u e t s ɔ s e e
ŋ ŋ n s h w i
a b o w i s a i k o e e
ŋ j u e e
p e ŋ b ɛ ɛ e e
b a a a s h ŋ h i ɛ
d ɔ i e a s a k b a a e e
ŋ a k o ŋ j d a
e _ n k o t a e
b a a ŋ l d u k o a d i i m k o
a a j u e e
ŋ g b e s i e a b
i m ŋ a k ŋ g b i
t s ɛ e k o
k o h w i s ɔ e k o
b a a ɛ e e a a j o
s u k a k a a a y a
n e e e ŋ l n u k o
k w ɛ h w i s
y a e e ŋ n k o
b a a a a w o ŋ a e
ŋ m a t s s a k o e e
_ n k k u n f l ɔ
s i n j e k o
n u k o ŋ k w ɛ p a s u n e e e
a k w ɛ n i m e e
ŋ a j u
m ɔ e e
t s w ŋ k w a a f o
a ŋ m a e e
o o e s e k o a a b ɔ e e
u m ɔ e e e e
p a i e e e e e
b a a f e e k ɛ m
ŋ e l e e l e e e h a e m a ŋ f u l a e
a m ɔ u e e y e s u e e e e e
ŋ y a k f o t s u e
j a a k g b e l a s a k m e b i b l a e e e
t s u k ɛ t m ɔ ɔ e k o
y a e e e e
ŋ y ɛ d u e a w ɔ l e k k o
ŋ k a n
t s u k a g b o
i k o ɔ ɔ k o k o
t u k o g b i e e e
a j i
i a j o o k
d u k a a b l e e
k u ŋ s h a g b i
h ɔ ɔ a a d u b o e e n i m g b o e e e
ŋ ŋ a a w ɔ
b a a b
a n e k e e
b a a a f ɔ n e e e ŋ t e y a k o a a y e
l ɔ k o b a a d t s ɛ m
t s ɛ e ŋ k a i
a t k a f o o e e
k i e u m ɔ k b i e e e
ŋ y a ɔ d ɔ i f o e e e e
ŋ a t s ɛ
o s o k ɛ t i a e e
a a s e ŋ l e e e
ŋ y a a k a f e e e
ŋ a f a ɔ i e e a s
e e k o u k o a a j
b l ɛ a k a f l ɔ e e e e e
u t u k a f a o o k o e e
b a a u e a a j o
k u n t ɛ k n k u i k o k a ŋ a
a b ɔ l ɔ k o
b a a ɛ t ɛ k a e e ŋ t s w
a a f ɔ a a h
h i ɛ s i n u e e d ɔ i k s u m e e
a n e h i s ɔ s e s ɔ l e e e
g b i k
b a a f o k ŋ ŋ m ɔ ŋ g
ŋ t s ɔ
ŋ u t u j o o e e _ n k
ŋ l e i a e e
o e e i a e e e e
a a b l
n e k k i e k o
s i e w a k o
ŋ b e a a b
m a a n i m
a d i k
y ɛ e e e e e
u n ŋ a e k o
ɔ ɔ ɔ f l a j a j e
b a a ŋ b f a s e k d a e e
ŋ a t s i s i k o
ɔ f l a e a n e k
a a h a f a l ɔ e e
b a a ŋ t e b l a
b a a l ɛ s e e e ŋ y a
s ɔ l e e e
b o k o ŋ d a
a a y a n u e b l ɛ k e e
k w ŋ ŋ m k o
s o k d ɔ i e a a s e e e
a a t s b ɔ k ŋ k o e e
s o a s e ŋ h ɔ ɔ e e
b a a a j i e
l ɛ e y ɛ e e w ɔ k o
s w a a s h w
s e l a l e e e k a a y e e e
b e ɛ k o e e e e
k i e k a f
a f a l a i e h a e e e e
ŋ s e l
a g b e a l
a ŋ k o t a j i k o
m ɔ k a y s e k h ɔ ɔ k
y ɛ k n e k o k o
h e y a e e b l ɛ e e
ŋ d i l ɛ m e e
ŋ m ɔ ɔ s u e e
b a a j e e e f ɔ k s e k o h e e e a f a s w
f a a k a l e l e e ŋ y e _ l e k
ŋ ŋ k a n a a k o e _
f o e e ŋ f ɔ e e e
ŋ g b o e e
b a a f a a k a s a k s a k
ŋ u m ɔ ɔ s e k o s o e
a t ɛ ɛ k a h i a t s i
ŋ l ɛ m ɔ
b i ŋ h ɔ ɔ
a d u b a a l k o
a k a n e e
a a j u ɔ d ɔ i ŋ j i e
a a s e ŋ f u t e t s i e e e
ŋ t e e b e l e
h a e e a a h a e e
ŋ t e k p ɛ t
a j e b i e b l a e
k u n
a t s ɛ k w ɛ t u k a a f u h ɔ ɔ k a n
j o o k o
m ɔ k o j u e e
b a a t ɛ e a a f o
f l s ɔ l k o
d ɔ d ɔ i e w ɔ e e e e
e e ŋ f ɔ f e e
b o e e ŋ l e ɔ s e k e e e
ŋ k p e k g b i e
d u e ɔ i k w i a ŋ m a a s ɔ s e h ɔ ɔ k e e
b a a ŋ t s ɔ s o h a e t s ɔ s
a ŋ a a a h i a s h e e
u k ŋ k p e e k g b o k e e
b a a ŋ t s w ŋ g b i t a e
ŋ h a j o o e ŋ t s i e e
b a a a a s e
w ɛ y ɛ e a s ɔ l k o
a j o o a ŋ a
a a d a a s u m a a d u
ŋ j i e k o
ŋ t a e ŋ f a a
ŋ a t e e _ n k s e k
ŋ f e m a a a f a
ŋ l ɛ s i n e k u a f u t
s ɛ m ɔ
b a a h i ɛ l ɛ k f ɔ f l
t u k
l e k o k w ɛ d a e
b a a t s i e a g b b ɛ ɛ a e e ŋ j
a h i f o e e k p a s
a f o e
t a ŋ j i e a a s ɔ
a n e e e e
o t a k i ɛ k e e e
ɛ t ɛ k ŋ a k o b a a y e e
a a k w w i s h e e
b a a b i j u k o
a g b l a a f
w i a k b o k a a ŋ a e e
a d u i a e e
m ɔ ɔ ɛ m ɔ e e e
ɔ ɔ k o ŋ m ɔ e e
a a l ɛ a a b l j i
y a e e e e
j u e e l e k ɔ i k
ŋ i n e s a e a a l e
a f e s u e f e e w ɔ e a s ɔ l g b l a
b a a w ɛ k
j o o e s ɛ
a ŋ a n e e k o
a s h w a d i k
b a a b ɛ ɛ t s ɛ m ŋ m ɔ k
a f b e l u t u k t s i e g b o e e
ŋ w a a j i
b a a a a y e ɛ t ɛ e
ŋ ɔ i k a a f
g b l d u k o
a l a e
f e e b a a s m e
a s ɔ l a a s ɔ b e l e k a i
ŋ t s ɛ h w h w i t s i e e e
k o t a ŋ f a a k p e k
b a a n o k o g b
h e k a h a w a a n u k o
h w f e e e ɛ e e
ŋ t s ɔ b ɔ e e u m ɔ k b a a
a a t g b o
i e e w a k o m ɔ e e s a j a a k n e e
s a k s ɛ m a k w ɛ k o
t s i e ɔ k k o t a e e
b a ŋ j o ŋ w o e e
b i ɔ l a y e
a a j o s ɔ l
b a a j a m a a e w i a k
h a k e e
f e
a d ŋ m a s a
ŋ a a k p b ɛ ɛ k
p ɛ t j u
y ɛ e e o t a ŋ w ɔ d
m ɔ k o l ɛ e e k o
i e k o ɛ e k o
e l e e e k o k o
ŋ k w ɛ k o
s i k o a g b l e e e
f ɔ f i m k o ŋ w o
u e e a a k o a k p ɛ h ɔ ɔ e ŋ n u a a g b
t s u b a a h k p e b a a j
a a f a ɛ k
ŋ s a e e ɛ m ɔ e a a h i w o b l s ɛ e a a n
ŋ s o a a y e
i n e m ɔ k ŋ s u e e
ŋ ɛ ɛ e t u u e e ɛ t ɛ k a t s w e e y ɛ e
s u k o ɛ ɛ k o l ɛ m ɔ ŋ b ɔ ɔ k o e e
a k p a k o
g b ŋ j i a g b o
ɔ ɔ k b a a t u m ɔ k ɔ d ɔ i p a
b a a f a a o k o
s ɔ l e k o
b a a a a b ɛ
d a e a d b l ɛ k
w ɔ e a n e e j i e k e e
ŋ f a a o o e e a k o t e e
i n e e w o w ɛ e e e e
a n e k e e
ɛ ɛ e f o a j u e e e
f ɔ k e e
ŋ f o b ɛ
ŋ k a j i ŋ l e e e
w o s o d a e e u n
f l ŋ j o o e e e
u k j u e e
ŋ b a a d k u n i
b ɛ ɛ k a y a s e a f ɔ f e e
k a i e
b a a s i e e
a a f a t a k o
a a b ɛ u m ɔ k o
s a k y ɛ a y e _ b i k o
b ɛ ɛ k a f o e e e
ɔ f ŋ y a w i s e e
ŋ t e e ŋ f e e d a k o
u m ɔ k b e l e a i k o ŋ a e e i k e e
w a e b ɔ k e e
a a w a e e
a k a i b e l
i ɛ e e
g b l a t s ɛ
t s w a k o
ŋ s a k p ɛ
d a k o b a a t k o
ŋ a a l ɛ a t s
a f a k p a s ŋ a k ŋ j a ŋ l e k o
ŋ j a a e a b ɛ ɛ ɛ t ɛ
k u l a e e e e
f ɔ k s a e b o k
a k p e d ɔ i e e
ɛ ɛ k a t e ŋ y e _ e e
b a a ŋ f u t
ɛ t ɛ k a b l ɛ e e
ŋ n e k a g b e
b a a o s o h i ɛ a h a
k w ɛ k ŋ f ɔ k p a s t a k h e k
j i e k m ɔ ɔ e j e k
a m ɔ y e _ k o
p ɛ t e e
ŋ ŋ a k p a
k u f o e e k o
ŋ b l ɛ h i ɛ e
ɛ t ɛ k e l e e f o k o y a a g b l
s h w i e e
a a f ɔ
n e a a b ɛ a t s ɔ e e
u k o a s a e p e k s ɛ k o u e e s i e e k o
j i e k
n u e e ŋ j u
ŋ l ɛ e e b a a f
w i s ŋ l ɛ m k o
l ɛ a h k o
i s b i e e a t s i e e
a f f u t ɛ e e e e
a f a l
a a f ɔ a a b ɔ e e
b a a b a e e e
i a e e ŋ t e k u
w a a e ŋ l ɛ k o
ŋ f e e e a a s
ŋ ŋ ŋ a a b l ɔ ɔ
a k p e k o
a a d i
m k o t a i s h w f a k o
ŋ k p
a a b l f o k a ŋ m a
m k a y t e e ŋ s ɔ l e e
b a a l e k o h a e e
h i k o e e
ɔ f o t a f ɔ k ɔ l e k k o
m e b a a ŋ s h d u e e
ŋ a e e b l o t f l ɔ e ŋ w ɔ d
ŋ m t s ɔ e e
j u j a
s o e e k o
b a a a h e a f o k f o e e
_ n a s a e a a w a
b a a i a y ɛ e e k p e k
ŋ t e e ŋ d u s ɛ m
b a a b l a e o t a
ŋ d i n e e a l a k e e
a a b l o o k ŋ k a i e e
a s a e d i ŋ t a e e
b a a ŋ n u ŋ s h w k w ɛ k
f o e e m k o i e e e e
a a ŋ g b i a i k o e e
ŋ l ɛ m
a m ɔ ŋ s u m
u n i m ŋ k a f a a b u t u e a l j e e
p e k ŋ d i k a l a e
y e b l a k w a a e m a a j a a a a j i
t s a a h i e e e
ŋ b a a h
k o t a k w ɛ b a a j k o
b a a b l a k
u k n i ŋ d u l e a s h w
o s o e e e
a i e b a a d
h e a f u ŋ t s ɔ e e
s e e a w a ɛ k e e
a a w o ŋ j e ŋ j a k o
f o e e ŋ k w ɛ
b o e e
b e s w a a a l e e e
t a ŋ f u a j ŋ t s ɔ e e
ŋ a d u ŋ a k
w ɔ d ŋ l a k o t o o
ŋ f l ɔ p ɛ t ɛ
i ɛ e s o k e e
a a l i m e ŋ y e _ e e
s h w i j a a e e e
ŋ k a i a n u
b ɛ ɛ e f o e ɛ k o
a s a k ŋ s h n k k o
n e ŋ b l ɛ
a n u n e e e k o
j a a a a j a a a t e
ɛ k o s h w ɔ k o a s h e e
n e k o e e
ŋ a a g a a f e o o
g b i k
a d i a a h a e e e
h a k o o k o
a k p a
j e k o s e l ŋ j u
k w b l k p ɛ e e
b i e a a h i e e
ŋ o e s u a h i ɛ ŋ n
a h e ɛ m w a k e l k o
a j y a a a k w e e
b a a ŋ k a i j e f a l
g b l a ŋ g b l e e
ɔ ɔ e g b o k ŋ d ŋ d i k k o
f e e e
ɔ ɔ e a w a j o o a ŋ m a e e
b a a ŋ s u m a k p e
s o ɔ f h a e e ŋ s ɔ
ŋ e e e a l a
e e e e d a k f a l ŋ t s u w ɛ m e e
ŋ b ɛ k a n
ŋ f e ŋ b o e l e e e e
ŋ d i k ŋ j a ŋ m ɔ i n e
ŋ k p ŋ j e t s u y e k o
ŋ i k i e a n e t s ɛ
ŋ i e k o a a l u k a t e e y e _ n a t s ɔ
ŋ a a m ɔ d i k s u
j u k o s w a
ŋ m ɔ ɔ k a a n u
a a w ɔ a t a a s h
e e k e e
a n e ɔ f l k w k o
a a t e k o p e e e e e
ŋ h i ɛ e e
b a a f
ŋ a h ɔ ɔ
d a k s ɛ e e i n e k ɛ e l a e e a a d
ŋ i m e
b ɛ k i
s i a t s w e e
ŋ b i e ŋ f ɔ
ŋ a a l e a h ɔ ɔ
s w a a j i e e k o
ŋ y ɛ t s ɛ g b l e e
ŋ f ɔ f k i e e k u n e e
g b n e w a a k k o
ɔ e ɛ t ɛ k i e e a a m ɔ e e
ŋ a a t s
i a e ɔ d ɔ a w a t e
ŋ n u a s e a n e e
t a k o a a g b s ɛ k k o
b a a a a f u l ɛ m ɔ l a k o
ŋ s u m e e
a l a e e e
ŋ ɔ s e e a f ɔ
l ɛ k a k w i ɛ e
j e b a a g a a g b
a s h
a b l t s ɛ m u m ɔ e
f a l ɔ s e k
ŋ b a w o ɔ d ɔ i e e
a f m ɔ e e e
a g k o
a y e e k o a l ɛ
i e e e l e e p e e
ŋ a a f b ɔ a a d i
a l a ŋ k p e
b a a m a a ŋ t s ɔ
ŋ p e k
a k a f d a a a f o
ŋ w i s h l e e ŋ t s
ŋ w ɔ d ɔ l e k e e
o t a e a t s e e
b a a d ɔ i a a w ɔ l a e w ɔ k n i m e b e
b a a m k a t a
ŋ ŋ m a l ɔ e e e
ŋ f a n k u e e
b a a u t a k ŋ j o o u k o f o k o m a
f ɔ k o h w i a a f ɔ e e
a k a n a a e e
p e e a a h e s h w i s ɛ e a a j e e e
b a a ŋ d i k a n u a j e
a a t p a i m e a y
a b ɛ ɛ ŋ w a b l e e
ŋ w a b a a j
ɛ m ɔ k t s ɔ s k a i k e e k s ɛ m a s ɔ
s e l l ɔ e i k i k
ŋ s ɔ l ŋ f a a t e e e
a a m ɔ ɔ ɔ e a s h
ɔ d ɔ j o o e g b o e l a e e
i a k o d ɔ i e e e
a g b e b e t s i e
ŋ s ɔ l e ŋ k a u t u ŋ b l ŋ m
a a b l t s ɛ k t s ɛ e e
i m k o b a a y g b o e s i a i e e i k i k
i ɛ w a e e g b i k e e
j a a e h i ɛ
ŋ b ɔ e e
u k o i s h ɔ e ŋ h i ɛ f a a k k o
j i e w ɔ k ŋ d a
l a e l e e m ɔ k o e e
ŋ f a l ɔ k o ŋ w a k o
g b o k l e e e ɛ e
a h i a k a f o o k o e e e
u n i m
a g b o a l ɛ m t e e k b ɔ e a j e ŋ t s u
w a k o y a a a k w
b a a a f ɔ f
ŋ ŋ a e s w a i m t s w a
ŋ a e e w o s o k u n
ŋ f f u a f u e e
ŋ k p a e e e k p ɛ t ŋ ŋ m
b a a f u t i a e
a t s b i e e a k w ɛ ŋ f a a e e e
b a a m a g b i e e
d a i a k o e e
ŋ ŋ y a k a f i n e
ŋ y ɛ a l e e
n i ŋ n u a k p ɛ
i n a l e e
ŋ ɔ ɔ e e w ɛ e
w ɔ e h i ɛ e e e
s a s ɔ s e
w i s ŋ h n u k o
ŋ ŋ g b e
ŋ m ɔ k e e
p a s a y e e e
k i k e e
m a a k ŋ s e a i y a e e o o k o ŋ y w ɛ e e e e e
a k a i w a a e
n e k l e k a g b i e e e
j e k o
_ n k u f o k o e e
ŋ ŋ g b a f a
ŋ s o k i e k o
s a k o k o
a a w ɔ a a b ɔ
b a a a a h e a t s ɔ
b a a a m ɔ b l ɛ k i n e
ŋ b e a f u t a g b ŋ ŋ m ɔ ŋ l e
b a a j e e e n e e
l ɛ k o i e e
b a a i ɛ b i e ŋ ŋ a h e k
a a h ɔ k o
ŋ ŋ h ɔ ɔ n e e s u
p e k a j a k o
b a a l e k o ŋ k w
i a k o l e ŋ k p
w o s s a k d u e e a a h
a h a s e l e e e
b a a a k o t a t s ɛ
s ɛ e ŋ d i ŋ k p e e
u t k o o k o
a k o a b o a k o h e e ɔ i e e a f u e e
a j u s ɛ a a w o i s j i e k e e
b i m ɔ e ŋ j i e
w ɔ
ŋ i ɛ a a h e d u k
ŋ k w ɛ a a f e
a y e ŋ j i e l a e ŋ t s u a d a w a
ŋ b o a g b e o t a e
n u k s u a ŋ m e e
y a k o w a a e e
ŋ ŋ f u t ŋ k a n
ŋ a k p e
