n n h i a e e
n n a _ n n h i a e e
a h i a
n n a _ a h i a
r e n n h i a
n n a _ r e n n h i a
r e h i a
n n a _ r e h i a
b ɛ h i a
r e n n h i a
n n h i a
a n n h i a
h i a
h i a e e
m m a _ n n h i a
h i a
n n k ɔ h i a
a m m b ɛ h i a
a m m k ɔ h i a
h i a
m m b ɛ h i a e e
n n k ɔ h i a e e
n n a _ m m b ɛ h i a e e
n n a _ n n k ɔ h i a e e
a b ɛ h i a
a k ɔ h i a
n n a _ a b ɛ h i a
n n a _ a k ɔ h i a
r e m m b ɛ h i a
r e n n k ɔ h i a
n n a _ r e m m b ɛ h i a
n n a _ r e n n k ɔ h i a
r e b ɛ h i a
r e k ɔ h i a
n n a _ r e b ɛ h i a
n n a _ r e k ɔ h i a
k ɔ h i a
b ɛ h i a e e
k ɔ h i a e e
m m a _ n n h i a
n h i a
n n h a t a e e
n n a _ n n h a t a e e
a h a t a
n n a _ a h a t a
r e n n h a t a
n n a _ r e n n h a t a
r e h a t a
n n a _ r e h a t a
b ɛ h a t a
r e n n h a t a
n n h a t a
a n n h a t a
h a t a
h a t a e e
m m a _ n n h a t a
h a t a
n n k ɔ h a t a
a m m b ɛ h a t a
a m m k ɔ h a t a
h a t a
m m b ɛ h a t a e e
n n k ɔ h a t a e e
n n a _ m m b ɛ h a t a e e
n n a _ n n k ɔ h a t a e e
a b ɛ h a t a
a k ɔ h a t a
n n a _ a b ɛ h a t a
n n a _ a k ɔ h a t a
r e m m b ɛ h a t a
r e n n k ɔ h a t a
n n a _ r e m m b ɛ h a t a
n n a _ r e n n k ɔ h a t a
r e b ɛ h a t a
r e k ɔ h a t a
n n a _ r e b ɛ h a t a
n n a _ r e k ɔ h a t a
k ɔ h a t a
b ɛ h a t a e e
k ɔ h a t a e e
m m a _ n n h a t a
n h a t a
n n g u _ n s u e e
n n a _ n n g u _ n s u e e
a g u _ n s u
n n a _ a g u _ n s u
r e n n g u _ n s u
n n a _ r e n n g u _ n s u
r e g u _ n s u
n n a _ r e g u _ n s u
b ɛ g u _ n s u
r e n n g u _ n s u
n n g u _ n s u
a n n g u _ n s u
g u _ n s u
g u _ n s u e e
m m a _ n n g u _ n s u
g u _ n s u
n n k ɔ g u _ n s u
a m m b ɛ g u _ n s u
a m m k ɔ g u _ n s u
g u _ n s u
m m b ɛ g u _ n s u e e
n n k ɔ g u _ n s u e e
n n a _ m m b ɛ g u _ n s u e e
n n a _ n n k ɔ g u _ n s u e e
a b ɛ g u _ n s u
a k ɔ g u _ n s u
n n a _ a b ɛ g u _ n s u
n n a _ a k ɔ g u _ n s u
r e m m b ɛ g u _ n s u
r e n n k ɔ g u _ n s u
n n a _ r e m m b ɛ g u _ n s u
n n a _ r e n n k ɔ g u _ n s u
r e b ɛ g u _ n s u
r e k ɔ g u _ n s u
n n a _ r e b ɛ g u _ n s u
n n a _ r e k ɔ g u _ n s u
k ɔ g u _ n s u
b ɛ g u _ n s u e e
k ɔ g u _ n s u e e
m m a _ n n g u _ n s u
n g u _ n s u
n n k e k a m u e e
n n a _ n n k e k a m u e e
a k e k a m u
n n a _ a k e k a m u
r e n n k e k a m u
n n a _ r e n n k e k a m u
r e k e k a m u
n n a _ r e k e k a m u
b ɛ k e k a m u
r e n n k e k a m u
n n k e k a m u
a n n k e k a m u
k e k a m u
k e k a m u e e
m m a _ n n k e k a m u
k e k a m u
n n k ɔ k e k a m u
a m m b ɛ k e k a m u
a m m k ɔ k e k a m u
k e k a m u
m m b ɛ k e k a m u e e
n n k ɔ k e k a m u e e
n n a _ m m b ɛ k e k a m u e e
n n a _ n n k ɔ k e k a m u e e
a b ɛ k e k a m u
a k ɔ k e k a m u
n n a _ a b ɛ k e k a m u
n n a _ a k ɔ k e k a m u
r e m m b ɛ k e k a m u
r e n n k ɔ k e k a m u
n n a _ r e m m b ɛ k e k a m u
n n a _ r e n n k ɔ k e k a m u
r e b ɛ k e k a m u
r e k ɔ k e k a m u
n n a _ r e b ɛ k e k a m u
n n a _ r e k ɔ k e k a m u
k ɔ k e k a m u
b ɛ k e k a m u e e
k ɔ k e k a m u e e
m m a _ n n k e k a m u
n k e k a m u
n n d i e e
n n a _ n n d i e e
a d i
n n a _ a d i
r e n n d i
n n a _ r e n n d i
r e d i
n n a _ r e d i
b ɛ d i
r e n n d i
n n d i
a n n d i
d i
d i e e
m m a _ n n d i
d i
n n k ɔ d i
a m m b ɛ d i
a m m k ɔ d i
d i
m m b ɛ d i e e
n n k ɔ d i e e
n n a _ m m b ɛ d i e e
n n a _ n n k ɔ d i e e
a b ɛ d i
a k ɔ d i
n n a _ a b ɛ d i
n n a _ a k ɔ d i
r e m m b ɛ d i
r e n n k ɔ d i
n n a _ r e m m b ɛ d i
n n a _ r e n n k ɔ d i
r e b ɛ d i
r e k ɔ d i
n n a _ r e b ɛ d i
n n a _ r e k ɔ d i
k ɔ d i
b ɛ d i e e
k ɔ d i e e
m m a _ n n d i
n d i
m m f r a e e
n n a _ m m f r a e e
a f r a
n n a _ a f r a
r e m m f r a
n n a _ r e m m f r a
r e f r a
n n a _ r e f r a
b ɛ f r a
r e m m f r a
m m f r a
a m m f r a
f r a
f r a e e
m m a _ m m f r a
f r a
n n k ɔ f r a
a m m b ɛ f r a
a m m k ɔ f r a
f r a
m m b ɛ f r a e e
n n k ɔ f r a e e
n n a _ m m b ɛ f r a e e
n n a _ n n k ɔ f r a e e
a b ɛ f r a
a k ɔ f r a
n n a _ a b ɛ f r a
n n a _ a k ɔ f r a
r e m m b ɛ f r a
r e n n k ɔ f r a
n n a _ r e m m b ɛ f r a
n n a _ r e n n k ɔ f r a
r e b ɛ f r a
r e k ɔ f r a
n n a _ r e b ɛ f r a
n n a _ r e k ɔ f r a
k ɔ f r a
b ɛ f r a e e
k ɔ f r a e e
m m a _ m m f r a
m f r a
n n t w e r ɛ w e e
n n a _ n n t w e r ɛ w e e
a t w e r ɛ w
n n a _ a t w e r ɛ w
r e n n t w e r ɛ w
n n a _ r e n n t w e r ɛ w
r e t w e r ɛ w
n n a _ r e t w e r ɛ w
b ɛ t w e r ɛ w
r e n n t w e r ɛ w
n n t w e r ɛ w
a n n t w e r ɛ w
t w e r ɛ w
t w e r ɛ w e e
m m a _ n n t w e r ɛ w
t w e r ɛ w
n n k ɔ t w e r ɛ w
a m m b ɛ t w e r ɛ w
a m m k ɔ t w e r ɛ w
t w e r ɛ w
m m b ɛ t w e r ɛ w e e
n n k ɔ t w e r ɛ w e e
n n a _ m m b ɛ t w e r ɛ w e e
n n a _ n n k ɔ t w e r ɛ w e e
a b ɛ t w e r ɛ w
a k ɔ t w e r ɛ w
n n a _ a b ɛ t w e r ɛ w
n n a _ a k ɔ t w e r ɛ w
r e m m b ɛ t w e r ɛ w
r e n n k ɔ t w e r ɛ w
n n a _ r e m m b ɛ t w e r ɛ w
n n a _ r e n n k ɔ t w e r ɛ w
r e b ɛ t w e r ɛ w
r e k ɔ t w e r ɛ w
n n a _ r e b ɛ t w e r ɛ w
n n a _ r e k ɔ t w e r ɛ w
k ɔ t w e r ɛ w
b ɛ t w e r ɛ w e e
k ɔ t w e r ɛ w e e
m m a _ n n t w e r ɛ w
n t w e r ɛ w
n n t a f e e r e e
n n a _ n n t a f e e r e e
a t a f e e r e
n n a _ a t a f e e r e
r e n n t a f e e r e
n n a _ r e n n t a f e e r e
r e t a f e e r e
n n a _ r e t a f e e r e
b ɛ t a f e e r e
r e n n t a f e e r e
n n t a f e e r e
a n n t a f e e r e
t a f e e r e
t a f e e r e e
m m a _ n n t a f e e r e
t a f e e r e
n n k ɔ t a f e e r e
a m m b ɛ t a f e e r e
a m m k ɔ t a f e e r e
t a f e e r e
m m b ɛ t a f e e r e e
n n k ɔ t a f e e r e e
n n a _ m m b ɛ t a f e e r e e
n n a _ n n k ɔ t a f e e r e e
a b ɛ t a f e e r e
a k ɔ t a f e e r e
n n a _ a b ɛ t a f e e r e
n n a _ a k ɔ t a f e e r e
r e m m b ɛ t a f e e r e
r e n n k ɔ t a f e e r e
n n a _ r e m m b ɛ t a f e e r e
n n a _ r e n n k ɔ t a f e e r e
r e b ɛ t a f e e r e
r e k ɔ t a f e e r e
n n a _ r e b ɛ t a f e e r e
n n a _ r e k ɔ t a f e e r e
k ɔ t a f e e r e
b ɛ t a f e e r e e
k ɔ t a f e e r e e
m m a _ n n t a f e e r e
n t a f e e r e
n n t a r e e
n n a _ n n t a r e e
a t a r e
n n a _ a t a r e
r e n n t a r e
n n a _ r e n n t a r e
r e t a r e
n n a _ r e t a r e
b ɛ t a r e
r e n n t a r e
n n t a r e
a n n t a r e
t a r e
t a r e e
m m a _ n n t a r e
t a r e
n n k ɔ t a r e
a m m b ɛ t a r e
a m m k ɔ t a r e
t a r e
m m b ɛ t a r e e
n n k ɔ t a r e e
n n a _ m m b ɛ t a r e e
n n a _ n n k ɔ t a r e e
a b ɛ t a r e
a k ɔ t a r e
n n a _ a b ɛ t a r e
n n a _ a k ɔ t a r e
r e m m b ɛ t a r e
r e n n k ɔ t a r e
n n a _ r e m m b ɛ t a r e
n n a _ r e n n k ɔ t a r e
r e b ɛ t a r e
r e k ɔ t a r e
n n a _ r e b ɛ t a r e
n n a _ r e k ɔ t a r e
k ɔ t a r e
b ɛ t a r e e
k ɔ t a r e e
m m a _ n n t a r e
n t a r e
m m b u e e
n n a _ m m b u e e
a b u e
n n a _ a b u e
r e m m b u e
n n a _ r e m m b u e
r e b u e
n n a _ r e b u e
b ɛ b u e
r e m m b u e
m m b u e
a m m b u e
b u e
b u e e
m m a _ m m b u e
b u e
n n k ɔ b u e
a m m b ɛ b u e
a m m k ɔ b u e
b u e
m m b ɛ b u e e
n n k ɔ b u e e
n n a _ m m b ɛ b u e e
n n a _ n n k ɔ b u e e
a b ɛ b u e
a k ɔ b u e
n n a _ a b ɛ b u e
n n a _ a k ɔ b u e
r e m m b ɛ b u e
r e n n k ɔ b u e
n n a _ r e m m b ɛ b u e
n n a _ r e n n k ɔ b u e
r e b ɛ b u e
r e k ɔ b u e
n n a _ r e b ɛ b u e
n n a _ r e k ɔ b u e
k ɔ b u e
b ɛ b u e e
k ɔ b u e e
m m a _ m m b u e
m b u e
n n k e n k a n e e
n n a _ n n k e n k a n e e
a k e n k a n
n n a _ a k e n k a n
r e n n k e n k a n
n n a _ r e n n k e n k a n
r e k e n k a n
n n a _ r e k e n k a n
b ɛ k e n k a n
r e n n k e n k a n
n n k e n k a n
a n n k e n k a n
k e n k a n
k e n k a n e e
m m a _ n n k e n k a n
k e n k a n
n n k ɔ k e n k a n
a m m b ɛ k e n k a n
a m m k ɔ k e n k a n
k e n k a n
m m b ɛ k e n k a n e e
n n k ɔ k e n k a n e e
n n a _ m m b ɛ k e n k a n e e
n n a _ n n k ɔ k e n k a n e e
a b ɛ k e n k a n
a k ɔ k e n k a n
n n a _ a b ɛ k e n k a n
n n a _ a k ɔ k e n k a n
r e m m b ɛ k e n k a n
r e n n k ɔ k e n k a n
n n a _ r e m m b ɛ k e n k a n
n n a _ r e n n k ɔ k e n k a n
r e b ɛ k e n k a n
r e k ɔ k e n k a n
n n a _ r e b ɛ k e n k a n
n n a _ r e k ɔ k e n k a n
k ɔ k e n k a n
b ɛ k e n k a n e e
k ɔ k e n k a n e e
m m a _ n n k e n k a n
n k e n k a n
n n t ɔ _ n k o e e
n n a _ n n t ɔ _ n k o e e
a t ɔ _ n k o
n n a _ a t ɔ _ n k o
r e n n t ɔ _ n k o
n n a _ r e n n t ɔ _ n k o
r e t ɔ _ n k o
n n a _ r e t ɔ _ n k o
b ɛ t ɔ _ n k o
r e n n t ɔ _ n k o
n n t ɔ _ n k o
a n n t ɔ _ n k o
t ɔ _ n k o
t ɔ _ n k o e e
m m a _ n n t ɔ _ n k o
t ɔ _ n k o
n n k ɔ t ɔ _ n k o
a m m b ɛ t ɔ _ n k o
a m m k ɔ t ɔ _ n k o
t ɔ _ n k o
m m b ɛ t ɔ _ n k o e e
n n k ɔ t ɔ _ n k o e e
n n a _ m m b ɛ t ɔ _ n k o e e
n n a _ n n k ɔ t ɔ _ n k o e e
a b ɛ t ɔ _ n k o
a k ɔ t ɔ _ n k o
n n a _ a b ɛ t ɔ _ n k o
n n a _ a k ɔ t ɔ _ n k o
r e m m b ɛ t ɔ _ n k o
r e n n k ɔ t ɔ _ n k o
n n a _ r e m m b ɛ t ɔ _ n k o
n n a _ r e n n k ɔ t ɔ _ n k o
r e b ɛ t ɔ _ n k o
r e k ɔ t ɔ _ n k o
n n a _ r e b ɛ t ɔ _ n k o
n n a _ r e k ɔ t ɔ _ n k o
k ɔ t ɔ _ n k o
b ɛ t ɔ _ n k o e e
k ɔ t ɔ _ n k o e e
m m a _ n n t ɔ _ n k o
n t ɔ _ n k o
n n y i e e
n n a _ n n y i e e
a y i
n n a _ a y i
r e n n y i
n n a _ r e n n y i
r e y i
n n a _ r e y i
b ɛ y i
r e n n y i
n n y i
a n n y i
y i
y i e e
m m a _ n n y i
y i
n n k ɔ y i
a m m b ɛ y i
a m m k ɔ y i
y i
m m b ɛ y i e e
n n k ɔ y i e e
n n a _ m m b ɛ y i e e
n n a _ n n k ɔ y i e e
a b ɛ y i
a k ɔ y i
n n a _ a b ɛ y i
n n a _ a k ɔ y i
r e m m b ɛ y i
r e n n k ɔ y i
n n a _ r e m m b ɛ y i
n n a _ r e n n k ɔ y i
r e b ɛ y i
r e k ɔ y i
n n a _ r e b ɛ y i
n n a _ r e k ɔ y i
k ɔ y i
b ɛ y i e e
k ɔ y i e e
m m a _ n n y i
n y i
m m b o b ɔ w e e
n n a _ m m b o b ɔ w e e
a b o b ɔ w
n n a _ a b o b ɔ w
r e m m b o b ɔ w
n n a _ r e m m b o b ɔ w
r e b o b ɔ w
n n a _ r e b o b ɔ w
b ɛ b o b ɔ w
r e m m b o b ɔ w
m m b o b ɔ w
a m m b o b ɔ w
b o b ɔ w
b o b ɔ w e e
m m a _ m m b o b ɔ w
b o b ɔ w
n n k ɔ b o b ɔ w
a m m b ɛ b o b ɔ w
a m m k ɔ b o b ɔ w
b o b ɔ w
m m b ɛ b o b ɔ w e e
n n k ɔ b o b ɔ w e e
n n a _ m m b ɛ b o b ɔ w e e
n n a _ n n k ɔ b o b ɔ w e e
a b ɛ b o b ɔ w
a k ɔ b o b ɔ w
n n a _ a b ɛ b o b ɔ w
n n a _ a k ɔ b o b ɔ w
r e m m b ɛ b o b ɔ w
r e n n k ɔ b o b ɔ w
n n a _ r e m m b ɛ b o b ɔ w
n n a _ r e n n k ɔ b o b ɔ w
r e b ɛ b o b ɔ w
r e k ɔ b o b ɔ w
n n a _ r e b ɛ b o b ɔ w
n n a _ r e k ɔ b o b ɔ w
k ɔ b o b ɔ w
b ɛ b o b ɔ w e e
k ɔ b o b ɔ w e e
m m a _ m m b o b ɔ w
m b o b ɔ w
n n h u a e e
n n a _ n n h u a e e
a h u a
n n a _ a h u a
r e n n h u a
n n a _ r e n n h u a
r e h u a
n n a _ r e h u a
b ɛ h u a
r e n n h u a
n n h u a
a n n h u a
h u a
h u a e e
m m a _ n n h u a
h u a
n n k ɔ h u a
a m m b ɛ h u a
a m m k ɔ h u a
h u a
m m b ɛ h u a e e
n n k ɔ h u a e e
n n a _ m m b ɛ h u a e e
n n a _ n n k ɔ h u a e e
a b ɛ h u a
a k ɔ h u a
n n a _ a b ɛ h u a
n n a _ a k ɔ h u a
r e m m b ɛ h u a
r e n n k ɔ h u a
n n a _ r e m m b ɛ h u a
n n a _ r e n n k ɔ h u a
r e b ɛ h u a
r e k ɔ h u a
n n a _ r e b ɛ h u a
n n a _ r e k ɔ h u a
k ɔ h u a
b ɛ h u a e e
k ɔ h u a e e
m m a _ n n h u a
n h u a
n n t ɔ e e
n n a _ n n t ɔ e e
a t ɔ
n n a _ a t ɔ
r e n n t ɔ
n n a _ r e n n t ɔ
r e t ɔ
n n a _ r e t ɔ
b ɛ t ɔ
r e n n t ɔ
n n t ɔ
a n n t ɔ
t ɔ
t ɔ e e
m m a _ n n t ɔ
t ɔ
n n k ɔ t ɔ
a m m b ɛ t ɔ
a m m k ɔ t ɔ
t ɔ
m m b ɛ t ɔ e e
n n k ɔ t ɔ e e
n n a _ m m b ɛ t ɔ e e
n n a _ n n k ɔ t ɔ e e
a b ɛ t ɔ
a k ɔ t ɔ
n n a _ a b ɛ t ɔ
n n a _ a k ɔ t ɔ
r e m m b ɛ t ɔ
r e n n k ɔ t ɔ
n n a _ r e m m b ɛ t ɔ
n n a _ r e n n k ɔ t ɔ
r e b ɛ t ɔ
r e k ɔ t ɔ
n n a _ r e b ɛ t ɔ
n n a _ r e k ɔ t ɔ
k ɔ t ɔ
b ɛ t ɔ e e
k ɔ t ɔ e e
m m a _ n n t ɔ
n t ɔ
n n y ɛ _ a d w u m a e e
n n a _ n n y ɛ _ a d w u m a e e
a y ɛ _ a d w u m a
n n a _ a y ɛ _ a d w u m a
r e n n y ɛ _ a d w u m a
n n a _ r e n n y ɛ _ a d w u m a
r e y ɛ _ a d w u m a
n n a _ r e y ɛ _ a d w u m a
b ɛ y ɛ _ a d w u m a
r e n n y ɛ _ a d w u m a
n n y ɛ _ a d w u m a
a n n y ɛ _ a d w u m a
y ɛ _ a d w u m a
y ɛ _ a d w u m a e e
m m a _ n n y ɛ _ a d w u m a
y ɛ _ a d w u m a
n n k ɔ y ɛ _ a d w u m a
a m m b ɛ y ɛ _ a d w u m a
a m m k ɔ y ɛ _ a d w u m a
y ɛ _ a d w u m a
m m b ɛ y ɛ _ a d w u m a e e
n n k ɔ y ɛ _ a d w u m a e e
n n a _ m m b ɛ y ɛ _ a d w u m a e e
n n a _ n n k ɔ y ɛ _ a d w u m a e e
a b ɛ y ɛ _ a d w u m a
a k ɔ y ɛ _ a d w u m a
n n a _ a b ɛ y ɛ _ a d w u m a
n n a _ a k ɔ y ɛ _ a d w u m a
r e m m b ɛ y ɛ _ a d w u m a
r e n n k ɔ y ɛ _ a d w u m a
n n a _ r e m m b ɛ y ɛ _ a d w u m a
n n a _ r e n n k ɔ y ɛ _ a d w u m a
r e b ɛ y ɛ _ a d w u m a
r e k ɔ y ɛ _ a d w u m a
n n a _ r e b ɛ y ɛ _ a d w u m a
n n a _ r e k ɔ y ɛ _ a d w u m a
k ɔ y ɛ _ a d w u m a
b ɛ y ɛ _ a d w u m a e e
k ɔ y ɛ _ a d w u m a e e
m m a _ n n y ɛ _ a d w u m a
n y ɛ _ a d w u m a
n n y i _ a y ɛ w e e
n n a _ n n y i _ a y ɛ w e e
a y i _ a y ɛ w
n n a _ a y i _ a y ɛ w
r e n n y i _ a y ɛ w
n n a _ r e n n y i _ a y ɛ w
r e y i _ a y ɛ w
n n a _ r e y i _ a y ɛ w
b ɛ y i _ a y ɛ w
r e n n y i _ a y ɛ w
n n y i _ a y ɛ w
a n n y i _ a y ɛ w
y i _ a y ɛ w
y i _ a y ɛ w e e
m m a _ n n y i _ a y ɛ w
y i _ a y ɛ w
n n k ɔ y i _ a y ɛ w
a m m b ɛ y i _ a y ɛ w
a m m k ɔ y i _ a y ɛ w
y i _ a y ɛ w
m m b ɛ y i _ a y ɛ w e e
n n k ɔ y i _ a y ɛ w e e
n n a _ m m b ɛ y i _ a y ɛ w e e
n n a _ n n k ɔ y i _ a y ɛ w e e
a b ɛ y i _ a y ɛ w
a k ɔ y i _ a y ɛ w
n n a _ a b ɛ y i _ a y ɛ w
n n a _ a k ɔ y i _ a y ɛ w
r e m m b ɛ y i _ a y ɛ w
r e n n k ɔ y i _ a y ɛ w
n n a _ r e m m b ɛ y i _ a y ɛ w
n n a _ r e n n k ɔ y i _ a y ɛ w
r e b ɛ y i _ a y ɛ w
r e k ɔ y i _ a y ɛ w
n n a _ r e b ɛ y i _ a y ɛ w
n n a _ r e k ɔ y i _ a y ɛ w
k ɔ y i _ a y ɛ w
b ɛ y i _ a y ɛ w e e
k ɔ y i _ a y ɛ w e e
m m a _ n n y i _ a y ɛ w
n y i _ a y ɛ w
n n k y i r i e e
n n a _ n n k y i r i e e
a k y i r i
n n a _ a k y i r i
r e n n k y i r i
n n a _ r e n n k y i r i
r e k y i r i
n n a _ r e k y i r i
b ɛ k y i r i
r e n n k y i r i
n n k y i r i
a n n k y i r i
k y i r i
k y i r i e e
m m a _ n n k y i r i
k y i r i
n n k ɔ k y i r i
a m m b ɛ k y i r i
a m m k ɔ k y i r i
k y i r i
m m b ɛ k y i r i e e
n n k ɔ k y i r i e e
n n a _ m m b ɛ k y i r i e e
n n a _ n n k ɔ k y i r i e e
a b ɛ k y i r i
a k ɔ k y i r i
n n a _ a b ɛ k y i r i
n n a _ a k ɔ k y i r i
r e m m b ɛ k y i r i
r e n n k ɔ k y i r i
n n a _ r e m m b ɛ k y i r i
n n a _ r e n n k ɔ k y i r i
r e b ɛ k y i r i
r e k ɔ k y i r i
n n a _ r e b ɛ k y i r i
n n a _ r e k ɔ k y i r i
k ɔ k y i r i
b ɛ k y i r i e e
k ɔ k y i r i e e
m m a _ n n k y i r i
n k y i r i
m m b i s a e e
n n a _ m m b i s a e e
a b i s a
n n a _ a b i s a
r e m m b i s a
n n a _ r e m m b i s a
r e b i s a
n n a _ r e b i s a
b ɛ b i s a
r e m m b i s a
m m b i s a
a m m b i s a
b i s a
b i s a e e
m m a _ m m b i s a
b i s a
n n k ɔ b i s a
a m m b ɛ b i s a
a m m k ɔ b i s a
b i s a
m m b ɛ b i s a e e
n n k ɔ b i s a e e
n n a _ m m b ɛ b i s a e e
n n a _ n n k ɔ b i s a e e
a b ɛ b i s a
a k ɔ b i s a
n n a _ a b ɛ b i s a
n n a _ a k ɔ b i s a
r e m m b ɛ b i s a
r e n n k ɔ b i s a
n n a _ r e m m b ɛ b i s a
n n a _ r e n n k ɔ b i s a
r e b ɛ b i s a
r e k ɔ b i s a
n n a _ r e b ɛ b i s a
n n a _ r e k ɔ b i s a
k ɔ b i s a
b ɛ b i s a e e
k ɔ b i s a e e
m m a _ m m b i s a
m b i s a
n n s a w e e
n n a _ n n s a w e e
a s a w
n n a _ a s a w
r e n n s a w
n n a _ r e n n s a w
r e s a w
n n a _ r e s a w
b ɛ s a w
r e n n s a w
n n s a w
a n n s a w
s a w
s a w e e
m m a _ n n s a w
s a w
n n k ɔ s a w
a m m b ɛ s a w
a m m k ɔ s a w
s a w
m m b ɛ s a w e e
n n k ɔ s a w e e
n n a _ m m b ɛ s a w e e
n n a _ n n k ɔ s a w e e
a b ɛ s a w
a k ɔ s a w
n n a _ a b ɛ s a w
n n a _ a k ɔ s a w
r e m m b ɛ s a w
r e n n k ɔ s a w
n n a _ r e m m b ɛ s a w
n n a _ r e n n k ɔ s a w
r e b ɛ s a w
r e k ɔ s a w
n n a _ r e b ɛ s a w
n n a _ r e k ɔ s a w
k ɔ s a w
b ɛ s a w e e
k ɔ s a w e e
m m a _ n n s a w
n s a w
m m m e n e e
n n a _ m m m e n e e
a m e n e
n n a _ a m e n e
r e m m m e n e
n n a _ r e m m m e n e
r e m e n e
n n a _ r e m e n e
b ɛ m e n e
r e m m m e n e
m m m e n e
a m m m e n e
m e n e
m e n e e
m m a _ m m m e n e
m e n e
n n k ɔ m e n e
a m m b ɛ m e n e
a m m k ɔ m e n e
m e n e
m m b ɛ m e n e e
n n k ɔ m e n e e
n n a _ m m b ɛ m e n e e
n n a _ n n k ɔ m e n e e
a b ɛ m e n e
a k ɔ m e n e
n n a _ a b ɛ m e n e
n n a _ a k ɔ m e n e
r e m m b ɛ m e n e
r e n n k ɔ m e n e
n n a _ r e m m b ɛ m e n e
n n a _ r e n n k ɔ m e n e
r e b ɛ m e n e
r e k ɔ m e n e
n n a _ r e b ɛ m e n e
n n a _ r e k ɔ m e n e
k ɔ m e n e
b ɛ m e n e e
k ɔ m e n e e
m m a _ m m m e n e
m m e n e
n n k u e e
n n a _ n n k u e e
a k u
n n a _ a k u
r e n n k u
n n a _ r e n n k u
r e k u
n n a _ r e k u
b ɛ k u
r e n n k u
n n k u
a n n k u
k u
k u e e
m m a _ n n k u
k u
n n k ɔ k u
a m m b ɛ k u
a m m k ɔ k u
k u
m m b ɛ k u e e
n n k ɔ k u e e
n n a _ m m b ɛ k u e e
n n a _ n n k ɔ k u e e
a b ɛ k u
a k ɔ k u
n n a _ a b ɛ k u
n n a _ a k ɔ k u
r e m m b ɛ k u
r e n n k ɔ k u
n n a _ r e m m b ɛ k u
n n a _ r e n n k ɔ k u
r e b ɛ k u
r e k ɔ k u
n n a _ r e b ɛ k u
n n a _ r e k ɔ k u
k ɔ k u
b ɛ k u e e
k ɔ k u e e
m m a _ n n k u
n k u
m m f a e e
n n a _ m m f a e e
a f a
n n a _ a f a
r e m m f a
n n a _ r e m m f a
r e f a
n n a _ r e f a
b ɛ f a
r e m m f a
m m f a
a m m f a
f a
f a e e
m m a _ m m f a
f a
n n k ɔ f a
a m m b ɛ f a
a m m k ɔ f a
f a
m m b ɛ f a e e
n n k ɔ f a e e
n n a _ m m b ɛ f a e e
n n a _ n n k ɔ f a e e
a b ɛ f a
a k ɔ f a
n n a _ a b ɛ f a
n n a _ a k ɔ f a
r e m m b ɛ f a
r e n n k ɔ f a
n n a _ r e m m b ɛ f a
n n a _ r e n n k ɔ f a
r e b ɛ f a
r e k ɔ f a
n n a _ r e b ɛ f a
n n a _ r e k ɔ f a
k ɔ f a
b ɛ f a e e
k ɔ f a e e
m m a _ m m f a
m f a
n n t ɔ n e e
n n a _ n n t ɔ n e e
a t ɔ n
n n a _ a t ɔ n
r e n n t ɔ n
n n a _ r e n n t ɔ n
r e t ɔ n
n n a _ r e t ɔ n
b ɛ t ɔ n
r e n n t ɔ n
n n t ɔ n
a n n t ɔ n
t ɔ n
t ɔ n e e
m m a _ n n t ɔ n
t ɔ n
n n k ɔ t ɔ n
a m m b ɛ t ɔ n
a m m k ɔ t ɔ n
t ɔ n
m m b ɛ t ɔ n e e
n n k ɔ t ɔ n e e
n n a _ m m b ɛ t ɔ n e e
n n a _ n n k ɔ t ɔ n e e
a b ɛ t ɔ n
a k ɔ t ɔ n
n n a _ a b ɛ t ɔ n
n n a _ a k ɔ t ɔ n
r e m m b ɛ t ɔ n
r e n n k ɔ t ɔ n
n n a _ r e m m b ɛ t ɔ n
n n a _ r e n n k ɔ t ɔ n
r e b ɛ t ɔ n
r e k ɔ t ɔ n
n n a _ r e b ɛ t ɔ n
n n a _ r e k ɔ t ɔ n
k ɔ t ɔ n
b ɛ t ɔ n e e
k ɔ t ɔ n e e
m m a _ n n t ɔ n
n t ɔ n
n n t e n a e e
n n a _ n n t e n a e e
a t e n a
n n a _ a t e n a
r e n n t e n a
n n a _ r e n n t e n a
r e t e n a
n n a _ r e t e n a
b ɛ t e n a
r e n n t e n a
n n t e n a
a n n t e n a
t e n a
t e n a e e
m m a _ n n t e n a
t e n a
n n k ɔ t e n a
a m m b ɛ t e n a
a m m k ɔ t e n a
t e n a
m m b ɛ t e n a e e
n n k ɔ t e n a e e
n n a _ m m b ɛ t e n a e e
n n a _ n n k ɔ t e n a e e
a b ɛ t e n a
a k ɔ t e n a
n n a _ a b ɛ t e n a
n n a _ a k ɔ t e n a
r e m m b ɛ t e n a
r e n n k ɔ t e n a
n n a _ r e m m b ɛ t e n a
n n a _ r e n n k ɔ t e n a
r e b ɛ t e n a
r e k ɔ t e n a
n n a _ r e b ɛ t e n a
n n a _ r e k ɔ t e n a
k ɔ t e n a
b ɛ t e n a e e
k ɔ t e n a e e
m m a _ n n t e n a
n t e n a
n n t e w e e
n n a _ n n t e w e e
a t e w
n n a _ a t e w
r e n n t e w
n n a _ r e n n t e w
r e t e w
n n a _ r e t e w
b ɛ t e w
r e n n t e w
n n t e w
a n n t e w
t e w
t e w e e
m m a _ n n t e w
t e w
n n k ɔ t e w
a m m b ɛ t e w
a m m k ɔ t e w
t e w
m m b ɛ t e w e e
n n k ɔ t e w e e
n n a _ m m b ɛ t e w e e
n n a _ n n k ɔ t e w e e
a b ɛ t e w
a k ɔ t e w
n n a _ a b ɛ t e w
n n a _ a k ɔ t e w
r e m m b ɛ t e w
r e n n k ɔ t e w
n n a _ r e m m b ɛ t e w
n n a _ r e n n k ɔ t e w
r e b ɛ t e w
r e k ɔ t e w
n n a _ r e b ɛ t e w
n n a _ r e k ɔ t e w
k ɔ t e w
b ɛ t e w e e
k ɔ t e w e e
m m a _ n n t e w
n t e w
m m b a e e
n n a _ m m b a e e
a b a
n n a _ a b a
r e m m b a
n n a _ r e m m b a
r e b a
n n a _ r e b a
b ɛ b a
r e m m b a
m m b a
a m m b a
b a
b a e e
m m a _ m m b a
b a
n n k ɔ b a
a m m b ɛ b a
a m m k ɔ b a
b a
m m b ɛ b a e e
n n k ɔ b a e e
n n a _ m m b ɛ b a e e
n n a _ n n k ɔ b a e e
a b ɛ b a
a k ɔ b a
n n a _ a b ɛ b a
n n a _ a k ɔ b a
r e m m b ɛ b a
r e n n k ɔ b a
n n a _ r e m m b ɛ b a
n n a _ r e n n k ɔ b a
r e b ɛ b a
r e k ɔ b a
n n a _ r e b ɛ b a
n n a _ r e k ɔ b a
k ɔ b a
b ɛ b a e e
k ɔ b a e e
m m a _ m m b a
m b a
n n n a n t e w e e
n n a _ n n n a n t e w e e
a n a n t e w
n n a _ a n a n t e w
r e n n n a n t e w
n n a _ r e n n n a n t e w
r e n a n t e w
n n a _ r e n a n t e w
b ɛ n a n t e w
r e n n n a n t e w
n n n a n t e w
a n n n a n t e w
n a n t e w
n a n t e w e e
m m a _ n n n a n t e w
n a n t e w
n n k ɔ n a n t e w
a m m b ɛ n a n t e w
a m m k ɔ n a n t e w
n a n t e w
m m b ɛ n a n t e w e e
n n k ɔ n a n t e w e e
n n a _ m m b ɛ n a n t e w e e
n n a _ n n k ɔ n a n t e w e e
a b ɛ n a n t e w
a k ɔ n a n t e w
n n a _ a b ɛ n a n t e w
n n a _ a k ɔ n a n t e w
r e m m b ɛ n a n t e w
r e n n k ɔ n a n t e w
n n a _ r e m m b ɛ n a n t e w
n n a _ r e n n k ɔ n a n t e w
r e b ɛ n a n t e w
r e k ɔ n a n t e w
n n a _ r e b ɛ n a n t e w
n n a _ r e k ɔ n a n t e w
k ɔ n a n t e w
b ɛ n a n t e w e e
k ɔ n a n t e w e e
m m a _ n n n a n t e w
n n a n t e w
n n h u n t i e e
n n a _ n n h u n t i e e
a h u n t i
n n a _ a h u n t i
r e n n h u n t i
n n a _ r e n n h u n t i
r e h u n t i
n n a _ r e h u n t i
b ɛ h u n t i
r e n n h u n t i
n n h u n t i
a n n h u n t i
h u n t i
h u n t i e e
m m a _ n n h u n t i
h u n t i
n n k ɔ h u n t i
a m m b ɛ h u n t i
a m m k ɔ h u n t i
h u n t i
m m b ɛ h u n t i e e
n n k ɔ h u n t i e e
n n a _ m m b ɛ h u n t i e e
n n a _ n n k ɔ h u n t i e e
a b ɛ h u n t i
a k ɔ h u n t i
n n a _ a b ɛ h u n t i
n n a _ a k ɔ h u n t i
r e m m b ɛ h u n t i
r e n n k ɔ h u n t i
n n a _ r e m m b ɛ h u n t i
n n a _ r e n n k ɔ h u n t i
r e b ɛ h u n t i
r e k ɔ h u n t i
n n a _ r e b ɛ h u n t i
n n a _ r e k ɔ h u n t i
k ɔ h u n t i
b ɛ h u n t i e e
k ɔ h u n t i e e
m m a _ n n h u n t i
n h u n t i
m m m a e e
n n a _ m m m a e e
a m a
n n a _ a m a
r e m m m a
n n a _ r e m m m a
r e m a
n n a _ r e m a
b ɛ m a
r e m m m a
m m m a
a m m m a
m a
m a e e
m m a _ m m m a
m a
n n k ɔ m a
a m m b ɛ m a
a m m k ɔ m a
m a
m m b ɛ m a e e
n n k ɔ m a e e
n n a _ m m b ɛ m a e e
n n a _ n n k ɔ m a e e
a b ɛ m a
a k ɔ m a
n n a _ a b ɛ m a
n n a _ a k ɔ m a
r e m m b ɛ m a
r e n n k ɔ m a
n n a _ r e m m b ɛ m a
n n a _ r e n n k ɔ m a
r e b ɛ m a
r e k ɔ m a
n n a _ r e b ɛ m a
n n a _ r e k ɔ m a
k ɔ m a
b ɛ m a e e
k ɔ m a e e
m m a _ m m m a
m m a
n n d u a e e
n n a _ n n d u a e e
a d u a
n n a _ a d u a
r e n n d u a
n n a _ r e n n d u a
r e d u a
n n a _ r e d u a
b ɛ d u a
r e n n d u a
n n d u a
a n n d u a
d u a
d u a e e
m m a _ n n d u a
d u a
n n k ɔ d u a
a m m b ɛ d u a
a m m k ɔ d u a
d u a
m m b ɛ d u a e e
n n k ɔ d u a e e
n n a _ m m b ɛ d u a e e
n n a _ n n k ɔ d u a e e
a b ɛ d u a
a k ɔ d u a
n n a _ a b ɛ d u a
n n a _ a k ɔ d u a
r e m m b ɛ d u a
r e n n k ɔ d u a
n n a _ r e m m b ɛ d u a
n n a _ r e n n k ɔ d u a
r e b ɛ d u a
r e k ɔ d u a
n n a _ r e b ɛ d u a
n n a _ r e k ɔ d u a
k ɔ d u a
b ɛ d u a e e
k ɔ d u a e e
m m a _ n n d u a
n d u a
n n h w ɛ e e
n n a _ n n h w ɛ e e
a h w ɛ
n n a _ a h w ɛ
r e n n h w ɛ
n n a _ r e n n h w ɛ
r e h w ɛ
n n a _ r e h w ɛ
b ɛ h w ɛ
r e n n h w ɛ
n n h w ɛ
a n n h w ɛ
h w ɛ
h w ɛ e e
m m a _ n n h w ɛ
h w ɛ
n n k ɔ h w ɛ
a m m b ɛ h w ɛ
a m m k ɔ h w ɛ
h w ɛ
m m b ɛ h w ɛ e e
n n k ɔ h w ɛ e e
n n a _ m m b ɛ h w ɛ e e
n n a _ n n k ɔ h w ɛ e e
a b ɛ h w ɛ
a k ɔ h w ɛ
n n a _ a b ɛ h w ɛ
n n a _ a k ɔ h w ɛ
r e m m b ɛ h w ɛ
r e n n k ɔ h w ɛ
n n a _ r e m m b ɛ h w ɛ
n n a _ r e n n k ɔ h w ɛ
r e b ɛ h w ɛ
r e k ɔ h w ɛ
n n a _ r e b ɛ h w ɛ
n n a _ r e k ɔ h w ɛ
k ɔ h w ɛ
b ɛ h w ɛ e e
k ɔ h w ɛ e e
m m a _ n n h w ɛ
n h w ɛ
m m b ɔ e e
n n a _ m m b ɔ e e
a b ɔ
n n a _ a b ɔ
r e m m b ɔ
n n a _ r e m m b ɔ
r e b ɔ
n n a _ r e b ɔ
b ɛ b ɔ
r e m m b ɔ
m m b ɔ
a m m b ɔ
b ɔ
b ɔ e e
m m a _ m m b ɔ
b ɔ
n n k ɔ b ɔ
a m m b ɛ b ɔ
a m m k ɔ b ɔ
b ɔ
m m b ɛ b ɔ e e
n n k ɔ b ɔ e e
n n a _ m m b ɛ b ɔ e e
n n a _ n n k ɔ b ɔ e e
a b ɛ b ɔ
a k ɔ b ɔ
n n a _ a b ɛ b ɔ
n n a _ a k ɔ b ɔ
r e m m b ɛ b ɔ
r e n n k ɔ b ɔ
n n a _ r e m m b ɛ b ɔ
n n a _ r e n n k ɔ b ɔ
r e b ɛ b ɔ
r e k ɔ b ɔ
n n a _ r e b ɛ b ɔ
n n a _ r e k ɔ b ɔ
k ɔ b ɔ
b ɛ b ɔ e e
k ɔ b ɔ e e
m m a _ m m b ɔ
m b ɔ
n n h u r u w e e
n n a _ n n h u r u w e e
a h u r u w
n n a _ a h u r u w
r e n n h u r u w
n n a _ r e n n h u r u w
r e h u r u w
n n a _ r e h u r u w
b ɛ h u r u w
r e n n h u r u w
n n h u r u w
a n n h u r u w
h u r u w
h u r u w e e
m m a _ n n h u r u w
h u r u w
n n k ɔ h u r u w
a m m b ɛ h u r u w
a m m k ɔ h u r u w
h u r u w
m m b ɛ h u r u w e e
n n k ɔ h u r u w e e
n n a _ m m b ɛ h u r u w e e
n n a _ n n k ɔ h u r u w e e
a b ɛ h u r u w
a k ɔ h u r u w
n n a _ a b ɛ h u r u w
n n a _ a k ɔ h u r u w
r e m m b ɛ h u r u w
r e n n k ɔ h u r u w
n n a _ r e m m b ɛ h u r u w
n n a _ r e n n k ɔ h u r u w
r e b ɛ h u r u w
r e k ɔ h u r u w
n n a _ r e b ɛ h u r u w
n n a _ r e k ɔ h u r u w
k ɔ h u r u w
b ɛ h u r u w e e
k ɔ h u r u w e e
m m a _ n n h u r u w
n h u r u w
n n d a e e
n n a _ n n d a e e
a d a
n n a _ a d a
r e n n d a
n n a _ r e n n d a
r e d a
n n a _ r e d a
b ɛ d a
r e n n d a
n n d a
a n n d a
d a
d a e e
m m a _ n n d a
d a
n n k ɔ d a
a m m b ɛ d a
a m m k ɔ d a
d a
m m b ɛ d a e e
n n k ɔ d a e e
n n a _ m m b ɛ d a e e
n n a _ n n k ɔ d a e e
a b ɛ d a
a k ɔ d a
n n a _ a b ɛ d a
n n a _ a k ɔ d a
r e m m b ɛ d a
r e n n k ɔ d a
n n a _ r e m m b ɛ d a
n n a _ r e n n k ɔ d a
r e b ɛ d a
r e k ɔ d a
n n a _ r e b ɛ d a
n n a _ r e k ɔ d a
k ɔ d a
b ɛ d a e e
k ɔ d a e e
m m a _ n n d a
n d a
m m p i a e e
n n a _ m m p i a e e
a p i a
n n a _ a p i a
r e m m p i a
n n a _ r e m m p i a
r e p i a
n n a _ r e p i a
b ɛ p i a
r e m m p i a
m m p i a
a m m p i a
p i a
p i a e e
m m a _ m m p i a
p i a
n n k ɔ p i a
a m m b ɛ p i a
a m m k ɔ p i a
p i a
m m b ɛ p i a e e
n n k ɔ p i a e e
n n a _ m m b ɛ p i a e e
n n a _ n n k ɔ p i a e e
a b ɛ p i a
a k ɔ p i a
n n a _ a b ɛ p i a
n n a _ a k ɔ p i a
r e m m b ɛ p i a
r e n n k ɔ p i a
n n a _ r e m m b ɛ p i a
n n a _ r e n n k ɔ p i a
r e b ɛ p i a
r e k ɔ p i a
n n a _ r e b ɛ p i a
n n a _ r e k ɔ p i a
k ɔ p i a
b ɛ p i a e e
k ɔ p i a e e
m m a _ m m p i a
m p i a
n n h y i n a e e
n n a _ n n h y i n a e e
a h y i n a
n n a _ a h y i n a
r e n n h y i n a
n n a _ r e n n h y i n a
r e h y i n a
n n a _ r e h y i n a
b ɛ h y i n a
r e n n h y i n a
n n h y i n a
a n n h y i n a
h y i n a
h y i n a e e
m m a _ n n h y i n a
h y i n a
n n k ɔ h y i n a
a m m b ɛ h y i n a
a m m k ɔ h y i n a
h y i n a
m m b ɛ h y i n a e e
n n k ɔ h y i n a e e
n n a _ m m b ɛ h y i n a e e
n n a _ n n k ɔ h y i n a e e
a b ɛ h y i n a
a k ɔ h y i n a
n n a _ a b ɛ h y i n a
n n a _ a k ɔ h y i n a
r e m m b ɛ h y i n a
r e n n k ɔ h y i n a
n n a _ r e m m b ɛ h y i n a
n n a _ r e n n k ɔ h y i n a
r e b ɛ h y i n a
r e k ɔ h y i n a
n n a _ r e b ɛ h y i n a
n n a _ r e k ɔ h y i n a
k ɔ h y i n a
b ɛ h y i n a e e
k ɔ h y i n a e e
m m a _ n n h y i n a
n h y i n a
n n t u _ n g u a n e e
n n a _ n n t u _ n g u a n e e
a t u _ n g u a n
n n a _ a t u _ n g u a n
r e n n t u _ n g u a n
n n a _ r e n n t u _ n g u a n
r e t u _ n g u a n
n n a _ r e t u _ n g u a n
b ɛ t u _ n g u a n
r e n n t u _ n g u a n
n n t u _ n g u a n
a n n t u _ n g u a n
t u _ n g u a n
t u _ n g u a n e e
m m a _ n n t u _ n g u a n
t u _ n g u a n
n n k ɔ t u _ n g u a n
a m m b ɛ t u _ n g u a n
a m m k ɔ t u _ n g u a n
t u _ n g u a n
m m b ɛ t u _ n g u a n e e
n n k ɔ t u _ n g u a n e e
n n a _ m m b ɛ t u _ n g u a n e e
n n a _ n n k ɔ t u _ n g u a n e e
a b ɛ t u _ n g u a n
a k ɔ t u _ n g u a n
n n a _ a b ɛ t u _ n g u a n
n n a _ a k ɔ t u _ n g u a n
r e m m b ɛ t u _ n g u a n
r e n n k ɔ t u _ n g u a n
n n a _ r e m m b ɛ t u _ n g u a n
n n a _ r e n n k ɔ t u _ n g u a n
r e b ɛ t u _ n g u a n
r e k ɔ t u _ n g u a n
n n a _ r e b ɛ t u _ n g u a n
n n a _ r e k ɔ t u _ n g u a n
k ɔ t u _ n g u a n
b ɛ t u _ n g u a n e e
k ɔ t u _ n g u a n e e
m m a _ n n t u _ n g u a n
n t u _ n g u a n
n n s u m a e e
n n a _ n n s u m a e e
a s u m a
n n a _ a s u m a
r e n n s u m a
n n a _ r e n n s u m a
r e s u m a
n n a _ r e s u m a
b ɛ s u m a
r e n n s u m a
n n s u m a
a n n s u m a
s u m a
s u m a e e
m m a _ n n s u m a
s u m a
n n k ɔ s u m a
a m m b ɛ s u m a
a m m k ɔ s u m a
s u m a
m m b ɛ s u m a e e
n n k ɔ s u m a e e
n n a _ m m b ɛ s u m a e e
n n a _ n n k ɔ s u m a e e
a b ɛ s u m a
a k ɔ s u m a
n n a _ a b ɛ s u m a
n n a _ a k ɔ s u m a
r e m m b ɛ s u m a
r e n n k ɔ s u m a
n n a _ r e m m b ɛ s u m a
n n a _ r e n n k ɔ s u m a
r e b ɛ s u m a
r e k ɔ s u m a
n n a _ r e b ɛ s u m a
n n a _ r e k ɔ s u m a
k ɔ s u m a
b ɛ s u m a e e
k ɔ s u m a e e
m m a _ n n s u m a
n s u m a
n n s i w e e
n n a _ n n s i w e e
a s i w
n n a _ a s i w
r e n n s i w
n n a _ r e n n s i w
r e s i w
n n a _ r e s i w
b ɛ s i w
r e n n s i w
n n s i w
a n n s i w
s i w
s i w e e
m m a _ n n s i w
s i w
n n k ɔ s i w
a m m b ɛ s i w
a m m k ɔ s i w
s i w
m m b ɛ s i w e e
n n k ɔ s i w e e
n n a _ m m b ɛ s i w e e
n n a _ n n k ɔ s i w e e
a b ɛ s i w
a k ɔ s i w
n n a _ a b ɛ s i w
n n a _ a k ɔ s i w
r e m m b ɛ s i w
r e n n k ɔ s i w
n n a _ r e m m b ɛ s i w
n n a _ r e n n k ɔ s i w
r e b ɛ s i w
r e k ɔ s i w
n n a _ r e b ɛ s i w
n n a _ r e k ɔ s i w
k ɔ s i w
b ɛ s i w e e
k ɔ s i w e e
m m a _ n n s i w
n s i w
n n s o ɛ r e e
n n a _ n n s o ɛ r e e
a s o ɛ r
n n a _ a s o ɛ r
r e n n s o ɛ r
n n a _ r e n n s o ɛ r
r e s o ɛ r
n n a _ r e s o ɛ r
b ɛ s o ɛ r
r e n n s o ɛ r
n n s o ɛ r
a n n s o ɛ r
s o ɛ r
s o ɛ r e e
m m a _ n n s o ɛ r
s o ɛ r
n n k ɔ s o ɛ r
a m m b ɛ s o ɛ r
a m m k ɔ s o ɛ r
s o ɛ r
m m b ɛ s o ɛ r e e
n n k ɔ s o ɛ r e e
n n a _ m m b ɛ s o ɛ r e e
n n a _ n n k ɔ s o ɛ r e e
a b ɛ s o ɛ r
a k ɔ s o ɛ r
n n a _ a b ɛ s o ɛ r
n n a _ a k ɔ s o ɛ r
r e m m b ɛ s o ɛ r
r e n n k ɔ s o ɛ r
n n a _ r e m m b ɛ s o ɛ r
n n a _ r e n n k ɔ s o ɛ r
r e b ɛ s o ɛ r
r e k ɔ s o ɛ r
n n a _ r e b ɛ s o ɛ r
n n a _ r e k ɔ s o ɛ r
k ɔ s o ɛ r
b ɛ s o ɛ r e e
k ɔ s o ɛ r e e
m m a _ n n s o ɛ r
n s o ɛ r
n n k y e r e ɛ w e e
n n a _ n n k y e r e ɛ w e e
a k y e r e ɛ w
n n a _ a k y e r e ɛ w
r e n n k y e r e ɛ w
n n a _ r e n n k y e r e ɛ w
r e k y e r e ɛ w
n n a _ r e k y e r e ɛ w
b ɛ k y e r e ɛ w
r e n n k y e r e ɛ w
n n k y e r e ɛ w
a n n k y e r e ɛ w
k y e r e ɛ w
k y e r e ɛ w e e
m m a _ n n k y e r e ɛ w
k y e r e ɛ w
n n k ɔ k y e r e ɛ w
a m m b ɛ k y e r e ɛ w
a m m k ɔ k y e r e ɛ w
k y e r e ɛ w
m m b ɛ k y e r e ɛ w e e
n n k ɔ k y e r e ɛ w e e
n n a _ m m b ɛ k y e r e ɛ w e e
n n a _ n n k ɔ k y e r e ɛ w e e
a b ɛ k y e r e ɛ w
a k ɔ k y e r e ɛ w
n n a _ a b ɛ k y e r e ɛ w
n n a _ a k ɔ k y e r e ɛ w
r e m m b ɛ k y e r e ɛ w
r e n n k ɔ k y e r e ɛ w
n n a _ r e m m b ɛ k y e r e ɛ w
n n a _ r e n n k ɔ k y e r e ɛ w
r e b ɛ k y e r e ɛ w
r e k ɔ k y e r e ɛ w
n n a _ r e b ɛ k y e r e ɛ w
n n a _ r e k ɔ k y e r e ɛ w
k ɔ k y e r e ɛ w
b ɛ k y e r e ɛ w e e
k ɔ k y e r e ɛ w e e
m m a _ n n k y e r e ɛ w
n k y e r e ɛ w
m m f o w e e
n n a _ m m f o w e e
a f o w
n n a _ a f o w
r e m m f o w
n n a _ r e m m f o w
r e f o w
n n a _ r e f o w
b ɛ f o w
r e m m f o w
m m f o w
a m m f o w
f o w
f o w e e
m m a _ m m f o w
f o w
n n k ɔ f o w
a m m b ɛ f o w
a m m k ɔ f o w
f o w
m m b ɛ f o w e e
n n k ɔ f o w e e
n n a _ m m b ɛ f o w e e
n n a _ n n k ɔ f o w e e
a b ɛ f o w
a k ɔ f o w
n n a _ a b ɛ f o w
n n a _ a k ɔ f o w
r e m m b ɛ f o w
r e n n k ɔ f o w
n n a _ r e m m b ɛ f o w
n n a _ r e n n k ɔ f o w
r e b ɛ f o w
r e k ɔ f o w
n n a _ r e b ɛ f o w
n n a _ r e k ɔ f o w
k ɔ f o w
b ɛ f o w e e
k ɔ f o w e e
m m a _ m m f o w
m f o w
n n d u m e e
n n a _ n n d u m e e
a d u m
n n a _ a d u m
r e n n d u m
n n a _ r e n n d u m
r e d u m
n n a _ r e d u m
b ɛ d u m
r e n n d u m
n n d u m
a n n d u m
d u m
d u m e e
m m a _ n n d u m
d u m
n n k ɔ d u m
a m m b ɛ d u m
a m m k ɔ d u m
d u m
m m b ɛ d u m e e
n n k ɔ d u m e e
n n a _ m m b ɛ d u m e e
n n a _ n n k ɔ d u m e e
a b ɛ d u m
a k ɔ d u m
n n a _ a b ɛ d u m
n n a _ a k ɔ d u m
r e m m b ɛ d u m
r e n n k ɔ d u m
n n a _ r e m m b ɛ d u m
n n a _ r e n n k ɔ d u m
r e b ɛ d u m
r e k ɔ d u m
n n a _ r e b ɛ d u m
n n a _ r e k ɔ d u m
k ɔ d u m
b ɛ d u m e e
k ɔ d u m e e
m m a _ n n d u m
n d u m
n n d a _ a s e e
n n a _ n n d a _ a s e e
a d a _ a s e
n n a _ a d a _ a s e
r e n n d a _ a s e
n n a _ r e n n d a _ a s e
r e d a _ a s e
n n a _ r e d a _ a s e
b ɛ d a _ a s e
r e n n d a _ a s e
n n d a _ a s e
a n n d a _ a s e
d a _ a s e
d a _ a s e e
m m a _ n n d a _ a s e
d a _ a s e
n n k ɔ d a _ a s e
a m m b ɛ d a _ a s e
a m m k ɔ d a _ a s e
d a _ a s e
m m b ɛ d a _ a s e e
n n k ɔ d a _ a s e e
n n a _ m m b ɛ d a _ a s e e
n n a _ n n k ɔ d a _ a s e e
a b ɛ d a _ a s e
a k ɔ d a _ a s e
n n a _ a b ɛ d a _ a s e
n n a _ a k ɔ d a _ a s e
r e m m b ɛ d a _ a s e
r e n n k ɔ d a _ a s e
n n a _ r e m m b ɛ d a _ a s e
n n a _ r e n n k ɔ d a _ a s e
r e b ɛ d a _ a s e
r e k ɔ d a _ a s e
n n a _ r e b ɛ d a _ a s e
n n a _ r e k ɔ d a _ a s e
k ɔ d a _ a s e
b ɛ d a _ a s e e
k ɔ d a _ a s e e
m m a _ n n d a _ a s e
n d a _ a s e
m m m a _ s o e e
n n a _ m m m a _ s o e e
a m a _ s o
n n a _ a m a _ s o
r e m m m a _ s o
n n a _ r e m m m a _ s o
r e m a _ s o
n n a _ r e m a _ s o
b ɛ m a _ s o
r e m m m a _ s o
m m m a _ s o
a m m m a _ s o
m a _ s o
m a _ s o e e
m m a _ m m m a _ s o
m a _ s o
n n k ɔ m a _ s o
a m m b ɛ m a _ s o
a m m k ɔ m a _ s o
m a _ s o
m m b ɛ m a _ s o e e
n n k ɔ m a _ s o e e
n n a _ m m b ɛ m a _ s o e e
n n a _ n n k ɔ m a _ s o e e
a b ɛ m a _ s o
a k ɔ m a _ s o
n n a _ a b ɛ m a _ s o
n n a _ a k ɔ m a _ s o
r e m m b ɛ m a _ s o
r e n n k ɔ m a _ s o
n n a _ r e m m b ɛ m a _ s o
n n a _ r e n n k ɔ m a _ s o
r e b ɛ m a _ s o
r e k ɔ m a _ s o
n n a _ r e b ɛ m a _ s o
n n a _ r e k ɔ m a _ s o
k ɔ m a _ s o
b ɛ m a _ s o e e
k ɔ m a _ s o e e
m m a _ m m m a _ s o
m m a _ s o
n n k a e e
n n a _ n n k a e e
a k a
n n a _ a k a
r e n n k a
n n a _ r e n n k a
r e k a
n n a _ r e k a
b ɛ k a
r e n n k a
n n k a
a n n k a
k a
k a e e
m m a _ n n k a
k a
n n k ɔ k a
a m m b ɛ k a
a m m k ɔ k a
k a
m m b ɛ k a e e
n n k ɔ k a e e
n n a _ m m b ɛ k a e e
n n a _ n n k ɔ k a e e
a b ɛ k a
a k ɔ k a
n n a _ a b ɛ k a
n n a _ a k ɔ k a
r e m m b ɛ k a
r e n n k ɔ k a
n n a _ r e m m b ɛ k a
n n a _ r e n n k ɔ k a
r e b ɛ k a
r e k ɔ k a
n n a _ r e b ɛ k a
n n a _ r e k ɔ k a
k ɔ k a
b ɛ k a e e
k ɔ k a e e
m m a _ n n k a
n k a
n n t i e e
n n a _ n n t i e e
a t i e
n n a _ a t i e
r e n n t i e
n n a _ r e n n t i e
r e t i e
n n a _ r e t i e
b ɛ t i e
r e n n t i e
n n t i e
a n n t i e
t i e
t i e e
m m a _ n n t i e
t i e
n n k ɔ t i e
a m m b ɛ t i e
a m m k ɔ t i e
t i e
m m b ɛ t i e e
n n k ɔ t i e e
n n a _ m m b ɛ t i e e
n n a _ n n k ɔ t i e e
a b ɛ t i e
a k ɔ t i e
n n a _ a b ɛ t i e
n n a _ a k ɔ t i e
r e m m b ɛ t i e
r e n n k ɔ t i e
n n a _ r e m m b ɛ t i e
n n a _ r e n n k ɔ t i e
r e b ɛ t i e
r e k ɔ t i e
n n a _ r e b ɛ t i e
n n a _ r e k ɔ t i e
k ɔ t i e
b ɛ t i e e
k ɔ t i e e
m m a _ n n t i e
n t i e
n n h y ɛ _ a s e e
n n a _ n n h y ɛ _ a s e e
a h y ɛ _ a s e
n n a _ a h y ɛ _ a s e
r e n n h y ɛ _ a s e
n n a _ r e n n h y ɛ _ a s e
r e h y ɛ _ a s e
n n a _ r e h y ɛ _ a s e
b ɛ h y ɛ _ a s e
r e n n h y ɛ _ a s e
n n h y ɛ _ a s e
a n n h y ɛ _ a s e
h y ɛ _ a s e
h y ɛ _ a s e e
m m a _ n n h y ɛ _ a s e
h y ɛ _ a s e
n n k ɔ h y ɛ _ a s e
a m m b ɛ h y ɛ _ a s e
a m m k ɔ h y ɛ _ a s e
h y ɛ _ a s e
m m b ɛ h y ɛ _ a s e e
n n k ɔ h y ɛ _ a s e e
n n a _ m m b ɛ h y ɛ _ a s e e
n n a _ n n k ɔ h y ɛ _ a s e e
a b ɛ h y ɛ _ a s e
a k ɔ h y ɛ _ a s e
n n a _ a b ɛ h y ɛ _ a s e
n n a _ a k ɔ h y ɛ _ a s e
r e m m b ɛ h y ɛ _ a s e
r e n n k ɔ h y ɛ _ a s e
n n a _ r e m m b ɛ h y ɛ _ a s e
n n a _ r e n n k ɔ h y ɛ _ a s e
r e b ɛ h y ɛ _ a s e
r e k ɔ h y ɛ _ a s e
n n a _ r e b ɛ h y ɛ _ a s e
n n a _ r e k ɔ h y ɛ _ a s e
k ɔ h y ɛ _ a s e
b ɛ h y ɛ _ a s e e
k ɔ h y ɛ _ a s e e
m m a _ n n h y ɛ _ a s e
n h y ɛ _ a s e
n n s u o _ m u e e
n n a _ n n s u o _ m u e e
a s u o _ m u
n n a _ a s u o _ m u
r e n n s u o _ m u
n n a _ r e n n s u o _ m u
r e s u o _ m u
n n a _ r e s u o _ m u
b ɛ s u o _ m u
r e n n s u o _ m u
n n s u o _ m u
a n n s u o _ m u
s u o _ m u
s u o _ m u e e
m m a _ n n s u o _ m u
s u o _ m u
n n k ɔ s u o _ m u
a m m b ɛ s u o _ m u
a m m k ɔ s u o _ m u
s u o _ m u
m m b ɛ s u o _ m u e e
n n k ɔ s u o _ m u e e
n n a _ m m b ɛ s u o _ m u e e
n n a _ n n k ɔ s u o _ m u e e
a b ɛ s u o _ m u
a k ɔ s u o _ m u
n n a _ a b ɛ s u o _ m u
n n a _ a k ɔ s u o _ m u
r e m m b ɛ s u o _ m u
r e n n k ɔ s u o _ m u
n n a _ r e m m b ɛ s u o _ m u
n n a _ r e n n k ɔ s u o _ m u
r e b ɛ s u o _ m u
r e k ɔ s u o _ m u
n n a _ r e b ɛ s u o _ m u
n n a _ r e k ɔ s u o _ m u
k ɔ s u o _ m u
b ɛ s u o _ m u e e
k ɔ s u o _ m u e e
m m a _ n n s u o _ m u
n s u o _ m u
n n s u a e e
n n a _ n n s u a e e
a s u a
n n a _ a s u a
r e n n s u a
n n a _ r e n n s u a
r e s u a
n n a _ r e s u a
b ɛ s u a
r e n n s u a
n n s u a
a n n s u a
s u a
s u a e e
m m a _ n n s u a
s u a
n n k ɔ s u a
a m m b ɛ s u a
a m m k ɔ s u a
s u a
m m b ɛ s u a e e
n n k ɔ s u a e e
n n a _ m m b ɛ s u a e e
n n a _ n n k ɔ s u a e e
a b ɛ s u a
a k ɔ s u a
n n a _ a b ɛ s u a
n n a _ a k ɔ s u a
r e m m b ɛ s u a
r e n n k ɔ s u a
n n a _ r e m m b ɛ s u a
n n a _ r e n n k ɔ s u a
r e b ɛ s u a
r e k ɔ s u a
n n a _ r e b ɛ s u a
n n a _ r e k ɔ s u a
k ɔ s u a
b ɛ s u a e e
k ɔ s u a e e
m m a _ n n s u a
n s u a
m m b ɔ _ n s a m u e e
n n a _ m m b ɔ _ n s a m u e e
a b ɔ _ n s a m u
n n a _ a b ɔ _ n s a m u
r e m m b ɔ _ n s a m u
n n a _ r e m m b ɔ _ n s a m u
r e b ɔ _ n s a m u
n n a _ r e b ɔ _ n s a m u
b ɛ b ɔ _ n s a m u
r e m m b ɔ _ n s a m u
m m b ɔ _ n s a m u
a m m b ɔ _ n s a m u
b ɔ _ n s a m u
b ɔ _ n s a m u e e
m m a _ m m b ɔ _ n s a m u
b ɔ _ n s a m u
n n k ɔ b ɔ _ n s a m u
a m m b ɛ b ɔ _ n s a m u
a m m k ɔ b ɔ _ n s a m u
b ɔ _ n s a m u
m m b ɛ b ɔ _ n s a m u e e
n n k ɔ b ɔ _ n s a m u e e
n n a _ m m b ɛ b ɔ _ n s a m u e e
n n a _ n n k ɔ b ɔ _ n s a m u e e
a b ɛ b ɔ _ n s a m u
a k ɔ b ɔ _ n s a m u
n n a _ a b ɛ b ɔ _ n s a m u
n n a _ a k ɔ b ɔ _ n s a m u
r e m m b ɛ b ɔ _ n s a m u
r e n n k ɔ b ɔ _ n s a m u
n n a _ r e m m b ɛ b ɔ _ n s a m u
n n a _ r e n n k ɔ b ɔ _ n s a m u
r e b ɛ b ɔ _ n s a m u
r e k ɔ b ɔ _ n s a m u
n n a _ r e b ɛ b ɔ _ n s a m u
n n a _ r e k ɔ b ɔ _ n s a m u
k ɔ b ɔ _ n s a m u
b ɛ b ɔ _ n s a m u e e
k ɔ b ɔ _ n s a m u e e
m m a _ m m b ɔ _ n s a m u
m b ɔ _ n s a m u
n n t u t u e e
n n a _ n n t u t u e e
a t u t u
n n a _ a t u t u
r e n n t u t u
n n a _ r e n n t u t u
r e t u t u
n n a _ r e t u t u
b ɛ t u t u
r e n n t u t u
n n t u t u
a n n t u t u
t u t u
t u t u e e
m m a _ n n t u t u
t u t u
n n k ɔ t u t u
a m m b ɛ t u t u
a m m k ɔ t u t u
t u t u
m m b ɛ t u t u e e
n n k ɔ t u t u e e
n n a _ m m b ɛ t u t u e e
n n a _ n n k ɔ t u t u e e
a b ɛ t u t u
a k ɔ t u t u
n n a _ a b ɛ t u t u
n n a _ a k ɔ t u t u
r e m m b ɛ t u t u
r e n n k ɔ t u t u
n n a _ r e m m b ɛ t u t u
n n a _ r e n n k ɔ t u t u
r e b ɛ t u t u
r e k ɔ t u t u
n n a _ r e b ɛ t u t u
n n a _ r e k ɔ t u t u
k ɔ t u t u
b ɛ t u t u e e
k ɔ t u t u e e
m m a _ n n t u t u
n t u t u
n n s e r e w e e
n n a _ n n s e r e w e e
a s e r e w
n n a _ a s e r e w
r e n n s e r e w
n n a _ r e n n s e r e w
r e s e r e w
n n a _ r e s e r e w
b ɛ s e r e w
r e n n s e r e w
n n s e r e w
a n n s e r e w
s e r e w
s e r e w e e
m m a _ n n s e r e w
s e r e w
n n k ɔ s e r e w
a m m b ɛ s e r e w
a m m k ɔ s e r e w
s e r e w
m m b ɛ s e r e w e e
n n k ɔ s e r e w e e
n n a _ m m b ɛ s e r e w e e
n n a _ n n k ɔ s e r e w e e
a b ɛ s e r e w
a k ɔ s e r e w
n n a _ a b ɛ s e r e w
n n a _ a k ɔ s e r e w
r e m m b ɛ s e r e w
r e n n k ɔ s e r e w
n n a _ r e m m b ɛ s e r e w
n n a _ r e n n k ɔ s e r e w
r e b ɛ s e r e w
r e k ɔ s e r e w
n n a _ r e b ɛ s e r e w
n n a _ r e k ɔ s e r e w
k ɔ s e r e w
b ɛ s e r e w e e
k ɔ s e r e w e e
m m a _ n n s e r e w
n s e r e w
m m f r ɛ e e
n n a _ m m f r ɛ e e
a f r ɛ
n n a _ a f r ɛ
r e m m f r ɛ
n n a _ r e m m f r ɛ
r e f r ɛ
n n a _ r e f r ɛ
b ɛ f r ɛ
r e m m f r ɛ
m m f r ɛ
a m m f r ɛ
f r ɛ
f r ɛ e e
m m a _ m m f r ɛ
f r ɛ
n n k ɔ f r ɛ
a m m b ɛ f r ɛ
a m m k ɔ f r ɛ
f r ɛ
m m b ɛ f r ɛ e e
n n k ɔ f r ɛ e e
n n a _ m m b ɛ f r ɛ e e
n n a _ n n k ɔ f r ɛ e e
a b ɛ f r ɛ
a k ɔ f r ɛ
n n a _ a b ɛ f r ɛ
n n a _ a k ɔ f r ɛ
r e m m b ɛ f r ɛ
r e n n k ɔ f r ɛ
n n a _ r e m m b ɛ f r ɛ
n n a _ r e n n k ɔ f r ɛ
r e b ɛ f r ɛ
r e k ɔ f r ɛ
n n a _ r e b ɛ f r ɛ
n n a _ r e k ɔ f r ɛ
k ɔ f r ɛ
b ɛ f r ɛ e e
k ɔ f r ɛ e e
m m a _ m m f r ɛ
m f r ɛ
n n y e w e e
n n a _ n n y e w e e
a y e w
n n a _ a y e w
r e n n y e w
n n a _ r e n n y e w
r e y e w
n n a _ r e y e w
b ɛ y e w
r e n n y e w
n n y e w
a n n y e w
y e w
y e w e e
m m a _ n n y e w
y e w
n n k ɔ y e w
a m m b ɛ y e w
a m m k ɔ y e w
y e w
m m b ɛ y e w e e
n n k ɔ y e w e e
n n a _ m m b ɛ y e w e e
n n a _ n n k ɔ y e w e e
a b ɛ y e w
a k ɔ y e w
n n a _ a b ɛ y e w
n n a _ a k ɔ y e w
r e m m b ɛ y e w
r e n n k ɔ y e w
n n a _ r e m m b ɛ y e w
n n a _ r e n n k ɔ y e w
r e b ɛ y e w
r e k ɔ y e w
n n a _ r e b ɛ y e w
n n a _ r e k ɔ y e w
k ɔ y e w
b ɛ y e w e e
k ɔ y e w e e
m m a _ n n y e w
n y e w
n n s a n e e
n n a _ n n s a n e e
a s a n
n n a _ a s a n
r e n n s a n
n n a _ r e n n s a n
r e s a n
n n a _ r e s a n
b ɛ s a n
r e n n s a n
n n s a n
a n n s a n
s a n
s a n e e
m m a _ n n s a n
s a n
n n k ɔ s a n
a m m b ɛ s a n
a m m k ɔ s a n
s a n
m m b ɛ s a n e e
n n k ɔ s a n e e
n n a _ m m b ɛ s a n e e
n n a _ n n k ɔ s a n e e
a b ɛ s a n
a k ɔ s a n
n n a _ a b ɛ s a n
n n a _ a k ɔ s a n
r e m m b ɛ s a n
r e n n k ɔ s a n
n n a _ r e m m b ɛ s a n
n n a _ r e n n k ɔ s a n
r e b ɛ s a n
r e k ɔ s a n
n n a _ r e b ɛ s a n
n n a _ r e k ɔ s a n
k ɔ s a n
b ɛ s a n e e
k ɔ s a n e e
m m a _ n n s a n
n s a n
n n h u a n e e
n n a _ n n h u a n e e
a h u a n e
n n a _ a h u a n e
r e n n h u a n e
n n a _ r e n n h u a n e
r e h u a n e
n n a _ r e h u a n e
b ɛ h u a n e
r e n n h u a n e
n n h u a n e
a n n h u a n e
h u a n e
h u a n e e
m m a _ n n h u a n e
h u a n e
n n k ɔ h u a n e
a m m b ɛ h u a n e
a m m k ɔ h u a n e
h u a n e
m m b ɛ h u a n e e
n n k ɔ h u a n e e
n n a _ m m b ɛ h u a n e e
n n a _ n n k ɔ h u a n e e
a b ɛ h u a n e
a k ɔ h u a n e
n n a _ a b ɛ h u a n e
n n a _ a k ɔ h u a n e
r e m m b ɛ h u a n e
r e n n k ɔ h u a n e
n n a _ r e m m b ɛ h u a n e
n n a _ r e n n k ɔ h u a n e
r e b ɛ h u a n e
r e k ɔ h u a n e
n n a _ r e b ɛ h u a n e
n n a _ r e k ɔ h u a n e
k ɔ h u a n e
b ɛ h u a n e e
k ɔ h u a n e e
m m a _ n n h u a n e
n h u a n e
n n w i e e
n n a _ n n w i e e
a w i e
n n a _ a w i e
r e n n w i e
n n a _ r e n n w i e
r e w i e
n n a _ r e w i e
b ɛ w i e
r e n n w i e
n n w i e
a n n w i e
w i e
w i e e
m m a _ n n w i e
w i e
n n k ɔ w i e
a m m b ɛ w i e
a m m k ɔ w i e
w i e
m m b ɛ w i e e
n n k ɔ w i e e
n n a _ m m b ɛ w i e e
n n a _ n n k ɔ w i e e
a b ɛ w i e
a k ɔ w i e
n n a _ a b ɛ w i e
n n a _ a k ɔ w i e
r e m m b ɛ w i e
r e n n k ɔ w i e
n n a _ r e m m b ɛ w i e
n n a _ r e n n k ɔ w i e
r e b ɛ w i e
r e k ɔ w i e
n n a _ r e b ɛ w i e
n n a _ r e k ɔ w i e
k ɔ w i e
b ɛ w i e e
k ɔ w i e e
m m a _ n n w i e
n w i e
n n h w e h w ɛ e e
n n a _ n n h w e h w ɛ e e
a h w e h w ɛ
n n a _ a h w e h w ɛ
r e n n h w e h w ɛ
n n a _ r e n n h w e h w ɛ
r e h w e h w ɛ
n n a _ r e h w e h w ɛ
b ɛ h w e h w ɛ
r e n n h w e h w ɛ
n n h w e h w ɛ
a n n h w e h w ɛ
h w e h w ɛ
h w e h w ɛ e e
m m a _ n n h w e h w ɛ
h w e h w ɛ
n n k ɔ h w e h w ɛ
a m m b ɛ h w e h w ɛ
a m m k ɔ h w e h w ɛ
h w e h w ɛ
m m b ɛ h w e h w ɛ e e
n n k ɔ h w e h w ɛ e e
n n a _ m m b ɛ h w e h w ɛ e e
n n a _ n n k ɔ h w e h w ɛ e e
a b ɛ h w e h w ɛ
a k ɔ h w e h w ɛ
n n a _ a b ɛ h w e h w ɛ
n n a _ a k ɔ h w e h w ɛ
r e m m b ɛ h w e h w ɛ
r e n n k ɔ h w e h w ɛ
n n a _ r e m m b ɛ h w e h w ɛ
n n a _ r e n n k ɔ h w e h w ɛ
r e b ɛ h w e h w ɛ
r e k ɔ h w e h w ɛ
n n a _ r e b ɛ h w e h w ɛ
n n a _ r e k ɔ h w e h w ɛ
k ɔ h w e h w ɛ
b ɛ h w e h w ɛ e e
k ɔ h w e h w ɛ e e
m m a _ n n h w e h w ɛ
n h w e h w ɛ
n n t w e e
n n a _ n n t w e e
a t w e
n n a _ a t w e
r e n n t w e
n n a _ r e n n t w e
r e t w e
n n a _ r e t w e
b ɛ t w e
r e n n t w e
n n t w e
a n n t w e
t w e
t w e e
m m a _ n n t w e
t w e
n n k ɔ t w e
a m m b ɛ t w e
a m m k ɔ t w e
t w e
m m b ɛ t w e e
n n k ɔ t w e e
n n a _ m m b ɛ t w e e
n n a _ n n k ɔ t w e e
a b ɛ t w e
a k ɔ t w e
n n a _ a b ɛ t w e
n n a _ a k ɔ t w e
r e m m b ɛ t w e
r e n n k ɔ t w e
n n a _ r e m m b ɛ t w e
n n a _ r e n n k ɔ t w e
r e b ɛ t w e
r e k ɔ t w e
n n a _ r e b ɛ t w e
n n a _ r e k ɔ t w e
k ɔ t w e
b ɛ t w e e
k ɔ t w e e
m m a _ n n t w e
n t w e
n n k a s a e e
n n a _ n n k a s a e e
a k a s a
n n a _ a k a s a
r e n n k a s a
n n a _ r e n n k a s a
r e k a s a
n n a _ r e k a s a
b ɛ k a s a
r e n n k a s a
n n k a s a
a n n k a s a
k a s a
k a s a e e
m m a _ n n k a s a
k a s a
n n k ɔ k a s a
a m m b ɛ k a s a
a m m k ɔ k a s a
k a s a
m m b ɛ k a s a e e
n n k ɔ k a s a e e
n n a _ m m b ɛ k a s a e e
n n a _ n n k ɔ k a s a e e
a b ɛ k a s a
a k ɔ k a s a
n n a _ a b ɛ k a s a
n n a _ a k ɔ k a s a
r e m m b ɛ k a s a
r e n n k ɔ k a s a
n n a _ r e m m b ɛ k a s a
n n a _ r e n n k ɔ k a s a
r e b ɛ k a s a
r e k ɔ k a s a
n n a _ r e b ɛ k a s a
n n a _ r e k ɔ k a s a
k ɔ k a s a
b ɛ k a s a e e
k ɔ k a s a e e
m m a _ n n k a s a
n k a s a
m m p e p a e e
n n a _ m m p e p a e e
a p e p a
n n a _ a p e p a
r e m m p e p a
n n a _ r e m m p e p a
r e p e p a
n n a _ r e p e p a
b ɛ p e p a
r e m m p e p a
m m p e p a
a m m p e p a
p e p a
p e p a e e
m m a _ m m p e p a
p e p a
n n k ɔ p e p a
a m m b ɛ p e p a
a m m k ɔ p e p a
p e p a
m m b ɛ p e p a e e
n n k ɔ p e p a e e
n n a _ m m b ɛ p e p a e e
n n a _ n n k ɔ p e p a e e
a b ɛ p e p a
a k ɔ p e p a
n n a _ a b ɛ p e p a
n n a _ a k ɔ p e p a
r e m m b ɛ p e p a
r e n n k ɔ p e p a
n n a _ r e m m b ɛ p e p a
n n a _ r e n n k ɔ p e p a
r e b ɛ p e p a
r e k ɔ p e p a
n n a _ r e b ɛ p e p a
n n a _ r e k ɔ p e p a
k ɔ p e p a
b ɛ p e p a e e
k ɔ p e p a e e
m m a _ m m p e p a
m p e p a
m m b o r o e e
n n a _ m m b o r o e e
a b o r o
n n a _ a b o r o
r e m m b o r o
n n a _ r e m m b o r o
r e b o r o
n n a _ r e b o r o
b ɛ b o r o
r e m m b o r o
m m b o r o
a m m b o r o
b o r o
b o r o e e
m m a _ m m b o r o
b o r o
n n k ɔ b o r o
a m m b ɛ b o r o
a m m k ɔ b o r o
b o r o
m m b ɛ b o r o e e
n n k ɔ b o r o e e
n n a _ m m b ɛ b o r o e e
n n a _ n n k ɔ b o r o e e
a b ɛ b o r o
a k ɔ b o r o
n n a _ a b ɛ b o r o
n n a _ a k ɔ b o r o
r e m m b ɛ b o r o
r e n n k ɔ b o r o
n n a _ r e m m b ɛ b o r o
n n a _ r e n n k ɔ b o r o
r e b ɛ b o r o
r e k ɔ b o r o
n n a _ r e b ɛ b o r o
n n a _ r e k ɔ b o r o
k ɔ b o r o
b ɛ b o r o e e
k ɔ b o r o e e
m m a _ m m b o r o
m b o r o
n n s o _ d a e e
n n a _ n n s o _ d a e e
a s o _ d a e
n n a _ a s o _ d a e
r e n n s o _ d a e
n n a _ r e n n s o _ d a e
r e s o _ d a e
n n a _ r e s o _ d a e
b ɛ s o _ d a e
r e n n s o _ d a e
n n s o _ d a e
a n n s o _ d a e
s o _ d a e
s o _ d a e e
m m a _ n n s o _ d a e
s o _ d a e
n n k ɔ s o _ d a e
a m m b ɛ s o _ d a e
a m m k ɔ s o _ d a e
s o _ d a e
m m b ɛ s o _ d a e e
n n k ɔ s o _ d a e e
n n a _ m m b ɛ s o _ d a e e
n n a _ n n k ɔ s o _ d a e e
a b ɛ s o _ d a e
a k ɔ s o _ d a e
n n a _ a b ɛ s o _ d a e
n n a _ a k ɔ s o _ d a e
r e m m b ɛ s o _ d a e
r e n n k ɔ s o _ d a e
n n a _ r e m m b ɛ s o _ d a e
n n a _ r e n n k ɔ s o _ d a e
r e b ɛ s o _ d a e
r e k ɔ s o _ d a e
n n a _ r e b ɛ s o _ d a e
n n a _ r e k ɔ s o _ d a e
k ɔ s o _ d a e
b ɛ s o _ d a e e
k ɔ s o _ d a e e
m m a _ n n s o _ d a e
n s o _ d a e
n n h o h o r o e e
n n a _ n n h o h o r o e e
a h o h o r o
n n a _ a h o h o r o
r e n n h o h o r o
n n a _ r e n n h o h o r o
r e h o h o r o
n n a _ r e h o h o r o
b ɛ h o h o r o
r e n n h o h o r o
n n h o h o r o
a n n h o h o r o
h o h o r o
h o h o r o e e
m m a _ n n h o h o r o
h o h o r o
n n k ɔ h o h o r o
a m m b ɛ h o h o r o
a m m k ɔ h o h o r o
h o h o r o
m m b ɛ h o h o r o e e
n n k ɔ h o h o r o e e
n n a _ m m b ɛ h o h o r o e e
n n a _ n n k ɔ h o h o r o e e
a b ɛ h o h o r o
a k ɔ h o h o r o
n n a _ a b ɛ h o h o r o
n n a _ a k ɔ h o h o r o
r e m m b ɛ h o h o r o
r e n n k ɔ h o h o r o
n n a _ r e m m b ɛ h o h o r o
n n a _ r e n n k ɔ h o h o r o
r e b ɛ h o h o r o
r e k ɔ h o h o r o
n n a _ r e b ɛ h o h o r o
n n a _ r e k ɔ h o h o r o
k ɔ h o h o r o
b ɛ h o h o r o e e
k ɔ h o h o r o e e
m m a _ n n h o h o r o
n h o h o r o
w b _ f k h y d t a w r ɔ n
e _ e
k m r m m r w ɔ n h s ɔ d e s t i d
e _ r y d n ɛ ɛ b s p t m m b s
n r n p y n ɛ t e y _ u ɔ t n
u u m s a y p p o a i a _
t s y p g t a o
o e h h w d
_ p f m w m
s ɛ e m s h d e w f g
m a t h e _ t p m d ɔ ɔ
ɛ p m h f d n
_ p t b y y k n f
a h a i _ a e _ u k h n g y
i p y e n u a
a d h b ɔ p r f u ɔ a
f u b y s e b r p ɛ m e s d t w n h
d u ɔ a i n n d w d d
b e _ e y d h u s o i
y y e ɔ f i h t b b e k b p e s f a k
_ b i w d
h r a t ɔ o a k s w ɔ t ɛ p f s
b a _ f r m u m e
k a b n e a u e ɔ d p b
_ g g b ɛ i k o _ o i u r d w _ e e r
_ k m k u a ɛ d a h m _ e d o w k g
m g
ɔ g p w b y e e p p k ɔ f n m w
y w r u b o d n
i ɛ o
f t _ h m g m r u f r s
m m d
y b t t e u d u n g k t _ a o b _ s
t o k n t s ɔ e m r
p u w _ f e d n u _ a m o k k
y t u u f f m ɔ a h u u e g y
k y t a p m d b e g e s p s b t t h n
k r n b p t p d n
u y
ɔ b w e ɛ
r o t _ m d h k e p t o h ɔ e ɛ y t o
f d f s _
n s p b b i y s m p g r n
ɛ i w y k b _ y m i f m u
d b a g ɛ h n o k u h m r e w r o _ a
a u s
p d n i
u n d h u i
t ɛ f m a
_ d k f n w i ɔ d t e f p n e y f w m
k s ɛ ɔ n h r ɔ ɔ b ɔ m ɛ s d
p f a o
o r ɔ y f k b r m g w a
k g h y a o r p n o o
o ɔ k e d r e d n
n b m d ɔ w y
ɔ r a p t
h w y o m ɔ k w m g m u e a
p e a y u h b
p i b a u y a i d s n ɛ p
p m g a ɛ e g _ o g a f p h f k k f
ɔ y y ɛ y
p s ɛ _ y f ɛ d n
g e i f ɔ y e i h
u i ɔ y s h i n ɔ _ s
ɔ f s ɔ y s m f ɛ w d
a h
s h t a w r r y a y k d s i ɛ n ɛ w k
o f u ɔ
k e s k p b a f u k d d h ɛ u o _
h h m p m r n b _ m e k y i m w o ɛ ɛ
d n i s p _ f d d ɔ y a y m ɛ f
ɛ r h b m
k n h
t y i w s g y n t _ s n k n k d d
_ u i t f a ɛ g _
_ t f f g r g i d t w _ h s i
a i n t g t e t
_ k i n b k t w h w ɛ w y b ɛ t b
i ɔ k o ɔ e y m h h w ɔ w a r f t a
n r p m r w h o i d g g ɔ
s t s a
h s m y s t
h n k d p ɔ b a e g o b g _ f r
i g s k _ m ɛ i k y
w u w a e f _
n b m p p s ɔ
w ɔ p p
y r a o y _ ɔ f o m o i r y r
_ o o m _ g f k d a _ k a u s r i r d
a e i g p f s u m u f t w e u ɔ d i
ɔ a y
p r w _
f g m u ɔ ɔ ɔ g a i
f h ɛ t e n f y _ u b i d
y u f r w n b
s s f r k ɔ o
b u r k u ɔ p
f ɔ m h h n b t _ u b m y y ɔ k
ɔ s d u t f u f ɔ i
d w n y b o n d i a m w p p n r n k k
g h s
f a p t d g y _ t
r m a w y
a u i ɛ g t r n s _ e h
y e i b u e u o r w ɔ y k m
t p r p ɛ r _ f
r y y d y
g ɔ _ d k u u g p g ɛ s n _ h m k
i u t e d a u s b p r
w g
b d a ɔ u f n f n y o b e t p
d f r m d
e ɛ m _ m a i f o ɛ
a e k
t ɛ ɔ t e r ɔ m
ɛ u u e i e
_ k u y a n r d
u ɛ _ m ɔ b ɔ t a ɛ k a
s y d s n g k w f d i y g m
b t m o y y ɔ p t r ɔ _
d g e o s
p ɛ o e s d f p a p u h g u
u b e s a u a a s a p i n
m e r o _ d u a p ɛ k a _ a a p i u m
f _ p g p i _ n b e d k k f k h m
n a u b n d h o
g f p p h y u d ɛ b ɔ k w y
u _ y e y g g n n g ɛ ɛ ɛ t h n
s n m w y n a w n
i s
ɛ a g d i s r f
f ɔ y o h ɛ y b d m t w r m h
a ɛ p ɛ d h n f o g g y _ _ w a
g i g h u b w m k _ e i b
y u e i m i y t y e
o r y s m u g u k r i _ k ɛ w t
u a ɔ p
y i w ɔ h y r o o
o r r k k i p _ s p u r h
u b ɔ r e g y
e k f n i p f m ɛ r g i _ n t p
r m r ɛ e ɔ t b f s t s y _ ɛ
a w b i e d p i b d t h i p n u
b ɛ ɛ ɔ b p r w ɛ _ t f i h
ɔ o u o h w d i a a f _ f o
a ɔ w f k
o k w d e ɛ u e p _
a r u b u o f f o t o p m n d t h h k
y k k o i w
y r d w n n b p t g w ɛ k _ _
e y e b e y i n ɛ k
r e t s p h u r s e t
a g u a w _ g a u o ɛ m
a m
o g r f b t i k e d r r n e
u m h
o h w ɔ w p s y d a s r k _ r y
u r g g ɛ e r h m ɛ m w m f
w d g
ɛ y w w n h e ɛ
f s u y t h s
g a y i h e ɔ t n f e
w w ɛ ɔ
f i ɛ ɔ f u
s e o t g n m _ k r n y f e y _
i e f s e o h m n w ɛ _
f e ɔ p n n n y i w t o
e h m r h _ s n
m r y k g f d g i k a w s
b i f y h i h f ɔ ɔ y s p f ɔ m
k m p s k n t
t p w b m ɛ r
r p y ɔ g h d d t d
y r _ u b p r o g e n m i g y b s h u
r e ɔ i k g
t ɔ
ɛ g s b a ɛ _ o ɛ p m d u t
w k p a r w o e o p
ɔ g r y r d f n n e s n
i i m _ n f e p e b w ɔ a f k b y h b
t n p e g y ɛ n ɔ a n n _ i t f t g f
h h w m a i s s n ɔ w g h ɔ y w ɛ y s
e h ɛ p r _ s r g u m s r k
w b g y p h a u u a y b ɛ _
g t _ g _ s w i y m u b y i
s f u o _ r k s h u
e d w e g y h w n w a u p n k w w h
a e e y
_ n a n o ɛ b n r
_ p d
w f u o p y r t t h w s n ɛ p
n ɛ i i o n d ɛ ɔ h ɛ h g ɛ u i w t
k f p u ɔ s u a m ɔ i _
r p b d s ɛ r p d a t ɔ g m _ k t w s
w n y p e a ɔ n ɔ p ɔ ɔ o g
t m y h y i n u m o ɛ k k m h p a t
t t ɔ i r d r ɛ ɔ p a s d
y _ m ɔ m k s m ɔ d u ɛ y ɔ
u ɛ i w w e b i b b f r a d ɛ d f i
k o h _ k a a d p e t o _ h
i o o ɔ ɛ b y i k ɛ y i d h d o p
m f a a d
r g p y ɛ b _ w d n i e g
f _ o k r w h ɛ d h p u o t p
y ɛ _ m ɔ w y p ɛ ɛ
u m p u n e b t y n y n p b y o u i r
m k i
s s
d o t p ɔ o r b m ɔ t e e i b _ o
m ɔ t b a o d y g w
h i _ e u p p a y
h b k o e k t ɔ b h o a k t b s
w p b a
s r n a b w b g a b _
d g a e m o h u g s a p k o _ t f t
ɛ n y m r i _
_ p p ɔ i r b ɔ d
u o e t ɛ b _ n w
o o
h o m a s g f _ d n p h b w t m m f d
ɛ e n w y m u h e g g d i f o p _
o d y ɛ k ɔ w k p g i i b f e b ɛ
i g k b s y ɔ t y ɔ f t f m y a f n w
u a n u n h y h a f d
g ɛ h f h e f r
o f y o h k b b n
i p k y _ n p e
h ɔ b p e t b d b u
e f w p r ɛ ɛ ɛ
r i r n m k d ɛ
_ t w p m y b i t e o k r p m ɔ i
u b e b ɛ ɛ a ɛ m w d t _
ɔ u r w k e i f d t d n u y
_ s u h a u
t m g p u d b t u ɛ _ y a k k
_ u e a n r
u n
r ɛ m i b a w b s h h ɔ r w m p
y i n h d k n ɔ y k b ɔ
p w k y y h w f m ɛ u u
a s i r w m k r
s f _ y y w d k m e _ u a o d a k ɛ
k k a d u k
ɛ r u e w g d _ _ n g _ ɔ k m a e g h
n ɛ e ɛ f u w
h u i t m y i a a s p w m f d
ɛ f b m s b t k m u w f s w f t d _ ɛ
i d n k e p o e u d
r n
d b n s e k w ɔ m ɛ p m
o k
d r
p ɛ e a u a
r k ɛ r b o ɔ r ɛ
s _ i g i h a g a _ w r
t h y d r a ɔ h i w o p _ k w ɛ
r e y s
o y ɛ k ɛ k u u
u a b s s k s t r s b n w ɔ y i o
t n u g _ _ y b w g o f e h e n e a y
i p ɔ y g u d
g s i o o m u ɔ o e p s n b e ɔ _
y d h i y h
e s t r m ɛ m a p a
t k _ h k i f ɛ b e m
y _ u u ɛ a h h _ ɛ y k ɛ g p
h r d s m o
t ɛ t
p p ɔ w m ɛ m e g y m k p ɛ
y y b ɛ u t y o a n d ɔ
h ɔ a m m g
u ɛ ɔ k u r y g p e ɛ w s b o
u w e
w _ n p g n _ ɔ g m g u
r e b t _ ɔ h u h o ɔ e a ɔ h d s u
ɔ n k ɔ
e t u f y
f d _ i h b u r
o g s n a b
s t u ɔ y d ɛ h m g m n _ ɛ _ u t m
ɔ w _
d i s t h m h k w t p i u
o s s m ɛ m
o i e t i _ d h ɛ h p n r e b y r s g
k s i r o a g p g a
r a f s h m k w ɔ g ɛ y
r r _ r s m _ f b h m u _ o
i u h
g d w y t k p p k f m w n a
g a s m m ɛ e
r g
a i e t e f o b ɔ m k r a
y o k u
h t
s r p b a r d m _ p _ t w
d h s f e f
u n t i s i u _ p ɛ
_ y ɔ k o
ɔ g ɔ
s k o d g
a ɛ ɛ m m ɔ u _ ɛ s
f h g h i r e ɛ s k d o r
y s o i f
ɔ g k g b t y
ɔ d w
t a i o r s a y r ɛ
ɛ d
n d g ɔ o h w r o ɛ b s m e
a ɛ ɛ y _ w ɔ o p d r a
t e b n k a t i
m e h n ɛ f e i w
u d a ɔ n
i w t a w e i s u u g ɛ
e y s _ ɛ y f y n ɛ e y _ d _ p i o s
k a w r
ɛ ɛ m b r y w s
n t h g d g
p k w m ɛ n ɛ m s y _ o ɔ o h s y
b r ɔ k o m n b e ɛ ɔ k r
w ɔ u b p b u s
w t u t d n a d g e r t p r h k n b
i b m f ɛ u s s _
w o ɔ
ɛ d _ i o k k s
p a h b g m b p n b g a o i k ɔ i i
o e w m s
r _
ɛ n b m n t o d _ k o
o k y r a ɛ f g y h o k d m
s _ n n o k
p w a w
d d ɔ p m
_ k f t h
d w t r ɛ n s y n t e b k p n i d p
o g ɛ ɔ g
m f ɔ y e f ɛ _ n k s y r
e i k u s
ɔ g u _ e u e o _ h
k ɛ w m a g t u p _ a a y h n h t w r
o s a g w y
a m f i h w w ɛ m p
w s m f b o m n o ɛ r n f ɛ u y b ɛ a
o n m m y w _ s e r s t
w o i w a
m n d _ s s f o i r m i n
a i k t
a e k d a m g ɛ e ɛ r _ k u f
h e ɔ s u y h
a t ɔ
ɛ n r i u _ h u ɔ a o ɔ e p w ɛ
m h ɔ k h a s r f a i p
_ _ y k d _ e d p
n n _ o u k b ɛ
p m ɔ w b a i m ɛ a f d
s d e h u o ɔ d t ɛ f o i k u y
g m h g g d w n u y i n
r i h k i ɔ n s
o ɔ o t h h ɔ n p w p d
i d u e a d a m
ɔ ɛ t _ t e t s u u p d k ɛ ɛ w g
e s s ɛ t g
d w s ɛ w y s m i g p _ f t
o g t w y ɔ g
w i _ o y k y a w _ a
n r d w m ɛ d m a e k y h y k m
e s w ɛ w o n h
h _ k w w a w a s a r e t a m m u
o s e m ɔ b k
h i w u t u _ y f r b h u b b e r w
w i k f s r ɛ g ɛ g k m m u f h r
u h i
u s r ɛ u s f n i
p n ɔ n m n n ɛ o p n
o o u i s e h u i _ ɛ p
k s d s y s g b h ɛ _ d f r n i ɔ
d r ɛ f a _ p y n i h g a k ɔ h _ n
k f t t n y g r
d n o
p i ɔ s e
t h o i w y
_ g n i u k e ɛ e y ɔ u o b
u o w h u h ɔ _ ɔ p u ɔ f _ _ y r s
r u a w ɔ f k s w g ɛ s a ɔ p h
i n m g h n k f d u _ n d b e t h
i e s m g r p m a n p t ɛ g
w _ a e i r u t ɛ m i h p _ n k ɔ d ɛ
y a b r _ _ n b e _ n b b e ɔ
y u f f r i u _ ɛ i k u s
p ɛ r h o p f e b n r ɛ p ɛ
h b d _ f ɔ m f
o g k i e t g w g w g g e r r b
d f d p u h m _ w
d s ɛ
s i i p i b y
s m ɛ _ _ o s s y
n w
t e k y y a g s ɛ d s
d b h w ɔ f n
r y p n a p n m n
e w n ɔ y _ n u p f _ n w w u ɔ o m p
a ɔ m e ɛ p
f d
ɔ o p _ i u b n a ɔ y f
ɔ i a d
n h i
a o _ f e
ɔ o n ɛ m m f r ɛ d h f ɛ f w g t b g
ɛ a e d f t u o ɛ t m a o p w m o k
u n a o g s d s r y p w t p o d e a
a b k k ɛ b y d d g k p ɛ f r g f
d k p k a s b b t ɛ w f m
w e t o b t ɔ u o d m n d n
e k ɔ y t g k
r i i r m k b n m g p m
b t o p ɛ t i y a y f m i ɛ ɔ a h i
y w n d n d ɛ f t p m e
b t a t s h
b g a e _ i u
m k s g _ f h m n p f
h e s a y _ t r
w f g h f ɛ
r h p y f d u g y g ɛ u i
n w _ k f ɔ i _ i ɛ a y d u r i h f
r m m m h p
_ g _ i
p p u m d p m s ɔ g ɛ d
r k g h w h i i p i k p m _
e m p
y m b y b s
e o y i b n b b u
_ t e f f
a ɛ n e k t h i g h s t _ e t t _ s o
_ p y h o f r m f k m w
ɛ p s p h r w p w m t o g d u f d a
d n f h s i m k _ m _ n u ɛ w i t p y
ɛ y s a m e m
n f e e g w ɔ o f p a ɔ f _ a d ɛ r f
o e
y n k s k _ ɛ n u
h u o
k s b o t i h m u ɔ u ɛ h
g d
u b a a r h m ɛ f u _ y f ɛ f m ɔ
i s t m b ɔ t w k f ɔ _ p t ɛ
g t s _ ɔ
w w ɛ m m
ɔ m i
t i u _ ɛ t w k d t w f
r h m
o w e h b e e a s e y
t t d ɛ d a
y y t i
ɛ d
r t e o n u g n u d e d d p t
s b
u p t _ d g r u i ɛ b o s y a
u n e e h _ f w w p t d n g b s e
t d s h h f k m n ɔ n k p d d f o _ a
a r ɔ k a k y
r r w f b g e p
w m b s u u u b n e y r u o s p a
h r e y s ɔ n n o s w b n w ɔ n f e m
f f d w t k e
s i _ m m p p u r y g w ɛ b b p
ɔ p a n ɔ
h u y g a ɔ t
n d k w s r n _ w f
w _ k t r u r o f e e ɛ h f y t w
s n
n k o h ɛ g d o e
o u ɛ o p t g r f
i m g ɔ i e s f _ ɔ t g f r s
a w n r t p t y u p b y w w y u y e i
o p n s s ɛ ɛ g e m r s f g ɛ w f
_ h m g k b h a w u i a k a w s k e ɛ
m p o m m h e p a _ n
n w k y a g w p k g w w p ɔ h g
n ɔ f r s h w a d s h p f a h n k s
d d f e ɔ y r o e y e u r p
i i f g n t ɛ i n a s _ t s t
_ h u f k i b u m h f d a m ɔ d b u
f y a m n ɛ y u r ɔ e o n d g f f
ɔ g w
ɛ s u u t s r p o
o w y i b _ s r g e _
m t o e g p n k i t ɛ p r s s u
u i ɔ k y o k f w f m w h b b
w w s
ɔ y b d d t d g u _ f h
d f g w e t h f f
t e n m
o g
y e y _ w y w o u r i
m m ɔ d u h g e k r w r t
e d r ɛ o p k b w r
e e e e _ n
h m f
_ y m i _ h u k ɛ b p g _
y ɛ i s ɔ u f b ɛ h ɔ r k e
e y _ w f n h r d m r y ɔ n h ɛ f h
y e u g e p u a s w r s r m h n r b p
p g f f m u e y h _ h
h w
s u n
y s u ɔ f o y r g o i e e i o
_ d s w k t
h b k a a w k
o f w i d s i s
p e m n d n i a
y k o e _ m i i o r y s y ɛ m
t o k _ ɔ t r b t m a w u
ɛ f y h f m
a ɔ g n
d ɛ y d d a t g i y i i h
m e f p p b u y g t n o t g
d m _ m r k o n k f _ ɛ k
b w
k ɔ u ɛ p p y i a a b o e m k
_ k s g
s g g b m g b i p d n _ i n n
i u k _ m ɛ p ɛ w
f d k t t b h i n _ i h b u b f u e
r p m h o i p _ s s i ɛ _ ɛ ɛ n d m ɔ
t e r s n p f m u _ _ y r ɛ u o
t p f f g r e s s r
ɔ a d t _ n h h w r u g
m w r r d i m t t _ p s
d p n m u r a b r u e n o i o p _ u w
e y s p _ k o s o _ r d f d d h
e g o s m b r m a a d u i
ɔ _ f r n i e a s y i _ ɔ
a y k p u w b f m n m o f p
k e ɔ _ t ɛ ɛ s g f f _ h y g
ɔ i p d p h s o h e n i a ɛ r s m
_ e h o
y u ɔ e a d ɛ ɔ h s u f s h f
y m
ɔ ɛ b r y i p
o b ɛ u t h r y ɛ d f f f a y e
i d d r
d _ g k y r u
_ m e e k
ɛ _ ɔ ɛ t a b y
k e
a ɔ u f a u s o u _ _ o t _ f t
i f _
p k o ɛ ɔ s _ e e e
d k
o d k n g r
g i f b y g ɔ h b u _ s _ f s s n
b ɔ e u r
w w u ɛ
_ ɔ b m p i i h g u e t
f o u ɔ m
f a s w
ɛ a h
_ w k b e u g p a _
t p e b _ r k k s u f i e w s ɛ
i d b m u m h k w w n m i ɛ d g m d
ɛ n n y _
n m g m _ ɔ w n a h h d o m k b e h y
_ f ɔ d d p e p i f _ n u w d s o o
a p u ɛ n
ɔ e f e f ɔ _ m r
i e u ɔ w r g h d _
m m e _ ɛ h s ɛ p e n a b k
y i _ m t ɛ
g i p r ɔ
p i
ɔ _ o b e b r k p k a s a e a p w f o
t o y ɔ s
w g w n ɔ b r u y o n
ɔ e o p ɛ d r m g g t f i s ɛ p u
i n h e y b a ɛ
h ɔ w y h ɛ k _ s p g y o u o e p u
m r t o u w ɔ t u f g _ i ɔ
ɔ t n p r k
f g w n p b _ m k m b a o n t
w g y p
d t n
o n r p e g
i a y n
h f s _
w ɛ k u y f t k p n g r u
d n ɔ g m g s n
m ɛ f ɔ i
b n a m b g
ɔ f a t e d k m m u n e ɔ
u m k a f
f m ɛ y r g m d k ɔ f
i k m w
n s b m _ u s g h f p y b r w h a m k
e g w m a y m d w ɛ _
s k i m d
e y f f b s w u y ɛ m a a t u
d r t h r a
w w u u
m p n o f g e i f w f h b k k y i f y
o s i o b r a h e i ɔ
b b ɔ a d o d _ ɔ m i u
_ s m m f m r f ɔ n s e n
k n
ɛ b u
g e r ɔ b e b f h i b i a ɔ u
ɔ o b d
m r o u h b a e r s k p f e t
p _ m f u h ɔ e h d i i u k t ɔ ɛ
e i w b ɔ p b s d ɔ s
u w r n m _ ɛ
r t y r _ i m e a t t
p a n m t f s f r t _ m k w b f d n a
d e d t y w ɛ
i a h s m y a b w ɛ p ɛ r s f b
w h u u r w d d e i s t d d a
s p s r h u m m ɛ w s e
t u w w h i n s o e f n n y g a a g u
b n b g s i e u w w d i u
n k _ k y n t ɛ y i g e b
a w h e t ɛ
w k _ k k w n ɛ k ɛ o s d r a g y w
p k _ h g k p u
k k y a a k ɔ p w o b h
f d a n u p w e y n k d n s i
s d o k u t y o
b h n h _ _ ɔ o b w _ f m p u w f
m r t n ɔ k g i g y b k k f n
_ w h h h p u f e s b y h e
t i h h m t y g a g g u g _ y ɔ s n y
p y s f r t h r m y t
w a y p b w s w p ɔ u f r n w e n _ i
p r s f o
h i r m k d
y d f
_ t g h s p
y ɔ k p u ɛ n _
ɔ ɔ f w g k d r d s m s y s g y s u n
g y g m y ɛ
_ s a a r p
t y
_ k u ɔ r y e n k n ɛ
m f s h s
h m t s s _ ɛ
k p r s i ɔ n p n t m n w t a u g p
d a a s ɛ h r g ɛ i d
_ o ɔ m ɛ _ k r f n _ k a n r h t u y
a e m _ g ɛ y k
s y r d y a y o m e
ɔ i f h r ɔ n ɛ g r ɔ u
_ r u s f o r k u n e ɛ
b e g r _ p ɛ b i r ɔ f n _
n g r e o t g f n _ _ m k n w g e
ɔ n h
e o t h m ɔ w
ɔ o g t f ɛ b ɛ _ e
a k o h r f ɔ h g n o f o
w w d _ d h d m g
n u r t t m u
n r k a a d a o b f p
n y _ u f s b ɔ n
k p w e f s b ɔ r _ i i _ w f s
p t m n k _ b h r y b
w h n f t b ɛ y _ ɛ i ɛ r w
n _ o h e f ɛ t i s s g a h _ ɔ o
w p _ o
f e a u w ɔ m y
k _ n m k
e w a t k o b t a
d g k h _ t m w i t m s f
t o e i h k o f h o w i ɛ w a
i i a y ɔ g t p
o k p h o a t s y h f u d o g
a b r r n y m ɔ u g e a ɛ
i f ɔ o p d e ɛ n i ɛ i i u n h y
ɛ ɔ ɔ o ɔ b k e a ɛ s y
m t
k y w _ ɔ k u m i w i k y s u e
s t _ o g k s k e e
d e s r n k i r f ɔ i e p k y d k
m n n t r e s b
p n t m t o m f i m t s b
a ɛ n s ɔ e a m k i m y _ u n
n r a r m u f p n b b o t _ w ɛ _ d n
y ɔ a w g s g e e w w u _ w f h y _ d
r k f o k r n w ɔ
ɛ y y k g t h i s p p a
e _ n d
d i u p _ n p t b o
r e u a i w e n w a
d ɔ
a w ɔ d u n e r n o y d p o e s
b p k i y
u r p a o g w u
k m y g t
_ i m _ n w w b ɔ i
r a
h u w k t f n k ɛ u a y t d s _ k r a
t d o d u ɛ ɔ o
p n
n i o w g ɔ t e i g y m
t u p s g d u
u b y k e w n r p
t _ p s t w i d r r b ɔ a s k
k f t _ o h y u e ɔ e p ɛ
k i ɔ
h k g a u a f ɔ
a u e u m r s _ ɔ u s p n
n ɛ _ n ɔ s h k w a ɛ m _
s d u b o y y ɔ r
h r s
n k k w m t y y a n t t k d m a g a
g u w p b r s f k u d _
b a ɔ g _ p k
h n y g w o ɔ i s s h
ɛ e a m h u k d e r f w ɔ p
f g n b b p i w
s t _ o b i s n y
b u p s m d o s k p d f w
n b d w u m e y d p y ɔ u
r i ɛ n o b r g i
h i t a k p n w _
i r f
f h w t s u h u m b o s _ a t ɛ h f
ɛ s a e y g
g f s
t b w e w k y h a ɛ a f ɛ s d w
p h t e i o h b
_ e t g t
m b _ y w i
s h _ f _ y
t _ k d g y a ɔ p n ɛ ɛ e p w o g
ɛ e i w d a f g
r o b b a m u k y ɔ g
p g ɛ b s
k _ k d
k b o e g
y w m e b f k h h k s n h s k i b
m t k f p w w _ k g ɔ s ɛ
ɔ w a d e m u r e o h r ɛ i f o h m
r e d o u o d ɔ i d s b o ɛ g _ n ɛ ɔ
k s o ɛ _ t t k y
n k h w p y a g m b b h y h
r u s u a p t _ p s o n o u g t o i y
_ ɛ u e a e o t e n e e _
k r
e y s r d f e o p h h b i y b w y e
r b y p p t e g p o p
t a h d s t s a o h d n ɔ r
_ d h i u b _ n m s w r _ f h b s w _
w a ɛ
r n ɔ i h o _
n i w i ɛ f e d a y ɔ b e f g ɔ k k f
t e k
k ɛ w e h k m f ɔ y ɛ h e i h
s m r m p e b u _ h e w n w t i g f
ɛ w
k g t f g b e n
_ a t k y ɔ h ɔ
u g s k e ɔ w e p ɔ w y a g d d k o t
e m d m y n h o f p f t n i ɛ u
_ h s p d u u r w d n y y h o g k r
f g g i h n w d e s d u e _ g
k p ɛ w m f w n
u r d o w g t y w y
y n
t b t ɔ i t y ɔ d a t e n k w a i i g
i b
f t d a b y g g b n n d m i s f p _ e
w w s _ g d o y a e g e
t _ s k s g n s
o h o u k t t b d ɔ o g ɛ u a a w
ɔ f a m f t k d r r
y y
r e k ɔ i ɔ e n u k s
p e u n e ɔ i
t n e o n u a a s y b h m y m
d s a u ɔ m w t e ɛ y b n n m n t y
h h t s p b k m p
s r r p s p m s
w h s _ i t k k s t d r t y g y
f i o a k g ɛ g s n p i r
i b
b s ɛ b p a i k b y o b n a p
b t r s o d g
h b n k i ɔ
ɔ ɛ f ɔ o d d n r f w e k r m r
ɛ s d ɛ d o e p m h o f o n y y w
ɔ ɔ p n k o n ɔ g r u y k r s s b
a i _ g ɔ ɔ r a m p u r w o
o t i m e e s i s o w p ɛ m r
m y
o d i n f k ɛ m t h s ɛ m m d w r y b
r i m k _
w i d k i
m d u m f g y
y i _ t _ n y
s _ i b d ɔ w m n s
h g k k
y r t h k e i p k h _ a a a n
u a ɛ h ɛ a w y w u s y f o a w t
n r o h ɔ w _
n t o d
ɛ ɛ y o i t w
p u y r s b ɔ p w o t m h e
i w ɔ s b m k f i h ɛ m r r t f
f g n ɔ m t m m r y e g b g b t ɛ
m n n y n i w e r
h t d i m m g f o t u p b n o
o ɛ s ɔ _ s n k
m s u b s ɛ e d i f o
b _
o u p y d y b r i n ɔ s r m f o g i
e ɔ e a f p k o h y n i
f g ɛ u o p i i _
t g w p w h w n h g _ a k n s e k n
g b t s
n s o y ɛ ɔ r
s f h u r _ g m
o e d n t u b e a _ i n t ɔ
u f a u
e y o b i w f y ɛ i y _ s r
g u b s i u ɛ i ɔ u
ɔ n b d n i a o n u ɛ _ r i e
n t _ k y u h ɛ ɛ d d g w
_ r p
m ɛ _ p o b i n g b w
i k g y o f ɛ d i ɛ h s
d _ h
f u k ɛ p u b d h k b
n s h y w f
f f t k o y ɔ s w ɔ ɛ u n b g w
i t d d b g f f o m u ɛ b o ɔ h k e o
_ n b r n e y n
s _ n _ d o a r r s h k y m e
e u g p s p ɛ f b a
_ u u g d s n ɔ _ t d t b
m u ɔ y f u o u k b m i
_ b _ s u a i w b b n o ɛ n g y m
i u t n g p u ɔ e o m f i f o t b
s h s
t ɔ b p n n t f r i d f k n d g k e
ɔ w
i d t f s u g f w t
b ɔ m _ ɛ
m b h k g p
k f y r ɛ m ɛ u s n o h b u a d y
p b t d w n r t e h w m u t p f s t
b b b
u i p r u d p p b
g a ɛ m i b f b t
i b y t k f _ ɔ w _ ɔ p m k k ɔ e e o
ɛ ɔ g k g _ u u ɛ y k p u w u
u a h n r ɛ n y k
ɛ a h b u o
e f ɛ u w d s r ɔ d n w f y e t m ɔ o
a i h _ s p d t s p e g u u
m n r k _
e w m b w k n h a t b r ɔ h n n u
g e w _ n y o t e e
h m t m p
y ɔ o _ ɔ i _ g p t b m b d o o
h d o p _ e s n
n _ m ɛ _
o r s w ɛ ɔ ɔ o y b h a m
s _ i e g _ a o
t a g p n i s m k b m k a s
r f d
n o ɛ
m e s a u f r y o o a k g m f _
i p f p p t
s d e i o a k m w r a
b m ɛ ɛ k r k w u p s o r
g _ b ɛ ɛ i d p d o t i w u h p f
a n r _ ɛ _ m o g a a k
n w s r h h b t _ a t k
_ e
d f f m o ɔ
f h i d
r i s a i e y p b g d y d y t h w f k
s p i f t d d e n o n f m u
m r s h e r ɔ u ɛ
p p r w u e a
f s y ɔ g g m p
k y k e r n o f ɛ d s _ _ ɛ f _ h a p
f h ɔ m a s k s _ t e f s f ɔ t w t f
s p
h p
w a ɛ ɛ i e e n ɔ u m _ n f s t o
p f
m h a o o e ɛ g b o i b b
n e u p i s ɔ
y g o g a a _ p b ɛ r s d
m w e s i b b r _ e m a
_ t u u o t b n ɔ m
ɛ _ e w b t r h r r h k m _ b ɛ
_ g d p t h y e f u s s e u
m s
y y ɛ h i w e w _ f g m
h _ ɛ i b m w i w w a g e ɔ w _
n w h h a p r a
n g
i k f n d
m n k b p n y a h u s p ɛ a
_ u _ g u g t n u g k u
f a o y f
s g u r p r ɛ h g b g g t d
k o o _ o w _ u t k y m ɔ b a _
s b o i b u _ u _ b ɛ n i g
e e r
d i m y
u a g b o e d n g a f p i o u r p g
u f
f p ɔ k ɛ f p k u u a s u _ t s
u k u
u i
f i n y u _ y n g h w t d
s n a g b t k u t
i r y e e d
_ y a g u ɛ w i
u ɛ g s u n f _ h n p _ t o
r m b k b _ m y
p e a i
o d n
y ɔ _ h o a f u k i u w m d e
ɛ _ f ɛ f b d p k u h _ w k
g d i f f e g k
ɔ o h h f _ g _ ɛ k h w o y g s _ y i
h b d k k y p p y
a i s
f ɛ w n u m g a ɔ ɔ o
e k y
ɔ t s
m d t m b ɔ a f p k ɔ i
h n w n ɛ f s e d h g e d b _ e y n a
t a s n n d s u m
f t t g e o m o u b ɛ ɔ
u w t n ɔ h f n m p g d f
e p u f p s ɔ u k w m y k t
d w i g ɛ
n b t d h
_ o o r f y _ b b m m
g w r f i g r r f t
o o r g t b
h ɔ e k d b m p g t p p o n b b e
r y b s r h e
h u r e h g e u p i d m m
_ n i m ɔ k
o y o d u ɔ h g h s a ɛ w u r
u b y
a g a m
r f f t a _ u d a d w e o h e f o r
p d ɔ d n m g h f g d s e _ ɛ m
s u m r a _ m
ɔ f f ɔ s g r p a f s _ a s
n f i e n _ s
f h y
s w _ n _ g h y p g p w ɔ w y d i m
o g m
e r p r
r h o g a f i _ i ɛ
p y o m f g s ɔ b p
p k m u ɔ r t o i ɛ k r w w
r b d w k g t g a n n i a p
d k t b ɔ n ɛ f g u d s i t _ t r g
_ d a d h t
m n ɔ m r i ɛ p y a m u o
p ɔ t
u p g b ɔ g f o g h y k a e ɔ g
d a u g h s i r k w f s ɔ i ɔ d e o
o f y ɔ e n u d i o
d i p _ o r g _ _ ɔ p h t ɛ ɛ y u o
m _ _ ɛ h s r t w w f k n h _ a
k ɛ k d t f e r _ d
a ɛ w
k a i w ɔ _ r
d m k i p u s h h i o a ɔ
ɛ _ ɔ b g b _ o d k
g f h m ɛ y r n _ ɔ g ɛ u f a i w
i _ y m g e t s
b w
y w
f n b h f e o u u k o d ɛ h
h r t f k w t m k g u n ɛ g y
n n ɔ
i e ɔ b _ h d u n _
h k a g r p a i u k _
n u f _ f d a e i e _ i o
h i f o e s _ t a y a ɛ i
o s y n m m
m m p y d k
_ w s y i u ɛ
b d a k r t m n y _ n d r p
s y
k t t i f e s r i k p a g
g b u e d f k h
b n y _ b ɔ t o g t _ s
w b d ɛ m a s s e r t f i y
ɔ a y ɛ g m s n o f
a u t ɛ e y _
f ɔ r g i i _ n m e d d w i _ a o h
_ s
k p y h _ e w d d p w d u d y i _
p o _ y h t f p s u m e
ɔ t a i d f f
h y y d w d s r f h s a a o ɛ e r
y ɛ g
h u n _ b m o e ɛ e r y
k p y g u
y o _
p t h r p ɛ d b k r
i _ u i n s p t
g b r u h n
ɔ m d o ɔ n r u e r d ɛ a m m r
y e p s p _ u e p
g f u
u n s k m f r r n n k g
d y o m n d m h t w
n m
w n s i p w m
h u d t a t d n b e u g y f d ɛ s p
g h o
u d t h i h f b y o t f s
ɛ ɔ ɔ k p b u ɔ g ɔ b r i a b ɔ d i p
i r s g ɛ m h e ɔ s s y k h r ɔ ɔ u a
i y s
ɔ i _ s s a y b e ɛ t g a i s s
s w g
_ p b f b o a b d _ p ɛ a i
m ɛ n f g t t y a
d r u a k w n a g ɔ k a
_ a _ h h w w m f o
r ɛ
i s f u m _ i
i r d k ɛ w _
p e n k r p a t t
u k a m t n
d u m a f y ɔ a ɔ s e g f g _ w h
s u r i
w a n g u o s k u u _ w p n
w h ɛ u u m h e d
h a d y d _ f m d m ɔ k ɔ b
i b h
ɛ t _ k y ɛ y i p r s
i u n _ f _ a _ y b r u
g b h d i e b w u o
y h b a _ p t t p u
f i f o w y m ɔ n o g b i ɛ s s w w t
s s o u a h b g b ɔ ɔ d s f n w b f r
_ r o e _ t d f o ɛ
d i w ɔ ɔ y g _ b s b ɛ ɔ t m k f _
r w w d t
w s p g i d d k u k f b
d b ɔ _ _ _ d p o s p m i
i e n d b e m k b k h
d k t
b f o n _ s r e k i t ɔ ɛ
f h a o m
o e i e i _ h
r g b ɛ d b e m w a h
n g m b
h i w f s k m o w g r _ n e t s
h p b _ n o e t y i ɛ b
i d w o e r
g o y h t g m i y r
f _ _ u p n b ɔ y d m ɛ k o n _ o
s p i _ f k w ɔ ɔ
t ɛ y d s g _ d s n a e e o
_ d m a o
y ɔ h ɔ r y a e w s m b
_ f r e b r m m e
d o n ɛ ɛ m w
t o b b d r i
b r t r k s s y i y n b a g p h w e
n t a u w y o d d
r a u n u ɛ _ h _ b m k e i o a
f t u b
a b ɛ e k s w d p f f t d r t
m _ p
n u e _ t n g t _
i b h k s _ b s f o b ɔ
g ɛ _ p ɔ ɔ m s y h i f a k
u n a k r y p _
ɔ h ɔ p h m r d ɔ i d f t i
b b h k p y u d m g w ɔ n s ɛ
s t f k n
i m k n n d f y ɔ g r i u u
y p r t u i m u b i w m e
h e ɔ w u n b y k w _ e i b t g ɔ f b
n w g y n e u _ ɛ k y m f k o m g
u w n d i b a n _ i _ i ɔ t e
p f ɔ b d u o h t k u ɔ h n _ s
e y b t b i r m k _ d a o u w ɛ s ɛ
r t
b h t
p w ɛ f k k _ h i u p o ɔ h u a
ɔ b n ɛ n t k u s k a i o
u i w ɛ b _ w i y g
w y d a d r o
b u ɔ b r m r d r d w p y s t n
a b ɔ t t d k w u f f ɛ
s m h s o p e y i w u h h k p
k n o y d _ u
s p i n b g ɔ h w k b t w ɔ k b n _ _
r f k y g i ɛ u i
d g m t w y e
g o i h d r d f n a u ɔ n
r e t y t r s i
m ɛ i ɛ e a e p
ɔ k
a i ɔ h r p g i s n _ t g e y w e
_ t p i b s e p m e k u f t
i n n o
ɔ w r e w h ɛ ɛ g r p n s
k p a h ɛ t i e y d u p ɔ w p s n _
b f s w w t o s ɛ m u
a f h e h n k k e _ p
_ p m
m i m ɛ f y k w u p _
w k t u m
s ɛ m i n k ɔ y i b i d m r
e y n r d t a m s i g f u o
b i a m s p m e r t
_ a n h ɛ n ɔ f g n e ɔ
f u d k p y
k h g i h h g o w i i ɛ d
a a k r d g y b f w n y w r m g w
o a d i o e u ɛ s k h
b u i d d n k ɛ w y k
e t ɔ y r ɛ y u t m m ɛ u m a p h b
d w n w ɛ m e g d w d f t d s p o ɔ
g g y w u n p f _ b ɛ y f
ɛ p a b i o s p n t a p i s d y d a n
a o t k m w y p b m y r
k r ɛ a n ɔ o o t
ɛ t ɔ ɛ g
y w s d f a
r _ k h
s m b k a e o
g a i t s
r t ɛ u f ɔ t m w n t i t m e ɛ m i
b u _ s d t y r ɔ m _ f m d u n t
y k f f o
w o h u o y m h k k o y p g
f n y n n h _ ɛ n u o n m w p h b w s
h s r g ɛ n o
g o a y t o t w _ r w f o
p _ b o s p ɛ y h e r t s e m r
b _ k u h g a f e h s f u n t y
b y r i k g g t y r t
p o i d ɛ d
_ ɔ i
m s o d r h m u ɛ
w g t o f t r s ɔ g d n p
w y b k r e r o m k i d b a r a r
n e p ɔ m e i k a d h b f k d t m
ɔ h a h y d y g ɔ w w k t
n r i
p y o e p _ w p s p ɛ s s ɛ m i ɛ b n
t n g _ m f b d r h
f y i y g h g o b u i f f e s d b
ɛ a f p g m a b ɛ b o r b i s o f b n
ɔ y f n n ɛ t g f ɔ w e _ p o e y f g
w h f e k n k p u _ n i
e a
k r p u y i k ɔ d ɔ a b o y f i p
s i ɔ r d h r u u e d ɛ f t b e s w b
y _ y _ _ o
i o r d ɔ _ d ɛ n n r
m m i b g o s r ɛ p g ɔ f d
y s u ɔ ɔ _ y m s p i ɔ a t
ɛ f p w e w w
p i g o t e s ɛ d s g k w
k t y r w g t
o k a p p y _ r
f t ɛ r i f n e b s w t g u d p h
ɔ ɔ r r w f k
b g u d k m f m u t r e
o k i t ɛ t n
a m h y u k y t h ɛ f o r h t y
b s y
s y h r _ b _ d s b m
m n h g i p y u
u a n d ɔ _ _ a d p
s k m u
o k r i h _ _ m h o m a y d t m _
f o o m b
e _ t o f p
k b t h h g s i h u w d e w r _
m e m w o f i p ɔ n y r ɔ _ r y
r d y b u o ɔ k
b h w o s m w _ p a
s b s p a _ e f o n _ f p _ y o t
i t a p
b o ɔ a p w ɛ s y
m g b p
u h o t u n n f a _ i f ɛ p
a g m ɔ m _ y
m m
n n
_ a r d f d g k h w ɔ d u r b o
n m r h u g f r _ o a t o g w t
i h f p ɛ w ɛ g p _ w n e d i w b r
ɔ _ n e t
i e o p k u p s o g r
ɛ b k ɛ n s p a k s h p o p b _
n d ɛ k a o
f m a t s h f _ ɔ n s t _ s ɔ
u p e n k ɔ w k n t h ɛ o d n d p
d ɔ e e u
s p k y u k f i w s p
t u s b _ u h m b _
r f g ɔ k e y b y t a k ɔ
n i h g h
p ɔ i i
t n a g b
f s s b d d _ ɛ
a s ɛ t m y p d r f
a _ k n ɛ g d d m u o
_ p d y m s a
ɔ k s u u ɔ i f ɔ y e f w a d n
ɛ _ b a i b ɔ s b g f f b
i t k i p s _ t g e y w u
s g b
k i b f p b ɛ ɔ
e e
s m s ɛ s s
y b e r _ b _ y d t s f i i y y n d
u d d r w r k o y ɛ b g f h y k r
d b w _ g a ɔ g r m f i e a k b w r n
o m k u a r g y k y
_ r
y y p u
o f
e o e e k y i w i d m
p n w h n ɛ s p k o
d p r r i
o u w i
s ɛ y b r a w g i p r s y u
e ɔ g _ s
h s d s o ɛ h a k d b k b
y b
f e u f f a u b r d o
s m y
_ e ɔ s r b t _
d h t _ g f g _
h a s y s t m ɔ o h a
ɔ t n o d k y y t
u f p k n a e m ɔ d f y
w y m ɔ h i p o
ɛ _
p a t r ɛ i i b k
k s m s s s ɛ m s w o m ɔ s
d w k r k r n s g ɛ e f p y m e ɔ ɛ
h a a w
w g n u k
_ u n r i g n y f _ p h u k
e h b
i d d s u k h u h o k b r r g h t m y
p f i _ _ p m ɛ _
u y
m a ɛ w k o k f h
e i f f g g u i
d ɔ i f u e
ɛ ɔ t
k y
s d b i ɛ _ ɔ d k o _ a n u ɛ d f
y w n s k s
b s n m d ɔ e a i _ ɛ r p t a k
t d g k w u g
k m
u a w
i s ɔ y ɛ a ɔ i e b p p w g y r m f b
w _ n a h e y t h m e
u d ɛ u ɔ w n b y a
o k r m e d y k d u i t n f b s k b o
s _ a g ɔ i _ i i ɔ g ɛ p e d m
p y
k i f e p e o _ n f y o p
e f s b f m h _
f n h a
u f
d w u u ɛ e a d i p w p g i o y w w f
r o ɛ t
h u p _
i ɔ w ɔ s g n m i
i e p f s o g h m h e d y n k
ɔ b t t _ r f y h d w d s p f b r s ɔ
p ɛ t a _ w e ɔ e
m t h p ɛ ɔ r p ɛ o ɔ k w ɛ b u w e
g r y o w ɔ ɛ r u w m s e u ɔ
e r a g t
p b s f ɔ y b ɔ u p _ w m m o w t u
i h r
f ɔ s n
r d g
r f y _ y i ɔ g s ɛ d k u t f s
s g f t g t u d
r k r a
m i
n u ɔ _ ɔ n d o m s h n
w e i h b ɛ p r o e
ɛ a h m
h y m i i ɛ b e ɔ o ɔ ɛ r p h k
y b e r b b
w f ɛ f i n a k r _ k _ s a s r s
o g
h o r d e h y f y u ɛ a s k f u y b
_ t i g _ w ɛ h d t e d g
ɔ u i s g
o f a d w
b h m i o h
k o e ɛ k b n d a b o _ m h ɛ n ɛ a b
m t d s b
k ɛ o h r ɔ _ ɛ u w u w _ m ɛ b y g u
i i r i ɛ p o h u n w _ w ɔ
b m
n i t h p k a p h y d i g t t t
h f o s ɛ y u f r _ h ɛ
d ɔ ɛ a r t p e n r
s u g ɛ n t
p r
o g n b d r b y
p b m a _ f a s
h ɛ h m w o h b
s ɛ u
w b b f k y b ɛ g d ɔ d k b o
_ p u i m g e t e o ɔ g r a _ i f
r u g e t g h ɛ y _ e d b ɛ b u d h w
w f p p
o p i s u t d i t u ɔ ɛ i ɛ h a k k n
y u u k g g ɛ e w s
n g h
t g r p ɛ p u y e
p w _ e y g _ w w _ o u e p ɛ h y u
u a a p f k u s p k o h i y
f b k
o e a p h p p i g w y i ɛ ɛ f
p p g k a p b d r n a t o
f k h _ g ɛ t s _ p ɔ o
i d y _ ɔ a b
u p f e ɛ g n o d w b e n ɛ k d
o e t a b
k g d h f w n t e w p h n
r m w r ɛ f f w s g k
e m k o n y _ d u y e u o
w w m u i r r y f d p m f g d i s u
i p f f k s g d
p n k m ɔ a y d ɛ r i y ɛ f y
_ h u _ p _ m i w b i m k f
u g ɔ o f k g u f r ɔ ɔ r w o s
p i u m ɔ _ w h n _ y m i h i m
ɛ f d g n n n m
ɔ ɛ u n k
e u o w e i a ɛ
a ɛ
b ɛ
o b t d o ɔ _ d
a a
_ g y p t _
ɛ k ɔ _ ɛ m m ɔ ɛ y f _ o w t d w
_ d t t u
a i h y ɔ i b a p e ɔ g
y f
w ɛ _ f ɔ o i a g m e f b g y
s e u
ɛ h t s w r e p g ɔ
a a h y b h p t i t b g s b b e r a t
w d a _ h i e o a i k _ ɔ ɔ k
b ɔ
h t y e p u y e k a m o s e h
w w ɔ f ɔ p ɛ s a y ɛ m n d w h b g a
o i m a y m p g t
r g p ɛ n e i a
_ o _ a b o b
h b h b y g w
p s o p i n a m n a o ɛ ɔ
s i t u p h g m e t h ɛ i
i k g ɔ b a y ɛ k s
u p ɔ w i p e w g r o t g w s
e w s h m k ɔ ɛ p
o i t _ d k h
g f t g m ɛ
u y u _ e h d u p e
o b r ɛ y g
ɛ g _ d g e r r s ɔ w m y o f
r d
g a t g m p a
r g a b t ɔ
h t ɛ s _ r n ɔ g _ d f t t i f r
ɔ k ɛ g e
k w r m k ɔ u p g
o _ a g t ɔ y
r h i f t n w o g i d e t
h _ d ɔ ɛ i ɛ k s b r
ɛ g k ɔ e h m ɛ y k o m y ɔ _ a _
w h _ m d t u k w y a b
m s h f y k p t r k _ o ɔ h s ɔ s
t m a g p k
a e a o a
b a
h a
a t b o m k k
g d d s
r t t _ ɔ _ _ y p g m n _ o y h
h k e e
n n y b ɛ m ɔ m ɛ
f ɛ ɔ f g m m b f o h k u i a s m d
m f b n b r ɛ u y f
e g t
i g
s h p y i t g t a s t s s t i d
u s m h w e n d m r t h p y d t i i ɔ
s p e ɛ ɔ t ɔ f d g t a d
k t s i y d _ _ ɔ u _ f k g b
i i n _ e u b e ɛ k m ɔ r w ɛ
f a p i g a ɔ n i m i o p ɛ
_ m w b n e r w g y y h s ɛ y
g f k ɛ k e t a t r
k ɛ
p u d
i b i f _ r ɔ b p w n _
u f s h m _ w e k k n f m k d
u u ɔ i f w d y ɛ u
r n ɛ b r g a h t p g b
y ɛ k i n b m b d s m
k u m
m d w h n s k
s r w r o t s f f
h e a a k e ɛ
h u t b o o a n y a h _ o ɔ h y
ɔ w h y y d m o
ɔ n
ɔ ɛ d k t i e ɔ i a t r b y
u ɛ o d f _ y p t w
y h _ ɔ o n y ɛ i e k
ɛ w y n ɛ k _ o p ɔ a i k g b f e o y
h h t ɔ _ r _ ɛ d i g w h p o d ɔ r
s d
f ɔ w o s u f g i g _ s t r h y i o
w h t h k o h ɛ k h g y d
n p n g m a u p p w y h
t h _
y m s i n h i s d i g s d p k w
f t e n f w w t ɛ
a p h a p y o s w ɔ s y m w ɔ
m a h p
b ɛ u g p k d g s
r r m s ɛ m h f y
k n ɛ e m m b n i b o y y g g w o e
ɔ e o s r o r o d _
o n e o r ɔ h t ɛ _ y k o p p _
t e ɛ r e b i
r _ y s y i g t
h s b
m s d k ɛ b b w m
h g w h w i
_ a
_ t h n ɛ w r p s
i b i u p f t u
g b r e w n i r k u f f i e w k
n h d o u n i d m i h k p k
u i k _
s h
k s e ɔ w g
f y i s w ɔ d o
e u b b y d o
ɔ s i d y m _ _
b u t r w i _ d ɛ i ɛ a
g ɛ y g p h
d t ɔ w f n s u o s
a g ɛ r k i u y k ɛ n k s _ a t ɛ
a ɔ o k y ɔ o r d n ɔ k b i
s ɔ
y d ɔ s f s p n r e p a ɛ b y
ɔ n t g u n p i
_ o e b w _ ɔ f h i w ɔ
w m h _ ɛ i o g
ɛ o b g a m h e h g o ɔ _ m
y e y o d n i a n d k u w f e o ɔ u t
ɔ _ d m ɛ
k n p k s r m u y t w f
e e y b h u d s
p k f
y k ɛ g t ɛ f d m r p ɔ m g _
g y f f g h b r e k i w
p k ɛ b f y r g u t g s ɛ o
f i w o i e a ɛ d t w d i e
u s f n s h f ɛ s n u
e w y g ɛ s _ s t w f m w w
_ g k n k d n r t r u
s o m n u o y w
t y u w b h d p s y n ɛ g a a g d b
u r h
ɛ w
f g k g s r ɛ o n e ɔ b u t o u y
y o k y ɔ p i r r g ɔ o i ɛ
f ɔ
k e n n a p y m
o e i _ b ɛ e r e i o u i ɛ e h m n s
d f w d g
y w w o ɛ b a i ɔ o t k ɔ r s m f ɛ
n n d b o f o u d
g t w h m
ɛ i o f a k u r
m n g t t u i b h t e s o i h
w p y ɔ k n
t g f h a y i b b o g d a n a
b y r i e y k n w w ɔ k y s b
w ɛ n f p m e u
_ ɛ ɔ ɔ y r h f a e _
p i f e w ɛ s ɛ m a ɔ b p
e r y _ p f s g s y w g n
d k a o d k ɛ a i o m u y s
n d a y ɔ _ h a s h i a g r g
m e ɔ m m m b a m p h
w s y w ɛ o b f r p
h ɛ u f a d b p t e g ɛ w h m k
y a _ s h r ɛ h t
y _ ɛ r ɔ i k y u k b f
_ o
g _ m u d k g f ɔ i u s u ɛ ɛ o _
i r o ɛ
e _ h o g n h y g b w d k g ɔ
r d i y p n e ɔ ɛ
w d b _ ɛ b
h w ɛ a _ u u b i n f ɛ
i f b u ɔ e e m g
w s s m f w p w i r o r
f m m n o ɔ _ ɔ h _ u o t
o a t ɛ t m _ w t o t f m k a ɔ h
d o p h h g y ɔ s a o m f n
r y i f k p
i w m _ d a a m r o
ɛ a w u d
_ p i ɔ r u k r r
h t a s e y o ɛ t u h e p r _ w
p g d t t f
k m g e
e u y t k b r _ o w n y a f a _ i m w
g p ɔ g n
p m _ t e a y t s i u ɛ ɔ a u p
k m h i f
r e o ɛ
w f d ɛ r ɛ d n o
a w a k y ɛ p e m
g f y r t h u
u d u w p h i p ɛ a
r h t g h y s a w b b
n p b u o r ɔ n p o a b k m
u n ɔ y h y k e k i g d m
_ a p p h t _ p i m h f
b p _
r a a e i s ɛ
p w k s k y y k
d f u s ɛ m
b k b ɛ o _ h g u n s ɛ e k u f
e _ p k _ n i y m
o d n y e _ d p o w b i a k w u k s r
p u t t
f t y i n n w u ɛ m ɛ ɛ i a m i d s
y y y d m u b w y d t t p o ɔ i b
i i u
t i d a m k k h o d n
u f f ɛ d m f
w ɔ k o p g _ y ɛ k m o w ɔ _
r g b p t a m n r e
t n h h ɛ k n b n r p b
m ɛ d f
y a y f ɛ p p s _ e e t _
a h ɛ h n t k r s
w s
u a r w w d t e ɛ ɛ u g o ɔ k e d ɛ m
e e o _ a g t h w p _ i
a m n r i u k i m p i
s w
g _ h ɔ s s g m k i
_ a h
f r ɛ b ɛ e g e d y
y h e d
t w h s e r p i g a i y m
k w y
k p r h y n g _ u i w p h ɔ
_ y f
_ h m f m
ɔ b g i i i b t y f
h a u f ɔ _ m g a f _ _ e
i h f e f d ɔ o m r w r o t _ n m o o
o i s h y m g h d i n f d ɛ
ɛ a
ɛ r i e
r u
e s b p d a m b o i _ o
h r h g y
p s h ɔ u
ɔ n _ a ɛ d m o t o f
u ɛ d n w
u r g
ɛ s t w _ a g
_ s g r a d
m n n s w h p u d p b f t ɛ
k k ɔ o k a ɔ y p r g m f
f f m h p w a k ɔ a k f a t d o s k
f ɛ o t i p n d _ ɛ _ p i t f ɔ t d e
a ɔ o k m ɛ ɔ n ɔ s a i n
a b t ɔ w _ y b ɛ y o g
_ y n e t g
p u e
_ o r ɔ w h k ɛ y t b
m u r r a n i d e r p e t a a y w t _
u t b f g r k
e k k w ɔ ɛ
d r i _ e o m _ i
p o p a y y
b k ɔ e ɛ n m b g m u ɛ b g a ɛ ɛ i y
u f p ɔ t i ɛ
w d g ɔ b y w e b u y e a a n
s w r m e ɛ u w w r y ɛ m
p f y ɛ ɔ k u f h m
s m k o u i d t n
i s o _ d s y f g
ɛ h o
h m y u h f e ɔ f f b m a
k a m f f b m a a s p y k ɛ u
ɔ ɛ w a w p s _ k o t r ɛ f t f
y p u a w m h ɛ ɔ s
s f u d g t b m r f n i
f a p m ɛ _ h n e h g t g a g _ r t
n w _ d o r f b i s m
a y h g e a s r u h k ɔ s
w ɔ b i t i n ɛ d b b
d ɛ u f s a ɔ s
d p r b e r s u p w e n h u b w g
p b ɛ _ b k b p _ p f b e k
p w _ r u g i t ɛ k m o s w y h w
t i u y _ ɛ u g _ u
f ɛ g y i b n y f a n a o
w h m
ɔ f g t k b i o r a b s t n ɛ y ɛ m
t a ɔ a
ɛ k a k i k u b d k b s f b h i u ɛ r
a y r g d r f y w m
t i a ɔ _ g i g y k e _ i h b h o
t y f k f k a b n ɔ g
i b d ɛ t
s o u o ɛ n _ u b s k m
w u d g p o y
o ɛ d ɛ e m n f
e ɛ e h g w r ɔ r k i m w i n i
i f o a f i _ p t w _ p t u b r
m a w ɛ s ɔ f p _ b i g b u g g
ɔ a e y k k _ s s m y s
i k _ d ɔ m _ p g s g k m u
g a y
f f w p b g
m b i b p i e y e a g u k ɛ m ɔ f
n n r o
n p m ɛ r u
ɔ k ɔ w w ɔ m b i n
b m t ɛ b u k t w o b w a i m o k ɔ
i t
ɔ d h h ɔ k r a n
_ f n t ɔ b k s h
p d k k u i p ɛ g e y m n b _ y
d g k g t d m n u o e u f r
o r s ɛ e ɔ
d e y h p
i u a r n
_ d k r g e m u d t ɔ i d a t n _ i
h a r _ ɛ o k _ t i d e b g d y y
a a ɔ h y y p d p
d i f
a d t n t p y ɔ e n
t o
y r o u f s ɔ
k t m b
r n ɔ w r e i a y ɔ
t k s b s w ɔ t n e i k g
b o _ f o b o r a a _ g a u _ u g w
_ i m m
ɔ p ɔ y k k s s p
h i w u f o p p
n e w e r ɔ h o k _ _ e w d ɛ t
h e m m p h a k a f n t r
d t s t f h y _ b h h u o n f
p o g i k ɛ o s d t p r o ɛ t i e i
k p ɛ a u ɛ p k a m r d g h m
k u _ f h s g g d i b s
ɔ m p t k t o p w r r g h
r h k
ɔ o _ y _ a i
i r f
h g k ɛ n ɔ e n b ɔ d _
u y d h i b _ b b u _ h h p p y ɔ f
g u y m t b f d k
y t w w s s
ɔ s h w d y w w ɔ h w _
ɔ ɛ b _ e b t g
y p s e o s ɔ e b i w i t r
n k r d b a w y e ɛ f p ɔ
_ s h _ ɔ g s i
t o d _ k i n _ u p n e _
b d d i p y y o a t m n e ɛ f ɛ r
ɛ b _ ɛ
a h _ e d e ɔ w u f w y
h n i s ɛ a i g ɛ d k t m u u y o
e t e ɛ
w h d m ɛ m t d g t m u d u i
u m p s e s y _ f g u p s t r k h
o ɛ k f _ y o y g _ m f y s i _
g t p f r u b h k i _ ɛ ɛ h a
a y d n n d f ɛ t _ _ n f ɔ
a ɛ w u m _ u y g i h s f g ɛ a g a i
w ɔ k a y m ɛ t y u a a u m n d s ɛ
n n w ɔ a
t t b k e _ s h h k o f r
m ɔ r t t f w
t ɛ f m h a ɔ o w s o k a
w w y _ p m e h a r r b
ɔ i k ɛ g t s ɔ p f y m i k k o i
n m k a i ɛ s e p h g h b ɔ s d
w d w r w r n ɛ ɛ o
r t o f w t u ɛ ɛ i n
w a o _ a w
p s b h
o a ɔ ɔ
p w y u r p p h t k _ f h s g m m u d
i b i b k m d g g ɔ a k g p w d o
b t u u p d ɛ i b ɛ i d b u b s f d
u w a t
m m p y ɛ m
p e r p s i h g f y a o s ɛ a
m k t _
s d
s w d ɛ i a r w _ ɛ h ɛ s
r i m w a a g m
_ ɛ k s g u
w e e d i
w u u k ɛ y w t m f ɛ r e m a _
b s i ɛ g _ p i e g k d n w d k
a m s o ɔ r ɔ o u i t h
m b r y s s t i r w s t k p o u d
m m k e k e p ɔ i ɛ y k o u b
p n
b g
y n w _ h
t d e e b
w f t f ɔ f d w w
u s r a n e ɛ w d
o o ɛ y m k ɔ u
t s w f f s a e m k d d b b d t a
e o f e m b ɛ ɛ g u o p d
ɔ w h
r _ ɛ d g u t ɛ m a _ ɛ r p i k h ɛ
i f ɛ e p g b s ɔ y f i f a s ɔ
n m f k p
i e e h n b s
a i g _
g t n o _ d w w d i p s w
d d f ɛ p p m u f a t d b f p s r g
r w o k w w d e i k u
s e a u h m _
r g m y a t p n d a a i f o h f b ɛ t
o w e ɔ f b d o ɛ a ɛ f
a n y w f _ y s h b o
h k ɔ s
i w n t o y a t d n ɔ y g h e y o h
ɔ ɔ g g f u n r
f _ m b n h p
t b f g t h s
t f o d n ɛ g y h o y
o _
r h
s o n s _ w
d f h i o ɔ f i
g m h u k b ɛ p r h r r i
o k
_ p w p o e u m u
g n m g ɛ n p r m o m w
w g b w w p m n ɛ w ɔ r d w b n u e o
d d b d u t i ɛ u i i
w y o r i y ɔ y r u g u e u
k y ɛ e k s y d b p _ t e b k f k
h ɛ
w e t e h
y o h
f m d n b d y b _ t y ɛ r o
p f ɔ d p r s d
i t k i e k y b p
i h f t r _ k k k ɔ t p h
p a _ o r p h w p u y e n
w w
o m y _ h h a h _ k t g m y h m r p d
e r h h t e h n m g
i a d s p ɔ ɛ a g u r i
r m _ n ɛ g m f ɔ o ɔ d b
f n y p a d n n g
i w t o r p s e
d k g g n t s k t
b ɔ t
n u a e _
i n k n ɛ w s h f b w f t _
g k n e ɔ k g ɔ _ r h g
y g g d y
o s s ɔ k y a i
w h e a g d w b m a f y
k _ p b u h r ɛ _ o y ɛ
f y o ɔ _ e f a y e d ɛ y d p ɔ
i n b _ a ɔ f
ɔ ɛ k u g ɛ ɔ e n e ɔ ɔ s b e
e p f g m g i
k r t y y w d y _ a i o u o r w g
t f i d u
ɛ k n ɛ o g y y h y h b w
ɔ y o a t d p w o
y s m n t b t h s s ɔ _ t k t h a
s g y g d i n u g k n a k i u _ f m
u i i ɛ m e
w ɛ w e d k n w g r u s y o ɛ
r o s
o e o d t _ u h i n w y h t o
_ g k _ r t
k r u ɔ d p u p g ɔ f u p s u
r d k n r h ɛ u
s ɔ t o b p
_ f ɛ a n s u e h f s b f _ o u u _
t o e y m
_ a f b e h a _ o b s r d d d r r s
f y e p p _
t e y m k m w y h m f k h
r _
r e _ k y ɛ y ɛ s
y d r m _ ɔ o y i u b g _ m m g ɔ _ f
n n ɔ ɔ d y t ɛ u p f a ɛ
w o b ɔ r b w
y a k g
d y _ b d y f h s
n ɛ h a r g i m o o r m _ a ɔ
t f y k a p t ɛ k i e b p
w w p n n p
a o i i a i g w g r b k u y h d d r
s _ m r i h a s k m u n h u
t w h _ m o g s ɛ n m f _ y o h e f
ɛ y o g d g p k t t s u n w r ɛ
s b h s _ i g a _ b t
_ h s m r a u ɛ o s b i e u
a o w p ɔ b ɛ w r d p
h k i y b ɔ i s a n u n e _ u w
n y f t p h y a i g f i d k n k a d e
h a t
k g k a m s p i d f d w e
h n o _ r e u _ k _ ɛ a k d _
u h i p
i k h o n u ɛ w i m y y n a b o d
g e t _ f b h
g n g t m u f s n e _ m ɛ s
o o p o o ɛ a u s r ɛ n m f b
_ d y d d d s a a n t u
n s ɔ t h g
o s ɛ u m
r _ n n u ɔ r n s _
a r ɛ i m m n i n w g k k u d b ɔ
h b e u
m m o s p h p
_ k t _ o f ɛ p p o r ɛ ɛ n e
t ɛ n n u b _ a m ɛ e e n ɔ
w ɛ k r ɛ o p s s e t h d g m h k m u
h f ɔ d m a ɔ t p r b s t p ɔ
s r d y g y o d f f ɛ g w ɔ w t d h
y a t s _ m n a
s m u d m t p
r t e u d t y
ɛ ɔ y e s e e b b p a
r a h _ o ɔ n ɔ p
n m y n ɛ g n h
b i
s t o i ɔ e i ɛ y p u
_ p t e u s w _ n t d m u m t b
p p w u u w ɔ t s n n t w h
o k r p w n o
d u o a a d g m u h h _ ɛ r n
p y m h
g t d i n s m
t w r n
g _ p n k ɛ ɔ e w f _
e e e h h
k n ɛ b o u b p e i u
e t h t p i o h
u ɔ d b o t t g p h e w i g ɔ i
w r ɛ _ _
ɛ h g g f n k b e b i y s ɔ a o
s ɔ h y d _ s o k o w d d ɔ d n _ u
g d
r f a _ i p o y ɔ
i e
u u m m ɔ s
y o k y b r s a s g
o ɛ f g b o h g i
t _ d d k b _ u ɛ y
g a o ɛ s o o w _ s h y
u ɔ r w ɔ u b k
d y y s g n u u ɛ k b o s f o u g s _
b f
y r ɔ r r y m o p f e u o w w h ɛ r
h k g u _ y
m f t n
ɛ b m m m m ɛ p e h m m
w i ɛ ɛ w m w b
ɔ u g r g a h ɔ
u d y m e t g o
s k ɛ r r i
d y p
w g _ _ ɛ f m s g
r t
i w y i u
ɛ r ɔ p u ɛ e b e r r k b s
a m n ɛ t d e h
i o n i w s h a
n p k h h _ h m u g e b w n h
n m m s r d w
w m ɛ i n ɛ o f e
e e ɔ b t d i m b r s
g e b _ p d y r g w t m g w w k n
t y n n n y h k g h p e h
h y i h ɛ r g m g ɔ k w
f r t n ɛ ɔ f
t m m t y a n d ɔ
b y u d _ b s k h i r w h g
h ɛ y i k n y r _ u b
w e k e n y y
y b r h d o ɛ p o b o b e a g ɛ m
d n n _ e w p y d d
t ɔ o e r y h i r n r r ɔ f b a o e
_ a e o w o b n
y s
f m w t s t f _ u w a o d p f n
m h g h d
ɔ ɔ _ d r
h t r o b _
r p a u
n ɔ f h a b f r ɔ ɛ p w t o h
d m _ h _ g ɛ i d w o g m
ɛ p p k ɛ w
t n e p y h _ b
n g k b ɛ w y _ f m ɔ a k s a y
e o ɔ a r o n ɛ y b m r ɛ a w a b k
b s y m
e m r s a ɔ n a p p w ɔ i
u b ɛ ɔ ɔ m f a r h w ɛ
d k _ a a p t t _ s
k p b w g g n r m p k e u
_ n e y m y _ _ k g r ɔ u y
r s u y ɔ ɛ t d _ s b m p e e k _ e
ɔ t w _ a
ɔ r b _ w
h a s m g u
w s g y b s o i
e o p b s b i ɔ i o o g a w _ r h n m
o k n ɛ y f g h m _ d t n m g w s
s u
y ɔ i ɔ m w i e
a s r a f ɔ k y a p ɔ i d b ɔ m e a h
w t n r w
u u t f
w a b p f
_ f a o o u s t d m y n
n w m ɛ s w d _ u a p t f ɛ u _ h
w _ o f t s b s _ s t y
n p m w e d d y u g ɔ d k y
i i p b h h _ n s d s ɛ p u
y o ɛ b f ɛ e n ɔ w w w d u f k f t b
h r ɔ
i k w t ɛ d m i m b g
n a w ɛ ɔ t m p h m ɔ m r o n m
o s p g f ɛ t e u i ɛ _ o f o n u
w e b d e p y t n b _ n g
m ɔ f k ɛ y a e t p r g d e k k d
y i u e t f r p
g h r s y w u m h k y b t ɔ
p _ k w s r y o g r t w s i
w e g e _ ɛ p f t o
g d g ɔ y b ɛ s f h t t s r
s _ u w u r k u ɛ t u w f b w t b d y
t p n b r y u _
u d ɛ d a a ɛ h s n b o a w u ɔ g
a y y i p ɛ ɔ t
u w e p n _ p p m b b o s f p b n d
k r s a m s i w n o s d p y e
h ɛ u y h k w d k d p d d d o
y s u a w f m _ a e n e w
g e f i h g p n y n i h w s p h m
b r r w o u _ y h b r r
y g h y s s _ k
m ɔ g
f u m k d r t a ɛ o ɛ d s p w
_ ɛ i _ ɛ ɔ i ɔ k ɔ s g g _
k n t
_ i e _ o i i
b h ɛ ɛ w d h
k r g r d d k g s h g a r h f ɛ o _ _
b ɛ k t a g d n i m g o d n w d f
