g b e l e
j o o
h e
ŋ a k o
g b i
s e l e k o
b a a k ɔ ɔ
w ɔ l ɔ m ɔ
k ɔ ɔ e e
s ɔ l e
b a a j o o
l a e e
b ɔ
f a a e e
s e l e e e
b a a t s ɔ ɔ
f ɔ e e
s ɔ l e e e
t s a e e
k o t a k o
j o o e e
b a a s u m ɔ
ŋ k p a s a
g b i
j o o k o
n a k o
ŋ t s ɔ s e
ŋ f e e
f a l a
w ɔ d ɔ i e e
l a e e
g b l ɛ e e
h i e e
w ɔ e e
b a a l a
t s i
n y i ɛ e e
ŋ k a s e
k p e e e
b a a k p a s a
s e l e
ŋ n a
k p a s a e e
f ɔ e e
h i ɛ e e
d a a k o
n a
k w ɛ
d a a e e
k o t a
h i a
l ɛ m ɔ k o
f u t u e e
k a s e
j i e
l ɛ m ɔ
t s u k u
ŋ t s ɔ ɔ
j o o
k p ɛ t ɛ k o
b a a m i
k a i k o
k u e e
b a a t e e
f ɔ
ŋ s h a m ɔ
d a k o
k a f o
h i ɛ e e
w o k o
f u e e
b a a g b i
g b i e e
y ɛ
ŋ t a w ɔ
b a a l e
ŋ k ɔ
s ɔ l e e e
k a s e e e
ŋ t s i n e
h i
t s w a a
b ɛ ɛ
d u k o
b a a h e
t e e k o
ŋ k p ɛ t ɛ
j u k o
w ɔ
h a
s h a m ɔ e e
s ɔ l e
h i ɛ
s u m ɔ e e
k ɔ
b a a h a
ŋ t s u
t a w ɔ
w ɔ l ɔ m ɔ
f o
w ɔ d ɔ i e e
b a a t a w ɔ
t u u e e
m ɔ
b o e e
b a a f o
k u e e
g b o k o
y e _ n k u n i m k o
t s ɛ e e
n a
ŋ m ɔ e e
t a a
b a a h i ɛ
k ɔ e e
w a e e
t s ɔ ɔ k o
g b l a k o
l ɛ m ɔ e e
k a n e
t s ɔ s e
k a i
ŋ j i e
m i e e
ŋ g b e l e
f a l a e e
b i e e
t s ɔ ɔ
y a e e
t u u
k a n e k o
b a a h i
ŋ h i
j a a e e
ŋ l a
h ɔ ɔ
g b e l e e e
j ɔ e e
ŋ w ɔ
ŋ m ɔ ɔ
b ɔ
b a a f a l a
ŋ k u
f ɔ f l ɔ
f u t u k o
n u e e
ŋ d a a
w ɔ d ɔ i k o
t a w ɔ
t a a e e
f u t u e e
b a a k p e
b a a b ɔ
k a s e k o
ŋ j ɔ
ŋ s h a
y ɛ k o
w ɔ
t s ɔ ɔ e e
b a a b l ɛ
g b l a e e
w a
ŋ b ɔ
t s a
ŋ y ɛ
ŋ s h w i s h w i a
t s u k u
ŋ t e e
t a e e
m ɛ
n a
b a a t a a
h i ɛ e e
ŋ w ɔ l ɔ m ɔ
ŋ l e
b a a ŋ m ɔ ɔ
j a a
b a a w i e
j o o
ŋ b a
t e e e e
b ɔ e e
t s a k o
b i e e
h a
ŋ d i k i
w ɔ l ɔ m ɔ e e
t s i n e e e
ŋ m ɛ
l ɛ m ɔ
ŋ m ɔ
w ɔ l ɔ m ɔ e e
ŋ t s ɛ m ɔ
l ɛ m ɔ
t s u
g b l ɛ
d u e e
h i e e
f a a e e
b a a s h a m ɔ
s h a m ɔ
t s u k u e e
f a a e e
k ɔ ɔ k o
d i k i k o
b a a j a a
j ɔ e e
y e e e
t s w a a k o
f o
h ɔ ɔ
y e
ŋ k w ɛ
d a
b a a t s a
b a a t u u
g b l a e e
b l ɛ
t s w a a
b ɔ e e
t s ɛ m ɔ e e
d u e e
k a i e e
l a
d a
j u e e
m i
w a
n u u e e
w i e k o
t s ɔ ɔ e e
s h a
t s ɛ k o
k w ɛ e e
ŋ m ɔ e e
j u e e
l ɛ m ɔ e e
b a a y ɛ
s h w i s h w i a e e
b a a h i a
w o s o e e
k u k o
j i e e e
j a a
t s i
t a a e e
s h a m ɔ
ŋ n y i ɛ
s h w i s h w i a e e
f o k o
k p ɛ t ɛ
f ɔ e e
t u u
b a a s ɔ l e
k a i
w i e e e
b a a g b l ɛ
k a n e e e
w ɔ d ɔ i
k p a s a e e
h e e e
l e k o
ŋ s u m ɔ
s h a k o
b a a y e _ n k u n i m
ŋ t s a
ŋ k a n e
t s w a a e e
ŋ g b i
t e e
g b o
g b l a e e
j e
m i k o
k ɔ ɔ e e
w i e
ŋ m ɔ ɔ k o
ŋ m ɔ ɔ e e
t s u e e
b a a w ɔ
k o t a e e
ŋ g b l ɛ
w o s o
t s i n e
t e e e e
k a i
h e
b o
b a a n u u
ŋ b i
b a a g b e e
t s ɛ m ɔ k o
h ɔ ɔ e e
h i k o
ŋ k p e
j i e
j o o e e
s u m ɔ e e
f a a k o
b l ɛ
b ɛ ɛ
l a
d u
k a f o e e
n u
t s w a
t s w a a e e
n u u k o
g b o e e
s u m ɔ k o
d a e e
k a n e e e
m i
t s a
k o t a
s u m ɔ e e
k p e k o
b l ɛ
t a a e e
ŋ m ɔ ɔ e e
k a n e
w i e e e
w ɔ
k p e
f o e e
b a a b a
ŋ m ɔ
g b l ɛ k o
b a a f e e
y ɛ e e
ŋ a
m ɔ k o
l a
b a e e
b a
ŋ f u
m ɛ
k a f o
t a w ɔ e e
w o e e
g b l a
d a a e e
t s ɛ m ɔ e e
s h a m ɔ e e
w o s o e e
s h w i s h w i a
t s u e e
l e e e
b a a l ɛ m ɔ
s h a
s h a e e
y e e e
w ɔ l ɔ m ɔ
k u
ŋ b o
w o e e
t s u k u
b i e e
l e
b a
n y i ɛ k o
s h a m ɔ e e
k p a s a e e
t a a k o
f o
k a i e e
t e e e e
f e e e e
f ɔ f l ɔ e e
w a
s u m ɔ
k a f o e e
k p a s a
l e
t s ɔ ɔ e e
f e e e e
t e e
d a a
b a a k a i
k o t a e e
w ɔ d ɔ i
m i
ŋ f a a
t s ɔ s e e e
t s i
g b l ɛ e e
t s i e e
l a k o
s h w i s h w i a k o
d a e e
b i k o
m ɛ e e
j e
n u e e
g b l ɛ
w ɔ e e
y e _ n k u n i m
s u m ɔ
w ɔ d ɔ i
t s u k u k o
h e
k w ɛ e e
f a l a e e
b o e e
ŋ d u
f ɔ
f e e k o
ŋ ŋ m ɔ
ŋ m ɔ
h ɔ ɔ e e
ŋ m i
ŋ y e
m ɛ k o
k u
y e _ n k u n i m
b a a b i
g b o e e
b a a h ɔ ɔ
b a a t a
b a a w a
b a a y e
t e e
h a k o
h a
l e
ŋ m a a
ŋ t u u
b a a j e
f u
k p e
b a a s e l e
t s a e e
ŋ ŋ m ɔ ɔ
l e e e
ŋ d a
h i a e e
b l ɛ k o
b a a f u t u
w a e e
f e e e e
k p a s a
t a e e
h i ɛ
t s ɔ s e
t s u k o
b a a g b e l e
b a a g b o
t s ɛ m ɔ
d u
b ɛ ɛ k o
f e e
ŋ m a a e e
f u k o
b a a t s ɛ
n u
t s i n e
ŋ m a a k o
f e e
y a e e
k p ɛ t ɛ e e
j i e k o
b a a w o
s e l e e e
n u k o
ŋ ŋ m a a
g b e e
t a
f a a
t s ɔ ɔ
j u
w o s o
ŋ h i ɛ
d a e e
b a a ŋ a
k u
h i
k ɔ ɔ
k p e
t s u
n a e e
ŋ g b l a
n u u e e
k p e e e
l e e e
ŋ m ɔ e e
d a a
f a l a
t s u k u e e
j u e e
t s u
j ɔ
ŋ b ɛ ɛ
t s ɛ e e
d i k i
j e e e
s ɔ l e e e
k o t a
h e e e
ŋ j o o
d a
k ɔ
t a k o
g b l a
t s i k o
n y i ɛ e e
k a f o
b a a t s ɔ s e
j i e
w o s o
m ɔ e e
g b o
f u
t s w a
t s ɛ m ɔ
ŋ g b e e
h ɔ ɔ
b a a w ɔ d ɔ i
y a e e
y a
h i a e e
ŋ a e e
l a e e
n u e e
y e _ n k u n i m e e
g b o
t s i e e
n y i ɛ
w o s o k o
b a a b ɛ ɛ
m ɔ
w i e e e
k p a s a
t u u k o
s h w i s h w i a e e
t s w a
d i k i e e
t s i n e e e
t s ɛ
h e k o
f a a
k ɔ ɔ
t s ɛ m ɔ
ŋ m a a
y e _ n k u n i m e e
j e e e
m ɔ e e
g b e e
ŋ a
y e k o
f ɔ f l ɔ e e
w ɔ l ɔ m ɔ k o
b a a t s i
b a a ŋ m a a
s h w i s h w i a
t s a
s h w i s h w i a
f ɔ f l ɔ
b o k o
b a a w o s o
k ɔ e e
s h a m ɔ
t s ɔ ɔ
ŋ k a i
f u e e
b ɛ ɛ e e
b ɔ k o
t u u e e
j o o e e
b a a k u
g b e l e
t s a e e
t s u e e
b a a t s w a a
w ɔ k o
g b i
b a a k ɔ
g b i e e
t a e e
k w ɛ e e
h ɔ ɔ k o
ŋ a e e
k a s e
f ɔ f l ɔ k o
s ɔ l e k o
b o
f u t u e e
ŋ t a
k p e e e
g b l a
n y i ɛ
y a
ŋ f ɔ
j i e e e
b a a t s u k u
t a w ɔ e e
ŋ j a a
k ɔ ɔ e e
g b e e e e
y ɛ e e
t s i n e k o
ŋ w a
n a e e
w ɔ d ɔ i e e
m ɔ e e
b a a n u
n a e e
m ɛ e e
