b a a w o s o
w o s o e e
w o s o k o
w o s o e e
w o s o
w o s o
w o s o e e
w o s o
ŋ w o s o
b a a k p ɛ t ɛ
k p ɛ t ɛ e e
k p ɛ t ɛ k o
k p ɛ t ɛ e e
k p ɛ t ɛ
k p ɛ t ɛ
k p ɛ t ɛ e e
k p ɛ t ɛ
ŋ k p ɛ t ɛ
b a a d i k i
d i k i e e
d i k i k o
d i k i e e
d i k i
d i k i
d i k i e e
d i k i
ŋ d i k i
b a a n u
n u e e
n u k o
n u e e
n u
n u
n u e e
n u
ŋ n u
b a a ŋ a
ŋ a e e
ŋ a k o
ŋ a e e
ŋ a
ŋ a
ŋ a e e
ŋ a
ŋ ŋ a
b a a ŋ m a a
ŋ m a a e e
ŋ m a a k o
ŋ m a a e e
ŋ m a a
ŋ m a a
ŋ m a a e e
ŋ m a a
ŋ ŋ m a a
b a a k o t a
k o t a e e
k o t a k o
k o t a e e
k o t a
k o t a
k o t a e e
k o t a
ŋ k o t a
b a a g b l ɛ
g b l ɛ e e
g b l ɛ k o
g b l ɛ e e
g b l ɛ
g b l ɛ
g b l ɛ e e
g b l ɛ
ŋ g b l ɛ
b a a l a
l a e e
l a k o
l a e e
l a
l a
l a e e
l a
ŋ l a
b a a b o
b o e e
b o k o
b o e e
b o
b o
b o e e
b o
ŋ b o
b a a ŋ m ɔ
ŋ m ɔ e e
ŋ m ɔ k o
ŋ m ɔ e e
ŋ m ɔ
ŋ m ɔ
ŋ m ɔ e e
ŋ m ɔ
ŋ ŋ m ɔ
b a a y e _ n k u n i m
y e _ n k u n i m e e
y e _ n k u n i m k o
y e _ n k u n i m e e
y e _ n k u n i m
y e _ n k u n i m
y e _ n k u n i m e e
y e _ n k u n i m
ŋ y e _ n k u n i m
b a a t e e
t e e e e
t e e k o
t e e e e
t e e
t e e
t e e e e
t e e
ŋ t e e
b a a b ɛ ɛ
b ɛ ɛ e e
b ɛ ɛ k o
b ɛ ɛ e e
b ɛ ɛ
b ɛ ɛ
b ɛ ɛ e e
b ɛ ɛ
ŋ b ɛ ɛ
b a a t s i n e
t s i n e e e
t s i n e k o
t s i n e e e
t s i n e
t s i n e
t s i n e e e
t s i n e
ŋ t s i n e
b a a t s ɛ m ɔ
t s ɛ m ɔ e e
t s ɛ m ɔ k o
t s ɛ m ɔ e e
t s ɛ m ɔ
t s ɛ m ɔ
t s ɛ m ɔ e e
t s ɛ m ɔ
ŋ t s ɛ m ɔ
b a a t s i
t s i e e
t s i k o
t s i e e
t s i
t s i
t s i e e
t s i
ŋ t s i
b a a f a l a
f a l a e e
f a l a k o
f a l a e e
f a l a
f a l a
f a l a e e
f a l a
ŋ f a l a
b a a f u t u
f u t u e e
f u t u k o
f u t u e e
f u t u
f u t u
f u t u e e
f u t u
ŋ f u t u
b a a ŋ m ɔ ɔ
ŋ m ɔ ɔ e e
ŋ m ɔ ɔ k o
ŋ m ɔ ɔ e e
ŋ m ɔ ɔ
ŋ m ɔ ɔ
ŋ m ɔ ɔ e e
ŋ m ɔ ɔ
ŋ ŋ m ɔ ɔ
b a a h i ɛ
h i ɛ e e
h i ɛ k o
h i ɛ e e
h i ɛ
h i ɛ
h i ɛ e e
h i ɛ
ŋ h i ɛ
b a a s u m ɔ
s u m ɔ e e
s u m ɔ k o
s u m ɔ e e
s u m ɔ
s u m ɔ
s u m ɔ e e
s u m ɔ
ŋ s u m ɔ
b a a f e e
f e e e e
f e e k o
f e e e e
f e e
f e e
f e e e e
f e e
ŋ f e e
b a a j e
j e e e
j e k o
j e e e
j e
j e
j e e e
j e
ŋ j e
b a a w ɔ
w ɔ e e
w ɔ k o
w ɔ e e
w ɔ
w ɔ
w ɔ e e
w ɔ
ŋ w ɔ
b a a k a i
k a i e e
k a i k o
k a i e e
k a i
k a i
k a i e e
k a i
ŋ k a i
b a a d a
d a e e
d a k o
d a e e
d a
d a
d a e e
d a
ŋ d a
b a a t a
t a e e
t a k o
t a e e
t a
t a
t a e e
t a
ŋ t a
b a a g b i
g b i e e
g b i k o
g b i e e
g b i
g b i
g b i e e
g b i
ŋ g b i
b a a f ɔ f l ɔ
f ɔ f l ɔ e e
f ɔ f l ɔ k o
f ɔ f l ɔ e e
f ɔ f l ɔ
f ɔ f l ɔ
f ɔ f l ɔ e e
f ɔ f l ɔ
ŋ f ɔ f l ɔ
b a a j a a
j a a e e
j a a k o
j a a e e
j a a
j a a
j a a e e
j a a
ŋ j a a
b a a l e
l e e e
l e k o
l e e e
l e
l e
l e e e
l e
ŋ l e
b a a k a n e
k a n e e e
k a n e k o
k a n e e e
k a n e
k a n e
k a n e e e
k a n e
ŋ k a n e
b a a h a
h a e e
h a k o
h a e e
h a
h a
h a e e
h a
ŋ h a
b a a y a
y a e e
y a k o
y a e e
y a
y a
y a e e
y a
ŋ y a
b a a b ɔ
b ɔ e e
b ɔ k o
b ɔ e e
b ɔ
b ɔ
b ɔ e e
b ɔ
ŋ b ɔ
b a a f a a
f a a e e
f a a k o
f a a e e
f a a
f a a
f a a e e
f a a
ŋ f a a
b a a h ɔ ɔ
h ɔ ɔ e e
h ɔ ɔ k o
h ɔ ɔ e e
h ɔ ɔ
h ɔ ɔ
h ɔ ɔ e e
h ɔ ɔ
ŋ h ɔ ɔ
b a a t s ɛ
t s ɛ e e
t s ɛ k o
t s ɛ e e
t s ɛ
t s ɛ
t s ɛ e e
t s ɛ
ŋ t s ɛ
b a a s ɔ l e
s ɔ l e e e
s ɔ l e k o
s ɔ l e e e
s ɔ l e
s ɔ l e
s ɔ l e e e
s ɔ l e
ŋ s ɔ l e
b a a f ɔ
f ɔ e e
f ɔ k o
f ɔ e e
f ɔ
f ɔ
f ɔ e e
f ɔ
ŋ f ɔ
b a a g b e l e
g b e l e e e
g b e l e k o
g b e l e e e
g b e l e
g b e l e
g b e l e e e
g b e l e
ŋ g b e l e
b a a t s w a a
t s w a a e e
t s w a a k o
t s w a a e e
t s w a a
t s w a a
t s w a a e e
t s w a a
ŋ t s w a a
b a a d u
d u e e
d u k o
d u e e
d u
d u
d u e e
d u
ŋ d u
b a a l ɛ m ɔ
l ɛ m ɔ e e
l ɛ m ɔ k o
l ɛ m ɔ e e
l ɛ m ɔ
l ɛ m ɔ
l ɛ m ɔ e e
l ɛ m ɔ
ŋ l ɛ m ɔ
b a a k a f o
k a f o e e
k a f o k o
k a f o e e
k a f o
k a f o
k a f o e e
k a f o
ŋ k a f o
b a a k w ɛ
k w ɛ e e
k w ɛ k o
k w ɛ e e
k w ɛ
k w ɛ
k w ɛ e e
k w ɛ
ŋ k w ɛ
b a a h e
h e e e
h e k o
h e e e
h e
h e
h e e e
h e
ŋ h e
b a a h i
h i e e
h i k o
h i e e
h i
h i
h i e e
h i
ŋ h i
b a a t s u
t s u e e
t s u k o
t s u e e
t s u
t s u
t s u e e
t s u
ŋ t s u
b a a k p a s a
k p a s a e e
k p a s a k o
k p a s a e e
k p a s a
k p a s a
k p a s a e e
k p a s a
ŋ k p a s a
b a a j o o
j o o e e
j o o k o
j o o e e
j o o
j o o
j o o e e
j o o
ŋ j o o
b a a s e l e
s e l e e e
s e l e k o
s e l e e e
s e l e
s e l e
s e l e e e
s e l e
ŋ s e l e
b a a f o
f o e e
f o k o
f o e e
f o
f o
f o e e
f o
ŋ f o
b a a y ɛ
y ɛ e e
y ɛ k o
y ɛ e e
y ɛ
y ɛ
y ɛ e e
y ɛ
ŋ y ɛ
b a a j u
j u e e
j u k o
j u e e
j u
j u
j u e e
j u
ŋ j u
b a a w a
w a e e
w a k o
w a e e
w a
w a
w a e e
w a
ŋ w a
b a a t s ɔ s e
t s ɔ s e e e
t s ɔ s e k o
t s ɔ s e e e
t s ɔ s e
t s ɔ s e
t s ɔ s e e e
t s ɔ s e
ŋ t s ɔ s e
b a a w ɔ d ɔ i
w ɔ d ɔ i e e
w ɔ d ɔ i k o
w ɔ d ɔ i e e
w ɔ d ɔ i
w ɔ d ɔ i
w ɔ d ɔ i e e
w ɔ d ɔ i
ŋ w ɔ d ɔ i
b a a m ɔ
m ɔ e e
m ɔ k o
m ɔ e e
m ɔ
m ɔ
m ɔ e e
m ɔ
ŋ m ɔ
b a a g b l a
g b l a e e
g b l a k o
g b l a e e
g b l a
g b l a
g b l a e e
g b l a
ŋ g b l a
b a a k p e
k p e e e
k p e k o
k p e e e
k p e
k p e
k p e e e
k p e
ŋ k p e
b a a b l ɛ
b l ɛ e e
b l ɛ k o
b l ɛ e e
b l ɛ
b l ɛ
b l ɛ e e
b l ɛ
ŋ b l ɛ
b a a g b o
g b o e e
g b o k o
g b o e e
g b o
g b o
g b o e e
g b o
ŋ g b o
b a a j i e
j i e e e
j i e k o
j i e e e
j i e
j i e
j i e e e
j i e
ŋ j i e
b a a s h w i s h w i a
s h w i s h w i a e e
s h w i s h w i a k o
s h w i s h w i a e e
s h w i s h w i a
s h w i s h w i a
s h w i s h w i a e e
s h w i s h w i a
ŋ s h w i s h w i a
a y ɛ a k a n b a f l k o
ŋ s h w k a f k o
j o o k b l ɛ k a t e e e e
ŋ s e t s e e
f ɔ f l j e e j i e
ŋ w ɔ j a e e e
ŋ w ɛ e e s u m ɔ j i e e
y a e t s ɛ a a f a e e
ɔ l e e k o a k p
k a k i e
a a j i k o
u m ɔ e
ŋ l e a f o
ɔ k l ɔ a g b l
i e k o a s ŋ t s ɛ e e
a j e f ɔ k o e e
o o k o
ŋ t s ɔ a s e ɔ f l
b a a j u k l a e k o ɛ k
ŋ b a a w ŋ h e ŋ t a
d a e t e a a j a a g a f u t u i ɛ e e k o
t s ɛ k a t e s o e e f o ŋ l ɛ e l e k e e e
ŋ y a a ŋ a g b l
b a a m a a a t s ɔ l ɔ e
j i e
b a a t s i
n u k o s ɛ m e e
a a y a a t a a a h ɔ e e
g b i
ŋ k a n w o s o k o
ŋ b ɔ k o h i
b ɛ ɛ k
b a a ɔ ɔ e a l w a a
b a a o s o k
ŋ a k o ŋ j d a
p ɛ t s ɔ s e t ɛ ŋ h a a a s e a b ɔ h w
ŋ d i ŋ m ɔ e i e k o e e
h e e e h e t e e e e
a a k w i a w i s u e e k o
y a k o s e e e k o
b i e s a e ɔ s e e e
b l ɛ k h e e k o
o o e e a w ɔ o o k o a f b ɔ _ n k a w e e
w ɛ k o e e
ɔ i k o ŋ f ɔ f
a l a e n i m k k o
ŋ a a l
w ɔ d ɔ w ɛ k o
ŋ k a i f ɔ f a a h a e e f e e e
ŋ _ n k u s ɛ e e t a e e
f o k o e e e
ŋ ɔ ɔ e i k d u k
w ɔ d p e k o e e
j e k o f o e e s a e e
a j o b a a y e e
ŋ l ɔ k a l a e b a a k
i n e a s ɔ l s h w i ŋ k a n t a t s ɛ m e e e
w ɔ k a m ɔ ɔ e a a g
ŋ s i e o o k o j i
b a a ŋ b ɛ a a m ɔ
ŋ e k o a y a e e e e
s i ŋ d a _ n k ŋ s u e e
a y ɛ ɛ k ŋ f ɔ f e e
f ɔ k f l ɔ k
t s ɛ k h w i
b a a i e k i w a a e h w t u k m ɔ e e
t u e e a a a k a f
y e _ e e
i n e a a d a a a ŋ m ɛ m a d u e e
_ n k m k g b e l e e
ɛ k g b i e e
k p e k n k u n e e
t u k a f o
w o s ŋ s u ŋ y e _ e e e
p e k o ɔ ɔ
p ɛ t j u
b a a a a ŋ e k
ŋ j e k o b e l e e e
ŋ t s ɔ a l ɛ ŋ k w ɛ e e
b o k o a w ɔ i k a k w ŋ s e l p e k
ŋ h ɔ ɔ
t e e e a s e w a k d u e e e e
g b o e
ɔ i k h e a j i o k o
h e a b l a b ɛ ɛ k o
a h ɔ
s ɔ l a f a t e e
a s ŋ k p k o
a a t a ŋ l a g b e e e
b a a u t u
u t u k o t a e e e
a g b i k o
ŋ b ɔ k o
a a b s h w i b a a s
b ɛ ɛ k j a e e
ɔ ɔ e e s a e e
s o k h a e a a b k o
b a a f ɔ e
w a a a a s u i e k ɔ k o i ɛ f o e
y a k h i k t s ɔ
ŋ t s ɔ e e
ŋ b ɛ a t s h ɔ ɔ e a a f ɔ
b a a w i a k
y e _ n t u k o m ɔ ɔ e k o
b a a j a a e f a a k
a a t p a i m e a y
ɛ ɛ e g b o k a n e k o
e l a a w f e e
ŋ ŋ a
a j a a a g b l l ɛ e e e e
ŋ w a a g b b a a w e e
o t a k i s h w
s e l s w
s ɔ l e n i l ɛ e e o k o
a a t a b i ɛ k o u n i m e e
b a a j o o e e
ŋ d i k i
ɔ e t s i k
ŋ a a k p b ɛ ɛ k
ŋ ɔ f l m ɔ e i s h w
ɔ e e k k o
b a a a a y
ŋ j e l e k g b e
ŋ l ɛ m b a a ŋ ɛ t ɛ k
i ɛ e e
s o e ɛ t ɛ h ɔ ɔ e k o
ɔ l a a f k o
ŋ j a h e a w a s e l e k o
ŋ n u m a a
h a e e a d i k
k a i e i s h ɛ ɛ e e
j u ŋ f ɔ
g b e l e e
a b ɛ
a i e ɔ k b ɛ t ɛ k l ɛ k a i k ŋ y ɛ a a t s k o
ŋ t s u s ɛ e a a d e e e
a k p a a a b ɔ
f ɔ e e a j e y a e e o k o
w o ɔ i e e f ɔ k o
o o e e a a j a y e _ k o
s o k o l ɔ k o k o
ŋ b a a k w ɔ e o o e e
w a k o l ɔ k d a k o
w o s ŋ t s ɔ e e e
ŋ t s ɛ ŋ m ɔ h w i k o
ŋ ɔ ɔ k o a n e e b ɔ e e ŋ a k
a t s i k o
b a a h i e e ŋ s u t s i n
u m ɔ e k o
a f ɔ f
t s w w ɔ k e e
y a e j e e e e e
d ɔ i e ŋ t a a a e e e
h a e a y e _
b a a ŋ d f l ɔ ŋ m w a a ŋ t s s o w a e
m ɔ e e s e k o ɔ s ɔ f l g b l
o o k o
ŋ a n e h ɔ ɔ e
a a d t s u k
ŋ f u t w ɛ e e e
b a a m l e
k a n ŋ t s ɛ u n i
o s o k ɔ d k o t a k o
ŋ w ɔ o k o
a t e e e e k o e e
ŋ t s i a h i ɛ ɛ ɛ k
ŋ b o s o p ɛ e e e e
a j a a m ɔ
b a a u n i ŋ m a a
w ɔ f l ɔ o s o ŋ f ɔ f
ŋ a a w o o o k s a k
ŋ a a l e e e k o
a j u f o e e
g b i k
h i k o n e e e a a b ɛ
a a t a a a j o ŋ n
k u n i a a b o e e
m ɔ t u k o h a e
ŋ a a w ɔ a f e e
a a y a ŋ g b l p ɛ t a s h u n w ɛ j a e e
b a a d
j e e e a a s ɔ e e
ɛ e i n e i s
ɔ s e e b a a d e e
p e b a a n a b ɛ
h a k t s u e
ŋ s u
b a a m ɔ ɔ e a s ɔ
ŋ ŋ a h w a a t s e e e
b a a ŋ k p e
a a l a k p e b ɛ ɛ k
b a a ŋ w a
s w a t u s u e e
a j i k u ɔ i k k a e e
a a w o w i a e w ɛ k o e e
f o e k o
a a w a a t s a f ɔ d u e e
o o ɔ i b i k k o
a y a f ɔ f e e
f u h e k o l a e e e e e
ŋ a k o e e e
ŋ s u k t s u
a a t a k o
ŋ ŋ t e i a k
m ɔ ɔ a y h ɔ ɔ k e e
b a a ŋ h e ŋ j o o
j o o e ŋ a k i ɛ k o
ŋ j o w ɔ p ɛ t e e
ŋ k p a f l ɔ e k a n
b a a k u n i k a f o
i k i e t s i k
a k a i s e o o k b l ɛ e
b a a p e a a t s
t u e e f a a k
ŋ w o s i s h e e e
ŋ s u j e e
m a ɔ i ŋ h e k o
b a a y a e e s ɔ s e
l ɛ k k o
k a n e i s h ɔ f
y e _ a a j u m ɔ e e e e
a a m ŋ j i e n u e e ŋ a e e ŋ g b o e e
a y e ŋ j a k o
h w i ŋ m ɔ e e e
a a j s ɛ m ɔ
b l a i m e e e e
s e ɔ ɔ k o e e
a ŋ m s ɛ k d i k a n
ŋ ŋ d ŋ j a a j u k a n e
f o e t ɛ k o
o t a k t s i e e e
ŋ k a i k a b l j o o e
a g b i a a ŋ b a a k a a f a e e
w ɛ e h e k o
b i k o e e e
b a a s o e e
b a a a e ŋ s e l ŋ n
a m j o o
ŋ n u h i ɛ k o
i a e ɔ d ɔ a w a t e
a d b a a l
a b a a y e k o
b a a ɔ s o s s h w i
j i e k t u k e e
g b e u n i
d u k o e e
b ɛ ŋ w o n i m k o
b a a y a k o ŋ g u m ɔ k
g b i e f ɔ f a j e k o
n e e f a a k s w a a e e e
ŋ a a h k a i k s e k o
j a a k
p e s e l a a y a
ŋ s w a ŋ b ɔ
ɔ s e k ŋ l e k o
a a d e e
ɛ m ɔ b ɛ ɛ e k a n e
a w o k o
ŋ t s u ŋ t s ɛ g b a a g ɔ f l ɔ a b ɛ ɛ
ŋ f e a l a k a k p ɛ
ŋ ŋ m i a e e e
w ɔ d ɔ e e
j u e e n i m k o
b a a j e e e n e e
s ɛ e e t u k o e e e
t e e k e e
a y l ɛ w i a e j e k
ŋ ŋ k a f y ɛ e e j a a e
j i e i m k e e
b a a ɔ l a a ŋ
a s a k y e _ k p ɛ t k o
a a s a a s h d u k o a b ɔ f a f o e e e e
ɔ e e g b l ɛ e e
ŋ h ɔ ɔ ŋ m ɔ e k o
s u k o b a a j
f o e ŋ h i ɛ e e
i a e e f o e
g b l ɛ a s a b ɔ
b ɛ ɛ e e
a g b a i k e e
o k i s h w
ŋ y ɛ ɔ s e
s w a a ŋ f o
ɔ d t s i n k o
y a ŋ f e e
l ɛ m ɔ h ɔ k o
k p ɛ a f a a d s o k o
t e e ŋ t e e w ɛ e e e
a a m d a e ɛ ɛ e e
d u b a a t
f a a i e k o
b a a ɛ m ɔ e m a ŋ s e l
ŋ i k b l ɛ k
h ɔ ɔ e a i
b a a j o o j u k o
l ɛ k o h e e e e
ŋ m ɔ k k p ɔ d ɔ
ŋ g f o e o s o ŋ t s ɛ
a h ɔ ɔ m k
a a g a a k a
h i k o a j i e e e
s i e e k o t
b a a ŋ s d a e e ŋ s a f
b a a f u t f o k
t e l e e f o k a e e w i a k s ɛ e e e e
t a k f e ɔ s e
a a f a ŋ l e k o
w i ŋ g b l k o
ŋ h e k a n e e h a k
ŋ a s h w i s h w d a e
b a a l ɔ k i e t ɛ e e
y ɛ k ŋ ŋ m a d a e e e e
w ɔ d a a w a t s ɔ s
k p a d a ɔ i e ŋ f ɛ t ŋ g b
d ɔ i k b ɛ ɛ a d u
ŋ k a ŋ a k o a s e l e e
d a k o e e
b a a j b a a d e e
u t u e b i e l e k o e e
a b l t s ɛ m u m ɔ e
b a a ŋ d i k a n u a j e
ŋ d i l ɛ e e e e e
s i k o ŋ m e e
l a s o k o k o
ɔ ɔ e e y ɛ k e e
a a m ɔ ɔ i k o k o
b a a b a a ŋ l
i k i k b a a l ŋ j o
a f e a a l ɛ e e
a a y ɛ o o e e e e
ŋ t u k m a a k
ŋ s ɔ a a s ɔ
t u t s ɛ l ɛ b ɛ e e
d u e e k i e e
k p a a f ɔ f k o
b l ɛ k o
ŋ a a h i a s h w
a a s h e e
h e e e t a e e
ŋ t s u a a f ɔ ŋ j a e e e
ŋ a k o ŋ g b i ɔ l e o k o
l ɛ e e o k o j a a b l ɛ e k o
a k p ŋ a k a a k p e e
b a a e _ y e h i ɛ
w ɛ k o e e e
f a l a s ɛ h e k e e
w ɔ e e b ɔ k o
b a a a a d u b ɛ ɛ e
a a y e e
ɔ d k p e e
a g b e t s i f o e k o
i a k b a a w y a e ŋ b ɔ
ŋ t u e a s a k b ɛ ɛ k
ŋ j u k o
ŋ s u m a b l ɛ i a e e
b a a d u e ŋ k a n
ŋ l ɛ e b a a b a h ɔ
l ɛ m n e k o
b a a m ɔ e ŋ k a i
i a k w i a k o
a h a f e e
s u m a h e j a a e
ɔ ɔ e a w a j o o a ŋ m a e e
a a e e m ɔ e _ n k e e
b a a e e k k u
a f a d u e e k o
k p e e g b l a l ɛ
ŋ f ɔ f ŋ f e t a e
a a k p s a k o ŋ ŋ m ɔ e e
b ɔ e e i m e j e k k u n e e
ŋ ŋ m y a k o ŋ w o
ŋ a a y a ŋ b l ɛ ŋ t a t ɛ k o a l ɛ m
t u k e e
l ɔ e e s e e k o
p a s a e e
ŋ m ɔ o e e e e
a a h
ɔ d ɔ i
i s i k i e b a a l k o
b ɔ e j a a k f u t u k o
t s ɔ a g
b a a k a i
a j i a t a
f u t j e e e
a l w i s
a j o o a s ɔ l
ɛ t b ɔ e e u t u e e e
a a j i a a b ɛ ŋ ŋ m e e
ŋ g b l i n e k k o
a a b a a d b a a f
ŋ b ɔ k ŋ y e ɔ ɔ e e
a n e t s i k a g b i
e e e e ŋ j i e e
l a i ɛ k f ɔ e
w a a k a k a f e e
ŋ j a
g b ŋ h a w ɛ k a y o k o
ŋ e _ n b o e
ŋ d i k a k a f
a f a l ɔ s e e e e e
e l e l ɛ m ɔ j a
k p ɛ t ŋ w ɔ d ɔ k o k o
w ɛ k ŋ j u d u e e e
t u f ɔ f l b e l e e
b ɔ k o
w o s o w ɔ e
ɛ e y e
b a a w ɛ e k a i
s u a l e u e e
ŋ p ɛ n i m k g b o k
t u k o n k ɛ ɛ k o k o
ŋ a l o t a k
ŋ w ɔ d k o
k i e a f o k w ɛ k a a n u e e
t s ɛ m ɔ f o k ŋ j a a h a a ŋ a
ŋ w ɛ k h i e e t u k o
ŋ k a a k a i n u e ɔ f l ɔ t e
ŋ ŋ m a b e l e k o
l ɔ e e ŋ ŋ a g b o k p ɛ t k o
t u e ŋ k p w i a k k p ɛ a a d u
t s u ŋ f a
w ɔ e e a a f e j u e e k o
m k s w
k o t a a a d a e e
a e l ɔ e e e e
a a n a t e ŋ f a ŋ s ɔ l
b a a w a a i m e e
w ɔ k t s o o e e e
b a a n i m ŋ k w ɔ d
k p w i a k ŋ y e _
h i ɛ ɛ t ŋ g b i e e
j a a k g b e l a s a k m e b i b l a e e e
n u e e
ŋ l ɛ w a k o e e
a l a e d u k o e e
a a s u h ɔ ɔ k
ŋ w ɔ d e e
ɛ m ɔ e a i k o e e
ɛ t ŋ h ɔ ɔ
b a a f u t i a e
o e e b i e k o
a a f e e e
f e a k a ɔ l e e b a a k k o
s u k o e e
a h i s u e e e e
y ɛ k o d ɔ i e
a a ŋ a s u e e e e e
n u k o a k a ŋ f u e e
a j o o e e
ŋ a w k a i k
ŋ l a e e k e e
k i k o a a j i
ŋ ŋ k a i i n e e
p a s a k o
a f a a e e e
b a a ŋ n u ŋ s h w k w ɛ k
ŋ h e g b i f ɔ k
ŋ b ɛ ɛ d ɔ i
ŋ h a f e e k
ŋ a h i b ɛ h e k
ŋ m a y
j u i ɛ k s ɔ s
b a a t a k a k p a ŋ h i
e k f u t u e e e
ŋ j a a k
ɔ e e s ɛ k b a a k e e
a m ɔ y e _ k o
w i a k t e e k ɛ ɛ k o
ŋ k p a ŋ k o e e
a a y a a a f u a a s u e e
j a d a e
b a a ŋ b ɛ ɛ
ŋ s u k g b l a a f ɔ
ŋ l a
k u n i
h a e ŋ n u p e k
ŋ u m ɔ e d u e ŋ f u t
ɔ l y ɛ k o ŋ l e
s u m s ɛ k ŋ t s ɔ
a j i e e
t s i k n e k o f u ŋ f u t y a e e e
ɛ t ɛ k ŋ t e j o e e
ŋ ŋ l a f u d ɔ i k ŋ a e e f u t ŋ t s w
_ n k i j o o e
t ɛ ŋ f e e k o
ŋ e _ h e ŋ t s u s a k
w o y ɛ e ɛ t o s o e
a a g a k a f ɔ l e e
w a a i n e e e e
f e e k
h e e e e e
ŋ l e e e
ŋ a j e
ɔ ɔ e ŋ t s ɛ a a g e e
b a a a n e k
u t u e e e e e e e
a f e s w a b ɔ f l ɔ k i n e _ n k e e
t u e p ɛ t ɛ
a f a k p a s ŋ a k ŋ j a ŋ l e k o
a s a ŋ k p a a j a
a n e e b l k o
a j a ŋ k s e k o a a s u
b a a g b e l ŋ d i
ŋ f e e ŋ m ɔ a f
ŋ a n u ŋ s h
ŋ w i s ŋ d l ɔ k
s a e ŋ j a b ɛ k a n e e e
ŋ y ɛ k o ɛ k o y a
b a a ŋ w t s i k
b a a ŋ s e
f ɔ f l d i k b a a w e e
b a a l ɛ k w i a e
ŋ f u t k o
ŋ ŋ w o a a d u a f a l
b a a l e k o ŋ k w
ŋ s e l
a b o k a i e ɔ i k o
a k o i a e d u k o
a e e
a k p ɛ j o o f a k p ɛ t a a j o
a a l ɛ b ɔ k
a g b i i ɛ a b l ɛ e e
i k i a a d a f e e k s i e e g b i k b a a s e e
j e e a k p e
a b ɛ n e e e e e e
b a a a s h ɔ ɔ e ŋ s ɔ l
a a ŋ a w a e e ŋ m ɔ b a a t w ɛ a h ɔ ɔ e e
ɔ s e b a a j
a a s e b i k o
b a a b l a k h e e
j a a k a b ɛ ɛ p e k e e
e e a t s l ɛ k o
b a a ŋ m a
b e l ŋ b o ɔ ɔ k e e
ŋ g b i ɛ k o e e
s a e ŋ f e e k o
b l a s e k ŋ h ɔ ɔ e e
p e e e s a e
ŋ f l ɔ e o o
n u k o s a k g b l ɛ e e
b a a d u e a a k o
ŋ j o o t ɛ k o e e
a k p e d ɔ i e e
b a a e l e e
b a a u t u e
b a a m g b b ɔ e k o
ŋ k i k o a l ɛ m ŋ j o o
ŋ l ɛ m m ɔ e a s ɔ
a i k o j o e e e
ɔ f l j i e e
n e k o t u k
ŋ g b a a n a ŋ m e e
a a h a ɔ i a f u t e e
f l ɔ ɛ t p a s a w ɛ e e
ɔ ɔ k o e e
b a a a f o ŋ t a a s ɔ k w ɛ a a k t s ɛ
ŋ k p e s i k o k o
m a ŋ k p ɛ
ŋ ŋ d ŋ d n i m e
y ɛ e ŋ d i k e e
a b ɔ p e k o a a l ɛ e e
k i e e a a f e
ŋ a k a i ŋ m ɔ d u
i n b i e k o
f o e b ɔ e l ɛ m k o
l ɔ k e e e
j a a k j u e a m k o
b a a j d i k i
n e a i e s ɛ e e
j o o e a l ɛ m
s w a a
t u k o a a j o h i e e e
l ɛ m ɔ h ɔ ɔ
b a a ŋ l ɛ m m ɔ ɔ ŋ h i
t u k p ɛ t e e
ɔ i k d ɔ i e
b a a f ɔ k k o t
h a k o a w a a d i o s t s ɛ e e e
f o k o m ɔ k e e
b a a ŋ k p e a ŋ j a
h i ɛ k i e k i e e
b a a o o k o t s u e s ɔ s e
f e e e _ n k k o
a a s ɔ
b a a w i a k
b a a l ɛ m ɔ l a k b e l e
f o e e ɛ e ɛ m ɔ
ŋ k w ɛ
o o e e l ɔ k
l e k m ɔ k e e
s ɛ e e ŋ a e k o
l ɔ k o ŋ h e w a e e e e
ŋ f h ɔ ɔ k e e e
ŋ h i ɛ e
b a a h e k n e k o t ɛ
h ɔ ɔ k ŋ n w a a k e e
k a i i a e e b a a b
b a a j u e e a a k o p ɛ t
a t e e e e e e a a n u e e e
n u e a d n e e e e e
b i k ɔ l e k e e e
a n e e t s i e e e
f e e a a f e a s ŋ k a f ɛ t ɛ k e e
a a s u k u k o ŋ t s ɔ k o
a a l ɛ a a b l j i
ŋ f ɔ t s w a e e e
ŋ s e l g b i b a a n e e
i ɛ w i a e e
w ɔ k w a a e e
ŋ ŋ m m k o k o
j a a b i k o g b e l o k u m ɔ a g b l
ŋ m ɔ k ŋ m a ŋ l ɛ
k u n k a i e e e
ɛ t ɛ h e ŋ l ɛ m k o
j u k o a l ɛ ŋ a k k o
a l ɛ d i k b a a n
a s a k y a k i m e t u e e k o
ŋ b o b o k h e
f l ŋ g b l m k o k o
ŋ m e j u e e d ɔ i k
b a a u m e e k o a s ɔ l
b a a k i ŋ k a f n i w ɛ k o t a w ɔ e a a t s
k p ɛ t ɛ m ɔ e w a a e e
e e e e
ŋ k p
f l ŋ b l ɛ a a d i ɛ m ɔ k e e
t a k o k a f a d i k
i ɛ a a ŋ a a d u e e
b a a ɔ f a a t
ɛ m ɔ e
b a a t e e f ɔ e e a a y a
a t e e h ɔ ɔ e e e
a a e _ ŋ s h w e e
u m ɔ ɔ e ŋ m ɔ e k o
k i u m ɔ e
ŋ w ɔ b e ŋ j o o e e
ɔ f a t s ɔ e e
e l e k
h a e ɛ m ɔ e ŋ k p a e e
s u m a a t e k o
n u ŋ a k o e e
b i m ɔ e ŋ j i e
b a a ŋ l ɛ u n i a a y a
j e e e e e
ŋ s u
ŋ a s a s a e e
k p e s ɛ ɔ s o t a e e
m a a e
t a i e ɔ f l ɔ k p a e k o o o k o e e
a t e e k o s h a t s w
ɔ ɔ e e e e
a a t ŋ j o o s ɛ b ɔ e p e k
ŋ m ɔ k
b a a y a k o a t s ɛ t s ɛ m
w a a e k o
h i ɛ k o
a f s ɛ m ɔ w ɔ k o
ɛ m ɔ
s u a g b l l ɛ e a d a k o
k p ɛ t d ɔ
ŋ ɔ s p e e e ŋ n a l a
ŋ f a l a d i b ɔ e
ŋ ŋ w a n i m e
t s i k k w e e
a h i ɛ a s e l
l ɔ j u k o a a b l k o
f u t h e k o a j o e e
ŋ a a t s ŋ f o k a n
t ɛ e ŋ t s ɛ a j i e j e e s a k o e e
b a a b a a w w a k o ŋ f u t
w i s ŋ g b i e e
b l a w o s h e e a a e e e e
j i e k ŋ j a a ŋ k a n a f a l d ɔ i k k o
b ɛ ɛ k
ŋ t s i
a b ɛ ɛ p a s a
a a e t u k o
b a a ŋ f e a d u ɔ k
k o a a f ɔ f l a a f u
t ɛ k o
d i k i
k i e e w ɔ e m e e e e
b ɔ o t a k a i e
ŋ f ɔ f l h ɔ ɔ l ɛ k o
o t a f ɔ e e ŋ j e e
a i n i m k h a k o
d i k i
b a a b i e e
b a a ɛ t ɛ d a k k w ɛ e
a s a e
e _ a t s ɔ e e
i n e k w a k ŋ a k o
ŋ i s h w
i n e k a ŋ a
i n e e a a l ɛ k o
y a k o a g a f a l k o
h e k i k e k a e e e
a n e l ɛ k s u w ɛ k o k o
ŋ w l e a a j
w ɛ e e ŋ w o s ŋ y e _ e e
m ɔ ɔ k
b a a ɛ k p ɛ t ɛ
a l b o k o
b a a m a a a a k
ŋ d i k w ɔ k l ɛ k o e e
ŋ l g b e l e e
t e e e e e
b a a ŋ m ɔ a a e e ŋ m ɔ k
h a k e e
f ɔ l ɔ e e a j a a b a a l w ɛ e e e e e
b a a ŋ k a i h ɔ t s i e
a j o a a d a
b a a a a j i
ŋ p a s a s u
b a a a a f o _ n k
s h d ɔ a a h a w ɛ k
m ɔ e j u k o o k o
i e k a y a a t s u
k i e e e e
w i a d u e e
w ɛ e e b i s o e l e e
ŋ t s w f l ŋ b o k p ɛ ŋ g b ŋ m ɔ e e e
u m
j u e e e e
s i ŋ f o f l ɔ ŋ s u
n k u n
a a ŋ m
ŋ w d u e e e e
l a e ɔ i l ɛ m
k u n i n e
e k o s u k a d a
f ɔ f h e e s w a a e e e
s i n e a f o k e e
a e e k w ɛ k o e e
_ n k k u i n e e e e
ŋ k a f i k e e
ŋ t s w ŋ h i
a s ɔ l b l a e e e
h e k e e e
i e e w i s h w ɔ k o
f a l ɛ m ŋ s u a a h e e e e
ŋ a a j e m ɔ e e
b a a a ŋ m b o e e
ŋ t a ŋ m
b a a e l e k
ɔ s e e a a f e a d i e e
ŋ a k p a y
b a a s s i k o a g b o
ŋ y w ɛ b e l e j e e e
ŋ w a e n i m w ɔ k o a a k a t a e e
a b l ɛ y a e e
y e _ n
ŋ a u t u a y a a t s i e e
u m ɔ e ŋ h ɔ h i j a a e
ŋ s ɔ l a a h e k o
ŋ o s o ŋ m a u k o o k
ŋ e e k ɔ f l a y e i e k
b a a s ɛ m b ɛ ɛ k w ɔ e ɛ t ɛ k
o k a a f e b a a k e e
ŋ g b e a ŋ a h e k o k o
h i ɛ t ɛ e e h ɔ ɔ e e e
b a a ŋ t s ɛ d a k n k u
w ɛ e t e e e e
ɔ i e e e
m k a f e e e e e
b a a a g b o a k p ɛ
a g b i s e p a e e
ŋ k o t a w i s h e e ɔ l e k
a a e e e e
j u k e e
s i e ŋ h a l a a h ɔ e e e
b l ɛ e h a
k p ɛ u m ɔ e k o
ŋ d u f l ɔ e e e e
ŋ b l e e e
g b l a a h a e e e
b a a m a a s ɔ e e
k p ɛ t ɔ ɔ e d ɔ i e
b a a ŋ f u t
w a ŋ f o a a m ɔ e e e
t s i k s ɛ k o
d u e
l ɛ m f o e e e e
k a i e
b a a w i s h b l a e g b e l ŋ f ŋ d i
a a e e a a d e e
ŋ b o ŋ b o e e
j a a e b a t a f a a
b a a ŋ l ɛ m d a e a a b ɔ
f ɔ f s a k o
i s h u m ɔ e a m ɔ e e
m ɔ k o j a y a k
b a a y ɛ k o w ɔ e e
l e k o e e e
ɛ k o a a t a ŋ h e e
j u k s ɛ m ɔ
s w a h ɔ a k a i
ŋ w o s
ŋ a e e n i a j e
s w w a e e t u e e k o
ɔ s e k j u k j a a e e e
b a a e l e e f o e e
a a t s w a
s u k ɔ i e w a e a s ɔ l s e l e i a e e e
b a a a a s ɔ
b a a s o e e a k p e ɛ ɛ k
ɛ ɛ k a a l ɛ e e
n u ɔ d ɔ ŋ n l e e e e e
ŋ ŋ g b e u e e k p e
u t u e ŋ k a
j u k a a s k o
b a a k a i e a b ɛ ɛ
ŋ ŋ k a n a a k o e _
b a a ɛ ɛ a a y a l ɛ k l ɛ k o
e e k o
u t u k m e e s u k o o e ŋ m ɔ ɔ t s u e
a s h
k a i k a l a
ŋ e _ n k f o k a a b l w i s
b a ŋ j o ŋ w o e e
s w a a a a s m k
e l e e b a a ŋ a a h i e e
l a e l e e m ɔ k o e e
h a e e ŋ a k
o o e e a j i
i n e k b l a k k o
ŋ j a a a n u e e
b a a h
ŋ s h
ŋ b ɔ p e s h w i a d u
f l ɔ ɔ f l k a i e
ŋ s ɛ m ɔ f e e e a n e e
i m a t n i m e a a b o
b a a ŋ w i n e
ŋ t e e e e
a h ɔ
m ɔ ɔ k a ŋ a i s e e
h w i e e
ŋ j o o l a k e e
ŋ m a b a a l
ŋ g b o
h ɔ ɔ k u n i
b a a ŋ s ɔ ɔ f l ɔ
u m ɔ s e e s h w i e e
a n e e a i ŋ a k b o i e
h ɔ ɔ a l a k n i m e e e
ŋ s a e e k
a k a ŋ g b e e e
ŋ y a h i k a s e e
i e k ɔ s e e d ɔ i e
b l ɛ n u e e
ŋ b d u k o e e
i ɛ k o a a e e k o
w o s o a i e e e e
a s e l b o w i s e e
l ɔ e j a a e h a k o
t s u e s a e e e e e
d a a f u t
ŋ a k p ɛ
b a a f ɔ e h a e w a e u m ɔ a a j e ŋ a k
b a s h w e e
h ɔ ɔ k e e
k w ɛ e b o k o
ŋ ŋ s e l
ŋ b o t s ɛ k
ŋ y ɛ e b l a
f a a k e e
ŋ h a s u m ɔ w o s k o
a a y j e a d i g b e e
l e k o
a t s ɛ ɔ i e a a s u u n i ŋ a e e
ŋ k o j i e e e e
ɔ k a d i k a a f a k o
p e e e a s ɔ e e
w ɛ e e a a s
f ɔ e e e e
l ɛ k a k a i j e a j i e i m e e a s ɔ
w i s e e e e l e k o e e e
ŋ k a i i n e e k o
b a a k o t a a t e u e ŋ y a e e y ɛ ŋ j ŋ b l ɛ
a a b o e e
a ŋ a b a a d w ɔ
a a ŋ e e
a a h i ŋ s ɛ t ɛ e
t e a a n ŋ a e e e e
a a k o h i ɛ a k e e
ŋ h ɔ
b a a a i a t a
ŋ k w s u k o e e
w o s o e e
b a a l ɔ ɔ e e f u k o
a a m t s u e e e
d u e e a a s u
u t k o o k o
ɛ t ɛ e ŋ j g b l e e
t s ɔ w a a e i a e e e
k o t a t s ɔ p e e e k o
a h a o o k o b a a
a f u t a f o k j u e
a w a a ŋ a k p e k
ŋ a d i k w ɛ e e
b a a a a l a a k o ɔ ɔ e
t ɛ e ŋ s ɔ ŋ k p ɛ a k p e e e
ŋ a e t a e e a a ŋ m e e
a ŋ m ŋ m ɔ ɔ
ɛ ɛ e e e l e e ŋ s e
ŋ b ɔ s e k k o
ɛ ɛ e s w a w i s e e e
b i e i ɛ k o
b a a f ɔ l e k b ɔ k o
b a a w ɛ w ɛ ŋ w ɔ d
e _ n k p e e e e e e
a a s ɔ k o
b a a b l ɛ h i ɛ k
g b e b ɔ k l e k o ɛ t ɛ e l ɛ m a a d a e e e
ŋ g b e
ɔ i k a j i e b l ɛ k k o
o o k b a a f d a k f ɔ e e e e e k o
t a k o s h w i a a k w s i e a a y e p a s a
p ɛ t ɛ ŋ h i e e
a b ɛ b o e e e e
a k a i
f u j o o e
b a a w i s h
i e e l e e s i n
y ɛ e h ɔ ɔ i s h w e e e
m a a ŋ y e _ e e
n k u n s w a a ɔ s e e
ŋ s h w a a k ŋ b o e e
s ɛ m ɔ y a e e t s e e e
a a d a a s u m a a d u
g b o ŋ w o a l e e e
ŋ ŋ h a i e e t s ɛ
f a a
a t e d u k o i k i e e e
ŋ a n t ɛ b a a ŋ f a
l e k k p e e t s i k o
f l ɔ k a h i
ŋ a k o a s u e e
ŋ a a t s ŋ k o t
i k ŋ s e o s o k e e
m a a e d ɔ i k k p ɛ t k o
s i n e a w ɔ d a a d a
m a a
t s i k ŋ f e e
w a k o g b i k e e
k p w ɛ k
a a ŋ o o k o
s w t e j o t e e a e e e
b a a ŋ g b i
j a a s d a e e
d a e ŋ h a f ɔ e e
ŋ b l ɛ o k o
a a j e n u l e k o e e
s a k o e e
b a a n e e
h i e p e k o s i e e e
n i k w ɛ e
ŋ w ɔ d j a a e a a t s
f l b o e
ŋ ŋ a e
b a a d u k o b a a l
ŋ ŋ ŋ m w a k
f u t u l ɛ k o e e
k a f o i a k o b ɛ ɛ
i k o ɔ ɔ k o k o
a j i
h a e u e k o
a t s s a e y ɛ k e e
y ɛ k o h e e p e e e e e
b a a p e k m ɔ k o ŋ t s ɛ
b a a f ɔ e ŋ k
ŋ w a a j i
ŋ t s u ŋ w o s t ɛ e
b a a i ɛ e e i ɛ k o
ŋ f o ŋ w ɔ w ɛ e e a b ɔ e e k o ɔ l s ɔ s
ŋ i a a a w a
i a e e e e
a n e b a a s o s o e e e
b a a a a b o _ n a m ɔ a d
ŋ t s i
a a s h
h i ɛ k o s o k e e
ŋ d i h ɔ
b a a s ɛ k o a a l j u e e
ŋ l a l ɔ ŋ a k e e
b a a ɔ f l ɔ u n i m
b ɛ ɛ e
ŋ s u a g b i e e e
f e e ŋ k a f
ŋ g b i k a a h ɔ
ŋ a t s u ɛ ɛ e e
d i k i a ŋ a
a a y ɛ n i ŋ l ɛ e e e
f ɔ e ŋ ŋ ŋ a e e e e
b i e ŋ ŋ a f o k o e e
ŋ k a n k a e e
ŋ b b i w ɔ k e e
a f e e w ɔ k k o
ŋ k w ŋ m ɔ ɛ e e a e e
ŋ t e f a l a k o
s h a a g
ŋ h a e s e k a f o e t u e e a f ɔ
a a j i w o e e
i k k p a e e
ɔ s e h w a a j e
n i m e a t e a a w o k o
a k a f k i
a m ɔ ŋ k o l e e e e
a b ɔ s u k o k o
d u e e d a e
a j i ŋ l ɛ m t a s ɛ e k o
b a a s w w ɛ k ŋ t s u
k o t b i ŋ d e e e k o
t e e k a l e b a a n a t s u m a a k o
a a d a i e
k i e a w o a a y ɛ k o
s i e e b l ɛ a ŋ a e e
b a a h
s ɛ m t ɛ e e
ŋ m ɔ e e e
d u e e _ n k u a n u e e
a t s ɛ ŋ f e e
k p ɛ h i k i k b e l a ŋ m ɔ f l ɔ
l ɛ e s o e a h ɔ
h e e e a n e k o
ŋ a e h i e e e e
ŋ a a m ɔ
ŋ j o t s ɛ e k a f o e e
b l ɛ e u m ɔ e e e
k w f ɔ e e
a a l ɛ
a l a a n e e e e
w i a j o n u k a a a s h w l e e l ɔ e
b ɛ ɛ y a a s h a a l a e e
ŋ b i e a g b o
b a a m k a t a
b i e e e e
s e l e
ŋ m ɔ k i s s a e e
t a e ɔ i k o e e
ŋ u n t s u
h w ɔ d ɔ e e e
ŋ s ɔ l
a g b i
ɛ k o a d a e e
u m ɔ e e e
ŋ n e k h ɔ ɔ b a a s
b a a ɛ t a a l ɛ m ɔ
f a l a
k a i k k o
ɔ d ɔ p a e e e e e e
j u e e a s h w e e
n u k
ɔ ɔ w i s f ɔ k o e e
s o k ŋ d ŋ n u k o
a k a n k w ɛ e
a b b a a g l ɔ
o t a k i n e f o
k i w a h w i s l e e e k o
ŋ s e l ŋ a k ŋ j i e
w ɛ e e a j a ɔ i k t s ɛ m e e
a h ɔ ɔ e e e
s w a l e ŋ j e a k p ɛ
o t a f a k a f o ŋ j e o k o
a s a k
a a y d u a a w a
h e k o
u t u k a a s ɔ e e
ŋ a a w i s
i e k d i b i e e e e
s a k e e
l ɛ m ɔ
s ɔ l e
b o k f e ɛ e e u m ɔ e e
d ɔ i e ŋ t s ɛ s i
s u m ɔ a a y a p e k
ŋ b ɔ e e
i ɛ b a a h l ɛ m ɔ
a t m ɔ e
h a k o e e
a f a ɔ d
b a a l n e k f l ɔ e e
t s ɛ m i m e e k o
ŋ ɔ s e k
ɛ m ɔ k a j a a ŋ s ɔ l e e e
b a a ŋ ŋ m ɔ i e e e i s a w o ŋ l a f u t u
i k ŋ k a n
ɔ k k p k o a a ŋ m e e
h i k o a n e k e e
ɔ l e k l ɛ m w ɔ d k o
ɔ s e e ŋ g b o
ŋ e e e a f e a f a
ŋ g b s e l e n i m e e
ŋ y e _ ɔ i k o p e e e j u e e e
n i m k s o e e
ŋ k p e j u t s ɛ k a f o
ŋ s ɔ l e e
ŋ ŋ a k o b a a m a h i ɛ o o e w ɔ i m e e
a a j a a a w t a k o e e
ŋ t s u e j i u t u
b a a ɔ i u k
o o l ɔ k d ɔ i e e
ŋ s o k ŋ a k o ɛ m ɔ
b a a f e a y e _ ɔ k a w ɔ d o s o k a i e
ŋ h i ɛ b i o s o e e e
a a b o
l ɔ k o l a k e e
ŋ a k p n i m
s ɛ e a a b ɔ e e
ŋ j e a a f o ŋ k a n e e
t ɛ k o f l ɔ e k o
e e k a y a w a e e
b a a ɛ ɛ k a a n u o t a
ŋ k a n ŋ s ɔ l a b ɛ ɛ
ŋ a t a b l a d u e e
i s h w s h w e e
b i f a l a a b l
ɔ ɔ ŋ j a a j e e e
ŋ i m e e ŋ f u t
ŋ a f ɔ w ɔ d
ŋ a f e m e ɛ t ɛ k a i e a a y k a i e
k o a a s ŋ h e ŋ s e
s e e a l
ŋ b l a w ɔ
s u m ɛ t
w a a a g b o a y ɛ
a s e ŋ a k o
ŋ a j i e s w a w ɛ e
s ɛ m _ n k u p a s e e
u e e a a ŋ m
s w d i k i k o
ɔ e e t s i n ɛ m ŋ t s u ŋ k a
ŋ j a k o
a j a w ɔ ɛ e e e
ŋ ŋ m a k i k o j u e d ɔ i l ɔ k o
ŋ h e b i a w ɔ h i k o ɔ d ɔ i t ɛ e e e e
ŋ n i m k d i k i
b a a b ɔ e ŋ w a a a d a ŋ k a m ɔ ɔ k
b a a ŋ k w ɛ
m ɔ ɔ k k o
l ɛ e b a a s ɔ l e e
ŋ s a k ŋ f e e
a s e a f a a e e
ŋ a a g b ŋ m ɔ ɔ s u k a s e l
ŋ m a a k o
w ɛ k g b l l ɔ e
f l ɔ k a j a a
ŋ h w i s
ŋ ŋ f e e h w i
ŋ k w ɛ l a k o
a s h
b a a u t u k
m k a t a a a y k i h a a h i ɛ a a k o e e
b a a i n ŋ d l ɔ k o a a y
o e e ŋ k a n e e
s e l ŋ j a e e
n e b l ɛ s u e e a k p a b l a e k o
t a ŋ g
k i e a k a f ɔ f h i
a j i h i e e ŋ k o t e e
a s h w b e a a s ɔ a w ɔ d h e k o e e e
a a w o ɛ ɛ t e e e e
a k o t
i e ŋ t s ɔ e e e
ŋ s h o t a e
b a a ŋ f e e a a b ɔ ŋ m
ŋ f a d i k e e
ŋ y ɛ i k o
ŋ a t s ɛ t a k t u k o
a a n u
ŋ e e e a a s e m ɔ e e
b a a ŋ t s u a l a k ŋ j u
ŋ k o t a i k
j o o k a f ɔ f
i e k o
a a t s e e
a h ɔ
e _ n k l e k o
ŋ h a w a e i m ŋ t e e e e e
a g b o a f o k e e
ɛ e e w a a e
u t ŋ h ɔ a i h e e k o
s u e e s w a a
u m ɔ
a y a a d a w o s o e e
h w t e e e e
b a a d u e ŋ f o w ɛ e e a b o a a h a
ŋ l a e e
a k p e i ɛ y ɛ e
a k a k i e e s i
b a a ŋ w o s
a w ɔ w i a a w ɔ k o
b a a ɔ ɔ k y ɛ e e w i
e _ a l s e l k o
b a a b l a e s ɛ e t u e
b a a l a e a k a
k a n k o
a i a f e e t s i k
u t ɔ s k u n i s i n e s h w i
i s h w ŋ ŋ m u m ŋ g b e a g b o
b l a e l a k t s e e
ɛ t f ɔ f ɔ i k o e e
t ɛ k t s w ŋ l e s e e
b a a o o a a b l
h a e e
ŋ s a a s e e e
ŋ s u m
b l a s ɔ l f ɔ f l e e e
a m ɔ
p a s f a a e ɛ t ɛ s ɔ l e
ŋ a w ɔ s ɛ k o
b a a d f ɔ k
ŋ ŋ j a m ɔ e e
s i k h a e k i e
ɛ ɛ e e w ɛ e e e
ɔ ɔ e e
ŋ a a f ɔ ŋ m ɔ ɔ
a y e _ s ɔ l e e e
a a d u ŋ j i ŋ k o ɛ m a a m ɔ b a a
a l ɛ y e _ ɔ i h e e
k w ɛ k e e
ŋ ŋ g b l
s ɔ l l e k a d i t u k o e e
a a b ɛ ŋ m ɔ t ɛ k o
b a a k i k o ŋ j u j u k o
k i e a s e l b l
k o t s u k k o
p e e e m a a k k o
n k u n p a s a a t e
w o ŋ h i ŋ t s w
ŋ l a a y e _ e e
ɔ ɔ e e b l a k e e
ŋ f ɔ ŋ w ɔ d e e
b a a s o k ŋ k o f u t
a l e ŋ l a a e e e e
m a b a a h h a e e
a j e e e
a a t s h a k t s ɔ
a s u m t a e e a a f e s o e e p ɛ t i k e e
ŋ s ɔ i e e a f o a g b l k o
a a h a s i k o b o e e e
a t s i a a h ɔ
ŋ j b ɛ ɛ k
ŋ y e _ a a n
k w ɛ e
f ɔ k n e e e e
s u e k o
ŋ b i e
ŋ ŋ a e a j a a
ŋ j a s i n n k
s e k o ɔ ɔ k f l ɔ e e
t s u a b s ɔ l ŋ ŋ m ɔ o s ŋ s ɔ l k w ɛ e
b a a t s u m ɔ ɔ a a b l
b a a b a a t w ɛ k o s i
n u e e ŋ k p ɛ h e e e e e
ŋ a w o i ɛ ŋ s e ŋ j o
j a a e n k s o e e e e
ŋ l e k o ɛ t ɛ u e e
ɔ k o ŋ f e
ŋ s u d a e e ŋ f u t
a f o e e e e
f a l a k o
ɔ i k o t s w a a k a i
b ɛ ɛ k a a d u e e
ŋ f e e ɛ t ɛ
ŋ s u m j a ŋ m ɔ k
a s ɔ l ɛ ɛ k o e e
ŋ a w ɔ j a a
w a k o e e
ŋ u m ɔ ɔ s e k o s o e
a a e e h w
ŋ f ɔ k a j e
a f a a ŋ j a a k o
s i e _ n k u ŋ k p e
s ɔ l e a a w t s ɛ
a k f ɔ f u t ɔ l e e e
ŋ t ɛ e a k w s i e a a d a h e ŋ h i ɛ ŋ d i
ŋ a a ŋ m ɛ m ɔ b l ɛ k
s a k e e
b ɛ ɛ k s i e e h ɔ ɔ e e
a g b ɔ f l ɔ
ŋ o t a k m ɔ ɔ g b o e t e e k a b s u k
d u k l a u t u k k o
f ɔ k o ŋ t s s u e e e
i ɛ e h w i a t a ŋ m a e e
ŋ b a a s p a g b l ɛ a a l a d u e e
b a a w ŋ ŋ a i s h w a a w ɔ n e k o e e
ŋ j o b o e e e _ n
t s ɛ m l a e e
ŋ f a a a h e
o s o
f u t u h e e ŋ t s w
a a f ɔ e e
ɛ t f a a k a f k o
ɔ i e e u m e e
b a a s e e
e e k e e
u m ɔ e a m ɔ
ŋ f o b a a f k o
a a w a k p a s j a a
s o k e e e
b a a u n i i ɛ u m ɔ e
ɔ ɔ k o ŋ b o e e
s i e j u k i s ŋ g b e
a a h k o
ŋ t s ɛ ŋ k p e k w ɛ k k o
ŋ u n i p e k o
ŋ l u n e e
f ɔ k o
l a k s h w
a a f u i m k o p a s a k o
a f u a a t a
a j i k w ɛ k
ŋ t u e g b o e
b a a a n e k
a i k w i a e e
b a a ŋ m h i ɛ k
b a a b i s h
b a a h ɔ ɔ e a l a t ɛ e e
j u k ŋ s h s e f a
ŋ a e f ɔ f
s u a f ɔ e e
k w s w a ɔ i k e e
ɔ f l e e e
s ɔ s l ɛ k i ɛ e e k k o
f u t k p a a k n i m e
ŋ s ɔ e e
w i a k j a l e e e e e
m a a ɛ t ɛ
ŋ d u e e
a g b e e e
d i k i s w a
s i e e
f e e a ŋ m ɔ ɔ i k o
ɔ ɔ a a n u h i ɛ k
ŋ j a a y e _ s ɛ k o ŋ f u t t ɛ e e k o
b a a w a a y a a n e
ŋ f o a b a t e e
ɛ m e e
b a a d u b ɔ
a d d ɔ i e ŋ b e e e
o s o k a a h i t s w
e e k o ŋ j u e e
ŋ w ɛ e e
f ɔ k o a a g a j i
ŋ a e i n e e
ŋ h i ɛ k o
a b l ɛ a a b o e e
w i a p e e e
d ɔ i k a h ɔ ɔ ŋ l ŋ d a a a e e
b e l e e e
ŋ ɔ l e a i k o
a n e a a t e e e
b l ɛ k i k e e e
ŋ s e k o k a n e
ŋ g b a a y ɛ o s e e
ŋ s u m e e e
a a h e e e
b a a ɔ ɔ k d a e e ɛ m ɔ
ŋ a y ɔ l e
a a k o o k o i e k n i l e e e a e ŋ w o
o e e ŋ w ɔ d e e
a s u ŋ d u f l ɔ
j a a e
i s h w l a e k p a s
y a a f o ɔ i y a k o k o
h i e e
u t u o s ŋ t s ɔ
w i t a e ŋ b ɛ k o
d ɔ ŋ k a
a a d a
ŋ j i e e s h w
w a k o h ɔ ɔ k e _ n k
b a a ŋ s u a f o k
s ɔ l e j u k o ŋ k o
b a a ŋ d a u m s ɔ s
n u k o a l ɛ i ɛ e i m e e ŋ d s ɛ m ɔ e e
k w ɛ s e a d u
f u a y a
a a w o b ɔ h w i
ŋ a i a k ŋ m a e e
b a a a a w g b
a j i
n e s ɛ k e e
k p a y a e e i e e k o
h a k o a s h w
e e e a a h ɔ k o
b a a t s ɛ a ŋ m ɔ f ɔ f l a k w ɛ s ɛ m ɔ
t e d a k o o e e e
a a j e g b l
t s ɛ m k i k o a a w ɔ
a k w l e e
ɔ d ɔ i n e i n e e
ŋ d a f ɔ e e ŋ h a
b a a t a t s ɛ e e
a h i b a a k k u n e e
h ɔ ɔ k ŋ ŋ m a ŋ m ɔ k ŋ f a l e e e
b ɛ ɛ k a ŋ m e e
ŋ i m e e a a h e
b a a ŋ h ɔ j o o a b ɛ
b a a f o k o u m ɔ e a b ɛ i m e
b a a d a k o a d ŋ h i
b a a d b ɛ ɛ k s i e
b a a a s a k t s i k
b o e e a g b k o
i k o a b l ɛ s i e e e e
b a a a a k p e k o h e e e
a s ɔ e e
w i a k e l ɔ ɔ e e
t s w
s u l a e e
ŋ a j a
a k p a b l ɛ k
l e e e f ɔ e e e e
k a f o a a s h
l ɛ m ɔ a h e e
ŋ s e ŋ k o t a h i ɛ
w o s
s ɔ l e e e e
m ɔ ɔ k p ɛ a i k
a a y e l ɛ e ŋ j u
s i h e e i m k o e e
a k a f g b o e e e
k a i ɔ d ɔ i e e
b a a w ɔ k h ɔ ɔ e a h a i n e k
a a y e ŋ w ɔ d
s u a a j e
e k o ŋ m ɔ g b o k
b a a m a l a e e e
s ɔ l e ŋ t s ɔ
ŋ m ɔ k d u e e e
b a a ŋ f m ɔ e e d ɔ i f ɔ k
b a a a y e ŋ f o b a a k
a j o j i y ɛ ŋ j i e k o
b a a o s o e
a k p e k o
a a y e k o
ŋ h i i s h w
ŋ s h w a t s i k p a a l t s ɛ m
ŋ ŋ d u a k o
a d a l e b e g b l ɛ
h w i s k o
t s u k ŋ t s ɔ m a a k e e
b a a t a e e
b a a j a u n i m a i k o
m ɔ e k o t u m e e
b a a k e e
b a a s i e e ŋ ŋ
b a s ɔ l e k o
ŋ s ɔ s s i e m ɔ ɔ
u m ɔ e a s u m e e e
f a a b a a g k o
b a a d u ŋ h i ɛ
j i s i n e
ŋ s o k o
b a a h e e e
ŋ h i ɛ n e k o e e
i ɛ e e f ɔ k
b a a a h a d u k ɔ d ɔ i
b a a a a k w
a d u d u a k o i s e e
a a f a e e
a s u o e e
ŋ t s w ŋ m ɔ a b ɛ ɛ
b a a b a a g b ɔ k
a a m u t u e ŋ b ɛ
b a a t s w a s u m m ɔ ɔ e
m a a k ɛ e e k o
a b l
s a e a t e e k o
ŋ n u e e ŋ m ɔ ɔ
a i e a a l e e k o a d u e e
b e l w i a e
a f o k a n e
ŋ a a d a
p e k f o e e e e
a s ɔ l a a f a g b l k o
ɛ t ɛ o t a e p a s a e e
a h i f o e e k p a s
u t a l ɛ m ɔ s e e k o
ŋ h l ɔ k w ɔ e e
ŋ k o e e
b a a w i a ŋ w ŋ m ɔ k
b a a ŋ h a ŋ ŋ k p e
ŋ i m e e a n e k
b i a a s ɔ j a a e e e
t ɛ k o ŋ t s i ŋ d i e e
ŋ ɛ t ɛ ɔ e m ɔ
f a i k
ŋ j u n u e h i e e e e e
ŋ m a w a k o
b a a y d u e e e
h e e e a f a a b ɔ e e e e
b a a d i a ŋ m ɔ u m ɔ e
ŋ w ɔ d a k w j u k o
a a m ŋ j o e e
y a e e ŋ s ɔ e e
m ɔ ɔ e
b a a u k o h i k ŋ f o
ŋ m a t s s a k o e e
f a a a i e e e e
n e a a s ŋ f a a ɛ m ɔ e e
ŋ a i k o y e _ n
ŋ h a i a e e ɛ t m k p e k o k o
ŋ t s i ɔ ɔ k ŋ h ɔ ɔ a y
a a g ŋ j a s a e e
b a a h w i s ŋ t s ɛ
a a w a e e
_ n k u b ɔ e e ŋ j i e k o
ŋ b k o t a f a k a i
b a a a m ɔ b a
o t a k e e e
ŋ _ n ŋ s ɔ b e k a n e
ŋ g ŋ g b l
w ɛ ŋ n u t ɛ k a w a ɔ ɔ e
a d u a l a t s u
s ɔ l j o p ɛ t a a f k o
s w a a a d u e e
a y e l ɛ k o s e k o
w i d ɔ i k
a i h i a j a e e
s u e e
ŋ d u e e
ɛ ɛ e a l ɛ m
i k o a k p e e e
t u k o ŋ k a s h w e e
ɔ i k o a a s h a s e
l e k o s u e e w o s o e e
u t u s e i n e a a b ɔ e e
a i e f a y ɛ e e e
ŋ l ɛ m j a a
h w t s i e ŋ k o
j a a e ŋ y e
ŋ g b e l ŋ g b i
k a f o k a n e e
ŋ a h ɔ ɔ
k p k i e e
e e k o k o
ŋ y e _ ŋ f a l
b a a a j a a
b a a s f o k o k o
f ɔ k d ɔ i e
a g b ŋ t s u k o
ŋ ŋ h e
b a a ɛ ɛ e e a b ɔ b ɔ
a h ɔ ɔ k p ɛ
s w ɔ s
t u ɛ t ɛ k
b a a t ɛ e a a f o
u e e a s a e
g b i d a k o e e
f o k o e e
b a a m a a y a k o s ɛ m ɔ
b a a b l ɛ e w a a e h i k o a y d u e
ŋ k a n a a b a a b
a j u e s e l e s a
b a a ŋ
a i k o ŋ b ɛ ɛ a a b o e e
b a a t s u k ŋ h
b a a t a k e e k t u k
a a f o h i k l e e e ɔ ɔ e e p e k o
k a i k e e
t e e e s i n e e
ŋ a s h t e e e b l a
ŋ s e b o f a a k a w o s s i n e
k p a s t s i n e e e
t s ɛ e k i a s k o
b a a l e a d i
a s a k j a ŋ t s ɛ e e
h i e a s e e e e
ŋ h i ɛ ŋ a k o
b a a a w a d i k
ŋ h a p e a t i e
a k p e s e e e e e
a j t ɛ e e s o e o t a k
w o s ɔ d t s u k
ŋ t ɛ e e a g b i f o e s u e i n e e ŋ b l
w ɔ e
ŋ i a e f a l a
b a a t ɛ k o k o t
ŋ ŋ h i ɛ a h e a k o t a n e k
ŋ f a l a t s ɛ m a k a f
b o k o e l e e i s h i ɛ k p e k ŋ h ɔ
i ɛ k o ŋ a k o
a a h e u t u a f ɔ f
a f u a a m ɔ a g b
ŋ f e e
t s b o k e e
ŋ m ŋ m a a a k p e e
d i l ɛ e e
s u m ɔ a l ɛ m t s ɔ e e e
y e _ n e e e e e
ŋ g b o e e
ŋ s w f u
b a a w ɛ k
ŋ n u t ɛ e e w i a e e e
b o k o n e a a y e
ŋ d u ŋ l e a a b ɔ f l e e
b a a a a t y ɛ e a a l ɛ
ŋ s ɔ l a k o f l
ŋ b o m a a e e e
d u e a y a j a ŋ f ɔ f e e
e l e k w a e e e e e
ŋ ɔ i e e
b a a e e k i a i s ŋ a e t s ɔ s m ɔ e e
ŋ s ɛ e e m ɔ ŋ l
i m e a j n i m
b ɔ g b l k p a a g w ɔ d ɔ e e e
ɔ i e e e e
_ n k u f e e e l ɔ e e a s e l e e
t s ɛ m e k o u t u k
ŋ a a s e ŋ f ɔ f k o t a
b e l e e e
a a h a k u i a e
ɔ d ɔ i
b a a ŋ t s b ɔ e e
ŋ f l ɔ d a e e
a e ŋ ŋ m a ŋ a e e
f l j u k d i f l ɔ f e e k o
f ɔ k o d u e e e e e
a l ɔ i k a a j o e e e
k o t a a l ɛ h a e k o
j i e k d a s o
ŋ b a j i e
b a a k a n e d ɔ a j i
b ɛ ɛ e e _ n k
a a w ŋ ŋ m ɔ
ŋ j o ŋ f e e e e
a f e e s e e e e e
b a a f ɔ f ŋ h e a t s ɔ y ɛ m ɔ k o b a a
a s a e ŋ t s ɔ ɔ e e
ŋ a j n u ŋ k p
ŋ b i k s ɔ l m a a e
h i k o ŋ a e
ɛ ɛ k g b e l
a w u m ɔ e e
a l ɛ a j a a e e
a b ŋ j o o b a a s e e
ŋ j o i e k o k o
ŋ b ɛ ɛ ŋ s h o t a e
s a a d a ŋ t e e j o
g b l ɛ ŋ b o n e e k o
a a n ŋ s u
a k p a
i e k b a a ŋ p e a f u e e
a a l e
ŋ t e ɔ k o e e
o k o h i k
u k ŋ a k o
b a a w ɔ d ɔ a f e e l e k o b o k o
a f a a a a t e e e
i k i e f ɔ k
b a a s
ŋ i a k ɔ ɔ k k i s i k w ɛ e e y e _
ŋ l ɔ s u m m ɔ ɔ k
ŋ k a n ŋ j u k o
w ɔ n i a k p e o o k e e
a d i k o
l e s i e d u k k o
a a f b ɛ ɛ k b i e e k o
e l e l a e
m ɔ ɔ e ŋ s e l e e
b l a k a k p e a k a f k o
ŋ h i ɛ e a f o k a s
ŋ j u k o s o e a j
ŋ a a e a a j i
a w o k w ɛ e k w ɛ
b a a l a e e
a j i e o o a t e e
o t a e
o s l ɔ e _ n k u k o
a t g b o e e e
a y a w ɔ k o h i e e e e
w ɛ k ŋ t a
b a a a a b l ŋ y a
ŋ k a a k w a a n
ŋ w ɔ d a a n u e e
ŋ k ɛ ɛ k ŋ b ɔ a k m ɔ ɔ k a h i ɛ e e
b a a y a f a l
e e k o i k i k a s ɔ ŋ w ɔ
d a k o
f a a k a l e l e e ŋ y e _ l e k
a t s ɔ s ɔ l e e e
ŋ b a a l
s a ŋ y e _ ŋ l b l ɛ k m ɔ e e e
a a ŋ a e e
a t e u k o w a e
a s e w a k o
i e k a k p a a h ɔ e e
a a a a t e ɔ ɔ e e e e e
n k u j u k t s ɔ a a n a s a e o k o
w ɔ k ŋ d a e _ n k
ɔ i k o e e
j u e o o e ŋ b o i m
a a s f a a k
ɔ s a t s e e e
ŋ y ɛ ŋ h i k o
ŋ m ɔ e e
d ɔ i e
t ɛ k w ɛ e k o
p e e
ŋ ŋ m ɔ e e
a y ɛ a a h i
i m e t s w b a a g e e e
ŋ u k b a a g a a ŋ m
i a a a h i e e
b a a t l e k o h a e e
a t s ɛ ŋ s a h i ɛ g b e ŋ g b l
h a e e ŋ b ɛ ɛ
a i e e h w i s w a k b i k o
g b l b ɛ b ɛ a d a k o
a i e e g b e e e
b a a g ɛ t ɛ
i e k o e e
o o k o f l ɔ
t a a d i ɔ s e e
s a e e n e e e
ŋ a a k a h i e
s a e e f l ɔ
a a b k a w i a e u n a t s i a a b ɛ
ŋ b ɛ ɛ t ɛ k i e k o e e e
ɛ m a b ɛ ɛ
b a a u k ɔ f w o s a i k e l e k
a a l a a g b o
ŋ a g b e t a s u k o
t s ɔ w a k e e
i a e t u e e k o
ŋ ŋ a a s u m ɔ e e k o
s h w i a a a g b e e
a h a k a i j a a e e
a f ɔ f e e
a a w e e
j o o e w o b a a d e e
a i e a a w a a a m ɔ e e
s w s e k l a
b a a j i b a a h
i ɛ e a m
b a a a s ɔ l p e e e
b a a a s m a s a
s i k a a s h y ɛ e e e e
o s a s a e e e
y a e e a n e k o
s i k o w i a e a a y e
t u e e s w a a
ŋ ŋ t s w
s i a y ɛ a w ɔ
ŋ ŋ m a k a f ɔ f k o
ŋ h i e e
n i a k w ɛ k o
b a a ŋ a e k a f o
s u e ŋ g b ŋ h i ɛ e e
w ɔ e e ŋ b l ɛ e e
g b l a e ɛ ɛ k e e
a k o k o
d ɔ i k ɛ e e a j a a
b a a a m j u k o b ɔ k
ŋ a a h
ŋ y a a k a f e e e
b ɛ ɛ e e
a h i ɛ a g b o e e
a j i
f ɔ k ɔ i e a w ɔ d a j i e l a k o e e
a y e t ɛ k
b a a i ɛ e k w ɛ w a e a f ɔ s ɛ m j a a o s o
h e e e t s w e e
ŋ k p a i m ŋ a w i a k e e
b a a a a b e l ŋ h i ŋ l e
b a a h w i s o t a e
ɔ d a a f a ŋ j i e e
e k o j e k o t a e e e e
a a j ɔ k e e
i e e e t s i n e e
a k o i m ŋ k e e e
b a a a s a a m ɔ e e
f e e k b a a d
ŋ w o s o
e l e f o k t e e e e e
b a a ɔ i a a w o
n e e f l ɔ e e e
a b k o
ŋ j d a e e b ɛ a a y ɛ e e
ŋ m ɔ ɔ o e a f ɔ f k o
n u k o ŋ t s ɛ d a e e
ŋ h ɔ ɔ b a a ŋ
b a a b l ɛ a s u m h ɔ ɔ
k i e a i e
ŋ g b l t e e k
j e e e e
ŋ a k a y g b i e e
t s u h w e e
ŋ ŋ j u a ŋ o t
ŋ b l ɛ h i ɛ e
ŋ h i k e e e t ɛ e u e
ŋ t s w s e l e t s ɛ
b l a e l e y ɛ e o k o
s ɔ s s ɔ l i m k o a h u e e n i a s e e e
ŋ s i n ɔ l ŋ m ɔ
b a a b i e b e l e
l e e e a f
ŋ j a p e k o e e
ŋ s a
_ n k ŋ y ɛ s u m ɔ
b a a s u m
a a w o w a e e e
s ɛ e e t s ɛ e a a t a t s w ŋ k p e e e e
a i e a n b o k e e
b a a j i ɔ k o o o b a
i ɛ k a n e e a a j e
b ɔ e e l e a a b o e e e
m ɔ e e m ɔ ɔ k a s ɔ l e e
ŋ y ɛ k o
t s i k a j e e e
b a a a l a k
b a a m k o b a a n
a n e k ŋ j i e
a ŋ b a a f a a w o
b e a b l ɛ a h i ɛ
g b i e i e e e
b l ɛ k e e
m ɔ e ŋ k p ɛ e e
t e e j o ŋ f ɔ f
a s h k o t a l ɛ m
a a j o e e
b e l f a a e a h ɔ e e e
ŋ ŋ d i l ɔ k o
d i k i f l ɔ e e e
a a d e k o
e e k o e e
i e k o i ɛ k o o o e e e
b a a f o e a a y e ɛ t ɛ
s u l ɛ k o w a
o e ŋ m m a a e n k u e e
a s e l j u e e
b ɔ k ɛ ɛ e e ŋ ŋ
f ɔ e e
j i ŋ l ɛ m ɔ e e e
f l ɛ m ɔ k
a d u i a e e
g b e l ŋ m e e
a a e e d a k o s i k e e
w o w a k o e e
i m e e l ɛ
j e e e h i e e
ŋ t s ɛ i e e e
e l e k y ɛ e k o k o
s a e ŋ a e l e k o e e
f o k o y ɛ e e
l e k o a j e a b l ɔ e e
s o k o h a e e e
y a e e e e
b a a ŋ b o
a a t s ŋ g b e
ŋ b ɔ o s o e f u t
f o k o y ɛ s h n u k o
y a t ɛ e ɔ e ŋ b d u e e e e
ŋ w a k o f u t b i k o
i ɛ f e j o o k a s a e
b a a ŋ f e o s o k n u k
a h ɔ ɔ h w s u m e e
ŋ s u k p e a l i ɛ k
b a a ŋ f u s i e e w ɔ e
ŋ ŋ j t e s u e e
t s u k e e
ŋ i n ɔ ɔ k a a j i
s u k a k a a a y a
k a n e e e
ŋ g b e a n e e k o
a a ŋ a i s h g b e
f l ɔ w ɔ k o e e
l ɔ e ŋ b l e e
ŋ f a l a t s w e e
ŋ t s ɛ a k o k a n
a f a ɛ ɛ e i a k a s i ɛ e
ŋ ŋ m a ŋ k a f
m a a e a y f e e
a ŋ a n e e k o
a a s a a t a
e l e e a a f ɔ a a y e
l a k o
a k w ɛ a a h i k o
u t y e a a s ɔ
a l ŋ w a a a y e e
ŋ b ɔ e ŋ g b m ɔ e e
e e e e ŋ d i k
s o k a d i k e e
b a a a t e e a k a f
b i k o a y e _
a a y a y a e e ɛ ɛ e
f o e ɛ ɛ k ɔ d ɔ
l ɔ e e a n e e
ŋ l e ŋ ŋ a y a p e e e
k a n e d ɔ i e e
ŋ h ɔ
b a a l a k o j o o k
i a e a a t s j u w ɔ k o ɔ ɔ e e s o e e
a a e e a f o e e k
a y ɛ ɔ e e p ɛ
a n u ɔ ɔ e e t s u e e e
p a s b i k ɔ i i n e _ n k e e
u e t s ɔ s i n e t s u e e e
ɔ i k o e e
b i k o a k a i ŋ s e l
a a f ɔ t a k e e e
ɛ ɛ e e a d i
w ɔ k o y ɛ k a k w n u e e
ŋ k w ɛ b a a g ŋ ŋ m a e e
s i k o a l a
a a s ŋ k a f o t a k
n i b i e e a a s h e e
b a a b o a t a b a a i ɛ e e
o s o k a a ŋ h a e e e e
ɔ i k o a f e e
u e f o k o e e
a a y m a a k
ŋ s u
t s ɔ s w a a e e
b a a ŋ m ɔ ɔ a s f o e
o e e l ɛ s ɔ a a y e
j u e e
ŋ g b l l ɛ m e e
ɔ ɔ t e e e
a i e e a j i e
a l a e a f e e ŋ m
b a a t s u a i k l ɔ
ŋ h a l a e ŋ w ɔ
h a e n i m k a a b
g b o e f a a k k o
ɔ l e k a a f a a ŋ
m e e k i e k a f o k o
b a a b
a j e e e
e l e k a d i h e e
ŋ h ɔ w i a k k o
u m t u h i ɛ e e
ŋ l ɔ k b a a k s u k
o o e e ŋ a e u m ɔ e
ŋ m a a j o e e e
ŋ j a a k k w ɛ k
h w ŋ k a i m ɔ ɔ e e e
a ŋ a n e e e e
t e e e d u k o ŋ a e
a a h a h i e e
ŋ a b o t u k o ŋ f u t
b a a i n e a k p e a s u m m ɔ ɔ e
ŋ b o i n e k ŋ ŋ m a
a a j u j o o e
ŋ b i k ŋ h e a j i
ŋ j a l e d a e k o
i e e e a n u i s e e
ŋ i m e e a f o i n e e
f u t t ɛ k
j i ŋ m a h e k o e e
t s ɛ k l ɔ k o a a m ɔ e e
a e ŋ w a g b l ɛ y ɛ k o e e
ŋ m a ɔ l e k k o t a e e
b a a b a a
t s w k a i o s o e
w ɔ e e e
b a a w ɛ e b a a t
ŋ j o o k
ŋ l e e u m ɔ k k p ɛ t
s e l e ŋ ŋ m
a a s h a h
o t a e
s ɔ s a j e a d f a k o
b a a ŋ s u m d u e
ŋ ɔ f l ɔ
a a d a b o k e e
b o k o s ɔ e e
i e k o k ɛ k e e
h ɔ ɔ e f e e e
t s w k a f o
b l d u s w a a t a e e e
p e e s a e ŋ j a e e
b a a b ɛ p e e e a a
ŋ j e e g b e l b o k o
u t b ɛ ɛ k e e
w o s ɛ k k o
s u k
a y ɛ h a e e ŋ h ɔ ɔ
ŋ s h s o e ŋ g b f l ɔ a y a f ɔ e e e
ŋ f b i f u l ɔ e h a e
a f o f ɔ b ɛ ɛ k
s w l e e e y ɛ k o
a f a l
ŋ a e ŋ y e
ŋ k a f ŋ h a a w ɔ
a a j b ɔ a f o e e e
d i k i
s ɛ m a a g b l ɛ m ɔ e e e
a k a n y a w ɔ d ɔ e e
a a f o j u k i m k e e
y ɛ e s o k a a b l
t e e k s e o s o k
b l a a a j i e e
b a a t e e k
a j u b l a e a a h e e e
ŋ w ɔ d ŋ k w ɛ a g b o e e
b a a b e s e l e w i a
h i e e l e k h a k e e
b a a ŋ f a t ŋ l ɛ ɔ k o
ɔ ɔ e e
l e e e e e e
k o b l a e k o
s i n e e e
t s ɔ n i b l ŋ ŋ j a a e e
b a a t j u k o e e
f e b a a b
b a a g b b e l e
ŋ j o o k o
a a j e f ɔ f l b a e e
e e k o g b l a e e
t e e e a f a ɔ k o
a a w o e e
y a e e e e
a a d i ŋ a e k o
f a a e a w a e e
h i e e ŋ t s ɛ ɛ t b a a m e e e
ŋ f e ŋ k a n
ŋ y e _ n e k
s w a t s w
ɛ m ɔ e ŋ t s ɔ w a a k
ŋ s ɔ l e e
a h ɔ ɔ a a j ŋ s e l e e
b a a a t s w
b a a j e e
b a a n k b ɔ e s o e e m ɔ e a f a a
b a a j
ŋ g b i i a y ɛ k o h w i s
f ɔ f l e e e
f e e e t e e t ɛ e k k o
ŋ i e o k o i k w ɔ k o b o k o
i ɛ e s h w a t s
b a a s e l a w o s ŋ t s u
n u k ŋ k p ɛ t a e
m ɔ ɔ k s u m ɔ e e e
b ɔ k o a ŋ m a
t ɛ a a l ɛ a f o e k o
b a a b l ɛ k
ŋ n u a s e a n e e
a a l a s w b l ɛ k
i e e e ŋ d u e e
s e e k o
t u e k a i k e e e
a l e d u k o
ɔ i e
ŋ y ɛ l a k o b l ɛ e s i n e
ŋ a e ɛ m ɔ k e e
a t s w l ɔ e e
a b l ɛ a j o o e e
f a l h i k o
h i k o j i t s w
p a s ɔ e k a f o t a
a a y a e e e
m ɔ f ɔ e b e l y ɛ e e
i k i a ŋ m a a d
a a g f ɔ k o k o
s ɛ m ɔ e e
k a i k k p a k p e e e e
ŋ a a w a a n u a j o
k p ɛ b ɔ e a a g b e e e
o t a e ŋ h ɔ a k a e e
b a a s u e a j u u m ɔ e j e k f l ɔ
t s s e y a e e
b ɛ ɛ s o i ɛ k n e ŋ h i ŋ a k f a l a e e
t s ɔ b o e e e
a f u e l e e e e
e l t s w a
a s a k a a f o e e
a h e i e b a a t e e
b a a t a ŋ a i n h a e e ɔ ɔ e a s h
ŋ y e _ n ŋ h
ŋ u k o a g b o s a e
b a a ŋ f ɔ ŋ f e
b a a n k a g b e m a a
b a a s i y ɛ k o
ɔ e e w a a e a k a
k p i e k ŋ g b i
n k u n a a m ɔ k o
b a a i a u m ɔ e b i k o
p e ŋ b ɛ h i k o h e k e e
e e e ŋ l e
ŋ e e k a h ɔ ɔ a g b
l ɛ k b a a j e e
y e m ɔ ɔ k h e k o e e
ŋ j e
a a b l j e k
ŋ f a l ŋ t a k a i k e e
a a y e a a f o
ŋ w o s i k o a w o s ɔ l e a a s ŋ t s i e e
a m ɔ ŋ j a a e e
a w o s e e k
w a a k ɔ f l ɔ e e
w ɔ k o ɔ l e e
b a a i s h w a a g a f u t
o t a e e e
j u k o s w a
m a a k f ɔ e e e
i ɛ k o a k a b ɔ e e e e
a b o t s ɔ s i ɛ a a f e e
b a a s u k o
s a e e
ŋ j o o b a a h o o
ŋ ɔ i k o a a t e
ŋ n e ɔ f u t u
ŋ y ɛ k o
a a y a b l ɛ
a e p ɛ ŋ t a e e
l a e e k ŋ h i a d u e e
w a a e a a y e e
ŋ l b i k o ɔ i k
a f o e ŋ t s u k o e e
k p a s b o e e f o k o a b ɔ k o
k i k s a e e
l ɛ m ɔ
k w ɛ e a a f u n e e e
ŋ f k w ɛ e e e
ŋ e _
ŋ j u b l d a e e
o e f l ɔ l e k e e
f a a k w i a k o o
l ɛ m ɔ a a j a a j d i k i k w ɛ e e e
w i a e f l u t e e
i ɛ e e a a n ŋ m ɔ ɔ ɔ f l ɔ a a s ɔ i ɛ k
_ n k u j u k o
f a a e l ɔ k o w ɔ e e k o
b a a a j a n e e e g b e l
p e k o w a a e e e
y e _ n u m ɔ e ŋ t e e k o
ŋ ɔ i s u k j e k
a k k u n k o t a
a f a l a w ɔ d w o s k o
ŋ m ɔ e e j u k w ɔ d
ŋ a a t a e e k o
a f u g b l i m s u k o
o s k w ɛ b a a k a j a a e e
e _ w a a k i k a a n e e
ŋ ŋ m a a f a a e y ɛ
a a j o
d u e e m ɔ e e w ɛ e e k o
b a a i k a f a a k o
ŋ a a s
f o s i e ŋ s ɔ b a a w
w a e t ɛ k ŋ g b i e e
j e t s u a h e e
d u f o e a a e a a m ɔ
n i a s t s ɔ t s i n
k w ɛ k e e
i n ɛ e h i k a i k ŋ y e _
ŋ b a a w f e e k
y e _ n
b a a ŋ a e a a b s i n e
t a e e f l ɔ g b a a ŋ a i ɛ
ŋ k a f ŋ s u m s u m e e
d a e e d u k ŋ l a e e
ŋ a a b ɛ e _ n
ŋ m ɔ k b o e e n i m e e
ŋ k a f m a ɔ l e e
ŋ f e e ɔ i e e k o
a t ɔ e e e l e a t s w t ɛ a f a a w ɔ d e e
b l a e
b a a w o s o p e s ɔ s e
b a a ŋ ŋ a k u n
n k u l a e w a a k
ŋ t e e e
ŋ o s ɛ m ɔ k e k ŋ w o s
y ɛ e a k a
a j i e e e
b a a s u ŋ l ɛ a a t s y a k o
y a k o b a a ŋ g b i e e e
f e e d i k a s h e e
t ɛ k a t s i e e
b a a ŋ w ɔ d i a e
s a e i e e e a a w ɔ s i n ɛ k n k u n
ŋ b ɔ k u n
i k a a n w ɔ d
a k o ŋ ŋ a a t s i
a g b l w a k o h i ɛ k e e
s e l i s h a a j e d a k e e
ɔ f l m e e a a f e a d i k
a j e f a a k o
a s e l a l a k e e
y a e w ɛ k o
n e k o s e l t s u
a k o t k o
b l a t u e
b a a ŋ y ɛ i s
ɛ ɛ e e b a a n e e e
a l ɛ m e e
g b o ŋ h i ɛ k o
ŋ ŋ t e e w ɔ d a t s u _ n k u
w i f ɔ f e e
d u j u k e e
b a a a k p ɛ s ɔ s e h a e
ŋ k p ɛ e e
o s ŋ f e n k h e k g b l ɛ o o k o k o t
y a d ɔ i ŋ f u m k a a l ɛ j u e e e e
f a a d a e e ŋ a e e
ŋ k a a y e _ j e e e
s u e e e e
k p e e a s b a a b b e l e e e f o e e
p e e ŋ f
i n e k s h ŋ d i k ŋ h a a m ɔ e e e
ŋ i s h ŋ a e i e k o
ɔ ɔ e e o k o k o
t ɛ k t s ɛ m a b l ɛ t u e e e e
b a a a t a
b a a t s i k o o k o
p a s a t s ɔ s
a s a j o o a j e a e e
ŋ t s i o k o k o
y e k i e f ɔ k o e e
y a e e w a k o ɔ d e e
t ɛ n e k e e
a f u t a k p a a t a k o
ŋ d u k o
k i k a f a e e
h w i a s e e e a t s w b l a e e e
l ɔ k o
w o s o k p e e e e
b a a w f a l a y e _ ɛ k h ɔ ɔ ɔ ɔ e
a g b o _ n k u e e
a j o t a e e i a e e e
a e ŋ f e e s w a
a a w a a a n o k o
h i e a i e m ɔ k
ŋ a k a f a a ŋ ŋ s ɔ
u k u e e e e
ŋ j e ɔ f l
a a y a
k o t a k w ɛ b a a j k o
ɔ k o k o
ŋ s u m ŋ w o s
ɔ s e k ŋ l
b a a g e e e
a i t u _ n k u
s e e t s i i a ŋ k p a o t a k e k e e
b a a t s w a a y e _
ŋ l ɔ ɔ k k a n e
o t a k a a y e e e e
b e l m k ŋ t s i e e
a g b o a a n ɛ ɛ
o o e t s w ɔ d ɔ
a a f ɔ a j o a a y e e
ŋ s e l h i ɛ k a n
b a a a g b a g u k o
l ɛ b ɔ k ɔ l a n a b o e e
ŋ s ŋ t e e
b a a s w a
ŋ i ɛ k a f e e y a e e
f ɔ f l k u n h e k o e e e
a b ɛ a a k w
o e a k p ɛ k o
b a a k p e k w i a a b ɛ ɛ a s h w g b i p a s
t a k o b a a ŋ e e
a j i
ŋ m a a b i k e e
b a a a a w o b e l s ɔ l h e e ŋ j e a s h w
ŋ k a n k i e e
m a a e
d u e t ɛ e e ɔ l k o
t s u k s ɛ e i n h e e e e e e
ŋ w ɔ ɛ k o y ɛ m ɔ ɔ k ɔ ɔ e k o
ŋ j t a e e k a i k e e
ɔ e e k i
s h w ŋ k w ɛ b l ɛ e e e
a j a a e e
u m ɔ k
a a b l k a o e ŋ ŋ m e e
ŋ a e e k o
n e k o ŋ g b e ɛ t ɛ e e e
y e s a k a t s i ɔ i k a a b l ŋ f o k o
l ɛ e h e e ŋ s a f ɔ h i ɛ e u m
ŋ ŋ a k p a
b a a u e e
ŋ j a a k a i ŋ t s i
j e e ŋ g b o e e
l a k _ n k u n e e e e
s ɛ e e b a a s e e
n k u a f e h a k e e
t s ɛ m f o w i a k e e
ŋ ɔ ɔ e t s i k i k i e h a e e l e
h a k h ɔ ɔ e k o
b a a m ɔ e e ŋ l ɛ k w ɛ k
b a a b a a a a k p ɔ ɔ e e ɛ m ɔ ɛ t ɛ e ŋ t s w
a k p a e e
y ɛ e a i e s i s u e e
ŋ y ɛ a l e e
k a i a f o k
n k u n l e k o
ŋ t a s e k a n e k e e
a l k i e ŋ g b
ŋ a a p ɛ o t
b a a a a m t u k f ɔ k
b a a ɔ k o g b
b a a ŋ y e a a k o
a j e a n e k k o
ŋ s ɔ l e l e
b a a ŋ m ɔ e i a k o h w i a
b a a a ŋ m s ɔ l
h a e ŋ s u m b ɔ f e e e g b i k e e
b l ɛ e s u m ɔ ŋ h
ɔ s e t u k a a h i e e
o t a e e e e
b a a t u e e u t u k
ŋ f e e e e
b a a ŋ k t ɛ e t s w
a s e a l k o
b a a s ɔ a h i ɛ
l ɛ m
w a a ɔ i e ŋ k p b o e e
j i i m e k o
n i m k f l ɔ
f o e e f ɔ k u m ɔ e e
ŋ d i k e e
k p ɛ t ŋ b ɛ d a k e e
b a a a h e a f o k f o e e
d ɔ i k e e e
a l a e k o
f e e b ɔ e a l ŋ s h t e e e e e
b a a a k a n m ɔ ɔ
ŋ f u a n e e
i n e a s u a g k o
m e e u t u o o e
a d i b l a e
b a a a n e e
ŋ a e e e
ŋ a y e _
b l ɛ l ɔ e e e
s u m j e e e e e e
w ɔ k o
a k w s h w i e e
a b ɛ ɛ e l e f l b l a k
a a n ɛ ɛ e a a l ɛ ɛ ɛ
ŋ y ɛ e o s o a ŋ m ɔ
ŋ h a e a k w s i e
a i e e k o
o k w o s p e k o a a w o
m ɔ e e _ n k u
d u k o ɔ i e t u k o e e
a w
s u k a b o k o
j o o e a a f o e e e
ŋ j e f o e e e
ŋ w ɔ d e e
a a h e a a m ɔ k o
b a a b a a b
ŋ b ɛ t s ɛ m e e
a a s ɔ a a s h
ŋ a a h ɔ ŋ w
b a a l ɛ m i m ɔ f l t s u
h a k o e e
s ɛ m k a n e e e
k o t a ŋ f a a k p e k
ŋ k a n o k o
ɔ f b ɔ e e e e
ŋ a s a e i k o i n e e s e l e
a a g b a h a k o
ŋ i a t e
b a a k w ɛ
b a a t s i f ɔ k o n e k
ŋ t b o k o e e
h i ɛ
s e a j o j a a k
d i k i w o l e
b a a w m k o m ɔ k k o
ŋ ɛ t ɛ a s h w
ŋ i n e a g b o
b i k o ɔ k f l ɔ k o k o
a a a s a e o e ŋ m ɔ e
m ɔ ɔ a k p a e e
ŋ l ɛ a g b i m a a e o k o
e k o e k o b ɔ e e i ɛ e e k o
ŋ w a a k p ɛ t
k i e ŋ y e e e
a j i
ŋ s ɔ a g b o b l a k e e
a t e ŋ b l ŋ l ɛ a a n a a h e
b a a p ɛ t ɛ ŋ ŋ a a t u m ɔ e
a f a a s u
a a t g b o
a a t e e
h i ɛ i m k o a a d u
ŋ m ɔ e k o
b a a h i ɔ i
a ŋ m a t s u d ɔ k o
s ɛ k a a b a j k p a s
f e e a k a i a l a e ŋ m ɔ ŋ y e _
ŋ w o s
b a a a ŋ m a s w
n u e e a a f a
ŋ s u m j a a a a f u a a y a k o
i e k o s i n e e
s o k o f o e e e e
ŋ f e e
y ɛ k o y ɛ e e
s e l t ɛ k ŋ j a w ɛ e e e
i s l a k o
k o t n u k f a ŋ s
ŋ w o a a f u ɔ l e k e e
ŋ s u a a d a l e e k o
ɛ ɛ e k a n w ɔ d a a k p ŋ t b ɔ e e e
ŋ f a l ɛ ɛ e
b a a p ɛ t
b a a n e k o
d ɔ d ɔ i e w ɔ e e e e
d ɔ i k ŋ ŋ a s u m e e
a a d i
a k a i a a j i k w ɛ e e e
b a a w t s i n e e
ŋ f a l s ɔ s e e e
ŋ k p e u n i m k o
a a k w e e
l ɛ m ɔ w i d a e e e e
w ɔ k l e k e e
s u e t u e e ŋ d a e e
b a a f a l f o e e s h w
e l e e
ɔ e b o k o b i e k o
t u e y a k o
b i e k o t a s ɔ l k o
s a k _ n k k o
ŋ ŋ k p e a g b l
ŋ ɔ s e e a a m ɔ ŋ j i
ŋ b ɔ ŋ f e ŋ y ɛ n e e e k o
s ɛ e e e
b a a k p ɛ w ɔ d ɔ
s u m ɔ
b a a ɛ m ɔ b ɔ k o
ŋ a k p f u t a a w o
a a w o s ɛ m ɔ
ŋ a a ŋ a k p ɛ a h a
ŋ a a b o h w k w ɛ e
ɔ i k o ŋ n k a i e e e
ŋ ŋ k w ɛ
h i e e h w i a
b a a o t w ɛ a g b o ŋ w
a k o t a w o e e e
s e e y e a a f u k o
ŋ j i e e
t a k o w i a e
b a a a e e f e e k i m k o
i a k o k o
s e k h w ŋ k p a k o
s a k s e e e s h w i e e e
ŋ l ɛ m ɔ
ɛ e e i a e e e e
i ɛ e a a ŋ a a a b o e e
ŋ s h w b l a k f o e e
b a a h a h a l e k o e e
ɛ ɛ k i m e e y a e
ŋ b ɛ m ɔ ɔ e ŋ s h w
t s ɛ m p e s ɛ m a d a
ŋ ŋ m ɔ b l a
ŋ k a a n ŋ t s u e e
b a a ŋ f e e a ŋ m a
a a w p e e e t u k o k o
u m ɔ k
w ɔ e e ŋ y ɛ
w o s a a s ɔ d i ŋ k a ŋ f u j e k e e
ŋ b o i n e e a a b l e e
ɛ m m e e s ɛ m ɔ e e
ŋ s ɔ l w a a e ŋ w o s f ɔ f l e e
b a a l ɔ e e h e k o
ŋ k w a f o k
p ɛ t s ɛ e e ɛ k ŋ h a ŋ g b o
f l f e e
ŋ d ɔ i k ŋ w a k a i e
l a a a s e
a a y e e e e
k w ɛ ŋ w j e k o e e
ŋ b a a m l e e f ɔ e t u
ŋ b ɛ ɛ m ɔ ɔ k
e _ a b o
a w ɔ d e e
t ɛ e o o a b o a w o s e e
a a d i b o k o t s w s ɔ a t s ɔ
d u k o
i a k o
e e k ŋ f e e
ŋ g b l ɔ i e e s u k o
f ɔ e k w ɛ a a t f u e e
b a a a y e b a a s a a t a a t s
s u m i e k o a h i ɛ
n i m k ŋ b ɛ ɛ e e
e l b a a y y a e e e e
u n i m u e e e e
ŋ k a f ŋ l ɛ m
ŋ a k o e e
f ɔ f t s i n
ŋ h e k ŋ t s i
ŋ h ɔ w ɔ k o e e
b e l e ŋ f o e e
s e k i s t s u k k o
ŋ p a s a h i k o a a t a
ŋ k w n e k
a a b o k o
k i k p a s a j u k i m k o k i e t s u e e
ŋ b o t a k o a f a e e
ŋ ŋ ŋ m a f ɔ
s u k ŋ t e k o
ŋ d ɔ i a d u
t ɛ b a a l i s h e e
w i a k a a j u a a f ɔ k o
h i e b a a d l ɔ k
h ɔ ɔ k
a a j o
j a a e s ɔ s e k o
ŋ w ɔ e ɔ i e
b ɔ k o e e
d ɔ i w ɔ k h a k o e e e
b a a m a g b i e e
i a k b a a n e e
i a e e a f o e e e e
b o ɔ s e k a a ŋ m b a a d s i e e e
ŋ a a l e ŋ k o
g b l a a j o e e
ŋ b l ɛ
w ɔ d ɔ p ɛ t b i e t u k o ŋ s k o
b a a ŋ f o a a w o
g b l ŋ d u k o
a w o ŋ m a w ɛ e l e e e e
ŋ t s ŋ m ɔ e e e
b a a a a s h ŋ y e ŋ k
w o s s a k d u e e a a h
i n a g b o a h ɔ ɔ
a a b ɔ k o
t ɛ a ŋ m s a e k o
g b e ŋ a e k o
ŋ l b a a ŋ ŋ h e e e
a f u n e k o t ɛ k ŋ k o t t ɛ k o
ŋ f o m ɔ e l e a a f u
b a a w a a k a a s u b a a w
ŋ w ɔ k o y a k o t u
b a a h i k o
t e ɔ ɔ e e s u m ɔ m e t s ɛ e a i k o
b a a m ɔ e e ɔ d ɔ i
a j i e a ŋ a k o
ŋ i n e s h u k o
a a b ɛ ŋ b e e e
ŋ h w a d a
u k a k w f u e e
u m i s h w a i
h w i a w e e
ŋ y e _ ɔ k o
y a e m a
i a k o s e l
ŋ g b l e e e
ɔ ɔ k a a b o h a e k o
s e e ŋ g b e e e
h e a g b e
a b o
a l a e k o
d u i m e e e
b o e e a ŋ m ɔ e e
b a a s i t s ɔ a a t s
a n e k e e
h a e e k o
s o a a d u t e e e
ŋ a a j o a s h w
b a a n i m e k u ŋ y e
b a a s ɛ e e a a g
s w a a ɔ d ɔ
b a a ŋ j i e a a b ɛ
ŋ a t s ɛ
e e e k o
ŋ b ɛ ɛ e f e
b a a ŋ f o a l a k a f o e
k a i a b ɔ f l ɔ
ŋ j u k a a k a k u n i
ŋ m a a a f
o k a a g b
s h a g b i k o
a a l e e e
l ɛ k ɛ ɛ e e a g ŋ s ɔ l s ɔ l e ŋ s ɔ l e e
o s ŋ d n u k b ɛ f a a e n u k ɔ ɔ k o e e
ŋ t s ɔ t a a k w ɛ
l ɛ k o p e e e e e
k u ɔ s e i s a t s ɛ
a ŋ m k a i e e
ŋ k a i i n e
j i e k t s u e e
j e e e s u b ɔ e e e e
ŋ ŋ m ɔ k o
a k p a a w ɔ d ŋ f e
ŋ i a e e a w i k o ɔ ɔ e e
k a f o
ŋ l e u e e e e
w o s b a a d a k o k o
b a a h ŋ m a j e e e
s w a a w a ŋ n n e k a b o e e
k p ŋ t s i s u m ɔ
ŋ s e ŋ y e ŋ w ɔ d e e
j u u t u k i m e e
a f u y ɛ e w ɛ k o
b a a b l a a j u d u e a f u t
f ɔ k o ŋ l e e
h a e s ɔ l e k p e e
d a e j i i a e e e e
a a y a k a n
w a k o e e
ŋ f ɔ a f u o s o e e e
b a a ŋ s h w a w o ŋ l ɛ ŋ g b a l a k
b a a f o k o ŋ j u
ɔ s ɔ i k k p ɛ e e
a l ɛ m p e e e e e
b a a a s ɔ a k
ɛ ɛ e e k o
a a n u ŋ g b
b ɔ k o ŋ a ɔ i k k o
a h w ɔ d ɔ e e
m ɔ ɔ ŋ g b i s ɛ e e e e
s o t a e e e e
ŋ ŋ b ɛ ɛ ŋ s e
ŋ f ɔ f ŋ y e _ ŋ k p ɛ e e
ɔ e e a h e i a k o a k a f
ŋ a a k ɔ d ɔ i
_ n k u i m _ n f o k e e
a t p e k o b ɛ ɛ e e e
s i e e
b a a t s ɛ m k a f o
ŋ f u t u i ɛ e e
ŋ w ɔ d e e
a b ɛ ɛ a t s u k o
a a d i a i e i a k e e
j u e a a h
b a a w i s s a k
a t a w a n u e ŋ b s ɛ a h i
ŋ m d u k o o o k o e e
ŋ k p ɛ b a a t
l e k o i e k a a d a e e
ŋ y ɛ e b a a l
b l ɛ k h w i ɛ e e a k a n k w ɛ k
a a d a k o
l a k o e e
ŋ e l e e
l a k u n e e e
o o k o
a t s ɔ ŋ a k a y e k o
a a j a
l ɔ n u k o k o
a f e
i m e a i k
b a a l ŋ b l
a a d u i s a h a ŋ m ɔ e e e
ŋ w i s
t s o k o a d i e e
b a a a a h o s o e
ŋ a h a t u
j a a i s ɛ m a b k o
ɔ d ɔ
ŋ a a b ɛ k a b a a d
a d i k
t s i k b l ɛ e s w
a n u e e
ŋ i s h w ŋ t e
ɔ s e k i k o n e m ɔ e ŋ j i e j a a k
t s a a k b i e e
s u m ɔ n k u n n k k o
ŋ b l b a a l e e e
a ŋ l e k o i n e e e e
m k l e e a t s ɔ k o
ɔ s e e u t u e e
l ɛ k a j g b o k e e
h i e e t a e
a a b ɛ s a k e e
ŋ s o e e
ŋ s h a n e
a a w p e e ŋ b l ɛ
a a w o n e
ŋ m ŋ l ɛ m i k i e
b a a m ɔ e a k o t b l a k
ŋ l ɛ e e
b a a ŋ y a t a a h ɔ ɔ m ɔ e
ɔ s e i ɛ e e a k p e k o
b a a d a k o
f u t u w a k
b a a k p a e e e d u
ŋ ɔ ɔ w ɛ e t u k o
ŋ y a k p a e e
ŋ k p ɛ ŋ d i k a m e e
b a a a e s e l b ɛ f o e
k p e e
ŋ s e ŋ s e l i m k o
i m k e e
b a a f l ɔ a n e ŋ w o
b a a ɛ k h a k o a n e e
f o i m k h w i a e e
w a a e a l a
ɔ s e e u t u e k o
a t s w a l ɛ s ɛ m ɔ e e
a a f a o t a e k o
b l a e m e e t s w a f e e ŋ m ɔ ɔ
ɛ t ɛ e ɔ ɔ k e e
a f a a d i k s ɛ m ɔ e e
e e e n e e e n k e e
ŋ a s a k ɔ e e t e e e
i ɛ a b l k o
e e e o t a k k o
g b i
ŋ _ n ŋ m a a a h y ɛ e e
f o k o d i k i e e
a a d a t a f e e
y a e
g b o k a a w o
a j i e i a e a f o k
a a f e a f ɔ h i ŋ k o
ŋ i a e f e
f ɔ e e e e
ŋ l e d i ɔ f l g b l ɛ a b ɔ h e e
h w i a a e w o
ŋ s i k h w i p e k
a k p a
n u a s e l a ŋ ɔ s e e e e
f ɔ e e b l a e e e
b a a a ŋ a t ɛ k k a f o
b a a p e e e a a y
a b ɛ ɛ s i a a f
d u a a s h e e
ŋ t a a j o
k p ɛ t w o a a k w
ŋ b a a s a n e ɔ d ɔ i
ŋ t s ɛ ŋ t s w e e
ŋ g b l o t a a s u
k a a a m ŋ b ɛ ɛ ŋ t a
s u k o a a k p e e
ŋ m ɔ e e e
ŋ o t a e w ɔ e ɔ l e e
d ɔ i a e e e
ŋ s h w n i e e
a f o e a l a k e e
s e k i e h w i f e e e
a s ɔ w i a k e e e
b a a a a d a t ɛ e e a s ɔ
g b e a t e e e e
a b ɛ ɛ a a a g b l
s w i k i e
ɔ ɔ ŋ g b i
l e k o a a t a
a f o e n u e k o
ɔ e e y ɛ m a a k
k p e k k i e
ŋ t e e
t s ɛ m i ɛ e e t s u k w i a e k o
a a m ɔ l e e a i e e e e
ŋ g b o ŋ g b e o t k o
h e k o e e e
k i f l e e
s a k h e k w o s k o
a t s ɔ f ɔ
j o o k o
f a a ŋ k a i
b a a o o k o m k a j o o
k p e e e e
j a a k a b l a a y e e e
t s p ɛ t ɛ t ɛ
a a e e a a j o u e e e e
d a k f u t ɛ m ɔ k
h ɔ ɔ e
i n e k k o
ŋ b l e e e
ŋ d u e e s o k o a g b e ŋ l e
ŋ f u t a a l a
k a ŋ h i ɛ y a k o
u m ɔ e e
ŋ s h l ɛ k o e e
t a k o a k a s ŋ d i k e e
a a j i k w ɛ k e e
b a a y a s e
l ɔ e f a a k e e
ŋ ŋ m ɔ ŋ g a i ŋ d u e e
w a a e b a a y
i m k o e e
w ɔ b ɔ k o ŋ b ɔ
a k o a ŋ a s i k ŋ j o a ŋ a e e
a s u d a k o u n i
s ɛ e a s a e e
b l a h ɔ ɔ k e e
a g b l s w a a ɔ ɔ e e
j o o e ŋ a e h a e e e e
e k o u m n i m a k a i
a f o e ŋ f e a g b i
a k a ɔ ɔ k o
ŋ k p e s ɔ s e e e
ŋ d t ɛ e e e e
k a a a g ŋ k a i e e
a k a f u m b a a g ɛ t ɛ a b l e e
ŋ f a f a a k a h ɔ ɔ e e
s ɛ e e
a a j e h w i a
b a a n e e e p e e ŋ m ŋ s h w
ŋ b o a m ɔ k a i k w
ŋ s ɔ l a s a e
b a a f o k a a j u y e
ŋ l a e e s u e
h w i s e e e
ŋ b l ɛ a w ɔ k o
a j i e a n e k w ɛ k a k a a f o f e e e e e
l ɛ k o d u e t s g b o k e e
b i k a s h e e e e e
ŋ m a ɔ d ɔ k w ɛ t ŋ h a b l ŋ j e l ɛ e e
a a ŋ i a k o ŋ ŋ a d i t e e k t s i e e e
i m e o k l e k
n u k o e e
s ɔ l e b o e e a a h ɔ ŋ m ɔ t a e e
ŋ f a a o o e e a k o t e e
t e e k n k o o ŋ m a e e
b a a ŋ f e j i e k b a a l
b a a s g b e e
ŋ s ɛ e e a y e _ f e e e
ɔ d ɔ ɔ ɔ k b ɔ
i n l ɛ m ɔ k a s h w i ŋ k p e ɔ l e e e
ɔ ɔ e a a l a a l ɛ m e e
e k o l a e e k o
b a a a a n a h i s e e e
ŋ s e l e t s w a
ŋ ŋ l e y e _ n
b a a j e k o ŋ b l ŋ m a a
a j o a s h a a s e ŋ d i w ɛ k o t ɛ e e e e
w ɔ o t a a a d u
a t e ŋ h ɔ h a e e e e
ŋ a a k w
t s a a h i e e e
a j e ŋ h i k o
b a a ŋ s h o t a k i e l e e
b a a l i k a j u u e e
a a ŋ ŋ b y a k
ŋ a a k a n u w i a e
d a e a d b l ɛ k
b a a t s i ŋ k p a
u k w i s
ŋ ŋ s u
b a a y a f a l ɔ e
ŋ j a j a a ŋ t s u
p ɛ t ɛ e e
f l ɔ e
b a a a a b o ɛ m ɔ k
f ɔ f l ŋ b ɔ b l a e
b a a ŋ m ɔ e a a f ɔ
i a e a a t a o o
ŋ b o k w a e a n e e ɔ e
b a a a s i ɛ e e
b a a t
a n e h i s ɔ s e s ɔ l e e e
j e e e f ɔ f a g b o k o
k u n i e k o i e e e
s a k o h i ɛ h e e e e
b a a k a i k l ɔ k o
b a a e e e d i k b a a y
ŋ u k o b o k o
b a a h i k ŋ y
p a ŋ h e k o
y a k p ɛ t g b i k
m a b a a b m ɔ k e e
n i m k b o e e
o k a a g b e e
f o k o a d i
s e k e e
b a a l ɔ k k p e l e a b ŋ t s w h i k a t s u
b l ɛ a b ŋ ŋ s e a g e e e
b a a a h a f o e a m
a a s u
k p a j u e ɛ t ɛ e ŋ s h w a s e l a s e l
m a a k u t u ŋ k o e e
ŋ ŋ g b n u k o f ɔ e e
b a a a a s ɔ u m s e e e
a k o t h i ɛ e
b a a a a b o
k o t b ɛ l e a f a a ŋ k k o
t s u k p e
a f o i m e e
ɛ e e i m e e
ŋ f a a e e e
ŋ j e ɔ f l ŋ t ŋ w a e e
j u k o
h w i a f u t e e
b a a g b l a a a s a t a
a g b o ŋ y e k o
a k a n a k e e e k w
i k i ŋ s e e e
b a a ɛ k o ŋ t
f u t u ŋ d e e
a a j e a b ɛ f e e k
ŋ b a a j a w ɔ d
y a ɔ e e f o
o o k p e e
t a k o a l ɛ a h a s o h w y e _ n p a s a
s w a a
a j o t s ɔ ɔ e y e _ n e e
e e k s o e e
a s ɔ a a b ɛ e e
y e _ s o
b a a w ɔ d ɔ
h ɔ ɔ k i n e e e e e
b a a p ɛ t ɛ a a y ɛ e e k
y ɛ k t a e e s h w i
j u a t s i
b a a k i e e n e e e
i ɛ t s u e l ɛ k h ɔ ɔ k i ɛ k w ɛ e
o o k w ɔ k o
s u e e e
ŋ a e e a a l a a g b e e e
a a l ɛ k o
a i k o d a k k o
j e k o j o ɛ m ɔ k l e k t ɛ k a n e k k o
h i a ŋ a g b l k o
a t s w w i a
s a e b a b i k o e e
a s a e
ɛ m ɔ e k o
b i g b l a
ŋ k w ɛ i e k o a a w e e
b a a s w ŋ m ɔ e
ŋ a a k a ɔ l e k
b a a l e s ɛ e e ŋ w a a d u
b a a a a j y a s u k a t s f e e k f u
ŋ d a k a f u
a a k a i n e e s e l a l a ŋ g b a l ɛ
b o e e e e i ɛ k o
a a y e t s u e a a g e e
t a e ɔ d ɔ i s u m k o
a a m ɔ j e k o e e
a t s ɔ ŋ j i e
b a a f o e w ɔ k
ŋ ŋ g b i b e k p e l ɛ k o
ŋ j a a t s i f a a
a l a ŋ k p e
w i d a e e
ŋ k a f
ŋ f u n e k o
a a t e h i k o ɔ s e k o o k k o
a a k a k b a a ŋ a h ɔ a j s e e e e
b a a ŋ t a u k o e e k a i e
p a i m w a e e
b a a t s w
j e k o o e e o t a e e e
e e e ɛ k o k o
ɔ i k o
ŋ m j o o k o
o o e e s u a k p e
u e k i e e f ɔ k
b a a ɔ ɔ k
h a e ɔ k ŋ f e
a k o t k o
e _ n f u t ŋ k w ɛ
i k e e o t a e
i k s ɔ l e h e k o e e
ŋ k a f t ɛ t s i e a t s ɔ
ŋ h
b e l e i s h w e e
ŋ b l ɛ e e a w a
a k p e t s ɛ m ŋ w ɔ d a f ɔ o e e b a a y
ŋ ɛ ɛ e k p e k
ŋ t s ɔ s s ɔ s e
t ɛ k o e _ n k
l e e k i e ɔ s a h u k o g b o e ŋ g b
w a k u n
i a t ɛ e j e e e
b a a a a s ɔ a y e _
b a a h ɔ ɔ
k w u e e o k o ɛ ɛ e e e e
i n e k s u k
ŋ a k
i ɛ k a s a k
k p b i k
ŋ k a i e
a a t ŋ j o k o
k p a s k o
a y ɛ
u t u i ɛ k k o
i n e k o k o
ŋ g b o e
w a a k ɔ k o s i n e e e
l ɛ m ŋ g
a a l a
g b l a
p a s f ɔ e e a f ɔ e e
f a l a ɔ f e e
l e k n u i a k o
b a a p e k o t a w i s b a a b
ŋ k o w a t s u k k o
ŋ b n i m e
ɛ t ɛ l ɔ e e e
d a w ɔ k o
b a a ŋ b ɛ ɛ y ɛ k e e k d a k a t s ɛ
ŋ ŋ k a i i k i k i k i k
b a a ŋ t s ɛ u t u
t a k o k i e e a n e k
ŋ a s ɔ m ɔ ɔ
a a d o t a e y e _ n
ɛ e e k o
a s u m
t ɛ k o ŋ f ɔ a k o a a l ɛ e e
a w a l a e e a k p a k o
b a a p e k o a k p ŋ k o
i n e e t ɛ e
ŋ a j i ŋ t e a t s u
a s ɔ l a a k k o t k o
a a s h w o a t s ɔ ŋ t s ɔ a a l e
i a k o s e k o
w i a k s ɛ k o e e
s a ŋ k p ɛ a a d i a a f u ŋ a a a y ɛ e e
l a e e o o k k o
ŋ a a b ɛ a l a i e e e
o s ŋ j i e ɔ e ɔ i k o
a n e a a s ɔ ŋ ŋ m ɔ b i e
a a h i a a j i e e
ŋ k p ŋ s u m
b a a j k o t a a a m ɔ
t s u e e e
f a a k p ɛ n e e e e
ɔ i e e s ɛ e e k o
ŋ f ɔ i m a f ɔ t s u
p e e e n k u b a a g k p e k a k p e e e
a t s u
ŋ f o e e ɔ l w a a
a y e e k o a l ɛ
t ɛ e e i ɛ d u k ɔ ɔ e e e
ŋ s e a a b o d a k w o e e
s o w ɔ k o e e
a n e k i m e e e
a h i ɛ b e l e
b e a l a e
a a b l w o s ŋ f o e e
a f u t d a k o
n u j a a k a h ɔ f l
ŋ k w t s y ɛ k d i k
ɔ i k b ɔ e t s i n e e
ŋ y e p e u m u e e e
a b o k a i e
o s o e s h w i k a i e k o
a y ɛ a s ɔ l ɔ i e e
a j o o e e e
b o k o b a a n g b l ɛ e e
ɔ i k o k o
m ɔ ɔ f l ɔ e e
b o k o ŋ j i j o o k
a i k o a a d i e e
j e e e e
w ɛ e e a y ɛ
f a a n i m e ŋ f e a t e u n i e e
ŋ ɔ ɔ n u a m a b l h i e e
b a a j e e e a b ɛ o s o e
s w w i s
m ɔ k a f o k a a g e e
l e e e e e e
e _ e e
a a f u e e
ŋ m t s ɔ e e
s w a a i m k a a h i e e e
e l e e
l ɛ k a t s u k a e e
s o t s w a
ŋ a g b i b ɔ e ŋ d i
a k p a a a d u k o
w i a k p e k s i k e e
s i n o t k o
t e e a f o e e
a j o o ɛ m ɔ e e e e
n k u n e e a a w ɔ
g b o w ɛ e w ɛ e h ɔ ɔ e
t ɛ k o l a e e e e
f o e w a a s i n e
ŋ k a i e
ŋ a k o t ŋ k a
p a s a k p ɛ t
u k n i ŋ d u l e a s h w
b a a b ɛ ɛ a j u l a k o
a b ɛ a i k s i n l ɛ e e e e
b ɔ k o k o
b a a ŋ w ɔ ɔ l e ŋ g b i
m ɔ e e a a e e e e
d i k ŋ d a ŋ g b e e e e
b a a j a a a l a a a t e
b a a a j a l ɔ e ŋ j u
ŋ k a i e f l ɔ e
a d a a a g w o s
ŋ j e a ŋ m a k o
j a k w ɛ t s ɔ s k o
b a a k o t a l ɛ m
b a a ŋ m ɔ e o e h i e e
a f a a b a a n a s h w e e
s i n f a a a f ɔ k o
b ɔ k o e e e
f l ɔ k i e e e
i e e
h w i a a a k o
a i b a a n a a s ŋ g b i k o
m ɔ u m ɔ k i k o k o
n k ŋ k a n e e
ɛ k o
e k k p a a a y e e
l ɛ k n u ŋ m ɔ e e e
ŋ ŋ h e
ŋ t e i n e s ɛ k e e e
b a a s k o
i ɛ k s ɔ s ɛ ɛ e e
b a a j e l a ɔ k f ɔ k
f u t u t a k o a g b o e e
ɔ e p e e e f o e e
w ɛ k p ɛ t i ɛ k o e e
b a a l o o e e j o d i k i ɔ ɔ k
t s i o t a k e e
f o e e j u a w ɔ d k o
w ɔ e e e e
ŋ a ŋ a
s o k o i ɛ a t e
s u e w o s o
d ɔ i a b o e e
j o o k y a k _ n k
ŋ d i k
t s u a e e a s ɔ
ŋ h o k b a a h o t a
k p a f e e
ŋ b ɛ ɛ f a l a a g b i
b a a m e e ɔ ɔ a k o a a j
f a a k ŋ k p e o k o
a j a a l a ŋ m a a k o
k u n i t s i n
t s i e e
d a e e b a a t
ŋ j u y e _ b i e e
ŋ d a f l ɔ a w ɔ d
g b i k w ɛ ɛ e e
ŋ a w ɔ ɔ i e e a n e e
ŋ d i k i
f ɔ n e k
b a a a i e l a t s i e
f l ɔ e e e
b a a a l ɛ m i k ŋ s e s e k o
o e u t u m ŋ k p e e e
s ɛ k k p a s e e
m ɔ k a a g ɔ i e e
h w ŋ j i h e e e l ɛ m
e l a a s e b a a k e e
e l j o j o o b a a j k o
g b o m k o ŋ m ɔ ɔ
y a e e ŋ f o e e
b a a a b ɛ ɛ
u t a b o a b l ɛ e e
b l a m ɔ ɔ ŋ ŋ m ɔ
l a b i e e e e
d a e e e e e
j i k p a s l a a m
b o k o a k p e
y a k o h i ɛ k
b a a ŋ t u k a f e e
ɛ ɛ k ŋ t e e
w ɔ k o s h w h i ɛ a a k e e e
ŋ f a k o
a j a a g b l o o k o
s u k o ŋ f a ŋ e e
j e e e e e
a a l e m k o
ŋ l ɛ m ŋ h w ɛ e e
l e e k a a l e e e
a j a a e e
ɔ i k o f ɔ e a f o e e
a h i ɛ e e
ŋ n e e e f a ɔ s e k
w i a k f e e e t s u e e
b a a t s ɔ s a s ɔ l i m e n i ŋ d i k
a j a k a a a k o t s u e
i k i e a y e e e
j a a e e e
b ɔ ŋ g b i
s i e ŋ m ɔ k f l n i m k k o
a a b ɔ h ɔ ɔ k e e
w i a k k o
a h ɔ ɔ h ɔ ɔ k e e
ɛ m ɔ k a s h w n u k
ŋ j i e a a h a
a f e e s ɛ k ŋ j e k o
b a a a f ɔ d ɔ i k a a l ɛ
a h ɔ a a ŋ m ɔ k e e
l a k ŋ s d i ŋ f u w i
l ɛ e l e e e s e b a a j s i n t s w
p ɛ t ɛ _ n k u ɛ e
ŋ l a e ɔ l e a a d i
t s i n a t e ŋ k a f
e l s ɔ l e e e
a f p ɛ t ɛ e e e
ŋ g b i e e
j a h e a d i e e
ŋ s o a a y e
d u e e t s u a s h w s u m ɔ o s o
ŋ m ɔ k t e e l ɔ ŋ j o o b a a m b a e e e
w ɛ k o j u e e
ŋ f a a e ŋ l ɛ
s ɔ l ŋ g b l e k o ŋ d i k k o
u t h a k u n e l e k
a t s s i e e
w a e e b a a w y ɛ k e e e
a f u d a k a f k o
w ɔ d ɔ a a d i
b o w i s h a l ɛ
ŋ l ɛ e e a k w
a a l ɛ
a h i ɛ
i ɛ h e f e e e o t a k o
a a t ŋ y e _ e e
b a a ŋ h ɔ t s ɔ
w o s o
l ɔ a a w ɔ e e
j u e e l e k ɔ i k
i s h ŋ j o a w o s
a y e e e
a a ŋ a a a d a
ŋ y t ɛ e e k o
l e i k i k u e e
b ɔ e e
t a e e a y a k o
b a a a l l ɔ k o
b a a j e _ n i n e
a s a a k p a a ŋ ŋ j u
ŋ d u e e
ŋ w o s ŋ y e _ e e
h e k
j a a e s i e e a a h k o
g b o k e e
b a a t u e a j o ŋ a e a a w o ɔ k ŋ ŋ m a
y a e e a j i e
a b l i ɛ k ŋ l ɛ e e
b i k o a f e e d i k
y ɛ m a a e e e
a j a ŋ f a a
ŋ d a n k u b ɛ a n u b a a f
a s e ɔ k o
k u n a a t a
u m h a e y a e b a a
y ɛ ɔ i k t s i e e
u m ɔ k a a w ɔ p ɛ t
b o k ŋ f a a e e
ŋ y ɛ a a n u
s i n e e
o o l ɔ e f ɔ k o b ɛ ɛ e j e ŋ h i ɛ
b o k o e _ n k d a k o k o
b ɔ a a f o j a a k
j i ŋ t s ɔ a b ɔ
w o a a g a y a a d i n k u n e e
a a y s w a a
d u e h i b o k o
s i n e ŋ b ɛ ŋ f e e
i m e ɛ t ɛ e a a b o k a f o b a a k e e
a a h f u t b a a l e e e
ŋ k w ɛ e e
ŋ y a a s u m e e
a k a i b e l
j o o j i e e h w ɔ i e e
n u e y e _ n ŋ t s ɔ s ɛ a j i e e
k w ɛ ɛ e e e e e
b e l e e
ŋ m ɔ ɔ h a o o e a a w o w i e e
p ɛ a a m ɛ k o k o
k w b l k p ɛ e e
ɔ l e e w ɛ e e
d u e e a k a f s e
a n e e a t s i
w i a ɛ ɛ k o k o
ŋ f l ɔ e ŋ k o t a h e
m ɔ e e e e
t ɛ e t s i k
u m ɔ k a f ŋ w o s
h e i s h w a j i e e
h e k o
a a s e k o
b l a k i a e ɛ t ɛ k
f e e e
l e h e k g b i e a a l a ɔ s ɔ l e e
ŋ h ŋ f ŋ m a i k k o
ŋ ŋ t e e a k p e
h e e e b a a f
b a a n i m j e e e
l ɛ k o ŋ t s u e e
ŋ a a h e ɔ i k o a e e
a s ɔ s ɔ l e n u k o
t s w o o e e
n e k o
a k w a k p e k o
s e e u m ɔ e e e
ŋ h i ŋ b o ŋ w ɔ d e e
p ɛ k o u t u a a w a e e
d a t u ɔ d e e
ŋ b i e e b o k a k w
ŋ b ŋ f e e a h e e
w i a e
h w i b i k o e e
a a n i k s i n e
d a k a a ŋ m k o
f o e e e e
k w ɛ f u b a a f
d a e f l ɔ e a d i k
ŋ t ŋ f ɔ a s e e e
d u e e a f o k a a ŋ a a w o s e e
k w ɛ e
h i ɛ e e e
l ɛ b l a
t a k h i e e e e
ŋ u m ɔ e k o t
ŋ w o s t s u k
f a l e e
l ɛ e k o
h w i f o g b e e e e
s u m a a k ɛ ɛ e e k o
a a t e f o ŋ t s w u t m ɔ e e ɛ t
h i ɛ s h w i s u k
j i e e ŋ y e
ŋ h i k s ɔ s e
w ɛ e w o w o s
s a j e k
ŋ a j u ɔ ɔ k o
a f o a ŋ m a e e
u m ɔ f l ɔ k a h ɔ ɔ
b a a k
ŋ f o ŋ t s e l e k o
ŋ w ɔ k ŋ m ɔ ɛ t d u k o
ŋ m a a ŋ g b e
f e a k a m ɔ k o
b a a a a d l ɛ k
ɛ ɛ e e u m ɔ e
b a a j y a k a f a
d a k b a a w a j a
t s ŋ t s w l ɛ e e
a m e e k o e e
b a a w ɔ d ɔ h w b o k
i e k
k a n i ɛ k a h l e e
n k w a e t a k o n e e e u t u e
a g b a g b l
s o a a g b b ɛ o k o
b a a y
a t s w o s h w
b a a a f ɔ d u k o
b a a b o k s ɛ m d u e
u m ɔ ŋ f a a e e
ŋ ŋ j y e _ n
b a a t a e e k i k o
e e k o ŋ f u i s h w
f l ɔ k ŋ h u m o o e e
t ɛ h w e e
a a j u i ɛ k ŋ j i e e e
ŋ d ɔ i k k p a s
ŋ d i n e e a l a k e e
h ɔ ɔ a k p ɛ h e k a n
a k w ɛ s ɔ
u k i e e g b l ɛ e e
b a a l ɛ e e d a e h e e e
p e e e e
i a k o u t u h i e e s ɔ s e a a l a e e
g b o e t a k o e e
ŋ l a a f o e e
h a e ŋ a d u k ŋ f e e
l e k o j a a e
b a a s w s h w i a k w
ŋ b a a w a a h e
ŋ k o t
b e l a a m ɔ ŋ ŋ m
a w a s u e e
t s u k
p e k a l a e a a j i
ŋ l ɔ k y a e e
k p a ŋ m a a
h e k h e e e a b o t a k s w a a e e
ŋ b ɔ e e k o e e e
ŋ y e _ ŋ k o
k p e k e e e e
j o o e ŋ k p e k o
t s ɛ w a a e b a a j ŋ w ɔ d i k o ŋ h e
ɔ f l t u s i n e k o
ɛ m ŋ f e k w ɛ ŋ f u g b l a
b a a b a a h t s i e h e
f ɔ f ŋ g b o
w a e ŋ s ɔ e e
l a e e g b ŋ k a i e e e
a ŋ a l a e p e e e
a b l ɛ a s e l
a h a a a j k o
a a e e e
a a f ɔ t s i k
b a a k i k o s a k o ŋ k o t
ɔ l e j o o k a l ɛ e e e
a w ɔ d a s h e l e e
a ŋ f l d a e ŋ w o a h ŋ ŋ f ɔ f l
m ɔ ɔ d i
ŋ b ɛ ɛ k o
f o e e a f e e p a s a
f ɔ k o
p a s a k u n i
j e e e e e
j i e e ŋ m a m e ŋ d i k o
a w ɔ d k a n g b g b i e e e
b ɔ k o e e k
s i k p e e e l e e
ŋ a a m ɔ s e l e j u e
f a l a k o
j u e e f o k i a k
a f o s a k o
ŋ a y a t u k o
_ n k u t a e e j u e a a f k o
b a a g b l a a a y e
ŋ b l a e a a t e
ŋ t a a a s e o t a k o
ŋ l a b ɔ k e e k a b ɛ ɛ k o a ŋ a a j a e e
ŋ f e h i ɛ e
ŋ w ɔ d t s ɛ e
y a j e e t ɛ h w i a
s o k o
t s s i w a a w i s e e
t ɛ e ɔ l h a k k o
n e k ɔ ɔ e e
f l ɔ k a t s u k o
s u k o w a a e e
n k a k o t a f ɔ f
b l ɛ s w a y ɛ
h ɔ f u t u k o
ŋ a a b o i a e b a a k
a ŋ m a
b a a o t i e f ɔ f t u e e
k i k o y ɛ e e
ŋ s u m a f a l b i k
ŋ n h ɔ ɔ e e e
a l ɛ m n e k o e e
b a a ɛ t ɛ k a a w
t s i a a y e ŋ s ɔ l n u k ŋ m ɔ k
a s w ɛ k i k a w ɔ d n u a h ɔ
d u k o d i k i
a a b
ŋ a a j a a a d u
ŋ ŋ f e e k g b l ɛ
b a a l ŋ k p a t e e
a f o e a t e e ŋ w o s
s i e e w ɛ e e e e
ŋ f a ɛ m s i l a e j a s o e m a k o
ŋ _ n k u
ŋ j o o a f a a e e
ŋ a f u t d ɔ
h w i s k p e w ɛ k o e e e
e e e e ŋ j a a k o
b a a j o o k
j i e e w i a k s a k o ɔ f l ɔ a t e e e
b a a a t s ɛ ŋ h ɔ ɔ
b a a a a j u b o k o
m ɔ ŋ j a a e e e
w a a e i s h w e e
a j a a a k p a h a e ŋ g b e
ŋ f a _ n k k o
b a a s ɔ s ŋ a k ŋ l ŋ s u
g b l d u k o
a y a
a k p e p ɛ b a a w e e
f a a e m e e e e
f o e e l e e e
ŋ e e e e
a m a a k o a l ɛ e e
w a a b a a l
a s a e ŋ f u t i e k k o
a s h p ɛ k p e w ɔ e e n e k o k w ɛ e k o
ɔ ɔ k a a h a w i s
ŋ ɔ k o k w ɛ e s o e e
ŋ ŋ d a k i k g b e l
a a t e s o e l a a a j e k o
b a a a t s w
ŋ t s ɔ a a f u
b ɔ k e e
b a a b a a h a j i
ŋ p a s a
ŋ k w ɛ ŋ ŋ m ɔ e e
ŋ k a a h e a j a a s o e n u k o e e
o k o ŋ h i ɛ b i k o
ŋ l e ŋ a e ŋ k a f o k o u e e ɛ t ɛ w a a
e e e e e e
_ n k k i e t u e ŋ k p ɛ e e
ŋ g b o b ɛ ɛ e ŋ h a e e
j a a f u t m ɔ e h a
ŋ t d u e e k o t a k o
b a a j o t a ŋ j a
a j o a f a l f e e k
ŋ f u b a a y
a t s w a f u t e e e
b a a b l ɛ e
b a a a a h e
h w i s h w i
ɛ m ɔ e b a s i n e k o
a b s i e
ŋ b l ɛ
ŋ s h ŋ f a l a k a
n e e e
ŋ ŋ f ɔ f ŋ j i ɛ ɛ
ŋ i k o s ɛ m ɔ
a a w a a a h i j o o e e e
ɔ f l a i e e f ɔ k o e e
t s ɔ s t s ɛ ŋ t s i a a h i
b e l a s a k e e
t ɛ w ɔ k e e
ŋ t s ɛ e f o e b e l
ŋ k o t ŋ k a f
a t a a y ŋ s u m h i k o e e
h e e e g b i k a a e e e e
a a d o o l ɛ m ɔ e e
ŋ ɔ f l
b a a a a d i d ɔ i a g b o
b a a w i s h a h a a j o
j e e e e e
ŋ ŋ t a f a i e e ŋ l e h e
ŋ j u ŋ d a
a a k ŋ s h w l a e e e e
o e d ɔ i k o
w o s o f a f e e e e
a b e e
a a b o a n a f o e ŋ s e l e e
ɔ f i e k o h i k o
ɔ s e a l ɛ m i m k o
f e e f a a a a e
k p ɛ t k w ɛ k e e
t s ɔ s ɛ t ŋ k p a k o
g b l ɛ a y a f e e e e
m ɔ e e b ɛ ɛ k
g b e l d a k o s w k o
g b o k k p ɛ t e e
b i e e e l e k ɔ s e k o
ŋ f a b a a w
ŋ j e l ɔ k o t ɛ k a a d i t ɛ k t s u k
a a y ɛ a i e j e k e e e
a a n ŋ h a ŋ a ŋ f ɔ f ŋ k a f e l e e e e
b a a j a a l k o
b a a m a a k i m
l a s i k
ɔ i k w i a e e e
ŋ u m ɔ e a j a
a a n u a ŋ m e e e
ŋ a e e w o s o k u n
i a a a h ŋ s ɔ e e
n k w a l a k s e l e h i e e k o
ŋ d ɔ i e a l a ŋ y e _
ŋ ŋ s h ŋ k p a g b o a t ɔ i k o o o e e
b a a ŋ a e k a i
k o n k u n a a y a b l ɛ h i e e j u k o e e
l ɔ k o l a e e e e
e l e k a g b
ŋ a a m ɔ d i k s u
m a a s o e e e e
b a a d p ɛ t ɛ
ŋ w a e e
a a f y e
ŋ ŋ l k w ɛ k ɔ ɔ k o
ŋ w i s h p ɛ
_ n s ɛ k o s a k e e
l ɔ e
l a e e w a e e
ɔ l e a s a h i k o h a e e
n i m k a f a a
a a f f l ɔ a g ŋ b ɔ e l e e
y ɛ k n e k o k o
ɛ e a a t a
ŋ b l ɛ u m ɔ
e e k b i e e ŋ w o s e e
i k i e j i e k j u k o
h e k o a y e
ŋ l h a k p ɛ h i e e e e
o o e e ɔ ɔ e e b a a j m ɔ k o a a e e
b a a h s ɔ l e
ŋ b o e e
m ɔ ɔ e a a y ɛ k o
g b o e e
b a a b a a ŋ k w ɛ
j e k k a n e a y o t a o o e e n i k o
a a d u i e k o t e k o
b a a a s u ɔ l ŋ j i e a l ɛ l a e
ŋ ŋ w t u e
h i e e
ŋ s e ŋ k p
h a e e k o
b o k f ɔ f i n e
a a f u
b a a m ɔ e a g b f l ɔ
j e k o k o
ɔ ɔ k h e e e e
y ɛ k o ɔ l e e k i k o ŋ b o a f ɔ f o k o
ŋ f u a k
a e ɛ m ɔ k ŋ j e s o e e e
ɛ m ɔ ɛ m ɔ k s a e e e
w a e ŋ f o a h i ɛ k o
b ɛ p a a i k h e e e k o
ŋ l e e
i n e h i a f u t m ɔ ɔ a h i ɛ b o k o
m ɔ ɔ l ɔ k o k o
i n ŋ k p e e e
a j a a i e k o e e
b a a l t s u e a h e e
ŋ j a i k i a a f a
b a a g k o
n e k o k o
a a s e a w a f l ɔ
g b a a w y e _
t s w a e e
ŋ i ɛ k b a a n k u
b a a a a f a a a ŋ m
ɛ k u n i
f ɔ f l b ɛ ɛ e a y
s ɛ k o p e ɔ i e e k o
i a u m ɔ k
d a k o k o s ɛ e h i ɛ e e
ŋ k p ɛ a i k o l ɔ e e
a t s s i n e
a y l e e k u a a t e e e
i e e e a a j o a h i ɛ
b a a y s h w s ɛ e e
ŋ ŋ t e w a k o
d u k o a s u t ɛ e e j u k h e k b i k e e
ŋ f a a ŋ m a a a y a a k p k o
w a k _ n k u f l ɔ k e e
b a a a s a k a a j e
n u e f ɔ a a m ɔ
ɔ l e a g b e l e d u e e e e
ŋ a k a ŋ g k p e k
s a e a ŋ m
m e ɛ ɛ e e o o e k u
s ɔ s j o o e e
u m ɔ k h ɔ ɔ k
ŋ t s ɔ h i ɛ k j a a a w ɔ
b a a ŋ k p h i ɛ k
ŋ l e k o
i ɛ k o i a k d a k o
a k a i w a a e
t s i ŋ k w
ɔ f l a a s e e e
b a a ŋ t s i a g b o
a b o i m k o b l a e e e
n e e ɔ ɔ k
b a a j o o e h i e
s a e e e e
n u e u m ɔ e a n e e e
o t a k b a e e
t s u k w a k e e
ŋ ŋ y e
a w ɔ l e e e e
b a a k o p a s a
w o s o e e
t e e k t ɛ e e e e
d u ɛ ɛ k a a d u e e e
ŋ s w t ɛ k o a g ŋ j a a
b a a ŋ t s ɔ i ŋ k a n
ŋ b a a f a a d i
ŋ y a a l a t u k o e e e
ŋ b ɔ j e e e
ɔ k y ɛ
ŋ s ɛ m ɔ
m a w ɔ k o e e
m ɔ e a b ɛ e e
a l ɛ m ŋ k p t a k
b a a d a k ŋ k p a
g b i h i a i k e e
b a a o t a k
ŋ j u ɔ f n i m k a g b o e e
a f f u t ɛ e e e e
a a k b ɔ k o
b a a m
a t a b l a k e e
b a a d a k b e l
a i e k o
a b l e e
j u k o f a l e e
b a a a b ɛ ɛ a h i ɛ
o t a d ɔ i ŋ ŋ a k o
i n i ɛ e
b ɔ e e o t a e i n e e a a s ɔ a n e
ɔ e e a y e l ɛ e e
e _ n k e e e
f ɔ ŋ g b l y ɛ e k p e k a a t s f a e e
h a e l ɛ e t a e e
a g b a a y ɛ w o s
i n e k a n e e
f ɔ a g b l a n e b ɔ k o e e
a b l ɛ e e
t a a m ɔ
k a f k p ɛ k o
a l a e
ŋ ɛ e m e e
a h g b i h a k o k o
s i e e o o e e
ŋ f e e e b o e e
ɔ f l ɔ s a k
i ɛ e e p e e k o
ɔ s e k d u a j a a k o
b e l s u m ɔ h e k a b l ɛ a a n u a g b e e
b ɔ e e e e
ɛ m ɔ k a a t s y ɛ e e e e
k u n i ŋ s u a s ɔ l e e
a w a ɛ t e e
a i k i m e e
b ɔ e n u e e
ŋ d a n i m e a k a i e e
i a ŋ s e k a i e k i k o
ŋ s ɔ e e
o e ŋ m a a ŋ d a
ŋ a l a k ŋ t s i
ŋ j ɔ d i k i
a j o
ŋ k a k o t w ɛ k k o
a a s a d i b l ɛ e e
k a n e
m a s e k o
b a a s w s a
t u e a d i k e e
ŋ h ɔ ɔ a s l a e e e
t e e k
e k a a l a i k i
b a a k w ɔ i a k ŋ y e _ n k a k a f s o k a k o t
b a a a a h w ɛ u m ɔ e
w a a k k p e b ɛ a i e e e e e
a i e e i s o o k o e e e
g b l a a k a f t s i n b a a l f ɔ e e e
d a e h w i m i m k ɔ f l ɔ s e l e k o
a a m d u k o k i e
t a k o s o k
ŋ i ɛ k
a d i b l
m k o t a i s h w f a k o
l ɔ e e i m e e e e
ŋ f a o t s e ŋ h e
j i e b o e a j a a k o
b a a a ŋ m a
a g b o k u n i
a b ɛ _ n k u d ɔ i k o
t ɛ k k p e e
w i s k p ɛ
a a h i a a h a
ŋ y j e e e b i ŋ y ɛ k o
n e k k i e k o
b a a a j o ɛ ɛ e
n i m e a a y e f o e e e e
t u e a d
k p ɛ b o k o
b a a b ɔ k a k o t a b l
f a l j e e k o
ɛ ɛ e e b e k o
m a a e ŋ d u
ŋ n u l a k a w e e e
ŋ t e e b e l e
u n a i u m ɔ k k o
a i k f ɔ k a a e
ŋ a a f ɔ k w ɛ k
ŋ b a a j
b a a g ŋ s e l
ŋ a s a k a h
a d i k e l
a a f e ŋ k a a ŋ a
h ɔ h a e f u ɛ m ɔ a a f t a t s k o
d a e n e e e a s
a g m ɔ ɔ e w ɛ e o k o
ŋ ŋ m a a w a
o o e e s u m ɔ
a ŋ m a e e
s u k o b o e e
b o k a s ɔ ŋ t s ɔ
b a a y e i m e e
l a k o u n i
ŋ k a i b a a w e e
y ɛ ŋ t e e e e
k p e e e e
a j i e a a f ɔ w ɔ k o e e
b a a a a n u s a k a a h
b a a a a ŋ m
e e e s a k o e e
ŋ t s ɔ w i a k e e
ŋ k o
ŋ b a a s ŋ j o t s i
ɛ t ɛ k k o b ɛ a d u
s h w i ŋ k w ŋ s u e e
d ɔ i e e e i a k s o k
ɔ l e e e
b a a ŋ s ɔ l
f a e e
e _ i a t u k i ɛ k e e
d u k o ŋ w a e e e
f a a k a j u s i k o
a j o o y e _ ŋ d e e
b a a j j a ɔ e e k o
h e k
w ɛ e ŋ a a a d a e e
s e e l ɛ e e e e
a t e ŋ d i
ɔ s b a a d t a e e e
u n ŋ f a a d a ŋ m ɔ e e
ŋ j a i n e e
ŋ d i o s o e k o
h e i a k ŋ s ɔ e e
i m e
s o e e l ɛ o s s e k o a a w ɔ t s i e
ɔ i k w ɛ k
a j n i m t s u k k o
y ɛ t s w e e
t s ɛ t a k ŋ b l ɛ
l a k o
b a a ŋ b a k a i
s ɛ m ɔ g b t e e k e e
ŋ _ n k u t s u k a j a
ŋ p a s a h ɔ ɔ
a k w ɛ l ɔ t u e e l a e e
u m ɔ e e e
b a a ŋ l ɛ w i a
ŋ t s u h ɔ ɔ e h e e e e
d i l ɛ m a a j e e
a t s ɔ i a e e
a a b ɛ a a f e y a e e e e
ŋ j o o w a a k
a a f a e e
t s ɛ e ŋ k a i
b a a l
a s a l a k i s k o
s ɛ e e ŋ n u
ŋ y ɛ b a a k w k o
g b e l w i a k o s o e
a n e e
ɛ ɛ k o s ŋ d a k o
a f u t n i m ŋ j e k i a d u ŋ g ŋ m a a
k i k ŋ f e e e e e e
a y e _ e e
d u e a y e e
ŋ f a ŋ f e e e e
h i l e e e
h a k b e l e e e
ŋ l ɛ m ɛ ɛ e e e e
a y ɛ ŋ h ɔ ɔ t s i
a e ɛ e e e k u k n k u n i k i e e
b a a a a w o ŋ a e
a a j t s w a a k w ɛ
f a k a i k
ŋ i e e e
u t u k a i e o t a e l ɔ l a a a ŋ a e e
f a l ɔ i
n k i n e e y ɛ k o e e
j o o o o t u e a d a k o
ŋ h e k o k w ɛ
u t u e ɔ e a a b l a s a k b a a ŋ e e
p ɛ t s ɛ k o s u e e e
ŋ b ɔ a a l
k a n ɔ ɔ e g b i k
ŋ h a ŋ f ɔ f k o
m ɔ ɔ k m ɔ w a e e
e l e k ŋ y e e
s ɔ s e d u s ɛ w ɔ j a a a d b ɛ ɛ e a d a e e
ŋ w o s a a d a t s i n
i m e ŋ s u m g b o
b a a y ŋ d u b o s i e e o o a a
ŋ n u e k e e
_ n s e k o
b a a y ɛ k o s e e e ŋ j i e
u n i m w ɔ k o k o
b a a k u n i b i e
ŋ a t e b a a i e
_ n a j u h ɔ ɔ e ɔ ɔ k o
ŋ s i k o
j i e e e e e
b a a n e e
ŋ i m k t s ɔ t u k o
ŋ i a k o a n e e o o
ŋ w ɔ p e k d ɔ i k
b a a a g b l m a a l ɛ u k
b a a i ɛ e d ɔ b ɔ k o
e l e e d ɔ b ɔ e
b a a f o k o h ɔ a k p ɛ m k i k i k
i m e
ŋ l e k a a l ɛ ŋ g b l y a e ŋ k a w ɔ d
k i e e
a a h a k o
a g b ŋ g b
a a j u s ɛ e e e
s u e e b i e e k a i f ɔ f
ɔ ɔ e b l ɛ e e e e
s u m k a ŋ b ɔ
w i s h ŋ h ɔ y ɛ k o
u m ɔ t s i e j e k o
a k w ɛ b a a j a a k a e e
ɔ d ɔ i w a a j a a e e
ŋ g b i k a b ɛ
b a a ŋ j l ɔ e t ɛ k s ɔ l
ɔ s e k e e
ɔ ɔ e j i e f o e e b l a k e e
d ɔ m ɔ ɔ
j u e e t s i k d u e e
y a e e l e e t u e e e
a j a w ɔ d
m ɔ ɔ e e
e l e k b l ɛ k e e
ŋ ŋ m ɔ u t u e e
b i a f u t a w o s
f ɔ a k w
ŋ f l a a y e
ɛ t ɛ k ŋ t s ɛ e e e
a a l ɛ b i k e e
t u k h i ɛ k k o
i e e e t ɛ k o k o
ŋ b a a n a a k w
d u k e e e
h e e a a g b ɛ m
ŋ t s u b l ɛ e a ŋ a
ɔ k o a g b l d ɔ i e u n a j u
p a s ŋ h i w ɛ e e k o
a a h i e e e e
ŋ a a j a t s i a k o
u n ɔ s e e k o
h ɔ ɔ k s e k b a a h ɔ ɔ ŋ t a
w i s e e
b ɔ k o m ɔ k o ŋ m a
ŋ a k p ɛ a a s e
a a b l o o k ŋ k a i e e
a l f a l a p e e e e
s u k o ŋ h i b a a y
a a e e k p e k
ŋ m a t s i a s
b a a a a f o
ŋ f o
ŋ w a a f
a h i s i k
b a a e e k g b l a b o
ŋ h i ɛ w a k
a l a k h a k e l e e a j o e e
j u k e e
h i ɛ k h i k k o
ŋ s e y a e a a j e
t s u o s o m a a e
b a a i k i e k u n i
ɔ f l h e w a a
a ŋ h ɔ ɔ e
ŋ m k e _ d a e _ n k
a f o k l ɛ a a j i
ŋ m a b a a ŋ k a
ŋ y a
b a a y a e e ŋ a k o
d ɔ i e g b o a a ŋ f e e a s a e
a i e e
s w a a k o
n e e e e e
h ɔ ɔ k j a a e
l a k o ŋ j o o k o ɔ e k i k ɔ l e e
s h w i ɛ t ɛ e
a n e e _ n k o
ŋ t ɔ d ɔ a a b ɔ e e
a t s a y a ŋ s h k o
b a a a ŋ h i k o
ŋ a d a ŋ f e l ɛ d a
a a d i ŋ d i
ŋ k a f g b o e i n e e e
ŋ f a a n u e e
b l ŋ k o t k o
ŋ a k p e ŋ w ɔ d a s a k t ɛ k ŋ t s
ŋ o s o a w a s i k
a g b e a l
f o k ŋ h a a k o t
ŋ k a a e j e k ŋ h i
ŋ f a h ɔ ɔ k s h w
t e e k ŋ t e h ɔ
y ɛ e
u e j i e e a h a e e
ɔ l e
a a w
ŋ n u ŋ y a
b a a b ɛ ɛ t s ɛ m ŋ m ɔ k
a s a k ŋ s h n k k o
s ɛ k a k a ŋ k e e e
ŋ y a a a g ɛ t ɛ
p ɛ t a a w o n u k o k o
n i a a b ɛ e e
i ɛ e e o o e e
a b e e
y ɛ k o
a j o ŋ k a f a a w ɔ
e l e e e e k o
ŋ t t ɛ k o f a l a t s a d i k e e e
ŋ h e w ɛ e u m ɔ
a a t a h w i s o s o k e e
a w ɔ k i e l ɔ k a f ɔ b l a e g b i k e e
ŋ t e e e a a b m ɔ ɔ e a w ɔ d j o _ n k u
a s w i a e e
b a a s u k w i a k
o e e a l i s
t u f l ɔ b a a j e e
b ɛ ɛ k
l ɛ a s h ŋ w ɔ d
ŋ h s a e e e e
b l ɛ t ɛ k g b i k
ŋ e e e e a f o e
ŋ ŋ y e ɔ s e ŋ a e e
ɔ f k p e k e e
ŋ l a e e b a a s e a a g b
i m e e
a ŋ m b a ɔ ɔ k
ŋ h g b
a a b ɔ a s a
b a a a w o s e l
ŋ j i a e e a a y a h i k o k u n i
h e a t a ɔ l e e e
u n i a f o k e e
m k ŋ j a u m ɔ e ɔ l e k e e
a a f ɔ u m ɔ k a a k
b a a a t s i
ŋ ŋ l ɛ m s e k
j u e f ɔ
