k o l i n g a
k o l i n g a
l i n g i
l i n g a k i
k o s i m b a
k o s i m b a
s i m b i
s i m b a k i
k o m e m a
k o m e m a
m e m i
m e m a k i
k o b o n g i s a
k o b o n g i s a
b o n g i s i
b o n g i s a k i
k o t e k a
k o t e k a
t e k i
t e k a k i
k o k o m a
k o k o m a
k o m i
k o m a k i
k o k e n d e a
k o k e n d e a
k e n d e i
k e n d e a k i
k o v a n d a
k o v a n d a
v a n d i
v a n d a k i
k o y e m b a
k o y e m b a
y e m b i
y e m b a k i
k o t a l a
k o t a l a
t a l i
t a l a k i
k o y e k o l a
k o y e k o l a
y e k o l i
y e k o l a k i
k o z u w a
k o z u w a
z u w i
z u w a k i
k o k a n g a
k a k a n g a
k a n g i
k a n g a k i
k o s o m b a
k o s o m b a
s o m b i
s o m b a k i
k o f u n g o l a
k o f u n g o l a
f u n g o l i
f u n g o l a k i
k o y e b a
k o y e b a
y e b i
y e b a k i
k o y i b a
k o y i b a
y i b i
y i b a k i
k o l u k a
k o l u k a
l u k i
l u k a k i
k o s u a
k o s u a
s u i
s u a k i
k o t a n g i s a
k o t a n g i s a
t a n g i s i
t a n g i s a k i
k o l e l a
k o l e l a
l e l i
l e l a k i
k o s a l i s a
k o s a l i s a
s a l i s i
s a l i s a k i
k o p u l i s a
k o p u l i s a
p u l i s i
p u l i s a k i
k o b e n d a
k o b e n d a
b e n d i
b e n d a k i
k o t o n g a
k o t o n g a
t o n g i
t o n g a k i
k o l o b a
k o l o b a
l o b i
l o b a k i
k o y o k a
k o y o k a
y o k i
y o k a k i
k o f a n d a
k o f a n d a
f a n d i
f a n d a k i
k o k u f a
k o k u f a
k u f i
k u f a k i
k o b e b i s a
k o b e b i s a
b e b i s i
b e b i s a k i
k o y a m b a
k o y a m b a
y a m b i
y a m b a k i
k o k u t a n a
k o k u t a n a
k u t a n i
k u t a n a k i
k o y e b i s a
k o y e b i s a
y e b i s i
y e b i s a k i
k o b a l a
k o b a l a
b a l i
b a l a k i
k o z e l a
k o z e l a
z e l i
z e l a k i
k o s e k a
k o s e k a
s e k i
s e k a k i
k o m e l a
k o m e l a
m e l i
m e l a k i
k o l a m b a
k o l a m b a
l a m b i
l a m b a k i
k o p e s a
k o p e s a
p e s i
p e s a k i
u n g l
n d e k o b e d
o v a u i t a n i
y e k l
o v a d
k o m k o k a g
o k e d
k u f k
e b k u t n
l u k k s e m i n g a i
t a n k
e k o i k o p s
e l i s a k
n g o l i s u t
o t e a k o f n
n d i f a n a e k o
o s o b a l i i
n g o a k o s
l i s e l e l a
a l i a w i
o z u a n d k
d a u n g b e b s
g a k
n g i v a n i
k o p u w i
b e b n g a i k o k n
o y e o
m e m k a n a
i b a k o z w
e l i
n i a n a o z u a
w i
e k o a a l i a
s i m a k e a k a
t o n a n i l a k
i m l u k v a
f u n o
n d e k e n
k o s
e b i w a k
o n g k e k o a
a n d m e k o p l
k o k t o b e
n g a i
o p u l i i
o l u
u l i i f a k
e a a n e m b o k o
e l o t o g u i k a k
k o k o l a i
k o y
o y o a
e m b a l a n g s
o s e w a k
l o b s a l m b a i
n d a i
k a n i
g i s k a n i
z u w
o k a g w a k l o b
k o k n k o m
p e t e u t e k a i
k o p s
o s e n d a
e b
s o m a
a l i a m e l k
o b e d o s k a n a
v a n a z u
l a m i e k i
o m a
e m b k o s a i
k a k b i s k
k o l l m b a b i s
g o l k o y e o
o y a o y e i
l i n i g o l k o v n
k a t o
o k u
e b i e k a v a o y e b
a l i a o m b l u k k
s e
u t a i
o k a i k o v n
i s i b a k n g o a
k o f n o b o
y e m
n d a i e n d a y a m
o l o a
k o f n i b y e k
o t o g o z e a
o s a m b i
b a l
e a
b i s l u k k k o s k
k o y k y e m i s
u f i
a m b k
v a p e
l i s s i m i
l u k
s u
u t a i n d i a m
o z u
e l a i
a n i
e b i k e
z u e n
n g a i o l u a
f a n k o p o f u g
o f a
u t a a
a m
k o b l o k e
o t e a n y e k
u t p e d i
a k a
n g i a o y a b
y e k l k o t n
n d e k e s k o l
k u f k o y a
o v a i m o l a
k o b n b o n i
l e l k
i s i s a i
i s i e m
u k a f a k e k o
g a k k o y
k o s
y e m i f a n o f a d
u w a s o m i y o k k
e l a
o v
e b o k o y a m a
i s a
s a
t e k k
g a k a n g o z a n i
b e n e i t a n k
t a l t a l u f i
e s i y e m a k a k
o y a
e l a i y e b k
s i a l i a
o p u i
f u n o o p u
l e l
o b a
v a b a l k f a n a
g o l
a l i
k a k
v a n i
o p e a
k u t n k o z l
o y e b
k o l m b o n i
m e m k l i n a
a k a o s e a
o n g k o v a d
e k o i
u t a a n a i k o k n
s u a i u f s e k
o n g s
o m a
e m o m a y e o b i
u l i
z e s o m i
k e n e o p u e m i
k u t n f a n
k o p s z u w k
a n e b i a
t o n i k a n i
g o l k m a e l a
l a k y o k u l i a
a m b k l a s i m i
d a k m e m k k o b b
u l i a o m a i
e s i b e b k o z l
f a n a t a
k o k e b a i
e s k o m o t o g
l e l e s a
o t e a k a n
t e k k
o l u a k o l b
w a k e a k
o m a i b e n k o s k
o v i s i
d e k o k t f u n
o y o a
d e a k o s m o m i
a n d k
n i o k a i o y a b
o m a i
o y a b o n
d e a i
l u k k k o k m
f a o k i
p e k o y b
i b k o z l
o y e o s u
a n g
n g o i
s e k k s e k
a k a g u w a
w i o l a
y e b m a k u n
t a l k u n g l o l u
o y i a d e i
o k u a n g o i
o f u k o l b
k o t l
a l m e m k o p l
o t a g o v a d
o s
o y i o k a e n a n a
l i s
o l o o l i
t a l k a n d k
k o t k
i s a i
o l i o s i b
o l o a a k a
o b a p u o s a i
b o n i t a s o m i
y a
a k a g y e k k o b b
o n g s l u
k a k o f n
o s o o l o
e m b k
t a n i y e u w a i
o l o a o m
a k a g n d e
l a b i s k
k o s m a l a i
k a n o k e
f u y e k o y k
o k o a
i m e b i a
k o z l i s k
e m a k o n g k
g o o m e a o t o g
b i u w i
o n g a l a
d i a k
o l u o s i b z e l k
o b e i
y e b s
t o n i m l a
k a n o s o b n g o i
o s i b k e
v a n i l i n a y e k
s e t a l k s e k
o b e i y a m a k o v
i n g k
i m b k o k i o y i
y a m a o l i
o z u n d s o m i
o y b i s k
o y o a o m i
k o p l
k o l b o y e b
i b a i i s a i
k o y k o k t
t a n i
b i s y o k
k o s a
o t e k o l b
m e m k
p e s k l u
l o s u a v a n l e
b i s o m i
s a l s
o l a b d a
e s a i l o b k
a m b g o
u w a u w a a n a
k a k
e s o s a i
d e y a o y o
k o s u k k o z l
o t a b o n
b a l o y e b
k a k
a k i n d
d e a
o y i a
o l i g
e m a i
e n d
e n d k f a n
k o z n a k o l m
n g k o l
k o s
b e n g i
y i b e m i
o k e d
y e m i e i
l o b k
i s a i o z e i b
b o n i
o t k o y b
o t a g k o s a
b e b s v a n a o l o a
o s o b n d a i
n d i o k a g
y i b k
o k u a b a l k
k o z w o k u a k o b b
a k i k o s a m a k
p e s k o m m k o b b
k o k f
o s o k a n a
z u e m b o y e o
g i
i s a
o p e a
k o t n i m b
o y a a k a
o s i b
u n g k o l l
b a l t a n f u
a n a s u i a n o f u
y a m k o b l
t o n a a k n d
k o l m k u f u n
f a k n g i a
o f u g
l o s a l u k
e k a i o m e a
t a l k u k a l i a
y i b k
e n d i
o l e o m b
o l a b o l a i
o b a i
b e b u k a i
k o l l u k m a k
o s m b s o
k o k n b a l k
m a k o m m k o v n
o y e o o m b k a n d k
o s e o l u
s e k k p u n d a
o v a d s i m a
a n k o p s
y e b s
o b o b e i k o t
o t a g t o n
b e e l i
e s a i
y o k y a u k a i
a n d k
u t
k o s l o s u a k i
k e n o s i b
w a k k o y o k u a
g a k s a k
z u w
e n d s i o k e d
o y a m e l m b i
s a k o b o g
f a n i
o s a i y e k
i n g
e m u w k o t l
k o v n t a l
k e u f d e e a k
z u k o z w y a m a
o k a g u w a k o t
k a n k a o l a
o m a i
e l o z e u k i
o s o
k u t
v a n i
l e k e a n i a n g k
k a n
o y o a
b a l k k o f n o f u
k a b o n i u w a
a n i n i o v
l o b k n g i a
o y e a s o n g i
y i b
t a n k
s i o k o
s a l s
a l i a o y
o s o y a m a
u n g n g i o y e
u f i o k o k o t k
o s a u l o m b
o y e i
e l a e b a i
z e l a n d
p u l u l i i
l e l u f i t a n k
o v z e l k k o s k
z u w k a m b k
k o s l o s a i
e b a i
o f a d
n g o a
m e l e m a g a k
o k u
u f l a m i
t o n a m
o y a b t e b o
u n g o
y e m e
y e b s o m a
a k i
f a n i a l a
e n d k a l
k e n o y e i k o t n
o y o a
o k a i n d a i
t e u f a i
k o t l u t a i o b e
k o s m
o p e a l i t e k
t a n k o t e a
e l a i o f u
g i s d a
o s a k a n a o m e
k o y m
o s a i
e n d
f i k o k m b i s
l i n i
u f i k o z l y o k k
o b a i m b k
d i a n g s k o m m
e n d i
o m i
o b i o m b k n g a i
o l e z e l k l o b k
k o s m
l o b k s u a
t o n i o k e d
e s a
o l o a e s a i i m
l a m i
l o b k
e b a i n d
z e l f i i s
d a p u f a
o f a d k o s k k u f k
p u l s o k a g
k e n y e m a
e s i o b e
k o l k
y a m i o l i g o l
b e n a o l i g
o y a o k e v a n a
l i s
m b a e l g i s k
f a n
e m b k e s a i o p u
k o v
u t a a e l a m b a
f u y e m a o y e
l a
v a m e l o f u
v a n i
o s o u t a d e i
o t o g
b e b s o b e i
a k a g y o k k
b a k o k e d y e m a
i s a o l e m b
u w i g i s e n d k
a l i i n g o a
o p t a l k o s l
k o t k u k i
e b a y e m a
u f a m b a i
s i m n g a i
d e a i
u l l u k k k u u n g l
y e b b e b s s a
o b a k o z
o t o g
s u
f a n a o l o a
k o y k e m i
o k u a
a n
s o s i m i
o k a g
a n g
o b a a a l m e l
l o b m b b o n i
d e a i k o p l
n i y e m
z e l k
n d e k o y o a
k o l b a l
k o b b f i z u w
u t a o y o
e s i k e n e
k a n o n g k
b o n i
d e a e s f a
f a l a k
a n a i o k a i
l a m e l g o e b a i
n g o i o t a t o n
o b o g
e n d i y e k l
n d a k o f n e b a
o y o
o p u i
e s i b i s k m e
k o z z e l k
a n g s o y
o b a a e i y e b s
f i b i s k
k o z w a l a y e b k
u w a i
l a
o l o v y o n g o a
b e n i o k a
o m i o t a
e k o a m e k a k n
o m b k o y e
l o z e l k
a m b k
k o s m
l a m i i s i o n g k
p e s e k m e l k
k o v d a k e k a
l a o l a i
k o t n u f a i
k o p l o f u
e m a i i n g l o b
k e t o n i w i m e m k
f a n o t o g n g o i
k o v o m b k u l i
o s e a a n g s
a n d b a l k
f u k o t k
o l o k o s a
k o z l
k a n i e b i a
a l a k o m k
u a k o s i
s o m i
o t a g o f u
o n u w a
p u l o s u
o b i l a k a n d
u w i y e t e k
o y i o y o a
s a l s k o t
n g o a e n k o l
a k a l u k k
o t a a o s o
o y e b k o l b
p u z u e s a i
e k o i
b e b l a m a l i s
o k u a k o l b
u l i i o l i g
f u e b o l o a
g i s k o t l
s u i a n
u k b a k u t a
n g a
e s a i k o l b
f a n a
e k e s a
z e l e l k
i s t a l m b a
k o k f
s u a l i i k o l b
o v a d
l u k k e s a
o k f a n a
o m i m b a y e
n a k o m b k s u i
k o m l k o s m s u
b i o l
k a k l a f a n a
s o m a
o l e a
o b e d k o k
e a o k a u a o b o g
k o p s o m e
o v a d
n g a o k u a
t a n i
d e i s u a
u w k o t l o v a
z e
u f i
u i
o z y a m i i s
u n l i s
o t a g
l i n a i b a u w a
t o n i o k a g
a n g s u t a
f i k o m k u w a
k o k o k u o s
g i s k m e m
e m a
n d e
a k i v a
t a s e k k d e a
o k e y a m i a l i
l u k k e s a i
s o m o l o a o y a b
l a o s i b o m e
z e l k e k o i
o n g k y e k
u f m b i k o t k
y i b k k o m l
g i s k
z u w k o s i
p e s k g o l k
o l i e s i
z e l
k o k m
e k o i u k a o s u
o b a o l o k o y k
g i s
a n d o s e a
y e m y e b s
e k a i
t a l t e k
n g o p k o m l l a m
o m b u n g
l a d a s e k
t a n s o m i
e k e l a y o k
u f a y o k k o l u a
b o e b a i k o p s
g o
o f a d i m o y i
n g a i
y e b g o k o b l
o b a
y o k k t a n s u a
l o b k o v
e m a i m a e k i
b a l
z u w z e l g o
i b w a k f a n a
t a l k
t e k k d i o v
u t f a n i o y o
o p e u n g l u f a
o l i n g
g o l k
k u f
l a k o z u a
f a n a p e s k
o z u p u l s f i
o l u a
l u u k a m a k
k o v n k o
k o t n o f a d
o f n g o i l i s
z u u l i i o b e d
u a k b o n i
o t o k i l i s k
m a k k o p u k i
y e n g a
n d e k
n g a i l o b
b a l k z e e n d
k o k o z i m
o k e
e m i t a l u w w a
n d e k
o t o t a
f a k i k a k e n d k
k o l k l o b k
u w e b i o s a i
o z e s i m a o s u
o k a i
o m i i b a i
y a m i o y i
f a n
k o z y e b k l a m
u w a i
o y o a
s a
n g i a o p
o v a o n n a k
s e u n b o n i
t a l k l a m a s u a i
e m a v a
a n d y e k l
k o l k o k t
t a n i
o b e o v a
f a n
e a w a e m f i
e n d k
o k i
n g a i s u a l i s k
l i s k
w a e m a i a l a i
a l a k o t l g i
g o l k a n g
s a l a m i k o l
u k k u f u w
k o k b i s
i b a i l u k k
f a k a k a k u f k
k o m o s i b
a l a i
k a k y e b
i b u i n d a i
u w i
b i m e l k u k a
b e k o v n
u a k o y o o m e a
y e m i
e b i i l o b y o
y e k l p u l s
t a l k o k a u l i i
o p e a m b l i s k
v a n k o l l
g a s o s i m i
u f i o k u a
k o b b z u w k
i s i m b a i
o n g k
o m
e n
i b a i k o b l
l i s k
e s i n s a
l i n k o f
o b e d
k o k a l
a l a i
a l i i
d e i o l e a u a
k o l m
t a l k o b n l e
t e k k
b i z u o s o b s o m
o z u a
i m b k o s i p u l s
n d a
o m a i a l a i
t o f a n i
u l s i m i u a p u l
o t e y a m i o z
k o y m k o t k
f u p u l f i
e m a n g o a
p u o p e
k a n
o v
y o a n a
s a k y i k o m m
e b i y i b k a k n
a n d
l u u w a k o z w
k o p s m e l
l i n i l u k k
k o b l o n g s
s u i
a n g s e m i
k o z l o m b k o t l
u w i d i g i
o s o e m b
o y e o m b i u f i
u t a i o p u
k o m k o z e a
y i b k
d e b e b s k o k f
e a k t o n k o p
a k g i s k
l o y a y e b
o f s i m
z e l i n i o t o g
o l u u l i a
o k a i e a k
t a n k o f
t a o k a i
o k u a f a n
k o l k
k o m k g a k e n e
u n g l n d
k o k n e m i o m
k a k n
o p u u t a i o l e a
k o k s e k
b e n i
k o s a o p
m e l i n i
n g i a u n b e n i
o k u l a k
b a k e s a i
o l a
e b a s i m y e k l
w i k o m l y e k l
k o l k k o k m o s i b
e s o s o k o p l
t a n i
k o z
y o k k o m e
a n
n g o i
d a o y o e s i
o f a d o t e a
s o t a n k o p l
k o s k m a k o s i
b e n
u w i
a m b o t o g a m b
k o l m y i b k o s a
o y e a
b e n i o f a g a k
y e b f i e l a i
o v a d k o y k
k o s m e s i l i s k
o l a k o p s
v a n i l e l k
o t e a n g o a
a m w a k n g o i
n g o a
m a
k o z l
u f a i
n d a
o b g o l l i
e s i a k
e a s e e m b k s e k k
n g n a k o k u
k i t e n i o b a a
i s a i i b a i
g o l
z u o s y o y e b
o t o o k i o y o
o s e e l a
o t e a b i s y e
f i o y i i b
k o y m n g a i
u k i u k a o b a
e b a k o l l
l e l k
m e m
o f a d y e b s
l i s i b a i o k u a
a n g k i s s o
l e l k v a n i
t o n v a n e b a i
p e f u n o t e
n d a o t o g
e a k k e n
b e n s u o t a g
u w a e n d a e k
k o v n
k o y m
o b o g
z u w k l o a n g k
k o m m k o t k
n g o i k o m l
o s a
b e n i o k e d
o l a k e n e
o s v a n
o f a d
a n g s v a n a
d e l i k o v
k a n i
y i b
o l o y o k o k a i
v a n i e a u f o b o g
u t a i o t a
l i n i l a s u a
u f o y o e n d i
o m b k
k a k t o n i a k
l i k o m m
i b a b e b s
d e i a m b k k o t l
o l a b
o s o b o y o
o k e d o l i
k o f n i b a i i s a
k o p s
f u n o
u t a a
s i m p u l s u w
y i b k b a l k
e l a i e k o i
t o n i
m b a
o f a
s o m f a n a
o s i b e k o i
s o m a o v a d s i m a
k o b l u n g l
y e k
l a m e k a i
t a l k o s i b
a n i e k o i
o y o i n g t a n
e b k o l l v a
o k u n i s e k k
o s e k o p l a m a
o f a
u w a k e n
s u i k o b b
u n e m a i n d e k
l e l
w a k a k n
o p u o v a
k o p s o m a i
e s i
o y e a
o b e
o k a g
o s e l e l k o m i
y a m a l i s k u f i
e b a i s o o k u
o b a
a l o y i a
u i o y o y e b k
z e k o s m y a m i
v a o l e o l u a
o k o a e m a
b o n g i
o m a i b
k o m m u n g
k o z w e n d k
b o n i o y e i
m b p e s k
k o b l
u n
b e b s
n g o o s a i
o p e a
s a l s a n g k
m b o k e d
i b a k o y b e b s
z u k a k k o t k
y e b l i s k
n d a o s i
g o o t o g
y i b i b
f u n
w i k o k f
d e a l a m a k o s m
d e a i
o z u a s o
p e s b a
b o k i k o m b a n g
k o f u t a a o b i
t a n i
k o m k o n g s e s a
l i
e a u i u a k f a n i
u k a i o b e
k o m k
t o n a o m a i
d e a n i e n d a
b e b o b a u w i
n g i i k o k t
l o u k a o t o z u
e m i o k e k a n i
f a k k o t s i
k o z l g a
m b a i n d a i
s u a m e l k o p u
l u k o l i g
m i o m e a
k o k b e n o z u
k u f k
k u t n s i m o s o
y i b o o p u k e n e
k o p s s e k k p u l
l e l u a e n d k
a m
s u p e
o b a i
n d o m b k u l i
e s v a n i k e n e
b e b
o y e b n g
o s e t e k k
m e m m b a i
a n i
o p u i d e t a n k
i s a i k o z o y e o
b a o m i
e b a f a n
z u w o v a d
s i m a u k a
n d e e m b k
y e b s k o l n
k o k n
g i s k o v a g a k
t a n k a m o k o a
l a m a k o f n
o z o y e a
a k i n e l a i l o b
o l o o s o b
l i n i z e l
b a l z e i s a i
u k a a n g s i m
i n e b i i u i
a n g m e l
l e
o s e a u k a i
o k a i m b
o y e p e
e m a o n g e k i
z e l k o b o
o b o i n g
o k a i n a k
k o k f
i b n d a
o z e g i s k
k o p o b e d
n a k a n d
o t a g o l o a
a k b i
e l a i o s
n g a
a n e s a i k o y b
l i s n a
u t o b e d
o s i b s u i
e n d i
t e k o s a
e l a o z u k u f k
k o t u n g l
k o b k o z
o p e a a k a
k o f n y e k l o k a i
k o z l k a n i
a k a g t e k
a l o m i k u t e s a
y e b n g o
i s i s u i o l u a
e l u t a i
u f a b e b s
d e a o l a b b i s k
o z u o s e a l a
o v a d e m i a l a
u w a i m b a
b o n i y i
o l e a
n g o k e d i
s a l s
o v a e m o t a g
o v a i b u f a i
o l o a
e k o a b a l k b e b
l a m a
d a k
u k i y e k a n i
o l i g
k o s l
y e k l t o w a k
k o z l o n g k u t
o v a n d i
b i s k u n
k u f k u k i k o m l
o y o a l u k m i
y e b k
o z u a k o k t
g i l u
p u i b a i
y i
y e k o y e
o l i g k o z
o t e a
o p e a k u f k o n g
e m i u l i a u n
s u k o m m
o m b
o s e
k o f k o k f
z e l k b i s
i s a i
o y i n g i a
n g a u t a a
k o t n y o k
l u k k
k o s a e n d i k o m m
m b a w a k k o l l
i b a a n g u a k
o k e
k u f k o b i
o l a b e k a s i m a
y o k o s l
o b a m e l
e a k t o n a
i n k o p s
o n g u t a a
b a l a l o m b k
k o t
f i
o p u
o k a i
b e n k e
t e k i m b
s i u f
o b a a i n g
b o n o k a
o y e e k o i
s e k
y a m a o y i o y a b
o y o a
n d e k u f i n
b e e k i o m e a
k o y o b e
k o b b o b o a k a
g o l k e o s a
y e k l
v a n a e s
k a k n o b o g
b o
o b o b e k i u a
o t a a
l a m i e b
k u o t a g
u l a n a i v a n a
e k o i b e
e b a i e n d i p u l
g a k o m e k o m
d a o l u a
o l a o t o o t o g
e n d a s o m i
o z e a
e b i i n d
p e s k
n g o u k i l i s
p u l s
e l a k o b l u f i
o l e a
m e a n a z e a l a i
o n g
o y i a
k o l m b a i
g i s k o y a b
l i n a
o l i n g k m b i
u n g l e m a a m b k
o v a k o k t
m e l o k e d
g o l i m b k i b a i
g o l t e k
u n o l o
u k a k o t l b e
z u o y e i
o m a
m e m k o s i
o n
k u t i s
g i s d a k
y o k k t o n
n d o k e d
a n a i
u l i e i m e l
i b i
u i o s o k o k f
t o n t o n i
k o y k l a m
k o y m
a n d y o k k a
n d a o b
n a u f
k o t l e b
o t o u w i k o l l
e k a
o s i m a p e s k
i b a t e k k
m i b o y a m a
o s e a
n d e l a m a
i m o s a
u f a
l u o s i
n g o a n d e
e n d
z e b i s k
e b u t a i
k o f
o y e o f a n i k o b n
b a l k o m b k
b e n a
i n k o b b
l i s k u i i b a
u n g l n d e e s a
l a m o k e d
y o k o n g s
k o k m e s a i k o b l
k a k n d a i
d a k l a k
k u t n g a i y e k l
u f a i n g a k u t
k e n y e m
e k a o f u g
l u
t e k k
o s i b k e n y a m i
k o y m o m b k
y o k k t a n
a m
l o o y e b
a k a g m i z u w k
y a m a
k a n g i
o k a i
o p e a
l u k k e b a
k o b b a n
o s e a
b i o v a
b e n a
p e
y e b k o m a k o z w
u t a
y e k l o m i a n i
o p u f k o v
b i u w i
k o f o k e d
o f a l o b i n
o s a i
o f k o m k i s i
s u a
s o m k o p l
b e n a o p e a
o f a d
d a b o
d a
l u k k i b i
o k a g
e n d i
o y e i s a k
l a k b o k i
i b i a l a o b e
u f i p u i m b k
u l i o m e y e
d a k o v n o b o g
b i s k k o p s
o b o
o y o b a a
e m b p e s k o t k
u l i l u
s i
l e l k b o k u
e s i y e b s
z e y i b p u l
f u k o l k t o n a
i m b p e s k
o f a i n g k o m k
s o m a o y e a
z e k o s k k o l n
f a z e l
e m a i g o l k
s e k k
o f u k o z l
o k u a
b e k o s k
g o l k a n d k
y a m a
e k o a
g o l k y i b e a
o n g s t e k k o z w
a l y o k k
s u a i u n g l
k u o l u a
l u k k
k o m
k a k o n g k
k o l
k o s m
k o z
o m e
k o y k
a k y e k l t a n
e b i k a
o l e a
s a l w a l i s k
b i s k
o b e
k o b e k a o v a d
b e n i i m
o b e i
l a
k o m k
s o m p e s k
l a k o l m s e
o m e
w i s a l o l i g
k o p l
t o z u w k
u k a i u t a
l i n i
o l o a k o f y a m
o s i b o k u
k o z
o p e
l u k o f o b a a
k a n a o z
e m i l i n a
n d a g i s k
u t a i k a n a
s i m i
m e l e k o i
k u f o f a o k a
y i k i k o t
a k i e k
m e m b o w a k e n
a n d k l u k o b e
o z u g i s o n
u l i a o l a b
w i o m o t
o t o
o y o a o s i
b e n i e k o a
a n g o z s i m a
f a n i
i m e l a o m i
e l a s o m i l e
o s a i
o s u k o l n e s i
u f f u d e a i
a n g s k a k n
e k o i y e k l
o k a g
e b o y e a
m b b a l k i n o v a d
o b a a
p e s k k a n
o l a b
k o k f f i
s o
k o z o v a
i n t e k
y a m i
t a o s u
o m b k u w a
t a l k
p u o p u i f a n i
e n p u l k o b l
n g i a e k a
s a l o n g k
k o t k o s k o m
k o k m v a n n a
t a n k y i b o m i
o m a i s a e m b
d e k o z l o m e a
s i
e l o t e a
b a l k s e k i n g
e b a o y e b
a l a t o n i
e s a y e m o z e a
z e l y o k k w a
k o b
n d i n d e
o t o z u w k t a n k
s o m a n g s o t e
n g i i
u n f a
s i t a n i e n
k o y b
y a m o m e a
i s a i
v a
l i s o v a u k a
f a n i
o k a i m a
s e f u n t o n a
g i o n g k
k o z w o k a
k u f k o m e
z u o b e i s i m a
t e k o m a l u k
w a k a l i a
o l a i
o l e k o v n
e i a k i
a n d k o m m
k u p u l s o k a i
k u t n f u n
g i o l o
o l e
k o b l k o b b
o s a
t e b e n
n d i s e k k
i m b k o s m
t e k o l e a
o m b
o k u y e m a k o b l
u n g l
e m i o m b k u t n
k o z
i m t e k k
u f g o l l a
y e
m b
o v a d
t o n o k u o y e a
k o z l
k a k u k
o b e a n g
a l e n d
u n g l n a e a
o t e a n g k
n d e o l a k o v
e k o n g k
n d e o t o g
e b a u t a i n d e k
e b a e m l i n a l i
o b o g
o n g k y e m e l
b o n i d e a i o y e a
l u d e a n g i
o t a a o y e
a n a i
e k a i o k a i s i
v a n
a m b
e s k o y m
k o k f
t e k
o k u e k o
o l u a
u t a i f u n o
e n d k
o l l a s e k a
k u f
n a k u n g a n g k
k a n y e k l
u f a i y a m a
o s i b y o k k
m b a i o l a b
o l a
y e k u k a
e k o i f a n a o y e
e l a i a n g s
t o n i e m i
t o n a o m e e n d k
e n e b i a
e l i k o y b w a k
o s o l a m e b i
k o z w a k i
w a
o b a a a n g
k o m l
k o l l y e k
m i
o n g k o p
o p e a f a a l i i
v a k o s
y a m a
l o b
a k i m a
e n d y a k o b l
o y i g o k o z l
o k u d e a i a n a
k o b n n i o p e a
o b a a
k o t k o m t a l
a n d k
y i b
o l o a
u a k o v z u w k
u k i
e b a i e n d
s a l s
n g a k o p s
b i u w
o y e b
o m a i l i s
a n a i
b e b s o t a g
o p e a
a k a g
u t a a m
o f u g n d a k o m m
o y e i
k e o b e d
e n d o v a
l i n
m e l k
o l u l i s k
k a k a n g i i
k u e b a i s a
o z e a
o s e
o k o a o y o
k o p w a k
k u t n
b e s i m k o
y a m i o l i g v a
o f a d m e m k
d a k u k o k u
t o n o l e a
o t a a n d k
t e l o l a m a
y e k u a k
z u
o y e b o m e
o f a e i u t a i
o k e d u t a a
m e e n d k k a k
l o b m e l k e k
k o p s l e l
o b e d u k i
k o s k n g o a
p e s k
e s a i b i s a l i i
g o a l a i
l i s e m b e n d k
a k a y e k l
k o m n g
k o b n l u k o p u i
l a k k o l
u a o l a i
n i u l i
s a k
y a m a
t a u t a a d e i
p e k o s m e m b k
k o z l o b k
b o k o f o y o i m b
y a m
u w i b a l k o y e b
k a n i w a
k o k m y a m i a l a i
l a m a e n d i
a l a
k u t n
o b i a l a o z u
u t
u a k
k u f k l i n a
k o s a
a n a e k o i t o n i
e m y o k k
z e l k o b e
b e b y i
e m b k k o z i s
o b e i
a l i f u n o
t e o f a m e l
b i k o p l
z u w l i u a k o p u
e m i
k o z l t a l
f i e l a o f a d
n i o y e b
a m b k
y e k
a l i i
o n g u l i
o t o d e a i
i s a
o y e a o z e a
b e n a e k o i b a l
i b o n g k
n g i a o s e a
n g a a k
y e b k l u k k y a m a
y a m i
o m i v a n i
o m b k o b o g
a n a i k o m u a k
a n a i l o b
n d e k u l k a n a
l i o f u k a i
o b k o t l m e m k
e n d i f a k o z e
o m e m b l e o m b
o f a d
o m e a
n d a i
m b a o s
e l i u l
o b a i u f t o
l e l n d e k o b o g
a l i a
n a y a l a m
b e n
o p u i k i o t o g
m b a i e k
w a k o l m b i y e k l
l i s k
l a k o y i
y i b
a n g
t e k b e n a
k o l b
y i s u i
b o n
k a k o l n
g a s e b a l k
n g i a l o b k o m k
z e l
o l a o s i b
k o t a l
k o k m
y e k e b i i y e m
b e n i k o p s i m i
y a m i z e l k
o k e d
n g i i
b o n
a n d k
o y o a i s a o l i
e k a i o k o a
d a m e m
o k a i d e a i y e k
s u a p e s o f a
k a k k e n
u k b e b y e
o k a o t a a
o f a a l i a d i
o s o b
d e a b a k
o v a d
o n g k
u f a i
e m b g o l
u f a s a l f u k a n
b o n
e s a i t o n a
y i b k
e k
o s i b a i
o y o a o y
n i t o a k u l
o t e a b e o n
k o p s i m a
b e b w a k s a k
o k e d b e n d a i
s u a i g o l
k u t n z e
s i m i o s a i
s a k o f n g i s k
l i s y e m i
e m b k e k o k o t k
z e o n g s
o l u a k o k n o n g k
m e b e b s o k
m e a m b k o k
n d n d a i
i s a i k o l
s e k k
y e b k y a m i l o b
o b e d z u f a b o n
e l a i
o y u i
m e i b a i
b o k o f n
a n g s o m i z e
v a
v a n y a m a i n g
k a k y e k l
i s t o n
b o n i g a k
w i
l a m a
k o l
t a l k
o n g k l i n i e n d
e l a
o k o a k u f k
b e n a u t o b o g
e n d a g a k k o m l
o b a a o s e a
d e a s i m a
t e k
k o s s a k e k i
a n g s n d a
s u i e k o
k a n i k o s a
s i m a y e m
n d i
u l
o z u a l o b i b
y e b o s i b
o z u a l a m
e l a i
b i s k o z
k a n i d a k
o v n d a i
t o k o p l l i s
l i n a o s a i
u w a i n g i a
n g o o k u
o t o e m a i
o b o g
g i s k o k
f u k o v n u f a
u l k u s e e n d a
o t e s u a i
u f i a m b k o t a g
o k i
t a y e m i
o p g o l
s o m a k i b a i
t a n
e l i o p e e k
d e a i o b o
b i s k y e m
z e o y o a l e l
e k
g o l k o l e
u w a
u f g i o b e d
e s a i
k o s f a n
o y a b
o z e a z u w f a k
g a k p u l
o l i g u n
t a l k o p e s o m i
n g o i o k i
k e n e e s
d i o n g k
u a k k o l l
a m b k
l o b k e m a i
i m b k o t a g
b i s o l i g
o p e a
n d a i e s a u l i a
o t a
o m m e m k
l u k k o k u a d e
l a m a a n g s
g o l k v a n a
o s i b g o l k
e n p e s k e k o a
p u l s e b i a u t a i
e s o v a d e n d i
k i o y e b i n g
k o v n g o l k e m a
i b i u i
b e b
i m b a n i k o b
o s u f a i m b
y e b s
z u w k g o
z e l
g a k
o k u m a k i b
o y o o t l i n a
a l i i m b a i
p u l s n g i a
k u f k
k o t e b a i u w a
e s i b e n i o s i b
o m y o k
o s a i o l a i k o t l
i m t a n v a n i
o z u a k i
k o y m s a l s
u k a i
o y a b e k o a
n g a n d e g o l
l a m a k o k m u t a
o p u
s e k k m e m n g a i
s u o l a b
k o s k z e l k y a m i
a n i o t u a k
l e l k o k e
k o s a e s i o s o b
m e m k
v a n a
o s o s a s e k
u w a e s a k o k t
t a l k
o b a i o t o k u
y a l i s k
k a n a
b i s k e k i
n g a i t o n i
n g a i o k o a
o m a i
y o k m e m
w a k a n g s
k a k f a k y e m i
s a l y o k l a k
o f a d
o k o a o b e i
i m b i n
t o n a i b a i b a
o y a b n g o i
m b a o s i b
u n g l
b a l l i s o t o g
y e b s
n a o z e a
e a k k o l l
a k a g l e l o f
t e k n g a i
o t o s i l a
a k a n a k
o s i
l o o f u g g a
k o z w e s a i
o t l i n i
o m b o z e a
y e m a k o l
k o k t m e l k
y o k k
o t a a a k k u t n
b a l
v a n a y i b
o z e a
k o m e b a n g a i
s a l s e m b e s
b e b o m
o v a l a d e a n d e k
k a k n
e b i e i s u a
n g k e n e k a n
g o y e k o m k
s a l e m
z e l o k e
o y e i i s a i
k a k
f a n o y a
o l a b e k i z u w k
a m m e m
z e l k o l l
t o n i
n d a i e n d i e a
a n i b e
s a o y a b
k o z w a m b o p e
k o s
k o s k o k i m i
o b a a l a n a k
e s
b e d e a i y e b
o s i n m i
b e b s u a k
m i u l i i
o b a s e y a m a
s u a o l i g
b e g o t a l k
o l o s e
l a m a
f u n
o m b
o l a
s o b a l k g i s k
o n g e l
e n d k
m b a v a n i
e i y e m
o s a k e n e e b i
u l p e s k l e l
v a n i
k o k f m i e k o i
m i u t o l u a u k i
o b e d
o s o b
k o b l t a n k
o y e o o z e f i
k o y b y e b k u
k o s m o p u
b a k o s u u w
o f u o k a i o k a i
u t a a o b e d
o l u a k o t n
f a
u i u k a a l i y e m a
o y e o o b e i o f a
l i s
o t
z e k o l m g o
k o y b
e b i a o s a
l o b
m b a o k a g
s u e l i v a
f a k o l a i
m e l k k o p s
k o s m o z e t o
o p u e n d a
u k e s o z
d e i
y e m
k o m k i s i
k o f k o p l o z u a
g o l k e b i a
s e k k o m
p u t a n i
n a k a m b k v a n i
n g a o f u
a n d k o p l k a k
z u w e k i k o y b
o z u a
s o m a a n i
b o n i o y e o
s e y e b s o k o s a i
k o p
k o s
k u t n d e a y a
a k i v a
v a n i
k o s k e s i o k a i
i b i f a n i
y e k o y a b
o z e a o k o a s i
k o p l o l u
y a m i s u i v a n i
n g i a o n g
i m b
u k a
s a k s a l s
k o s a
b a l
s e t o n a g a k
u k a i e m a i
o n g y a o l a b
f a n i k u f
n d i
g o l u l
k o l l i b a
o b e i a m b
a n i t o
a k i o t p u o k e
o n
u a y i b f u n
o m e k o m k
p u e b i i
g a k
y a m u a k o m k
p u l s a k a k o m m
o y e a s a
e b a i k o t l
k e
o k a i y e b
d a
e k i t e
m e m k k u f k u f
e b a i
e k i a l i
e n
o y e k o l b w a k
k o k s o m i e a k
e s i b e n a t a l
u k a i k u f e b i i
o l o k o k n a n d
f u n t a u f a
o k i k u f
o z u f a b o
k o l m o k o e m b k
k o b b
o f a d s i m i
u a
y e b k
y a m i
o k o a m a
k e n
k o s a s o m a
s o k o m k a l i a
e b i a o y e o
o b a a
w i o y i a n g k
a m b g o l k t a n k
o y e i n g o i
o t e a m b k a l a i
k o y m e m k u t a
e b a i
o t o g
l i n i a k a g k o m m
y a m p u l s k o b n
a m b
o p e t e
l i n i d e a i
t o n u w i o l e
s a l s m b i e k i
b e b s o y a b o z e a
o z u a l i n
o s o k o
m a s u i
o y i a
n d e
o m b k
s u l o b o s u
u k a i
o y e b m b i o l e
o m a n g z e l k
o m b k o n g k
