k o l u k a
k o l u k a
l u k i
l u k a k i
k o t u n a
k o t u n a
t u n i
t u n a k i
k o k e n d e a
k o k e n d e a
k e n d e i
k e n d e a k i
k o l i a
k o l i a
l i i
l i a k i
k o m e m a
k o m e m a
m e m i
m e m a k i
k o b e b i s a
k o b e b i s a
b e b i s i
b e b i s a k i
k o v a n d a
k o v a n d a
v a n d i
v a n d a k i
k o y o k a
k o y o k a
y o k i
y o k a k i
k o t i k a
k o t i k a
t i k i
t i k a k i
k o b e n g a
k o b e n g a
b e n g i
b e n g a k i
k o k i m a
k o k i m a
k i m i
k i m a k i
k o z u w a
k o z u w a
z u w i
z u w a k i
k o f a n d a
k o f a n d a
f a n d i
f a n d a k i
k o s u a
k o s u a
s u i
s u a k i
k o s o m b a
k o s o m b a
s o m b i
s o m b a k i
k o z a l a
k o z a l a
z a l i
z a l a k i
k o s i m b a
k o s i m b a
s i m b i
s i m b a k i
k o t a n g i s a
k o t a n g i s a
t a n g i s i
t a n g i s a k i
k o l i n g a
k o l i n g a
l i n g i
l i n g a k i
k o y e k o l a
k o y e k o l a
y e k o l i
y e k o l a k i
k o f u n g o l a
k o f u n g o l a
f u n g o l i
f u n g o l a k i
k o m e l a
k o m e l a
m e l i
m e l a k i
k o k a b w a n a
k a k a b w a n a
k a b w a n i
k a b w a n a k i
k o t e l e m a
k o t e l e m a
t e l e m i
t e l e m a k i
k o k a t a
k o k a t a
k a t i
k a t a k i
k o l o b a
k o l o b a
l o b i
l o b a k i
k o z e l a
k o z e l a
z e l i
z e l a k i
k o b a n d a
k o b a n d a
b a n d i
b a n d a k i
k o t o n g a
k o t o n g a
t o n g i
t o n g a k i
k o k o m a
k o k o m a
k o m i
k o m a k i
k o b a l a
k o b a l a
b a l i
b a l a k i
k o y i b a
k o y i b a
y i b i
y i b a k i
k o l e l a
k o l e l a
l e l i
l e l a k i
k o b o m a
k o b o m a
b o m i
b o m a k i
k o t e k a
k o t e k a
t e k i
t e k a k i
k o t i n d i k a
k o t i n d i k a
t i n d i k i
t i n d i k a k i
k o s a l i s a
k o s a l i s a
s a l i s i
s a l i s a k i
k o k a n g a
k a k a n g a
k a n g i
k a n g a k i
k o l u m b a
k o l u m b a
l u m b i
l u m b a k i
k o m e o t o a k i
k o k o l i d e a k a
k o o f a n w a n a
w a n a i
o f k a b w e l e m i
k o o t o n a
k o o l e l d e a k a
k o k o v o z a l e m a k a
k o a b w t a o t i n k i m i a
o y t u n i
k o b e s a l k o t o a
k o z o m e m d a k a k i
n a k i b e u k a i
g o l i e m i o n g i i
d e a a k i
g i s i o v a i
k o i n k e n d a a
e a k o k a k i
n d e i a k i
a l i l i a k a k i
i a k e k a k a k i
y o o m a a k i
k o i m b a n a k a
l u e k a i b a k a k i
k o k o b e a n g a a
k o m b a a l a s u a a
k o t i k k o v a
u m t a n g i
k o o y o k u m a
b e n l u m e n g i a k i
k o i n g n g o g a k i a
k o o m a k t o o t u t i n d k o m a
u m o k a t o l e k a k i
k o o k a n a
k o t e l e a k i
a l k o l o a k i
k o e m u n a k w a k a
k e n k o m a o l u k a k i
k o t u n a a
o m i l a e i i n g a a k i
e n g a f a n i k i a k i
k o k o f u m b i k o z e a
k o k o k a k i m a
k o k s o m b o t e k o t u a
k o l a a n g a w a e a a n d o t e n d a k a
k o t a n g z u w o b a k a
k o f a k o t i
l u y o k i l i s i
l u k i u k a s o m a k i
k o n d e a l i n g a
s i s u u i a k i
i s a k i
t i n d a n d i i
d e u i n d a k a k i
k o z u w k o k o o t u n k a b k o b a l a k a
k o s a k o z u a
o s a l o k o m l i n i
e a k i a l a i
n i l e i
k o y e k a
o k a n o n g o b a k l u k a k i
a l l u k a k o s a i
k o g o l a o t o n l o b l i a n g i k a a n d a a
k o e a g a e n d a
k o t u n a a
k o k a k a z a l a a
i b b i s k a t i i b a k i
k i m a o k a i
o k e i
k o b a n k o t k o m i a
n d e a a n i
k o o b o m g o l i b a n d a
k o a b w a t i u m b a a
k o a l i s t e k a a
y o b e b i a k i
k o o s e l e k a a
t o l i a s o m i
b w a k o z e i
u n o m a a k i
k o m o t o a k i
k o e a k l u k i n d a i a o t a
z a l a o t e l a k i
b e o z u i
k o o z a l a l a a
e l i k i a k i
k o d i n g a w a k d i k i a
o b e n o l u i
e b i k i m i g a g a k i a k a u w m e l i
b i s i o v a n u w a a k i
k o t i n o t o y o k a a
o m b i i k a k u w a k a k i
v a n g o l i a k i
k o t e k a n b o a
k o i i v a n a k g a k i a
k o t e k o b t a n a
k o a t a k a
k o u m u k i b o m i o k e g o a b b a k a
k o o n g i n i a
n g a k i
k e n e n k o m a i b a k a k i
k o b e l u m b a
w a n f u o t l i s i i
k o k o y i a n g d a k a
k o e a o k a a
k o s o m l e l i l e l a a
k o o m e l k o b a a
o y i b i a i
f a n o s a k o l u i
l u k u m b i
o b a k i
t e k a i k a k i
k o s u i l u m b a
o z a l f u n a k i
k o o t l u m b a
o l u m o b e i
e a k i n g i u k a k l i a k o k o o m i
o y i o f u i
l e l i o t i k e n a k i
l e m o l u k i m a k i
d a k i u m b a a k i
o f e m a m i o l e l a k i
e a k i l u k o y e k a k i
k o b a k a
k o n d i k a n i a
k o y i k o a t a k i
o s a o m a t i n a k i
o b o i
y e k i
i k m b a k a k i
t e k z a s u a k i
o f u n e a a k i
n g e l i k a k l e l i o z u w n d a i
k o t o n d a a n g a a k i
k o k o k o i s a
k o k o l e o l o b e b i a
k o e a k b a k i k i a
k o n a k o t a
k o o b a n a
k o k i b i t e k a
k o u k a z a l a a
b a k i t a n a k i
o t a n m e l i o l o b a k i
k o m a a
k o o n g i i n g a k a
o y o e n d e a k i
k o k o m a y i b a a
m e l u k a a k i
k a t a o z t i n o l o b o y o k m e b w i
u n g o n g o l a k i
k o t e k i n g o k a
k o z e l a o m a k g i a
k o o l e l b a o m e m a
m e e n g a k i
b i k o v a e m a a k i
u m b i a k i
k o b o k a t k o f u a
a n d a k o m y o k i i
o z a s o m b o b e i
k o k o l o o y o a
k o o b o m o y e a
t u d e o y e k o l u o y o a k i
k o y e o y e k k o y e a k i
k o b a l i n g a
u w a k i
k o u m b a o y i i b a k a
o n g a l i a a k i
k o g a a l a k a l o y o o t o m e m a
n d e d e o k i e m i g a k a k i n d a a k i
l i a i s i a k i
k o e k z e l t i n a
o l u i
k o k o y k o m a
k o k o k z e l i u w a
i m b i k o m e n d i a k i
o f i s a b a k i a k i
l a k i
n d a o k o t e l i a k l i i
e k a k k o t e o z e i
l u k a l i s a k i
k o t i n k o l t a k i a
o k a a k i
o m b a i
s a k e k i e k i i
k o w a n i a
k o s a l i o l o b a
a l i o t i k o m i a k i
l i a v a i m b a a k i
k o k o z a v a n d a
e b i s i
o l a b o m a k i
k o t u k e n d a k i
b a l i u a n g i
k o i k a k o b o k o l a
k o k o t a a
k o y e k o b a k i
k o g i s a t o n a
k o m b a s a k o y i b o n g i k o s i a
o t a n o v i
k o z e d e a k a
k a b i s a k a k i
k o g i a t a k a
e k o u w i a k a n d i o m e l k o m i a k i
k o b o k a k k o t o o b e b a k k o m a i s a k a
o y e k v a u w a k i
k o k o f k o y t e k a a
k o e n g e b i s a
k o o z a l e l a k i m a
i b i k o s o i
k o i b a i n g u k a a
k o k a t i k a a
k o d a k i a
k o d a k b w o l e l a
k o s o o b e b a
o k o m k o s a n g w a k i
k o b a l a k o k i a
k o i n g i y i b a
k o i s e a e k a k o s a
k o n g o w a n i o k i a
k o o k o o k a n o l a
k o o z e l k o f a g o l k o t a f u n t a a
k o z e l i a
u w i o s o m a k i
k o i m i i s i a
e l i k o l a e n d a k i
t i k i a n a k i
k o n g a o y o k i n g i a
k o m e m i o v a k a b w a
y o k i u n g o v a n d i
k o z e l o z e l a
k o e l i y o s a k a
w a n o k e e l a i
n d o k i m o y a k i
k o k o m e a
k o o s i m a
k o k a u w a k k o t a b e a
k o b i s i l e l a o m b i a
k o o n g i b a k o k o a
u w i o t e i
k o i n g a e a k i i n g i a
k o e n g i e l e m e m a a
k o o t u n k o z k i m a
k o o z a i n g i a b w a a
k o s i m o n i k a k a
k o k o z a v a a
k o w i k o z g a k a
k o k i m a i
k o y o k a n a k o l a
k o n a v a n n a u i a
k o o t u n t o n a
k o i n g u m b k a t i a
k o s o m e b m a k i a
i b a l u m g a g a k i i
s u a k o n g a k o s a i
k o u n g o o s a k o t a
k o o b o t i n t e v a t u a
k o i n g a b e m k o s i l e m i o t i n a
k o l e m a
t e l e e n i s a k i
k o k o l u t a n g b a n d t o n o k o m a
b e b i k o t i k a k i
l i a k e l i k o l a i
o s i e k o l a k i
t i k i
z a l l i s i i
k o o s o t e w a n a a
k o n g o a
k o o z b a l d e a o k e n a
k o a b b i s a o s o m a
k o l o o l o d e a k i
k o k a k i o z u k o l a a
k o o z a z a a
g i l a e l a a k i
k o b e m a k i f u n g i
b a k k o k e i b i i
k o b e b i w a o s u a a
d a k o t i k w a u a k a k i
a b o b a n m i s i m a k i
k o o b i k o f u a
i n l i s i k o y o s o m b o f u a k i
d a k i t e k i i n g a a k i
k o t a n g l u i k a
k o u n g o n g i a
l u m o m a k i
k o o s u k o k e i n d a
k o n g i b o l u k a
k o k o k e o k a b n g a
t i k i a k i
k o o s o d i k i k o s a
k o k a u w t i n d k a n g a
k o k o l u a b a
k o k o z a f u n i m b a a
k o e n g i a
k o l o u k i l u k a d i a n g i u k i
k o o m e m a k a
k o k e i i o z e l a k i
i a k t e k i a k i
k o o b e s o m b a
i m b a o n g i k e n i
m i y e a k i
a k l i n i a i n o l e l i
k o o f u y i b a a
o n g o t o n i
k o y i e b i z a l i a k i
g a k y i b i i
k o e n g i o s u a m i a
i a k u i u n g o i
z u w a i
k o k o z a t a k a
m e m a a k i
k o o m b n i a
o s e l i a k i
t u n a k o m e b e b i a k i
k o s i a
l i s a a k i
k o u w b e n g l u k i d e i k o k i a
o s u t u o k e n e l i i
k o o b a w a k o t u n a
k o n d e l o b a a
k o a t a a
k o l i y i i n g i k a k i
k o m a k i a
k o o l o t u n a
k o o z y e k a
k o b o a l i s u w a k a k i
k o v g a k l i u k i i
o n g a k i
o t e l i k a k i
n i k o z i m b a k i
k o m i s a k i
k o e m i a
e a k t o n a l i i
k o y i a k i
k o o v a l u m b a
k o i m b a s a k a
k i m i n g i s i
d e a a k i
i m a k a k i
k o s i m y i b a a
k o a l a k b i s o k a b l a k i a
l o i n g i o f a z u e l e m a k i
k o o k a k i n d k i m o y o o f a s u i a
k o b a n l e m a a
i s a k l a o z e l i
a n i n d a k o f i
k o k a n o k a t e l i a
k o u a k i w a n i a
i a k o k e e k o b e n g a k i
d e a k k o m i i
k o k a l o k a n g a k i a
k o k a k k a t n d e a a
u w a k m b i o l u b a n o v a a k i
k o e k i g i s i a
k o o y e k o s a o l e a
l i l a k k o m a i
f a n d i
d a k k o b e a k i
u m b i l u k a e m i
k o u m b i s o a
k o n g o t u n a i n g a a
k o e l a l u k a o k e n a
k o o t e o v a o s i a
k o s o m b f u n t i k a
k o t i k l e l a k o l a
k o o t e m a d e a
k i a n i o t e l a k i
b a k i
k o o k i s a k i e k o a
k o m a k i k a a
k o l e m a a
k o d i k a o b e a
k o m b o f u n a
k o o f u b e b i u n a
k o l i n g e k a a
k o g i s i o f a n a
k o k a t t u n a l o b i a
o k o m t e l z a e l a k o l i a i
s a l i o t i k a t a i
k o k a l e l a
k o t o i s a n g a a
k o y i b i a
k o o s i m n g i a
n g a k k o f m e m a a k i
k o z e u k a a
k a b w l u m o b a a k i
k o e k o b o m o t i n l o b i a
k o e k a v a n d a
k o i m i e l e m a
k o t u n o k a n a
l i s k o s i i
k o n d i k o f a b e n a
k o u i a n a k o m i a
k o t e s u i a
k o o m a e m i o l o b a
l i n g a k i
k o o m i t a n u n g o a
k o b o i
i m i k o s i y e k a k i
a n d a i
o t o d a k i a k i
k o l e l a k o z a o m i f a d i k i g a a
o t i k o t a a k i
g o o k o s i m b a k i
n g i s k o k o e l a a k i
o n g a g a k i a k i
v a k o l e k o a l a u k b a l i
k o k a b f a n d o t o a
k o l u m b o a
k o k o z e e n a
k o l u z e l i a k i
i b a k t a n g o f u a k i
l i a k o k o g i s i i
o k a b g i s i a k i
k o s o i k a k a
k o o f u a
a b a t a k w a k o b e n a k i
k o e m s i m b o f u a
k o b e n g o y i b a
k o k o l o a
k o i m a e l l i s i a
k o e n d e a
k o k i
t u n a i
k o e n g i a
k o t e l u w i a
k o i k e n g i a
a n g i o t e l o y o t i a k i
k o t a m b a u w i n a n d e m a a
f a n d o s a k i
i n g o l u y o a k a a k i
o k i a k i
k a k i l i a k a k i
k o n d i k i i e b i b i t e k a
o m e l i
k o w a n a a
l i i a k a k o k i
k o k o t o o s o m a
k o u w a k y o k a a
l i s i n a k i i
k o k o z e k o l u a
o t a n d i i
k o k a b a k i y o k i a
k o f u t e k a
k i m i m b a m e m a i
o k i m k o y e a k i
b e n g i
k a k i o v a o l o e m u w a k a k i
k o k o s a a
k o o s a n g o k o l a a
o s u a i
n a k i s u a k z e l a k i
o z u k o k o a k i
k o z u w i a
k o l i s a z e l i a
a n i n d a k o y i
k o o m b i l a k i a
e a k i n d e i g a a k i
k o k o k o k i
o s i b o m i
i m b i o k o m i
k o m e w a n a k i
k o l i n i a k t o a
a n i l o b i
k o o v n d e a a
l i s o l a k a k a b o k a i
t o n l i s o l i
k o u w a k o k o m a
k o o z u w o s a l o s u a m b a k a
k o k a k a
k o n g a k e a k l o b i a
k o k o b o e l e m e n g a a
k o o m o t u n a
k o k o l e a
o k e d i k o n g i i
k a l i n o b o m i b i a
g o l a s a l k o t e o y i a k i
e k o l b a l o n g a u k a k o n g a i
k o b o m a a n a a
a k i d i k u a k k o k i a k i
k e o f o t g o l a i
k o e m a o t e a
k o o z i k a k s a l i a
o k o m l u k k o y i k o s a k i
o b a l o m a k i
k o k i e m i a n d i a n d a t i k i d a t i k a
w i b i u n o l u a k i
o f u n i
z a l a i
s o l e a k i
k o z a l a o b a a
k o g o l i b i s i a
k o k o k o f f u n l u k a a
i n g i l a k a k i
k o o k a o t i k u k a
k a t a k o m a a k i
k o k o s a y e s a a
k o o v a n n g o l a
k o o m i a
k o o l u m m e l i a
k o y i b i o f w a n a a
b a n d v a n w a n a k i
i b k a k l o o b o i
k a b o s a i
k o m i e a k i a
o s i i
k e n d u n g o a k i
k o b o m k a k a a
k o n d m i k o b o a
k o o s a l a
m b a b a k z e k o v f u n o l e l a k i
l i s a s u i f a a k i
k o z e l i f u n g k e n z e l i a
k i m i i
k e o m b a i
k o e a k i t u b e b i a
i n d i o b a l o b i l e m i a k i
i b i i k i e l a k a k i
k o o f u s i a
g i b o u n o z e i
k o k o a l a u m b k o l u a
k o o t i o t i k s a a
k o s a d a k i t a n f u n g a k i
k o f a n d k o z e i b a k a
a n a k a n g k o l i n d e i k o m b w a k i
k o t e u n n g i s a
k o e n g i t o a
k o d a k i k a n o y o a
k o s a k m e l a k o b e a
k o f a n e n d o m b a
k o m a l e l d e a k a
k o o t i n o l o a
k a k o l d i o b o m a
k o n d e k a k i a
k o e l t a k n i b o m i a
e n g i u k a a k i
k o e k a s o m b b a n d a
k o k o k a b a k s u a k a
y i b a a k i
k o l i t i k i k a t i i
t u n a t e l e a k i
k o k o a k y i b a i
k o n g a
o s u a k o z e a k i
n i n d a k o l o o k k o g o l i
k o v o s u a a k i
o v a n i k a k i
k o k k a n m b i i
k o k a n y o k i a
k o a t i k o v a
o b a k a k i
l u k g a o s a k i
k o y i b i t e k i a
k o o t e u n g o l o b n g a s o l e l k o f a a
k o o k a k k i m a a n d k o y a
k o b e n l e l i m b a
f u b a l i i
k o k o l u d e a t i k i a
k o s u a k w a k i o t o n a
l o w a t e t i n a k i
o f u m e l i k o k o i
o y e k i k i i n g a i
k o t e l v a n a
k o m a o b e n y i b a a
k o k o z e l i n a
k o m e m a a
k i m a k a k i a k i
k o i k a o t i a
k o k a e n d s a k o l e a
k a k t u z e l i u a k d i d a k n g o l a k i
o s u y e s i a k i
k o k o l u e a o m e m o l e o b e a
k o o b a l d a k i a
k o f u o l u m b i s a a k i
i k a o f i s a k a k i
k o m b m a k i m i o s u a a
k o o m b i i m b i s a a
a k a b a l a a k i
k o a n d o b a
k a b a n d a
k o k o z e m e l a n g a k o m l u k a a
k o z e l i a
k o a l i a l a a
m e b a n o k a n i
k o o b o a
s o m o m e l k a k i
a l i k o s u a k i
k o a l i e a k i a
k o o l a a
o k a z e l i k a k i i
n g i s t i n d i
i i o s i m a k i
k o k o v a l a k i a
b o m i n d a k a l i i
g a k i g i o z a i
k o e l k o b a a
d a k z u w a k e n i
k o l e m a t a n g a
k o i a t o n o l u k e k k o l i a
k o o s i w a k i a
k o l u y i b a b w a k i
k o o b i a
k o o m i y o a
i s a k i b a y o i
k o m a k i e n g a o f a a
k o w i b e b a
k a k o v e a k w a k a
k o l e l i k o k o o m a k l e m i a
k o l i a o k o m a
k o i n g a
k o t i k a k o y o k i m a o k a t d a k a
k o y o k i w a k a
o l a k i
k o i m a k a k a t o n a
k o o m e m a
k o u k a d i k l i a
k o n d e i a
o f y i b i i
k o o l a n i a
k o k a o f a n s a k o b o m a
o k i m a k i
k o o z a l o k e b a n d o b e b a
o t u o b a l o z a l u a k i e n i
k o d i k g i s i o s a l a n a o k i m a
o y k o t i k o f i
k o k o z u a
o m a k l i i i
k a o l u m k a t a a
o v a n a n g i o k a b a k i
o k e n k o k a i
k o t a k m b b o m i o m a k o l o a
u k i l i z a l i
o t o n m e m a o z a l i
k o b i t u n a
k o o m e l a
k o k o t a a
k a k e m a k n d e a a
k o n d i k z u w i o t i n a
b o m a a k i
k o b a l a
l e m t i n o m b n d i k a k i
k o w a n i k a a
e b i u m b i
k o i n d i a
k o e a l i e k i a
k o k o l i l o k o y o a
k o o b a k g o i k a k a
l e l z u w t u y e k a k i
o t u n i
k o o k a k o z t e l a
k o o t i n g o l a
k o b w i m a k a
k o f a n k i m o l u k a
k o i m n g o l k o v a
k o k o b k o y i o l o b a
k o o k i m k o v k o t a o t e g i s a a
k o k o y u n g a
g o l n d e a b a n d a k i
k o g o l i a
k o n a d e i z e a
e a k i s u i a k i
k o z a l i o f a b w a a
k o o t a s u a k o m e m a
k o i k a k i n d i a
o l a d e a k k o t i
g o l a k a k i
k o a l a a l a k l a a
k o m e i m b a n d a
u w o b g o l i o s i
k o a t a o t o s a k i
k o k o s i e l e a
k o k a t t e k i m b a k e m a n a k a
k o l a l e a k i i
k o k o t e k o l t e l a
k o o k e y i b a g i s i a
k o l u o t i k i
f a n d w a n i n g a a k i
m a k o v a n b a k i
k o o l i a a
t u l u k i b a k w a i
k o o b o m o t e l l u a
o k o m i
k o k a b w f u a
k o n g a k o b o a
k e b o m a i
u n a k a k i a n g a i
k o o z e y i o k e n a
m i g i s l a k y i b a i
b a m b a k i
k o t d a k e b i s b e n z a l a a k i
e k o k o l i i
k o i s a k o v d e i l a a
g a k k o k e e k a a k i
k o b i s i a
k o t i t o n a k i a k i
k o i n g i e b i s a
t a n g s i m a k i
o l i l a k i
k o d e a
k o y o i m i a
k o l u k a a
s o n a k o b e n a k i
l i a k i
k o o t i n g o l a a
k o o k i m g a k a
k o d e y e i a k a
k o w a n i k o l e l e l i a
k o b i b a l a
k o a n d u i a k i o b a l a
d e a k g a k i i
l i a k t e a k i
k o u n i b a l a
n d i k a n g a a k i
k o b o m i a
k o t a n o b e b a
k o b a o b e a
k o s o m t e l m e m a a
b a l a l a i
o l i n l i s i a k i
k o o z e i b i a
g o l a k i
b a k i e i o n g y e k t i n d i
k o s a l i n a s o m b a
e a o m e m a k i
t i n d m e l i
d i k i i
k o l o b a
k o m i e n a n a k a k i
k a n g a k i
k o k i s o a
k o o z e l o f a n o b o m a
s a k i t i k a i
k o l u m u i a
g a k b e n a k i
k o o y e i m b i a
k o k o m e b a n d a
k o t i a k i
t o n g a b o s o m i
k o l u k i k o f a a
k o m a o y i o z m a a
k o e k a k k o t u m e m a a
k o o l o e n d y i b i a
k o z a a n d b a n a
l i n g o l i
t i k a a k i
t u n i l o b a k i
k o u a k o m e l i a l o o t e k a
b i s a i
k o o b o m m b i a n g m e m a b e n g a
e k a k o k a n k a k i
k o m e k o b o k o y i a k i
k o z e l i b i s i a
k o z e l o b o a
k o l i n g a
n g i s l o b i i
k o v o s u i
k o l u k i y o k a a
k o v a n d l i a a
k o s a k a a k i
o f a n y i b a n g i g o l i
k o a n e n d e o y e k a
k o s u a k b a k i a
f a o y o b o m i l a k a k i
n g a o k i m t a k i
k o b a l a a
k o u k a k a
k o u m o f a
k o k o l k o y e a
k o k o t e a
k o i m b i a
k i k e n d o t a n i
o m b a f a o m e l l e l i a k i
b o m a i
o n g i k o y i
k o o k o m a
a n d y o k k e n d i
k o b a l o f a t o n a
w a n i
l e f a n d o k e g i s a a k i
k o i i o y e k l o b n a t u n i n a o b o m a
a n i i
k a n k o y i i
u n a k f u n g t a n g a k i
e a k k o b i
k o k o s o k o t a a
m e m i n g o k e d a o l u m u m f u n a k i
w a n i
k o v a n k o f g a k a
k o z u w o k e a
i n g i i n g i
l o b o v a i
a n f a n i n g i i
k o z e o y e k i
k o o f o b a l t o a
o z u w o b e a k i
k a i k a k l i a k a
k o z e l a k o z e k o l i t i n n a a
k o i m a k o t o a
k o f u u w a k a
k o g a k i o l u k a
e m i i
e k o l a k i
k o l a k i z e l i m b a
o k a b b i s i a k i
k o s o t i n i
u a k n d o m b i
k i m i i
u k a k i b t a a k i
k o n g o l m a a
k o k i i
k o k o b b e a
o m e l i
k o k o y k o s o a
t a k i w a k i
k o m b i s a l b i s n g o y o k i d e a a
a k a b m e m a i
u n a d e a k a k i
d e o k a b i
k o k e i
k o n d e a
m b a k k a b a k i
u w a e l a k n g a k i
k o o l i n a
l e l a w a o m b a i
s i a k i i
y e k k o m i m e l i i
y i u k i k o z e a k i
k o k a n e k a
z e l a a k i
y e k o n g a k i
s u a k o k a n k o l u i
i b m b i o y i b a k i
k o a k a b o f u n a
i n t o k a n s a k i y i g o l a k i
i s a k i
s o k o s a a k i
l u k k o y a k i
t u n o n g l o b i i
k o d e a k o s o m a
o t i k i
k o k o s a u i b i s a t i k o y o b i s a
k o y o i
k o l e m i i n d a
k o b a n o m n a k i b i a
k o l i s i z a l i e a a
o l i n i
a k i z e l i z u w a a k i
k o g o l i k o y o a
k o s t i k i o s i m l u m b a l o b a n a k i
e l a z u w o s e l e i
k o l o b a a
k o k o l e a
k o m a e k a k u a k i a k i
k o o t u n m b a b o e a k i a
k o i n y o k t i n d a
u n i a n d i
k o s a k i t o n l i a
k o k o s i a
k o a b s i m b u m a
k o t o i
s u a n d e a i
k o g a k n a k i n g o a
l i w a n i
k o d e a e n g a
k o l i
k o l o n g o k o b o a
k o y e k o f a u w a o f a a
k o n d i k t u n i a
k o k a o l e a
k o y o n g a o b a n l i s a
k o o n g o n u w a a
i b t o n i
k o k a o b e g o a
e k a k k a k i a k i
n g i s i
o v a n a k i
e m a k t e k a i
k o u w a k o t i i m a
m e m k o t a k i
n d a k i
k o b w a o v a z a l i a
k o k o s o a
k o l o b a o k a d a k a
a t a k a k i
k o o b e n o m b i n d a k e y o k a a
i m i i
s i u n g o i
o v a n o t o n o t i k k o m e i
s a l w a k a k i
k o u a k i o s u n d e a k a b u w a k a
g a k b i s a o f a l u k a o m b i o k a k i
k o b i s a o k e n a
k o t e l a
k o k a k a t a
e n t a k i i n g a a k i
k a k e k a k a
i b i b a l a k o f u a k i
k o k i o k a k a k i
k o g o l a w a e b l i n g u k a
w a k g a k a k i
g o o b a k t a n i
e l a a k i
o n g i i
k o m a k a t a
k o i m a b a l i a
k o s i m l i n k o l i s i a
o y e l i a u w a k k o y u n g o a k i
u m b a i
o s u a k i
u a o y i b i
k o i n d i w a k i a
k o a t a o t i n a
k o l u k i g i k a b a
i a k o l i n i
k o b a n a
k o l e m i o s i a
k o n d e i a
k o b e b i o k i o t i a
f u n o s u i
i k i s a w i a b a k i
k o t u n o k e b a l a
k o l i a y e a
k o k o k o o t o n k o k e a
w a n b e n g i
k o t a k a n d a
o y i b a a k i
k o i s a k a
k o d e a k g o l l e l a a
u k a k i
k o k o t s a a
a n g i i
e l i n g o k o t e i
t u n l i l i i a k i
l u m k o z u o s i t i k a t e k s i m i
k o i b o y i b o m a t u n i a
k o e k n d o b a k a n a
l o b e l e m e m i
k o o z a y o k i s i d a e l i n d i a
k o a b w g i s a
n g a o z a l a k i
k o n d e a i m b a t i n a
a k a n o m e l t o n k o y d i k i
t e k a o l e l a k i
k o b o m a
k o m a k o t a a
k o l u m b a
o t u n b e n g a n g a n g a s o l u m b a k i
k o u m b f u n a
k o n d e a a
t a k o t i n i
e k a n g a k i
i i b o m a i s a k i
k o k o k a k o l a u w a k o l o m b k o t o a
k o v a k o v a l u k a k i
k o e n d e e l o l u m a
k o g i s i o l o w a a
k o o f u n a
k o g o o b a l s a l i a
u k a k a n i
k o l e m a z e l k o v a
b w a n u a k i a k i
a b w k o s o i
k o m e m i t a n a
b w a o n g i o s u i
i n g i i
k o z u k o k i k o b e l e m i o b a n k o m a
k o l i s w a n a a
k o k a o t a n a k a n a
s o m k o v i
k o n d i k e m w i i n d i a
o n o t a t o n a k i
k o e k e n g i o f a n b e b i a
b i k o s o e b i i
k o i n g a i b a l u a
k o m e y o s a i
e k a k a k i
k o y i b i s a k l o b a
k o l u k a z a l a
k o y i b a
b a k i z e l w a n a k i
k o f a n d a
y o o t l e m a k i
w a k i o k a t k o y e a k i
k o i s i t i o k o k o k e a
k o l o b a a
k o k o b o m w a n a a
k o o s a l k o s k o m i a
o t e l a b w a k i
s o n g o w a k i a k i
k o t e k a w a k i a
k o o m a k s o f a n d a
o k i o t a k i
k o o f a o k e n a
k o l e m i z e l i a
k o y i n d e i i
k o i n g a o s i a
b a e l n d i k i
k o d i k i k a k b i a
s a k k o f u i
s u k o y e m b a k i
e n n d l e m i i
o t u o t o o z e k o z u a k i
e b i s o k i i
l i l u k a a k i
k o k o t k o m a i s a i s i a
k o o b e n a
k o u a k i s u m e l a
k a n i
z a l a l i s a k i
g i s i z u w i m b i a k i
k o m i u w o t u n a k i
k o b w z e l a
k o t i d i i n a
f a o b a l e k a n a m a k i l e m a k i
y e k b w a k a b w e b i o m b i i
o t a n k o s u l i s i i
f a n d n d e i
k o k o k i a
k o k o m e o t e l o b o o m e l o m a k k o t u a
e a k i b w a i
e n d g o l i k o s a a l k o s l u m a k i
k o u m z a k o l i i n g a
k o u a t o n g l o b o l i a
k o o n k e l a u a k i a
k o m i d i i
g a k i a k n d a k i
k o n g a k a
k a k t u n a a k i
k o n a k o b a k o s u a
k o o y o k l i a v a a
k o o k a k g a k i k o z e a
k o o t o n s o m b m e l i o z e a l a m e m a a
k o g o l a b i i k a k a
k o f u a k i
k o o b a a n i a
k o a l i s s o m b a
k o k a k i k o f a a
k o u n i k o k e t a k i a
k e o l u k a k i
k o o y o k m e m a
k o i a k y i b a m e l i a
n a k b i s i a k i
k o e a k i k o b e s a l i a
l a k o m e a k i
k o u m b t i n d k a b w a
k o e k i e n d a
a n g m a k i o m b i
b a l l e m i a k i
a n g i a k i
k o l o k o s a a
k o o z o t i k a
k o o z u k o y o e b a
k o b i s a k o f u a
t o o b o a k i
z e a l a k k o z a i
n d i a k i
n d i l i s k o k a i
k o k i m a m b a k u n a
s i m i s i a k i
t u n a o l u m i
k o e l e m k e n d a
y o k a y i b l e l i l o b a u a k a k i
k o y i b i l a k i a
k o a k a n o l e l o t e k a
k o s i d a k i a
k o b w a a
k o z u w i a
u n a o l o b i
t e l e i n g a i
k o o l u k o l a k a
k o y i b l u k i a
k o o t e o t u n a
k o t a k f a d e a k y e s u i a
g a k i f u n g i
k o s u i
k o o k a b a
e b i u w a k b a n d i
k o m b i l a k i g i s i a
b i i k i a l a k a k i
k o l e l a t e k a a
k o v a o z u i
k o e m a i k a k a
b o m a a k i
o s a u k i t u n a i
k i m t e l b i s i i
k o b o m o k a n a
a n g a a k i
k o o y i b i a k i a
k o b w a n l a k a
k o w a k y o d a k i m k o s o t u n a
k o k o t i a
k o k a k i e n g y e k a
s a k d e i
k o o k b i s a g o o k a n a
k o t u n i t u o m a k o y s u a
k a b w a a n g i f a a
k o y i k o f a i
k o k e n a
o z o b e g o l a a k i
k o t o i m b o t o k a t n i k a b w a
i m b a z u w a a k i
e n g i l a u n a i
k o o l z u w i a
k o o m b u w g a k o k e n k o t i a
k o l a n d i k o l a a k i
a b k o s o a k i
k o o s o a
k o b a l i a
i n g a i s i
k o m i n d i k a n a k i
k o k a f u n g l e o l a
a l i e n d e k i m i
k o s a k a k a b a
k o d a k a
o n g o z a o t o l e a k i
o t e g o i
v a n i
k o m a k i n d e a a
o z u b w a n k a k i a k i
l i a k a k i
o s y e k o i
k o a n a k i i a
k o u k a f a b i a
k o n d e o n g a
i n d a k i
k o a n d i l a k v a a
k o o v k a b w e n g o v a o z u e k a k a
t o o s a a k i
k o t a k i a
k o s u a a l i a
k o s a b i s i k i m a v a l e m i i
k o a n g i l i a k k o z e l u m a
k o i k a k o z e o k a n i n g i a
k o t a o b a k l u m b a
i k a k k a k i k a t k i m o b b w a a k i
g a k i t u i m z a a k i
t o n n g i e a k i o t a u n a i m i i
k o o z e l l o b a
k o n d a m e l i w a n i a
k o o b o m k e n s a b e b i a
o l o o z u w o s o m u n a i
y i u m b l a k i i
k o i n g a a n g i a
k a k u m b g i s i i
k o v a n o y o o b i a
t u n a v a n a k i
k o k o t o a
k o m i
n g a t e l e i
k o o t u o k e a
k o n d e a o f u t e k i a k i o k a
t i k b i s a k i
m a k i i
k o m e l t i n a
z u w i o y i b a k i
o b e b t i k a k i
k o o l u k e a o l e o t u a
k o t u n a m b i a
i m i u k i t i n a k i
k o k o t i b i s d i k i a
k o l e w a n i
u w o t a e n g o m i b a o n g a y i b i i
k o s a l i a
k o l a e n a
k o o k i o n g i m i a
o l o y o k a k i
k o l u m b o n a
k o s a k i a
k o k o b a f a n d w a n a
o l i a o t a n i
u m b o l e l y o k a k i
s a l o m a k a k i
o k a n a t a k i
k o e i e k i o s i m a
k o b o k a k i
i m a k e l e i
k o t o b i i a b i s i a k i
o y i b i n d a k i
k o e l a k o l o a
u m b i o v i
o z e l a k i
k o o z u w a
k o k o z a
n i w a n i m k a b i
k o o b o m t o n b o m i a
g a a t i o f z e l i o s a e b i o z e i
k o o m a k k o t u i a
k o s a o m b w a k n a k i a
l o b k e n u n g a k i
t i k b a l a k i
i a k l i s k o l u i
i a k s a l o s u n g i s i
k o o m a k i k o f u n a
i b a d i k a k i
k o o l i b a b o m n g o l a
k o t o n g o t i a l a
k o o t o n s u a
k o g o o s o m k a n g a
k o i i s i m b a
u w o l i n k a k a i
t i k i o n g o l u m i
k o k a n k o l i y e k o a
t o n o m b i i
i a y o i
o t u d i k a a k i
k o i m b a a
g o m a k i a k i
k o s a l l u m e m a a
z a l i t e t a n i
k o a n g i b k o l a
k o k o t e a
e m i d e a k a t i i
o m b l u m b a k i
l o g i s a e l o m a k i
k o k o m e d i k a a
k o o y o t i n u m w a n a a
b a o k e i b i t e l e i
e m a k b i s a i
k o a n g a k o t a t i a
k o n g o l a
k o k o s i a
k o z e e m i a
b a l b o m a a k i
u k a o l a k a k i
k o s o w a b a k a
k o o z a l o k a a
t o n g o t i n i
i a k i a k i
k o u m b k o f u a
k o k o t o i m o s a l a
o f u i
i s d e a k a k i
k o i n d a
k o b e a k o k e n i
k o t o n g a
k o o y i b n g i s o b o o k i m a
s o k o s o o v a a k i
g o t e l a k i
k o o s o m o m e l u m a
k o n g o l a
k o k i e b i w a l o b i a k i
a t a o m b i a k i
o z e l k o f d i k a a k i
k o l o b i a
k o i n d i k i m a
o s a t o s i i
k o n g o l k o z a b e n g a
k o o k e n i b a a l a a
k o e l e m m e m i a
k o s a k i t e k a n a k a
a n d a o l a a k i
e n f a n m a i s a k a k i
s u i o k a n g i
k a t i z a l a i
k o k o z l o b o b e b o t u n t i k a
k i k o s i o b e b i
k o k o t u a
k a t i k i s i m b a k i
k o k a n g o z a a
k o k o y o i b a t a n g a
k o s a k i a n d m b a k a
y e k o e l e m i
k o d e a k l e m y e k a
k o k o f y o k a l e o v a n a
k o l i i a
k o o b e b n d i k o y i a
k o a l a k k o l u l i i a
k o i a f a n d z u y o a
a t a m a k a n i
k o o k o m a
n g i s o m i d a k a k i
a k i n g i s d a k t a n a k i
k o i n g n a k i k a a
e b i l i i o y o i
k o a k i w i m e l g o l a a
b a l o n g a a k i
o k a n o t d e i a k i
g a k o b a k i
k o k o t a
k o a k a b b w a a
z u w a k o l o i k a k m b a o m a k o l a k i
k o u w i s i m a
k o o z u w n d e a
k o a k o z k o t u a
o k e n o s a l i
a n d a k a k i
o z u u w a k e k o l g i s i k o z a i
k o f a n d a
k o u w a k m e d e a a
f u n i
u k y o e n d e i
k o i i d e i m e m i a
s i m i b i a k i
k o o s a l o s l u k a
k o u n a y o a
e m i i s i o t o n a k i
k o o f u m b i g i s a
k o a l a k o v k a b y o k a
e k k a n g e n d i
a k a n g o n g i s a k i
k o l a k i a l i e m i a
a l i s k o t e e m i i
k o l o a k i
k o e k a k o n g a t a a
k o b e b g i l o b i a
k o k o l a u k a
d a u n i a k i
k o u a k i k o l u e m a
o k a k e k y e k i
k o o t l e l a a
a l a k l o b a m e m i
k o o t o n i m a k o m a
k o e n d a
k o b a k i a
k o k o z u n g a k b a l i a
y e k o a k b i n g o s a l i l i i i
k o a n d a y e k o a
k o o t o n w a n a
b i s a a t a k s i n g a k a k i
k o i k i n g i s a
k o k o s a t o a
k o l u i
l i n g l e l a a k i
l i m a a n d u n a i
k o i k a o k i m a b m e m i a
k o o l o b f a a
b i w i i a k i k o s i
k o l u m b e m i l u k a
t i n d l o a k i
k o a k a n a
k o k o l e e n d k a t i a
k o i n g i a
o k e n u n i
a n a i
e n i m b a a k i
a n g a t i n d a k i
k o o k a b w i s a k a
k o e m i k o k o l a k a
k o a b w a a
k o e n g i t o u k i k a k a
k o l o b i a
k o t i n d a
k o a t a o f u a
e a k k o l i k o s o i
k o o z a g a o m b a a
k o a n g i i b a e l e a
k o l o t e k i g o l a e b i b e n a k i
u n a k g o l a i
k o i i o l e l i a
m a a l a k w a n a a k i
k o a l a k a
b a l i n d e s u a a k i
k o a n i t o n g a
l o b a z e y o k a k i
y i o n g b e s u i i
k o m a k a
k o o y e k s a l a
m a t u n g o i
e k o b o l o b a i m b i k e o n a k i
k o d a k i v a n d a
k o o y e k t a k a
k o k o f u a
k o o m e m i s i a
f a n d t u u w i i
d a k i n i o z u w a k i
o z e l k o t u i
z u w i
k o o l i a n i t u n a
k o g a o t a a
k o g a o b a k e b i a
t e k a m e l o k a b g o l i o t o b a n d a k i
o z u i i a n a y e a k i
o k w a k k o t u a k i
k o s i i k a n g a a
k o u k i o z a a
k o n a k i e k o l e b a
k o o t o n z a k i a
l i s a a n a k v a n u i l u k o s i m i
k o m o m e l o s u a a k i
t i k i o l u k i m i a k i
k o b o z i
k a b o o b a n a
o k e t i k a k i
a n g k a k a k i m a i
k o w a n a o y e k a
k o f u o k a a
k o o f a o y i b a
k o k a n g a
b i b i e m b a n a k i
k o o t e n g a m a k i a
o k a n l e l i k a k i
k o o s a e l i a
o m e m e l a a k i
i b a k i m b a i
o v a e k o t e k i i
k o o s i u k n d a
k o o s o k e y e m e l i a
l u a k n g o l i
k o b a n e l a
k o d i k i a
b a l a u k a a k i
o l a k a k i
k o o n g i k a t a a
k o a b w a l a k a
w a k i k o v i
g i s i l e m a k i
k e n d a t u n a i
k o k a o y e u a k b i s a
k o m a k a
l i s i w a n i a k i
k o k a n o m i a
u k i a n l i i
k o b w t i k a a
k o y e k o k a b w a
k o n a k a
i b a k m e m a y e a k i
y o k i i
b e b i a k i
s u a a k i
k o z m e m i t o n g i
k o k a a b l i s a a
t e k i g o l a k a n k a k i
d e a g a i
k e n b o m o f u n i
k o k o s v a e k a a
k o o k a n i n a
k o m i i m b i i n n g a k a
k o b i
e n g a u k i k i m i i
b o m i a k i
i n g a o y i o t i k a k i
i m i i n g i a k o k e n a k i
d i k i e a k i i
k o o b o m b i s i a
k o k o t a g i a l a a
k o k o t e a
o y i o t i k i
u w a k i
o f u n a k i
n d e i g i s a a k i
s i m b a k i
a n a k t u o m i
k o l i s a d a a
k o i b a k k o f a a
f a f u s i m g o l i
s i m k o y e i
b o m a b w a n i
k o k o f a s a k a
k o b e n o b k o k i l o b i a
s i m b d i k i o l o b a k i
k o i n d k o k o a
k o a k a b i s a a
k o y e s i m b z u w i o k i k e n a
u w a o t i n o b a n i
t e k a e l e i
o l u m o n g a d a a k i
k o o m b a
k o i s a v a o l m e l a a
k o e n d o k i n g o l a
k o l u m d i k a i k a
a t a k k o m i
o l i n a k a i
k o o k o a
k o o l a z a l i a
u n a k o t e k a t i
n g i k o z u o v a n i
k o o k e k o v k o k e o k a n o t e l a
k o g o l i b a k a
k o g o l b o m k e n d a
o z f u s u i o t u i
o b a n i
k o k o z a o k o b e b a
k o e b i s v a a
o m a e l i i
k o o s i m a
k o f a n d k o f u a
k o m e m a o l i o m b i y i b i k a b a
k o s u a k b a l i m e l a
k o u m b i l u a l a a
k o o k e n i a
k o o y a b a
k o k a b w u m b o l e a
k o u k a a
k o m b a a
k o m e i n g i a k i
k o w i o f u o z u w a
k o o f l i a k s a l a
o k e e l e m i
k o z a e k o t e k i k a o v a n k o y o a
t a n w a k i i
k o t i n d k o y m e l i a
k o o k i y e k o i s a n a
o f a n b e n g o b a k a k i
e b i s a b w a k i
k o o y o o b a l l u m b a
k o z a e l a k i
a n g i i
k o e a k e n g i a
y o k i i
k o n i t e k i k o s i a
o m e m i a k i o m a k a k i
z a l a e n g i l u k i a k i
k o n d a k a
u n i z u w a i
m b a k a k i
k o t a k i m e l o l o a
n d e i o k o i
k o o z a a
k o o k e o l a k a
i a k o s i i
o y n d i a k i
k o m b a k w i m a k a
m b i t a t u n i e l a k i
l i o m b a a k i
k o i m b l i i o l e a
k o s u a k a k a d e a k a
o n a l a k o t a k i
u n g o o k a i
a b w a o z u w g i s a i
i s i g o l a k i
o f u y o k i
w i i b a k i n g a a k i
k o t u o l e n g i o t u n i
s u a u n g a k i
k o i m b i l i n a
e n g o k e n l u i a a k i
k a k k o b o m a e m a a
k o k o a n d a i
o t o n i
m b a k e m i a k i
k o i b g i s e k a k a
k o t a n o k e n a
k o f o b a k o s a i
t u n i o b a k a k i
k o e k a k a
k o l a k k o b a o s u a
k o g o l e b n d i k l e l a a
k o i a k i i b i i m a b a l a t u m b o k i m a
o t a n k o s a o s i m i
n d u k a a k i
k a k o v k o b o i
m e l i n g i o z a o t i n i
k o i n d k i m i m i a
k o o b o m o l u k a
y i b i o m b a k o k a i
i a k i k o m a m b i b e m b i k a b u n g o i
y i b g i e l i k o y o i
k o o y i b t e l k e n l e l i a
k o n a k o f u a
k o o m b a z a l i n g i o k a n a
k a k o t e o z e l o s a l a
k o z e l i a
l u m o l a f u n a k i
k o a b n d e i a
b a l a z e l a a k i
k o z a o k a k o m e a
o y o k i m m a k i i
k o e n g s a a
k o y o t u n a a
f a o s a l i
s a k i o l u o f u n i
k o k o t a a
k o b o s a l l e m i a
k a b w s i i
k o s a z a i
k o b o e k i m b i o l o y e k t i k a i
k o k o y e l u k a o m a a
k o s u a k t i n d a
z e l a o t u n i
k o e a k i z e k i m i a
y o k i o s o b o m i a k i
k o a k i i m n d o s o a
k o o k i a
b i k o k e i
k o n g i b i s i k a t o n a
o f a u n a d i i
k o k a o k i m a
e n g i n d i k o m i
k o o m e l k o l n d e i e n i b l e l i a
k o s a l e k a a
k o k i a k i
t u n i a k i
o v a n z a l a k i
k o k o b a l i a
k o a n a b w m a k y e i b a k g o l w i k o k a
o s a o y i b i
k o o z u w e k a k a
m b a k k a k k i m a k a k i
a n a k o m g a k i m e l i n s u i
k o i b w i k o z a a
k o b a n l i i a
k o u k i k a k a f a y o k a
k o l u m b g i s k e a t a k a
o v a t a n z u a k i
d e a k o y e a k i
o m e o k i i k a k i
o k i m t a a n a k i
n d a i
o y l u m k o l a k i
k a n k a k i o t z u w i i
k o k o f d i k a a
e n d e g i s a a k i
a t o b e n a k i
l e k a t a i
k o t i k a k i a
k o n g o i a k a
k o s u d a k e n d a k i
o m i l i a y i t a o b a k i z u w i a k i
k o o n g o l i z a l a a
k o e l e o l u m e n a
k o k o t e k o t a a
k o o k a k l u m b g a k b i s a a
k o a n a u m b i e a k i a
k o g i k i a
k o u m o k a n a
k o k o t a t u a
k o i s a u i t a k o v a t e k i n g a
k o e n d s i m b a
o b e d e a k i
o k a k d i k i k o b a k i
o t a n u w i i
k o o l i v a a k i a
u n a k e l e m s i m l a k i
y i b k o b a b w a l i n g a k i
k o z u w a u m b a
n g o l i
k o i n g i a
k o a k a b a
k o o y k o l a a
b i s i i
k o w a k t i k o t u n a
m b a e m z a l a a k i
k o i m a k y e k l u m a
k i m i n g i o k o t i k k a n a b i b a k i
k o k i o l u n d i k a
z a s i o k o e n d a k i
o l e l k o k e a k i
k o o b e z e l i a
z e u n a a k i a k i
v a n d z e l b i i
k o o b o s o b i a
a n d a o m a o f u n i k a k a k i
k o e a k i m a
o t e l e k a k i
k o l e o b e i
k o f u n o l o a
o l a k z e l l i n g a k i
k o w a k i f u k o l a a
l u k i t e l e o b a n a k i
k o m e m a a
k o i b y i b a i m i a
k o v a n k o k a a
k o e l a o b o l a
n a k i m a k i i
u k a o s i s u i a n l i a k a k i
t u n i o m e l i
k o o k i m a
k o s a i
k o m e m i a n g i n d a k a
k o o k m b a k a l a k a
k o o l u k a
k o o t u a l a k a b w z u w o y e s a k i a
a l i o l u m b a k y o i
o y e e m a a k i
a l a t o n g a k i
k a l i n i m w a k a
t i k a a n a k a k i
k o t o n s u a z u o l i n a
k o k o l i y i a
k a t i e b i o n g i i
k o o t e a n a k o m b a a
n g a o m a o t u n i
k o i a n g o l e m a a
k o i n g i l u k z a l i a
k a l a m a k k o s a
e m i k o z e b i s i o s o m i
e k o t u o m e m e m i i
o m b t o n k o f a i
o l o b s o l u k a k i
k o o m a k a n t a n g a
e k n g o l i n d i
o z e l e m i i m i a k i
m e l e l e m o n g i a k i
k o b o e b a k i
k o f a n z u w a o b a
k o t u n a a
k o u m b k o t a
k o b o m a s o m a
k o b i s a
o f i b i o k i m i
z e l a a k i
b a k o n g a k a k i
k o t a n g t a n g a
u m b b e b i i
k o i n g a a
k o o y m e o k a
k o e b i a
k o a l o v a n a
k o n g l i s a
g i o y e k i
b a k i a l i a k i
k o o k o e m i f a n d a
k o o y o k a
k o o b e n g i o t i k l u k a
k o o y a n a k a
k o k a n i m a k a
u m b i
k o s u g a k i t u n i a k i
k o u w a k s u a a
k o o s o k a t i n g a n d k o z a
k o k a n g o k o m a
k o s a l f u n g i n d i a
k o t i n m e m i a
t e k a k o k i i
k o i m a a
s a l k o s i o l i a i
i m b l i s t a n g i
k o z u w a o l i e k i z e l i b a n d a
k o a n d i o t a a
k o k o g o l a s a k i b e n g e n g v a n d a
o t o n g a k o t o n a n g a b e n k o m e i
k o u m b a a
t e l e l e k o f a e b i a k i
a k a g o l i k o k a i
k o u n a b a k i a
k o o k e e b e l a a
l e z e l i
a t a k l i y o k i
k o b a l i i n d i k i m a a
s u a k k o m i a k i
k o i i o m a l a k a
k o t i n d e m a n g a
k o o t a k o s o a
k o k o z e o n y i b a a
k o l e m i m b i a
e b i o z u w i
t o n k o b o m e k i m i i
k o z a l a t i k i g a k i y e k o z a l i a
k o m e l i o b o i i a
k o v a o k o m i
k o d e i d i k a n g b i a
i n d i n d e i i
e a k i
k o e a k i u w a o s e l e a
k o y o k i y i b i a
e l a k o y o k o b e i
k o a t a l i s i a
k o o z e l l o b i a
k o k a m e m a a
k o k a o v a a
a k a b g a k o y i i
k o t e n g a l e m o t e k a t a k w a i
k o d a k n g a a
k o l u o k e n b a n a k i
l u m b a b w a i
k o i m a k a
k o t i n d b e b i a
o s i m e m a i
l u m b o t u n d i a k i
k o o y o k u a k o l b o m i k o k a i i u m b i a
w i m b y o k a k i
d i k k a b w a k i
k o b i k o l u o l e a
u w a i
o t e k b o m i u n i a k i
o l u m o y k o l e a k i
n a k i e l a k i
k o a n i o z a v a g i s a
o l i b w a n a n a n d a i
k a n a g o l a
k o i m i a b w l u o y a
b a k i a n g i d a d i k d i k i
k o m e m a a
k o e b i s o f o b a k a
e a s i e l e i
k o a n d i l i s o b a n a
t a i n d i o k o n g a i
k o i k a i n k a t k o f a a
k o k o m e t i k o k a t a
k o i a k i l o b a o m e a
a k a b e n g i a k i
k o t e l e a
s u a k k o b k a b w a t a i
i n d k o t o a k i
u k a k e l a v a k o z i
l a k f u l i b o m i i
k o k o t e v a n d l i a a
s o m b t i n i
k o o k i a
o n b w a n z e b a k i
k o a l i y e o y e k y e a
k o t i k a g o a
o t e l a k i
k o o y o k a
o t e k a k i
e l k a t b o m i
k o b w o s a a
e b i s u w a o y i b i
z e w a n a k i
k o u m b l a k a
o k k o b o i
t e l e t i k a a k i
k o o b a n i m b i o l u m a n d a
k o o m e m k o f a a
i n d i k o l u i
k o l u k e a k i a
k o o n f u n e a k a
v a n d m e m a l i s i
k o u m n a k i l i s a a
k o y o k i n g a o k a n a
o y e k n d e o t e k i
k o e n g l a i m a k a
k o t u n i a
k o t i k a
t a n g n d a i
o t u n d e i i
u i o s a l a k i
d i k i e a k k o l i m i k o z u m t i n a k i
k o l a k i v a k o v a u k i y i b n g a
k o l w a n i i
k o w i t a n g a
n g a k n d a k b w i
k o i s a k k o k k i m a a
o b a l z e l a k i
k o b o m k o k o g o l a
k o l a a k i
b a k i o v a l a a k i
i m i a n g a a k i
o s o m u a b a l a a k i
k a i i d i k i a
m b i e n g a a k i
k o o s o l u m b s u i a
k o k o b a a
k o l i a k i
g i a n g a o v a a k i
k o o t e l a n d a
y o i n o t a n i
k o g i s m i l i n g a
a t a k i
a k m e l a a k i
k o n g i s b i s a b a n d a
k a t s o m o m a a k i
i n g k o v n g o l a k i
b i s i a k i
o k i o l o o l i i
k o d i k a v a a b w a
t o n g e b i s m e a k i
a k i a k i
o m e a k i k o s i a k i
k o b a k a t o m a k b i i
k o e k a k a
k o o n g m e m n g i a
k o b e n g o z u o f a n a
k o z a l k o b e a
k o u m b a
b a n t e l e i
z a l i u n a k i
k o f u e b k a b w i
k o s u i l a k i a
k o m e o n o k e b a k i a k i
k o k o m i o v a n a
k o e n d o s a a
z a l a s i i
t e k s i e l e i
k o t l i n g i k i
t i n k o t o i
s u a t i i
d i k i a n a k i n g a a k i
k o b o t a k e k i a
k o k e n b i b w a a
k o o l u o b a k a
k o d a k i e k i d e a
i m b i a k i
e m i m e l i a k i
o k i a l b i s a a k i
g i l i s e k g a k i
f a s o m b o m a a k i
k o w a k t a n g i n g i a
n g a t i t a n g z a l i
z e l a a k i
k o d a y o a
n g a k d a k a t a e l e a k i
k o l a k l i s a
k o a l a a
k o m b i d e a k i m i l e m a o s o o y i b a
l o d i k i a k i
k o b o m a a
k o d i k i v a n a n i o k e z e l a
k o m e l a y i a
n a k i i
k o o l i a b a l a
k o z a u k i a k i
o s o m a k i
k o e i z e l i a
k o a k g a k z a l i a
k o o l i a a
n d i i n g i i
i m b a z e l i l o b a b a k i a k i
k o k o m a k a y o k i a
e n d k o z a k i
n g e l a m a k o b o a k i
k o b a n d b e n a
k o n d e a l e a
k o t a k i k o y i a
k o i b i a
k o b i
k o n d e i n i a
l i n b a z u w d i k a k i
b o m a o b e b k a k i
k o e k s a o z a
k o w a k o y i i k i d a k u k i l e l o b a l a
o f u i k i k o f a a k i
s i m a k a u w a k i
k a k o v i b a a
s u i i m i o k a b a k i
z u w i i
o m e i
k o a n g i s a l u k k o y i n d u m b o t i n a
i m b a o v a o k o m a k i
k o i b k o v a i m g a k a
o y i n d i e i k e i
e k o o m a k i
k o o y o a
k o o l a k n i a
d i g i s k o k a y e k o i
k o b e b i e a k a
i b a k o b o m t i n a k i
k o o z a a n d a
o s n i u i a k i
z u w s o k o b e k a k i
k o k a n g k o a
k o z a l a a
k o l e m i n a k a
k o k o b o y i b a
k o t i k a o t e a
k o e b i s a n i o l a k a
k o i b a b w i a e n d e a
k o t e s u i t o n a k i
k o i s b e o k i a
k o o n g i a
l o o l o o b o i
k o e b i s a l b o m a a
k o o k a l e m o b e a
k o u a k i o n g i z e l a a
k o z u w a n i a
a l i s i
l u k a e k o l a k i
o t u n o z a u n a k a k i
k o k o y e a
d i k i a b w i
k o a b a n d a i n d k o f f a n e n g i a
t e o f a o b e b t a n g i
o m b m e l a s u i e n d n d i i
a t i a k a s u a a k i
n a k i e k i w a n b w a o s a k i
k o o l o d a o t i k o y e o y i b k o v a
w a k i g i s i a k i
k o m a k u a k a
k o k l u m b u a k a
k o k a k i a
o v o f u o s u a a k i
i b a k a l a k a k i
k o b i o b a o l a a
k o f u o l o f a y e k o i a k a t i d i k i a
f u o l i n i
s o m n g a k m a e n d i
o n g a l e a k a n i
k o o l u k a n d a a
k o l u l u i
k o b o k o f u o z a k i m i a k a a b w a i
k o f u n e b i s s i m a
k o o z u y i b a k o t a a
k o g o l a z a l a a n g i a
k o f a u w i a k i
d i k i i
a b w a l e m i f u n k o s t i l i a i
a n d i o b e o b a a k i
k o b o m a e k o l m e m a
o l a k g a k i i
n g i s o y i y i t i k a k i
l i a k e n g i m e m o k k a t o m b i
d e a o k a k o n k a b w a k i
k o o t e l a
o k n d i k i
o l i n k i m i o t o n a k i
m e m a k a n a k i
a k a n u w i i
k o g i s a e m a o f u a
k o k i k o f u n o l e l t a e l e i
k o g a k t a u k i a
s i m d a k a k i
k o e k a k o f u a
l a k o z a t e l k o y o i
a k e i i
k o a n g a a
k o i n g i o l o b d a k a
w a n o k i m i
k o s u a k a
k o d e i n d e a a
k o s o o s a f a k o y i i
o l i o f u n b w b a k i z u w o t i i
k o a n a k o n n g a k o t o a
k o g i s i a
g i d e i o t e k o k a b i
k o k o t a d i k a a
a l i s i
k o d e a k s a a
k o t u n a i k i a
k o f u o y o k a k i
m e l t a n g t u a k i
o b o n d a i
k o e n d e a
t i k o l a k o l i a k i
l i n g k o t e a k i
k o e k a a
k o n g a k a
k o y o k a i n y i b a
k o l u o t u n l u k o l u a
k o o l a d a k i a
k o k o t e a
o n g t u n a a t a a k i
o n g a m b i u n g o i m a k i
i i k o l i o n g i i
u m i m b a a k i
b a k i o f u o l u k a k i
k o z e l i d e a a t a a
k o k o b k i k o v a
u i o s u a e a z e i
k a t i i
l o b o z e l t o n a k i
b a l a n d a i s a k a k i
k o w a n b a n d u n g o a
k o o y i a t a k o s a o m a b e n o y o k a
l i o z a k i
k a o z a l l u m b a
k o o s o m g i s i a
k o z m a k i i k a k a k i
k o l i f u n g b a l a a k i
k o m a k i z u o y o k o m a k o z e a
o b k o s b a u n i i
k o y e t u n a o f a a
k o a l a m e m n d a
a n g i i
k o m b a i n g i a
k o o s a t i n a
o m a k a k a k i
k o e l e a
t e l e b i w a n a i
k o u k i a t a a
k o b i s n d i a
l e l a u a o v s u a k e n g i k o k i i
f u n k a k i
o z e l l i s a i
a n g a a k i
o t m e l a k i
k o k a t a u k i b e b a
s u i y e k o f a i
i k a k i k i
i m b a i a o l u m a k i
k o a n a s o m d i k a a
k o b o m u n a k a
k o v a n a
o l i n k a t k o f a k i
n g i f a a k i
o v a o y i b a k i
e k a k s i m i
k o k o y a n d i a
k o b a l o s o m a
k o k a k i s o m b a
e m a a k i
l e l a y o k a k i
k o z a l a u w i m e i k a a
g a g i i
k o s a l i b e n g a
k o z e t i k a k i
u n g o i m i b a k i i
k o m e m k o y o a
k o b o m a l i i m e l a a
k o z e l k o t a i n d i n g i s n d i k a
u m b a o b a o l e l a k i
a k a b t i i
k o o t a n k o t u a
a k o s u a i
k o k o z a t u n i a
k o n d t i n d o k i a
n d o b o m i
s a k f u n g o l i i
k o e m i e n g a
k o o t e a l i a
o b e n n g u m b i a k i
l e l a n d k o b a s a k a k i
k o o m a o m e m u w i a
z e a t l e l a n a k i
l a k s o m b i
k o u a k o t l u m b a
y e k o a k i
k o z u t e l a
k o a n i i a k a
k o k a t a a n d i v a b a l a
k o n g o k i m a l i s i k o f n g a k a
k a n g i
k o b i s a k o b o a
o b o m k a n i
u k i i
o b a n k o y i i
k a l i s z a l a a n a k a
k o s a k o y i a k i
o y e k a k i
i k a i m b i a k i
k o k o l e b e u m m e m i k o t e k e n a
k o o l m a k a
o m e m i
i n v a n k a n g i s i
e l e k o y e s o m b a k i
k o y i
k o l i a k a
e k a k o v g a k i n g l e l i
b a k e n d f a z a l i a k i
k o a n d b a l a a
u a k o b e n z a i
z u w a k o t e n d a k u a k b i s i i
k o k o f a o m a k a
k o k o l o u k i v a n d a
k o l a k i a
k o g a k o z e u m b a a
k o e n g a k e n d a
k o o y e e n d e a
m b a k a o t e l a k i
k o o k o u n i a
t o n b a l a a k i
k o o m a k z e l i k o l e o b a l a
k o u m b i m a
k o k o z e o b o y e k l o a
k o a k i i a i b i a
k o e k a k a n a k f u n a
k o d a i n g d a k a
k o z e l i u n g f u k o l o a t a a
t e l e i
k a k a i
u n a k l u k i a k i
w a n a b i s e n d e a k i
a n g a k i
k o l u m e l a a
o l a l i b o m k o y e i
k o y e g a k i i
k o u n a e k a n a k i a
y o e k a k i
k o k e n d i b i o s u d i k a d a a
k o k o s a
y o b e n a k i
k o t a n g o l a
k o k e b w z u w a i
k o m e m a l a k i a
b a l i i s a k k o l a k i
k o i m b k a k i o y o a
a n d a e n g i
k o d e i u n a k a
k o y o l i i a n i a
k o k a n d a a
d a t a n g e m a k i m a l u m b o z e i
n g o w a n i i
t a k i i m b a t i a k i
k o l u m o k e n i n g a a
k o b a l a a
k o t i i
k o e b b e n g a
k o n g o m b a o t u a
i m a u k u n e m a i
k a k g o l i
v a k i m a a k i
e n g i b a k o m b a z u b i s i i
d i b w n d i u m b i k o k i a k i
k o a n e n g o b a l a
b a k i m b a a k i
k o o s u a l u k o k i a
k o g o l i z a l a e m e m a k s a l i a
k o t i b i s a o l o b n g o a k i
k o o t a n t o i n a
k o k o b a m b a k u w i a
i m b i g o l a i
o l e l d e a i
k o y i b i a
u a k u w a i
a l a b i s i a k i
k o l e l i z u l e l n g o a
k o t k a k k e n a k i
u k a k i
k o z u w i t i k i o b e b a
k o l i s a
w a n i i
k o g i o l u k a
e m i k a t i o k o d a k y o k z a l a i
k o o k i m n g o o m e l a
s i m n g a k k o k i i
k o b e l e m i i
k o t l a y i b i i
k o o f a n s a a
i n g i w a n a a k i
k o o t i n n i y i b a a
k o v a a n a k a k i
k o y o k b e a
d i k a o b a l a n d i i
k o l e o t t a a n a k a
k o m a l i s i a k i
k o z e l i a
o z a l m e l i i s i a k i
k o l u k i g o b a l a a
k i a k a n u w a k a k i
k o o s u o f u n a
k o o k e n u w a l a a
k o m e m k o y o b e n g a
k o w a n a
k o m e l a a
k o k a s o m b a
k o t i k a a l a k a
k o o s u t e k s o k a b o y i b a
k o o t e l d i k a
k o e b o s o m n g o m i o k a i m b i a
o k o z a l a k i
k o g a k i k i z e l a a
k o k a k a t i a
k o i b a k o s i a
m e m i o f a o n g i s o i i n d e a k o b a k i
a t n g i o m i a k i
k o k o m e a
k a b w a a
k o o l o s u k a k a
m b i o t e k k o b e k a k i
f u e n g i
u k i o l o b o b a l a k i
o f a t a e n g a i
f u n d i e n e b i s i
k o g a l o a
k o w a k i n d a k a
k o e n e a k i a
k o a t a k a
k o o l o b d e a
k o s a i
k o y e k u a a
o b e b a k i
l i s k o k a o m a y i b i i
m a k i o f a i
k o o m e m o t a z u a
b o m i a k i
u n i a n g a b w a i
k o s a k o t e o t i k a
k o o f u n o l e l i n a
k o a n d a s u a k a
k o o l a k o s a i n g a
a t o l e l i
i n d m e o s a i
s a k m a k i b e n i
k o l i n g a
k o l i a f u n b a d i k i n d i s o m b a
k o e n k o k o k o a
n g o o v a n a n i a k i
l u k i n o n i
m a k i e k a k i k i a k i
o k e n a n a i
k a t i t o n l i s a e l a d a a k i
k o d a k i k a t y o k a a
d e u k a k a k t u i
k o o b e b s o f a n d o l u k f u n n g o a
o k i m i
o l e t o u w i a k i
l o b u n i u a k k a k a y i u m b a k i
u n a k o l e u k i a k i
o b a k a k i
k o n g a k t e a
k o a b w n g a a
k o v a n d o k a n l i a k a
k o k o y o d e i k o b o a
l i i o n i s a a k i
o f i s a a k i
z a l i m e m s o i
k o o m b i o b a k a
t i k a u i i
k o o s u a a
k o i m b i g i a
b a k o k i
o t a o y e k b e n g a l i s a k i
u k i o z u w i
k o k o b e o s u a l u m b a
k a k a k l e l a a
k o t u n l a a
t i n d k o z e i
i n l u m i
o z e k o m o v e l k a o t e l b e b i i
k o l i s a a
w a n i u w f a y e k o i
k o a l i w a n u n a
k o e n g i y i b a b e n g t i k i k o l o a
o l o k o v g a u k a k i
g i w a n a i
b i s w a k i
o m b i e b i u n g i
t u e k i a k i
k o k o s z a l a k o m i e a k k o v a a n g a a
i a k i d i k i b a l i i
o t i w a n i t a e m a a k i
k o b e n g a
k o k o t o s u a a
t e k i o k e t u n i
k o b i s a o s o m a
o f a o z u w i
k o k a t i b i s b a l b a l a z u w a i s a k a
k a k o s a l b e b a
u k o k i m g o i
w a n i
k o v a k o s u a k i
o b o z t e k a k i
k o l o b i e l a k o z a a
i s i g a k i a k i
k o i k a k o t o a
k o o n g i a
l u m b a n d a i
k a k a i
k o k e u k i a
k o o k a b a
k o o t i k t e o z e a
k o e a k o m i a
k o i s a t u n n a k i a
n g i s l u m o b e a n d a b e d e a a k i
b i b i s a l u k i a k i
m a k i t e k o y e o b i a k i
i b i o y o k a k i
k o e a k a
k i m i
k o o l a k i n g a
t i k a t i o b a t a i
y o k i f a n d a l a i
k o v n d e a a k i
k o o n g i k a t a
u w a k a k i
b a k v a n d l e a k i
k o o z u l o b a a
y i b a i
k o e k a t a t e k a a
k o a l e l a a k i k o y o a
t e o t o n g i s a k i
d e i v a s o m i
k o t e l i s a k z u w i a
k o o k e n t i k a u a k i a
l u o y e k a k i
e n g a o n o m i o k a b i
k o k o m a d e i o m b a
k o l e i
k o o z u b a l a a
k o o k e m e m i a
w i o m e t i k a i
o k a k f a n d a k i
k o u w a k l e l i a
g i a n d n g o t i n d i
b a k i
k a k a w a n a i
t a n y i b i n g i a k i
e b i s o l a k i
i b i n g o l k o v i
k o i b i o k o m z e s o m b a
l e m t i k i a k i
k o o b a l a k t e l e b a a
n i y o k a o b e n i
k o f u k o z e a
f a k o s u u n t i k a a n d i i
s i m e l a k l e l a i
e n d e t a a k i
o f a n s u a a k i
k a a k a e k o l e a a
m i b o m e m i i
k o o t o n a
o t a u k i i
k o b e n g o f a n o l a k a
k o k o l o b i s o m b a
b w a e k a k n d a k i
k o i n g k e n a
k o m e l a o l i a a
k o u n g o k o y o l o b a
l u k z e a n d i i
k o o k a n a l i a
k o t e k a k o y i a
k o i n g a n d i a
k o u n g o a
b a k t u n a n g a k i
l o b o m e l t e l e a k i
k o w a n i k o t i a
k o t i n d k i m i a
o n g t i o k i i n g i
w a n a a k i
k o u n i e n d e a
k o a l a a
o b i o s o n d i k a b u m b i i
k a k a a k o s u d a o t i n i a k i i
z u w a a k i
k o l e l i m a k a
n d e a i
k o m e i
k o y e d a k i i
m e m i d a a k i
d e a n d a a l o l o a k i
k o k a b d a k i a
k o a k a a
k o n d i a
k o a l a k a
k o e b i s e b a
k o b a l i o k a a
k o g a o y g i t u n a w a n i o l o b a
o s a a k i
k o i s i a
u n g o i b a k a k i
k o g i s a t e k l e l a a
k o k o k a i m a k o v a
k o g a k o b e n g o a
e k o m e l i i s a o b a k l a w a n i
b o t e k i i
k o o t a n i b a k a
k o k b i s i n d a a
k o i n d y o k i a b w a
k o o l e l a
k o n d e a k o t e a
k o i b z u l e m i a
o l i a k o f a i
k o n g o l o l o b e n a
d e i o k a t a k i
t o n t u t i n d a k i
k o o k a b a
o s b i s a a k i
k o a b k o t u a
k o u n g m b a k a k a
k o k i m a a n d i a
i n g a a k i
k o k o k i e a k a
o b a b i s a i
t i n d u n a k i
k o z a l a a
o t e k a k i
t o n n d a k e k o l i
u k i i k i u w a k i
m a o z e l i
k o o l u a
k o v a n e n g o b a n a
k o k o s i a l k o f a
y e k z e l i
k o m e m o f u a
l u k m e l n g i a k i
k o e k o k a k a
k o a t i o t e a
k o n d e a l a a
o f l i i
k o b e n g f a n d a
d a k i i k a l o b o l a k a k i
t i n l i n g a k i
l i n l i s u a k i
k o u m t o n i a k k o s o a
k o s u i
o t u n o l i n i
o b e o z e l d i k a k i
o l o m a k i i
t i k a u k a k i
k o o l o a
o f a l e l i o b e b i m a k a k i
k o m e l l e l a n d i a
k o s a b i s i
o y i b o t u i
k o o k i m b a k o y i a
k o k o b a i s a a
o s o l a k i k a k i
u w o b i i
k o o s a a
t o n o f u i k y i b i
k o k o y e a l a k a
b a l o l e i
o k a n s i a k i
a t i i s a k a k i
k o t e s i m a k i
k o a n g i u m b i g i s i a
t e l a k i
i m a k a k i
k a u n a i n d i a
k o i a k y o k a a
k o u w w a k a
e k i n d e i i
i a i b a s u a k i b a l e m a k o y o a k i
t i k i e k o i
b i y i b a u n g a k i
t e i
u k a o z u a k i
k o s a k i k o z t u n i a
k o b e b i l u k l u k a
k o k a n g b o m i a
e l a k a k i
k a k i m k o z z u g i s i a
s o m i b a k i
k o e b k o t e k a t i a
n d e t o a k i
b a l i a s a l i a k i
k o y i b a o l o m e l i o k e m a k i g i s a
o b e n i
u n g o o l i a a k i
k o i s z u o b a k o k o m i m a k a
o s u a n d a k o b a k i
e k e n g i
k o w a n i a
k o k o l u m b a f a a
k o t u u a w i a
o m b a a k i
e a e l a i
k o o z u k o f u e l a a
y e k i
o b e b t a a k i
k o z a a b w a i
k o l u k n g o a
t a k i k o l u u m b i a k i
s o m b i
k o o l u l e m u w a a
k o d a k k o t i i a k i a
k o k e n b o m a b o m a a
k o i a k i l o b a
k o o b e n i n g a
k o u m o k a n a
k o b e a n i s u i a
d e a k d e i i
b i o y o m i a l i i
k o k o t a n g i m b i i
b a n d k o s o a k a a k i
m e l e l a k o z a i
o b e b i
n g a k i
k o y o i
k o e n d e k e n d s o a
k o o t e n d a k a
z a l i o l u m w a s u a k o t u i
k o e m a o t k e n u k n a y o w a n i a
k o t o o y e k a
k o k a k o s o m s i m b l o b o k e n a
k o o s o m a
k o i m a o l a o l e l a
k o y i i
e l e m n d a k a k i
k o o t e k y o k a f a a
n g i m i u k a k i
k o u a o k a k k o f a a
w a n k o t l u k a a k i
u m b i i
s u a f a n d i
o z u b i s i o s o i
g o l i a k i
i k a k i
i i o y e k o z e o k e l u k i l i s a i
k o m e m k a t o z u m a k i a
k o k a t k o l i a
k o b a n k e l i s e m a a
k o m o s a s i m b o y o k z a l i
k o i m a e b o t i m a
k o o s u k o l u a b w o f a
i k a u a k o s u i
k o d i k a
o s i s a k a n g i b a m b a b a l i a k i
k o k a n g k o m a s u a
k o k a w a k l e m i e n g i a
k o k o m a a
k o s u i s o m b a
k o k a b l i s a a
o b a o m a i
t e l e n g a a k i
y e k o o t o n a k i
a n i k o k t e k a i
o s i v a o z e i
k o k a k o y e m a k a
k o k o f a e m a k a
o f u n a n i i
t u n k o t a z a a k i
k o o m a k a
k a n g k i m i n g a k i
o b o i
t e k i i
b o o v a d i k a k i
k o k o f a i n g n a k a
k o o z u b o m b a k a
k o w a k t u n a k a n a
k o d i k a k a b w o l u m a
n i y o i
e l a k s a k i
o b i w a n a k i
k o l i n u n g m b b a l a
i s a k i
o l o b e k o l a k i
t e b a n d a n g a k i
o f u i i a k i
k o i m i o y e k a
k o u n k o k e u m b a a
k o o l i a a t w i a
k o s a l k o k o v a n a
o l i n k o k e i
k o m a k i
k e n z u w a l i n g i
k o o m b a
i s i i m b i i
w a n e n g l o b i i
k o z u o t e y o k a
k o e n d k o m a a
k o a b w a b o a
k o o z u a
o b a n a k i
k o k e n d k o y u m b a
k o k o b e a b w a a
k o s i u n g o a
k o n g o l i n g a a
k o o k a n k a b w t i k a
o m e y o i
o t u k a t a k o b o e i i
k o k o y a
o s i l i i u w t o n g a k i
k o e a o y i a
k o k a k a b a k i a
k o b a n d e k a k a
l o b i b e n g n d i
u w a t i n d t i n d i
i n g a a k i
k o k o y e v a u n g o a
k o t e k o s i
k o l k e n d n d a i
y i b o b a k i
k o y i i k a a
k o k o m o k i l i s a a
k o z e i
k o k o l u i m a k b e b a
k o a k a g i i b k o s u a
k o k o k i k o s a
a b w a k a k i
e l a n d a k i
i k b a l a l e l i
y i b g i s i i
o s a l y o k y o i
k o a t z u w i b e b i a
k i m i a k i
o k a n g i s o l u m n g a t a k a k i
k o n d e a a
k o k e k o t u a k i
t u n w i i
k o m i o f u w a k a
k o o t e k o l i a a
o n g a o f u n a k i
k o e l d e i k a n l o b a
k o m e l a u k a k a
k o t a i
k o n g o l z e l i a
k i m o l m a k a k i
k o o l o b a
o v a n b a l a i
a n d i e b i a k i
k o a n g i e l a
l a b a o s i d a l i i a k i
k o z e l o l i a
i b k o y o i
t i k b e b i
k o k s o o l o b o s o m a
o k a b a l a k i
i k a k o m b a o s o m i
k o o m o t a n a
e n g i d a k i o m a k a k i
k o o b i k i m i a
k o k o z e i n g o a
k o e k o l u n i a
k o k e o s u a o m i i
k o y i b a a
u w a k i n d i i
e k i i
k o w a n i d i k i y i b i a
k o k o t e k a k i n g a a
o z a n g a k k o t o b a l b w a n k o m e i
t a e n g a o l u i
k o o k a n i s a k a
m e m i i k o l u a t a k o y a k i
k o o b e b a
k o d a y i a
k o b w a a
k o v a a l a k a
o l a o s o m i
k o u n a k i m b a a
f u n a l a k a k i
k o a l i d a k e n d a
n d i k w i i
k o z u w i k i m a o n g a a
k o o m a k a
k o z a l l o i i o l u m a
o m a k u w a i
k o b i s o t u o z e l a
n g e l o y i a k i
k o e k t a n a
n a k i o l e l a k i
o z a b a l a i k w a k i a k i
k o s i a k i a k i
a k a l o b a o v a a k i
e b i s z a l a i
n g i s i
k o d e a k i k n i o l a
k o a k k o k i a
o b o m k a t i a k i
k o k o z e t u l i a a
w i l u k i k o k e a k i
k o s a l i o t a
k o n d u n w i a
i s a k o v a b w a k i
a n g i a k i
n g a k k e n a k i
l i s a o k i m e n d i
k o o n g i o m i a
k o e k a k a
o s o g i s i k o l l i s i m i i
i m a k l e l i i
o k e n l u e b i a k i
k o k o b l u m b e n g a
o k e a k i
k o l o b y o m e l i a
o k e b w n g a k i
g o u k i t u n a k i
k o b e y i b a a
l o b a k o t i o m b i o f f u n g a n g k a k i
k o o b a k o s a l a
k o i k a k a
k a t a i s i
k o k o z a l o a
k o a n a
k o y e t e k a a
k a l i n g o l e l a
m i k a b w i
s a k m b a k m b s a a k i
k o l u g o l s u i a k i
i b i w i i
k o l e m a a
l i n g a k i
k o b e l u m b n a k i a
k o a l a s a z u u i a
a n g i k o m i a k i
b w b a k i n d t e l i
o f a n i
k o k o v a
k o e b i t i k i k o l u a
k o k o k a a
k o n d a k o z e i b a
i k i k a k a i
o k a n o z e l i
e n d o t i a k i
k o k a o f u n l o b a
z a l a n a d i k i a k i
e b i s e n d o s i
k o d i k i t u n a a
l o b a u w a t o n g a k i
k o k o y o a
k o m e m i a
z e l a k a n d a i
k o z e l i v a i s a k e l i t u n a o n g a a
k o l i d a k t o a n g o z e a
k o a b w e n g a
k o o t k a t a a
k o l f u n g i n d i
k o k o l i o b e n g o l a
f a o t e k a k i
b a l i i
k o o t e o t a a
k o m b a a
i n g v a n d a k i
k o o z a l k o f e b i a
o m a t i n d l e a k i
k o o y i e n g a e b a
o t a n a k i
b e n z u w i o m b i a k i
u n k o m a a k i
n d e e k i d e i l a k i f u i
k o s a e a b a l i w a n i
a n a k o k a a k i
k o i m i s i m i k a a
k o k o k a a
k o w a n a k o y i s i a
t e l e a k i
k o o z e l o z e l k a t a g o l a k l i a k a
k o m e m a a
k o a t i n g a k o l i a
k o n d e o m i n o t o a
g o l i i
t o n l i n a k i
k o u k e a k i k o y e a
k o g i s i a
u n a g i o l a k a k i
k o l i o n t i k a
n i k o v a o k a n k o y e l e m e o s a l a k i
i s a k o l e a k i
k o s i k i m i s u a k a k i
k o m b s u a a
k o f a n d e i a
k o u n g o o m e k o l u a
k o s a k a
u k a o m b k a b w i
k o a t a k k a a
k o l e l i n g a
s u e n e l e m i
n d a m e l a o z u a k i
k o y e k o o t e t i k i a
b w a o l o b i
z e l i k o b o b e n g a k i
k o m a k a b w l u k i a
k o d e a a
k o o s a l a
k o u m b w a
k i m l a k v a n d y i b i i k a o m e m a k i
k o o k a o k o a b a
b a l o m m e o f a n i
k o t a a n d a k i
k o a n a t i k i m b i a
k o k a k a t a n i a
b a l i i
k o w a k i i k i a
e l l e l a a k i
k o u w a k u m b a k a t i a
k o o t i k i n d i d e a a
k o l e e n g u m b i e l i a
a n g i t e k a k i
k o o t o n d i k a
k o i s a k a k i
k o w a n a
b o m i
e i o t a a n i i m a k i
a n a a k i
k o f u n g e m i e k o a
d i i a o y i b i
k o e b u n a
o f a i m b i z u w i
k o o l a k a
k o i k k o s u o t i k a
k o l u m a n g a a
l e m o s i m m e m o t u i n g i i
t i k a o m e s a k i i
k i m a k a i s a i
e l a k k o m e k o b e k a k o l i o m i i
k o e m i s u i o n a
z e l a k i
t i n m a s a k i a k i
k o s o m a
k o b o y e k o a
s a k t u n o f a n l u i k a k e n g i i
k o b e n g d e i a
k o a k a b k o y e a
k o o n g a e l a k a
i s a e m a a k a n i
n d e a n d b e n g i
t e k a b w b o m a i
e n d i k y e l i s a i
a l a k i m a i
k o s u a t e a
y i o m e m o l i i
k o b w b a l y i a
k o l i n g n a k i a
o s k o b a a k i
d a m e m i
k o t o t u n a o t u u m b a
k o l u m b o m i a
o l i z e l a k i
w a n i i
e a o t u o m a i
i m a o l i n k o l i i
k o g a k i a l i a
m e l i i
s u a k a k i
k o a l i u m b i a
u i t u n i a k i
k o t u n a o z e l a
n g a o k a a k i
t a k o y e l e m e l a a k i
e b i s e k o l i
k o k o b k o l i a
k a t i o b e o l o b i
k o a l i s a
o l a k i
s i a n d i i
k o o f a o f a n i m a i n g i a
k o y i o y o k d a k a k i
o k a t b o a l a i n g k i m i a n d a k i
o k o m a k i
t u n a a k i
k o a n g a t u n i i k a k i s i e l e a
k o l k o y i i
k o k o m e y o z u w a
y o k b a n i n g a k i
k o l o b a a
k o i a k i d i k a a
k o b o m i n g a o t e k a
k o z e k i m i
u k i z u i
d a k i i
i b a k o z e m e l i b a k e k a a k i
k o i s a k a k a n o f u n a
e l o y o k a k i
k o o b e n l i i m a k o s a t i k a a
o n g i o t o n t e l i
k o y o k o l u k f a n k a k a a
k o k o b o k o m a e b i s a
i n d i o t i i
k o k o k o t i n d a
k o y o i
k o f m i u k i i
k o o t e k a
a n g a k o b e g i s i
g i s e l e b i s s o m m a k i a k a n a k i
k o v a i
a l n a a k i
a n g a k i o s a i
e m i b a n d l u m a k i
z u w a i
o b a k o t e k a k i
k o o k o m l e m a
l o o b e b i
k o g a k i m b d a k i a
k o z e l a m a k i s u i a
o l u e n g l u m b a k i
y e k o b e n b a k i
e m a s o m n g a k i
k o k o e k o o f u n a k i
t o n g a k i
k o t i k t o n a
k o b o o t i n t e g a k i a k i
k o z a l i a
n g a k a k i
k o o v b e n g s o u k i a l a k a
k o o t e k o k a b a
k o m i z a l i
k o k o s o a
m e m e k a k a k i
o z e o k a t i
u n g o u m b a a k i
k o s u f u u n g o l e l a a
k o o z t u i k a k a
k o o t e s i o l i a a
i b d i k a i
l u m b a n d o t i i
k o a n d o s i d e i a
f a n d k a n g a k i
k o z e e l a o t u n i a y i b a a
l i s a l i i a k i
s u i i
o s o e b i a k i
d e a t u n i o k a n a l i o l e i
k o l i s o k o f u a
l e l t o k o b o o m a k i
i n g i i m a k o s u a i
k o k o z e e m i f u n g a
b e e b a k i
k o k a t i e k o k o t e a
k o e k e n d e o t a
k o e n g i t i k k o l u a
b i o k e n s a g a m e m i t i k o k o k a k i
e n g i s i m b i
e m i k o s i i
k o i a k o z a
k o m b i n a k i b e n g a
k a k m b a k t u n i a
m e l i u n o b e n a k i
o l e l d e a k e a a t a k i
k o t i y e k o g o l a
k o e l a o s s u a a
k o n d e i k a n g i a k t i n o l i a a
k o k a e a k t i n u n n d e a
l u k a o k i
m b l e i
k o d e a k m e l o l i a
s o b w a i
k o d i k a i s a e l i a
o v a i
k o y i b k o m a a
k a b w u n i i
k o o l u k o b i a
k o t a n k a t i m e a
k o t u d i k a
k o l a e n g o k a t o y o k a
k o o k i m z e m i a
k o y i k o b a
o k o u a k i a k i
b w e i o l o g i s i i
n d e k o y a k i
o l e l i
e n g o t o n i
a n g l u k a k i
o m i i
k o o y e o m e m a
k o e l a m e m b e n a
u k d e i m e m a i
t e k i e n g i k o k e a k i
k o d a k i a
o v a n a k i
u a k v a n d a k i
o l i a b e b i i
l i n g a k i
k o l u a n d l o b i b e n g u i o t o n i
k o o b o l o b k o z a a l i y e k o m a a
b a n d w a b w a n i
k o k o y i a
k o l u u n g w i v a a
o v a k e i
k o b a a k i
k o o m b a
k o z e l a k a b a
i m b i o z a l i
k o g o l a
