o k r e s e c h
o k r e s e m
o k r e s e
o k r e s e
o k r e s
o k r e s
o k r e s ů m
o k r e s u
o k r e s ů
o k r e s u
o k r e s y
o k r e s y
o k r e s y
o k r e s y
l i s t o p a d e c h
l i s t o p a d e m
l i s t o p a d e
l i s t o p a d
l i s t o p a d
l i s t o p a d ů m
l i s t o p a d u
l i s t o p a d u
l i s t o p a d ů
l i s t o p a d u
l i s t o p a d y
l i s t o p a d y
l i s t o p a d y
l i s t o p a d y
b ř e z e n
b ř e z e n
b ř e z n a
b ř e z n e c h
b ř e z n e m
b ř e z n e
b ř e z n ů m
b ř e z n u
b ř e z n u
b ř e z n ů
b ř e z n y
b ř e z n y
b ř e z n y
b ř e z n y
k v ě t e n
k v ě t e n
k v ě t n a
k v ě t n e c h
k v ě t n e m
k v ě t n e
k v ě t n ů m
k v ě t n u
k v ě t n u
k v ě t n ů
k v ě t n y
k v ě t n y
k v ě t n y
k v ě t n y
p r o s i n c e m
p r o s i n c e
p r o s i n c e
p r o s i n c e
p r o s i n c e
p r o s i n c í c h
p r o s i n c i
p r o s i n c i
p r o s i n c i
p r o s i n c i
p r o s i n c ů m
p r o s i n c ů
p r o s i n e c
p r o s i n e c
o b y v a t e l e m
o b y v a t e l e
o b y v a t e l e
o b y v a t e l é
o b y v a t e l é
o b y v a t e l í c h
o b y v a t e l i
o b y v a t e l i
o b y v a t e l i
o b y v a t e l i
o b y v a t e l i
o b y v a t e l
o b y v a t e l ů m
o b y v a t e l ů
č e r v e n
č e r v e n
č e r v n a
č e r v n e c h
č e r v n e m
č e r v n e
č e r v n ů m
č e r v n u
č e r v n u
č e r v n ů
č e r v n y
č e r v n y
č e r v n y
č e r v n y
o b d o b í c h
o b d o b í m i
o b d o b í m
o b d o b í m
o b d o b í
o b d o b í
o b d o b í
o b d o b í
o b d o b í
o b d o b í
o b d o b í
o b d o b í
o b d o b í
o b d o b í
o b l a s t e c h
o b l a s t e m
o b l a s t i
o b l a s t i
o b l a s t i
o b l a s t í
o b l a s t i
o b l a s t í
o b l a s t i
o b l a s t i
o b l a s t i
o b l a s t m i
o b l a s t
o b l a s t
h l a v e ň
h l a v e ň
h l a v n ě m i
h l a v n ě
h l a v n ě
h l a v n ě
h l a v n ě
h l a v n í c h
h l a v n í m
h l a v n i
h l a v n i
h l a v n í
h l a v n í
h l a v n i
r e p u b l i c e
r e p u b l i c e
r e p u b l i k á c h
r e p u b l i k a m i
r e p u b l i k á m
r e p u b l i k a
r e p u b l i k
r e p u b l i k o
r e p u b l i k o u
r e p u b l i k u
r e p u b l i k y
r e p u b l i k y
r e p u b l i k y
r e p u b l i k y
s t r a n á c h
s t r a n a m i
s t r a n á m
s t r a n a
s t r a n ě
s t r a n ě
s t r a n
s t r a n o
s t r a n o u
s t r a n u
s t r a n y
s t r a n y
s t r a n y
s t r a n y
h u d e b n í
h u d e b n í
h u d e b n í
h u d e b n í
h u d e b n í
h u d e b n í
h u d e b n í
h u d e b n í
h u d e b n í
h u d e b n í
h u d e b n í
h u d e b n í
h u d e b n í c h
h u d e b n í c h
h u d e b n í h o
h u d e b n í h o
h u d e b n í h o
h u d e b n í m
h u d e b n í m
h u d e b n í m
h u d e b n í m
h u d e b n í m
h u d e b n í m i
h u d e b n í m u
h u d e b n í m u
k o s t e l a
k o s t e l e c h
k o s t e l e m
k o s t e l e
k o s t e l e
k o s t e l
k o s t e l
k o s t e l ů m
k o s t e l u
k o s t e l ů
k o s t e l y
k o s t e l y
k o s t e l y
k o s t e l y
v o l b á c h
v o l b a m i
v o l b á m
v o l b a
v o l b ě
v o l b ě
v o l b o
v o l b o u
v o l b u
v o l b y
v o l b y
v o l b y
v o l b y
v o l e b
p o l i t i c e
p o l i t i c e
p o l i t i k á c h
p o l i t i k a m i
p o l i t i k á m
p o l i t i k a
p o l i t i k
p o l i t i k o
p o l i t i k o u
p o l i t i k u
p o l i t i k y
p o l i t i k y
p o l i t i k y
p o l i t i k y
č l e n a
č l e n a
č l e n e c h
č l e n e m
č l e n e
č l e n
č l e n o v é
č l e n o v é
č l e n ů m
č l e n u
č l e n u
č l e n ů
č l e n y
č l e n y
s t a n i c e m i
s t a n i c e
s t a n i c e
s t a n i c e
s t a n i c e
s t a n i c e
s t a n i c e
s t a n i c í c h
s t a n i c í m
s t a n i c i
s t a n i c i
s t a n i c i
s t a n i c í
s t a n i c
s t r á n c e
s t r á n c e
s t r á n e k
s t r á n k á c h
s t r á n k a m i
s t r á n k á m
s t r á n k a
s t r á n k o
s t r á n k o u
s t r á n k u
s t r á n k y
s t r á n k y
s t r á n k y
s t r á n k y
n á z e v
n á z e v
n á z v e c h
n á z v e m
n á z v e
n á z v ů m
n á z v u
n á z v u
n á z v ů
n á z v u
n á z v y
n á z v y
n á z v y
n á z v y
v e s n i c e m i
v e s n i c e
v e s n i c e
v e s n i c e
v e s n i c e
v e s n i c e
v e s n i c e
v e s n i c í c h
v e s n i c í m
v e s n i c i
v e s n i c i
v e s n i c i
v e s n i c í
v e s n i c
ž i v o t a
ž i v o t e c h
ž i v o t e m
ž i v o t ě
ž i v o t e
ž i v o t
ž i v o t
ž i v o t ů m
ž i v o t u
ž i v o t ů
ž i v o t y
ž i v o t y
ž i v o t y
ž i v o t y
p o m o c e m i
p o m o c í c h
p o m o c í m
p o m o c i
p o m o c i
p o m o c i
p o m o c í
p o m o c i
p o m o c í
p o m o c i
p o m o c i
p o m o c i
p o m o c
p o m o c
k r á l o v s t v í c h
k r á l o v s t v í m i
k r á l o v s t v í m
k r á l o v s t v í m
k r á l o v s t v í
k r á l o v s t v í
k r á l o v s t v í
k r á l o v s t v í
k r á l o v s t v í
k r á l o v s t v í
k r á l o v s t v í
k r á l o v s t v í
k r á l o v s t v í
k r á l o v s t v í
s y s t é m e c h
s y s t é m e m
s y s t é m e
s y s t é m
s y s t é m
s y s t é m ů m
s y s t é m u
s y s t é m u
s y s t é m ů
s y s t é m u
s y s t é m y
s y s t é m y
s y s t é m y
s y s t é m y
s o u t ě ž e m i
s o u t ě ž e
s o u t ě ž e
s o u t ě ž e
s o u t ě ž e
s o u t ě ž í c h
s o u t ě ž í m
s o u t ě ž i
s o u t ě ž i
s o u t ě ž í
s o u t ě ž í
s o u t ě ž i
s o u t ě ž
s o u t ě ž
c e l c í c h
c e l e k
c e l e k
c e l k e m
c e l k ů m
c e l k u
c e l k u
c e l k ů
c e l k u
c e l k u
c e l k y
c e l k y
c e l k y
c e l k y
m i s t r o v s t v í c h
m i s t r o v s t v í m i
m i s t r o v s t v í m
m i s t r o v s t v í m
m i s t r o v s t v í
m i s t r o v s t v í
m i s t r o v s t v í
m i s t r o v s t v í
m i s t r o v s t v í
m i s t r o v s t v í
m i s t r o v s t v í
m i s t r o v s t v í
m i s t r o v s t v í
m i s t r o v s t v í
p r o s t ř e d í c h
p r o s t ř e d í m i
p r o s t ř e d í m
p r o s t ř e d í m
p r o s t ř e d í
p r o s t ř e d í
p r o s t ř e d í
p r o s t ř e d í
p r o s t ř e d í
p r o s t ř e d í
p r o s t ř e d í
p r o s t ř e d í
p r o s t ř e d í
p r o s t ř e d í
n á m ě s t í c h
n á m ě s t í m i
n á m ě s t í m
n á m ě s t í m
n á m ě s t í
n á m ě s t í
n á m ě s t í
n á m ě s t í
n á m ě s t í
n á m ě s t í
n á m ě s t í
n á m ě s t í
n á m ě s t í
n á m ě s t í
s h r o m á ž d ě n í c h
s h r o m á ž d ě n í m i
s h r o m á ž d ě n í m
s h r o m á ž d ě n í m
s h r o m á ž d ě n í
s h r o m á ž d ě n í
s h r o m á ž d ě n í
s h r o m á ž d ě n í
s h r o m á ž d ě n í
s h r o m á ž d ě n í
s h r o m á ž d ě n í
s h r o m á ž d ě n í
s h r o m á ž d ě n í
s h r o m á ž d ě n í
o r g a n i z a c e m i
o r g a n i z a c e
o r g a n i z a c e
o r g a n i z a c e
o r g a n i z a c e
o r g a n i z a c e
o r g a n i z a c e
o r g a n i z a c í c h
o r g a n i z a c í m
o r g a n i z a c i
o r g a n i z a c i
o r g a n i z a c i
o r g a n i z a c í
o r g a n i z a c í
r o d i n á c h
r o d i n a m i
r o d i n á m
r o d i n a
r o d i n ě
r o d i n ě
r o d i n
r o d i n o
r o d i n o u
r o d i n u
r o d i n y
r o d i n y
r o d i n y
r o d i n y
z a ř í z e n í c h
z a ř í z e n í m i
z a ř í z e n í m
z a ř í z e n í m
z a ř í z e n í
z a ř í z e n í
z a ř í z e n í
z a ř í z e n í
z a ř í z e n í
z a ř í z e n í
z a ř í z e n í
z a ř í z e n í
z a ř í z e n í
z a ř í z e n í
m n o ž s t v í c h
m n o ž s t v í m i
m n o ž s t v í m
m n o ž s t v í m
m n o ž s t v í
m n o ž s t v í
m n o ž s t v í
m n o ž s t v í
m n o ž s t v í
m n o ž s t v í
m n o ž s t v í
m n o ž s t v í
m n o ž s t v í
m n o ž s t v í
s l u ž b á c h
s l u ž b a m i
s l u ž b á m
s l u ž b a
s l u ž b ě
s l u ž b ě
s l u ž b o
s l u ž b o u
s l u ž b u
s l u ž b y
s l u ž b y
s l u ž b y
s l u ž b y
s l u ž e b
n ě m e c k á
n ě m e c k á
n ě m e c k á
n ě m e c k á
n ě m e c k á
n ě m e c k é
n ě m e c k é
n ě m e c k é
n ě m e c k é
n ě m e c k é
n ě m e c k é
n ě m e c k é
n ě m e c k é
n ě m e c k é
n ě m e c k é
n ě m e c k é
n ě m e c k é
n ě m e c k é h o
n ě m e c k é h o
n ě m e c k é h o
n ě m e c k é m
n ě m e c k é m u
n ě m e c k é m u
n ě m e c k o u
n ě m e c k ý
n ě m e c k ý
n ě m e c k ý
n ě m e c k ý c h
n ě m e c k ý c h
n ě m e c k ý m
n ě m e c k ý m
n ě m e c k ý m
n ě m e c k ý m i
n ě m e č t í
n ě m e č t í
u n i v e r z i t á c h
u n i v e r z i t á c h
u n i v e r z i t a m i
u n i v e r z i t a
u n i v e r z i t ě
u n i v e r z i t ě
u n i v e r z i t
u n i v e r z i t o
u n i v e r z i t o u
u n i v e r z i t u
u n i v e r z i t y
u n i v e r z i t y
u n i v e r z i t y
u n i v e r z i t y
v ě t š i n á c h
v ě t š i n a m i
v ě t š i n á m
v ě t š i n a
v ě t š i n ě
v ě t š i n ě
v ě t š i n
v ě t š i n o
v ě t š i n o u
v ě t š i n u
v ě t š i n y
v ě t š i n y
v ě t š i n y
v ě t š i n y
d o s t a l i
d o s t a l i
d o s t a l i
d o s t a l i
d o s t a l i
d o s t a l i
d o s t a l
d o s t a l
d o s t a l
d o s t a l
d o s t a l
d o s t a l
d o s t a n e m e
d o s t a n e š
d o s t a n e t e
d o s t a n u
s m ě r e c h
s m ě r e m
s m ě r e
s m ě r
s m ě r
s m ě r ů m
s m ě r u
s m ě r u
s m ě r ů
s m ě r u
s m ě r y
s m ě r y
s m ě r y
s m ě r y
a r m á d á c h
a r m á d a m i
a r m á d á m
a r m á d a
a r m á d ě
a r m á d ě
a r m á d
a r m á d o
a r m á d o u
a r m á d u
a r m á d y
a r m á d y
a r m á d y
a r m á d y
r o z d í l e c h
r o z d í l e m
r o z d í l e
r o z d í l
r o z d í l
r o z d í l ů m
r o z d í l u
r o z d í l u
r o z d í l ů
r o z d í l u
r o z d í l y
r o z d í l y
r o z d í l y
r o z d í l y
s k l a d a t e l e m
s k l a d a t e l e
s k l a d a t e l e
s k l a d a t e l e
s k l a d a t e l é
s k l a d a t e l é
s k l a d a t e l í c h
s k l a d a t e l i
s k l a d a t e l i
s k l a d a t e l i
s k l a d a t e l i
s k l a d a t e l
s k l a d a t e l ů m
s k l a d a t e l ů
p a r l a m e n t e c h
p a r l a m e n t e m
p a r l a m e n t e
p a r l a m e n t
p a r l a m e n t
p a r l a m e n t ů m
p a r l a m e n t u
p a r l a m e n t u
p a r l a m e n t ů
p a r l a m e n t u
p a r l a m e n t y
p a r l a m e n t y
p a r l a m e n t y
p a r l a m e n t y
s o u č a s n á
s o u č a s n á
s o u č a s n á
s o u č a s n á
s o u č a s n á
s o u č a s n é
s o u č a s n é
s o u č a s n é
s o u č a s n é
s o u č a s n é
s o u č a s n é
s o u č a s n é
s o u č a s n é
s o u č a s n é
s o u č a s n é
s o u č a s n é
s o u č a s n é
s o u č a s n é h o
s o u č a s n é h o
s o u č a s n é h o
s o u č a s n é m
s o u č a s n é m u
s o u č a s n é m u
s o u č a s n í
s o u č a s n í
s o u č a s n o u
s o u č a s n ý
s o u č a s n ý
s o u č a s n ý
s o u č a s n ý c h
s o u č a s n ý c h
s o u č a s n ý m
s o u č a s n ý m
s o u č a s n ý m
s o u č a s n ý m i
j e d n o t c e
j e d n o t c e
j e d n o t e k
j e d n o t k á c h
j e d n o t k a m i
j e d n o t k á m
j e d n o t k a
j e d n o t k o
j e d n o t k o u
j e d n o t k u
j e d n o t k y
j e d n o t k y
j e d n o t k y
j e d n o t k y
p a m á t c e
p a m á t c e
p a m á t e k
p a m á t k á c h
p a m á t k a m i
p a m á t k á m
p a m á t k a
p a m á t k o
p a m á t k o u
p a m á t k u
p a m á t k y
p a m á t k y
p a m á t k y
p a m á t k y
k y t a r á c h
k y t a r a m i
k y t a r á m
k y t a r a
k y t a ř e
k y t a ř e
k y t a r
k y t a r o
k y t a r o u
k y t a r u
k y t a r y
k y t a r y
k y t a r y
k y t a r y
m u z e a
m u z e a
m u z e a
m u z e a
m u z e e m
m u z e í c h
m u z e í m
m u z e í
m u z e i
m u z e u m
m u z e u m
m u z e u m
m u z e u
m u z e u
s t a v b á c h
s t a v b a m i
s t a v b á m
s t a v b a
s t a v b ě
s t a v b ě
s t a v b o
s t a v b o u
s t a v b u
s t a v b y
s t a v b y
s t a v b y
s t a v b y
s t a v e b
k i l o m e t r e c h
k i l o m e t r e m
k i l o m e t r e
k i l o m e t r
k i l o m e t r
k i l o m e t r ů m
k i l o m e t r u
k i l o m e t r u
k i l o m e t r ů
k i l o m e t r u
k i l o m e t r y
k i l o m e t r y
k i l o m e t r y
k i l o m e t r y
b u d o v á c h
b u d o v a m i
b u d o v á m
b u d o v a
b u d o v ě
b u d o v ě
b u d o v
b u d o v o
b u d o v o u
b u d o v u
b u d o v y
b u d o v y
b u d o v y
b u d o v y
s e v e r e c h
s e v e r e m
s e v e r e
s e v e r
s e v e r
s e v e r ů m
s e v e r u
s e v e r u
s e v e r ů
s e v e r u
s e v e r y
s e v e r y
s e v e r y
s e v e r y
z á p a s e c h
z á p a s e m
z á p a s e
z á p a s
z á p a s
z á p a s ů m
z á p a s u
z á p a s u
z á p a s ů
z á p a s u
z á p a s y
z á p a s y
z á p a s y
z á p a s y
i n f o r m a c e m i
i n f o r m a c e
i n f o r m a c e
i n f o r m a c e
i n f o r m a c e
i n f o r m a c e
i n f o r m a c e
i n f o r m a c í c h
i n f o r m a c í m
i n f o r m a c i
i n f o r m a c i
i n f o r m a c i
i n f o r m a c í
i n f o r m a c í
p r o v o z e c h
p r o v o z e m
p r o v o z e
p r o v o z e
p r o v o z
p r o v o z
p r o v o z ů m
p r o v o z u
p r o v o z ů
p r o v o z u
p r o v o z y
p r o v o z y
p r o v o z y
p r o v o z y
p r o s t o r e c h
p r o s t o r e m
p r o s t o r e
p r o s t o r
p r o s t o r
p r o s t o r ů m
p r o s t o r u
p r o s t o r u
p r o s t o r ů
p r o s t o r u
p r o s t o r y
p r o s t o r y
p r o s t o r y
p r o s t o r y
h i s t o r i e m i
h i s t o r i e
h i s t o r i e
h i s t o r i e
h i s t o r i e
h i s t o r i e
h i s t o r i e
h i s t o r i í c h
h i s t o r i í m
h i s t o r i i
h i s t o r i i
h i s t o r i i
h i s t o r i í
h i s t o r i í
p r o j e k t e c h
p r o j e k t e m
p r o j e k t e
p r o j e k t
p r o j e k t
p r o j e k t ů m
p r o j e k t u
p r o j e k t u
p r o j e k t ů
p r o j e k t u
p r o j e k t y
p r o j e k t y
p r o j e k t y
p r o j e k t y
c í s a ř e m
c í s a ř e
c í s a ř e
c í s a ř e
c í s a ř í c h
c í s a ř i
c í s a ř i
c í s a ř i
c í s a ř i
c í s a ř i
c í s a ř i
c í s a ř
c í s a ř ů m
c í s a ř ů
n á r o d n o s t e c h
n á r o d n o s t e m
n á r o d n o s t i
n á r o d n o s t i
n á r o d n o s t i
n á r o d n o s t í
n á r o d n o s t i
n á r o d n o s t í
n á r o d n o s t i
n á r o d n o s t i
n á r o d n o s t i
n á r o d n o s t m i
n á r o d n o s t
n á r o d n o s t
d i v a d e l
d i v a d l a
d i v a d l a
d i v a d l a
d i v a d l a
d i v a d l e c h
d i v a d l e m
d i v a d l o
d i v a d l o
d i v a d l o
d i v a d l ů m
d i v a d l u
d i v a d l u
d i v a d l y
d o p r a v á c h
d o p r a v a m i
d o p r a v á m
d o p r a v a
d o p r a v ě
d o p r a v ě
d o p r a v
d o p r a v o
d o p r a v o u
d o p r a v u
d o p r a v y
d o p r a v y
d o p r a v y
d o p r a v y
m ě s t a
m ě s t a
m ě s t a
m ě s t a
m ě s t e c h
m ě s t e m
m ě s t ě
m ě s t
m ě s t o
m ě s t o
m ě s t o
m ě s t ů m
m ě s t u
m ě s t y
p o b ř e ž í c h
p o b ř e ž í m i
p o b ř e ž í m
p o b ř e ž í m
p o b ř e ž í
p o b ř e ž í
p o b ř e ž í
p o b ř e ž í
p o b ř e ž í
p o b ř e ž í
p o b ř e ž í
p o b ř e ž í
p o b ř e ž í
p o b ř e ž í
v ě d e c k á
v ě d e c k á
v ě d e c k á
v ě d e c k á
v ě d e c k á
v ě d e c k é
v ě d e c k é
v ě d e c k é
v ě d e c k é
v ě d e c k é
v ě d e c k é
v ě d e c k é
v ě d e c k é
v ě d e c k é
v ě d e c k é
v ě d e c k é
v ě d e c k é
v ě d e c k é h o
v ě d e c k é h o
v ě d e c k é h o
v ě d e c k é m
v ě d e c k é m
v ě d e c k é m u
v ě d e c k é m u
v ě d e c k o u
v ě d e c k ý
v ě d e c k ý
v ě d e c k ý
v ě d e c k ý c h
v ě d e c k ý c h
v ě d e c k ý m
v ě d e c k ý m
v ě d e c k ý m i
v ě d e č t í
v ě d e č t í
s p o j e n í c h
s p o j e n í m i
s p o j e n í m
s p o j e n í m
s p o j e n í
s p o j e n í
s p o j e n í
s p o j e n í
s p o j e n í
s p o j e n í
s p o j e n í
s p o j e n í
s p o j e n í
s p o j e n í
z e m ě m i
z e m ě
z e m ě
z e m ě
z e m ě
z e m ě
z e m ě
z e m í c h
z e m í m
z e m i
z e m i
z e m i
z e m í
z e m í
p ř í j m e n í c h
p ř í j m e n í m i
p ř í j m e n í m
p ř í j m e n í m
p ř í j m e n í
p ř í j m e n í
p ř í j m e n í
p ř í j m e n í
p ř í j m e n í
p ř í j m e n í
p ř í j m e n í
p ř í j m e n í
p ř í j m e n í
p ř í j m e n í
a k t i v n í
a k t i v n í
a k t i v n í
a k t i v n í
a k t i v n í
a k t i v n í
a k t i v n í
a k t i v n í
a k t i v n í
a k t i v n í
a k t i v n í
a k t i v n í
a k t i v n í c h
a k t i v n í c h
a k t i v n í h o
a k t i v n í h o
a k t i v n í h o
a k t i v n í m
a k t i v n í m
a k t i v n í m
a k t i v n í m
a k t i v n í m
a k t i v n í m i
a k t i v n í m u
a k t i v n í m u
p r e z i d e n t a
p r e z i d e n t a
p r e z i d e n t e c h
p r e z i d e n t e m
p r e z i d e n t e
p r e z i d e n t i
p r e z i d e n t i
p r e z i d e n t
p r e z i d e n t ů m
p r e z i d e n t u
p r e z i d e n t u
p r e z i d e n t ů
p r e z i d e n t y
p r e z i d e n t y
h r a n i c e m i
h r a n i c e
h r a n i c e
h r a n i c e
h r a n i c e
h r a n i c e
h r a n i c e
h r a n i c í c h
h r a n i c í m
h r a n i c i
h r a n i c i
h r a n i c i
h r a n i c í
h r a n i c
č e s k o s l o v e n s k á
č e s k o s l o v e n s k á
č e s k o s l o v e n s k á
č e s k o s l o v e n s k á
č e s k o s l o v e n s k á
č e s k o s l o v e n s k é
č e s k o s l o v e n s k é
č e s k o s l o v e n s k é
č e s k o s l o v e n s k é
č e s k o s l o v e n s k é
č e s k o s l o v e n s k é
č e s k o s l o v e n s k é
č e s k o s l o v e n s k é
č e s k o s l o v e n s k é
č e s k o s l o v e n s k é
č e s k o s l o v e n s k é
č e s k o s l o v e n s k é
č e s k o s l o v e n s k é h o
č e s k o s l o v e n s k é h o
č e s k o s l o v e n s k é h o
č e s k o s l o v e n s k é m
č e s k o s l o v e n s k é m
č e s k o s l o v e n s k é m u
č e s k o s l o v e n s k é m u
č e s k o s l o v e n s k o u
č e s k o s l o v e n s k ý
č e s k o s l o v e n s k ý
č e s k o s l o v e n s k ý
č e s k o s l o v e n s k ý c h
č e s k o s l o v e n s k ý c h
č e s k o s l o v e n s k ý m
č e s k o s l o v e n s k ý m
č e s k o s l o v e n s k ý m i
č e s k o s l o v e n š t í
č e s k o s l o v e n š t í
p o l i t i c í c h
p o l i t i c i
p o l i t i c i
p o l i t i k a
p o l i t i k a
p o l i t i k e m
p o l i t i k
p o l i t i k ů m
p o l i t i k u
p o l i t i k u
p o l i t i k ů
p o l i t i k u
p o l i t i k y
p o l i t i k y
p r o g r a m e c h
p r o g r a m e m
p r o g r a m e
p r o g r a m
p r o g r a m
p r o g r a m ů m
p r o g r a m u
p r o g r a m u
p r o g r a m ů
p r o g r a m u
p r o g r a m y
p r o g r a m y
p r o g r a m y
p r o g r a m y
v e d o u c í c h
v e d o u c í c h
v e d o u c í h o
v e d o u c í h o
v e d o u c í m i
v e d o u c í m
v e d o u c í m
v e d o u c í m
v e d o u c í m u
v e d o u c í
v e d o u c í
v e d o u c í
v e d o u c í
v e d o u c í
s l o v e n s k á
s l o v e n s k á
s l o v e n s k á
s l o v e n s k á
s l o v e n s k á
s l o v e n s k é
s l o v e n s k é
s l o v e n s k é
s l o v e n s k é
s l o v e n s k é
s l o v e n s k é
s l o v e n s k é
s l o v e n s k é
s l o v e n s k é
s l o v e n s k é
s l o v e n s k é
s l o v e n s k é
s l o v e n s k é h o
s l o v e n s k é h o
s l o v e n s k é h o
s l o v e n s k é m
s l o v e n s k é m
s l o v e n s k é m u
s l o v e n s k é m u
s l o v e n s k o u
s l o v e n s k ý
s l o v e n s k ý
s l o v e n s k ý
s l o v e n s k ý c h
s l o v e n s k ý c h
s l o v e n s k ý m
s l o v e n s k ý m
s l o v e n s k ý m i
s l o v e n š t í
s l o v e n š t í
p o ř a d í c h
p o ř a d í m i
p o ř a d í m
p o ř a d í m
p o ř a d í
p o ř a d í
p o ř a d í
p o ř a d í
p o ř a d í
p o ř a d í
p o ř a d í
p o ř a d í
p o ř a d í
p o ř a d í
v ý z n a m e c h
v ý z n a m e m
v ý z n a m e
v ý z n a m
v ý z n a m
v ý z n a m ů m
v ý z n a m u
v ý z n a m u
v ý z n a m ů
v ý z n a m u
v ý z n a m y
v ý z n a m y
v ý z n a m y
v ý z n a m y
z á k o n a
z á k o n e c h
z á k o n e m
z á k o n e
z á k o n
z á k o n
z á k o n ů m
z á k o n u
z á k o n u
z á k o n ů
z á k o n y
z á k o n y
z á k o n y
z á k o n y
d i v a d e l n í
d i v a d e l n í
d i v a d e l n í
d i v a d e l n í
d i v a d e l n í
d i v a d e l n í
d i v a d e l n í
d i v a d e l n í
d i v a d e l n í
d i v a d e l n í
d i v a d e l n í
d i v a d e l n í
d i v a d e l n í c h
d i v a d e l n í c h
d i v a d e l n í h o
d i v a d e l n í h o
d i v a d e l n í h o
d i v a d e l n í m
d i v a d e l n í m
d i v a d e l n í m
d i v a d e l n í m
d i v a d e l n í m
d i v a d e l n í m i
d i v a d e l n í m u
d i v a d e l n í m u
p o z i c e m i
p o z i c e
p o z i c e
p o z i c e
p o z i c e
p o z i c e
p o z i c e
p o z i c í c h
p o z i c í m
p o z i c i
p o z i c i
p o z i c i
p o z i c í
p o z i c
b á s n í c í c h
b á s n í c i
b á s n í k a
b á s n í k a
b á s n í k e m
b á s n í k
b á s n í k ů m
b á s n í k u
b á s n í k u
b á s n í k ů
b á s n í k u
b á s n í k y
b á s n í k y
b á s n í k y
s e z n a m e c h
s e z n a m e m
s e z n a m e
s e z n a m
s e z n a m
s e z n a m ů m
s e z n a m u
s e z n a m u
s e z n a m ů
s e z n a m u
s e z n a m y
s e z n a m y
s e z n a m y
s e z n a m y
z p ů s o b e c h
z p ů s o b e m
z p ů s o b e
z p ů s o b
z p ů s o b
z p ů s o b ů m
z p ů s o b u
z p ů s o b u
z p ů s o b ů
z p ů s o b u
z p ů s o b y
z p ů s o b y
z p ů s o b y
z p ů s o b y
c e n t e r
c e n t r a
c e n t r a
c e n t r a
c e n t r a
c e n t r e c h
c e n t r e m
c e n t r u m
c e n t r ů m
c e n t r u m
c e n t r u m
c e n t r u
c e n t r u
c e n t r y
p o l i t i c k á
p o l i t i c k á
p o l i t i c k á
p o l i t i c k á
p o l i t i c k á
p o l i t i c k é
p o l i t i c k é
p o l i t i c k é
p o l i t i c k é
p o l i t i c k é
p o l i t i c k é
p o l i t i c k é
p o l i t i c k é
p o l i t i c k é
p o l i t i c k é
p o l i t i c k é
p o l i t i c k é
p o l i t i c k é h o
p o l i t i c k é h o
p o l i t i c k é h o
p o l i t i c k é m
p o l i t i c k é m u
p o l i t i c k é m u
p o l i t i c k o u
p o l i t i c k ý
p o l i t i c k ý
p o l i t i c k ý
p o l i t i c k ý c h
p o l i t i c k ý c h
p o l i t i c k ý m
p o l i t i c k ý m
p o l i t i c k ý m
p o l i t i c k ý m i
p o l i t i č t í
p o l i t i č t í
f o t o g r a f a
f o t o g r a f a
f o t o g r a f e c h
f o t o g r a f e m
f o t o g r a f e
f o t o g r a f
f o t o g r a f o v é
f o t o g r a f o v é
f o t o g r a f o v i
f o t o g r a f o v i
f o t o g r a f ů m
f o t o g r a f ů
f o t o g r a f y
f o t o g r a f y
o s t r o v a
o s t r o v e c h
o s t r o v e m
o s t r o v ě
o s t r o v e
o s t r o v
o s t r o v
o s t r o v ů m
o s t r o v u
o s t r o v ů
o s t r o v y
o s t r o v y
o s t r o v y
o s t r o v y
m a n ž e l s t v í c h
m a n ž e l s t v í m i
m a n ž e l s t v í m
m a n ž e l s t v í m
m a n ž e l s t v í
m a n ž e l s t v í
m a n ž e l s t v í
m a n ž e l s t v í
m a n ž e l s t v í
m a n ž e l s t v í
m a n ž e l s t v í
m a n ž e l s t v í
m a n ž e l s t v í
m a n ž e l s t v í
u d á l o s t e c h
u d á l o s t e m
u d á l o s t i
u d á l o s t i
u d á l o s t i
u d á l o s t í
u d á l o s t i
u d á l o s t í
u d á l o s t i
u d á l o s t i
u d á l o s t i
u d á l o s t m i
u d á l o s t
u d á l o s t
r e ž i s é r a
r e ž i s é r a
r e ž i s é r e c h
r e ž i s é r e m
r e ž i s é r e
r e ž i s é ř i
r e ž i s é ř i
r e ž i s é r
r e ž i s é r ů m
r e ž i s é r u
r e ž i s é r u
r e ž i s é r ů
r e ž i s é r y
r e ž i s é r y
r a k o u s k á
r a k o u s k á
r a k o u s k á
r a k o u s k á
r a k o u s k á
r a k o u s k é
r a k o u s k é
r a k o u s k é
r a k o u s k é
r a k o u s k é
r a k o u s k é
r a k o u s k é
r a k o u s k é
r a k o u s k é
r a k o u s k é
r a k o u s k é
r a k o u s k é
r a k o u s k é h o
r a k o u s k é h o
r a k o u s k é h o
r a k o u s k é m
r a k o u s k é m
r a k o u s k é m u
r a k o u s k é m u
r a k o u s k o u
r a k o u s k ý
r a k o u s k ý
r a k o u s k ý
r a k o u s k ý c h
r a k o u s k ý c h
r a k o u s k ý m
r a k o u s k ý m
r a k o u s k ý m i
r a k o u š t í
r a k o u š t í
t e o r i e m i
t e o r i e
t e o r i e
t e o r i e
t e o r i e
t e o r i e
t e o r i e
t e o r i í c h
t e o r i í m
t e o r i i
t e o r i i
t e o r i i
t e o r i í
t e o r i í
m í s t a
m í s t a
m í s t a
m í s t a
m í s t e c h
m í s t e m
m í s t
m í s t o
m í s t o
m í s t o
m í s t ů m
m í s t u
m í s t u
m í s t y
p ř e d s e d a
p ř e d s e d e c h
p ř e d s e d o
p ř e d s e d o u
p ř e d s e d o v é
p ř e d s e d o v é
p ř e d s e d o v i
p ř e d s e d o v i
p ř e d s e d ů m
p ř e d s e d u
p ř e d s e d ů
p ř e d s e d y
p ř e d s e d y
p ř e d s e d y
a k a d e m i e m i
a k a d e m i e
a k a d e m i e
a k a d e m i e
a k a d e m i e
a k a d e m i e
a k a d e m i e
a k a d e m i í c h
a k a d e m i í m
a k a d e m i i
a k a d e m i i
a k a d e m i i
a k a d e m i í
a k a d e m i í
p o h o ř í c h
p o h o ř í m i
p o h o ř í m
p o h o ř í m
p o h o ř í
p o h o ř í
p o h o ř í
p o h o ř í
p o h o ř í
p o h o ř í
p o h o ř í
p o h o ř í
p o h o ř í
p o h o ř í
d o l a r e c h
d o l a r e m
d o l a r e
d o l a r
d o l a r
d o l a r ů m
d o l a r u
d o l a r u
d o l a r ů
d o l a r u
d o l a r y
d o l a r y
d o l a r y
d o l a r y
č a s o e l k m
ř í z n r e s c s n o i n á
e u m o l b c
e n s t a t r m á á b á s
n ů m l i k c m a c c l s
s i n e a f k r á á k o e v e
o r m c
r i e z u v a l u ž o
o s i c z p ů z e a t n e h m o c m
c e n e e c k u s e d v
k e m l u ž ě
o u s á z n t a n í m i h r o á
l e p o b e
n i c m v n a
o l b o n y ě m e
o l b ý c u c í i l a s i
c e n s p
k ů m m á t e a n i e d i n c ž í
o l a ů t i k
k v ě l a s e á m ě u d á o
é m ů f ů o b y
e š a k o
k é o ř f e m
c e z n e h š i n t n e h
m u d s r m á u o u t ž
t u l a m n d o s m a n
s k l ž d ě f e c
z u ž i v a f ů s ů m
u z n a ě ž e i a m á k
s t y s n á n t r c ř e d
i v e z m á t á
í s t m b e e n y a f o é
é r e á z e o l a u á z v c
o b ů e z i k o n p o z c
e p u b e c
z a c c s n i
i č o d i á
v n u i s t o h l a e o m á d
r m a z u t v í h t o r í
b ě a r u e m e d e m á k o
l b á h u c í
t e r t i k
s k é o e l e d n o t e r v a
ě r k v ě e i t i i ě ž e d ě d ě
ř í z b ř e c e n r e ž í h
s o u a t n y
s t e t a v á
n e š b á a f a a f e h s n ý h
o s i c ž e l d n o l a v ě e l k m
v a m i s t p t n ř a d c
e n í r á l v t i c c
n o t á o l b c n s k m e t ů
r z i á
t k y s t e y
a ř ů d n o t a n á
p a r a s e d c s n é o a n á h
o b e n c e m í s ů s k é r a v u
i k y m e t ů i s é ů
e t r c n á m s
a v y b ě u n l s t
ž i s r r o s n ž e t e l c
l a ů s o z d í e
e ž í é m u č e l a s i t a r m
s m ě y k é m
d o l r i t i i
r a n e š
f a o r i m r a f v r i e z n ů
e s k i z z d í y i t i o
n o s e o u č s o l e a k o
s o b b ř e n e o r
č l e u n í c c n i v r
b u d s e v r
e c k u i l o e r z
l s d n o c z d í e
v o l y e c r a n
á d y s l e o r í
d l e t r a u
s e z u č
o s t o t k m v a d o p a ě ž í
u m v b á h l a d t u d e r o v m
r e m v n í o l é v a d l
o b í i e n a a d e
i l ř ů m u č a m í m e r v e
s o u t š i á k o e a v b m ž e l
a r a z i c á k o e o u m o c m
b y v t n o s o s t m
d n o t
ě m c e n r o u s é t i c á
p ř e s u c í h o d n s a l i e s k
u ž e í s i d b l i o
v o z c á d a
ž b u d o b m
v ě d c
e l e u b
i n e s i n c
í s t a n m m í s y u d e c k é u
p u b i t a v e c t r a ě
t m n c í h e t e l k s o
m e t ů
o t k u e b n h a m á š i n c
l c n í c e n a
l a m á d e l s v n ý c
e n t y v b a i n o t
á d y a m á d e c á e s e h e l í
t o r i n o s m n i v r l e h r
e n a m e č
ř a z a ř
o r m c v o l v a d o j e í n k a
y v j e n m u ž b u
n f o m i t i e ě ž e
a d a o l b c é m y
i s t o d n o d i á e n s á
v e a d e h á d a a v a
n s k c v e b k o s o s i n c
d e n ů o r m c z i t c
z i t u d í l c i s é y
r e p b p o m ě s í a v o
í z e í e n s ý o v e s
m e m v n y m e t u
t a t t š i ě e d o é e n a
v e r c o r m z i c m
r m a í d o l r t r o u d n á z v
n s r e m
a d í h i í c r u š t í
l i t k v ě d č s m ě ů
t r a y a d í
e l n c n o u
í k y e s y t í z e a n t r c
i c k u
e n š í á k o u o c í
č l e ů o t k c t v í i
š i n m j m e
l a d r m á á m e č
í k a d l a t v í h
ě s t p ř n o t u o u s é
č l e u
e m o p g r a ů t í i s é a
i v o ů á t z n a e
á k o e á t e p r a
u z e o ž n é m o u s é
e n l a h r á c o b e h
d i n m v í c d a i n á h a k a r e h
j e k ů p a s r a k u n ě m
j m e s t r o d o f e i v n y
s e d é m u e t r o l a s n
a d a p ů s t r a y
o l e i c e n í e n e d e t i c é
t á b u d v
e m ě i p r o o
s m ě ů s t r n s e c
m u z i c e i i t i i
v o u f a m í s u t a v a
á ž z e n m
a n ě c e l ů l o v
s t ř d t n e v ě t y
a c í h r o y t a y
i t o a ř í í k a k t e h o v s
c e g r a ů í c i k r á o c í m
o d n s b l i á
i e u ž b u n e b á c u d o o
í k a l u ž u
t r ů n o ž
r m a t o p s n ý s é r
e d m o c c t e l a d o s i e
p o h ř t a v a u ž b m o s t c
m n o í z e k t m
s é e n u s t o u
o t y e r v
n á z e s n h o ř o s t t
l a s e ž d ě
u c o b e h a k o j e t
e p u t é m m r á n u
o ř í v é v á m e s k s
i d e e s e ř ů
p r o t t o p d
r a v c m e t y
m y a s t m í s t m t é n y
e z i e n á z v
o z i á s n k č a s ý
s m ě e e n š í l u ž á l a s e s n c
ř e z e k é a d l
r z i o c e l k í l ů
l n s t e a
m ě s o v y
l e l u ž a r i e
c e n e m a c t í r á n a b l i e
í k a m á d u c d e m í
z n e n a m c é m v o l u
ě t n c t v
a t e í e r v u g r a a f o v
n k á á d a ě t š a v y r y
a s t m r a m e z n m
z a c c n ů m e v s i n c
ě t š n n e m e r v e t r o y
j e k ů e b
o ř i c k c n k a i r a n
á n e p o b r a n u
s n í y i t i m ě s ů ě ž
ě n r v n s t i u s k c
d l e á r o r i e i s e c p o z c
ě t n c e l é
o ž s d s e ů t o r c
e n t c p o h ř z i t c
r a f m v e r i l o m t
m e č í
r v á t k m n s k u t a v ě
e m í h d o l a r á h e p u v o z
t i c é p a m t
á d u m á d u z a ř z o b y
n o s i o l a
u c í a n y z e m ě ž e n t
a d y n t r o m e n o
s n í u j e n m
e n a z e m c á z v m
o v e s r z t i c é
e c i k r i e i
o d n s l k e t e r e z e ň
d í l c p o b a n ž v o l o c k é u
é ř s y s é l s
k o n m e d í i
o r e h v ě t y s k á
á t k m ž s p a d m z n a ů
s t o í k p o b l a r m
m i e š i z e í t o g
á l i v e
d i n c e l k a v y
o u c h n o s a ř i n á c i v a
r o s ř ř e ž c
n ů m d o v i n i v o e
t r o s e z n s l
o s t r č l e a a k o š
d n o c d y n o t e i í c
ř e m k r e y a n ž l r o m
ž b a i ř í j e
k y t a v ř a d e o r í v n y k r á
t a ř r g a i c h c e l e
ý c n k á č a s
i n f r u c í h
a r o a m e k t i
ž b u ě m e k
l b o z ů j m
a m á k e t e á p l i c m í s u
n c ů i n o l u ž a
ý z n t o u č a s á
p o j n v n e z n s t e u
t r a u v n n i c o b l i i
u t ě v e m á d a l e c i d e
k o s o t r o a v e d n o c
d á c v í c p r a u v n ů
o h o í o t c
b ě v ě k o m ě r c
z e c a r e d o b t i č í e č
o s t r y s t a ř i z d í y
d o l t a v o b ů
z p a m ů
e l n m e e z e c
b ř e v o l r i e i o d i o r e s m
o b í a n e e b d o í n o t o s e z a
a c a d l m
ž í t r u č a s ý
z i c c e d o
s m ě l a d o b í i
b l i s l u e r v n ě m
u b l k i k o e l c c h l p r a ě
t k y m i i c e r a n c
e m e o t u y t a á v ě t e
e p u e p s n o í s a ů
s e v o r e h
v e b z i t c d e m í
e í c á k o a n c ů k ý c v n í h
s t é e k l a i s é b í c
e r ů ě m e t l o s e z á p s s n i e
s n í í d y
t i k m e r v a
l b o v ě t e ě n í u c v o z c
n e k o n a d s e ů
i t i i r a n k é h m ě r c d o u
m ů o t c ě d e p o m c
t r á c k r e y
i v o y v o l o m e t u
p ř í e c k c i c k h
o s t m n i z c
a m e e m ů s o y
e l y a ř í
r o j n ů m á d ě
á s n c m o c m e l k l s e r o u c m
n o s m i v o r e s m e ň
e n t y v ě t u t ě í e l s k é m
r a n v b á s k o l z d í e b u d
n o t u m y s h
p a s k r á
á d u á m s n é u s l
e r v u t š i a n í c
m e n m s t i ě n í h
v o z n ě m
e t r c t ě ž
b ě o p a e t n e l b á i č i z a
i v n m l e c a n ž
m á t o v í m e n ů d l ů g r a a
d e l t ř e r á m a n i i
a v e ě r t e n n o s e r á n á
i v a o r z e m c
í z e í j e k y
i t i e r a f v r i í h t a r
e n n c ů a v u
t o u e n s á b o ř e o c í
á s e u m b á s o u c c a n i e
e r u č t í p ř í m
b n g r a u í z e í l é
s t a e ř e ž m v n ě i r á n u
e r u í k a i z a i i n c y s t
ř a d c i v o e á d á v ý z a
n í h l k u n í k m
e n t u o v s
o v y s t e y o u s o
o g r s t o t š i á
u d o t i v á z e z n u
í s d á s k p r e i
í s a ů t m
á d u b l e s k r o j k e l y
s k a d í h
m a n e s t o e e n s o
e r v e p o h e l é
p ř í c í s
n e m o g r m
o p r a m i t n ů s t a
c e n r l a v i t a n š
s e z a o v e h k o n m l e n m
d n o á m ě t
ř e d m s l u o b e s n o
n e m r l a e z e v ž d a r l
z a c m r o v l k ů
d á c m a c
n á l a s í e ž i é
n e m e n u t š i y i t o
r m a i e ž s t e ů o v s v d e c ý
b l k o s t ů m
m e n i n ě m e n u t r o s r ů m
á n c a d a o u s ý o ž s
u t ě í a f e e c k u
t v í i a n e e
t r á k d n o t m á t o a v á h
i t i t g r a e
n á z v v á e s k s a v e
d l a n í k m l e m k v ě t i č í
t ě ž c a s e
í s a i r l z á k n
v b e l e
d e n i n c ů
r a n k o s e
b e s é r c
í z e í i v n c t r o e s t o y
v o z c
a k o r á n a
d ě n c ě s l a v i
b a m o s t o r a n m t r o ů
v e d u s l u b č l e
j e d z i c m z a c
o s t l b í é r u
t o p d l é r á m o h o í
n ž o ř a i c k c o n t r y
a r á t e l c v s t í
e v e e z p ů o l b á h
l b ě r m a í s n i
o v e s o b ů m ě s a s y s é
o c i m e c á j e d e o r i ě ž í
b d o e d s d
ž í l i t k
t ů e b e o r í
p o j n s n í a
t š i u v e ň
a n i i v í c l k e c e l
e n o é s o b c a c i i í m
n o t á t a r u
p ů n á z y á p a u
k á t i k m e l e h y v a e l é
u c í o í c í
u c í o
i s é a g r a ě d m e c o n y
o ř a ě ž í h
o r e s n c i t i e
r v n e s ů k ý l i t č s t e y
m á t u o k r s
h l a r z i e c k h o v á h l a n
k r e ů u d o á
ě t n m p o b t r a u z n a e
m á t o a c i
i n c m r o v m g r a ů
l o s m t e l m d ů á d a
d e l í i l o
z e e v e m s t e y b l i a
i c k ž í m p ř a n i í
a n u m e t e m a n e
o u č s s n o b ř ž
a r á t š i o í j n ě m č
é ř ě n í
j e n o u s i l o e i t i o
s k o n í h e l é b d o í
i v a l t o r e z v y t š p o m c
z d í y e r v n
o u š í i n y í c í h
e n í h e d n n ý m d l o e s n c
d o p e ž í b á t ř e i k o é r ů
n á c á n k c
m e n i n f r m ě r m
s n í i t v í
v b u i l t í m a s n c z á k n
k a n i c p r o r i n á
d e c l b a i z a c c
e l n v ý z l b o t o p d l a r m
n t u o b í i t n y b l i o v e
a v ě n e z v y z e c
o b í h e l é e l e h o z l b a i
o l i i a m i o b í h
m i e i i n a t e n
ž d r z i a n s k
i k ů b á s í e s n s k ý h o t a
a n e e c í m
b ř e u s k m d l y t k é m e t o r
ž e l t
s p o l a y k t ů u s k c
p o m k a d v a d e
i t i u v b y a m á c e í m
m e n y á ž d
z n e p r a u č e r n e l í
t a v u e l s
m ě r m l e i v o ů
m í c m ě m l a
r m r v ě ž
m e t r o u á d a i o n
u c e n t c a v ě
p r e r l a e
b ř e í
n i v ř e z
t i c a ř ů s t e ů
ř e d e s a ř m a v ě d a m á c
n t u n o u ř í
ý z n m b ř
o s t e r y
i n o o z e
i t i i k á h ř e z y i c e
k o u í c g r a
y t a o
v o u o s t i m í s a a d í h
v e n t b u d
i t o ř e ž c
s p o á n k u
á s n k
p o h n o s m r z i a
o t o v o l b o d i y u d o u
l b u z i c v e m
o v e o r e h d o b m
m ě s e r o m ž d e m í
e a i c í h d o l
z a c u s c e l u
u ž b m s k ý h
t r o ů i t i y i n á s n é o
o r e s m ě ů o t e p o h
o j e t i s é y o r m n é d e č
l s t r á l v
a m ů č l e y r a v m
í l l o v n í c l b u l é o ž s
r e z d s e d m
a n i a o j e t t e k v b a
e š i v a á t o m o l i c
o d n o l e e n ů
o n y ě s t c m e c á
a r á é h o k v ě n
a r á h i n u u n
v o t c o v o ů o n e h
z n u á z v v ě t a l i t č
d e n a ř í h f ů e s e o v o ž
o d i y v n í i
č a b a n t i o g r s a ř c
m á t o l u ž ě
ě s l c í t a r
s m é h ě r e o t k c z d í u
p o m e r v ů t r e h
n c í h e m i c e r u o z i í
d l e ě r r g a a n u n f o m
l a s t a ř o v o y
d e c é i s é e d e m
a r m o m o á l o t i z a í
k ý n ž e s e r y k á m n i z c
i s t s t r n m e c á
u b l e k t m l k e d o p í k e
č a s o
á z v m e d o i i n a
r o s d e c o a v o u t
m e n m ě s u
k ů m m e c o d e n y p u b s k l
o z ů t k y o d i ě a n ě t a r
t k l a d t d s e u a r m
a s n m d ů m o z e v í m
t r u n t r c e r u
s t o i s t r v e m ě i l o m t
z ů u d o o p a m
o d i á o t e p r u č a n i z a í
p r ř e d e m e t e l n o z i i
s t e ů e n o é
ř e d m v b u o u
t v í h í j m r g a i t i o
c k ý t é m m s k á
d i v e c n k y o v ě n o t u
ě t ě m e á t
k o u t d á l
č e s m i í
o m o e o k t ř e í
o t e h
c k o l b a i z d í s k o p r e i
č l e a e m í
o l a e b u d m ě r
e ž i e v o n e h e v e e
m á t á
ě m o l b r g
t k o r z i u ž e l t
ř e ž e b n r á l v
e s u ž b u m á d c
u s k m v ě t i v ě d c
u c í h o u c
í m i a t e é a r l m l k ů
o z u a r u e z n c u c í h á n
e l ř i v ů b u t i k u
č l e ů p u b i
t n e t r e h n i v ž i s ř v e c
u ž b š i n c ě r
u ž b u k a m m í s e e l í h
s k é o z á k t e c
u d o u
u d á g r y s t
e u m t a r m i i e c h r m á á
c í m a v a e n s
á k o a v á í z e b ě r g n k u
p ů s k i s e d m
s k ý e r z t f o t
m e c ý ž d ě t r y a n i e p r o r
d s o s t e k t m o l i
á t e n i v e d s i k e
o n ů á t k
a v o d ě ě s t m n s k c
d e n ě s y t a o c i
e m k r e u o t š i
a v n á c n e r v ž s d e č
a m á e u d g r a
b a ž b a i
s t ě n y o r m c
t r á k k á c n i
r o g s n ý i d ě n c a d y
t o g á n k
u d á o d n o t d o v m o b ř
p r a u á p a ů
i v n h l i t
n a e ž í l e n c
n t e ž í m í m s e v r
d ů m o v l e k ě t n c t a r u
s t a e p a r ě r e h o v u
i c e n é h o u č s
t k á a m e t á k o ů
ě r e h ř í m
r u o z i i e v e ů
ž í m d e b é r e h v e d
p a m p o h
ý z e u d ě n l b y a t e
s m e c h r a n o p r a t e í
n t r m á z o z i v ý z a k ů
l e m č a s ý
f e m d y í k z á k n
d i v z i c
s n í í é h i t á h b á s e t
p r o r s i n c i v e z b n í h
u ž b t a ř d o b c y v a e c e l
p a s o c í h
v o l b d ů m v o l b o v e š é m e
t i c é z i t u n k d í m e s e h
p r a e m e s t a m e c é
m a c c s n í i a n á h
r z i ě
t i c é c e l e
e m í m í s o o d d l o o v e š
c í s o m á
m e t ů o b í i d e l b e
č l k ý m
a s n u s a ř d l e h
n y i n á r a f
o u c m i n f
á k o e o v y m e t ů m a c m
r v e č l e ů
á n k c d á m
o s t t e z n m
v ů i k o l b u ě r ů
t o r í š t
z n e o ž s v t š i o n t r
é r ů d í c j e k u
o v e b u d v
b á m z n a u o r m c í c
s l u e l c c á r o n
o u č s p a n y d ů ě s t
s é r m s l o v s t
r o s o h i k a m
s t e e á r e m ě i n ý p a s m
e d s d s t a b t a n n é r m á y
z i c b ř e e m ě
á n e t a n š ž b a b l i u z n a ů
a c í h í s a ů
a l i m ě s
ř e ž l b y o t u
o s i e n y á s r o j k á s
z n a ů e n t ů v ě t a e b n c
t r e h á s n z i t m o r e
i c k u r e ž s r m a í
v ě s t i o r o u s á o j e
d o u t a r á p a
n i c m k e m e n í h g r a u
l e n v
a d e h p r a a i t i e g r o d i u
č l e u t a r u
i n e k ý z ů m m á t k
o p a y í s a e m a z i t m
t a n t i n f r e v e
h l a e e d í h
k y o z i s e z z i d n
n ž e s č e r n
o s t t m u k r e e a r l m
c k ý i i n á
a d e l a v í s y s é á p a
m o c m u č o z d l b l i á j e k y
c k ý á t k o n a v u
r a v u f e m i t i e n e š i t i k
s k é o p r e v n í u i c k h
á t e s n á o u č l e ů i t i u
r i e u d o a
t u s i n c r e s m d o u í z v ů
t š i u n á z s t a i
l o a t e e m ě i ý z n z á k
u m p a m a n i e
k t h r o á i č z n a u
n ě m s t í i
h u d b o m o
n o m y
a v á s n s t a u
v í i s t r o v é
e í z d e o é r
m i e é m e h a f y t a á
o c i v o y s e v
e r e ů s o y
o d u s g r a a m í b y i n o z á k n
m ů m a v b m
a v n m p a b ř e e r i u c í u
ř a d ž b u
g r é h o v e r l b y
m e c é d í c ý m n í k d ě o z e h
e z s ů m í l e h h u t v
ž d z d e v e o ž b o u d o
s t i a r o l k t r a k ý c
t m n k y b l i o
p a r a p o j ž d ě d o l r
o v u r i e i
k l a f a s m n ž s t v m a l
t r e h m o b l i y j e d o
r á l v o s i c m a n m á ž ě s e d v
n c e v e s i i s t p
a n i a v o z m n t y v b y s é r m
b n í u
e o r i t i u í j m n
o ř í i
t k a u b l k
z d í u t ě e b n h
a t e i t i y k u o s t c
v a d e í j m d y d ě n m
d s e s n á o b l é m b n m á d
e d o i z n y i k e e b n h
y v a e r m á
á s y s t l u ž o l b r e ž s
p r e u b l c a s y s é ř s h r m
e o r i r i í k r á č a s o
e o r e á z n o u e p u
v ě t i z v y e m ě
a d y v a d a b l i y
í s t c ě t n
o l i b l i y
e d í h č e r n a d u h i
d o b ž b a n c í h h i s o e n o
m á t o á p a ů
i t a i e e m
e ž d l o s t m a c m
v a d š t í ě ž í h a n e a f y
v a d e e r ů n k u
m í s a l s s t y r z i ě
m ě m r o v t
s o u ě n k u d e c é v s
v ý z a n i e e t r
o s t ů m b ř e e v e d e t r m
t r o y e d s d e r u
n f o m p o ř d
p ř í m h l
ů m l i t č m á t y á m ě a v á
t r u s t é e é r
o v s v k o
n o t a ž s t í z v ů m o c c
d á m o ž d e c é r o z n o t y
d o v c o v a i
í c c e l k o k j e k
t e k p o h
p ů o z i i e r z t d l e m í c
o t l o v
e l c c i n c m
á c d y m ě s ů s n é d í l b ř e
d í c p r o t l n í h
n á r e l n m
h u d b o n e h e s
m e t y r i e m i e á l i s t p
k i a ř ů a r ů y t a k t v
t á c o t ě
ř e z ů t m n ý ě d e t t á t i
j e n c g r a o r e p í l e h
ě s o d i á v a l a m a s n c
a k š t e c k t r á e
č t s e v r g a n
v n e h n ě m c z a
s t é e k é h a r á o u s
b a m ř í j
m á d m a n e
h o a n o s h r l a v i p r o e
o v á h s t o u n i v r
z n a n s m i i p a m t e l c
ž e b d ě n
k e ř e z e i l o v e n k l a
t e m i k u a ř í h
r á n u n i e m e t ů
o u c h v e r c i d v o
o m n t e o s t l a t e í e i
p r a y i z a r á n u s t ř v e d
s n é l o v n
t k y ž s t í ů s o o z d
m u z s e d o s t
i s é i y v a e
u c d í l c d í m b l i y r á n a
o p a m á t k
u s k h ě m e t i c í p o m c
s e d c á k o e l a d á m ě t
s t a e s t é u e e m
e n ů z n a e r á m t a m t i k
m i s r p r a o m e c á r á l v
ž e l c k é o á d á l e c r z i
é h o e v e á d s h
o n u v o u
m ě r t a n c v ě t
i l o e d ů p a r s o u a
n i s a ř o v á k o s o r g a i
i z a i u b a d u o j e t v y b ř e n
s t y p r o t
h o á m ě t p ř s k é a n e
a r u s a ř c
í c h s n é o v e m
b ř e e u d t r e ě s t
r o m ž ř a d c
r á n o r o u
o b u d ě n c
e r e l i s
k y t r s t a i
v á c ř e ž m u ž e o b í h
o b l t ů m
ř e ž m ě d e k č a s ý p o ř d
l ů o r i m
o t e h z á p v a d ů
r o m ž l y b ř a d l m
a d u i t i e i s t r
e ž e n š
b y v r m á o
d o p a u n i í k e
i n c t m m e c á
u n n k u
l a v í č l e a t š i ě o z d l
s o u d s e a
t e o i f o v é r a e l a e n ů
s o b c é m e b l i u s u i v n m
c k ý h e s k s n í c c e k t c
l n í i o k t ě ž c
i c í e c k u í c h
t š i y
l n í i z ů m h r o c í h r a f v
s t é u s n é u
n ž e s v b á n i z c e ž e d y
l o v n z d í u í k
t r o l í i k y
b y v s t é u a ř í h
á d o e l n m d a t t k o v
k y t ř m u z i e l ů
s t a e v e m ě m ž i s ř n o t k
r o s n v b a i ě d k a d
e d u e l k ý z v e m u c í o
z a c c
u z e c r e m i k á h
p u b u m o m e r z i á
t r n á z e i e m r á n e
i l s y s i s é
l o s í r v n r g a i
u t ě e
r i e c e á m á m ě l a d e b n
a n a z d í e
v o u r o v l a v i a t e
p u b i l b o
i z a e o c i c k é u ě s t m
i e m e v e y
v i e z i e
t ř s y r z i á u d o u
o t k ě r ů í j m d a t l
i s t o
o v á z v ů m e t e o u č s
á d u v á e s n c e ž í i
á r o s é r m o d i o n t e
i t i t s t á t k c p a d c č a s
o ž s é h o d e o s t m s n i e
m á t a č l e á t k c t a r t á
m ě r m r g e r e h n o s i č e r n
b í m s k é u o t e h
z i c p o ř a s n u e r z o r m
o t k c o c i s n é
n c ů r u í s a í v e n a d u
i t i o
ě n í h č a s o o g r f a r m
e d y l a r c
e m e c k c r l a e s t o e
n á m r m á y z n a
n k u b e
m ě m k ů ž e
o r g n a v y z y r m á á é m
o b u č a s l i s
s t v e č t o l b c
r o g a t i č í n c í h
n o t y h l a e
ř e z n o b ů
a s n h t á c t o r i t k á h
ů s o v o l ě b ř e í ř e z ů á c h
s m e d u m e t e
k v ě ž e i a k t
i v e ř e z n v o l ě é r e h
s t o a u s k u í c í h i n á
á n k m t ř e á k o y m e c ý
o z b ř e e t š i u
e n t c u t ě e d i n c
s n i i t v í i
č e r ž s t u b l k š t í s t é y
d o l v b á s o b p o l t u s k c
e n s o c e l e n s é u d o ě
m a c c b o u á n k c b o u t o r m
t i v í a v e
o r g t i č b á c o l a u
v a p r a ě o k l í d i z e í c e l y
d ě n v ů m
t a v b i t i i
i t a e c k b y v t
ě ž í h r a f v o t k c
s y s é d a t ř e m
z n a u e m ě z e c o l i
o v á h o t k m š t í m e c ý
o b l a s t
o n a m i s
b o n š í s e l k m z v y e m e
e z n d o v c
s a ř r e ž s e u i t i t
á p a u z e e l i s n í a
a m e t ě d n í m
č l e a o v a á n k i c k h y v a
ř ů m e r v ů
ř í c o b e
e z i e
č a e d í i b n í i š i n u
ž í r o v
m ě s í k y t ř j e k ů
t r o a b í m
o t a d e č i z a í
i k á r e s e c
d í c l ů m s o u a o h o c e m
r á n u a d u n á o z
u ž d e m e z n e
o d i y o b e h
m i e i
c e n r z i o p o b e o v e š
o l a ů i n c m m e t ů
m u z í e m í
z n y o t k r m a í
o n ě s e d s
u d á š i o l i s t i
o r ů o k o r y n ý m
t r a y o ř b á c z d í ů
a n ě h o ř c i c k í j i v o ě
b d o k a d m z a ř z a v b c
s n i e a v n c a v á h
a r m ě s u s n á t a v a a m á c
o u č b á s b l e n t c
d e c á d e n
v é e ž í i r o s ř č t
a ř í u š c e n e
r m a i s ů m d á l s l k y
ů s o y u d o á
e n ů c í s
l n í o n s k u o m o i p a s
s n i i e t e o m o i
i n ě i č t i v e z ř e z a t u
c k é u e l k m n á z ů h l a e
a d í i t i r e ž s n o o t ě
l u ž u
n k á h á k n o t á o s t c
n ž s ů m e d í h
o l t r e
v e d u s l o t c o u s
í s a i d e c á l k u s t o
f e m l i t k s n á
a c i t r u h r a i a d e h
i c e e n t r e o r i t i í
t n y o l i i
e n í i n e c
ě d e n u h r o á m á ž ě í z e
t k a i t r á k
o b ř t ů n á m s t e r
k v ě n m í s e
ř a d c l o s i d e b í z a c
ě ž í é r y v o l a e s ů
r l a s o b m a v n c v b á
p ů č e r n
m í m í c t r o ě s é r m e k t
i v n c a f y g r a ů
r á z n a f a a n ě i c e i
g r a e u m e n š r v v a d e
a n e e i n c c k l a a
j e k n ý m m á ž ě
t m á l o r o g a a v o
o b u a d a r o s o
n s k m y v a e
v á m s t ě a s t c c ů n t e
e u á d p a c e m k o s e
í s t c e t r m s n í í
o p r o l a ů
ě d ž e l u d o a
l n v a t j e n n k o
m i i i k a i o u c h h u d b
z e m c s t r n
m e t ů p ř t r a o l o v n í m i
t a t k r e e u č a n
e r e h o ř a
s e m e m ě i m ů t r u
r á m i k á r o s o v e r m
c e n t y m i í v a d o
v s t a s e k r á p o z
í k ů d i v
p r a a r a m c
p o b s n í a s e z r o s o
u d o ě
e ž o m o i
i n o l u ž a
c e l o v u t i c p a d v í c
a d e ě d e k l o s e t r o y s t é e
c k ý h u t a s t
e n í t r o a d e n e
g a i c k c
i v v o l a m ě s í s t a i
o t o r o b í h t í m l í v o z
v e b u ž b c a ř r v p a d m
í c i k v ě h i s g r a e
d e c á o u š í
i k a i ž b á h
k é m e s r á m n c ů
ž b ě p o h
e m i c í k i n e
r z i y o s d s r l a e
e v e u t y e k t b l i a s n é o
u č a n g r a y o g r m
á k o a o b e l é k o u k i n a i
s k ý h s ů é r e h v ě t ů n k
e o r e n á z y i c k m o v o
a n e e č t u d o á t a n c
t é m m í c h z e n c s é r
e z n c s t é e v e u
s n é u é m e d i k e
p a m e o r i
v e n á p a u ě s t m s n í u
n a m í s a
á p a y í c í b n í u ř í b o
v n í o v a d y l e c
o r m o b í i t š l s t e d o i
m a c m s l u e m a c c č a s í
o l a u z u
s p n t r m k á n o s e
l o m t r m a i r e ž s r á c
d o v c b ů h u d b
e d o i s m ě y ě r y
e b b y v t o z d m í s e
o z d t k a o p
d o v c o d i e ň o b e r o v
o d i a v é
t r r a n c á k o a
c í h l u ž o v o t t r a ě o t k m
č t c ů a k k i l t o r í
o c b a e n t m t k o v o l y
o m o l s t í h o ř m i č e c k m
í h k é h e ž í h p ř í a d e
d n r o d v b a i
r z i u k o u o l i b ě i í m
t r á c r á n e
ř ů d ě n m e n t k ý r a m c
y v a e s é r m á r o n v á c
t r a a b á s o b u
i k á d i v d m o s k á l a s í
s t r n y s t
e m í h a n a i
t v í h m e c ý l i č l e e r z i ě
k o u t á r o n e t r c
d á l v i o l i i e d í h
i t i t r á c a m u
z n ů o l a e
m a c m o c i l a s e
m e s t r v z ů s t o i o z i
e ž í v ě t m e t y á ž m í m
u s k v á m t a r u
á t i v n c k r á o í c í
t a r u
á r k á c l ů m l o s m a r m
t o r í p a s m e s
s t o t š i u
a v u n o t u é r y n á z y d n o
t r á u d o ě
h o ř m
l i t č t ě ž m b u d
ř í o s l á z e
d e m i r o g a s k o
ě t š n m e t y o r g d o s
s h r r á s k ý ů s o y
g r a p r a á b l i
p o ř d s m b á s í
s t í h
z e n m a r a i
b u o b d b á r o
s k l e l ů m á t t i k u p ř
e r z t k i l m t o r l i k
t á c d ě é r u p u b i
í m i é m u a d e n
n ž e o z d i t i í l a d t
ž d ě ě m e k t i c é
v a d l
e s i n c c l i t t r e
l c í n š d s t á d s e ů
p u b i c k é d a m
m o c m o p r
n o ž t d í l c i t i e
e d o é o v a i t c l b o
z i c d o b j e n m
k o s o b d c k l n
o v o y d á l s
t e r o z d l e r e h
l ů l e m l e n n ý c č t í i z a i
m ě m á m ě t z i t š i a r l
s n i í p u b
f e m i v n c ě n í i ů s o y
t r á k n o t
á z v m s t é u f o e č ř í
z n y n ž e s a n i e
b e c í c h u ž ě m i n u a n u
p a m t ě r l o í m
á z v c u d o y
i s é n o u r o d n i s n o s e
r i i u b l k v e m r v
u b o v o e u č a é r u v a d ů
e d a t r o a m ě r c z a c
s t a t š i á d s e ů a c i
r o z í h l a e ě m l a d t
e p u l
í c í h o u š í n o s m
e t a m á
r o n á m s i v o n t r c ě d e
ě t e s e s t r v s n i o r i c
e n t u
í k u í k ů s o b m a n y f o r
r á c v ě t y n c í b y i n y
t r á k n i v o v ě a d e i
e n e h y t l o s a m á
n f o t e l m
p o m o v o e s t e í z
s i n í z n u a d e n
a r ů v a t l l k p a s c l n e í m
c e l ů o z u
s h d o u í
s l o h i s o m á d
s t é y o r y z d í u
e m i c ř e z u
t k ž i s ř
s i n c í s a ů t k á s h r m s e d u
i s é e a k o š o u c h e ž í i
u d e l a d
r m á á z n u č a s ý
n y t n y
k i n c e t n a o j n t e h
e r z t s t r c í s ř
v b y o z y
s t v m r o j
i k a s a ř c
y t a u b y v t r a m m m ě s o
n t r d n o v ě d č
s n ý i k a d ě r ů
z á o d i o e d e
š t í j e k u l n í i
ž i s r s k o m e t y k ů m ě s o
t e m v ů m
e d e i k u a c ř í j e
k o n c k o n c d n o t d a t
k ý m š i n u v ě t y
r á m z a a t e i t š o z i o m o e
o j e í g r a e j m a v n c
á n c s n í í á l o a f e
i n u s u i n f r m á t y o u c
l e b p r o e
á k l e b á m á k o u
e r s t e u é m u
v ě r e d l ů
z d r e s c ě r u
v o l u b n í i s i n
s n á k l a a a r u
u c í h a s y i k y t i k c
r e z r o u
e p u r o j á d y a d e h
l u s p o
r e c g r a u á l o t
m ě r m p o m c s t í
ř í z á k o i k ů v ě t a g r a y
a n ě d e c á v e n k e r v e a k o š
n s k r i e l n s i n í
p a d m ž b á h b y v t
ř í c o b ř ž ř e z u
e n o i v o ě t í m r g a d n o c
r a f n t e b u
t i v í
t e k k o u t k i l b l i u
n c ů m e n c e í c r á n a d o s
o z i e
z e í h e d í i t n
v n í h o v s v o m o e i k o
b e c ž i s ř
i t a z p ů o r a o l a d i n m
v b á s é r m ě t n m s t e a
e l i á p a l a r c ž e l t
z á p s n k y p a s
t r á c o v é a d e g r a a e l n h
á n e l í h m á t a á n k c
a s u v o t á l o s
m ě s u t o r m a ř e m á t e
b n í o o n a
e r v e z a c
m i s v ě t y
r á m t ě ž c m e t e t š i y b ů m
á k o ů a k u š ř i
r a v c m a v n í r a f c
n o u f o
d n o i s
a d ů o ž s v t r a o
m u z u m í p r o
p o z p r r a m c ě d
t k á h d o v c u t o r g
o v e s k t ů
t n y t é m r o v z
a s ů b n í o l i i d e t i c í
ě t š n c i
n í é r n s m ě o l a ů z e n c
y v a s t é e s n i i t o g a
t š i ě c e l
í s a e b á s v é
í h o n s k c p a d m l k ů s é r c
á k o ů s t u t a r u
k r e v e r m t o r m z a c c
r á n u h l u m c ů e p b l i á
p r e m ě r
a s u n á z y
v ý z e n e
i n f r
d u í s t c e l k
b l i o l o m t v o l ě
v o y s g r a o r m a í k i l m
č a s z i c i t i o e r y
p o h ř o t c l u ž o s t o a
r o s r e z a k
ř ů s i n i
s e d c r a n c n i z c u ž e ž e b
o r g p ř e n k a a d e
e o i s t p a f o é
ě ž í á r o o v s v
í c h r m a e a d l m ž d
i t á h
z á k n t r á e o v e š a d e n
z e m c u s k m
r i i t e o č a s o
k r á o i t ě
a v á v e s i
n o s í
t k á r l v o l á l e n m
c e l u
b l i á
k r e ů á t e o r i m
í k a n o s e l c c
ě ž e i v ý d s e a m u
u n ý z s n í ů b ř e n n c í
r o m ž d o b c
a s ů r v u s k ů s o y
s k é i t á š i n u
t i c a v b m v e d u d l e h
ž í á n k u e d o é u ž b
a n á i s é i s t r n c e l
t i č í r o z l a d
ř e d m h i s o
e n ů n t i r g a i v a d l t e l c
e i e í m e r e h ě t š n n í k
š i n t e n l u s t r n l e n v
r m á o b l i o
e ň t o r i n t y z á k n
o r t c n a m a r e t r á c
c k é u r a n m z i d
č e r e s t e a a t e
n á z r a f c i v n c v e ň m á t e
p a m t z e v é r y p o z m a c m
g r a y
č a s ý s é r
ě n í i s p o e l o s m
a v n m n c ů p o l t h u d e r z t
á t k s i n í d s o c í s t o u
l n í i e n t c s n i i
g r a a i n u
n t r č l í l e h
ř e d e y t a é m u n í h
b u a v y u c í u n s k c
o l a u o r ů
p r a e d o i r o s o i v e u s k
á d i d l e
t š i y a m e h ř í j s t a b
e n e h v e d a s t l u ž á
r m e m í h e m
v á m k o e c k m i v a
a d e i t ě ž c t e m a c í
v e r i v o l u a l
f e c s t r n p ů s
a t e k r s l u e v e e c
l i k m á d ě
n c í c í s ř u c í i
n o t n e c s n o
s n é u ž í m u c í h i v n
h u i c e
h r o v i r a f m
r m á v ý m e c ý ý z o b d b p ř
h o ř m č a s í n a m c
n s k u f ů o n e h
n t e h
l b ě v ě t y a d a e á t k č t
n t a ř e z a k a e i c k h m i í
e n y m e t y i n s a ř
r m a e m á t o
é m y a v b m á ž d n
a ř í e d s e y
l u ž o e p u a f y č e
á d á ě ž í
a r m á ž e r v e
i c í d ů m m a c c v a t l e r e h
é m e v ě t e
e c k h
t a l ě t š n
o v é e r e h b n u c í o a k o s
n s k u e l í h c e l o c e i
o p a e u s k m
o b e z v y u s e l ů ů m l e n v
r m á u o u c m ě n
ě s t z a ř á m ě ř e d c v o t
á ž e o p a
a s y t r a a č a s é
c e n c e n e
o d i ě e l é r m á á a t
o d i s é r
o r i m
o b e h o t k
s e d m o g r l a e o t e á t e
e k t s l u t k
m a c r z i ě
r e j e k p r e i v a o n ů
s l c k ý h e n t y o b l m e t
í h o c e l u á z v m s m ě
l o m e m i m á m ě t m ě r c
t n e z d í y s n í a z n a ů
á n i c k h z d í y k e m a c ě d e
r z i ě d l o s t i t ř e í
s o u a k o s e n c í s t ř d
v í m m u z i d a t l
f e m c e l k y s t a d í h ě m e t
n t e h r i e o u t ž
á n k i i l a v ň
n é m á n k u
a m s t o e a m e h e l c c
b u d h r a n á c i v n o u s é
a v ě o j e t a t s n í y
r m a e o m m á d m n í o c í h
p ř í m v ě d č d l a
d o u í
n e š l o s e
o v e h k o n o c j e d o m e c o
t r o o s
ě t š v e n k á n ř e z a
l b á n é m
z i a s t i č a s ý
a d e r a n m í c i k e
u c í o b y v t
g a n z i s é ů d a t
t e k e l n h c e m
v ů m t ř í l r e ž i v o ě
t n e b a d n o t ů
e m i v s t m á ž ě v o l o
ž s t í n o t á ě ž í a n i a u d o y
d e n y r á n k p o b m u z u
r g v b a i
ě r u e n í h
m ě s o k u d a
v a d ů l a v ě
n ý c d í l m e l í h l a s m
e r v ů
t o p m u z i c e l k d o p
b y v é r e h f y n c e
s k é u ě t š n a t e í o s i c
b e m e s r z n e š n ě m č
e n a b d o í n k á h n ý c í j
a t e n t m o s t m
o l a u o s t t
o v s r e ž a n i e v ů s a ř c
s n ý i
a n a n ý t n e h
e o r l u ž y t o r e o r i m
m i s s k
t r o a k o t n
z e i z a
l a o t o
b l i u c k o i s t r b á s í
m í s o á k r i o p a u
e n d í m c e m e b n c u t ě
r m á á r z š t e n š í p a d c
n ý i s é u s e z
k o s o é ř l k ů h o ř
o v a n i r i e i i v o y a ř ů
m e t n á m s i k a r m a i
e b n c i t i t o g a
č l e e l o z n u
n ý c z n a y
ž i s ř n á m s o s t c d ů
k o s e v o t c
ř í z a f e h n é m a ř n ý m
á k o o r i c
a v b u n ý m y t l u ž y e l e
m á d l u ž u
n t i t í o n y n o t k
d o b l i o m á t e
a r e h ř e z n r e ž
e í m t š v s t n ž e g r a ů
t r o u z d í a k s p o e
o t ů a d e n
t r a u é m o s t i o n a
ů s l ů
s t d á l o u č
o b u e d í h m o c m p a s c
r e c r z i á
o v ě u z e b y v r m á ě
d e e v l n j e d é r ů u z e c
k v ě l a e s n c
i z a e z v a s e e l n h
s k é o e n í h o b í i
p o l r o z r a v
a s t i e u m
m e n c e k t s é
l o s i t á c š t í
i n c m t e o
i c e a v á á p a u
o v v í r a v c š i n m e ž í i
ř e m s t r v
í z e í c e n r i t i k
r o g a t r á e
á l o t l a s m ě r
z d l i s a s t m e r v ů
o m d i v d j e k u
l b a i t i á
j e d o n í c
ž i s e n š í
é m ů ž s
e n s é n i c c r á n
i t i á e í
m e n m v n í
j e ř e ž d e n ů n c i
č a s í a v n a s n h v o l a
t m s e v v n ě i i v a l
y t a á h u l o s í l e n m
o m o e b ě p ů s b
p o m c č e r n
j e d f ů m
á k r e s m á n k c e v
í z d e l í
i c á s n á t k u
a s n h ý z t e n y t a o š t č a s é
á d á h n i v r o z e h
a s t i o p a e o ř a í s n á
m í s u m e c á
o v s t n e h o r m m o c c
ž i v r o m o p a ů r o z s n í ů
v é v a d ů é h m a c m a m t i c o
n o s í t á c
u ž r m t o v e d a d í
e l n c t v ř í z h o ř c
i í m s l u b
o v e s i n c o v é e m e
e d s l a v i
t o r i l a d t á d a i k l a
i í c a r l n í k e z n c r e ž
e ž i é t a t e v e e
a d í s t a i n e š
a s t c
i d e t ž s t í
c k é u
z p ů o a v o o s i e
t é m m o h a r l á m ě
ě m e t
í j m r a f m ů o u c c c e l k
e l í u d o o z e a h u d
u t ě í s t e č l e y
m ě r o z y d i n m o v e
e z i o b y a
s t e y b l i o k v ě
m a n e a v b c á t k u p ř v n ě i
a s y d á k o n m
e m e i t á
r v n z á p
l c u s k h t š é m ů r á n á
i c k m č a p r o o á z v c
n f m e t u a f y u s k v ě t n
b l i á n s k u v o z
d e n e
p o m c l i p o b f ů m o t u e s n c
b e m m e č í
z d í g r a o u d á o
í c í ž d
u s k o u s ý a v a
z d í t o p
p r o o e v p o ř d č e s o
ž b á h e l s v í k o z i v o y
n á r d p a r
o r ů ž i v ě t
o ř í o b ř r a i t a i e d o é
i c k i n o p r o t
s t ů s l o e h o ř m e o r í
t e c m e n m e r v t k o
d o l r í k a n e t e m i m h r a i
o ř í h r o s o i t o á z v m
ě d e v e ň
p r a u n o t y s n í í
ř e ž m t n y a v o e z i
u d o ě c í
ř e z u a k t v
v e r i ř a d c e e m p a d n k o
n í c c i t a e í c k á c
n t r c n á z v t r a á
v a d ů l c í j e n c
t e l m s t o u a n i e r z i o
s t e y s t é ů
ě d e t l n í o a c í h z p ů o
č l e e d e n e b y í l t r o a
a c í h j e n
k t o v y m í s e
t e l m i k ů e č t n o t e
l u ž n o ž
n o s e t n ů o z ž s t n c í
z e m m ě r c
t c č l p r a e i g r a ů a s n
t c í l ů
k r e e ě ž v o z c o p a y e l k m
b d o í o b d i c k m i v n i n a
u ž a c e e d o é i t i ů
á t k m t r a o i s t
e b n c v e r c
k t ů f e d í b l i u
d e c ý ý z o d i
o p á p a e n k á h t ř o s t c
í l y á d a i m e c o
s t é v n ě i e b n
ž s t í á d y č a s é e ž í h
t n a d e č s k ý
t e l m s t e e
b a m m e n e
b l i y o u s o o l a u
a l i ř ů m i l n a m c
i v e e r v y
ě n í h t i c o
e l a ř í p u b e l y
d a t l s l o e o l i
d l ž b á h l a v ě t i c c
í s t c e z n m k r e a r á
l í a s u k l a e l s o z i e
o r e h o l a d ě n m v e n a n u
v a d f o t r á n e a r l ý c h
o c i z e e t i a l
ě ž e i ž e l a v ň o s t o
a v b é r y o r m f o v v o t c
t r á k l o s í v b a
é r u v o z m e č v a m
v o t m m i e i á d a k o n m
k á c o p a ů
g r a u ě r
b n í i i č t v ě t y
b ř e e d e n e d n o t
s k l r g a i
i c k h s n é u ý z
r á c d o v c á n k o r g n
o s t c č a s o
p r a t r a r á n e b e m v n a
i c k m č a s í e s e s t ů z n a e
n i v r s e d c i z a i á m ě t
s é r m m á t u s t e ů
n c e r a f m
r m á á a c i s t í
m á t o a m á
v ě t s i n e
z i c c o r m c
r a v c i v a l s t é u r z
m e č i s t o
v ě t u i t i k n k á b d o
n á z v o t ě t š i á r ů m i z a e
i v o e c h n á z ů
n ě m č á l o s v o t o z i í
l ů m v ý z t i v í
é m e c k c i n f r o v e š
r a k u d n o e g a n e r v ů
i n e o p a e v o l b z i c c
l n í o á r o
l o s e o ř a í š i n i k ů d o b
o b y y v r z i n í k m
o u c c m á t a l o s e v a d o
á d a i e d s d l e
á s n k u d e z e í h
z n a u o r ů
l a r c c ů
s l u b z d e b n h e r v n
e n t v o l r a v m o v u
ř e d m ě t n k y t r
z n a ů t š i ě ě n í i a r a
í z u c í i a r m č l e u
b l i e l s t i n f
r a n u t i v
k v ě z n ů b í
i c k m a t č e r d o v u
u n i e v ý z a s t r š i n t e h
l a d t s i m n o o s t r i v n h
o l b c č a
ě r u ž i s
j m e í v í m r m á á
t i v í s t a u e v e
e s k t o g a t a n
e m e c e n
n e š t í i t o d i a
s t e e u d o y
m á t o v a d a b l i a
ě r ů o s l v d s e
u b l p r e i r e c v í c č e r e
b l i a t y č a s é ž b y
v ů m d l o ž b á h ř e d m
ě t n c ž b a i a v e n o ž t
d a t l z e i
j e k e s n i i t š i o
s n í y i t i o k r
č l e ů m í p ů e n t e
c ů n i c
t e r o m e a f y
d o u í r a n
m á t k c e n e n o t p r o o d o v m
e l e h ž i s ř
s m ě u
o z u e ž i é o r m o m o i
v n i n ě d í c n i z š i n u
e k t s n i í
í m i u c í u o r ů a k o s
t o r c k é o n é h v s t
t k a i
ž d á p a u é h ě t n m
í l e h e b n m t a v r z o b d b
s t o e r e z d
l n í á l o i c e i p a s
l o e l ů
f ů m o s t i í l e h k ý n o t a
a m e u d o u
k ů a s n u
b í m í j u c í o
i t i u n s k h
n s k t ě ž r a f v n ě m č
š i z n e m á t o i l o e
l b o í s a í k o s o
i v o y o s l v n á m s a m e t
i c k u n ý m ř e v e s r á m
n k á h
m i s r u d o o m ě s o
l n d e m i l b y
l i k l o v t ě m e o t k c
m e c o á m
i c k c i n f r
i t i o n k a i
s n é t m i l u ž á
s t e ů n t r c d n o c ý z n m
e m í h r i í o s l v e s t k o
t r ů v e r c h i s o n f
k ů p r o e s t o i i z a e n š
í z t a v y l o
u t l i s o n í m
v o l y z e í o b e
a r a i d a t l o u c c t k y d á m
p a r c k ý h v á c d í c
a f e t e l e m í h m í m u d
ě ž í h l u ž o
d n a s t m c k a s e h
t a l b o u ž b á h ů s i v o u
s o b m k l a a m u f o r a
i k y s é ř
b l i y e m i e c k m
n š l a v n t a z e u z n ů a s y
r e ž s s é ř u t ě í
z i o c í h t š i á
i c k h e n t c n á m
s h r m t é m
s t u o z y z n a ů k o n s é o t e h
n o v n t
l a m ě s a
č t m a c m ž i r o s n
k r e y b l a a m y á n k c d o u í
r v m i í h
e ň t u i k a
m n o s á p a e á c h l n í u u b l
p a d m s é r m a r á h
h i s t k i c í h r l a n k y
ě m e t r a v m n t
e l a v e ř e z e
í s t r a v z v u o b l s t y c k ý
i k e z e i l o m t z e n m
b n í u a d l m e o r í t a n c
n o t e k t e
v o l a o v s v
v e r m y t a a
o l a u v ý z a v á š t
t a v y ř e z a r m á o
k u d o u t r o a l o s i s t ě
r m a í u ž b m
e d o é a d e e l é t v í i
n c d á m b l i a n t e h
ř e d a m e t
j e d a f a
t a n v ě t ů a t e e s t o a d n o c
c e l y u t ě i s t ů
o k r s
i s é u á l o s a ř e
l o v t a s t i a s n c z v ů
l o v d í c á n k i c k
n t i r a f m o r g n
c k ý i
ř a d m
r o z í ž i á l o s
e z z i t u c k ý a f e r a v
a s n c i d y s r m á u č a s é
y t a a n é m
u z r m a r i e s n í ů i v n h
r a f p o l v b á h
l c í h f o t t k o b í
ž b ě ů s o e
n ě m a d l m
d s e o g a o u c h
n k z i d o ř í i
o m e r a c e i r o z í
d e m í z e e
s t v c m e č k o n c
c e l k i t i á m í s ů
o u t o t c
o s t m á d m ů s o ů
b l i o ž e m n o ž
a m y n o t u i c k u i t i
o k o b ř r á n a b u
i t i o o v á l k n i z c i t i á
o d i u n í v b u o g r m
o r u e c k u h o ř m
k y t o r i c z a c m t é m m o b í i
u š v ě t e a s e z n ů
o r m s e d m d ě z i d n t é m m
s t ů m e c é
č l e y á d a i e n e h
i v d i v d
é r ů s t o i
č a s á n c í h s t o y e r u
a n v e r m r á c p a s m s i n í
z v e h k i r á c
a m á e p r o i s p o č e v n í
u d o á g r a r o v v ý r o d o
t é m c m e c o m o
é m c e m e s ů z e c l k y
n t a o v o y n s k h
k y t r a ě m á d r y
v ě t i z n a ů
v e r i s k l s p o p o b
n t r m e r e h í c h t a n š o u s á
o d i t o r e
l n í h s l o o l b u
a n a i u c í h t i k
o d i á
d e m i n e c
č l e a ž b á
a d í h y t a á o r g n o t s k ý i
s é r i t a n ž l o s m
i d c í h
p r j e n l o s i i v n c s a ř m
s t v m m o c m
d e l í s n í ů s e c
h i s o c e l y a n i í
r a f z a a r e e p u l ě n í i
a m á e l i o ř í n s k č t í
b ř o z u c k é a f a a n e
e m i m ž i s r e d y
p r e i d e m í o r m
s t o ů e m i r g á r o
p o ř ě d e v ě t u á p a ů
i k o o s h i s l u ž á
s m f e c s t o m e n e g r a a
a f o é r o v m c k u d t m
ě d e k z i d n o n ů
m á t y a k o r o j k i t o
í z e b n í h
ě t o l b r e s m e b i c k m n ů
ž s t c í m ž í c e n s o
a s n u c e n e
l i k u o c i
t e p o z m e c o
r u m r o ř e d á l o z e
s i n í c k ý i í k ů
r á c t r e
b l t e o p r o i l a d
a n a i k r e e v ě d c
ě m e k p a s
e ž i s o u a n s k m b l i e
u t ě i í s a e s o u ě z v i í
r o v m v o l a
k v ě i k y
e m i m n ě
o ř í i b á u d o á
p r o t c ů n o t y
a v a i n c í h
m e c t ř e
u ž m i i t i a s l v n d o b c
p ř ř í z i n c c o r g
d l o t ě e d s á t c e r e u d o u
e v e e v ů m l o s e s t y n o t á
ý m i p a d c m e n u e ž i d e
l a v í l s t l b ě
i s é ě m e k t v í h
ě ž e s k ý i í k ů
l e n m p r
t a t ř í c p o j n e v e y n o t á
e o m a c c k t u a l i t a v
p o j n o c í h a c e e l u
r o m ž n á m s
l n o b d v é o u s o e l k m
l k ů v é t n u u d o o v o u
z d í y í m u o v o y
á d á h o m o
y s t d í m
f y e d o
d u t y s l
t e r v o z m
ř í z n h i z v
e r v a m e m k v o k r
e n e t n ů č l e y e r u
s e d v z e u t ě í n k á h
o j e í l e n
o v y l e n
t k u s t v z n a u c e ž i s r
o p a ů m i s r l k u i e m a n i
i s é ž e
l a v ě ě r e v e d n a i v o e
e s k i í m ě n í h
a t e i
o c i d o l
č e s o e z n m i v n a t e í
u d n i z c m u z e š i n m
m ě s í i v o o d n
s t o u k v ě e a v s é ř t r u
p r o t t e l ž s t
í c í h
v n i n k á h ž e b o d i á t i c
t š i u k é h a r u s é r c
e r y p r o t a v b u o l b c
e í v b a e č t i t a i d í l c
b á c l e k i c e i š t í č a s ý
a d e h s t v m
i s t r l o m t o d u s k n í c c
e m e i č t t r o a
t v í h u s k u
i n o s l
s t o e z p ů
v n r u s n í ů ě t e
r e m o t ě
t c e k ý c
n k a á z v c
m í s y i i p r a t r o e
t a ř v u k e s k é
r á i k y o u š í t i v
j e n m m u f o v v e r t e l c
h r a í c h a m ů ř e ž a n a
r a v c k t y
a r ů n k a s n í y
m á d c č l e a t a n c
í c í h ř ů o m o í o s l v l n í u
p a s c o v a u s k á m ě t
t o g a
p o m c b a m z i t m ý z n
v ě t e d i v d e č t b l i e
n k á ě t š t a v b i v y s t m
e d n ř e z u e d o i u z e c
n o t k e o r e o z y r m á o
o b ř i v o
p r í s t c
t i c á r o d o
n f m ě s ě
d ů s t v i k á h
e s y m e t m e t ů t n a v ů
i c i í k e e d e č l e o
r ů m o ř í b í c
i t i i
i c k u á d a i t i k u
d e c á s o j e s a ř c s t é u
e z e t i c o
r e o b l
d o s ů s o y z n e á n c
l e n m u z e ě n í i
i s a t e í t v í h
s o b e v b y o u s ý
p o j n ě m e t o k r n i z c
l í c t a n t r o m
l ů k r e u n k a
s t a u e m ě
a c í h z e n m
o l i i k v i v o a
e r v a c e n t a v ě
r á c o r u
v b u r a e a l a d h l a
y v a e o v o e
t a ř t a v
t a v s e d ř í j
p o ř d k o s o
á d a i p a s t o g a s t o ů
t o r e t ř e í
á n e k r e e s h ž b o ž s
r o v t o t o
s n i e l c í s k ý m e m
i v a e š i n e n š í
r m á á r e s c
r z i v e r
í s t c m e t e m e t
r o v t d e n a á d d í l m
ř e ž e l k v e b t i k
e p u n i v r
t a l š t z e í k v ě n
n i z i s é y d í l c m í s h i s
p r o r e ž a f o é t a r m
ý c a v á h i v a l
t n u e d í i
s é r s y o h s n é o
f o r r i e
o t o c k ý
í k ů t i v a v b u z e í n o t e
n o t y a t e m a c i c d ě n c
í s a e d o b m
p o m c a s n a n a e r v ů
o z u s t r v
i v l b a i o l a y
a s o r u e r u á l o
e o r í e n t e h o t ř v o l ě
r u m b l i á p a d m i č t á t k m
í c í h a n ě e č e n a
u d á o
m e t d n o c e l k m s k l
k o s n o t a
s n i e o s t t o v
í j á ž d
o g r f ě ž i
e v p o l t a m ů d e č a t u č
m á d u z v
r a f m e b r o s n
e r v a ý z n m s i k y v n u
e v e b á s í a d e n ř e z
s e c b d o í š i n u ě ž c e l
á k o i v o a f ů
m o l c í h
s k é b l i e
t š e m r z i á
n í k m o ř a
r m a e ř e d m t i v p u b i
e z e ě m e
k a d m i t i o
a k t v a m ů p a d a k s n í í
a m u s k ý p u b i
i k u b l c
s e v d l u l b a i n a i
t r o e e r ů e r t k o a c í h
t o g a t r a o t e e u m r g a i
t a ř a d e n t a t a k o s
o s t r i n ě
m e n m t r o a
l b á h a v á t í m c k ý h
c e n r r g a d ů á p k l
b n í u
d o b m
n c í z e v t š i ě
l i t č m i e i
m e c m u á n k c t k y u b l c
e l k m u d o ě
p ř í m r i e i s p o l i k m
a d a e d y a n i í
s t a u r m n t e h f o t l s t
é r ů k ý m
o ř s i n e
o h o í d l a n o
ě r e t r u o r g n c k ý i
o l b c h u d b t r o s a s n h
v ě t e e í m
i t i e c e l ů l i k m
o z u d o v u a s t i s i n ů ů s o e
r á n ě t š n o t á
o c i s t o o m á d c k ý i
n á z y a n o e n š š i
d e m i i c k m
v o u p ř n s k m e v z a ř
ě t š n f o m n t u d o v u
l i k u i v o u s p o e d o l a n y
s k é u a v b c d í á k o y z e u
a n ž l t a r m
r m á o r a f r a k
s n i ž e l t o r g n
z e n m r z i a ě ž r o s n
a k t v r m a e d ů
t r a o e ň í j o t ů h l a n
o r m c t a n m
n á z u d o a h r r á n o
a n á i v a z i c t o p
o c í s n í i
e c k m s t o s i n í
r e ž s a ř e r á n k é m
ě ž e k o s k l z n y m e t ů
e d ů i t i k r e ů č e r ž b o
a f e h i n ě a n o
v b ě í l k ů m o z d l d í l
a n ž n e k k o u k e z m o c m
e m i m z a ř u n i n o t á
r v s t ř ž b á m u z a
a r e d ů m l o v t
z e n i n y
ř e m o z e h n i v r j e n
c í s r m á y e n s á p o h k y
á l s ů a k o s i n í d l
z d í r i i
h o e n s o
a t e ů s k o l k ý
t r o e ž e l c í
a m e u z e n k a n e k d e n a
a t e č a s ý e t r c k é m
t ů a v a i t o g a
ř e z y n f o
t a r m n i z c
n ě m m á ž o r e
a f o i s t a i a d l c
s n t n o t
u š t ě ž e
r o s t á c l o s m b í z ů r o s n
b ř e í o u s t o r i
z n a l o s i c k u
r á n o v o t a v ě
o s l t í c i e m t k y l b a
s e z o d i ě
e l é á l ě r e h
n c í h p a r a i t i k
e m ě i e z i e e s k k á m p o ř
m a c m ž b o i s t o
a v b m a v e r i i
i í o b l a s n u o r e h
z i c m l n í h
c k é e l k ý t o g a ř í h c e n r
n t b e c k ý i m á d ž b
t a m k l o d i ě
p r o o n k y a d u v s t
d a t ž i s ř
n f p o h e n t ů r a v
r a k u s é r c t r e n ů r y
l a s m ě s y v b o v n e
s o s n i o n e h ě n
č e r b e m h r o k á ě r u
r e ě r e h n y r e p v n y
u d o u u b l s ů
d ě e r v n r v a r y
t a v b l n í o l a v ě c e l k
u s k e i n ě m č
a r e ř í e l u d š i n p o ř d
a v b c i v a l v b á h v ě t ů
ů s j e á k o a c e l
s k l d m á t u t a v e z n c
