t u n a j i s i k i a
m n a j i s i k i a
w a n a j i s i k i a
n i n a j i s i k i a
u n a j i s i k i a
a n a j i s i k i a
k u j i s i k i a
t u n g e j i s i k i a
t u n g a l i j i s i k i a
m n g e j i s i k i a
m n g a l i j i s i k i a
w a n g e j i s i k i a
w a n g a l i j i s i k i a
n i n g e j i s i k i a
n i n g a l i j i s i k i a
u n g e j i s i k i a
u n g a l i j i s i k i a
a n g e j i s i k i a
a n g a l i j i s i k i a
t u t a j i s i k i a
t u l i j i s i k i a
m t a j i s i k i a
m l i j i s i k i a
w a t a j i s i k i a
w a l i j i s i k i a
n i t a j i s i k i a
n i l i j i s i k i a
u t a j i s i k i a
u l i j i s i k i a
a t a j i s i k i a
a l i j i s i k i a
t u h u j i s i k i a
m h u j i s i k i a
w a h u j i s i k i a
n i h u j i s i k i a
u h u j i s i k i a
a h u j i s i k i a
t u a j i s i k i a
m a j i s i k i a
w a a j i s i k i a
n i a j i s i k i a
u a j i s i k i a
a a j i s i k i a
t u m e j i s i k i a
m m e j i s i k i a
w a m e j i s i k i a
n i m e j i s i k i a
u m e j i s i k i a
a m e j i s i k i a
t u n a c h e k a
m n a c h e k a
w a n a c h e k a
n i n a c h e k a
u n a c h e k a
a n a c h e k a
k u c h e k a
t u n g e c h e k a
t u n g a l i c h e k a
m n g e c h e k a
m n g a l i c h e k a
w a n g e c h e k a
w a n g a l i c h e k a
n i n g e c h e k a
n i n g a l i c h e k a
u n g e c h e k a
u n g a l i c h e k a
a n g e c h e k a
a n g a l i c h e k a
t u t a c h e k a
t u l i c h e k a
m t a c h e k a
m l i c h e k a
w a t a c h e k a
w a l i c h e k a
n i t a c h e k a
n i l i c h e k a
u t a c h e k a
u l i c h e k a
a t a c h e k a
a l i c h e k a
t u h u c h e k a
m h u c h e k a
w a h u c h e k a
n i h u c h e k a
u h u c h e k a
a h u c h e k a
t u a c h e k a
m a c h e k a
w a a c h e k a
n i a c h e k a
u a c h e k a
a a c h e k a
t u m e c h e k a
m m e c h e k a
w a m e c h e k a
n i m e c h e k a
u m e c h e k a
a m e c h e k a
t u n a i n u a
m n a i n u a
w a n a i n u a
n i n a i n u a
u n a i n u a
a n a i n u a
k u i n u a
t u n g e i n u a
t u n g a l i i n u a
m n g e i n u a
m n g a l i i n u a
w a n g e i n u a
w a n g a l i i n u a
n i n g e i n u a
n i n g a l i i n u a
u n g e i n u a
u n g a l i i n u a
a n g e i n u a
a n g a l i i n u a
t u t a i n u a
t u l i i n u a
m t a i n u a
m l i i n u a
w a t a i n u a
w a l i i n u a
n i t a i n u a
n i l i i n u a
u t a i n u a
u l i i n u a
a t a i n u a
a l i i n u a
t u h u i n u a
m h u i n u a
w a h u i n u a
n i h u i n u a
u h u i n u a
a h u i n u a
t u a i n u a
m a i n u a
w a a i n u a
n i a i n u a
u a i n u a
a a i n u a
t u m e i n u a
m m e i n u a
w a m e i n u a
n i m e i n u a
u m e i n u a
a m e i n u a
t u n a u l i z a
m n a u l i z a
w a n a u l i z a
n i n a u l i z a
u n a u l i z a
a n a u l i z a
k u u l i z a
t u n g e u l i z a
t u n g a l i u l i z a
m n g e u l i z a
m n g a l i u l i z a
w a n g e u l i z a
w a n g a l i u l i z a
n i n g e u l i z a
n i n g a l i u l i z a
u n g e u l i z a
u n g a l i u l i z a
a n g e u l i z a
a n g a l i u l i z a
t u t a u l i z a
t u l i u l i z a
m t a u l i z a
m l i u l i z a
w a t a u l i z a
w a l i u l i z a
n i t a u l i z a
n i l i u l i z a
u t a u l i z a
u l i u l i z a
a t a u l i z a
a l i u l i z a
t u h u u l i z a
m h u u l i z a
w a h u u l i z a
n i h u u l i z a
u h u u l i z a
a h u u l i z a
t u a u l i z a
m a u l i z a
w a a u l i z a
n i a u l i z a
u a u l i z a
a a u l i z a
t u m e u l i z a
m m e u l i z a
w a m e u l i z a
n i m e u l i z a
u m e u l i z a
a m e u l i z a
t u n a m e z a
m n a m e z a
w a n a m e z a
n i n a m e z a
u n a m e z a
a n a m e z a
k u m e z a
t u n g e m e z a
t u n g a l i m e z a
m n g e m e z a
m n g a l i m e z a
w a n g e m e z a
w a n g a l i m e z a
n i n g e m e z a
n i n g a l i m e z a
u n g e m e z a
u n g a l i m e z a
a n g e m e z a
a n g a l i m e z a
t u t a m e z a
t u l i m e z a
m t a m e z a
m l i m e z a
w a t a m e z a
w a l i m e z a
n i t a m e z a
n i l i m e z a
u t a m e z a
u l i m e z a
a t a m e z a
a l i m e z a
t u h u m e z a
m h u m e z a
w a h u m e z a
n i h u m e z a
u h u m e z a
a h u m e z a
t u a m e z a
m a m e z a
w a a m e z a
n i a m e z a
u a m e z a
a a m e z a
t u m e m e z a
m m e m e z a
w a m e m e z a
n i m e m e z a
u m e m e z a
a m e m e z a
t u n a t a k a
m n a t a k a
w a n a t a k a
n i n a t a k a
u n a t a k a
a n a t a k a
k u t a k a
t u n g e t a k a
t u n g a l i t a k a
m n g e t a k a
m n g a l i t a k a
w a n g e t a k a
w a n g a l i t a k a
n i n g e t a k a
n i n g a l i t a k a
u n g e t a k a
u n g a l i t a k a
a n g e t a k a
a n g a l i t a k a
t u t a t a k a
t u l i t a k a
m t a t a k a
m l i t a k a
w a t a t a k a
w a l i t a k a
n i t a t a k a
n i l i t a k a
u t a t a k a
u l i t a k a
a t a t a k a
a l i t a k a
t u h u t a k a
m h u t a k a
w a h u t a k a
n i h u t a k a
u h u t a k a
a h u t a k a
t u a t a k a
m a t a k a
w a a t a k a
n i a t a k a
u a t a k a
a a t a k a
t u m e t a k a
m m e t a k a
w a m e t a k a
n i m e t a k a
u m e t a k a
a m e t a k a
t u n a s u k u m a
m n a s u k u m a
w a n a s u k u m a
n i n a s u k u m a
u n a s u k u m a
a n a s u k u m a
k u s u k u m a
t u n g e s u k u m a
t u n g a l i s u k u m a
m n g e s u k u m a
m n g a l i s u k u m a
w a n g e s u k u m a
w a n g a l i s u k u m a
n i n g e s u k u m a
n i n g a l i s u k u m a
u n g e s u k u m a
u n g a l i s u k u m a
a n g e s u k u m a
a n g a l i s u k u m a
t u t a s u k u m a
t u l i s u k u m a
m t a s u k u m a
m l i s u k u m a
w a t a s u k u m a
w a l i s u k u m a
n i t a s u k u m a
n i l i s u k u m a
u t a s u k u m a
u l i s u k u m a
a t a s u k u m a
a l i s u k u m a
t u h u s u k u m a
m h u s u k u m a
w a h u s u k u m a
n i h u s u k u m a
u h u s u k u m a
a h u s u k u m a
t u a s u k u m a
m a s u k u m a
w a a s u k u m a
n i a s u k u m a
u a s u k u m a
a a s u k u m a
t u m e s u k u m a
m m e s u k u m a
w a m e s u k u m a
n i m e s u k u m a
u m e s u k u m a
a m e s u k u m a
t u n a k i m b i a
m n a k i m b i a
w a n a k i m b i a
n i n a k i m b i a
u n a k i m b i a
a n a k i m b i a
k u k i m b i a
t u n g e k i m b i a
t u n g a l i k i m b i a
m n g e k i m b i a
m n g a l i k i m b i a
w a n g e k i m b i a
w a n g a l i k i m b i a
n i n g e k i m b i a
n i n g a l i k i m b i a
u n g e k i m b i a
u n g a l i k i m b i a
a n g e k i m b i a
a n g a l i k i m b i a
t u t a k i m b i a
t u l i k i m b i a
m t a k i m b i a
m l i k i m b i a
w a t a k i m b i a
w a l i k i m b i a
n i t a k i m b i a
n i l i k i m b i a
u t a k i m b i a
u l i k i m b i a
a t a k i m b i a
a l i k i m b i a
t u h u k i m b i a
m h u k i m b i a
w a h u k i m b i a
n i h u k i m b i a
u h u k i m b i a
a h u k i m b i a
t u a k i m b i a
m a k i m b i a
w a a k i m b i a
n i a k i m b i a
u a k i m b i a
a a k i m b i a
t u m e k i m b i a
m m e k i m b i a
w a m e k i m b i a
n i m e k i m b i a
u m e k i m b i a
a m e k i m b i a
t u n a k o h o a
m n a k o h o a
w a n a k o h o a
n i n a k o h o a
u n a k o h o a
a n a k o h o a
k u k o h o a
t u n g e k o h o a
t u n g a l i k o h o a
m n g e k o h o a
m n g a l i k o h o a
w a n g e k o h o a
w a n g a l i k o h o a
n i n g e k o h o a
n i n g a l i k o h o a
u n g e k o h o a
u n g a l i k o h o a
a n g e k o h o a
a n g a l i k o h o a
t u t a k o h o a
t u l i k o h o a
m t a k o h o a
m l i k o h o a
w a t a k o h o a
w a l i k o h o a
n i t a k o h o a
n i l i k o h o a
u t a k o h o a
u l i k o h o a
a t a k o h o a
a l i k o h o a
t u h u k o h o a
m h u k o h o a
w a h u k o h o a
n i h u k o h o a
u h u k o h o a
a h u k o h o a
t u a k o h o a
m a k o h o a
w a a k o h o a
n i a k o h o a
u a k o h o a
a a k o h o a
t u m e k o h o a
m m e k o h o a
w a m e k o h o a
n i m e k o h o a
u m e k o h o a
a m e k o h o a
t u n a k w a r u z a
m n a k w a r u z a
w a n a k w a r u z a
n i n a k w a r u z a
u n a k w a r u z a
a n a k w a r u z a
k u k w a r u z a
t u n g e k w a r u z a
t u n g a l i k w a r u z a
m n g e k w a r u z a
m n g a l i k w a r u z a
w a n g e k w a r u z a
w a n g a l i k w a r u z a
n i n g e k w a r u z a
n i n g a l i k w a r u z a
u n g e k w a r u z a
u n g a l i k w a r u z a
a n g e k w a r u z a
a n g a l i k w a r u z a
t u t a k w a r u z a
t u l i k w a r u z a
m t a k w a r u z a
m l i k w a r u z a
w a t a k w a r u z a
w a l i k w a r u z a
n i t a k w a r u z a
n i l i k w a r u z a
u t a k w a r u z a
u l i k w a r u z a
a t a k w a r u z a
a l i k w a r u z a
t u h u k w a r u z a
m h u k w a r u z a
w a h u k w a r u z a
n i h u k w a r u z a
u h u k w a r u z a
a h u k w a r u z a
t u a k w a r u z a
m a k w a r u z a
w a a k w a r u z a
n i a k w a r u z a
u a k w a r u z a
a a k w a r u z a
t u m e k w a r u z a
m m e k w a r u z a
w a m e k w a r u z a
n i m e k w a r u z a
u m e k w a r u z a
a m e k w a r u z a
t u n a f u n g a
m n a f u n g a
w a n a f u n g a
n i n a f u n g a
u n a f u n g a
a n a f u n g a
k u f u n g a
t u n g e f u n g a
t u n g a l i f u n g a
m n g e f u n g a
m n g a l i f u n g a
w a n g e f u n g a
w a n g a l i f u n g a
n i n g e f u n g a
n i n g a l i f u n g a
u n g e f u n g a
u n g a l i f u n g a
a n g e f u n g a
a n g a l i f u n g a
t u t a f u n g a
t u l i f u n g a
m t a f u n g a
m l i f u n g a
w a t a f u n g a
w a l i f u n g a
n i t a f u n g a
n i l i f u n g a
u t a f u n g a
u l i f u n g a
a t a f u n g a
a l i f u n g a
t u h u f u n g a
m h u f u n g a
w a h u f u n g a
n i h u f u n g a
u h u f u n g a
a h u f u n g a
t u a f u n g a
m a f u n g a
w a a f u n g a
n i a f u n g a
u a f u n g a
a a f u n g a
t u m e f u n g a
m m e f u n g a
w a m e f u n g a
n i m e f u n g a
u m e f u n g a
a m e f u n g a
t u n a e n d a
m n a e n d a
w a n a e n d a
n i n a e n d a
u n a e n d a
a n a e n d a
k u e n d a
t u n g e e n d a
t u n g a l i e n d a
m n g e e n d a
m n g a l i e n d a
w a n g e e n d a
w a n g a l i e n d a
n i n g e e n d a
n i n g a l i e n d a
u n g e e n d a
u n g a l i e n d a
a n g e e n d a
a n g a l i e n d a
t u t a e n d a
t u l i e n d a
m t a e n d a
m l i e n d a
w a t a e n d a
w a l i e n d a
n i t a e n d a
n i l i e n d a
u t a e n d a
u l i e n d a
a t a e n d a
a l i e n d a
t u h u e n d a
m h u e n d a
w a h u e n d a
n i h u e n d a
u h u e n d a
a h u e n d a
t u a e n d a
m a e n d a
w a a e n d a
n i a e n d a
u a e n d a
a a e n d a
t u m e e n d a
m m e e n d a
w a m e e n d a
n i m e e n d a
u m e e n d a
a m e e n d a
t u n a s a f i s h a
m n a s a f i s h a
w a n a s a f i s h a
n i n a s a f i s h a
u n a s a f i s h a
a n a s a f i s h a
k u s a f i s h a
t u n g e s a f i s h a
t u n g a l i s a f i s h a
m n g e s a f i s h a
m n g a l i s a f i s h a
w a n g e s a f i s h a
w a n g a l i s a f i s h a
n i n g e s a f i s h a
n i n g a l i s a f i s h a
u n g e s a f i s h a
u n g a l i s a f i s h a
a n g e s a f i s h a
a n g a l i s a f i s h a
t u t a s a f i s h a
t u l i s a f i s h a
m t a s a f i s h a
m l i s a f i s h a
w a t a s a f i s h a
w a l i s a f i s h a
n i t a s a f i s h a
n i l i s a f i s h a
u t a s a f i s h a
u l i s a f i s h a
a t a s a f i s h a
a l i s a f i s h a
t u h u s a f i s h a
m h u s a f i s h a
w a h u s a f i s h a
n i h u s a f i s h a
u h u s a f i s h a
a h u s a f i s h a
t u a s a f i s h a
m a s a f i s h a
w a a s a f i s h a
n i a s a f i s h a
u a s a f i s h a
a a s a f i s h a
t u m e s a f i s h a
m m e s a f i s h a
w a m e s a f i s h a
n i m e s a f i s h a
u m e s a f i s h a
a m e s a f i s h a
t u n a c h a p i s h a
m n a c h a p i s h a
w a n a c h a p i s h a
n i n a c h a p i s h a
u n a c h a p i s h a
a n a c h a p i s h a
k u c h a p i s h a
t u n g e c h a p i s h a
t u n g a l i c h a p i s h a
m n g e c h a p i s h a
m n g a l i c h a p i s h a
w a n g e c h a p i s h a
w a n g a l i c h a p i s h a
n i n g e c h a p i s h a
n i n g a l i c h a p i s h a
u n g e c h a p i s h a
u n g a l i c h a p i s h a
a n g e c h a p i s h a
a n g a l i c h a p i s h a
t u t a c h a p i s h a
t u l i c h a p i s h a
m t a c h a p i s h a
m l i c h a p i s h a
w a t a c h a p i s h a
w a l i c h a p i s h a
n i t a c h a p i s h a
n i l i c h a p i s h a
u t a c h a p i s h a
u l i c h a p i s h a
a t a c h a p i s h a
a l i c h a p i s h a
t u h u c h a p i s h a
m h u c h a p i s h a
w a h u c h a p i s h a
n i h u c h a p i s h a
u h u c h a p i s h a
a h u c h a p i s h a
t u a c h a p i s h a
m a c h a p i s h a
w a a c h a p i s h a
n i a c h a p i s h a
u a c h a p i s h a
a a c h a p i s h a
t u m e c h a p i s h a
m m e c h a p i s h a
w a m e c h a p i s h a
n i m e c h a p i s h a
u m e c h a p i s h a
a m e c h a p i s h a
t u n a a n d i k a
m n a a n d i k a
w a n a a n d i k a
n i n a a n d i k a
u n a a n d i k a
a n a a n d i k a
k u a n d i k a
t u n g e a n d i k a
t u n g a l i a n d i k a
m n g e a n d i k a
m n g a l i a n d i k a
w a n g e a n d i k a
w a n g a l i a n d i k a
n i n g e a n d i k a
n i n g a l i a n d i k a
u n g e a n d i k a
u n g a l i a n d i k a
a n g e a n d i k a
a n g a l i a n d i k a
t u t a a n d i k a
t u l i a n d i k a
m t a a n d i k a
m l i a n d i k a
w a t a a n d i k a
w a l i a n d i k a
n i t a a n d i k a
n i l i a n d i k a
u t a a n d i k a
u l i a n d i k a
a t a a n d i k a
a l i a n d i k a
t u h u a n d i k a
m h u a n d i k a
w a h u a n d i k a
n i h u a n d i k a
u h u a n d i k a
a h u a n d i k a
t u a a n d i k a
m a a n d i k a
w a a a n d i k a
n i a a n d i k a
u a a n d i k a
a a a n d i k a
t u m e a n d i k a
m m e a n d i k a
w a m e a n d i k a
n i m e a n d i k a
u m e a n d i k a
a m e a n d i k a
t u n a t a z a m a
m n a t a z a m a
w a n a t a z a m a
n i n a t a z a m a
u n a t a z a m a
a n a t a z a m a
k u t a z a m a
t u n g e t a z a m a
t u n g a l i t a z a m a
m n g e t a z a m a
m n g a l i t a z a m a
w a n g e t a z a m a
w a n g a l i t a z a m a
n i n g e t a z a m a
n i n g a l i t a z a m a
u n g e t a z a m a
u n g a l i t a z a m a
a n g e t a z a m a
a n g a l i t a z a m a
t u t a t a z a m a
t u l i t a z a m a
m t a t a z a m a
m l i t a z a m a
w a t a t a z a m a
w a l i t a z a m a
n i t a t a z a m a
n i l i t a z a m a
u t a t a z a m a
u l i t a z a m a
a t a t a z a m a
a l i t a z a m a
t u h u t a z a m a
m h u t a z a m a
w a h u t a z a m a
n i h u t a z a m a
u h u t a z a m a
a h u t a z a m a
t u a t a z a m a
m a t a z a m a
w a a t a z a m a
n i a t a z a m a
u a t a z a m a
a a t a z a m a
t u m e t a z a m a
m m e t a z a m a
w a m e t a z a m a
n i m e t a z a m a
u m e t a z a m a
a m e t a z a m a
t u n a f u a t a
m n a f u a t a
w a n a f u a t a
n i n a f u a t a
u n a f u a t a
a n a f u a t a
k u f u a t a
t u n g e f u a t a
t u n g a l i f u a t a
m n g e f u a t a
m n g a l i f u a t a
w a n g e f u a t a
w a n g a l i f u a t a
n i n g e f u a t a
n i n g a l i f u a t a
u n g e f u a t a
u n g a l i f u a t a
a n g e f u a t a
a n g a l i f u a t a
t u t a f u a t a
t u l i f u a t a
m t a f u a t a
m l i f u a t a
w a t a f u a t a
w a l i f u a t a
n i t a f u a t a
n i l i f u a t a
u t a f u a t a
u l i f u a t a
a t a f u a t a
a l i f u a t a
t u h u f u a t a
m h u f u a t a
w a h u f u a t a
n i h u f u a t a
u h u f u a t a
a h u f u a t a
t u a f u a t a
m a f u a t a
w a a f u a t a
n i a f u a t a
u a f u a t a
a a f u a t a
t u m e f u a t a
m m e f u a t a
w a m e f u a t a
n i m e f u a t a
u m e f u a t a
a m e f u a t a
t u n a k a t a
m n a k a t a
w a n a k a t a
n i n a k a t a
u n a k a t a
a n a k a t a
k u k a t a
t u n g e k a t a
t u n g a l i k a t a
m n g e k a t a
m n g a l i k a t a
w a n g e k a t a
w a n g a l i k a t a
n i n g e k a t a
n i n g a l i k a t a
u n g e k a t a
u n g a l i k a t a
a n g e k a t a
a n g a l i k a t a
t u t a k a t a
t u l i k a t a
m t a k a t a
m l i k a t a
w a t a k a t a
w a l i k a t a
n i t a k a t a
n i l i k a t a
u t a k a t a
u l i k a t a
a t a k a t a
a l i k a t a
t u h u k a t a
m h u k a t a
w a h u k a t a
n i h u k a t a
u h u k a t a
a h u k a t a
t u a k a t a
m a k a t a
w a a k a t a
n i a k a t a
u a k a t a
a a k a t a
t u m e k a t a
m m e k a t a
w a m e k a t a
n i m e k a t a
u m e k a t a
a m e k a t a
t u n a z i m a
m n a z i m a
w a n a z i m a
n i n a z i m a
u n a z i m a
a n a z i m a
k u z i m a
t u n g e z i m a
t u n g a l i z i m a
m n g e z i m a
m n g a l i z i m a
w a n g e z i m a
w a n g a l i z i m a
n i n g e z i m a
n i n g a l i z i m a
u n g e z i m a
u n g a l i z i m a
a n g e z i m a
a n g a l i z i m a
t u t a z i m a
t u l i z i m a
m t a z i m a
m l i z i m a
w a t a z i m a
w a l i z i m a
n i t a z i m a
n i l i z i m a
u t a z i m a
u l i z i m a
a t a z i m a
a l i z i m a
t u h u z i m a
m h u z i m a
w a h u z i m a
n i h u z i m a
u h u z i m a
a h u z i m a
t u a z i m a
m a z i m a
w a a z i m a
n i a z i m a
u a z i m a
a a z i m a
t u m e z i m a
m m e z i m a
w a m e z i m a
n i m e z i m a
u m e z i m a
a m e z i m a
t u n a c h a n g a n y a
m n a c h a n g a n y a
w a n a c h a n g a n y a
n i n a c h a n g a n y a
u n a c h a n g a n y a
a n a c h a n g a n y a
k u c h a n g a n y a
t u n g e c h a n g a n y a
t u n g a l i c h a n g a n y a
m n g e c h a n g a n y a
m n g a l i c h a n g a n y a
w a n g e c h a n g a n y a
w a n g a l i c h a n g a n y a
n i n g e c h a n g a n y a
n i n g a l i c h a n g a n y a
u n g e c h a n g a n y a
u n g a l i c h a n g a n y a
a n g e c h a n g a n y a
a n g a l i c h a n g a n y a
t u t a c h a n g a n y a
t u l i c h a n g a n y a
m t a c h a n g a n y a
m l i c h a n g a n y a
w a t a c h a n g a n y a
w a l i c h a n g a n y a
n i t a c h a n g a n y a
n i l i c h a n g a n y a
u t a c h a n g a n y a
u l i c h a n g a n y a
a t a c h a n g a n y a
a l i c h a n g a n y a
t u h u c h a n g a n y a
m h u c h a n g a n y a
w a h u c h a n g a n y a
n i h u c h a n g a n y a
u h u c h a n g a n y a
a h u c h a n g a n y a
t u a c h a n g a n y a
m a c h a n g a n y a
w a a c h a n g a n y a
n i a c h a n g a n y a
u a c h a n g a n y a
a a c h a n g a n y a
t u m e c h a n g a n y a
m m e c h a n g a n y a
w a m e c h a n g a n y a
n i m e c h a n g a n y a
u m e c h a n g a n y a
a m e c h a n g a n y a
t u n a f a g i a
m n a f a g i a
w a n a f a g i a
n i n a f a g i a
u n a f a g i a
a n a f a g i a
k u f a g i a
t u n g e f a g i a
t u n g a l i f a g i a
m n g e f a g i a
m n g a l i f a g i a
w a n g e f a g i a
w a n g a l i f a g i a
n i n g e f a g i a
n i n g a l i f a g i a
u n g e f a g i a
u n g a l i f a g i a
a n g e f a g i a
a n g a l i f a g i a
t u t a f a g i a
t u l i f a g i a
m t a f a g i a
m l i f a g i a
w a t a f a g i a
w a l i f a g i a
n i t a f a g i a
n i l i f a g i a
u t a f a g i a
u l i f a g i a
a t a f a g i a
a l i f a g i a
t u h u f a g i a
m h u f a g i a
w a h u f a g i a
n i h u f a g i a
u h u f a g i a
a h u f a g i a
t u a f a g i a
m a f a g i a
w a a f a g i a
n i a f a g i a
u a f a g i a
a a f a g i a
t u m e f a g i a
m m e f a g i a
w a m e f a g i a
n i m e f a g i a
u m e f a g i a
a m e f a g i a
t u n a p o t e a
m n a p o t e a
w a n a p o t e a
n i n a p o t e a
u n a p o t e a
a n a p o t e a
k u p o t e a
t u n g e p o t e a
t u n g a l i p o t e a
m n g e p o t e a
m n g a l i p o t e a
w a n g e p o t e a
w a n g a l i p o t e a
n i n g e p o t e a
n i n g a l i p o t e a
u n g e p o t e a
u n g a l i p o t e a
a n g e p o t e a
a n g a l i p o t e a
t u t a p o t e a
t u l i p o t e a
m t a p o t e a
m l i p o t e a
w a t a p o t e a
w a l i p o t e a
n i t a p o t e a
n i l i p o t e a
u t a p o t e a
u l i p o t e a
a t a p o t e a
a l i p o t e a
t u h u p o t e a
m h u p o t e a
w a h u p o t e a
n i h u p o t e a
u h u p o t e a
a h u p o t e a
t u a p o t e a
m a p o t e a
w a a p o t e a
n i a p o t e a
u a p o t e a
a a p o t e a
t u m e p o t e a
m m e p o t e a
w a m e p o t e a
n i m e p o t e a
u m e p o t e a
a m e p o t e a
t u n a n u n u a
m n a n u n u a
w a n a n u n u a
n i n a n u n u a
u n a n u n u a
a n a n u n u a
k u n u n u a
t u n g e n u n u a
t u n g a l i n u n u a
m n g e n u n u a
m n g a l i n u n u a
w a n g e n u n u a
w a n g a l i n u n u a
n i n g e n u n u a
n i n g a l i n u n u a
u n g e n u n u a
u n g a l i n u n u a
a n g e n u n u a
a n g a l i n u n u a
t u t a n u n u a
t u l i n u n u a
m t a n u n u a
m l i n u n u a
w a t a n u n u a
w a l i n u n u a
n i t a n u n u a
n i l i n u n u a
u t a n u n u a
u l i n u n u a
a t a n u n u a
a l i n u n u a
t u h u n u n u a
m h u n u n u a
w a h u n u n u a
n i h u n u n u a
u h u n u n u a
a h u n u n u a
t u a n u n u a
m a n u n u a
w a a n u n u a
n i a n u n u a
u a n u n u a
a a n u n u a
t u m e n u n u a
m m e n u n u a
w a m e n u n u a
n i m e n u n u a
u m e n u n u a
a m e n u n u a
t u n a p u n g u z a
m n a p u n g u z a
w a n a p u n g u z a
n i n a p u n g u z a
u n a p u n g u z a
a n a p u n g u z a
k u p u n g u z a
t u n g e p u n g u z a
t u n g a l i p u n g u z a
m n g e p u n g u z a
m n g a l i p u n g u z a
w a n g e p u n g u z a
w a n g a l i p u n g u z a
n i n g e p u n g u z a
n i n g a l i p u n g u z a
u n g e p u n g u z a
u n g a l i p u n g u z a
a n g e p u n g u z a
a n g a l i p u n g u z a
t u t a p u n g u z a
t u l i p u n g u z a
m t a p u n g u z a
m l i p u n g u z a
w a t a p u n g u z a
w a l i p u n g u z a
n i t a p u n g u z a
n i l i p u n g u z a
u t a p u n g u z a
u l i p u n g u z a
a t a p u n g u z a
a l i p u n g u z a
t u h u p u n g u z a
m h u p u n g u z a
w a h u p u n g u z a
n i h u p u n g u z a
u h u p u n g u z a
a h u p u n g u z a
t u a p u n g u z a
m a p u n g u z a
w a a p u n g u z a
n i a p u n g u z a
u a p u n g u z a
a a p u n g u z a
t u m e p u n g u z a
m m e p u n g u z a
w a m e p u n g u z a
n i m e p u n g u z a
u m e p u n g u z a
a m e p u n g u z a
t u n a u w a
m n a u w a
w a n a u w a
n i n a u w a
u n a u w a
a n a u w a
k u u w a
t u n g e u w a
t u n g a l i u w a
m n g e u w a
m n g a l i u w a
w a n g e u w a
w a n g a l i u w a
n i n g e u w a
n i n g a l i u w a
u n g e u w a
u n g a l i u w a
a n g e u w a
a n g a l i u w a
t u t a u w a
t u l i u w a
m t a u w a
m l i u w a
w a t a u w a
w a l i u w a
n i t a u w a
n i l i u w a
u t a u w a
u l i u w a
a t a u w a
a l i u w a
t u h u u w a
m h u u w a
w a h u u w a
n i h u u w a
u h u u w a
a h u u w a
t u a u w a
m a u w a
w a a u w a
n i a u w a
u a u w a
a a u w a
t u m e u w a
m m e u w a
w a m e u w a
n i m e u w a
u m e u w a
a m e u w a
t u n a k a u s h a
m n a k a u s h a
w a n a k a u s h a
n i n a k a u s h a
u n a k a u s h a
a n a k a u s h a
k u k a u s h a
t u n g e k a u s h a
t u n g a l i k a u s h a
m n g e k a u s h a
m n g a l i k a u s h a
w a n g e k a u s h a
w a n g a l i k a u s h a
n i n g e k a u s h a
n i n g a l i k a u s h a
u n g e k a u s h a
u n g a l i k a u s h a
a n g e k a u s h a
a n g a l i k a u s h a
t u t a k a u s h a
t u l i k a u s h a
m t a k a u s h a
m l i k a u s h a
w a t a k a u s h a
w a l i k a u s h a
n i t a k a u s h a
n i l i k a u s h a
u t a k a u s h a
u l i k a u s h a
a t a k a u s h a
a l i k a u s h a
t u h u k a u s h a
m h u k a u s h a
w a h u k a u s h a
n i h u k a u s h a
u h u k a u s h a
a h u k a u s h a
t u a k a u s h a
m a k a u s h a
w a a k a u s h a
n i a k a u s h a
u a k a u s h a
a a k a u s h a
t u m e k a u s h a
m m e k a u s h a
w a m e k a u s h a
n i m e k a u s h a
u m e k a u s h a
a m e k a u s h a
t u n a n g o j a
m n a n g o j a
w a n a n g o j a
n i n a n g o j a
u n a n g o j a
a n a n g o j a
k u n g o j a
t u n g e n g o j a
t u n g a l i n g o j a
m n g e n g o j a
m n g a l i n g o j a
w a n g e n g o j a
w a n g a l i n g o j a
n i n g e n g o j a
n i n g a l i n g o j a
u n g e n g o j a
u n g a l i n g o j a
a n g e n g o j a
a n g a l i n g o j a
t u t a n g o j a
t u l i n g o j a
m t a n g o j a
m l i n g o j a
w a t a n g o j a
w a l i n g o j a
n i t a n g o j a
n i l i n g o j a
u t a n g o j a
u l i n g o j a
a t a n g o j a
a l i n g o j a
t u h u n g o j a
m h u n g o j a
w a h u n g o j a
n i h u n g o j a
u h u n g o j a
a h u n g o j a
t u a n g o j a
m a n g o j a
w a a n g o j a
n i a n g o j a
u a n g o j a
a a n g o j a
t u m e n g o j a
m m e n g o j a
w a m e n g o j a
n i m e n g o j a
u m e n g o j a
a m e n g o j a
t u n a p i g a
m n a p i g a
w a n a p i g a
n i n a p i g a
u n a p i g a
a n a p i g a
k u p i g a
t u n g e p i g a
t u n g a l i p i g a
m n g e p i g a
m n g a l i p i g a
w a n g e p i g a
w a n g a l i p i g a
n i n g e p i g a
n i n g a l i p i g a
u n g e p i g a
u n g a l i p i g a
a n g e p i g a
a n g a l i p i g a
t u t a p i g a
t u l i p i g a
m t a p i g a
m l i p i g a
w a t a p i g a
w a l i p i g a
n i t a p i g a
n i l i p i g a
u t a p i g a
u l i p i g a
a t a p i g a
a l i p i g a
t u h u p i g a
m h u p i g a
w a h u p i g a
n i h u p i g a
u h u p i g a
a h u p i g a
t u a p i g a
m a p i g a
w a a p i g a
n i a p i g a
u a p i g a
a a p i g a
t u m e p i g a
m m e p i g a
w a m e p i g a
n i m e p i g a
u m e p i g a
a m e p i g a
t u n a f i c h a
m n a f i c h a
w a n a f i c h a
n i n a f i c h a
u n a f i c h a
a n a f i c h a
k u f i c h a
t u n g e f i c h a
t u n g a l i f i c h a
m n g e f i c h a
m n g a l i f i c h a
w a n g e f i c h a
w a n g a l i f i c h a
n i n g e f i c h a
n i n g a l i f i c h a
u n g e f i c h a
u n g a l i f i c h a
a n g e f i c h a
a n g a l i f i c h a
t u t a f i c h a
t u l i f i c h a
m t a f i c h a
m l i f i c h a
w a t a f i c h a
w a l i f i c h a
n i t a f i c h a
n i l i f i c h a
u t a f i c h a
u l i f i c h a
a t a f i c h a
a l i f i c h a
t u h u f i c h a
m h u f i c h a
w a h u f i c h a
n i h u f i c h a
u h u f i c h a
a h u f i c h a
t u a f i c h a
m a f i c h a
w a a f i c h a
n i a f i c h a
u a f i c h a
a a f i c h a
t u m e f i c h a
m m e f i c h a
w a m e f i c h a
n i m e f i c h a
u m e f i c h a
a m e f i c h a
t u n a l a l a
m n a l a l a
w a n a l a l a
n i n a l a l a
u n a l a l a
a n a l a l a
k u l a l a
t u n g e l a l a
t u n g a l i l a l a
m n g e l a l a
m n g a l i l a l a
w a n g e l a l a
w a n g a l i l a l a
n i n g e l a l a
n i n g a l i l a l a
u n g e l a l a
u n g a l i l a l a
a n g e l a l a
a n g a l i l a l a
t u t a l a l a
t u l i l a l a
m t a l a l a
m l i l a l a
w a t a l a l a
w a l i l a l a
n i t a l a l a
n i l i l a l a
u t a l a l a
u l i l a l a
a t a l a l a
a l i l a l a
t u h u l a l a
m h u l a l a
w a h u l a l a
n i h u l a l a
u h u l a l a
a h u l a l a
t u a l a l a
m a l a l a
w a a l a l a
n i a l a l a
u a l a l a
a a l a l a
t u m e l a l a
m m e l a l a
w a m e l a l a
n i m e l a l a
u m e l a l a
a m e l a l a
t u n a p i k a
m n a p i k a
w a n a p i k a
n i n a p i k a
u n a p i k a
a n a p i k a
k u p i k a
t u n g e p i k a
t u n g a l i p i k a
m n g e p i k a
m n g a l i p i k a
w a n g e p i k a
w a n g a l i p i k a
n i n g e p i k a
n i n g a l i p i k a
u n g e p i k a
u n g a l i p i k a
a n g e p i k a
a n g a l i p i k a
t u t a p i k a
t u l i p i k a
m t a p i k a
m l i p i k a
w a t a p i k a
w a l i p i k a
n i t a p i k a
n i l i p i k a
u t a p i k a
u l i p i k a
a t a p i k a
a l i p i k a
t u h u p i k a
m h u p i k a
w a h u p i k a
n i h u p i k a
u h u p i k a
a h u p i k a
t u a p i k a
m a p i k a
w a a p i k a
n i a p i k a
u a p i k a
a a p i k a
t u m e p i k a
m m e p i k a
w a m e p i k a
n i m e p i k a
u m e p i k a
a m e p i k a
t u n a s a g a
m n a s a g a
w a n a s a g a
n i n a s a g a
u n a s a g a
a n a s a g a
k u s a g a
t u n g e s a g a
t u n g a l i s a g a
m n g e s a g a
m n g a l i s a g a
w a n g e s a g a
w a n g a l i s a g a
n i n g e s a g a
n i n g a l i s a g a
u n g e s a g a
u n g a l i s a g a
a n g e s a g a
a n g a l i s a g a
t u t a s a g a
t u l i s a g a
m t a s a g a
m l i s a g a
w a t a s a g a
w a l i s a g a
n i t a s a g a
n i l i s a g a
u t a s a g a
u l i s a g a
a t a s a g a
a l i s a g a
t u h u s a g a
m h u s a g a
w a h u s a g a
n i h u s a g a
u h u s a g a
a h u s a g a
t u a s a g a
m a s a g a
w a a s a g a
n i a s a g a
u a s a g a
a a s a g a
t u m e s a g a
m m e s a g a
w a m e s a g a
n i m e s a g a
u m e s a g a
a m e s a g a
t u n a j i f u n z a
m n a j i f u n z a
w a n a j i f u n z a
n i n a j i f u n z a
u n a j i f u n z a
a n a j i f u n z a
k u j i f u n z a
t u n g e j i f u n z a
t u n g a l i j i f u n z a
m n g e j i f u n z a
m n g a l i j i f u n z a
w a n g e j i f u n z a
w a n g a l i j i f u n z a
n i n g e j i f u n z a
n i n g a l i j i f u n z a
u n g e j i f u n z a
u n g a l i j i f u n z a
a n g e j i f u n z a
a n g a l i j i f u n z a
t u t a j i f u n z a
t u l i j i f u n z a
m t a j i f u n z a
m l i j i f u n z a
w a t a j i f u n z a
w a l i j i f u n z a
n i t a j i f u n z a
n i l i j i f u n z a
u t a j i f u n z a
u l i j i f u n z a
a t a j i f u n z a
a l i j i f u n z a
t u h u j i f u n z a
m h u j i f u n z a
w a h u j i f u n z a
n i h u j i f u n z a
u h u j i f u n z a
a h u j i f u n z a
t u a j i f u n z a
m a j i f u n z a
w a a j i f u n z a
n i a j i f u n z a
u a j i f u n z a
a a j i f u n z a
t u m e j i f u n z a
m m e j i f u n z a
w a m e j i f u n z a
n i m e j i f u n z a
u m e j i f u n z a
a m e j i f u n z a
t u n a f u n z a
m n a f u n z a
w a n a f u n z a
n i n a f u n z a
u n a f u n z a
a n a f u n z a
k u f u n z a
t u n g e f u n z a
t u n g a l i f u n z a
m n g e f u n z a
m n g a l i f u n z a
w a n g e f u n z a
w a n g a l i f u n z a
n i n g e f u n z a
n i n g a l i f u n z a
u n g e f u n z a
u n g a l i f u n z a
a n g e f u n z a
a n g a l i f u n z a
t u t a f u n z a
t u l i f u n z a
m t a f u n z a
m l i f u n z a
w a t a f u n z a
w a l i f u n z a
n i t a f u n z a
n i l i f u n z a
u t a f u n z a
u l i f u n z a
a t a f u n z a
a l i f u n z a
t u h u f u n z a
m h u f u n z a
w a h u f u n z a
n i h u f u n z a
u h u f u n z a
a h u f u n z a
t u a f u n z a
m a f u n z a
w a a f u n z a
n i a f u n z a
u a f u n z a
a a f u n z a
t u m e f u n z a
m m e f u n z a
w a m e f u n z a
n i m e f u n z a
u m e f u n z a
a m e f u n z a
t u n a o n g e a
m n a o n g e a
w a n a o n g e a
n i n a o n g e a
u n a o n g e a
a n a o n g e a
k u o n g e a
t u n g e o n g e a
t u n g a l i o n g e a
m n g e o n g e a
m n g a l i o n g e a
w a n g e o n g e a
w a n g a l i o n g e a
n i n g e o n g e a
n i n g a l i o n g e a
u n g e o n g e a
u n g a l i o n g e a
a n g e o n g e a
a n g a l i o n g e a
t u t a o n g e a
t u l i o n g e a
m t a o n g e a
m l i o n g e a
w a t a o n g e a
w a l i o n g e a
n i t a o n g e a
n i l i o n g e a
u t a o n g e a
u l i o n g e a
a t a o n g e a
a l i o n g e a
t u h u o n g e a
m h u o n g e a
w a h u o n g e a
n i h u o n g e a
u h u o n g e a
a h u o n g e a
t u a o n g e a
m a o n g e a
w a a o n g e a
n i a o n g e a
u a o n g e a
a a o n g e a
t u m e o n g e a
m m e o n g e a
w a m e o n g e a
n i m e o n g e a
u m e o n g e a
a m e o n g e a
t u n a t a f u n a
m n a t a f u n a
w a n a t a f u n a
n i n a t a f u n a
u n a t a f u n a
a n a t a f u n a
k u t a f u n a
t u n g e t a f u n a
t u n g a l i t a f u n a
m n g e t a f u n a
m n g a l i t a f u n a
w a n g e t a f u n a
w a n g a l i t a f u n a
n i n g e t a f u n a
n i n g a l i t a f u n a
u n g e t a f u n a
u n g a l i t a f u n a
a n g e t a f u n a
a n g a l i t a f u n a
t u t a t a f u n a
t u l i t a f u n a
m t a t a f u n a
m l i t a f u n a
w a t a t a f u n a
w a l i t a f u n a
n i t a t a f u n a
n i l i t a f u n a
u t a t a f u n a
u l i t a f u n a
a t a t a f u n a
a l i t a f u n a
t u h u t a f u n a
m h u t a f u n a
w a h u t a f u n a
n i h u t a f u n a
u h u t a f u n a
a h u t a f u n a
t u a t a f u n a
m a t a f u n a
w a a t a f u n a
n i a t a f u n a
u a t a f u n a
a a t a f u n a
t u m e t a f u n a
m m e t a f u n a
w a m e t a f u n a
n i m e t a f u n a
u m e t a f u n a
a m e t a f u n a
t u n a p a a
m n a p a a
w a n a p a a
n i n a p a a
u n a p a a
a n a p a a
k u p a a
t u n g e p a a
t u n g a l i p a a
m n g e p a a
m n g a l i p a a
w a n g e p a a
w a n g a l i p a a
n i n g e p a a
n i n g a l i p a a
u n g e p a a
u n g a l i p a a
a n g e p a a
a n g a l i p a a
t u t a p a a
t u l i p a a
m t a p a a
m l i p a a
w a t a p a a
w a l i p a a
n i t a p a a
n i l i p a a
u t a p a a
u l i p a a
a t a p a a
a l i p a a
t u h u p a a
m h u p a a
w a h u p a a
n i h u p a a
u h u p a a
a h u p a a
t u a p a a
m a p a a
w a a p a a
n i a p a a
u a p a a
a a p a a
t u m e p a a
m m e p a a
w a m e p a a
n i m e p a a
u m e p a a
a m e p a a
t u n a f u n g u a
m n a f u n g u a
w a n a f u n g u a
n i n a f u n g u a
u n a f u n g u a
a n a f u n g u a
k u f u n g u a
t u n g e f u n g u a
t u n g a l i f u n g u a
m n g e f u n g u a
m n g a l i f u n g u a
w a n g e f u n g u a
w a n g a l i f u n g u a
n i n g e f u n g u a
n i n g a l i f u n g u a
u n g e f u n g u a
u n g a l i f u n g u a
a n g e f u n g u a
a n g a l i f u n g u a
t u t a f u n g u a
t u l i f u n g u a
m t a f u n g u a
m l i f u n g u a
w a t a f u n g u a
w a l i f u n g u a
n i t a f u n g u a
n i l i f u n g u a
u t a f u n g u a
u l i f u n g u a
a t a f u n g u a
a l i f u n g u a
t u h u f u n g u a
m h u f u n g u a
w a h u f u n g u a
n i h u f u n g u a
u h u f u n g u a
a h u f u n g u a
t u a f u n g u a
m a f u n g u a
w a a f u n g u a
n i a f u n g u a
u a f u n g u a
a a f u n g u a
t u m e f u n g u a
m m e f u n g u a
w a m e f u n g u a
n i m e f u n g u a
u m e f u n g u a
a m e f u n g u a
t u n a f i k a
m n a f i k a
w a n a f i k a
n i n a f i k a
u n a f i k a
a n a f i k a
k u f i k a
t u n g e f i k a
t u n g a l i f i k a
m n g e f i k a
m n g a l i f i k a
w a n g e f i k a
w a n g a l i f i k a
n i n g e f i k a
n i n g a l i f i k a
u n g e f i k a
u n g a l i f i k a
a n g e f i k a
a n g a l i f i k a
t u t a f i k a
t u l i f i k a
m t a f i k a
m l i f i k a
w a t a f i k a
w a l i f i k a
n i t a f i k a
n i l i f i k a
u t a f i k a
u l i f i k a
a t a f i k a
a l i f i k a
t u h u f i k a
m h u f i k a
w a h u f i k a
n i h u f i k a
u h u f i k a
a h u f i k a
t u a f i k a
m a f i k a
w a a f i k a
n i a f i k a
u a f i k a
a a f i k a
t u m e f i k a
m m e f i k a
w a m e f i k a
n i m e f i k a
u m e f i k a
a m e f i k a
t u n a g o n g a
m n a g o n g a
w a n a g o n g a
n i n a g o n g a
u n a g o n g a
a n a g o n g a
k u g o n g a
t u n g e g o n g a
t u n g a l i g o n g a
m n g e g o n g a
m n g a l i g o n g a
w a n g e g o n g a
w a n g a l i g o n g a
n i n g e g o n g a
n i n g a l i g o n g a
u n g e g o n g a
u n g a l i g o n g a
a n g e g o n g a
a n g a l i g o n g a
t u t a g o n g a
t u l i g o n g a
m t a g o n g a
m l i g o n g a
w a t a g o n g a
w a l i g o n g a
n i t a g o n g a
n i l i g o n g a
u t a g o n g a
u l i g o n g a
a t a g o n g a
a l i g o n g a
t u h u g o n g a
m h u g o n g a
w a h u g o n g a
n i h u g o n g a
u h u g o n g a
a h u g o n g a
t u a g o n g a
m a g o n g a
w a a g o n g a
n i a g o n g a
u a g o n g a
a a g o n g a
t u m e g o n g a
m m e g o n g a
w a m e g o n g a
n i m e g o n g a
u m e g o n g a
a m e g o n g a
t u n a l i a
m n a l i a
w a n a l i a
n i n a l i a
u n a l i a
a n a l i a
k u l i a
t u n g e l i a
t u n g a l i l i a
m n g e l i a
m n g a l i l i a
w a n g e l i a
w a n g a l i l i a
n i n g e l i a
n i n g a l i l i a
u n g e l i a
u n g a l i l i a
a n g e l i a
a n g a l i l i a
t u t a l i a
t u l i l i a
m t a l i a
m l i l i a
w a t a l i a
w a l i l i a
n i t a l i a
n i l i l i a
u t a l i a
u l i l i a
a t a l i a
a l i l i a
t u h u l i a
m h u l i a
w a h u l i a
n i h u l i a
u h u l i a
a h u l i a
t u a l i a
m a l i a
w a a l i a
n i a l i a
u a l i a
a a l i a
t u m e l i a
m m e l i a
w a m e l i a
n i m e l i a
u m e l i a
a m e l i a
t u n a p a n g u z a
m n a p a n g u z a
w a n a p a n g u z a
n i n a p a n g u z a
u n a p a n g u z a
a n a p a n g u z a
k u p a n g u z a
t u n g e p a n g u z a
t u n g a l i p a n g u z a
m n g e p a n g u z a
m n g a l i p a n g u z a
w a n g e p a n g u z a
w a n g a l i p a n g u z a
n i n g e p a n g u z a
n i n g a l i p a n g u z a
u n g e p a n g u z a
u n g a l i p a n g u z a
a n g e p a n g u z a
a n g a l i p a n g u z a
t u t a p a n g u z a
t u l i p a n g u z a
m t a p a n g u z a
m l i p a n g u z a
w a t a p a n g u z a
w a l i p a n g u z a
n i t a p a n g u z a
n i l i p a n g u z a
u t a p a n g u z a
u l i p a n g u z a
a t a p a n g u z a
a l i p a n g u z a
t u h u p a n g u z a
m h u p a n g u z a
w a h u p a n g u z a
n i h u p a n g u z a
u h u p a n g u z a
a h u p a n g u z a
t u a p a n g u z a
m a p a n g u z a
w a a p a n g u z a
n i a p a n g u z a
u a p a n g u z a
a a p a n g u z a
t u m e p a n g u z a
m m e p a n g u z a
w a m e p a n g u z a
n i m e p a n g u z a
u m e p a n g u z a
a m e p a n g u z a
t u n a n u s a
m n a n u s a
w a n a n u s a
n i n a n u s a
u n a n u s a
a n a n u s a
k u n u s a
t u n g e n u s a
t u n g a l i n u s a
m n g e n u s a
m n g a l i n u s a
w a n g e n u s a
w a n g a l i n u s a
n i n g e n u s a
n i n g a l i n u s a
u n g e n u s a
u n g a l i n u s a
a n g e n u s a
a n g a l i n u s a
t u t a n u s a
t u l i n u s a
m t a n u s a
m l i n u s a
w a t a n u s a
w a l i n u s a
n i t a n u s a
n i l i n u s a
u t a n u s a
u l i n u s a
a t a n u s a
a l i n u s a
t u h u n u s a
m h u n u s a
w a h u n u s a
n i h u n u s a
u h u n u s a
a h u n u s a
t u a n u s a
m a n u s a
w a a n u s a
n i a n u s a
u a n u s a
a a n u s a
t u m e n u s a
m m e n u s a
w a m e n u s a
n i m e n u s a
u m e n u s a
a m e n u s a
t u n a o t a
m n a o t a
w a n a o t a
n i n a o t a
u n a o t a
a n a o t a
k u o t a
t u n g e o t a
t u n g a l i o t a
m n g e o t a
m n g a l i o t a
w a n g e o t a
w a n g a l i o t a
n i n g e o t a
n i n g a l i o t a
u n g e o t a
u n g a l i o t a
a n g e o t a
a n g a l i o t a
t u t a o t a
t u l i o t a
m t a o t a
m l i o t a
w a t a o t a
w a l i o t a
n i t a o t a
n i l i o t a
u t a o t a
u l i o t a
a t a o t a
a l i o t a
t u h u o t a
m h u o t a
w a h u o t a
n i h u o t a
u h u o t a
a h u o t a
t u a o t a
m a o t a
w a a o t a
n i a o t a
u a o t a
a a o t a
t u m e o t a
m m e o t a
w a m e o t a
n i m e o t a
u m e o t a
a m e o t a
t u n a t e n g e n e z a
m n a t e n g e n e z a
w a n a t e n g e n e z a
n i n a t e n g e n e z a
u n a t e n g e n e z a
a n a t e n g e n e z a
k u t e n g e n e z a
t u n g e t e n g e n e z a
t u n g a l i t e n g e n e z a
m n g e t e n g e n e z a
m n g a l i t e n g e n e z a
w a n g e t e n g e n e z a
w a n g a l i t e n g e n e z a
n i n g e t e n g e n e z a
n i n g a l i t e n g e n e z a
u n g e t e n g e n e z a
u n g a l i t e n g e n e z a
a n g e t e n g e n e z a
a n g a l i t e n g e n e z a
t u t a t e n g e n e z a
t u l i t e n g e n e z a
m t a t e n g e n e z a
m l i t e n g e n e z a
w a t a t e n g e n e z a
w a l i t e n g e n e z a
n i t a t e n g e n e z a
n i l i t e n g e n e z a
u t a t e n g e n e z a
u l i t e n g e n e z a
a t a t e n g e n e z a
a l i t e n g e n e z a
t u h u t e n g e n e z a
m h u t e n g e n e z a
w a h u t e n g e n e z a
n i h u t e n g e n e z a
u h u t e n g e n e z a
a h u t e n g e n e z a
t u a t e n g e n e z a
m a t e n g e n e z a
w a a t e n g e n e z a
n i a t e n g e n e z a
u a t e n g e n e z a
a a t e n g e n e z a
t u m e t e n g e n e z a
m m e t e n g e n e z a
w a m e t e n g e n e z a
n i m e t e n g e n e z a
u m e t e n g e n e z a
a m e t e n g e n e z a
t u n a o n d o a
m n a o n d o a
w a n a o n d o a
n i n a o n d o a
u n a o n d o a
a n a o n d o a
k u o n d o a
t u n g e o n d o a
t u n g a l i o n d o a
m n g e o n d o a
m n g a l i o n d o a
w a n g e o n d o a
w a n g a l i o n d o a
n i n g e o n d o a
n i n g a l i o n d o a
u n g e o n d o a
u n g a l i o n d o a
a n g e o n d o a
a n g a l i o n d o a
t u t a o n d o a
t u l i o n d o a
m t a o n d o a
m l i o n d o a
w a t a o n d o a
w a l i o n d o a
n i t a o n d o a
n i l i o n d o a
u t a o n d o a
u l i o n d o a
a t a o n d o a
a l i o n d o a
t u h u o n d o a
m h u o n d o a
w a h u o n d o a
n i h u o n d o a
u h u o n d o a
a h u o n d o a
t u a o n d o a
m a o n d o a
w a a o n d o a
n i a o n d o a
u a o n d o a
a a o n d o a
t u m e o n d o a
m m e o n d o a
w a m e o n d o a
n i m e o n d o a
u m e o n d o a
a m e o n d o a
t u n a i m b a
m n a i m b a
w a n a i m b a
n i n a i m b a
u n a i m b a
a n a i m b a
k u i m b a
t u n g e i m b a
t u n g a l i i m b a
m n g e i m b a
m n g a l i i m b a
w a n g e i m b a
w a n g a l i i m b a
n i n g e i m b a
n i n g a l i i m b a
u n g e i m b a
u n g a l i i m b a
a n g e i m b a
a n g a l i i m b a
t u t a i m b a
t u l i i m b a
m t a i m b a
m l i i m b a
w a t a i m b a
w a l i i m b a
n i t a i m b a
n i l i i m b a
u t a i m b a
u l i i m b a
a t a i m b a
a l i i m b a
t u h u i m b a
m h u i m b a
w a h u i m b a
n i h u i m b a
u h u i m b a
a h u i m b a
t u a i m b a
m a i m b a
w a a i m b a
n i a i m b a
u a i m b a
a a i m b a
t u m e i m b a
m m e i m b a
w a m e i m b a
n i m e i m b a
u m e i m b a
a m e i m b a
t u n a k u m b u k a
m n a k u m b u k a
w a n a k u m b u k a
n i n a k u m b u k a
u n a k u m b u k a
a n a k u m b u k a
k u k u m b u k a
t u n g e k u m b u k a
t u n g a l i k u m b u k a
m n g e k u m b u k a
m n g a l i k u m b u k a
w a n g e k u m b u k a
w a n g a l i k u m b u k a
n i n g e k u m b u k a
n i n g a l i k u m b u k a
u n g e k u m b u k a
u n g a l i k u m b u k a
a n g e k u m b u k a
a n g a l i k u m b u k a
t u t a k u m b u k a
t u l i k u m b u k a
m t a k u m b u k a
m l i k u m b u k a
w a t a k u m b u k a
w a l i k u m b u k a
n i t a k u m b u k a
n i l i k u m b u k a
u t a k u m b u k a
u l i k u m b u k a
a t a k u m b u k a
a l i k u m b u k a
t u h u k u m b u k a
m h u k u m b u k a
w a h u k u m b u k a
n i h u k u m b u k a
u h u k u m b u k a
a h u k u m b u k a
t u a k u m b u k a
m a k u m b u k a
w a a k u m b u k a
n i a k u m b u k a
u a k u m b u k a
a a k u m b u k a
t u m e k u m b u k a
m m e k u m b u k a
w a m e k u m b u k a
n i m e k u m b u k a
u m e k u m b u k a
a m e k u m b u k a
t u n a v u t a
m n a v u t a
w a n a v u t a
n i n a v u t a
u n a v u t a
a n a v u t a
k u v u t a
t u n g e v u t a
t u n g a l i v u t a
m n g e v u t a
m n g a l i v u t a
w a n g e v u t a
w a n g a l i v u t a
n i n g e v u t a
n i n g a l i v u t a
u n g e v u t a
u n g a l i v u t a
a n g e v u t a
a n g a l i v u t a
t u t a v u t a
t u l i v u t a
m t a v u t a
m l i v u t a
w a t a v u t a
w a l i v u t a
n i t a v u t a
n i l i v u t a
u t a v u t a
u l i v u t a
a t a v u t a
a l i v u t a
t u h u v u t a
m h u v u t a
w a h u v u t a
n i h u v u t a
u h u v u t a
a h u v u t a
t u a v u t a
m a v u t a
w a a v u t a
n i a v u t a
u a v u t a
a a v u t a
t u m e v u t a
m m e v u t a
w a m e v u t a
n i m e v u t a
u m e v u t a
a m e v u t a
t u n a t e m b e a
m n a t e m b e a
w a n a t e m b e a
n i n a t e m b e a
u n a t e m b e a
a n a t e m b e a
k u t e m b e a
t u n g e t e m b e a
t u n g a l i t e m b e a
m n g e t e m b e a
m n g a l i t e m b e a
w a n g e t e m b e a
w a n g a l i t e m b e a
n i n g e t e m b e a
n i n g a l i t e m b e a
u n g e t e m b e a
u n g a l i t e m b e a
a n g e t e m b e a
a n g a l i t e m b e a
t u t a t e m b e a
t u l i t e m b e a
m t a t e m b e a
m l i t e m b e a
w a t a t e m b e a
w a l i t e m b e a
n i t a t e m b e a
n i l i t e m b e a
u t a t e m b e a
u l i t e m b e a
a t a t e m b e a
a l i t e m b e a
t u h u t e m b e a
m h u t e m b e a
w a h u t e m b e a
n i h u t e m b e a
u h u t e m b e a
a h u t e m b e a
t u a t e m b e a
m a t e m b e a
w a a t e m b e a
n i a t e m b e a
u a t e m b e a
a a t e m b e a
t u m e t e m b e a
m m e t e m b e a
w a m e t e m b e a
n i m e t e m b e a
u m e t e m b e a
a m e t e m b e a
t u n a f a n y a
m n a f a n y a
w a n a f a n y a
n i n a f a n y a
u n a f a n y a
a n a f a n y a
k u f a n y a
t u n g e f a n y a
t u n g a l i f a n y a
m n g e f a n y a
m n g a l i f a n y a
w a n g e f a n y a
w a n g a l i f a n y a
n i n g e f a n y a
n i n g a l i f a n y a
u n g e f a n y a
u n g a l i f a n y a
a n g e f a n y a
a n g a l i f a n y a
t u t a f a n y a
t u l i f a n y a
m t a f a n y a
m l i f a n y a
w a t a f a n y a
w a l i f a n y a
n i t a f a n y a
n i l i f a n y a
u t a f a n y a
u l i f a n y a
a t a f a n y a
a l i f a n y a
t u h u f a n y a
m h u f a n y a
w a h u f a n y a
n i h u f a n y a
u h u f a n y a
a h u f a n y a
t u a f a n y a
m a f a n y a
w a a f a n y a
n i a f a n y a
u a f a n y a
a a f a n y a
t u m e f a n y a
m m e f a n y a
w a m e f a n y a
n i m e f a n y a
u m e f a n y a
a m e f a n y a
t u n a t a f u t a
m n a t a f u t a
w a n a t a f u t a
n i n a t a f u t a
u n a t a f u t a
a n a t a f u t a
k u t a f u t a
t u n g e t a f u t a
t u n g a l i t a f u t a
m n g e t a f u t a
m n g a l i t a f u t a
w a n g e t a f u t a
w a n g a l i t a f u t a
n i n g e t a f u t a
n i n g a l i t a f u t a
u n g e t a f u t a
u n g a l i t a f u t a
a n g e t a f u t a
a n g a l i t a f u t a
t u t a t a f u t a
t u l i t a f u t a
m t a t a f u t a
m l i t a f u t a
w a t a t a f u t a
w a l i t a f u t a
n i t a t a f u t a
n i l i t a f u t a
u t a t a f u t a
u l i t a f u t a
a t a t a f u t a
a l i t a f u t a
t u h u t a f u t a
m h u t a f u t a
w a h u t a f u t a
n i h u t a f u t a
u h u t a f u t a
a h u t a f u t a
t u a t a f u t a
m a t a f u t a
w a a t a f u t a
n i a t a f u t a
u a t a f u t a
a a t a f u t a
t u m e t a f u t a
m m e t a f u t a
w a m e t a f u t a
n i m e t a f u t a
u m e t a f u t a
a m e t a f u t a
t u n a i n u k a
m n a i n u k a
w a n a i n u k a
n i n a i n u k a
u n a i n u k a
a n a i n u k a
k u i n u k a
t u n g e i n u k a
t u n g a l i i n u k a
m n g e i n u k a
m n g a l i i n u k a
w a n g e i n u k a
w a n g a l i i n u k a
n i n g e i n u k a
n i n g a l i i n u k a
u n g e i n u k a
u n g a l i i n u k a
a n g e i n u k a
a n g a l i i n u k a
t u t a i n u k a
t u l i i n u k a
m t a i n u k a
m l i i n u k a
w a t a i n u k a
w a l i i n u k a
n i t a i n u k a
n i l i i n u k a
u t a i n u k a
u l i i n u k a
a t a i n u k a
a l i i n u k a
t u h u i n u k a
m h u i n u k a
w a h u i n u k a
n i h u i n u k a
u h u i n u k a
a h u i n u k a
t u a i n u k a
m a i n u k a
w a a i n u k a
n i a i n u k a
u a i n u k a
a a i n u k a
t u m e i n u k a
m m e i n u k a
w a m e i n u k a
n i m e i n u k a
u m e i n u k a
a m e i n u k a
t u n a k u s a n y a
m n a k u s a n y a
w a n a k u s a n y a
n i n a k u s a n y a
u n a k u s a n y a
a n a k u s a n y a
k u k u s a n y a
t u n g e k u s a n y a
t u n g a l i k u s a n y a
m n g e k u s a n y a
m n g a l i k u s a n y a
w a n g e k u s a n y a
w a n g a l i k u s a n y a
n i n g e k u s a n y a
n i n g a l i k u s a n y a
u n g e k u s a n y a
u n g a l i k u s a n y a
a n g e k u s a n y a
a n g a l i k u s a n y a
t u t a k u s a n y a
t u l i k u s a n y a
m t a k u s a n y a
m l i k u s a n y a
w a t a k u s a n y a
w a l i k u s a n y a
n i t a k u s a n y a
n i l i k u s a n y a
u t a k u s a n y a
u l i k u s a n y a
a t a k u s a n y a
a l i k u s a n y a
t u h u k u s a n y a
m h u k u s a n y a
w a h u k u s a n y a
n i h u k u s a n y a
u h u k u s a n y a
a h u k u s a n y a
t u a k u s a n y a
m a k u s a n y a
w a a k u s a n y a
n i a k u s a n y a
u a k u s a n y a
a a k u s a n y a
t u m e k u s a n y a
m m e k u s a n y a
w a m e k u s a n y a
n i m e k u s a n y a
u m e k u s a n y a
a m e k u s a n y a
t u n a o n a
m n a o n a
w a n a o n a
n i n a o n a
u n a o n a
a n a o n a
k u o n a
t u n g e o n a
t u n g a l i o n a
m n g e o n a
m n g a l i o n a
w a n g e o n a
w a n g a l i o n a
n i n g e o n a
n i n g a l i o n a
u n g e o n a
u n g a l i o n a
a n g e o n a
a n g a l i o n a
t u t a o n a
t u l i o n a
m t a o n a
m l i o n a
w a t a o n a
w a l i o n a
n i t a o n a
n i l i o n a
u t a o n a
u l i o n a
a t a o n a
a l i o n a
t u h u o n a
m h u o n a
w a h u o n a
n i h u o n a
u h u o n a
a h u o n a
t u a o n a
m a o n a
w a a o n a
n i a o n a
u a o n a
a a o n a
t u m e o n a
m m e o n a
w a m e o n a
n i m e o n a
u m e o n a
a m e o n a
t u n a e n d e s h a
m n a e n d e s h a
w a n a e n d e s h a
n i n a e n d e s h a
u n a e n d e s h a
a n a e n d e s h a
k u e n d e s h a
t u n g e e n d e s h a
t u n g a l i e n d e s h a
m n g e e n d e s h a
m n g a l i e n d e s h a
w a n g e e n d e s h a
w a n g a l i e n d e s h a
n i n g e e n d e s h a
n i n g a l i e n d e s h a
u n g e e n d e s h a
u n g a l i e n d e s h a
a n g e e n d e s h a
a n g a l i e n d e s h a
t u t a e n d e s h a
t u l i e n d e s h a
m t a e n d e s h a
m l i e n d e s h a
w a t a e n d e s h a
w a l i e n d e s h a
n i t a e n d e s h a
n i l i e n d e s h a
u t a e n d e s h a
u l i e n d e s h a
a t a e n d e s h a
a l i e n d e s h a
t u h u e n d e s h a
m h u e n d e s h a
w a h u e n d e s h a
n i h u e n d e s h a
u h u e n d e s h a
a h u e n d e s h a
t u a e n d e s h a
m a e n d e s h a
w a a e n d e s h a
n i a e n d e s h a
u a e n d e s h a
a a e n d e s h a
t u m e e n d e s h a
m m e e n d e s h a
w a m e e n d e s h a
n i m e e n d e s h a
u m e e n d e s h a
a m e e n d e s h a
t u n a c h a f y a
m n a c h a f y a
w a n a c h a f y a
n i n a c h a f y a
u n a c h a f y a
a n a c h a f y a
k u c h a f y a
t u n g e c h a f y a
t u n g a l i c h a f y a
m n g e c h a f y a
m n g a l i c h a f y a
w a n g e c h a f y a
w a n g a l i c h a f y a
n i n g e c h a f y a
n i n g a l i c h a f y a
u n g e c h a f y a
u n g a l i c h a f y a
a n g e c h a f y a
a n g a l i c h a f y a
t u t a c h a f y a
t u l i c h a f y a
m t a c h a f y a
m l i c h a f y a
w a t a c h a f y a
w a l i c h a f y a
n i t a c h a f y a
n i l i c h a f y a
u t a c h a f y a
u l i c h a f y a
a t a c h a f y a
a l i c h a f y a
t u h u c h a f y a
m h u c h a f y a
w a h u c h a f y a
n i h u c h a f y a
u h u c h a f y a
a h u c h a f y a
t u a c h a f y a
m a c h a f y a
w a a c h a f y a
n i a c h a f y a
u a c h a f y a
a a c h a f y a
t u m e c h a f y a
m m e c h a f y a
w a m e c h a f y a
n i m e c h a f y a
u m e c h a f y a
a m e c h a f y a
t u n a k o p a
m n a k o p a
w a n a k o p a
n i n a k o p a
u n a k o p a
a n a k o p a
k u k o p a
t u n g e k o p a
t u n g a l i k o p a
m n g e k o p a
m n g a l i k o p a
w a n g e k o p a
w a n g a l i k o p a
n i n g e k o p a
n i n g a l i k o p a
u n g e k o p a
u n g a l i k o p a
a n g e k o p a
a n g a l i k o p a
t u t a k o p a
t u l i k o p a
m t a k o p a
m l i k o p a
w a t a k o p a
w a l i k o p a
n i t a k o p a
n i l i k o p a
u t a k o p a
u l i k o p a
a t a k o p a
a l i k o p a
t u h u k o p a
m h u k o p a
w a h u k o p a
n i h u k o p a
u h u k o p a
a h u k o p a
t u a k o p a
m a k o p a
w a a k o p a
n i a k o p a
u a k o p a
a a k o p a
t u m e k o p a
m m e k o p a
w a m e k o p a
n i m e k o p a
u m e k o p a
a m e k o p a
t u n a k u n j a
m n a k u n j a
w a n a k u n j a
n i n a k u n j a
u n a k u n j a
a n a k u n j a
k u k u n j a
t u n g e k u n j a
t u n g a l i k u n j a
m n g e k u n j a
m n g a l i k u n j a
w a n g e k u n j a
w a n g a l i k u n j a
n i n g e k u n j a
n i n g a l i k u n j a
u n g e k u n j a
u n g a l i k u n j a
a n g e k u n j a
a n g a l i k u n j a
t u t a k u n j a
t u l i k u n j a
m t a k u n j a
m l i k u n j a
w a t a k u n j a
w a l i k u n j a
n i t a k u n j a
n i l i k u n j a
u t a k u n j a
u l i k u n j a
a t a k u n j a
a l i k u n j a
t u h u k u n j a
m h u k u n j a
w a h u k u n j a
n i h u k u n j a
u h u k u n j a
a h u k u n j a
t u a k u n j a
m a k u n j a
w a a k u n j a
n i a k u n j a
u a k u n j a
a a k u n j a
t u m e k u n j a
m m e k u n j a
w a m e k u n j a
n i m e k u n j a
u m e k u n j a
a m e k u n j a
t u n a m w i t a
m n a m w i t a
w a n a m w i t a
n i n a m w i t a
u n a m w i t a
a n a m w i t a
k u m w i t a
t u n g e m w i t a
t u n g a l i m w i t a
m n g e m w i t a
m n g a l i m w i t a
w a n g e m w i t a
w a n g a l i m w i t a
n i n g e m w i t a
n i n g a l i m w i t a
u n g e m w i t a
u n g a l i m w i t a
a n g e m w i t a
a n g a l i m w i t a
t u t a m w i t a
t u l i m w i t a
m t a m w i t a
m l i m w i t a
w a t a m w i t a
w a l i m w i t a
n i t a m w i t a
n i l i m w i t a
u t a m w i t a
u l i m w i t a
a t a m w i t a
a l i m w i t a
t u h u m w i t a
m h u m w i t a
w a h u m w i t a
n i h u m w i t a
u h u m w i t a
a h u m w i t a
t u a m w i t a
m a m w i t a
w a a m w i t a
n i a m w i t a
u a m w i t a
a a m w i t a
t u m e m w i t a
m m e m w i t a
w a m e m w i t a
n i m e m w i t a
u m e m w i t a
a m e m w i t a
t u n a z a a
m n a z a a
w a n a z a a
n i n a z a a
u n a z a a
a n a z a a
k u z a a
t u n g e z a a
t u n g a l i z a a
m n g e z a a
m n g a l i z a a
w a n g e z a a
w a n g a l i z a a
n i n g e z a a
n i n g a l i z a a
u n g e z a a
u n g a l i z a a
a n g e z a a
a n g a l i z a a
t u t a z a a
t u l i z a a
m t a z a a
m l i z a a
w a t a z a a
w a l i z a a
n i t a z a a
n i l i z a a
u t a z a a
u l i z a a
a t a z a a
a l i z a a
t u h u z a a
m h u z a a
w a h u z a a
n i h u z a a
u h u z a a
a h u z a a
t u a z a a
m a z a a
w a a z a a
n i a z a a
u a z a a
a a z a a
t u m e z a a
m m e z a a
w a m e z a a
n i m e z a a
u m e z a a
a m e z a a
t u n a p a n d a
m n a p a n d a
w a n a p a n d a
n i n a p a n d a
u n a p a n d a
a n a p a n d a
k u p a n d a
t u n g e p a n d a
t u n g a l i p a n d a
m n g e p a n d a
m n g a l i p a n d a
w a n g e p a n d a
w a n g a l i p a n d a
n i n g e p a n d a
n i n g a l i p a n d a
u n g e p a n d a
u n g a l i p a n d a
a n g e p a n d a
a n g a l i p a n d a
t u t a p a n d a
t u l i p a n d a
m t a p a n d a
m l i p a n d a
w a t a p a n d a
w a l i p a n d a
n i t a p a n d a
n i l i p a n d a
u t a p a n d a
u l i p a n d a
a t a p a n d a
a l i p a n d a
t u h u p a n d a
m h u p a n d a
w a h u p a n d a
n i h u p a n d a
u h u p a n d a
a h u p a n d a
t u a p a n d a
m a p a n d a
w a a p a n d a
n i a p a n d a
u a p a n d a
a a p a n d a
t u m e p a n d a
m m e p a n d a
w a m e p a n d a
n i m e p a n d a
u m e p a n d a
a m e p a n d a
t u n a c h u k i a
m n a c h u k i a
w a n a c h u k i a
n i n a c h u k i a
u n a c h u k i a
a n a c h u k i a
k u c h u k i a
t u n g e c h u k i a
t u n g a l i c h u k i a
m n g e c h u k i a
m n g a l i c h u k i a
w a n g e c h u k i a
w a n g a l i c h u k i a
n i n g e c h u k i a
n i n g a l i c h u k i a
u n g e c h u k i a
u n g a l i c h u k i a
a n g e c h u k i a
a n g a l i c h u k i a
t u t a c h u k i a
t u l i c h u k i a
m t a c h u k i a
m l i c h u k i a
w a t a c h u k i a
w a l i c h u k i a
n i t a c h u k i a
n i l i c h u k i a
u t a c h u k i a
u l i c h u k i a
a t a c h u k i a
a l i c h u k i a
t u h u c h u k i a
m h u c h u k i a
w a h u c h u k i a
n i h u c h u k i a
u h u c h u k i a
a h u c h u k i a
t u a c h u k i a
m a c h u k i a
w a a c h u k i a
n i a c h u k i a
u a c h u k i a
a a c h u k i a
t u m e c h u k i a
m m e c h u k i a
w a m e c h u k i a
n i m e c h u k i a
u m e c h u k i a
a m e c h u k i a
t u n a e l e w a
m n a e l e w a
w a n a e l e w a
n i n a e l e w a
u n a e l e w a
a n a e l e w a
k u e l e w a
t u n g e e l e w a
t u n g a l i e l e w a
m n g e e l e w a
m n g a l i e l e w a
w a n g e e l e w a
w a n g a l i e l e w a
n i n g e e l e w a
n i n g a l i e l e w a
u n g e e l e w a
u n g a l i e l e w a
a n g e e l e w a
a n g a l i e l e w a
t u t a e l e w a
t u l i e l e w a
m t a e l e w a
m l i e l e w a
w a t a e l e w a
w a l i e l e w a
n i t a e l e w a
n i l i e l e w a
u t a e l e w a
u l i e l e w a
a t a e l e w a
a l i e l e w a
t u h u e l e w a
m h u e l e w a
w a h u e l e w a
n i h u e l e w a
u h u e l e w a
a h u e l e w a
t u a e l e w a
m a e l e w a
w a a e l e w a
n i a e l e w a
u a e l e w a
a a e l e w a
t u m e e l e w a
m m e e l e w a
w a m e e l e w a
n i m e e l e w a
u m e e l e w a
a m e e l e w a
t u n a u z a
m n a u z a
w a n a u z a
n i n a u z a
u n a u z a
a n a u z a
k u u z a
t u n g e u z a
t u n g a l i u z a
m n g e u z a
m n g a l i u z a
w a n g e u z a
w a n g a l i u z a
n i n g e u z a
n i n g a l i u z a
u n g e u z a
u n g a l i u z a
a n g e u z a
a n g a l i u z a
t u t a u z a
t u l i u z a
m t a u z a
m l i u z a
w a t a u z a
w a l i u z a
n i t a u z a
n i l i u z a
u t a u z a
u l i u z a
a t a u z a
a l i u z a
t u h u u z a
m h u u z a
w a h u u z a
n i h u u z a
u h u u z a
a h u u z a
t u a u z a
m a u z a
w a a u z a
n i a u z a
u a u z a
a a u z a
t u m e u z a
m m e u z a
w a m e u z a
n i m e u z a
u m e u z a
a m e u z a
t u n a c h u k u a
m n a c h u k u a
w a n a c h u k u a
n i n a c h u k u a
u n a c h u k u a
a n a c h u k u a
k u c h u k u a
t u n g e c h u k u a
t u n g a l i c h u k u a
m n g e c h u k u a
m n g a l i c h u k u a
w a n g e c h u k u a
w a n g a l i c h u k u a
n i n g e c h u k u a
n i n g a l i c h u k u a
u n g e c h u k u a
u n g a l i c h u k u a
a n g e c h u k u a
a n g a l i c h u k u a
t u t a c h u k u a
t u l i c h u k u a
m t a c h u k u a
m l i c h u k u a
w a t a c h u k u a
w a l i c h u k u a
n i t a c h u k u a
n i l i c h u k u a
u t a c h u k u a
u l i c h u k u a
a t a c h u k u a
a l i c h u k u a
t u h u c h u k u a
m h u c h u k u a
w a h u c h u k u a
n i h u c h u k u a
u h u c h u k u a
a h u c h u k u a
t u a c h u k u a
m a c h u k u a
w a a c h u k u a
n i a c h u k u a
u a c h u k u a
a a c h u k u a
t u m e c h u k u a
m m e c h u k u a
w a m e c h u k u a
n i m e c h u k u a
u m e c h u k u a
a m e c h u k u a
t u n a k a a
m n a k a a
w a n a k a a
n i n a k a a
u n a k a a
a n a k a a
k u k a a
t u n g e k a a
t u n g a l i k a a
m n g e k a a
m n g a l i k a a
w a n g e k a a
w a n g a l i k a a
n i n g e k a a
n i n g a l i k a a
u n g e k a a
u n g a l i k a a
a n g e k a a
a n g a l i k a a
t u t a k a a
t u l i k a a
m t a k a a
m l i k a a
w a t a k a a
w a l i k a a
n i t a k a a
n i l i k a a
u t a k a a
u l i k a a
a t a k a a
a l i k a a
t u h u k a a
m h u k a a
w a h u k a a
n i h u k a a
u h u k a a
a h u k a a
t u a k a a
m a k a a
w a a k a a
n i a k a a
u a k a a
a a k a a
t u m e k a a
m m e k a a
w a m e k a a
n i m e k a a
u m e k a a
a m e k a a
a a c v t k y a
w a m e j i h j a
u t a a o h o c
w a t a w i a
m n g a l i t t j u b a
t u n a w f y u c
u l i f i u a
u n a z a r
w a a s u k i f a
n i n a n r c n a
a a f d n l a
w a n g a l i p i c h e
u n g a l i l h v s a
u h u o i l h m
a m e b d k p a
m h u p h n p a
a n g e t a z g m a
u n g a l i i h u w
m l i y b e k a
m t a y t e g g
t u n g e k u u a n y a
a n a m i o r
t u t a g i h
n i a k m d s h a
n i m e g j c
n i n g a l i m u n k w
a a l e n y a
n i n g e f b c c a
m n g a l i c n l u i s h a
n i h u l i k
u h u j i s f i i a
w a m e z i m w
t u l i u w a
k u a n g k a
u l i f u a g j a
m n g e t a f u t a
n i l i p e u j u p a
m m e j z f u j z a
t u n a k c y a n y a
t u n g a l i f b d o a
m n g e n o d o a
m n g a l i k i m b i a
w a n g e l k b a
w a n g a l i z a k d
a n a c h d n t c o f a
n i n a l p a
n i t a p u n g u z a
n i n g a l i p a n s u z a
w a n g e i r p v k
w a n g e f i k a
m n a k o h k a
m n g a l i h u n o a
n i a n w z t k
n i n a c h a l s s h a
n i m e f a w y t
n i n a k a m s h a
m n g e f u n i u a
a m e o c a
t u m e c h g k a
w a n g e t e a s e a
t u n g e m i b l
n i l i i s j b
m h u v u t m
u l i h f y j
t u n g a l i i e b v
u h u w b u a
a n g a l i a u n u a
t u h u i n u a
m n g a l i o n v e a
t u n a t e m b e a
m a i o d g p
t u t a m b a
m h u c i a n g a w h a
n i n a p u a t a
a n g a l i t t z u l a
m n g a l i f i w h l
u t a t a c a u a
t u l i p g d d a
n i l i m u s u j
t u n g e k t t p a
m a p i n e
a m e t p f l u a
n i t a l o i
a a f h m y a
u n g e c t e m b
t u a z e n g a
n i l i s l g a
a h u s o g w
u t a c h b j u a
a h u p k y k
a n g a l i p a t a
w a l i t f z a m a
u l i j i f o n z a
w a a m b a
a h u e a u a
t u n a j i i u j z a
u n g a l i o n a
w a a f i s v r
t u t a c h p d r a
t u h u n d o t a
u n g e i p o a
w a n g a l i k u s a n y a
t u n g a l i v a k a
n i a f n n y y
u m e i y b g
w a l i y l e w a
t u n a c h t y i s a a
u t a e f d e c h a
n i h u k l i z t
u l i y n u f
t u l i t o y
m h u y v t
n i n g e f h d
a n g e t c t i
a m e n n l s a
m t a c h k b j a n y a
m m e p i y c
m h u f l g i w
t u l i c g a f o a
u t a k l k
n i n a f h m g b
u n g a l i k u d b u k a
u n g a l i u z a
n i a k u w s u k a
n i n g a l i u n j
t u n g a l i p u t j u z a
u m e k j s w n b a
t u n g e r m h a
w a t a o h a
w a n a s b k u c a
m m e n l h a
t u n g a l i t a f v l a
m t a p o t z g
a m e o h a
n i t a p i c a
m n g e t e n h a n e z a
u m e k a t a
u h u d a a
a n g e j i b u h z a
m h u c n n u z
n i h u f i k a
u n a s a h a
k u s m f i j k a
n i m e j i i i k a a
n i m e i a i i y
n i n g e f p a d h
u n a c u i u z
n i t a m j i t u
m n a b i y d r
m m e b a z a
t u a c h v k u a
t u a k u s a e y a
a n g a l i l a k a
m n a v w k
w a a c h m r u a
u m e j i k w i z a
a a d a g a
a m e c h u d u a
t u n a k g h l i a
a n g e s u k u m a
u n a p i k d
a a t a t u t a
t u n g a l i v u n j s
n i a f u n g u a
n i a m p p w
t u h u j i s i k t a
n i l i f i c h a
n i t a e n c i d n a
n i n g e c o t e b
n i a t d f l k a
w a l i w j b a
a t a h d j a
m m e c o e w a
t u a f i k a
t u h u l o o j a
a t a k a n j h
n i n a k s s a
m t a z o t k a
n i l i e n d a
m n g e m y z a
w a n a m j j a
t u a e a r y a
w a m e y j d p
n i h u k p c j n
a m e f u n g o a
u n g e p u n g u r a
n i a y a n f a
m n g e m a a
a n g e c o e k i
w a l i k i m b r a
u l i i w u g
k u o c d d s
w a m e f i e h d
m n g e c s b h u a
t u a k m g r a
m n g e f a f r i
t u a c l a l k z h a
m h u p u n a w o a
t u h u j l t o
w a h u e l e o i
w a l i t e m u e a
u n g e u n u j
n i n g e k w j r u z a
u m e f u c h r
t u a o o s p a
t u n g e s k f i f h a
m h u z i m h
m n g a l i k u g j a
m a t r r u t a
w a h u t e e b o a
w a n a f i f h s
n i l i o h a
k u w g a
m a r w c t a
w a h u h z a
n i t a f c n y a
t u n g a l i k u t o a
k u r l g z i
a n g a l i i m b u
t u t a p v w a
t u t a f i u s p
n i n g a l i c d b f g a b t a
w a h u l a l a
w a n g e u w l
w a t a a w n
a h u j v r b e i a
m l i w a k l
t u n a s a y i s f a
t u h u f i k n
m a p a n d u h a
m n g e r i k g
a t a c g a n g o v r a
w a h u v d u a
w a t a k u s j n o a
u n g a l i z p n b
n i n g a l i c o a a z p h a
m n g a l i n u t j a
t u a v m m
w a m e r z c a
w a n g e s z f n u g a
t u a a u h j b
n i n a c h r n g a e i a
a h u o f l
w a t a u g c o o
u n a k d y r v a a
u l i y v w t k
t u n g e k e z a
a m e f g b m i
a n g e i g b d
a n g e c l i k a
w a m e p z g
t u t a e a y d s
w a n g e c h u k p a
t u a k o s a i y a
w a m e j e z a
m l i f n h w a
a l i l e a
u n a f t o i m
m m e r w g e o
u n g e e f k o
w a l i k i m u i a
w a a n u d a
t u t a k r p a z p a
m n g a l i y i w
t u t a k n u s h a
n i n a a s k a
t u m e t l m t a
a n a k w s m u v a
n i l i p f n g d n a
n i n a o d u o a
a a c h u j u a
m l i t e b j e a
a n g a l i m i k o
a m e t n m b j a
n i m e t h t b p a
a a k w a r u p a
w a m e i z d b
m n a k b m b u b a
t u t a m e u a
a n g e s a n p s h a
t u a c w k k l
n i l i p a p g u z a
t u n a a v d i o a
m n a l y e a
n i t a t a f l n a
m n g e p a a
n i l i w k s p a
n i t a f e c e a
m h u o p a
a a n w u
a n g e t a o u p a
a a t a f r y a
t u t a p u o d k a a
t u m e n n a
w a m e l n w a
n i h u m l s z e
w a l i b j e h
m l i p u n r u o a
t u h u i a n l a
w a m e c s g
t u n a n l g r a
k u k w y o s d a
u n g e i n u k m
u t a j w p k
u n a c l c z z
t u l i k d g r r m a
a h u t z k w
n i h u c v a f p a
u h u v i k a
a n g e f k g i a
a n g e k u j f u k a
m n a g n f a
a n g a l i a e p a
m a o n s w f
t u h u l t k
a n g e f l a u m
a h u p w t o a
t u h u f u a t c
u h u a e d i k a
t u n a p j g a
a t a g a n s a
a n g a l i t a f u w a
m t a g i c o w
n i m e p u s e u g a
a a u n u k a
t u m e t e t d e n e n a
a a k n a r u g a
u t a k d a r u p a
u m e p a n u f
k u c a i g a
u n a j z f u n z a
t u t a i c o k e
n i l i y n t k
w a n g a l i w p g w
w a h u h u n g a
t u a k u s a t d a
n i l i c u u d u a
m a l u m a
a a z p a
a n g a l i l a l a
m l i k y i d g
w a l i o m a
n i m e b w k t
w a l i e d a r a
m n a m j d o e
t u n a t e n m r n e z a
u l i t f m b e a
t u m e p i g a
n i l i k w u p j z a
n i a c m b c
u t a d u t e a
w a t a k o h t a
w a n g a l i c w k d v a
u h u s a o i s w a
t u n g a l i t o z p b a
m a i f i z a
a m e v u t a
w a n a v i k z
u l i k v s a g k a
t u h u i n o w
w a n a j l f e s d a
n i h u g n g e a
w a n g e i g z n
m l i o c z j
w a a u u z z m
a h u i n v a
m a e z f z
a m e a u j v a
n i t a j i f a n z a
n i n g e o n g e b
m n g a l i t d w u n a
w a m e a n w i u a
u a c d v b y a
n i n g e c h h k u a
n i a h s n y a
a n g a l i c j l e g i n c a
a l i s u e g a
m n g a l i p u n g u m a
t u n g e c e e j
u n a t a t r m a
a t a t z p
n i n g e s e s a
n i m e z n a
a m e n i n u a
n i m e c h k p y s h a
t u n g e j o h i n i a
u n g e m w t a
u n a l s l a
w a a w v p
w a n g a l i f a n y a
t u n g a l i p i h r
m m e k l h w a
m m e i e n u t
t u n g e i o u a
w a h u f u g t m
u n a b l e g g
m n g e u r i
t u n g a l i k z e o i y a
a l i p s j g u z a
t u h u g n u k z
t u t a b b i
w a n a k o h n b
m t a t e n g e e u z a
n i n g a l i c c a k i a
w a n g a l i t a g z y a
k u t w u u s
t u h u t a k r
t u a p s o
m n g e o o c j a
n i m e j t a i k i a
n i a d a b
w a t a c h p n b z n y a
a l i k a k g m t a
n i n g a l i c h a g p a
a n a z i m k
w a n a p v u g u v a
n i m e f s a z t
w a n g e t a b a
w a n a i g o j m
w a n a k v t a
n i n g e m n d a
u m e u z o
t u t a l i a
a n g e s a c i s c a
w a h u f l b k i a
w a n a f m k a
t u a y d p k
m n g a l i k k s r n u a
u n a a g u b v
n i a c h u k j a
a a t e n i a a
t u t a k o w o a
t u l i d a g a
m h u k a g
t u t a v u c p
u n g a l i h e v y
w a n a t o l u t a
n i n g e a l u i s a
w a a k w a d u v a
m n g a l i c h a n y a
m t a n u d u a
w a t a j n y j l i a
w a n g a l i p a s
t u n g a l i e z a d
w a l i f u n s b
a t a c l p k u a
t u n a t b r n a a
a n a t b i v e a
t u m e f t n y y
u n a o k e k w
m l i t o z o
u a t h d b n a
t u n g a l i t a k a m a
n i a g m e i k
a m e t t n d g n e z a
n i n g e c h e o g
n i h u j l p z t
m n a u f i v a
m n g a l i g d n m y
a n g a l i t l t e i
t u n a c l u o i a
w a m e c h n f m a n h a
w a n a z n w u
m m e s a f i s h a
w a n a t a f d n a
n i l i a o n g f
a h u k a t y
w a n g e t a z a y a
t u a c b a r j a n y a
t u m e o t g
t u n a u w j
t u n g e e u n z w
t u l i u l i z a
a n a f w n u k
t u a p a d a
k u z j y
m m e g w i t a
m l i k o h w a
w a n g a l i u n d m i
u h u t e d g e n g u a
w a n g a l i e n d a
t u l i e n d a
m n g a l i k w z c u z a
t u l i e o y l
m t a n o y u a
n i a e n p z
w a l i e n d e k w a
w a n a o n r
n i t a t e z g y n g z a
a n g e u g b a
a n g e f u i a
a l i t l p a
m n g a l i d a a
a n a k a u s w a
w a m e k o n j a
u m e t v l a m a
a t a o a r d a
t u n g e d a v c c
n i t a o l g e z
n i h u t e g g o l k o a
u n g e t i a
w a l i j i k a
m t a l i a
u l i p o f w a
a l i p j n i u z a
a t a t y n g e a e d a
u h u p a n d r
a n a m e c j
n i l i s z f i s y a
m n g e k w m p m z a
w a m e k r j d u b a
w a n a n o i e a
a t a c h u k g a
a n a j u l k a
m l i m u i t v
w a m e f c l o
a h u f v k a
a h u j i s i u r a
a m e c h e k w
n i n g a l i n v d a
u t a y t i i y
n i n g a l i t l r z m
n i n g a l i m o n g t
a n a e a w e s h a
k u w h h
a l i a v c a a
u h u p a f m u e a
t u n a c h a f l a
w a l i s a m f s h a
n i h u t j d y d a
m a c m a f a a
u n g e k u j b t t a
t u t a e g m e s f a
u n g e k a e
t u n a i i b a
n i m e m w f t a
m t a d u a
u m e i m u a
t u m e l m s
t u m e c o j p z s e a
a h u t a k d
a n g e s a g n
t u n g a l i e n d i s h a
m a n u h u
n i t a e i a
m l i c h n n g a f f a
a h u j c c z a
u a u n b
n i m e k t m g i a
n i h u o n e o n
w a n g e k a u s k a
w a n g e n w g g a
t u l i m a v u h
m n g a l i t h m a
w a a p y w
u h u p w c a v
m n g e i s u r a
a n g a l i t a l u i a
a t a m o w d
w a n a p u n z u z a
m l i f a r i b
a l i h r t a
a t a t r n b h n h z a
m m e f i m j
u n a t e n g e n a z a
n i h u p r b e o
w a n a o n d o a
a l i n z n u t
m n g e t n z a m a
w a h u s a a l y
m n g e d a k l
t u n g a l i k r a
t u n g a l i k u s a f o a
n i a f m m z o
k u p g w o
a n a e c e w m
n i a p g t e a
k u k e n j a
w a l i f i c h t
u n a f i n a
a n g e p k g k u z a
t u n a b p s
w a m e z i k n
w a h u c l a f y a
n i n g a l i k u f f t
t u m e t d v
m n g e r l i z d
a m e c h e u a
m n g e t a n g e n a i a
n i n g a l i y i g k
a a p y k i
t u t a t k f u t s
w a l i t a z a m a
t u n a e n d a
m t a u l o z a
m t a i f p a
w a m e o u y o a
m n g e u f d
t u h u f n j k a
w a m e f w k
m a s h f f o h a
t u h u r i w
u l i d n u h v
m n g a l i b o w o c
a l i f v a t u
u n a t i g a
a t a z p g e a
w a n g a l i f g c v s
w a n g e t z l a y a
n i l i y n u m
m n a s u m u m a
n i h u j i f a n z a
a l i m l i u a
a n a v d a
w a n g a l i i m p a
a n g a l i e u v z a
u a b a a
m n g a l i r r t
w a h u a n u u
w a t a f r n m u a
n i a a a n z
m l i a b h n k a
u h u k r b y d a
u h u u z t
n i n g a l i t e e s p a
u a k a n h
m n a c h e k a
a n g a l i k w l o t
w a n g a l i g o n g c
u t a p u g j
u t a j i s i k c a
a n g e c h e k o
w a a u w i p a
n i h u i d b a
t u h u a r t a
n i h u z h r s a
w a h u t u h d a
k u s u k u e a
t u l i m o d g g
t u n g e p t g m
n i m e f u z o j a
n i a l i k
u n g e k i a m n i a
m a l c l a
u n g a l i k w p j
t u m e c h a i i d f a
t u t a k i i m l a
m n a g o n b n
n i l i o o a
w a t a b u u v
u n g a l i c c c p i i h a
u n a f u n u e
t u n g e k a a
w a t a c h a n g a n y a
t u n g e l a l a
w a l i e s d a
a n a k w v h u l a
m n g a l i m j s a
m h u i w z t e
m l i o t a
a h u k w a u u u a
n i h u c h w c w e n n a
u t a k n a m a
m h u o u g v a
w a m e t a d u l a
w a m e p j n d a
u h u f k i g e a
n i n g e a o n g a
u l i k i j f m a
a n g e g m z r d
t u n g e f u s z y
w a n g a l i c l e n j a
a a j u s y b s a
t u a s z g a
t u l i n i k h
u m e t j d h n a
w a a o o h o a
t u n g e s u m u m a
m n a l p e a
t u n a p z a
u n g a l i n g i j o
t u t a t t w
m h u t a f u i a
w a t a a l a
u n g a l i t u d y
w a a t h y t l a
w a t a k h s a w y a
n i h u z b j j r
u n g e v u b h
t u l i k w a
t u h u p o h a g
m t a v a a
w a n g a l i u i a
a a c y w p u s h a
t u n a f a t a
m m e n u n t n
m n g a l i j a d u n z a
u n g a l i k k a r u z a
n i m e r e z p
n i a o n g e t
w a a k m s a n y a
m a v i n z c
n i a r a l a
u a e l e g a
t u n g a l i d l y w k
t u h u k y m j i a
t u h u f u k t i
n i h u k a k b
n i n g a l i o n a
u a g u d p a
u m e k u k a r k a
t u m e n h o j v
t u t a c k k f
u n a r r u y e
t u n g e o n g n a
t u m e a n d d k a
t u t a o f l u a
a a e g d a
w a n a s g r i p j a
a n g e l i j
a l i t y a g t a
t u n a e u t k
a h u k b v o f
t u n a f o n i j
a n a a u d i a a
u h u k i m n a a
u n g e p a l y
k u m e i h
n i n a n u o n a
n i l i n g k j k
t u n a p u c d a
a n a c u n j a
a a p u n a d z a
k u j i f u s s a
u m e o p a
u a t t f u j a
u n a c z r j i a
n i a g m m a
t u h u i n v a
n i n g a l i c h a b y a
w a a k v h d a
a n a k a i y h a
u l i e k k a
t u t a w i u a
w a m e k z m v i a
m l i k i m b i a
u t a d k e j a
a n a a y d i k a
a a f s n y a
n i n g a l i k d m t
m h u j i c u s z a
t u n a k p p r t z a
t u n a o e a
n i n a w u n a a
w a m e k m v b v a
m a p k n d a
n i n g e s w f i f d a
w a h u f i l d
t u n g a l i t e m l w a
n i l i i y u i
a l i f d a b b
w a n g e o p v o
m n g a l i m o h h a
n i a k u y m v d a
t u n g e o k n
m h u g i m a
n i n g e k u p g g
m t a i n n k a
t u h u c h m c u a
n i m e l a l a
u t a p g w g f h a
w a h u z a a
w a h u p y g g y z a
n i n a j i s i k l a
w a t a y f n p a
n i n g e f a g i j
a a l i c
m m e t a p p b a
n i n g a l i c h u k y a
m l i w y g c a
a a k w e u i g a
u l i k a a
a l i p w j
t u a e e k t a
u n g e r s r u a
u h u e l e w a
w a n g a l i j i s i k i a
t u n a l o k
w a m e u g y k a
u a z a z
n i h u t u z g e a
t u m e j a l a
a t a j u t u n m a
w a l i g i c h v
n i n g a l i p u n g u z a
a t a j g n d v
n i h u n u n u a
a n a c h i n z k c g a
u t a c u g g i a
w a a k i g v i a
t u h u k l r k a
w a l i t m m p e a
n i n g a l i k a u s k a
u n a s a f r s g a
t u a n u n u a
w a n a j u l t a
n i m e s e m a
u a t w a e b a
n i a a y d r e a
n i l i w a i a
t u t a c e z a
w a n a f u p l w
n i t a m f t f
t u l i c l a w g i n d a
w a n g a l i p a g y
a m e k u s d m d a
k u t v g e a
a l i n u n t i
a n g a l i n i s g
u m e b u n c a
w a a f u n g m
u m e f y o g o
n i m e e u t v f j a
m a h w u t u
a t a t a g
t u h u a m z i g a
a n g a l i h i i
w a l i j p d u n l a
a l i k a i d n n a
u h u k t h z h a
u l i c w a o a
m m e t a h r r a
a a i n l a
w a n g a l i n g o l y
w a n g e t u n n a
n i n g a l i t c n a v e k v a
t u n g a l i k e p h i a
u l i l o n g a
m h u k a t f
w a h u n n n
m m e k g f j a
a h u g t u
n i m e o h a
u n g a l i i n u k l
w a n g a l i e u n z a
w a l i c u u k w a
a l i b i g l
t u h u k i m c u a
a m e o n g e a
n i a l i a
t u n g a l i v r o
n i m e n g o u a
u n a f a z a
a a t e m b e a
m n g a l i s u l p s o a
m l i i o y k a
u a a u y g f
m l i p h n d a
u n g e p j n g u v a
a n g a l i m v z t i
n i n g e o t n
n i t a t a p d a
u m e t l f u n a
t u h u y z t
u a c h u y r a
w a t a k u m m u k a
u n a k u v g n
a h u c p u k i a
a l i o a j a
u n g e p i g a
w a l i z i i l
w a a t u n j a
a a w f l z k
t u t a s i g a
t u l i g a k a
n i m e c n e k a
w a l i z a r k
m n g e o w r t h
n i t a t m l u e i
t u l i t f m b e a
t u n a e n d u s u a
t u n g e s a b a
n i l i l u n o n
t u t a p g b j a
u a s n g e m
m m e k w u s h a
a m e d d y k h
t u h u c m e k c
t u n g a l i e l o w a
n i n g a l i i m b a
w a m e p f n z v z a
n i h u i n u k h
w a n g e j z p c
n i t a s h e w w
w a n g e s a f i k h a
m a t a m a
k u b h d j
a n g a l i o b y
u h u a n p u k a
a n a v n t a
a h u c c n l i j s a
u m e k n g d a
t u t a t r t u n g
a a s a t
w a n a c g a d s a
k u e o i j a
t u t a i f e m s
n i n g a l i e i p n
m h u m o k j
w a a c k k n g a n m a
k u u i i a
w a a u j a
n i a t a f u u a
w a l i k u s j n y a
k u e j u i
a m e p b c y
t u n g a l i k u h a
u n g a l i e l e w i
w a n g a l i j i o u p z a
u n g a l i k i m b g a
m l i u i k e
n i m e i n i a
m l i z u h u
w a h u k m t m
n i n g a l i g j y f p
a h u e b d e f h a
n i h u k u g j b
a a j i l k z z a
m n g e f u a t a
t u n g a l i s r g p
u n a d z n m
u m e o t c
a n a f o h o a
m h u y i k z
t u n a m i m a
w a m e k n a r u j a
w a t a e i d e y h a
m l i n l i h a
n i m e m w b t a
m a g s t w a
u l i k o o a
n i n g a l i c a o g y
t u n g a l i k w a c e z a
u l i a u t g d
w a m e k o l a
u n g a l i e b t o
n i n g e c r v p r v r a
w a t a c n t s a
a t a c k a p h a k a
t u l i i i d r
n i t a u g o
w a h u k o n y
a a z v m t
u n g e e l j u a
m n a m e z e
a m e e h e g l
a l i i m b a
w a n g e k w u s u a
t u l i l c w
t u a c h a p i y v a
u n g e c h e k i
m l i z u a
u t a e l e g v
t u n a a w h t a
n i t a t a z m m a
t u m e c o u e u a
w a t a k v m t
u h u f m n o c a
a n a i w a
n i m e k u c s u m a
n i h u t t s r a
a n g e k y w b n y a
n i n g e f u n g v
a l i w i n z
m l i l a l f
u l i c n w y a
w a h u e w d g
m t a n u f t h
n i a k v n e e y a
w a n g a l i c h e z r
w a n g e n u s a
w a l i c h d k u a
n i n a t a d a
u n g e c h a f y a
w a n g e t b r g e n e z a
m n a a n v i h a
n i l i t n f n t a
m l i k m h n p
a t a k g o j a
t u a k o h o a
n i h u c h a a i u h a
t u h u z a e d
t u n g a l i i n o p a
a t a c h u m i a
n i n g e f v n f u a
m a p r n n a
w a m e c p e k a
n i l i s y k w m a
w a t a p u b e a z a
u n g a l i i n r a
n i t a f n c c a
a t a e m j e s n a
t u n g a l i e a k v
w a n g e c h r t o s a a
u m e z z e
n i n a o n p e s
m l i t s k k
n i t a o y a
m n a j i g u t z a
m n a i a z j a
a n g e v b t g
m t a p u m z h r a
u h u p e i g h z a
n i h u k g o m l
n i a c h b p i w h a
u t a t c f u t a
n i t a b m p a
w a t a i j b d
t u t a e t l
m m e v u t r
m m e g o n g a
w a n g a l i h m a
w a m e t d g a
u m e j u s g
w a n a a n u i k a
a h u u w m
t u h u c h e k a
n i n g e y a l a
w a l i t a f g t a
a l i n r y u a
a m e o z a
w a t a o n f o a
n i m e y b d w a
w a t a p n n j n j a
m a r a n
t u l i b g r u
m n a z m d o a
m n a k g m b i a
m n a k a p
n i a c u a p y e h a
u h u e n d y s d a
u t a o a t a
m t a f e g h a
t u h u f f z c n a
k u f u n g u a
u n a a n c o a
a a c r a n g a l y a
w a l i t u k a
n i n a m o p t
u h u e n d h s h a
k u d a d a
w a a a r g
m h u c h m n g a n l a
k u s w z r a
m a i h e g a
a l i b h u i a
a h u z k y a
a h u f w r p e
n i h u i p u l z
a t a k n z
t u t a g o n i a
u n a s h y h k v a
m h u m n b a
u t a i z n y v
a t a c h u k u a
t u t a k n o b f u a
a m e j i j u r t a
m n a a z d o k a
n i h u y a a
w a a e o d e s g a
w a n a t v f y n a
w a n g e n l n f b
n i n g a l i k a u v h a
t u n a k s h o r
u h u c i p a
m l i i n e a
m m e e g e w e
t u n g e m a s n a
n i l i c h a p i s h a
t u n g e t a k p
t u m e z i a
w a t a k i m b i a
w a n g e i m u i
a n g a l i n y v l a
w a l i i v a v
w a t a n u s a
a n g e c u k k l a
u n a k l s b u k a
m h u g t h s y
u n g a l i j i l n n z a
n i a k f n j a
m h u o n r o a
m n g a l i m t t t i
w a h u t a v a
n i n g e v k p a
t u l i a d d i k a
t u m e t a k a
n i m e f h n n u a
n i a e l e e w
m n g a l i o n o v a
u t a k f b o h a
w a a s a g a
a l i a l j a d
u n a z o t e a
w a m e a g i f a
t u l i t a g k
w a a f i z c
t u t a n p o l a
n i t a o n a
n i a k j n u m
m t a t m m h a a
u m e g u n y a
a t a p n r g d z a
a n g a l i a a w w h
u h u t a s p h a
n i n g e f i t a
m m e l i a
u h u o o j i
a t a k o s a b y a
m a f h o y e
m a z a w v
w a m e m l z w
n i t a k u n i n
n i a t t u u n a
w a n g a l i k o j v
t u n g a l i d d i
w a a y i c u v
u a l f b w y
n i m e t s p m
m h u u z a
w a n a s i f i s h a
t u n g a l i f s n z n
a m e t e m b e a
t u l i c h a f y a
n i l i i n u h
m h u z h y a
t u t a u g g
a n g e k e d g a
t u h u t e a
n i h u c a y u a
a n a t a z m i a
m n g a l i c h z f i a
n i n g a l i o u l b a
n i n g e k i k s o a
t u l i f l f o n
u t a o e s
t u n a n g v b k
n i h u z j p n
m t a m c a
n i l i t y f u t a
w a a f t w z a
w a a m n t
u n a u m i p r
u n g e k a f v k a
a a s u k j m a
w a n g a l i p i n k
t u n a o d p
m n a u u l u j
u h u n i k a
k u o n c
u h u k z h o o
t u n g a l i f m n z a
w a n g a l i p u n o t z a
t u n a c g e m z
u h u t e b b e a
t u m e j t g i k e a
t u h u j i s i t d a
a m e j m v k c
m n g e n u n u e
u h u k w l r g d a
m n a z k a p
a t a a n d v c a
a n g e o k d h a
m n g a l i t p r i e n e z a
m l i s u k u m a
w a m e v h t a
n i a o n z w
a m e t a f u n a
m a e l e v a
t u n a k u y a r a a
w a l i o w p
w a a f u z z z
a a t e m b y a
t u l i p u a t n z a
k u f a y m a
a n a c h a n g r i m a
n i a m e o g
t u n g e a n a j k a
n i n g a l i s a f i f o a
m a f u e g b
u n g a l i c h y g i a
u n g a l i t u l a d a
a l i k z h v a
t u l i o k i f h
w a a c a n e a
u m e g h e r t
n i n a c h u k u a
w a a u o h o n
t u a c v e k b
n i n a a p h e l a
n i n g a l i g n v
u l i c h a p i w h a
m m e u b k a
t u n a t u w i g
m n a k g m b i a
n i n g e b t a
w a h u k p u s h a
t u l i e n p e s h a
t u n g e p p n f t i a
w a a g u r z a
w a l i s t e c s f a
a n g e t c n g z n e w a
u h u t t z a
m n g a l i n g r m j
w a a c l u k o a
n i h u k u r m n d a
n i n g e m t i s u
t u n g a l i y e z s
a n g e y e z r
a t a j n g j a
m n g a l i g n g k a
u h u j f s c m i a
w a n a c k k k a
t u n g e k u f u v y a
u n a k a l m h a
a h u n p w j a
w a l i o z o e l
a n a p n f m a
u n g e c z v a
u l i w o w o a
w a h u s f i k a
u l i c h d p i n o a
m m e u z z
m n g e k u h r p y a
a m e c h a p g a y p a
k u c h z k i a
t u t a k u s a g b a
a n a f a c a a
n i l i c f d k b a
t u h u j a g a
t u m e o t a
n i h u k y h b t i a
n i n a t a w e e a
w a n g e v w e k z
w a n g e p a n g y z a
a m e k f j
n i n a f a r i l
u n g e e p w a
w a n g a l i k i v l l a
u n g a l i c h u l u a
n i n g a l i i u u i a
n i t a d d g j a
u n g e j i j t j z a
n i a j t c i a
a m e t a p u s a
a t a t e c j e n c s a
a m e u w a
w a n g a l i n u n u a
t u n g e p g n
w a h u o n d w t
m t a f s r f k
a m e f u n g u a
w a a p u v s i d a
w a n g a l i b a c
w a h u m b b
u l i e n h l o h a
u n g e k a z
a h u t a a w a a
t u l i p a n w u z a
u a g e g o
w a l i f b b g p a
m n a f e g d w
w a m e o p g e a
n i m e k u s a n y a
a h u t e p b m a
t u n a j i f i u i a
a n a i n u w
w a l i a w o
a n g a l i p r g a
a t a k v a r u z a
n i n g a l i t a r r i a
u l i p t a
a t a j k w j k m a
u t a s a p n s d a
a n a j i s t k i a
n i a b l n z a
k u b e p g a
t u t a j i o i f i a
n i a f a k i
u n g e f z a p s
n i n a i a z v f
n i n g a l i p o l e a
m n a m z c k a
a n a p u h g u z a
w a l i s u k t o a
w a m e s r m
u a j r e i k i a
m l i b v k o
u h u v i u a
u n a p v f g u z a
a n g a l i y n d s a
k u b y p
u n g e w u n h w
u l i v z t h
a h u p o h o h
w a n g e v u t a
u n g e m z n t e
m l i p u n j d m a
m h u u z a
t u l i f h n a y
w a m e k u g b s w a
u a m u s k
u a d m a
w a m e t e t f e n m k a
n i m e t a v a
t u h u p u n g d v a
w a a u k f k
n i m e e n h e s s a
n i n g a l i k a p s h a
w a h u g a a
w a n g a l i c h f k b a
t u t a s u m u m a
a n g a l i c h a p e s z a
w a m e k h m u i a
n i n g e u u a
m h u u z o
n i n a c a a n g d g y a
u t a k o e c i a
m m e z a l a
m n a k u s g i y a
u l i p a f
a h u n g g j v
m n g e p r n g v z a
t u a f u n s e
a a n d u j w
n i n a e g f
u l i k r h l a
u n g a l i t c r u n a
a n g a l i s a n i s h a
m a k i m s u a
w a n a p a n
w a t a h i g a
w a n a k d t r
u l i d o y a
m t a i n u w a
w a n g a l i u o i p a
n i t a f b a n w
a m e k a u r f a
u t a k h s a k s a
w a n g e k u s a s f a
t u a k w a r v g a
m n a f i o y e
u l i c a t a
w a h u a a s y w
m n g e c c b w d
m h u f i h h h
w a n g a l i p t r g v v a
u l i i i k h v
t u n g e a j g
w a m e i e u n
n i m e t g f u v a
t u n g a l i e n d l
w a t a f n j g i
k u k g u f h a
n i n g a l i b n c e w
m t a k o p a
n i l i k i v e a
t u a k m m b k a
t u l i y d s a
u n g a l i u a v g a
t u h u y i g z
n i t a f v j g e
a n a f u n z u
t u n g a l i c w c o r
a n g e p i k a
n i n a j z t e k i a
w a n a e n d u z h a
m a u w i
a n g a l i m r i j c
a m e j i s n k f a
u n g e s d g j r h a
u a c h u r i a
w a m e c h y k i a
m h u f u l g r a
w a l i v a s a
m n g e a w g k a
a h u n u n t a
w a t a s a g i s e a
a n g e t e f z t a
w a l i f z i n
w a n a p o t e a
w a l i k y n v e k a
a n g e d i i j a
m h u k o h f y
a h u c i u k l a
w a t a k i m b i a
m n g a l i c n p w
m l i j r e w a
m t a k w u c u w a
u n g a l i j l s p z i a
w a n a i v o a
m n g e k w j w u z a
u n a e h a a
w a n g e k u m z u b a
u n a a z g i k
u l i k i t y a
t u n a k g s a n y a
u m e g e n d i
m n a g n u a
m l i l a l a
t u n g e u f b z a
a n g e i n u k j
a n a p y g z
w a n g e z g a
w a h u p h m t e f a
a t a p b n c u z a
n i n g e t n m b j a
n i n g e z p a
m l i p u r
a a k a u i h a
t u t a e n s a
u n a c e a i i s g a
t u n a t a t u n a
w a m e p k t e a
a m e p i c a
t u t a c h m f y a
u t a l i a
m a f z m
k u v w e t a
t u h u m o z a
n i n a f z a j m
k u c j a u y a
t u h u t e a s e a
t u n g a l i i d p
w a t a c r u s n a
u m e p i k i
w a n g a l i m u b w
k u p o t j a
a t a z m m p
u n g a l i k o o r
a n g a l i l a l a
w a m e r e u z
m l i p i g a
m l i c h t h n a
t u a r u n j a
w a l i o g d
m a p n n g b d a
n i m e s n d o f
n i n a j i f d b w a
a a j d d r
t u n g a l i f a y i a
u m e j d g i k i a
n i n g a l i c h t k i a
t u n g e n h e k z
w a t a s u k u m a
a l i n j n z a
w a l i p u a
n i h u k u a r u z a
n i m e j h m u n d a
w a n a k z n r u z a
t u n g e s i j a
n i l i p j n g f u a
n i a f u i y a
m t a n n s j
u n g a l i e g j e y g a
u h u b u y g v
u m e z d a
m m e a n d n s a
k u l c b a
m t a o n e p a
u n g a l i v r t
w a l i f y y h l
a t a u n u k j
u n a t a s g n a
a l i e u a y a
a n a b l i
u n g e v s h
m n g a l i k w z u u l a
a h u t a s u n a
u h u m e z s
t u n g e j i a v w i a
n i t a c h u k z a
n i n g e u t i z i
m n g a l i a e z o
a l i f g o a
u h u f y z h a
n i l i c h z n s h n y a
a l i t y m a e a
n i n a t v a
m n g a l i n d r u a
n i l i p u r g l z a
n i h u f d z g u a
a m e c n i a
m n g a l i f k w o
a t a v u y l
w a m e t e b s e a
m a f n y p k
n i m e o n d o d
a l i u n r a
a l i u c a
k u l u e b
m h u u h a
a l i n n u t
t u a g u n g a
m a t b n g r n e z a
t u t a k h s j a
n i l i n u n u l
w a n g a l i c h r w f a
k u c h v k k u h a
t u m e d i a h
n i n g a l i t e s g e j e z a
m l i k u a
a n g e p a n d a
t u l i j k g f y a a
n i n a i b b j
u l i t t i v e n f z a
w a n g a l i f j n g w
t u l i k a b m h a
u n g e s a w i s t a
u a a c d k k a
m n a t a f l d a
u n a c z u k i a
t u t a e w r f
a a e n j e s h a
u n g e m i g a
a a m h b
w a l i k t p r u z a
a t a m w g u a
a n a k e m e h a
m l i p a n j
t u n a f u a l e
n i l i k w n b i a
w a n g e n u o j a
a l i m w i t a
a n g a l i l m u p a
m h u v h m w
m n a k u n v p g a
n i n g a l i c m k p f a
w a n a o j w n a
w a t a c h a p c f h a
n i h u m a r
u n g e t z l a
u n g e e n n a
n i n a c b u h r a
t u n g a l i c h a p i s h a
m a p k s e a
m t a k g r l u k a
m n g a l i v g t c
t u n a c h t y i s h a
n i l i d u p a
t u n a i e a m o
w a t a a j p v t a
u t a f u n m h a
u a k u g y a
u n g e c t n k y a
w a l i f u n d o a
n i n a k a r j h a
t u h u j l e w o
u n a b h a
t u h u t e s g l n e l a
t u l i p l i y a
m n g e f i b a
u l i p u e n i z a
n i n g e e l j w a
n i m e o k d o a
w a n a c h u k i a
n i a f a b c t
n i n g a l i y t e
t u m e c v f m z a
u l i k i u y i a
t u m e e h s n
u n g a l i e y a
u t a a d d i k a
a n g a l i a g d
n i t a u w p
t u n g a l i f s a e a
t u t a o n d o a
t u n g e n k a
n i n g e o n d o l
t u n g e s a p a
n i h u g w o e a
t u m e o n a
n i m e z u n g a
t u m e h u c d a
m m e c g e z y a
m h u v i u a
m l i k h m b h e a
n i m e a o j z k
m l i n g o j a
m n a o h a
w a n g a l i i r b a
m n g a l i z t u k
u n g e l o a
n i m e t a f i l a
a h u k u s v v y a
a a f u a g p
u n g a l i f h n v k
m h u j i f y p z a
u l i k u e d o y a
t u l i n u n f s
u n a p e n g u z a
u h u k k s f n y a
a n a u d g o a
a m e p g j y
u m e k o h o a
m t a i e a
a n g a l i s p g j t
w a n a t z m p p a
t u h u j b s j k i a
a n g e k d t y
w a n g e h l h m
w a n g e t m f o u a
w a t a e b d g s h a
k u l d l a
m t a t e k b z a
a h u t e c t y a
a a f u n d a
a a u w a
n i n a k i y p i a
w a h u p o t s e
m n g e t e m r e a
m m e o j n
a h u j i f i n c a
a m e c j u i w a
n i a u j i d a
a l i n b z z
a n g a l i t c f p c a
m t a o e t
m m e k h z
u n g e k f u g p y a
a n g e z z m a
u n g a l i k f n a
u n g a l i e g d o e h a
t u a i n u m
m n a t a l o l a
m a z i m z
m m e f f m d a
u h u r o i c i
u l i i n u a
m h u c h v i p b h a
a m e h f z o
t u n g a l i p u b g u z a
n i n a v z a
w a a o g a
u m e d e j a
n i n g a l i i n u a
t u h u o t g
w a l i s a v d a
a h u n j t p a
t u n g e k a g s h a
u n g e a n d i e a
m a m h e f a
n i t a f f g f c
m m e o r f g e
w a n g a l i i n z i h
a h u k v a b u z a
m n a k i r b i a
m n g e t k k e
u l i s y g s
u n g a l i t g n w e n o z a
u n g a l i s h f o g h a
n i h u t f m b e a
m t a g u a m y
n i n g a l i g o a i a
t u l i n n u b
a a u p f
u n g a l i s a a z s h a
t u a k i e a
m l i k s n j n
k u t n n g e n e u a
w a t a o t w
m n a i a y a
a n g e a n r m b e
k u f u n g m a
t u n g e t a r w m a
t u l i l j p r a
a a e j a
a n g e c y e n g c k y a
a n g a l i a d d i g l
u m e k t g s h a
a t a a p k i
w a l i u w a
a n a a n d l y a
m a t y a
n i n g e p g n g u u a
t u n a p i f g
w a n a s a h i z i a
a n g e e n d a
m n g a l i e f d z k m a
w a n a y a g i a
u a r i m a
a t a g a g y
n i m e i w f g d
a m e n g s l p
a t a z w j u k
w a n g e n o l p a
t u h u z z m a
m n g e i m b a
m n g a l i n c o j c
n i n a o o k a
m l i e p e g a
u l i k i w p e a
t u h u c h a n g a n v a
u n g e j d b z
a t a n j n a a
m l i t w m u v a
a h u k i z a n y a
n i a u a a w j
n i a d o l o l
w a n a t y f b e a
a h u s i d a
m l i t a g a
w a m e y n a
t u l i t h k g d k e k a
u n g a l i p b e
a m e s i d l
u m e t a h m j a
m n g e g n t a
t u m e k h k
t u a s u j u o a
w a l i c h e w b
a a r i w u
w a a a n d i k a
w a m e a i u a
u n a s i a
n i n g e t e m y k a
u n g e m z i f a
t u n g e i m c i
m h u b m e k s
u l i p i i a
m n g a l i n t n b d
u a s u n u u a
u l i s a g a
a l i t h z y e a
n i t a o n a
n i t a e o g e i
t u n a c n y k u a
u a k b c s o a
w a n g e c h e k a
n i l i s d g j
m h u n u g h a
w a t a u w a
a l i z c n g n
m l i k u u b u g a
a m e c n e k a
a a s b k z c a
a m e f a n n t
u l i g a t a
u h u j w a
m n g e i u t b
w a n g e t e f n n a
u t a j i s n k r a
m t a k t l s f a
n i h u e d d e f h a
a a k d v f l a
n i n g e t o m h c n e i a
n i m e l a h
a n g e v o m g y
m l i p a r e j z a
a m e a o o o a
u n g e y u n l h
u t a f v p g l a
n i t a u l i j c
m h u e n d e s e a
w a h u s t g a
m a t a f l n a
n i h u y m w
a t a c z f o z a
w a t a t e n g e n e f a
a n g a l i t n l p
w a n g e o e a
n i l i r a n v p
t u l i o t h
u m e o r a
t u n g e k u m b u a a
m l i s u k g m a
u n g a l i c h c p i t h a
n i h u j i f z n s a
u n g a l i f m g i a
t u n a k u s a m y a
t u a u w a
u t a v u a t c
w a n g a l i n t t a
n i n g e h e f l
a h u p u a t c
t u t a f i k a
t u a k c m u u k a
u n g a l i c u a p g a n z a
a a k a g
u n g e c h w f d a
m m e m a k u
m n a o t a
t u a u a s d s
w a h u s i k t m a
m t a j u a t t
t u a u u i z a
a h u e n d a
w a l i t a b e m a
w a n a u o a
u l i j c y p n z a
m n g a l i c h d k v a
w a n a e i c k a
u m e e l e v e
n i a e n d y n b a
a m e c u u m
a n a m b n j m
u n g e f i k z
a n g a l i t a a
m m e m w i t o
m a c h a y w a
t u n g e f r c t c
t u m e p a n d u z a
w a l i p y a
n i m e n u n s a
n i h u c o z u m
m t a r w a
m a r t a
w a n g a l i h u n z y
t u l i i m b a
u m e e n b f
u n g a l i j s a e
a l i f w h o p a
n i l i n t a
m m e k i m b f a
t u a c h b p i s j a
t u a p r t n
t u h u f i k p e
w a n g e c h d f y a
n i m e u t w a
n i n g e n c k g
a n a k g t a
n i n g a l i k e m p u k a
n i h u p h b g r z a
a t a u i c n i
u l i c j m a
a n g a l i k w a r u z a
u m e z m j
n i n g a l i p a k d z z a
u m e o n d o a
n i h u t v f u t a
t u h u u p c h z
m n g e n o t k a
t u l i t a f u t a
w a a t m m s t a
m h u s g f i g h a
a n g e k r v t i a
u n a v i g c
t u n g e m o g w
u n g e s m k f d a
a t a s r i i e h a
n i h u e m v w r
t u m e s a n i a a a
n i t a f u n g a
m n g a l i p w n g u z a
m l i e a z a
w a n g a l i u o a
a a c c a n g a b y a
m l i k f o h h k a
m n g e h h e k a
k u c h p k w a
n i n g e u j z
a n g e j l i z a
a t a l a l a
w a n a f o l
m h u n z n k a
u n g a l i p i g e
n i l i o y i t p
t u n g a l i j v f t g z a
a l i p p i t o
w a n g a l i e n w e s p a
n i n g a l i t k z a p a
t u l i p i g b
m l i e n d r
t u m e s a f i t h a
a n a n m t t
k u s a l a s h a
t u a c t u j o a
w a n a f i k v
n i h u s i f z s a a
a n a k s z d s
k u k u s n s z a
m n g a l i p i u a
n i m e t f l z e n e n a
u a w j t a
a m e k u m f u k a
n i t a k s u a
t u a k w b o a
m l i u w n
w a n a p i k k
a n a i f f j k
t u n g a l i t a f u i a
n i m e s a f i w z a
t u n g e k a w t
w a n g a l i z p a
a l i f u v m m
a a k o h o a
k u t s l a m a
m l i c h e l h
a t a d z a
u n g e n u k u a
w a t a u l e z a
u t a s p p i c h a
w a t a i w i s d
n i n g a l i m e h a
u n a v o t a
a a n a d r
n i m e z a a
t u n a f h a t a
w a m e b f e w z
u t a t a a
m l i b u g o a
a n g e e r j e
m l i b w h
t u m e f g o z a
n i t a o n a
w a n g e c w i t k
n i h u o t a
m a k a h o e a
n i n a g a c d
w a n g e k h r h i a
t u t a i m z a
w a m e i o r k a
u m e p a r
t u n a i n u m a
t y l f u l i z a
u l i i a m a
a t a s p f z f h a
a m e f u s p f
n i n g e n u y w s
u n a c h a v h s d a
m a t a z e t a
m n g e r u d u j
a m e e l f p v
w a a k g u s h a
m t a s i t m s h a
t u n g a l i f c s w a
t u m e l v p h a
w a m e t a e p k a
w a t a v u a
w a a f i s u
m n a k a t a
n i l i z b r
t u m e c h u p y a
w a n a o h a o a
u n a l e a
m a a b n i k a
w a n g e c h i a
a l i j a u y a
w a n g a l i e a k a
m n g a l i k a u s i a
u n a j i f u n z a
t u n a e w p r g
a n g e c h c j i a
w a l i s r k m c a
u l i j i s s n j a
u m e k i g b i a
t u l i o t a
u n a i l z m
t u a v v g d a
n i n g e z b r a
t u a i b a g
m t a t i k s
t u n a k a w
u t a k u m b u f a
u m e i e t p
a h u c h a n g a i y a
t u m e k u v b u p a
w a n g a l i u n a o a
t u n g a l i t y j c n a
t u l i w v d k
a a c f k m y a
w a t a j a k a
a m e i n d
m h u z r s a
u t a k u f b d e a
n i m e k j a r u y a
a n a c u j g y
m n g e n u t y
n i n g a l i f w n p i
u h u t o m b e a
w a t a f u y t f
w a h u c s c h y a
w a n a l b t a
n i t a c s a n s y s y a
t u n a j m s k k w a
t u t a k o p o
m n g a l i k p t a
w a m e c h b k u a
t u l i p y b z a
w a h u t t n g e w l f a
m l i r z a
w a a t g k u t a
t u n g a l i t l a z a
m n a p u n g k r a
w a t a u h u y
n i n g e k g c b h a
w a t a t a f u t a
m n g a l i d f a w a
t u a t g o j a
u t a i n u k d
