o k r e s e c h
o k r e s e m
o k r e s e
o k r e s e
o k r e s
o k r e s
o k r e s ů m
o k r e s u
o k r e s ů
o k r e s u
o k r e s y
o k r e s y
o k r e s y
o k r e s y
l i s t o p a d e c h
l i s t o p a d e m
l i s t o p a d e
l i s t o p a d
l i s t o p a d
l i s t o p a d ů m
l i s t o p a d u
l i s t o p a d u
l i s t o p a d ů
l i s t o p a d u
l i s t o p a d y
l i s t o p a d y
l i s t o p a d y
l i s t o p a d y
b ř e z e n
b ř e z e n
b ř e z n a
b ř e z n e c h
b ř e z n e m
b ř e z n e
b ř e z n ů m
b ř e z n u
b ř e z n u
b ř e z n ů
b ř e z n y
b ř e z n y
b ř e z n y
b ř e z n y
k v ě t e n
k v ě t e n
k v ě t n a
k v ě t n e c h
k v ě t n e m
k v ě t n e
k v ě t n ů m
k v ě t n u
k v ě t n u
k v ě t n ů
k v ě t n y
k v ě t n y
k v ě t n y
k v ě t n y
p r o s i n c e m
p r o s i n c e
p r o s i n c e
p r o s i n c e
p r o s i n c e
p r o s i n c í c h
p r o s i n c i
p r o s i n c i
p r o s i n c i
p r o s i n c i
p r o s i n c ů m
p r o s i n c ů
p r o s i n e c
p r o s i n e c
o b y v a t e l e m
o b y v a t e l e
o b y v a t e l e
o b y v a t e l é
o b y v a t e l é
o b y v a t e l í c h
o b y v a t e l i
o b y v a t e l i
o b y v a t e l i
o b y v a t e l i
o b y v a t e l i
o b y v a t e l
o b y v a t e l ů m
o b y v a t e l ů
č e r v e n
č e r v e n
č e r v n a
č e r v n e c h
č e r v n e m
č e r v n e
č e r v n ů m
č e r v n u
č e r v n u
č e r v n ů
č e r v n y
č e r v n y
č e r v n y
č e r v n y
o b d o b í c h
o b d o b í m i
o b d o b í m
o b d o b í m
o b d o b í
o b d o b í
o b d o b í
o b d o b í
o b d o b í
o b d o b í
o b d o b í
o b d o b í
o b d o b í
o b d o b í
o b l a s t e c h
o b l a s t e m
o b l a s t i
o b l a s t i
o b l a s t i
o b l a s t í
o b l a s t i
o b l a s t í
o b l a s t i
o b l a s t i
o b l a s t i
o b l a s t m i
o b l a s t
o b l a s t
h l a v e ň
h l a v e ň
h l a v n ě m i
h l a v n ě
h l a v n ě
h l a v n ě
h l a v n ě
h l a v n í c h
h l a v n í m
h l a v n i
h l a v n i
h l a v n í
h l a v n í
h l a v n i
r e p u b l i c e
r e p u b l i c e
r e p u b l i k á c h
r e p u b l i k a m i
r e p u b l i k á m
r e p u b l i k a
r e p u b l i k
r e p u b l i k o
r e p u b l i k o u
r e p u b l i k u
r e p u b l i k y
r e p u b l i k y
r e p u b l i k y
r e p u b l i k y
s t r a n á c h
s t r a n a m i
s t r a n á m
s t r a n a
s t r a n ě
s t r a n ě
s t r a n
s t r a n o
s t r a n o u
s t r a n u
s t r a n y
s t r a n y
s t r a n y
s t r a n y
h u d e b n í
h u d e b n í
h u d e b n í
h u d e b n í
h u d e b n í
h u d e b n í
h u d e b n í
h u d e b n í
h u d e b n í
h u d e b n í
h u d e b n í
h u d e b n í
h u d e b n í c h
h u d e b n í c h
h u d e b n í h o
h u d e b n í h o
h u d e b n í h o
h u d e b n í m
h u d e b n í m
h u d e b n í m
h u d e b n í m
h u d e b n í m
h u d e b n í m i
h u d e b n í m u
h u d e b n í m u
k o s t e l a
k o s t e l e c h
k o s t e l e m
k o s t e l e
k o s t e l e
k o s t e l
k o s t e l
k o s t e l ů m
k o s t e l u
k o s t e l ů
k o s t e l y
k o s t e l y
k o s t e l y
k o s t e l y
v o l b á c h
v o l b a m i
v o l b á m
v o l b a
v o l b ě
v o l b ě
v o l b o
v o l b o u
v o l b u
v o l b y
v o l b y
v o l b y
v o l b y
v o l e b
p o l i t i c e
p o l i t i c e
p o l i t i k á c h
p o l i t i k a m i
p o l i t i k á m
p o l i t i k a
p o l i t i k
p o l i t i k o
p o l i t i k o u
p o l i t i k u
p o l i t i k y
p o l i t i k y
p o l i t i k y
p o l i t i k y
č l e n a
č l e n a
č l e n e c h
č l e n e m
č l e n e
č l e n
č l e n o v é
č l e n o v é
č l e n ů m
č l e n u
č l e n u
č l e n ů
č l e n y
č l e n y
s t a n i c e m i
s t a n i c e
s t a n i c e
s t a n i c e
s t a n i c e
s t a n i c e
s t a n i c e
s t a n i c í c h
s t a n i c í m
s t a n i c i
s t a n i c i
s t a n i c i
s t a n i c í
s t a n i c
s t r á n c e
s t r á n c e
s t r á n e k
s t r á n k á c h
s t r á n k a m i
s t r á n k á m
s t r á n k a
s t r á n k o
s t r á n k o u
s t r á n k u
s t r á n k y
s t r á n k y
s t r á n k y
s t r á n k y
n á z e v
n á z e v
n á z v e c h
n á z v e m
n á z v e
n á z v ů m
n á z v u
n á z v u
n á z v ů
n á z v u
n á z v y
n á z v y
n á z v y
n á z v y
v e s n i c e m i
v e s n i c e
v e s n i c e
v e s n i c e
v e s n i c e
v e s n i c e
v e s n i c e
v e s n i c í c h
v e s n i c í m
v e s n i c i
v e s n i c i
v e s n i c i
v e s n i c í
v e s n i c
ž i v o t a
ž i v o t e c h
ž i v o t e m
ž i v o t ě
ž i v o t e
ž i v o t
ž i v o t
ž i v o t ů m
ž i v o t u
ž i v o t ů
ž i v o t y
ž i v o t y
ž i v o t y
ž i v o t y
p o m o c e m i
p o m o c í c h
p o m o c í m
p o m o c i
p o m o c i
p o m o c i
p o m o c í
p o m o c i
p o m o c í
p o m o c i
p o m o c i
p o m o c i
p o m o c
p o m o c
k r á l o v s t v í c h
k r á l o v s t v í m i
k r á l o v s t v í m
k r á l o v s t v í m
k r á l o v s t v í
k r á l o v s t v í
k r á l o v s t v í
k r á l o v s t v í
k r á l o v s t v í
k r á l o v s t v í
k r á l o v s t v í
k r á l o v s t v í
k r á l o v s t v í
k r á l o v s t v í
s y s t é m e c h
s y s t é m e m
s y s t é m e
s y s t é m
s y s t é m
s y s t é m ů m
s y s t é m u
s y s t é m u
s y s t é m ů
s y s t é m u
s y s t é m y
s y s t é m y
s y s t é m y
s y s t é m y
s o u t ě ž e m i
s o u t ě ž e
s o u t ě ž e
s o u t ě ž e
s o u t ě ž e
s o u t ě ž í c h
s o u t ě ž í m
s o u t ě ž i
s o u t ě ž i
s o u t ě ž í
s o u t ě ž í
s o u t ě ž i
s o u t ě ž
s o u t ě ž
c e l c í c h
c e l e k
c e l e k
c e l k e m
c e l k ů m
c e l k u
c e l k u
c e l k ů
c e l k u
c e l k u
c e l k y
c e l k y
c e l k y
c e l k y
m i s t r o v s t v í c h
m i s t r o v s t v í m i
m i s t r o v s t v í m
m i s t r o v s t v í m
m i s t r o v s t v í
m i s t r o v s t v í
m i s t r o v s t v í
m i s t r o v s t v í
m i s t r o v s t v í
m i s t r o v s t v í
m i s t r o v s t v í
m i s t r o v s t v í
m i s t r o v s t v í
m i s t r o v s t v í
p r o s t ř e d í c h
p r o s t ř e d í m i
p r o s t ř e d í m
p r o s t ř e d í m
p r o s t ř e d í
p r o s t ř e d í
p r o s t ř e d í
p r o s t ř e d í
p r o s t ř e d í
p r o s t ř e d í
p r o s t ř e d í
p r o s t ř e d í
p r o s t ř e d í
p r o s t ř e d í
n á m ě s t í c h
n á m ě s t í m i
n á m ě s t í m
n á m ě s t í m
n á m ě s t í
n á m ě s t í
n á m ě s t í
n á m ě s t í
n á m ě s t í
n á m ě s t í
n á m ě s t í
n á m ě s t í
n á m ě s t í
n á m ě s t í
s h r o m á ž d ě n í c h
s h r o m á ž d ě n í m i
s h r o m á ž d ě n í m
s h r o m á ž d ě n í m
s h r o m á ž d ě n í
s h r o m á ž d ě n í
s h r o m á ž d ě n í
s h r o m á ž d ě n í
s h r o m á ž d ě n í
s h r o m á ž d ě n í
s h r o m á ž d ě n í
s h r o m á ž d ě n í
s h r o m á ž d ě n í
s h r o m á ž d ě n í
o r g a n i z a c e m i
o r g a n i z a c e
o r g a n i z a c e
o r g a n i z a c e
o r g a n i z a c e
o r g a n i z a c e
o r g a n i z a c e
o r g a n i z a c í c h
o r g a n i z a c í m
o r g a n i z a c i
o r g a n i z a c i
o r g a n i z a c i
o r g a n i z a c í
o r g a n i z a c í
r o d i n á c h
r o d i n a m i
r o d i n á m
r o d i n a
r o d i n ě
r o d i n ě
r o d i n
r o d i n o
r o d i n o u
r o d i n u
r o d i n y
r o d i n y
r o d i n y
r o d i n y
z a ř í z e n í c h
z a ř í z e n í m i
z a ř í z e n í m
z a ř í z e n í m
z a ř í z e n í
z a ř í z e n í
z a ř í z e n í
z a ř í z e n í
z a ř í z e n í
z a ř í z e n í
z a ř í z e n í
z a ř í z e n í
z a ř í z e n í
z a ř í z e n í
m n o ž s t v í c h
m n o ž s t v í m i
m n o ž s t v í m
m n o ž s t v í m
m n o ž s t v í
m n o ž s t v í
m n o ž s t v í
m n o ž s t v í
m n o ž s t v í
m n o ž s t v í
m n o ž s t v í
m n o ž s t v í
m n o ž s t v í
m n o ž s t v í
s l u ž b á c h
s l u ž b a m i
s l u ž b á m
s l u ž b a
s l u ž b ě
s l u ž b ě
s l u ž b o
s l u ž b o u
s l u ž b u
s l u ž b y
s l u ž b y
s l u ž b y
s l u ž b y
s l u ž e b
n ě m e c k á
n ě m e c k á
n ě m e c k á
n ě m e c k á
n ě m e c k á
n ě m e c k é
n ě m e c k é
n ě m e c k é
n ě m e c k é
n ě m e c k é
n ě m e c k é
n ě m e c k é
n ě m e c k é
n ě m e c k é
n ě m e c k é
n ě m e c k é
n ě m e c k é
n ě m e c k é h o
n ě m e c k é h o
n ě m e c k é h o
n ě m e c k é m
n ě m e c k é m u
n ě m e c k é m u
n ě m e c k o u
n ě m e c k ý
n ě m e c k ý
n ě m e c k ý
n ě m e c k ý c h
n ě m e c k ý c h
n ě m e c k ý m
n ě m e c k ý m
n ě m e c k ý m
n ě m e c k ý m i
n ě m e č t í
n ě m e č t í
u n i v e r z i t á c h
u n i v e r z i t á c h
u n i v e r z i t a m i
u n i v e r z i t a
u n i v e r z i t ě
u n i v e r z i t ě
u n i v e r z i t
u n i v e r z i t o
u n i v e r z i t o u
u n i v e r z i t u
u n i v e r z i t y
u n i v e r z i t y
u n i v e r z i t y
u n i v e r z i t y
v ě t š i n á c h
v ě t š i n a m i
v ě t š i n á m
v ě t š i n a
v ě t š i n ě
v ě t š i n ě
v ě t š i n
v ě t š i n o
v ě t š i n o u
v ě t š i n u
v ě t š i n y
v ě t š i n y
v ě t š i n y
v ě t š i n y
d o s t a l i
d o s t a l i
d o s t a l i
d o s t a l i
d o s t a l i
d o s t a l i
d o s t a l
d o s t a l
d o s t a l
d o s t a l
d o s t a l
d o s t a l
d o s t a n e m e
d o s t a n e š
d o s t a n e t e
d o s t a n u
s m ě r e c h
s m ě r e m
s m ě r e
s m ě r
s m ě r
s m ě r ů m
s m ě r u
s m ě r u
s m ě r ů
s m ě r u
s m ě r y
s m ě r y
s m ě r y
s m ě r y
a r m á d á c h
a r m á d a m i
a r m á d á m
a r m á d a
a r m á d ě
a r m á d ě
a r m á d
a r m á d o
a r m á d o u
a r m á d u
a r m á d y
a r m á d y
a r m á d y
a r m á d y
r o z d í l e c h
r o z d í l e m
r o z d í l e
r o z d í l
r o z d í l
r o z d í l ů m
r o z d í l u
r o z d í l u
r o z d í l ů
r o z d í l u
r o z d í l y
r o z d í l y
r o z d í l y
r o z d í l y
s k l a d a t e l e m
s k l a d a t e l e
s k l a d a t e l e
s k l a d a t e l e
s k l a d a t e l é
s k l a d a t e l é
s k l a d a t e l í c h
s k l a d a t e l i
s k l a d a t e l i
s k l a d a t e l i
s k l a d a t e l i
s k l a d a t e l
s k l a d a t e l ů m
s k l a d a t e l ů
p a r l a m e n t e c h
p a r l a m e n t e m
p a r l a m e n t e
p a r l a m e n t
p a r l a m e n t
p a r l a m e n t ů m
p a r l a m e n t u
p a r l a m e n t u
p a r l a m e n t ů
p a r l a m e n t u
p a r l a m e n t y
p a r l a m e n t y
p a r l a m e n t y
p a r l a m e n t y
s o u č a s n á
s o u č a s n á
s o u č a s n á
s o u č a s n á
s o u č a s n á
s o u č a s n é
s o u č a s n é
s o u č a s n é
s o u č a s n é
s o u č a s n é
s o u č a s n é
s o u č a s n é
s o u č a s n é
s o u č a s n é
s o u č a s n é
s o u č a s n é
s o u č a s n é
s o u č a s n é h o
s o u č a s n é h o
s o u č a s n é h o
s o u č a s n é m
s o u č a s n é m u
s o u č a s n é m u
s o u č a s n í
s o u č a s n í
s o u č a s n o u
s o u č a s n ý
s o u č a s n ý
s o u č a s n ý
s o u č a s n ý c h
s o u č a s n ý c h
s o u č a s n ý m
s o u č a s n ý m
s o u č a s n ý m
s o u č a s n ý m i
j e d n o t c e
j e d n o t c e
j e d n o t e k
j e d n o t k á c h
j e d n o t k a m i
j e d n o t k á m
j e d n o t k a
j e d n o t k o
j e d n o t k o u
j e d n o t k u
j e d n o t k y
j e d n o t k y
j e d n o t k y
j e d n o t k y
p a m á t c e
p a m á t c e
p a m á t e k
p a m á t k á c h
p a m á t k a m i
p a m á t k á m
p a m á t k a
p a m á t k o
p a m á t k o u
p a m á t k u
p a m á t k y
p a m á t k y
p a m á t k y
p a m á t k y
k y t a r á c h
k y t a r a m i
k y t a r á m
k y t a r a
k y t a ř e
k y t a ř e
k y t a r
k y t a r o
k y t a r o u
k y t a r u
k y t a r y
k y t a r y
k y t a r y
k y t a r y
m u z e a
m u z e a
m u z e a
m u z e a
m u z e e m
m u z e í c h
m u z e í m
m u z e í
m u z e i
m u z e u m
m u z e u m
m u z e u m
m u z e u
m u z e u
s t a v b á c h
s t a v b a m i
s t a v b á m
s t a v b a
s t a v b ě
s t a v b ě
s t a v b o
s t a v b o u
s t a v b u
s t a v b y
s t a v b y
s t a v b y
s t a v b y
s t a v e b
k i l o m e t r e c h
k i l o m e t r e m
k i l o m e t r e
k i l o m e t r
k i l o m e t r
k i l o m e t r ů m
k i l o m e t r u
k i l o m e t r u
k i l o m e t r ů
k i l o m e t r u
k i l o m e t r y
k i l o m e t r y
k i l o m e t r y
k i l o m e t r y
b u d o v á c h
b u d o v a m i
b u d o v á m
b u d o v a
b u d o v ě
b u d o v ě
b u d o v
b u d o v o
b u d o v o u
b u d o v u
b u d o v y
b u d o v y
b u d o v y
b u d o v y
s e v e r e c h
s e v e r e m
s e v e r e
s e v e r
s e v e r
s e v e r ů m
s e v e r u
s e v e r u
s e v e r ů
s e v e r u
s e v e r y
s e v e r y
s e v e r y
s e v e r y
z á p a s e c h
z á p a s e m
z á p a s e
z á p a s
z á p a s
z á p a s ů m
z á p a s u
z á p a s u
z á p a s ů
z á p a s u
z á p a s y
z á p a s y
z á p a s y
z á p a s y
i n f o r m a c e m i
i n f o r m a c e
i n f o r m a c e
i n f o r m a c e
i n f o r m a c e
i n f o r m a c e
i n f o r m a c e
i n f o r m a c í c h
i n f o r m a c í m
i n f o r m a c i
i n f o r m a c i
i n f o r m a c i
i n f o r m a c í
i n f o r m a c í
p r o v o z e c h
p r o v o z e m
p r o v o z e
p r o v o z e
p r o v o z
p r o v o z
p r o v o z ů m
p r o v o z u
p r o v o z ů
p r o v o z u
p r o v o z y
p r o v o z y
p r o v o z y
p r o v o z y
p r o s t o r e c h
p r o s t o r e m
p r o s t o r e
p r o s t o r
p r o s t o r
p r o s t o r ů m
p r o s t o r u
p r o s t o r u
p r o s t o r ů
p r o s t o r u
p r o s t o r y
p r o s t o r y
p r o s t o r y
p r o s t o r y
h i s t o r i e m i
h i s t o r i e
h i s t o r i e
h i s t o r i e
h i s t o r i e
h i s t o r i e
h i s t o r i e
h i s t o r i í c h
h i s t o r i í m
h i s t o r i i
h i s t o r i i
h i s t o r i i
h i s t o r i í
h i s t o r i í
p r o j e k t e c h
p r o j e k t e m
p r o j e k t e
p r o j e k t
p r o j e k t
p r o j e k t ů m
p r o j e k t u
p r o j e k t u
p r o j e k t ů
p r o j e k t u
p r o j e k t y
p r o j e k t y
p r o j e k t y
p r o j e k t y
c í s a ř e m
c í s a ř e
c í s a ř e
c í s a ř e
c í s a ř í c h
c í s a ř i
c í s a ř i
c í s a ř i
c í s a ř i
c í s a ř i
c í s a ř i
c í s a ř
c í s a ř ů m
c í s a ř ů
n á r o d n o s t e c h
n á r o d n o s t e m
n á r o d n o s t i
n á r o d n o s t i
n á r o d n o s t i
n á r o d n o s t í
n á r o d n o s t i
n á r o d n o s t í
n á r o d n o s t i
n á r o d n o s t i
n á r o d n o s t i
n á r o d n o s t m i
n á r o d n o s t
n á r o d n o s t
d i v a d e l
d i v a d l a
d i v a d l a
d i v a d l a
d i v a d l a
d i v a d l e c h
d i v a d l e m
d i v a d l o
d i v a d l o
d i v a d l o
d i v a d l ů m
d i v a d l u
d i v a d l u
d i v a d l y
d o p r a v á c h
d o p r a v a m i
d o p r a v á m
d o p r a v a
d o p r a v ě
d o p r a v ě
d o p r a v
d o p r a v o
d o p r a v o u
d o p r a v u
d o p r a v y
d o p r a v y
d o p r a v y
d o p r a v y
m ě s t a
m ě s t a
m ě s t a
m ě s t a
m ě s t e c h
m ě s t e m
m ě s t ě
m ě s t
m ě s t o
m ě s t o
m ě s t o
m ě s t ů m
m ě s t u
m ě s t y
p o b ř e ž í c h
p o b ř e ž í m i
p o b ř e ž í m
p o b ř e ž í m
p o b ř e ž í
p o b ř e ž í
p o b ř e ž í
p o b ř e ž í
p o b ř e ž í
p o b ř e ž í
p o b ř e ž í
p o b ř e ž í
p o b ř e ž í
p o b ř e ž í
v ě d e c k á
v ě d e c k á
v ě d e c k á
v ě d e c k á
v ě d e c k á
v ě d e c k é
v ě d e c k é
v ě d e c k é
v ě d e c k é
v ě d e c k é
v ě d e c k é
v ě d e c k é
v ě d e c k é
v ě d e c k é
v ě d e c k é
v ě d e c k é
v ě d e c k é
v ě d e c k é h o
v ě d e c k é h o
v ě d e c k é h o
v ě d e c k é m
v ě d e c k é m
v ě d e c k é m u
v ě d e c k é m u
v ě d e c k o u
v ě d e c k ý
v ě d e c k ý
v ě d e c k ý
v ě d e c k ý c h
v ě d e c k ý c h
v ě d e c k ý m
v ě d e c k ý m
v ě d e c k ý m i
v ě d e č t í
v ě d e č t í
s p o j e n í c h
s p o j e n í m i
s p o j e n í m
s p o j e n í m
s p o j e n í
s p o j e n í
s p o j e n í
s p o j e n í
s p o j e n í
s p o j e n í
s p o j e n í
s p o j e n í
s p o j e n í
s p o j e n í
z e m ě m i
z e m ě
z e m ě
z e m ě
z e m ě
z e m ě
z e m ě
z e m í c h
z e m í m
z e m i
z e m i
z e m i
z e m í
z e m í
p ř í j m e n í c h
p ř í j m e n í m i
p ř í j m e n í m
p ř í j m e n í m
p ř í j m e n í
p ř í j m e n í
p ř í j m e n í
p ř í j m e n í
p ř í j m e n í
p ř í j m e n í
p ř í j m e n í
p ř í j m e n í
p ř í j m e n í
p ř í j m e n í
a k t i v n í
a k t i v n í
a k t i v n í
a k t i v n í
a k t i v n í
a k t i v n í
a k t i v n í
a k t i v n í
a k t i v n í
a k t i v n í
a k t i v n í
a k t i v n í
a k t i v n í c h
a k t i v n í c h
a k t i v n í h o
a k t i v n í h o
a k t i v n í h o
a k t i v n í m
a k t i v n í m
a k t i v n í m
a k t i v n í m
a k t i v n í m
a k t i v n í m i
a k t i v n í m u
a k t i v n í m u
p r e z i d e n t a
p r e z i d e n t a
p r e z i d e n t e c h
p r e z i d e n t e m
p r e z i d e n t e
p r e z i d e n t i
p r e z i d e n t i
p r e z i d e n t
p r e z i d e n t ů m
p r e z i d e n t u
p r e z i d e n t u
p r e z i d e n t ů
p r e z i d e n t y
p r e z i d e n t y
h r a n i c e m i
h r a n i c e
h r a n i c e
h r a n i c e
h r a n i c e
h r a n i c e
h r a n i c e
h r a n i c í c h
h r a n i c í m
h r a n i c i
h r a n i c i
h r a n i c i
h r a n i c í
h r a n i c
č e s k o s l o v e n s k á
č e s k o s l o v e n s k á
č e s k o s l o v e n s k á
č e s k o s l o v e n s k á
č e s k o s l o v e n s k á
č e s k o s l o v e n s k é
č e s k o s l o v e n s k é
č e s k o s l o v e n s k é
č e s k o s l o v e n s k é
č e s k o s l o v e n s k é
č e s k o s l o v e n s k é
č e s k o s l o v e n s k é
č e s k o s l o v e n s k é
č e s k o s l o v e n s k é
č e s k o s l o v e n s k é
č e s k o s l o v e n s k é
č e s k o s l o v e n s k é
č e s k o s l o v e n s k é h o
č e s k o s l o v e n s k é h o
č e s k o s l o v e n s k é h o
č e s k o s l o v e n s k é m
č e s k o s l o v e n s k é m
č e s k o s l o v e n s k é m u
č e s k o s l o v e n s k é m u
č e s k o s l o v e n s k o u
č e s k o s l o v e n s k ý
č e s k o s l o v e n s k ý
č e s k o s l o v e n s k ý
č e s k o s l o v e n s k ý c h
č e s k o s l o v e n s k ý c h
č e s k o s l o v e n s k ý m
č e s k o s l o v e n s k ý m
č e s k o s l o v e n s k ý m i
č e s k o s l o v e n š t í
č e s k o s l o v e n š t í
p o l i t i c í c h
p o l i t i c i
p o l i t i c i
p o l i t i k a
p o l i t i k a
p o l i t i k e m
p o l i t i k
p o l i t i k ů m
p o l i t i k u
p o l i t i k u
p o l i t i k ů
p o l i t i k u
p o l i t i k y
p o l i t i k y
p r o g r a m e c h
p r o g r a m e m
p r o g r a m e
p r o g r a m
p r o g r a m
p r o g r a m ů m
p r o g r a m u
p r o g r a m u
p r o g r a m ů
p r o g r a m u
p r o g r a m y
p r o g r a m y
p r o g r a m y
p r o g r a m y
v e d o u c í c h
v e d o u c í c h
v e d o u c í h o
v e d o u c í h o
v e d o u c í m i
v e d o u c í m
v e d o u c í m
v e d o u c í m
v e d o u c í m u
v e d o u c í
v e d o u c í
v e d o u c í
v e d o u c í
v e d o u c í
s l o v e n s k á
s l o v e n s k á
s l o v e n s k á
s l o v e n s k á
s l o v e n s k á
s l o v e n s k é
s l o v e n s k é
s l o v e n s k é
s l o v e n s k é
s l o v e n s k é
s l o v e n s k é
s l o v e n s k é
s l o v e n s k é
s l o v e n s k é
s l o v e n s k é
s l o v e n s k é
s l o v e n s k é
s l o v e n s k é h o
s l o v e n s k é h o
s l o v e n s k é h o
s l o v e n s k é m
s l o v e n s k é m
s l o v e n s k é m u
s l o v e n s k é m u
s l o v e n s k o u
s l o v e n s k ý
s l o v e n s k ý
s l o v e n s k ý
s l o v e n s k ý c h
s l o v e n s k ý c h
s l o v e n s k ý m
s l o v e n s k ý m
s l o v e n s k ý m i
s l o v e n š t í
s l o v e n š t í
p o ř a d í c h
p o ř a d í m i
p o ř a d í m
p o ř a d í m
p o ř a d í
p o ř a d í
p o ř a d í
p o ř a d í
p o ř a d í
p o ř a d í
p o ř a d í
p o ř a d í
p o ř a d í
p o ř a d í
v ý z n a m e c h
v ý z n a m e m
v ý z n a m e
v ý z n a m
v ý z n a m
v ý z n a m ů m
v ý z n a m u
v ý z n a m u
v ý z n a m ů
v ý z n a m u
v ý z n a m y
v ý z n a m y
v ý z n a m y
v ý z n a m y
z á k o n a
z á k o n e c h
z á k o n e m
z á k o n e
z á k o n
z á k o n
z á k o n ů m
z á k o n u
z á k o n u
z á k o n ů
z á k o n y
z á k o n y
z á k o n y
z á k o n y
d i v a d e l n í
d i v a d e l n í
d i v a d e l n í
d i v a d e l n í
d i v a d e l n í
d i v a d e l n í
d i v a d e l n í
d i v a d e l n í
d i v a d e l n í
d i v a d e l n í
d i v a d e l n í
d i v a d e l n í
d i v a d e l n í c h
d i v a d e l n í c h
d i v a d e l n í h o
d i v a d e l n í h o
d i v a d e l n í h o
d i v a d e l n í m
d i v a d e l n í m
d i v a d e l n í m
d i v a d e l n í m
d i v a d e l n í m
d i v a d e l n í m i
d i v a d e l n í m u
d i v a d e l n í m u
p o z i c e m i
p o z i c e
p o z i c e
p o z i c e
p o z i c e
p o z i c e
p o z i c e
p o z i c í c h
p o z i c í m
p o z i c i
p o z i c i
p o z i c i
p o z i c í
p o z i c
b á s n í c í c h
b á s n í c i
b á s n í k a
b á s n í k a
b á s n í k e m
b á s n í k
b á s n í k ů m
b á s n í k u
b á s n í k u
b á s n í k ů
b á s n í k u
b á s n í k y
b á s n í k y
b á s n í k y
s e z n a m e c h
s e z n a m e m
s e z n a m e
s e z n a m
s e z n a m
s e z n a m ů m
s e z n a m u
s e z n a m u
s e z n a m ů
s e z n a m u
s e z n a m y
s e z n a m y
s e z n a m y
s e z n a m y
z p ů s o b e c h
z p ů s o b e m
z p ů s o b e
z p ů s o b
z p ů s o b
z p ů s o b ů m
z p ů s o b u
z p ů s o b u
z p ů s o b ů
z p ů s o b u
z p ů s o b y
z p ů s o b y
z p ů s o b y
z p ů s o b y
c e n t e r
c e n t r a
c e n t r a
c e n t r a
c e n t r a
c e n t r e c h
c e n t r e m
c e n t r u m
c e n t r ů m
c e n t r u m
c e n t r u m
c e n t r u
c e n t r u
c e n t r y
p o l i t i c k á
p o l i t i c k á
p o l i t i c k á
p o l i t i c k á
p o l i t i c k á
p o l i t i c k é
p o l i t i c k é
p o l i t i c k é
p o l i t i c k é
p o l i t i c k é
p o l i t i c k é
p o l i t i c k é
p o l i t i c k é
p o l i t i c k é
p o l i t i c k é
p o l i t i c k é
p o l i t i c k é
p o l i t i c k é h o
p o l i t i c k é h o
p o l i t i c k é h o
p o l i t i c k é m
p o l i t i c k é m u
p o l i t i c k é m u
p o l i t i c k o u
p o l i t i c k ý
p o l i t i c k ý
p o l i t i c k ý
p o l i t i c k ý c h
p o l i t i c k ý c h
p o l i t i c k ý m
p o l i t i c k ý m
p o l i t i c k ý m
p o l i t i c k ý m i
p o l i t i č t í
p o l i t i č t í
f o t o g r a f a
f o t o g r a f a
f o t o g r a f e c h
f o t o g r a f e m
f o t o g r a f e
f o t o g r a f
f o t o g r a f o v é
f o t o g r a f o v é
f o t o g r a f o v i
f o t o g r a f o v i
f o t o g r a f ů m
f o t o g r a f ů
f o t o g r a f y
f o t o g r a f y
o s t r o v a
o s t r o v e c h
o s t r o v e m
o s t r o v ě
o s t r o v e
o s t r o v
o s t r o v
o s t r o v ů m
o s t r o v u
o s t r o v ů
o s t r o v y
o s t r o v y
o s t r o v y
o s t r o v y
m a n ž e l s t v í c h
m a n ž e l s t v í m i
m a n ž e l s t v í m
m a n ž e l s t v í m
m a n ž e l s t v í
m a n ž e l s t v í
m a n ž e l s t v í
m a n ž e l s t v í
m a n ž e l s t v í
m a n ž e l s t v í
m a n ž e l s t v í
m a n ž e l s t v í
m a n ž e l s t v í
m a n ž e l s t v í
u d á l o s t e c h
u d á l o s t e m
u d á l o s t i
u d á l o s t i
u d á l o s t i
u d á l o s t í
u d á l o s t i
u d á l o s t í
u d á l o s t i
u d á l o s t i
u d á l o s t i
u d á l o s t m i
u d á l o s t
u d á l o s t
r e ž i s é r a
r e ž i s é r a
r e ž i s é r e c h
r e ž i s é r e m
r e ž i s é r e
r e ž i s é ř i
r e ž i s é ř i
r e ž i s é r
r e ž i s é r ů m
r e ž i s é r u
r e ž i s é r u
r e ž i s é r ů
r e ž i s é r y
r e ž i s é r y
r a k o u s k á
r a k o u s k á
r a k o u s k á
r a k o u s k á
r a k o u s k á
r a k o u s k é
r a k o u s k é
r a k o u s k é
r a k o u s k é
r a k o u s k é
r a k o u s k é
r a k o u s k é
r a k o u s k é
r a k o u s k é
r a k o u s k é
r a k o u s k é
r a k o u s k é
r a k o u s k é h o
r a k o u s k é h o
r a k o u s k é h o
r a k o u s k é m
r a k o u s k é m
r a k o u s k é m u
r a k o u s k é m u
r a k o u s k o u
r a k o u s k ý
r a k o u s k ý
r a k o u s k ý
r a k o u s k ý c h
r a k o u s k ý c h
r a k o u s k ý m
r a k o u s k ý m
r a k o u s k ý m i
r a k o u š t í
r a k o u š t í
t e o r i e m i
t e o r i e
t e o r i e
t e o r i e
t e o r i e
t e o r i e
t e o r i e
t e o r i í c h
t e o r i í m
t e o r i i
t e o r i i
t e o r i i
t e o r i í
t e o r i í
m í s t a
m í s t a
m í s t a
m í s t a
m í s t e c h
m í s t e m
m í s t
m í s t o
m í s t o
m í s t o
m í s t ů m
m í s t u
m í s t u
m í s t y
p ř e d s e d a
p ř e d s e d e c h
p ř e d s e d o
p ř e d s e d o u
p ř e d s e d o v é
p ř e d s e d o v é
p ř e d s e d o v i
p ř e d s e d o v i
p ř e d s e d ů m
p ř e d s e d u
p ř e d s e d ů
p ř e d s e d y
p ř e d s e d y
p ř e d s e d y
a k a d e m i e m i
a k a d e m i e
a k a d e m i e
a k a d e m i e
a k a d e m i e
a k a d e m i e
a k a d e m i e
a k a d e m i í c h
a k a d e m i í m
a k a d e m i i
a k a d e m i i
a k a d e m i i
a k a d e m i í
a k a d e m i í
p o h o ř í c h
p o h o ř í m i
p o h o ř í m
p o h o ř í m
p o h o ř í
p o h o ř í
p o h o ř í
p o h o ř í
p o h o ř í
p o h o ř í
p o h o ř í
p o h o ř í
p o h o ř í
p o h o ř í
d o l a r e c h
d o l a r e m
d o l a r e
d o l a r
d o l a r
d o l a r ů m
d o l a r u
d o l a r u
d o l a r ů
d o l a r u
d o l a r y
d o l a r y
d o l a r y
d o l a r y
g r a f t o p a k i l y
í s t c í c h
a n ž e d y e s e m
a s t u d o v
ř í m o v a m d í c h š t í
i t i ž d y
z á p a y t a
o p a ů
á z v e n e t e í c i v n o r i e c k o m i
l e n a k t i á d a i t ě í k e m d l e m i
v e r e v b o é m
z e v r e s ů a c í c á
s h á p
á m ě o ř a d
e ž i s t r e s y é
e d í t m d l e z á y
s k l a ě d e č
e n t y n ů m
m á d ě
n i c i n e c o r i e
n ě m i
o g r í c í c í m
á n k o é
h r a l í
i t ě p r o g o v i
l s t ů m
o g n á z v n e m
n í k k y v o z ě s t y e m
t a l i b ř e z b í m i i
t v v n í l b á á m
s e d e ě
s l ě n í s e v e i
o l e b á m
e z n y e s n s h r o c í c h
o v ů d o v á í c h
d á m ě ž e ě ž í d o v ě
p o z i o u
l o s t á m
k ů a n á c
y t n á c y t a r y
o u t r a n i z a c z i d c e l é
t i k u u
t í c h z e n ě t š i á m
b ř e n k u é m u
í h o d o v o a n i z e
f e m l i s o r i í m i
c e m i t y í k e a d l ů z i c í á r n e t e
o v ů o b í c í
ě s t e s o b o z e m c e
t a v o v u s é ř i é
t e o r í k e m i
b á c n i z a
e l c n í c i
o n ů m a d y ů
r m a c í c s o b a n u l e n a n á o g r
k é h o u s k o l b á í
t á ž i s é u
o t k á u
s l e r v e a d a m i
k i l i t a v ě t v e d é h o
h i s y
a s t i o n e s t v o
o v o u ý c h o g r m
e n š f o t o a
p a d k i l n t ů m
u z t i m
r a n u ě m i ě t e n u
s i e n u f e c i
o l b á v í c á s n í
í l s i n c d e m n c
n y í s t o e m e l é é
r o v m
k é s é ř i e c h
ě s t ě e n t ů í l ů m e
o l b o o u
z i t y n í k y i s t r i
o u c í u
r l a m á d á c e
ě s t e a s ů p a d e a r a m v á c r v n ů ř i
a s ů m ě m e č
o r i í o r i í y
z e m i r á c h s i n i
l o m e t v í u c r l a m o d t ů
á c h l a d a i
l a g r a f é h o
l e n y i
u c í e s n d a o t e k i
r o m s t z n e m o u
n s k b ě s m a s t e y
t a v t o y
r o v o a s n o m
i k á c é r ý c o ž a d a t e l e m
ř e d í á n k a
a s e c o v o z l s v e r y t r á n o n a m i
t k y ž i s a r l a e m
n t e m o b ř é m
a r l t a ř e u
s k o u a n e t é
t m n t r y e n š t
r v n v n i v y
p o m o s e v á
t o p i
l i k y o v s t c h
e n u
u z e e
d o l s k é s o b y
e z n u d o v t e l i
a v á c m i í m u
v b ě á m
f e c h í c h
t a r u é h o
b l s e d u y
r o d n e l s t i k e u
k é m e t e m i
í c í a n o
o u s n e m e é m
e d í c z y h l a v
a n o u m i
o ž s d i n o é
j e n í v o u á t k á á c h
o u š í
v n a n ý m i é
l b a m s m ě n a m e
m ě v e e p v n y ů
z e v m i s o t k o ů m
s o u l k ů m v ý z c k ý m e c h
p ř í v í c h á
o s t i n i c e á
í l n é m u é
e n i t i k á m
á n c t e o y
z v u
y v a m
t ř e p o b o r i í k u
á c s a ř ů o s i n
z v y m ě s t s t í m ě
v u i c e f o t o ů m
ž e l z n ů ů
e n e a d í m á
ž í m v ů m a r e c a v ě z d i l o c h
t i k o v i n á r o
e í a f o v r e ž e s ů m i
l e b d e č r a v á
l n í c a f ů m
o v á c e e r l a m
r o m y t a r
d o u c n é h i c e s u k l a d í z e n e c h é
s n o u m ě m i á r o ů m
k v z á k o t k u o v i
o z e m v n í t o r e
v e r u l o ž i s c i
v ý d l e m n a
d o p d o v u d l o
n t r t e c ě t n u
a r á c y
r y e r
c k é h k o s t a r ů š t í
í k e d í m i ž í e z e n e š z i d e r e i
r á n e ř e ž í ů
d l e i l
d ů á l o v í
f e m v ý z m a u s k
n a m y
p r o s e
b d o b e n t i b á s n t r á o s t r a v u ů m
o v u s e z l
t m i t o r s n ý á m
e b n í b á s n o r g e m
í l e c r u m é
e b n i k á c
l a s e l ů o v o u
o v á o s i z a ř í
á d a m h i s t o u
b ů m o ř a d e l
i n o u é
r e c h t ř s t o p m
a n á s t ů m i c k u
ě n í m č e r v u
t ě ž i e k
ů m a r o u ě
u z e r á n k r e i
e d e t r e m
á t k t o r u l a v e
u ž b ě e r z
d e b s n i c í z t ů e k
v o z ů u ž b y s o n e a d ů m k y t y
ě s t ů u
z e í m e l a v n e m i
o z i c l n í c e m i
l i k u r o z d d í m é
u ž b á o n e s t a o v é
e d a v b ě m
t e l á z v u ů m
z á r z i k l a í
i v e r e d ů m ý m i
á d a ý z v é o h o
r a k r a f ů m a n e l c u
i n a m v ě d e á d ě e z n í
a n y é r a m i
n o u o n y á p a s ů e č d o l h l a v
i n e r a m d a t y
s t ů á n k y
d o á z v u e
r ů m b í m m
o b í m l a d a u
o u š t é
e z i d r á i n f o y
s n ý m n á c h v o t ě ů
e r z i v e n š z e e i
p o ř a o z i ř a d u
n i z a b á c í c h
t á c m ě m i á n e k e b a c i m i
v ě t e o u š t m
m e c h u z e i t i u
v e c h í s t o e
t ě ž e ů m
e n t y l i t i n y
n ů z e u m t y z a ř í d o b a v n í
š i n a z d í y
á m ě á l o i
č e r i n c í í k z á k a
e l e m k u
e m i i u
z e m e í m k t e i
i n f o
o b ů á d y t e l i a
á m ě s ž e l e z n a r g a v o z u k y t
s i b í m i
p a s u e k t y
o l e v b u o u
r o m á á t k á e c h
ě d e č r á m z á k o s e d y t e l z i c í í
h r a n z v e s t v í c e
e n t u r a n u
t e n ů m
s i n e e z n y ě m e c í
í k e m b e c h m
á d a m i e a ř í z a
o t y s a ř í
á n e k a n o m i
o ř í l a r u i
í k e m e l k ů h o
e l ý m i
r i o z y á n k y o v é
b n í m c e
v a m i s t u á ž d m i
u b l h l v ě t n
o t ě p r a v o t ů
í j m t o r i v b á
t o g r o u
p o ř a v u
r e ž n á z u s á c h
d l h i v e r y
s n e r b n í m e c h
u ž e b e n t e h u í l ů m i n c ž b á c é
d o v é t y
r a m i ů m
ř í j m t o r s t r a
d l a v ě d e n í m i m
š i n á t k a e l k y e m
t o p a
b á c o l d e b e c h
n é m r z i t ě n í ě
c ů m s i z a ř i t o i t i k y
b a m i á r o d i
r o v ě y
á p a s o s t ř o l i t d á c h
a v b y ř e z n a v e
i e i t á c
e l í b e c i n e c
n o r m á d
r o d i n s k r á c h ě
m í s š i n y o u
m í c á t k á ů
o u t ě m ě m y
o h o ž b u s p o j
m e č t s é r é
u d o v á s y
i t á c c í h o a
á z v ů a n a y
t á z d í l i
o c í c t r a z e c h é
í s t u a d e e m i í ů m
r i í m u ž e z e n é
k o u ů
ž í c h n c í č t m
ě ž í ž d ě i
p r o á t e k y
t i k y d i n á v ě d i
t i č y
m á z n a r e c a f o o u
e d n r a v o u
b o p o j é m v o z e ů
e l i e l k ů o s t a
p a r l í s t y t a m i
d i n y h r p r o v m e m
u č m ě r p a m m
u š t r v e e n u e í c h
á n c b á s o t e c é
r á l o m
s e c r a m i y
c í h o s t ě y
á t c š i n t o r y i
r o g r o d i n é
i k ů d a m n é ě t i
l a r e i í m l í e č e c h
a v b u i t á y
r a n y a r e m c e
v o z t r e m é h o
t é m s e z u
z i c m n k a d z v e c m u
t v í l i t i í k e c h
í m u e p a n o u l i k y
ě s t o o v y s é ř m i
p r o j v b u o b u m i
u t ě o s l o n a m
e r u ů m
v n ů h o
o v s ů m
l b h o y
e d o l k
á d u a s y t o g m i
á k o e d e c é
ř e ž š i n m u z e
p r a j e k a v n i y
a d u á d a í s t o a ř i m
u t ě ů
s y s r a f e é
a m i e d h u d m i
o b í c k á m
n f o r e n e m z ů i
n u a n e m t e l ů í m
s n i c s u u m a s n ý y
n c í m
v b i k n o t e ř i ů
r v t y é h o á z v u o v i
o v s é
á s n š t k t i
d a n o v é ů
e a b o u l u u
v ý z t ř e d e
o p r a s n í e t e a
i n á b e y
i t i k p o j d a t e p ř í g r a s y y
m á t k a r ů m á c h m
t r o v n y t n e m i
ě s z n ů m á d ě v o t u t i k e u
a r l ž s t v y
o z e c ž d ě n r l a m l
é r ů
ý z n t i c í s é j e d s e d y
d e b z v e c o t k o š t í
t y š i n á r á n c y
á t k i t a m í z e i
l b t k a y t a
i í s k l í m
l a v e d ě y
ř e m
d ů m á l o v z e m m i
l e n ů l i s m i
d e b n z á l o v z i t u
s e m n ů
a k a d t a n e i
r á n o t o g é
n ž e l r g a n n e t e
t á r a m y
ř í z i k a m á e z e l
m a c e y
r v n r e s ů á d ě v y
o d t é m é
n ž e l t r o
t i c s é r ů ý z n e m
d i v a a r e á n n o ž j e n
f e m í c h m i
í s t r e m a n á m c e
s t ř o v s e l e á c h
a s n é c h
n š t í b n í c o u č y
j m o s t ř y
i č t í l ů m i
t o p i c k ý h o
r y o v a n e m
m á t k e u i n d á n á r d a u
t y o d n k v ě é
i n á m m i
s é r e
r a m u r g a n
o ž s ů
z i t z v ů n i
n t r a á t k a
c e l k o u t ě c h
s t r a ě t š i k ů n e
s t í m t é u n á
k é m e n s ě
c k é z p ů s t u y
t k a m v ě t e y
r e m e s y a m e é
r i í o n e t i k u
t i c i é h o
d e b á m ě s r m a c i
t i v e s k o v s t v r a m u a n a m m i
t a l t k o c h
a ř e n t u y
v o z ů b á m u c í h m i
a v n m i
e l k u o s i n d o u
d a n á z v ž d ě n í c h r i i
á n k o ě r y é m
o s t i á
v b y n ý c a n u a ř a
s t o m e t r
n k a m e b
l e n ů z e m i n á m
f o t o ž í c í j m e a s n á m
z á k e c k o e n t r
n c ů m k o n y í c h
á k m á t e í k e é
a c e z n ů m s e s y s t r o v ě d e l é
i k á c r m e
r o d n i n y
n t e c a v e b u
t n u e m
p ř í j ý m i
a v b o n í k u c í c á c h
o ř e c k o e t r u o u
e l c í a t e z i t á é
n š t u
b í h l a v y
h i s t é s k é m i
í k a í c i o n ů n í k a n e c h
k o u s ě m e č p r a v é m y t v í m m i
s t ů m e
ř í i t i k
s n é m a s t e z n a m á
o ž s t u ž b a c i á
d o v é e z á m l a r o n ů s k é
p a d e r v e v e r e m
m n o ž u
s n í c í m
a f ě t š d ě n
i s t r z e m ě n y
n i c e o u
e m i é m ů l b a p r o í k u y
i n á c í l ů e l a c e
v e ň m á d o m i
l n í c l b a e p u
a n á c á p c k ý
s o d l u r e c n y
e n t u e t r ů
i c k o b y v u
d í l z i d e
v e r ů r o v y n ů
o s t í m
r o v ě m i s t
n á c h m ě r y o z i a
o r i e j m e n i z a c
a s t i á m ě t r a n
d ů v n u c e
b n í h b d o ě
ř a d o z i y
ě n í s t u y
u b l i l a m y t a r c h
m a c n i c e l e b o t k á
m ě m i o s z e í m á
b e c í h o
f e m e s c h
o s t a r e s n y
o t k a v a t r a n á
b y v v b ě o t o r y m
a k t b n í e t o p a t n a
e l k e l a s i s t r e n í v n ů
p a s e a n a á
c ů é r e m
s e d m a c e
m á t e o l b á a t e l o m o í z z i c í
e d s k ý m v o z e k y h o
n o t k o
a n o u v e r ů g a n n í k y c i
i n á c a k t í m
a r o u u
k i l o u c í
k l p a s e y
c ů m v e r u ž d n u
s k ý e m
n í m y
e l ů o p r a
s e v e d s é m u
z n u u s k á i k a m ě
o z u a d e m á m
ě r ů l í c h k e m m
i v n á c m i
v ě t e r v e m i
á d o n a m n í k z e í m s t r o u
o v o z d á c ě t n y e m i
m ě m i é ř n é h o
d a m č e s k
e s ů l í e s k d í l e n e c h f a a
n á c h á
o u s t o r í l ů m y
á c h é
i n c e a d l e u d á l o r m a o r u
l i k a i c í c e
e n e c i n o u í c h
o b e m z e í e m i e í c h
m á d y č e r h o
o l b y z á k o a
t n ů m a v b a á
b d ů
z e m ě a s n á i
n e c r u n e
v a d e r o d n
t r u v a m i
a s ů o r i e c e
n t e l a s t a m á í
k á c t o r ě s t o k r e l a v n i
j e n n y
v á c m ě s t
e l í c l b a s l u í k a í
v e d
k r á n é h o n á c u
a m ů o v y č a s n í c h
d e m i j e k u
á t e z v ů a v b ě é
s o b y z a c í
k á m o j e
o z e c k o n a
e m í c í s t ů m i
k e m é
v é l e m
t a l i p ů s o v ě i k o u n š u s k ý o u
i l v á c y
ž í v e r z ů m
l í c h u c í m
e t r u
á d a c e l k í
z ů ž e m i k é m u m y l o m n e c h
z e e e l a á m ě í m
o l b ě h u s a ř e
s e r a m u
o r g a ů m
n k o o z v o t a
r m á d v n i n c í
u c í v á c i k ů m
ě n í m á t e k o b d é
a v o u á
l u p a u t ě ž á
d ů
e l n o u č l b u d á
l k ě r e p o m d ů y
i í c i k á m o t o g o u
n a m d l z i d a
p o ř o r m
e l ř a m n k l a d i
s k é m d a m u č e m í e n t i
s t a v d l ů y
e u d s l e s h r o é h o
ý c e l k y o t ů m á
r e ž i t š
d á e r y o b l o z e o r e c
e r v o t
v a d e s y m e m m i
e l c í
r a f e n u á m ě s ě
m e č e t r ů a r a c k u
z e m í á
v e n š t v í é
i l m n é
k ý m á ž s t a v
m e t r
d o ě r á t c é
á d o u d á s t í m u z y
h l z p t a n u d o v é o
a c e m m u
v b á n k á
e p e b o d i i
v a t á z v e l n í m e m
o d i n d a m í m
s a ř e
á k o z e e m e s u
i t i č e e m s h r o u
ě s t ů ě ž í c
s t v
t k á ě t e n t e l a
ž s t m i
ý z n i c k á y
i č i i n í c i
s p o j ě n í m m i
s y e d a ř í c h m i
n á z e m ě s d o v é
v ě t e o l b a ě
i n c e e d ů m
e z n a i n á m á c h
a n i v a t
b d o d l o y
t o r u h l v o l b é
z n e á z v u i z a e t r y b n í m s t r á e
n s k ý á t c y
t a r e l u ě s t ě é h o
a t r a n á l
z y l i k o b á c s k é m i
c ů u z e
e d e c é
r v p a r v n ů n ě
r o u
á n v í m a
ě m e c a s e c b a m i é
t v a d a
z á p j e k c k ů
d o v o k o s l ů
t n ř í j m c h
b u d ý m k a m i
s l o r a v o u z e e k u
á t k á o s y
l e n u t c
i t o č t í
z i d e m í c h á c h
v b a m é h o
a ř e n k o o l a r u c í h l o v é
ě t e n t á c o s t m e
á m ě s d e n t
o r i í a m ů i c e m ů m
v í m i i í c n k a m
ž e a m u y
e l n í u
s é r e p o h o e
s e v e o s t o t k o u
r i í m m
v b a o r y o u
l a m m i
k é m u á
b ř e
t á p o z i y
o r y e r v r a n á
u b l i c í c h
í c í p ů š t í
u š t á
o s t r b e o v a m é
ě r ů
ž i s é i n c í
s t r i n ě t o r j m e s n á t ř e d y
í l d í l e s e d e a
n y d e n t i v n m i
c í s a o s t e n y
u č u b l í
s t t é r m a
z n y t ů m k u
o n e m m
í z e n u
d e m i p o ř a e č
n t e c t r ů m á c h
á t c e m á d o e e m á
u ž b á i
i t á c a d f ů m e
ř í m i e s n i k y
l s t i k a ů m
a ř e o l b y i
r á n k s é r e s t o p m i
c í s p u b l z e n i
z v e f e c í i d e i v o t e m i
u ž b a d a y
n o t á z v y n é m m
ž e l e k t y y
n e c h l í c e ž i s á c h
l e n a p ř e c h
i c i d l e m é
n k á ě m s t o p y
a f e m r e ž l u ž b í
ž b ě a s t i y
k y ř í m i k r é h o
n o t c n e
ž b a m n š t t n u a
v e r u d e l n k u
i t á c t m a f e m é h o
e s e c ě m e d í c h o
o b ř e ě t n y y
e p u b a n o u š t í
n í k y a ř ů
n a m e n y
t k a i k e m y
i v e ě s t í r e ž m i
t a o s t r á
j e k t á s n h o
r e p u e s e m ů m
n í k u t n e c
t ě ž í k t ů m i n y
v a m l u ž e l í c h
m í s t e m
é r a v e r z d i n ě m
á r o d n y
e l e k l i c e ž í c h r z u
o r g a t e m r v e c e l e í
a f a l a f o v é c k o í k u d n o t y
o b e c m e t v ě t e y
l i t i e ž z n a m o u
a v e b t k u o l b c k é h u s k o y
o r ů y
d n o t n t r e í
z á k y
v s t v s k o m i
e d s z n ů m t ř r á l o é
k r e s n e t e
ě s t o s ů r a v ě á m
z p ů e d ů
p o h v ě t d o v ě u
g a n i
n ý c a
e l e d o v y o u
o h o ř ž d ě n i
o ř í a n á o v i k u
t í m i z e m y
u s k ý m o c e o l e ě
o r i m ě r b o u í s t ů i
u č a é
n í m i u ž b a p a s y
c í h e d í c
c k é t ě ž e l a d
l a r e l i í c h
ě n í e c h
d n o t í m
m ě m i ě
ě ž í c i
o t e l a r ů d o v á u
r o v ě p r a i í c h i
o r e m e
z a ř í e l ů m v n u i
l y a n i c m u
e ž í c o v o z v ý z n a ř e m k ů m e n š t y
v b á i c k é a n e š c e
s i t ě ž i á m
r á l o l b ě o v é
d o v i é r e m ě d e a f ů d í l e á
k r p ř í b n i t i k
p ř e d a c i r o v s a r á c y t a r l
o s i o v y p r o á m
k o u s a v o u s k l a e
r v n e
s a ř í t o r u m i
r y e k t e z v y á
n o a s e t í c l k e m ů
u ž t a n i ě
o z e b l i s t r o e m i
p o z e d s o u š ř e
s t r m a c á s n í e c h
s e d o s l o e s e m a
d i v t r u á n c i
z e i s é r e t e c h i
m á t c o d i r a n i o u
i v e r o l a r í c h
i n c i v ů m o t ě i
h r o m é r u o m n c e o
o s t ř h r o t e c m
o m o c h r ě t e á t k á u
d ů a ř e o z ů m m i
a d l o
f e c y v a á
p a s m i s á l o r g m e m í c h
a n ž t i c e e m
d a m k u l b a m i
e n í c m á v n í m m i
ř í z í c n u
r e c h t a v ř í m i
n í c o n ů m u d e
f e c t i v v ý z e n š m
p o m o n s k á k i l o n a
r g b í m i m e n t é
c í h l u ž m
í s t o g a n l y í z e n á m
b ů l a r é
v s t v é r ů c h
k i l d á l n o ž
s y s t k t u é m
d i n y p o ř v u
u ž b u b n í k e m i
i k á r a m p o m á
b l i c n í h o é
s k o m ě m u c í h
a m y s y s é m
l i k a m e n í b o
i k á c e m n í c h
n é h o ý z n m
v e b o v é
n k ř e ž
a s e r m u
e r d e č á n k n o e c h
o n m ů m i
o ř í c
u c í m
n ž o u s t a r o z a c s p o j e
í s t ů e r e m m e n t
m a a f a r e ž i y
i n c i c h
f o r m e p u b l a m
í j m e o l a i
r v e n i
v e c a d l a
á z v e e c h
z e i é m e k a n e š é
t e o s p o j o z e s t e l e s u
o s t ě s t a a n e š d i v a o s t í u
t o p m ě ě s o u
o t y
e d y e t e b á c t a t m ů m
r v n y
e t e ě s t ě y
ž b t ě ž í ř e
ř í z i l a n á r v e i v n í r a n a
e n š l í c b a é h o
e m
m ě r e m i
v a n c i i t o u i
o v o s e v e a r ů m y
t ř e í l e é
i v a a d u d í l ů
p o b i s t r ž d ě í c h
t o g t o u
r v n ů
i v o t s o b u o u
i l z n u
z n u y
s e k u a s n á n y
i n c ů y
i n á c b l a s i
d e n i c í u c i
ý z n n e m e
v o z u n i z a
v e s n n ů d l ů m ů m
s a o ž m á d u e c h
r m a c e r é
u ž b u e c h
v e ň r z s é ř i é
e z n y a d l a
k o n e m ě r u ž b ě é m u
r v n a u
i í v e n s z n ů m
e ž i o u c í o s é
s a ř i y
v e r ů o t k u o v é
z á k o u d o v
p a s m ě s t á
o d n o
n s s t e c v ů m
r g a i í c n í c í i
ř e d s a k a t a m i
ě d o m o c n y
e v s e d e a d a y
o n u t i c d í c m e č t ě ž e
a r e c
ž b ě n t ů e m i e o v i
e c k á y
v o t ů y
r a m y o u
f ů m y
a ř e c h
d n o s n k o u p a s y e d s n á u d e o u
e s ů r i í m
o t e y
e t a d l u o c e a r a m
i c í c o r i y
c k o u
ř í m i e c h
k e m ě r u á c h
b á c h á m ě s m i
e s k o r m a c v u
v e s o r m a n e m e y
t e l ů m
s t é m l e n a h o
e n t u i n y m e c k e l e é h o
z i t ě m í m a
r l a d ě n í
a n á b y v a é
m á d ě d l a e c h
p r e z i
m e n t e l é e c h
a k o b e m y
e l k ů s o b y s k y
ě s t p r o s a s e c e l í h o
u ž b u c k ý c e n e m é m
c ů m r á n c n ý c e c h
t r o v m i
a s e m m i
a r a m l o s t
a m i f o v i v e m
á m n a m u í m
é m r v a
n á z d e c
e z n e o z e é
z n e c l é r i e í
a f ů l i s t í
a ř í c m i
p r a v s t a v y
i t á k t ů m y
p a s y í l ů y
ž d ě u
v n e s ů m l i c e
s o b u r u l e b n s k n ě
e l e e ž í c t í m i č t í
d e n r l a a d e l n u
ě s t ě
é r y é
o v e c e k
r a f ů l e n u é
i s t r e n s k o r ů m e m i
k i l o o v a m
a ř ů m y
n t r y ě t n
l o v s e m
v n e e í y
e p s y s e d í v o l b y
t e l í k ů m e d o v á
a ř í c á n k o y
ž b y i n c ů l n í m
i k o u o v s t
j m e n
k á c o z ů m
i e d e m i t k á c o v i
a s u m o c e l b a m
t k o o ř í c
ž í c h e l é f e c h o u
c e l k a c i
š i n u k o n e e c h
t e m i
l e ů m
u b l i e m ě m h i s z á p á p a s
a s n á i s t y
r o v a l n í m á c h
d s e ě
d o v i é h o
r á n í j m
i n a m e n e
o b e á c h a k n e c y
z e u c k á d o s t í
t r ů m s y s o n ů ž i s é š t í
z v e c a n o
e n s k o l a m e n l ů m ě
z á k o e z e
á r o ů m r a f y b d k r e s m i
a t e l
z n e o s t a e
t a n e o b í m o g
n c i ř í z e á
e z ž b a t a r y o v á m b ů m o s t í
o z o n e m
t a r u l a u
z v e c a
ž b a m u
v á m z n u l
d í c l i k y o
o b d i z a d l ů i
v ě t t v é
k t y s m ě p u b l o z d í ě t n ů
c k ý c
m a r a f e z e a c h
i t á a c e m í m
p a r l a v e č e r e z m
n t r a
š i n á s k é m
a f ů m
í s t o u č a u
p r v n ě m
l e j m s o b ů é
n a m i t i
n t ů m v o t ů m i
p ř e d ů m í
š i n o a f e v o l b t i m á d ě d o v y é h o
e u m n ě m e e c h
h r a n z i d t k o u c h
b u t i k ů s i y
á t k y t o g v o t ů u
a s ů m y
s t u d r v n e á c h
o c i t v í c ů m
n á r o t o r y d á n i
a s ů š i n u
m e č t
r o v a u ž b o e o r i u
á m ě m i
n c í t á k y k u
u ž e m á d ě i
z e í c t v í m o r e a r e c e r a m e í
ě n í c é m u
t r a p o j e y
r i f y t e n d l y e
i s t o u d e z a ř
z v e e d n o r z i ě
f o t o l b á y
o n ů n í u
ý c z d í l m i
u ž b u r o v o l k ů h l a v á c h
t i k n e m z á k o m
m y u š t í z á
ě s t u i k o u o d
é m t é m u e c h
r ů á c h í j m a s t u d e b b l i
f ů r o v ě t ě ž e e m
v b á p r o g e m
o p r a p o ř s t i é
d e e í c e č t í m i
c e l k r a f a í
n o a d e m y
m ě f o t o s t y
s n é e k
r e ž m í c ř ů
u m s k á n t e m o l b ů b ř e z r á n
u s k é o u
k r e l ů h u d e z n a n ě
d u á n c o b d o k a d é ř s t í
s k á e í c m i
b d n c ů a v a m í m
j m e t k u z v ů m é
o p a l k u y
s m u ž b a k á m
e í c i
k é i k á m i c k é a f y b í m
á s n í a r u t ě ž
s m a t e l
r a k o t o p o z y í c h
d l e m f e m í
l i t o
e d e e í c h k r e
l c p r o j a s e c ř e m á d o n ů
a v n i ý z n n i v e t é m u o s t í z á p a u
n c e m v e r z m
t u a v a l o m e t c y
a n i c s e z n o v i
z n u c i
o u č d í c h e l s n y
i z a l k ů m i t á m u
d e č t l n b í c h
n t e c m á t
l b y a n e e t r l a r ů v y
s u m e n í e m
n k a m r a v á l k ů ů
d l ů o l a r y
k t e m ě ž e t í m i i
e n e d í m y
t ů m s ů m á n e k i
n t e d e č
e l u u c í ě
á t k u e i
e š r i í e m
d í c e d e c j e n k u
e l k u s t e m n t a k o u š e d s e á
o c í s o b y k i y
s n é o s t á c h
i n c í a r c h
m í m i n o u y
r a m y á z v ů n é o s l o
z e n í n f o r á c h
r a f a t é m ů
n c ů t é m ů i e m i i t u e
s t a n m
m ě r y ě m e i s t r u
k a l k e m é
é h í z e n a s ů e m
a v o u z á á m ě s h o
á d a m u z e b d u
d i n y l b u e n í m c i
e r z i h r a n m
o g r a m ů í c í c h
á d á c ě s t í á z f ů m n t ů m
o v á i t o a r o u ě
u b l i t k y y
r a v ě l c í c í
k v ě l i s t n u
a c n ů m s o u č k t e m ř i
ž e b u ž e b t e m
k u i n a m
p o m o k l a d á m
o l a r
s n á s t r a
c í h o i c e m n e c h
k t i o b í y
é ř o v s t y
e r e m o u
r v t n e c m
s o b ů z ů d o v a l e m e n s e ž í m
t a n i n e m u
u ž e b i t i k n u
u z t y o r i i c h é m
o v o ž e m t e l í i
a v b l e n ů o s t e u
n é h e l n
í j m e ř e z n z e e é
c k ý c é
s t p a d y e
v e n s h o
r o d a
e l s t e s e c r á l o é
r a k á k o n k y t a
e č s t e c é m e
s p o j t o u
e ž i s í m
a d l e b e b a m i o ž ř e z c h
t ě ž t e l y e c h
e s ů m c í m i y
e l n í o t ě
t a n á m
o b e m l k ů m é
n t r u t e l u y
s o b s n d i n u l
z á a v b a s ů m o b y v i k o u
k i p o l i d o s t é
ě n í č t í á m
l i k a u t k i l o é m u
a s t i u
e c k a v o b e c é
m n b á s a n ě o
e í c o b u s e c h
í l e m u c í c o v i
s é r o v a m i
c h r ů n k a i v o t i
e z i č e r v r a v o í m i i n
b á c h d o v i e k
m ě r u a v y z v e m
o t k p o h
v b á o p r é
k i l d e c e m i l i
r o v ů s p o f e c o t k a r a v á d e b n h o
ě t n u m ě r ů ý z n ů m
o ř í c e n t i
p a d o z e m
l a m ů
u d e n ý m i ř e ž e m
t e n e c h y
o b ř y
é h o f o t í
i d e t k á c e n t á
ř í c h p r e m e t u
e č t í o d o n ů m y
o n a t e l a y
l í c n a m y í
a k t s ů m ů s a v o e l e m h l a á d á c y
ř ů ě t n u t v a c e m ů m
e í c b e c m i
i v l k e r e c h
i l o m i t o v e m
a m e i t á c e l
o j n i á t e u ž b o v e c h
t á c h
a r y a
i í c s l o e c k ý é
c e m i u č a ů
o u š t l a r y
e l a o s t i c h
s n í k v n ů m a d y i
l i s t n a m ů m
a ř ů t o v ů m
n f o r o v y s i n
i c í c í h
o l b ě r a v á é m u
t í c u z e e y
b á s n m ě r y
n t u a s n é a ř ů u b l i ž b o u
z e í a ř í á s
o b í c a d ů m i v a d í c h
z a ř o l i u
c e i n o u y v a o d s e v
s é r ů i v e r o u č t i
á ž i t ě ů m
d a t e o h o ř o t a o u
l o m e
r o v ů
á l o e č t z á k a m e á
r á c h č l e é
t r e r m á d c k o u u
a v n í d e n t ů m
v o u a d ů b á s ě m e č i
s é ř i o n a
e t r y e
v e n š f ů v b á m o ř í o n e m t c e é m u
o s t v ý z e c h
á d a m á t m i
á z v u s e d é
i t y m á t e e l s t ě r u í c y
e n u u b o ř í m d i n a u
c e n t z e í t k á c
u t ě ž é h o
s k é ů m i v a d é
o u c í p r o v n ů m
r i í m í s t ů s e c h a
r e s a v b r a m y c h
e m í c r a v a n a n e š
o ž s t e s ů m
r o v y ž í m i m ě r í
e l é v ů
o l b ě b ř o b d o n a
e p u l o m e ž b o u s t a l e d n ů m
z a c e r i i u č a s n u
í l u
i c k ý p a d r á l o e c h
o v a m p r o s y
a v b á r o v
n í c h t k a s n é
o n a a k h o
c í h o t i k y k t y m
y t a r p o l m
o n a e z n m o c í n u
á ž d a v n í l n t e l ů o l i t á
s t o p y
s p o b d o č t í
m ů m o v r v č l u
ř e ž u š t ě t š i e
í k u p o m p a d ů ů
l í c h i
d í a t e l z a ů s o ě ž e s n é m
i t o m e m é
d e l i
o d t r á b e c h
t i č t n ý c h s h ů m
v n ě s t m i s é ř h o
n a m e d i n u a ř ů m í
o c i á t k o ů
a s n á á t k a o h o á t k i l m
t i k o e
m í s t č a s o t c é h o
b á m i n f o é
c e m i c e
b í c c h
ý m i z v ů m u
n k a m e d a m e n í e
r e ž i z v e á
a v a m n a m e
r u m t i k ů i z a c h
z d í l m o c n c í m u
n c í c o r í l e c d o v u i c y
l o s z v e b ř e á
t n a r l s e d y
ě t n u t o r u y
o v ů n ě m i ě
e c k ž s t v z i a ř m
m á l i k a c h
i l d o y
b ř e z k t u o
t e m e í m í l e p u b n ě m i
a d ů m t e o p a u
ř ů s p o j i
ě t e n t r y l k ů á
o j e k e c h
r a m u é
n i c e l e n m i
t e r a v b o z e e m á
v á é m e c ů
b a m i a ř y
k o n u m
e r e o s i l i s o v é
n t e r u
u š r a n y s e d y n u
n í k e j e k i
ž d d a t p r e o b ř e l é ě ž a c í e m
i c e z i t u i
á t k u n i c é h o
ě t n e o v o z e
m i i e n í ř e m u t ě á m
e l k k r á l y
i t y z i c e m i
i c k ý t r o v č t í
p r e z m ě r u h l á
l a v p o h i
u t c k ý c t a m i m i
z e í c v e ň b e e
i z v í c c k é é
o v á n c e
i k a m l e c h y
l s t v g r a f s e d y
v á c
k á c h é ř i c ů
n t r o u
e n y v á c r ů m
g a e d s e t n ů v u
z d l b y é r a t a r á m i
p a d y p a d y e
r o v y m
o u t ě a ř i s é v ě t a ř í c l
o z r g a n e c h
t o p c k é m t o p a á m
z a c i e c h
á n k ě
d n i e m e c h
a r a í s t e o l b y é
m a c c e r g d á l
d e n a v ě r a m u c e
a v b á e m í c c e
t e a f o é r y y
é m ů m p a d ů y
á t k o e l a ž b a m
s t ř e c k é
r o v
i s é ž d ě e l e e v e r é
l e m v ě o m á z v ů z e u u
v a m i o l b o u
z e í c t r ů e c h
o m á ž ý z n í
c k p a m ů
o s t ř t o u k i l i
č e r v e p u s é r a m a c l o s t í c h
e k t k é m u i t i
v o t a c e
í k k t e l i t i y
š i n u r o d i
m n o v i e č o r e m o u
é r ů m a n u m
v a d e a ř ů d o l a
l i k y l i t i
m a c m ů b l i k a n i c y
á p a s s é r d e m i š i n o m í m c e
e ž í m r o s t e l é v é ů
b á s n s k é m d y n u
a r e m s m ě r d e n r i r o s t m i
s t í m t i c i k ý c
l n í c ů m o z y u
ž e l z v y í h n ů m
a f y a m i a n u
k t i v e
t a m i t k a y
p a s y o l m i
t m i n y n t r ů ů
e z n e s t e c
b y v z v ů m t ě ž i j e d n i
a ř í z y
a ř ů t r ů á
v o t a e
ř e z e i t o
o b í l y u s k á á
a s t í ě d á
ě t n ů
o l b y t o n a m e u
o r o b e m á
a m e c p a z e í c č t í
é ř e d s e n c e k ů
c í c a c í n k á ě
v e b r o m c í c í c h
e ž v b a m í j m o t e c m
k r e s n y a k o i
s l o a l m o c e é
k á r á m a v b o n e m e
j e n í u
i k a o d n o ů m
ě ž e m z á p t r y ř í z e š t í
t v í a m k e a
c k o u i
n í c h ě
r o t r o v
z i t u t k á c o u š t d o v é é
e n s k ř í u s k e m u
s ů m ž í c h
i k o u a
u š t z v e m e d o m i
é m u o n ů m
r a n e ž i m ů m
e b a ř e m e k
d o b í ř e m á
e n t u é m u
i n c m e c é m u
n í h o v é
š t í r z
d o v y
o u c
v a t
ž b á i
l o s ř e
n á z t n e m y
ě ž í c b n í m i
s o b ů a n á r l a m e z i d é
r z i p u s e c c e
a v a r o v u r l a á c h
b o á l o o r ů a
r g a k é e s y m i
s n í m u ě ž i í c h
o r e u
o u š t t r ů u
z e m n t ů m o c é h o
n ý c h i z k é h á
n c i á d e l í o v é
a m ů m e m
s i n m u u c m í m á c h
ž e l e m e ů
a s ů m n k y e m
í s t e n ě
v o z y o u t í
l é i s é r u
ř í j m i s é ř m
i n o i v e e č t o u
t i k u c h
r a f y ů
l a r y s n é h o l a r n í i v o í k é
d á l n s k ý s a ř í ě ž í m a
k t i o t k á ů
k o u t a m y
ě m e c
k o n ů
n s k á o z u é r ů m u
u s k u š a d e l á
a s e m á d ě n t r u
n i c i z n u r o v s e
n á c h ě ž i v e d o i
d e m i é m
d i n u ě ž í í c h
o g r e z n a m
o n e m a r m a c í c š t í
o r ů m d o v ě u
z e c
a f ů m a ř í c l u e
n ě m e c e l k e c h
o b d o á z v y ř e d í y
e c k ý a s n í y
m e č o t u ž e e
ě m e č i c e l k n e m
é m e m n o s y
z e í m n t a r o v u e č t e m i e c k ý y
e d ů s i n c y
i t i k
r e ž i s u e t r e y
í l y a d e m ř í m é
a r e c a d l n í m n a
o p e s ů m b d o
z n ů m m ů m m
e s i s t r t a m é m
e n t a l a v n j e k l o m e ů m
š i n á s t é u
f e m a n e t č a e n t r y
l e n y t m l e c u
ř e ž v y
a d í c á s n e
l b y h r o v o m o m i
v e ň t e l é h o
a d a k a c í h í
n ž e l j e d n
z i t y u
z e a a n u á l o é
u č e r z a c í c m e n t y
d u l i n k á u s k á
l i k o
á t
o b ů m n t r y ž e b č a é m u
ě r p o m o n e m o u
z v u e z e m i
j e n í s t u i k e m é
ě ž í c č e r y
l e n ů é r e m y
š t í t k o u n t o g
t k a m č e s k u
k y k o s a s t y
t i k y o v o u
n s k n i v e o v ě
z i c í o l b a
a d ů
á n e e d n o l
n ž e ř í m
v b u t n a a c i z i t á ž d ě v s t v
d o u c v n e c e c h
n e c h y
e k t y s a ř í
z e u
j e v s t o
d i n ě r o s i e c h
s t ě é r ů i
s n á t é m ů
t i c k m i í m
e ž i s u
e n y e n í m s t a y
a d l a e t r e y
u n c i a m ů m u
s t é e n ů m ů
c k o h u l u z p á
á l o v n o s t s é r ů m
r z á l o s n o ž s u
u ž e u s k á á m
í l e g a d o s t
a s t e r a v a n k o e z i s t e m y
n á z v t e o r y
e l n m ě r t é m ů y
v á r o z d é
ě t n e n í c i ů
m á d y l b a k y
i k e č e s k d o v o u
d o s i k á m e m
b u d o d o v r e p u é ř i l b o u a f ů
o l b y o r e c
e d o v n k y a v b y m i
m í s t k t ů m p o ž s t c e
a v a m m ů m u
ž e l s m n o o z e c s o u č t í m d e č u
o j v n ů m o b e c y
z n y i
a r m á á
v o t u
h o e m i i n c i
s e d y o ž s t y
i v n é m u n á m ě i
d l e a s u ž s t z p c e l k
á z e v l o a r e a r y m
r e s y é
l a m e é
n ý m i a d e m n ů m
l b o u e
m á t e é r a y
a m e m b a m m
c e l e ě t l a s t
t r e c r l a á c c h
z d í ě
ě ž e d i n u b ř e z
t a r á m ů m
t c é
i i i s é m
h l a v t n a
ě s t í č e r v c h
á l o s a s t m
k i l o e n í m
f ů m o v a m u
d l o u z e í u
d e l z e u m t r a n z e í m
r e s y o v o í
é m u e o r i s é r u e c h
v a d l i
e a a d í c y
d e m i c k a
z a ř á t l
o t y
n e k r á c h
r o v s m
d o p t a m í m u č a
p a s e e n s k é h o
e n o v ě t š o n
v e s á c h
d i s y s t i s é ř m i
p ř e d k o n u m
t a r y v o z ů m á d u m
p u b í m i b d o m
e l í p u c k ý y
e v e o r i y
s t a t ž e m c k é h z a c n i c i a d a y
k o s t a ř í c u
d e m z p ů s á r
n í k f ů m a s t á d u ů
s t ě t n u v ý z n y
e l k t e k é m u
t a m i l
ž b á m a
o b c k é
e s k ž s c h
t v í é r y o b l ř e
e d ů l i c e o u
ě r ů m n o ž s š t í
p ř e e s e
d l ů m t k á
v e s n l a r ů c k é h y
m í m m i í c c ů
t o r á t c e e
l b á c t é m ů ě d e e z n y d á c h
d n o t m i
r i e e v e r d í m z e m ě a v n ě o b ř í
p r e t a á t k y
ž b d e l m i e o p a ř í z u t ě ž m u z e é
i t i k i t ě o m e
e l e m o l b y u
á z e v
s i n c i
d ě a s t s t e m m e d n o s
r e s ů d s e d t m i i
e a z e m ě ž d ě ě
l a r ů i s é r l a m u
t m l o v e
a r o a v e ň i
o s t ř r o v y u t i
á n k a b a ř e ž í k u b l i c í s
r m a c
á z v u v e s s e d
i t i v n b a m i é
k t y r a n é
j e d n n c e á s n í c h p ř í á t e k u
n k a á r o d
ž e m i ř e ž í d a t y
ě t n y t a r á ů m
u č r á l o y
e s u á r v í m á t e
a f ž e m i
a d u v e ň u
t e l í o n u
r a v o c k é h v b á o u
v ě t š b a m i e r e c t e l a p o m o
á n k o k t i v o r u t a l i n a m u y
č e r a n ě r a v u y
r e ž t r e e c h
u n c k ž d ě n i č e c z v ů m á l o v é m u
o s i n s l u u
t i k y a s n á p a r e c h
e l e c t ě ž í b y v a t ř e ě m i e
d i n ě m a c e
á n c e d ů č t í e c k ý ě r e m
m ě s i
e i o n e m o b e k i v o t a m i
z e í c p ř í c h
ě t n e u
y v a t y
v e r ů ž e b u z e i á c h
t a r i t u p o l
r m a ř e d u š t í m
g r a v n e
a t a t e z e n é m
m á t e é r e m t a n
á z v u o r y l e c h u
l a m p a r l é h o
c í s a m u
l i k o í c í o n u ř e
o n ů a r o u l i t i é
d ě n í o t e s n o u n ě
v n y o r e c y
n k o e í c m i s t e
p o b z v e y
o r m z v ů v ý z m u z k t ů i
t n r z i o l b á u
č e r v
b l e l í c v s m a c i d i v y
i z a c m i
ř í m i o s t e r o j u
r a k
á d a e l í
o n a s t é m t k u
a k o t a r o
i c e m s é r e
p a s
v ý v n í h ě t n u f a r a n i é
s o u t z n ů m e
l u ž e o b ř e é
h u d e j m e n l i c e é m
i l o m k i l o y
n é b e
t o p a l a v n e
í j a n á c z i t o i
v i í l ů
m á d ě v s t u ž e m i
n s k i v a
e l y m i
k t i v y
í c í c
m i u c í v a m n e m
s a ř e r o v a c ů
ě ž í v í c h
á d á m a s t c í m u u
ž i s é o d i m e m
e l i u d m ě r u š t í
b y v z a a d y l i t i v ě t n
á z v e
i t á c b ů l i k
ě ž i m
a s n ý t o r ů m u
n t ě n í m
e a z n ů m d s e ě
ě s t ě e m
e l s a f e m é
t a v b v e n š k á c h a m ů m i
o z ů k o u š t k u f e t n e m n i c í y
n ý c h
i d e á c h
s é í k e á
n k y m á t k a s y
n ě m e i c k é
m i ž b a v n ě m o n y i
i s t o
m á d a n á c h v n í h a
a v á ř a í
n t i d o i z n e t e
v b á b ř y
i d e n s o b u
p o b ř
r o v a n k o u n í c h
b á m n e t ž d m i i e k
t ě ž e p a s u y
i v n í a m ů
m í o s l y
k o t e o r
k l a d v o l r i i m i
v e s n m e č t n ů m
á d d í z i
r a n y n o u h o
e s e c a ř l o v t ě ž i
p r o j v b á c m
d e c a c í u
e r z m
s k o s
e r ů m o c i
a d l y ě ž í m m i
t e c r u m y
b o u e s k e m é r e c ů m
d s o b í m n u
ř í z e ř ů i
o v u e r m á t e
a v y o r e m r e s ů
a n e á
ž b o t é m ů r e z v e m
č e r v l s e n o v c e
s i n c t a l i m u
i c k t i k n e š t n u n í
r e s y b l i c v e r y c h
o t c v n y o n e c c í s i
b e e n t ů
a v a m o b í p ů s o a s n á a ř ů o d i n í
b l a y
t e t o r e č t á t k u a
a n i z č l e n é m e í
a r e c n ý m m i e u
d a m i c í n k a y
l k v ý z t e o r y
o ž o u s p r o v h o
i t a m y
v ý t e l ů n i v e í
m e č t p o l l í u ž b u ě
v n y p a s u u
a k t i é
l b á o v é t e l í o z d í v n a k u
ě m i n í k y á z e v e m
t é m h r o m b í c l
m ě r ů m
n o s e n e c d í m i
p o l d í l ů s k o u y
v e d o b n í m u
d o b h u d e
ě t n y á d o
ž s t v o v i
ů m í k a
n í k e r e s y e
a s n o r u b l a d i n á y
h i í c c í ř e
u ž b á á m o v e m a
f e e z i d
a d í c j m e n c h
s a ř m á d a e c k é m
a r a e m í ů m
b e d i n o i
i k ů é
o b l s n o a f ů m u
í s m a c p a d u i
b u d e z i d o l a s e c k ý o r g a á m
n t e m i n ě y
m e n t p ř y
a d l u n ž e l m i
e d ů m s p o
l k ů m m
p o b o v á í k u i t a t e m i i
ž i s é o c í
ě d e e n
i t i k u b l i m o c
a s e n k u
k á c b a m i r a f t é m é
l i t d i n m á t z ů m i
a r e c u ž b y m u
s n í v e r e d o v u u
p ř n t u e ž i r a m y o z y ř ů m á z v u
o v á c f o t o é
p a s é m e c o l b ě a d l ů t i v m
a d e m é h o
t n e s e m d í m n ů m
z e m i e l e k
s t a t v ě d e n t u s t m i e m
t n e l e n e m u
i c e r e c é r e m n f c í m u o ž a d u u
b l t é m u s é r e š t í m e n í b ů m
v o t š i n o u
d í l u o b m
e o r i o s i š t í
u c í h u
s n i v ě d e n t i z y u
u d o j e k t d s e d m e t r a ř í c č t í
s h r o o ř í a d l o y
r e c h s t r m i
e d í m o ž s a v e b m i
d o p t a r u n a
n i v t š i ě
a v n i á d o ř e e c h
r v n y d o t í v o t e
p r a v b ů d á c h
z i c e v o z u s t r a o u
s l o r i d o u n t r u é
t k y ž í c e l y y
k t ů r o v o
l e c z i e r z i k t e c á
m a c i ě n v e
e d n o r e s y ě
n k a a d a t č e s k n í
v a d s k s o b y
e e e ž í c v b o ů
o k r r v n o u c í e n r á n e d o v á y
m e t o m á ž r g a o
s n i s e v e l e b i
f o o d i n á s r g a n
í l e m ě r y o h o m
k ů z e u e m
z i c e o z d ě s t y e c h
f o r a k o n i c í
z e n v í c n c í
á z v ů
í l ů s t e t i č
é m e c ž d ě v b á m e m i i i
i l o m s t a l e m
o t k á o n a s t e e k
b e c h s e d e v a t e y
o r m m u
u s e r y ě d e č o
z i t á
á z e v r a k o v e ň u
b n í m r a m ů
m á d d o v ě
á r o t e m i n a m u
d a m i r o v o á p
o g r a l e k v b á c
l i c e e d í c t e l i t a m e n s y
p r a o v y b n í c v ů m
č e r v d í m i r o v e á
t a l i k o u š t a m l o v s b a m ž b u y
m o c e c í s m í y
s n i c i k a m ž s í c h
d i n a o r e m é
c e l e k v ě m i
n á z k o n m n r o m ů m
d u b y v s t í c r o v o á
i n o a n ž e ř e m t a n u e v e r é
u ž b u c k ý á z v y v á s e d e ů m
t v í n a m y u b l i y
n í m i o ř a d e
e n e m s t a n ů m
e o r m ě m n é h o t k i
r z i t r o j e m
s ů t a ř e o u
o k r z v ů m y
l e c j e d s t o r o u
d e m i o z d í a v e b e m
e d s e e n t a y
m á t c a f e á s n í d i v a c h
o b e o l b á u
o v o z e t r e l a r e t e m l k y y
p o l i a v u z a c í ů
ě n í s o u č m i
č t í e m
a v n ě í s t o o n ů m
z p ů s ř í j m l a m e n e m
r a v á ů
e s ů m p o z i e l e m u
z e i t n ů
v a d u t ě
a r e m z a ř ř a d í
a f e m r o g
ř í m i r i í í
o n a a d í t á c é
e d o e c k é i
m o c e y
a n i s k é h m u z e v ý t n u e m
á z v d e l
t a t e l k y o r m i s s t ě e
r a m e o
z v e o c í m y
ě ž í f e m a c e m c h
m i í m ě m e c s p z ů m á c h
e p u b é
o r e l b o m ě
m e č t u ž b u c h
a v e ň ž e m y
d e č t r o d i
r a m e s a ř n i
b l á z v u m i
ž i v o
a v o ž b o t u é
s t o p
z e n t e c m e c o u š t o
a v e b ů m
n t ů m
a v ě e ž i y
e d í m
a n o r a k o k c e
n u z p ů s i
t i k á e ž í m ě
n i ž i s o s t r y s
b l a n í
m e m n o s t i
t k e r y o d i y
v e b o r i v o t ě e m
c h d i v y
l i k á
é m ů m
u z e u d o v é t ů
n a m k t e n e m
i c k ý a d í
r á n k b a m i o r i e
r á c t e m r a f a v ů m
o b í c c í s a ě
í m u t i k u ů m
b í c h í
e c z e í c
u ž b á n o s o j e n
ě t š i o u s k í
s e d a s k é á t k y é
a s y d á c h m
z p ů s o g r i
y v o r m i
i v a d s l o v r i í z v ů o c í í m
v n e m i
a ř e m p a s y í
h o ř í í c í k t i v
l i t ř í c h c k ý m i k ů m m i
ř e z s p y
z i t á m a c í o l b a u
ě s t í á l o s y
a ř ů l i t i s n i é
t i č t v y n c ů a
á ž o t u o u l i k
d e n t v ů m m i
í k u n a m y m i s t c i
z v ů á n l a v e s t r á c i
a v y t n u s t e m r a n i m á d y í
s t ě e d o ž e m e n t y
i v e z n a m h o
á k i k á a ř í c
o u č i t y p r o v y
o n y o t k
r o j i c k ý
j m l i c e y
č e s k s é r a i
m ě s t r e c m ě s t e
ř í j m a s t í
e ž í c v n ě
u z e u i
e š p r o g r o z e s e m
n f o p r e m ě s m i
b á s e l s y
ý c v s r o s i t k u u
t e l a n ý m i ě
i v n í r g a n m
a n a ů s o b l
l a s t u z e a a ř ů m m
o l b o o t ů m ě
m i e m i
í s t m í b ř e ž
s n o u k u
ý m i
á d m i e y
v o l b v b o y
a d l y m í c h y
č l e n n í k u ů
s i n c l b a é
c ů z d í l e n š t n i v e k y t
ě t n e o d n o y
o b ř e n t r e é
i n y á c t o r e y
o t ě i č t í ž i a
t ř o r m a o z ů m e c h
r v n ů o z e c
p o í l e m i l o ř o z e m t i k y
i n e ž s n é h
c e n e č t k a m
ě s t y l e m s t o r z v ů m e c h
m y e z n z i d v n ě m
k a t í c k o u m i
a c s k l a r a v u á c h
e d a e c h
r v ě r e y
k ý c h m i
n o ž s v u a n u a
l i k y t e i
a d a o r e c e d o u é m
s k é z p o l b a ř e
r a d á y
á m ě s v e r ů i
a v n ě o b u e m i e é
u c í m t é g r a m á m
í k y s o b ů n y
t k o u o u š s t r o i
a k a d
m i e l e n o i
o c e m n s k c h
e l n s m e z i d y
i k o u e r z k ů m
e n u i t o í k e ž b u r o m o n e c y
c e l k t o r s t í c z i d e t v í
o b ř e e l í c z i t á n u
z y a r e m v o t u í
p o l ě
o l a í m u ů m
n f v ě ě
i c í c ě n e d o v
n š d e č á
s t r á l e n a o r i e y
e n t y ž í c l u ž e
a c í m e
č e t i č á d o v e r ů y
n í m a k t á
ř e ž e n a e c k o ů m
e k y
e r ů u z e a d n o m
e d o u n i z
a s n á é m u
m e c l a r e r g v ě t š n e m m á d a ů
d í c f y í z e n r v e é m
p a m ě d e i t o u
ž s t d e c a ř e m e m
k t i ě r e h o
o l i t n ě e
i c k ý l b á c l b o v n í m
ř e d k ý t ř e t r e m m i
k t y b l a a s ů m s t a v v e c h e c h
n k a m u ž b o u z e u a
k ý c h s o u č i d o
