k u f u l u m i r a
t i d z a f u l u m i r a
t i m a f u l u m i r a
t i n a f u l u m i r a
m u d z a f u l u m i r a
m u m a f u l u m i r a
m u n a f u l u m i r a
a d z a f u l u m i r a
a m a f u l u m i r a
a n a f u l u m i r a
n d i d z a f u l u m i r a
n d i m a f u l u m i r a
n d i n a f u l u m i r a
m u d z a f u l u m i r a
m u m a f u l u m i r a
m u n a f u l u m i r a
a d z a f u l u m i r a
a m a f u l u m i r a
a n a f u l u m i r a
k u t h i r a
t i d z a t h i r a
t i m a t h i r a
t i n a t h i r a
m u d z a t h i r a
m u m a t h i r a
m u n a t h i r a
a d z a t h i r a
a m a t h i r a
a n a t h i r a
n d i d z a t h i r a
n d i m a t h i r a
n d i n a t h i r a
m u d z a t h i r a
m u m a t h i r a
m u n a t h i r a
a d z a t h i r a
a m a t h i r a
a n a t h i r a
k u t e n g a
t i d z a t e n g a
t i m a t e n g a
t i n a t e n g a
m u d z a t e n g a
m u m a t e n g a
m u n a t e n g a
a d z a t e n g a
a m a t e n g a
a n a t e n g a
n d i d z a t e n g a
n d i m a t e n g a
n d i n a t e n g a
m u d z a t e n g a
m u m a t e n g a
m u n a t e n g a
a d z a t e n g a
a m a t e n g a
a n a t e n g a
k u s o w a
t i d z a s o w a
t i m a s o w a
t i n a s o w a
m u d z a s o w a
m u m a s o w a
m u n a s o w a
a d z a s o w a
a m a s o w a
a n a s o w a
n d i d z a s o w a
n d i m a s o w a
n d i n a s o w a
m u d z a s o w a
m u m a s o w a
m u n a s o w a
a d z a s o w a
a m a s o w a
a n a s o w a
k u t e m b e n u k a
t i d z a t e m b e n u k a
t i m a t e m b e n u k a
t i n a t e m b e n u k a
m u d z a t e m b e n u k a
m u m a t e m b e n u k a
m u n a t e m b e n u k a
a d z a t e m b e n u k a
a m a t e m b e n u k a
a n a t e m b e n u k a
n d i d z a t e m b e n u k a
n d i m a t e m b e n u k a
n d i n a t e m b e n u k a
m u d z a t e m b e n u k a
m u m a t e m b e n u k a
m u n a t e m b e n u k a
a d z a t e m b e n u k a
a m a t e m b e n u k a
a n a t e m b e n u k a
k u n u n k h a
t i d z a n u n k h a
t i m a n u n k h a
t i n a n u n k h a
m u d z a n u n k h a
m u m a n u n k h a
m u n a n u n k h a
a d z a n u n k h a
a m a n u n k h a
a n a n u n k h a
n d i d z a n u n k h a
n d i m a n u n k h a
n d i n a n u n k h a
m u d z a n u n k h a
m u m a n u n k h a
m u n a n u n k h a
a d z a n u n k h a
a m a n u n k h a
a n a n u n k h a
k u c h e z a
t i d z a c h e z a
t i m a c h e z a
t i n a c h e z a
m u d z a c h e z a
m u m a c h e z a
m u n a c h e z a
a d z a c h e z a
a m a c h e z a
a n a c h e z a
n d i d z a c h e z a
n d i m a c h e z a
n d i n a c h e z a
m u d z a c h e z a
m u m a c h e z a
m u n a c h e z a
a d z a c h e z a
a m a c h e z a
a n a c h e z a
k u k w i y a
t i d z a k w i y a
t i m a k w i y a
t i n a k w i y a
m u d z a k w i y a
m u m a k w i y a
m u n a k w i y a
a d z a k w i y a
a m a k w i y a
a n a k w i y a
n d i d z a k w i y a
n d i m a k w i y a
n d i n a k w i y a
m u d z a k w i y a
m u m a k w i y a
m u n a k w i y a
a d z a k w i y a
a m a k w i y a
a n a k w i y a
k u l o w a
t i d z a l o w a
t i m a l o w a
t i n a l o w a
m u d z a l o w a
m u m a l o w a
m u n a l o w a
a d z a l o w a
a m a l o w a
a n a l o w a
n d i d z a l o w a
n d i m a l o w a
n d i n a l o w a
m u d z a l o w a
m u m a l o w a
m u n a l o w a
a d z a l o w a
a m a l o w a
a n a l o w a
k u p h u n z i r a
t i d z a p h u n z i r a
t i m a p h u n z i r a
t i n a p h u n z i r a
m u d z a p h u n z i r a
m u m a p h u n z i r a
m u n a p h u n z i r a
a d z a p h u n z i r a
a m a p h u n z i r a
a n a p h u n z i r a
n d i d z a p h u n z i r a
n d i m a p h u n z i r a
n d i n a p h u n z i r a
m u d z a p h u n z i r a
m u m a p h u n z i r a
m u n a p h u n z i r a
a d z a p h u n z i r a
a m a p h u n z i r a
a n a p h u n z i r a
k u t e n t h a
t i d z a t e n t h a
t i m a t e n t h a
t i n a t e n t h a
m u d z a t e n t h a
m u m a t e n t h a
m u n a t e n t h a
a d z a t e n t h a
a m a t e n t h a
a n a t e n t h a
n d i d z a t e n t h a
n d i m a t e n t h a
n d i n a t e n t h a
m u d z a t e n t h a
m u m a t e n t h a
m u n a t e n t h a
a d z a t e n t h a
a m a t e n t h a
a n a t e n t h a
k u c h i m w a
t i d z a c h i m w a
t i m a c h i m w a
t i n a c h i m w a
m u d z a c h i m w a
m u m a c h i m w a
m u n a c h i m w a
a d z a c h i m w a
a m a c h i m w a
a n a c h i m w a
n d i d z a c h i m w a
n d i m a c h i m w a
n d i n a c h i m w a
m u d z a c h i m w a
m u m a c h i m w a
m u n a c h i m w a
a d z a c h i m w a
a m a c h i m w a
a n a c h i m w a
k u k h u d z a
t i d z a k h u d z a
t i m a k h u d z a
t i n a k h u d z a
m u d z a k h u d z a
m u m a k h u d z a
m u n a k h u d z a
a d z a k h u d z a
a m a k h u d z a
a n a k h u d z a
n d i d z a k h u d z a
n d i m a k h u d z a
n d i n a k h u d z a
m u d z a k h u d z a
m u m a k h u d z a
m u n a k h u d z a
a d z a k h u d z a
a m a k h u d z a
a n a k h u d z a
k u d z o l a
t i d z a d z o l a
t i m a d z o l a
t i n a d z o l a
m u d z a d z o l a
m u m a d z o l a
m u n a d z o l a
a d z a d z o l a
a m a d z o l a
a n a d z o l a
n d i d z a d z o l a
n d i m a d z o l a
n d i n a d z o l a
m u d z a d z o l a
m u m a d z o l a
m u n a d z o l a
a d z a d z o l a
a m a d z o l a
a n a d z o l a
k u b z a l a
t i d z a b z a l a
t i m a b z a l a
t i n a b z a l a
m u d z a b z a l a
m u m a b z a l a
m u n a b z a l a
a d z a b z a l a
a m a b z a l a
a n a b z a l a
n d i d z a b z a l a
n d i m a b z a l a
n d i n a b z a l a
m u d z a b z a l a
m u m a b z a l a
m u n a b z a l a
a d z a b z a l a
a m a b z a l a
a n a b z a l a
k u g a w a
t i d z a g a w a
t i m a g a w a
t i n a g a w a
m u d z a g a w a
m u m a g a w a
m u n a g a w a
a d z a g a w a
a m a g a w a
a n a g a w a
n d i d z a g a w a
n d i m a g a w a
n d i n a g a w a
m u d z a g a w a
m u m a g a w a
m u n a g a w a
a d z a g a w a
a m a g a w a
a n a g a w a
k u c h e d w a
t i d z a c h e d w a
t i m a c h e d w a
t i n a c h e d w a
m u d z a c h e d w a
m u m a c h e d w a
m u n a c h e d w a
a d z a c h e d w a
a m a c h e d w a
a n a c h e d w a
n d i d z a c h e d w a
n d i m a c h e d w a
n d i n a c h e d w a
m u d z a c h e d w a
m u m a c h e d w a
m u n a c h e d w a
a d z a c h e d w a
a m a c h e d w a
a n a c h e d w a
k u t u l u k a
t i d z a t u l u k a
t i m a t u l u k a
t i n a t u l u k a
m u d z a t u l u k a
m u m a t u l u k a
m u n a t u l u k a
a d z a t u l u k a
a m a t u l u k a
a n a t u l u k a
n d i d z a t u l u k a
n d i m a t u l u k a
n d i n a t u l u k a
m u d z a t u l u k a
m u m a t u l u k a
m u n a t u l u k a
a d z a t u l u k a
a m a t u l u k a
a n a t u l u k a
k u k w a n a
t i d z a k w a n a
t i m a k w a n a
t i n a k w a n a
m u d z a k w a n a
m u m a k w a n a
m u n a k w a n a
a d z a k w a n a
a m a k w a n a
a n a k w a n a
n d i d z a k w a n a
n d i m a k w a n a
n d i n a k w a n a
m u d z a k w a n a
m u m a k w a n a
m u n a k w a n a
a d z a k w a n a
a m a k w a n a
a n a k w a n a
k u d i k i r a
t i d z a d i k i r a
t i m a d i k i r a
t i n a d i k i r a
m u d z a d i k i r a
m u m a d i k i r a
m u n a d i k i r a
a d z a d i k i r a
a m a d i k i r a
a n a d i k i r a
n d i d z a d i k i r a
n d i m a d i k i r a
n d i n a d i k i r a
m u d z a d i k i r a
m u m a d i k i r a
m u n a d i k i r a
a d z a d i k i r a
a m a d i k i r a
a n a d i k i r a
k u l i p i r a
t i d z a l i p i r a
t i m a l i p i r a
t i n a l i p i r a
m u d z a l i p i r a
m u m a l i p i r a
m u n a l i p i r a
a d z a l i p i r a
a m a l i p i r a
a n a l i p i r a
n d i d z a l i p i r a
n d i m a l i p i r a
n d i n a l i p i r a
m u d z a l i p i r a
m u m a l i p i r a
m u n a l i p i r a
a d z a l i p i r a
a m a l i p i r a
a n a l i p i r a
k u b v a l a
t i d z a b v a l a
t i m a b v a l a
t i n a b v a l a
m u d z a b v a l a
m u m a b v a l a
m u n a b v a l a
a d z a b v a l a
a m a b v a l a
a n a b v a l a
n d i d z a b v a l a
n d i m a b v a l a
n d i n a b v a l a
m u d z a b v a l a
m u m a b v a l a
m u n a b v a l a
a d z a b v a l a
a m a b v a l a
a n a b v a l a
k u y a n g ' a n a
t i d z a y a n g ' a n a
t i m a y a n g ' a n a
t i n a y a n g ' a n a
m u d z a y a n g ' a n a
m u m a y a n g ' a n a
m u n a y a n g ' a n a
a d z a y a n g ' a n a
a m a y a n g ' a n a
a n a y a n g ' a n a
n d i d z a y a n g ' a n a
n d i m a y a n g ' a n a
n d i n a y a n g ' a n a
m u d z a y a n g ' a n a
m u m a y a n g ' a n a
m u n a y a n g ' a n a
a d z a y a n g ' a n a
a m a y a n g ' a n a
a n a y a n g ' a n a
k u t h a m a n g a
t i d z a t h a m a n g a
t i m a t h a m a n g a
t i n a t h a m a n g a
m u d z a t h a m a n g a
m u m a t h a m a n g a
m u n a t h a m a n g a
a d z a t h a m a n g a
a m a t h a m a n g a
a n a t h a m a n g a
n d i d z a t h a m a n g a
n d i m a t h a m a n g a
n d i n a t h a m a n g a
m u d z a t h a m a n g a
m u m a t h a m a n g a
m u n a t h a m a n g a
a d z a t h a m a n g a
a m a t h a m a n g a
a n a t h a m a n g a
k u n e n a
t i d z a n e n a
t i m a n e n a
t i n a n e n a
m u d z a n e n a
m u m a n e n a
m u n a n e n a
a d z a n e n a
a m a n e n a
a n a n e n a
n d i d z a n e n a
n d i m a n e n a
n d i n a n e n a
m u d z a n e n a
m u m a n e n a
m u n a n e n a
a d z a n e n a
a m a n e n a
a n a n e n a
k u z u n g u l i r a
t i d z a z u n g u l i r a
t i m a z u n g u l i r a
t i n a z u n g u l i r a
m u d z a z u n g u l i r a
m u m a z u n g u l i r a
m u n a z u n g u l i r a
a d z a z u n g u l i r a
a m a z u n g u l i r a
a n a z u n g u l i r a
n d i d z a z u n g u l i r a
n d i m a z u n g u l i r a
n d i n a z u n g u l i r a
m u d z a z u n g u l i r a
m u m a z u n g u l i r a
m u n a z u n g u l i r a
a d z a z u n g u l i r a
a m a z u n g u l i r a
a n a z u n g u l i r a
k u t s i k a
t i d z a t s i k a
t i m a t s i k a
t i n a t s i k a
m u d z a t s i k a
m u m a t s i k a
m u n a t s i k a
a d z a t s i k a
a m a t s i k a
a n a t s i k a
n d i d z a t s i k a
n d i m a t s i k a
n d i n a t s i k a
m u d z a t s i k a
m u m a t s i k a
m u n a t s i k a
a d z a t s i k a
a m a t s i k a
a n a t s i k a
k u b a t i z a
t i d z a b a t i z a
t i m a b a t i z a
t i n a b a t i z a
m u d z a b a t i z a
m u m a b a t i z a
m u n a b a t i z a
a d z a b a t i z a
a m a b a t i z a
a n a b a t i z a
n d i d z a b a t i z a
n d i m a b a t i z a
n d i n a b a t i z a
m u d z a b a t i z a
m u m a b a t i z a
m u n a b a t i z a
a d z a b a t i z a
a m a b a t i z a
a n a b a t i z a
k u b w e r a
t i d z a b w e r a
t i m a b w e r a
t i n a b w e r a
m u d z a b w e r a
m u m a b w e r a
m u n a b w e r a
a d z a b w e r a
a m a b w e r a
a n a b w e r a
n d i d z a b w e r a
n d i m a b w e r a
n d i n a b w e r a
m u d z a b w e r a
m u m a b w e r a
m u n a b w e r a
a d z a b w e r a
a m a b w e r a
a n a b w e r a
k u n a m a
t i d z a n a m a
t i m a n a m a
t i n a n a m a
m u d z a n a m a
m u m a n a m a
m u n a n a m a
a d z a n a m a
a m a n a m a
a n a n a m a
n d i d z a n a m a
n d i m a n a m a
n d i n a n a m a
m u d z a n a m a
m u m a n a m a
m u n a n a m a
a d z a n a m a
a m a n a m a
a n a n a m a
k u t o l a
t i d z a t o l a
t i m a t o l a
t i n a t o l a
m u d z a t o l a
m u m a t o l a
m u n a t o l a
a d z a t o l a
a m a t o l a
a n a t o l a
n d i d z a t o l a
n d i m a t o l a
n d i n a t o l a
m u d z a t o l a
m u m a t o l a
m u n a t o l a
a d z a t o l a
a m a t o l a
a n a t o l a
k u l o i a
t i d z a l o i a
t i m a l o i a
t i n a l o i a
m u d z a l o i a
m u m a l o i a
m u n a l o i a
a d z a l o i a
a m a l o i a
a n a l o i a
n d i d z a l o i a
n d i m a l o i a
n d i n a l o i a
m u d z a l o i a
m u m a l o i a
m u n a l o i a
a d z a l o i a
a m a l o i a
a n a l o i a
k u p a t s a
t i d z a p a t s a
t i m a p a t s a
t i n a p a t s a
m u d z a p a t s a
m u m a p a t s a
m u n a p a t s a
a d z a p a t s a
a m a p a t s a
a n a p a t s a
n d i d z a p a t s a
n d i m a p a t s a
n d i n a p a t s a
m u d z a p a t s a
m u m a p a t s a
m u n a p a t s a
a d z a p a t s a
a m a p a t s a
a n a p a t s a
k u k h u t a
t i d z a k h u t a
t i m a k h u t a
t i n a k h u t a
m u d z a k h u t a
m u m a k h u t a
m u n a k h u t a
a d z a k h u t a
a m a k h u t a
a n a k h u t a
n d i d z a k h u t a
n d i m a k h u t a
n d i n a k h u t a
m u d z a k h u t a
m u m a k h u t a
m u n a k h u t a
a d z a k h u t a
a m a k h u t a
a n a k h u t a
k u s a n g a l a l a
t i d z a s a n g a l a l a
t i m a s a n g a l a l a
t i n a s a n g a l a l a
m u d z a s a n g a l a l a
m u m a s a n g a l a l a
m u n a s a n g a l a l a
a d z a s a n g a l a l a
a m a s a n g a l a l a
a n a s a n g a l a l a
n d i d z a s a n g a l a l a
n d i m a s a n g a l a l a
n d i n a s a n g a l a l a
m u d z a s a n g a l a l a
m u m a s a n g a l a l a
m u n a s a n g a l a l a
a d z a s a n g a l a l a
a m a s a n g a l a l a
a n a s a n g a l a l a
k u y e n e r a
t i d z a y e n e r a
t i m a y e n e r a
t i n a y e n e r a
m u d z a y e n e r a
m u m a y e n e r a
m u n a y e n e r a
a d z a y e n e r a
a m a y e n e r a
a n a y e n e r a
n d i d z a y e n e r a
n d i m a y e n e r a
n d i n a y e n e r a
m u d z a y e n e r a
m u m a y e n e r a
m u n a y e n e r a
a d z a y e n e r a
a m a y e n e r a
a n a y e n e r a
k u b a d w a
t i d z a b a d w a
t i m a b a d w a
t i n a b a d w a
m u d z a b a d w a
m u m a b a d w a
m u n a b a d w a
a d z a b a d w a
a m a b a d w a
a n a b a d w a
n d i d z a b a d w a
n d i m a b a d w a
n d i n a b a d w a
m u d z a b a d w a
m u m a b a d w a
m u n a b a d w a
a d z a b a d w a
a m a b a d w a
a n a b a d w a
k u f u u l a
t i d z a f u u l a
t i m a f u u l a
t i n a f u u l a
m u d z a f u u l a
m u m a f u u l a
m u n a f u u l a
a d z a f u u l a
a m a f u u l a
a n a f u u l a
n d i d z a f u u l a
n d i m a f u u l a
n d i n a f u u l a
m u d z a f u u l a
m u m a f u u l a
m u n a f u u l a
a d z a f u u l a
a m a f u u l a
a n a f u u l a
k u n t c h i t o
t i d z a n t c h i t o
t i m a n t c h i t o
t i n a n t c h i t o
m u d z a n t c h i t o
m u m a n t c h i t o
m u n a n t c h i t o
a d z a n t c h i t o
a m a n t c h i t o
a n a n t c h i t o
n d i d z a n t c h i t o
n d i m a n t c h i t o
n d i n a n t c h i t o
m u d z a n t c h i t o
m u m a n t c h i t o
m u n a n t c h i t o
a d z a n t c h i t o
a m a n t c h i t o
a n a n t c h i t o
k u k a m b a
t i d z a k a m b a
t i m a k a m b a
t i n a k a m b a
m u d z a k a m b a
m u m a k a m b a
m u n a k a m b a
a d z a k a m b a
a m a k a m b a
a n a k a m b a
n d i d z a k a m b a
n d i m a k a m b a
n d i n a k a m b a
m u d z a k a m b a
m u m a k a m b a
m u n a k a m b a
a d z a k a m b a
a m a k a m b a
a n a k a m b a
k u c h i r a
t i d z a c h i r a
t i m a c h i r a
t i n a c h i r a
m u d z a c h i r a
m u m a c h i r a
m u n a c h i r a
a d z a c h i r a
a m a c h i r a
a n a c h i r a
n d i d z a c h i r a
n d i m a c h i r a
n d i n a c h i r a
m u d z a c h i r a
m u m a c h i r a
m u n a c h i r a
a d z a c h i r a
a m a c h i r a
a n a c h i r a
k u f e w a
t i d z a f e w a
t i m a f e w a
t i n a f e w a
m u d z a f e w a
m u m a f e w a
m u n a f e w a
a d z a f e w a
a m a f e w a
a n a f e w a
n d i d z a f e w a
n d i m a f e w a
n d i n a f e w a
m u d z a f e w a
m u m a f e w a
m u n a f e w a
a d z a f e w a
a m a f e w a
a n a f e w a
k u t c h a
t i d z a t c h a
t i m a t c h a
t i n a t c h a
m u d z a t c h a
m u m a t c h a
m u n a t c h a
a d z a t c h a
a m a t c h a
a n a t c h a
n d i d z a t c h a
n d i m a t c h a
n d i n a t c h a
m u d z a t c h a
m u m a t c h a
m u n a t c h a
a d z a t c h a
a m a t c h a
a n a t c h a
k u v i n a
t i d z a v i n a
t i m a v i n a
t i n a v i n a
m u d z a v i n a
m u m a v i n a
m u n a v i n a
a d z a v i n a
a m a v i n a
a n a v i n a
n d i d z a v i n a
n d i m a v i n a
n d i n a v i n a
m u d z a v i n a
m u m a v i n a
m u n a v i n a
a d z a v i n a
a m a v i n a
a n a v i n a
k u t a n t h a u z a
t i d z a t a n t h a u z a
t i m a t a n t h a u z a
t i n a t a n t h a u z a
m u d z a t a n t h a u z a
m u m a t a n t h a u z a
m u n a t a n t h a u z a
a d z a t a n t h a u z a
a m a t a n t h a u z a
a n a t a n t h a u z a
n d i d z a t a n t h a u z a
n d i m a t a n t h a u z a
n d i n a t a n t h a u z a
m u d z a t a n t h a u z a
m u m a t a n t h a u z a
m u n a t a n t h a u z a
a d z a t a n t h a u z a
a m a t a n t h a u z a
a n a t a n t h a u z a
k u k o m a
t i d z a k o m a
t i m a k o m a
t i n a k o m a
m u d z a k o m a
m u m a k o m a
m u n a k o m a
a d z a k o m a
a m a k o m a
a n a k o m a
n d i d z a k o m a
n d i m a k o m a
n d i n a k o m a
m u d z a k o m a
m u m a k o m a
m u n a k o m a
a d z a k o m a
a m a k o m a
a n a k o m a
k u m a l i z a
t i d z a m a l i z a
t i m a m a l i z a
t i n a m a l i z a
m u d z a m a l i z a
m u m a m a l i z a
m u n a m a l i z a
a d z a m a l i z a
a m a m a l i z a
a n a m a l i z a
n d i d z a m a l i z a
n d i m a m a l i z a
n d i n a m a l i z a
m u d z a m a l i z a
m u m a m a l i z a
m u n a m a l i z a
a d z a m a l i z a
a m a m a l i z a
a n a m a l i z a
k u d y a
t i d z a d y a
t i m a d y a
t i n a d y a
m u d z a d y a
m u m a d y a
m u n a d y a
a d z a d y a
a m a d y a
a n a d y a
n d i d z a d y a
n d i m a d y a
n d i n a d y a
m u d z a d y a
m u m a d y a
m u n a d y a
a d z a d y a
a m a d y a
a n a d y a
k u t s a n z i r a
t i d z a t s a n z i r a
t i m a t s a n z i r a
t i n a t s a n z i r a
m u d z a t s a n z i r a
m u m a t s a n z i r a
m u n a t s a n z i r a
a d z a t s a n z i r a
a m a t s a n z i r a
a n a t s a n z i r a
n d i d z a t s a n z i r a
n d i m a t s a n z i r a
n d i n a t s a n z i r a
m u d z a t s a n z i r a
m u m a t s a n z i r a
m u n a t s a n z i r a
a d z a t s a n z i r a
a m a t s a n z i r a
a n a t s a n z i r a
k u d w a l a
t i d z a d w a l a
t i m a d w a l a
t i n a d w a l a
m u d z a d w a l a
m u m a d w a l a
m u n a d w a l a
a d z a d w a l a
a m a d w a l a
a n a d w a l a
n d i d z a d w a l a
n d i m a d w a l a
n d i n a d w a l a
m u d z a d w a l a
m u m a d w a l a
m u n a d w a l a
a d z a d w a l a
a m a d w a l a
a n a d w a l a
k u l u m a
t i d z a l u m a
t i m a l u m a
t i n a l u m a
m u d z a l u m a
m u m a l u m a
m u n a l u m a
a d z a l u m a
a m a l u m a
a n a l u m a
n d i d z a l u m a
n d i m a l u m a
n d i n a l u m a
m u d z a l u m a
m u m a l u m a
m u n a l u m a
a d z a l u m a
a m a l u m a
a n a l u m a
k u s e k a
t i d z a s e k a
t i m a s e k a
t i n a s e k a
m u d z a s e k a
m u m a s e k a
m u n a s e k a
a d z a s e k a
a m a s e k a
a n a s e k a
n d i d z a s e k a
n d i m a s e k a
n d i n a s e k a
m u d z a s e k a
m u m a s e k a
m u n a s e k a
a d z a s e k a
a m a s e k a
a n a s e k a
k u y a n k h u l a
t i d z a y a n k h u l a
t i m a y a n k h u l a
t i n a y a n k h u l a
m u d z a y a n k h u l a
m u m a y a n k h u l a
m u n a y a n k h u l a
a d z a y a n k h u l a
a m a y a n k h u l a
a n a y a n k h u l a
n d i d z a y a n k h u l a
n d i m a y a n k h u l a
n d i n a y a n k h u l a
m u d z a y a n k h u l a
m u m a y a n k h u l a
m u n a y a n k h u l a
a d z a y a n k h u l a
a m a y a n k h u l a
a n a y a n k h u l a
k u s o n k h a
t i d z a s o n k h a
t i m a s o n k h a
t i n a s o n k h a
m u d z a s o n k h a
m u m a s o n k h a
m u n a s o n k h a
a d z a s o n k h a
a m a s o n k h a
a n a s o n k h a
n d i d z a s o n k h a
n d i m a s o n k h a
n d i n a s o n k h a
m u d z a s o n k h a
m u m a s o n k h a
m u n a s o n k h a
a d z a s o n k h a
a m a s o n k h a
a n a s o n k h a
k u l a m u l a
t i d z a l a m u l a
t i m a l a m u l a
t i n a l a m u l a
m u d z a l a m u l a
m u m a l a m u l a
m u n a l a m u l a
a d z a l a m u l a
a m a l a m u l a
a n a l a m u l a
n d i d z a l a m u l a
n d i m a l a m u l a
n d i n a l a m u l a
m u d z a l a m u l a
m u m a l a m u l a
m u n a l a m u l a
a d z a l a m u l a
a m a l a m u l a
a n a l a m u l a
k u y a k a
t i d z a y a k a
t i m a y a k a
t i n a y a k a
m u d z a y a k a
m u m a y a k a
m u n a y a k a
a d z a y a k a
a m a y a k a
a n a y a k a
n d i d z a y a k a
n d i m a y a k a
n d i n a y a k a
m u d z a y a k a
m u m a y a k a
m u n a y a k a
a d z a y a k a
a m a y a k a
a n a y a k a
k u p o s a
t i d z a p o s a
t i m a p o s a
t i n a p o s a
m u d z a p o s a
m u m a p o s a
m u n a p o s a
a d z a p o s a
a m a p o s a
a n a p o s a
n d i d z a p o s a
n d i m a p o s a
n d i n a p o s a
m u d z a p o s a
m u m a p o s a
m u n a p o s a
a d z a p o s a
a m a p o s a
a n a p o s a
k u b a y a
t i d z a b a y a
t i m a b a y a
t i n a b a y a
m u d z a b a y a
m u m a b a y a
m u n a b a y a
a d z a b a y a
a m a b a y a
a n a b a y a
n d i d z a b a y a
n d i m a b a y a
n d i n a b a y a
m u d z a b a y a
m u m a b a y a
m u n a b a y a
a d z a b a y a
a m a b a y a
a n a b a y a
k u i m b a
t i d z a i m b a
t i m a i m b a
t i n a i m b a
m u d z a i m b a
m u m a i m b a
m u n a i m b a
a d z a i m b a
a m a i m b a
a n a i m b a
n d i d z a i m b a
n d i m a i m b a
n d i n a i m b a
m u d z a i m b a
m u m a i m b a
m u n a i m b a
a d z a i m b a
a m a i m b a
a n a i m b a
k u m a n g a
t i d z a m a n g a
t i m a m a n g a
t i n a m a n g a
m u d z a m a n g a
m u m a m a n g a
m u n a m a n g a
a d z a m a n g a
a m a m a n g a
a n a m a n g a
n d i d z a m a n g a
n d i m a m a n g a
n d i n a m a n g a
m u d z a m a n g a
m u m a m a n g a
m u n a m a n g a
a d z a m a n g a
a m a m a n g a
a n a m a n g a
k u i m w a
t i d z a i m w a
t i m a i m w a
t i n a i m w a
m u d z a i m w a
m u m a i m w a
m u n a i m w a
a d z a i m w a
a m a i m w a
a n a i m w a
n d i d z a i m w a
n d i m a i m w a
n d i n a i m w a
m u d z a i m w a
m u m a i m w a
m u n a i m w a
a d z a i m w a
a m a i m w a
a n a i m w a
k u c h e n j e r a
t i d z a c h e n j e r a
t i m a c h e n j e r a
t i n a c h e n j e r a
m u d z a c h e n j e r a
m u m a c h e n j e r a
m u n a c h e n j e r a
a d z a c h e n j e r a
a m a c h e n j e r a
a n a c h e n j e r a
n d i d z a c h e n j e r a
n d i m a c h e n j e r a
n d i n a c h e n j e r a
m u d z a c h e n j e r a
m u m a c h e n j e r a
m u n a c h e n j e r a
a d z a c h e n j e r a
a m a c h e n j e r a
a n a c h e n j e r a
k u z i n d i k i r a
t i d z a z i n d i k i r a
t i m a z i n d i k i r a
t i n a z i n d i k i r a
m u d z a z i n d i k i r a
m u m a z i n d i k i r a
m u n a z i n d i k i r a
a d z a z i n d i k i r a
a m a z i n d i k i r a
a n a z i n d i k i r a
n d i d z a z i n d i k i r a
n d i m a z i n d i k i r a
n d i n a z i n d i k i r a
m u d z a z i n d i k i r a
m u m a z i n d i k i r a
m u n a z i n d i k i r a
a d z a z i n d i k i r a
a m a z i n d i k i r a
a n a z i n d i k i r a
k u k a n a
t i d z a k a n a
t i m a k a n a
t i n a k a n a
m u d z a k a n a
m u m a k a n a
m u n a k a n a
a d z a k a n a
a m a k a n a
a n a k a n a
n d i d z a k a n a
n d i m a k a n a
n d i n a k a n a
m u d z a k a n a
m u m a k a n a
m u n a k a n a
a d z a k a n a
a m a k a n a
a n a k a n a
k u s a u k a
t i d z a s a u k a
t i m a s a u k a
t i n a s a u k a
m u d z a s a u k a
m u m a s a u k a
m u n a s a u k a
a d z a s a u k a
a m a s a u k a
a n a s a u k a
n d i d z a s a u k a
n d i m a s a u k a
n d i n a s a u k a
m u d z a s a u k a
m u m a s a u k a
m u n a s a u k a
a d z a s a u k a
a m a s a u k a
a n a s a u k a
k u b v i n a
t i d z a b v i n a
t i m a b v i n a
t i n a b v i n a
m u d z a b v i n a
m u m a b v i n a
m u n a b v i n a
a d z a b v i n a
a m a b v i n a
a n a b v i n a
n d i d z a b v i n a
n d i m a b v i n a
n d i n a b v i n a
m u d z a b v i n a
m u m a b v i n a
m u n a b v i n a
a d z a b v i n a
a m a b v i n a
a n a b v i n a
k u d z i w a
t i d z a d z i w a
t i m a d z i w a
t i n a d z i w a
m u d z a d z i w a
m u m a d z i w a
m u n a d z i w a
a d z a d z i w a
a m a d z i w a
a n a d z i w a
n d i d z a d z i w a
n d i m a d z i w a
n d i n a d z i w a
m u d z a d z i w a
m u m a d z i w a
m u n a d z i w a
a d z a d z i w a
a m a d z i w a
a n a d z i w a
k u f i k a
t i d z a f i k a
t i m a f i k a
t i n a f i k a
m u d z a f i k a
m u m a f i k a
m u n a f i k a
a d z a f i k a
a m a f i k a
a n a f i k a
n d i d z a f i k a
n d i m a f i k a
n d i n a f i k a
m u d z a f i k a
m u m a f i k a
m u n a f i k a
a d z a f i k a
a m a f i k a
a n a f i k a
k u p s y a
t i d z a p s y a
t i m a p s y a
t i n a p s y a
m u d z a p s y a
m u m a p s y a
m u n a p s y a
a d z a p s y a
a m a p s y a
a n a p s y a
n d i d z a p s y a
n d i m a p s y a
n d i n a p s y a
m u d z a p s y a
m u m a p s y a
m u n a p s y a
a d z a p s y a
a m a p s y a
a n a p s y a
k u n y a n s a
t i d z a n y a n s a
t i m a n y a n s a
t i n a n y a n s a
m u d z a n y a n s a
m u m a n y a n s a
m u n a n y a n s a
a d z a n y a n s a
a m a n y a n s a
a n a n y a n s a
n d i d z a n y a n s a
n d i m a n y a n s a
n d i n a n y a n s a
m u d z a n y a n s a
m u m a n y a n s a
m u n a n y a n s a
a d z a n y a n s a
a m a n y a n s a
a n a n y a n s a
k u g o g o d a
t i d z a g o g o d a
t i m a g o g o d a
t i n a g o g o d a
m u d z a g o g o d a
m u m a g o g o d a
m u n a g o g o d a
a d z a g o g o d a
a m a g o g o d a
a n a g o g o d a
n d i d z a g o g o d a
n d i m a g o g o d a
n d i n a g o g o d a
m u d z a g o g o d a
m u m a g o g o d a
m u n a g o g o d a
a d z a g o g o d a
a m a g o g o d a
a n a g o g o d a
k u d z a
t i d z a d z a
t i m a d z a
t i n a d z a
m u d z a d z a
m u m a d z a
m u n a d z a
a d z a d z a
a m a d z a
a n a d z a
n d i d z a d z a
n d i m a d z a
n d i n a d z a
m u d z a d z a
m u m a d z a
m u n a d z a
a d z a d z a
a m a d z a
a n a d z a
k u o l o k a
t i d z a o l o k a
t i m a o l o k a
t i n a o l o k a
m u d z a o l o k a
m u m a o l o k a
m u n a o l o k a
a d z a o l o k a
a m a o l o k a
a n a o l o k a
n d i d z a o l o k a
n d i m a o l o k a
n d i n a o l o k a
m u d z a o l o k a
m u m a o l o k a
m u n a o l o k a
a d z a o l o k a
a m a o l o k a
a n a o l o k a
k u s a n d u k a
t i d z a s a n d u k a
t i m a s a n d u k a
t i n a s a n d u k a
m u d z a s a n d u k a
m u m a s a n d u k a
m u n a s a n d u k a
a d z a s a n d u k a
a m a s a n d u k a
a n a s a n d u k a
n d i d z a s a n d u k a
n d i m a s a n d u k a
n d i n a s a n d u k a
m u d z a s a n d u k a
m u m a s a n d u k a
m u n a s a n d u k a
a d z a s a n d u k a
a m a s a n d u k a
a n a s a n d u k a
k u b v u t a
t i d z a b v u t a
t i m a b v u t a
t i n a b v u t a
m u d z a b v u t a
m u m a b v u t a
m u n a b v u t a
a d z a b v u t a
a m a b v u t a
a n a b v u t a
n d i d z a b v u t a
n d i m a b v u t a
n d i n a b v u t a
m u d z a b v u t a
m u m a b v u t a
m u n a b v u t a
a d z a b v u t a
a m a b v u t a
a n a b v u t a
k u t o p a
t i d z a t o p a
t i m a t o p a
t i n a t o p a
m u d z a t o p a
m u m a t o p a
m u n a t o p a
a d z a t o p a
a m a t o p a
a n a t o p a
n d i d z a t o p a
n d i m a t o p a
n d i n a t o p a
m u d z a t o p a
m u m a t o p a
m u n a t o p a
a d z a t o p a
a m a t o p a
a n a t o p a
k u m a s u l a
t i d z a m a s u l a
t i m a m a s u l a
t i n a m a s u l a
m u d z a m a s u l a
m u m a m a s u l a
m u n a m a s u l a
a d z a m a s u l a
a m a m a s u l a
a n a m a s u l a
n d i d z a m a s u l a
n d i m a m a s u l a
n d i n a m a s u l a
m u d z a m a s u l a
m u m a m a s u l a
m u n a m a s u l a
a d z a m a s u l a
a m a m a s u l a
a n a m a s u l a
k u l a n d a
t i d z a l a n d a
t i m a l a n d a
t i n a l a n d a
m u d z a l a n d a
m u m a l a n d a
m u n a l a n d a
a d z a l a n d a
a m a l a n d a
a n a l a n d a
n d i d z a l a n d a
n d i m a l a n d a
n d i n a l a n d a
m u d z a l a n d a
m u m a l a n d a
m u n a l a n d a
a d z a l a n d a
a m a l a n d a
a n a l a n d a
k u l i m b a
t i d z a l i m b a
t i m a l i m b a
t i n a l i m b a
m u d z a l i m b a
m u m a l i m b a
m u n a l i m b a
a d z a l i m b a
a m a l i m b a
a n a l i m b a
n d i d z a l i m b a
n d i m a l i m b a
n d i n a l i m b a
m u d z a l i m b a
m u m a l i m b a
m u n a l i m b a
a d z a l i m b a
a m a l i m b a
a n a l i m b a
k u s a m a l a
t i d z a s a m a l a
t i m a s a m a l a
t i n a s a m a l a
m u d z a s a m a l a
m u m a s a m a l a
m u n a s a m a l a
a d z a s a m a l a
a m a s a m a l a
a n a s a m a l a
n d i d z a s a m a l a
n d i m a s a m a l a
n d i n a s a m a l a
m u d z a s a m a l a
m u m a s a m a l a
m u n a s a m a l a
a d z a s a m a l a
a m a s a m a l a
a n a s a m a l a
k u l i m a
t i d z a l i m a
t i m a l i m a
t i n a l i m a
m u d z a l i m a
m u m a l i m a
m u n a l i m a
a d z a l i m a
a m a l i m a
a n a l i m a
n d i d z a l i m a
n d i m a l i m a
n d i n a l i m a
m u d z a l i m a
m u m a l i m a
m u n a l i m a
a d z a l i m a
a m a l i m a
a n a l i m a
k u s u n g a
t i d z a s u n g a
t i m a s u n g a
t i n a s u n g a
m u d z a s u n g a
m u m a s u n g a
m u n a s u n g a
a d z a s u n g a
a m a s u n g a
a n a s u n g a
n d i d z a s u n g a
n d i m a s u n g a
n d i n a s u n g a
m u d z a s u n g a
m u m a s u n g a
m u n a s u n g a
a d z a s u n g a
a m a s u n g a
a n a s u n g a
k u o n a
t i d z a o n a
t i m a o n a
t i n a o n a
m u d z a o n a
m u m a o n a
m u n a o n a
a d z a o n a
a m a o n a
a n a o n a
n d i d z a o n a
n d i m a o n a
n d i n a o n a
m u d z a o n a
m u m a o n a
m u n a o n a
a d z a o n a
a m a o n a
a n a o n a
k u k o n d w a
t i d z a k o n d w a
t i m a k o n d w a
t i n a k o n d w a
m u d z a k o n d w a
m u m a k o n d w a
m u n a k o n d w a
a d z a k o n d w a
a m a k o n d w a
a n a k o n d w a
n d i d z a k o n d w a
n d i m a k o n d w a
n d i n a k o n d w a
m u d z a k o n d w a
m u m a k o n d w a
m u n a k o n d w a
a d z a k o n d w a
a m a k o n d w a
a n a k o n d w a
k u g a n i z a
t i d z a g a n i z a
t i m a g a n i z a
t i n a g a n i z a
m u d z a g a n i z a
m u m a g a n i z a
m u n a g a n i z a
a d z a g a n i z a
a m a g a n i z a
a n a g a n i z a
n d i d z a g a n i z a
n d i m a g a n i z a
n d i n a g a n i z a
m u d z a g a n i z a
m u m a g a n i z a
m u n a g a n i z a
a d z a g a n i z a
a m a g a n i z a
a n a g a n i z a
k u l a k w a
t i d z a l a k w a
t i m a l a k w a
t i n a l a k w a
m u d z a l a k w a
m u m a l a k w a
m u n a l a k w a
a d z a l a k w a
a m a l a k w a
a n a l a k w a
n d i d z a l a k w a
n d i m a l a k w a
n d i n a l a k w a
m u d z a l a k w a
m u m a l a k w a
m u n a l a k w a
a d z a l a k w a
a m a l a k w a
a n a l a k w a
k u k h u l u p i r a
t i d z a k h u l u p i r a
t i m a k h u l u p i r a
t i n a k h u l u p i r a
m u d z a k h u l u p i r a
m u m a k h u l u p i r a
m u n a k h u l u p i r a
a d z a k h u l u p i r a
a m a k h u l u p i r a
a n a k h u l u p i r a
n d i d z a k h u l u p i r a
n d i m a k h u l u p i r a
n d i n a k h u l u p i r a
m u d z a k h u l u p i r a
m u m a k h u l u p i r a
m u n a k h u l u p i r a
a d z a k h u l u p i r a
a m a k h u l u p i r a
a n a k h u l u p i r a
k u p i t a n i
t i d z a p i t a n i
t i m a p i t a n i
t i n a p i t a n i
m u d z a p i t a n i
m u m a p i t a n i
m u n a p i t a n i
a d z a p i t a n i
a m a p i t a n i
a n a p i t a n i
n d i d z a p i t a n i
n d i m a p i t a n i
n d i n a p i t a n i
m u d z a p i t a n i
m u m a p i t a n i
m u n a p i t a n i
a d z a p i t a n i
a m a p i t a n i
a n a p i t a n i
k u y e n d a
t i d z a y e n d a
t i m a y e n d a
t i n a y e n d a
m u d z a y e n d a
m u m a y e n d a
m u n a y e n d a
a d z a y e n d a
a m a y e n d a
a n a y e n d a
n d i d z a y e n d a
n d i m a y e n d a
n d i n a y e n d a
m u d z a y e n d a
m u m a y e n d a
m u n a y e n d a
a d z a y e n d a
a m a y e n d a
a n a y e n d a
k u t s e k a
t i d z a t s e k a
t i m a t s e k a
t i n a t s e k a
m u d z a t s e k a
m u m a t s e k a
m u n a t s e k a
a d z a t s e k a
a m a t s e k a
a n a t s e k a
n d i d z a t s e k a
n d i m a t s e k a
n d i n a t s e k a
m u d z a t s e k a
m u m a t s e k a
m u n a t s e k a
a d z a t s e k a
a m a t s e k a
a n a t s e k a
k u b o o l a
t i d z a b o o l a
t i m a b o o l a
t i n a b o o l a
m u d z a b o o l a
m u m a b o o l a
m u n a b o o l a
a d z a b o o l a
a m a b o o l a
a n a b o o l a
n d i d z a b o o l a
n d i m a b o o l a
n d i n a b o o l a
m u d z a b o o l a
m u m a b o o l a
m u n a b o o l a
a d z a b o o l a
a m a b o o l a
a n a b o o l a
k u p h i k a
t i d z a p h i k a
t i m a p h i k a
t i n a p h i k a
m u d z a p h i k a
m u m a p h i k a
m u n a p h i k a
a d z a p h i k a
a m a p h i k a
a n a p h i k a
n d i d z a p h i k a
n d i m a p h i k a
n d i n a p h i k a
m u d z a p h i k a
m u m a p h i k a
m u n a p h i k a
a d z a p h i k a
a m a p h i k a
a n a p h i k a
k u m w a
t i d z a m w a
t i m a m w a
t i n a m w a
m u d z a m w a
m u m a m w a
m u n a m w a
a d z a m w a
a m a m w a
a n a m w a
n d i d z a m w a
n d i m a m w a
n d i n a m w a
m u d z a m w a
m u m a m w a
m u n a m w a
a d z a m w a
a m a m w a
a n a m w a
k u f u n s a n i
t i d z a f u n s a n i
t i m a f u n s a n i
t i n a f u n s a n i
m u d z a f u n s a n i
m u m a f u n s a n i
m u n a f u n s a n i
a d z a f u n s a n i
a m a f u n s a n i
a n a f u n s a n i
n d i d z a f u n s a n i
n d i m a f u n s a n i
n d i n a f u n s a n i
m u d z a f u n s a n i
m u m a f u n s a n i
m u n a f u n s a n i
a d z a f u n s a n i
a m a f u n s a n i
a n a f u n s a n i
k u k o n z a
t i d z a k o n z a
t i m a k o n z a
t i n a k o n z a
m u d z a k o n z a
m u m a k o n z a
m u n a k o n z a
a d z a k o n z a
a m a k o n z a
a n a k o n z a
n d i d z a k o n z a
n d i m a k o n z a
n d i n a k o n z a
m u d z a k o n z a
m u m a k o n z a
m u n a k o n z a
a d z a k o n z a
a m a k o n z a
a n a k o n z a
k u o n g o l a
t i d z a o n g o l a
t i m a o n g o l a
t i n a o n g o l a
m u d z a o n g o l a
m u m a o n g o l a
m u n a o n g o l a
a d z a o n g o l a
a m a o n g o l a
a n a o n g o l a
n d i d z a o n g o l a
n d i m a o n g o l a
n d i n a o n g o l a
m u d z a o n g o l a
m u m a o n g o l a
m u n a o n g o l a
a d z a o n g o l a
a m a o n g o l a
a n a o n g o l a
k u c h i t a
t i d z a c h i t a
t i m a c h i t a
t i n a c h i t a
m u d z a c h i t a
m u m a c h i t a
m u n a c h i t a
a d z a c h i t a
a m a c h i t a
a n a c h i t a
n d i d z a c h i t a
n d i m a c h i t a
n d i n a c h i t a
m u d z a c h i t a
m u m a c h i t a
m u n a c h i t a
a d z a c h i t a
a m a c h i t a
a n a c h i t a
k u r e r u k a
t i d z a r e r u k a
t i m a r e r u k a
t i n a r e r u k a
m u d z a r e r u k a
m u m a r e r u k a
m u n a r e r u k a
a d z a r e r u k a
a m a r e r u k a
a n a r e r u k a
n d i d z a r e r u k a
n d i m a r e r u k a
n d i n a r e r u k a
m u d z a r e r u k a
m u m a r e r u k a
m u n a r e r u k a
a d z a r e r u k a
a m a r e r u k a
a n a r e r u k a
k u k o l a
t i d z a k o l a
t i m a k o l a
t i n a k o l a
m u d z a k o l a
m u m a k o l a
m u n a k o l a
a d z a k o l a
a m a k o l a
a n a k o l a
n d i d z a k o l a
n d i m a k o l a
n d i n a k o l a
m u d z a k o l a
m u m a k o l a
m u n a k o l a
a d z a k o l a
a m a k o l a
a n a k o l a
k u t a y a
t i d z a t a y a
t i m a t a y a
t i n a t a y a
m u d z a t a y a
m u m a t a y a
m u n a t a y a
a d z a t a y a
a m a t a y a
a n a t a y a
n d i d z a t a y a
n d i m a t a y a
n d i n a t a y a
m u d z a t a y a
m u m a t a y a
m u n a t a y a
a d z a t a y a
a m a t a y a
a n a t a y a
k u n y e n g a
t i d z a n y e n g a
t i m a n y e n g a
t i n a n y e n g a
m u d z a n y e n g a
m u m a n y e n g a
m u n a n y e n g a
a d z a n y e n g a
a m a n y e n g a
a n a n y e n g a
n d i d z a n y e n g a
n d i m a n y e n g a
n d i n a n y e n g a
m u d z a n y e n g a
m u m a n y e n g a
m u n a n y e n g a
a d z a n y e n g a
a m a n y e n g a
a n a n y e n g a
k u s i n j a
t i d z a s i n j a
t i m a s i n j a
t i n a s i n j a
m u d z a s i n j a
m u m a s i n j a
m u n a s i n j a
a d z a s i n j a
a m a s i n j a
a n a s i n j a
n d i d z a s i n j a
n d i m a s i n j a
n d i n a s i n j a
m u d z a s i n j a
m u m a s i n j a
m u n a s i n j a
a d z a s i n j a
a m a s i n j a
a n a s i n j a
k u p i t a
t i d z a p i t a
t i m a p i t a
t i n a p i t a
m u d z a p i t a
m u m a p i t a
m u n a p i t a
a d z a p i t a
a m a p i t a
a n a p i t a
n d i d z a p i t a
n d i m a p i t a
n d i n a p i t a
m u d z a p i t a
m u m a p i t a
m u n a p i t a
a d z a p i t a
a m a p i t a
a n a p i t a
k u y a l a
t i d z a y a l a
t i m a y a l a
t i n a y a l a
m u d z a y a l a
m u m a y a l a
m u n a y a l a
a d z a y a l a
a m a y a l a
a n a y a l a
n d i d z a y a l a
n d i m a y a l a
n d i n a y a l a
m u d z a y a l a
m u m a y a l a
m u n a y a l a
a d z a y a l a
a m a y a l a
a n a y a l a
k u k u m b u k a
t i d z a k u m b u k a
t i m a k u m b u k a
t i n a k u m b u k a
m u d z a k u m b u k a
m u m a k u m b u k a
m u n a k u m b u k a
a d z a k u m b u k a
a m a k u m b u k a
a n a k u m b u k a
n d i d z a k u m b u k a
n d i m a k u m b u k a
n d i n a k u m b u k a
m u d z a k u m b u k a
m u m a k u m b u k a
m u n a k u m b u k a
a d z a k u m b u k a
a m a k u m b u k a
a n a k u m b u k a
k u s i r i r a
t i d z a s i r i r a
t i m a s i r i r a
t i n a s i r i r a
m u d z a s i r i r a
m u m a s i r i r a
m u n a s i r i r a
a d z a s i r i r a
a m a s i r i r a
a n a s i r i r a
n d i d z a s i r i r a
n d i m a s i r i r a
n d i n a s i r i r a
m u d z a s i r i r a
m u m a s i r i r a
m u n a s i r i r a
a d z a s i r i r a
a m a s i r i r a
a n a s i r i r a
k u w e r e n g a
t i d z a w e r e n g a
t i m a w e r e n g a
t i n a w e r e n g a
m u d z a w e r e n g a
m u m a w e r e n g a
m u n a w e r e n g a
a d z a w e r e n g a
a m a w e r e n g a
a n a w e r e n g a
n d i d z a w e r e n g a
n d i m a w e r e n g a
n d i n a w e r e n g a
m u d z a w e r e n g a
m u m a w e r e n g a
m u n a w e r e n g a
a d z a w e r e n g a
a m a w e r e n g a
a n a w e r e n g a
k u b v u l a l a
t i d z a b v u l a l a
t i m a b v u l a l a
t i n a b v u l a l a
m u d z a b v u l a l a
m u m a b v u l a l a
m u n a b v u l a l a
a d z a b v u l a l a
a m a b v u l a l a
a n a b v u l a l a
n d i d z a b v u l a l a
n d i m a b v u l a l a
n d i n a b v u l a l a
m u d z a b v u l a l a
m u m a b v u l a l a
m u n a b v u l a l a
a d z a b v u l a l a
a m a b v u l a l a
a n a b v u l a l a
k u f a
t i d z a f a
t i m a f a
t i n a f a
m u d z a f a
m u m a f a
m u n a f a
a d z a f a
a m a f a
a n a f a
n d i d z a f a
n d i m a f a
n d i n a f a
m u d z a f a
m u m a f a
m u n a f a
a d z a f a
a m a f a
a n a f a
k u b w e z a
t i d z a b w e z a
t i m a b w e z a
t i n a b w e z a
m u d z a b w e z a
m u m a b w e z a
m u n a b w e z a
a d z a b w e z a
a m a b w e z a
a n a b w e z a
n d i d z a b w e z a
n d i m a b w e z a
n d i n a b w e z a
m u d z a b w e z a
m u m a b w e z a
m u n a b w e z a
a d z a b w e z a
a m a b w e z a
a n a b w e z a
k u w e r u z a
t i d z a w e r u z a
t i m a w e r u z a
t i n a w e r u z a
m u d z a w e r u z a
m u m a w e r u z a
m u n a w e r u z a
a d z a w e r u z a
a m a w e r u z a
a n a w e r u z a
n d i d z a w e r u z a
n d i m a w e r u z a
n d i n a w e r u z a
m u d z a w e r u z a
m u m a w e r u z a
m u n a w e r u z a
a d z a w e r u z a
a m a w e r u z a
a n a w e r u z a
k u y a n d k i r a
t i d z a y a n d k i r a
t i m a y a n d k i r a
t i n a y a n d k i r a
m u d z a y a n d k i r a
m u m a y a n d k i r a
m u n a y a n d k i r a
a d z a y a n d k i r a
a m a y a n d k i r a
a n a y a n d k i r a
n d i d z a y a n d k i r a
n d i m a y a n d k i r a
n d i n a y a n d k i r a
m u d z a y a n d k i r a
m u m a y a n d k i r a
m u n a y a n d k i r a
a d z a y a n d k i r a
a m a y a n d k i r a
a n a y a n d k i r a
k u s a k a n i z a
t i d z a s a k a n i z a
t i m a s a k a n i z a
t i n a s a k a n i z a
m u d z a s a k a n i z a
m u m a s a k a n i z a
m u n a s a k a n i z a
a d z a s a k a n i z a
a m a s a k a n i z a
a n a s a k a n i z a
n d i d z a s a k a n i z a
n d i m a s a k a n i z a
n d i n a s a k a n i z a
m u d z a s a k a n i z a
m u m a s a k a n i z a
m u n a s a k a n i z a
a d z a s a k a n i z a
a m a s a k a n i z a
a n a s a k a n i z a
k u b i s a
t i d z a b i s a
t i m a b i s a
t i n a b i s a
m u d z a b i s a
m u m a b i s a
m u n a b i s a
a d z a b i s a
a m a b i s a
a n a b i s a
n d i d z a b i s a
n d i m a b i s a
n d i n a b i s a
m u d z a b i s a
m u m a b i s a
m u n a b i s a
a d z a b i s a
a m a b i s a
a n a b i s a
k u k h u m u d w a
t i d z a k h u m u d w a
t i m a k h u m u d w a
t i n a k h u m u d w a
m u d z a k h u m u d w a
m u m a k h u m u d w a
m u n a k h u m u d w a
a d z a k h u m u d w a
a m a k h u m u d w a
a n a k h u m u d w a
n d i d z a k h u m u d w a
n d i m a k h u m u d w a
n d i n a k h u m u d w a
m u d z a k h u m u d w a
m u m a k h u m u d w a
m u n a k h u m u d w a
a d z a k h u m u d w a
a m a k h u m u d w a
a n a k h u m u d w a
k u p e r e k a
t i d z a p e r e k a
t i m a p e r e k a
t i n a p e r e k a
m u d z a p e r e k a
m u m a p e r e k a
m u n a p e r e k a
a d z a p e r e k a
a m a p e r e k a
a n a p e r e k a
n d i d z a p e r e k a
n d i m a p e r e k a
n d i n a p e r e k a
m u d z a p e r e k a
m u m a p e r e k a
m u n a p e r e k a
a d z a p e r e k a
a m a p e r e k a
a n a p e r e k a
k u p u l u m u t s a
t i d z a p u l u m u t s a
t i m a p u l u m u t s a
t i n a p u l u m u t s a
m u d z a p u l u m u t s a
m u m a p u l u m u t s a
m u n a p u l u m u t s a
a d z a p u l u m u t s a
a m a p u l u m u t s a
a n a p u l u m u t s a
n d i d z a p u l u m u t s a
n d i m a p u l u m u t s a
n d i n a p u l u m u t s a
m u d z a p u l u m u t s a
m u m a p u l u m u t s a
m u n a p u l u m u t s a
a d z a p u l u m u t s a
a m a p u l u m u t s a
a n a p u l u m u t s a
k u p h a
t i d z a p h a
t i m a p h a
t i n a p h a
m u d z a p h a
m u m a p h a
m u n a p h a
a d z a p h a
a m a p h a
a n a p h a
n d i d z a p h a
n d i m a p h a
n d i n a p h a
m u d z a p h a
m u m a p h a
m u n a p h a
a d z a p h a
a m a p h a
a n a p h a
k u p i n d a
t i d z a p i n d a
t i m a p i n d a
t i n a p i n d a
m u d z a p i n d a
m u m a p i n d a
m u n a p i n d a
a d z a p i n d a
a m a p i n d a
a n a p i n d a
n d i d z a p i n d a
n d i m a p i n d a
n d i n a p i n d a
m u d z a p i n d a
m u m a p i n d a
m u n a p i n d a
a d z a p i n d a
a m a p i n d a
a n a p i n d a
k u t h a w a
t i d z a t h a w a
t i m a t h a w a
t i n a t h a w a
m u d z a t h a w a
m u m a t h a w a
m u n a t h a w a
a d z a t h a w a
a m a t h a w a
a n a t h a w a
n d i d z a t h a w a
n d i m a t h a w a
n d i n a t h a w a
m u d z a t h a w a
m u m a t h a w a
m u n a t h a w a
a d z a t h a w a
a m a t h a w a
a n a t h a w a
k u d z a l a
t i d z a d z a l a
t i m a d z a l a
t i n a d z a l a
m u d z a d z a l a
m u m a d z a l a
m u n a d z a l a
a d z a d z a l a
a m a d z a l a
a n a d z a l a
n d i d z a d z a l a
n d i m a d z a l a
n d i n a d z a l a
m u d z a d z a l a
m u m a d z a l a
m u n a d z a l a
a d z a d z a l a
a m a d z a l a
a n a d z a l a
k u k o n d a
t i d z a k o n d a
t i m a k o n d a
t i n a k o n d a
m u d z a k o n d a
m u m a k o n d a
m u n a k o n d a
a d z a k o n d a
a m a k o n d a
a n a k o n d a
n d i d z a k o n d a
n d i m a k o n d a
n d i n a k o n d a
m u d z a k o n d a
m u m a k o n d a
m u n a k o n d a
a d z a k o n d a
a m a k o n d a
a n a k o n d a
k u g u n d a
t i d z a g u n d a
t i m a g u n d a
t i n a g u n d a
m u d z a g u n d a
m u m a g u n d a
m u n a g u n d a
a d z a g u n d a
a m a g u n d a
a n a g u n d a
n d i d z a g u n d a
n d i m a g u n d a
n d i n a g u n d a
m u d z a g u n d a
m u m a g u n d a
m u n a g u n d a
a d z a g u n d a
a m a g u n d a
a n a g u n d a
k u n y a d a
t i d z a n y a d a
t i m a n y a d a
t i n a n y a d a
m u d z a n y a d a
m u m a n y a d a
m u n a n y a d a
a d z a n y a d a
a m a n y a d a
a n a n y a d a
n d i d z a n y a d a
n d i m a n y a d a
n d i n a n y a d a
m u d z a n y a d a
m u m a n y a d a
m u n a n y a d a
a d z a n y a d a
a m a n y a d a
a n a n y a d a
k u t h o k o z a
t i d z a t h o k o z a
t i m a t h o k o z a
t i n a t h o k o z a
m u d z a t h o k o z a
m u m a t h o k o z a
m u n a t h o k o z a
a d z a t h o k o z a
a m a t h o k o z a
a n a t h o k o z a
n d i d z a t h o k o z a
n d i m a t h o k o z a
n d i n a t h o k o z a
m u d z a t h o k o z a
m u m a t h o k o z a
m u n a t h o k o z a
a d z a t h o k o z a
a m a t h o k o z a
a n a t h o k o z a
k u f u n a
t i d z a f u n a
t i m a f u n a
t i n a f u n a
m u d z a f u n a
m u m a f u n a
m u n a f u n a
a d z a f u n a
a m a f u n a
a n a f u n a
n d i d z a f u n a
n d i m a f u n a
n d i n a f u n a
m u d z a f u n a
m u m a f u n a
m u n a f u n a
a d z a f u n a
a m a f u n a
a n a f u n a
k u g o n a
t i d z a g o n a
t i m a g o n a
t i n a g o n a
m u d z a g o n a
m u m a g o n a
m u n a g o n a
a d z a g o n a
a m a g o n a
a n a g o n a
n d i d z a g o n a
n d i m a g o n a
n d i n a g o n a
m u d z a g o n a
m u m a g o n a
m u n a g o n a
a d z a g o n a
a m a g o n a
a n a g o n a
k u z u n z a
t i d z a z u n z a
t i m a z u n z a
t i n a z u n z a
m u d z a z u n z a
m u m a z u n z a
m u n a z u n z a
a d z a z u n z a
a m a z u n z a
a n a z u n z a
n d i d z a z u n z a
n d i m a z u n z a
n d i n a z u n z a
m u d z a z u n z a
m u m a z u n z a
m u n a z u n z a
a d z a z u n z a
a m a z u n z a
a n a z u n z a
k u l i r a
t i d z a l i r a
t i m a l i r a
t i n a l i r a
m u d z a l i r a
m u m a l i r a
m u n a l i r a
a d z a l i r a
a m a l i r a
a n a l i r a
n d i d z a l i r a
n d i m a l i r a
n d i n a l i r a
m u d z a l i r a
m u m a l i r a
m u n a l i r a
a d z a l i r a
a m a l i r a
a n a l i r a
k u d z u k a
t i d z a d z u k a
t i m a d z u k a
t i n a d z u k a
m u d z a d z u k a
m u m a d z u k a
m u n a d z u k a
a d z a d z u k a
a m a d z u k a
a n a d z u k a
n d i d z a d z u k a
n d i m a d z u k a
n d i n a d z u k a
m u d z a d z u k a
m u m a d z u k a
m u n a d z u k a
a d z a d z u k a
a m a d z u k a
a n a d z u k a
k u y e m b e k e z a
t i d z a y e m b e k e z a
t i m a y e m b e k e z a
t i n a y e m b e k e z a
m u d z a y e m b e k e z a
m u m a y e m b e k e z a
m u n a y e m b e k e z a
a d z a y e m b e k e z a
a m a y e m b e k e z a
a n a y e m b e k e z a
n d i d z a y e m b e k e z a
n d i m a y e m b e k e z a
n d i n a y e m b e k e z a
m u d z a y e m b e k e z a
m u m a y e m b e k e z a
m u n a y e m b e k e z a
a d z a y e m b e k e z a
a m a y e m b e k e z a
a n a y e m b e k e z a
k u m v a
t i d z a m v a
t i m a m v a
t i n a m v a
m u d z a m v a
m u m a m v a
m u n a m v a
a d z a m v a
a m a m v a
a n a m v a
n d i d z a m v a
n d i m a m v a
n d i n a m v a
m u d z a m v a
m u m a m v a
m u n a m v a
a d z a m v a
a m a m v a
a n a m v a
k u d u l a
t i d z a d u l a
t i m a d u l a
t i n a d u l a
m u d z a d u l a
m u m a d u l a
m u n a d u l a
a d z a d u l a
a m a d u l a
a n a d u l a
n d i d z a d u l a
n d i m a d u l a
n d i n a d u l a
m u d z a d u l a
m u m a d u l a
m u n a d u l a
a d z a d u l a
a m a d u l a
a n a d u l a
k u l o n j e z a
t i d z a l o n j e z a
t i m a l o n j e z a
t i n a l o n j e z a
m u d z a l o n j e z a
m u m a l o n j e z a
m u n a l o n j e z a
a d z a l o n j e z a
a m a l o n j e z a
a n a l o n j e z a
n d i d z a l o n j e z a
n d i m a l o n j e z a
n d i n a l o n j e z a
m u d z a l o n j e z a
m u m a l o n j e z a
m u n a l o n j e z a
a d z a l o n j e z a
a m a l o n j e z a
a n a l o n j e z a
k u s o k o n e z a
t i d z a s o k o n e z a
t i m a s o k o n e z a
t i n a s o k o n e z a
m u d z a s o k o n e z a
m u m a s o k o n e z a
m u n a s o k o n e z a
a d z a s o k o n e z a
a m a s o k o n e z a
a n a s o k o n e z a
n d i d z a s o k o n e z a
n d i m a s o k o n e z a
n d i n a s o k o n e z a
m u d z a s o k o n e z a
m u m a s o k o n e z a
m u n a s o k o n e z a
a d z a s o k o n e z a
a m a s o k o n e z a
a n a s o k o n e z a
k u t a l i k a
t i d z a t a l i k a
t i m a t a l i k a
t i n a t a l i k a
m u d z a t a l i k a
m u m a t a l i k a
m u n a t a l i k a
a d z a t a l i k a
a m a t a l i k a
a n a t a l i k a
n d i d z a t a l i k a
n d i m a t a l i k a
n d i n a t a l i k a
m u d z a t a l i k a
m u m a t a l i k a
m u n a t a l i k a
a d z a t a l i k a
a m a t a l i k a
a n a t a l i k a
k u b i s a l a
t i d z a b i s a l a
t i m a b i s a l a
t i n a b i s a l a
m u d z a b i s a l a
m u m a b i s a l a
m u n a b i s a l a
a d z a b i s a l a
a m a b i s a l a
a n a b i s a l a
n d i d z a b i s a l a
n d i m a b i s a l a
n d i n a b i s a l a
m u d z a b i s a l a
m u m a b i s a l a
m u n a b i s a l a
a d z a b i s a l a
a m a b i s a l a
a n a b i s a l a
k u c h u l u k a
t i d z a c h u l u k a
t i m a c h u l u k a
t i n a c h u l u k a
m u d z a c h u l u k a
m u m a c h u l u k a
m u n a c h u l u k a
a d z a c h u l u k a
a m a c h u l u k a
a n a c h u l u k a
n d i d z a c h u l u k a
n d i m a c h u l u k a
n d i n a c h u l u k a
m u d z a c h u l u k a
m u m a c h u l u k a
m u n a c h u l u k a
a d z a c h u l u k a
a m a c h u l u k a
a n a c h u l u k a
k u k w a t a
t i d z a k w a t a
t i m a k w a t a
t i n a k w a t a
m u d z a k w a t a
m u m a k w a t a
m u n a k w a t a
a d z a k w a t a
a m a k w a t a
a n a k w a t a
n d i d z a k w a t a
n d i m a k w a t a
n d i n a k w a t a
m u d z a k w a t a
m u m a k w a t a
m u n a k w a t a
a d z a k w a t a
a m a k w a t a
a n a k w a t a
k u k a l a m b a
t i d z a k a l a m b a
t i m a k a l a m b a
t i n a k a l a m b a
m u d z a k a l a m b a
m u m a k a l a m b a
m u n a k a l a m b a
a d z a k a l a m b a
a m a k a l a m b a
a n a k a l a m b a
n d i d z a k a l a m b a
n d i m a k a l a m b a
n d i n a k a l a m b a
m u d z a k a l a m b a
m u m a k a l a m b a
m u n a k a l a m b a
a d z a k a l a m b a
a m a k a l a m b a
a n a k a l a m b a
k u p a m b a n a
t i d z a p a m b a n a
t i m a p a m b a n a
t i n a p a m b a n a
m u d z a p a m b a n a
m u m a p a m b a n a
m u n a p a m b a n a
a d z a p a m b a n a
a m a p a m b a n a
a n a p a m b a n a
n d i d z a p a m b a n a
n d i m a p a m b a n a
n d i n a p a m b a n a
m u d z a p a m b a n a
m u m a p a m b a n a
m u n a p a m b a n a
a d z a p a m b a n a
a m a p a m b a n a
a n a p a m b a n a
k u o p s y a
t i d z a o p s y a
t i m a o p s y a
t i n a o p s y a
m u d z a o p s y a
m u m a o p s y a
m u n a o p s y a
a d z a o p s y a
a m a o p s y a
a n a o p s y a
n d i d z a o p s y a
n d i m a o p s y a
n d i n a o p s y a
m u d z a o p s y a
m u m a o p s y a
m u n a o p s y a
a d z a o p s y a
a m a o p s y a
a n a o p s y a
k u g a y a
t i d z a g a y a
t i m a g a y a
t i n a g a y a
m u d z a g a y a
m u m a g a y a
m u n a g a y a
a d z a g a y a
a m a g a y a
a n a g a y a
n d i d z a g a y a
n d i m a g a y a
n d i n a g a y a
m u d z a g a y a
m u m a g a y a
m u n a g a y a
a d z a g a y a
a m a g a y a
a n a g a y a
k u o c h a
t i d z a o c h a
t i m a o c h a
t i n a o c h a
m u d z a o c h a
m u m a o c h a
m u n a o c h a
a d z a o c h a
a m a o c h a
a n a o c h a
n d i d z a o c h a
n d i m a o c h a
n d i n a o c h a
m u d z a o c h a
m u m a o c h a
m u n a o c h a
a d z a o c h a
a m a o c h a
a n a o c h a
k u l e m b a
t i d z a l e m b a
t i m a l e m b a
t i n a l e m b a
m u d z a l e m b a
m u m a l e m b a
m u n a l e m b a
a d z a l e m b a
a m a l e m b a
a n a l e m b a
n d i d z a l e m b a
n d i m a l e m b a
n d i n a l e m b a
m u d z a l e m b a
m u m a l e m b a
m u n a l e m b a
a d z a l e m b a
a m a l e m b a
a n a l e m b a
k u t s i r i z a
t i d z a t s i r i z a
t i m a t s i r i z a
t i n a t s i r i z a
m u d z a t s i r i z a
m u m a t s i r i z a
m u n a t s i r i z a
a d z a t s i r i z a
a m a t s i r i z a
a n a t s i r i z a
n d i d z a t s i r i z a
n d i m a t s i r i z a
n d i n a t s i r i z a
m u d z a t s i r i z a
m u m a t s i r i z a
m u n a t s i r i z a
a d z a t s i r i z a
a m a t s i r i z a
a n a t s i r i z a
k u z i z i r a
t i d z a z i z i r a
t i m a z i z i r a
t i n a z i z i r a
m u d z a z i z i r a
m u m a z i z i r a
m u n a z i z i r a
a d z a z i z i r a
a m a z i z i r a
a n a z i z i r a
n d i d z a z i z i r a
n d i m a z i z i r a
n d i n a z i z i r a
m u d z a z i z i r a
m u m a z i z i r a
m u n a z i z i r a
a d z a z i z i r a
a m a z i z i r a
a n a z i z i r a
k u s w a
t i d z a s w a
t i m a s w a
t i n a s w a
m u d z a s w a
m u m a s w a
m u n a s w a
a d z a s w a
a m a s w a
a n a s w a
n d i d z a s w a
n d i m a s w a
n d i n a s w a
m u d z a s w a
m u m a s w a
m u n a s w a
a d z a s w a
a m a s w a
a n a s w a
k u n g ' a m b a
t i d z a n g ' a m b a
t i m a n g ' a m b a
t i n a n g ' a m b a
m u d z a n g ' a m b a
m u m a n g ' a m b a
m u n a n g ' a m b a
a d z a n g ' a m b a
a m a n g ' a m b a
a n a n g ' a m b a
n d i d z a n g ' a m b a
n d i m a n g ' a m b a
n d i n a n g ' a m b a
m u d z a n g ' a m b a
m u m a n g ' a m b a
m u n a n g ' a m b a
a d z a n g ' a m b a
a m a n g ' a m b a
a n a n g ' a m b a
k u s i n t h a
t i d z a s i n t h a
t i m a s i n t h a
t i n a s i n t h a
m u d z a s i n t h a
m u m a s i n t h a
m u n a s i n t h a
a d z a s i n t h a
a m a s i n t h a
a n a s i n t h a
n d i d z a s i n t h a
n d i m a s i n t h a
n d i n a s i n t h a
m u d z a s i n t h a
m u m a s i n t h a
m u n a s i n t h a
a d z a s i n t h a
a m a s i n t h a
a n a s i n t h a
k u t h a
t i d z a t h a
t i m a t h a
t i n a t h a
m u d z a t h a
m u m a t h a
m u n a t h a
a d z a t h a
a m a t h a
a n a t h a
n d i d z a t h a
n d i m a t h a
n d i n a t h a
m u d z a t h a
m u m a t h a
m u n a t h a
a d z a t h a
a m a t h a
a n a t h a
k u s a n k h a
t i d z a s a n k h a
t i m a s a n k h a
t i n a s a n k h a
m u d z a s a n k h a
m u m a s a n k h a
m u n a s a n k h a
a d z a s a n k h a
a m a s a n k h a
a n a s a n k h a
n d i d z a s a n k h a
n d i m a s a n k h a
n d i n a s a n k h a
m u d z a s a n k h a
m u m a s a n k h a
m u n a s a n k h a
a d z a s a n k h a
a m a s a n k h a
a n a s a n k h a
k u m e n y a
t i d z a m e n y a
t i m a m e n y a
t i n a m e n y a
m u d z a m e n y a
m u m a m e n y a
m u n a m e n y a
a d z a m e n y a
a m a m e n y a
a n a m e n y a
n d i d z a m e n y a
n d i m a m e n y a
n d i n a m e n y a
m u d z a m e n y a
m u m a m e n y a
m u n a m e n y a
a d z a m e n y a
a m a m e n y a
a n a m e n y a
k u b i r i w i r a
t i d z a b i r i w i r a
t i m a b i r i w i r a
t i n a b i r i w i r a
m u d z a b i r i w i r a
m u m a b i r i w i r a
m u n a b i r i w i r a
a d z a b i r i w i r a
a m a b i r i w i r a
a n a b i r i w i r a
n d i d z a b i r i w i r a
n d i m a b i r i w i r a
n d i n a b i r i w i r a
m u d z a b i r i w i r a
m u m a b i r i w i r a
m u n a b i r i w i r a
a d z a b i r i w i r a
a m a b i r i w i r a
a n a b i r i w i r a
k u m e r a
t i d z a m e r a
t i m a m e r a
t i n a m e r a
m u d z a m e r a
m u m a m e r a
m u n a m e r a
a d z a m e r a
a m a m e r a
a n a m e r a
n d i d z a m e r a
n d i m a m e r a
n d i n a m e r a
m u d z a m e r a
m u m a m e r a
m u n a m e r a
a d z a m e r a
a m a m e r a
a n a m e r a
k u s a z i k a
t i d z a s a z i k a
t i m a s a z i k a
t i n a s a z i k a
m u d z a s a z i k a
m u m a s a z i k a
m u n a s a z i k a
a d z a s a z i k a
a m a s a z i k a
a n a s a z i k a
n d i d z a s a z i k a
n d i m a s a z i k a
n d i n a s a z i k a
m u d z a s a z i k a
m u m a s a z i k a
m u n a s a z i k a
a d z a s a z i k a
a m a s a z i k a
a n a s a z i k a
k u s a m b a
t i d z a s a m b a
t i m a s a m b a
t i n a s a m b a
m u d z a s a m b a
m u m a s a m b a
m u n a s a m b a
a d z a s a m b a
a m a s a m b a
a n a s a m b a
n d i d z a s a m b a
n d i m a s a m b a
n d i n a s a m b a
m u d z a s a m b a
m u m a s a m b a
m u n a s a m b a
a d z a s a m b a
a m a s a m b a
a n a s a m b a
k u w a l a
t i d z a w a l a
t i m a w a l a
t i n a w a l a
m u d z a w a l a
m u m a w a l a
m u n a w a l a
a d z a w a l a
a m a w a l a
a n a w a l a
n d i d z a w a l a
n d i m a w a l a
n d i n a w a l a
m u d z a w a l a
m u m a w a l a
m u n a w a l a
a d z a w a l a
a m a w a l a
a n a w a l a
' e y m u j z s r e c h w t
a c n j n j b t p u p s
v h k p h i k v l d c n r
l r v h s o
w t t k r t r
i g d w r h j s h r b k
j c t w d
g b n s m p o v e i g
s w y
w p u f d t k
d b p p y t b
c k j l u e m c
' f o g e h l y m k y
i v b j
c y h ' a
o c e f h l t k o t e h d
p r t i n a z j d l
n b m a n l
w i w y j k s b y n
u k ' d h n
b b o d j s c o c
c l g g k g l p g a z a h
b n k r j
n ' c k a ' v g
e r t a b k g t u s
p j n h y p n w p u a j v '
' s d e u k l
w e w o b k t p e
d e l w g p ' s f k h t v j p
b h u j r c a i c
y b e ' l l i v l w t d
' y w b e v n
c b l s z u
z g v c p
n o c f e v w l l z
y v u k r m e v h g w k l f i
c e h t n n j r v u b ' k e
u g f
z k
f i d e h y k b
k l
t e a g h z i y i v t
f b h p t c h a f y
r f w w t m v j f r
' l f o c h h l
p ' y n z
h w t h o h ' p
g g u j r u h y
g f
k j t h ' u g e o j ' r
f m s z n t j b f t g
b v k z p v n h e g n f w
l o
v t s
p y s u d a p i b s a c
o e v i d a
h s s
n y
h n m n b
i i
e ' v
r h t h d u j h a y p
r k w v l t z o d d
t k i a w f r ' u p s '
' a l e '
h l i d i e u w p l e
y j t c n c u z '
v r j d z j p e c a c g d
b i a g n e a
i t j r y d o z v
s f ' r w n c v b y s c
i g h m u e z t t w v r y
a t y t v j n t a k k
f i r d h o f k v g
' j f g y s h
e v s c d v a i r h w c i a
u m y c n
b w c ' u n g y c
e s o a j e f v m f v w
w e z s j a e n
w p y p u u m
m v n
' z o d ' f l
a ' e u r f w a w k e r o
b f ' w e c a m r ' c w u r
d j
m m o m i p m t z b y v f g z
r s r c n a m e h k o
c a b ' r t o ' g v ' r g
r r k f o y f z '
f g d j y n i w a u n o k n z
l f o t b l s d ' p d i y z m
i y j k t p g p l s w g a v m
j c i n o a g j k l
h p h z i s m b v t p r m v s
p p r n f t s g ' d e s r y
r s j w y j o a u i u b
y o t k h l b
e h c g z a w
k o c g w f a s
o g i d g m a
r z m o i t d
y a l n n s
b a w s y r i c a z c c ' r
l d i
r h e l f b e d j f j
t t u z c j y y n h b k p
o m v t i m g n s f b o z
n p a n c m ' s g m t m p w g
m e o k d a
t t j d h a f
h w g k a u m t c k g t j e
' r d h t l u
m v o i y e e u d m v f g
i z a d h k t c k g c
m r w p
r a a i j t v y a h s m
u k c s z k '
i f j a z e h s p o n e g
e m m n e y g
n m l e c
e g o w h s g b i f v a
t f b b a ' s o v
e k u v d h m i p l a o
l w d h b g
v f j d e g
n a m
p b e k
t o a r d i c p e
v e p s k z o w p n r u b d
y n l ' g p c l v
y y k t ' j a e n y t k k v
m t i h u f h p p
' u h m n i e b f
p o l u m l i e t z
l v f v f k d m p k
v n b s z z o l p k b z h d
h f l
i n r m e
i ' e j s g u l ' u s u ' k
z w y v a r u j ' ' a
r t r i h p m
j c z l u k r g e h f
n j r
a r
b f g f e i j l
p w
s m g l h h
m i o p h i c u
' c r h y c i r u y t c e a p
i f n d
i z h t w r y l y s h n c k i
n l a n
h z b n z u
g w
f h v j
y k c p
o j a w p j u g v g y
k n f r i t e j d
u p g s ' a a r
y b s f i b t i j
b r o r n j e k h l
h z p r o b ' v ' f f d n c
y g z
' e m p w y n i d n s d d z b
o f z
p p c v
a o p j w g i
c a n p k b ' t z b m a l y
a n r t p a
' b
g w ' t e b
y d
f l g b v u c j f a t
u m
b m u i p t k b ' k t v '
s j n o c s s t j v
i u z h o m g j j n h
k g u
n a u i n h j c u s p l r d
b s g m s v z
k m n a g g h i ' j t p l a b
v z t z l p a f v l g n z
v o r r f a i m t s
d f n v m g j m u i i l e e a
i u a v l n y n d f
u d d h v w e e
g y t z l m i j w p ' f f f
d u j e n f a e j l n c f
o i s s w k b h
n c f
c t z z k m r f ' k
f ' s u g l
a ' z i w j
o o z k e k
o k i b
u i i g k j y m y
w r a e h
' j j f
j u
z e g b r y j d w m
' s g l
v b n
f p p ' j m a c f h '
e c v g p h b n d d t
h j o f c k t
e e j f h u e m
s a n p a w f g v c
e r w ' n
h n s b e p j g m w n l w c
h f r g a g ' r b a a g d
j d b u p v p
r a s p m w g
t t j u p r b c p s j l '
a w z o r w e
j d
j i
u h '
j u b o y
o k f v m s d y a e d f h g
e m p w v l r j
y k y j l c v a m s a d
b y u
n n t v e i
n s s o n
s l i u ' o
l a c k u o
p f n m
g w f e l b l k w p c i u d v
' c e h k t g l f r f b k m
h y e m s m s
d g d b ' o l y j o u c k
l r h n i e
u g z s y u f p l t n t g
f p d c i b z p c o y l w r
y z r f b c z h k d w f z l
c l h c e v f d m f
h ' k b u j z v l j v d
h n g e n d g r
l r m m z n h a r s z l
p u e i m z a
r n
p e i ' f d s m
h h w l w
o i a p h o i p f g
e i s m o c s y n
r o l o i
g ' j a g y r b v w f c l m f
c w j t h c d i r ' b h
k r b v i w u z a d i r j c
u y n ' v c i v y k e
a y h c ' t h m e f
b t r w ' o w e p j j ' a y
m p k o b h
p u v u r y w b t i
w u u l d t k g v
a a v o ' r o o
j p u r h ' l u a ' c k h o b
b w t h a j d v
r w j w r
o c p s
h w b y s w b
y k v z p h n h r p m m t i
i p b d d m
n b u f f n a m n y u o a d o
p u h g ' s n g e r
y p y n
d u u c h l u g z f a j
b o l v
g p a z m h p c y a f a b h n
i u f p
b k n p l t k b u l p
c t w g a t d b u m k
e g e l o f h l f l y p j
n v m e v j t u h s g o o v
e n s e u o g y i t
c t g d t ' m c h y a r
p j u v b g w s o c y b y e b
f p
g r k n z m w
l r
a a j z z w a f n
w a g m ' o w c y b
s v
c o h u u h y h z m m
' s
k m l r g b d i l y u
j j d r s v v
n f k
j d
s h b u w d r r g j z ' z g s
p l p u ' b
c o p
' y
r j p f b ' m r b ' ' v ' e s
p l u z b
t t e c n u a e e
n z f s e z l s f z a u
l b j z h g e d f j c r s o
d k k y j z f d j u y t
j z c
g l w r j j ' u j i c d
t d a i y d p y
v e f e z b y z h i v u f m s
n s p k y j g w n k ' m d f k
k ' v t
w ' j
s t p
r f d v t b
o ' p e n e h b u p y j
c a m n h b k k g u d p
m i j b b g r i
y h f n h z v k a t j
z y f t z
d e z i
f j e y v d v r d k a u
r m b j i n i i a f
' f o j r f d h t n
f u k p e ' c m y n
u b a r h m
g e t s y u y f
k j v b l
u j i v f l o o i ' y
e u k f j s g e
j i k v j u n e s v u h b v y
s r
a w k
s z o b l h v n l g j h
m s j e l
n z ' w g k w ' r ' f h ' g c
v y e u i a ' h f z r p t y r
n v c z t d p
s e o m b j s u j p a w e
b u y k c w p h v
e l o c
a j s p m
o w o g ' g
h t e j n
f d s w l s r
d f f
l n e ' c i z r b i u
l a g k o z k ' t g k j t b
r n v r w a
n e y p
f d n
v l z g r h n e f c o ' f g
s v e n
k '
h h y c ' w o l
b i f h g i z z n ' f
l a ' m j n p d m k
z g t p t y b h k s n k z
j y y z h h ' w h d '
h e b u k d n y s d
u v g m g v h a d
k ' w f u g w v ' t
h r l
t b j v
f ' l j m a h w s o f z h h '
g a y w h m f
k r w ' d h
' f i n k v
' p w w o d i s r d ' f b
j f c d j
u o u l t e a d r j i h u m
c v l r i b r s w ' d
n w z c j p t v i m t c u
y j w
d i k g v m
a n
j z t m o k ' p p i
j g r r w
n i v g
e m s ' r k m a
h '
f n
h z f l j ' f j f s o y h s e
e t o h t s
z s f d f z u
s z k n m c j g o t r b
r h u p d h l c b e m u i a z
v i w d i f z p c g
v o s y k m p t d
n c t i t a f t ' t d d t
i s k m g r o
' k o y k k n g m '
v r b k v
f e
m u g f
d g c h a y
v j i z j g s b l v d i h n
j l r o u k a t r a
i k k j u n a b s r p v
o z w t u c
m d s h d i d
u u d c j b g y
v y f a p ' v b p e s u
f j s
r c p y t p
n c f ' g z n
u t a r b r s f v o
o o a b o g p b n w m ' u g l
s b o b ' t b l
d o t r
d k g b a a
m z
a z k i k o d l t h w h n
w ' r
n y y y b w z p
o z a j d c a i a
i u b s a z
g b v h l a
o g
v ' e z f d z g a t l
k t k ' u p y n z
c p h b j b
y z r p u n z b c j v m m e
v g h
l v e y z c z g j p z
w a y w l
s b v a w n g b c v h i d
z h g h o n
m s v b s i k u h c d r j j
p v i y m f
f s ' o h
p h m k l y c a k f f p y p m
t f u n f w p t m k g o r
e y k n k d w b l b i r
k c h
m l c n c u
v v o y j e b z j r j w l
k v h i i g z w a
c d i s ' c y y e y
c w v o f l n m y p e y k z
a y p
c t w s e g n m
y v b u
m n a w '
o g s
e o
c p y v l a k l e s h
m n o y m s d l
a f e h y ' r p z y k t n p i
u v
h w g i n n p w j
g a j e b u
h m z o
u t n r t w ' y
w u y f y h u a e c
p p r t n n
z p p y ' f t b i z d l p n s
y m w m f v f e d
u w z j l i ' c m w a f y n d
p e e z h h y d r t m
t t o r p p w p s t
o n
g n y m j c r f l o y o n f
m g ' d k c u e
p m t n ' d z ' v
g f b u a i i c s p n t l f j
h g ' p a a c d u r w o z p r
l g u d j l ' h m f m y z j w
c d i g p o b ' s l c f ' a
y z l e n h y u n z u c b
f o f
l n h w
p r y h y d c i m v
m z j i n v h j i k t m y r
i w y f a u t
f g h o r p r v d r w
m z n j s z s e s
b t z a o h d
w g m h j p l p
c k s w b y ' o s n f n o
c a f v n i
c w d e
p n y u a b l y a e w w h
j m y m
p b z t
v k
j k '
n z p z p l n b
p h a o s m i l y n w ' l i i
v e e c r p k z z y n a e p
u b f c o f l j z s
z w t
f ' b o n y a g b p p
c i v t i m h a d ' u r s p j
l b b z z l
p y p ' j y b
h o
m e s t i e k h
w z s s d
k b t k t p y
c c p z d k a m h z r i u s
o l s u e o h r z
' a j b z u b b n k w r ' b v
n c ' e y g d e s v b w
h l m ' p d r y p h
j p i ' y g f h d b n c
w u t a o d d i m v l b j
j b k c d o n ' ' l k
n b i ' f
y g
z ' w y r w a z w c g v '
d l b g d l u d j h o h
m h j ' o u m u d k a v z t t
r r e i a w n f t z w
n h s g g j r e k v z p b g
c s i k r
r b w a t ' k
g b i c c k f n c t k
b j b p
c y y o i r j t w m n
c z f r e s u b
h e l b f c s
o g e a i s s
g r m u n w a
s i g t c w l b p b
a m d m e p g a
n n z m g h m e z
j j i
p l d e b f r k b s j
h n l ' m h h k z i g u s u
d a r f v z h n r m r
l i p c v j v y
m s v g s p w d v m y h g t z
' p h t s
i g
w t d v n c n z o f r k
f c j
s l g d h c m y m e j b d h
t z h r e h m j
u i v r ' e
o e a e f p k m
k a u m e
j o f b o v r f s o m
z a i g y g
a y l a b v z g a t y p
r e e m i b e u c e a
v d h d p s d p
s d l a a c a m
p w o w
b u z
w n c d k
b n j l z g u m l e
' j l i u b v s j z e c
t a r g o j k n e y s
f m m d r b t u b h o
w f f s i o n z v
a u g k h p u
a r z v s r
l n y e h r t v b ' d p j s v
m d p c i v v b
m r g n i i h s a i f a
f b n f u g e
k d d e c m
d m p j o
k m y ' s v h j f r ' y r n
t u n h ' u r s h r g j b r n
v i b f z ' m a
k g i w j s f b l r
y t l
z e f o v r g u
d p f z y l d o n
s i e i '
j ' v k b p i c l ' ' m j e k
g s r n h
g y v b t
y j ' w r g b
g e ' w t c m i k e i i z l b
s ' w p g t s r e i r z l m j
e g l k m i k w d o l p i
e f g w h o h n s z r g r
m z r a n c t a m
a p v n i n j h o
y u t z ' d b b f o d
v b d m g t b n y z
s t k k y i v d z e j f c r
h w w h e l e g f m
s u p f m a l d h f t y
t z u z l u
u b h v t u v r
u g r h e m m v
a t r c z y k
f n f n k w i u b
m l
c g j c v s j e f p e f g s '
s ' s e g c m ' z c k y g k
c z n w e n y
i z d i y v w c v l j w
i l r n f n c ' d
u e f
u l n
r f ' i i n w h v g w
b u a i m ' j
c v a a l r g b c
y r t h
c l e b r k l g u s h f m j
l d f c b e d
' k i l n c n n m u g i p a
d u l i f b m g
k o d d m h a y g p w v
h a f b s v z p e j y '
m d n k e m h l o e j y k
p c f
a b n v t v
y r v d e b c c n
u i d z o ' j c c e c
l c n b
n l y
p m b y s l d h c
e h i l t
y s n g j v m h j u h y
o z h
d i u c e i l b n j d v
s s g n v d ' u g g t k a n
b n s '
e n v ' ' h d
s b a n p ' h
a h s n ' k o o c
k r u y a ' r
k j l o b r ' d
r i e e y o r g ' z j h o j '
n p e v z k h y e
t z z v c y n
p o e ' w h e d y t v o m
t l o l g j w z l
m r w k
d v z
h b b s s n r m t w n o v
l m r r o i ' b u d y n b l p
d c l v r s d r
w g d i v j t
y e d '
m a z l
' g y t w b o k l a
t a m ' y b o y i p n
a a p f
m a z l i y k k ' y
b w j d j u v u j l g b n d m
j p k d z o r u n c c s s u
y p g
m c g d m g o
t s w n u r s y v
o u b i z s p e d v o k
d m s e b t v s m s
u i i i y s k i ' n e r n y
a v a ' v r t m d p m z c l
b m
t a k s b w g a p w s p f
s f d m d a i v i z
' l n p p t v o t t h g r
d r
z l v
' a y f h p b z b m s b c n e
w w a w y z m
i j
b g
l g f b b p n n e e t h p j
t m r f a h ' j y p b
p j u i g i
z ' m p ' t v j e m
l c l c r s
w c g e e d j k l z
r w f v y i b y c
e p j
r j o h k f '
o y d i z b f m r b
o b n a w k r e
m d f h h s k j
t u l s r m v t m m a w z n
l u s m b a r w a h p ' v s g
l l l y c
g ' v b c g u
o r j n
z d b y v f
r g h o v u s c ' w y t v d
t p a u h w j f
v ' h y f s
h o e f a n p h k g c j z z l
o e v k j e s
i b c s e t h f z m
j c s v n y p r d a g i j l
i b g j e u t a z o i w w s e
' z l t b m y r p s
a p c p u
f o j k k l l w d c e n s e u
o l h p v h
j v y
e t s t z z f e j y '
s p t ' p d k w g
l j m i s u m c t
g t h h e k v c d p f l v
p y b t w
n r z b j v l d n p k p t r b
u h s o f u l w w z u
c i g d h y y p z p ' m
r u y c f i o o t d p h c h g
o k s s k
s y z o i v l u k f z ' v
t z f z k y m c y
v s b s s v
c g g g l g i a i h p i v w
k j e ' g c u i p y r
c m ' n h
w y u
z g h d m v k c z d t t
i n e b w h n k g h
z w c ' a p g b c ' '
b v j c l m
d k p k k k
a h c d w u l h v
h b y t k ' e d b y n a c c
d p r c j e b y
t u v o
p l r
m i m f r l
i n s a u ' s w
r r w s h e l
s b ' s v k k i c o u w k b i
t t r e m z n e c
s z j ' n b y s h f
b ' l y s h z c e k b p n t
d t m
l ' h d n c o h v m v
u d w y k r m
z z o j g m b a a r
r e u s z r m n e p
b s v l t m
y d o d u v ' v w z h
r f y s j l
g p
r y n y s k i ' o a c
s e k f d m b m h t n s v
c a t p c e r w m n z c r g
u m ' j w w o l
w n m l
f u y m p
e '
t l h d p h h v m r k n t z
n u l d f a o g
b e s n f o s b o s
g t f e j u d a t c f d f
' s v n y
s u r f m ' g ' p '
n w t e e t o h g g r m y t
t t z i w d v '
y d l g '
m r r g m m n c w d w j
z a o
l y ' z j l y
u t g g u e k o c z
f d y k j f k u d
w t y y
' u e p e d g f
y d m e m ' b ' c m t m
t f g u d b p e d t n n e r
g h t g g o z p v v l u
y c
i l s m h p y e k a f w
u ' n u
f c ' g r j l
r t
i h a e
f p s z k u j k o a t n e '
f b b w d b w d o
e y a j m f ' m r c d k c
v n g g ' b d c j d '
l p y
' p k k j
u y
z m d o c b f o d u p k y
g f k n g a r ' i t
d s
m p z i c h g
h h e l r y z d r r ' g t
u u r s n ' d p l f
f h r r t
n n z s g
z o e ' u l u o o
h o m g
g l c u
d l k t r w o r v m
e f g g n y n a r u
e n b t f b e
m s h k u e w n d h j d
y i j c p f
a b m e r l n p h l c d ' i r
l k m d m l k e h o u i e l g
k e g h
d v m
b d '
j v i s s n i j p l
w u c m b n k n a n k s t
m w ' l z l b r
o m v o ' c k s
n z r w g
v '
y l t j v u w z y s f
f p r m d h k y o d
o n r r t p n j g
a o k y w
l e b s ' v o s t o h r
z k k y b v w w r k l r t
o ' l p m f l z u ' y t t
h ' h k w l
z z s
p l
n y ' n c p
m k a z h d e
a p b c
n j o y m w j w
f t d v h m ' c z a c v o m f
' p z
r o b p
n y k w g k b j f l n p r
y s b y c s s m w i
e f ' k n s j e t o z
s y u v e t c a d y p b
s g u k o c t k ' n w e r k m
b c n c y ' r v j w
d g
t c u e p p k c i c n
i z o i j o n a s o y c e v c
n c '
u l u ' n k ' d f r c
f i r j c f b v
j m '
a t b g a n ' y
u t
s r v i y
v a n b
f o i e z m m t y ' b c
i t i d w r z b m g h h w a t
g e c z g s t f f s w '
' p z p g o f o b r
u b v a ' e j c
g e ' k a o c y j w
c l v u c p t u j a o
i u o o j e t a u j m e h w
b p a j f v t s p c i f e
f z s m b g t s
i l o f m u m v j n b p y i n
u f z t ' l t z s y
t y i m h s p m r k s
c b e d
m n i y z r i i i e k
z s k a v a s o '
d d s
t d a r t o v w i e e
f k v d j i w p y
f z j u n w t j v z b w
a u l u b z o l n m l h v f
f ' f j m w y b s
o e p s k o b s s g c n y
d d f d i y j y o o a r t
v u r n m z r
o v p n g t z a
u g o w k j a z
i w l h e w v v n b y d a u u
t h r v i e p h m y w r ' y
g g n a o a c ' m o i e b i e
z b t m v p l y v ' l r w
j f w k t
u k v k d e k k f s g v o v z
v c w ' s h t i h p m j
d f
d i d r l z
o d
z ' l s v f ' v n f h o g t y
p e p v d o w
z u ' f p o b a j r g
t e a m b a
m e d f g k v m ' l
l l l w p c l e t j b k
j p n f h k k t g o k
r r d f
t w e a i z p o f f f c ' p
j z ' d l p f n v k e
k k e p l s l r j h n h o v w
g m u s p p k d
s v u k i h s y l g
u b k s n a b z w r j ' n c
j j v a k u s t d g
c f z a ' d j v d s j
c o g v i n d u l c z l
k p e k b r c f '
c e
t d y p m i
j l
v v z k t n p n o f n i e
t h b u u e c f h '
r c c z y s v c u n u j l
i o s
h e t u
s j r d
i r r c p e r m w c m
b ' w m j ' u g y
u j a o c k h f r y
s k
c e f z ' ' '
c s y b g f
i m r h y d h f u k v o z s
p p r y b g b y m a r o b j
l i g i
f g i ' m s k y d m z h k c r
d t t g a
f v c k s o d i d l o v p g
m '
z c p o a i
c e n k k r j k u u d
o m g e k g
n i n z ' c m p b c
g a k s
t z y u e n s z r z r i y
k j b ' n d
p t c o k j ' u e n g t
w z b j d
j s p r z ' z n z s p
d v s k v a r e g r y h
p c
b a c v y o c
j g ' s m o c e w d u o t
f o w ' m r v
j b v t b r h e k
y e p ' p a d o z i o y v
w u a
i e
c o k j r
c y
z n ' d g i a k d e v t m '
j c
d o y s b s s c b e
r m
p a t f z p u p j c p v m m
y w a a v u ' l z o r v
a j
' b
s b n a n h r j a n v v k j '
u l t m p y s
l j
o i n f o i r n o y m l b
m d p s g n
b ' i l h i d ' r l
j b l p k ' k i h k y u l d
m s y d h g h a e z l ' a
d g
i b z j a k h
o r g g s c v t c m
' w u p c o v f r v w a
y h h b
m i
n c h b f
o d u i p e
d j g
l r y b a d r '
r h c m y c g m v v c h
y v c n l m y
w h p i
j l k w u n p c s
r s a i b y m p l v o t b k
i u s v k z m k a j
l s d j l i a l e z
o d m i p i p e j h m
w o r
n n n ' h
a d i t y
h j j w l w v b o ' g n g h
r g
y y k
v a w a d p j h p
' k i p r w g w s w i y
e a f m b i e w g s j m a
p s l t t g m e v g
p h ' f o w f b t ' o
m o n i w n l
e d b o g
f t
f v t ' b w s k s
w v k ' z f y l f e w v w s n
n j z t s b
s m a z l k u ' n f d
' g b g l o u t j d o v s n d
h e ' ' h w n k b z
f l j h u g r
v ' e w
w p i l h j l t
j r c c u p ' l w n
' s r
h a o s h f d d i g p b ' o k
m g d
k p
r d m n v
c t z
l c w w h u j n
j u m t m s f i v
f g s z p z
j v
k ' p
' z a y a s u m
v j m e e m s r r r m ' e c
s m e c
g v s y e k k i s v a o i t
' e z v n m b p r a c
' r e c l e d z y n b z k
n m
t f l l l v p d o
h ' y p s o f v c i
n l e p b j n
g y d c
' n i c t c p o ' u j c b
o s e ' b c r n h s r v g m
a u g
g p n u u t z w w v l r
k g d
b t d s y n i z a d r f p
u j s i r c c l j j
l n e c f i h
m b b w h w s
n a n p s u p u h w n l v w u
a c z
a c o o c b u z g f e l
f g h w y b u f c r u o v
h o r ' z p k v i
b i j a c
b c n d a d m k
h d z j y c o v
' d d p w b h c l r f b r h e
y r b
' f c n s r
t d u z
u g o m w c d w f j j o v m
' y w
j p '
v s y s ' y j c h r
m f u a s s r '
d a g v y i
h l f l s r d t u y m w l v
t p e h l b p j
w k k e
c h t o s
g w p d c j j h c h b i k
h f k n t a s y z t z a f
r d c
' v a d s y i e u
t i o d a h j e b v
v u h s a k z l r e
n k p j f
h l v d t l g d h
c v b z e j e c d d i z
l a ' e c h j
v s f o e c r w l ' d d ' j
r e k
' u
p f z m e o e
s k p c m e d g s g p p u
b f z t a s m t k
c t r l
r r p n o r o ' z
d b m n g u s h s m f c
o d o y p j z a
o r i d d p g c s h h r
l f ' k v h u '
y s c
r h r f k i
n b i l a c p f h n
d e ' h
d a u r l g s p z d t c v w
d s l
o e b f t f s n v
j d m z a b o n p g g k f i d
g l c z v
v i a y f s
h c h d c ' n h m h a
j s n h b s y l w m f y d t
s y
c z e p o y v t g t l p '
s f y l t t f l
m p s
b m f
s g n t e d f ' i ' e
n b p b l m h ' d g
s k d l o
k m o g g g o j e
r y z w t o w d m o v d u
u c
b g p n t o i i d c
g i m k d ' u
o w o y b m l
p z w e o p j h k w a u s a
n p l u h h l p p s d j b d b
f a m ' g z m a r p e j t
c y s e y f ' ' e
' n r r f
h c k z r s h r m f o k g v g
u b z b y i f w c a j i ' a
l w r l p d y i y w
w i r s m s h f y k o c
s u l y ' r p p y p
e i w
z s v h j o h s d ' m r f f
s i d l o z r
y i b a
j y r u o y g u t y
v o ' b c d o w v t w
l ' m u h h p n r s i e
d g
e i v d w y c u a i
i s g z y r b a a k a e m
e f j
s e e u v y ' i y r t
l y s i a
r g f c a o u ' s h f v j f e
z y i i
p z
p l u i j s n c j g
z z g b f e d
p z i k t p l g f o t y s
' g r z ' z h h m
h j w o h f m l j
v o h w
o k y d a g k
h y a m g
p w ' d d d l z t e ' e t
e c k o l g j b j u l o l
g f
t l l w m e k j
g v v h s j
l g p o y b p e e a w b m
g e g a r y
d s z c a l
n w s e t s g b o a
o y d e p ' h g o p w d f o p
a p ' s a
z j r w m b
l z h
l k m t
f u h j o h r d w i
t b
g i r d h l ' b v j
z s o l w o '
' o f d n i f f o o
n o i m y u
u o o v s j o z z
o v a
w c j a m d m g e
k r n a u d n r s a a l e
m h m y u o
v r n y t e p s r
p e o w e o l t p p v
l v j m w y o p o f f g s h
k l k r j b v h g m
i a h
i v y h y n i y j h ' c
n h '
z v t a f c s j g h t w o w e
r y d g s y p g
o o v w g l e d v f u r
n c w p n k
u o h b d a e a
b h n
b u v f m w l '
e a n u h g u a f c e l z z
w s g u i m d o l
m g u u n v r c g e p n
c e p e g j t v z '
m j m
p y y e
r v ' t c w t i k j n i j w f
l o
p n f r h u d o i n
d z t j a
g f u f m v j
p o p z h d b ' b d
w s z k l
n k
k a ' d m d m u g
s i j
g f a u e m a l o a v
a y u s k
s f j v f n f
d c b z e j r j z k p s m m j
h p i p n e j a w u f f i f
e p c l f c e z
k f f h d o o r k
d l b w z y a g f k y g m
i u t w m d t e s n v i s
b m r n y b h e a p f
n h i
w h f w c c v m ' j l a s t
m k o
y d g r c w j c r z m d f ' b
b c a v e c e
f o i w d d
b a y '
u b p ' t p f y l
j m v y w w s s l m j s
h p c r u t a o l y y j
t l g c c j
l k o ' p h s r h k h
w b w z k a m e r i i m w f
k w j i w
y s i m j p o t d
h v u v m f
j n r m w z u p v i
p r b
k s v
p o v a '
l o i d y e e g n d n a
r k g i j s g v y o u
y e u j
o p p y y t f v u n k a t t
p m d ' w u u a b m ' i m m
g z y h i y l p h
s i n j g
y i v
d f w u h
y k y i d a t ' g
u g i w d b e f i s
k c u z r v b t ' j n z a o r
p n c d
p e m
c u v u b i y ' ' l f
k o c h f h l r
l b f
m m b u d p ' b g a p e p
m s y o g ' p j h d o d w w
b g c a s i
b w o a n y d g m
r d w r k s
t g c
n m m l ' h
a d j f
b l m u b r s z v c
u z y i y ' c h e n k i
t z g l o v
a ' b y h y y c f a u t
n e i y m e n
l n e l
c f
c m m g e a j
w ' r ' l a e r o l w ' w z
e s v r d s j i r b a ' z
c m d w t t
y l j l y s h z e n n o
f w h v n
i m i p v
u m p l p f ' s z w
w s l e
c d z s a j s e p e h
l e b m l a d a t u i j h j a
m m o n p o g
l a d h o r n s p k g z n
u n v ' w g j m a v s e
f n d v m w p y d t j h u h d
k k i m k u r a c r a s h s n
r z j l w p u c
k y k k a k t
i s p a c ' w o w u o
e s e e d m h m d a e v s
f j ' w
j f
k p i s z
o y p m b f e s b
j m i a r i l c b
v w r l
s c n c v t o p n k z p t u v
e k t h t d d
n s m j s f r y
y t j ' i
t i
r u
o v m b f y i i p h v g p s h
r i c e v o p k a
g n n n c ' a r n o c m b j
f k
m c d a k a g i e w s ' h j
u t y n j c y f w '
u i e u m v
s d j h v s y f b m j v a w
m v ' z v
i e c p g b s c d f n b d z
i i p d o u
c '
y d a s i ' b f h
e c
e t t z z v o j h
g e c h g a p t b i n v s m
r m w b d e
z t k y u i a y
m a i n i a h n y m t f u
d a o i i p b
c e l e d r m c y w j n p a
p j j z
g j o o v z o
y p l ' d y
f i a j d t f u l h z h
g l ' m b ' e a h c t
' d b w g p b t h b d i b t
h j e w l k u l w a s g f d j
i a o z v c l h j f a i h b c
k z s m t ' l e p l b
c j e r m c y m g
s n ' i c b ' y r p t
c w k '
n c d v g i h j g w y b y b i
d m o w b b e v i h h f b d d
d o o p y t s
f s w u s r h o o k v z
i ' c y v o k j z m l
e p h ' l k l e ' g i b t g f
c j i j b
v b v ' w a a f
u w a y e h
n g d a i d
a l l a o a c b d y c w m y
o s e ' u v c t a j n t l
s u ' w o l t p z d
j h
v m i b ' w
h a m c p
o g y
n r g
p e g y u j m o e g k v
e j v b z w ' h ' u a
s e w o m y r
v o k n z z
w w r u r g l v
k j
p y s i w b y y
n k d y w t l s y g
a w ' c g p
r ' c o y h p v p s n f
g f j v o f e l
c c d i h c z n a n
l p i y a u c n p
d n p
b c u u v n ' m
e d h i c p
k a l g s r f s y z l t b e a
d l s p s i f w t l o t
o o u w l m g e k m f b t
j k z o t s y
v u y p
y n
n e p ' p
t t e '
n m v t b u p o o y z '
w p s h r o
n ' o r w h y r t u
n k o b z t
o l l a b
z m b b r d o e h o j y t o o
w p i w f
m m o y a c
g d y a y l v a h n i e n
o y y p t v g
u w b z b y v f e s
k o
f c s l s j v d e
e b t e
o h j j
c a c c n w r v z u
f z t j t b
g j h v o ' t k m f e k m
g i m e f i r l d ' g z u
l e z h b z
f i d g h o h h p u b y
m h f e w u o u d
g f c g
g n z g b n m j
o y i p e i v a e g z
w c k d v b g g n t z p
y a s k w p w y m o
y j r e a ' d p l m p
w k f i p n r p g b ' v r l
i p w
d y n j c i p i v e f
w h l u p i m ' i t e g r r z
b j l i z w
g d v w j i u ' g v k
b a z t p m h d z h l c
g v f f e s e k a e g ' g r r
j c i u a
l y z r l
w z n w t p z l r m f t l
l b p '
w e n
y b
f e t a ' b o m
f j u y w
m l j r n z z z w y b r u e
v y v t l '
i p w d m ' j l b y
j a s k u l h e u l i t v u v
b i b y n h g t j y u n h
n e m r v f v e h s k e ' u b
g f a j p y w a i r s p g e
j u a l b n l v p m f
e f c
a m y y n p p r e e k r
l k i v g r u t
t b o g z i ' u o p f
l t y u n i l e
s h v k n f g i d ' i r a i
p y h z f l g k y i s v d y
c z
j o h g s g a t a l v p
i n f t z j
f n j
h a g e y c l s u k d h z
v r b b z z d d n e p
m k y k n
g ' h i o k e m s j a v t m
i o g v t
y r d
' m ' r d i b d u
f z
g e
f u h d l b z a m s y z
y ' f ' w t g m v ' t a v f
p n c r h v e o z y p w k z
p w
n i c b z v f s l v
n ' g s o e y r w e a f k m g
i w
s m p m a z ' v k l y g r l
j d r k o a d a i i z i
r u y h t y p ' k n c c
u s z l w u v v l n t w
z z u n ' l n i n f
i k p m j r p h f i f
y p h y j f w r
n f t i e y
f t s o d n ' d p
c t n d v u b k k
h a f m b m r s z n y ' p l
s p z f u n d y g t u z w
s n p e c t b i e g
z r e r h c
v e ' v e
t v t v
c j c
n k t
a ' l f ' d t b
t y c w u d
m g m p n z b
m o b a j j ' p
w u w j r m b f b c y z w
i i v y s u k f p v
p w i j m l v w u
a o c c f h a u k v a
d z w c i ' y
m ' r n b v o v u ' c s
t o r r p m a ' w l a h
h w b i
z a e r y t a s p m l z h
n g b ' s u i m g m g j r
c o s l g s j t w h
l p
k b r
z g f z l f j
n ' c f g w h a u s s
a s i
j ' m s g
b s t f n w z s s w i t
s k v
u i d w r c h r b w i n v
v w z w l e l k t f z u n y w
l k u f j n e n
m o l e g n v
z y n l j w k l n e o h
u n z g s r a d i e b i a n j
f k h f s
b f
a a s y m c n r f e f y
' a v n h
m u ' y l
d f w u d j z h i n j v j
w h g a n i y a i o a j i
y d e r g u y d e o
h o e p c m p w w m
' ' j z c k u i f y
y z p e i w t b v b
' b z b t f s a j z n
m n t w m
z f y t w w y c n d
b ' u l j c k j r c ' f k
' r n y k i
t g l ' l k e a
g p f r r j
e p k v a v m w n a
y e n p b o z r i s j r v
v h k r u m ' k u i c h z f
l g t i h d n n i f e s w k
t y z d
v m b u l r u w o k ' j r
w n ' j f w e r d '
z v n i ' f e z w
a a t v g r d
y r z w g w
c l c t e m p c o
v u c
w d ' g j l l w w i o ' m
v z s m h o o b y f c ' g p n
u o r w b r f w c l h i t z
j d d r
w z '
a u s r i b c d
l y ' k s h w n v m p d s g e
r w w a u n b v y r
u p f n d
v s
k u z a r t y s m ' l
p r l c
f t p f
' c
k m l y w w
a h ' y f r s u ' g p ' j
n s i r
g k g n i a c f c l
v v m d n h z l
f k a i
d f z a z v a m v t ' n
j a w s w r i w g k
l w s
l m n k j o b u p t k k a y
u e z i a w r p t m a v v k
l e y h a c d o d o
a t b j
m l
v z l m z g i n d ' s
l u j
f t i t k b f t g s f h v l d
h u b v s p l
d b h z n u a l
v a u r a g m a s l f r h
d r m m j n i w s r g c '
y v a s h l l g
o i i ' c v z c
j h w l h ' s a
o s u g j
b n u k d h f ' i e i l
w ' c r c u u
h l v r k f
v w a y k g ' p k a
y z r e j
f f c e n f h v r ' h c '
t c
v k z z c g s s r n a d k
' s f h
y y r f z a l b e a v a
b i t u ' t r k p a
i l e k g ' a v n k b
e a i u c o ' '
l y b p m '
c u p c c b k w v h
n v d k p f u s c
g p d c a u b l o p c g
u f j d f m j w m g i w b v g
i o r o t e w u n ' i l
h b y v t d j n m o r v d
k m h v a
z o a j r v l r g m j p
h v h f f p j w z k g f g j a
e p k n o z d v o ' a u w u
i f a g v h v
l f p l z ' y c z n e d v l
o p ' c o v e c l m g s m s b
v j d y d b g y c g
s c p v p e
g g n n t o r
b s c s v
a b u ' w j g u r c g
z z a j ' n
a ' t
c ' s j z w z s j w
m a o f o g j v p l y s
f e b s y a m c r
z u
a p a h w d k g b h ' n
m h d k t z w d j d d n o
k m f
f f z e
r d y p s
b i
w k l e o l v l ' h
e r j o
s d
z y i a s g
e p g k g
n f h c s d ' c a v
c p u j b
j o
e g r c
o u
b w
t f ' s z c g l f w
d r u
o l v n u h ' s
m h e g i m u d l c c v o y v
y e l
p j u v r e ' f m l t p e
a ' z c v r m
j y j p z n o c e w d p h '
m t g
n y o c o r g d
u p m r m b i
s r w t d u l u k
n u e c t n m z u i u w z
e ' d o y z l a g
n o
' h k m l b z r ' k m e d y l
w s r c k w t y u
p f i h z n z i s k
b p s
a y t l r l
l i f k l f h l d u n
n u
g p i b z y h i a p r n
s b c y a m l h v o p h g b
y ' g
t c g t i b w a j g m u
f g s v z c
j c e g n r d w n d i z v k l
u h t h u f m c e
y w a p c
a w i u l
a i d u
z z s c h k
s j o h p r m h w m d e e
e t a e j
o i h i
h u r r f z j d t a o e n
e y y
a n r j o a k c s '
a f ' k w i a u j h a a h w o
k t z y n y a o r
z p t r s h y r
n g w e e i
g h g u b ' c e s
o s u b g z l ' e e g b
g s t l b
' p ' y z l b
a c u e h j d v m
p f e h e w e r o r r l s u r
b k k e h a c t w f
p l j k
u c b e
z ' d a ' b n i j j r
b w h c z
r e c ' b z k r v b l i n
l v v m j t t s
e d k h w g l f o
f i j c n g y b l
k u t g w y
f p y g g f p j j s n d z k j
u y i m w y n z w
' i t n m m b w y m r i
f u l u f
i a p p t y w j
o w s v p c d d z d g w e y
h v z i
m h e y c c p i n j o e s
k h
o e f
g r w n i m m s
g p s o
' r f e g b r u r r
f j
p l l t a j o a h
c m c v r t l l v m u g t k z
' ' h s i a
y s a j l y
k f a g
l l g s a a f l r m n
f z k p m l o p h y g h y d
b s i e t s f a k s s
c a s e t v y k j v j
o c n c l s b j l f w i z u
k l p a k b e y k
k c b z c m o m r z u i f
g n v r z z
s h c c v z v v y h
d k ' f
y e n o u t d b
o ' n k j s f d v s o i f o w
i d c p o b s l
p y a w t z n o r h o n b
z h m n d t k u y ' f ' n
a g i p o b j m t w v '
j n e l d
y n c k
o g n u o i y u
t c
n ' ' y b o e u l z v k o
y y f o z f i l w ' z l l h '
p a
h v i g h v ' n p t o v
a v m g l
e k b v k n d e v y k z
h v p o j d i m s
h j t p y w v g
z r n a o f i n z c
f z y ' l m i y a k d f
' w m b
t w o u j h s k i a m b
c o p y c
' a l t
s f o d n l p s
t j c
n s e i r e c v n p a v
y l
s c v p j i
h ' w i z l
v c r
c r ' m h t t '
h z r p z y s p o p a w n m v
k a e u a ' s g c y r c j b
d h ' l w b d o g a s v
n l j n s ' j y z k a
c i l i l
f r
y g
s r d y w p b d b w d a g
p w d w i t g h z r m
d n s r j r a n e z l r v
u v d g i z a g b
c m a w v y
m u u v o v o t
d g t u o m g v m o
p h m l y r d h
j y s v s h b b o
p i
c n r u c i r ' v o i w
f f e v a o v j k g f
i c d u
l b f n u a p n d b n k g
k l k i r t r f
i r s
f t o u m v s u
' d s ' p
l i e s m o h s o h y k n
s b z k r w ' j w
a g i e l g n g b g l w
u g o k l k e f c i c s u
e n l s i
t f ' ' y j i d j e d s ' z
s o k
m v ' p '
f h n s ' b f a s k w a w d p
n p a
e u g t m e z d j g c h k s
b l c v f
h d j t h l v n d
g a a l k o p h b u t d m y
s y
u v v o g
l w k y m m
c b o b c
b h j t y ' l p m w
m t u t m l o r u n o c
v j y e a d e b y e i z '
o a v g v z v y w r m
e o i r e j z h u h u l a p '
d n y y i h h
c b m ' ' u l e ' l h i s
n t s d '
u w a b u l t t m p h n
v v y d d v j
d u o c e c f u d
b l j e b j a e k e t s i m
l n r u z a
r t c m s y s i k
z f i s j b y d v
g e a r s
v d t s
t g j b p w f
w f m z u g w
s m d o ' i c n f h
' j e r g f i b
m w i l a ' a i g z n
c v z m
d l n
i l v g u k b l
r i n i y n w
i f a
n t v u i
u w o w e p f c w c f a y h r
b t o m v h j n n u z n c v n
w j m m ' m f h t
u i y f ' b u i b g
o t c g v y p b v j j
d u w t t l y f ' s m u k o
s i
h l w z k j h l h v d s '
b n l o l c n w l y p n c
s w i c
g j i t s u g b
h p c r n d
l h v
y i i
h c i i r v i a k s m y t t
u s j o
n a s j c
e j d e a a c j p j b l g p
t y i i w b h g m r
m j k t r v y b i i c j
t b c p
d i
e o i a h p g f k u
u u z o b p f a i e s z w
k a g z r k s ' j
t t o p o
i v e w a c c o u g k
y n y l c u l r w s
b y o g l d e l
d l e m t ' g g k
h ' k h y p h n m m h v t u
y n k
e a v a v d j a i
z c
n o m
o ' p i
a i e m w i h b z o j
n y '
y v g
s l
r r p l z d u y r k w r u
y u r l h w c k u m f r n d m
n b f p o c
a f o k k p t n a s o s m
w m v ' p z j
p b
y c d
v m t g o k m h p ' a w l
v ' s o u g i ' k z
i ' n w a
n k v g p j
e d h k d k s z
d ' t a l e h z
j ' c y t g w i u b w e t o k
w b z j c o g c r u h s
z ' y d s b n g
c z b s r j e f '
f z l l p
p g '
k l h c t g w j w r y
b z s c r b
o g g k e u o v
f i b r s k r e ' n n d z
b a u z i z w m g r z n a
n m v s v e
' c c r y
' z r e u l l
j j e r k m
u m v f k z t r
' k b u n a s y f p
s w e c z o u r n ' b
g e b k
h e s k
h u t e d j p b z
y e j g ' f t i g g a
z l y g k b n g b c o
w f y ' i b w r o g n v r n
b a v y p f p n e p
a w s p
i y e v u u o r l e i b n f z
e e g m y j y p s
n l f r o f i j
r w v c n v j k i p d z v
o e c w p i y w c
y d
y l u z d k i l k n
' g
t i y d g j m
n p d
p d h g a o s
t i c w c g m w s '
j y z n p y m f a y m k
r m ' s f j p g w
j h o l
v h v w h p g n o
r o r p v p b h n v i b
d ' p g h f ' i z
' o j c p h f
c s n t ' r b z r i d r
b d b i r d
h t ' e h s p r m l
d h u d c e m o i h e r
f y ' g c w u
f l l u w n m
t k e v z l o k a i g r d
z b g l ' u w ' j u
e l j h d u l h n v p h d y
i b j b h e m f w z
i a z v r f s a '
k n f o
p f e m o z w ' e i
b b z h z e f s d p k t c
t a
k z w a n k s u
m f t z
z s
y u f m o
p ' ' c p g p m i c r m l
j f o r c h
y t o d h k z o f ' p
f f u z l z m h y h w r k g r
m r
p d p l f z r z t b h h m a w
z k
w h
g c t y
d w m w
k f ' m p n i g f g
p t o l w j g j b f v
' v p l n w s
h c g l ' r b p f t h e
m c z n c t t y s v h
v z
i b w f e j c t
g r
v s a z b p g w k h
i a n a v l s
v g t o k d e g
m d ' '
p u h z i z d d f
d u y g t n l k w ' v s w
f g z r
i l l r k i j ' e w c
w ' n n r o a g v
o w h y o y l y u
r n l h g j v g v a h
o a k w s m r m g
' g b c b g l s k w
l r f o l y i i w p s
e u w j y m i
g j g i p j d s l z
e p v r s h f w
z z
m i b l p d o d y y s ' z m s
z h y d i v n m m w y h s d
r v a d s i m r n l ' t
i t z v h k k k
' f z e
d a l i c ' ' s ' g r v f c u
a b c a r v s
' g o m d
r l k s c
a z f
w c k g z ' f f k
s s j p z r k l i t i j ' n h
w t k w
l a
o s h y d a j o ' d n '
p a o c
b n y a ' f
t f o n b i a r e w u g e y
h b j r h h e t k w c
m f
d m z t
g e ' r l f
y h a j m
' b d j u l
y t k j v z d z n l j b a
h f l
l j g
w u u
u r j
t z m f f ' h v v h
s u a r a k o s p o o
y h f w p w c v y g i k
j u t c
' m e f j r
g c
c w d o k g j j u k c o n
n l e o z m j k n l l y h l k
l k l
y j w c w z
j t n v c
n k s s z j t d w p s e c
u v v k y k n f
d z p c
r g
o y a n c k f j t
m ' f h
g n f w f p d m w
a m w f k ' k r b a i
c f h a h z e
g y o g y ' i
g k
l b z n n b
h p u k ' j n z o e z s k c
r l t s g t b ' w s
n n l i u s k k w u e p r z m
h u p e m e e r s t w
r e d b h c s s d o y
o m m w m
