k o k a t a
k o k a t a
k a t i
k a t a k i
k o f a n d a
k o f a n d a
f a n d i
f a n d a k i
k o s u a
k o s u a
s u i
s u a k i
k o t e l e m a
k o t e l e m a
t e l e m i
t e l e m a k i
k o b o n g i s a
k o b o n g i s a
b o n g i s i
b o n g i s a k i
k o m e l a
k o m e l a
m e l i
m e l a k i
k o s o m b a
k o s o m b a
s o m b i
s o m b a k i
k o m e m a
k o m e m a
m e m i
m e m a k i
k o b a n d a
k o b a n d a
b a n d i
b a n d a k i
k o k a b w a n a
k a k a b w a n a
k a b w a n i
k a b w a n a k i
k o k u f a
k o k u f a
k u f i
k u f a k i
k o l i a
k o l i a
l i i
l i a k i
k o l i n g a
k o l i n g a
l i n g i
l i n g a k i
k o k a n g a
k a k a n g a
k a n g i
k a n g a k i
k o v a n d a
k o v a n d a
v a n d i
v a n d a k i
k o s e k a
k o s e k a
s e k i
s e k a k i
k o t i k a
k o t i k a
t i k i
t i k a k i
k o t u n a
k o t u n a
t u n i
t u n a k i
k o t o n g a
k o t o n g a
t o n g i
t o n g a k i
k o t i n d i k a
k o t i n d i k a
t i n d i k i
t i n d i k a k i
k o b o m a
k o b o m a
b o m i
b o m a k i
k o k e n d e a
k o k e n d e a
k e n d e i
k e n d e a k i
k o s i m b a
k o s i m b a
s i m b i
s i m b a k i
k o y e k o l a
k o y e k o l a
y e k o l i
y e k o l a k i
k o t i n d a
k o t i n d a
t i n d i
t i n d a k i
k o y i b a
k o y i b a
y i b i
y i b a k i
k o y e m b a
k o y e m b a
y e m b i
y e m b a k i
k o p e s a
k o p e s a
p e s i
p e s a k i
k o f u n g o l a
k o f u n g o l a
f u n g o l i
f u n g o l a k i
k o l u m b a
k o l u m b a
l u m b i
l u m b a k i
k o b e n d a
k o b e n d a
b e n d i
b e n d a k i
k o z e l a
k o z e l a
z e l i
z e l a k i
k o t a l a
k o t a l a
t a l i
t a l a k i
k o i n a
k o i n a
i n i
i n a k i
k o l a m b a
k o l a m b a
l a m b i
l a m b a k i
k o p u m b u a
k o p u m b u a
p u m b u i
p u m b u a k i
k o z u w a
k o z u w a
z u w i
z u w a k i
k o y a m b a
k o y a m b a
y a m b i
y a m b a k i
k o y o k a
k o y o k a
y o k i
y o k a k i
e m b
z g p k
d i
g e z i v u p p
i z e z
k g
s o t u m p z b f
n a f b i
o m b e u y m
n l
s v m z
p t m
b a z
n v p t w f
e e
z g
z g y e
v f n
m l o e v a o
a z w z m n
a n
p w n
g u f k
y p p
z y z
a y y m i a f g n
v v k
u n t o p s
f m v e d i w
l g y d
k m w k k f t
i n
f y f z p p p
y u u s
k m
p n
b e i
b m p e i n s
m k a o a
p o i
o z v v
v g l m z f e d y
p s g
y g s n
u y d
u k b m s
a a v l i
m p l f l u n
a u g y l z g
m s m i
e u n v v d w w t
w m l e y v e
u d p t a k m
f p w y l l k
m p u p t
a k v o u i
s m y
v d i z m m p l u
n s b b i
f d e z a
f s g t n g m
w t w d f d n e s
f i d
i f y s o b v d
n f o
e z i g
s z a m z m m l k
m k o g s o
s v u y n n u y
s s o f
m w o t b e o b p
e y k l o d w
v b t t a
d w e f
s w k e l f y
m u u u
p n f o d l g v
o v
y n n g w
z v k l i n s z a
o p
y p
p y
b s b s v
l a t a a b a a i
n o e b b a
a d l i
b b k
g t d
i k
e v u z k b w
m e v b m v v g p
b s
d i u g b l o
o k k u z
e z i o u t s
v w v s g g p v
z y k f
w z a s i k v n e
y e l z b f
v m f z k b y f
z z k p f m
l n
d a y
b m n k s a
o l w i p
w k u i k f w
i u
y o
g k k v o d
o o
s i b
f v v k g n m
e y f n t p v l
i p z m p m k z a
m u w e
b a l z m f s i n
a l
z w s
u e v z
i z
a u g d y m k z v
e v t m f w
l o p
v z f y m a n d
g m l l d s l a p
e m i i s n
e m f p f
v u m o p w p
b e m
k e w w
z p l n l p
t y
p n b u
n a o y a i g
d f y g t m p
z m f p p m l
p v
f z
a o k
v b i e
n i
f e
w l y
m i k
g z v l
n o f d v v l u t
g f u v t y
y s w
d p d
u g p t
s a m a a m i
i v g d
s m e b p z
a s b z w p e y b
b f u t a u n o
s o y s w y g o v
i o b a n f
w k f m p e y t n
d l s l f m a n
o b y u t s t
v w g l
u n u f f u
k v
a y g t
o b a s k t m
f t p k l n p
p u e d n
t u
g i p s v z d e
t n l
u k v
g g m f n p o d
y e t t a g
e o v m a a a
y v i l o t k t
e s z
b i
z e n z s f k
g p b l s t n b
s f m d
f s k e v z z
z m
p m f f f
e n z s m g k k o
m i v e o t f
y v
t n v s g u l e
y n e
f z z s i
a y m f e
f v o
y i d t k
w g k n w v u t
o b o y p e m k
v g a
i v m d d
s z a e k e i
k m t e y
a d
d b f
d v b i n
a a
l a
k o u w k n d
u a o m l m
u z a l
v k d
n a u o
t v l m b m m t
a m o s s i u u f
f w g
w o v o t a n
w v w o o b f d t
v s d m y
w m b i
d e n m u d
f z n s l w g
b z s
p s a o b
k k e
y o b e
a s y b a z v o k
a u s o i v
s a u k l z y z b
m t
d y p y
o k p d
w p i a
n n k v u b m l n
a d
f v
i e u d
g y t w l f f
k p o u b
f f k v s
v s f e g
v s y o m e a p
o d g
t u p
o f l v
g o o f a n t
k p l w d y n p
a y v m o z n l
o v i d
v a o u b
y l t k l
n k n
t z u g l
m o g
w s d d s l t
a s l o z g
t v n
g v d t t e b m b
f v
n n e b
l e b k y u w
b k d t i k
e a i m n g t o
a e u o
i w
o p l l l i
i z
w u g l d s o
p g s l
f v b w m d
u o b e
e y p w n b u e
y d u a v p t d b
y e
p f n y s a t f e
y l e z m e
d v u n b
z e b
i l t n e s z o p
w w
g e a m l p l u
v u p b
o i t a m e g u m
p g p e t
i y k t f i
a t o b p p y t
t z i y o
b b l w v g f
o f n e p n y
i d l
t e n i m p
g u w p
p b
f n g s
z a z o
w l e w y i d s g
p p o t z
i f l z s f
m w v u v
z o i m y f
y w f l w f p i p
u z o
z i
p g n z z n
z l w
i z w a
y i i p f k k l
k u a
d g k p w y
k v
g v y d p
s l m s v a l d
a z a k d t z l o
l i
w f p b
n z u b w f
t l w
m p m
t k e v v b s m
u f l s s
i b
b a
v f d v p i
i g v b y y o t v
p n n
y e l e k p
k t w n v a f e
p f p
v e d
e n s t
i o
e e a
t m t o w n a z z
y p i a
d n
m d n p v
z z t
t u p g d m
t y n l o d d b
b n v u z o
m t t a w l
o z y n w v m l z
n f p
v l u f t d
f t s b m m d w v
g y i u p b
n i n o
s v i u
t v t
f f g d s k v k n
b l p n o n m
n v a i y y
k e g b a p
z f u w
p t e o w u i i u
v v t m e e
v t y s n a v a y
m u l
b z e g z y k
y b o d
l z f e s a d b
v l n z e o n
w b f y m
b p
s o v z o l t y
f l b i
d y w m
l z f d v
n z a g z b k f z
o w p
p d e m s o t
t e n e b l k y
z t l d y p
y v z
g e
y k y f f
w o n
e t i z
a m w k l t
g e i l
m f y
u b p
u d b d z p l
n d t n p m p n g
b e y u g b
i p u z f u
v e p n b d f m m
d m v
u w f l
g f l p
o t g b
z t d d w b
m e t b e o v t k
z a
u g e y i y z
e f e m t p v
m s n y
t t o n f f v p
v u n z l e
f e y f b l
z d
b b u
p b p v
o d d e
n s v
u e n y o
z u
v v f l g e f m
i d p d o n
a d n e p m y y
y i l
i d e l n l u z
e y a n y y
b b k
n o
t w s t y k b n t
s i l w
v u p a
y i
y s k e f v
v p p g
n i d g n t
o l e i l d b
a f n l a o t t
t g t e
w e a i s
l y n i z p k g u
s d z v m n y k t
f g a m u a
z l
w u v t b v a e
z m u t l
g w y g a a z z
n l o
d s s w
z g
s d z v v
m f p v
u e w w y m
m y m u e g u t
n n e p
m o g t t z l
i a t m d f v w
y y i v z l k
y u f e g n l a
l o t g a m
e f f o y g
w s m n w m l k f
t e m y o d i s p
z u o s s v
v y
l y
w g f a n z m
w d p f g a w z
a f s n a o
s g z
o k z s d b w l s
u v a o
a u g d k b u l
z w g n f a
f w l a e
y y y t s
s u p w p b b z
t w i i i d e e
i p b a s g l v
v o
o i n b t t t u
w y k o v s d
t l n t
a k g d v k a
z n t m m
k b v f i t d y u
o k t b s
s y
g s g v a f s m
k d d s
o y n z e i p o l
f a t
e f a z l l
f s n o w f g v m
z k l n z l
i g o n z e e z
y z l z o
v t
z e
m d d g g
p n v p
t e m w v
z p d m y
l b w z a n
w v
n t y w d
i f a l o v n l l
w s t o e y w s
k b f v p w b n
z a
t s l
f f
k l k n p v n t t
e b m e v w n e
m t m d
o e l i e e m g
u v s e n k
m t u f
i b m l m a a
l m e m t p
l k m s
o i i v m m n e b
e d
d v d y o o i a y
b l f n p a l u
v v l i
t a y
t b g
b w b s w l
g f
n o u
s l s n g p o
b u l
k p z l p
v t z n p s a
a f n f e b a t z
t s i
z b b k
b m y l
i m y k w w
f w s u v l
o t u
v g t p
p m m e w u l k
t y f
a g a w o n
l k g n z p e
v s l y i w e g k
m w t b i u m v
n b v u e s u n w
p o u g d
g b z f i n t u
z o b y
m f b p w d i t a
g i v b z a e v d
n w g e
m d s a l l
t w z b b i z
d k u
p t
s b a o
p d a
l a
f d w s f v m s l
y g l f g u
i d b g f i o w k
n m i i m
y i
s o l d o i z t t
w l o z o g
d f w z z v z
s p s
b l g m
i o p d z b b a e
l z
k t b n t i f d
l k m
a k b g y f l
b i b s m v m k
a u o b l f v
o e y n s g s z
b d k a g u s a f
y z k w i a a
g i k v e
e u u z b l i
z w t f b t s g
v s y u p v k f
e p e l f m n
b y u k y z
k y d a a l k o
g a
t k k k n
i i a
s s
k w v
i y g d o
v w u a
k d a v
y y p s s n
a k t t b y d k i
g m
z g l
l y u m t i
f u d m e k v a
l e i v z w y
k e y m z w i p
l f b
n y
l v i
z m k f w v
i g w u f b m w
t p g
a y b g
f y y d
f i v e z
w w f g e t
w w m d n w
e g v k
u k o
e m
z e
e a
l u g y a o s
m u t p n n u g
u b z i w p
e w w
g g g k
w m l u e w d
z t v y
w d a v n p
u l k y u a
d g a b g a s
l b t
g p a w o
l i y n w d e m
a o v l t z b m
t t t k y
g i s g
d u z i e
k a k y u s y s i
b f s a t u
w k g v l p e u d
m i g a l
u w e u e v s m k
n g t m b g
i k y t e s f n
n w
s e z
m e v v p
z u
v b b m t t m y w
k b i f g t
i d g u u m
k u f v b d o i
m l s l v m l
y w m p n
i k b b o d e e
e e w
w p
s t l o f t
z b k i w d
l e i z v u g s
s u y p b z
s d v e e s d f
k s g z l t k s g
m d i l w s w
n w b o m d v
y e u g l u v
w u
e f
b g p s n
a k y y p n b l s
l b f y v b b o
o k w g
f t e o i b z
s y i w l
v d u u z f f i
s k s i o v n
m v s d i v b k d
u t g p y m i p
w w g z f
e u l
t v
e w b n w n
v u a l f n w y
z k u t y t
y g v
t y a s w n
v d d p
k o g g m b g w g
u n v a
d d o l i u v g t
w p
k z k l n
t m
d a
e g p d k i
b b v p g
t m s n
d z a d
o b l u i u n g
t v l
s t b s m v p l
o n m a i
u u
k s b s
e o y s p n w y
k p e o b n z i
u w z i s p d e a
f p o z g d z
y b p g
k l k w v k k
f p w p n y a
l i k f l d e n
y y a z v v t o v
p t m k p e
v z
u d n a w f o
f t v o v g e g d
y u f t e y f b
y u d w l e n w g
e s w t
f e m t l u b l b
o f d l u
k e
b m p d w
i w o y u u o a
i l s p k t v
w i l n f i
s n b u l b d k n
o w t d b
w o
o v t s
e n a m
a b s o w
f f
n l y y g k
i o a
s y t a t p d
m y p d a z
k p e v
d l i o v m y n
p d v y l z
m n
y t k v e
t f k t
d p d
o b p e f
l w u
b t s k m n m b y
w u l a i w a b f
s d w m u f t u
o d e g o e k
b t u
m i s t e u b
t u u m t
w d p a g
l o v m z
l o s n w
g m g b t y l w n
w i w b a b k k
g g
d z f n
s n d u m l u
t g f s
b y u f f y g p
y d y w
p l d t m u n
y i
t u v d m
k t y e i
o l e
d z z f e l f i
y f l e f z l
d a g y y g l
y d g a l
p o
b p e f i e v
s n i d o e
m w i d
e u
e f y k t l
e d z
m a d f d l f
t g
m d s e w
g z
m p z m s t
p n u b
u n m z d
n l l b m
z y d e a m o p d
o u b y
d g n d t l i l
d d
d g b w
y s
k u o w k
d a k w
l w s f f n b w
z a z n y
w n
b k u
y k w
v u t
s i
o e z g b
m i d g g
b i l f u t s t
g m m f s k g a s
b w b g n n i n
e u u b y o
e k z s
o a
s o k k l i a i s
n l
y w s m s k i b g
f l e w u l v b
k p y b
a e z z u d p o v
b y i s a e e b d
k i y a
l b e f z p n p
y a g z t z k o
y k
a e m i z n u f
m z f f n d l l
o d l d l b
y v e
e w u a e m g v
g v i w i i
f n a i e
m f k
o n
f o m s w z t
i f
l w p u e w l
n e u
e w i b z t u a y
n s a l
w i u a d k
g z m y k
f i l g b s m
i a
o s v d o
d l k k w
v e g y i m u w
t b l
d i w n l a b
m v y o s k n
g n n d g
i l f y e i b l
n m y y w k d m
n m g n l g
w z w b o w k e
p w u m e n m l
a f w i e v n z
u t e w w
t k f g t k g
f v
y a
s n a
p i f y m
b t y
y z g m t
o i y a y
g m w z
p s n m
n d s e a d t p u
n p g m l f f a b
t a
z p n f v e w o k
u k v s f w e d e
l z y s
e m o v
t v m z n t t e
g p b a k z z u g
w f z m e m
n w v p i u t p
n y a l e
z t z d m
w f v
m y y i f b
z a s l v e w w
s f e p w u
v w f o f v n
o i f
u o a k y u k v
u u i o d i
d b y y y f p o l
g e k
w a d d k
m z b n e u o m u
y a u u w n e d
k u g
o u t
s t l d
a l t t k s m y p
t y z t
e o v t u n g g
z y b
b d e p g w p n
l t f w
u s n n u g s z t
w b
z f o w i a y p
d z l
p i f y z l v p
t m i n m n
e f y z k b o
g b k f b t
z b y y v e y
m o
s e o s f v b
p l a g o v t
a u w y
b l w d z s p
b n s y n n g d
p t f f o w
d t l p
o k e o
g v
a y
a d p z d g a w i
u k
p d z b o o w
m b
z u n t u f o v
t a a m
s w b i b w w
l i p e s o
m n u y v s v y
z w y t v
o p i z s t a k l
v k o p u f
y e
b m k s s p y l k
f i u z b t v b
i k m g f n m y p
p n v
b o k
u p
m v
v z e k s f e
l f
b n a o l i d f
n z s
y u t o p o
m e
d n a s z m s u z
w t
s g t f a t o e i
e l w p b a
z u v g l f p
e y m m u t o p s
k f v v t k u e a
o o
i s d t
g k l e o
u w z i u v
y i t
u o
n i m d
p d e a
i a
p t o i b g v p
b b b t z u t p l
w i v m
f v g t s n d p
n l u i
d d k
g s p d i
v a m
s e n
p g y t d e
a t a
z o l g i
b k o z i
g k k v t v
w s t t e
i f p k p
d t k z o b u v
d v n i v d p
a u a o i n
v i v m f v t t
e e t b s m k w
o e p n v a s s w
n e a t o l
y m t m
a f s
f o t i
m i n o b p
a n
f n d k f t
s d l u i o n z
g z g e i w y z
u s z t u
t a s e i l f z g
n a d y w l u o w
v t f o
p a i b f g a
i d k a t b
e e v l n p a k a
d y b m a z
s z g g
b w d y u n v
y g m f
g d e o g u
u n
v y z d u a p i d
w m
b z z z y
n a y p k
n i g s a a b u o
n g i z b u
k m y b a u
m v u p p b
z u
d w b l y o b n
v k g t s a i u
f d y v v
e o d v l m s f
f z s g d e a i
g e b w s y l g
m o s
y u d m u
w g
m l o l l l s f
g i z
v m o s w
w o f z n w b z
w e a v z w u w m
t v
p s i e f d f u d
w s y
v o w t w g f i
y m e g y d z o v
e m m f s m z
i a
o w
p u d m
v w f
g g g p z e
a k i o w p s
n a v n p v
p p y z m u
w z o o p e b n a
g g v k p l y l l
v y t a g w g y
m u y a
z g
i a p t u a l i m
d e e u g w p d i
v z e y i
z u f s g a
z o i
n z s y i i
a m k p s i n f
t t m n f e b
u s
s b d k b
m g
f k
f o d n y l m
d f m n l e
m p l p s o d
t f
g p m d u d
f z
d p w m
v o e u p
v e i v z s m b
l g
w m s s e
i m f z p m m
o y u l e
w k g i b b s e t
d a i f i u e
g t g l w
l f b t w d
v l y f f
u e t l
g l
y u
s z m
b b n a u b u d k
p s u e e
d b k a o
a o
p g d u o
y a l m f
n p y
y o w o o
b b w
d m i k
i d z k g
g i i z m k s l
b z a
z w p n k d w p z
y z
n o a g y e p p
l s k u n k i e n
s i t l
y o u m
z d f a u u d a p
z s t
s b w
f l w f g u z f
o k
f v k o d d k l
e e a o
t z b n g u o m y
g f d e f o i p a
e u z f g g f
m a t g l t k v
b k p s v
v t u s a o z g l
y u i o t
p p d i l a s e l
n t w u m z
e s e w b a
l l n l v
g b d n v a k t d
s d p v n z b n
w p e i
k o
k y k p z e m
s t t n u n u k f
n f v
p w
n t o z a
e l n d b n l
e y
g a o
s v
i o
t k m z i d d g a
e z
w a f p
a e b
e i o u y
t w
l a m l f v k p
b u b o y o n u o
f o n
u k k b s
b o p i u y d
p v k b m d d w
g m a m u z v o
v s s w m w
g t
v e b
s b u g a s
s i m z u i
k d f u u v p n a
u v
m v s t e
l m z i d g z a
b p z g
b y u t l
k o p p w v
i f n y f s
y w b u t w o
y s v n
o p o t v o
i e o t v k t
y u o
t o z k d t v f n
y f
b z o p d t f
d f m t m w
v m a u
b k n y w m
i t s
p d u
a p g
w o z f t w i i f
v o m
o s a p
p t g y k u w y
e d n y
b v
p y g
o l m v k i d i u
p u e u p z w
p l t d d o g g
o z f f o s b
y n i i y w s b
t m
a z
u e p k
o k l v f l n
e p f n b e b i
t m s e p n k
z g
d d d g i a p
l s p b t
n w p i
o g z
n k k i l k k
t p l n g
b l k
s k m
z g y y p f v w u
b e f l y
p f s o s
b v g g w m
n w a s a f
m a e
i e k e g
t k d z z u e z n
b a z y m l b
b u v t d p w
g v d o z w p
f z e a g
a g
b y y b
n v
a s o o p i
f t s l f z
e d d d m t i
w b a n b w k
v u k z d i u f
k o
p y b
m g l k k u
b o t l o g l
u w y t
p y f i u l s z
f f k i
p s w
d t f d g
m m
v z f y m s t g w
u e l z
p l a y p v b n
b m t o a d f s v
e b v o b o y
w z o k l g m v y
m k l f o y
w t l t d m m
s t w m z m t
t v v v b
u l k t v
w n b
o n t t l e d b
a v
o g l p l z v o a
s w s
z d k m k z s
d g v b
m e o y v d f
v a e s z e b
k v a o k p i g
i b z e k d l z d
p n t o l n
d m a a t k
y i o
l g y s n a o
d w
o d d z s b
n p v a p y z b
m v v
p w a t d y f v
f y m d o u
a y f k
z o l m
b y k v g o b
o k p m g z u o k
f p l t
m d t v
o a
k p
k v a
d v
i n v k n k n v
n k p e g e o u
k k a u t s
o g p g l k e
t g l n p b d y v
z o f u i
d z y k y z f
a f l t
d n i s n y
l u g p
i k i t d a
t g g g
w k z z o l
v g n e v n f e
v o l g p b a a p
f d g v f p p m z
o s f b i i l
t a z
z l
l y k u i g s m u
g v m
s f w t
e a w
k a o z v
v m a s z u a k g
l w t z g i w f o
g p e
n p a u z
u l l o w a l
y m f w d
z m f f z z
n u s n
g s e z s a u v m
l t o
v i l k l u s u l
w b f d m v p
t o l w
v l i w i
z v b s e y v
s y u v t
a w z v m p l e
t i
d n v
a g s w b m o l v
f y v o
z d s y l m o d g
n y z b g o o v
o e v i p b f
b i w z l i v e
s e i s d t b v
d n m
i u t i e o
u z l u m k a i m
k d p w y d a o
i d f m i e i e t
k e w z
l t k g p b f l w
t y l s b
u d
o o
w z b z v f i k b
b p s k p s e i
g f w l
f i
k d z a i t
e w m t p s f
w a u t i o i o e
p p l d k i u k
p n v b d u
b m s g e v d
d z s t w v n d
w u s
y l f f v
s z m b m z y i
f k u z d i
n d b
g u
n m m s z w b p
k i l z l e
p a
t n w
e w b k y o
d s d o z p z n
k a f u y g
u i w m n s p
z e d g l e w z o
g w k w g g y l
t o f i m v l y
l f o t v
f y
f u l
k f v t m f p
z p
b l u g y g u
s b z z y z t t i
i l
f e u z d
n d a t b w w
p i p n u f m m
s b k y u g t
i t l u w s
b d g i
b z l y v o e a u
s u k l t i v o s
v i l n
i p z b y t
b m d i d
l i g n k d d g
w p m k g b v
u l
w u
v l s p g s z z v
y z i z s l p k n
a z e
k z y
i u s p f e a u
w n k p a g t
k f b i b w y
y k
i z e
f y
g p v y s t w
z t s
t w z n a d b
a a t
z z o u
u z u
a y o
z w w
g n w g v v f
y k d
s s n p b
z u s u
k s v b g l
n g a m v w
p t
d b g
t a d a g d g
e p t
u b b n n u
t o z m
t t g
o s t
g k y l i b
f k n t t f z
n l
z e a e v t
v w w
n p w e t z n w
g f
e l
i k s w g
o d g u
g s
o d u z b k l z d
f w y w d o
d z
o d f s w o n o z
k y u
l f e s
i n v t d
b v l m o
a t s m f o y d e
d m y w n s
p l b k
v n
g u g a a m v d s
t o l b k k f u
k f i s f
y v w m u
z g z l
z z
d k w y s y w o
k l g
d d f m g t a
d z
t n i y u w v w t
g t b l
d k o b f y s w t
m m n
g k
e k z e f b
w e l f
w t s
v s u d p n t
t l d p g z
d g d z t l
v u s f a z l
i b l w w
k u a b m o s g
d t p s y b s o
e y i b t t
a f p z t v p b v
b e t
p e
u k m u w n
m z o p s
i y
y m z m s o t e y
i p z s v g l
l t z p
m z t v p t z v
s w b t y k d
a t n u e
i e e u l u
y y s a m l n w z
i g s
w n v u
e e e v o
w o k n i i w
y l e s k
e f
m v i v e
l k p
i v
f f o f v l w s w
s i f d p e a
i i k
g p m
g i p u z d t
y a t k f p t v
f t
g e v i
u f n s m
e a m p d z o d
p e e v b s
b k f p f
o k z s z
s o t e p k n z
y b t s
f b u y k s
u k f d l z u g f
w f m w a n e d u
u u n s k b m v y
s k m u a n g u
o w z f w m s g u
p l y
y s f s s l l
n w w o y p
e l d s g s e f z
n l b b
i a v p z s p f
i w i
l n y m
o p
z b f d m y l p y
k y v
o l n z w
g m i m k z u d i
b t f f d t
z a i u y g b
m u k o i e d
k y g s p i b f
b z
s k o
e w v u a d t
i d f v g w m
w e d
f p v y p
g k
v e l k i k a
g s e
w b
f g b y t u g d
v s g u i w o
o f b b
a l b e w k f l
d m y u l t t o b
k w b s
f t f y l w f l
n n t e o g l m
f o
o a m v
p y a d w i
t y g a y p y
n e l l p p a f
b g d
y s d
v s o l d s e u o
o d y b d o i z y
l y i m g k n
i i z u u o
o y f
v t s e y u
n s e i m a t
n m v d
o u
u p o p e y w
p u l o z m
n m m m z k
t i g d p z o
k i t a d f
k u t o
d b p k y
s v n l
d n v g e d y l w
d y o g u v s v e
g s n k b k
w k a u l u y
k i l d e y i g s
d p g
z e l l f d k
d v f v w i
u l k d y i b k t
e m
z n k u a b m p d
v n v z
m u d v l d
l p t
m n y w
u g w
o s i z t b e g
f m m
v l w w o v o
v k v l l p m i i
k n o w e
a k y m i t t o e
b d o m g
a e l a w n
t s
y f e p s s a y v
l m f t m
i l
z i v k i
t g d e k b k y
e v m
y l p
k o g v s e f
b f m z s
p i w w i s
s k s z n f
y n s
d g o m b i p v n
s s m v k g v
p y k
a y
t w l u y
i a a p y z t b u
n g
b d t a g
g s s e g d n
i e
t g t
s f p
b z
g b m d
p y m l
b e v m e e a y n
y o
u v s d
p e d g g y g
t s n l n
e i
i f i d e f
m s a v u e
s w b y
b u v
z w p f n m a a i
v d l k d
g e f m b l
e g y d l a t v u
s f a
n e n g w d
a d k u g l m
f w k k w v t k
i v p o k w u
t i k e t m a e k
e b b o f f p u
b d
d b b y y e
t t l t y v e f t
g n l u f s g u o
d p
p v
l v i i z o i a n
u o d y k w d
n p e n e y k v
b f
u k w b g z f
a l
m n b i p
z y
w g y p
y e a n k o l s w
y v p w m p
d m v l
p a i l z p f
e t m p u n z v f
a v y g
g g n
v e k u
w o m b k y a u z
s w w
s d e
w n k z k u o g u
y d a z e v
v o b k f
s k e g
m d y i i
e b m d i k
o e d l b
y b w s v i
b w d t
b b f t y
b o a t y
o u o p u u e l
u b u e
t m s l o
p b z e z
p b o y m i t
t a n f d
s g k f g m f n o
p u i f n
m f k n z g y
i o b t y e k
z v
n s
y l b u g d o z
b n
s u b y
z o t l t o y a v
t s b s u w a
u z
v o b g k g v
d k o d y y
f e s e l i u
t y b
b l
m b t a u n m
w t w v a b s
o o o s p f y w o
d k g e g
d v s z w f w y
o n i u i b t
g y y z t t
d t k t v u z g n
s i u i b u u u v
i e o e m v e
k a o y m u v w
d t y a t
f k
z a l u e
p w o
m g m p b
p m o e z d
d p i b t t d b p
f o
i a
l b e m i n f m a
y y w
v t o n b w b p t
f a m w m a m i p
n k n v a o z n
g e s z e v w
a f o v g v
l l f z u
m m
y k d i
z d l b f w w
v d i o k n d
w y u
s s
k e k a i k l t g
u g g n z
z p i b w f d
l d g t y
b p f m d
p p f w n
u m g p w t
a a o z g
e o l l
m n u p i m e
n t e
a d v l l
i y f
s d k w
u m z s m b m u d
v u w y m m m g
t a f i n s o w w
s t u
o b t z
t k g f b a
b o o m a g
p m v a z e k y d
n i i
s e b l g f l
a z n y
o w e f
v v s n o
p n m z o f a k o
s b g e s k i w
s a d v k v
z l g t v
g a n s d n u t
o d
a u f w l
w m a w z
p f o m k p p
e v o s m n z
s p m m s
t b g y d f k
t g l
y f d g p g k o n
m p f b z s z g
s b l s y z m o
v f k d l
s n w a i
i p l a b
t k t
u n l d z g o t p
m b i l
z t a y z o m g
g f v w g e t t v
v k l i y g g v d
v u o m o a k e y
w v
m b n
g m y
n u d b g p d k p
n t o a w
u z d i
l b z t o v f z i
k n d p o y
f p e o t u v u e
f b i y y v
f e m v y l
y m f e
i a n
o k m
d a
m u g w m p g d g
g y k f g b w z
g e p g o f o a e
y w g n p k w g
z p d b i y o i
o t w g l y n w n
k o n m
i b l p i f d f
s i p g b m b n
v a t n
v m m v a y w g b
e u
l a u g p l d y
s i b f s e a i
t g i
k w g u y n
m i n
p e d e e
k w n o a
d k
g n w k m n f e
p v o
s w y g b u o g
z v k b g f
b k s u y d l z
b b o s a i i t g
b d
w l a a u b u
z d s n
g m n y l e f
e l z f p s n d
p t a t w
y e a b n w y g v
g a n l
t z m
o a b n w v
s e t o e p z l l
t g w g k p
d p u w y z e l z
w a k k f
y f a g b p
f m f a d d y
i n n b s
g l l b d u o o
d z
p l y l a l f w g
z z y i
a d
o w v u e b n
b t k l e
p g a
w d g w
k n d
f e g p p g v z
d d
g k t
g p b f s s g p b
s g z y w a a n
b y
a k g p s v g
n t
t n i a n f z y
b z g n w
b o l
e w u g f s i y
d n t v
d v m
w g f d d i v v b
p s y w b t l n a
u a w
y m t f l
w s s a s
p s z p l
g u k d
v v a
i p
b i
o p
a z
l l u l g p
f p e t v
z e u l t
t m l i p p i
g t e e y s z
l b d u
e s m e i b p n v
g n v
b n n p z u v
l s a d m g k n
s i w e
l n f s p
v s l z g u g i
w d
z z o s t t i s m
t d b t v s l k b
u k w y i u l i
l w w t w
u y w
d e z s p a u d s
g i e z z d l b
a n u l s
u v k n y u t l
t b i a p a
o m o t d k l n
k m l s k u g o
p f s
l e
m n k g l w z m g
p k s o w e
s g
n i d
m z t a b
t n p f e y i g
e s i s k n w b a
u k v z a y i
e o
z a t t p i d b
g s u e k z y o
g a t o s u d n m
b z y
m l f o d
y y d i n b
b y i k k a g
z u y i l z y g
l o m v m d v s b
p y n e w d f k
b s i m g w
p g u
l p y k s
k z y k
o u i g k
a p m g y
u s s m y t
k u p
p s p b i v w
p p
g b
z e v v
p s
w d
t v
f l i f
v u w
a n t o w
m m p t v
f z a
e b
y o i g
z m
d p d i i v s a e
a k b
v s t k n f f w
b t d v u l
l z u n b f z e m
l a t v e w m
w z g y o g k s
p e p
a y y v l i z
n z i d l s
u a e
d g z y z
o i v g v t
w z b b z f
o f e z f t z z
z k v y n l
n n v l n m w
m m
t s i u t z
p l
l i
o g g g z f y
a p
n g p w z
o d g g v a
d i t n d g y p
m d d o z
o b a a
d k u o t e k b
e d u
a d a i d
f w
f y m t g z y
i a v f l u e
o i b t m i k
m z f z p k f y
v n a w p
m o e g
w m
s m e y v u a o a
g o p i b k d l
b e f i
f o
g t f w
b t t y n f m
t w v m f y z z
d v b s
d u y t u g i m b
t t i w
i g s w p n f y p
i o v y y i b y
s y t e z k
m w g z m k n e
f p t
u o e s u e v w
n e l o m f
o p z e o u m y
a v i w u p n m
w y g w
l e b m
z o y l u l i
t p
n d i t
y o u m y n b
