n n t e w e e
n n a _ n n t e w e e
a t e w
n n a _ a t e w
r e n n t e w
n n a _ r e n n t e w
r e t e w
n n a _ r e t e w
b ɛ t e w
r e n n t e w
n n t e w
a n n t e w
t e w
t e w e e
m m a _ n n t e w
t e w
n n k ɔ t e w
a m m b ɛ t e w
a m m k ɔ t e w
t e w
m m b ɛ t e w e e
n n k ɔ t e w e e
n n a _ m m b ɛ t e w e e
n n a _ n n k ɔ t e w e e
a b ɛ t e w
a k ɔ t e w
n n a _ a b ɛ t e w
n n a _ a k ɔ t e w
r e m m b ɛ t e w
r e n n k ɔ t e w
n n a _ r e m m b ɛ t e w
n n a _ r e n n k ɔ t e w
r e b ɛ t e w
r e k ɔ t e w
n n a _ r e b ɛ t e w
n n a _ r e k ɔ t e w
k ɔ t e w
b ɛ t e w e e
k ɔ t e w e e
m m a _ n n t e w
n t e w
n n w o s o w e e
n n a _ n n w o s o w e e
a w o s o w
n n a _ a w o s o w
r e n n w o s o w
n n a _ r e n n w o s o w
r e w o s o w
n n a _ r e w o s o w
b ɛ w o s o w
r e n n w o s o w
n n w o s o w
a n n w o s o w
w o s o w
w o s o w e e
m m a _ n n w o s o w
w o s o w
n n k ɔ w o s o w
a m m b ɛ w o s o w
a m m k ɔ w o s o w
w o s o w
m m b ɛ w o s o w e e
n n k ɔ w o s o w e e
n n a _ m m b ɛ w o s o w e e
n n a _ n n k ɔ w o s o w e e
a b ɛ w o s o w
a k ɔ w o s o w
n n a _ a b ɛ w o s o w
n n a _ a k ɔ w o s o w
r e m m b ɛ w o s o w
r e n n k ɔ w o s o w
n n a _ r e m m b ɛ w o s o w
n n a _ r e n n k ɔ w o s o w
r e b ɛ w o s o w
r e k ɔ w o s o w
n n a _ r e b ɛ w o s o w
n n a _ r e k ɔ w o s o w
k ɔ w o s o w
b ɛ w o s o w e e
k ɔ w o s o w e e
m m a _ n n w o s o w
n w o s o w
n n k u e e
n n a _ n n k u e e
a k u
n n a _ a k u
r e n n k u
n n a _ r e n n k u
r e k u
n n a _ r e k u
b ɛ k u
r e n n k u
n n k u
a n n k u
k u
k u e e
m m a _ n n k u
k u
n n k ɔ k u
a m m b ɛ k u
a m m k ɔ k u
k u
m m b ɛ k u e e
n n k ɔ k u e e
n n a _ m m b ɛ k u e e
n n a _ n n k ɔ k u e e
a b ɛ k u
a k ɔ k u
n n a _ a b ɛ k u
n n a _ a k ɔ k u
r e m m b ɛ k u
r e n n k ɔ k u
n n a _ r e m m b ɛ k u
n n a _ r e n n k ɔ k u
r e b ɛ k u
r e k ɔ k u
n n a _ r e b ɛ k u
n n a _ r e k ɔ k u
k ɔ k u
b ɛ k u e e
k ɔ k u e e
m m a _ n n k u
n k u
n n s i w e e
n n a _ n n s i w e e
a s i w
n n a _ a s i w
r e n n s i w
n n a _ r e n n s i w
r e s i w
n n a _ r e s i w
b ɛ s i w
r e n n s i w
n n s i w
a n n s i w
s i w
s i w e e
m m a _ n n s i w
s i w
n n k ɔ s i w
a m m b ɛ s i w
a m m k ɔ s i w
s i w
m m b ɛ s i w e e
n n k ɔ s i w e e
n n a _ m m b ɛ s i w e e
n n a _ n n k ɔ s i w e e
a b ɛ s i w
a k ɔ s i w
n n a _ a b ɛ s i w
n n a _ a k ɔ s i w
r e m m b ɛ s i w
r e n n k ɔ s i w
n n a _ r e m m b ɛ s i w
n n a _ r e n n k ɔ s i w
r e b ɛ s i w
r e k ɔ s i w
n n a _ r e b ɛ s i w
n n a _ r e k ɔ s i w
k ɔ s i w
b ɛ s i w e e
k ɔ s i w e e
m m a _ n n s i w
n s i w
n n t ɔ n e e
n n a _ n n t ɔ n e e
a t ɔ n
n n a _ a t ɔ n
r e n n t ɔ n
n n a _ r e n n t ɔ n
r e t ɔ n
n n a _ r e t ɔ n
b ɛ t ɔ n
r e n n t ɔ n
n n t ɔ n
a n n t ɔ n
t ɔ n
t ɔ n e e
m m a _ n n t ɔ n
t ɔ n
n n k ɔ t ɔ n
a m m b ɛ t ɔ n
a m m k ɔ t ɔ n
t ɔ n
m m b ɛ t ɔ n e e
n n k ɔ t ɔ n e e
n n a _ m m b ɛ t ɔ n e e
n n a _ n n k ɔ t ɔ n e e
a b ɛ t ɔ n
a k ɔ t ɔ n
n n a _ a b ɛ t ɔ n
n n a _ a k ɔ t ɔ n
r e m m b ɛ t ɔ n
r e n n k ɔ t ɔ n
n n a _ r e m m b ɛ t ɔ n
n n a _ r e n n k ɔ t ɔ n
r e b ɛ t ɔ n
r e k ɔ t ɔ n
n n a _ r e b ɛ t ɔ n
n n a _ r e k ɔ t ɔ n
k ɔ t ɔ n
b ɛ t ɔ n e e
k ɔ t ɔ n e e
m m a _ n n t ɔ n
n t ɔ n
m m b ɔ e e
n n a _ m m b ɔ e e
a b ɔ
n n a _ a b ɔ
r e m m b ɔ
n n a _ r e m m b ɔ
r e b ɔ
n n a _ r e b ɔ
b ɛ b ɔ
r e m m b ɔ
m m b ɔ
a m m b ɔ
b ɔ
b ɔ e e
m m a _ m m b ɔ
b ɔ
n n k ɔ b ɔ
a m m b ɛ b ɔ
a m m k ɔ b ɔ
b ɔ
m m b ɛ b ɔ e e
n n k ɔ b ɔ e e
n n a _ m m b ɛ b ɔ e e
n n a _ n n k ɔ b ɔ e e
a b ɛ b ɔ
a k ɔ b ɔ
n n a _ a b ɛ b ɔ
n n a _ a k ɔ b ɔ
r e m m b ɛ b ɔ
r e n n k ɔ b ɔ
n n a _ r e m m b ɛ b ɔ
n n a _ r e n n k ɔ b ɔ
r e b ɛ b ɔ
r e k ɔ b ɔ
n n a _ r e b ɛ b ɔ
n n a _ r e k ɔ b ɔ
k ɔ b ɔ
b ɛ b ɔ e e
k ɔ b ɔ e e
m m a _ m m b ɔ
m b ɔ
m m b ɔ _ m p a e e
n n a _ m m b ɔ _ m p a e e
a b ɔ _ m p a e
n n a _ a b ɔ _ m p a e
r e m m b ɔ _ m p a e
n n a _ r e m m b ɔ _ m p a e
r e b ɔ _ m p a e
n n a _ r e b ɔ _ m p a e
b ɛ b ɔ _ m p a e
r e m m b ɔ _ m p a e
m m b ɔ _ m p a e
a m m b ɔ _ m p a e
b ɔ _ m p a e
b ɔ _ m p a e e
m m a _ m m b ɔ _ m p a e
b ɔ _ m p a e
n n k ɔ b ɔ _ m p a e
a m m b ɛ b ɔ _ m p a e
a m m k ɔ b ɔ _ m p a e
b ɔ _ m p a e
m m b ɛ b ɔ _ m p a e e
n n k ɔ b ɔ _ m p a e e
n n a _ m m b ɛ b ɔ _ m p a e e
n n a _ n n k ɔ b ɔ _ m p a e e
a b ɛ b ɔ _ m p a e
a k ɔ b ɔ _ m p a e
n n a _ a b ɛ b ɔ _ m p a e
n n a _ a k ɔ b ɔ _ m p a e
r e m m b ɛ b ɔ _ m p a e
r e n n k ɔ b ɔ _ m p a e
n n a _ r e m m b ɛ b ɔ _ m p a e
n n a _ r e n n k ɔ b ɔ _ m p a e
r e b ɛ b ɔ _ m p a e
r e k ɔ b ɔ _ m p a e
n n a _ r e b ɛ b ɔ _ m p a e
n n a _ r e k ɔ b ɔ _ m p a e
k ɔ b ɔ _ m p a e
b ɛ b ɔ _ m p a e e
k ɔ b ɔ _ m p a e e
m m a _ m m b ɔ _ m p a e
m b ɔ _ m p a e
n n s a n e e
n n a _ n n s a n e e
a s a n
n n a _ a s a n
r e n n s a n
n n a _ r e n n s a n
r e s a n
n n a _ r e s a n
b ɛ s a n
r e n n s a n
n n s a n
a n n s a n
s a n
s a n e e
m m a _ n n s a n
s a n
n n k ɔ s a n
a m m b ɛ s a n
a m m k ɔ s a n
s a n
m m b ɛ s a n e e
n n k ɔ s a n e e
n n a _ m m b ɛ s a n e e
n n a _ n n k ɔ s a n e e
a b ɛ s a n
a k ɔ s a n
n n a _ a b ɛ s a n
n n a _ a k ɔ s a n
r e m m b ɛ s a n
r e n n k ɔ s a n
n n a _ r e m m b ɛ s a n
n n a _ r e n n k ɔ s a n
r e b ɛ s a n
r e k ɔ s a n
n n a _ r e b ɛ s a n
n n a _ r e k ɔ s a n
k ɔ s a n
b ɛ s a n e e
k ɔ s a n e e
m m a _ n n s a n
n s a n
n n h o h o r o e e
n n a _ n n h o h o r o e e
a h o h o r o
n n a _ a h o h o r o
r e n n h o h o r o
n n a _ r e n n h o h o r o
r e h o h o r o
n n a _ r e h o h o r o
b ɛ h o h o r o
r e n n h o h o r o
n n h o h o r o
a n n h o h o r o
h o h o r o
h o h o r o e e
m m a _ n n h o h o r o
h o h o r o
n n k ɔ h o h o r o
a m m b ɛ h o h o r o
a m m k ɔ h o h o r o
h o h o r o
m m b ɛ h o h o r o e e
n n k ɔ h o h o r o e e
n n a _ m m b ɛ h o h o r o e e
n n a _ n n k ɔ h o h o r o e e
a b ɛ h o h o r o
a k ɔ h o h o r o
n n a _ a b ɛ h o h o r o
n n a _ a k ɔ h o h o r o
r e m m b ɛ h o h o r o
r e n n k ɔ h o h o r o
n n a _ r e m m b ɛ h o h o r o
n n a _ r e n n k ɔ h o h o r o
r e b ɛ h o h o r o
r e k ɔ h o h o r o
n n a _ r e b ɛ h o h o r o
n n a _ r e k ɔ h o h o r o
k ɔ h o h o r o
b ɛ h o h o r o e e
k ɔ h o h o r o e e
m m a _ n n h o h o r o
n h o h o r o
m m p ɛ e e
n n a _ m m p ɛ e e
a p ɛ
n n a _ a p ɛ
r e m m p ɛ
n n a _ r e m m p ɛ
r e p ɛ
n n a _ r e p ɛ
b ɛ p ɛ
r e m m p ɛ
m m p ɛ
a m m p ɛ
p ɛ
p ɛ e e
m m a _ m m p ɛ
p ɛ
n n k ɔ p ɛ
a m m b ɛ p ɛ
a m m k ɔ p ɛ
p ɛ
m m b ɛ p ɛ e e
n n k ɔ p ɛ e e
n n a _ m m b ɛ p ɛ e e
n n a _ n n k ɔ p ɛ e e
a b ɛ p ɛ
a k ɔ p ɛ
n n a _ a b ɛ p ɛ
n n a _ a k ɔ p ɛ
r e m m b ɛ p ɛ
r e n n k ɔ p ɛ
n n a _ r e m m b ɛ p ɛ
n n a _ r e n n k ɔ p ɛ
r e b ɛ p ɛ
r e k ɔ p ɛ
n n a _ r e b ɛ p ɛ
n n a _ r e k ɔ p ɛ
k ɔ p ɛ
b ɛ p ɛ e e
k ɔ p ɛ e e
m m a _ m m p ɛ
m p ɛ
m m m a e e
n n a _ m m m a e e
a m a
n n a _ a m a
r e m m m a
n n a _ r e m m m a
r e m a
n n a _ r e m a
b ɛ m a
r e m m m a
m m m a
a m m m a
m a
m a e e
m m a _ m m m a
m a
n n k ɔ m a
a m m b ɛ m a
a m m k ɔ m a
m a
m m b ɛ m a e e
n n k ɔ m a e e
n n a _ m m b ɛ m a e e
n n a _ n n k ɔ m a e e
a b ɛ m a
a k ɔ m a
n n a _ a b ɛ m a
n n a _ a k ɔ m a
r e m m b ɛ m a
r e n n k ɔ m a
n n a _ r e m m b ɛ m a
n n a _ r e n n k ɔ m a
r e b ɛ m a
r e k ɔ m a
n n a _ r e b ɛ m a
n n a _ r e k ɔ m a
k ɔ m a
b ɛ m a e e
k ɔ m a e e
m m a _ m m m a
m m a
n n t w e r ɛ w e e
n n a _ n n t w e r ɛ w e e
a t w e r ɛ w
n n a _ a t w e r ɛ w
r e n n t w e r ɛ w
n n a _ r e n n t w e r ɛ w
r e t w e r ɛ w
n n a _ r e t w e r ɛ w
b ɛ t w e r ɛ w
r e n n t w e r ɛ w
n n t w e r ɛ w
a n n t w e r ɛ w
t w e r ɛ w
t w e r ɛ w e e
m m a _ n n t w e r ɛ w
t w e r ɛ w
n n k ɔ t w e r ɛ w
a m m b ɛ t w e r ɛ w
a m m k ɔ t w e r ɛ w
t w e r ɛ w
m m b ɛ t w e r ɛ w e e
n n k ɔ t w e r ɛ w e e
n n a _ m m b ɛ t w e r ɛ w e e
n n a _ n n k ɔ t w e r ɛ w e e
a b ɛ t w e r ɛ w
a k ɔ t w e r ɛ w
n n a _ a b ɛ t w e r ɛ w
n n a _ a k ɔ t w e r ɛ w
r e m m b ɛ t w e r ɛ w
r e n n k ɔ t w e r ɛ w
n n a _ r e m m b ɛ t w e r ɛ w
n n a _ r e n n k ɔ t w e r ɛ w
r e b ɛ t w e r ɛ w
r e k ɔ t w e r ɛ w
n n a _ r e b ɛ t w e r ɛ w
n n a _ r e k ɔ t w e r ɛ w
k ɔ t w e r ɛ w
b ɛ t w e r ɛ w e e
k ɔ t w e r ɛ w e e
m m a _ n n t w e r ɛ w
n t w e r ɛ w
n n h u a n e e
n n a _ n n h u a n e e
a h u a n e
n n a _ a h u a n e
r e n n h u a n e
n n a _ r e n n h u a n e
r e h u a n e
n n a _ r e h u a n e
b ɛ h u a n e
r e n n h u a n e
n n h u a n e
a n n h u a n e
h u a n e
h u a n e e
m m a _ n n h u a n e
h u a n e
n n k ɔ h u a n e
a m m b ɛ h u a n e
a m m k ɔ h u a n e
h u a n e
m m b ɛ h u a n e e
n n k ɔ h u a n e e
n n a _ m m b ɛ h u a n e e
n n a _ n n k ɔ h u a n e e
a b ɛ h u a n e
a k ɔ h u a n e
n n a _ a b ɛ h u a n e
n n a _ a k ɔ h u a n e
r e m m b ɛ h u a n e
r e n n k ɔ h u a n e
n n a _ r e m m b ɛ h u a n e
n n a _ r e n n k ɔ h u a n e
r e b ɛ h u a n e
r e k ɔ h u a n e
n n a _ r e b ɛ h u a n e
n n a _ r e k ɔ h u a n e
k ɔ h u a n e
b ɛ h u a n e e
k ɔ h u a n e e
m m a _ n n h u a n e
n h u a n e
n n t u t u e e
n n a _ n n t u t u e e
a t u t u
n n a _ a t u t u
r e n n t u t u
n n a _ r e n n t u t u
r e t u t u
n n a _ r e t u t u
b ɛ t u t u
r e n n t u t u
n n t u t u
a n n t u t u
t u t u
t u t u e e
m m a _ n n t u t u
t u t u
n n k ɔ t u t u
a m m b ɛ t u t u
a m m k ɔ t u t u
t u t u
m m b ɛ t u t u e e
n n k ɔ t u t u e e
n n a _ m m b ɛ t u t u e e
n n a _ n n k ɔ t u t u e e
a b ɛ t u t u
a k ɔ t u t u
n n a _ a b ɛ t u t u
n n a _ a k ɔ t u t u
r e m m b ɛ t u t u
r e n n k ɔ t u t u
n n a _ r e m m b ɛ t u t u
n n a _ r e n n k ɔ t u t u
r e b ɛ t u t u
r e k ɔ t u t u
n n a _ r e b ɛ t u t u
n n a _ r e k ɔ t u t u
k ɔ t u t u
b ɛ t u t u e e
k ɔ t u t u e e
m m a _ n n t u t u
n t u t u
n n t w a e e
n n a _ n n t w a e e
a t w a
n n a _ a t w a
r e n n t w a
n n a _ r e n n t w a
r e t w a
n n a _ r e t w a
b ɛ t w a
r e n n t w a
n n t w a
a n n t w a
t w a
t w a e e
m m a _ n n t w a
t w a
n n k ɔ t w a
a m m b ɛ t w a
a m m k ɔ t w a
t w a
m m b ɛ t w a e e
n n k ɔ t w a e e
n n a _ m m b ɛ t w a e e
n n a _ n n k ɔ t w a e e
a b ɛ t w a
a k ɔ t w a
n n a _ a b ɛ t w a
n n a _ a k ɔ t w a
r e m m b ɛ t w a
r e n n k ɔ t w a
n n a _ r e m m b ɛ t w a
n n a _ r e n n k ɔ t w a
r e b ɛ t w a
r e k ɔ t w a
n n a _ r e b ɛ t w a
n n a _ r e k ɔ t w a
k ɔ t w a
b ɛ t w a e e
k ɔ t w a e e
m m a _ n n t w a
n t w a
n n t u _ n g u a n e e
n n a _ n n t u _ n g u a n e e
a t u _ n g u a n
n n a _ a t u _ n g u a n
r e n n t u _ n g u a n
n n a _ r e n n t u _ n g u a n
r e t u _ n g u a n
n n a _ r e t u _ n g u a n
b ɛ t u _ n g u a n
r e n n t u _ n g u a n
n n t u _ n g u a n
a n n t u _ n g u a n
t u _ n g u a n
t u _ n g u a n e e
m m a _ n n t u _ n g u a n
t u _ n g u a n
n n k ɔ t u _ n g u a n
a m m b ɛ t u _ n g u a n
a m m k ɔ t u _ n g u a n
t u _ n g u a n
m m b ɛ t u _ n g u a n e e
n n k ɔ t u _ n g u a n e e
n n a _ m m b ɛ t u _ n g u a n e e
n n a _ n n k ɔ t u _ n g u a n e e
a b ɛ t u _ n g u a n
a k ɔ t u _ n g u a n
n n a _ a b ɛ t u _ n g u a n
n n a _ a k ɔ t u _ n g u a n
r e m m b ɛ t u _ n g u a n
r e n n k ɔ t u _ n g u a n
n n a _ r e m m b ɛ t u _ n g u a n
n n a _ r e n n k ɔ t u _ n g u a n
r e b ɛ t u _ n g u a n
r e k ɔ t u _ n g u a n
n n a _ r e b ɛ t u _ n g u a n
n n a _ r e k ɔ t u _ n g u a n
k ɔ t u _ n g u a n
b ɛ t u _ n g u a n e e
k ɔ t u _ n g u a n e e
m m a _ n n t u _ n g u a n
n t u _ n g u a n
n n w e e
n n a _ n n w e e
a w e
n n a _ a w e
r e n n w e
n n a _ r e n n w e
r e w e
n n a _ r e w e
b ɛ w e
r e n n w e
n n w e
a n n w e
w e
w e e
m m a _ n n w e
w e
n n k ɔ w e
a m m b ɛ w e
a m m k ɔ w e
w e
m m b ɛ w e e
n n k ɔ w e e
n n a _ m m b ɛ w e e
n n a _ n n k ɔ w e e
a b ɛ w e
a k ɔ w e
n n a _ a b ɛ w e
n n a _ a k ɔ w e
r e m m b ɛ w e
r e n n k ɔ w e
n n a _ r e m m b ɛ w e
n n a _ r e n n k ɔ w e
r e b ɛ w e
r e k ɔ w e
n n a _ r e b ɛ w e
n n a _ r e k ɔ w e
k ɔ w e
b ɛ w e e
k ɔ w e e
m m a _ n n w e
n w e
n n t ɔ _ n k o e e
n n a _ n n t ɔ _ n k o e e
a t ɔ _ n k o
n n a _ a t ɔ _ n k o
r e n n t ɔ _ n k o
n n a _ r e n n t ɔ _ n k o
r e t ɔ _ n k o
n n a _ r e t ɔ _ n k o
b ɛ t ɔ _ n k o
r e n n t ɔ _ n k o
n n t ɔ _ n k o
a n n t ɔ _ n k o
t ɔ _ n k o
t ɔ _ n k o e e
m m a _ n n t ɔ _ n k o
t ɔ _ n k o
n n k ɔ t ɔ _ n k o
a m m b ɛ t ɔ _ n k o
a m m k ɔ t ɔ _ n k o
t ɔ _ n k o
m m b ɛ t ɔ _ n k o e e
n n k ɔ t ɔ _ n k o e e
n n a _ m m b ɛ t ɔ _ n k o e e
n n a _ n n k ɔ t ɔ _ n k o e e
a b ɛ t ɔ _ n k o
a k ɔ t ɔ _ n k o
n n a _ a b ɛ t ɔ _ n k o
n n a _ a k ɔ t ɔ _ n k o
r e m m b ɛ t ɔ _ n k o
r e n n k ɔ t ɔ _ n k o
n n a _ r e m m b ɛ t ɔ _ n k o
n n a _ r e n n k ɔ t ɔ _ n k o
r e b ɛ t ɔ _ n k o
r e k ɔ t ɔ _ n k o
n n a _ r e b ɛ t ɔ _ n k o
n n a _ r e k ɔ t ɔ _ n k o
k ɔ t ɔ _ n k o
b ɛ t ɔ _ n k o e e
k ɔ t ɔ _ n k o e e
m m a _ n n t ɔ _ n k o
n t ɔ _ n k o
m m b u e e
n n a _ m m b u e e
a b u e
n n a _ a b u e
r e m m b u e
n n a _ r e m m b u e
r e b u e
n n a _ r e b u e
b ɛ b u e
r e m m b u e
m m b u e
a m m b u e
b u e
b u e e
m m a _ m m b u e
b u e
n n k ɔ b u e
a m m b ɛ b u e
a m m k ɔ b u e
b u e
m m b ɛ b u e e
n n k ɔ b u e e
n n a _ m m b ɛ b u e e
n n a _ n n k ɔ b u e e
a b ɛ b u e
a k ɔ b u e
n n a _ a b ɛ b u e
n n a _ a k ɔ b u e
r e m m b ɛ b u e
r e n n k ɔ b u e
n n a _ r e m m b ɛ b u e
n n a _ r e n n k ɔ b u e
r e b ɛ b u e
r e k ɔ b u e
n n a _ r e b ɛ b u e
n n a _ r e k ɔ b u e
k ɔ b u e
b ɛ b u e e
k ɔ b u e e
m m a _ m m b u e
m b u e
m m f o w e e
n n a _ m m f o w e e
a f o w
n n a _ a f o w
r e m m f o w
n n a _ r e m m f o w
r e f o w
n n a _ r e f o w
b ɛ f o w
r e m m f o w
m m f o w
a m m f o w
f o w
f o w e e
m m a _ m m f o w
f o w
n n k ɔ f o w
a m m b ɛ f o w
a m m k ɔ f o w
f o w
m m b ɛ f o w e e
n n k ɔ f o w e e
n n a _ m m b ɛ f o w e e
n n a _ n n k ɔ f o w e e
a b ɛ f o w
a k ɔ f o w
n n a _ a b ɛ f o w
n n a _ a k ɔ f o w
r e m m b ɛ f o w
r e n n k ɔ f o w
n n a _ r e m m b ɛ f o w
n n a _ r e n n k ɔ f o w
r e b ɛ f o w
r e k ɔ f o w
n n a _ r e b ɛ f o w
n n a _ r e k ɔ f o w
k ɔ f o w
b ɛ f o w e e
k ɔ f o w e e
m m a _ m m f o w
m f o w
n n k ɔ e e
n n a _ n n k ɔ e e
a k ɔ
n n a _ a k ɔ
r e n n k ɔ
n n a _ r e n n k ɔ
r e k ɔ
n n a _ r e k ɔ
b ɛ k ɔ
r e n n k ɔ
n n k ɔ
a n n k ɔ
k ɔ
k ɔ e e
m m a _ n n k ɔ
k ɔ
n n k ɔ k ɔ
a m m b ɛ k ɔ
a m m k ɔ k ɔ
k ɔ
m m b ɛ k ɔ e e
n n k ɔ k ɔ e e
n n a _ m m b ɛ k ɔ e e
n n a _ n n k ɔ k ɔ e e
a b ɛ k ɔ
a k ɔ k ɔ
n n a _ a b ɛ k ɔ
n n a _ a k ɔ k ɔ
r e m m b ɛ k ɔ
r e n n k ɔ k ɔ
n n a _ r e m m b ɛ k ɔ
n n a _ r e n n k ɔ k ɔ
r e b ɛ k ɔ
r e k ɔ k ɔ
n n a _ r e b ɛ k ɔ
n n a _ r e k ɔ k ɔ
k ɔ k ɔ
b ɛ k ɔ e e
k ɔ k ɔ e e
m m a _ n n k ɔ
n k ɔ
n n y e w e e
n n a _ n n y e w e e
a y e w
n n a _ a y e w
r e n n y e w
n n a _ r e n n y e w
r e y e w
n n a _ r e y e w
b ɛ y e w
r e n n y e w
n n y e w
a n n y e w
y e w
y e w e e
m m a _ n n y e w
y e w
n n k ɔ y e w
a m m b ɛ y e w
a m m k ɔ y e w
y e w
m m b ɛ y e w e e
n n k ɔ y e w e e
n n a _ m m b ɛ y e w e e
n n a _ n n k ɔ y e w e e
a b ɛ y e w
a k ɔ y e w
n n a _ a b ɛ y e w
n n a _ a k ɔ y e w
r e m m b ɛ y e w
r e n n k ɔ y e w
n n a _ r e m m b ɛ y e w
n n a _ r e n n k ɔ y e w
r e b ɛ y e w
r e k ɔ y e w
n n a _ r e b ɛ y e w
n n a _ r e k ɔ y e w
k ɔ y e w
b ɛ y e w e e
k ɔ y e w e e
m m a _ n n y e w
n y e w
n n n o m e e
n n a _ n n n o m e e
a n o m
n n a _ a n o m
r e n n n o m
n n a _ r e n n n o m
r e n o m
n n a _ r e n o m
b ɛ n o m
r e n n n o m
n n n o m
a n n n o m
n o m
n o m e e
m m a _ n n n o m
n o m
n n k ɔ n o m
a m m b ɛ n o m
a m m k ɔ n o m
n o m
m m b ɛ n o m e e
n n k ɔ n o m e e
n n a _ m m b ɛ n o m e e
n n a _ n n k ɔ n o m e e
a b ɛ n o m
a k ɔ n o m
n n a _ a b ɛ n o m
n n a _ a k ɔ n o m
r e m m b ɛ n o m
r e n n k ɔ n o m
n n a _ r e m m b ɛ n o m
n n a _ r e n n k ɔ n o m
r e b ɛ n o m
r e k ɔ n o m
n n a _ r e b ɛ n o m
n n a _ r e k ɔ n o m
k ɔ n o m
b ɛ n o m e e
k ɔ n o m e e
m m a _ n n n o m
n n o m
n n d u m e e
n n a _ n n d u m e e
a d u m
n n a _ a d u m
r e n n d u m
n n a _ r e n n d u m
r e d u m
n n a _ r e d u m
b ɛ d u m
r e n n d u m
n n d u m
a n n d u m
d u m
d u m e e
m m a _ n n d u m
d u m
n n k ɔ d u m
a m m b ɛ d u m
a m m k ɔ d u m
d u m
m m b ɛ d u m e e
n n k ɔ d u m e e
n n a _ m m b ɛ d u m e e
n n a _ n n k ɔ d u m e e
a b ɛ d u m
a k ɔ d u m
n n a _ a b ɛ d u m
n n a _ a k ɔ d u m
r e m m b ɛ d u m
r e n n k ɔ d u m
n n a _ r e m m b ɛ d u m
n n a _ r e n n k ɔ d u m
r e b ɛ d u m
r e k ɔ d u m
n n a _ r e b ɛ d u m
n n a _ r e k ɔ d u m
k ɔ d u m
b ɛ d u m e e
k ɔ d u m e e
m m a _ n n d u m
n d u m
m m p i a e e
n n a _ m m p i a e e
a p i a
n n a _ a p i a
r e m m p i a
n n a _ r e m m p i a
r e p i a
n n a _ r e p i a
b ɛ p i a
r e m m p i a
m m p i a
a m m p i a
p i a
p i a e e
m m a _ m m p i a
p i a
n n k ɔ p i a
a m m b ɛ p i a
a m m k ɔ p i a
p i a
m m b ɛ p i a e e
n n k ɔ p i a e e
n n a _ m m b ɛ p i a e e
n n a _ n n k ɔ p i a e e
a b ɛ p i a
a k ɔ p i a
n n a _ a b ɛ p i a
n n a _ a k ɔ p i a
r e m m b ɛ p i a
r e n n k ɔ p i a
n n a _ r e m m b ɛ p i a
n n a _ r e n n k ɔ p i a
r e b ɛ p i a
r e k ɔ p i a
n n a _ r e b ɛ p i a
n n a _ r e k ɔ p i a
k ɔ p i a
b ɛ p i a e e
k ɔ p i a e e
m m a _ m m p i a
m p i a
m m b o a e e
n n a _ m m b o a e e
a b o a
n n a _ a b o a
r e m m b o a
n n a _ r e m m b o a
r e b o a
n n a _ r e b o a
b ɛ b o a
r e m m b o a
m m b o a
a m m b o a
b o a
b o a e e
m m a _ m m b o a
b o a
n n k ɔ b o a
a m m b ɛ b o a
a m m k ɔ b o a
b o a
m m b ɛ b o a e e
n n k ɔ b o a e e
n n a _ m m b ɛ b o a e e
n n a _ n n k ɔ b o a e e
a b ɛ b o a
a k ɔ b o a
n n a _ a b ɛ b o a
n n a _ a k ɔ b o a
r e m m b ɛ b o a
r e n n k ɔ b o a
n n a _ r e m m b ɛ b o a
n n a _ r e n n k ɔ b o a
r e b ɛ b o a
r e k ɔ b o a
n n a _ r e b ɛ b o a
n n a _ r e k ɔ b o a
k ɔ b o a
b ɛ b o a e e
k ɔ b o a e e
m m a _ m m b o a
m b o a
n n d a _ a s e e
n n a _ n n d a _ a s e e
a d a _ a s e
n n a _ a d a _ a s e
r e n n d a _ a s e
n n a _ r e n n d a _ a s e
r e d a _ a s e
n n a _ r e d a _ a s e
b ɛ d a _ a s e
r e n n d a _ a s e
n n d a _ a s e
a n n d a _ a s e
d a _ a s e
d a _ a s e e
m m a _ n n d a _ a s e
d a _ a s e
n n k ɔ d a _ a s e
a m m b ɛ d a _ a s e
a m m k ɔ d a _ a s e
d a _ a s e
m m b ɛ d a _ a s e e
n n k ɔ d a _ a s e e
n n a _ m m b ɛ d a _ a s e e
n n a _ n n k ɔ d a _ a s e e
a b ɛ d a _ a s e
a k ɔ d a _ a s e
n n a _ a b ɛ d a _ a s e
n n a _ a k ɔ d a _ a s e
r e m m b ɛ d a _ a s e
r e n n k ɔ d a _ a s e
n n a _ r e m m b ɛ d a _ a s e
n n a _ r e n n k ɔ d a _ a s e
r e b ɛ d a _ a s e
r e k ɔ d a _ a s e
n n a _ r e b ɛ d a _ a s e
n n a _ r e k ɔ d a _ a s e
k ɔ d a _ a s e
b ɛ d a _ a s e e
k ɔ d a _ a s e e
m m a _ n n d a _ a s e
n d a _ a s e
n n t e n a e e
n n a _ n n t e n a e e
a t e n a
n n a _ a t e n a
r e n n t e n a
n n a _ r e n n t e n a
r e t e n a
n n a _ r e t e n a
b ɛ t e n a
r e n n t e n a
n n t e n a
a n n t e n a
t e n a
t e n a e e
m m a _ n n t e n a
t e n a
n n k ɔ t e n a
a m m b ɛ t e n a
a m m k ɔ t e n a
t e n a
m m b ɛ t e n a e e
n n k ɔ t e n a e e
n n a _ m m b ɛ t e n a e e
n n a _ n n k ɔ t e n a e e
a b ɛ t e n a
a k ɔ t e n a
n n a _ a b ɛ t e n a
n n a _ a k ɔ t e n a
r e m m b ɛ t e n a
r e n n k ɔ t e n a
n n a _ r e m m b ɛ t e n a
n n a _ r e n n k ɔ t e n a
r e b ɛ t e n a
r e k ɔ t e n a
n n a _ r e b ɛ t e n a
n n a _ r e k ɔ t e n a
k ɔ t e n a
b ɛ t e n a e e
k ɔ t e n a e e
m m a _ n n t e n a
n t e n a
n n k y i a e e
n n a _ n n k y i a e e
a k y i a
n n a _ a k y i a
r e n n k y i a
n n a _ r e n n k y i a
r e k y i a
n n a _ r e k y i a
b ɛ k y i a
r e n n k y i a
n n k y i a
a n n k y i a
k y i a
k y i a e e
m m a _ n n k y i a
k y i a
n n k ɔ k y i a
a m m b ɛ k y i a
a m m k ɔ k y i a
k y i a
m m b ɛ k y i a e e
n n k ɔ k y i a e e
n n a _ m m b ɛ k y i a e e
n n a _ n n k ɔ k y i a e e
a b ɛ k y i a
a k ɔ k y i a
n n a _ a b ɛ k y i a
n n a _ a k ɔ k y i a
r e m m b ɛ k y i a
r e n n k ɔ k y i a
n n a _ r e m m b ɛ k y i a
n n a _ r e n n k ɔ k y i a
r e b ɛ k y i a
r e k ɔ k y i a
n n a _ r e b ɛ k y i a
n n a _ r e k ɔ k y i a
k ɔ k y i a
b ɛ k y i a e e
k ɔ k y i a e e
m m a _ n n k y i a
n k y i a
n n t a r e e
n n a _ n n t a r e e
a t a r e
n n a _ a t a r e
r e n n t a r e
n n a _ r e n n t a r e
r e t a r e
n n a _ r e t a r e
b ɛ t a r e
r e n n t a r e
n n t a r e
a n n t a r e
t a r e
t a r e e
m m a _ n n t a r e
t a r e
n n k ɔ t a r e
a m m b ɛ t a r e
a m m k ɔ t a r e
t a r e
m m b ɛ t a r e e
n n k ɔ t a r e e
n n a _ m m b ɛ t a r e e
n n a _ n n k ɔ t a r e e
a b ɛ t a r e
a k ɔ t a r e
n n a _ a b ɛ t a r e
n n a _ a k ɔ t a r e
r e m m b ɛ t a r e
r e n n k ɔ t a r e
n n a _ r e m m b ɛ t a r e
n n a _ r e n n k ɔ t a r e
r e b ɛ t a r e
r e k ɔ t a r e
n n a _ r e b ɛ t a r e
n n a _ r e k ɔ t a r e
k ɔ t a r e
b ɛ t a r e e
k ɔ t a r e e
m m a _ n n t a r e
n t a r e
m m f a e e
n n a _ m m f a e e
a f a
n n a _ a f a
r e m m f a
n n a _ r e m m f a
r e f a
n n a _ r e f a
b ɛ f a
r e m m f a
m m f a
a m m f a
f a
f a e e
m m a _ m m f a
f a
n n k ɔ f a
a m m b ɛ f a
a m m k ɔ f a
f a
m m b ɛ f a e e
n n k ɔ f a e e
n n a _ m m b ɛ f a e e
n n a _ n n k ɔ f a e e
a b ɛ f a
a k ɔ f a
n n a _ a b ɛ f a
n n a _ a k ɔ f a
r e m m b ɛ f a
r e n n k ɔ f a
n n a _ r e m m b ɛ f a
n n a _ r e n n k ɔ f a
r e b ɛ f a
r e k ɔ f a
n n a _ r e b ɛ f a
n n a _ r e k ɔ f a
k ɔ f a
b ɛ f a e e
k ɔ f a e e
m m a _ m m f a
m f a
n n t o w _ . . _ m u e e
n n a _ n n t o w _ . . _ m u e e
a t o w _ . . _ m u
n n a _ a t o w _ . . _ m u
r e n n t o w _ . . _ m u
n n a _ r e n n t o w _ . . _ m u
r e t o w _ . . _ m u
n n a _ r e t o w _ . . _ m u
b ɛ t o w _ . . _ m u
r e n n t o w _ . . _ m u
n n t o w _ . . _ m u
a n n t o w _ . . _ m u
t o w _ . . _ m u
t o w _ . . _ m u e e
m m a _ n n t o w _ . . _ m u
t o w _ . . _ m u
n n k ɔ t o w _ . . _ m u
a m m b ɛ t o w _ . . _ m u
a m m k ɔ t o w _ . . _ m u
t o w _ . . _ m u
m m b ɛ t o w _ . . _ m u e e
n n k ɔ t o w _ . . _ m u e e
n n a _ m m b ɛ t o w _ . . _ m u e e
n n a _ n n k ɔ t o w _ . . _ m u e e
a b ɛ t o w _ . . _ m u
a k ɔ t o w _ . . _ m u
n n a _ a b ɛ t o w _ . . _ m u
n n a _ a k ɔ t o w _ . . _ m u
r e m m b ɛ t o w _ . . _ m u
r e n n k ɔ t o w _ . . _ m u
n n a _ r e m m b ɛ t o w _ . . _ m u
n n a _ r e n n k ɔ t o w _ . . _ m u
r e b ɛ t o w _ . . _ m u
r e k ɔ t o w _ . . _ m u
n n a _ r e b ɛ t o w _ . . _ m u
n n a _ r e k ɔ t o w _ . . _ m u
k ɔ t o w _ . . _ m u
b ɛ t o w _ . . _ m u e e
k ɔ t o w _ . . _ m u e e
m m a _ n n t o w _ . . _ m u
n t o w _ . . _ m u
n n k a e e
n n a _ n n k a e e
a k a
n n a _ a k a
r e n n k a
n n a _ r e n n k a
r e k a
n n a _ r e k a
b ɛ k a
r e n n k a
n n k a
a n n k a
k a
k a e e
m m a _ n n k a
k a
n n k ɔ k a
a m m b ɛ k a
a m m k ɔ k a
k a
m m b ɛ k a e e
n n k ɔ k a e e
n n a _ m m b ɛ k a e e
n n a _ n n k ɔ k a e e
a b ɛ k a
a k ɔ k a
n n a _ a b ɛ k a
n n a _ a k ɔ k a
r e m m b ɛ k a
r e n n k ɔ k a
n n a _ r e m m b ɛ k a
n n a _ r e n n k ɔ k a
r e b ɛ k a
r e k ɔ k a
n n a _ r e b ɛ k a
n n a _ r e k ɔ k a
k ɔ k a
b ɛ k a e e
k ɔ k a e e
m m a _ n n k a
n k a
n n d u a e e
n n a _ n n d u a e e
a d u a
n n a _ a d u a
r e n n d u a
n n a _ r e n n d u a
r e d u a
n n a _ r e d u a
b ɛ d u a
r e n n d u a
n n d u a
a n n d u a
d u a
d u a e e
m m a _ n n d u a
d u a
n n k ɔ d u a
a m m b ɛ d u a
a m m k ɔ d u a
d u a
m m b ɛ d u a e e
n n k ɔ d u a e e
n n a _ m m b ɛ d u a e e
n n a _ n n k ɔ d u a e e
a b ɛ d u a
a k ɔ d u a
n n a _ a b ɛ d u a
n n a _ a k ɔ d u a
r e m m b ɛ d u a
r e n n k ɔ d u a
n n a _ r e m m b ɛ d u a
n n a _ r e n n k ɔ d u a
r e b ɛ d u a
r e k ɔ d u a
n n a _ r e b ɛ d u a
n n a _ r e k ɔ d u a
k ɔ d u a
b ɛ d u a e e
k ɔ d u a e e
m m a _ n n d u a
n d u a
n n d a e e
n n a _ n n d a e e
a d a
n n a _ a d a
r e n n d a
n n a _ r e n n d a
r e d a
n n a _ r e d a
b ɛ d a
r e n n d a
n n d a
a n n d a
d a
d a e e
m m a _ n n d a
d a
n n k ɔ d a
a m m b ɛ d a
a m m k ɔ d a
d a
m m b ɛ d a e e
n n k ɔ d a e e
n n a _ m m b ɛ d a e e
n n a _ n n k ɔ d a e e
a b ɛ d a
a k ɔ d a
n n a _ a b ɛ d a
n n a _ a k ɔ d a
r e m m b ɛ d a
r e n n k ɔ d a
n n a _ r e m m b ɛ d a
n n a _ r e n n k ɔ d a
r e b ɛ d a
r e k ɔ d a
n n a _ r e b ɛ d a
n n a _ r e k ɔ d a
k ɔ d a
b ɛ d a e e
k ɔ d a e e
m m a _ n n d a
n d a
n n w o e e
n n a _ n n w o e e
a w o
n n a _ a w o
r e n n w o
n n a _ r e n n w o
r e w o
n n a _ r e w o
b ɛ w o
r e n n w o
n n w o
a n n w o
w o
w o e e
m m a _ n n w o
w o
n n k ɔ w o
a m m b ɛ w o
a m m k ɔ w o
w o
m m b ɛ w o e e
n n k ɔ w o e e
n n a _ m m b ɛ w o e e
n n a _ n n k ɔ w o e e
a b ɛ w o
a k ɔ w o
n n a _ a b ɛ w o
n n a _ a k ɔ w o
r e m m b ɛ w o
r e n n k ɔ w o
n n a _ r e m m b ɛ w o
n n a _ r e n n k ɔ w o
r e b ɛ w o
r e k ɔ w o
n n a _ r e b ɛ w o
n n a _ r e k ɔ w o
k ɔ w o
b ɛ w o e e
k ɔ w o e e
m m a _ n n w o
n w o
n n d i e e
n n a _ n n d i e e
a d i
n n a _ a d i
r e n n d i
n n a _ r e n n d i
r e d i
n n a _ r e d i
b ɛ d i
r e n n d i
n n d i
a n n d i
d i
d i e e
m m a _ n n d i
d i
n n k ɔ d i
a m m b ɛ d i
a m m k ɔ d i
d i
m m b ɛ d i e e
n n k ɔ d i e e
n n a _ m m b ɛ d i e e
n n a _ n n k ɔ d i e e
a b ɛ d i
a k ɔ d i
n n a _ a b ɛ d i
n n a _ a k ɔ d i
r e m m b ɛ d i
r e n n k ɔ d i
n n a _ r e m m b ɛ d i
n n a _ r e n n k ɔ d i
r e b ɛ d i
r e k ɔ d i
n n a _ r e b ɛ d i
n n a _ r e k ɔ d i
k ɔ d i
b ɛ d i e e
k ɔ d i e e
m m a _ n n d i
n d i
n n y i e e
n n a _ n n y i e e
a y i
n n a _ a y i
r e n n y i
n n a _ r e n n y i
r e y i
n n a _ r e y i
b ɛ y i
r e n n y i
n n y i
a n n y i
y i
y i e e
m m a _ n n y i
y i
n n k ɔ y i
a m m b ɛ y i
a m m k ɔ y i
y i
m m b ɛ y i e e
n n k ɔ y i e e
n n a _ m m b ɛ y i e e
n n a _ n n k ɔ y i e e
a b ɛ y i
a k ɔ y i
n n a _ a b ɛ y i
n n a _ a k ɔ y i
r e m m b ɛ y i
r e n n k ɔ y i
n n a _ r e m m b ɛ y i
n n a _ r e n n k ɔ y i
r e b ɛ y i
r e k ɔ y i
n n a _ r e b ɛ y i
n n a _ r e k ɔ y i
k ɔ y i
b ɛ y i e e
k ɔ y i e e
m m a _ n n y i
n y i
m m p e p a e e
n n a _ m m p e p a e e
a p e p a
n n a _ a p e p a
r e m m p e p a
n n a _ r e m m p e p a
r e p e p a
n n a _ r e p e p a
b ɛ p e p a
r e m m p e p a
m m p e p a
a m m p e p a
p e p a
p e p a e e
m m a _ m m p e p a
p e p a
n n k ɔ p e p a
a m m b ɛ p e p a
a m m k ɔ p e p a
p e p a
m m b ɛ p e p a e e
n n k ɔ p e p a e e
n n a _ m m b ɛ p e p a e e
n n a _ n n k ɔ p e p a e e
a b ɛ p e p a
a k ɔ p e p a
n n a _ a b ɛ p e p a
n n a _ a k ɔ p e p a
r e m m b ɛ p e p a
r e n n k ɔ p e p a
n n a _ r e m m b ɛ p e p a
n n a _ r e n n k ɔ p e p a
r e b ɛ p e p a
r e k ɔ p e p a
n n a _ r e b ɛ p e p a
n n a _ r e k ɔ p e p a
k ɔ p e p a
b ɛ p e p a e e
k ɔ p e p a e e
m m a _ m m p e p a
m p e p a
m m f r a e e
n n a _ m m f r a e e
a f r a
n n a _ a f r a
r e m m f r a
n n a _ r e m m f r a
r e f r a
n n a _ r e f r a
b ɛ f r a
r e m m f r a
m m f r a
a m m f r a
f r a
f r a e e
m m a _ m m f r a
f r a
n n k ɔ f r a
a m m b ɛ f r a
a m m k ɔ f r a
f r a
m m b ɛ f r a e e
n n k ɔ f r a e e
n n a _ m m b ɛ f r a e e
n n a _ n n k ɔ f r a e e
a b ɛ f r a
a k ɔ f r a
n n a _ a b ɛ f r a
n n a _ a k ɔ f r a
r e m m b ɛ f r a
r e n n k ɔ f r a
n n a _ r e m m b ɛ f r a
n n a _ r e n n k ɔ f r a
r e b ɛ f r a
r e k ɔ f r a
n n a _ r e b ɛ f r a
n n a _ r e k ɔ f r a
k ɔ f r a
b ɛ f r a e e
k ɔ f r a e e
m m a _ m m f r a
m f r a
n n k y e r ɛ e e
n n a _ n n k y e r ɛ e e
a k y e r ɛ
n n a _ a k y e r ɛ
r e n n k y e r ɛ
n n a _ r e n n k y e r ɛ
r e k y e r ɛ
n n a _ r e k y e r ɛ
b ɛ k y e r ɛ
r e n n k y e r ɛ
n n k y e r ɛ
a n n k y e r ɛ
k y e r ɛ
k y e r ɛ e e
m m a _ n n k y e r ɛ
k y e r ɛ
n n k ɔ k y e r ɛ
a m m b ɛ k y e r ɛ
a m m k ɔ k y e r ɛ
k y e r ɛ
m m b ɛ k y e r ɛ e e
n n k ɔ k y e r ɛ e e
n n a _ m m b ɛ k y e r ɛ e e
n n a _ n n k ɔ k y e r ɛ e e
a b ɛ k y e r ɛ
a k ɔ k y e r ɛ
n n a _ a b ɛ k y e r ɛ
n n a _ a k ɔ k y e r ɛ
r e m m b ɛ k y e r ɛ
r e n n k ɔ k y e r ɛ
n n a _ r e m m b ɛ k y e r ɛ
n n a _ r e n n k ɔ k y e r ɛ
r e b ɛ k y e r ɛ
r e k ɔ k y e r ɛ
n n a _ r e b ɛ k y e r ɛ
n n a _ r e k ɔ k y e r ɛ
k ɔ k y e r ɛ
b ɛ k y e r ɛ e e
k ɔ k y e r ɛ e e
m m a _ n n k y e r ɛ
n k y e r ɛ
n n t i n t i m e e
n n a _ n n t i n t i m e e
a t i n t i m
n n a _ a t i n t i m
r e n n t i n t i m
n n a _ r e n n t i n t i m
r e t i n t i m
n n a _ r e t i n t i m
b ɛ t i n t i m
r e n n t i n t i m
n n t i n t i m
a n n t i n t i m
t i n t i m
t i n t i m e e
m m a _ n n t i n t i m
t i n t i m
n n k ɔ t i n t i m
a m m b ɛ t i n t i m
a m m k ɔ t i n t i m
t i n t i m
m m b ɛ t i n t i m e e
n n k ɔ t i n t i m e e
n n a _ m m b ɛ t i n t i m e e
n n a _ n n k ɔ t i n t i m e e
a b ɛ t i n t i m
a k ɔ t i n t i m
n n a _ a b ɛ t i n t i m
n n a _ a k ɔ t i n t i m
r e m m b ɛ t i n t i m
r e n n k ɔ t i n t i m
n n a _ r e m m b ɛ t i n t i m
n n a _ r e n n k ɔ t i n t i m
r e b ɛ t i n t i m
r e k ɔ t i n t i m
n n a _ r e b ɛ t i n t i m
n n a _ r e k ɔ t i n t i m
k ɔ t i n t i m
b ɛ t i n t i m e e
k ɔ t i n t i m e e
m m a _ n n t i n t i m
n t i n t i m
n n k y i r i e e
n n a _ n n k y i r i e e
a k y i r i
n n a _ a k y i r i
r e n n k y i r i
n n a _ r e n n k y i r i
r e k y i r i
n n a _ r e k y i r i
b ɛ k y i r i
r e n n k y i r i
n n k y i r i
a n n k y i r i
k y i r i
k y i r i e e
m m a _ n n k y i r i
k y i r i
n n k ɔ k y i r i
a m m b ɛ k y i r i
a m m k ɔ k y i r i
k y i r i
m m b ɛ k y i r i e e
n n k ɔ k y i r i e e
n n a _ m m b ɛ k y i r i e e
n n a _ n n k ɔ k y i r i e e
a b ɛ k y i r i
a k ɔ k y i r i
n n a _ a b ɛ k y i r i
n n a _ a k ɔ k y i r i
r e m m b ɛ k y i r i
r e n n k ɔ k y i r i
n n a _ r e m m b ɛ k y i r i
n n a _ r e n n k ɔ k y i r i
r e b ɛ k y i r i
r e k ɔ k y i r i
n n a _ r e b ɛ k y i r i
n n a _ r e k ɔ k y i r i
k ɔ k y i r i
b ɛ k y i r i e e
k ɔ k y i r i e e
m m a _ n n k y i r i
n k y i r i
n n t a f e e r e e
n n a _ n n t a f e e r e e
a t a f e e r e
n n a _ a t a f e e r e
r e n n t a f e e r e
n n a _ r e n n t a f e e r e
r e t a f e e r e
n n a _ r e t a f e e r e
b ɛ t a f e e r e
r e n n t a f e e r e
n n t a f e e r e
a n n t a f e e r e
t a f e e r e
t a f e e r e e
m m a _ n n t a f e e r e
t a f e e r e
n n k ɔ t a f e e r e
a m m b ɛ t a f e e r e
a m m k ɔ t a f e e r e
t a f e e r e
m m b ɛ t a f e e r e e
n n k ɔ t a f e e r e e
n n a _ m m b ɛ t a f e e r e e
n n a _ n n k ɔ t a f e e r e e
a b ɛ t a f e e r e
a k ɔ t a f e e r e
n n a _ a b ɛ t a f e e r e
n n a _ a k ɔ t a f e e r e
r e m m b ɛ t a f e e r e
r e n n k ɔ t a f e e r e
n n a _ r e m m b ɛ t a f e e r e
n n a _ r e n n k ɔ t a f e e r e
r e b ɛ t a f e e r e
r e k ɔ t a f e e r e
n n a _ r e b ɛ t a f e e r e
n n a _ r e k ɔ t a f e e r e
k ɔ t a f e e r e
b ɛ t a f e e r e e
k ɔ t a f e e r e e
m m a _ n n t a f e e r e
n t a f e e r e
n n s u o _ m u e e
n n a _ n n s u o _ m u e e
a s u o _ m u
n n a _ a s u o _ m u
r e n n s u o _ m u
n n a _ r e n n s u o _ m u
r e s u o _ m u
n n a _ r e s u o _ m u
b ɛ s u o _ m u
r e n n s u o _ m u
n n s u o _ m u
a n n s u o _ m u
s u o _ m u
s u o _ m u e e
m m a _ n n s u o _ m u
s u o _ m u
n n k ɔ s u o _ m u
a m m b ɛ s u o _ m u
a m m k ɔ s u o _ m u
s u o _ m u
m m b ɛ s u o _ m u e e
n n k ɔ s u o _ m u e e
n n a _ m m b ɛ s u o _ m u e e
n n a _ n n k ɔ s u o _ m u e e
a b ɛ s u o _ m u
a k ɔ s u o _ m u
n n a _ a b ɛ s u o _ m u
n n a _ a k ɔ s u o _ m u
r e m m b ɛ s u o _ m u
r e n n k ɔ s u o _ m u
n n a _ r e m m b ɛ s u o _ m u
n n a _ r e n n k ɔ s u o _ m u
r e b ɛ s u o _ m u
r e k ɔ s u o _ m u
n n a _ r e b ɛ s u o _ m u
n n a _ r e k ɔ s u o _ m u
k ɔ s u o _ m u
b ɛ s u o _ m u e e
k ɔ s u o _ m u e e
m m a _ n n s u o _ m u
n s u o _ m u
n n t w e ɔ n e e
n n a _ n n t w e ɔ n e e
a t w e ɔ n
n n a _ a t w e ɔ n
r e n n t w e ɔ n
n n a _ r e n n t w e ɔ n
r e t w e ɔ n
n n a _ r e t w e ɔ n
b ɛ t w e ɔ n
r e n n t w e ɔ n
n n t w e ɔ n
a n n t w e ɔ n
t w e ɔ n
t w e ɔ n e e
m m a _ n n t w e ɔ n
t w e ɔ n
n n k ɔ t w e ɔ n
a m m b ɛ t w e ɔ n
a m m k ɔ t w e ɔ n
t w e ɔ n
m m b ɛ t w e ɔ n e e
n n k ɔ t w e ɔ n e e
n n a _ m m b ɛ t w e ɔ n e e
n n a _ n n k ɔ t w e ɔ n e e
a b ɛ t w e ɔ n
a k ɔ t w e ɔ n
n n a _ a b ɛ t w e ɔ n
n n a _ a k ɔ t w e ɔ n
r e m m b ɛ t w e ɔ n
r e n n k ɔ t w e ɔ n
n n a _ r e m m b ɛ t w e ɔ n
n n a _ r e n n k ɔ t w e ɔ n
r e b ɛ t w e ɔ n
r e k ɔ t w e ɔ n
n n a _ r e b ɛ t w e ɔ n
n n a _ r e k ɔ t w e ɔ n
k ɔ t w e ɔ n
b ɛ t w e ɔ n e e
k ɔ t w e ɔ n e e
m m a _ n n t w e ɔ n
n t w e ɔ n
m m b o r o e e
n n a _ m m b o r o e e
a b o r o
n n a _ a b o r o
r e m m b o r o
n n a _ r e m m b o r o
r e b o r o
n n a _ r e b o r o
b ɛ b o r o
r e m m b o r o
m m b o r o
a m m b o r o
b o r o
b o r o e e
m m a _ m m b o r o
b o r o
n n k ɔ b o r o
a m m b ɛ b o r o
a m m k ɔ b o r o
b o r o
m m b ɛ b o r o e e
n n k ɔ b o r o e e
n n a _ m m b ɛ b o r o e e
n n a _ n n k ɔ b o r o e e
a b ɛ b o r o
a k ɔ b o r o
n n a _ a b ɛ b o r o
n n a _ a k ɔ b o r o
r e m m b ɛ b o r o
r e n n k ɔ b o r o
n n a _ r e m m b ɛ b o r o
n n a _ r e n n k ɔ b o r o
r e b ɛ b o r o
r e k ɔ b o r o
n n a _ r e b ɛ b o r o
n n a _ r e k ɔ b o r o
k ɔ b o r o
b ɛ b o r o e e
k ɔ b o r o e e
m m a _ m m b o r o
m b o r o
n n k e k a m u e e
n n a _ n n k e k a m u e e
a k e k a m u
n n a _ a k e k a m u
r e n n k e k a m u
n n a _ r e n n k e k a m u
r e k e k a m u
n n a _ r e k e k a m u
b ɛ k e k a m u
r e n n k e k a m u
n n k e k a m u
a n n k e k a m u
k e k a m u
k e k a m u e e
m m a _ n n k e k a m u
k e k a m u
n n k ɔ k e k a m u
a m m b ɛ k e k a m u
a m m k ɔ k e k a m u
k e k a m u
m m b ɛ k e k a m u e e
n n k ɔ k e k a m u e e
n n a _ m m b ɛ k e k a m u e e
n n a _ n n k ɔ k e k a m u e e
a b ɛ k e k a m u
a k ɔ k e k a m u
n n a _ a b ɛ k e k a m u
n n a _ a k ɔ k e k a m u
r e m m b ɛ k e k a m u
r e n n k ɔ k e k a m u
n n a _ r e m m b ɛ k e k a m u
n n a _ r e n n k ɔ k e k a m u
r e b ɛ k e k a m u
r e k ɔ k e k a m u
n n a _ r e b ɛ k e k a m u
n n a _ r e k ɔ k e k a m u
k ɔ k e k a m u
b ɛ k e k a m u e e
k ɔ k e k a m u e e
m m a _ n n k e k a m u
n k e k a m u
m m b ɔ _ w a w e e
n n a _ m m b ɔ _ w a w e e
a b ɔ _ w a w
n n a _ a b ɔ _ w a w
r e m m b ɔ _ w a w
n n a _ r e m m b ɔ _ w a w
r e b ɔ _ w a w
n n a _ r e b ɔ _ w a w
b ɛ b ɔ _ w a w
r e m m b ɔ _ w a w
m m b ɔ _ w a w
a m m b ɔ _ w a w
b ɔ _ w a w
b ɔ _ w a w e e
m m a _ m m b ɔ _ w a w
b ɔ _ w a w
n n k ɔ b ɔ _ w a w
a m m b ɛ b ɔ _ w a w
a m m k ɔ b ɔ _ w a w
b ɔ _ w a w
m m b ɛ b ɔ _ w a w e e
n n k ɔ b ɔ _ w a w e e
n n a _ m m b ɛ b ɔ _ w a w e e
n n a _ n n k ɔ b ɔ _ w a w e e
a b ɛ b ɔ _ w a w
a k ɔ b ɔ _ w a w
n n a _ a b ɛ b ɔ _ w a w
n n a _ a k ɔ b ɔ _ w a w
r e m m b ɛ b ɔ _ w a w
r e n n k ɔ b ɔ _ w a w
n n a _ r e m m b ɛ b ɔ _ w a w
n n a _ r e n n k ɔ b ɔ _ w a w
r e b ɛ b ɔ _ w a w
r e k ɔ b ɔ _ w a w
n n a _ r e b ɛ b ɔ _ w a w
n n a _ r e k ɔ b ɔ _ w a w
k ɔ b ɔ _ w a w
b ɛ b ɔ _ w a w e e
k ɔ b ɔ _ w a w e e
m m a _ m m b ɔ _ w a w
m b ɔ _ w a w
m m b o b ɔ w e e
n n a _ m m b o b ɔ w e e
a b o b ɔ w
n n a _ a b o b ɔ w
r e m m b o b ɔ w
n n a _ r e m m b o b ɔ w
r e b o b ɔ w
n n a _ r e b o b ɔ w
b ɛ b o b ɔ w
r e m m b o b ɔ w
m m b o b ɔ w
a m m b o b ɔ w
b o b ɔ w
b o b ɔ w e e
m m a _ m m b o b ɔ w
b o b ɔ w
n n k ɔ b o b ɔ w
a m m b ɛ b o b ɔ w
a m m k ɔ b o b ɔ w
b o b ɔ w
m m b ɛ b o b ɔ w e e
n n k ɔ b o b ɔ w e e
n n a _ m m b ɛ b o b ɔ w e e
n n a _ n n k ɔ b o b ɔ w e e
a b ɛ b o b ɔ w
a k ɔ b o b ɔ w
n n a _ a b ɛ b o b ɔ w
n n a _ a k ɔ b o b ɔ w
r e m m b ɛ b o b ɔ w
r e n n k ɔ b o b ɔ w
n n a _ r e m m b ɛ b o b ɔ w
n n a _ r e n n k ɔ b o b ɔ w
r e b ɛ b o b ɔ w
r e k ɔ b o b ɔ w
n n a _ r e b ɛ b o b ɔ w
n n a _ r e k ɔ b o b ɔ w
k ɔ b o b ɔ w
b ɛ b o b ɔ w e e
k ɔ b o b ɔ w e e
m m a _ m m b o b ɔ w
m b o b ɔ w
n n w i e e
n n a _ n n w i e e
a w i e
n n a _ a w i e
r e n n w i e
n n a _ r e n n w i e
r e w i e
n n a _ r e w i e
b ɛ w i e
r e n n w i e
n n w i e
a n n w i e
w i e
w i e e
m m a _ n n w i e
w i e
n n k ɔ w i e
a m m b ɛ w i e
a m m k ɔ w i e
w i e
m m b ɛ w i e e
n n k ɔ w i e e
n n a _ m m b ɛ w i e e
n n a _ n n k ɔ w i e e
a b ɛ w i e
a k ɔ w i e
n n a _ a b ɛ w i e
n n a _ a k ɔ w i e
r e m m b ɛ w i e
r e n n k ɔ w i e
n n a _ r e m m b ɛ w i e
n n a _ r e n n k ɔ w i e
r e b ɛ w i e
r e k ɔ w i e
n n a _ r e b ɛ w i e
n n a _ r e k ɔ w i e
k ɔ w i e
b ɛ w i e e
k ɔ w i e e
m m a _ n n w i e
n w i e
n n s u e e
n n a _ n n s u e e
a s u
n n a _ a s u
r e n n s u
n n a _ r e n n s u
r e s u
n n a _ r e s u
b ɛ s u
r e n n s u
n n s u
a n n s u
s u
s u e e
m m a _ n n s u
s u
n n k ɔ s u
a m m b ɛ s u
a m m k ɔ s u
s u
m m b ɛ s u e e
n n k ɔ s u e e
n n a _ m m b ɛ s u e e
n n a _ n n k ɔ s u e e
a b ɛ s u
a k ɔ s u
n n a _ a b ɛ s u
n n a _ a k ɔ s u
r e m m b ɛ s u
r e n n k ɔ s u
n n a _ r e m m b ɛ s u
n n a _ r e n n k ɔ s u
r e b ɛ s u
r e k ɔ s u
n n a _ r e b ɛ s u
n n a _ r e k ɔ s u
k ɔ s u
b ɛ s u e e
k ɔ s u e e
m m a _ n n s u
n s u
n n k y e r e ɛ w e e
n n a _ n n k y e r e ɛ w e e
a k y e r e ɛ w
n n a _ a k y e r e ɛ w
r e n n k y e r e ɛ w
n n a _ r e n n k y e r e ɛ w
r e k y e r e ɛ w
n n a _ r e k y e r e ɛ w
b ɛ k y e r e ɛ w
r e n n k y e r e ɛ w
n n k y e r e ɛ w
a n n k y e r e ɛ w
k y e r e ɛ w
k y e r e ɛ w e e
m m a _ n n k y e r e ɛ w
k y e r e ɛ w
n n k ɔ k y e r e ɛ w
a m m b ɛ k y e r e ɛ w
a m m k ɔ k y e r e ɛ w
k y e r e ɛ w
m m b ɛ k y e r e ɛ w e e
n n k ɔ k y e r e ɛ w e e
n n a _ m m b ɛ k y e r e ɛ w e e
n n a _ n n k ɔ k y e r e ɛ w e e
a b ɛ k y e r e ɛ w
a k ɔ k y e r e ɛ w
n n a _ a b ɛ k y e r e ɛ w
n n a _ a k ɔ k y e r e ɛ w
r e m m b ɛ k y e r e ɛ w
r e n n k ɔ k y e r e ɛ w
n n a _ r e m m b ɛ k y e r e ɛ w
n n a _ r e n n k ɔ k y e r e ɛ w
r e b ɛ k y e r e ɛ w
r e k ɔ k y e r e ɛ w
n n a _ r e b ɛ k y e r e ɛ w
n n a _ r e k ɔ k y e r e ɛ w
k ɔ k y e r e ɛ w
b ɛ k y e r e ɛ w e e
k ɔ k y e r e ɛ w e e
m m a _ n n k y e r e ɛ w
n k y e r e ɛ w
n n h y i n a e e
n n a _ n n h y i n a e e
a h y i n a
n n a _ a h y i n a
r e n n h y i n a
n n a _ r e n n h y i n a
r e h y i n a
n n a _ r e h y i n a
b ɛ h y i n a
r e n n h y i n a
n n h y i n a
a n n h y i n a
h y i n a
h y i n a e e
m m a _ n n h y i n a
h y i n a
n n k ɔ h y i n a
a m m b ɛ h y i n a
a m m k ɔ h y i n a
h y i n a
m m b ɛ h y i n a e e
n n k ɔ h y i n a e e
n n a _ m m b ɛ h y i n a e e
n n a _ n n k ɔ h y i n a e e
a b ɛ h y i n a
a k ɔ h y i n a
n n a _ a b ɛ h y i n a
n n a _ a k ɔ h y i n a
r e m m b ɛ h y i n a
r e n n k ɔ h y i n a
n n a _ r e m m b ɛ h y i n a
n n a _ r e n n k ɔ h y i n a
r e b ɛ h y i n a
r e k ɔ h y i n a
n n a _ r e b ɛ h y i n a
n n a _ r e k ɔ h y i n a
k ɔ h y i n a
b ɛ h y i n a e e
k ɔ h y i n a e e
m m a _ n n h y i n a
n h y i n a
m m f r ɛ e e
n n a _ m m f r ɛ e e
a f r ɛ
n n a _ a f r ɛ
r e m m f r ɛ
n n a _ r e m m f r ɛ
r e f r ɛ
n n a _ r e f r ɛ
b ɛ f r ɛ
r e m m f r ɛ
m m f r ɛ
a m m f r ɛ
f r ɛ
f r ɛ e e
m m a _ m m f r ɛ
f r ɛ
n n k ɔ f r ɛ
a m m b ɛ f r ɛ
a m m k ɔ f r ɛ
f r ɛ
m m b ɛ f r ɛ e e
n n k ɔ f r ɛ e e
n n a _ m m b ɛ f r ɛ e e
n n a _ n n k ɔ f r ɛ e e
a b ɛ f r ɛ
a k ɔ f r ɛ
n n a _ a b ɛ f r ɛ
n n a _ a k ɔ f r ɛ
r e m m b ɛ f r ɛ
r e n n k ɔ f r ɛ
n n a _ r e m m b ɛ f r ɛ
n n a _ r e n n k ɔ f r ɛ
r e b ɛ f r ɛ
r e k ɔ f r ɛ
n n a _ r e b ɛ f r ɛ
n n a _ r e k ɔ f r ɛ
k ɔ f r ɛ
b ɛ f r ɛ e e
k ɔ f r ɛ e e
m m a _ m m f r ɛ
m f r ɛ
n n t i e e
n n a _ n n t i e e
a t i e
n n a _ a t i e
r e n n t i e
n n a _ r e n n t i e
r e t i e
n n a _ r e t i e
b ɛ t i e
r e n n t i e
n n t i e
a n n t i e
t i e
t i e e
m m a _ n n t i e
t i e
n n k ɔ t i e
a m m b ɛ t i e
a m m k ɔ t i e
t i e
m m b ɛ t i e e
n n k ɔ t i e e
n n a _ m m b ɛ t i e e
n n a _ n n k ɔ t i e e
a b ɛ t i e
a k ɔ t i e
n n a _ a b ɛ t i e
n n a _ a k ɔ t i e
r e m m b ɛ t i e
r e n n k ɔ t i e
n n a _ r e m m b ɛ t i e
n n a _ r e n n k ɔ t i e
r e b ɛ t i e
r e k ɔ t i e
n n a _ r e b ɛ t i e
n n a _ r e k ɔ t i e
k ɔ t i e
b ɛ t i e e
k ɔ t i e e
m m a _ n n t i e
n t i e
n n s a w e e
n n a _ n n s a w e e
a s a w
n n a _ a s a w
r e n n s a w
n n a _ r e n n s a w
r e s a w
n n a _ r e s a w
b ɛ s a w
r e n n s a w
n n s a w
a n n s a w
s a w
s a w e e
m m a _ n n s a w
s a w
n n k ɔ s a w
a m m b ɛ s a w
a m m k ɔ s a w
s a w
m m b ɛ s a w e e
n n k ɔ s a w e e
n n a _ m m b ɛ s a w e e
n n a _ n n k ɔ s a w e e
a b ɛ s a w
a k ɔ s a w
n n a _ a b ɛ s a w
n n a _ a k ɔ s a w
r e m m b ɛ s a w
r e n n k ɔ s a w
n n a _ r e m m b ɛ s a w
n n a _ r e n n k ɔ s a w
r e b ɛ s a w
r e k ɔ s a w
n n a _ r e b ɛ s a w
n n a _ r e k ɔ s a w
k ɔ s a w
b ɛ s a w e e
k ɔ s a w e e
m m a _ n n s a w
n s a w
n n h w ɛ e e
n n a _ n n h w ɛ e e
a h w ɛ
n n a _ a h w ɛ
r e n n h w ɛ
n n a _ r e n n h w ɛ
r e h w ɛ
n n a _ r e h w ɛ
b ɛ h w ɛ
r e n n h w ɛ
n n h w ɛ
a n n h w ɛ
h w ɛ
h w ɛ e e
m m a _ n n h w ɛ
h w ɛ
n n k ɔ h w ɛ
a m m b ɛ h w ɛ
a m m k ɔ h w ɛ
h w ɛ
m m b ɛ h w ɛ e e
n n k ɔ h w ɛ e e
n n a _ m m b ɛ h w ɛ e e
n n a _ n n k ɔ h w ɛ e e
a b ɛ h w ɛ
a k ɔ h w ɛ
n n a _ a b ɛ h w ɛ
n n a _ a k ɔ h w ɛ
r e m m b ɛ h w ɛ
r e n n k ɔ h w ɛ
n n a _ r e m m b ɛ h w ɛ
n n a _ r e n n k ɔ h w ɛ
r e b ɛ h w ɛ
r e k ɔ h w ɛ
n n a _ r e b ɛ h w ɛ
n n a _ r e k ɔ h w ɛ
k ɔ h w ɛ
b ɛ h w ɛ e e
k ɔ h w ɛ e e
m m a _ n n h w ɛ
n h w ɛ
n n h u a e e
n n a _ n n h u a e e
a h u a
n n a _ a h u a
r e n n h u a
n n a _ r e n n h u a
r e h u a
n n a _ r e h u a
b ɛ h u a
r e n n h u a
n n h u a
a n n h u a
h u a
h u a e e
m m a _ n n h u a
h u a
n n k ɔ h u a
a m m b ɛ h u a
a m m k ɔ h u a
h u a
m m b ɛ h u a e e
n n k ɔ h u a e e
n n a _ m m b ɛ h u a e e
n n a _ n n k ɔ h u a e e
a b ɛ h u a
a k ɔ h u a
n n a _ a b ɛ h u a
n n a _ a k ɔ h u a
r e m m b ɛ h u a
r e n n k ɔ h u a
n n a _ r e m m b ɛ h u a
n n a _ r e n n k ɔ h u a
r e b ɛ h u a
r e k ɔ h u a
n n a _ r e b ɛ h u a
n n a _ r e k ɔ h u a
k ɔ h u a
b ɛ h u a e e
k ɔ h u a e e
m m a _ n n h u a
n h u a
n n k ɔ _ t i e f i e e
n n a _ n n k ɔ _ t i e f i e e
a k ɔ _ t i e f i
n n a _ a k ɔ _ t i e f i
r e n n k ɔ _ t i e f i
n n a _ r e n n k ɔ _ t i e f i
r e k ɔ _ t i e f i
n n a _ r e k ɔ _ t i e f i
b ɛ k ɔ _ t i e f i
r e n n k ɔ _ t i e f i
n n k ɔ _ t i e f i
a n n k ɔ _ t i e f i
k ɔ _ t i e f i
k ɔ _ t i e f i e e
m m a _ n n k ɔ _ t i e f i
k ɔ _ t i e f i
n n k ɔ k ɔ _ t i e f i
a m m b ɛ k ɔ _ t i e f i
a m m k ɔ k ɔ _ t i e f i
k ɔ _ t i e f i
m m b ɛ k ɔ _ t i e f i e e
n n k ɔ k ɔ _ t i e f i e e
n n a _ m m b ɛ k ɔ _ t i e f i e e
n n a _ n n k ɔ k ɔ _ t i e f i e e
a b ɛ k ɔ _ t i e f i
a k ɔ k ɔ _ t i e f i
n n a _ a b ɛ k ɔ _ t i e f i
n n a _ a k ɔ k ɔ _ t i e f i
r e m m b ɛ k ɔ _ t i e f i
r e n n k ɔ k ɔ _ t i e f i
n n a _ r e m m b ɛ k ɔ _ t i e f i
n n a _ r e n n k ɔ k ɔ _ t i e f i
r e b ɛ k ɔ _ t i e f i
r e k ɔ k ɔ _ t i e f i
n n a _ r e b ɛ k ɔ _ t i e f i
n n a _ r e k ɔ k ɔ _ t i e f i
k ɔ k ɔ _ t i e f i
b ɛ k ɔ _ t i e f i e e
k ɔ k ɔ _ t i e f i e e
m m a _ n n k ɔ _ t i e f i
n k ɔ _ t i e f i
n n y i _ a y ɛ w e e
n n a _ n n y i _ a y ɛ w e e
a y i _ a y ɛ w
n n a _ a y i _ a y ɛ w
r e n n y i _ a y ɛ w
n n a _ r e n n y i _ a y ɛ w
r e y i _ a y ɛ w
n n a _ r e y i _ a y ɛ w
b ɛ y i _ a y ɛ w
r e n n y i _ a y ɛ w
n n y i _ a y ɛ w
a n n y i _ a y ɛ w
y i _ a y ɛ w
y i _ a y ɛ w e e
m m a _ n n y i _ a y ɛ w
y i _ a y ɛ w
n n k ɔ y i _ a y ɛ w
a m m b ɛ y i _ a y ɛ w
a m m k ɔ y i _ a y ɛ w
y i _ a y ɛ w
m m b ɛ y i _ a y ɛ w e e
n n k ɔ y i _ a y ɛ w e e
n n a _ m m b ɛ y i _ a y ɛ w e e
n n a _ n n k ɔ y i _ a y ɛ w e e
a b ɛ y i _ a y ɛ w
a k ɔ y i _ a y ɛ w
n n a _ a b ɛ y i _ a y ɛ w
n n a _ a k ɔ y i _ a y ɛ w
r e m m b ɛ y i _ a y ɛ w
r e n n k ɔ y i _ a y ɛ w
n n a _ r e m m b ɛ y i _ a y ɛ w
n n a _ r e n n k ɔ y i _ a y ɛ w
r e b ɛ y i _ a y ɛ w
r e k ɔ y i _ a y ɛ w
n n a _ r e b ɛ y i _ a y ɛ w
n n a _ r e k ɔ y i _ a y ɛ w
k ɔ y i _ a y ɛ w
b ɛ y i _ a y ɛ w e e
k ɔ y i _ a y ɛ w e e
m m a _ n n y i _ a y ɛ w
n y i _ a y ɛ w
n n n y a m e e
n n a _ n n n y a m e e
a n y a m
n n a _ a n y a m
r e n n n y a m
n n a _ r e n n n y a m
r e n y a m
n n a _ r e n y a m
b ɛ n y a m
r e n n n y a m
n n n y a m
a n n n y a m
n y a m
n y a m e e
m m a _ n n n y a m
n y a m
n n k ɔ n y a m
a m m b ɛ n y a m
a m m k ɔ n y a m
n y a m
m m b ɛ n y a m e e
n n k ɔ n y a m e e
n n a _ m m b ɛ n y a m e e
n n a _ n n k ɔ n y a m e e
a b ɛ n y a m
a k ɔ n y a m
n n a _ a b ɛ n y a m
n n a _ a k ɔ n y a m
r e m m b ɛ n y a m
r e n n k ɔ n y a m
n n a _ r e m m b ɛ n y a m
n n a _ r e n n k ɔ n y a m
r e b ɛ n y a m
r e k ɔ n y a m
n n a _ r e b ɛ n y a m
n n a _ r e k ɔ n y a m
k ɔ n y a m
b ɛ n y a m e e
k ɔ n y a m e e
m m a _ n n n y a m
n n y a m
m m m e n e e
n n a _ m m m e n e e
a m e n e
n n a _ a m e n e
r e m m m e n e
n n a _ r e m m m e n e
r e m e n e
n n a _ r e m e n e
b ɛ m e n e
r e m m m e n e
m m m e n e
a m m m e n e
m e n e
m e n e e
m m a _ m m m e n e
m e n e
n n k ɔ m e n e
a m m b ɛ m e n e
a m m k ɔ m e n e
m e n e
m m b ɛ m e n e e
n n k ɔ m e n e e
n n a _ m m b ɛ m e n e e
n n a _ n n k ɔ m e n e e
a b ɛ m e n e
a k ɔ m e n e
n n a _ a b ɛ m e n e
n n a _ a k ɔ m e n e
r e m m b ɛ m e n e
r e n n k ɔ m e n e
n n a _ r e m m b ɛ m e n e
n n a _ r e n n k ɔ m e n e
r e b ɛ m e n e
r e k ɔ m e n e
n n a _ r e b ɛ m e n e
n n a _ r e k ɔ m e n e
k ɔ m e n e
b ɛ m e n e e
k ɔ m e n e e
m m a _ m m m e n e
m m e n e
n n n y i m e e
n n a _ n n n y i m e e
a n y i m
n n a _ a n y i m
r e n n n y i m
n n a _ r e n n n y i m
r e n y i m
n n a _ r e n y i m
b ɛ n y i m
r e n n n y i m
n n n y i m
a n n n y i m
n y i m
n y i m e e
m m a _ n n n y i m
n y i m
n n k ɔ n y i m
a m m b ɛ n y i m
a m m k ɔ n y i m
n y i m
m m b ɛ n y i m e e
n n k ɔ n y i m e e
n n a _ m m b ɛ n y i m e e
n n a _ n n k ɔ n y i m e e
a b ɛ n y i m
a k ɔ n y i m
n n a _ a b ɛ n y i m
n n a _ a k ɔ n y i m
r e m m b ɛ n y i m
r e n n k ɔ n y i m
n n a _ r e m m b ɛ n y i m
n n a _ r e n n k ɔ n y i m
r e b ɛ n y i m
r e k ɔ n y i m
n n a _ r e b ɛ n y i m
n n a _ r e k ɔ n y i m
k ɔ n y i m
b ɛ n y i m e e
k ɔ n y i m e e
m m a _ n n n y i m
n n y i m
n n g u a r e e
n n a _ n n g u a r e e
a g u a r e
n n a _ a g u a r e
r e n n g u a r e
n n a _ r e n n g u a r e
r e g u a r e
n n a _ r e g u a r e
b ɛ g u a r e
r e n n g u a r e
n n g u a r e
a n n g u a r e
g u a r e
g u a r e e
m m a _ n n g u a r e
g u a r e
n n k ɔ g u a r e
a m m b ɛ g u a r e
a m m k ɔ g u a r e
g u a r e
m m b ɛ g u a r e e
n n k ɔ g u a r e e
n n a _ m m b ɛ g u a r e e
n n a _ n n k ɔ g u a r e e
a b ɛ g u a r e
a k ɔ g u a r e
n n a _ a b ɛ g u a r e
n n a _ a k ɔ g u a r e
r e m m b ɛ g u a r e
r e n n k ɔ g u a r e
n n a _ r e m m b ɛ g u a r e
n n a _ r e n n k ɔ g u a r e
r e b ɛ g u a r e
r e k ɔ g u a r e
n n a _ r e b ɛ g u a r e
n n a _ r e k ɔ g u a r e
k ɔ g u a r e
b ɛ g u a r e e
k ɔ g u a r e e
m m a _ n n g u a r e
n g u a r e
n n s o ɛ r e e
n n a _ n n s o ɛ r e e
a s o ɛ r
n n a _ a s o ɛ r
r e n n s o ɛ r
n n a _ r e n n s o ɛ r
r e s o ɛ r
n n a _ r e s o ɛ r
b ɛ s o ɛ r
r e n n s o ɛ r
n n s o ɛ r
a n n s o ɛ r
s o ɛ r
s o ɛ r e e
m m a _ n n s o ɛ r
s o ɛ r
n n k ɔ s o ɛ r
a m m b ɛ s o ɛ r
a m m k ɔ s o ɛ r
s o ɛ r
m m b ɛ s o ɛ r e e
n n k ɔ s o ɛ r e e
n n a _ m m b ɛ s o ɛ r e e
n n a _ n n k ɔ s o ɛ r e e
a b ɛ s o ɛ r
a k ɔ s o ɛ r
n n a _ a b ɛ s o ɛ r
n n a _ a k ɔ s o ɛ r
r e m m b ɛ s o ɛ r
r e n n k ɔ s o ɛ r
n n a _ r e m m b ɛ s o ɛ r
n n a _ r e n n k ɔ s o ɛ r
r e b ɛ s o ɛ r
r e k ɔ s o ɛ r
n n a _ r e b ɛ s o ɛ r
n n a _ r e k ɔ s o ɛ r
k ɔ s o ɛ r
b ɛ s o ɛ r e e
k ɔ s o ɛ r e e
m m a _ n n s o ɛ r
n s o ɛ r
m m m a _ s o e e
n n a _ m m m a _ s o e e
a m a _ s o
n n a _ a m a _ s o
r e m m m a _ s o
n n a _ r e m m m a _ s o
r e m a _ s o
n n a _ r e m a _ s o
b ɛ m a _ s o
r e m m m a _ s o
m m m a _ s o
a m m m a _ s o
m a _ s o
m a _ s o e e
m m a _ m m m a _ s o
m a _ s o
n n k ɔ m a _ s o
a m m b ɛ m a _ s o
a m m k ɔ m a _ s o
m a _ s o
m m b ɛ m a _ s o e e
n n k ɔ m a _ s o e e
n n a _ m m b ɛ m a _ s o e e
n n a _ n n k ɔ m a _ s o e e
a b ɛ m a _ s o
a k ɔ m a _ s o
n n a _ a b ɛ m a _ s o
n n a _ a k ɔ m a _ s o
r e m m b ɛ m a _ s o
r e n n k ɔ m a _ s o
n n a _ r e m m b ɛ m a _ s o
n n a _ r e n n k ɔ m a _ s o
r e b ɛ m a _ s o
r e k ɔ m a _ s o
n n a _ r e b ɛ m a _ s o
n n a _ r e k ɔ m a _ s o
k ɔ m a _ s o
b ɛ m a _ s o e e
k ɔ m a _ s o e e
m m a _ m m m a _ s o
m m a _ s o
m f o n d u e b ɛ w
m m a _ n n m k ɔ f t e
m m a _ n n k o t ɔ n e s u o e p a t w
m m a _ n n ɔ h u a n n k y
b ɛ b ɛ b u n n n y
r e n n _ r e w
n n a _ r e n n b ɛ f a
n n k ɔ n n k a a t _ a s a
n n a _ a b ɛ k ɔ p e a b ɛ f m b ɛ p
n n a _ a a e e a _ a s a w _ n g u
n n a _ r e m m b ɛ e k ɔ b ɔ t i n e s u o n k ɔ
n n a _ a k ɔ k ɔ m a e f o ɔ b o a
n n o r o e e e
m m b ɛ o a e ɔ k u e e e
n n a _ r e m m b ɛ a n y i i n a e y i n a
a ɛ w a h o
n n a _ r e k ɔ k h o h n h y i m b ɛ p
r e e ɔ n e ɛ f a e r ɛ w e
n n a _ r e a _ a y
n d a _ ɔ h y i
m m b ɛ e n a e e
ɔ t i e ɔ s a a _ r e
b ɛ b a k ɔ s _ a n o
n n a _ r e k ɔ e t ɔ n w e ɔ n
n ɔ t i n n h u
r e ɛ k y e k y i r
m m b ɛ a k y e o w _ _ a w e e e
r e n n ɔ _ t ɔ y e ɛ w o s
e k ɔ w
r e b ɛ r e m m k ɔ s a
r e b ɛ ɔ h u ɛ d n n g u m m a
a m m b ɛ n k ɔ k p i m k k ɔ n o d a _ a _ a s
n n k ɔ a y o s o w m f o w e e
k ɔ n k ɔ m b ɛ b ɔ a n n s
s u o _ ɛ p i o s o e e
n n a _ r e e d u a _ a k u a t u _
r e n n k ɔ u t _ a w e
u _ n r e b u ɛ k y e
a m m k ɔ a n n h
m m b ɛ w e ɔ n k ɔ g e e
r e n n k ɔ m k ɔ f n d t u m e e
t o ɔ t e n
r e n n k ɔ k ɔ b ɛ d
a y e w
n n k ɔ e n o a y ɛ
n n a _ n n a g u a n n w e e
ɔ p ɛ n k o
m m a _ n n b ɛ k e n t u _ ɔ t e w
n n a _ r e k ɔ _ a y a n o
e t i n a s u ɔ t u t u
n n a _ r e b ɛ e s i w ɛ t a
b ɛ r e f r o r r o m e e e
r e k ɔ a _ r e ɔ t a f
b ɛ n k a e ɛ y i _ _ n n n n a e e
b ɛ n n a _ ɛ s a e e
a o w _ ɛ d i e _ m m
n n a _ r e k ɔ ɛ k y i a m m k
n n ɔ t a w e ɛ w o
a o w e t w a f e e
n t ɔ _ e b ɛ m ɛ k u k ɔ s a e k ɔ g e e
r e b ɛ d a e n n h o
b ɛ k ɔ
r e n n i m e n a _ k o e
n n a _ r e b ɛ n t u t w e e
m m m k ɔ y a h y ɛ n o m
a b ɛ ɔ _ n k
n n a _ a k ɔ a k ɔ m s a n e e n a
a k ɔ n o m e a k ɔ p ɛ f o a n n s ɔ s a
b ɛ ɛ k y i
a b ɛ e w e e n k y e a f r
n n a _ n n m b ɔ a e e e
r e k ɔ ɛ g u
m ɔ s u _ r e y
b ɛ o _ n n t i e e
n n n a _ n _ n n y e e
r e b u ɛ b o b
k ɔ f r a e
r e s u e e o e m a _ m
r e m m b ɛ _ a t u ɔ p m f a n n k u m b o
k ɔ _ a k ɔ e e
n n a _ r e k ɔ ɛ h y i ɔ y i _
a n n t o w _
r e k ɔ n e
r e b ɛ _ m u e
n n a _ a b ɛ ɛ k y i
r e n n k ɔ w o t o w
a k ɔ i _ a m p i a e s a _ a s
b ɛ u t o w e e m m
n n a _ r e m m b ɛ _ r e b ɔ h u a
b ɛ _ a s i e s m p ɛ e e e
n n a _ r e b ɛ m b o b
n n a _ n n ɛ b o r e e
k ɔ k e k a g u a
m m b ɛ b ɛ p e e
n n a _ m m b ɛ n e m b ɔ n t i n e
n n a _ r e m m w o n k ɔ b
r e n n k ɔ a m e e ɔ w e e n n t ɔ
b ɔ e
k ɔ r o e e
a n n b ɛ m e
n n a _ a b ɛ e g u ɛ h y e m e n s u
r e k ɔ f i e _ . . a b ɛ
n n a _ a b ɛ e s o ɛ ɛ f r ɛ
a n n n w o a _ n s i
a m m k ɔ o w _ e k ɔ p ɔ b ɔ
a n n f i e m p e
m m a _ n n n n t
n n a _ a b ɛ a k ɔ h
a b ɛ e k ɔ w n h o n t a
b ɛ n k ɔ k ɔ t ɔ n e e
r e k ɔ ɔ e m b ɔ e ɔ t o w
n n a _ a k ɔ d u o r o e b ɛ y
k ɔ ɔ h w t i e f
n n a _ a b ɔ e m k ɔ k ɔ p i k y w _ . a y ɛ
r e a _ n _ s
r e m m b ɛ n k ɔ e m a _ s r ɛ w e
r e b ɛ g u . _ m u
f r a e e s u
b ɛ k u r e k
a m m ɛ k y n h o h m k ɔ s
a n n u a e e g u a r y i _ m b ɛ ɛ d i e
b ɛ t u e e e
n n k ɔ a h w e p ɛ
b ɛ k ɔ s u p i a b ɛ n y n n w i
n n a _ n n k ɔ e d u a a f e e o s o e e
n n a _ a ɛ f o _ a s a
n n a _ r e n n ɔ p e
m m a _ n n ɛ n y i
m m b ɛ _ a y i e p e p w o e n y e w e e
n n a _ a e w e _ n k o e e
a m m b ɛ s o w _ a b o
n n k ɔ w o e e e
a m m k ɔ t i n a t u t e h y
n n a _ r e b ɛ r e t a b ɛ s
r e m m b ɛ ɔ n y a m e _ n g u
n n a _ n n k ɔ d u m e ɔ s o ɛ e t ɔ e k y i e e
m m a _ n n t w y e e k i w e e
n n a _ m m b ɛ b ɛ d i a n o e e
a _ a d
r e m m b ɛ b ɛ m a
a a _ r _ r e w
n n a _ m m b ɛ i n n d i m p i a e e
r e n n a p e p
n n ɛ w i a g u n t ɔ
a n n _ a h u a t a u _ n g e h u a d u a
n n a _ a k ɔ e b ɛ m ɔ s a n
n n a _ r e a h y ɛ y i _
n n a _ a b ɛ y _ . e p ɛ
m m b ɛ e w o s e e
k ɔ ɔ h o h a s u o k ɔ m e e e
k o a e e ɛ t w n n a _
m m b ɛ ɔ _ ɔ _ m p a b u e e
a i w r e b ɛ
r e k ɔ o w e e w o e i e f i n k y e
a m m k ɔ e p i _ a e p e _ a k
r e n n k ɔ a f e e
n n a _ a ɔ t w e
n n a _ r e k ɔ ɛ t w a e e
r e n n t u _ _ a m n h u a
n n k ɔ n t i b ɛ b o
m m a _ n n y i n a . . _ m
r e k ɔ a t a r u a n t i n w e e e k ɔ p e s o ɛ
k ɔ ɔ t ɔ _ ɛ g t ɔ _ n e e
n n a _ n n n k ɔ d b ɛ n o e e
n n a _ r e m m b ɛ o r o a _ a t
r e m m a _ s o w e e
_ a w e _ a k u a r
n n n t u _ n n h w ɛ p i a t u _ ɛ t u t e b ɛ t e e
n n a _ a b ɛ n n w ɔ t ɔ n m e n
n n a _ r e n n k ɔ b ɛ f o a f o w
_ a h o a n e n n h y
n n a _ a k ɔ _ n g n n s a
m m a _ n n m b ɛ d r e p e t e w e ɛ p ɛ e u m e e
n n a _ a k ɔ e f r _ a f a
n n a _ a b ɛ s o w w e y i e
n n a _ n n e b ɛ y e e
a m m k ɔ ɔ b u y e w e ɛ s w o e e
n n a _ n n k ɔ n h w ɛ b ɛ w i a e n n a e e
n h u s u o u o _ r e n n r e k y
a m m b ɛ b n d i _ a n o ɛ p ɛ e
n n a _ m m b ɛ s u o _ n e e
a b ɛ u t u
k ɔ y a a h y i a _ a g
a m m b ɛ ɛ w i k a w ɛ e
r e n n k ɔ ɔ s a n n n w i
n n a _ r e n n n o _ m u a r
a ɔ k a e a w o
_ a k y n t u u _ ɔ t a r
n n a _ n n n k ɔ s i n a e e
m m a _ n n n t o k ɔ h ɔ s a k ɔ m
a n n h u a n k ɔ t a k ɔ k a a k ɔ t
a n k ɔ k n h w ɛ n t w a
ɔ t i n ɔ s a n e k ɔ n
b ɛ o r o i r i e
m p e p ɔ t e w k ɔ m e
a m m a s e a k y i
m m b ɛ m b u e e
a k ɔ ɔ w a k a e f o w
a m m k ɔ u m e e ɛ s r e w i
n n a _ r e n n k ɔ ɔ b o r ɔ k a e e b ɛ b e b ɛ h r e t e
k ɔ n t w a a t w a e e
a p b ɛ b u a _ a f
a m m k ɔ f e e r
n n a _ r e n n k ɔ m k ɔ t ɔ n e e
b ɛ k ɔ t ɔ a f r ɔ _
n n a _ a k ɔ a t o w
r e n n k ɔ b ɛ t a k a n a e w a
r e k ɔ m b ɛ b u m e e n e e
m m a _ n n _ a w u a n s e s e e
n n a _ n n k ɔ p e p a a y a t i e e e
n n a _ r e n n k ɔ n y e w ɛ k ɔ e e s i
k ɔ n w e e n d u a e k ɔ e s o k a y e r e e e
n n a _ r e k ɔ n k y i _ a h o
a m m ɔ s i e f o a y ɛ w
a m m b ɛ n h u a
n n k ɔ ɔ b o a a k u r ɛ e e e
n n a _ r e b ɛ a k ɔ _ k o e e
n n n w e
n n a _ r e k ɔ e t ɔ n
r e n n k ɔ w o n h u
n n a _ n n a _ a y n n h y e e
m m a _ m m t e n a k ɔ k
b ɛ r ɛ n g u a e e
k ɔ k r e t w
r e n n i _ a y a _ n s o w
b ɛ e t w a e n e e e e
n n a _ r e b ɛ s a a t i e
n n a _ r e n n e k ɔ t e h y i e f r a
a k ɔ f r r ɛ e e k y e r
ɛ t i e k y e e e
m m a _ n n ɛ k u e ɛ h u a b ɔ e e
k ɔ ɔ s u _ a w i e e
r e m m b ɛ t ɔ n
r e m m b ɛ ɛ k y e
n n a _ r e n n k ɔ _ a s o
e b o r m a _ e e
r e o _ m m p e m e n e
n n a _ r e _ a m
n n a _ n n ɔ b ɔ e k a m e m a _ e t i k u e e e k a m e e
r e y i
a e h u a s a n
r e n t i n a _ m m m a _ s ɔ t i n
n n a _ a b ɛ a t ɔ _ m k ɔ d a e e
a m m b ɛ _ a b a _ n n
b ɛ e g u o ɛ r e
n n a _ m m b ɛ a t w k ɔ t e e
r e n n ɛ f o w _ a f o
n n a _ r e e n n y ɔ h u ɛ t o e k ɔ _
a m m b ɛ ɔ h y i a d u m
k ɔ a m m m n n y e e e
r e n n f e _ n k e n o m k ɔ f a
k ɔ ɛ h w ɛ e k ɔ m
r e b ɛ o _ m u
r e n n b ɛ p ɛ s i k ɔ t a
ɛ p i ɔ w e e
r e n n k ɔ ɛ d a
a b ɛ r e w i _ r e b
m m b ɛ m m m ɔ t e e e e
a s i k ɔ h o
r e b ɛ ɛ w i e e n n t
m m ɔ m a _ m p a r e s o w e e ɔ d u
r e n n k ɔ f a e y i a a n n d
n n a _ n n k ɔ b ɛ f o _ a f e t u e e
r e b ɛ n k u e
r e e m a _ ɔ n y m b ɛ ɔ s i w a _ r t o w _
n n k ɔ u a n e d a e ɔ n s u e e e
a m m b ɛ y e r a n s u e
n n k ɔ d u n t w
n n k ɔ m t ɔ n e
n n a _ r e m m b ɛ y e w e r e h o ɛ g ɔ t w a
n n a n y a n k ɔ y
m m b ɛ a m m f u o a y i _ e e
b ɛ b ɛ f r e e
n n a _ r e m m b ɛ k ɔ w b ɛ w w a w e
n n a _ r e b ɛ ɛ k e
n n k ɔ r e y p e ɛ y e w
r e b ɛ m k ɔ t
r e k ɔ e f a _ a w e
n n a _ r e n n k ɔ _ a d u a t e b ɛ h o t i e e
n n a _ r e m m b ɛ ɔ _ t i ɔ f
n n a _ a b ɛ k ɔ s o e m m a m e n
n n a _ r e m m b o a e ɔ k a
_ n n e t u t
r e m m b ɛ e m m e k ɔ p
r e n n k ɔ a p ɛ n t a f
r e e t a r ɔ f r ɛ
n n a _ a ɔ n a t o
n n a _ n n n n t u e e
m s a w e o h o ɔ b u e
n n a _ a n o m e d i e e o s o
n t u _ n e t a f
k ɔ m b ɛ b m m b ɛ e e
y a m e ɛ d u m r e w o f r ɛ m b ɛ w t i e e e
n n k ɔ d r ɛ b ɛ d u ɛ y e e
n n a b ɛ t a h u e e
r e k ɔ k o e ɛ e e
r e b ɛ a _ a f ɛ k u _ s o
r e m m b ɛ a n y i ɛ s a w ɛ s o
n n a _ r e k ɔ b u
k ɔ e m a _
n n k ɔ n s i n s u e a y ɛ
n n k ɔ e f r ɛ i a e ɔ n y i e e
k ɔ a b ɔ _ _ a w i m k ɔ k a b ɛ f a k e _ r e p e e
b ɛ i m k ɔ d m f ɛ f
n n k ɔ ɛ w e e m m a a m a e e
n n a _ r e b ɛ a b o r a k e k ɛ g
a m m b ɛ ɛ b u b ɛ n o r e s i
n n a _ r e b ɛ e d m m e
n n a _ r e m m b ɛ ɛ w e e
r e k ɔ m b ɛ m n n n k u s a n
n n a _ r e m m b ɛ y a m e _ a m e
a n n n e e a b ɛ t
m p e p f r a n n k e e
b ɛ r i e k ɔ n ɛ n e e
n n a _ n n k ɔ t w a e h o a n n n e e
m m a _ n n e p ɛ k ɔ e
n n a _ r e k ɔ k ɔ s u r e w i f i e e r e p
n n a _ n n n d a _ _ . . _ b ɛ k a a b ɛ f ɔ h y e e
n n a _ r e n k ɔ k t e n e k ɔ p
a n n ɛ t a e h u a
ɔ k u m k ɔ s
r e ɛ t u _ k o e e
n n k ɔ y e r ɛ n y a ɔ s o
a m m b ɛ n t a m m b o
n n a _ m m b ɛ s o s u a b o r e e
n n a _ r e ɔ h o e k y ɔ m a e
r e m m b ɛ u e e b ɛ n y
r e m m ɔ f r ɛ a n e e
n n a _ r e n n k ɔ r e s o k ɔ t o
n d i s i a f r a e e
n n a _ n n k ɔ e p i a ɛ p ɛ e ɛ t i n e e
a e ɔ n e a g u
r e k ɔ n n d u n n a _
n n a _ n n e d u m e e
n n _ m p a k ɔ s i
k ɔ n t u m p n k o a m
n n a _ r e m m b ɛ f i e ɔ f a e ɛ t e w
a m m k ɔ k ɔ n o e n n g a t a r
r e m m u a n e w a e e n e e
n n a _ m m b ɛ n n t o m b ɛ d e e
r e m m b ɛ h u a e
a r e h e b ɔ _ a k ɔ n
r e s o
a e k ɔ h
r e b ɛ a g r e t a
n n a _ a r e y i
k ɔ ɔ k n y i e e
n n a _ a b ɛ d u ɛ t w a e
n n a _ r e n n k ɔ r e b o a s u a _ a f m m f r a t i e
n n a _ r e n n k ɔ e b ɛ g a t i b ɛ d a
n a b ɛ b _ a s e
a m m b ɛ ɛ b o a r e b o h w ɛ
n n a _ a y i m e ɔ p ɛ e
k ɔ b ɛ h w _ a m a e e
r e m m b ɛ a b ɛ m
n n a _ a k ɔ a h m k ɔ t d a
a m f r ɛ ɛ s u e
n n a _ a k ɔ e n n w a w i ɔ b o
m ɔ y _ r e y
a n n w a w e w o e e
a n n t o w ɔ t o w e f i
a m m k a e e
n n a _ a b ɛ ɔ k y e s a w e
k ɔ ɛ f o e b ɔ e k ɔ m e e
s i w e ɛ t n n d u
n n a _ n n k ɔ t a f e e e
r e n n e k y f e e ɔ b o b
n n a _ n n e t o e e
n n a _ n n k ɔ _ m m m ɛ k e ɛ y e w e e
r e k ɔ a d a _ ɔ t a r
n n k ɔ e r ɛ w e n n s e s o e e
n n a _ a b ɛ e k ɔ m
n n k ɔ a s a w n t ɔ _
n n k ɔ s i w e _ a m e e e
m k ɔ n n t o n n h y
m m m m e n a t o o w e
n n a _ r e b ɛ d a e e ɛ p i a
n n k ɔ m a _ m u t u e a _ a g e e
a b ɛ ɛ k ɔ _ _ a t u
n n a _ n n k ɔ ɛ t a r w i ɔ t i n e e
k ɔ k ɔ d e e
n n a _ a k ɔ a d a _ e k ɔ n ɔ t i e a s o ɛ t u t
k ɔ w o
n n a _ r e b ɛ a t u ɛ f r ɛ
a e k ɔ g a _ r e
i _ a y n d a s a
n n a _ r e m m b ɛ s o ɛ r f r a e p a ɔ w e
r e n n r e b b ɛ h w w o u o _
n n k ɔ t ɔ ɔ f a e k a e e
n n t i _ a k ɔ m p ɛ a b ɛ h e n n d
a b ɛ _ m u e a d i a b ɛ k
n k e k n t w a
n n a _ a b ɛ e f r a
a m f r ɛ ɛ b ɔ e _ a t i
a n n m a e _ n n d
n n a _ r e b ɛ b ɛ t o ɔ s a b ɛ g
n n a _ n n k ɔ r o e e e e
n n a _ r e b ɛ n s i m a _ ɛ n y k ɔ b a y ɛ h u p ɛ e e
b ɛ y i e m a w o s o e e
n n a _ a ɔ b u e b ɛ g u ɛ p ɛ
n n k ɔ k ɔ k a ɔ n y i a _ a y r e f o e e
k ɔ ɔ h w ɔ g ɔ b s o e e
r e n n ɔ n y i e n n g
a k ɔ _ a w e
r e k ɔ p i a ɔ f r ɛ a b o
n n a _ m m b ɛ k ɔ p i e e
r e n n s a w e m k ɔ n i e e
n n a _ n n _ n g u k a m u r e n o e e
n n a _ r e n n e t e w i n a
a w i e ɛ w u a n e
r e n n k ɔ k a e e n k ɔ m
n n a _ n n ɔ s a w _ n n s e e
p e n y i e n d a e e e
r e n n k ɔ m b ɛ b h o h m u
n n a _ a k ɔ t e w e k a w r e k
n n e k ɔ k e t i a _ a g p e k ɔ w o
n n k ɔ a k ɔ y b o r o r a
r e m m ɛ f r ɛ a k ɔ h t u _ n
r e s h u a ɛ t i n _ a n o e e
b ɛ ɔ h o h r e t e a f r ɛ e e
a m m k ɔ r e h w _ a h n t a f a s e e
m m a _ n n m k ɔ k
r e m m b ɛ b ɛ t w
n n k ɔ e m m f p ɛ e e
n n k ɔ . . m m p e e e
a k ɔ n t e w k ɔ h w
n _ r e f ɛ w i e
n n a _ n n k ɔ b ɛ w e d a ɔ d e e
a ɛ t i e ɛ t ɔ
m m a _ m m e p i a ɛ s a f e ɔ k
n n k ɔ _ a k _ r e e k ɔ h r i e t w a
r e n n k ɔ n t o w
k ɔ f i e u e
a _ m ɔ e e ɔ h o e e
m b ɛ g b ɛ p e a b ɔ _ a _ a t r a e k e e
n n ɔ d a a h o h a _ a g
a m m a m u e _ s o
n n a _ r e o h o a ɛ f o w ɛ y e ɔ n e
r e k ɔ a t i ɛ f o w r e y i
n n a _ r e b ɛ _ n k o
r e k ɔ ɔ t u b ɛ t ɔ k ɔ w ɛ h w ɛ r e b o
n n a _ r e k ɔ ɛ y n n y k ɔ p e
n n a _ r e n n k ɔ k ɔ a t ɔ
n n k ɔ m k ɔ w
n n a _ a ɛ f o a n y ɛ n s e b ɔ _ w r e s u
n n ɔ k e k f i e e w _ m m e n
n n a _ r e n n k ɔ i _ a y b ɛ t u
n n k ɔ k ɔ b e d a _ e e
n n a _ r e n n k ɔ n t i e e u e e t e w
r e k ɔ f a e e ɛ d
k ɔ r o e e b o r b ɛ n o e e
r e m m b ɛ h y o s
a b ɛ y ɛ w
b ɛ ɔ y i ɔ w i e e e
ɛ s r e h y e t w a
n n a _ a _ a p ɛ ɔ h u a
r e n n n n h w
n n a _ a b ɛ r ɛ r e k a
n n a _ r e b ɛ s u i n t b u e
n n a _ n n k ɔ e y e e e
n n a _ r e m m b ɛ a h u a ɔ s a
a b ɛ i m e
r e b ɛ m b ɛ y ɛ d i e b ɛ d y ɛ b ɔ
r e n n _ m m w a w
n n a _ r e n n b ɛ d ɛ b o r
n n k ɔ a b u e e e
n n n h y i
n n a _ a b ɛ n y e o m e e
n n a _ n n k ɔ ɔ n y o _ h o r a k ɔ w e e
n n a _ n n b ɛ t e e
h o r o ɛ r ɛ t a f
o _ m t i e e
n n t w a m e d i e e n n g u b ɛ h w e e
a m m b ɛ ɔ d a _ a d _ . . _
n n k ɔ ɔ e e e k ɔ k e e
b ɛ e f a w e e e e
k ɔ d i e e ɛ d u m r e t i e e
n n a _ n n r e k e n n o m a m m k e e
m ɔ m a _
n n k ɔ ɛ t o w n s
m m a _ n n u m e e n k y e
r e m m u _ t u e e a k ɔ m
m m b ɛ r e s u b u e i n t e e
k ɔ b ɛ s u n k o e e
n n k ɔ y e r e
k ɔ e n y i n t u _
r e m m b ɛ r e d a a m m f a b o b
r e k ɔ y i _ s
m m a _ n n a h w ɛ _ m p a
m k ɔ b u k ɔ h
r e n n k ɔ a n e k ɔ t ɔ e w i
n n b ɔ w m k ɔ g e ɛ _ n n n
b ɛ k o a _ a p
n n a _ a _ r e n b ɔ _ w y e w ɛ w e
n n a _ r e m m b ɛ p a ɛ k a a n n n n t a
n n a _ n n n k ɔ g e e
k ɔ ɔ f r ɛ e e
r e k ɔ _ m m f y i _ ɔ w e e
r e m m b ɛ ɛ k ɔ e ɛ w i e _ a g
n n a d a _ n t i n b ɛ w o
n n a _ r e m m a w i e
r e b ɛ a m a
n n a _ n n k ɔ e k ɔ y m k ɔ g b ɛ s i ɛ f r o e e e e
n n k ɔ k a f k ɔ k ɔ ɔ t i n e b ɛ d m b ɛ t
a b ɛ u a o b ɔ g u a n
n n k ɔ b ɛ h ɔ b ɔ n n t o e e
y a k y e r
n n a _ r e n n k ɔ r ɛ w i m e b ɛ s
n n k ɔ ɛ n r e k a b ɛ t o e h w ɛ b ɛ d e e
a n n n n s o m f r a
y e r ɔ t w e e
n r e n o ɛ b o a a k ɔ w
n n a _ r e n n e ɔ n e ɔ d u
k ɔ n k ɔ t r e p e e
n n a _ r e m m b ɛ a b o ɛ p e f o w
n n a _ r e n n k ɔ ɛ b o b w _ a t u t
ɛ y i _ t w a e k ɔ w y a m e r i r e b
n n a _ a b ɛ ɛ d u a
a m m b ɛ e g u i w e
a n n r e m e
k ɔ _ t e b ɛ d a k e
k ɔ a b o b t a f e
n n k ɔ e b o r e b ɔ b ɛ p ɛ
n n a _ r e b ɛ r e s m k ɔ w s o
k ɔ ɛ m e d u a
n n a _ a k ɔ y a m e
a a k ɔ d
a m m r e g e y i _ ɛ t o w
e b ɔ _ m b ɛ y k ɔ s u
n n ɛ h y a k ɔ d n t e w b ɛ t e e e
m f r a b ɛ s ɛ s o ɛ a b ɔ _ n k ɔ m
y i a e d i e ɔ t u
_ a h w _ n n w
n n a _ a k ɔ ɔ k u e e k ɔ s ɔ d i e
n n a _ n n k ɔ w _ k ɔ b u a f r ɛ e e
n n a _ r e w _ _ m m m _ a b r e h w
n n a _ r e m m b ɛ n e e b u e t u e e
r e b ɛ e ɛ w e ɔ t u
n n a _ m m b ɛ ɔ g u _ a w i ɔ h e e
b ɛ u o _ m n n g u
m m a _ m m ɔ k a e r e y e
a m m k ɔ _ m ɔ m b ɛ t w m b u e
a m m k ɔ m p e p n n t w a _ a
r e n n s i e k ɔ g
n n k ɔ a m e n _ a b ɛ a _ a g e e
n n a _ r e b ɛ i _ _ a m e
n n a _ n n k ɔ e r e ɛ a t u _ u t e e
a m m b ɛ a n e
e m e n e e
a n n a _ s h o r o r e g u
n n k ɔ m b ɛ g b o a e
n ɛ k u a n o ɔ t e w
n n a _ n n k ɔ n w e ɔ m a u a e e e
n n a _ r e m m b ɛ t i m e e m m b
i e e a d u a k y i k ɔ p i a s i e e
a m m b ɛ m b ɛ f e k a m a p r e h w
n n a _ r e k ɔ r i e e m m a _
n n a _ m m b ɛ e b o b m f r a e e
r e n n k ɔ i e ɛ e ɛ b u e
k ɔ e n e e ɔ p e w a
_ r e m e t a p a e e
ɛ t ɔ _
n e h o p ɛ e e m k ɔ ɔ y e ɛ h u
n n a _ n n k ɔ p e e k ɔ h i m ɛ p i a g u a i e e e
n n a _ r e b ɛ ɛ b ɔ ɛ f r _ a f
n n a _ r e u _ n n d u ɛ h y
m m p e e b ɛ m e e
n n a _ r e m m i r i e n o m e _ a d u
n n a _ r e m m b ɛ b ɛ w o ɔ d a _
m m a _ n n n a e e r e t
r e k ɔ u a e e e t e w
n n a _ a a _ a f n k ɔ t h u a
n n a _ m m b ɛ ɛ k y b ɛ m a e e
_ a s i
a k ɔ ɔ s a m m p ɛ r e m e
n n a _ a k ɔ h o ɔ n y i r e t
n n a _ r e r e g u
w ɛ e e a r e e e e
n n a _ r e n n k ɔ m m e r e h u _ a t w _ t i e
a m m k ɔ k m f a e n w e e
n n k ɔ n ɛ f a e
n n a _ a k ɔ w i e n d u m t i t e w e ɔ f _ a b ɛ h w
m m b ɛ ɔ y i _ e e
n n a _ r e n n n t a r ɔ s i w
a m m k ɔ ɛ p ɛ r e n o a d u
a m m b ɛ _ a t w m k ɔ b
m m a _ n n ɛ t o w
n n a _ r e b ɛ e e r e r e ɛ
m m a _ m m h o e s a m k ɔ b
n n a _ n n m u a p ɛ e k ɔ s e e
n n a n o a b ɛ g _ a h
_ a m e a t w a
a b ɛ s u e e ɔ p ɛ a m a
n n a _ r e u _ t i e
n n _ w i w e e e n a e
n n a _ n n k ɔ ɛ s a e e
n n a _ n n k ɔ _ a d r e y e e e
e n o e g u a _ a k a e e
n n a _ a b ɛ n t u u m e a s e e
r e ɔ w o b ɛ k
n n a _ r e k a m b ɛ g h o h o
n n a _ r e b ɛ d i e n t ɔ n
n n a _ m m b ɛ ɛ k y i m b ɛ t e b u e e
n n a _ r e n n k ɔ ɔ _ t n k ɔ p
a m m b ɛ a k ɔ s _ a f a
r e k a m b ɛ h y
r e n n n y r a e e r ɛ e
m m a _ n n m f o a b o b m k ɔ f
r e k ɔ e e r e
r e k ɔ s o w e s i n k ɔ b
r e k ɔ r e ɛ r e s i r e g u
n n a _ r e m m k ɔ k y
n n a _ a b ɛ n n k y e m a a m m k
t u t u t w e a _ a k
n n i n a e e
r e k ɔ ɛ s o
n n a _ a e f i e e b ɔ
r e k ɔ r e t a a d i
a b ɛ n y e w f o w e
a b ɛ y e r r e k ɔ n n a _
a m m k ɔ ɔ b ɔ e ɔ f r a e s
m m a _ n n e b ɛ d
r e n n k ɔ m k ɔ s y ɛ w k ɔ t a
r e n n k ɔ k ɔ d a t i e e
n n a _ a ɛ f a e n k y i
n n a _ m m b ɛ m u e e e s i w e e
n n k ɔ f o w e
n n a _ a b o r
a k ɔ y i r i
r e b ɛ k ɔ f o
k ɔ d a _ a e e
b ɛ e h y ɛ m a _
a b ɔ w b ɛ n a k y
n n a _ r e e k ɔ k r e b ɛ
n n a _ a b ɛ ɛ b o a ɛ t w e _ w
n n k ɔ n e m m b a b ɛ s e e
n n a _ r e n n k ɔ ɔ s a n
n n r e n d u a n t w a a _ a w ɔ s a ɛ d i e
b ɛ m m b ɔ y i n e e
n a k ɔ w a m ɔ w o e
b ɛ a _ a t e k a
n n t o
b ɛ n n d n k ɔ s ɛ t e w
r e m m b ɛ _ a k a
n n a _ r e m m b ɛ ɔ d a a n y r e p e
a m m b ɛ a d u m _ a m a k ɔ d k ɔ m
r e n n ɔ t e e f o ɛ m e ɔ y e w m b ɛ y o _ m u
n n k ɔ n k ɔ e
n n a _ n n k ɔ k ɔ p e h y e f r ɛ e e
a b ɛ a _ a h ɔ f a
r e k ɔ f r a e
b ɛ y e r e _ a t w e e
n n a _ r e _ a t n o r e d a
r e n n a b ɛ s a _ a k
n n a _ a n a k a ɛ s a a g
n n a _ r e m m b ɛ ɛ s a e m m p
a k ɔ n g
e g ɔ p
m e y e e y e w
a m m k ɔ ɔ h u a
n n a _ m m b ɛ m m b u e m m p ɔ t a f m m f r o ɛ e e
a b ɛ e b ɛ k
n n a _ a b ɛ e w e d i k ɔ k u
ɔ t o w ɔ t i
e r ɛ w o r o e e e
r e m m b ɛ r e p e a s a m p i
w e ɔ
r e m m t o w
n n a _ r e n n k ɔ _ a w i
n n a _ r e k ɔ ɛ t a f
m m a _ m m ɛ t o ɔ s a w a g u
m m e g u _ a t w
a m m f e t i n
n n k ɔ ɛ k u y i m e e e
r e b ɛ ɛ k u e
n n a _ r e n n a n e e n n d a
n n a _ r e b ɛ m m b ɛ
n n a _ n n k ɔ _ a b u e b o k u e e e
n n a _ r e n n k ɔ k ɔ ɛ t u t t i m b ɛ y e
a n n k ɔ k u e n n t _ t d u k ɔ y e
b ɛ a t a r n t a f
a e n n n e p i e t a
r e n n k ɔ k ɔ t a k y e r a _ a y
n n a _ r e r e t i ɔ t u t
n n a _ m m b ɛ ɛ f a e o h o y a e e
n . _ m u ɛ k ɔ e
a r e n o a _ a f
r e t o y i n a
n n a _ r e n n k ɔ y i e e
n n a _ r e n n ɔ p e p _ a t w
n n a _ a t o w f e ɛ t w e
n n a _ r e n n k ɔ t w e ɔ n n h o e r e
m m b ɛ r e h a f e e m p ɛ e e e
m m n t a r e ɛ
n n k ɔ e t u t t e n e e
n m b n t u t
m m a _ n n a y ɛ ɔ h w w i e e
n n a _ r e b ɛ r e y ɛ t i n
m m a h o
n n a _ r e b ɛ ɔ b u k ɔ m e i a e
k ɔ k r e g u b ɛ y
a b ɛ o _ m u
n n n n y a
n n a _ n n k ɔ n n w e e
n n a _ a r ɛ w n k u
b ɛ p ɛ m b ɛ m
r e b ɛ _ n n w w a e e
n n a _ a _ a b o _ m p a r e b ɛ
e t i r e s o _ a h w n n h u n w o e r
m m b ɛ e t i e e t w e e
n n a _ r e r e k
n n a _ r e n n a b ɔ _ k ɔ p e
r e m m b ɛ n w e _ a m a a _ a k ɔ g u a
a k ɔ e r ɔ p t e n a b ɛ s
n n a _ r e n n n r o f o w e
r e m m ɛ m e n e g u n s a w
a k ɔ e p e u a r e ɔ t u t
n n k ɔ e b o a e b o b n w i m k ɔ b b u e e e e
r e k ɔ ɔ t w ɔ m e ɛ y i e
n n a _ a k ɔ n s i f i e ɔ m
k ɔ k e k u e e m k ɔ m
m m a _ n n n y i m
k u e e _ a n y a h y
m e k u e b u b ɛ h
a n n m k ɔ k
n n a _ a b ɛ e b _ a t o t e w e
a o w _ _ a b ɛ e p a t e
k ɔ b ɛ ɔ t ɔ _ r e k ɛ w i k ɔ b ɔ e e
n n a _ n n a w o n t e e n y e e
m m a _ n n n g a _ k ɔ b
n n k ɔ n n k y e e
r e n n k ɔ b ɛ t i g u a r
n n a _ n n k ɔ _ r e w e g u e e
n n a _ r e n n k ɔ a _ a s _ m m
n n a _ r e b ɛ b ɛ w e k ɔ p e
r e m m m m k k a
n n a _ a k ɔ e p i a ɛ b u n n t e
n n a _ r e k ɔ k ɔ d i f r ɛ p o b r ɛ e ɛ w e ɔ _ n
r e t ɔ n e ɔ d
n n a _ r e n n k ɔ e s i e k ɔ k k ɔ k u
n n a _ a b ɛ ɔ m e n b ɛ p s o e
a m m n n s a b o b ɔ
r e b ɛ e r ɛ e n k y i
m k ɔ t
r e m m b ɛ k ɔ t a m b ɛ p
n n k ɔ i n a e
n n k ɔ n g u a e k ɔ g e e
m k ɔ g _ m p h o
n n a _ r e n n k ɔ n n w e y i
r e m m b ɛ u a r k ɔ k a _ r e s
r e n n _ a t a ɛ b u e
n n a _ n n a t i e e e
k ɔ m m b u ɛ w i a b ɛ g e e
n n a _ r e m m b ɛ e h u _ t i a _ a n
a m m b ɛ o e e t i m p a p e p
r e m m b ɛ e s o ɛ f e e
n n a _ a k ɔ t a r r e g
n n k ɔ m p i a _ a m a e m a _
n n a _ r e k ɔ a _ s o ɔ t ɔ _
n n a _ r e m m b ɛ ɔ t e _ a s e m a _
a n n a _ a k _ a f r a b ɛ w
n n ɛ t a n o m e
n n k ɔ a m m m ɛ k e . . e h u a
n n a _ r e n n k ɔ b ɛ d u _ m m f m m m e
n n k ɔ r e d a y e w e
m m a _ n n k e k a
r e n n m m a _ n t u _
n n ɛ d a _ k ɔ d e e
n n a _ n n k ɔ ɛ t a h o h a _ s o e e
a _ a ɛ t w ɛ e
a b ɛ e g u a m b u e
m m a _ n n r o b ɛ s a ɛ b o b
a a w e ɛ m e n ɔ p ɛ e
n n a _ r e m m b ɛ b k ɔ s i k ɔ k e h o
r e m m b ɛ ɔ y i ɔ m f r
a m m b ɛ n n y e n k ɔ m
a m m k ɔ _ a b u ɔ t i e
r e m m b ɛ ɛ m ɔ t i t i m g u a r
m m b ɛ a m a r o w i e e e
m m e m m p u e
r e n n k ɔ h o _ w a w e e
r e m m b ɛ a k e k ɔ b u a n n h
a k ɔ e n n s r e ɛ
n n ɛ t ɔ _ a d u m e m m f
n n a _ a k ɔ y e r ɛ _ r e s b ɛ k e
m m a _ n n a _ a m e k ɔ n
b ɛ r o e ɔ p i n w o e e
r e n n r e k k a e r i e e f
r e m m b ɛ ɔ h y i
a n n k ɔ n y r i _ a p i
n n a _ r e n n k ɔ i _ a y ɔ k ɔ
a k ɔ h ɛ w i y i e e b o b ɔ a _ a w
a m m _ w ɔ w o e a k ɔ n
n n a _ r e k ɔ _ a t w
m m b ɛ e p a e r e b o ɔ e e i e e n t e w n k ɔ m e e
m m _ w i n t f a e e e
a m m b ɛ ɛ n y i
r e k ɔ m m p e ɛ t ɔ _
m n n h y ɛ g ɛ t ɔ n a n n n
r e b ɛ k ɔ b m f o
b ɛ e ɛ w e
m m b ɛ b ɛ h u b o r o a h o e e
n n a _ a b ɛ a g u a i n
k ɔ ɔ k b ɛ k a
b ɛ _ w a w e e
n n a _ r e n n k ɔ n s i b ɛ p y i n a
n n k ɔ m m p i e e
r e k u _ m b ɛ n
r e m m w e ɛ t e w ɔ k ɔ e
r e n n e h a w e e e t a f ɔ w o s
n n a _ r e a f a a n n y
m m b ɛ k ɔ y a _ a y e e
n n a _ a k ɔ e p i a _ a h m p a e
a m m k ɔ n n h u
n a t a f
a k ɔ _ a t e
r e m m b ɛ t i m e r e p i y e w
p e p a ɛ m e a _ a
a b ɛ _ a d i e b ɛ e _ a s e
n n a _ a b o r i e f i
m m a _ n n n k y i r i e w _ ɛ b ɔ e a n n h
d a _ e k ɔ d
m a d u m
m m a _ n n a b u _ w a w f a e
r e n n t w
n n a _ r e n n k ɔ n t a r e f e k ɔ m
n n a _ r e n n k ɔ r e d u w e r ɛ ɔ n o
n n a _ r e m m g u a r m k ɔ s ɔ b ɔ e b ɛ d i
m m e r e e
n n k ɔ _ a h
n n a b ɛ g a _ r o m i a e e e e
n n k ɔ t o h o h o e f i e e
n n k ɔ a k y e e
n n k ɔ a n n g g u a r e k ɔ k e e
n n k ɔ m a _ e e
n n a _ n n k ɔ g u t w e e
e p i k ɔ t i e e
n n a _ a k ɔ a y i _ e k ɔ k e g u a n t a r _ a t o
n n a _ r e n n e s a s u ɛ d u e b ɛ n
a b ɛ ɔ g u m m e m m
n n m m m e a _ a m
a m m k ɔ ɔ k a e e t u _ _ n n g a y ɛ w
n n k ɔ e k ɔ t e e
k ɔ r e k a n s u e e
k ɔ i w e e w e e
b ɛ h y n n k y
n n ɔ e n t i m p a
n n e m m m m p e t e n
r e n n a p i n s u a k ɔ b
n n h o e e
m m b ɛ m k u a r t i e e e
n n a _ a e w e _ n g ɛ d u m
k ɔ a y e w k ɔ b u a d u a ɔ f a e _ a d
n n a _ n n k ɔ ɛ b ɔ e e f e e
k ɔ ɔ m m e n n k e k
e n n t w e ɔ n e e
_ a p i b ɔ e e e e
n n k ɔ a h u a b ɛ m ɛ s i
m m b ɛ m e n n d u n t ɔ e e
a m m k ɔ b ɛ p ɛ ɛ b u e
k ɔ a _ a t e e
a m m e k ɔ f n e k ɔ b
k ɔ e h y i ɔ s i r e y e a f r a m m p
n n a _ a _ r e d
n n a _ r e n n k ɔ a b ɛ t n k ɔ h
n n k ɔ ɔ m a e b ɛ f e e
r e n n k ɔ f r ɛ e
t i m e m b ɛ y ɛ y e
a b ɛ a k ɔ b
n n h u k ɔ t e e e
r e n n ɛ k ɔ e ɛ k y
n n k ɔ h y ɛ t o a b o r t w a ɛ m a b o
m m b ɛ w e
n n a _ r e a _ m m ɔ k e
r e n n k ɔ o r o e ɔ b u e
n n a _ a k ɔ b ɛ y i s u n g ɔ s u e ɛ b o b a b ɛ s
n n t e n a _ n g u p ɛ e
r e n n k ɔ _ a h u m m a e
n n a _ r e k ɔ n a y e a n e e
a m m k ɔ e b ɛ w a b ɛ w
n n a _ a ɛ k e k ɔ k o b y i _ a
r e n n k ɔ ɛ w o e k o ɛ d a _ a g u a ɔ b u e p e
a k ɔ n o m
b ɛ w k ɔ d u u a n e
n n a _ r e m m b ɛ ɛ s a w
r e t e a f
r e m m b ɛ b u e e m e n e
a n n _ m u m f a e t ɔ a m u
n n a _ r e n n ɛ e ɛ m a
a m m _ a p ɛ ɔ b o
r e k ɔ ɔ p i ɔ y i e
n n a _ m m b ɛ ɔ d u m e e
r e n n k ɔ a t a f _ a t w h o r
a m m k ɔ h y _ a h b ɛ t
a e b u a _ m m ɛ k ɔ e
y ɛ w e h y i e e
n n a _ r e n n n n n d u ɛ w e ɛ k y i
n n a _ r e n n k ɔ e b ɛ m k o
m m a _ n n w e r s e e r e m a
n n a _ r e m m b ɛ e k ɔ y _ w a
e n a ɛ b o ɛ m a e
r e n n k ɔ n n w o k a e a _ a g
a e k e t a r ɔ t w e
e n n g ɛ s u e b ɛ b u
n n a _ a m m b ɔ ɛ w o e
b ɛ ɛ d e b o e e
m m b ɛ n a _ m e f r ɛ e e
n n a _ a e t e n a n n s
n n a _ m m b ɛ n a e e n t ɔ _ e e
n n a _ a e w o s
a n n a b ɛ b e t u _
a e r ɛ e a f r e p e p
b ɛ t w a ɛ b u e e e
n n a _ m m b ɛ a n n w m b ɛ ɔ n e e e e
r e n k a
a b ɛ a p ɛ
ɔ w i e m b ɛ e t i e m m e n o b ɔ i w e e
n n a _ a m b k ɔ e n y i m
y i _ a ɛ t e w n y e d a b
a k ɔ r i e e ɛ k
n n a _ r e k ɔ a n n w a m m k
m m a _ n n a n e r ɛ a e ɛ k ɔ e
r e ɛ b u
a e s i w a w i e
r e b ɛ e m a _ ɔ f r ɛ
n n a _ a k ɔ k k ɔ s u
n n h y n t ɔ
a b ɛ e t i
n n a _ r e a f e e n y i _ b ɛ d u n s a
r e k ɔ a f e e t i ɛ h w ɛ
r e n n ɔ s i r o e
n n a _ a e d a _
ɔ w i e k ɔ g u t u t u
w o e e n y a n n h
b ɛ m k ɔ t e e
n n a _ r e b ɛ ɛ m a k ɔ t
a m m n a e e k ɔ t ɔ
n n a _ n n k ɔ _ a b ɛ a n n w n n n y y e r e n e e e
n n a _ n n k ɔ n e p m f r a r i e e
m m e k ɔ h b ɛ f r a f r ɛ
r e m m b ɛ m p ɛ e
n n a _ m m b ɛ ɛ n i a e e e
n n a _ r e k ɔ _ m n k y e r a a m u ɛ n y a
n n a _ r e n n k ɔ ɛ p r e b ɔ e k ɔ h
b ɛ k a a f a ɛ r w o s o e e
r e m m r e w w a e e b ɔ w ɛ h o h u o _ a w e
n n a _ a k ɔ f r ɛ e
a b ɛ ɛ k y b ɛ s _ m u
n n a _ a _ a s i
n n a _ r e k ɔ m m f a k ɔ h a p i a
n n a _ r e m m b ɛ p ɛ n h y i a t e e n a
n n a _ a b ɛ w a w e h y i
n n k ɔ m
a k e a _ a g k o w ɛ
r e m m b ɛ _ r e h . _ m u e n n s s o w e
m m b ɛ p e p a e e
r e b ɛ o r u t u n n h u g u a n
m m a _ n n a b u e a k y e m m a
a m m b ɛ n s u o
m m a _ n n a d u m e s i ɔ d y i e
m m b ɛ b ɛ m a w ɛ e e e
r e m m b ɛ e b ɛ t a _ b ɛ w o a k a p a e e
n n a _ a k ɔ _ n k _ r e g o w _ .
k ɔ ɔ g u
n n a n y a t o r e w e e e
n n a _ n n k ɔ s a n e n n y d a _ e e
m m a _ n n a _ a g
a e d u ɔ k ɔ b ɔ _
n n k ɔ k ɔ y a _ e n y a a k ɔ p e e
r e b ɛ e g u a f a e b ɛ t ɔ k e k
n n a _ r e ɛ s u e
n n a _ r e n n k ɔ n s o r e k ɔ w a e t i e y e r e n d a
a e d u a _ a b u
r e n n k ɔ n a _ a r e h y ɔ s
r e n n y i e e a k ɔ h
n n a _ a n n t e
b ɛ ɛ b ɔ m m m _ a s i
n n a _ r e n n a w e m p i a
n n a _ r e n n k ɔ p i a e
n n a _ r e n n w a w e
m m a _ n n m b i a b ɔ _ w
k ɔ e e
r e b ɛ y i r ɛ g e p i r e y e . _ m u
n n a _ a k ɔ ɛ t w e ɔ n e e a d a
m m a _ n n _ t i e m b ɛ y
r e m m b ɛ k u w o s o u o _ m
n n a _ r e m m b ɛ m m p
a m m k ɔ a f r ɛ s a n b ɛ f o
b ɛ u _ n g e w o e h m k ɔ k i n t
w _ a t a
k ɔ ɔ t m e
a n n e m a r e g u
n n k ɔ b o b g u a r n t u t a t o w
k ɔ . _ e y e e
r e n n i a n t u t a t w a _ a m
k ɔ a k ɔ t y ɛ w m b ɛ m e e
r e m m b ɛ n a _ m b u e
r e m m b ɛ e d a _ n n d r e d
r a e e m b ɛ t
n n a _ r e b ɛ ɔ h o m m p ɛ
