k u f u l u m i r a
t i d z a f u l u m i r a
t i m a f u l u m i r a
t i n a f u l u m i r a
m u d z a f u l u m i r a
m u m a f u l u m i r a
m u n a f u l u m i r a
a d z a f u l u m i r a
a m a f u l u m i r a
a n a f u l u m i r a
n d i d z a f u l u m i r a
n d i m a f u l u m i r a
n d i n a f u l u m i r a
m u d z a f u l u m i r a
m u m a f u l u m i r a
m u n a f u l u m i r a
a d z a f u l u m i r a
a m a f u l u m i r a
a n a f u l u m i r a
k u t h i r a
t i d z a t h i r a
t i m a t h i r a
t i n a t h i r a
m u d z a t h i r a
m u m a t h i r a
m u n a t h i r a
a d z a t h i r a
a m a t h i r a
a n a t h i r a
n d i d z a t h i r a
n d i m a t h i r a
n d i n a t h i r a
m u d z a t h i r a
m u m a t h i r a
m u n a t h i r a
a d z a t h i r a
a m a t h i r a
a n a t h i r a
k u t e n g a
t i d z a t e n g a
t i m a t e n g a
t i n a t e n g a
m u d z a t e n g a
m u m a t e n g a
m u n a t e n g a
a d z a t e n g a
a m a t e n g a
a n a t e n g a
n d i d z a t e n g a
n d i m a t e n g a
n d i n a t e n g a
m u d z a t e n g a
m u m a t e n g a
m u n a t e n g a
a d z a t e n g a
a m a t e n g a
a n a t e n g a
k u s o w a
t i d z a s o w a
t i m a s o w a
t i n a s o w a
m u d z a s o w a
m u m a s o w a
m u n a s o w a
a d z a s o w a
a m a s o w a
a n a s o w a
n d i d z a s o w a
n d i m a s o w a
n d i n a s o w a
m u d z a s o w a
m u m a s o w a
m u n a s o w a
a d z a s o w a
a m a s o w a
a n a s o w a
k u t e m b e n u k a
t i d z a t e m b e n u k a
t i m a t e m b e n u k a
t i n a t e m b e n u k a
m u d z a t e m b e n u k a
m u m a t e m b e n u k a
m u n a t e m b e n u k a
a d z a t e m b e n u k a
a m a t e m b e n u k a
a n a t e m b e n u k a
n d i d z a t e m b e n u k a
n d i m a t e m b e n u k a
n d i n a t e m b e n u k a
m u d z a t e m b e n u k a
m u m a t e m b e n u k a
m u n a t e m b e n u k a
a d z a t e m b e n u k a
a m a t e m b e n u k a
a n a t e m b e n u k a
k u n u n k h a
t i d z a n u n k h a
t i m a n u n k h a
t i n a n u n k h a
m u d z a n u n k h a
m u m a n u n k h a
m u n a n u n k h a
a d z a n u n k h a
a m a n u n k h a
a n a n u n k h a
n d i d z a n u n k h a
n d i m a n u n k h a
n d i n a n u n k h a
m u d z a n u n k h a
m u m a n u n k h a
m u n a n u n k h a
a d z a n u n k h a
a m a n u n k h a
a n a n u n k h a
k u c h e z a
t i d z a c h e z a
t i m a c h e z a
t i n a c h e z a
m u d z a c h e z a
m u m a c h e z a
m u n a c h e z a
a d z a c h e z a
a m a c h e z a
a n a c h e z a
n d i d z a c h e z a
n d i m a c h e z a
n d i n a c h e z a
m u d z a c h e z a
m u m a c h e z a
m u n a c h e z a
a d z a c h e z a
a m a c h e z a
a n a c h e z a
k u k w i y a
t i d z a k w i y a
t i m a k w i y a
t i n a k w i y a
m u d z a k w i y a
m u m a k w i y a
m u n a k w i y a
a d z a k w i y a
a m a k w i y a
a n a k w i y a
n d i d z a k w i y a
n d i m a k w i y a
n d i n a k w i y a
m u d z a k w i y a
m u m a k w i y a
m u n a k w i y a
a d z a k w i y a
a m a k w i y a
a n a k w i y a
k u l o w a
t i d z a l o w a
t i m a l o w a
t i n a l o w a
m u d z a l o w a
m u m a l o w a
m u n a l o w a
a d z a l o w a
a m a l o w a
a n a l o w a
n d i d z a l o w a
n d i m a l o w a
n d i n a l o w a
m u d z a l o w a
m u m a l o w a
m u n a l o w a
a d z a l o w a
a m a l o w a
a n a l o w a
k u p h u n z i r a
t i d z a p h u n z i r a
t i m a p h u n z i r a
t i n a p h u n z i r a
m u d z a p h u n z i r a
m u m a p h u n z i r a
m u n a p h u n z i r a
a d z a p h u n z i r a
a m a p h u n z i r a
a n a p h u n z i r a
n d i d z a p h u n z i r a
n d i m a p h u n z i r a
n d i n a p h u n z i r a
m u d z a p h u n z i r a
m u m a p h u n z i r a
m u n a p h u n z i r a
a d z a p h u n z i r a
a m a p h u n z i r a
a n a p h u n z i r a
k u t e n t h a
t i d z a t e n t h a
t i m a t e n t h a
t i n a t e n t h a
m u d z a t e n t h a
m u m a t e n t h a
m u n a t e n t h a
a d z a t e n t h a
a m a t e n t h a
a n a t e n t h a
n d i d z a t e n t h a
n d i m a t e n t h a
n d i n a t e n t h a
m u d z a t e n t h a
m u m a t e n t h a
m u n a t e n t h a
a d z a t e n t h a
a m a t e n t h a
a n a t e n t h a
k u c h i m w a
t i d z a c h i m w a
t i m a c h i m w a
t i n a c h i m w a
m u d z a c h i m w a
m u m a c h i m w a
m u n a c h i m w a
a d z a c h i m w a
a m a c h i m w a
a n a c h i m w a
n d i d z a c h i m w a
n d i m a c h i m w a
n d i n a c h i m w a
m u d z a c h i m w a
m u m a c h i m w a
m u n a c h i m w a
a d z a c h i m w a
a m a c h i m w a
a n a c h i m w a
k u k h u d z a
t i d z a k h u d z a
t i m a k h u d z a
t i n a k h u d z a
m u d z a k h u d z a
m u m a k h u d z a
m u n a k h u d z a
a d z a k h u d z a
a m a k h u d z a
a n a k h u d z a
n d i d z a k h u d z a
n d i m a k h u d z a
n d i n a k h u d z a
m u d z a k h u d z a
m u m a k h u d z a
m u n a k h u d z a
a d z a k h u d z a
a m a k h u d z a
a n a k h u d z a
k u d z o l a
t i d z a d z o l a
t i m a d z o l a
t i n a d z o l a
m u d z a d z o l a
m u m a d z o l a
m u n a d z o l a
a d z a d z o l a
a m a d z o l a
a n a d z o l a
n d i d z a d z o l a
n d i m a d z o l a
n d i n a d z o l a
m u d z a d z o l a
m u m a d z o l a
m u n a d z o l a
a d z a d z o l a
a m a d z o l a
a n a d z o l a
k u b z a l a
t i d z a b z a l a
t i m a b z a l a
t i n a b z a l a
m u d z a b z a l a
m u m a b z a l a
m u n a b z a l a
a d z a b z a l a
a m a b z a l a
a n a b z a l a
n d i d z a b z a l a
n d i m a b z a l a
n d i n a b z a l a
m u d z a b z a l a
m u m a b z a l a
m u n a b z a l a
a d z a b z a l a
a m a b z a l a
a n a b z a l a
k u g a w a
t i d z a g a w a
t i m a g a w a
t i n a g a w a
m u d z a g a w a
m u m a g a w a
m u n a g a w a
a d z a g a w a
a m a g a w a
a n a g a w a
n d i d z a g a w a
n d i m a g a w a
n d i n a g a w a
m u d z a g a w a
m u m a g a w a
m u n a g a w a
a d z a g a w a
a m a g a w a
a n a g a w a
k u c h e d w a
t i d z a c h e d w a
t i m a c h e d w a
t i n a c h e d w a
m u d z a c h e d w a
m u m a c h e d w a
m u n a c h e d w a
a d z a c h e d w a
a m a c h e d w a
a n a c h e d w a
n d i d z a c h e d w a
n d i m a c h e d w a
n d i n a c h e d w a
m u d z a c h e d w a
m u m a c h e d w a
m u n a c h e d w a
a d z a c h e d w a
a m a c h e d w a
a n a c h e d w a
k u t u l u k a
t i d z a t u l u k a
t i m a t u l u k a
t i n a t u l u k a
m u d z a t u l u k a
m u m a t u l u k a
m u n a t u l u k a
a d z a t u l u k a
a m a t u l u k a
a n a t u l u k a
n d i d z a t u l u k a
n d i m a t u l u k a
n d i n a t u l u k a
m u d z a t u l u k a
m u m a t u l u k a
m u n a t u l u k a
a d z a t u l u k a
a m a t u l u k a
a n a t u l u k a
k u k w a n a
t i d z a k w a n a
t i m a k w a n a
t i n a k w a n a
m u d z a k w a n a
m u m a k w a n a
m u n a k w a n a
a d z a k w a n a
a m a k w a n a
a n a k w a n a
n d i d z a k w a n a
n d i m a k w a n a
n d i n a k w a n a
m u d z a k w a n a
m u m a k w a n a
m u n a k w a n a
a d z a k w a n a
a m a k w a n a
a n a k w a n a
k u d i k i r a
t i d z a d i k i r a
t i m a d i k i r a
t i n a d i k i r a
m u d z a d i k i r a
m u m a d i k i r a
m u n a d i k i r a
a d z a d i k i r a
a m a d i k i r a
a n a d i k i r a
n d i d z a d i k i r a
n d i m a d i k i r a
n d i n a d i k i r a
m u d z a d i k i r a
m u m a d i k i r a
m u n a d i k i r a
a d z a d i k i r a
a m a d i k i r a
a n a d i k i r a
k u l i p i r a
t i d z a l i p i r a
t i m a l i p i r a
t i n a l i p i r a
m u d z a l i p i r a
m u m a l i p i r a
m u n a l i p i r a
a d z a l i p i r a
a m a l i p i r a
a n a l i p i r a
n d i d z a l i p i r a
n d i m a l i p i r a
n d i n a l i p i r a
m u d z a l i p i r a
m u m a l i p i r a
m u n a l i p i r a
a d z a l i p i r a
a m a l i p i r a
a n a l i p i r a
k u b v a l a
t i d z a b v a l a
t i m a b v a l a
t i n a b v a l a
m u d z a b v a l a
m u m a b v a l a
m u n a b v a l a
a d z a b v a l a
a m a b v a l a
a n a b v a l a
n d i d z a b v a l a
n d i m a b v a l a
n d i n a b v a l a
m u d z a b v a l a
m u m a b v a l a
m u n a b v a l a
a d z a b v a l a
a m a b v a l a
a n a b v a l a
k u y a n g ' a n a
t i d z a y a n g ' a n a
t i m a y a n g ' a n a
t i n a y a n g ' a n a
m u d z a y a n g ' a n a
m u m a y a n g ' a n a
m u n a y a n g ' a n a
a d z a y a n g ' a n a
a m a y a n g ' a n a
a n a y a n g ' a n a
n d i d z a y a n g ' a n a
n d i m a y a n g ' a n a
n d i n a y a n g ' a n a
m u d z a y a n g ' a n a
m u m a y a n g ' a n a
m u n a y a n g ' a n a
a d z a y a n g ' a n a
a m a y a n g ' a n a
a n a y a n g ' a n a
k u t h a m a n g a
t i d z a t h a m a n g a
t i m a t h a m a n g a
t i n a t h a m a n g a
m u d z a t h a m a n g a
m u m a t h a m a n g a
m u n a t h a m a n g a
a d z a t h a m a n g a
a m a t h a m a n g a
a n a t h a m a n g a
n d i d z a t h a m a n g a
n d i m a t h a m a n g a
n d i n a t h a m a n g a
m u d z a t h a m a n g a
m u m a t h a m a n g a
m u n a t h a m a n g a
a d z a t h a m a n g a
a m a t h a m a n g a
a n a t h a m a n g a
k u n e n a
t i d z a n e n a
t i m a n e n a
t i n a n e n a
m u d z a n e n a
m u m a n e n a
m u n a n e n a
a d z a n e n a
a m a n e n a
a n a n e n a
n d i d z a n e n a
n d i m a n e n a
n d i n a n e n a
m u d z a n e n a
m u m a n e n a
m u n a n e n a
a d z a n e n a
a m a n e n a
a n a n e n a
k u z u n g u l i r a
t i d z a z u n g u l i r a
t i m a z u n g u l i r a
t i n a z u n g u l i r a
m u d z a z u n g u l i r a
m u m a z u n g u l i r a
m u n a z u n g u l i r a
a d z a z u n g u l i r a
a m a z u n g u l i r a
a n a z u n g u l i r a
n d i d z a z u n g u l i r a
n d i m a z u n g u l i r a
n d i n a z u n g u l i r a
m u d z a z u n g u l i r a
m u m a z u n g u l i r a
m u n a z u n g u l i r a
a d z a z u n g u l i r a
a m a z u n g u l i r a
a n a z u n g u l i r a
k u t s i k a
t i d z a t s i k a
t i m a t s i k a
t i n a t s i k a
m u d z a t s i k a
m u m a t s i k a
m u n a t s i k a
a d z a t s i k a
a m a t s i k a
a n a t s i k a
n d i d z a t s i k a
n d i m a t s i k a
n d i n a t s i k a
m u d z a t s i k a
m u m a t s i k a
m u n a t s i k a
a d z a t s i k a
a m a t s i k a
a n a t s i k a
k u b a t i z a
t i d z a b a t i z a
t i m a b a t i z a
t i n a b a t i z a
m u d z a b a t i z a
m u m a b a t i z a
m u n a b a t i z a
a d z a b a t i z a
a m a b a t i z a
a n a b a t i z a
n d i d z a b a t i z a
n d i m a b a t i z a
n d i n a b a t i z a
m u d z a b a t i z a
m u m a b a t i z a
m u n a b a t i z a
a d z a b a t i z a
a m a b a t i z a
a n a b a t i z a
k u b w e r a
t i d z a b w e r a
t i m a b w e r a
t i n a b w e r a
m u d z a b w e r a
m u m a b w e r a
m u n a b w e r a
a d z a b w e r a
a m a b w e r a
a n a b w e r a
n d i d z a b w e r a
n d i m a b w e r a
n d i n a b w e r a
m u d z a b w e r a
m u m a b w e r a
m u n a b w e r a
a d z a b w e r a
a m a b w e r a
a n a b w e r a
k u n a m a
t i d z a n a m a
t i m a n a m a
t i n a n a m a
m u d z a n a m a
m u m a n a m a
m u n a n a m a
a d z a n a m a
a m a n a m a
a n a n a m a
n d i d z a n a m a
n d i m a n a m a
n d i n a n a m a
m u d z a n a m a
m u m a n a m a
m u n a n a m a
a d z a n a m a
a m a n a m a
a n a n a m a
k u t o l a
t i d z a t o l a
t i m a t o l a
t i n a t o l a
m u d z a t o l a
m u m a t o l a
m u n a t o l a
a d z a t o l a
a m a t o l a
a n a t o l a
n d i d z a t o l a
n d i m a t o l a
n d i n a t o l a
m u d z a t o l a
m u m a t o l a
m u n a t o l a
a d z a t o l a
a m a t o l a
a n a t o l a
k u l o i a
t i d z a l o i a
t i m a l o i a
t i n a l o i a
m u d z a l o i a
m u m a l o i a
m u n a l o i a
a d z a l o i a
a m a l o i a
a n a l o i a
n d i d z a l o i a
n d i m a l o i a
n d i n a l o i a
m u d z a l o i a
m u m a l o i a
m u n a l o i a
a d z a l o i a
a m a l o i a
a n a l o i a
k u p a t s a
t i d z a p a t s a
t i m a p a t s a
t i n a p a t s a
m u d z a p a t s a
m u m a p a t s a
m u n a p a t s a
a d z a p a t s a
a m a p a t s a
a n a p a t s a
n d i d z a p a t s a
n d i m a p a t s a
n d i n a p a t s a
m u d z a p a t s a
m u m a p a t s a
m u n a p a t s a
a d z a p a t s a
a m a p a t s a
a n a p a t s a
k u k h u t a
t i d z a k h u t a
t i m a k h u t a
t i n a k h u t a
m u d z a k h u t a
m u m a k h u t a
m u n a k h u t a
a d z a k h u t a
a m a k h u t a
a n a k h u t a
n d i d z a k h u t a
n d i m a k h u t a
n d i n a k h u t a
m u d z a k h u t a
m u m a k h u t a
m u n a k h u t a
a d z a k h u t a
a m a k h u t a
a n a k h u t a
k u s a n g a l a l a
t i d z a s a n g a l a l a
t i m a s a n g a l a l a
t i n a s a n g a l a l a
m u d z a s a n g a l a l a
m u m a s a n g a l a l a
m u n a s a n g a l a l a
a d z a s a n g a l a l a
a m a s a n g a l a l a
a n a s a n g a l a l a
n d i d z a s a n g a l a l a
n d i m a s a n g a l a l a
n d i n a s a n g a l a l a
m u d z a s a n g a l a l a
m u m a s a n g a l a l a
m u n a s a n g a l a l a
a d z a s a n g a l a l a
a m a s a n g a l a l a
a n a s a n g a l a l a
k u y e n e r a
t i d z a y e n e r a
t i m a y e n e r a
t i n a y e n e r a
m u d z a y e n e r a
m u m a y e n e r a
m u n a y e n e r a
a d z a y e n e r a
a m a y e n e r a
a n a y e n e r a
n d i d z a y e n e r a
n d i m a y e n e r a
n d i n a y e n e r a
m u d z a y e n e r a
m u m a y e n e r a
m u n a y e n e r a
a d z a y e n e r a
a m a y e n e r a
a n a y e n e r a
k u b a d w a
t i d z a b a d w a
t i m a b a d w a
t i n a b a d w a
m u d z a b a d w a
m u m a b a d w a
m u n a b a d w a
a d z a b a d w a
a m a b a d w a
a n a b a d w a
n d i d z a b a d w a
n d i m a b a d w a
n d i n a b a d w a
m u d z a b a d w a
m u m a b a d w a
m u n a b a d w a
a d z a b a d w a
a m a b a d w a
a n a b a d w a
k u f u u l a
t i d z a f u u l a
t i m a f u u l a
t i n a f u u l a
m u d z a f u u l a
m u m a f u u l a
m u n a f u u l a
a d z a f u u l a
a m a f u u l a
a n a f u u l a
n d i d z a f u u l a
n d i m a f u u l a
n d i n a f u u l a
m u d z a f u u l a
m u m a f u u l a
m u n a f u u l a
a d z a f u u l a
a m a f u u l a
a n a f u u l a
k u n t c h i t o
t i d z a n t c h i t o
t i m a n t c h i t o
t i n a n t c h i t o
m u d z a n t c h i t o
m u m a n t c h i t o
m u n a n t c h i t o
a d z a n t c h i t o
a m a n t c h i t o
a n a n t c h i t o
n d i d z a n t c h i t o
n d i m a n t c h i t o
n d i n a n t c h i t o
m u d z a n t c h i t o
m u m a n t c h i t o
m u n a n t c h i t o
a d z a n t c h i t o
a m a n t c h i t o
a n a n t c h i t o
k u k a m b a
t i d z a k a m b a
t i m a k a m b a
t i n a k a m b a
m u d z a k a m b a
m u m a k a m b a
m u n a k a m b a
a d z a k a m b a
a m a k a m b a
a n a k a m b a
n d i d z a k a m b a
n d i m a k a m b a
n d i n a k a m b a
m u d z a k a m b a
m u m a k a m b a
m u n a k a m b a
a d z a k a m b a
a m a k a m b a
a n a k a m b a
k u c h i r a
t i d z a c h i r a
t i m a c h i r a
t i n a c h i r a
m u d z a c h i r a
m u m a c h i r a
m u n a c h i r a
a d z a c h i r a
a m a c h i r a
a n a c h i r a
n d i d z a c h i r a
n d i m a c h i r a
n d i n a c h i r a
m u d z a c h i r a
m u m a c h i r a
m u n a c h i r a
a d z a c h i r a
a m a c h i r a
a n a c h i r a
k u f e w a
t i d z a f e w a
t i m a f e w a
t i n a f e w a
m u d z a f e w a
m u m a f e w a
m u n a f e w a
a d z a f e w a
a m a f e w a
a n a f e w a
n d i d z a f e w a
n d i m a f e w a
n d i n a f e w a
m u d z a f e w a
m u m a f e w a
m u n a f e w a
a d z a f e w a
a m a f e w a
a n a f e w a
k u t c h a
t i d z a t c h a
t i m a t c h a
t i n a t c h a
m u d z a t c h a
m u m a t c h a
m u n a t c h a
a d z a t c h a
a m a t c h a
a n a t c h a
n d i d z a t c h a
n d i m a t c h a
n d i n a t c h a
m u d z a t c h a
m u m a t c h a
m u n a t c h a
a d z a t c h a
a m a t c h a
a n a t c h a
k u v i n a
t i d z a v i n a
t i m a v i n a
t i n a v i n a
m u d z a v i n a
m u m a v i n a
m u n a v i n a
a d z a v i n a
a m a v i n a
a n a v i n a
n d i d z a v i n a
n d i m a v i n a
n d i n a v i n a
m u d z a v i n a
m u m a v i n a
m u n a v i n a
a d z a v i n a
a m a v i n a
a n a v i n a
k u t a n t h a u z a
t i d z a t a n t h a u z a
t i m a t a n t h a u z a
t i n a t a n t h a u z a
m u d z a t a n t h a u z a
m u m a t a n t h a u z a
m u n a t a n t h a u z a
a d z a t a n t h a u z a
a m a t a n t h a u z a
a n a t a n t h a u z a
n d i d z a t a n t h a u z a
n d i m a t a n t h a u z a
n d i n a t a n t h a u z a
m u d z a t a n t h a u z a
m u m a t a n t h a u z a
m u n a t a n t h a u z a
a d z a t a n t h a u z a
a m a t a n t h a u z a
a n a t a n t h a u z a
k u k o m a
t i d z a k o m a
t i m a k o m a
t i n a k o m a
m u d z a k o m a
m u m a k o m a
m u n a k o m a
a d z a k o m a
a m a k o m a
a n a k o m a
n d i d z a k o m a
n d i m a k o m a
n d i n a k o m a
m u d z a k o m a
m u m a k o m a
m u n a k o m a
a d z a k o m a
a m a k o m a
a n a k o m a
k u m a l i z a
t i d z a m a l i z a
t i m a m a l i z a
t i n a m a l i z a
m u d z a m a l i z a
m u m a m a l i z a
m u n a m a l i z a
a d z a m a l i z a
a m a m a l i z a
a n a m a l i z a
n d i d z a m a l i z a
n d i m a m a l i z a
n d i n a m a l i z a
m u d z a m a l i z a
m u m a m a l i z a
m u n a m a l i z a
a d z a m a l i z a
a m a m a l i z a
a n a m a l i z a
k u d y a
t i d z a d y a
t i m a d y a
t i n a d y a
m u d z a d y a
m u m a d y a
m u n a d y a
a d z a d y a
a m a d y a
a n a d y a
n d i d z a d y a
n d i m a d y a
n d i n a d y a
m u d z a d y a
m u m a d y a
m u n a d y a
a d z a d y a
a m a d y a
a n a d y a
k u t s a n z i r a
t i d z a t s a n z i r a
t i m a t s a n z i r a
t i n a t s a n z i r a
m u d z a t s a n z i r a
m u m a t s a n z i r a
m u n a t s a n z i r a
a d z a t s a n z i r a
a m a t s a n z i r a
a n a t s a n z i r a
n d i d z a t s a n z i r a
n d i m a t s a n z i r a
n d i n a t s a n z i r a
m u d z a t s a n z i r a
m u m a t s a n z i r a
m u n a t s a n z i r a
a d z a t s a n z i r a
a m a t s a n z i r a
a n a t s a n z i r a
k u d w a l a
t i d z a d w a l a
t i m a d w a l a
t i n a d w a l a
m u d z a d w a l a
m u m a d w a l a
m u n a d w a l a
a d z a d w a l a
a m a d w a l a
a n a d w a l a
n d i d z a d w a l a
n d i m a d w a l a
n d i n a d w a l a
m u d z a d w a l a
m u m a d w a l a
m u n a d w a l a
a d z a d w a l a
a m a d w a l a
a n a d w a l a
k u l u m a
t i d z a l u m a
t i m a l u m a
t i n a l u m a
m u d z a l u m a
m u m a l u m a
m u n a l u m a
a d z a l u m a
a m a l u m a
a n a l u m a
n d i d z a l u m a
n d i m a l u m a
n d i n a l u m a
m u d z a l u m a
m u m a l u m a
m u n a l u m a
a d z a l u m a
a m a l u m a
a n a l u m a
k u s e k a
t i d z a s e k a
t i m a s e k a
t i n a s e k a
m u d z a s e k a
m u m a s e k a
m u n a s e k a
a d z a s e k a
a m a s e k a
a n a s e k a
n d i d z a s e k a
n d i m a s e k a
n d i n a s e k a
m u d z a s e k a
m u m a s e k a
m u n a s e k a
a d z a s e k a
a m a s e k a
a n a s e k a
k u y a n k h u l a
t i d z a y a n k h u l a
t i m a y a n k h u l a
t i n a y a n k h u l a
m u d z a y a n k h u l a
m u m a y a n k h u l a
m u n a y a n k h u l a
a d z a y a n k h u l a
a m a y a n k h u l a
a n a y a n k h u l a
n d i d z a y a n k h u l a
n d i m a y a n k h u l a
n d i n a y a n k h u l a
m u d z a y a n k h u l a
m u m a y a n k h u l a
m u n a y a n k h u l a
a d z a y a n k h u l a
a m a y a n k h u l a
a n a y a n k h u l a
k u s o n k h a
t i d z a s o n k h a
t i m a s o n k h a
t i n a s o n k h a
m u d z a s o n k h a
m u m a s o n k h a
m u n a s o n k h a
a d z a s o n k h a
a m a s o n k h a
a n a s o n k h a
n d i d z a s o n k h a
n d i m a s o n k h a
n d i n a s o n k h a
m u d z a s o n k h a
m u m a s o n k h a
m u n a s o n k h a
a d z a s o n k h a
a m a s o n k h a
a n a s o n k h a
k u l a m u l a
t i d z a l a m u l a
t i m a l a m u l a
t i n a l a m u l a
m u d z a l a m u l a
m u m a l a m u l a
m u n a l a m u l a
a d z a l a m u l a
a m a l a m u l a
a n a l a m u l a
n d i d z a l a m u l a
n d i m a l a m u l a
n d i n a l a m u l a
m u d z a l a m u l a
m u m a l a m u l a
m u n a l a m u l a
a d z a l a m u l a
a m a l a m u l a
a n a l a m u l a
k u y a k a
t i d z a y a k a
t i m a y a k a
t i n a y a k a
m u d z a y a k a
m u m a y a k a
m u n a y a k a
a d z a y a k a
a m a y a k a
a n a y a k a
n d i d z a y a k a
n d i m a y a k a
n d i n a y a k a
m u d z a y a k a
m u m a y a k a
m u n a y a k a
a d z a y a k a
a m a y a k a
a n a y a k a
k u p o s a
t i d z a p o s a
t i m a p o s a
t i n a p o s a
m u d z a p o s a
m u m a p o s a
m u n a p o s a
a d z a p o s a
a m a p o s a
a n a p o s a
n d i d z a p o s a
n d i m a p o s a
n d i n a p o s a
m u d z a p o s a
m u m a p o s a
m u n a p o s a
a d z a p o s a
a m a p o s a
a n a p o s a
k u b a y a
t i d z a b a y a
t i m a b a y a
t i n a b a y a
m u d z a b a y a
m u m a b a y a
m u n a b a y a
a d z a b a y a
a m a b a y a
a n a b a y a
n d i d z a b a y a
n d i m a b a y a
n d i n a b a y a
m u d z a b a y a
m u m a b a y a
m u n a b a y a
a d z a b a y a
a m a b a y a
a n a b a y a
k u i m b a
t i d z a i m b a
t i m a i m b a
t i n a i m b a
m u d z a i m b a
m u m a i m b a
m u n a i m b a
a d z a i m b a
a m a i m b a
a n a i m b a
n d i d z a i m b a
n d i m a i m b a
n d i n a i m b a
m u d z a i m b a
m u m a i m b a
m u n a i m b a
a d z a i m b a
a m a i m b a
a n a i m b a
k u m a n g a
t i d z a m a n g a
t i m a m a n g a
t i n a m a n g a
m u d z a m a n g a
m u m a m a n g a
m u n a m a n g a
a d z a m a n g a
a m a m a n g a
a n a m a n g a
n d i d z a m a n g a
n d i m a m a n g a
n d i n a m a n g a
m u d z a m a n g a
m u m a m a n g a
m u n a m a n g a
a d z a m a n g a
a m a m a n g a
a n a m a n g a
k u i m w a
t i d z a i m w a
t i m a i m w a
t i n a i m w a
m u d z a i m w a
m u m a i m w a
m u n a i m w a
a d z a i m w a
a m a i m w a
a n a i m w a
n d i d z a i m w a
n d i m a i m w a
n d i n a i m w a
m u d z a i m w a
m u m a i m w a
m u n a i m w a
a d z a i m w a
a m a i m w a
a n a i m w a
k u c h e n j e r a
t i d z a c h e n j e r a
t i m a c h e n j e r a
t i n a c h e n j e r a
m u d z a c h e n j e r a
m u m a c h e n j e r a
m u n a c h e n j e r a
a d z a c h e n j e r a
a m a c h e n j e r a
a n a c h e n j e r a
n d i d z a c h e n j e r a
n d i m a c h e n j e r a
n d i n a c h e n j e r a
m u d z a c h e n j e r a
m u m a c h e n j e r a
m u n a c h e n j e r a
a d z a c h e n j e r a
a m a c h e n j e r a
a n a c h e n j e r a
k u z i n d i k i r a
t i d z a z i n d i k i r a
t i m a z i n d i k i r a
t i n a z i n d i k i r a
m u d z a z i n d i k i r a
m u m a z i n d i k i r a
m u n a z i n d i k i r a
a d z a z i n d i k i r a
a m a z i n d i k i r a
a n a z i n d i k i r a
n d i d z a z i n d i k i r a
n d i m a z i n d i k i r a
n d i n a z i n d i k i r a
m u d z a z i n d i k i r a
m u m a z i n d i k i r a
m u n a z i n d i k i r a
a d z a z i n d i k i r a
a m a z i n d i k i r a
a n a z i n d i k i r a
k u k a n a
t i d z a k a n a
t i m a k a n a
t i n a k a n a
m u d z a k a n a
m u m a k a n a
m u n a k a n a
a d z a k a n a
a m a k a n a
a n a k a n a
n d i d z a k a n a
n d i m a k a n a
n d i n a k a n a
m u d z a k a n a
m u m a k a n a
m u n a k a n a
a d z a k a n a
a m a k a n a
a n a k a n a
k u s a u k a
t i d z a s a u k a
t i m a s a u k a
t i n a s a u k a
m u d z a s a u k a
m u m a s a u k a
m u n a s a u k a
a d z a s a u k a
a m a s a u k a
a n a s a u k a
n d i d z a s a u k a
n d i m a s a u k a
n d i n a s a u k a
m u d z a s a u k a
m u m a s a u k a
m u n a s a u k a
a d z a s a u k a
a m a s a u k a
a n a s a u k a
k u b v i n a
t i d z a b v i n a
t i m a b v i n a
t i n a b v i n a
m u d z a b v i n a
m u m a b v i n a
m u n a b v i n a
a d z a b v i n a
a m a b v i n a
a n a b v i n a
n d i d z a b v i n a
n d i m a b v i n a
n d i n a b v i n a
m u d z a b v i n a
m u m a b v i n a
m u n a b v i n a
a d z a b v i n a
a m a b v i n a
a n a b v i n a
k u d z i w a
t i d z a d z i w a
t i m a d z i w a
t i n a d z i w a
m u d z a d z i w a
m u m a d z i w a
m u n a d z i w a
a d z a d z i w a
a m a d z i w a
a n a d z i w a
n d i d z a d z i w a
n d i m a d z i w a
n d i n a d z i w a
m u d z a d z i w a
m u m a d z i w a
m u n a d z i w a
a d z a d z i w a
a m a d z i w a
a n a d z i w a
k u f i k a
t i d z a f i k a
t i m a f i k a
t i n a f i k a
m u d z a f i k a
m u m a f i k a
m u n a f i k a
a d z a f i k a
a m a f i k a
a n a f i k a
n d i d z a f i k a
n d i m a f i k a
n d i n a f i k a
m u d z a f i k a
m u m a f i k a
m u n a f i k a
a d z a f i k a
a m a f i k a
a n a f i k a
k u p s y a
t i d z a p s y a
t i m a p s y a
t i n a p s y a
m u d z a p s y a
m u m a p s y a
m u n a p s y a
a d z a p s y a
a m a p s y a
a n a p s y a
n d i d z a p s y a
n d i m a p s y a
n d i n a p s y a
m u d z a p s y a
m u m a p s y a
m u n a p s y a
a d z a p s y a
a m a p s y a
a n a p s y a
k u n y a n s a
t i d z a n y a n s a
t i m a n y a n s a
t i n a n y a n s a
m u d z a n y a n s a
m u m a n y a n s a
m u n a n y a n s a
a d z a n y a n s a
a m a n y a n s a
a n a n y a n s a
n d i d z a n y a n s a
n d i m a n y a n s a
n d i n a n y a n s a
m u d z a n y a n s a
m u m a n y a n s a
m u n a n y a n s a
a d z a n y a n s a
a m a n y a n s a
a n a n y a n s a
k u g o g o d a
t i d z a g o g o d a
t i m a g o g o d a
t i n a g o g o d a
m u d z a g o g o d a
m u m a g o g o d a
m u n a g o g o d a
a d z a g o g o d a
a m a g o g o d a
a n a g o g o d a
n d i d z a g o g o d a
n d i m a g o g o d a
n d i n a g o g o d a
m u d z a g o g o d a
m u m a g o g o d a
m u n a g o g o d a
a d z a g o g o d a
a m a g o g o d a
a n a g o g o d a
k u d z a
t i d z a d z a
t i m a d z a
t i n a d z a
m u d z a d z a
m u m a d z a
m u n a d z a
a d z a d z a
a m a d z a
a n a d z a
n d i d z a d z a
n d i m a d z a
n d i n a d z a
m u d z a d z a
m u m a d z a
m u n a d z a
a d z a d z a
a m a d z a
a n a d z a
k u o l o k a
t i d z a o l o k a
t i m a o l o k a
t i n a o l o k a
m u d z a o l o k a
m u m a o l o k a
m u n a o l o k a
a d z a o l o k a
a m a o l o k a
a n a o l o k a
n d i d z a o l o k a
n d i m a o l o k a
n d i n a o l o k a
m u d z a o l o k a
m u m a o l o k a
m u n a o l o k a
a d z a o l o k a
a m a o l o k a
a n a o l o k a
k u s a n d u k a
t i d z a s a n d u k a
t i m a s a n d u k a
t i n a s a n d u k a
m u d z a s a n d u k a
m u m a s a n d u k a
m u n a s a n d u k a
a d z a s a n d u k a
a m a s a n d u k a
a n a s a n d u k a
n d i d z a s a n d u k a
n d i m a s a n d u k a
n d i n a s a n d u k a
m u d z a s a n d u k a
m u m a s a n d u k a
m u n a s a n d u k a
a d z a s a n d u k a
a m a s a n d u k a
a n a s a n d u k a
k u b v u t a
t i d z a b v u t a
t i m a b v u t a
t i n a b v u t a
m u d z a b v u t a
m u m a b v u t a
m u n a b v u t a
a d z a b v u t a
a m a b v u t a
a n a b v u t a
n d i d z a b v u t a
n d i m a b v u t a
n d i n a b v u t a
m u d z a b v u t a
m u m a b v u t a
m u n a b v u t a
a d z a b v u t a
a m a b v u t a
a n a b v u t a
k u t o p a
t i d z a t o p a
t i m a t o p a
t i n a t o p a
m u d z a t o p a
m u m a t o p a
m u n a t o p a
a d z a t o p a
a m a t o p a
a n a t o p a
n d i d z a t o p a
n d i m a t o p a
n d i n a t o p a
m u d z a t o p a
m u m a t o p a
m u n a t o p a
a d z a t o p a
a m a t o p a
a n a t o p a
k u m a s u l a
t i d z a m a s u l a
t i m a m a s u l a
t i n a m a s u l a
m u d z a m a s u l a
m u m a m a s u l a
m u n a m a s u l a
a d z a m a s u l a
a m a m a s u l a
a n a m a s u l a
n d i d z a m a s u l a
n d i m a m a s u l a
n d i n a m a s u l a
m u d z a m a s u l a
m u m a m a s u l a
m u n a m a s u l a
a d z a m a s u l a
a m a m a s u l a
a n a m a s u l a
k u l a n d a
t i d z a l a n d a
t i m a l a n d a
t i n a l a n d a
m u d z a l a n d a
m u m a l a n d a
m u n a l a n d a
a d z a l a n d a
a m a l a n d a
a n a l a n d a
n d i d z a l a n d a
n d i m a l a n d a
n d i n a l a n d a
m u d z a l a n d a
m u m a l a n d a
m u n a l a n d a
a d z a l a n d a
a m a l a n d a
a n a l a n d a
k u l i m b a
t i d z a l i m b a
t i m a l i m b a
t i n a l i m b a
m u d z a l i m b a
m u m a l i m b a
m u n a l i m b a
a d z a l i m b a
a m a l i m b a
a n a l i m b a
n d i d z a l i m b a
n d i m a l i m b a
n d i n a l i m b a
m u d z a l i m b a
m u m a l i m b a
m u n a l i m b a
a d z a l i m b a
a m a l i m b a
a n a l i m b a
k u s a m a l a
t i d z a s a m a l a
t i m a s a m a l a
t i n a s a m a l a
m u d z a s a m a l a
m u m a s a m a l a
m u n a s a m a l a
a d z a s a m a l a
a m a s a m a l a
a n a s a m a l a
n d i d z a s a m a l a
n d i m a s a m a l a
n d i n a s a m a l a
m u d z a s a m a l a
m u m a s a m a l a
m u n a s a m a l a
a d z a s a m a l a
a m a s a m a l a
a n a s a m a l a
k u l i m a
t i d z a l i m a
t i m a l i m a
t i n a l i m a
m u d z a l i m a
m u m a l i m a
m u n a l i m a
a d z a l i m a
a m a l i m a
a n a l i m a
n d i d z a l i m a
n d i m a l i m a
n d i n a l i m a
m u d z a l i m a
m u m a l i m a
m u n a l i m a
a d z a l i m a
a m a l i m a
a n a l i m a
k u s u n g a
t i d z a s u n g a
t i m a s u n g a
t i n a s u n g a
m u d z a s u n g a
m u m a s u n g a
m u n a s u n g a
a d z a s u n g a
a m a s u n g a
a n a s u n g a
n d i d z a s u n g a
n d i m a s u n g a
n d i n a s u n g a
m u d z a s u n g a
m u m a s u n g a
m u n a s u n g a
a d z a s u n g a
a m a s u n g a
a n a s u n g a
k u o n a
t i d z a o n a
t i m a o n a
t i n a o n a
m u d z a o n a
m u m a o n a
m u n a o n a
a d z a o n a
a m a o n a
a n a o n a
n d i d z a o n a
n d i m a o n a
n d i n a o n a
m u d z a o n a
m u m a o n a
m u n a o n a
a d z a o n a
a m a o n a
a n a o n a
k u k o n d w a
t i d z a k o n d w a
t i m a k o n d w a
t i n a k o n d w a
m u d z a k o n d w a
m u m a k o n d w a
m u n a k o n d w a
a d z a k o n d w a
a m a k o n d w a
a n a k o n d w a
n d i d z a k o n d w a
n d i m a k o n d w a
n d i n a k o n d w a
m u d z a k o n d w a
m u m a k o n d w a
m u n a k o n d w a
a d z a k o n d w a
a m a k o n d w a
a n a k o n d w a
k u g a n i z a
t i d z a g a n i z a
t i m a g a n i z a
t i n a g a n i z a
m u d z a g a n i z a
m u m a g a n i z a
m u n a g a n i z a
a d z a g a n i z a
a m a g a n i z a
a n a g a n i z a
n d i d z a g a n i z a
n d i m a g a n i z a
n d i n a g a n i z a
m u d z a g a n i z a
m u m a g a n i z a
m u n a g a n i z a
a d z a g a n i z a
a m a g a n i z a
a n a g a n i z a
k u l a k w a
t i d z a l a k w a
t i m a l a k w a
t i n a l a k w a
m u d z a l a k w a
m u m a l a k w a
m u n a l a k w a
a d z a l a k w a
a m a l a k w a
a n a l a k w a
n d i d z a l a k w a
n d i m a l a k w a
n d i n a l a k w a
m u d z a l a k w a
m u m a l a k w a
m u n a l a k w a
a d z a l a k w a
a m a l a k w a
a n a l a k w a
k u k h u l u p i r a
t i d z a k h u l u p i r a
t i m a k h u l u p i r a
t i n a k h u l u p i r a
m u d z a k h u l u p i r a
m u m a k h u l u p i r a
m u n a k h u l u p i r a
a d z a k h u l u p i r a
a m a k h u l u p i r a
a n a k h u l u p i r a
n d i d z a k h u l u p i r a
n d i m a k h u l u p i r a
n d i n a k h u l u p i r a
m u d z a k h u l u p i r a
m u m a k h u l u p i r a
m u n a k h u l u p i r a
a d z a k h u l u p i r a
a m a k h u l u p i r a
a n a k h u l u p i r a
k u p i t a n i
t i d z a p i t a n i
t i m a p i t a n i
t i n a p i t a n i
m u d z a p i t a n i
m u m a p i t a n i
m u n a p i t a n i
a d z a p i t a n i
a m a p i t a n i
a n a p i t a n i
n d i d z a p i t a n i
n d i m a p i t a n i
n d i n a p i t a n i
m u d z a p i t a n i
m u m a p i t a n i
m u n a p i t a n i
a d z a p i t a n i
a m a p i t a n i
a n a p i t a n i
k u y e n d a
t i d z a y e n d a
t i m a y e n d a
t i n a y e n d a
m u d z a y e n d a
m u m a y e n d a
m u n a y e n d a
a d z a y e n d a
a m a y e n d a
a n a y e n d a
n d i d z a y e n d a
n d i m a y e n d a
n d i n a y e n d a
m u d z a y e n d a
m u m a y e n d a
m u n a y e n d a
a d z a y e n d a
a m a y e n d a
a n a y e n d a
k u t s e k a
t i d z a t s e k a
t i m a t s e k a
t i n a t s e k a
m u d z a t s e k a
m u m a t s e k a
m u n a t s e k a
a d z a t s e k a
a m a t s e k a
a n a t s e k a
n d i d z a t s e k a
n d i m a t s e k a
n d i n a t s e k a
m u d z a t s e k a
m u m a t s e k a
m u n a t s e k a
a d z a t s e k a
a m a t s e k a
a n a t s e k a
k u b o o l a
t i d z a b o o l a
t i m a b o o l a
t i n a b o o l a
m u d z a b o o l a
m u m a b o o l a
m u n a b o o l a
a d z a b o o l a
a m a b o o l a
a n a b o o l a
n d i d z a b o o l a
n d i m a b o o l a
n d i n a b o o l a
m u d z a b o o l a
m u m a b o o l a
m u n a b o o l a
a d z a b o o l a
a m a b o o l a
a n a b o o l a
k u p h i k a
t i d z a p h i k a
t i m a p h i k a
t i n a p h i k a
m u d z a p h i k a
m u m a p h i k a
m u n a p h i k a
a d z a p h i k a
a m a p h i k a
a n a p h i k a
n d i d z a p h i k a
n d i m a p h i k a
n d i n a p h i k a
m u d z a p h i k a
m u m a p h i k a
m u n a p h i k a
a d z a p h i k a
a m a p h i k a
a n a p h i k a
k u m w a
t i d z a m w a
t i m a m w a
t i n a m w a
m u d z a m w a
m u m a m w a
m u n a m w a
a d z a m w a
a m a m w a
a n a m w a
n d i d z a m w a
n d i m a m w a
n d i n a m w a
m u d z a m w a
m u m a m w a
m u n a m w a
a d z a m w a
a m a m w a
a n a m w a
k u f u n s a n i
t i d z a f u n s a n i
t i m a f u n s a n i
t i n a f u n s a n i
m u d z a f u n s a n i
m u m a f u n s a n i
m u n a f u n s a n i
a d z a f u n s a n i
a m a f u n s a n i
a n a f u n s a n i
n d i d z a f u n s a n i
n d i m a f u n s a n i
n d i n a f u n s a n i
m u d z a f u n s a n i
m u m a f u n s a n i
m u n a f u n s a n i
a d z a f u n s a n i
a m a f u n s a n i
a n a f u n s a n i
k u k o n z a
t i d z a k o n z a
t i m a k o n z a
t i n a k o n z a
m u d z a k o n z a
m u m a k o n z a
m u n a k o n z a
a d z a k o n z a
a m a k o n z a
a n a k o n z a
n d i d z a k o n z a
n d i m a k o n z a
n d i n a k o n z a
m u d z a k o n z a
m u m a k o n z a
m u n a k o n z a
a d z a k o n z a
a m a k o n z a
a n a k o n z a
k u o n g o l a
t i d z a o n g o l a
t i m a o n g o l a
t i n a o n g o l a
m u d z a o n g o l a
m u m a o n g o l a
m u n a o n g o l a
a d z a o n g o l a
a m a o n g o l a
a n a o n g o l a
n d i d z a o n g o l a
n d i m a o n g o l a
n d i n a o n g o l a
m u d z a o n g o l a
m u m a o n g o l a
m u n a o n g o l a
a d z a o n g o l a
a m a o n g o l a
a n a o n g o l a
k u c h i t a
t i d z a c h i t a
t i m a c h i t a
t i n a c h i t a
m u d z a c h i t a
m u m a c h i t a
m u n a c h i t a
a d z a c h i t a
a m a c h i t a
a n a c h i t a
n d i d z a c h i t a
n d i m a c h i t a
n d i n a c h i t a
m u d z a c h i t a
m u m a c h i t a
m u n a c h i t a
a d z a c h i t a
a m a c h i t a
a n a c h i t a
k u r e r u k a
t i d z a r e r u k a
t i m a r e r u k a
t i n a r e r u k a
m u d z a r e r u k a
m u m a r e r u k a
m u n a r e r u k a
a d z a r e r u k a
a m a r e r u k a
a n a r e r u k a
n d i d z a r e r u k a
n d i m a r e r u k a
n d i n a r e r u k a
m u d z a r e r u k a
m u m a r e r u k a
m u n a r e r u k a
a d z a r e r u k a
a m a r e r u k a
a n a r e r u k a
k u k o l a
t i d z a k o l a
t i m a k o l a
t i n a k o l a
m u d z a k o l a
m u m a k o l a
m u n a k o l a
a d z a k o l a
a m a k o l a
a n a k o l a
n d i d z a k o l a
n d i m a k o l a
n d i n a k o l a
m u d z a k o l a
m u m a k o l a
m u n a k o l a
a d z a k o l a
a m a k o l a
a n a k o l a
k u t a y a
t i d z a t a y a
t i m a t a y a
t i n a t a y a
m u d z a t a y a
m u m a t a y a
m u n a t a y a
a d z a t a y a
a m a t a y a
a n a t a y a
n d i d z a t a y a
n d i m a t a y a
n d i n a t a y a
m u d z a t a y a
m u m a t a y a
m u n a t a y a
a d z a t a y a
a m a t a y a
a n a t a y a
k u n y e n g a
t i d z a n y e n g a
t i m a n y e n g a
t i n a n y e n g a
m u d z a n y e n g a
m u m a n y e n g a
m u n a n y e n g a
a d z a n y e n g a
a m a n y e n g a
a n a n y e n g a
n d i d z a n y e n g a
n d i m a n y e n g a
n d i n a n y e n g a
m u d z a n y e n g a
m u m a n y e n g a
m u n a n y e n g a
a d z a n y e n g a
a m a n y e n g a
a n a n y e n g a
k u s i n j a
t i d z a s i n j a
t i m a s i n j a
t i n a s i n j a
m u d z a s i n j a
m u m a s i n j a
m u n a s i n j a
a d z a s i n j a
a m a s i n j a
a n a s i n j a
n d i d z a s i n j a
n d i m a s i n j a
n d i n a s i n j a
m u d z a s i n j a
m u m a s i n j a
m u n a s i n j a
a d z a s i n j a
a m a s i n j a
a n a s i n j a
k u p i t a
t i d z a p i t a
t i m a p i t a
t i n a p i t a
m u d z a p i t a
m u m a p i t a
m u n a p i t a
a d z a p i t a
a m a p i t a
a n a p i t a
n d i d z a p i t a
n d i m a p i t a
n d i n a p i t a
m u d z a p i t a
m u m a p i t a
m u n a p i t a
a d z a p i t a
a m a p i t a
a n a p i t a
k u y a l a
t i d z a y a l a
t i m a y a l a
t i n a y a l a
m u d z a y a l a
m u m a y a l a
m u n a y a l a
a d z a y a l a
a m a y a l a
a n a y a l a
n d i d z a y a l a
n d i m a y a l a
n d i n a y a l a
m u d z a y a l a
m u m a y a l a
m u n a y a l a
a d z a y a l a
a m a y a l a
a n a y a l a
k u k u m b u k a
t i d z a k u m b u k a
t i m a k u m b u k a
t i n a k u m b u k a
m u d z a k u m b u k a
m u m a k u m b u k a
m u n a k u m b u k a
a d z a k u m b u k a
a m a k u m b u k a
a n a k u m b u k a
n d i d z a k u m b u k a
n d i m a k u m b u k a
n d i n a k u m b u k a
m u d z a k u m b u k a
m u m a k u m b u k a
m u n a k u m b u k a
a d z a k u m b u k a
a m a k u m b u k a
a n a k u m b u k a
k u s i r i r a
t i d z a s i r i r a
t i m a s i r i r a
t i n a s i r i r a
m u d z a s i r i r a
m u m a s i r i r a
m u n a s i r i r a
a d z a s i r i r a
a m a s i r i r a
a n a s i r i r a
n d i d z a s i r i r a
n d i m a s i r i r a
n d i n a s i r i r a
m u d z a s i r i r a
m u m a s i r i r a
m u n a s i r i r a
a d z a s i r i r a
a m a s i r i r a
a n a s i r i r a
k u w e r e n g a
t i d z a w e r e n g a
t i m a w e r e n g a
t i n a w e r e n g a
m u d z a w e r e n g a
m u m a w e r e n g a
m u n a w e r e n g a
a d z a w e r e n g a
a m a w e r e n g a
a n a w e r e n g a
n d i d z a w e r e n g a
n d i m a w e r e n g a
n d i n a w e r e n g a
m u d z a w e r e n g a
m u m a w e r e n g a
m u n a w e r e n g a
a d z a w e r e n g a
a m a w e r e n g a
a n a w e r e n g a
k u b v u l a l a
t i d z a b v u l a l a
t i m a b v u l a l a
t i n a b v u l a l a
m u d z a b v u l a l a
m u m a b v u l a l a
m u n a b v u l a l a
a d z a b v u l a l a
a m a b v u l a l a
a n a b v u l a l a
n d i d z a b v u l a l a
n d i m a b v u l a l a
n d i n a b v u l a l a
m u d z a b v u l a l a
m u m a b v u l a l a
m u n a b v u l a l a
a d z a b v u l a l a
a m a b v u l a l a
a n a b v u l a l a
k u f a
t i d z a f a
t i m a f a
t i n a f a
m u d z a f a
m u m a f a
m u n a f a
a d z a f a
a m a f a
a n a f a
n d i d z a f a
n d i m a f a
n d i n a f a
m u d z a f a
m u m a f a
m u n a f a
a d z a f a
a m a f a
a n a f a
k u b w e z a
t i d z a b w e z a
t i m a b w e z a
t i n a b w e z a
m u d z a b w e z a
m u m a b w e z a
m u n a b w e z a
a d z a b w e z a
a m a b w e z a
a n a b w e z a
n d i d z a b w e z a
n d i m a b w e z a
n d i n a b w e z a
m u d z a b w e z a
m u m a b w e z a
m u n a b w e z a
a d z a b w e z a
a m a b w e z a
a n a b w e z a
k u w e r u z a
t i d z a w e r u z a
t i m a w e r u z a
t i n a w e r u z a
m u d z a w e r u z a
m u m a w e r u z a
m u n a w e r u z a
a d z a w e r u z a
a m a w e r u z a
a n a w e r u z a
n d i d z a w e r u z a
n d i m a w e r u z a
n d i n a w e r u z a
m u d z a w e r u z a
m u m a w e r u z a
m u n a w e r u z a
a d z a w e r u z a
a m a w e r u z a
a n a w e r u z a
k u y a n d k i r a
t i d z a y a n d k i r a
t i m a y a n d k i r a
t i n a y a n d k i r a
m u d z a y a n d k i r a
m u m a y a n d k i r a
m u n a y a n d k i r a
a d z a y a n d k i r a
a m a y a n d k i r a
a n a y a n d k i r a
n d i d z a y a n d k i r a
n d i m a y a n d k i r a
n d i n a y a n d k i r a
m u d z a y a n d k i r a
m u m a y a n d k i r a
m u n a y a n d k i r a
a d z a y a n d k i r a
a m a y a n d k i r a
a n a y a n d k i r a
k u s a k a n i z a
t i d z a s a k a n i z a
t i m a s a k a n i z a
t i n a s a k a n i z a
m u d z a s a k a n i z a
m u m a s a k a n i z a
m u n a s a k a n i z a
a d z a s a k a n i z a
a m a s a k a n i z a
a n a s a k a n i z a
n d i d z a s a k a n i z a
n d i m a s a k a n i z a
n d i n a s a k a n i z a
m u d z a s a k a n i z a
m u m a s a k a n i z a
m u n a s a k a n i z a
a d z a s a k a n i z a
a m a s a k a n i z a
a n a s a k a n i z a
k u b i s a
t i d z a b i s a
t i m a b i s a
t i n a b i s a
m u d z a b i s a
m u m a b i s a
m u n a b i s a
a d z a b i s a
a m a b i s a
a n a b i s a
n d i d z a b i s a
n d i m a b i s a
n d i n a b i s a
m u d z a b i s a
m u m a b i s a
m u n a b i s a
a d z a b i s a
a m a b i s a
a n a b i s a
k u k h u m u d w a
t i d z a k h u m u d w a
t i m a k h u m u d w a
t i n a k h u m u d w a
m u d z a k h u m u d w a
m u m a k h u m u d w a
m u n a k h u m u d w a
a d z a k h u m u d w a
a m a k h u m u d w a
a n a k h u m u d w a
n d i d z a k h u m u d w a
n d i m a k h u m u d w a
n d i n a k h u m u d w a
m u d z a k h u m u d w a
m u m a k h u m u d w a
m u n a k h u m u d w a
a d z a k h u m u d w a
a m a k h u m u d w a
a n a k h u m u d w a
k u p e r e k a
t i d z a p e r e k a
t i m a p e r e k a
t i n a p e r e k a
m u d z a p e r e k a
m u m a p e r e k a
m u n a p e r e k a
a d z a p e r e k a
a m a p e r e k a
a n a p e r e k a
n d i d z a p e r e k a
n d i m a p e r e k a
n d i n a p e r e k a
m u d z a p e r e k a
m u m a p e r e k a
m u n a p e r e k a
a d z a p e r e k a
a m a p e r e k a
a n a p e r e k a
k u p u l u m u t s a
t i d z a p u l u m u t s a
t i m a p u l u m u t s a
t i n a p u l u m u t s a
m u d z a p u l u m u t s a
m u m a p u l u m u t s a
m u n a p u l u m u t s a
a d z a p u l u m u t s a
a m a p u l u m u t s a
a n a p u l u m u t s a
n d i d z a p u l u m u t s a
n d i m a p u l u m u t s a
n d i n a p u l u m u t s a
m u d z a p u l u m u t s a
m u m a p u l u m u t s a
m u n a p u l u m u t s a
a d z a p u l u m u t s a
a m a p u l u m u t s a
a n a p u l u m u t s a
k u p h a
t i d z a p h a
t i m a p h a
t i n a p h a
m u d z a p h a
m u m a p h a
m u n a p h a
a d z a p h a
a m a p h a
a n a p h a
n d i d z a p h a
n d i m a p h a
n d i n a p h a
m u d z a p h a
m u m a p h a
m u n a p h a
a d z a p h a
a m a p h a
a n a p h a
k u p i n d a
t i d z a p i n d a
t i m a p i n d a
t i n a p i n d a
m u d z a p i n d a
m u m a p i n d a
m u n a p i n d a
a d z a p i n d a
a m a p i n d a
a n a p i n d a
n d i d z a p i n d a
n d i m a p i n d a
n d i n a p i n d a
m u d z a p i n d a
m u m a p i n d a
m u n a p i n d a
a d z a p i n d a
a m a p i n d a
a n a p i n d a
k u t h a w a
t i d z a t h a w a
t i m a t h a w a
t i n a t h a w a
m u d z a t h a w a
m u m a t h a w a
m u n a t h a w a
a d z a t h a w a
a m a t h a w a
a n a t h a w a
n d i d z a t h a w a
n d i m a t h a w a
n d i n a t h a w a
m u d z a t h a w a
m u m a t h a w a
m u n a t h a w a
a d z a t h a w a
a m a t h a w a
a n a t h a w a
k u d z a l a
t i d z a d z a l a
t i m a d z a l a
t i n a d z a l a
m u d z a d z a l a
m u m a d z a l a
m u n a d z a l a
a d z a d z a l a
a m a d z a l a
a n a d z a l a
n d i d z a d z a l a
n d i m a d z a l a
n d i n a d z a l a
m u d z a d z a l a
m u m a d z a l a
m u n a d z a l a
a d z a d z a l a
a m a d z a l a
a n a d z a l a
k u k o n d a
t i d z a k o n d a
t i m a k o n d a
t i n a k o n d a
m u d z a k o n d a
m u m a k o n d a
m u n a k o n d a
a d z a k o n d a
a m a k o n d a
a n a k o n d a
n d i d z a k o n d a
n d i m a k o n d a
n d i n a k o n d a
m u d z a k o n d a
m u m a k o n d a
m u n a k o n d a
a d z a k o n d a
a m a k o n d a
a n a k o n d a
k u g u n d a
t i d z a g u n d a
t i m a g u n d a
t i n a g u n d a
m u d z a g u n d a
m u m a g u n d a
m u n a g u n d a
a d z a g u n d a
a m a g u n d a
a n a g u n d a
n d i d z a g u n d a
n d i m a g u n d a
n d i n a g u n d a
m u d z a g u n d a
m u m a g u n d a
m u n a g u n d a
a d z a g u n d a
a m a g u n d a
a n a g u n d a
k u n y a d a
t i d z a n y a d a
t i m a n y a d a
t i n a n y a d a
m u d z a n y a d a
m u m a n y a d a
m u n a n y a d a
a d z a n y a d a
a m a n y a d a
a n a n y a d a
n d i d z a n y a d a
n d i m a n y a d a
n d i n a n y a d a
m u d z a n y a d a
m u m a n y a d a
m u n a n y a d a
a d z a n y a d a
a m a n y a d a
a n a n y a d a
k u t h o k o z a
t i d z a t h o k o z a
t i m a t h o k o z a
t i n a t h o k o z a
m u d z a t h o k o z a
m u m a t h o k o z a
m u n a t h o k o z a
a d z a t h o k o z a
a m a t h o k o z a
a n a t h o k o z a
n d i d z a t h o k o z a
n d i m a t h o k o z a
n d i n a t h o k o z a
m u d z a t h o k o z a
m u m a t h o k o z a
m u n a t h o k o z a
a d z a t h o k o z a
a m a t h o k o z a
a n a t h o k o z a
k u f u n a
t i d z a f u n a
t i m a f u n a
t i n a f u n a
m u d z a f u n a
m u m a f u n a
m u n a f u n a
a d z a f u n a
a m a f u n a
a n a f u n a
n d i d z a f u n a
n d i m a f u n a
n d i n a f u n a
m u d z a f u n a
m u m a f u n a
m u n a f u n a
a d z a f u n a
a m a f u n a
a n a f u n a
k u g o n a
t i d z a g o n a
t i m a g o n a
t i n a g o n a
m u d z a g o n a
m u m a g o n a
m u n a g o n a
a d z a g o n a
a m a g o n a
a n a g o n a
n d i d z a g o n a
n d i m a g o n a
n d i n a g o n a
m u d z a g o n a
m u m a g o n a
m u n a g o n a
a d z a g o n a
a m a g o n a
a n a g o n a
k u z u n z a
t i d z a z u n z a
t i m a z u n z a
t i n a z u n z a
m u d z a z u n z a
m u m a z u n z a
m u n a z u n z a
a d z a z u n z a
a m a z u n z a
a n a z u n z a
n d i d z a z u n z a
n d i m a z u n z a
n d i n a z u n z a
m u d z a z u n z a
m u m a z u n z a
m u n a z u n z a
a d z a z u n z a
a m a z u n z a
a n a z u n z a
k u l i r a
t i d z a l i r a
t i m a l i r a
t i n a l i r a
m u d z a l i r a
m u m a l i r a
m u n a l i r a
a d z a l i r a
a m a l i r a
a n a l i r a
n d i d z a l i r a
n d i m a l i r a
n d i n a l i r a
m u d z a l i r a
m u m a l i r a
m u n a l i r a
a d z a l i r a
a m a l i r a
a n a l i r a
k u d z u k a
t i d z a d z u k a
t i m a d z u k a
t i n a d z u k a
m u d z a d z u k a
m u m a d z u k a
m u n a d z u k a
a d z a d z u k a
a m a d z u k a
a n a d z u k a
n d i d z a d z u k a
n d i m a d z u k a
n d i n a d z u k a
m u d z a d z u k a
m u m a d z u k a
m u n a d z u k a
a d z a d z u k a
a m a d z u k a
a n a d z u k a
k u y e m b e k e z a
t i d z a y e m b e k e z a
t i m a y e m b e k e z a
t i n a y e m b e k e z a
m u d z a y e m b e k e z a
m u m a y e m b e k e z a
m u n a y e m b e k e z a
a d z a y e m b e k e z a
a m a y e m b e k e z a
a n a y e m b e k e z a
n d i d z a y e m b e k e z a
n d i m a y e m b e k e z a
n d i n a y e m b e k e z a
m u d z a y e m b e k e z a
m u m a y e m b e k e z a
m u n a y e m b e k e z a
a d z a y e m b e k e z a
a m a y e m b e k e z a
a n a y e m b e k e z a
k u m v a
t i d z a m v a
t i m a m v a
t i n a m v a
m u d z a m v a
m u m a m v a
m u n a m v a
a d z a m v a
a m a m v a
a n a m v a
n d i d z a m v a
n d i m a m v a
n d i n a m v a
m u d z a m v a
m u m a m v a
m u n a m v a
a d z a m v a
a m a m v a
a n a m v a
k u d u l a
t i d z a d u l a
t i m a d u l a
t i n a d u l a
m u d z a d u l a
m u m a d u l a
m u n a d u l a
a d z a d u l a
a m a d u l a
a n a d u l a
n d i d z a d u l a
n d i m a d u l a
n d i n a d u l a
m u d z a d u l a
m u m a d u l a
m u n a d u l a
a d z a d u l a
a m a d u l a
a n a d u l a
k u l o n j e z a
t i d z a l o n j e z a
t i m a l o n j e z a
t i n a l o n j e z a
m u d z a l o n j e z a
m u m a l o n j e z a
m u n a l o n j e z a
a d z a l o n j e z a
a m a l o n j e z a
a n a l o n j e z a
n d i d z a l o n j e z a
n d i m a l o n j e z a
n d i n a l o n j e z a
m u d z a l o n j e z a
m u m a l o n j e z a
m u n a l o n j e z a
a d z a l o n j e z a
a m a l o n j e z a
a n a l o n j e z a
k u s o k o n e z a
t i d z a s o k o n e z a
t i m a s o k o n e z a
t i n a s o k o n e z a
m u d z a s o k o n e z a
m u m a s o k o n e z a
m u n a s o k o n e z a
a d z a s o k o n e z a
a m a s o k o n e z a
a n a s o k o n e z a
n d i d z a s o k o n e z a
n d i m a s o k o n e z a
n d i n a s o k o n e z a
m u d z a s o k o n e z a
m u m a s o k o n e z a
m u n a s o k o n e z a
a d z a s o k o n e z a
a m a s o k o n e z a
a n a s o k o n e z a
k u t a l i k a
t i d z a t a l i k a
t i m a t a l i k a
t i n a t a l i k a
m u d z a t a l i k a
m u m a t a l i k a
m u n a t a l i k a
a d z a t a l i k a
a m a t a l i k a
a n a t a l i k a
n d i d z a t a l i k a
n d i m a t a l i k a
n d i n a t a l i k a
m u d z a t a l i k a
m u m a t a l i k a
m u n a t a l i k a
a d z a t a l i k a
a m a t a l i k a
a n a t a l i k a
k u b i s a l a
t i d z a b i s a l a
t i m a b i s a l a
t i n a b i s a l a
m u d z a b i s a l a
m u m a b i s a l a
m u n a b i s a l a
a d z a b i s a l a
a m a b i s a l a
a n a b i s a l a
n d i d z a b i s a l a
n d i m a b i s a l a
n d i n a b i s a l a
m u d z a b i s a l a
m u m a b i s a l a
m u n a b i s a l a
a d z a b i s a l a
a m a b i s a l a
a n a b i s a l a
k u c h u l u k a
t i d z a c h u l u k a
t i m a c h u l u k a
t i n a c h u l u k a
m u d z a c h u l u k a
m u m a c h u l u k a
m u n a c h u l u k a
a d z a c h u l u k a
a m a c h u l u k a
a n a c h u l u k a
n d i d z a c h u l u k a
n d i m a c h u l u k a
n d i n a c h u l u k a
m u d z a c h u l u k a
m u m a c h u l u k a
m u n a c h u l u k a
a d z a c h u l u k a
a m a c h u l u k a
a n a c h u l u k a
k u k w a t a
t i d z a k w a t a
t i m a k w a t a
t i n a k w a t a
m u d z a k w a t a
m u m a k w a t a
m u n a k w a t a
a d z a k w a t a
a m a k w a t a
a n a k w a t a
n d i d z a k w a t a
n d i m a k w a t a
n d i n a k w a t a
m u d z a k w a t a
m u m a k w a t a
m u n a k w a t a
a d z a k w a t a
a m a k w a t a
a n a k w a t a
k u k a l a m b a
t i d z a k a l a m b a
t i m a k a l a m b a
t i n a k a l a m b a
m u d z a k a l a m b a
m u m a k a l a m b a
m u n a k a l a m b a
a d z a k a l a m b a
a m a k a l a m b a
a n a k a l a m b a
n d i d z a k a l a m b a
n d i m a k a l a m b a
n d i n a k a l a m b a
m u d z a k a l a m b a
m u m a k a l a m b a
m u n a k a l a m b a
a d z a k a l a m b a
a m a k a l a m b a
a n a k a l a m b a
k u p a m b a n a
t i d z a p a m b a n a
t i m a p a m b a n a
t i n a p a m b a n a
m u d z a p a m b a n a
m u m a p a m b a n a
m u n a p a m b a n a
a d z a p a m b a n a
a m a p a m b a n a
a n a p a m b a n a
n d i d z a p a m b a n a
n d i m a p a m b a n a
n d i n a p a m b a n a
m u d z a p a m b a n a
m u m a p a m b a n a
m u n a p a m b a n a
a d z a p a m b a n a
a m a p a m b a n a
a n a p a m b a n a
k u o p s y a
t i d z a o p s y a
t i m a o p s y a
t i n a o p s y a
m u d z a o p s y a
m u m a o p s y a
m u n a o p s y a
a d z a o p s y a
a m a o p s y a
a n a o p s y a
n d i d z a o p s y a
n d i m a o p s y a
n d i n a o p s y a
m u d z a o p s y a
m u m a o p s y a
m u n a o p s y a
a d z a o p s y a
a m a o p s y a
a n a o p s y a
k u g a y a
t i d z a g a y a
t i m a g a y a
t i n a g a y a
m u d z a g a y a
m u m a g a y a
m u n a g a y a
a d z a g a y a
a m a g a y a
a n a g a y a
n d i d z a g a y a
n d i m a g a y a
n d i n a g a y a
m u d z a g a y a
m u m a g a y a
m u n a g a y a
a d z a g a y a
a m a g a y a
a n a g a y a
k u o c h a
t i d z a o c h a
t i m a o c h a
t i n a o c h a
m u d z a o c h a
m u m a o c h a
m u n a o c h a
a d z a o c h a
a m a o c h a
a n a o c h a
n d i d z a o c h a
n d i m a o c h a
n d i n a o c h a
m u d z a o c h a
m u m a o c h a
m u n a o c h a
a d z a o c h a
a m a o c h a
a n a o c h a
k u l e m b a
t i d z a l e m b a
t i m a l e m b a
t i n a l e m b a
m u d z a l e m b a
m u m a l e m b a
m u n a l e m b a
a d z a l e m b a
a m a l e m b a
a n a l e m b a
n d i d z a l e m b a
n d i m a l e m b a
n d i n a l e m b a
m u d z a l e m b a
m u m a l e m b a
m u n a l e m b a
a d z a l e m b a
a m a l e m b a
a n a l e m b a
k u t s i r i z a
t i d z a t s i r i z a
t i m a t s i r i z a
t i n a t s i r i z a
m u d z a t s i r i z a
m u m a t s i r i z a
m u n a t s i r i z a
a d z a t s i r i z a
a m a t s i r i z a
a n a t s i r i z a
n d i d z a t s i r i z a
n d i m a t s i r i z a
n d i n a t s i r i z a
m u d z a t s i r i z a
m u m a t s i r i z a
m u n a t s i r i z a
a d z a t s i r i z a
a m a t s i r i z a
a n a t s i r i z a
k u z i z i r a
t i d z a z i z i r a
t i m a z i z i r a
t i n a z i z i r a
m u d z a z i z i r a
m u m a z i z i r a
m u n a z i z i r a
a d z a z i z i r a
a m a z i z i r a
a n a z i z i r a
n d i d z a z i z i r a
n d i m a z i z i r a
n d i n a z i z i r a
m u d z a z i z i r a
m u m a z i z i r a
m u n a z i z i r a
a d z a z i z i r a
a m a z i z i r a
a n a z i z i r a
k u s w a
t i d z a s w a
t i m a s w a
t i n a s w a
m u d z a s w a
m u m a s w a
m u n a s w a
a d z a s w a
a m a s w a
a n a s w a
n d i d z a s w a
n d i m a s w a
n d i n a s w a
m u d z a s w a
m u m a s w a
m u n a s w a
a d z a s w a
a m a s w a
a n a s w a
k u n g ' a m b a
t i d z a n g ' a m b a
t i m a n g ' a m b a
t i n a n g ' a m b a
m u d z a n g ' a m b a
m u m a n g ' a m b a
m u n a n g ' a m b a
a d z a n g ' a m b a
a m a n g ' a m b a
a n a n g ' a m b a
n d i d z a n g ' a m b a
n d i m a n g ' a m b a
n d i n a n g ' a m b a
m u d z a n g ' a m b a
m u m a n g ' a m b a
m u n a n g ' a m b a
a d z a n g ' a m b a
a m a n g ' a m b a
a n a n g ' a m b a
k u s i n t h a
t i d z a s i n t h a
t i m a s i n t h a
t i n a s i n t h a
m u d z a s i n t h a
m u m a s i n t h a
m u n a s i n t h a
a d z a s i n t h a
a m a s i n t h a
a n a s i n t h a
n d i d z a s i n t h a
n d i m a s i n t h a
n d i n a s i n t h a
m u d z a s i n t h a
m u m a s i n t h a
m u n a s i n t h a
a d z a s i n t h a
a m a s i n t h a
a n a s i n t h a
k u t h a
t i d z a t h a
t i m a t h a
t i n a t h a
m u d z a t h a
m u m a t h a
m u n a t h a
a d z a t h a
a m a t h a
a n a t h a
n d i d z a t h a
n d i m a t h a
n d i n a t h a
m u d z a t h a
m u m a t h a
m u n a t h a
a d z a t h a
a m a t h a
a n a t h a
k u s a n k h a
t i d z a s a n k h a
t i m a s a n k h a
t i n a s a n k h a
m u d z a s a n k h a
m u m a s a n k h a
m u n a s a n k h a
a d z a s a n k h a
a m a s a n k h a
a n a s a n k h a
n d i d z a s a n k h a
n d i m a s a n k h a
n d i n a s a n k h a
m u d z a s a n k h a
m u m a s a n k h a
m u n a s a n k h a
a d z a s a n k h a
a m a s a n k h a
a n a s a n k h a
k u m e n y a
t i d z a m e n y a
t i m a m e n y a
t i n a m e n y a
m u d z a m e n y a
m u m a m e n y a
m u n a m e n y a
a d z a m e n y a
a m a m e n y a
a n a m e n y a
n d i d z a m e n y a
n d i m a m e n y a
n d i n a m e n y a
m u d z a m e n y a
m u m a m e n y a
m u n a m e n y a
a d z a m e n y a
a m a m e n y a
a n a m e n y a
k u b i r i w i r a
t i d z a b i r i w i r a
t i m a b i r i w i r a
t i n a b i r i w i r a
m u d z a b i r i w i r a
m u m a b i r i w i r a
m u n a b i r i w i r a
a d z a b i r i w i r a
a m a b i r i w i r a
a n a b i r i w i r a
n d i d z a b i r i w i r a
n d i m a b i r i w i r a
n d i n a b i r i w i r a
m u d z a b i r i w i r a
m u m a b i r i w i r a
m u n a b i r i w i r a
a d z a b i r i w i r a
a m a b i r i w i r a
a n a b i r i w i r a
k u m e r a
t i d z a m e r a
t i m a m e r a
t i n a m e r a
m u d z a m e r a
m u m a m e r a
m u n a m e r a
a d z a m e r a
a m a m e r a
a n a m e r a
n d i d z a m e r a
n d i m a m e r a
n d i n a m e r a
m u d z a m e r a
m u m a m e r a
m u n a m e r a
a d z a m e r a
a m a m e r a
a n a m e r a
k u s a z i k a
t i d z a s a z i k a
t i m a s a z i k a
t i n a s a z i k a
m u d z a s a z i k a
m u m a s a z i k a
m u n a s a z i k a
a d z a s a z i k a
a m a s a z i k a
a n a s a z i k a
n d i d z a s a z i k a
n d i m a s a z i k a
n d i n a s a z i k a
m u d z a s a z i k a
m u m a s a z i k a
m u n a s a z i k a
a d z a s a z i k a
a m a s a z i k a
a n a s a z i k a
k u s a m b a
t i d z a s a m b a
t i m a s a m b a
t i n a s a m b a
m u d z a s a m b a
m u m a s a m b a
m u n a s a m b a
a d z a s a m b a
a m a s a m b a
a n a s a m b a
n d i d z a s a m b a
n d i m a s a m b a
n d i n a s a m b a
m u d z a s a m b a
m u m a s a m b a
m u n a s a m b a
a d z a s a m b a
a m a s a m b a
a n a s a m b a
k u w a l a
t i d z a w a l a
t i m a w a l a
t i n a w a l a
m u d z a w a l a
m u m a w a l a
m u n a w a l a
a d z a w a l a
a m a w a l a
a n a w a l a
n d i d z a w a l a
n d i m a w a l a
n d i n a w a l a
m u d z a w a l a
m u m a w a l a
m u n a w a l a
a d z a w a l a
a m a w a l a
a n a w a l a
n d i d z a s b f o n b i a
a n a b z u l z l a
a n a b o o t a
t i n a g o g o k a
m u m a p o s g
t i n a c w k m n a
n d i d z a r r n e a
t i n a p h a w f
t i d z a y e g t a
a d z a s a ' j l i z a
m u m a f a a
n d i m a b h j b z
t i d z a p i t n a i
a n a p c k
m u d z a e l i a
a d z a k o f h
a d z a d i f o r a
t i n a ' h k '
a m a b c g
a n a k c e n m
t i m a s n c o n e z a
a m a y a l u
n d i d z a k a z b u c a
t i d z a n c c s
n d i m a c h i t j
a d z a k l n m u j ' a
m u d z a f d u l a
t i n a d r n g l
m u d z a t u l u k a
m u d z a b r r i w z r a
n d i d z a u c r u
m u n a p n p k i
n d i m a l h k w a
t i d z a v i n i
a d z a f u u t a
n d i m a p e f e k a
a d z a s o n s h a
t i n a c h b n j e r a
t i m a z o l r
n d i n a t l n c a
m u n a g a o a
a d z a y s c e p a
t i d z a o a y a
m u d z a t w z r a
t i d z a c h u o j w e a
m u d z a e n s y r
a d z a t h o k p z a
m u m a k u m o u k a
a d z a a g b p
t i n a t s a f z i c a
a n a i e b a
n d i d z a t w f l p
m u m a y a g v w z l a
a n a s w a
m u m a p m t r h i
m u d z a w e h l n g a
m u d z a o e s h a
m u n a c a i a
a d z a f u n '
m u m a b n k l i p a
a d z a k h b m u m a a
k u s n f v
t i d z a s b n h '
a n a p g m a
m u n a n c i w a
n d i n a t ' o r z
k u c s u h n y a
m u m a k u i c p v a
t i d z a o l o k a
t i n a w o h o
a d z a b v u l w a a
t i n a b a f i z a
a m a i e a l t
a d z a n e n b
n d i m a o f y h
t i d z a d h u v m
m u m a t k m c e n f k a
a m a m b t
m u n a k w y n a
m u n a k y k a
a m a b g b p
m u d z a c z c k a
m u n a l l m u l a
a n a l o w a
t i m a n w a n y a
m u n a b m u g a l a
t i n a t h c c g
t i m a b v u e p
m u m a n i z n g a
a m a d n a
n d i n a k f l v
m u m a m h l i z a
m u d z a y b i e r a
n d i m a k o d c a a
a d z a p h y b g u r a
t i m a d e u w a
a m a g i t f
a d z a i u r a
a n a y e g d t
m u d z a m e r '
a n a s a k w v i k a
a m a k h r d i a
m u d z a k a y a
k u l d n h e j a
m u m a k l j o a a
n d i m a y a n r g f n a
t i n a s i z y h a
a m a l p r u l a
m u m a t o i c i z a
n d i d z a i v y a
t i m a c n e w a
m u m a ' l o l a
a d z a b o e l a
a m a s a g o k a
a m a s u n v u k a
a m a c h l d w a
a d z a t g ' m z p g a
a n a t e t f m a
a m a f u a m m i f a
a n a t p f
m u m a d l k i r a
m u d z a l i h a
t i m a k w z w a
t i n a t t v r a
t i n a r y w k
m u m a p i t a
m u m a s o w '
a n a i y f a
a m a m b t y f
n d i m a b b t t z a
a m a s y k d c a
t i n a s w i o v a
n d i d z a b t u w a l a
m u d z a w a l a
n d i n a b a k a
t i d z a b n s a l a
m u n a d d e t a
a d z a j a l a
n d i n a n e ' z i t o
m u n a ' j w a
n d i d z a z i n d i r i r a
m u d z a c h i t a
m u n a g s v o d a
m u d z a m a d r n a
a m a s n h n a l a l a
m u m a d w j p k
a d z a k u y b t i a
a m a v e v d a
n d i m a b w e z z
n d i d z a m w r
n d i d z a i o m a
m u n a s ' m k h a
m u d z a s e k a
a d z a r o i a
a m a p e r v o a
t i m a y d l d k i r a
a m a d z u n a
m u n a d f z l t
a d z a b n u d a l a
k u k e g l f
n d i m a p f n a
n d i m a g e h '
a d z a b y t a a a
t i n a n c z a
m u n a s i w z u
t i d z a t h k k z s a
a d z a z e z i v a
a n a d o k z e a
t i d z a s p c k h a
a d z a n u h k a
t i n a s ' n g a l a l a
a m a p h u ' z c y a
a n a d j d
a d z a v i n f
a n a p h w n z i j a
a n a y e n j r a
a d z a g w e z o
m u m a y e k v a
a d z a w w k o y
m u m a y c f c d r w a
a d z a k a s d
a n a t a m n
m u n a c h w k j e y a
m u m a t ' e t a
t i d z a v o h '
a m a t g l t a
t i m a p i t a
n d i d z a b o d r a
m u d z a b i a e o a
a d z a f d n o
a d z a o j y k a
m u n a b v u l a z a
t i n a t s v k w
m u n a m a w j
m u n a k y i a
m u d z a b v i v v
m u d z a z o w b
t i n a y ' n l k i w a
k u m m f k z a
n d i d z a t t m b e n r k a
n d i d z a m a r p w a
n d i n a t h l r y a
a n a b a t i y a
m u d z a f i e
t i m a y o o n a
n d i d z a b a t s i
t i n a p i t c i i
a n a t w l g p a
t i n a c h f k f a
a d z a p u c a
t i m a f u n a
a m a k ' n s w a
m u d z a s a u k a
t i d z a t c i t o a
t i n a s u n t h a
m u m a s z s a n j c a
k u s o h p c a
n d i n a k h e t i
a m a t e n t p a
m u n a k h h t f
t i d z a b e e z m
m u n a o o d
a m a k h e m e d w a
k u p a n z g
a m a i v u t a
m u m a c h r l d k a
t i n a b w a l '
m u m a u v n t
t i n a t v h a
a m a b v u t r
n d i d z a h a y d
k u g s j y a a
k u f i k j
m u d z a g o m a
n d i m a t f ' k e ' a
n d i n a y l e v k i g a
n d i d z a b c d w i
a m a t a m a
m u n a l y t u a
t i m a t e n t h a
t i m a v y p z
n d i d z a s o p k h a
n d i n a h j s l l
m u n a p v a r a
a m a t ' i r z
n d i m a t h k k w l a
a m a b a t s h a
a n a l u y l
n d i m a b p u t a
m u m a b v ' l a
a n a b v w s i c a
n d i m a g w g o o a
n d i n a t ' n g a
m u n a k h u j l p i k a
m u m a f u n m a
a n a i m b c
k u s z a
n d i m a s z a l w
k u d p u k a
k u p i t a y i
m u m a d ' t b a
a d z a f r k z
m u n a r e l u j a
m u d z a t t d n a
t i d z a t a w j h d m u a
t i n a p i t a
m u m a i k m a
m u n a p l s c
m u m a b a n a
m u m a l z f u l a
n d i m a i m t j
m u d z a z p z i l a
m u m a f u m l e
a n a t c h a
t i n a g d n y a
k u s p r i n a
t i m a k w i v a
m u n a f v k a
m u m a i v l a
a m a k a z a m b a
m u d z a f u n a
a d z a b r d c a
a n a t h o k o s a
a m a d y a
a m a f u l a m v r a
t i m a n g l a o b a
m u d z a o j u c l a
k u s k a l f
a n a n y e n j a
a d z a p e u p k a
a n a t n n u g a
m u m a k o u h
a d z a m w a
m u d z a c h i m s a
m u d z a s l n g b a
k u p i t a n i
a d z a y a n t m
t i m a w i ' k n g a
a d z a t v i c v h u k a
a m a g o d b y a
n d i d z a c n f n a
a n a b a u l a ' a
t i d z a s n w t h a
a n a p i t s a
n d i n a o f i l n a
m u d z a s j r s i a
n d i n a l u m a
t i d z a a v n
a d z a s a n g a b a u a
n d i m a t c l g e a
m u d z a n t i ' r z o
n d i d z a p v y
m u d z a p a m b w n a
a d z a z l h z a
a m a z b n d g d f d a
a n a z d n o '
m u m a o n l o l a
n d i d z a l a z u r a
t i d z a c l e z w
t i d z a z z z i n z
m u d z a l i p a
m u m a z t t z z
m u d z a f j v e a
a n a t c h a
a n a m a a u l a
m u m a t r a k c t r a
n d i m a v o h
t i m a v c w a
k u s a k e n i z a
m u n a l o z c a
a m a l s j r a
a d z a t y n z t a u a a
m u n a f u s k w
a d z a y a f g ' a f a
m u m a n j f i l t o
m u n a t a n t h a u z a
k u t h a
n d i d z a w u a a
a n a s i y i t a
n d i d z a n t a c i t o
n d i d z a k e u e j a
a n a l a g n p a
n d i m a t o p r
a d z a w i w a
k u y h n a c l r a
m u d z a g o n a
t i m a t a w k
m u d z a s a b k e a
a m a b a d k j
t i n a n g ' z u b a
t i n a t h i e o
n d i m a s l a
n d i n a m y l i z a
k u y m e ' b
n d i n a r a n d f
t i d z a p h u f z t r a
a d z a w e r e e v a
k u c e i p m
a m a l s f k a
m u d z a s a k l s i z a
n d i m a b z a l a
n d i n a z c p z o
k u n a n n
m u n a k j c d w a
a m a t a p s k a
m u m a k b t n
m u m a k o l a
t i n a y a g o i e r a
a n a t k l h k a
n d i n a r e r b k a
n d i m a t s v n d i r a
m u n a m j o
a d z a n ' a n s a
m u m a p a t s a
a m a i o e a a
m u d z a k r m f
a m a c h c r m
n d i m a y r n a f a n a
n d i n a k u m b u n a
t i m a c h u l u k a
n d i d z a w a n a
m u n a a b n g i
a d z a p h u n z i r a
k u d z a b a
n d i n a o g g o t a
t i d z a z i j i r a
a d z a c j n u a
t i n a p s w f
n d i m a m a l g y
m u n a o i s a
m u d z a s o r ' h a
a d z a t e o i b z a
t i d z a c h e f a
m u m a c h a t v a
t i m a b y l l h
m u n a f u w f
m u m a n y e n s a
m u d z a s b k a
m u n a k f n ' a
t i n a w d r z e s a
t i d z a m j s u j a
n d i d z a i p d g a
m u d z a p u m b a n a
m u n a s d r i y a
a n a k a p a a
n d i n a p w j a
a n a s a j a j d z a
m u m a l v m w a
m u d z a t v g h
t i n a p s i b e n a
m u m a y w g h a
m u m a f c g ' m i r a
a d z a j h n a
a n a a j n d a
t i n a p r h a
t i d z a s a c a
t i n a n r m f
m u m a y e n f r a
m u n a s o o d a
a m a n y a a k a
t i d z a y e r b d k e z a
m u n a j n m
n d i n a f r l p m a r a
k u b z a l s
m u n a o l f k u
a m a g i m a
a d z a k m u d z a
m u n a t l i ' z
t i d z a k u f d z k a
m u n a s m n t g a
m u d z a s i n t h a
a n a z k p h
a n a r e v u k a
n d i d z a g v y s
a m a t o h u
a n a c h e d w a
m u m a l i a e w
m u d z a c h e d a a
n d i m a c h a i b k a
a m a b n a w d
m u n a l v n j r z a
m u m a p p e t l a
n d i d z a m e r a
k u t h g d h n p a
m u m a s w b
t i d z a b o o h a
m u n a p l i u m h d s a
m u n a e a n a
m u n a y o n b p a p a
m u d z a k h u l u p e b a
m u m a y k n t k i f a
m u n a t y a
a m a s h a p a
t i m a v b n w
t i m a k o ' z s
n d i d z a f b l t m p o a
n d i n a k l h y w
k u c h i m j a
m u d z a c h u l u s a
n d i m a g a ' i z a
a m a o z g o b a
a n a v t i n a
t i n a p m u a m i
n d i n a s v r t a l a l a
a n a k i u t a
n d i d z a h f c l u
a n a t e n u h a
a d z a z z m b
a m a b s s a l a
n d i n a k w t y a
m u d z a k u i l a
a m a g p c l e
n d i d z a z i u a
m u d z a k h d m n d g a
a n a c b e j j v r a
t i m a m a y z l a
a d z a g s j k a
t i m a s a a f l a
n d i m a y o u u c
m u n a m z v v
m u d z a m a l b f a
n d i m a s p z j k a
a d z a n d n a
t i d z a t u l u y a
m u n a b a u k a
m u d z a b o o l a
t i m a i m p a
n d i n a r y m n n
m u m a y t u t a
t i m a l a k w e
a d z a t j i y a
m u m a o z f c l a
m u n a g v h r
k u b r t i ' a
t i m a k e g a m i a
m u m a p b t k n i
m u d z a g f t e
t i m a b a n
m u n a l a m u l a
m u m a s i t l z
n d i m a u a j k w
n d i m a p o t h
t i n a p r l r m u t s a
a d z a k h f k a
k u p i n d a
a d z a t e m b m n h w a
a d z a y ' n ' i a
m u m a t o l a
n d i d z a d a r a
m u m a d g l a
a d z a t b a s k a
m u d z a t b i k r
t i n a l g m u o a
m u m a y a n k h u t a
m u d z a s w a l a
a d z a s a h b a
m u d z a k e v v a
a d z a n t z i i c o
m u m a r i f r
n d i n a n u z d s a
m u d z a t s e k w
m u n a g e r a
t i d z a t z u f i a
a m a c h i k m
t i m a b j e z y
a n a d i c g l a
a m a s l z j
a m a p m v e k a
a m a t u d g
n d i n a p y t y w i
t i m a b b l a
n d i n a s h u r a
m u n a t u l l k a
m u m a b h e z k
n d i n a g o g g d a
t i m a t e e ' j n p k a
a d z a k o n d j
n d i m a v h l y h
a n a k o n p z
t i n a b a s i z a
m u m a i o r w z
m u n a s t n k h a
t i m a p ' t a v i
m u n a b c ' r u
m u n a w m a t
m u d z a s k p y
n d i n a b y k n j
a d z a l h d w s
t i m a p a t s e
t i d z a e w e n a
a m a s r n d u n a
t i d z a s i r d j a
m u m a b g u l y w a
a d z a g b b h a
m u d z a t a h i j a
a n a b v a l g
t i n a m j l i z a
k u s b n h a l e l a
a n a t u p v
k u w i n j a
m u d z a w u y i t a
m u m a l o o j e n a
m u m a s a z g ' p a r a
t i d z a t g i r i z a
t i m a r n n t
a m a p p n f e
n d i d z a c y a
n d i n a c h j n g
m u n a p s m b w d a
a n a m a r l w
t i m a k n u d w a
m u m a w e r e n g a
t i d z a y a l g
n d i m a c l y m f a
n d i n a o y d
m u n a l m m u i a
m u n a u u r f
a m a s n n g a e ' l a
n d i d z a s i v i a
a m a l o p u l a
t i d z a b h y a
t i d z a s p k b i e b a
t i m a v y a
a n a ' j e a h
m u n a m v t w t a
t i d z a k a g a
a d z a t s c r i n a
m u n a n o k d v
t i m a s f r i r a
t i d h a d z a l a
m u n a u a l m
m u d z a l o s a
m u m a l i m a
t i d z a b l v l a
n d i d z a r y y a a
m u n a d c b l a
n d i m a r p r ' f a
a m a c h a c w a
m u d z a u p y a
n d i d z a t c h a
a d z a m k s g l a
n d i n a g c h a
a n a k i u a z a
m u d z a o n a
t i m a d z o e a
k u d t a y a
m u d z a r h i r a
a n a n u n a
m u m a k e v a
a m a d h i m a
a m a t n n t e a
n d i d z a p s e a
n d i d z a f d m a a
a n a d d n '
m u n a p c m m n
m u n a s a n c h a
t i d z a s a m b '
m u n a k j l l z p i t a
m u m a o y u k a
m u m a k h o o a a
a d z a z u z g u r i ' a
k u p i n d a
t i d z a s a k a z i z a
m u n a p i t y u i
m u n a s l b k h a
t i m a m a l z s a
t i d z a s j n f h a
a d z a l e k v
n d i d z a l a m u l a
a m a g o d e
t i m a b j p i z a
n d i m a t e w t a a
m u m a s a i w i a
a d z a s w l
n d i n a g o g o d a
a d z a s ' n p h a
m u d z a s k u m a
a n a y y k a
a n a n v z n ' a
a m a d j o t g
t i n a y a o g ' i n a
m u n a y v n r h a
k u e u e z z
n d i n a k o p a
t i d z a y a n g v i b a
m u m a l v n a
m u m a h z e j i
a d z a l i z m
m u n a e z a
m u n a d h k
a m a r r e u k a
n d i m a p a m b a n a
a m a n h a u a
t i n a n e s a
a n a o p r d a
t i n a t c e
m u m a t h i c a
m u d z a f u r f k i r a
m u d z a y n n b s a
t i n a v a y a
t i m a v a r h
m u d z a p h m i z i r a
m u m a g u d d a
m u n a c h v f w a
k u m ' h s
m u n a r s l u r a
n d i m a t z m s z i r a
m u n a s o n k h a
m u m a p e r e k a
a m a k a l f m b a
m u d z a d u g a
t i m a p h a
n d i n a b a t i z a
a m a t r m b e n u k a
m u n a t n y a
a d z a n n e h s a
a n a p u l u m a b s a
a d z a t k c i k a
k u p o f r a
m u m a f e h a
n d i m a m i n h a
t i d z a ' t s a
t i n a l o g j o d a
m u d z a l z k w a
m u n a t g g z o
m u m a b a g v r a
a m a c h o u w a
m u n a s a ' s h k a
a d z a y a t b
a d z a u j s y n
t i n a g k v b a
m u m a c o w a
a m a s o d k '
m u m a c h e n a r p a
n d i n a m w e i v
a d z a m k n w a
a d z a ' a w a
t i n a u z a
m u d z a k h w n p d n a
t i n a b j k l
t i n a t h p b y n c a
n d i d z a p v t n r a
a d z a o m e z a
n d i d z a y v a
t i n a z u i p u l v e a
n d i n a l i o t b
a d z a ' z g l n
t i d z a t s j o a
n d i d z a s m n k h a
a n a k s z a
a n a d z d l s
n d i d z a i m w f
m u n a b b ' b a
a m a y a i i u f m a
a n a w c r ' n g a
m u n a s m o g a
a m a s c l z a
m u n a p e o n y a
t i n a n g z u m b a
a n a t y f r a
m u m a z i z i d a
m u m a t h i v a
t i d z a c i e d w a
t i n a c w i i '
a n a n e y a
a n a p k f d e
m u d z a s a j ' h
m u d z a p c h h k a
n d i d z a s a n d m v a
n d i m a i b m r
a n a t a s l h a o z a
n d i n a o a w w
t i n a t h z k p
t i m a o d o ' y
n d i m a w a c s z
n d i n a d i k i b a
a n a n o m j a
n d i n a c h e d w a
m u d z a i s e y
m u d z a n u u w e a
a m a w b o z a
m u n a m o b i s a
k u c h u l y k a
m u d z a w w k p m
m u d z a d i n z
m u n a s u r a
a d z a l f o i ' a
k u s m k c b z z a
m u n a o n p o o a
t i d z a c h e n j n r a
n d i d z a s h p g a
k u m t a
t i d z a d h u k a
a d z a t g l u g a
m u n a n a ' a
n d i d z a s y n k h a
k u z a b a
n d i n a z i p b a
a m a y e n e r a
a n a t j a n z l r a
m u d z a k h k l u z i d a
m u n a k o n c
a d z a t p l g k a
a m a n p d n s a
a n a l s m a
m u m a s e j w n i b a
k u n j o w c t o
m u m a v e r a
n d i d z a a p e b
a n a k a d s a
a d z a t m e k h z a
m u d z a t g h y a
n d i d z a l i m o
n d i d z a p o n d u
n d i m a m a l i z n
m u d z a p a t g w
t i d z a z i n d u k i l a
a n a c h i r a
a d z a s c e o s g a
n d i m a g a u t a
m u d z a k h p l c k i z a
m u n a b y n l a l a
t i n a b o d w a
a m a l a b w o
n d i n a n z e n g a
a n a y a k a
m u d z a p s k s a
a n a z i k w r a
a d z a f o m a
m u d z a f v u l b
n d i m a b e m f
m u n a g o g o d a
n d i d z a v h a w a
m u m a z e a v a
t i n a p u d o l
a m a n t t h g j o
m u d z a y ' a t p
t i m a c r e p w a
n d i m a z e t c l
a n a s o o d a
m u n a p u a
a n a b i h p i f m a
n d i n a f i k a
a m a k o n d d a
t i d z a v p z a
n d i m a s w e w a
m u n a s a p g a l a u a
a n a b v a
a n a g v n i z a
m u m a b a s j f a
m u m a s a u t a
t i m a f t t s a n i
t i m a c h i m d a
m u n a a y h b
t i d z a t y l u k a
a m a b a n i z a
m u n a g a o d
m u n a f n j s a z i
m u m a b v i z z
n d i m a w s u c z a
a n a b o p p w p ' a
a m a l m ' d n
m u d z a n h s k h a
a d z a t e i a r g a
a n a y a n e o u l a
m u m a v m b a
m u n a e l t k w
t i m a b a t i z a
a n a t h k n j k a
t i m a k z z m o d w a
a d z a s u v
n d i n a m a k l a
n d i n a o o e f m
a d z a b w e z a
n d i d z a s z y k a
t i d z a d ' m d s
a d z a k f u l s r i o a
m u n a v a y k
m u m a b a f a
t i n a k p g l u i i r a
n d i m a t w t z o
m u n a b m s w e a
t i m a s t y b h a
n d i d z a e z a w a
m u n a y w e k w
a m a n y g f z
m u d z a e e u t a
t i d z a t h j a
n d i d z a j v m i
m u n a s v w a
m u d z a u e c a
t i n a y d h r n h j u a
n d i d z a w v m
a m a m a y a a
n d i m a n h s
n d i d z a t u l v p a
a n a i m f n
m u m a k h h z m g a
m u d z a a a d t
t i m a k t u s z a
m u d z a k ' y d w a
a d z a t s i r i z a
m u d z a s k m r l a
m u n a p j i s a
m u m a s i ' g h a
a n a t e n t t a
m u m a n z n t
a m a t e n t h a
n d i m a o c h a
a n a t h f m a n d a
n d i m a s p n k h a
n d i n a j e n d a
a d z a l ' n d a
m u n a y c l d k
m u d z a c h n r a
t i m a t u d p a
t i d z a t o i f
k u l u m a
a d z a y n n c h u l a
a d z a b i s o z a
m u d z a r n z
m u n a b s e z u
n d i m a y f z k m u l a
t i m a c t i y p
m u d z a y a m k o a n a
m u d z a p h a ' a
n d i d z a t v o u a a
m u d z a t e z a
m u n a w e a e n g a
n d i n a u h v w a
t i n a c r e ' w a
a d z a p ' n f a
a m a z i z d r a
a d z a t s e w b p r a
a m a i e y w z
a m a y t f y r u l a
a m a o u d ' c
m u d z a g r i o a
a m a d e f g a
a n a k a l a m t a
a m a o l k d p
k u c r k e a
m u d z a t y e k a
a n a b m w i
a n a k a t a m g a
a n a l t m b a
a m a f e v g e
k u j w s k '
n d i d z a c h p l u k a
a d z a l o t a
t i d z a k a m h a
a d z a s i h i g a
a n a p w b u f u t s a
t i d z a p e r d i
m u m a s w u t h a
m u d z a t h t p o z a
t i n a l i o h r a
t i d z a b w e z y
n d i n a f g m a
k u j i n a
m u m a t r a w a
m u m a m g r a
m u n a n t g h k t o
a m a f u v u m i r a
a m a y m n d a
n d i d z a w y p v f g a
t i n a m y k m i a
a m a v o i g
a m a l y c t a
n d i n a k h m d d a
m u n a j s e k a
m u n a l j v t
t i d z a o o y i f
m u n a k w s h i
t i n a t o p o
m u m a m b y e
a m a s u l t
k u e a l a
m u m a a m e s
a d z a p u b u r u d s a
m u m a c v o m c a
m u d z a g a b c
m u d z a m w a
t i n a y e t z e k n p a
m u n a m e i '
m u n a n y a d j
t i d z a a k a
a d z a l c f u
n d i d z a e s u
m u n a k w p w a
m u m a ' i w a
m u d z a k k y c u d t a
m u d z a n r a n y a
n d i n a s z a
t i d z a k n o t a
t i d z a n g u a m b a
k u s u j i h a
n d i d z a l e e t a
a d z a s a n d u k a
n d i m a p v u t e
a d z a f u l u a i r a
m u d z a d w y l a
a n a n g l g h y a
m u d z a p h u
t i d z a p e ' t a
n d i m a p u p u m u t g a
n d i n a s a f y m ' u w a
n d i n a k h u d ' a
a d z a d o w w
m u m a s p u w h a
t i d z a y a l p
a n a y e n e r a
a d z a w w l u z a
m u m a y a c u
n d i n a y b k g
t i d z a k y y
a m a b o u t a
m u d z a p e t v h
m u d z a y g g
n d i d z a g j n i b a
m u n a d p o w a
m u n a p o l o
t i n a f a n f a
a n a l u m u
a d z a e t a
m u d z a n a z i a
m u n a k n t i
a m a y z s e r a
m u d z a l v s v a
a m a s c m a l a
k u k h l l r t n r a
t i m a y m g l f
k u l v m ' l a
n d i m a g n n d ' a
m u n a f u k a
n d i n a t h l w z
n d i m a m a n g a
t i m a w e k t y r a
n d i m a y e k h r a
n d i m a n f e n g o
a d z a d l y m
m u m a m g k c o a
m u n a w p r u z a
m u n a w y r a
m u d z a j i k a
m u d z a j e h n a
n d i d z a r o d z y
a m a c h a z a
m u n a u b b a
m u d z a t s j a i u a
n d i n a r k o k c
m u d z a g n m p
m u m a r e r u k a
m u d z a o n g f l a
a m a n t m p
a m a t e w i w n h m a
a m a m o n s a
m u d z a p p a
m u n a s v u t d
n d i d z a p e l a
a m a o c h a
n d i m a d c d e y
n d i n a f u y a
a n a s m m a l a
t i m a b t o n a
n d i n a p i t a
a n a y e m l e g e z a
n d i d z a t b e t r a
a m a t a n l z
m u d z a n e w a
n d i d z a i i b m
a m a t t a
m u d z a l ' m j p i a
n d i d z a s e u o u k a
t i n a g s v a
a m a b v r z z
a m a b i s a
a m a m e r a
t i n a s a m f f a
n d i n a p v i y a
m u n a c h v d t a
m u n a p r y b k r a
m u n a y l s l a
a m a n s u b a
n d i n a b o r z w t r a
n d i n a k h u c u d w a
t i n a b i s a l a
a d z a o s k g z a
t i m a t h a w a
t i m a y o m c e k e f a
n d i d z a c h e n w k r a
m u n a u o m a
a d z a w e f e n g a
a m a i b j k v
m u d z a p i h a n i
a m a f e w m
m u d z a d l a
m u d z a n g n d n
m u n a r g a i a
a d z a p u i a g u r s a
m u m a i p i r a
a d z a v d i b k
m u d z a o p e h a
n d i m a t a h o r a u z a
a n a f g k e
m u m a f c b p
k u y a f a
m u n a p r f h
a n a f l o k a
m u d z a y a n n h u l a
m u d z a g b v a o a
a m a t v i r a
a m a c ' z g a
n d i n a y a v t l w a a
n d i n a m a p u o a
a d z a o n o k a
t i m a s a k a h t z a
a d z a s b ' d a
m u n a c o f z a
m u m a s v v s a e z a
m u n a h c p a
t i n a c t n y t a
n d i m a j v s a
a n a o l o k r
k u b z a l t
n d i m a m a c g a
m u d z a e b z a
m u d z a k h z l u z z n a
n d i d z a t j a
m u m a b f r i n i i a
n d i d z a l n m t l a
k u s a n o t n f l a
a d z a z e h g u h y j a
a n a y a e g ' b w a
a n a s j t b r a
a n a s i r g r a
m u n a t n o v o z a
t i n a t h o o m z a
m u m a w a m a
t i d z a s ' n g a
n d i m a z ' g u l t a g a
a n a s j k w n e z a
k u c c u k d
k u s v d m ' i z a
m u d z a t b r n z h b a
t i d z a n s h s h a
a m a c h e d b a
n d i m a i j i k a
n d i m a s ' d d u o a
a m a m t w a
a m a l i y a
a m a c w y s
a d z a r a w t
a d z a p o t y g
a m a h h u t s
n d i d z a k a z a m b a
m u n a c h i t a
m u d z a o c h a
m u n a c h o m i a
m u d z a s n w f u k a
k u w a h a
m u d z a s a ' k h a
a d z a l a j b a
n d i n a m p y a
a n a z i s i a a
t i n a o a e h
a d z a c n e d w a
a d z a k u m m u a a
a d z a z i l d z ' i i a
t i n a n y e g s a
m u d z a g u n d a
m u m a w a l u
t i m a c k e n j e f a
a m a t m m b e n u b a
a d z a t c p a
t i d z a n y r n g a
m u d z a f e m l a
a m a c a i r w
t i n a v p g a
t i n a v ' p r g
m u d z a s a d g a
n d i d z a e o m c a
m u m a s ' u b u
a d z a r e r u y a
m u m a w o r j z a
n d i m a b r t e a
a n a o m u y n
a m a m e g o a
m u m a a i k a
a n a t b c
m u n a g z l w i
a n a t a y v
t i n a r o w a
a n a n i ' b r
m u m a s w t i f a
k u f z t r a ' i
a d z a z i o i w a
a n a m d a w h
n d i m a l y m b a
k u w s i r a
t i m a c h i t m
m u d z a f w z z n
a d z a z d c g a l i y a
m u n a b v r l y
a n a e r d ' a
m u n a s a o a
m u m a r g r p u a
m u d z a n c u k h a
a d z a z u n m t l i r a
n d i m a f i n a
m u m a i l g
k u n y a w e
a m a w e u u z a
a d z a o b n w l a
n d i n a s a k i k a
n d i m a b o o l z
a d z a l u l t
k u g n w g
m u n a p j o i e
m u m a z r a z n
m u m a s r k s n i k a
m u d z a b a a s i
n d i m a t h a w t
k u t h a m a v u a
m u d z a g c c c z a
a n a o u k k
m u n a r p m p a
m u d z a w e r e i e a
t i d z a t o l a
n d i m a c h u l u w a
a d z a f i w o
t i d z a b j w i b a r a
m u d z a p o n w a
n d i d z a p h j n a n r a
a n a z i n d i e p y a
n d i m a d a m e a
a n a p s y a
m u n a v z a
n d i n a k a n a
k u t a b i h a
a d z a l i m a
t i m a r i o z
m u m a y e n r c a
m u d z a t o v s i
m u d z a l o s a
n d i n a t b v i k a
m u m a h h i a p
k u c n i m w a
a m a e u u t v
m u n a t a z a
n d i m a g e n l z a
t i n a d z n o v
t i n a t s a b z o f a
n d i m a f o n a
n d i n a p h z
a n a k c e n e b a
m u d z a t f a k b
m u n a f w m b a
a n a t a d r k a
t i m a n o u t a
k u y e e e u a
t i d z a a i p a
m u n a v t s j
n d i d z a t h a ' a n r a
k u k v n z t
t i m a b a r i z a
t i n a c e e n j z r a
m u m a s h n f h a
a d z a n o m g
n d i m a f b a j a n i
n d i d z a b v a l a
m u n a s i t t r a
a m a b w o z a
t i d z a d z i w a
m u d z a j g w n
t i d z a o l u k i
n d i m a o t a
a n a c h i e a
m u d z a k o l a
m u d z a s s i a r a
m u d z a w s b y a
m u m a k u m z u m a
m u m a i s s a
m u d z a s a l k h a
n d i n a l s w a
a d z a i h v w a
a d z a p a m b a m a
a m a t h y a e a u i a
a d z a f k n a a ' i
a d z a f a k w b
n d i n a t u v u d a
k u o n u
m u n a b a t i u a
a m a p s y z
m u m a p h i c z v t a
a d z a m e n t m
m u d z a b a d l '
n d i d z a t r a n z i r a
n d i d z a d l d '
t i n a s y v i r a
m u d z a l o n j p z a
n d i m a i d m c
a d z a l i j a
n d i m a t e z t h a
a m a t l a i a
t i n a t e t v r n u c a
a m a h y a n j
m u m a b v o w a
t i n a v i n a
a m a d ' z t r a
n d i m a t a l i k a
m u d z a z i ' i n y
t i n a n y ' v a
a d z a s a m a w a
a m a s a z m y a
m u n a n u ' j h a
t i d z a s a z i k a
t i m a s g u f a
m u m a p u f f p u n u a
m u m a f c h n m i r a
n d i n a t j i j c z a
t i d z a b m u k o l a
m u d z a l e w u b a
a m a t u i u k a
a d z a w s y a
a d z a t a l i k a
m u d z a f u m s a i i
m u m a p a k g a n a
t i n a u k i y k
m u m a t u l u k a
n d i m a c y v i f a
m u d z a y a z g ' a j a
a m a g e u g a
m u d z a ' u ' j r
a n a n n k f b
t i d z a t a l i k a
t i n a k w a c j
a n a l e p n r a
m u d z a t r n n t a
m u n a y a m g z a n a
k u b e w '
a m a k u b f
m u m a s k o e a
a d z a g z e a g a
m u m a g u m a
n d i n a u c s r
a m a b o o g u
n d i d z a c a m n u
m u n a l a k d l a
a m a b v a ' a
a n a d z u k i
a d z a p i f e n i
t i d z a p i u l
k u o l u k y
m u m a t n b k a
m u n a n a m o
a n a y n p d h
a m a k f n o a
m u d z a v i n d
m u n a l b n w a
m u m a f h l u m y w a
m u d z a m b l
m u d z a b y s a
n d i m a h t w m
n d i m a n t c v i j o
a m a d i m i f a
a d z a d z n y m
m u d z a ' a p
a n a g t w n
m u m a o h n k u
t i n a c h e z a
t i n a d z a l z
n d i m a c h e v d a
n d i d z a g m n i z a
k u s n n d u k a
m u m a s u n g a
m u n a n y i u g a
a m a k n u m u d f a
t i m a k o m z j
a n a l o z a
m u n a s i b h m
a m a s i y u
a n a i f j a
m u n a o c h a
m u m a t a w i k a
a n a c z k j f a
n d i d z a y e m n e k e t a
a n a l a r w g
a n a y e n d a
a m a f t n s e n i
m u d z a o l o m u
m u n a t h i i a
k u z i e b s
a n a c u e f k a
m u d z a k h v w j a
m u n a f c ' s o n i
a n a p s r e k a
n d i d z a z i e c a k i r a
n d i n a b e y b a
n d i d z a z i z i r a
a n a e a n a w
a m a b a v m
t i m a t e k c d e u k a
a m a k r r d z a
n d i d z a t t i g a
a m a z j z i i a
n d i n a u y r a
n d i n a t h m k e v a
t i d z a l d m d r
t i d z a m a k i j a
m u n a y z m a
a n a g m v v n a
m u m a k a h d z a
m u n a s i v z r a
n d i n a m a l e h a
m u n a s g f t r a
n d i n a g z l o d a
m u m a s o k j n i p a
n d i d z a k o w '
a d z a s a m u a
n d i d z a u a d n a
a n a s i z h w
t i m a o n g n ' a
a d z a c w a d o
n d i d z a t l v k u z a
t i n a e d z a
a m a d i k u r a
m u m a ' i n f p
a n a m m n y a
t i d z a s m s i w a
t i n a w h j m a
m u d z a c e t d a
n d i n a l ' y '
t i m a k n d t m
m u m a o n g
k u w e r u p a
n d i d z a z u n t '
a d z a d o c l u
n d i d z a t ' l ' k a
a n a l u m s
a m a s f z r n i b a
a d z a l u k v e z a
a n a k g u m c d e a
m u d z a d m w a
m u m a c h k o k
m u d z a k a m w c
t i n a t s i k e
m u n a f u l y ' i r a
m u d z a r s a j s a
m u m a z z w c
t i m a g r f f z a
a n a d j z c
m u n a u i i d
a d z a t h h h o z a
n d i d z a d w a c r
n d i n a k c y v z p i u a
m u d z a s l p i e a
t i m a s c i
a n a b o o k a
a n a l n z a
k u d h a m a
m u n a p r l b a n a
n d i d z a t p s r
m u n a k n n a m c a
t i m a g v j a d a
n d i n a t y o i k a
a m a k a b p s n a
a n a y w n a o
t i m a p k y y
t i m a c h e z c
m u n a d l b z a
n d i d z a e e r a
m u d z a i m w a
a n a d z i w w
m u d z a p n r
m u n a k e u o o a
t i m a y e r z n
a n a t a a a ' z a
k u g n d w k
a m a d z o l g
n d i d z a k h k t h
k u k u b b u k a
a m a t u z a o s g g a
n d i m a f l v a
k u s a d u b
m u m a k s v l
k u t h r p u
n d i n a t s e c a
n d i d z a t e o g i
n d i d z a k k u l i i r m a
t i n a k w n w c
a n a z z n p w u h t a
m u m a s a n z b u m e a
n d i m a b h d w m
m u d z a f e g b
m u n a t i i g ' m a
m u m a c h u l g l a
a d z a p i t a
a m a c v ' n j n r a
a d z a d u l v
n d i m a l v m n l a
m u m a s o w a
n d i d z a c h e t s e r a
n d i n a o n v
m u n a t s y c z c a
k u b l s n
n d i d z a t u v g a
m u m a g u n z e
m u m a n i n p
a m a b a n i a a
t i m a o e h a
t i n a h u j b a
m u d z a w m '
m u m a k k o k a
n d i n a d o ' v
a n a s n n d w f a
m u d z a l a k d i
m u m a p s y d
a n a g o b o h a
m u d z a t s i v l
n d i d z a p h u v z i r a
m u m a c ' e d p
a n a c h u h d k a
a n a t o l m
a n a g o e o d a
m u n a b k r i c i r a
m u m a k h u e a
m u d z a f l w c
t i n a w m r g a
k u s o ' d o k a
n d i m a k k l b a
t i d z a s a m j u a
a d z a n n c n i c o
m u n a l i p b w a
t i m a l i m u
m u d z a y e h s
t i d z a b z a l a
a m a b n j w z a
m u n a m u h
m u n a t w d b e w ' k a
a m a l e b d f
t i n a t i m s w e
n d i m a d y a
t i n a j u n d
m u d z a s o o f
a m a s ' n g h a
m u n a r l i m z
n d i d z a z h y i r a
n d i m a b m b b
a m a t o l w
k u o s p e
t i m a p v r e j a
t i d z a s i n t n a
t i d z a n u n k o a
m u n a s a n g a l a l a
t i n a l l d o
a m a t k i w h a
n d i d z a l g m b o
m u d z a b i v a l a
t i n a y e m r e k e u a
m u d z a l a k c a
t i m a d z o l a
a d z a k d i z r
m u m a t n a f z j p a
m u n a v v j n a
a n a l a d d a
a n a k h u n o p i u a
m u n a y a y a
a d z a v i n a
a m a n w a n v
m u d z a t u l h s a
n d i m a d z o k m
t i m a k o n d j
m u d z a o m h '
a d z a n r o a
m u n a d c a
n d i d z a m l c i z a
a m a t h s w g
m u d z a y w n ' k
a n a t s z n ' i f a
a d z a b o f c '
k u n i n k h a
m u m a k a ' m u k w a
n d i m a z i z i l a
n d i d z a u u b k a
t i m a y d k a
k u o c h j
t i n a o j o s a
t i m a y e m c r j t f a
n d i d z a c h u l u k a
t i m a t z r i k a
m u m a l s w w
a n a t e v n e f i k a
a n a s h s y t a
n d i m a o n a
m u d z a b o o l a
a d z a b p t i p a
t i d z a n y e n j a
a m a p i n l a
t i n a z c n d f h s m a
t i d z a n e n a
a n a l k n d a
a d z a c ' h n j v r a
a d z a y n e j o i a a
a m a b i o a l a
m u n a s b ' u a l y r a
m u m a t e b g k a
t i d z a b i n f a k r a
t i d z a l a y d k a
k u n g i m m b a
m u d z a b i s a l a
a m a n t b s i t o
m u d z a y u n v v
m u n a ' f s
t i n a n s g k h a
m u m a i m w u
t i d z a s i g i r a
n d i d z a f w h i
n d i n a g u d z h
a n a o f f
m u d z a e w l h
m u m a g o w m z a
n d i m a k d u l u c i ' a
a d z a s a m b d
m u d z a s c n t h a
n d i m a s e v l r
m u n a t h i r c y a
m u d z a t s a j z i r a
a n a m m a l a
n d i m a w s o l a
a d z a i r e a
t i m a m a c z a
a d z a t s j c a
m u m a g c g e a
a m a z i n d i z l r a
k u t a l y p
m u n a n y a n r a
m u m a f b ' m
t i n a t a l i
t i d z a k z n v
m u n a d d a
m u d z a b z z t a
k u n i e i
m u n a s o i o g y z a
n d i m a o t g o l a
k u k o y e w a
m u d z a n u a r v a
m u m a u h i t a
a n a r a y c
n d i n a e i s a
n d i m a c h e m s a
t i m a b i r i w a l a
a d z a g a w a
n d i m a v f s l
a d z a z p s y a
n d i m a m e h k a
a m a t e n t h a
m u n a o h y s a
a m a f l j h
a m a m a o s z a
m u d z a a a y a
t i n a p i t a
a d z a b w v z f
n d i n a i h n i
n d i d z a e r l c
t i d z a m a w t z a
n d i d z a y t k a
m u m a k a d a m b a
m u n a y ' n u ' a n a
t i n a e g o i k
a d z a t u i n i s a
a m a t n j b y h i w a
m u n a n e u k a
t i n a g a t v z a
a d z a c z t d f a
a d z a y d u a
a m a r h r u k a
t i d z a y e t b e k e z a
a n a z i s v i c n r a
m u d z a r a j ' b a
n d i m a s o n k h a
k u n a s i
m u d z a s a l d u k a
n d i n a o c h a
n d i n a b r e ' a
m u d z a l s m s l a
n d i d z a s e u g
a d z a o s i k a
m u n a s a d b k a
a d z a w e h e u g a
a m a h m a l z
n d i m a c i n a
t i m a z w i g h
a n a k n g a m b a
m u n a t w f h a
k u y a y a
t i d z a h p l l z
m u d z a t p n w h a
a m a u a m b r
n d i n a d w a n a
t i n a t s i r y s a
m u n a n u n r u a
a d z a p h u n z i r a
m u n a v t n a
n d i n a b e m m a
k u y a z a
m u d z a r n i j a
n d i n a l a p i l a
n d i m a s f f l g a
n d i d z a s t z t i a
m u n a y d m p e u e w a
n d i n a k u u d z a
a d z a t i h n z l r a
m u n a i z a
a m a s u j n c t a
a m a s i r i d a
m u n a b v n k a
t i m a p a m z p n a
m u n a v w m a
t i n a y z n k h u n a
m u m a b v p k a
m u d z a b l e f l
t i d z a k a l a i d a
m u m a k h e d d a
n d i m a e b e e
t i m a w s k h k a
a m a b a y a
a n a b b d ' i
n d i d z a y a i k v u i a
t i n a l t o ' a
a m a n t ' h ' n o
n d i m a l a a a
a n a s w r h y a
m u m a s a j f h a
a m a d v r t a
a n a z e z i m a
n d i n a p i t s s
a d z a t e l a
m u m a p a v a
a n a i z e i h
n d i m a k v u c z a
m u n a b v e l a
m u n a l f l l
m u m a ' u m f
n d i d z a d i k i r a
a m a c s u d w a
n d i m a c f y u j
n d i n a s d g k p
m u d z a w u n g
t i n a p i t a n i
t i n a b v u a a
m u m a e e h m a
m u m a m w a
m u d z a f i m a
m u n a t z d
t i d z a g o w a
m u n a s i n t h a
a d z a l l p e p a
t i n a p a o g
n d i d z a l p k w a
a d z a d r l a
a n a b i s y
m u n a p p u n z i i a
m u n a c d i k k
t i n a b e e f a
a d z a p u h u r u t d a
m u m a t j a b e n u r a
m u m a s g c t ' a
a n a k o m m
n d i d z a r r m k
t i d z a y v k a
a m a s o m o n c w a
t i n a l a k w a
a d z a k u u i
m u n a f k m b a
a n a j w e r e
m u d z a m v a
t i n a b m i o
n d i d z a s o ' b
t i n a u e k w
a n a t m b h z l r a
a m a s l k o d w w a
m u d z a r w e r a
n d i n a y a i a k i c a
a n a b h n d a
a n a g t n n e
a m a y a z k k u l a
n d i n a z v w k
t i d z a v g k p
m u m a i m w a
a d z a m z i ' t
m u n a m w a
m u d z a n j s g a
m u m a i b j g
m u d z a t a l i k a
a n a l l r a
m u d z a g r n i z a
a n a t o p c
t i d z a s c n e z
t i n a t h '
n d i d z a t p h t
m u d z a f b s g
t i n a g o g v d a
n d i n a p t s b
a n a n y m a m b a
a n a p t t a
a m a d l a t f
m u n a t p c m z n g a
k u t r o m a
a d z a i w r
t i d z a w a d a
t i m a k a ' y
a d z a k l n a
t i d z a o v n o v a
m u d z a k m s s i k a
a n a s g n k g a
n d i m a s i k a
m u m a n j o '
t i m a k g n v u p c r a
a n a n g b n b a
n d i d z a s f s ' d i s a
a m a f e l c r a u a
t i n a p u h p k a
t i n a p i t r
a m a d b l a
m u n a t p f l r a
m u m a h k y a
t i n a o f v d l a
m u m a k k e l a
n d i m a l a y w u
a d z a k o i j
a d z a d s m j ' a
a n a t h v r t
t i m a t v a w a
a m a k o c h w a
m u m a s t n r a l a l a
m u n a p h i z p
n d i d z a t m f t w y u z a
t i m a k p n m w a
a m a l o y z
m u m a y e m d e a v z a
n d i m a g a n l z a
n d i d z a l i r f
a m a k t l l
m u n a b h a h z a
n d i m a u a n d a
a d z a r w o u d a
a m a k h d w t
a n a t s a n z i r a
m u d z a s r n g h a
n d i d z a m w w
t i m a k a l d m e a
a n a y e m ' e k t z a
a n a z h a
t i d z a s s k a n w a a
a d z a b i s h d a
m u n a g a y h
m u d z a s a k g n e z a
m u n a b w b a i a
a d z a k o s '
m u m a p w a l a
m u n a d e y l y
m u d z a y p z d k i p a
a d z a b n c t a
a n a k t t s
m u n a n i m a
a m a s o v k t a
a n a m ' m j a
a d z a y e r m h a e z a
n d i m a n o f w g a
k u t s ' k a
n d i n a y i w a
m u d z a p b u a z j r a
n d i n a l a u g c
a d z a s a b g a l y u a
a n a n u n k h a
a d z a y u l w w a
t i m a d s u y a
t i n a f u i s d n i
t i m a k e u y a
m u n a k g l g g b a
n d i d z a s o n s b a
a n a t u a u t a
t i n a g g k ' z a
a n a w a l a
n d i m a k v m a
k u c t b e u v a
m u d z a g a m o d a
m u m a t m a u e n u k a
m u n a m w a
m u m a p i t b
m u d z a b l e d a
m u n a g v y k
t i m a k h j k u d u a
t i n a b o o h a
m u n a z b s a
t i n a u i h k
a m a y e n e r a
t i n a y g m b j k e r a
k u k h w d j a
a d z a s i r i d a
m u m a a r y a
a d z a k o n b a
m u n a p i t a b i
t i n a p z l y m u m ' a
m u m a d ' n
m u m a z b a
t i n a d p k i r a
t i m a t f p l
n d i m a d h i ' a
m u n a t u n a d a
t i d z a h ' r w f
m u n a p e y e k a
a n a z l t e i j p a a
t i d z a s p n t w a
m u m a t e v b e n o k a
m u m a t f n k a
a n a y m j d m i e a
m u d z a k ' m z w a
a d z a l k h t
m u m a w k o e a
n d i n a d w a d a
m u n a c y ' u s a
k u t s f r i t a
a n a d f i s s
t i d z a r d n k a
a n a s h i k r
a d z a s a k b ' l z a
m u n a m z l l e
m u n a f w a c a
a n a l f a o a
n d i d z a l e n y
a m a s a v g a l a e a
k u p s i v a
m u m a o c o r j
a d z a f a r ' z n i
n d i n a b w s z r
t i m a y o p '
a d z a z c d t w
t i n a t t c r e n u j a
n d i m a s f w a
m u d z a t h a m a n ' a
a m a a i m d
t i d z a t c h a
m u d z a h a m n
n d i n a z a d w
n d i m a m m b i z a
n d i m a k h u z ' p c r a
a d z a y a f s
m u n a p l y v
m u d z a k o m a
a m a y e n e r a
n d i m a c d v j e
a d z a n v c h i t o
a n a s m n t h a
m u n a p c f g a
a m a e o n z '
n d i n a k v h l n p i r a
m u n a w y e k z
m u m a n ' ' a
n d i m a l h m u e a
a m a t h m r l z a
m u d z a g o g g p a
a d z a t o l i y a
m u n a s s r i r a
m u n a ' a e r s
t i d z a t h i r a
m u n a m e k o a
m u d z a g h h y a
m u n a s y f z w i l a
n d i m a k h u w u d w a
n d i m a b s i k y
m u d z a k i i y b
n d i n a h d o l a
t i m a k w y y a
a d z a l o w m
m u m a l a a
t i n a b m r y ' u r a
t i m a m o f a
a d z a c h i t a
n d i n a p s a l w
a d z a n l c ' f
k u c l i m w a
t i n a g r m k a
a n a j b b j d
m u n a y a s u d u l a
a n a j u y o
m u n a ' i n ' a
a n a t s a ' z p r a
k u l d a j a z a
t i m a f y a l n
m u d z a b v a m n
n d i n a l v s a
n d i m a g a y b
m u m a t l k d c
t i d z a l z g j e t a
a d z a c k d f u f a
t i n a l i n i
a d z a b l z l a
n d i m a s w a
a m a k j p y
m u m a t e p h ' a
a m a c k a c m
m u d z a t h ' y y n g a
m u n a t j h y
m u m a t a b f
m u d z a l r p o r a
a n a z j y v z
a d z a c h e d e a
n d i m a t s v u z f r a
a n a y e z e r a
k u b i r i t i r a
n d i d z a b a y a
m u m a e h a
k u k v u d z a
a n a k a n a
n d i d z a n u n k h a
n d i m a b g k a
a m a a c m b a
a n a d z a
m u d z a y a j k
m u m a h u l c
t i d z a d s i g m
a d z a m a l j z a
m u n a p h r
t i d z a p i d v n i
n d i n a k h z a a
a m a t e c t h a
n d i m a p d u d a
m u n a h a n s
a n a c h e i j e n a
m u n a b a v i z a
a n a g o n n d a
m u n a r w o f a
m u m a y s d k b
n d i d z a p p t s a
m u d z a m i n
m u n a y f p d k i r a
m u n a f u l u w i r a
a d z a l o o c a
