E i n z e l n a c h w e i s e
E i n z e l n a c h w e i s e
E i n z e l n a c h w e i s e n
E i n z e l n a c h w e i s e
E i n z e l n a c h w e i s
E i n z e l n a c h w e i s
E i n z e l n a c h w e i s
E i n z e l n a c h w e i s
L i t e r a t u r e n
L i t e r a t u r e n
L i t e r a t u r e n
L i t e r a t u r e n
L i t e r a t u r
L i t e r a t u r
L i t e r a t u r
L i t e r a t u r
M i t g l i e d e r
M i t g l i e d e r
M i t g l i e d e r n
M i t g l i e d e r
M i t g l i e d e s
M i t g l i e d
M i t g l i e d
M i t g l i e d
U n i v e r s i t ä t e n
U n i v e r s i t ä t e n
U n i v e r s i t ä t e n
U n i v e r s i t ä t e n
U n i v e r s i t ä t
U n i v e r s i t ä t
U n i v e r s i t ä t
U n i v e r s i t ä t
F u ß b a l l s p i e l e r
F u ß b a l l s p i e l e r
F u ß b a l l s p i e l e r
F u ß b a l l s p i e l e r
F u ß b a l l s p i e l e r n
F u ß b a l l s p i e l e r
F u ß b a l l s p i e l e r
F u ß b a l l s p i e l e r s
V e r l a g e
V e r l a g e
V e r l a g e n
V e r l a g e
V e r l a g e s
V e r l a g
V e r l a g
V e r l a g
F a m i l i e
F a m i l i e
F a m i l i e
F a m i l i e n
F a m i l i e n
F a m i l i e n
F a m i l i e n
F a m i l i e
b e f a n d e n
b e f a n d e n
b e f ä n d e n
b e f ä n d e n
b e f a n d e s t
b e f ä n d e s t
b e f a n d e t
b e f ä n d e t
b e f ä n d e
b e f ä n d e
b e f a n d
b e f a n d
b e f i n d e n d
b e f i n d e n
b e f i n d e n
b e f i n d e n
b e f i n d e n
b e f i n d e n
b e f i n d e s t
b e f i n d e s t
b e f i n d e t
b e f i n d e t
b e f i n d e t
b e f i n d e t
b e f i n d e
b e f i n d e
b e f i n d e
b e f i n d e
b e f u n d e n
D e u t s c h e
D e u t s c h e n
D e u t s c h e n
D e u t s c h e n
D e u t s c h e n
D e u t s c h e n
D e u t s c h e n
D e u t s c h e
P e r s o n e n
P e r s o n e n
P e r s o n e n
P e r s o n e n
P e r s o n
P e r s o n
P e r s o n
P e r s o n
b e k a n n t e n
b e k a n n t e n
b e k a n n t e s t
b e k a n n t e t
b e k a n n t e
b e k a n n t e
b e k a n n t
b e k e n n e n d
b e k e n n e n
b e k e n n e n
b e k e n n e n
b e k e n n e n
b e k e n n e n
b e k e n n e s t
b e k e n n e t
b e k e n n e
b e k e n n e
b e k e n n e
b e k e n n s t
b e k e n n t e n
b e k e n n t e n
b e k e n n t e s t
b e k e n n t e t
b e k e n n t e
b e k e n n t e
b e k e n n t
b e k e n n t
b e k e n n t
b e k e n n
S t a a t e n
S t a a t e n
S t a a t e n
S t a a t e n
S t a a t e s
S t a a t
S t a a t
S t a a t
M e n s c h e n
M e n s c h e n
M e n s c h e n
M e n s c h e n
M e n s c h e n
M e n s c h e n
M e n s c h e n
M e n s c h
e i n i g e n d
e i n i g e n
e i n i g e n
e i n i g e n
e i n i g e n
e i n i g e n
e i n i g e s t
e i n i g e t
e i n i g e
e i n i g e
e i n i g e
e i n i g s t
e i n i g t e n
e i n i g t e n
e i n i g t e n
e i n i g t e n
e i n i g t e s t
e i n i g t e s t
e i n i g t e t
e i n i g t e t
e i n i g t e
e i n i g t e
e i n i g t e
e i n i g t e
e i n i g t
e i n i g t
e i n i g t
e i n i g
g e e i n i g t
g e n a n n t
n a n n t e n
n a n n t e n
n a n n t e s t
n a n n t e t
n a n n t e
n a n n t e
n e n n e n d
n e n n e n
n e n n e n
n e n n e n
n e n n e n
n e n n e n
n e n n e s t
n e n n e t
n e n n e
n e n n e
n e n n e
n e n n s t
n e n n t e n
n e n n t e n
n e n n t e s t
n e n n t e t
n e n n t e
n e n n t e
n e n n t
n e n n t
b e s t a n d e n
b e s t a n d e n
b e s t a n d e n
b e s t ä n d e n
b e s t ä n d e n
b e s t a n d e s t
b e s t ä n d e s t
b e s t a n d e t
b e s t ä n d e t
b e s t ä n d e
b e s t ä n d e
b e s t a n d
b e s t a n d
b e s t e h e n d
b e s t e h e n
b e s t e h e n
b e s t e h e n
b e s t e h e n
b e s t e h e n
b e s t e h e s t
b e s t e h e t
b e s t e h e
b e s t e h e
b e s t e h e
b e s t e h s t
b e s t e h t
b e s t e h t
b e s t e h t
b e s t e h
s t u d i e r e n d
s t u d i e r e n
s t u d i e r e n
s t u d i e r e n
s t u d i e r e n
s t u d i e r e n
s t u d i e r e s t
s t u d i e r e t
s t u d i e r e
s t u d i e r e
s t u d i e r e
s t u d i e r s t
s t u d i e r t e n
s t u d i e r t e n
s t u d i e r t e n
s t u d i e r t e n
s t u d i e r t e s t
s t u d i e r t e s t
s t u d i e r t e t
s t u d i e r t e t
s t u d i e r t e
s t u d i e r t e
s t u d i e r t e
s t u d i e r t e
s t u d i e r t
s t u d i e r t
s t u d i e r t
s t u d i e r t
s t u d i e r
P r o v i n z e n
P r o v i n z e n
P r o v i n z e n
P r o v i n z e n
P r o v i n z
P r o v i n z
P r o v i n z
P r o v i n z
K i l o m e t e r
K i l o m e t e r
K i l o m e t e r
K i l o m e t e r
K i l o m e t e r n
K i l o m e t e r
K i l o m e t e r
K i l o m e t e r s
g e g r ü n d e t
g r ü n d e n d
g r ü n d e n
g r ü n d e n
g r ü n d e n
g r ü n d e n
g r ü n d e n
g r ü n d e s t
g r ü n d e s t
g r ü n d e t e n
g r ü n d e t e n
g r ü n d e t e n
g r ü n d e t e n
g r ü n d e t e s t
g r ü n d e t e s t
g r ü n d e t e t
g r ü n d e t e t
g r ü n d e t e
g r ü n d e t e
g r ü n d e t e
g r ü n d e t e
g r ü n d e t
g r ü n d e t
g r ü n d e t
g r ü n d e t
g r ü n d e
g r ü n d e
g r ü n d e
g r ü n d e
W e l t k r i e g e
W e l t k r i e g e
W e l t k r i e g e n
W e l t k r i e g e
W e l t k r i e g e s
W e l t k r i e g
W e l t k r i e g
W e l t k r i e g
V e r e i n e
V e r e i n e
V e r e i n e n
V e r e i n e
V e r e i n e s
V e r e i n
V e r e i n
V e r e i n
S c h w e i z e r
S c h w e i z e r
S c h w e i z e r
S c h w e i z e r
S c h w e i z e r n
S c h w e i z e r
S c h w e i z e r
S c h w e i z e r s
G e b i e t e
G e b i e t e
G e b i e t e n
G e b i e t e
G e b i e t e s
G e b i e t
G e b i e t
G e b i e t
W e b s i t e
W e b s i t e
W e b s i t e
W e b s i t e
W e b s i t e s
W e b s i t e s
W e b s i t e s
W e b s i t e s
B i s c h ö f e
B i s c h ö f e
B i s c h ö f e n
B i s c h ö f e
B i s c h o f
B i s c h o f
B i s c h o f
B i s c h o f s
E n t w i c k l u n g
E n t w i c k l u n g
E n t w i c k l u n g
E n t w i c k l u n g
P a r t e i e n
P a r t e i e n
P a r t e i e n
P a r t e i e n
P a r t e i
P a r t e i
P a r t e i
P a r t e i
C o u n t y
C o u n t y
C o u n t y
C o u n t y
C o u n t y s
C o u n t y s
C o u n t y s
C o u n t y s
ü b e r n a h m e n
ü b e r n a h m e n
ü b e r n ä h m e n
ü b e r n ä h m e n
ü b e r n ä h m e s t
ü b e r n ä h m e t
ü b e r n ä h m e
ü b e r n ä h m e
ü b e r n a h m s t
ü b e r n a h m t
ü b e r n a h m
ü b e r n a h m
ü b e r n e h m e n d
ü b e r n e h m e n
ü b e r n e h m e n
ü b e r n e h m e n
ü b e r n e h m e n
ü b e r n e h m e n
ü b e r n e h m e s t
ü b e r n e h m e t
ü b e r n e h m e
ü b e r n e h m e
ü b e r n e h m e
ü b e r n e h m t
ü b e r n e h m t
ü b e r n i m m s t
ü b e r n i m m t
ü b e r n i m m
ü b e r n o m m e n
G e s e l l s c h a f t e n
G e s e l l s c h a f t e n
G e s e l l s c h a f t e n
G e s e l l s c h a f t e n
G e s e l l s c h a f t
G e s e l l s c h a f t
G e s e l l s c h a f t
G e s e l l s c h a f t
g e w ä h l t
w ä h l e n d
w ä h l e n
w ä h l e n
w ä h l e n
w ä h l e n
w ä h l e n
w ä h l e s t
w ä h l e t
w ä h l e
w ä h l e
w ä h l e
w ä h l s t
w ä h l t e n
w ä h l t e n
w ä h l t e n
w ä h l t e n
w ä h l t e s t
w ä h l t e s t
w ä h l t e t
w ä h l t e t
w ä h l t e
w ä h l t e
w ä h l t e
w ä h l t e
w ä h l t
w ä h l t
w ä h l t
w ä h l
e r r i c h t e n d
e r r i c h t e n
e r r i c h t e n
e r r i c h t e n
e r r i c h t e n
e r r i c h t e n
e r r i c h t e s t
e r r i c h t e s t
e r r i c h t e t e n
e r r i c h t e t e n
e r r i c h t e t e n
e r r i c h t e t e n
e r r i c h t e t e s t
e r r i c h t e t e s t
e r r i c h t e t e t
e r r i c h t e t e t
e r r i c h t e t e
e r r i c h t e t e
e r r i c h t e t e
e r r i c h t e t e
e r r i c h t e t
e r r i c h t e t
e r r i c h t e t
e r r i c h t e t
e r r i c h t e t
e r r i c h t e
e r r i c h t e
e r r i c h t e
e r r i c h t e
S c h l ö s s e r
S c h l ö s s e r
S c h l ö s s e r n
S c h l ö s s e r
S c h l o s s e s
S c h l o s s
S c h l o s s
S c h l o s s
R a h m e n
R a h m e n
R a h m e n
R a h m e n
R a h m e n
R a h m e n
R a h m e n
R a h m e n s
e r s c h e i n e n d
e r s c h e i n e n
e r s c h e i n e n
e r s c h e i n e n
e r s c h e i n e n
e r s c h e i n e n
e r s c h e i n e s t
e r s c h e i n e t
e r s c h e i n e
e r s c h e i n e
e r s c h e i n e
e r s c h e i n s t
e r s c h e i n t
e r s c h e i n t
e r s c h e i n t
e r s c h e i n
e r s c h i e n e n
e r s c h i e n e n
e r s c h i e n e n
e r s c h i e n e n
e r s c h i e n e n
e r s c h i e n e s t
e r s c h i e n e t
e r s c h i e n e
e r s c h i e n e
e r s c h i e n s t
e r s c h i e n t
e r s c h i e n
e r s c h i e n
B e i s p i e l e
B e i s p i e l e
B e i s p i e l e n
B e i s p i e l e
B e i s p i e l e s
B e i s p i e l
B e i s p i e l
B e i s p i e l
P r o z e n t e
P r o z e n t e
P r o z e n t e n
P r o z e n t e
P r o z e n t e s
P r o z e n t
P r o z e n t
P r o z e n t
A u f l a g e
A u f l a g e
A u f l a g e
A u f l a g e n
A u f l a g e n
A u f l a g e n
A u f l a g e n
A u f l a g e
E i n s ä t z e
E i n s ä t z e
E i n s ä t z e n
E i n s ä t z e
E i n s a t z e s
E i n s a t z
E i n s a t z
E i n s a t z
S c h a u s p i e l e r
S c h a u s p i e l e r
S c h a u s p i e l e r
S c h a u s p i e l e r
S c h a u s p i e l e r n
S c h a u s p i e l e r
S c h a u s p i e l e r
S c h a u s p i e l e r s
W e s t e
W e s t e
W e s t e
W e s t e n
W e s t e n
W e s t e n
W e s t e n
W e s t e
B e d e u t u n g e n
B e d e u t u n g e n
B e d e u t u n g e n
B e d e u t u n g e n
B e d e u t u n g
B e d e u t u n g
B e d e u t u n g
B e d e u t u n g
T e i l n e h m e r
T e i l n e h m e r
T e i l n e h m e r
T e i l n e h m e r
T e i l n e h m e r n
T e i l n e h m e r
T e i l n e h m e r
T e i l n e h m e r s
B e v ö l k e r u n g e n
B e v ö l k e r u n g e n
B e v ö l k e r u n g e n
B e v ö l k e r u n g e n
B e v ö l k e r u n g
B e v ö l k e r u n g
B e v ö l k e r u n g
B e v ö l k e r u n g
T r ä g e r
T r ä g e r
T r ä g e r
T r ä g e r
T r ä g e r n
T r ä g e r
T r ä g e r
T r ä g e r s
K o m p o n i s t e n
K o m p o n i s t e n
K o m p o n i s t e n
K o m p o n i s t e n
K o m p o n i s t e n
K o m p o n i s t e n
K o m p o n i s t e n
K o m p o n i s t
v e r ö f f e n t l i c h e n d
v e r ö f f e n t l i c h e n
v e r ö f f e n t l i c h e n
v e r ö f f e n t l i c h e n
v e r ö f f e n t l i c h e n
v e r ö f f e n t l i c h e n
v e r ö f f e n t l i c h e s t
v e r ö f f e n t l i c h e t
v e r ö f f e n t l i c h e
v e r ö f f e n t l i c h e
v e r ö f f e n t l i c h e
v e r ö f f e n t l i c h s t
v e r ö f f e n t l i c h t e n
v e r ö f f e n t l i c h t e n
v e r ö f f e n t l i c h t e n
v e r ö f f e n t l i c h t e n
v e r ö f f e n t l i c h t e s t
v e r ö f f e n t l i c h t e s t
v e r ö f f e n t l i c h t e t
v e r ö f f e n t l i c h t e t
v e r ö f f e n t l i c h t e
v e r ö f f e n t l i c h t e
v e r ö f f e n t l i c h t e
v e r ö f f e n t l i c h t e
v e r ö f f e n t l i c h t
v e r ö f f e n t l i c h t
v e r ö f f e n t l i c h t
v e r ö f f e n t l i c h t
v e r ö f f e n t l i c h
Q u e l l e
Q u e l l e
Q u e l l e
Q u e l l e n
Q u e l l e n
Q u e l l e n
Q u e l l e n
Q u e l l e
S p i e l e r
S p i e l e r
S p i e l e r
S p i e l e r
S p i e l e r n
S p i e l e r
S p i e l e r
S p i e l e r s
R e p u b l i k e n
R e p u b l i k e n
R e p u b l i k e n
R e p u b l i k e n
R e p u b l i k
R e p u b l i k
R e p u b l i k
R e p u b l i k
P r ä s i d e n t e n
P r ä s i d e n t e n
P r ä s i d e n t e n
P r ä s i d e n t e n
P r ä s i d e n t e n
P r ä s i d e n t e n
P r ä s i d e n t e n
P r ä s i d e n t
K l a s s e
K l a s s e
K l a s s e
K l a s s e n
K l a s s e n
K l a s s e n
K l a s s e n
K l a s s e
A k a d e m i e
A k a d e m i e
A k a d e m i e
A k a d e m i e n
A k a d e m i e n
A k a d e m i e n
A k a d e m i e n
A k a d e m i e
S o m m e r
S o m m e r
S o m m e r
S o m m e r
S o m m e r n
S o m m e r
S o m m e r
S o m m e r s
O r g a n i s a t i o n e n
O r g a n i s a t i o n e n
O r g a n i s a t i o n e n
O r g a n i s a t i o n e n
O r g a n i s a t i o n
O r g a n i s a t i o n
O r g a n i s a t i o n
O r g a n i s a t i o n
g e s e t z t
s e t z e n d
s e t z e n
s e t z e n
s e t z e n
s e t z e n
s e t z e n
s e t z e s t
s e t z e t
s e t z e
s e t z e
s e t z e
s e t z t e n
s e t z t e n
s e t z t e n
s e t z t e n
s e t z t e s t
s e t z t e s t
s e t z t e t
s e t z t e t
s e t z t e
s e t z t e
s e t z t e
s e t z t e
s e t z t
s e t z t
s e t z t
B a u w e r k e
B a u w e r k e
B a u w e r k e n
B a u w e r k e
B a u w e r k e s
B a u w e r k
B a u w e r k
B a u w e r k
K u l t u r e n
K u l t u r e n
K u l t u r e n
K u l t u r e n
K u l t u r
K u l t u r
K u l t u r
K u l t u r
B r ü d e r
B r u d e r
B r u d e r
B r ü d e r
B r ü d e r n
B r ü d e r
B r u d e r
B r u d e r s
K ü n s t l e r
K ü n s t l e r
K ü n s t l e r
K ü n s t l e r
K ü n s t l e r n
K ü n s t l e r
K ü n s t l e r
K ü n s t l e r s
V e r t r ä g e
V e r t r ä g e
V e r t r ä g e n
V e r t r ä g e
V e r t r a g e s
V e r t r a g
V e r t r a g
V e r t r a g
P o l i t i k e n
P o l i t i k e n
P o l i t i k e n
P o l i t i k e n
P o l i t i k
P o l i t i k
P o l i t i k
P o l i t i k
K a i s e r
K a i s e r
K a i s e r
K a i s e r
K a i s e r n
K a i s e r
K a i s e r
K a i s e r s
K l ö s t e r
K l o s t e r
K l o s t e r
K l ö s t e r
K l ö s t e r n
K l ö s t e r
K l o s t e r
K l o s t e r s
B e t r i e b e
B e t r i e b e
B e t r i e b e n
B e t r i e b e
B e t r i e b e s
B e t r i e b
B e t r i e b
B e t r i e b
S p i e l e
S p i e l e
S p i e l e n
S p i e l e
S p i e l e s
S p i e l
S p i e l
S p i e l
g e n u t z t
n u t z e n d
n u t z e n
n u t z e n
n u t z e n
n u t z e n
n u t z e n
n u t z e s t
n u t z e t
n u t z e
n u t z e
n u t z e
n u t z t e n
n u t z t e n
n u t z t e n
n u t z t e n
n u t z t e s t
n u t z t e s t
n u t z t e t
n u t z t e t
n u t z t e
n u t z t e
n u t z t e
n u t z t e
n u t z t
n u t z t
n u t z t
n u t z t
n u t z
S t r e c k e
S t r e c k e
S t r e c k e
S t r e c k e n
S t r e c k e n
S t r e c k e n
S t r e c k e n
S t r e c k e
A u s z e i c h n u n g e n
A u s z e i c h n u n g e n
A u s z e i c h n u n g e n
A u s z e i c h n u n g e n
A u s z e i c h n u n g
A u s z e i c h n u n g
A u s z e i c h n u n g
A u s z e i c h n u n g
H ä l f t e
H ä l f t e
H ä l f t e
H ä l f t e n
H ä l f t e n
H ä l f t e n
H ä l f t e n
H ä l f t e
a u f g e n o m m e n
a u f n e h m e n d
a u f n e h m e n
n a h m _ a u f
n a h m _ a u f
n ä h m e _ a u f
n ä h m e _ a u f
n a h m e n _ a u f
n a h m e n _ a u f
n ä h m e n _ a u f
n ä h m e n _ a u f
n ä h m e s t _ a u f
n ä h m e t _ a u f
n a h m s t _ a u f
n a h m t _ a u f
n e h m e _ a u f
n e h m e _ a u f
n e h m e _ a u f
n e h m e n _ a u f
n e h m e n _ a u f
n e h m e n _ a u f
n e h m e n _ a u f
n e h m e s t _ a u f
n e h m e t _ a u f
n e h m t _ a u f
n e h m t _ a u f
n i m m _ a u f
n i m m s t _ a u f
n i m m t _ a u f
g e g l i c h e n
g l e i c h e n d
g l e i c h e n
g l e i c h e n
g l e i c h e n
g l e i c h e n
g l e i c h e n
g l e i c h e s t
g l e i c h e t
g l e i c h e
g l e i c h e
g l e i c h e
g l e i c h s t
g l e i c h t
g l e i c h t
g l e i c h t
g l e i c h
g l i c h e n
g l i c h e n
g l i c h e n
g l i c h e n
g l i c h e s t
g l i c h e t
g l i c h e
g l i c h e
g l i c h s t
g l i c h t
g l i c h
g l i c h
B e z e i c h n u n g e n
B e z e i c h n u n g e n
B e z e i c h n u n g e n
B e z e i c h n u n g e n
B e z e i c h n u n g
B e z e i c h n u n g
B e z e i c h n u n g
B e z e i c h n u n g
B ü r g e r m e i s t e r
B ü r g e r m e i s t e r
B ü r g e r m e i s t e r
B ü r g e r m e i s t e r
B ü r g e r m e i s t e r n
B ü r g e r m e i s t e r
B ü r g e r m e i s t e r
B ü r g e r m e i s t e r s
S t e l l e
S t e l l e
S t e l l e
S t e l l e n
S t e l l e n
S t e l l e n
S t e l l e n
S t e l l e
F i n a l e
F i n a l e
F i n a l e
F i n a l e
F i n a l e n
F i n a l e
F i n a l e
F i n a l e s
e r w ä h n e n d
e r w ä h n e n
e r w ä h n e n
e r w ä h n e n
e r w ä h n e n
e r w ä h n e n
e r w ä h n e s t
e r w ä h n e t
e r w ä h n e
e r w ä h n e
e r w ä h n e
e r w ä h n s t
e r w ä h n t e n
e r w ä h n t e n
e r w ä h n t e n
e r w ä h n t e n
e r w ä h n t e s t
e r w ä h n t e s t
e r w ä h n t e t
e r w ä h n t e t
e r w ä h n t e
e r w ä h n t e
e r w ä h n t e
e r w ä h n t e
e r w ä h n t
e r w ä h n t
e r w ä h n t
e r w ä h n t
e r w ä h n
g e k o m m e n
k a m e n
k a m e n
k ä m e n
k ä m e n
k ä m e s t
k ä m e t
k ä m e
k ä m e
k a m s t
k a m t
k a m
k a m
k o m m e n d
k o m m e n
k o m m e n
k o m m e n
k o m m e n
k o m m e n
k o m m e s t
k o m m e t
k o m m e
k o m m e
k o m m e
k o m m s t
k o m m t
k o m m t
G r ü n d u n g e n
G r ü n d u n g e n
G r ü n d u n g e n
G r ü n d u n g e n
G r ü n d u n g
G r ü n d u n g
G r ü n d u n g
G r ü n d u n g
g e s t a m m t
s t a m m e n d
s t a m m e n
s t a m m e n
s t a m m e n
s t a m m e n
s t a m m e n
s t a m m e s t
s t a m m e t
s t a m m e
s t a m m e
s t a m m e
s t a m m s t
s t a m m t e n
s t a m m t e n
s t a m m t e n
s t a m m t e n
s t a m m t e s t
s t a m m t e s t
s t a m m t e t
s t a m m t e t
s t a m m t e
s t a m m t e
s t a m m t e
s t a m m t e
s t a m m t
s t a m m t
s t a m m t
s t a m m
K ö n i g r e i c h e
K ö n i g r e i c h e
K ö n i g r e i c h e n
K ö n i g r e i c h e
K ö n i g r e i c h e s
K ö n i g r e i c h
K ö n i g r e i c h
K ö n i g r e i c h
v e r h e i r a t e n d
v e r h e i r a t e n
v e r h e i r a t e n
v e r h e i r a t e n
v e r h e i r a t e n
v e r h e i r a t e n
v e r h e i r a t e s t
v e r h e i r a t e s t
v e r h e i r a t e t e n
v e r h e i r a t e t e n
v e r h e i r a t e t e n
v e r h e i r a t e t e n
v e r h e i r a t e t e s t
v e r h e i r a t e t e s t
v e r h e i r a t e t e t
v e r h e i r a t e t e t
v e r h e i r a t e t e
v e r h e i r a t e t e
v e r h e i r a t e t e
v e r h e i r a t e t e
v e r h e i r a t e t
v e r h e i r a t e t
v e r h e i r a t e t
v e r h e i r a t e t
v e r h e i r a t e t
v e r h e i r a t e
v e r h e i r a t e
v e r h e i r a t e
v e r h e i r a t e
a n g e s c h l o s s e n
a n s c h l i e ß e n d
a n s c h l i e ß e n
s c h l i e ß _ a n
s c h l i e ß e _ a n
s c h l i e ß e _ a n
s c h l i e ß e _ a n
s c h l i e ß e n _ a n
s c h l i e ß e n _ a n
s c h l i e ß e n _ a n
s c h l i e ß e n _ a n
s c h l i e ß e s t _ a n
s c h l i e ß e t _ a n
s c h l i e ß t _ a n
s c h l i e ß t _ a n
s c h l i e ß t _ a n
s c h l i e ß t _ a n
s c h l o s s _ a n
s c h l o s s _ a n
s c h l ö s s e _ a n
s c h l ö s s e _ a n
s c h l o s s e n _ a n
s c h l o s s e n _ a n
s c h l ö s s e n _ a n
s c h l ö s s e n _ a n
s c h l o s s e s t _ a n
s c h l ö s s e s t _ a n
s c h l ö s s e t _ a n
s c h l o s s t _ a n
F o l g e
F o l g e
F o l g e
F o l g e n
F o l g e n
F o l g e n
F o l g e n
F o l g e
B e z i r k e
B e z i r k e
B e z i r k e n
B e z i r k e
B e z i r k e s
B e z i r k
B e z i r k
B e z i r k
e n t w i c k e l e s t
e n t w i c k e l e t
e n t w i c k e l e
e n t w i c k e l e
e n t w i c k e l n d
e n t w i c k e l n
e n t w i c k e l n
e n t w i c k e l n
e n t w i c k e l n
e n t w i c k e l n
e n t w i c k e l s t
e n t w i c k e l t e n
e n t w i c k e l t e n
e n t w i c k e l t e n
e n t w i c k e l t e n
e n t w i c k e l t e s t
e n t w i c k e l t e s t
e n t w i c k e l t e t
e n t w i c k e l t e t
e n t w i c k e l t e
e n t w i c k e l t e
e n t w i c k e l t e
e n t w i c k e l t e
e n t w i c k e l t
e n t w i c k e l t
e n t w i c k e l t
e n t w i c k e l t
e n t w i c k l e
e n t w i c k l e
W a p p e n
W a p p e n
W a p p e n
W a p p e n
W a p p e n
W a p p e n
W a p p e n
W a p p e n s
B e s i t z e s
B e s i t z
B e s i t z
B e s i t z
S t a f f e l
S t a f f e l
S t a f f e l
S t a f f e l n
S t a f f e l n
S t a f f e l n
S t a f f e l n
S t a f f e l
H o c h s c h u l e
H o c h s c h u l e
H o c h s c h u l e
H o c h s c h u l e n
H o c h s c h u l e n
H o c h s c h u l e n
H o c h s c h u l e n
H o c h s c h u l e
u m f a s s e n d
u m f a s s e n
u m f a s s e n
u m f a s s e n
u m f a s s e n
u m f a s s e n
u m f a s s e s t
u m f a s s e t
u m f a s s e
u m f a s s e
u m f a s s e
u m f a s s t e n
u m f a s s t e n
u m f a s s t e n
u m f a s s t e n
u m f a s s t e s t
u m f a s s t e s t
u m f a s s t e t
u m f a s s t e t
u m f a s s t e
u m f a s s t e
u m f a s s t e
u m f a s s t e
u m f a s s t
u m f a s s t
u m f a s s t
u m f a s s t
u m f a s s t
u m f a s s
d i e n e n d
d i e n e n
d i e n e n
d i e n e n
d i e n e n
d i e n e n
d i e n e s t
d i e n e t
d i e n e
d i e n e
d i e n e
d i e n s t
d i e n t e n
d i e n t e n
d i e n t e n
d i e n t e n
d i e n t e s t
d i e n t e s t
d i e n t e t
d i e n t e t
d i e n t e
d i e n t e
d i e n t e
d i e n t e
d i e n t
d i e n t
d i e n t
d i e n
g e d i e n t
Z e n t r e n
Z e n t r e n
Z e n t r e n
Z e n t r e n
Z e n t r u m
Z e n t r u m
Z e n t r u m
Z e n t r u m s
T r u p p e
T r u p p e
T r u p p e
T r u p p e n
T r u p p e n
T r u p p e n
T r u p p e n
T r u p p e
M u s i k e r
M u s i k e r
M u s i k e r
M u s i k e r
M u s i k e r n
M u s i k e r
M u s i k e r
M u s i k e r s
B e g r i f f e
B e g r i f f e
B e g r i f f e n
B e g r i f f e
B e g r i f f e s
B e g r i f f
B e g r i f f
B e g r i f f
H e r r s c h a f t e n
H e r r s c h a f t e n
H e r r s c h a f t e n
H e r r s c h a f t e n
H e r r s c h a f t
H e r r s c h a f t
H e r r s c h a f t
H e r r s c h a f t
H e s s e n
H e s s e n
H e s s e n
H e s s e n
H e s s e n
H e s s e n
H e s s e n
H e s s e
S t a d t t e i l e
S t a d t t e i l e
S t a d t t e i l e n
S t a d t t e i l e
S t a d t t e i l e s
S t a d t t e i l
S t a d t t e i l
S t a d t t e i l
r n i m g r ü
i l e e l n s e t e e s i z
b e r e
K l t ä n e i r k s z t i r k n
i e b e r s h
e ß e a r k a p l e t
h s t A u i r k s e ß e d z t e
S t r c h l t t
t ä n i l i S p ä l
n d l e t n i g s u s i e
ü d t e t t t g n i g n
ö s s i z g s i e l r t z t n l s n s t
e l p e F i n l
t g e r o m p h n e t
h l s s t a m d e r ü n d n
w e t e s g n o O r A k a e a t e d i e ß
c h t n r m e w ä h s e ß e a
e r m i g e s a i s
l ö s e a t u ü n d n ä l R e p b g s w e r e
e t _ ä t s e P a r e p p e P r ä p p e s a s s e
i e g n u l t t z e t
m s f u e t z n h m e s P o a n d n
V e r i e b s F o l e m m s
r ä g r k e l r ö f n ä ö l g a n n ä h t w p i e e
v i n r u n e
o s s f l o f s M e k o m e m e t a g l
h l e d F i n ö n
b e k n K ü n t s a t o
d u r o v
s e _ n e g r f e l e t
c h ö e ü r g r
z e n ü r g m s t a ä g e s l u h l ö s B e v l
k e l s p i e l e s
p p e e r r c h i o v i z
u d i r e d e n ö s s r g a i E i n e c h i n
c h w i o z s i t e e h e W e e v ö k
e n o k e n s a t z m m t u t z n a f t r r s ä h n n
V e r a k e r n t e i e ß b b e r m e _ W e s i e g
ß t s t d e t e _ i c k u U n t e r t t e s g ö l k
h n t n r u p n e n h m e d ö f e
B r u e s s t n p p
a n s h l g a n
m m s _ h m e a d u n e
i r k R a h e a f f g r s c h ö
g l e r k s
i n e t i c h
e n a n m p o i m m o l i i ü n d s E n t i e n _
i n i t r ä t ä t n o s s s e t z n
o s t f g e ß e _ n n b e k t a f i e d
a c h h w e s g e e o m p n e r t s B e i p
t k r e l g e
e ß e t ü n d s R a h
t u n t k r
e s t a k a d i r a r u r i e
i g e t n d e d h w a n n e i t i e ö l k r
A u s u p p n
O r P a t a e i c n f ä
P o l t i e d s
l l e c h o ä n
m e t k e l e s s ß b t e t t ö s s s
i z e s c h t t a t z s i r a f g e o
e t e t e s t a r u d r n i m s e _ E
i n t a d t e s e l B i s h
e _ E u f l g e h m s c h ö w e i e
e b s e w ä l n a h _ K i l i e n e m s t
ö s t r r l a e e d e w e z e e l e s r ä s d m e
f a n e i s e n h i e Z e r n i m e n d
Q u m m e
R e p b k e n A k i c k e t _ u
h l t t n a h _ k r i g u t z a m m e g l l g e
i m m _ t ä e n t t o m m r r r i r i f
e r e n r t r g g e n n h u
s i k A u s t a d t e u t c i t z s c h w i
s s _ K u n d e d k e l t i l n u t s h r n ä m
b i e e
i n z l r g a n t e t r e e s c e i c t e v ö k S t
c k e n e r e t p e
T r u p U n s _
t e l e e n n n e t _
a n d n n a h s s t g h ö f n e n o m e t r e w k l e
t r e k l e t
a d t w e t z t l t k l l s
S t a t a p p e n _ t a m e l t e ö s s i k e n t
t z t s g a u l t r r n o b e r ä g e t i
l i l a g m p i z e t l i h k ä m r o v n
ö s t l l s t u d e V e r a b e r ä
K ü n d t t i h w e s s t s ä g e
i e t p e e k e i s t r k e r n
i s c h a u p l s t m e n a i g i g e d
B e s t ä h l h u l e t z e
e l n t u n ä h n e B e z t r u s z e l a e n e d
i z e n t e h t B a u e b i A u s e
i m m _ ä t z n ä s i n i s s t e n M e n c O r
i z e B e z i
ü r g f ä n e e t z n s s e a r i e ä l f e l n g e e
c h i n H e r s k a d f n e m t e t s
h e f f e t a g e l i k i d e t i s B r ü e
s s _ c k e t e r ö e n o u w h u
e h s t e l e k a d i e b s
e k h n ß t _ n
e f a e n n e n s a a u f e
d e m e r g e i z c h u e
t ä t v e r i z e t t e h n h w e z S t a i l o
r i e e h e A u f p o e r t t u r r i e r l n t l c
l l e i e d n u n e
i g t t l s t e s t e m m _ u e p u l
f a n t g e r b e k n
n z e d e r
i e b k r i
S p i l H ä l i s t r ä h m t u t z s
ü n d s e n e h m _ t e r t ü n f a n e u s p s s e
F i f i n e p e e r t n
e g r f t z t s S c h u s t _ u v e r f d u n
e r n s z e u p p n G e s S c e r r
M i ä g e s T e a c h l e t
e k a ü n d n n i g t h m e a e t z t t e
r l a e a m m e i e b n r k e h e t h a f n n e t
ß e t a
t r e h m e d a d t r ö f
a n d n a t e e h s c R a h r t r g h i e
s e l s h a f e e n _ n
ä h n e t a a e r g e i f f r s c i e l s
l s A k a R e p W e b i
u n ä h l e
r h e r l o s t i t z s r e i h n i v l t e ä n d n
ä h n t a u f e K l ö t i s t n g e
r g a e h e ä h n e E n t
i c h e i r a e r e s p i i s a i k e n t r h
p e C o r ü d r
i k e n h a u p a m m t K l n t t u
l e i h d e r L i t p o n i c h
d e n e ö s s s
r n o m e n t i i d h n t n
a h m r ä i o n a g e e i e i n i s h e i e ö s s n
E i t e l e v e r e S t r k ä m t i e ß a l a g n
f g K ö n u d i S c h u i e d s t g e r
u s z i s i d n l a s a t e e h m t u d e s
e i n s n i v r ß e t e w ä n t r B e s t a a t s
g l i d e ß t i e ß _ e t z t
ä n d s H o K l ö s t e n r e c P r o e
t z t n e r s n
r h e r e w ä h u l n
g r e c S t e l l n m e _ L i h m _ u
e p u l f u n e l e i e i s i v c h u e K l e i r t
w e r e t e r t e n a n e ß e d l t k a t e d h a o s s
l o a d t e h e i t c h t t i e n a m t n i g t
u t z n l s W e b ü b s t u
e f i d g e t i u b l k k r i
b e r ä f f e n
e f ä d i n d n i l o e
e b i t h n u t z i s c o S o m r ä g r
i n d t
e t z t e d e n ä l f t u r n s a t o
s c h i a n n
e l t n d e n e b l e s t c k e e r w ä
n _ a f e ß _
p i v i n e
ä l f e e d e h n t s i e l n e c k n
P a e b s ö l k z e i h k a d w i c e _ a n f e s
s t _ n ä h m n
u n d n u e l e l e i h
W e b h l i F a m l
w ä h t e d e s c h e p p e
R e G e b e K o a p p t u r n P a r
e r l g
F o r i f a l h u l i m m a
ß t t _ r k e n a n t A u s V e r a
a m m t
g t t ä t b e r
ü n d s m m t s n a h u s i e g r f t r ä
n t y t r ä e K u l u i r m s t a l e s
e h e d l i c e k a o s t r u w m m _ B i s
B ü u s i t z t t z e i h
g e t i s z c h e d
e ß e d
g e n m
i l o e
ö s s n G r e p u l r ö c h e t
l i e d e n e l l s h
l o s t f e l i e b n
e r m ß _ a l o m n ä h e h t
u n b e r o s p m m s _
l e i A k a a c h h m e n f i n e e n u a n n e i l s
d e n r a t c h t g a n l n
e i n g B e s t e t r a t n
ä t z e n a n e t z e k e
s i t t a u s B e s p p e g e d e
l a g s c h t t s t ä e n e e r u M i i e r t H ä t z e
s t a d i e n n i l e u k e n e f ä
u l e o s s _
S p i ß b n ä h e
s s e d m i a d m e n e n _ f f e
i e g n
t a n e a s s i s c ö
_ a z e n e i l o
n g e c o m t z t s n ä
s t u i
r e i u n d g e r e
i n e B ü t t e l
s t g S o D e u s i s c o v b e s a h e n t a d t i e ß t
e r t t n s a z ä h l s E n
s t l r k e n t n n t c h l s h l t s
s i t a p p n T e i g e g
i l i M i t
ö s s _
b e r o
l ö s e m m e s i t g
s t ä h l i ß r s o u s p e t e i
e i z n a h _ u w e k t r P a
k ä m s i r a e g e r e i e b l o m
r i e k l u g r i P a r m e t r e _ a f u n g n
t e r n u t e s c l i z e b e r c k l n i t e a
k e n s e h m _
b s l o s t S t e t t c k e e
K ö n g
H e n a c g l e c P r n n t s d i e e g r ü d e s i z
K u t a m t e
g t e t t g
h n s h m e t
e r s t t r a e n a l n u t t r u ß b a
a m i s _ a t t e l c h l e
G e b d t t i ö l R e p b r ü n u
l s p t w i r ä g l e n L i t
d t t k a d m i c
k e n e e i s i u d o s s u e a m t
o l l l s o s s v i n e
b l i e i c k i e n s ü r g r i d G e l e s
r s c e s s r n i m t a n e e n o
i e r e r u p S c i c h n
r e i h e v ö r a t s u m f s i l i r e i h s c
h s c m e _ e _ E t u s i g r k a m n
e z u l t r P o c h s h a t u F o l e k ä m a t z a f f l
e n _ u m m s S c h o n a h t ä h l t e v ö k h l s
r u d r r n
l t k a i r e i t i o m m e n
f a r n e B e i e c k e f i d l e s a l l p n t e t
D e u o s s a i g e e s t m t r ä n u m e r e s t m
r s c i g e n m i e t
s i d ü r g r i t z s
d u n e s i t s t _ i e r t t r a e B ü
b e r i e n n L i t i g e d s t ä
i n ü d ä t z
c h n n l a s e g e s h u e e ß e d k a d m e r n i l i n
e n s h s t a m i r o ß b s a t o
a i s r F o l e o n e c h l e n a c
ü n d n E n t e c k n i z e s c h a r o z n e t o m e
o v l i c t h n w e r g s t e c k n t t
i e n t z t z t t e n u i t z s e n e s c l a f f
K u l a d e i u f g
p o n s e s s g e k
e r ö f t g l e f i d t l e s a u w e t z t K a s e s _
i c h u r ü n e f l c h u e
r a g s
t r ä h s c u u t z t t u r n
t u n b a e d i n e c k n t r e t e i e ö n i r Q u
ä h n e a n n
a l e ü r g r d e n e V e i e l r k o m s t g o m m n
f u n e s e t e b e n _
g e n ü d e t e e n n s i s e n h ö f
b i e s s e _ i c h e i g e d
P r ä i r u p b e r o
b a l s i e g n t l i h
i o n n u d e
r s o s t e s m m e _ r h f f e t
i r a e b s t
M e n n e t Q u e u s
ä h n e ß e _
t e r
a d e e n
m e n a i c k e t z t n s c h i n s
w ä h e o s s n
i c h s u s i e a p h l t f e s e l l k ä m t ä g e n
e n a n g a h a u
e l n c e r n m r e s e l e n
l s n s ä z A u f a r u n e h w e l n a h W e
r k e P a r e l o r n e r ä s d r i C o i e g
e l n c k e l a a i e t s r ö t e l e r m i b e s a
h o v ö ä t z a m e
u t s h m _ g e g ü m s i t i e m p
a i s u t u
e t e a s m e t r ü d e
o z e t i n s t h m _ u
b e s e t u n s e t e i l o e h e i e
o l i i s p e u n t s u t s e n u e z e c d e s
o u ß e t a M e u n d n
s _ h l s i n t _ a
i n d i s c ö t a f e l i c e h e t n g K l ö
d e m t a n e e s e z b e r
a r t i c h i n
g t e t g
e m i B e g i
F i e k a n
s s e i e ß a ä h l e a t e e n d e f u d
B e g i o m R e p T r
g r i m e s
e ß _ n
k e l d r ü n e e e i i p u e r m i o z e t
ä h n s l n e m t e t t s e s _
e n s h o m m n a t e t w e i e g e r
ö s s t ä r k e s e s ä h l t
e r a t ä n e o c i d e t e g e l e ß b u b l ä l f
H e s p u
i e t i n i s M e n c i c k e n t r b e s c h l e
B r ü ä s i n e h e f
n t y c k e s n _ u m
ü b e n e k o n i m s l t u U n i e a a t n h n t t
r i f g s t g e r e D e u s r w
c h w i i d e ä l n n t t s s o z e t
D e r m e l l s i P r l t k i s s e _ ä s s i t e e ß e _
ä g o m e z t S o m i o n n a n g s p o n
C o e l t t r r i l i k n e i z r u s i s c h i
L i e s t e t e s s k e n s h w e
l o s o s s a i e n s
s t ä d n t r n o c B e g i r e i e s s n h s c t i o e
t e s g i n a r n e e n t m m _ h e i s
n d e f i d i e n n l e i h ä g e s h i e s t u d e
m s B e v t k r t r i b
k a n r s c i ä n d n n i g n l s t a t e t s t a
s s B a u e R a h e e s t a i n a e s t ä d
i n d m s t e r k t k r e c k n i g n
g e t V e r a Z e r u d F u
r ö l t u Z e f i n e
s c h ä h m t h l t s k a e s t n i n s t n a l n a d
e f e n u a d e l e s n s t e t u r n i g t g l e
e r h g e h i e s t _ a f f l ö s s r
u f t _ t l i t u w e K ü n m _ a f
a d t e k l u i m m t l s t u l t a d t e
K u l U n i a l l d u n b e r i z e l a e n u z O r g
W e s e u t z t y s t l i W e l k u b t e s
e l b a l ö l k l n e m
ä g o n i t e r n h
e s t a
F o l e r e d n t e t n o m e g r ö f f
ß e s W e s e k e m e i i n a c h e k l e
r g e L i t r g e k a n n e i e ß t
e n t s P e r G r u ß b s t e t l u K l a n s c l
t e h n n u n
ä t z n h n _ E n w
n u t t l i t k B e d u e k a s s _ n k ä m t i g s
t _ a k a d E i n a l k e u
k e l s k e l e o z e t
m e n a h e i s B e g i s ä t l l b a l e i s
a h m _ e v ö k d t t i c h s h o n B e i p r a t r
e s t m K u e r w h t a f m e t a e c k n i e g S p i
r i e e
i d e e n _
M u c h n w i r s t e s t n
i o n n s s _ h t e t n s t h l o s
i e r n t a m s g t ö s s s e i z h u l n u t z s c h i n
k a m t a n U n i e h n s b e s a e n a
e l t s
h e B i s m t _ u s o n n
g e r s i d l l n i m s
F a m l e b s c h s e s e h i e s
e d e r n ä m d i f i n e i z e s ö s s d t t i
e z i k f g e
u s i e d e n e _ E F a n i v
o u w ä o z e t h u l n n d e t b e k n g l i
r l a c k e e
c h u i n z l b e k n P a m e s _ u n t s
n d u e n e u d i
e b s i l o e v e r f k e l s
n a a u w r e ß ä t e
e k a n r o e n _ u m f a s e l t r l ö s e
a s s t e t e a h m t
n e n t a l B e v l e n t u
i f f s
c h t n
B i s W e i z e s p u b u s z e i c e
s e t e O r u t z n i s t n u m W e b i l l s r n o
e r s h V e r i s e l
P o r r s h s ä t e u f g n
f i n e g l e a d e i M i t l t a m s r ü n i c k e
u l e m m e n b a r t r ü n s l
a m m b e r i
f t e ä l f ü d e h i e s a u P o l
u t i n d g r e ß P r o i e l l g e s a
s t g t B e z t l h w s c h f t k i s e s e t e n
b e n r n ä g e s e u R e t w l l s h P e r o t a m s
c h t t H e s
e s c l
H ä l t ä h l n e ß e d R a h e f e n l a u w R a h
A u n e n t l i h i e d r
e r u g n t l c P o a m e s p i l a l r i f ä h m n
s t l r n o n a n e v ö f s n a c w h u u t z n
m t _ u
h n e r e c e r l ö s e r w e ß s s e a T r ä
f n l t e t g e r t e r
e z u m f e _ a
t s s o n n i g t n i e ß s s e t t
o l i i m e t a K l a s
g e s a e p u l
P r ä n i s i e ß ß b a l e n s
e t r G r ü d l f t n
l e i h Q u a n g s
p i ö n i F o
n e h e i e k a n t m m _ v e r f r s s t u i s o n n
o s r ö f i n i s e l t s h e i a a n n
K l a s s t e t l l e ß e a h c k e b e r o
n t l n a u s z i u l t n i s ä n s a z k o m e K l ö t
ß e s e r n h a a t s t g k a d m e l h u l b s i
h t u s
e r t n G e s l s c a k a d m
t e i n h t g e s
o m e i r k n s c h n
z e v ö u f g n e i c t
ü n d n e n t t e n e v e r i
a u w r e w ä l s t a m n ä a u f l f t e ß e t
m e t a p u Q u e l a a t s n d u g b e s e
e h m s a r t r i e i n d s i s t n
a f t n i n e t a s s t l i t v e r f o f s
e r u g M u r t g s t
e r w h g e n t M i t l a u ß b u d e i l n e e h a u
h o f l i c e z t
i r k s e i l s n t l n s ä z E i n z e s
c k e n r o i t i r a t e l t s
n s a z ü n s h l s m e s E i n e i l n h
e u t l i e
n u n f e s r u n k a m n a n i a
k a s t _ n
e e i i z t
e n u z d e r ß _ a c k l T r u
u d e b e r e o z e t
s e s ß _ h m s o s s f u W e ß _ a
r e c e h m t a
t e r t A u f a H ä l w e r e l a s
u m f
w ä h e r o v n u b l k u f g n i t z g e r
a n i a e s t h e c k d e u k o m
t g l d u n e _ E l e k r i g o u n y
S t r a l l p i c h u r u n e m e n i c h n n a c
i s t r m e _ m e r g e e n a r i f e
S t e a f f D e u s R e p l a f n e m H ä r ä i l o
r s n i m _ h l o s n _ a a l z e i h n n t t
n t r n
ü n d k ä m S o m i l n e r l g c h ö g r i f
i l n n z r g i r k s o f s l e t
t _ ä n d t P r o e M e n t e h s h l ö s
i n d n t s c e n z e n
m e _ a f t e ß t a r h s i t e w ä h t i s c ö
r u n O r g n s t u i u n d
e l n c i r u d u n g n l i k
e s t a h m _ u h t e e l e p u l h l o
w i e e c h ö e W e i e l n
n t y i c k l v e r e g e k e d e n i e r
i s c o e l t t e ß e t o s s _
a n i n i s a n g g e s a W a u s i f t w R a h T e i n
d e t n s t e e
e n d b e s ä e w ä T e
ö n i E i n a
h m e d t i k F u ß a t y s F a K ö e d m i l e
E i i t g
e l t h m e a
t w g e d t z e e g r e r r c m e _ e n d m m t n a d e
G r a h B ü n _ a f
o v i m e n v e r i i e r ä m e b e r ä
A u s l e r h l i ß i s h i e s r r i l t e r h i
a m s s _ s a t o t l i c h t n
B a r ü n u S o m e Q u e u f g
i n e d F i n
G r ü d H o c s u n d n Q u b l f ä n e n n s
r s n s c n a h t l l s i i e r s f ä n ä i e n t
e b i s s e a l o s _ e f u
r u d r a t h t e S o t _ a f
n a n t e v ö k _ E n c k T r u r s c e w ä h t g l e
e k a P r o i e e i c h a e m l o s e l k e
l i e t h n e d h l t t e l e n o m e
i e g s c h i s e l B e z r k a m n
l s t ß e n r e i e n s c e f g e r u m m e _
ü n s w ä h t s t _ n
e n o m e r m s e n B ü r e
c k e s h l o n g e c
e w i m m p i m e r F i e t e
P r o i e r ö P a r e l i c e
ä s i e E i n f i e n t u t i o s c h i
u d i i s t r l i e e B e i p e n t t u n t s
h s c D e u l t u a u s o m e e m e _ u ü b e r u
l i c t r u m c k e t
i s c ö n i g n v e r i K o m o t z u t s e p u l
t e t s i n d
U n g s i f f n o l g F u ß m s
a f f B e v l u t s h u n t b l i v e s i r a e
M e n P r o
i t z s s _ o u n e r e r ö d i i e l s B e g
e t r e s t h w e i E n z e i
t e t n m m e i e ß _ s e _ n e d e n P r o e
i n s h l i e ß e t d e m e r ö
i s a i s _ a h s c u e g e f u
m t e t t r u s ü n e ß _ n i g t f f
e d e n h i e t n i g t P r o i E i n ä
K l o A u f e r e n e n d u m k e n s l ö R e k a d
d i e R a i g r b s t u r g e d a s s n b e f
k a m n t g e e l t r u t u h a u p c h n n
i s e n e d r s o e K ü n ä h m _ t a n e m p
n i g n u b t u r i l i n m e
m s d u t t e e r n ä d e n h m e s n i m ß e n a
e n _ i c h s e r w h n s t
ü n s e u t c e n _ n b i e t z e o s t r
r e n r a t s
n u n B i t u n e
n i v i s t r B e s e k e d e t ä h n a f g r e c
w i c e t e i n k r o s s a e m i n e f
t t h t e e e g l c n ä s t ä d
p p e s a a t n i n z n
t y s e l r t r g e b i t e r e t t e t s w e i e
n z h t
K o m o s s _ h m e d
B e z i i f f b e f n
e t z t ß e t r ä g d i
S t r c e l l c t ä t n v e r i ä h n t n ä h e
m m t l ö s ä t ü n d t
e i r t m m s _ ß e t a e s t b e f
h t e t g e n v e r e
s e t e r e c e s c h e m m t s F o l k ä m t
r ö f e e s e z h l ö S t
h e s
h m e d h t e f u n i g s s c h e o u n y i s p
l n e P a r e n d e e
G e b
t u r ä h n n t r u B ü r e t r ß e s
V e r a r g a i e r m n s c l g e k m n o n a n
l a g s u s i E i a i s
s t _ n u ß b
ä l f c h w i e z i k g l i g r
o l i i i e ß a
e k a n ä l f e n s a s s t a B e i
e i c e K a i e t a m t e e i
n d e d
ü b e n s c l
T r e h m n n i g n
P e r g e w h B r ü e n t r m e w ä e ß
ß e s n n t r w ä n e i z n i s s _ a
b e e l t s l f ü r n t e t r a i g t e r t s n n t n
s c h f K o m r i e h l t n
ö s s t h l e d i t z s
u t ü n s l
e b v ö u t s h a h r n
e s c l h s T r u n e e n e t A u l s p e S p
g r ü d k a e l t t m m e i g t n e t z s
ß e s e n t s e _ a f
t g e e s e l
i f f n i n d t f f r s c b e r e r ä s
B ü a u s i ü d e n i e d f n b e s e s e t t
r e c d t t i a m m D e n i m s a n i g e n
ä n d s e i l e e h m t r l a e i n s
d u e f u f f b e r i f a t u z e n c k e t a h m
e l e s t _ f f e n a t e s t a d w ä h s r m
a m i i a n n s t l r k a d c h n ß e s r n ä m
s s e _ H o c s g e n t z t s
ö s a n s h
i s a i g w e r ü b m e i
t a f e u t z t l i h c h t t W a p
g t e t M e e _ c h i
r a t n i e t n r r s l i t E n t i b i e
h e s e r t s c e l s t t ä n n i z e s a t e d e s t a
ß e s s ä t m m s g a n s i z e s l u n
o n i t g e d e s z e c l e
r s i m t e
m f e d e n h i e e k a s t e s f l a e
ä h l i e b s k l u g s e t t g e r
o z t r e h l t t e n d l n e m i e ß
e u t c u p a t z s g a n
i f i g t d t t ä s i e c h ö K ö n g
n i g s a t u f l a i n d n P a i e d s r ä s d
e h m t i g e t z e l ß e n a d i e t
i m c k e s l s c a e n n s d e m u ß b l F a
l ö r ü d t i e r t e r a u
h t e t
e i n t n s c
u s i e d e u l a s e h m e d T e i n a p s ä t e
g r e r n o m n a c v ö l l ö s e n i m e h e t e s t h
i f h n s i m c h a s e n n n d e d o m m t
h m e s h o f
m m t a P o w i c e
h e s P r o V e r a i t z s g l e c
l o s t i n e
e s e l a u w r r r t a m e ö l k u d i i f f s
a h m a u t s h ä h l t i s p e a h m t
ä h n t e g r f C o u t i s c ö
m i e l a s e e h m _ p u b i ä g u l e e z i e l n
B i n t e t l i c s e n a S t a ü n d s
c h o s
n a l n V e r a f a s e
g s i t g n t w c a h m t m t e n t e h m e d k e r
b i e e
g l e l l n P r ä ö f e e i s e t i o
t u n e n m e t a S t a t u r n u ß b
M i e n o r s c a c h t t i e t s s e n a
r u a a t n i k e i e ß s e n s h
w ä h e e n _ n w ä h s r ü n o f ä g e n t r ä e
c h e
e e i A u s e n r n o
t a d n u n e r u d n t r
g e n m r r i
ö s t r i l f t e ö s s t r e s
z e t
n n t s a t u e
T r ä e e z
n t l c e i n g F u ß i r k
m _ a c h ö
h l e t u l t r
F a e n t ä g
G r ü c h e d H o c u s z
n t y e u t B e d r s o ß t e _ a f ä h t s c
t z e d e ß e u b l e d i n ö s s m t e
m f v i b e r o u i z e e s e F o b a a n d e n t e
i m m m f a e r e d u w e k K o m u ß b l e s e s t a
m e s _ e s t h
o l a l e e h m t r s t f u n e n n n
S t a t d e t s
m m e o n i t e n _ u ä g
A k a e o s s a t r a F o l e i g s O r n t w i s p
e h e t e t r e
s _ a l e d e r l f
b e f p i e e g r ü d i g r i e n e h n u k a m t
v ö s t e s d e n t r ä B r ü o s s _
M u s g l i g e n t l
ä h g a n s ö n i r
p p e f t e l o m t t t e a s s t n u n c h e t
e h e r ü n K a h u l
r t e t O r s e s d t t o c h r n i u e l e t k r e
e i n s e s e z k r i g
r ä s n e n l t k e n u n t r u s p F i n g i e b
S o e s t a
z e i l o m S t a t n s c e i n a t ä t n i n z
n a h s t e t e n t n h a f e h i e
A k f a P r o g e n n i l
F o B ü r e B a e s t h
n z e n a s s n e h m n ä _ a u e g r t a d t
a r t g e g s e r B r u e t r ä i e g n u m
z t e t b e r ä e d e ö s s t i t g a t e s s _
b e r e e l s k a m t
n a h e ü d S t e e n e d m s t i c h n
e n o r r i P e r e i e e n _ u i l i
c k e h a f e
u w e k B e g i c h e n e r s Z e n r
l a s e k a m n k a m t m t _ i e n n g e s S t r c
o l g n t t e l u t s h e f ä e z i
h l e d
e s e l c h s h W e T r ä B e d u i e r e
h t e t h i e e
e r t t a t l f t u f l a t i r i c t
P e r o w e r e n u f f e t h o o u n K l a s
r e r n o t e s g i t l o s e e t r e n e s v i E i n ä
e r k n u n t s g e g e l e e r l g
i g t n o l i c k e s m e t r W e l l a g s
k l e c h e n i d t y d t R a g t e t M u a h m _
ß e t
h m F o l i l
c h u e h l t s t a n s s _ n r i f h t h u l
r s i a l g s t
r ä g n s _ r o z n n e n s s t g e z i d e t
B e t i i g r e ß e t e c m i l l s p
i g r n e h h a f e
e b e e
p o a f t n B e g i i l n h
g e e n v e r ü n d t i c k t w i k b e s ä
n u t e k e n u f e t r e s c l l a g s
ä n d l l e
h n u i t i e i t z
n i g s a u B e i i l i n i g e t n a l
_ a e r t s a p l ö s E n t i
e h m n
S o m e t a a e K i
h m e n a l s h s c u s c h e a d t l u n n n s u p
B i m m t s w i c i t e W e s d t t
l l s r t e t M e i s e s e t _ h e i t t ä n
e t z t g e g i e g n e n e p p e s
m _ ß e _ n n e h t n n e d
i f f ü n i e r s t i o e
e r a u s e t t
a u f e r e i r ü n u s t _ n s s e n t u n e
t r a e a d g e w h
c h o t ä n e s s t n
k e l t a n d n m m s _ e g r k e l
h l t a m
n u t i g e t h a u W a p T e i i t ä e
e s s t a m t u t u g t s c e P e r a u w
h e t i e
c k r m n a h e r s n
i s e n e r l h m e n a p i z e
s s _ z e s
G r e s i z e r ö f t l i h a n i n a c w B e z r b e
n i s e i g s h n t t U n i e i l o
D e u u t s h
o u n i e d s a a t n h u l n s a t e f f e t r n ä
f u s _ a z i r e
u m f s h l a u s i
ä n ä h m
t e t n e h s r n o u r l i c t
e n t i e u t c g r ü d B e z i n i t
h l i o s l i t k S p i a a t n
b i e e T r ä K l a a s s n k ä k ä m
c h l s
n e n s F u ß a
r ö f u s p o m e h l s
e r r g e t i c h V e r s s t n c h l e ä n
l e r a u f
ö f f t r a k e n t u r n f f e n
n s t a f e f u
i e b s r ü d r e i c n o f s
e t z e s c h k e l e e r w G e s g e d e e g
r ä s f t e n y s
ä h l n h l o h m e s g e g i
R e p b h u a d c h e d n i m l s l n a u s e r k s
h i e e e i e e _ a
e h m s B e z W a p m m
H e r
g e k m v e r f i n z n s _
i e g u w e g l u n
h s t H ä l t f i n e
e r w r a g s
v i n e c h i n
s t g t l t u
u t z e A k a e n s a z a n h u l n n i v r
n n a n s t t e
r a t r g e s t i e b n s s e _ m p o b e f n
L i t r a _ E n ä s i e d i e s u p p B ü d i e e i z
m e r s t e t a u f e l s c i e d s a t
s c h P r o n n e d
_ E r r s h t a d t g t e t
u f n s t e e e n _ n
m i e m e s _ i m n a h s
f a n S t h o H ä l u s p e
n n e t m m K a i e
z t e t P r o e n i v m e t r
t l i s t a d o s W a S c h e r h e
k ä z e n h a t r a e s t e
e r l ü n d t m f a H e r
e u t e t t ä n d t e h m _ K a i e
h a u p p e n n m e t a e d e d e r
f u n c h a t
e i n n i e n s n i m s n e h t
i e r e n d e e a l l p S c ß b B r u e z t l f
l i c a f f l u t z e
r w D e u i k e s B e d b e r a i e g n ß e n a
e r r c S t r t e h s s e n ä g e r t e e
e t e n i e ß s n _ a f
o f s e e u t u m f s M e n c R e t z e t i m m
o m m n u t t p u b l a g s s e s _
i t g t a m
r n e m r h o l g n c k e t B e i p ä g e b e s a
l o s _ s p i l h e
u s z v e r i
e u k l u e s t m b s e h m s s s a t o B a u t u r n
b e ä h n n e t r e i e r s F a m c h s h e l e n a m m
n d e t i e r e r s c i a i s r
E n t s t i n e e n o r s c i n e d u s z i i f f n
e _ n a h _ n _ s ä t t r ä e e h m
o m e i n e r ö f P e r i n i s
e f i s _ a ö f e
t u d e f u d t r a
n t e t p o n s i g t t s t e h ö f h u l n
t a n e b e e
i s h l t
r e e d e n
i e d s n t r m a a t n n ä h e t ä t n
r s c h a f ü n d s l s t r u m
u n m t e t L i t h m s _ l i e e
ö s t O r g n i l n a m e t e t s d u n r h n n t
d e m l e i u t z n k a d m i c e l t s i t e
t z t n m e c h w i
n e n e l o s e k ä m s c h e c h n
s s e f e n P a r e i z r
P r o e k e t z t s
t i k n z i a h m _ h m e _ ö s t
M e n c u l e m p o i
g e n u d i r ß _ a i s c o m p o h m _ h i e e
a d t e s i i c h g e w h ö s s n
r t e e ß e b i e r u s e t a v e r f r a e ß t a
u t s h i s t n s i t t i r k p u b e r s n l s
f e a t u e l i t e r s o n h e i s
a s s e r a g s s e _ K l ö t n t l
ä n m i e b u t s i e ß _ S c n g k e n t i d
r o p o n s e r n m h e t
ö f f n e t e t ä n F u ß E i n a a d t e
e r u g u p p t u r e l e s i d t u r n B e g
t a m s
i c h u S c h u s p i F i n t l i
m i e i n z n i l ä n l o s _ K a B i s h k l e e i l s
e h e F a m w ä a c h t a m e
h m t c h e t
B a u e p i e e
s t _ n h l ö s l i e t a f t n e n t ä t
E i n e g r f r g e h ö f n a d e i
e h e d h e i s o c h o n i t m _ a f A k t l e e z
d i e s a i s a c h M e n c b e f n e l t _ E
g e k m a p p n
g t e e l s n d e b s i e t t e a n s
d e m e m m t a e b i t r u d e n _ n f t e
i t g n o m t i m e _ u r s o e
n u n ß e s _ a u d e s i s e s e i c l e n a h m n
i s e s o m e e
i d e t i t z e i c n n n e t n e n t r s o
t a d t c h o
t r u n n e d t r a b e k n z e i n n e d
ä h n s t e r i e d s e s i z l e n s t a F o l e
t u r n g e r i l o e t _ u ä s i ä h m _ V e r r
i n i s a i s i n e t b a ü b e n e b e e
r u m f a e k a B e z i r s i a h m _ p i e e h u l n
ß e s i k r k ä m W e b i B e e v ö k u e l i c h t
f i n u s i ö f
h a f a s t a u f e c h ö d i e i n s i s c o
F u ä t z
h m e d i s a i i e d r p o n i e ß _ e b i t
e k s t a d e f ä d e s t n t l e s
l s e b i ß e n a s t _ n
K l o t ß e s
t z a d K l a c h i n e t e t g t e t
e k e i t g g r i
ß e t l t k i t s c s i d r t r i t ä e
m p o i o m m r ä s ä h b i k l u g e l e
n n e d c h w
h t e k e s ä s i e k e l d l u n b l i e
s a t i g t n
h u l a d t
r ä s d c h t s r e c z e l a e r k s
f l n u t t b l i e R e h a f e s t ä e z e c
e _ E F u ß a s c e l e ä h n s i l n h e i a
t z t s t l ü n d n
h t e d e n u n e _ n e f u d n d u g i s p h l i e r w
c h o M u s w i c l t e h n m i l e
h i e s B e g i B e i p a n n e t s c e s _
o s t r t r e _ E n f u n e ö n i r e d e e h m s i r a e
t r u t s c k e t b s F i e r s t l l s h h l e
e l n
e l t s
e l n e n s k ä s e t a a h m n h l i ß a i
i e ß f u n c h w i r ö f m m _
m t _ u h m t a i e ß m t _ u n d e e R e p
a t e t e f u d i e r s
s a t o M u s k l g f f
Z e n r
A u f f u n
l ö s t z l t u
w e r a g S t r c ß e s
n i s t n i g e k r i
s t _ m s t a
u f g t a d t r e c e i v e s
s e e n d e n t f i n e l g e z e l a s o n n r ü d r
a m e M u P o l t g t e
p o n e n t f g e t g e r e t r n ä ö s s n
d u l i e e e b e a f t n p i e e B i
i z e s e f i d p e n e n o h m e _
e n s h g r ü d b e s e r e k e n t i n z n
n t r e e i i a m i i s c h o s ä t e s t _ n
z e t t r ä W a p w ä h t k a d e i z i m k a d
t e t e r n B e d u c h u
s _ a l ö K ü n e h d t t r n z e t t e c k g t o m
K a i z i t z e d n g e d e t t e f i s a i n i g n
B r u e n i h i e e s _ a
e i n m e s _ h l o s b l e i n t t ä l a s e i r
d i e s E n t c h s f a n e e z L i R a h
S c h h l i ß W e b i
e s e n u t h m e _
r e i ß t h ö f n
u f b i e f a d m f a s
ß t _ f f e t t z t n s i t t n e _ t r a e c k l n
k ä m t n i a s s e h m e d i t z
c h s h b e s a
c h e R e p o m m s v e r f t e i c h w i ö s s t o f
t e n i c k e ä h n h a f B e v l h l i i e b s
h e s f ä n w ä h a n s u n u f a r t
e l t r e r k s t r i b e t z t F o l e n t w c
r i e t a m k o m t i k h l t t m m t t
s t u i
v i n e S t e
g e w h i l n h e t _ u t a f e n W a p
D e u i e ß n e n e g e t a m m
h s t h l s c h a t
r u n e U n i e e g r f t u d e d e t r s o
s s e d e ß t e i c
v ö l e ä h l t
Q u e l f e n P a r e
k e r n l f t n n i g t e g l m i k a m n h n e
m _ a n d t h m t a e t
t a d t i c
M u s k
h i e
h l s n s ä z r e i
m p e r r n i v r z e l l i e
e c k r s c e b e r e s t l r h i n t h e i a
i n t K o m o m e t a W e b i e k o m u t s f n b e f
l k e u s t l r n i g t h e t l o s _ c h s h e s
a c h e n u t e e i n g M u s k f t c h s
n e n n e h e e r n m m s _
K u e r s h
t k r i t e i s c C o u m m e n i n s t n _ a f
T r u o n e t r
a t i e ß _
s c h ö
e f i d a n s h g t e t E i e r k s g l r r i o n i t
e ß _ g e t r n z t e s s t i v e t e l e l s c a
o f r h n t y s z l f u f g f e e n t s
l t k i _ E n w m e s t t e l g e n m
b e k
a t z s H e d e u u e h m n W e l b i e e o l g n
h t e e t z n i n
o l i n e t u d e _ E t
a l l p e ß e t
r m e c h e
u d e s
k l u g b l i
r ä s n t e g r e c
s c h o f i c k e n e r l g e l e n n s c e
n n t s r a g r ö i n e
k a n t l i c s l o m s i d ß b i r k
f u t e t C o u t u f g n e t z s
o s s a t w i k
K ü w ä h e i e n ß b a a u w r
e l t a m s c l i k n ä s i n n t n
i k e t z e
a n n e r n h
e i z r P r o
B r ü l o s _ c h ö
i l i K l a e n _ h a f e P r m m e d U n i e ä s
i f f s g e k e m i ä g e
B a u c h n n t e s f l a e
e f u
u d i r r ü n e t u r e n e E
f s r s c i n n t t a m t r e c e
e s c n z K l g a n s e s F i f a T e i n s i t
e s e z s p i l
i v e s s s e _
ä t e h t e t
t l i r g a e t e s m p f e B e d t r e k k ä m
t z t n _ E n
l s p e b e r i s i k r
n t y e l l M i o v i t r ä s i t
g a n s a u s n n t n
k r i ß e a d e i a t e e
p o e k e
o v s t a m
n _ a ß t _ n s a
r i e e K i l m e u t c
e s s n t a m s
h l r s c e u t n u l c h u e t a m
u t z e l n e o f s D e u l l V e i e r s e n n e
o m m r s s t b e s e
D e e g l
e e u d e ä t e
d t t ß _ W a p g e r e
r e i n i v r c h a
n d u g e f i n g Q u e l a m o s s s
n i v l o m t r a e n e h t r t e t
e w ä s i ß t h n t
f f r o z n n e n t
s c h n a c K l e l n g e d e o l g n e r s t
m i e i n n m m t n d e r e r t t
i s a i l s p e a h m a u l t r a r ä h l n
i s t r r a t r
r e i h e n d
a n i u f i n e f n e i g t
y s a s s n i g e n g e c g l e c e b i
s o n n m e t r e h e c h u e F u ß a
e d e p e n d t t t e t e i n
t ä t s p i ß b a l a g s ä l c h a s
e r h i m m a t g e r n h E n s s _
e r t ä a h m _ f e n l
e t e l k e e s c ö s t u f n n t r n t e l T r u p
e u t c n a l n t e i n z l a u h m e n
e d e t e z e c f g e e t z n
s s _ m m t a S t a m m s _ e r t s a n d e t _ n l o s e
i e d r r h e r
e i e e i c n r ö f e h s
e n e o m e e
a s h n u h e i e e l t t n n t t e l e
s i d o u n e l s c u t u ä m e t f ä n e o m e n s a z
h l e d f a n r t e v i n i m _ t e r o s t a d t
r n a m g t e t t a f e k e n t F i n l
m s t t l i k a m n ä h m s a n s e d i n B ü r s i k r
n g e g e s c h s h K ü n t ü n s l M i t l
m e s
h w e s
l k h u l P a h a e r a u i c h t d e u e n n n
c k e t i c k u d e m e i m m t a d e i
l k e i n d e z m e s _ m e n
n n e t n t r n P o l t a m i r e c
e e a n g s ä h m s p o n m _ a f a h m _ ä h l t
o s s s i e t n
O r g n o u n n u t t e n u z e e i k e l s r u p
z e t A u P r ä ä s i e
P r o e e r n h e k a m e s n s a z o z e
n e _ d e s i g s t u i e l t r
l e n g l e k e l d i n d n e n _ u
t u n z
s t u t e h i z f s e z i k c h e d e _ a f
n i m n u n e t u n i n z e h m t _ a e _ a n e h t
e t z n n i g s l i c e g e g ü T r u w e i e f u n e
L i t w ä h u p r s t o m m t l s p e f n r ö u n g
f f e t l n a h u b i t
v e r e a c h a t u u t z n h ö f s a t i g t t
t t u f n h f a s ä l f d e n K a
ö l k r G e b b e s e F u ß a t e t s l i e v e r e
a a t n b e n M e n c r h r s c a c h l e k r i
o f s i s e n r ü n e ä s b i e e s z t ä b e s e
k ä m t t r ä e t a a n i v r i s a r t i H o c e t _ n
n s t e t a f b e r e n s h b i s e n a e h s F i n l
g r e
a d e i V e h m e n l o m t e n n ä h m t n g e c
r ü d e r u g p p e M e n e k e n M e n c
e h m s k a m t t s l a g n e i n
n s c
a s s
ü d g t e t k r i
u m s
i e t s u e l e K ü n
k a n i t g e n t i
v i s s t s
h n s r ü n e
n s t B e s s e _ n y s
o n e e s t h n n s i o t r u s b e r ä n d n ß t _
a m m t e i e B ü r k a n K u l u
z e i h b a
g s d e u e r k n e r k r i c e v ö k
P r o
e i z r m e i t u t z
t a n i m _ W e s M i t v ö u d i r o c
o u n y e n n s r i f e t u n l k e u
u e l i t ä e l i c t v e r i i s t l ö i n s t
g l e c i e r a a t n
n s ä f u k l e a n g s n o m e e t e
t e t w ä h e i t z s e i e t s c h ö
s i t t g r ü d o s s K a i e u s z i ä t i g s r g a
e r r s a t o f i n
e s i n t o v i t r e k r ö
t a d g e t i e n t i
a s s e r t e e g e s a d e r n d u
z e ß e t a s t u i
e r ö f u n d c k e s
a i l o l o s _ k e l e
S t r c r h o s s i c c h a f i n e r ü n t z e t
P e e l e n s z a m m n c k o s s n r a t r e l t e b e e
h n t t S c h u e s c l k e l d l i k n s t e t
e f a d g l i d l o s t t l e n e t l u n t e e l t
d e r o z e i K ü d u n
ü n s l ü b ö s s s l o m t
e _ E t e _ a a t z ß t _ m t _ u
m i s e l s s t ä n n e i c s
U n i e v i n t a a e e n e t k o t ä n e
i c k k e n s n e n s e b s
K u e n t i
o v m e s e t r t t Q u h o f i t g h e i
i n i t n a h t l n a h e r s h i e l s b e r a
ü r g r
l e r
e n u P r ä K i Z e n b e h i e t i d e t r s c e n e _
t k r l r ä g r t e l e S t a t n u t t s c e
i c k e r l g
a n i a H o t t e b e r o
g e s t e n t s e i z r t z t t m _ a o n i t
a t z s d e t t s i t e o m i e l r s e
m s t l k e u e r t n
e n e E e r h i
u t z t o m p o u u f n
h m _ u i e ß i l i F u ß i n s e r h s p f l
B e v e t _ u v e r e n a n a h m _
t e s k o m e K l o h m i c h n u s p s s t n
r e c e r t a k a m e n e E
e p u l v ö l
n s b e s e b e r e r i P r ä i l t u
l k e u g e n
ä t e r e s a h m _ e s t h e b i ö s s r i e
ä h l n G e s i n i t
g l e i z e n m m e w i c i k e
e l l Z e n r ü n d
c k e n e u t n l n e m h n u
u e l e h ä h n e t r u s v e r r i ö n i ä l
r u z e t h n e n n o s s s n d e t i c h t
o s s m m s _ u l b a a n d n d t t i h w e s h l o
a n i D e S c n i s t r e c f i n o m e t e i e
e l H ä g e k m t e ä n t a a u w r e i c n h n u
e ß e _
f f f f u t z e k l u
a f t n m m t s a s s s l u t a m s t r u s i t a n d
r g w e i e m p o e n e E m m _ u i m m a h ö f n o v i
ö f f
d t t i r s i n a e a h m
s i d a m i i
s s e n K l a ß b a l p o h e i a
w ä h e t ä n e r m i g e s t
l a g k e ö f f ß e s ü b e z e c a s s
W e T r ä e d e l n e h e _ E n
B r ü e i e e n t s
l t k i e r t t t k r e i s a u w e S c h u e
n t e t o l i i l e a m r ü b e a s s
n a n
s c h e m e t m m s _
e n e f a n e z e i h a s s g e s a
h e i r ä s b e f n a d ä h m _ e b i ä s i e
r l a e l e n
f ä n e r g a e z e
s e t i s c ß e _
t s o v i e i n t
e v ö k
e m o s s a s p o s t r ü d r
ß e _ e r u g
m m t n t g
a g e o s c h t n p i e e
f e e n n e a n i ß b f n e n e _ ü r s t e r s n
h i e ä l ä h n s c h ö a g e l i c s K l
d i e s i m m ü r g r
c k l n e b s t
e n o e i c t
k e l e g e n S c h e e r ö f t a d r t e t
o m m s a n g l s c t l e
M e i l n s c h l
i e n n e r l n z e
e i z r c h t t e r e n k e l d m m e M i t l
e f a d e f a d f t e M u s
t r u s r r i h G e s l n z e F u ß a
i e ß t d u n ö s t r s c h ö ö n i k o m t e n d
W e s e t ä n e i m m _ h l t n m m _ u
f n e Q u e l n a h t m p o g e s a e r s n ß e n a
e r w e h m e l n c u f n h
e i c n K o i c h s s s e d ß t _
i k e n n s t s i t A k a r n a m
a l e o s t t l i h b i
B e z
h t e d a n s
l i e e i n d
e ß e _ t ä n o r e s l f t n n s e i r t
T r ä e i n d t
K l O r g s s e _
M i t i s t n
B a u t y K l ö t i g e s t l r r h g e n n
f g e o n t r n s e _ n f u n t r ä e
r e e n e E
b i e A k a o s t c h w i k e r c k e n
e n a u f e g t e p p e s g l i d u f l e r t a
a p i e d s ü b e t _ u a n i
b e s e A u h i e e
u s h a f a f D e u n ä h e
f u n e e l n e t z n
r i c
e r a K a i e h l s t z e
i n d W e b b i e r e t g r ü d
H ä l e r ß e n a e h m t t i o t a m u ß b l
e p u l
h s c l i t k e t e t l e B e g l i k l ö s
u f e ß e l a s e f f e t f a l f ü b e K l o
r g e m e r s h f a s ä n d s b e r a
i s e p p e s n s ä h i e s r e
a t z a i m e i H e r s e n t C o u t
c h e n b l i e
a u w r s i w e i c h w a l s c h i e k a n
s i t s f a s g r i i n e s t n
t r e k o m s e _ E t f n e o v i o s s ö s i t i e
e t z s u n g i c h a n s
t r u l e i i s a i
a m m n e l t s n s c l e l t t f ä n
e ß e a ß e _ n e g r w i c e k o m ö s s n l n e m
i k e a c i t z a s s S c h u ß _ n i u n t A u s e
H e s c h w i m i r a t s f e n e r u u m f s
m p d u n S c h ö m m s _ v e r i l u m _ u d e s
n z e t r e
o l g e n t u g r e c s c e e i i s e
i e n e b i s t u i
k l e i e g n h m e d
k l s s e n n a l t i k u s z i
c h n h l t
n e t y s e r t a h t e d B r u e h e t e n
w i c l i v e P a r e n n t s e h s t r i b
i s e s t u d a t e d o z e t
i e ß t k a n t O r g n n _ a
i e l r e ß e t
w e r k o o v i k o i e r t e i l n R a e c k C o u
z t e u t z g e o m e e n ä h e e g l c
w ä h s o n i t M i t i n e d t e i e o m m n
e r r c
a m m e a h m a a t u
ü r i v e s
t a f e ü n s l d t t i
s s t s r a t n
m t e u b i e r n u t z a s s n e r
n d e d i s e e n a n B e s t H ä l e z i k M e n
ü d e
l n e m n t e t k r t u n h l t m e r i l n h C o u t
v i n e v e r f e t z t k o i n d t
t t n a l n
n o m e ö s s _ f a n i m _ e r a t e t s A k a e
ß e s ß e s _ B ü r e f u W e s e g e n e s e z
P e b e s m m e t m e n a e t A u s i o n
e e i l l e ä n d n v e r g a n
o s s _ s e r t g e t a m e s z e ö l k a u s i
s s e n c h n
d e n e r ö f e G r e i s i
o u n e n o b e f n
i m m i e r e a u w h u l n
M i t k o m i t e a i m m a t a n e ä h m s
z e r i l e t t e
i z M u g e g i i r a ä s i e e i
g e d e a d Z e i g t
e i c n i e ß s
a t z s m t e
H ä i r n i s e
ö n e k e l g e i s c ö P r o i e n a t e
t a n e n e h e p u b i m h a u i n d s e r m A u s e
o l ü n k a m n m t _ u
ß t i l n r t i c h t
e g r n g l e n n t t t e u f n s i t e d e t
v i n u t z e r o z w ä h e m m _ u f e n l
e s e l s s e n e c k
o l g n o u n y a n s
e t z n k a m t t a a e o s s s s _ o m m t
b e k u d e s f n r l a e B e t T e i h n t r u p
e z n d e t k a m t m m e s S c h u k e n t s i k r
t u n h l t t B a u
s i k n i s h w e z n e h t
g t E i n a d t t i c k l
s t e n t t l k e b e r ä ö l k e f u
a s s t
u f g s s t s
K l ö t
c k e t B e v l F u ß a c h i n w ä i e d r
k e n t E i n
v ö l e s c s t u
l a g s u l g l i h s t a d h l ö i e ß a P r o h l ö s
u p p n t e s g K ü n T r u h e i e
a l l p t z t t m p o a g i n i e a c h
k e n t i c h n
e h m n e p u l ü b e a d t e u w t _ a f l t e
l t k i o v i z i e l n u b l g e n t e ß e a
u r e l s ü b e s e n a e t e
a t i i e ß t s c h i g e d i e l r h n e
g e r e
e i s i f l g l e l f t
w e i k ä m r u d
i e d o s s s h e s t e h n n s a e f u
z e i m e W a p e h n e t s ä
ß e s _ e k e w e e m i e r t n e s c h o
ä g e u e i e n n l i t k
s ä t e b e n _ e i l s u t z g e d e h t
ü d e e i c n e n d
k a n i g i l o e c h e t f e s e r t i d f e e r a
w ä h ß b a l i z e s ä h l t t g l l l s h
u n t s e d e n K l o t e n n t w e r m t _ e s e z
ä n d n o l g n r l ü d e n r e i
e m t r r t r g r g e m h w e s H e r s i s e l f t
b e s k e l d e t r e e i n r u d r i n e t a f m p o i
g t e t n i m t w i c r a t r n n e d
k o m t F a c h i n B e s e i l t a d
r ä s a u f e r n e b e k n a s s n
r ü n e t g l r a t t o u n a n s o n d e t z e n e
h l i e b s i k b i e e e u t n t k r
e h e n n t s
r i e e l k e r u p e e t e n ä g e s n g a t e e
a f f l i t e a
t e s ä t r a t r B e
e s c r h e r i g s i e n t g t e t n t l c
f a n e e r h ö l k
i n a e e u t n u b l e h e t
a m m i e n e n g e n n r a g s t a e h e d
a n n e e r t ä n a h _
i c h n
s o n n t r i b u w e r l g i e g u ß b l ß t f t e
z e n e u d i c h ö e r n i m e t a h n e l t
r n e e r t t e s e n e n s l o s _
r h e r n u t e i s c f e n a l e e b e l l e
i s t i t e i b e r ä t e r t m t _ S t e l ö s
p o n
S t r e s c s t l h s c a f f l e i e B a u ä t z ä h
n o g l e n n t n m m e n t e r s t a m c k e n e t z n
t r a s s t e l e e n e t e n u z
e h m r e k a n t a m s r i
g a d e s r n e n i g t e r u g o z e t r n ä o s
u m f k e s o n i t ä s s t a s s t s
r m e s _ E h l t t u f g e n _ u z e n e
u ß b l e z i p u b i i n
f a n e a n i e n t e v e r i z e r
n i g n a d t s t a m
h l t g t t g l e
l i e _ e n t e
t ä h t h m e Z e n e n o e t r i n e d H o
a g W a p n a h _ r u d r k l u e n e E n _ h e i t
o n e l e s
e f ä d
s t ä d k o r s o e A k a e
ö s s s u n i e ß _ n u n e m m t a ü r g f e n
ä h k a n G e s e l t r u d k a m n n e n g e k
n d s s e r ö i e d r e n u
r o z n k e l t
r ä s d
S t r c e n e S c h e
b e s e h ö f n
e r s h s s t a ä n d i t g i M u s
n d u m m t n W e n t e
l t k i
m f a s e l e h l e t s s e n
h m e t w i c f n t e i n m f a
k r i g n a n s t e n i e ß _ h a u a s s
d e u n e _ n n a c r ä g r A k a f t e u t n
o s s a l l
e r k s ß b a _ E n w m _ a s s t e k e t z t s i s ä
S p i l
n s c l s t _ h u l u f a s e
l i k n n d u s a t e b l e n n e p p
e i z r a s s n l g K ö n g k e n f a s e n g
z t e ß b a
R a h e u d i e r r c u p t r i a r t i b e s ä
l t e t B ü l l s h u e l k e l e p u
u s p ü r ß b a i e d
r g e r l g ö f f
r h e K l ö t g e n n e b i t z t s t e t a a e
h m s _ e s t m l e i h f i e t _ n
l t k e _ E d t e n u A k a u t z s
a f f S t a t r o r ü n e z ö s c h t i s c l l
e k o m v e g s t r g H e a m m i e d t g e l l s i
e m r i e e o m e e P r ä i h l s c h e d l t k
p e e t e n P r o e a t c h a a t u
o n e P r o l l e s i s c h n h i a u f e K l
F a m l s t _ K u l u W e s e
i n d n m m t e n t s h m s _
h w e s s t a m l e i
e z i i e n t
u ß b e l e a t e t
n s e ß e _ r h e W a p e ä g e n
n t r n ö f f n i c e n t s e t K u l
K o ö s t r m m e n e i s n k a n u d e s G r ü
e r e t d e u r ö
ö s s t e z e c
k l u c k e n
c h i i s e
c h i n r a t t i e r
k l A u r o v K l o r w ä c h a t
i n i t k o m e H o c e e i i n e n s
c h i u ß b l f u
i c k e d e B r u e u t c g e e e d e c h t t
r r K ö z e l a
e r u g n t e t n i g e u f n s e l s
e c r m e s l i t
o m s a t e
p p e n e n s h w e s
b e s ä u s i e h o S p i l
b e k m e _ u t z l i e _ S c h o l n e i g e
k o m t f e n l v ö
s c h n i e l s g l e e r n h
B e t f i c h e n e E l o s g s t t t e
F a m l e l r u d t a a e
e r t t i r k
r o z p p e s m f a s p p l l e ü n d s r u d r
u t z t o c h c m m e d r w g e w h c k e s
e g r f a l l r s c n g e c a s s n p u d e u u
i n i s
r s B e i p e k a t i o t a d s t ä
H e r s a t z s e n t n g e e
S c h e u m f s ö l ä g e r ö f e n s c e i c h t
n d u g n d e t l o m r o z n a m t
l l s c h e n l s c a i k e s l i e t G e s l
i e l s n e _ n t r ä e i t e a d u n e
E n t n e n e
R e p B e z r t r a e e _ a z i ä h l s i t t
t u n
i t e e d i m s t ä n e b i e e g r c k l n s t e e
u e l e C o u t l ö s e
u d Q u e s i k r
w e r
e n _ n e t e s n i g n e r e n m m e n a n d
S t e l h n t t T e i n i n s t K ü t e n c h e d
s i d n l k e r i e e
w i c r l a e b e f P r ä o u n y
f e n l r i s t _ n
S t r i k e s u n g n P r o i
K u l u k ä h e a h m a
p o l k e u
e d e e r e n a c h i e ß t
g e g i i v i k e s G e b
c h t n S t r i n e t n s c l
t u r t a f e n e h e r u h e s t e t ü d e
n a l s i n e d o u n y r i S o m e
e l e s F a i r k i s e s
e n _ n V e r i
n ä i t g i n o m
o s t s c h l u s i m e t P e r o T e i n g e r e
e r t n k e l d d u n W e s e a i s r t z t e r e t
e n t m m e n
r o v d e m e i d e t e r n m e n t u
a t i n v ö l B e s
r m e s h ö f n l s p
S t e ß _ h n e d e p u e g l c e s e l i e l r a c h
h a u e m p u i t r o v n e i l t r B e s b l i Z e n r
m _ e f i d H o c u f g K l o
_ a n u m f r g a s s _ z e u f g n
i e b n
e s c k l e b s t r e k e s i a s s e h ö o l
a n s t a a
e h m _ a m m e h m e d n n t s G r ö l k
r k e n t e t r e k z e t k o m e
z e l a r ä s r ö f e o l n a c T r ä e
ä h m s r h e e k o m t a m e l a g l l s h
e r h i k e l t s z e c
n d e e i e l r r e e i r ü d e n a e n n
e i n t S t a t t e l e d e t
h l i k a d e t _ u g r e c V e r i h e i s
e r e t k a a u w
h s h w e s n a h t a n g s
a s s e c h a t u n d
s t _ n e l l n i s p m t _ i s c o l l s i
e f a i r k l ö s e U n i e w ä h
c k p e l e n u t z s
t _ a l f S t a f i e g r r s
o m m n
r l a K ö n g i n i e l l s h i c h
k a m n n e t
a n g h o f k e r t a m s n ä h i e t s
E i n a s e r k r i g c h n n u f n U n O r g n
h e i e P r ä o f k e n t e n s t t e ö s K l a
i e d t a a ä g t k r e d e u u
P r ä i m t e s c m i e e b s t ß b a l f u n e
l s c B a e n n e H ä l l ö a n d n n s t i c h s
S p i l e f u B e z i g s s c h ö
i l n h r l a P e p i a n d
m e s U n i e s t l e r w l l
e i s n B e i p
S p i l a t i
A u g l e ä n d n r u n i r a e
o n e A u s e t _
r h e B i s h
u n i n s r k e f i d e n n t a m e
F o l i v n t w c
w ä h s l f t n W e b i t r e k
t i o e e r w h r n i t y ä l f E i n ä i e t
d i e z e t i e d s G e b c h l s
s s _ e i l s e n e e i s n t u d
U n i e n e _ n o s s e r n m h m e s
f n e h e d i n d r u d r
e c k i e ß i t e g e s t e r w w i c l
i t ä ß t _
a l i z e s u r e n t l c
o m m H ä l u l e n a h n o l l s h
e r w n s ä A k a l l e
f n u w e k a d t e u l e n d e e u t z f a s
h t e t h e t n d u ß _ S c h ö
e u t n g e s t
e r w t a d t u n d n
g t e B a w i c o m m n o s t r e z i W a p ü b e n
c h a t ö n i r s o s s a u w g e n m
f t n i g t z t t B i n a l n i t e a
f e n l n i s p e e t r e
F a t r i r ä t g e R e u t z t e h n
R a h m m t m m t s
r n ä f a c h n n l e r s ä e b e t ä t n
c h e d e u u e h e d
ä t e s i d n a d e i i r a e i t h m e t
i n d s n i g e i t e t e h n e b e e B e i p ß e t a
ü d e n a n s h h l e
n i v r r s c
h i e t n i s t s _ a n n t
ß e t a t z t n
l i t i g e W a p e ß b a h e n r l a e
h l ö e s t t l e s
w i c ä n d n ü n s l n t l r u p e k t a m t h m e _
a n n e t a f h i e e n i s e
e l t r e i n s w e i a s s s f i n z ö n i
n s a n u t t r u n e d i e t K l a s k o m t m e _
T r u r u m
m e t l i c t i m m t r m e
t r a e i e l r B i m m s
e n s h ä n d s l i k n i d e t R e
r e e k i l o
u f g e i l e l o s e h m t i l i n h l o s S t
s o n ä l t e h t
l n d ä s i e r m i s s _ n E i m f
t _ a f i e g n i s e t g e r
e i r t ä n
r u n e e ß e t t r u s
h e t h t e t n d u g
P r ä i K o m o w ä h
h o k a n t u n d t a m d e r r i c k l e t i n s t
e k a n h m e s
u s p B e z r n g r w ä n r ü e r n h
e l s m m t g e g ü T e t z e t e r u r a t s i z
b i e
i f n i g t c h e n i e b s
u l t r e r s n K u l u i e n t m t e t
h u s e _ c h e d n u t t e p u l z i M i n g e h m n
e b s s c h i
h l e t g e n n
l s r ü d r n n t n H e O r g n l a s e s r l
v e r f K l o t m e i t l n e m
v ö l e p u
e s c l i n e d K a i
f t d e u e l e t a u w r i f n a h a u n s a z
r e i h a f t n g e e n
i l e k o m t i e ß _
a t u s s e _ M u s k
h m s _ n i m e r ö f
t w m e n a n a h s
m f a b e k F i r a t r s i i c h n
e r e d B e z i e b s t i t ä e
w i c l ö n i S t a f n a n t l s c
e w e g l h l o s c h ö e u t u G r ü d l i k n
s a t e s c h i P r o i s t a m
e b s t m e t H e s e h a f e h n t n r e i h
n a n i n z f g e t e i
e n n e c k e a t z s t g e r ö f f r a t s e i c n
u s i a a t z t g l i d h n t t m m _ ä h m s
l s c T r u p m t g r ü _ E i e n t n i g t
a l l p t e s g
a t e e c h n n
t r a e i l t u a t u e i r s o n n a l n
e g l K ü n K l a k a m n c k l s c h ö ä n
P o l t i f ß t e i n i s c o
g e s t a i e i c n i s t g e w h n a h s e s e
ü b e n S t e B e z i
e l t t h l e d
s t a d B a u e t e t s e g e i o e f i d
l u e n t n o m i s a
d e u u V e r ü b l i e e k e k a n k e l d a f
a m t u s z k l P o l t t r a
i g s e s i z o m e z e n m p e r e t a t u e
r r i
s z e c r i c t e b e u t t e t
i l o f i o n e e w ä e ß t a e l e s V e r a d e u u
e l l n ö l k u n g n a u f e B r i e g n
m m t ß e n a c h o n t e t
K l ö s i d e s t a r s o e i z e e r e t ä n s c h e
e l e t l f r e s u s i e e ß e d i v i r a e T r
t g e r
l o s w ä h t
h s c r s c i w ä h r ö t r
m e t d e t e r l g
o l e l t s c k e u b l r o z i r h u l n i i e ß
a u s i k ä C o i l n f i r u n e K a i u b
s e l l a g B ü r t r r ü n c k e s
i e g n r ä
r m e s s ä t s e t g
e _ a l e i e n n n h l t s l f t n a n n e
o l g r w ä s i B e i
v ö l e
e r k l a g s e u t n
t u n e c k n
t g l l g e r e ä n d s i r k s a h m
S t r c r ä g r t e i e l s c r n o m l i c e l t k
l i k n l t t k r r a l s p e
a n d w ä h e
e z i k
W a p e h ö f n S p i
n t r
l ö i z z e i
n u t i c k h i e i n i s
n u t e e n t o m H ä l t h w e z
l i c u p e f u e n n s
a u f b e f ä n n i v r
S p i l e l t l a t r i ü b e t e i c h w e f u d
a i s o l i
i l i n n e n s
e r a n t w u w ß b a l e n s h l a s h n o c h l a g s
n d e t C o u e s s n u d a t u e
o s s _ s e n u ß b
m i l e l e i h h l t n t a n g r ü d t z t n s z e c
c h o m m t i n e
h e t a u l s t l ö s e m p e z e c K ü
p i e
t r u r m a m m n h m e n
m e _ e w ä l f i m e t l a g n l n e m e r l g
e i s e r e i h K o m w i t e r i g t s t r u s
r u p m i l e e s s
e i c B a u e e i z r V e r r
ä h m t e i n n g s a l e r s t m e n a
r a t r ü n e r n ä m m m t t s o n n
e f u o s s a e d ä g e s u n t s
l e i ü n d n a n n e e n n t ä n d n d u n
u l e f a ß e _ m t e
e r l g
u t z t c h ö e i n z C o
i c h t e n t u P r d t t r u m e s e
a u f e i c h e i l n l t u e A u s n d u g
n e t z e t l l e r a g s k e l t
p i e k ä m s p o n k a d n d u i l n h m e n a s p i
a a P o S o m e
n u t e g r f e r e k o m t d e r ä l f u t z n m e _ u
ö f f E i n l o s e
g e g ü u r n z e c h s i e n e n o e d i i e l
n a l n o c l e i k a H ä
e t e t a a t s k ä m s ö s s s
S p i l a i e n a h t e e
r r ß _ n a l n r ü d r e w n a n t w ä h t
B i P o l t F o n t r P r ä
l g e e p d e s k r W a K ü n t l c s s t s
i c h n s s _ n i r a e ß e _ n
t r ä e n d g s
E i n ä g a n s
m m e n h l a n s
l i c t D e b s i e m _ n a c s z e l e
e t z e s s l l s
P r ä e t r n i u t z e z e i h n t l
u t K u h s c t e l e e n _ u z t e d e r u t z n
K l a n t w s e t t
F u a r t i A u s m m t B r ü a g u f g n r o t k r e
ä g e n r h l s c d i u t z t i z e s t a a c k
o m e G e s t u r n
n a h s e r k n
g e n n
e r t ä k e n t z e n e g e k K u l v e r P o l
h i e s
n i m
h e s g e r a c h
u n t s n t e v e r f
i n d s g s ö s s _ r a r e i e e d e t r e t c k e t
t _ a f r l a b e s ä D e h m t a
k e l d h e i e c p o n ä n w ä h s
t r u s v e r r ä g n t u r n
e s t h b e r l o s t
k o m e i t g l ö ü n d n i l n h
l l s l g e h m s _
B e z i r ö f e e k o i v e
h e s z e s k e
d i e t ü b e n o s s _ z t i n d n
l n e e b s t
n e n s
g e n m o m m n
ö f f n s ä t K o m o
n z r i e e C o
r e t u t z t t _ a f i d e t K ü n t i r n t y ß t
l e i e t i e r s
s t e s ä h l t ö l k n u n e
o m e r h e t e t
l n b i r m e s
g e n n R a F u ß f e n r ö f e h a f e F u
P a r e
l i t r n i m s i t w t r u s
u e l e
m _ a f f a s e l e t H e r s u ß b l
c h s e ß e t
t a m e g t
i m c h a s s i t ö f f e h v e r e
r i e e ä h l e o m m s t u o m m t
g l i d s z
i n z l a d t n e _ n
m p o c h a s O r g e r t t e i n t
h e i a e s t g r e r s n _ E n w l i c r s c a
v ö l e n u t
a s s n r h e r
n u i f f n
u ß b z i r l n a h m e t
t _ a f H ä l t e r n m z e t e r u g n d e
m i b e s ä e f a u s z m m e d u t z s
n u s e _ r s i z e n
r e i t y s
o m i n d t e b s e r D e u n n t n e g r n
s c h n
n a h _ z e n e o m m t n s c l i n E i n ä
n e s a h m t i r h l t t ä h l t f i n a d e i
B e v t e t s g r ü a m t t z e t F i n l i t k
g e s e h m t
ä t m m e s f n e m a i s k a m
s c h n z e n K ü n n i g t e s c l s s _
e n s h n s ä z
m m e n ä s
u p p R e r s c
l l s i e r s r e c e i c n h n e d
E i n r n e
e b e c k e r r
i n d e n _ u e i l n i e d s r a t s n u n ä
i e l s s t ä d K l ö f f n H e b i e e i t z ä t n t y
s s _ u t z n T e i n i s c o e d e n
f ä n e i k e
e r k s d e n i m m a e r t a h l e e r e d
f a s F o e e
o n e a n i a K a i e ß b a l e h e d
e h t S t e e c k n a l n n e n e t e r i c d t t
b e s a e g r n r e s e _ t e r
h m s _ v ö l e
m e s b i e n a n t k ä m s t u r n e n ö s t r n t l e
o l i n e h e r ö
g l i h V e r r g a n
z t e Q u e e r e e s e u e l e i n g
t ä t S t e t z e d
d t G e b o m m t m e i e h m _ d e r e n t u
e n u m t e a u t g l a a t
f u n e e i s e s z e c _ a a h m t
e l e t n t r i d e t e e f f e n e w ä l
k r i e r k s a h m a h e i
A k a e b e s e g l i h
W e K i n e s s e _ m i l c h l s i e l n O r i e l r
p e n k r h t e d S p i l k r i g w i h i e ü b e
T r u p c k e e b e
u p p s e t t n e _ i t e i g e
e i c e r a g s a s s s
c k e n a t e a p p
a n n s o n z e t e n i e ß n s e _ n s t t ä n z e n
a m m t e ß e t e s s n m t e t i e g n l l e l n d
s t u c h w n a c i e n e r ä s d r n o m
l e n o s s _ ü n d t k a d m _ a u t z e
n e t F o n t l c ä m e a c g e s h S p i l
h i e t t e l e e l l n E i
s t l r ä h n n r o v s s e d M e n v e k e l
f l h m e e l l
i t e a z e i ß e t a
P r o i f n e t k e b i t
A u f a v e r e o l i i w e r k e l t
i o n h e s
t e h n r u n ö s s s i s e i e l n
s o n l n e m o s t m m s f l a s s _ n
t u a s s t w e i n e t r i c n e s S c h ö
a m m e a a t r r i h t r e k ä t e h l h a f e v e r e
W e b O r g n e k i z e n n t l c
m e _ u f n e m i s t n n e d g l i P r ä i o n i
a n s h e f u d e u e r n m e h e t o n U n a m m n
m m e t K u l B r r s c a ä h n
s i d S o h l i r n a m i t g i
g e d e o f s ö f e r t t t l i S t a t ß e _
e n t t m s n n t
m e _
U n i e i c h t d e t t l l s i e k o m T r u e r n m
d e u m e n g e n m a h m e n e l e i
k l e t r u s
k ä m n s ä z e t _ l n e l a g n e i c t
p o n s u l t r S c h e i e b i n e f u r s t
t s m m e t i e d s o c h c r r s h o f s s t g t
i e g r ö f e g e g ü o c h c B e g e ß e t
E i n ä e r a u i f i r k n
i l o e i g e t n g e F a m l
f g m e _ u
h ö u p p k e r i e ß n i n z
u f g n h m s _ t a f e e ä h l t
i v e s
h t e e b e k n E i n a f t p u b i e r w h
h t e d d e t t r i f ü n d s l t e h m n s a z ü r g r
m m t s s c
m t _ u s c h ö l o s e D e u
s s e _
u n d i s t n m _ ß b a
o m e e ä s Q u t k i n e e s t h n e _ m f a n s
e r k n m m _ u n i s B r ü e ä h m n g l i d l s p e
P a r n i m
K l i s a i e r k s ä t e i z g e s h
t a m e
T e v e e u s t _ u a h m _ d e m r u p e
K ü w i h t e d t l e
K i k ä m ß e _ E i n s s _ n
e i z r o l i l t u s i e i o l s p e u m f s P r
ä h l s r k e g e t i
a l n t l c
b e k n e _ a f
h l t e h m s
i n e t h w e z
s e l t k B ü r e
e i c t s s t a
u d e m i s s e a
n t l o v i h l t t l l s u m f s h m _
i s e n o m m r w r r r t r g b e r i g r e
a h m a i n i t ä h l e e h n ä l l s i e r e o u e n o m
f t s e n a s _ e i s n c h w i s e s s t ä d
r ö f e h n t t n t e t
n n t t i e g e ß _ n
h t e d n u t e
h n u l t k i e r n m l k e u r r s e b i t
e s i z a t u e h i e t
e _ a f
B r ü ß _ a E i n ü b
h e i a
B e i e n e E
l t k k ä i e b s e n _ u r t e e
K i d i e e e r e t h m e s
u d e f a e n e n o m e s i z
H o c s l ö g l i
h ö n t r m e i t S o m t i
u m f u d i r o v
r g e m u f g l e r t e h t D e u k ä m s
i e ß i g t h m e a e g l i n d s
l a r n o l a g n
t i k n c h t n m m t i e l n
i v e W a s i d n L i t r m e n a u t p i e
_ a l n d e h m _ w i c l s t _ u h l i ß
i c h u t l e s K i l e i s n u t
h m e a f u n e e t z n e s
t _ u w e k u n g n ö s s n B r ü a u w
ä m e t t i k i e ß t e r k v e r b e f l o s t
ä g a d t r k e l i c e k a H ä l r a t t i s p e a u f e
r u d i d l n a
P e r o r u n t u e p u l F i g r i a n g c h a s r a
i e n n f l e v ö i c k e ä h m t
e t z n t ä n
l o o l i i r a ü r h n u l o s e
e u t c L i t r n i s e e r e n _ a e h e d
h ö f c k e e n s a r
o l g P r ß e s s s t a i l n h o m e s t _ u
c h ö e e i s i m m t a
z i l u P r o i r g a t z e n n t
ß b a l e r t ä b a n t e t e
h l e d ä h l t i e l r
a s s t n s ä z h w e s t r i W e s g e t i n d s m p o i
n e n e s e t t e f a d s ä t e
G r ü u l a l l p m m t s f g c k l n
n _ o l g u d e t a m e b e r a m m t B ü e _ l ö s e
e ß e _
n i s t p e n s t _ n r ü
o n i t h e i t i c k e _ a n b a R e p
o m m h l s ß e s _ e t _ u e c o c o v i z r g
s o z i r e o l g n
e t r r o v i s d e n
f t f i n e g s e r w u b e z i e d s
K i l ö l k r
e f ä m t e e t e n
t _ n n t n e i r t l o m t e i s
i e ß _ r o v n h o n u n e
g e n m t e t t
h m t i e t n
F a m l t u d e e e i s t
t l e K ö n l ö s e n _ u u s z b e s a e z i k
p i e n n t n
e g r f n e m B r ü i n e d
H o c s t ä t g s t r g a i h l o s t a b a l
S c u b l k S t a t S t r w ä e r k i l i
ü b k e l u m f s
h i e s e n a l l B e v g l e
e n o r l r e i n a c w e i c n p u b n ä h
e _ a n e n t z t t e k e e n t n a t i o n
u b l
m m a a t s t s c
a m s c k l e s o v i h l e d g l a u s e w ä l e z i
r n i g e t i
k r h a f e i t z s
t ä t m i p o n d i e s
ä n m t _ u e r r A u s F o l K a i n s c e
ö s s r z i r e h u l e ß t a k e r n n e _ n
n e h e h l t t f t e r ä h m s _ a n i a
n a c t a m t V e r k l e i e l t e h s s ä
o l i i f u l s n n t u e l e R a h e
ä h n e d u n
i e d r g e n n t t e l g e g i i c k e
m e i n n t t
l o m s e ß e t c h u e k ä s z e n o m p e n e h
a n g
l t k m m s _ r t n ä b e s a r ü n e l i c
ß b a l a a t n d i G e B e d e d e n s s t n
t y s i e d s s t l r H o i f
g l i d r ü n e _ n
t e r f e o m p e h s l s M u s r ü d r o s
i c h t ß e n a
l n d ß _ l o s t u f l T r u p
z e l u s i s e l s
e g l f e l B ü r e
f a n ä g C o o z e u p p
e z i Z e n t a f e a f f e n u
e g l t e h n m m a a t
f e n l a m m r ü n u f l g n n s
G r s c h f H ä l e s e z e r e n
h w e d t t i n i s t ö n i ü d e t k r
t a m e i l e B a f e s
e n a n m m t t
i r h l e r a t s e l t t
s t g ü r g r K l o t b e n _ l f z t e W e b B i s h
r a t t u s z i n t r m m e n a b e r e s s _ t l i h
e ß t i s a i e r s t t k r b s i e f i d
f l a e n i v B a u e l l c k a m n
b l i e e t z
d e m n t r n t e t s p e l e i d e s M i t
h l e b a h e i a s c h o
t e r t r r i e v ä t e
ä t e B i w e i e
ß e _ n l t k i
a u s f i l a s ü b e
d e r t s ä h n t
h i e t e d e n n ä h e
G e a t e e n t n B r a p p e ß e a n t y
r a g s t e i n u n t d i e n t r m r ä g r
n s a i r k s e i c t d u n W e b i g e d
S t e l a r t e t
e u t n e ß t z e i h ä t z n d e t t
a h m _ t r e ä n n a h e m m e s e r a u t k
i k e n e d e E n t i h n t s h t e w i c l
A k e l e n n t H o ö l k r d e m P r ä i s t _ u
e t e s r i e k e l d
r t e e m m e d p p e n u s t u e r ö T e i n s o n n
z e t W e s ä h l ö n i t u n e r e t
e r s b a b e f s i k
v e r f u n e a t l o k e n s t e t t
s t e e i s e s t l S t e l
e r e d a r t u t z s
c h n o n m m e n a c n a h t e b e e l i k V e r r r i
D e u s
e ß t a B i s h c h i n ä h m s v e r i e ß e d
p e r a t r h l t t ä s i n e t s i t s
p i e e n _ u t u g n n t n _ E t i
t _ a f e e i i
S t a f e n t t
r r i t r u K i l m g e e n e n u z r n o
K ö B r u e t w i k
e r t t e u t i k e n
s z e c n n t s H ä l g l i d K l o i c h u
r w ä g e w i d e o s s a w ä h K l o d u n e
r r i f s m t _ u h i e t e _ a f
i e n o s t g r ü d c h ö e i e d s s t _
a m t n u n e g e t i e ß e
c h a f f i e n n
n ä t a m c h n n e s c v ö l e p u b o s t
a f f l i c t ß b d e t n d e s r o z n e _ E t a n n e
t l e o u n t r n a l s s t g H e s u b l e l n B i s
a u w r e g r n i l n i m s
m e t a s e t t
m e t r s s e a m m n i c k l ß b a
l t e ä n d n p i T e n t r n n t y f e n
e h e t p p e s
R a h e n n t d i e e
n t e t ö f f a m s n t r n ä h n e l t t k e s
u p p n f f e t
K l o t a f e m e t r i e ß s i s e c h a s e r r c
d e m n i s t n e h e p o n m m t t t e r t u n d
D e u
f g e S t a t e z i k r ü
o m p n t t e l o m e c h o i r k r ä s d
n i m t n s a o z e B e v l n n s m i e
n d e e A k o l s e _ n e s e z k a n t n e n u t z t
t l i h r m e z e n l a g s i n z n
r n a ö s s r F i
h n t u n g
F o l l e i h e n e E a h m a g l i h
e s e f f e
ö n t r u s r h e
e ß t s a t a n i a e i r P e r i c h n t s c e
i e n t
u t u e i l e h m e _ ä h m e h s u n
K o k l
ä m e k e l t n e _ n
l o s e
i s e n ä s i s c h l
s i t t e r a u g r ü d
e s t m
K l o t
e i n t ö s s r
a t e d e e _ E o z g e s
B e t i m f r g a F a m l
t z t s u p p h n t s i t u s i e b e n _ e c
s t e e m f a s e h m s i o n n
r h e e s t h i e t n t u r t _ a
e b s r i e e K ü n z i e ß e
e t _ u i g e t s e K u p i e l u n n t l u n t i d e
e n u z h n u g E i o l e r w h
r n a m s i n s t
n n t t i r k n D e u f t e r t r n z e A u s i e n s
t e r t w i c e ä h n n a n o s s n
r a p i g e n m
r a t n n e h
n i m s M i u l e t e h
e z i k s t g ö l k ä h l t
o u n y e n s h
_ E C o a u e n a r l a e r u d r u n e t u e r r c
ü d e n r w ä
r m l e i h
t e s g r s o e s i t s t u d i n s t
e k a d u n V e r i o s s s
s t e e e i s e m m e t
s e l s z e i A u
l ö s n s c t t e z e l ß _ ä h l s d t t a h m n
l o m t r o z n o l g n
e m i n e g e f a n e m p a t e t r o v t e r t
l e s e i s e s t ä u e l e h a f e Q u e l e f ä d
u n t s i t z s a s s e k e l ä t e l l n e k B r
r w ä i n i e i c h e u m c h a l o s _ r ü n
e n _ k a d G e b e t _
a a t n i e r e c k e s
e _ E f l a ü b e z i S t a f a u w u ß b
K a m m t a s i t t T e i d e n s z e
t z t n h s c ß e n a g e g ü m m e i e ß n ä h m t
l k e u s z i e l l l o m t a c h e l i c g a G e s l
F o l F o l l e i h w ä h n u n a s s e
e i r ü s i d n m s t a
i n i e i s t
g e s h P r o h m _ u h i g e g i f f e t ö s t
e n d u ß b H o c s
e l s U n i e e r t n
a t z h e i e ä m e t
ö s s t n a e l s u l e r a t h n t t a n n
e r t ä i g r
e i s i c k l h m t a
E i n ä o v i z
n i m _ e l n c e n t t
r ü a g ß t s s e _ i z e e i s a g e B e t i
s i d n k o m s f f e a s s t
F i n l c h e d ß e n k o m e
u t s ä n d s w e r
h u m e n
k ä m s s t a d e z e c
n d e e l n e m e _ m t e t
s e _ t w i m m t s o v i r ä s
i z e m f a S o m e i n t e t z n
e u t t u l n e m o m p
e n _ n m e s r l a u w s e t r r i h
d e n e Q u e l l n k r g e n t
i e t s c h u e
V e r r r e i h s t l r
i e b n n e n
n t w
A u f a e r a B a u ä s g l i h l e i s ä t s o n
a i s v ö V e r i
t t e i e l r n n c k e e f u n m i l e
t e r c h w i ä l g a n R e p b B r G r ü d e n e t
S p i h e i n i s i s e n c h a t
i t z l i c e s s s p i l P a f n e
g e s n e s
v e r s p i l r o z
e r ö e w i c k e m e t a g t e
e n t u e r a i e t a n g s c h ö e h s z e l a m i l e
a t i e l e s a g e S c h o e h m s s z e c t e h n
o l i c h t u s z t r ä
t k r e e l l n i e n t g t e i e ß _
o c h c i e n t r u n
